#
# A fatal error has been detected by the Java Runtime Environment:
#
#  SIGSEGV (0xb) at pc=0x00007f26e3832118, pid=7335, tid=0x00007f26e4d38700
#
# JRE version: Java(TM) SE Runtime Environment (8.0_121-b13) (build 1.8.0_121-b13)
# Java VM: Java HotSpot(TM) 64-Bit Server VM (25.121-b13 mixed mode linux-amd64 compressed oops)
# Problematic frame:
# V  [libjvm.so+0x6e2118]  jni_GetStringUTFChars+0xb8
#
# Failed to write core dump. Core dumps have been disabled. To enable core dumping, try "ulimit -c unlimited" before starting Java again
#
# If you would like to submit a bug report, please visit:
#   http://bugreport.java.com/bugreport/crash.jsp
#

---------------  T H R E A D  ---------------

Current thread (0x00007f26dc010000):  JavaThread "main" [_thread_in_vm, id=7336, stack(0x00007f26e4c38000,0x00007f26e4d39000)]

siginfo: si_signo: 11 (SIGSEGV), si_code: 1 (SEGV_MAPERR), si_addr: 0x0000000000000000

Registers:
RAX=0x00007f26e4107550, RBX=0x0000000000000000, RCX=0x000000076abe72e8, RDX=0x00007f26e41159e0
RSP=0x00007f26e4d32a60, RBP=0x00007f26e4d32b00, RSI=0x00007f26dc010000, RDI=0x00007f26e4d32aa0
R8 =0x00007f26cd012c80, R9 =0x000000076abe72e8, R10=0x0000000000000272, R11=0x00007f26e41159e8
R12=0x00007f26dc010000, R13=0x0000000000000000, R14=0x00007f26e4d32bd8, R15=0x00007f26e4d32aa0
RIP=0x00007f26e3832118, EFLAGS=0x0000000000010246, CSGSFS=0x0000000000000033, ERR=0x0000000000000004
  TRAPNO=0x000000000000000e

Top of Stack: (sp=0x00007f26e4d32a60)
0x00007f26e4d32a60:   00007f26e4d32b28 0000000000000000
0x00007f26e4d32a70:   00007f26cd10b680 00007f26e4117800
0x00007f26e4d32a80:   00007f26e4d330f8 00007f26cd012c80
0x00007f26e4d32a90:   00000007765c8710 0000000050200030
0x00007f26e4d32aa0:   00007f26dc010000 0000000000000000
0x00007f26e4d32ab0:   00007f26cc800480 00007f26cd0082bd
0x00007f26e4d32ac0:   00007f26dc010000 00000007765c8710
0x00007f26e4d32ad0:   00007f26e4d32b70 00007f2677e361d0
0x00007f26e4d32ae0:   00007f26dd215678 0000000000000000
0x00007f26e4d32af0:   00007f26e4d32bd8 00007f26dc010000
0x00007f26e4d32b00:   00007f26dc0101f8 00007f2677b852b0
0x00007f26e4d32b10:   00007f26e4d32b70 00007f26cd0082bd
0x00007f26e4d32b20:   00007f2677e361d0 00007f26e4d32bb0
0x00007f26e4d32b30:   0000000000000000 00007f2677e361c8
0x00007f26e4d32b40:   00007f26e4d32bd8 00007f26cd0184cf
0x00007f26e4d32b50:   0000000000000000 00007f2677e45ae0
0x00007f26e4d32b60:   0000000000000000 000000076abe72e8
0x00007f26e4d32b70:   00007f26e4d32b60 0000000000000000
0x00007f26e4d32b80:   00007f26e4d32bd8 00007f2677e3cad8
0x00007f26e4d32b90:   0000000000000000 00007f2677e361d0
0x00007f26e4d32ba0:   0000000000000000 00007f26e4d32bd0
0x00007f26e4d32bb0:   00007f26e4d32c38 00007f26cd007dd0
0x00007f26e4d32bc0:   0000000000000000 00007f26cd011537
0x00007f26e4d32bd0:   0000000000000000 000000076abe72e8
0x00007f26e4d32be0:   00000007765c86b0 00000007765c8710
0x00007f26e4d32bf0:   000000076abe72e8 00007f26e4d32be8
0x00007f26e4d32c00:   00007f2677e39a95 00007f26e4d32c50
0x00007f26e4d32c10:   00007f2677e3c328 0000000000000000
0x00007f26e4d32c20:   00007f2677e39ae0 00007f26e4d32bd0
0x00007f26e4d32c30:   00007f26e4d32c48 00007f26e4d32c98
0x00007f26e4d32c40:   00007f26cd0082bd 00000007765c86b0
0x00007f26e4d32c50:   000000076abe72e8 00007f26e4d32c58 

Instructions: (pc=0x00007f26e3832118)
0x00007f26e38320f8:   84 24 70 02 00 00 06 00 00 00 4c 89 e6 4c 89 65
0x00007f26e3832108:   c0 4c 89 ff e8 1f 01 01 00 48 8b 05 18 d0 88 00
0x00007f26e3832118:   4c 8b 2b 8b 10 48 8b 05 44 fc 88 00 80 38 00 0f
0x00007f26e3832128:   84 2b 01 00 00 48 63 c2 41 8b 54 05 00 85 d2 0f 

Register to memory mapping:

RAX=0x00007f26e4107550: <offset 0xfb7550> in /usr/lib/jvm/java-8-oracle/jre/lib/amd64/server/libjvm.so at 0x00007f26e3150000
RBX=0x0000000000000000 is an unknown value
RCX=0x000000076abe72e8 is an oop
org.sqlite.NativeDB 
 - klass: 'org/sqlite/NativeDB'
RDX=0x00007f26e41159e0: <offset 0xfc59e0> in /usr/lib/jvm/java-8-oracle/jre/lib/amd64/server/libjvm.so at 0x00007f26e3150000
RSP=0x00007f26e4d32a60 is pointing into the stack for thread: 0x00007f26dc010000
RBP=0x00007f26e4d32b00 is pointing into the stack for thread: 0x00007f26dc010000
RSI=0x00007f26dc010000 is a thread
RDI=0x00007f26e4d32aa0 is pointing into the stack for thread: 0x00007f26dc010000
R8 =0x00007f26cd012c80 is at code_begin+0 in an Interpreter codelet
method entry point (kind = zerolocals)  [0x00007f26cd012c80, 0x00007f26cd013100]  1152 bytes
R9 =0x000000076abe72e8 is an oop
org.sqlite.NativeDB 
 - klass: 'org/sqlite/NativeDB'
R10=0x0000000000000272 is an unknown value
R11=0x00007f26e41159e8: <offset 0xfc59e8> in /usr/lib/jvm/java-8-oracle/jre/lib/amd64/server/libjvm.so at 0x00007f26e3150000
R12=0x00007f26dc010000 is a thread
R13=0x0000000000000000 is an unknown value
R14=0x00007f26e4d32bd8 is pointing into the stack for thread: 0x00007f26dc010000
R15=0x00007f26e4d32aa0 is pointing into the stack for thread: 0x00007f26dc010000


Stack: [0x00007f26e4c38000,0x00007f26e4d39000],  sp=0x00007f26e4d32a60,  free space=1002k
Native frames: (J=compiled Java code, j=interpreted, Vv=VM code, C=native code)
V  [libjvm.so+0x6e2118]  jni_GetStringUTFChars+0xb8
C  [sqlite-3.7.2-libsqlitejdbc.so+0xd2b0]  Java_org_sqlite_NativeDB_prepare+0x2f

Java frames: (J=compiled Java code, j=interpreted, Vv=VM code)
j  org.sqlite.NativeDB.prepare(Ljava/lang/String;)J+0
j  org.sqlite.DB.prepare(Lorg/sqlite/Stmt;)V+21
j  org.sqlite.PrepStmt.<init>(Lorg/sqlite/Conn;Ljava/lang/String;)V+15
j  org.sqlite.Conn.prepareStatement(Ljava/lang/String;III)Ljava/sql/PreparedStatement;+14
j  org.sqlite.Conn.prepareStatement(Ljava/lang/String;II)Ljava/sql/PreparedStatement;+5
j  org.sqlite.Conn.prepareStatement(Ljava/lang/String;)Ljava/sql/PreparedStatement;+8
v  ~StubRoutines::call_stub
J 1291  sun.reflect.NativeMethodAccessorImpl.invoke0(Ljava/lang/reflect/Method;Ljava/lang/Object;[Ljava/lang/Object;)Ljava/lang/Object; (0 bytes) @ 0x00007f26cd47b2f7 [0x00007f26cd47b280+0x77]
J 1290 C1 sun.reflect.NativeMethodAccessorImpl.invoke(Ljava/lang/Object;[Ljava/lang/Object;)Ljava/lang/Object; (104 bytes) @ 0x00007f26cd483e14 [0x00007f26cd482c40+0x11d4]
J 1282 C1 sun.reflect.DelegatingMethodAccessorImpl.invoke(Ljava/lang/Object;[Ljava/lang/Object;)Ljava/lang/Object; (10 bytes) @ 0x00007f26cd4770cc [0x00007f26cd476fc0+0x10c]
J 3669 C1 java.lang.reflect.Method.invoke(Ljava/lang/Object;[Ljava/lang/Object;)Ljava/lang/Object; (62 bytes) @ 0x00007f26cdac191c [0x00007f26cdac1520+0x3fc]
j  org.apache.tomcat.jdbc.pool.ProxyConnection.invoke(Ljava/lang/Object;Ljava/lang/reflect/Method;[Ljava/lang/Object;)Ljava/lang/Object;+237
j  org.apache.tomcat.jdbc.pool.JdbcInterceptor.invoke(Ljava/lang/Object;Ljava/lang/reflect/Method;[Ljava/lang/Object;)Ljava/lang/Object;+14
j  org.apache.tomcat.jdbc.pool.DisposableConnectionFacade.invoke(Ljava/lang/Object;Ljava/lang/reflect/Method;[Ljava/lang/Object;)Ljava/lang/Object;+93
j  com.sun.proxy.$Proxy83.prepareStatement(Ljava/lang/String;)Ljava/sql/PreparedStatement;+16
j  org.hibernate.engine.jdbc.internal.StatementPreparerImpl$1.doPrepare()Ljava/sql/PreparedStatement;+37
j  org.hibernate.engine.jdbc.internal.StatementPreparerImpl$StatementPreparationTemplate.prepareStatement()Ljava/sql/PreparedStatement;+45
j  org.hibernate.engine.jdbc.internal.StatementPreparerImpl.prepareStatement(Ljava/lang/String;)Ljava/sql/PreparedStatement;+6
j  org.hibernate.id.SequenceGenerator.generateHolder(Lorg/hibernate/engine/spi/SessionImplementor;)Lorg/hibernate/id/IntegralDataTypeHolder;+15
j  org.hibernate.id.SequenceHiLoGenerator$1.getNextValue()Lorg/hibernate/id/IntegralDataTypeHolder;+8
j  org.hibernate.id.enhanced.LegacyHiLoAlgorithmOptimizer.generate(Lorg/hibernate/id/enhanced/AccessCallback;)Ljava/io/Serializable;+25
j  org.hibernate.id.SequenceHiLoGenerator.generate(Lorg/hibernate/engine/spi/SessionImplementor;Ljava/lang/Object;)Ljava/io/Serializable;+53
j  org.hibernate.event.internal.AbstractSaveEventListener.saveWithGeneratedId(Ljava/lang/Object;Ljava/lang/String;Ljava/lang/Object;Lorg/hibernate/event/spi/EventSource;Z)Ljava/io/Serializable;+21
j  org.hibernate.jpa.event.internal.core.JpaPersistEventListener.saveWithGeneratedId(Ljava/lang/Object;Ljava/lang/String;Ljava/lang/Object;Lorg/hibernate/event/spi/EventSource;Z)Ljava/io/Serializable;+18
j  org.hibernate.event.internal.DefaultPersistEventListener.entityIsTransient(Lorg/hibernate/event/spi/PersistEvent;Ljava/util/Map;)V+55
j  org.hibernate.event.internal.DefaultPersistEventListener.onPersist(Lorg/hibernate/event/spi/PersistEvent;Ljava/util/Map;)V+324
j  org.hibernate.event.internal.DefaultPersistEventListener.onPersist(Lorg/hibernate/event/spi/PersistEvent;)V+11
j  org.hibernate.internal.SessionImpl.firePersist(Lorg/hibernate/event/spi/PersistEvent;)V+46
j  org.hibernate.internal.SessionImpl.persist(Ljava/lang/String;Ljava/lang/Object;)V+11
j  org.hibernate.internal.SessionImpl.persist(Ljava/lang/Object;)V+3
j  org.hibernate.jpa.spi.AbstractEntityManagerImpl.persist(Ljava/lang/Object;)V+9
v  ~StubRoutines::call_stub
J 1291  sun.reflect.NativeMethodAccessorImpl.invoke0(Ljava/lang/reflect/Method;Ljava/lang/Object;[Ljava/lang/Object;)Ljava/lang/Object; (0 bytes) @ 0x00007f26cd47b2f7 [0x00007f26cd47b280+0x77]
J 1290 C1 sun.reflect.NativeMethodAccessorImpl.invoke(Ljava/lang/Object;[Ljava/lang/Object;)Ljava/lang/Object; (104 bytes) @ 0x00007f26cd483e14 [0x00007f26cd482c40+0x11d4]
J 1282 C1 sun.reflect.DelegatingMethodAccessorImpl.invoke(Ljava/lang/Object;[Ljava/lang/Object;)Ljava/lang/Object; (10 bytes) @ 0x00007f26cd4770cc [0x00007f26cd476fc0+0x10c]
J 3669 C1 java.lang.reflect.Method.invoke(Ljava/lang/Object;[Ljava/lang/Object;)Ljava/lang/Object; (62 bytes) @ 0x00007f26cdac191c [0x00007f26cdac1520+0x3fc]
j  org.springframework.orm.jpa.SharedEntityManagerCreator$SharedEntityManagerInvocationHandler.invoke(Ljava/lang/Object;Ljava/lang/reflect/Method;[Ljava/lang/Object;)Ljava/lang/Object;+495
j  com.sun.proxy.$Proxy92.persist(Ljava/lang/Object;)V+16
j  org.springframework.data.jpa.repository.support.SimpleJpaRepository.save(Ljava/lang/Object;)Ljava/lang/Object;+18
v  ~StubRoutines::call_stub
J 1291  sun.reflect.NativeMethodAccessorImpl.invoke0(Ljava/lang/reflect/Method;Ljava/lang/Object;[Ljava/lang/Object;)Ljava/lang/Object; (0 bytes) @ 0x00007f26cd47b2f7 [0x00007f26cd47b280+0x77]
J 1290 C1 sun.reflect.NativeMethodAccessorImpl.invoke(Ljava/lang/Object;[Ljava/lang/Object;)Ljava/lang/Object; (104 bytes) @ 0x00007f26cd483e14 [0x00007f26cd482c40+0x11d4]
J 1282 C1 sun.reflect.DelegatingMethodAccessorImpl.invoke(Ljava/lang/Object;[Ljava/lang/Object;)Ljava/lang/Object; (10 bytes) @ 0x00007f26cd4770cc [0x00007f26cd476fc0+0x10c]
J 3669 C1 java.lang.reflect.Method.invoke(Ljava/lang/Object;[Ljava/lang/Object;)Ljava/lang/Object; (62 bytes) @ 0x00007f26cdac191c [0x00007f26cdac1520+0x3fc]
j  org.springframework.data.repository.core.support.RepositoryFactorySupport$QueryExecutorMethodInterceptor.executeMethodOn(Ljava/lang/Object;Ljava/lang/reflect/Method;[Ljava/lang/Object;)Ljava/lang/Object;+3
j  org.springframework.data.repository.core.support.RepositoryFactorySupport$QueryExecutorMethodInterceptor.doInvoke(Lorg/aopalliance/intercept/MethodInvocation;)Ljava/lang/Object;+94
j  org.springframework.data.repository.core.support.RepositoryFactorySupport$QueryExecutorMethodInterceptor.invoke(Lorg/aopalliance/intercept/MethodInvocation;)Ljava/lang/Object;+2
j  org.springframework.aop.framework.ReflectiveMethodInvocation.proceed()Ljava/lang/Object;+101
j  org.springframework.data.projection.DefaultMethodInvokingMethodInterceptor.invoke(Lorg/aopalliance/intercept/MethodInvocation;)Ljava/lang/Object;+15
j  org.springframework.aop.framework.ReflectiveMethodInvocation.proceed()Ljava/lang/Object;+101
j  org.springframework.transaction.interceptor.TransactionInterceptor$1.proceedWithInvocation()Ljava/lang/Object;+4
j  org.springframework.transaction.interceptor.TransactionAspectSupport.invokeWithinTransaction(Ljava/lang/reflect/Method;Ljava/lang/Class;Lorg/springframework/transaction/interceptor/TransactionAspectSupport$InvocationCallback;)Ljava/lang/Object;+60
j  org.springframework.transaction.interceptor.TransactionInterceptor.invoke(Lorg/aopalliance/intercept/MethodInvocation;)Ljava/lang/Object;+40
j  org.springframework.aop.framework.ReflectiveMethodInvocation.proceed()Ljava/lang/Object;+101
j  org.springframework.dao.support.PersistenceExceptionTranslationInterceptor.invoke(Lorg/aopalliance/intercept/MethodInvocation;)Ljava/lang/Object;+1
j  org.springframework.aop.framework.ReflectiveMethodInvocation.proceed()Ljava/lang/Object;+101
j  org.springframework.data.jpa.repository.support.CrudMethodMetadataPostProcessor$CrudMethodMetadataPopulatingMethodInterceptor.invoke(Lorg/aopalliance/intercept/MethodInvocation;)Ljava/lang/Object;+89
j  org.springframework.aop.framework.ReflectiveMethodInvocation.proceed()Ljava/lang/Object;+101
j  org.springframework.aop.interceptor.ExposeInvocationInterceptor.invoke(Lorg/aopalliance/intercept/MethodInvocation;)Ljava/lang/Object;+18
j  org.springframework.aop.framework.ReflectiveMethodInvocation.proceed()Ljava/lang/Object;+101
j  org.springframework.aop.framework.JdkDynamicAopProxy.invoke(Ljava/lang/Object;Ljava/lang/reflect/Method;[Ljava/lang/Object;)Ljava/lang/Object;+385
j  com.sun.proxy.$Proxy94.save(Ljava/lang/Object;)Ljava/lang/Object;+16
j  com.example.api.service.BookService.save(Lcom/example/entity/Book;)Lcom/example/entity/Book;+5
j  com.example.crudtest.CRUDTest.insertOperation()V+19
v  ~StubRoutines::call_stub
J 1291  sun.reflect.NativeMethodAccessorImpl.invoke0(Ljava/lang/reflect/Method;Ljava/lang/Object;[Ljava/lang/Object;)Ljava/lang/Object; (0 bytes) @ 0x00007f26cd47b2f7 [0x00007f26cd47b280+0x77]
J 1290 C1 sun.reflect.NativeMethodAccessorImpl.invoke(Ljava/lang/Object;[Ljava/lang/Object;)Ljava/lang/Object; (104 bytes) @ 0x00007f26cd483e14 [0x00007f26cd482c40+0x11d4]
J 1282 C1 sun.reflect.DelegatingMethodAccessorImpl.invoke(Ljava/lang/Object;[Ljava/lang/Object;)Ljava/lang/Object; (10 bytes) @ 0x00007f26cd4770cc [0x00007f26cd476fc0+0x10c]
J 3669 C1 java.lang.reflect.Method.invoke(Ljava/lang/Object;[Ljava/lang/Object;)Ljava/lang/Object; (62 bytes) @ 0x00007f26cdac191c [0x00007f26cdac1520+0x3fc]
j  org.testng.internal.MethodInvocationHelper.invokeMethod(Ljava/lang/reflect/Method;Ljava/lang/Object;[Ljava/lang/Object;)Ljava/lang/Object;+242
j  org.testng.internal.MethodInvocationHelper$1.runTestMethod(Lorg/testng/ITestResult;)V+12
j  org.springframework.test.context.testng.AbstractTestNGSpringContextTests.run(Lorg/testng/IHookCallBack;Lorg/testng/ITestResult;)V+2
v  ~StubRoutines::call_stub
J 1291  sun.reflect.NativeMethodAccessorImpl.invoke0(Ljava/lang/reflect/Method;Ljava/lang/Object;[Ljava/lang/Object;)Ljava/lang/Object; (0 bytes) @ 0x00007f26cd47b2f7 [0x00007f26cd47b280+0x77]
J 1290 C1 sun.reflect.NativeMethodAccessorImpl.invoke(Ljava/lang/Object;[Ljava/lang/Object;)Ljava/lang/Object; (104 bytes) @ 0x00007f26cd483e14 [0x00007f26cd482c40+0x11d4]
J 1282 C1 sun.reflect.DelegatingMethodAccessorImpl.invoke(Ljava/lang/Object;[Ljava/lang/Object;)Ljava/lang/Object; (10 bytes) @ 0x00007f26cd4770cc [0x00007f26cd476fc0+0x10c]
J 3669 C1 java.lang.reflect.Method.invoke(Ljava/lang/Object;[Ljava/lang/Object;)Ljava/lang/Object; (62 bytes) @ 0x00007f26cdac191c [0x00007f26cdac1520+0x3fc]
j  org.testng.internal.MethodInvocationHelper.invokeHookable(Ljava/lang/Object;[Ljava/lang/Object;Ljava/lang/Object;Ljava/lang/reflect/Method;Lorg/testng/internal/TestResult;)V+64
j  org.testng.internal.Invoker.invokeMethod([Ljava/lang/Object;ILorg/testng/ITestNGMethod;[Ljava/lang/Object;ILorg/testng/xml/XmlSuite;Ljava/util/Map;Lorg/testng/ITestClass;[Lorg/testng/ITestNGMethod;[Lorg/testng/ITestNGMethod;Lorg/testng/internal/ConfigurationGroupMethods;)Lorg/testng/ITestResult;+280
j  org.testng.internal.Invoker.invokeTestMethod([Ljava/lang/Object;Lorg/testng/ITestNGMethod;[Ljava/lang/Object;ILorg/testng/xml/XmlSuite;Ljava/util/Map;Lorg/testng/ITestClass;[Lorg/testng/ITestNGMethod;[Lorg/testng/ITestNGMethod;Lorg/testng/internal/ConfigurationGroupMethods;)Ljava/util/List;+46
j  org.testng.internal.Invoker.invokeTestMethods(Lorg/testng/ITestNGMethod;[Lorg/testng/ITestNGMethod;ILorg/testng/xml/XmlSuite;Ljava/util/Map;Lorg/testng/internal/ConfigurationGroupMethods;[Ljava/lang/Object;Lorg/testng/ITestContext;)Ljava/util/List;+705
j  org.testng.internal.TestMethodWorker.invokeTestMethods(Lorg/testng/ITestNGMethod;[Ljava/lang/Object;Lorg/testng/ITestContext;)V+32
j  org.testng.internal.TestMethodWorker.run()V+60
j  org.testng.TestRunner.privateRun(Lorg/testng/xml/XmlTest;)V+349
j  org.testng.TestRunner.run()V+26
j  org.testng.SuiteRunner.runTest(Lorg/testng/TestRunner;)V+1
j  org.testng.SuiteRunner.runSequentially()V+31
j  org.testng.SuiteRunner.privateRun()V+281
j  org.testng.SuiteRunner.run()V+6
j  org.testng.SuiteRunnerWorker.runSuite(Lorg/testng/internal/SuiteRunnerMap;Lorg/testng/xml/XmlSuite;)V+96
j  org.testng.SuiteRunnerWorker.run()V+12
j  org.testng.TestNG.runSuitesSequentially(Lorg/testng/xml/XmlSuite;Lorg/testng/internal/SuiteRunnerMap;ILjava/lang/String;)V+66
j  org.testng.TestNG.runSuitesLocally()Ljava/util/List;+117
j  org.testng.TestNG.run()V+77
j  org.testng.remote.AbstractRemoteTestNG.run()V+163
j  org.testng.remote.RemoteTestNG.initAndRun(Lorg/testng/remote/IRemoteTestNG;[Ljava/lang/String;Lorg/testng/CommandLineArgs;Lorg/testng/remote/RemoteArgs;)V+184
j  org.testng.remote.RemoteTestNG.main([Ljava/lang/String;)V+218
v  ~StubRoutines::call_stub

---------------  P R O C E S S  ---------------

Java Threads: ( => current thread )
  0x00007f26dd535800 JavaThread "http-nio-auto-1-44731-AsyncTimeout" daemon [_thread_blocked, id=7366, stack(0x00007f2676e73000,0x00007f2676f74000)]
  0x00007f26dd534000 JavaThread "http-nio-auto-1-Acceptor-0" daemon [_thread_in_native, id=7365, stack(0x00007f2676f74000,0x00007f2677075000)]
  0x00007f26dd531800 JavaThread "http-nio-auto-1-ClientPoller-1" daemon [_thread_in_native, id=7364, stack(0x00007f2677075000,0x00007f2677176000)]
  0x00007f26dd523800 JavaThread "http-nio-auto-1-ClientPoller-0" daemon [_thread_in_native, id=7363, stack(0x00007f2677176000,0x00007f2677277000)]
  0x00007f26dd511000 JavaThread "NioBlockingSelector.BlockPoller-1" daemon [_thread_in_native, id=7362, stack(0x00007f2677277000,0x00007f2677378000)]
  0x00007f26dd182000 JavaThread "Tomcat JDBC Pool Cleaner[865113938:1485186504995]" daemon [_thread_blocked, id=7361, stack(0x00007f26c40a1000,0x00007f26c41a2000)]
  0x00007f26dd061800 JavaThread "container-0" [_thread_blocked, id=7360, stack(0x00007f26c46d6000,0x00007f26c47d7000)]
  0x00007f26dd060800 JavaThread "ContainerBackgroundProcessor[StandardEngine[Tomcat]]" daemon [_thread_blocked, id=7359, stack(0x00007f26c47d7000,0x00007f26c48d8000)]
  0x00007f26801b4000 JavaThread "localhost-startStop-1" daemon [_thread_blocked, id=7358, stack(0x00007f26c45a2000,0x00007f26c46a3000)]
  0x00007f26dd05f800 JavaThread "Tomcat-startStop-1" daemon [_thread_blocked, id=7357, stack(0x00007f26c5796000,0x00007f26c5897000)]
  0x00007f26dc4aa800 JavaThread "ReaderThread" [_thread_in_native, id=7354, stack(0x00007f26c60a4000,0x00007f26c61a5000)]
  0x00007f26dc0d1000 JavaThread "Service Thread" daemon [_thread_blocked, id=7352, stack(0x00007f26c670b000,0x00007f26c680c000)]
  0x00007f26dc0c4000 JavaThread "C1 CompilerThread2" daemon [_thread_blocked, id=7351, stack(0x00007f26c680c000,0x00007f26c690d000)]
  0x00007f26dc0c2000 JavaThread "C2 CompilerThread1" daemon [_thread_in_native, id=7350, stack(0x00007f26c690d000,0x00007f26c6a0e000)]
  0x00007f26dc0bf000 JavaThread "C2 CompilerThread0" daemon [_thread_in_native, id=7349, stack(0x00007f26c6a0e000,0x00007f26c6b0f000)]
  0x00007f26dc0be000 JavaThread "Signal Dispatcher" daemon [_thread_blocked, id=7348, stack(0x00007f26c6b0f000,0x00007f26c6c10000)]
  0x00007f26dc08a000 JavaThread "Finalizer" daemon [_thread_blocked, id=7347, stack(0x00007f26c72f3000,0x00007f26c73f4000)]
  0x00007f26dc085800 JavaThread "Reference Handler" daemon [_thread_blocked, id=7346, stack(0x00007f26c73f4000,0x00007f26c74f5000)]
=>0x00007f26dc010000 JavaThread "main" [_thread_in_vm, id=7336, stack(0x00007f26e4c38000,0x00007f26e4d39000)]

Other Threads:
  0x00007f26dc07e000 VMThread [stack: 0x00007f26c74f5000,0x00007f26c75f6000] [id=7345]
  0x00007f26dc0dc000 WatcherThread [stack: 0x00007f26c660a000,0x00007f26c670b000] [id=7353]

VM state:not at safepoint (normal execution)

VM Mutex/Monitor currently owned by a thread: None

Heap:
 PSYoungGen      total 305664K, used 196324K [0x000000076ab00000, 0x0000000787680000, 0x00000007c0000000)
  eden space 262144K, 74% used [0x000000076ab00000,0x0000000776ab9050,0x000000077ab00000)
  from space 43520K, 0% used [0x000000077ab00000,0x000000077ab00000,0x000000077d580000)
  to   space 43520K, 0% used [0x0000000784c00000,0x0000000784c00000,0x0000000787680000)
 ParOldGen       total 714752K, used 22672K [0x00000006c0000000, 0x00000006eba00000, 0x000000076ab00000)
  object space 714752K, 3% used [0x00000006c0000000,0x00000006c16242b0,0x00000006eba00000)
 Metaspace       used 45122K, capacity 45560K, committed 45824K, reserved 1089536K
  class space    used 5900K, capacity 6029K, committed 6144K, reserved 1048576K

Card table byte_map: [0x00007f26e11f1000,0x00007f26e19f2000] byte_map_base: 0x00007f26ddbf1000

Marking Bits: (ParMarkBitMap*) 0x00007f26e4114c80
 Begin Bits: [0x00007f26b0000000, 0x00007f26b4000000)
 End Bits:   [0x00007f26b4000000, 0x00007f26b8000000)

Polling page: 0x00007f26e4d5e000

CodeCache: size=245760Kb used=12654Kb max_used=12737Kb free=233105Kb
 bounds [0x00007f26cd000000, 0x00007f26cdc80000, 0x00007f26dc000000]
 total_blobs=4057 nmethods=3586 adapters=384
 compilation: enabled

Compilation events (10 events):
Event: 15.140 Thread 0x00007f26dc0c4000 4127       2       java.util.Collections$EmptyList::iterator (4 bytes)
Event: 15.140 Thread 0x00007f26dc0c4000 nmethod 4127 0x00007f26cd4ce7d0 code [0x00007f26cd4ce920, 0x00007f26cd4cea70]
Event: 15.140 Thread 0x00007f26dc0c4000 4126       1       java.util.Collections$SingletonList::size (2 bytes)
Event: 15.140 Thread 0x00007f26dc0c4000 nmethod 4126 0x00007f26cd4dff10 code [0x00007f26cd4e0060, 0x00007f26cd4e0170]
Event: 15.141 Thread 0x00007f26dc0c4000 4128       1       org.testng.shaded.com.google.gson.reflect.TypeToken::hashCode (5 bytes)
Event: 15.141 Thread 0x00007f26dc0c4000 nmethod 4128 0x00007f26cd4ce510 code [0x00007f26cd4ce660, 0x00007f26cd4ce770]
Event: 15.141 Thread 0x00007f26dc0c4000 4129       2       java.io.BufferedWriter::ensureOpen (18 bytes)
Event: 15.142 Thread 0x00007f26dc0c4000 nmethod 4129 0x00007f26cd4ce0d0 code [0x00007f26cd4ce240, 0x00007f26cd4ce448]
Event: 15.153 Thread 0x00007f26dc0c4000 4130       2       org.hibernate.service.internal.ConcurrentServiceBinding::hashKey (5 bytes)
Event: 15.154 Thread 0x00007f26dc0c4000 nmethod 4130 0x00007f26cd627650 code [0x00007f26cd6277c0, 0x00007f26cd627928]

GC Heap History (10 events):
Event: 8.064 GC heap before
{Heap before GC invocations=1 (full 0):
 PSYoungGen      total 305664K, used 183647K [0x000000076ab00000, 0x0000000780000000, 0x00000007c0000000)
  eden space 262144K, 70% used [0x000000076ab00000,0x0000000775e57cf8,0x000000077ab00000)
  from space 43520K, 0% used [0x000000077d580000,0x000000077d580000,0x0000000780000000)
  to   space 43520K, 0% used [0x000000077ab00000,0x000000077ab00000,0x000000077d580000)
 ParOldGen       total 699392K, used 0K [0x00000006c0000000, 0x00000006eab00000, 0x000000076ab00000)
  object space 699392K, 0% used [0x00000006c0000000,0x00000006c0000000,0x00000006eab00000)
 Metaspace       used 21030K, capacity 21196K, committed 21296K, reserved 1069056K
  class space    used 2582K, capacity 2640K, committed 2688K, reserved 1048576K
Event: 8.117 GC heap after
Heap after GC invocations=1 (full 0):
 PSYoungGen      total 305664K, used 20895K [0x000000076ab00000, 0x0000000780000000, 0x00000007c0000000)
  eden space 262144K, 0% used [0x000000076ab00000,0x000000076ab00000,0x000000077ab00000)
  from space 43520K, 48% used [0x000000077ab00000,0x000000077bf67ca8,0x000000077d580000)
  to   space 43520K, 0% used [0x000000077d580000,0x000000077d580000,0x0000000780000000)
 ParOldGen       total 699392K, used 80K [0x00000006c0000000, 0x00000006eab00000, 0x000000076ab00000)
  object space 699392K, 0% used [0x00000006c0000000,0x00000006c0014010,0x00000006eab00000)
 Metaspace       used 21030K, capacity 21196K, committed 21296K, reserved 1069056K
  class space    used 2582K, capacity 2640K, committed 2688K, reserved 1048576K
}
Event: 8.117 GC heap before
{Heap before GC invocations=2 (full 1):
 PSYoungGen      total 305664K, used 20895K [0x000000076ab00000, 0x0000000780000000, 0x00000007c0000000)
  eden space 262144K, 0% used [0x000000076ab00000,0x000000076ab00000,0x000000077ab00000)
  from space 43520K, 48% used [0x000000077ab00000,0x000000077bf67ca8,0x000000077d580000)
  to   space 43520K, 0% used [0x000000077d580000,0x000000077d580000,0x0000000780000000)
 ParOldGen       total 699392K, used 80K [0x00000006c0000000, 0x00000006eab00000, 0x000000076ab00000)
  object space 699392K, 0% used [0x00000006c0000000,0x00000006c0014010,0x00000006eab00000)
 Metaspace       used 21030K, capacity 21196K, committed 21296K, reserved 1069056K
  class space    used 2582K, capacity 2640K, committed 2688K, reserved 1048576K
Event: 8.201 GC heap after
Heap after GC invocations=2 (full 1):
 PSYoungGen      total 305664K, used 0K [0x000000076ab00000, 0x0000000780000000, 0x00000007c0000000)
  eden space 262144K, 0% used [0x000000076ab00000,0x000000076ab00000,0x000000077ab00000)
  from space 43520K, 0% used [0x000000077ab00000,0x000000077ab00000,0x000000077d580000)
  to   space 43520K, 0% used [0x000000077d580000,0x000000077d580000,0x0000000780000000)
 ParOldGen       total 699392K, used 20059K [0x00000006c0000000, 0x00000006eab00000, 0x000000076ab00000)
  object space 699392K, 2% used [0x00000006c0000000,0x00000006c1396d20,0x00000006eab00000)
 Metaspace       used 21030K, capacity 21196K, committed 21296K, reserved 1069056K
  class space    used 2582K, capacity 2640K, committed 2688K, reserved 1048576K
}
Event: 11.373 GC heap before
{Heap before GC invocations=3 (full 1):
 PSYoungGen      total 305664K, used 262144K [0x000000076ab00000, 0x0000000780000000, 0x00000007c0000000)
  eden space 262144K, 100% used [0x000000076ab00000,0x000000077ab00000,0x000000077ab00000)
  from space 43520K, 0% used [0x000000077ab00000,0x000000077ab00000,0x000000077d580000)
  to   space 43520K, 0% used [0x000000077d580000,0x000000077d580000,0x0000000780000000)
 ParOldGen       total 699392K, used 20059K [0x00000006c0000000, 0x00000006eab00000, 0x000000076ab00000)
  object space 699392K, 2% used [0x00000006c0000000,0x00000006c1396d20,0x00000006eab00000)
 Metaspace       used 30422K, capacity 30722K, committed 31104K, reserved 1077248K
  class space    used 3768K, capacity 3860K, committed 3968K, reserved 1048576K
Event: 11.397 GC heap after
Heap after GC invocations=3 (full 1):
 PSYoungGen      total 305664K, used 17418K [0x000000076ab00000, 0x0000000786600000, 0x00000007c0000000)
  eden space 262144K, 0% used [0x000000076ab00000,0x000000076ab00000,0x000000077ab00000)
  from space 43520K, 40% used [0x000000077d580000,0x000000077e682a40,0x0000000780000000)
  to   space 43520K, 0% used [0x000000077ab00000,0x000000077ab00000,0x000000077d580000)
 ParOldGen       total 699392K, used 20067K [0x00000006c0000000, 0x00000006eab00000, 0x000000076ab00000)
  object space 699392K, 2% used [0x00000006c0000000,0x00000006c1398d20,0x00000006eab00000)
 Metaspace       used 30422K, capacity 30722K, committed 31104K, reserved 1077248K
  class space    used 3768K, capacity 3860K, committed 3968K, reserved 1048576K
}
Event: 12.908 GC heap before
{Heap before GC invocations=4 (full 1):
 PSYoungGen      total 305664K, used 122187K [0x000000076ab00000, 0x0000000786600000, 0x00000007c0000000)
  eden space 262144K, 39% used [0x000000076ab00000,0x00000007711504e0,0x000000077ab00000)
  from space 43520K, 40% used [0x000000077d580000,0x000000077e682a40,0x0000000780000000)
  to   space 43520K, 0% used [0x000000077ab00000,0x000000077ab00000,0x000000077d580000)
 ParOldGen       total 699392K, used 20067K [0x00000006c0000000, 0x00000006eab00000, 0x000000076ab00000)
  object space 699392K, 2% used [0x00000006c0000000,0x00000006c1398d20,0x00000006eab00000)
 Metaspace       used 35063K, capacity 35362K, committed 35496K, reserved 1081344K
  class space    used 4496K, capacity 4580K, committed 4608K, reserved 1048576K
Event: 12.928 GC heap after
Heap after GC invocations=4 (full 1):
 PSYoungGen      total 305664K, used 13567K [0x000000076ab00000, 0x0000000787680000, 0x00000007c0000000)
  eden space 262144K, 0% used [0x000000076ab00000,0x000000076ab00000,0x000000077ab00000)
  from space 43520K, 31% used [0x000000077ab00000,0x000000077b83ff60,0x000000077d580000)
  to   space 43520K, 0% used [0x0000000784c00000,0x0000000784c00000,0x0000000787680000)
 ParOldGen       total 699392K, used 20075K [0x00000006c0000000, 0x00000006eab00000, 0x000000076ab00000)
  object space 699392K, 2% used [0x00000006c0000000,0x00000006c139ad20,0x00000006eab00000)
 Metaspace       used 35063K, capacity 35362K, committed 35496K, reserved 1081344K
  class space    used 4496K, capacity 4580K, committed 4608K, reserved 1048576K
}
Event: 12.928 GC heap before
{Heap before GC invocations=5 (full 2):
 PSYoungGen      total 305664K, used 13567K [0x000000076ab00000, 0x0000000787680000, 0x00000007c0000000)
  eden space 262144K, 0% used [0x000000076ab00000,0x000000076ab00000,0x000000077ab00000)
  from space 43520K, 31% used [0x000000077ab00000,0x000000077b83ff60,0x000000077d580000)
  to   space 43520K, 0% used [0x0000000784c00000,0x0000000784c00000,0x0000000787680000)
 ParOldGen       total 699392K, used 20075K [0x00000006c0000000, 0x00000006eab00000, 0x000000076ab00000)
  object space 699392K, 2% used [0x00000006c0000000,0x00000006c139ad20,0x00000006eab00000)
 Metaspace       used 35063K, capacity 35362K, committed 35496K, reserved 1081344K
  class space    used 4496K, capacity 4580K, committed 4608K, reserved 1048576K
Event: 13.023 GC heap after
Heap after GC invocations=5 (full 2):
 PSYoungGen      total 305664K, used 0K [0x000000076ab00000, 0x0000000787680000, 0x00000007c0000000)
  eden space 262144K, 0% used [0x000000076ab00000,0x000000076ab00000,0x000000077ab00000)
  from space 43520K, 0% used [0x000000077ab00000,0x000000077ab00000,0x000000077d580000)
  to   space 43520K, 0% used [0x0000000784c00000,0x0000000784c00000,0x0000000787680000)
 ParOldGen       total 714752K, used 22672K [0x00000006c0000000, 0x00000006eba00000, 0x000000076ab00000)
  object space 714752K, 3% used [0x00000006c0000000,0x00000006c16242b0,0x00000006eba00000)
 Metaspace       used 35063K, capacity 35362K, committed 35496K, reserved 1081344K
  class space    used 4496K, capacity 4580K, committed 4608K, reserved 1048576K
}

Deoptimization events (10 events):
Event: 13.993 Thread 0x00007f26dc010000 Uncommon trap: reason=unstable_if action=reinterpret pc=0x00007f26cd37091c method=java.util.concurrent.ConcurrentHashMap.get(Ljava/lang/Object;)Ljava/lang/Object; @ 86
Event: 14.022 Thread 0x00007f26dc010000 Uncommon trap: reason=unstable_if action=reinterpret pc=0x00007f26cda767d0 method=java.util.WeakHashMap.put(Ljava/lang/Object;Ljava/lang/Object;)Ljava/lang/Object; @ 47
Event: 14.044 Thread 0x00007f26dc010000 Uncommon trap: reason=null_check action=make_not_entrant pc=0x00007f26cdb39588 method=org.springframework.core.annotation.AnnotatedElementUtils.searchWithGetSemanticsInAnnotations(Ljava/lang/reflect/AnnotatedElement;Ljava/util/List;Ljava/lang/Class;Ljava/
Event: 14.072 Thread 0x00007f26dc010000 Uncommon trap: reason=null_check action=make_not_entrant pc=0x00007f26cd750530 method=org.springframework.util.ClassUtils.isAssignable(Ljava/lang/Class;Ljava/lang/Class;)Z @ 14
Event: 14.098 Thread 0x00007f26dc010000 Uncommon trap: reason=unstable_if action=reinterpret pc=0x00007f26cd6aab3c method=java.lang.reflect.Proxy.isProxyClass(Ljava/lang/Class;)Z @ 16
Event: 14.323 Thread 0x00007f26dc010000 Uncommon trap: reason=class_check action=maybe_recompile pc=0x00007f26cd791e24 method=java.util.regex.Pattern$Curly.match(Ljava/util/regex/Matcher;ILjava/lang/CharSequence;)Z @ 19
Event: 14.343 Thread 0x00007f26dc010000 Uncommon trap: reason=unstable_if action=reinterpret pc=0x00007f26cdaac820 method=java.util.concurrent.ConcurrentHashMap.transfer([Ljava/util/concurrent/ConcurrentHashMap$Node;[Ljava/util/concurrent/ConcurrentHashMap$Node;)V @ 356
Event: 14.343 Thread 0x00007f26dc010000 Uncommon trap: reason=unstable_if action=reinterpret pc=0x00007f26cdaa6da0 method=java.util.concurrent.ConcurrentHashMap.transfer([Ljava/util/concurrent/ConcurrentHashMap$Node;[Ljava/util/concurrent/ConcurrentHashMap$Node;)V @ 356
Event: 14.902 Thread 0x00007f26dc010000 Uncommon trap: reason=unstable_if action=reinterpret pc=0x00007f26cdbaa01c method=java.lang.reflect.Modifier.toString(I)Ljava/lang/String; @ 123
Event: 15.046 Thread 0x00007f26dc010000 Uncommon trap: reason=unstable_if action=reinterpret pc=0x00007f26cdb73df4 method=org.springframework.util.ConcurrentReferenceHashMap$Segment.clear()V @ 4

Internal exceptions (10 events):
Event: 14.941 Thread 0x00007f26dc010000 Exception <a 'java/lang/ClassNotFoundException': org/springframework/boot/autoconfigure/web/WebClientAutoConfigurationCustomizer> (0x000000077515de20) thrown at [/HUDSON3/workspace/8-2-build-linux-amd64/jdk8u121/8372/hotspot/src/share/vm/classfile/systemD
Event: 14.942 Thread 0x00007f26dc010000 Exception <a 'java/lang/ClassNotFoundException': org/springframework/boot/autoconfigure/web/WebClientAutoConfiguration$$EnhancerBySpringCGLIB$$52d5929eCustomizer> (0x0000000775181718) thrown at [/HUDSON3/workspace/8-2-build-linux-amd64/jdk8u121/8372/hotsp
Event: 14.942 Thread 0x00007f26dc010000 Exception <a 'java/lang/ClassNotFoundException': org/springframework/context/annotation/ConfigurationClassEnhancer$EnhancedConfigurationCustomizer> (0x00000007751a5a50) thrown at [/HUDSON3/workspace/8-2-build-linux-amd64/jdk8u121/8372/hotspot/src/share/vm
Event: 15.126 Thread 0x00007f26dc010000 Exception <a 'java/lang/ClassNotFoundException': java/lang/ObjectCustomizer> (0x00000007760df5e0) thrown at [/HUDSON3/workspace/8-2-build-linux-amd64/jdk8u121/8372/hotspot/src/share/vm/classfile/systemDictionary.cpp, line 210]
Event: 15.127 Thread 0x00007f26dc010000 Exception <a 'java/lang/ClassNotFoundException': org/springframework/test/context/testng/AbstractTestNGSpringContextTestsCustomizer> (0x00000007760fd328) thrown at [/HUDSON3/workspace/8-2-build-linux-amd64/jdk8u121/8372/hotspot/src/share/vm/classfile/syst
Event: 15.128 Thread 0x00007f26dc010000 Exception <a 'java/lang/ClassNotFoundException': com/example/crudtest/CRUDTestCustomizer> (0x000000077610fef0) thrown at [/HUDSON3/workspace/8-2-build-linux-amd64/jdk8u121/8372/hotspot/src/share/vm/classfile/systemDictionary.cpp, line 210]
Event: 15.128 Thread 0x00007f26dc010000 Exception <a 'java/lang/ClassNotFoundException': org/testng/IHookableCustomizer> (0x0000000776120918) thrown at [/HUDSON3/workspace/8-2-build-linux-amd64/jdk8u121/8372/hotspot/src/share/vm/classfile/systemDictionary.cpp, line 210]
Event: 15.129 Thread 0x00007f26dc010000 Exception <a 'java/lang/ClassNotFoundException': org/springframework/context/ApplicationContextAwareCustomizer> (0x00000007763c61a8) thrown at [/HUDSON3/workspace/8-2-build-linux-amd64/jdk8u121/8372/hotspot/src/share/vm/classfile/systemDictionary.cpp, lin
Event: 15.156 Thread 0x00007f26dc010000 Exception <a 'java/lang/ClassNotFoundException': java/lang/ObjectCustomizer> (0x000000077654f7f8) thrown at [/HUDSON3/workspace/8-2-build-linux-amd64/jdk8u121/8372/hotspot/src/share/vm/classfile/systemDictionary.cpp, line 210]
Event: 15.157 Thread 0x00007f26dc010000 Exception <a 'java/lang/ClassNotFoundException': com/example/entity/BookCustomizer> (0x0000000776562188) thrown at [/HUDSON3/workspace/8-2-build-linux-amd64/jdk8u121/8372/hotspot/src/share/vm/classfile/systemDictionary.cpp, line 210]

Events (10 events):
Event: 15.164 loading class org/hibernate/engine/jdbc/internal/FormatStyle
Event: 15.164 loading class org/hibernate/engine/jdbc/internal/FormatStyle done
Event: 15.164 loading class org/hibernate/engine/jdbc/internal/Formatter
Event: 15.164 loading class org/hibernate/engine/jdbc/internal/Formatter done
Event: 15.165 loading class org/hibernate/engine/jdbc/internal/BasicFormatterImpl
Event: 15.165 loading class org/hibernate/engine/jdbc/internal/BasicFormatterImpl done
Event: 15.165 loading class org/hibernate/engine/jdbc/internal/DDLFormatterImpl
Event: 15.165 loading class org/hibernate/engine/jdbc/internal/DDLFormatterImpl done
Event: 15.165 loading class org/hibernate/engine/jdbc/internal/FormatStyle$NoFormatImpl
Event: 15.165 loading class org/hibernate/engine/jdbc/internal/FormatStyle$NoFormatImpl done


Dynamic libraries:
00400000-00401000 r-xp 00000000 08:03 3554757                            /usr/lib/jvm/java-8-oracle/bin/java
00600000-00601000 rw-p 00000000 08:03 3554757                            /usr/lib/jvm/java-8-oracle/bin/java
021f7000-02218000 rw-p 00000000 00:00 0                                  [heap]
6c0000000-6eba00000 rw-p 00000000 00:00 0 
6eba00000-76ab00000 ---p 00000000 00:00 0 
76ab00000-787680000 rw-p 00000000 00:00 0 
787680000-7c0000000 ---p 00000000 00:00 0 
7c0000000-7c0600000 rw-p 00000000 00:00 0 
7c0600000-800000000 ---p 00000000 00:00 0 
7f2658000000-7f2658021000 rw-p 00000000 00:00 0 
7f2658021000-7f265c000000 ---p 00000000 00:00 0 
7f2660000000-7f2660021000 rw-p 00000000 00:00 0 
7f2660021000-7f2664000000 ---p 00000000 00:00 0 
7f2664000000-7f2664021000 rw-p 00000000 00:00 0 
7f2664021000-7f2668000000 ---p 00000000 00:00 0 
7f2668000000-7f2668021000 rw-p 00000000 00:00 0 
7f2668021000-7f266c000000 ---p 00000000 00:00 0 
7f266c000000-7f266c021000 rw-p 00000000 00:00 0 
7f266c021000-7f2670000000 ---p 00000000 00:00 0 
7f2670000000-7f2670021000 rw-p 00000000 00:00 0 
7f2670021000-7f2674000000 ---p 00000000 00:00 0 
7f2676e73000-7f2676e76000 ---p 00000000 00:00 0 
7f2676e76000-7f2676f74000 rw-p 00000000 00:00 0                          [stack:7366]
7f2676f74000-7f2676f77000 ---p 00000000 00:00 0 
7f2676f77000-7f2677075000 rw-p 00000000 00:00 0                          [stack:7365]
7f2677075000-7f2677078000 ---p 00000000 00:00 0 
7f2677078000-7f2677176000 rw-p 00000000 00:00 0                          [stack:7364]
7f2677176000-7f2677179000 ---p 00000000 00:00 0 
7f2677179000-7f2677277000 rw-p 00000000 00:00 0                          [stack:7363]
7f2677277000-7f267727a000 ---p 00000000 00:00 0 
7f267727a000-7f2677438000 rw-p 00000000 00:00 0                          [stack:7362]
7f2677438000-7f2677578000 ---p 00000000 00:00 0 
7f2677578000-7f2677778000 rw-p 00000000 00:00 0 
7f2677778000-7f2677978000 rw-p 00000000 00:00 0 
7f2677978000-7f2677b78000 rw-p 00000000 00:00 0 
7f2677b78000-7f2677bfc000 r-xp 00000000 08:03 5917606                    /tmp/sqlite-3.7.2-libsqlitejdbc.so
7f2677bfc000-7f2677dfc000 ---p 00084000 08:03 5917606                    /tmp/sqlite-3.7.2-libsqlitejdbc.so
7f2677dfc000-7f2677dfd000 r--p 00084000 08:03 5917606                    /tmp/sqlite-3.7.2-libsqlitejdbc.so
7f2677dfd000-7f2677e00000 rw-p 00085000 08:03 5917606                    /tmp/sqlite-3.7.2-libsqlitejdbc.so
7f2677e00000-7f2678000000 rw-p 00000000 00:00 0 
7f2678000000-7f2678021000 rw-p 00000000 00:00 0 
7f2678021000-7f267c000000 ---p 00000000 00:00 0 
7f267c000000-7f267c021000 rw-p 00000000 00:00 0 
7f267c021000-7f2680000000 ---p 00000000 00:00 0 
7f2680000000-7f26801d0000 rw-p 00000000 00:00 0 
7f26801d0000-7f2684000000 ---p 00000000 00:00 0 
7f2684000000-7f26841bd000 rw-p 00000000 00:00 0 
7f26841bd000-7f2688000000 ---p 00000000 00:00 0 
7f2688000000-7f2688021000 rw-p 00000000 00:00 0 
7f2688021000-7f268c000000 ---p 00000000 00:00 0 
7f268c000000-7f268c021000 rw-p 00000000 00:00 0 
7f268c021000-7f2690000000 ---p 00000000 00:00 0 
7f2690000000-7f2690e34000 rw-p 00000000 00:00 0 
7f2690e34000-7f2694000000 ---p 00000000 00:00 0 
7f2694000000-7f2694021000 rw-p 00000000 00:00 0 
7f2694021000-7f2698000000 ---p 00000000 00:00 0 
7f2698000000-7f269a157000 rw-p 00000000 00:00 0 
7f269a157000-7f269c000000 ---p 00000000 00:00 0 
7f269c000000-7f269d88c000 rw-p 00000000 00:00 0 
7f269d88c000-7f26a0000000 ---p 00000000 00:00 0 
7f26a0000000-7f26a0021000 rw-p 00000000 00:00 0 
7f26a0021000-7f26a4000000 ---p 00000000 00:00 0 
7f26a4000000-7f26a4021000 rw-p 00000000 00:00 0 
7f26a4021000-7f26a8000000 ---p 00000000 00:00 0 
7f26a8000000-7f26a80cb000 rw-p 00000000 00:00 0 
7f26a80cb000-7f26ac000000 ---p 00000000 00:00 0 
7f26ac000000-7f26ac021000 rw-p 00000000 00:00 0 
7f26ac021000-7f26b0000000 ---p 00000000 00:00 0 
7f26b0000000-7f26b8000000 rw-p 00000000 00:00 0 
7f26b8000000-7f26b8021000 rw-p 00000000 00:00 0 
7f26b8021000-7f26bc000000 ---p 00000000 00:00 0 
7f26bc000000-7f26bc021000 rw-p 00000000 00:00 0 
7f26bc021000-7f26c0000000 ---p 00000000 00:00 0 
7f26c0000000-7f26c0021000 rw-p 00000000 00:00 0 
7f26c0021000-7f26c4000000 ---p 00000000 00:00 0 
7f26c40a1000-7f26c40a4000 ---p 00000000 00:00 0 
7f26c40a4000-7f26c43a2000 rw-p 00000000 00:00 0                          [stack:7361]
7f26c43a2000-7f26c45a2000 rw-p 00000000 00:00 0 
7f26c45a2000-7f26c45a5000 ---p 00000000 00:00 0 
7f26c45a5000-7f26c46a3000 rw-p 00000000 00:00 0                          [stack:7358]
7f26c46d5000-7f26c46d6000 rw-p 00000000 00:00 0 
7f26c46d6000-7f26c46d9000 ---p 00000000 00:00 0 
7f26c46d9000-7f26c47d7000 rw-p 00000000 00:00 0                          [stack:7360]
7f26c47d7000-7f26c47da000 ---p 00000000 00:00 0 
7f26c47da000-7f26c4ad8000 rw-p 00000000 00:00 0                          [stack:7359]
7f26c4ad8000-7f26c4aeb000 r--s 00345000 08:03 3569668                    /usr/lib/jvm/java-8-oracle/jre/lib/resources.jar
7f26c4aeb000-7f26c4ceb000 rw-p 00000000 00:00 0 
7f26c4ceb000-7f26c4eeb000 rw-p 00000000 00:00 0 
7f26c4eeb000-7f26c4f80000 r--s 01109000 08:03 3569596                    /usr/lib/jvm/java-8-oracle/jre/lib/ext/jfxrt.jar
7f26c4f80000-7f26c5180000 rw-p 00000000 00:00 0 
7f26c5180000-7f26c5191000 r-xp 00000000 08:03 4870868                    /usr/lib/jvm/java-8-oracle/jre/lib/amd64/libnio.so
7f26c5191000-7f26c5390000 ---p 00011000 08:03 4870868                    /usr/lib/jvm/java-8-oracle/jre/lib/amd64/libnio.so
7f26c5390000-7f26c5391000 rw-p 00010000 08:03 4870868                    /usr/lib/jvm/java-8-oracle/jre/lib/amd64/libnio.so
7f26c5391000-7f26c5591000 rw-p 00000000 00:00 0 
7f26c5591000-7f26c5596000 r--s 002f9000 08:03 3569547                    /usr/lib/jvm/java-8-oracle/jre/lib/charsets.jar
7f26c5596000-7f26c5796000 rw-p 00000000 00:00 0 
7f26c5796000-7f26c5799000 ---p 00000000 00:00 0 
7f26c5799000-7f26c5897000 rw-p 00000000 00:00 0                          [stack:7357]
7f26c5897000-7f26c58a0000 r-xp 00000000 08:03 4870832                    /usr/lib/jvm/java-8-oracle/jre/lib/amd64/libmanagement.so
7f26c58a0000-7f26c5a9f000 ---p 00009000 08:03 4870832                    /usr/lib/jvm/java-8-oracle/jre/lib/amd64/libmanagement.so
7f26c5a9f000-7f26c5aa0000 rw-p 00008000 08:03 4870832                    /usr/lib/jvm/java-8-oracle/jre/lib/amd64/libmanagement.so
7f26c5aa0000-7f26c5ca0000 rw-p 00000000 00:00 0 
7f26c5ca0000-7f26c5ea0000 rw-p 00000000 00:00 0 
7f26c5ea0000-7f26c60a0000 rw-p 00000000 00:00 0 
7f26c60a0000-7f26c60a4000 r--s 0009a000 08:03 3569602                    /usr/lib/jvm/java-8-oracle/jre/lib/jsse.jar
7f26c60a4000-7f26c60a7000 ---p 00000000 00:00 0 
7f26c60a7000-7f26c61a5000 rw-p 00000000 00:00 0                          [stack:7354]
7f26c61a5000-7f26c61bb000 r-xp 00000000 08:03 4870893                    /usr/lib/jvm/java-8-oracle/jre/lib/amd64/libnet.so
7f26c61bb000-7f26c63bb000 ---p 00016000 08:03 4870893                    /usr/lib/jvm/java-8-oracle/jre/lib/amd64/libnet.so
7f26c63bb000-7f26c63bc000 rw-p 00016000 08:03 4870893                    /usr/lib/jvm/java-8-oracle/jre/lib/amd64/libnet.so
7f26c63bc000-7f26c63bd000 r--s 0000c000 08:03 5916924                    /home/sharmila/.gradle/caches/modules-2/files-2.1/org.ow2.asm/asm/5.0.3/dcc2193db20e19e1feca8b1240dbbc4e190824fa/asm-5.0.3.jar
7f26c63bd000-7f26c63c7000 r--s 00069000 08:03 5923589                    /home/sharmila/.gradle/caches/modules-2/files-2.1/ch.qos.logback/logback-core/1.1.8/b4d1c3dea91727faf8b3d19cf4b9b972d6c0b89/logback-core-1.1.8.jar
7f26c63c7000-7f26c63c9000 r--s 00012000 08:03 5916922                    /home/sharmila/.gradle/caches/modules-2/files-2.1/net.minidev/accessors-smart/1.1/a527213f2fea112a04c9bdf0ec0264e34104cd08/accessors-smart-1.1.jar
7f26c63c9000-7f26c63cb000 r--s 00009000 08:03 5923902                    /home/sharmila/.gradle/caches/modules-2/files-2.1/org.apache.tomcat/tomcat-juli/8.5.6/83d2d1e3362ecca504f3bf8ed1bc4cc451754d24/tomcat-juli-8.5.6.jar
7f26c63cb000-7f26c63d4000 r--s 0002d000 08:03 5923903                    /home/sharmila/.gradle/caches/modules-2/files-2.1/xml-apis/xml-apis/1.4.01/3789d9fada2d3d458c4ba2de349d48780f381ee3/xml-apis-1.4.01.jar
7f26c63d4000-7f26c63d6000 r--s 00004000 08:03 5923588                    /home/sharmila/.gradle/caches/modules-2/files-2.1/org.slf4j/log4j-over-slf4j/1.7.22/a527c37e9ca6c3d19ba298edd4aa344ca751a203/log4j-over-slf4j-1.7.22.jar
7f26c63d6000-7f26c63d8000 r--s 00000000 08:03 5923587                    /home/sharmila/.gradle/caches/modules-2/files-2.1/org.slf4j/jul-to-slf4j/1.7.22/b0429e950b3d2bc2c39c1bacafac753edbe3781c/jul-to-slf4j-1.7.22.jar
7f26c63d8000-7f26c63de000 r--s 00045000 08:03 5923585                    /home/sharmila/.gradle/caches/modules-2/files-2.1/ch.qos.logback/logback-classic/1.1.8/e54f49a227611976642f81cf2106b81c1ece8bf5/logback-classic-1.1.8.jar
7f26c63de000-7f26c63df000 r--s 0000f000 08:03 5916909                    /home/sharmila/.gradle/caches/modules-2/files-2.1/org.json/json/20140107/d1ffca6e2482b002702c6a576166fd685e3370e3/json-20140107.jar
7f26c63df000-7f26c63e1000 r--s 00009000 08:03 5916921                    /home/sharmila/.gradle/caches/modules-2/files-2.1/org.objenesis/objenesis/2.1/87c0ea803b69252868d09308b4618f766f135a96/objenesis-2.1.jar
7f26c63e1000-7f26c63e4000 r--s 0001b000 08:03 5916920                    /home/sharmila/.gradle/caches/modules-2/files-2.1/net.minidev/json-smart/2.2.1/5b9e5df7a62d1279b70dc882b041d249c4f0b002/json-smart-2.2.1.jar
7f26c63e4000-7f26c63e6000 r--s 00003000 08:03 5923586                    /home/sharmila/.gradle/caches/modules-2/files-2.1/org.slf4j/jcl-over-slf4j/1.7.22/86ceac14535af5a42c8fb0d06d79b925dd3cb263/jcl-over-slf4j-1.7.22.jar
7f26c63e6000-7f26c63e8000 r--s 00009000 08:03 5923584                    /home/sharmila/.gradle/caches/modules-2/files-2.1/org.slf4j/slf4j-api/1.7.22/a1c83373863cec7ae8d89dc1c5722d8cb6ec0309/slf4j-api-1.7.22.jar
7f26c63e8000-7f26c63f0000 r--s 0003a000 08:03 5923901                    /home/sharmila/.gradle/caches/modules-2/files-2.1/org.springframework/spring-tx/4.3.5.RELEASE/296d8ae21fadc0f115dae7d1e8d5c4f8c7de2c3e/spring-tx-4.3.5.RELEASE.jar
7f26c63f0000-7f26c63fa000 r--s 0006b000 08:03 5923900                    /home/sharmila/.gradle/caches/modules-2/files-2.1/org.springframework/spring-orm/4.3.5.RELEASE/64c29d310b69bcc6e1fd5a738fa3629bdedb2d3f/spring-orm-4.3.5.RELEASE.jar
7f26c63fa000-7f26c640a000 r--s 0009a000 08:03 5923899                    /home/sharmila/.gradle/caches/modules-2/files-2.1/org.springframework.data/spring-data-commons/1.12.6.RELEASE/b6403dcfce33e89613f364d80d653d7540279c47/spring-data-commons-1.12.6.RELEASE.jar
7f26c640a000-7f26c6414000 r--s 0005f000 08:03 5923898                    /home/sharmila/.gradle/caches/modules-2/files-2.1/org.springframework/spring-jdbc/4.3.5.RELEASE/7c09e38b6f6e0b178973dea06bb8fdc6d19aa596/spring-jdbc-4.3.5.RELEASE.jar
7f26c6414000-7f26c6417000 r--s 00020000 08:03 5923897                    /home/sharmila/.gradle/caches/modules-2/files-2.1/org.apache.tomcat/tomcat-jdbc/8.5.6/feb10a9e22f70565c7556f327b0481dba8587bbc/tomcat-jdbc-8.5.6.jar
7f26c6417000-7f26c6430000 r--s 001af000 08:03 5923896                    /home/sharmila/.gradle/caches/modules-2/files-2.1/org.aspectj/aspectjweaver/1.8.9/db28774f477f07220eac18d5ec9c4e01f48589d7/aspectjweaver-1.8.9.jar
7f26c6430000-7f26c6433000 r--s 00010000 08:03 5923833                    /home/sharmila/.gradle/caches/modules-2/files-2.1/org.hibernate.common/hibernate-commons-annotations/5.0.1.Final/71e1cff3fcb20d3b3af4f3363c3ddb24d33c6879/hibernate-commons-annotations-5.0.1.Final.jar
7f26c6433000-7f26c6438000 r--s 00048000 08:03 5923832                    /home/sharmila/.gradle/caches/modules-2/files-2.1/dom4j/dom4j/1.6.1/5d3ccc056b6f056dbf0dddfdf43894b9065a8f94/dom4j-1.6.1.jar
7f26c6438000-7f26c643b000 r--s 0002b000 08:03 5923433                    /home/sharmila/.gradle/caches/modules-2/files-2.1/org.jboss/jandex/2.0.0.Final/3e899258936f94649c777193e1be846387ed54b3/jandex-2.0.0.Final.jar
7f26c643b000-7f26c643c000 r--s 00003000 08:03 5923830                    /home/sharmila/.gradle/caches/modules-2/files-2.1/org.apache.geronimo.specs/geronimo-jta_1.1_spec/1.1.1/aabab3165b8ea936b9360abbf448459c0d04a5a4/geronimo-jta_1.1_spec-1.1.1.jar
7f26c643c000-7f26c6441000 r--s 00068000 08:03 5923829                    /home/sharmila/.gradle/caches/modules-2/files-2.1/antlr/antlr/2.7.7/83cd2cd674a217ade95a4bb83a8a14f351f48bd0/antlr-2.7.7.jar
7f26c6441000-7f26c6446000 r--s 0003c000 08:03 5923583                    /home/sharmila/.gradle/caches/modules-2/files-2.1/org.springframework/spring-expression/4.3.5.RELEASE/3689dc6c5b942ecde4122eac889ed87977d6f287/spring-expression-4.3.5.RELEASE.jar
7f26c6446000-7f26c6460000 r--s 000fc000 08:03 5923582                    /home/sharmila/.gradle/caches/modules-2/files-2.1/org.springframework/spring-context/4.3.5.RELEASE/ca3391c0e17d0138335ba51b51371661d20d56a8/spring-context-4.3.5.RELEASE.jar
7f26c6460000-7f26c646d000 r--s 000ad000 08:03 5923581                    /home/sharmila/.gradle/caches/modules-2/files-2.1/org.springframework/spring-beans/4.3.5.RELEASE/e12bbc3277da28e2e2608a187f83091dc6c300bf/spring-beans-4.3.5.RELEASE.jar
7f26c646d000-7f26c6476000 r--s 00054000 08:03 5923580                    /home/sharmila/.gradle/caches/modules-2/files-2.1/org.springframework/spring-aop/4.3.5.RELEASE/4f113218af716bd8d174c411f19b26418b5a70f6/spring-aop-4.3.5.RELEASE.jar
7f26c6476000-7f26c647a000 r--s 00041000 08:03 5923579                    /home/sharmila/.gradle/caches/modules-2/files-2.1/com.fasterxml.jackson.core/jackson-core/2.8.5/60d059f5d2930ccd1ef03535b713fd9f933d1ba7/jackson-core-2.8.5.jar
7f26c647a000-7f26c647d000 r--s 0000b000 08:03 5923578                    /home/sharmila/.gradle/caches/modules-2/files-2.1/com.fasterxml.jackson.core/jackson-annotations/2.8.5/9d82ff47bc2c2d3b5b6a6618fe636782bbcd5b07/jackson-annotations-2.8.5.jar
7f26c647d000-7f26c647f000 r--s 0000e000 08:03 5917543                    /home/sharmila/.gradle/caches/modules-2/files-2.1/com.fasterxml/classmate/1.3.3/864c8e370a691e343210cc7c532fc198cee460d8/classmate-1.3.3.jar
7f26c647f000-7f26c6483000 r--s 0000c000 08:03 5916766                    /home/sharmila/.gradle/caches/modules-2/files-2.1/javax.validation/validation-api/1.1.0.Final/8613ae82954779d518631e05daa73a6a954817d5/validation-api-1.1.0.Final.jar
7f26c6483000-7f26c6488000 r--s 00036000 08:03 5917542                    /home/sharmila/.gradle/caches/modules-2/files-2.1/org.apache.tomcat.embed/tomcat-embed-websocket/8.5.6/6f6940a216b380ea8506530c374fcfeef820ba54/tomcat-embed-websocket-8.5.6.jar
7f26c6488000-7f26c6489000 r--s 00000000 08:03 5923577                    /home/sharmila/.gradle/caches/modules-2/files-2.1/org.springframework.boot/spring-boot-starter-logging/1.4.3.RELEASE/1c58783c0694abf695babfd39829922d2d501ec2/spring-boot-starter-logging-1.4.3.RELEASE.jar
7f26c6489000-7f26c64a7000 r--s 000d0000 08:03 5923576                    /home/sharmila/.gradle/caches/modules-2/files-2.1/org.springframework.boot/spring-boot-autoconfigure/1.4.3.RELEASE/41df1bfbdd4ae4e8499ebe1a4bc613bda316d6e1/spring-boot-autoconfigure-1.4.3.RELEASE.jar
7f26c64a7000-7f26c64b7000 r--s 00092000 08:03 5923575                    /home/sharmila/.gradle/caches/modules-2/files-2.1/org.springframework.boot/spring-boot/1.4.3.RELEASE/17f94def4460075afdfba6bf8f897cd1fc95bf77/spring-boot-1.4.3.RELEASE.jar
7f26c64b7000-7f26c64c6000 r--s 00084000 08:03 5923574                    /home/sharmila/.gradle/caches/modules-2/files-2.1/org.springframework/spring-test/4.3.5.RELEASE/a1965127e07b469d8e5bb3d2b0ff850423b66be4/spring-test-4.3.5.RELEASE.jar
7f26c64c6000-7f26c64dc000 r--s 000fa000 08:03 5923530                    /home/sharmila/.gradle/caches/modules-2/files-2.1/org.springframework/spring-core/4.3.5.RELEASE/80299e3f80e8c6d5c076db2ba6adf44a4b52f578/spring-core-4.3.5.RELEASE.jar
7f26c64dc000-7f26c64dd000 r--s 00006000 08:03 5916915                    /home/sharmila/.gradle/caches/modules-2/files-2.1/org.skyscreamer/jsonassert/1.3.0/d5c250eb122496866de36dc84f98e2945845ecdd/jsonassert-1.3.0.jar
7f26c64dd000-7f26c64df000 r--s 00009000 08:03 5913472                    /home/sharmila/.gradle/caches/modules-2/files-2.1/org.hamcrest/hamcrest-core/1.3/42a25dc3219429f0e5d060061f71acb49bf010a0/hamcrest-core-1.3.jar
7f26c64df000-7f26c64fb000 r--s 00103000 08:03 5916914                    /home/sharmila/.gradle/caches/modules-2/files-2.1/org.mockito/mockito-core/1.10.19/e8546f5bef4e061d8dd73895b4e8f40e3fe6effe/mockito-core-1.10.19.jar
7f26c64fb000-7f26c650e000 r--s 000d2000 08:03 5916913                    /home/sharmila/.gradle/caches/modules-2/files-2.1/org.assertj/assertj-core/2.5.0/fcd21db4c5f33e5dcac69bf1816415fe0647582f/assertj-core-2.5.0.jar
7f26c650e000-7f26c6513000 r--s 0002e000 08:03 5916911                    /home/sharmila/.gradle/caches/modules-2/files-2.1/com.jayway.jsonpath/json-path/2.2.0/22290d17944bd239fabf5ac69005a60a7ecbbbcb/json-path-2.2.0.jar
7f26c6513000-7f26c6518000 r--s 00017000 08:03 5923573                    /home/sharmila/.gradle/caches/modules-2/files-2.1/org.springframework.boot/spring-boot-test-autoconfigure/1.4.3.RELEASE/1a7587605e981a58104a501ab1896e2eb7a76686/spring-boot-test-autoconfigure-1.4.3.RELEASE.jar
7f26c6518000-7f26c651d000 r--s 00021000 08:03 5923572                    /home/sharmila/.gradle/caches/modules-2/files-2.1/org.springframework.boot/spring-boot-test/1.4.3.RELEASE/2d76638f0f13b33859bf3b927c232ff0f8a4ffbf/spring-boot-test-1.4.3.RELEASE.jar
7f26c651d000-7f26c6523000 r--s 0003d000 08:03 5916762                    /home/sharmila/.gradle/caches/modules-2/files-2.1/org.yaml/snakeyaml/1.17/7a27ea250c5130b2922b86dea63cbb1cc10a660c/snakeyaml-1.17.jar
7f26c6523000-7f26c6525000 r--s 00006000 08:03 5923638                    /home/sharmila/.gradle/caches/modules-2/files-2.1/com.beust/jcommander/1.12/7409692b48022f9eca7445861defbcdb9ee3c2a8/jcommander-1.12.jar
7f26c6525000-7f26c652a000 r--s 00040000 08:03 5923637                    /home/sharmila/.gradle/caches/modules-2/files-2.1/org.beanshell/bsh/2.0b4/a05f0a0feefa8d8467ac80e16e7de071489f0d9c/bsh-2.0b4.jar
7f26c652a000-7f26c6532000 r--s 00045000 08:03 5913471                    /home/sharmila/.gradle/caches/modules-2/files-2.1/junit/junit/4.12/2973d150c0dc1fefe998f834810d68f278ea58ec/junit-4.12.jar
7f26c6532000-7f26c6535000 r--s 0000c000 08:03 5923895                    /home/sharmila/.gradle/caches/modules-2/files-2.1/org.springframework/spring-aspects/4.3.5.RELEASE/8c00c15865a1da0a1ba143a50622a8436a56e097/spring-aspects-4.3.5.RELEASE.jar
7f26c6535000-7f26c653b000 r--s 0003f000 08:03 5923894                    /home/sharmila/.gradle/caches/modules-2/files-2.1/org.springframework.data/spring-data-jpa/1.10.6.RELEASE/5d478860b24a493845248c1c336c33a657567bd3/spring-data-jpa-1.10.6.RELEASE.jar
7f26c653b000-7f26c653d000 r--s 00006000 08:03 5923893                    /home/sharmila/.gradle/caches/modules-2/files-2.1/javax.transaction/javax.transaction-api/1.2/d81aff979d603edd90dcd8db2abc1f4ce6479e3e/javax.transaction-api-1.2.jar
7f26c653d000-7f26c654a000 r--s 00089000 08:03 5923892                    /home/sharmila/.gradle/caches/modules-2/files-2.1/org.hibernate/hibernate-entitymanager/5.0.11.Final/549565caed4e0bcb816843693e66ff7b04ce025f/hibernate-entitymanager-5.0.11.Final.jar
7f26c654a000-7f26c6554000 r--s 000ae000 08:03 5916958                    /home/sharmila/.gradle/caches/modules-2/files-2.1/org.javassist/javassist/3.20.0-GA/a9cbcdfb7e9f86fbc74d3afae65f2248bfbf82a0/javassist-3.20.0-GA.jar
7f26c6554000-7f26c65bd000 r--s 004f3000 08:03 5923432                    /home/sharmila/.gradle/caches/modules-2/files-2.1/org.hibernate/hibernate-core/5.0.11.Final/c2487fb72a2217a7cec9ab478d4c21a36fc09977/hibernate-core-5.0.11.Final.jar
7f26c65bd000-7f26c65d0000 r--s 00236000 08:03 5916949                    /home/sharmila/.gradle/caches/modules-2/files-2.1/org.eclipse.jdt.core.compiler/ecj/4.5.1/bee1367ac12fb6a20b422ff8711ebeb4f0a42316/ecj-4.5.1.jar
7f26c65d0000-7f26c65f9000 r--s 002b2000 08:03 5917540                    /home/sharmila/.gradle/caches/modules-2/files-2.1/org.apache.tomcat.embed/tomcat-embed-core/8.5.6/960834b5abc6b2135250487abf6c060a0fa5a22e/tomcat-embed-core-8.5.6.jar
7f26c65f9000-7f26c660a000 r--s 000cf000 08:03 5923571                    /home/sharmila/.gradle/caches/modules-2/files-2.1/org.springframework/spring-webmvc/4.3.5.RELEASE/c624659217edab07d8279fb0f90462136f089220/spring-webmvc-4.3.5.RELEASE.jar
7f26c660a000-7f26c660b000 ---p 00000000 00:00 0 
7f26c660b000-7f26c670b000 rw-p 00000000 00:00 0                          [stack:7353]
7f26c670b000-7f26c670e000 ---p 00000000 00:00 0 
7f26c670e000-7f26c680c000 rw-p 00000000 00:00 0                          [stack:7352]
7f26c680c000-7f26c680f000 ---p 00000000 00:00 0 
7f26c680f000-7f26c690d000 rw-p 00000000 00:00 0                          [stack:7351]
7f26c690d000-7f26c6910000 ---p 00000000 00:00 0 
7f26c6910000-7f26c6a0e000 rw-p 00000000 00:00 0                          [stack:7350]
7f26c6a0e000-7f26c6a11000 ---p 00000000 00:00 0 
7f26c6a11000-7f26c6b0f000 rw-p 00000000 00:00 0                          [stack:7349]
7f26c6b0f000-7f26c6b12000 ---p 00000000 00:00 0 
7f26c6b12000-7f26c6c10000 rw-p 00000000 00:00 0                          [stack:7348]
7f26c6c10000-7f26c72f3000 r--p 00000000 08:03 3152909                    /usr/lib/locale/locale-archive
7f26c72f3000-7f26c72f6000 ---p 00000000 00:00 0 
7f26c72f6000-7f26c73f4000 rw-p 00000000 00:00 0                          [stack:7347]
7f26c73f4000-7f26c73f7000 ---p 00000000 00:00 0 
7f26c73f7000-7f26c74f5000 rw-p 00000000 00:00 0                          [stack:7346]
7f26c74f5000-7f26c74f6000 ---p 00000000 00:00 0 
7f26c74f6000-7f26c8000000 rw-p 00000000 00:00 0                          [stack:7345]
7f26c8000000-7f26c8021000 rw-p 00000000 00:00 0 
7f26c8021000-7f26cc000000 ---p 00000000 00:00 0 
7f26cc000000-7f26cc001000 r--s 0000c000 08:03 5916912                    /home/sharmila/.gradle/caches/modules-2/files-2.1/org.hamcrest/hamcrest-library/1.3/4785a3c21320980282f9f33d0d1264a69040538f/hamcrest-library-1.3.jar
7f26cc001000-7f26cc002000 r--s 00000000 08:03 5923891                    /home/sharmila/.gradle/caches/modules-2/files-2.1/org.springframework.boot/spring-boot-starter-jdbc/1.4.3.RELEASE/7ce66cf27ea731189248be7af2ab84ba189e1151/spring-boot-starter-jdbc-1.4.3.RELEASE.jar
7f26cc002000-7f26cc003000 r--s 00000000 08:03 5923890                    /home/sharmila/.gradle/caches/modules-2/files-2.1/org.springframework.boot/spring-boot-starter-aop/1.4.3.RELEASE/30b11b6455bed446d3b4a1a49fab529b2cfac454/spring-boot-starter-aop-1.4.3.RELEASE.jar
7f26cc003000-7f26cc008000 r--s 00017000 08:03 5923828                    /home/sharmila/.gradle/caches/modules-2/files-2.1/org.hibernate.javax.persistence/hibernate-jpa-2.1-api/1.0.0.Final/5e731d961297e5a07290bfaf3db1fbc8bbbf405a/hibernate-jpa-2.1-api-1.0.0.Final.jar
7f26cc008000-7f26cc00a000 r--s 0000f000 08:03 5916917                    /home/sharmila/.gradle/caches/modules-2/files-2.1/org.jboss.logging/jboss-logging/3.3.0.Final/3616bb87707910296e2c195dc016287080bba5af/jboss-logging-3.3.0.Final.jar
7f26cc00a000-7f26cc00f000 r--s 00036000 08:03 5917541                    /home/sharmila/.gradle/caches/modules-2/files-2.1/org.apache.tomcat.embed/tomcat-embed-el/8.5.6/a102298d8dc72f4065533d5962953d753b172602/tomcat-embed-el-8.5.6.jar
7f26cc00f000-7f26cc021000 r--s 000b6000 08:03 5923570                    /home/sharmila/.gradle/caches/modules-2/files-2.1/org.springframework/spring-web/4.3.5.RELEASE/6641daccf2fddafc8358144f3a4f999130fdf144/spring-web-4.3.5.RELEASE.jar
7f26cc021000-7f26cc032000 r--s 0011d000 08:03 5923569                    /home/sharmila/.gradle/caches/modules-2/files-2.1/com.fasterxml.jackson.core/jackson-databind/2.8.5/b3035f37e674c04dafe36a660c3815cc59f764e2/jackson-databind-2.8.5.jar
7f26cc032000-7f26cc042000 r--s 0009c000 08:03 5916756                    /home/sharmila/.gradle/caches/modules-2/files-2.1/org.hibernate/hibernate-validator/5.2.4.Final/fb18766b576aa6632bcfe9a20a023cbd52bf9769/hibernate-validator-5.2.4.Final.jar
7f26cc042000-7f26cc043000 r--s 00000000 08:03 5923568                    /home/sharmila/.gradle/caches/modules-2/files-2.1/org.springframework.boot/spring-boot-starter-tomcat/1.4.3.RELEASE/61c48035a7a3b06b42fdd07b7109e562077b3792/spring-boot-starter-tomcat-1.4.3.RELEASE.jar
7f26cc043000-7f26cc04f000 r--s 000a4000 08:03 5923636                    /home/sharmila/.gradle/caches/modules-2/files-2.1/org.testng/testng/6.5.2/5069d2e72356ed87645c5fc3622b0bbb5e0667c9/testng-6.5.2.jar
7f26cc04f000-7f26cc627000 rw-p 00000000 00:00 0 
7f26cc627000-7f26cc800000 r--s 03d3e000 08:03 3569606                    /usr/lib/jvm/java-8-oracle/jre/lib/rt.jar
7f26cc800000-7f26cd000000 rw-p 00000000 00:00 0 
7f26cd000000-7f26cdc80000 rwxp 00000000 00:00 0 
7f26cdc80000-7f26dc000000 ---p 00000000 00:00 0 
7f26dc000000-7f26dd7d1000 rw-p 00000000 00:00 0 
7f26dd7d1000-7f26e0000000 ---p 00000000 00:00 0 
7f26e0000000-7f26e0897000 rw-p 00000000 00:00 0 
7f26e0897000-7f26e0898000 ---p 00000000 00:00 0 
7f26e0898000-7f26e0998000 rw-p 00000000 00:00 0                          [stack:7344]
7f26e0998000-7f26e0999000 ---p 00000000 00:00 0 
7f26e0999000-7f26e0a99000 rw-p 00000000 00:00 0                          [stack:7343]
7f26e0a99000-7f26e0a9a000 ---p 00000000 00:00 0 
7f26e0a9a000-7f26e0b9a000 rw-p 00000000 00:00 0                          [stack:7342]
7f26e0b9a000-7f26e0b9b000 ---p 00000000 00:00 0 
7f26e0b9b000-7f26e0df8000 rw-p 00000000 00:00 0                          [stack:7341]
7f26e0df8000-7f26e11f1000 ---p 00000000 00:00 0 
7f26e11f1000-7f26e134e000 rw-p 00000000 00:00 0 
7f26e134e000-7f26e1746000 ---p 00000000 00:00 0 
7f26e1746000-7f26e182d000 rw-p 00000000 00:00 0 
7f26e182d000-7f26e19f1000 ---p 00000000 00:00 0 
7f26e19f1000-7f26e1a24000 rw-p 00000000 00:00 0 
7f26e1a24000-7f26e1db2000 ---p 00000000 00:00 0 
7f26e1db2000-7f26e1dcc000 r-xp 00000000 08:03 4870864                    /usr/lib/jvm/java-8-oracle/jre/lib/amd64/libzip.so
7f26e1dcc000-7f26e1fcc000 ---p 0001a000 08:03 4870864                    /usr/lib/jvm/java-8-oracle/jre/lib/amd64/libzip.so
7f26e1fcc000-7f26e1fcd000 rw-p 0001a000 08:03 4870864                    /usr/lib/jvm/java-8-oracle/jre/lib/amd64/libzip.so
7f26e1fcd000-7f26e1fd7000 r-xp 00000000 08:03 4070135                    /lib/x86_64-linux-gnu/libnss_files-2.19.so
7f26e1fd7000-7f26e21d6000 ---p 0000a000 08:03 4070135                    /lib/x86_64-linux-gnu/libnss_files-2.19.so
7f26e21d6000-7f26e21d7000 r--p 00009000 08:03 4070135                    /lib/x86_64-linux-gnu/libnss_files-2.19.so
7f26e21d7000-7f26e21d8000 rw-p 0000a000 08:03 4070135                    /lib/x86_64-linux-gnu/libnss_files-2.19.so
7f26e21d8000-7f26e21e3000 r-xp 00000000 08:03 4070127                    /lib/x86_64-linux-gnu/libnss_nis-2.19.so
7f26e21e3000-7f26e23e2000 ---p 0000b000 08:03 4070127                    /lib/x86_64-linux-gnu/libnss_nis-2.19.so
7f26e23e2000-7f26e23e3000 r--p 0000a000 08:03 4070127                    /lib/x86_64-linux-gnu/libnss_nis-2.19.so
7f26e23e3000-7f26e23e4000 rw-p 0000b000 08:03 4070127                    /lib/x86_64-linux-gnu/libnss_nis-2.19.so
7f26e23e4000-7f26e23fb000 r-xp 00000000 08:03 4070123                    /lib/x86_64-linux-gnu/libnsl-2.19.so
7f26e23fb000-7f26e25fa000 ---p 00017000 08:03 4070123                    /lib/x86_64-linux-gnu/libnsl-2.19.so
7f26e25fa000-7f26e25fb000 r--p 00016000 08:03 4070123                    /lib/x86_64-linux-gnu/libnsl-2.19.so
7f26e25fb000-7f26e25fc000 rw-p 00017000 08:03 4070123                    /lib/x86_64-linux-gnu/libnsl-2.19.so
7f26e25fc000-7f26e25fe000 rw-p 00000000 00:00 0 
7f26e25fe000-7f26e2607000 r-xp 00000000 08:03 4070122                    /lib/x86_64-linux-gnu/libnss_compat-2.19.so
7f26e2607000-7f26e2806000 ---p 00009000 08:03 4070122                    /lib/x86_64-linux-gnu/libnss_compat-2.19.so
7f26e2806000-7f26e2807000 r--p 00008000 08:03 4070122                    /lib/x86_64-linux-gnu/libnss_compat-2.19.so
7f26e2807000-7f26e2808000 rw-p 00009000 08:03 4070122                    /lib/x86_64-linux-gnu/libnss_compat-2.19.so
7f26e2808000-7f26e2833000 r-xp 00000000 08:03 4870782                    /usr/lib/jvm/java-8-oracle/jre/lib/amd64/libjava.so
7f26e2833000-7f26e2a32000 ---p 0002b000 08:03 4870782                    /usr/lib/jvm/java-8-oracle/jre/lib/amd64/libjava.so
7f26e2a32000-7f26e2a34000 rw-p 0002a000 08:03 4870782                    /usr/lib/jvm/java-8-oracle/jre/lib/amd64/libjava.so
7f26e2a34000-7f26e2a41000 r-xp 00000000 08:03 4870821                    /usr/lib/jvm/java-8-oracle/jre/lib/amd64/libverify.so
7f26e2a41000-7f26e2c40000 ---p 0000d000 08:03 4870821                    /usr/lib/jvm/java-8-oracle/jre/lib/amd64/libverify.so
7f26e2c40000-7f26e2c42000 rw-p 0000c000 08:03 4870821                    /usr/lib/jvm/java-8-oracle/jre/lib/amd64/libverify.so
7f26e2c42000-7f26e2c49000 r-xp 00000000 08:03 4070131                    /lib/x86_64-linux-gnu/librt-2.19.so
7f26e2c49000-7f26e2e48000 ---p 00007000 08:03 4070131                    /lib/x86_64-linux-gnu/librt-2.19.so
7f26e2e48000-7f26e2e49000 r--p 00006000 08:03 4070131                    /lib/x86_64-linux-gnu/librt-2.19.so
7f26e2e49000-7f26e2e4a000 rw-p 00007000 08:03 4070131                    /lib/x86_64-linux-gnu/librt-2.19.so
7f26e2e4a000-7f26e2f4f000 r-xp 00000000 08:03 4070117                    /lib/x86_64-linux-gnu/libm-2.19.so
7f26e2f4f000-7f26e314e000 ---p 00105000 08:03 4070117                    /lib/x86_64-linux-gnu/libm-2.19.so
7f26e314e000-7f26e314f000 r--p 00104000 08:03 4070117                    /lib/x86_64-linux-gnu/libm-2.19.so
7f26e314f000-7f26e3150000 rw-p 00105000 08:03 4070117                    /lib/x86_64-linux-gnu/libm-2.19.so
7f26e3150000-7f26e3e1e000 r-xp 00000000 08:03 5260205                    /usr/lib/jvm/java-8-oracle/jre/lib/amd64/server/libjvm.so
7f26e3e1e000-7f26e401e000 ---p 00cce000 08:03 5260205                    /usr/lib/jvm/java-8-oracle/jre/lib/amd64/server/libjvm.so
7f26e401e000-7f26e40f7000 rw-p 00cce000 08:03 5260205                    /usr/lib/jvm/java-8-oracle/jre/lib/amd64/server/libjvm.so
7f26e40f7000-7f26e4142000 rw-p 00000000 00:00 0 
7f26e4142000-7f26e42fc000 r-xp 00000000 08:03 4070132                    /lib/x86_64-linux-gnu/libc-2.19.so
7f26e42fc000-7f26e44fc000 ---p 001ba000 08:03 4070132                    /lib/x86_64-linux-gnu/libc-2.19.so
7f26e44fc000-7f26e4500000 r--p 001ba000 08:03 4070132                    /lib/x86_64-linux-gnu/libc-2.19.so
7f26e4500000-7f26e4502000 rw-p 001be000 08:03 4070132                    /lib/x86_64-linux-gnu/libc-2.19.so
7f26e4502000-7f26e4507000 rw-p 00000000 00:00 0 
7f26e4507000-7f26e450a000 r-xp 00000000 08:03 4070119                    /lib/x86_64-linux-gnu/libdl-2.19.so
7f26e450a000-7f26e4709000 ---p 00003000 08:03 4070119                    /lib/x86_64-linux-gnu/libdl-2.19.so
7f26e4709000-7f26e470a000 r--p 00002000 08:03 4070119                    /lib/x86_64-linux-gnu/libdl-2.19.so
7f26e470a000-7f26e470b000 rw-p 00003000 08:03 4070119                    /lib/x86_64-linux-gnu/libdl-2.19.so
7f26e470b000-7f26e4720000 r-xp 00000000 08:03 3555343                    /usr/lib/jvm/java-8-oracle/lib/amd64/jli/libjli.so
7f26e4720000-7f26e4920000 ---p 00015000 08:03 3555343                    /usr/lib/jvm/java-8-oracle/lib/amd64/jli/libjli.so
7f26e4920000-7f26e4921000 rw-p 00015000 08:03 3555343                    /usr/lib/jvm/java-8-oracle/lib/amd64/jli/libjli.so
7f26e4921000-7f26e493a000 r-xp 00000000 08:03 4070124                    /lib/x86_64-linux-gnu/libpthread-2.19.so
7f26e493a000-7f26e4b39000 ---p 00019000 08:03 4070124                    /lib/x86_64-linux-gnu/libpthread-2.19.so
7f26e4b39000-7f26e4b3a000 r--p 00018000 08:03 4070124                    /lib/x86_64-linux-gnu/libpthread-2.19.so
7f26e4b3a000-7f26e4b3b000 rw-p 00019000 08:03 4070124                    /lib/x86_64-linux-gnu/libpthread-2.19.so
7f26e4b3b000-7f26e4b3f000 rw-p 00000000 00:00 0 
7f26e4b3f000-7f26e4b62000 r-xp 00000000 08:03 4070125                    /lib/x86_64-linux-gnu/ld-2.19.so
7f26e4b62000-7f26e4b63000 r--s 00000000 08:03 5923567                    /home/sharmila/.gradle/caches/modules-2/files-2.1/org.springframework.boot/spring-boot-starter/1.4.3.RELEASE/c99bad104719e947b3f9aa2b7569583805e4c5d5/spring-boot-starter-1.4.3.RELEASE.jar
7f26e4b63000-7f26e4b64000 r--s 00000000 08:03 5923566                    /home/sharmila/.gradle/caches/modules-2/files-2.1/org.springframework.boot/spring-boot-starter-test/1.4.3.RELEASE/6e9f1dbd3f68299c0183630ef07ca430de160050/spring-boot-starter-test-1.4.3.RELEASE.jar
7f26e4b64000-7f26e4b65000 r--s 00000000 08:03 5923889                    /home/sharmila/.gradle/caches/modules-2/files-2.1/org.springframework.boot/spring-boot-starter-data-jpa/1.4.3.RELEASE/ffda06c2144d10239014407333c223a237b73ad7/spring-boot-starter-data-jpa-1.4.3.RELEASE.jar
7f26e4b65000-7f26e4c38000 rw-p 00000000 00:00 0 
7f26e4c38000-7f26e4c3b000 ---p 00000000 00:00 0 
7f26e4c3b000-7f26e4d3d000 rw-p 00000000 00:00 0                          [stack:7336]
7f26e4d3d000-7f26e4d3e000 r--s 00003000 08:03 5923431                    /home/sharmila/.gradle/caches/modules-2/files-2.1/org.hibernate/hibernate-gradle-plugin/5.2.3.Final/db2ad8695e48a03a566b74fb5fc07c1732c1f5e5/hibernate-gradle-plugin-5.2.3.Final.jar
7f26e4d3e000-7f26e4d43000 r--s 00309000 08:03 5923826                    /home/sharmila/.gradle/caches/modules-2/files-2.1/org.xerial/sqlite-jdbc/3.7.2/7a3d67f00508d3881650579f7f228c61bfc1b196/sqlite-jdbc-3.7.2.jar
7f26e4d43000-7f26e4d4c000 r--s 00095000 08:03 5913393                    /home/sharmila/.gradle/caches/modules-2/files-2.1/org.apache.tomcat.embed/tomcat-embed-jasper/9.0.0.M11/e2cd5a7038094195c3163532e01daf051d9265fe/tomcat-embed-jasper-9.0.0.M11.jar
7f26e4d4c000-7f26e4d4d000 r--s 00000000 08:03 5923565                    /home/sharmila/.gradle/caches/modules-2/files-2.1/org.springframework.boot/spring-boot-starter-web/1.4.3.RELEASE/a0dcc919eda8e8ecb6f13f52a30e6afbb8266103/spring-boot-starter-web-1.4.3.RELEASE.jar
7f26e4d4d000-7f26e4d55000 r--s 00046000 08:03 3828792                    /home/sharmila/Downloads/IDE/sts 3.6.4/sts-bundle/sts-3.6.4.RELEASE/plugins/org.testng.eclipse_6.10.0.201612030230/lib/testng-remote.jar
7f26e4d55000-7f26e4d5d000 rw-s 00000000 08:03 5917607                    /tmp/hsperfdata_sharmila/7335
7f26e4d5d000-7f26e4d5e000 rw-p 00000000 00:00 0 
7f26e4d5e000-7f26e4d5f000 r--p 00000000 00:00 0 
7f26e4d5f000-7f26e4d61000 rw-p 00000000 00:00 0 
7f26e4d61000-7f26e4d62000 r--p 00022000 08:03 4070125                    /lib/x86_64-linux-gnu/ld-2.19.so
7f26e4d62000-7f26e4d63000 rw-p 00023000 08:03 4070125                    /lib/x86_64-linux-gnu/ld-2.19.so
7f26e4d63000-7f26e4d64000 rw-p 00000000 00:00 0 
7ffc4f981000-7ffc4f9a5000 rw-p 00000000 00:00 0                          [stack]
7ffc4f9f6000-7ffc4f9f8000 r-xp 00000000 00:00 0                          [vdso]
ffffffffff600000-ffffffffff601000 r-xp 00000000 00:00 0                  [vsyscall]

VM Arguments:
jvm_args: -ea -Xms1024m -Xmx4096m -Dfile.encoding=UTF-8 
java_command: org.testng.remote.RemoteTestNG -serport 43570 -protocol json -d /home/sharmila/Documents/work-office/TestNG_Project/test-output /tmp/testng-eclipse--209942936/testng-customsuite.xml
java_class_path (initial): /home/sharmila/Downloads/IDE/sts 3.6.4/sts-bundle/sts-3.6.4.RELEASE/plugins/org.testng.eclipse_6.10.0.201612030230/lib/testng-remote.jar:/home/sharmila/Documents/work-office/TestNG_Project/bin:/home/sharmila/.gradle/caches/modules-2/files-2.1/org.springframework.boot/spring-boot-starter-web/1.4.3.RELEASE/a0dcc919eda8e8ecb6f13f52a30e6afbb8266103/spring-boot-starter-web-1.4.3.RELEASE.jar:/home/sharmila/.gradle/caches/modules-2/files-2.1/org.apache.tomcat.embed/tomcat-embed-jasper/9.0.0.M11/e2cd5a7038094195c3163532e01daf051d9265fe/tomcat-embed-jasper-9.0.0.M11.jar:/home/sharmila/.gradle/caches/modules-2/files-2.1/org.xerial/sqlite-jdbc/3.7.2/7a3d67f00508d3881650579f7f228c61bfc1b196/sqlite-jdbc-3.7.2.jar:/home/sharmila/.gradle/caches/modules-2/files-2.1/org.hibernate/hibernate-gradle-plugin/5.2.3.Final/db2ad8695e48a03a566b74fb5fc07c1732c1f5e5/hibernate-gradle-plugin-5.2.3.Final.jar:/home/sharmila/.gradle/caches/modules-2/files-2.1/org.springframework.boot/spring-boot-starter-data-jpa/1.4.3.RELEASE/ffda06c2144d10239014407333c223a237b73ad7/spring-boot-starter-data-jpa-1.4.3.RELEASE.jar:/home/sharmila/.gradle/caches/modules-2/files-2.1/org.testng/testng/6.5.2/5069d2e72356ed87645c5fc3622b0bbb5e0667c9/testng-6.5.2.jar:/home/sharmila/.gradle/caches/modules-2/files-2.1/org.springframework.boot/spring-boot-starter-test/1.4.3.RELEASE/6e9f1dbd3f68299c0183630ef07ca430de160050/spring-boot-starter-test-1.4.3.RELEASE.jar:/home/sharmila/.gradle/caches/modules-2/files-2.1/org.springframework.boot/spring-boot-starter/1.4.3.RELEASE/c99bad104719e947b3f9aa2b7569583805e4c5d5/spring-boot-starter-1.4.3.RELEASE.jar:/home/sharmila/.gradle/caches/modules-2/files-2.1/org.springframework.boot/spring-boot-starter-tomcat/1.4.3.RELEASE/61c48035a7a3b06b42fdd07b7109e562077b3792/spring-boot-starter-tomcat-1.4.3.RELEASE.jar:/home/sharmila/.gradle/caches/modules-2/files-2.1/org.hibernate/hibernate-validator/5.2.4.Final/fb18766b576aa6632bcfe9a20a023cbd52bf9769/hibernate-validat
Launcher Type: SUN_STANDARD

Environment Variables:
JAVA_HOME=/usr/lib/jvm/java-8-oracle
PATH=/usr/local/sbin:/usr/local/bin:/usr/sbin:/usr/bin:/sbin:/bin:/usr/games:/usr/local/games:/usr/lib/jvm/java-8-oracle/bin:/usr/lib/jvm/java-8-oracle/db/bin:/usr/lib/jvm/java-8-oracle/jre/bin
SHELL=/bin/bash
DISPLAY=:0.0

Signal Handlers:
SIGSEGV: [libjvm.so+0xac78c0], sa_mask[0]=11111111011111111101111111111110, sa_flags=SA_RESTART|SA_SIGINFO
SIGBUS: [libjvm.so+0xac78c0], sa_mask[0]=11111111011111111101111111111110, sa_flags=SA_RESTART|SA_SIGINFO
SIGFPE: [libjvm.so+0x920ac0], sa_mask[0]=11111111011111111101111111111110, sa_flags=SA_RESTART|SA_SIGINFO
SIGPIPE: [libjvm.so+0x920ac0], sa_mask[0]=11111111011111111101111111111110, sa_flags=SA_RESTART|SA_SIGINFO
SIGXFSZ: [libjvm.so+0x920ac0], sa_mask[0]=11111111011111111101111111111110, sa_flags=SA_RESTART|SA_SIGINFO
SIGILL: [libjvm.so+0x920ac0], sa_mask[0]=11111111011111111101111111111110, sa_flags=SA_RESTART|SA_SIGINFO
SIGUSR1: SIG_DFL, sa_mask[0]=00000000000000000000000000000000, sa_flags=none
SIGUSR2: [libjvm.so+0x922300], sa_mask[0]=00100000000000000000000000000000, sa_flags=SA_RESTART|SA_SIGINFO
SIGHUP: [libjvm.so+0x923700], sa_mask[0]=11111111011111111101111111111110, sa_flags=SA_RESTART|SA_SIGINFO
SIGINT: [libjvm.so+0x923700], sa_mask[0]=11111111011111111101111111111110, sa_flags=SA_RESTART|SA_SIGINFO
SIGTERM: [libjvm.so+0x923700], sa_mask[0]=11111111011111111101111111111110, sa_flags=SA_RESTART|SA_SIGINFO
SIGQUIT: [libjvm.so+0x923700], sa_mask[0]=11111111011111111101111111111110, sa_flags=SA_RESTART|SA_SIGINFO


---------------  S Y S T E M  ---------------

OS:DISTRIB_ID=Ubuntu
DISTRIB_RELEASE=14.04
DISTRIB_CODENAME=trusty
DISTRIB_DESCRIPTION="Ubuntu 14.04.5 LTS"

uname:Linux 3.13.0-107-generic #154-Ubuntu SMP Tue Dec 20 09:57:27 UTC 2016 x86_64
libc:glibc 2.19 NPTL 2.19 
rlimit: STACK 8192k, CORE 0k, NPROC 30712, NOFILE 4096, AS infinity
load average:3.43 2.51 1.60

/proc/meminfo:
MemTotal:        3953548 kB
MemFree:          324596 kB
Buffers:           14776 kB
Cached:           834684 kB
SwapCached:       109848 kB
Active:          2124928 kB
Inactive:        1289916 kB
Active(anon):    1959160 kB
Inactive(anon):   938396 kB
Active(file):     165768 kB
Inactive(file):   351520 kB
Unevictable:         208 kB
Mlocked:             208 kB
SwapTotal:       7999484 kB
SwapFree:        7396736 kB
Dirty:              3176 kB
Writeback:             0 kB
AnonPages:       2505164 kB
Mapped:           236216 kB
Shmem:            332156 kB
Slab:              89284 kB
SReclaimable:      49476 kB
SUnreclaim:        39808 kB
KernelStack:        5672 kB
PageTables:        49908 kB
NFS_Unstable:          0 kB
Bounce:                0 kB
WritebackTmp:          0 kB
CommitLimit:     9976256 kB
Committed_AS:    8988800 kB
VmallocTotal:   34359738367 kB
VmallocUsed:      401000 kB
VmallocChunk:   34359326684 kB
HardwareCorrupted:     0 kB
AnonHugePages:   1255424 kB
HugePages_Total:       0
HugePages_Free:        0
HugePages_Rsvd:        0
HugePages_Surp:        0
Hugepagesize:       2048 kB
DirectMap4k:       92332 kB
DirectMap2M:     2959360 kB
DirectMap1G:     1048576 kB


CPU:total 4 (2 cores per cpu, 2 threads per core) family 6 model 69 stepping 1, cmov, cx8, fxsr, mmx, sse, sse2, sse3, ssse3, sse4.1, sse4.2, popcnt, avx, avx2, aes, clmul, erms, lzcnt, ht, tsc, tscinvbit, bmi1, bmi2

/proc/cpuinfo:
processor	: 0
vendor_id	: GenuineIntel
cpu family	: 6
model		: 69
model name	: Intel(R) Core(TM) i5-4200U CPU @ 1.60GHz
stepping	: 1
microcode	: 0x17
cpu MHz		: 1600.000
cache size	: 3072 KB
physical id	: 0
siblings	: 4
core id		: 0
cpu cores	: 2
apicid		: 0
initial apicid	: 0
fpu		: yes
fpu_exception	: yes
cpuid level	: 13
wp		: yes
flags		: fpu vme de pse tsc msr pae mce cx8 apic sep mtrr pge mca cmov pat pse36 clflush dts acpi mmx fxsr sse sse2 ss ht tm pbe syscall nx pdpe1gb rdtscp lm constant_tsc arch_perfmon pebs bts rep_good nopl xtopology nonstop_tsc aperfmperf eagerfpu pni pclmulqdq dtes64 monitor ds_cpl vmx est tm2 ssse3 fma cx16 xtpr pdcm pcid sse4_1 sse4_2 movbe popcnt tsc_deadline_timer aes xsave avx f16c rdrand lahf_lm abm ida arat epb xsaveopt pln pts dtherm tpr_shadow vnmi flexpriority ept vpid fsgsbase tsc_adjust bmi1 avx2 smep bmi2 erms invpcid
bogomips	: 4589.73
clflush size	: 64
cache_alignment	: 64
address sizes	: 39 bits physical, 48 bits virtual
power management:

processor	: 1
vendor_id	: GenuineIntel
cpu family	: 6
model		: 69
model name	: Intel(R) Core(TM) i5-4200U CPU @ 1.60GHz
stepping	: 1
microcode	: 0x17
cpu MHz		: 1600.000
cache size	: 3072 KB
physical id	: 0
siblings	: 4
core id		: 0
cpu cores	: 2
apicid		: 1
initial apicid	: 1
fpu		: yes
fpu_exception	: yes
cpuid level	: 13
wp		: yes
flags		: fpu vme de pse tsc msr pae mce cx8 apic sep mtrr pge mca cmov pat pse36 clflush dts acpi mmx fxsr sse sse2 ss ht tm pbe syscall nx pdpe1gb rdtscp lm constant_tsc arch_perfmon pebs bts rep_good nopl xtopology nonstop_tsc aperfmperf eagerfpu pni pclmulqdq dtes64 monitor ds_cpl vmx est tm2 ssse3 fma cx16 xtpr pdcm pcid sse4_1 sse4_2 movbe popcnt tsc_deadline_timer aes xsave avx f16c rdrand lahf_lm abm ida arat epb xsaveopt pln pts dtherm tpr_shadow vnmi flexpriority ept vpid fsgsbase tsc_adjust bmi1 avx2 smep bmi2 erms invpcid
bogomips	: 4589.73
clflush size	: 64
cache_alignment	: 64
address sizes	: 39 bits physical, 48 bits virtual
power management:

processor	: 2
vendor_id	: GenuineIntel
cpu family	: 6
model		: 69
model name	: Intel(R) Core(TM) i5-4200U CPU @ 1.60GHz
stepping	: 1
microcode	: 0x17
cpu MHz		: 1600.000
cache size	: 3072 KB
physical id	: 0
siblings	: 4
core id		: 1
cpu cores	: 2
apicid		: 2
initial apicid	: 2
fpu		: yes
fpu_exception	: yes
cpuid level	: 13
wp		: yes
flags		: fpu vme de pse tsc msr pae mce cx8 apic sep mtrr pge mca cmov pat pse36 clflush dts acpi mmx fxsr sse sse2 ss ht tm pbe syscall nx pdpe1gb rdtscp lm constant_tsc arch_perfmon pebs bts rep_good nopl xtopology nonstop_tsc aperfmperf eagerfpu pni pclmulqdq dtes64 monitor ds_cpl vmx est tm2 ssse3 fma cx16 xtpr pdcm pcid sse4_1 sse4_2 movbe popcnt tsc_deadline_timer aes xsave avx f16c rdrand lahf_lm abm ida arat epb xsaveopt pln pts dtherm tpr_shadow vnmi flexpriority ept vpid fsgsbase tsc_adjust bmi1 avx2 smep bmi2 erms invpcid
bogomips	: 4589.73
clflush size	: 64
cache_alignment	: 64
address sizes	: 39 bits physical, 48 bits virtual
power management:

processor	: 3
vendor_id	: GenuineIntel
cpu family	: 6
model		: 69
model name	: Intel(R) Core(TM) i5-4200U CPU @ 1.60GHz
stepping	: 1
microcode	: 0x17
cpu MHz		: 1600.000
cache size	: 3072 KB
physical id	: 0
siblings	: 4
core id		: 1
cpu cores	: 2
apicid		: 3
initial apicid	: 3
fpu		: yes
fpu_exception	: yes
cpuid level	: 13
wp		: yes
flags		: fpu vme de pse tsc msr pae mce cx8 apic sep mtrr pge mca cmov pat pse36 clflush dts acpi mmx fxsr sse sse2 ss ht tm pbe syscall nx pdpe1gb rdtscp lm constant_tsc arch_perfmon pebs bts rep_good nopl xtopology nonstop_tsc aperfmperf eagerfpu pni pclmulqdq dtes64 monitor ds_cpl vmx est tm2 ssse3 fma cx16 xtpr pdcm pcid sse4_1 sse4_2 movbe popcnt tsc_deadline_timer aes xsave avx f16c rdrand lahf_lm abm ida arat epb xsaveopt pln pts dtherm tpr_shadow vnmi flexpriority ept vpid fsgsbase tsc_adjust bmi1 avx2 smep bmi2 erms invpcid
bogomips	: 4589.73
clflush size	: 64
cache_alignment	: 64
address sizes	: 39 bits physical, 48 bits virtual
power management:



Memory: 4k page, physical 3953548k(324596k free), swap 7999484k(7396736k free)

vm_info: Java HotSpot(TM) 64-Bit Server VM (25.121-b13) for linux-amd64 JRE (1.8.0_121-b13), built on Dec 12 2016 16:36:53 by "java_re" with gcc 4.3.0 20080428 (Red Hat 4.3.0-8)

time: Mon Jan 23 21:33:27 2017
elapsed time: 15 seconds (0d 0h 0m 15s)

