#
# A fatal error has been detected by the Java Runtime Environment:
#
#  SIGSEGV (0xb) at pc=0x00007f36f1f6a118, pid=4024, tid=0x00007f36f3470700
#
# JRE version: Java(TM) SE Runtime Environment (8.0_121-b13) (build 1.8.0_121-b13)
# Java VM: Java HotSpot(TM) 64-Bit Server VM (25.121-b13 mixed mode linux-amd64 compressed oops)
# Problematic frame:
# V  [libjvm.so+0x6e2118]  jni_GetStringUTFChars+0xb8
#
# Failed to write core dump. Core dumps have been disabled. To enable core dumping, try "ulimit -c unlimited" before starting Java again
#
# If you would like to submit a bug report, please visit:
#   http://bugreport.java.com/bugreport/crash.jsp
#

---------------  T H R E A D  ---------------

Current thread (0x00007f36ec010000):  JavaThread "main" [_thread_in_vm, id=4026, stack(0x00007f36f3370000,0x00007f36f3471000)]

siginfo: si_signo: 11 (SIGSEGV), si_code: 1 (SEGV_MAPERR), si_addr: 0x0000000000000000

Registers:
RAX=0x00007f36f283f550, RBX=0x0000000000000000, RCX=0x00000000fb00d480, RDX=0x00007f36f284d9e0
RSP=0x00007f36f346aa60, RBP=0x00007f36f346ab00, RSI=0x00007f36ec010000, RDI=0x00007f36f346aaa0
R8 =0x00007f36dd012c80, R9 =0x00000000fb00d480, R10=0x000000000000018a, R11=0x00007f36f284d9e8
R12=0x00007f36ec010000, R13=0x0000000000000000, R14=0x00007f36f346abd8, R15=0x00007f36f346aaa0
RIP=0x00007f36f1f6a118, EFLAGS=0x0000000000010246, CSGSFS=0x0000000000000033, ERR=0x0000000000000004
  TRAPNO=0x000000000000000e

Top of Stack: (sp=0x00007f36f346aa60)
0x00007f36f346aa60:   00007f36f346ab28 0000000000000000
0x00007f36f346aa70:   00007f36dd10f4c0 00007f36f284f800
0x00007f36f346aa80:   00007f36f346b0f8 00007f36dd012c80
0x00007f36f346aa90:   00000000ed249eb0 0000000050200030
0x00007f36f346aaa0:   00007f36ec010000 0000000000000000
0x00007f36f346aab0:   00007f36da1c4480 00007f36dd0082bd
0x00007f36f346aac0:   00007f36ec010000 00000000ed249eb0
0x00007f36f346aad0:   00007f36f346ab70 00007f36a986d0d8
0x00007f36f346aae0:   00007f36ecc340d8 0000000000000000
0x00007f36f346aaf0:   00007f36f346abd8 00007f36ec010000
0x00007f36f346ab00:   00007f36ec0101f8 00007f36a95d82b0
0x00007f36f346ab10:   00007f36f346ab70 00007f36dd0082bd
0x00007f36f346ab20:   00007f36a986d0d8 00007f36f346abb0
0x00007f36f346ab30:   0000000000000000 00007f36a986d0d0
0x00007f36f346ab40:   00007f36f346abd8 00007f36dd0184cf
0x00007f36f346ab50:   0000000000000000 00007f36a987bf80
0x00007f36f346ab60:   0000000000000000 00000000fb00d480
0x00007f36f346ab70:   00007f36f346ab60 0000000000000000
0x00007f36f346ab80:   00007f36f346abd8 00007f36a9873060
0x00007f36f346ab90:   0000000000000000 00007f36a986d0d8
0x00007f36f346aba0:   0000000000000000 00007f36f346abd0
0x00007f36f346abb0:   00007f36f346ac38 00007f36dd007dd0
0x00007f36f346abc0:   0000000000000000 00007f36dd011537
0x00007f36f346abd0:   0000000000000000 00000000fb00d480
0x00007f36f346abe0:   00000000ed249e50 00000000ed249eb0
0x00007f36f346abf0:   00000000fb00d480 00007f36f346abe8
0x00007f36f346ac00:   00007f36a987099d 00007f36f346ac50
0x00007f36f346ac10:   00007f36aa0b8668 0000000000000000
0x00007f36f346ac20:   00007f36a98709e8 00007f36f346abd0
0x00007f36f346ac30:   00007f36f346ac48 00007f36f346ac98
0x00007f36f346ac40:   00007f36dd0082bd 00000000ed249e50
0x00007f36f346ac50:   00000000fb00d480 00007f36f346ac58 

Instructions: (pc=0x00007f36f1f6a118)
0x00007f36f1f6a0f8:   84 24 70 02 00 00 06 00 00 00 4c 89 e6 4c 89 65
0x00007f36f1f6a108:   c0 4c 89 ff e8 1f 01 01 00 48 8b 05 18 d0 88 00
0x00007f36f1f6a118:   4c 8b 2b 8b 10 48 8b 05 44 fc 88 00 80 38 00 0f
0x00007f36f1f6a128:   84 2b 01 00 00 48 63 c2 41 8b 54 05 00 85 d2 0f 

Register to memory mapping:

RAX=0x00007f36f283f550: <offset 0xfb7550> in /usr/lib/jvm/java-8-oracle/jre/lib/amd64/server/libjvm.so at 0x00007f36f1888000
RBX=0x0000000000000000 is an unknown value
RCX=0x00000000fb00d480 is an oop
org.sqlite.NativeDB 
 - klass: 'org/sqlite/NativeDB'
RDX=0x00007f36f284d9e0: <offset 0xfc59e0> in /usr/lib/jvm/java-8-oracle/jre/lib/amd64/server/libjvm.so at 0x00007f36f1888000
RSP=0x00007f36f346aa60 is pointing into the stack for thread: 0x00007f36ec010000
RBP=0x00007f36f346ab00 is pointing into the stack for thread: 0x00007f36ec010000
RSI=0x00007f36ec010000 is a thread
RDI=0x00007f36f346aaa0 is pointing into the stack for thread: 0x00007f36ec010000
R8 =0x00007f36dd012c80 is at code_begin+0 in an Interpreter codelet
method entry point (kind = zerolocals)  [0x00007f36dd012c80, 0x00007f36dd013100]  1152 bytes
R9 =0x00000000fb00d480 is an oop
org.sqlite.NativeDB 
 - klass: 'org/sqlite/NativeDB'
R10=0x000000000000018a is an unknown value
R11=0x00007f36f284d9e8: <offset 0xfc59e8> in /usr/lib/jvm/java-8-oracle/jre/lib/amd64/server/libjvm.so at 0x00007f36f1888000
R12=0x00007f36ec010000 is a thread
R13=0x0000000000000000 is an unknown value
R14=0x00007f36f346abd8 is pointing into the stack for thread: 0x00007f36ec010000
R15=0x00007f36f346aaa0 is pointing into the stack for thread: 0x00007f36ec010000


Stack: [0x00007f36f3370000,0x00007f36f3471000],  sp=0x00007f36f346aa60,  free space=1002k
Native frames: (J=compiled Java code, j=interpreted, Vv=VM code, C=native code)
V  [libjvm.so+0x6e2118]  jni_GetStringUTFChars+0xb8
C  [sqlite-3.7.2-libsqlitejdbc.so+0xd2b0]  Java_org_sqlite_NativeDB_prepare+0x2f

Java frames: (J=compiled Java code, j=interpreted, Vv=VM code)
j  org.sqlite.NativeDB.prepare(Ljava/lang/String;)J+0
j  org.sqlite.DB.prepare(Lorg/sqlite/Stmt;)V+21
j  org.sqlite.PrepStmt.<init>(Lorg/sqlite/Conn;Ljava/lang/String;)V+15
j  org.sqlite.Conn.prepareStatement(Ljava/lang/String;III)Ljava/sql/PreparedStatement;+14
j  org.sqlite.Conn.prepareStatement(Ljava/lang/String;II)Ljava/sql/PreparedStatement;+5
j  org.sqlite.Conn.prepareStatement(Ljava/lang/String;)Ljava/sql/PreparedStatement;+8
v  ~StubRoutines::call_stub
J 2194  sun.reflect.NativeMethodAccessorImpl.invoke0(Ljava/lang/reflect/Method;Ljava/lang/Object;[Ljava/lang/Object;)Ljava/lang/Object; (0 bytes) @ 0x00007f36dd770777 [0x00007f36dd770700+0x77]
J 2193 C1 sun.reflect.NativeMethodAccessorImpl.invoke(Ljava/lang/Object;[Ljava/lang/Object;)Ljava/lang/Object; (104 bytes) @ 0x00007f36dd7807ac [0x00007f36dd77f640+0x116c]
J 1161 C1 sun.reflect.DelegatingMethodAccessorImpl.invoke(Ljava/lang/Object;[Ljava/lang/Object;)Ljava/lang/Object; (10 bytes) @ 0x00007f36dd403d04 [0x00007f36dd403c00+0x104]
J 3544 C1 java.lang.reflect.Method.invoke(Ljava/lang/Object;[Ljava/lang/Object;)Ljava/lang/Object; (62 bytes) @ 0x00007f36dd84663c [0x00007f36dd846520+0x11c]
j  org.apache.tomcat.jdbc.pool.ProxyConnection.invoke(Ljava/lang/Object;Ljava/lang/reflect/Method;[Ljava/lang/Object;)Ljava/lang/Object;+237
j  org.apache.tomcat.jdbc.pool.JdbcInterceptor.invoke(Ljava/lang/Object;Ljava/lang/reflect/Method;[Ljava/lang/Object;)Ljava/lang/Object;+14
j  org.apache.tomcat.jdbc.pool.DisposableConnectionFacade.invoke(Ljava/lang/Object;Ljava/lang/reflect/Method;[Ljava/lang/Object;)Ljava/lang/Object;+93
j  com.sun.proxy.$Proxy81.prepareStatement(Ljava/lang/String;)Ljava/sql/PreparedStatement;+16
j  org.hibernate.engine.jdbc.internal.StatementPreparerImpl$1.doPrepare()Ljava/sql/PreparedStatement;+37
j  org.hibernate.engine.jdbc.internal.StatementPreparerImpl$StatementPreparationTemplate.prepareStatement()Ljava/sql/PreparedStatement;+45
j  org.hibernate.engine.jdbc.internal.StatementPreparerImpl.prepareStatement(Ljava/lang/String;)Ljava/sql/PreparedStatement;+6
j  org.hibernate.id.SequenceGenerator.generateHolder(Lorg/hibernate/engine/spi/SessionImplementor;)Lorg/hibernate/id/IntegralDataTypeHolder;+15
j  org.hibernate.id.SequenceHiLoGenerator$1.getNextValue()Lorg/hibernate/id/IntegralDataTypeHolder;+8
j  org.hibernate.id.enhanced.LegacyHiLoAlgorithmOptimizer.generate(Lorg/hibernate/id/enhanced/AccessCallback;)Ljava/io/Serializable;+25
j  org.hibernate.id.SequenceHiLoGenerator.generate(Lorg/hibernate/engine/spi/SessionImplementor;Ljava/lang/Object;)Ljava/io/Serializable;+53
j  org.hibernate.event.internal.AbstractSaveEventListener.saveWithGeneratedId(Ljava/lang/Object;Ljava/lang/String;Ljava/lang/Object;Lorg/hibernate/event/spi/EventSource;Z)Ljava/io/Serializable;+21
j  org.hibernate.jpa.event.internal.core.JpaPersistEventListener.saveWithGeneratedId(Ljava/lang/Object;Ljava/lang/String;Ljava/lang/Object;Lorg/hibernate/event/spi/EventSource;Z)Ljava/io/Serializable;+18
j  org.hibernate.event.internal.DefaultPersistEventListener.entityIsTransient(Lorg/hibernate/event/spi/PersistEvent;Ljava/util/Map;)V+55
j  org.hibernate.event.internal.DefaultPersistEventListener.onPersist(Lorg/hibernate/event/spi/PersistEvent;Ljava/util/Map;)V+324
j  org.hibernate.event.internal.DefaultPersistEventListener.onPersist(Lorg/hibernate/event/spi/PersistEvent;)V+11
j  org.hibernate.internal.SessionImpl.firePersist(Lorg/hibernate/event/spi/PersistEvent;)V+46
j  org.hibernate.internal.SessionImpl.persist(Ljava/lang/String;Ljava/lang/Object;)V+11
j  org.hibernate.internal.SessionImpl.persist(Ljava/lang/Object;)V+3
j  org.hibernate.jpa.spi.AbstractEntityManagerImpl.persist(Ljava/lang/Object;)V+9
v  ~StubRoutines::call_stub
J 2194  sun.reflect.NativeMethodAccessorImpl.invoke0(Ljava/lang/reflect/Method;Ljava/lang/Object;[Ljava/lang/Object;)Ljava/lang/Object; (0 bytes) @ 0x00007f36dd770777 [0x00007f36dd770700+0x77]
J 2193 C1 sun.reflect.NativeMethodAccessorImpl.invoke(Ljava/lang/Object;[Ljava/lang/Object;)Ljava/lang/Object; (104 bytes) @ 0x00007f36dd7807ac [0x00007f36dd77f640+0x116c]
J 1161 C1 sun.reflect.DelegatingMethodAccessorImpl.invoke(Ljava/lang/Object;[Ljava/lang/Object;)Ljava/lang/Object; (10 bytes) @ 0x00007f36dd403d04 [0x00007f36dd403c00+0x104]
J 3544 C1 java.lang.reflect.Method.invoke(Ljava/lang/Object;[Ljava/lang/Object;)Ljava/lang/Object; (62 bytes) @ 0x00007f36dd84663c [0x00007f36dd846520+0x11c]
j  org.springframework.orm.jpa.SharedEntityManagerCreator$SharedEntityManagerInvocationHandler.invoke(Ljava/lang/Object;Ljava/lang/reflect/Method;[Ljava/lang/Object;)Ljava/lang/Object;+495
j  com.sun.proxy.$Proxy92.persist(Ljava/lang/Object;)V+16
j  org.springframework.data.jpa.repository.support.SimpleJpaRepository.save(Ljava/lang/Object;)Ljava/lang/Object;+18
v  ~StubRoutines::call_stub
J 2194  sun.reflect.NativeMethodAccessorImpl.invoke0(Ljava/lang/reflect/Method;Ljava/lang/Object;[Ljava/lang/Object;)Ljava/lang/Object; (0 bytes) @ 0x00007f36dd770777 [0x00007f36dd770700+0x77]
J 2193 C1 sun.reflect.NativeMethodAccessorImpl.invoke(Ljava/lang/Object;[Ljava/lang/Object;)Ljava/lang/Object; (104 bytes) @ 0x00007f36dd7807ac [0x00007f36dd77f640+0x116c]
J 1161 C1 sun.reflect.DelegatingMethodAccessorImpl.invoke(Ljava/lang/Object;[Ljava/lang/Object;)Ljava/lang/Object; (10 bytes) @ 0x00007f36dd403d04 [0x00007f36dd403c00+0x104]
J 3544 C1 java.lang.reflect.Method.invoke(Ljava/lang/Object;[Ljava/lang/Object;)Ljava/lang/Object; (62 bytes) @ 0x00007f36dd84663c [0x00007f36dd846520+0x11c]
j  org.springframework.data.repository.core.support.RepositoryFactorySupport$QueryExecutorMethodInterceptor.executeMethodOn(Ljava/lang/Object;Ljava/lang/reflect/Method;[Ljava/lang/Object;)Ljava/lang/Object;+3
j  org.springframework.data.repository.core.support.RepositoryFactorySupport$QueryExecutorMethodInterceptor.doInvoke(Lorg/aopalliance/intercept/MethodInvocation;)Ljava/lang/Object;+94
j  org.springframework.data.repository.core.support.RepositoryFactorySupport$QueryExecutorMethodInterceptor.invoke(Lorg/aopalliance/intercept/MethodInvocation;)Ljava/lang/Object;+2
j  org.springframework.aop.framework.ReflectiveMethodInvocation.proceed()Ljava/lang/Object;+101
j  org.springframework.data.projection.DefaultMethodInvokingMethodInterceptor.invoke(Lorg/aopalliance/intercept/MethodInvocation;)Ljava/lang/Object;+15
j  org.springframework.aop.framework.ReflectiveMethodInvocation.proceed()Ljava/lang/Object;+101
j  org.springframework.transaction.interceptor.TransactionInterceptor$1.proceedWithInvocation()Ljava/lang/Object;+4
j  org.springframework.transaction.interceptor.TransactionAspectSupport.invokeWithinTransaction(Ljava/lang/reflect/Method;Ljava/lang/Class;Lorg/springframework/transaction/interceptor/TransactionAspectSupport$InvocationCallback;)Ljava/lang/Object;+60
j  org.springframework.transaction.interceptor.TransactionInterceptor.invoke(Lorg/aopalliance/intercept/MethodInvocation;)Ljava/lang/Object;+40
j  org.springframework.aop.framework.ReflectiveMethodInvocation.proceed()Ljava/lang/Object;+101
j  org.springframework.dao.support.PersistenceExceptionTranslationInterceptor.invoke(Lorg/aopalliance/intercept/MethodInvocation;)Ljava/lang/Object;+1
j  org.springframework.aop.framework.ReflectiveMethodInvocation.proceed()Ljava/lang/Object;+101
j  org.springframework.data.jpa.repository.support.CrudMethodMetadataPostProcessor$CrudMethodMetadataPopulatingMethodInterceptor.invoke(Lorg/aopalliance/intercept/MethodInvocation;)Ljava/lang/Object;+89
j  org.springframework.aop.framework.ReflectiveMethodInvocation.proceed()Ljava/lang/Object;+101
j  org.springframework.aop.interceptor.ExposeInvocationInterceptor.invoke(Lorg/aopalliance/intercept/MethodInvocation;)Ljava/lang/Object;+18
j  org.springframework.aop.framework.ReflectiveMethodInvocation.proceed()Ljava/lang/Object;+101
j  org.springframework.aop.framework.JdkDynamicAopProxy.invoke(Ljava/lang/Object;Ljava/lang/reflect/Method;[Ljava/lang/Object;)Ljava/lang/Object;+385
j  com.sun.proxy.$Proxy94.save(Ljava/lang/Object;)Ljava/lang/Object;+16
j  com.example.api.service.BookService.save(Lcom/example/entity/Book;)Lcom/example/entity/Book;+5
j  com.example.crudtest.CRUDTest.insertOperation()V+19
v  ~StubRoutines::call_stub
J 2194  sun.reflect.NativeMethodAccessorImpl.invoke0(Ljava/lang/reflect/Method;Ljava/lang/Object;[Ljava/lang/Object;)Ljava/lang/Object; (0 bytes) @ 0x00007f36dd770777 [0x00007f36dd770700+0x77]
J 2193 C1 sun.reflect.NativeMethodAccessorImpl.invoke(Ljava/lang/Object;[Ljava/lang/Object;)Ljava/lang/Object; (104 bytes) @ 0x00007f36dd7807ac [0x00007f36dd77f640+0x116c]
J 1161 C1 sun.reflect.DelegatingMethodAccessorImpl.invoke(Ljava/lang/Object;[Ljava/lang/Object;)Ljava/lang/Object; (10 bytes) @ 0x00007f36dd403d04 [0x00007f36dd403c00+0x104]
J 3544 C1 java.lang.reflect.Method.invoke(Ljava/lang/Object;[Ljava/lang/Object;)Ljava/lang/Object; (62 bytes) @ 0x00007f36dd84663c [0x00007f36dd846520+0x11c]
j  org.testng.internal.MethodInvocationHelper.invokeMethod(Ljava/lang/reflect/Method;Ljava/lang/Object;[Ljava/lang/Object;)Ljava/lang/Object;+242
j  org.testng.internal.MethodInvocationHelper$1.runTestMethod(Lorg/testng/ITestResult;)V+12
j  org.springframework.test.context.testng.AbstractTestNGSpringContextTests.run(Lorg/testng/IHookCallBack;Lorg/testng/ITestResult;)V+2
v  ~StubRoutines::call_stub
J 2194  sun.reflect.NativeMethodAccessorImpl.invoke0(Ljava/lang/reflect/Method;Ljava/lang/Object;[Ljava/lang/Object;)Ljava/lang/Object; (0 bytes) @ 0x00007f36dd770777 [0x00007f36dd770700+0x77]
J 2193 C1 sun.reflect.NativeMethodAccessorImpl.invoke(Ljava/lang/Object;[Ljava/lang/Object;)Ljava/lang/Object; (104 bytes) @ 0x00007f36dd7807ac [0x00007f36dd77f640+0x116c]
J 1161 C1 sun.reflect.DelegatingMethodAccessorImpl.invoke(Ljava/lang/Object;[Ljava/lang/Object;)Ljava/lang/Object; (10 bytes) @ 0x00007f36dd403d04 [0x00007f36dd403c00+0x104]
J 3544 C1 java.lang.reflect.Method.invoke(Ljava/lang/Object;[Ljava/lang/Object;)Ljava/lang/Object; (62 bytes) @ 0x00007f36dd84663c [0x00007f36dd846520+0x11c]
j  org.testng.internal.MethodInvocationHelper.invokeHookable(Ljava/lang/Object;[Ljava/lang/Object;Ljava/lang/Object;Ljava/lang/reflect/Method;Lorg/testng/internal/TestResult;)V+64
j  org.testng.internal.Invoker.invokeMethod([Ljava/lang/Object;ILorg/testng/ITestNGMethod;[Ljava/lang/Object;ILorg/testng/xml/XmlSuite;Ljava/util/Map;Lorg/testng/ITestClass;[Lorg/testng/ITestNGMethod;[Lorg/testng/ITestNGMethod;Lorg/testng/internal/ConfigurationGroupMethods;)Lorg/testng/ITestResult;+280
j  org.testng.internal.Invoker.invokeTestMethod([Ljava/lang/Object;Lorg/testng/ITestNGMethod;[Ljava/lang/Object;ILorg/testng/xml/XmlSuite;Ljava/util/Map;Lorg/testng/ITestClass;[Lorg/testng/ITestNGMethod;[Lorg/testng/ITestNGMethod;Lorg/testng/internal/ConfigurationGroupMethods;)Ljava/util/List;+46
j  org.testng.internal.Invoker.invokeTestMethods(Lorg/testng/ITestNGMethod;[Lorg/testng/ITestNGMethod;ILorg/testng/xml/XmlSuite;Ljava/util/Map;Lorg/testng/internal/ConfigurationGroupMethods;[Ljava/lang/Object;Lorg/testng/ITestContext;)Ljava/util/List;+705
j  org.testng.internal.TestMethodWorker.invokeTestMethods(Lorg/testng/ITestNGMethod;[Ljava/lang/Object;Lorg/testng/ITestContext;)V+32
j  org.testng.internal.TestMethodWorker.run()V+60
j  org.testng.TestRunner.privateRun(Lorg/testng/xml/XmlTest;)V+349
j  org.testng.TestRunner.run()V+26
j  org.testng.SuiteRunner.runTest(Lorg/testng/TestRunner;)V+1
j  org.testng.SuiteRunner.runSequentially()V+31
j  org.testng.SuiteRunner.privateRun()V+281
j  org.testng.SuiteRunner.run()V+6
j  org.testng.SuiteRunnerWorker.runSuite(Lorg/testng/internal/SuiteRunnerMap;Lorg/testng/xml/XmlSuite;)V+96
j  org.testng.SuiteRunnerWorker.run()V+12
j  org.testng.TestNG.runSuitesSequentially(Lorg/testng/xml/XmlSuite;Lorg/testng/internal/SuiteRunnerMap;ILjava/lang/String;)V+66
j  org.testng.TestNG.runSuitesLocally()Ljava/util/List;+117
j  org.testng.TestNG.run()V+77
j  org.testng.remote.AbstractRemoteTestNG.run()V+163
j  org.testng.remote.RemoteTestNG.initAndRun(Lorg/testng/remote/IRemoteTestNG;[Ljava/lang/String;Lorg/testng/CommandLineArgs;Lorg/testng/remote/RemoteArgs;)V+184
j  org.testng.remote.RemoteTestNG.main([Ljava/lang/String;)V+218
v  ~StubRoutines::call_stub

---------------  P R O C E S S  ---------------

Java Threads: ( => current thread )
  0x00007f36ede3d800 JavaThread "http-nio-auto-1-58762-AsyncTimeout" daemon [_thread_blocked, id=4057, stack(0x00007f36a88c6000,0x00007f36a89c7000)]
  0x00007f36ede3b800 JavaThread "http-nio-auto-1-Acceptor-0" daemon [_thread_in_native, id=4056, stack(0x00007f36a89c7000,0x00007f36a8ac8000)]
  0x00007f36ede39000 JavaThread "http-nio-auto-1-ClientPoller-1" daemon [_thread_in_native, id=4055, stack(0x00007f36a8ac8000,0x00007f36a8bc9000)]
  0x00007f36ede1b800 JavaThread "http-nio-auto-1-ClientPoller-0" daemon [_thread_in_native, id=4054, stack(0x00007f36a8bc9000,0x00007f36a8cca000)]
  0x00007f36ede09800 JavaThread "NioBlockingSelector.BlockPoller-1" daemon [_thread_in_native, id=4053, stack(0x00007f36a8cca000,0x00007f36a8dcb000)]
  0x00007f36ecc4f000 JavaThread "Tomcat JDBC Pool Cleaner[865113938:1485168921869]" daemon [_thread_blocked, id=4052, stack(0x00007f36a9a53000,0x00007f36a9b54000)]
  0x00007f36ec0ec000 JavaThread "container-0" [_thread_blocked, id=4051, stack(0x00007f36a9d54000,0x00007f36a9e55000)]
  0x00007f36ec0ea800 JavaThread "ContainerBackgroundProcessor[StandardEngine[Tomcat]]" daemon [_thread_blocked, id=4050, stack(0x00007f36a9e55000,0x00007f36a9f56000)]
  0x00007f369c1ad000 JavaThread "localhost-startStop-1" daemon [_thread_blocked, id=4049, stack(0x00007f36aa156000,0x00007f36aa257000)]
  0x00007f36ed0dd800 JavaThread "Tomcat-startStop-1" daemon [_thread_blocked, id=4048, stack(0x00007f36ab129000,0x00007f36ab22a000)]
  0x00007f36ec4d9000 JavaThread "ReaderThread" [_thread_in_native, id=4045, stack(0x00007f36aba37000,0x00007f36abb38000)]
  0x00007f36ec0d1000 JavaThread "Service Thread" daemon [_thread_blocked, id=4042, stack(0x00007f36d80f7000,0x00007f36d81f8000)]
  0x00007f36ec0c4000 JavaThread "C1 CompilerThread2" daemon [_thread_blocked, id=4041, stack(0x00007f36d81f8000,0x00007f36d82f9000)]
  0x00007f36ec0c2000 JavaThread "C2 CompilerThread1" daemon [_thread_in_native, id=4040, stack(0x00007f36d82f9000,0x00007f36d83fa000)]
  0x00007f36ec0bf000 JavaThread "C2 CompilerThread0" daemon [_thread_in_native, id=4039, stack(0x00007f36d83fa000,0x00007f36d84fb000)]
  0x00007f36ec0be000 JavaThread "Signal Dispatcher" daemon [_thread_blocked, id=4038, stack(0x00007f36d84fb000,0x00007f36d85fc000)]
  0x00007f36ec08a000 JavaThread "Finalizer" daemon [_thread_blocked, id=4037, stack(0x00007f36d8cdf000,0x00007f36d8de0000)]
  0x00007f36ec085800 JavaThread "Reference Handler" daemon [_thread_blocked, id=4036, stack(0x00007f36d8de0000,0x00007f36d8ee1000)]
=>0x00007f36ec010000 JavaThread "main" [_thread_in_vm, id=4026, stack(0x00007f36f3370000,0x00007f36f3471000)]

Other Threads:
  0x00007f36ec07e000 VMThread [stack: 0x00007f36d8ee1000,0x00007f36d8fe2000] [id=4035]
  0x00007f36ec0dc000 WatcherThread [stack: 0x00007f36abeff000,0x00007f36ac000000] [id=4043]

VM state:not at safepoint (normal execution)

VM Mutex/Monitor currently owned by a thread: None

Heap:
 PSYoungGen      total 228352K, used 35153K [0x00000000ebe00000, 0x00000000fb680000, 0x0000000100000000)
  eden space 217088K, 11% used [0x00000000ebe00000,0x00000000ed559a78,0x00000000f9200000)
  from space 11264K, 99% used [0x00000000fab80000,0x00000000fb67ab28,0x00000000fb680000)
  to   space 13824K, 0% used [0x00000000f9b80000,0x00000000f9b80000,0x00000000fa900000)
 ParOldGen       total 55808K, used 25717K [0x00000000c3a00000, 0x00000000c7080000, 0x00000000ebe00000)
  object space 55808K, 46% used [0x00000000c3a00000,0x00000000c531d7d0,0x00000000c7080000)
 Metaspace       used 45066K, capacity 45388K, committed 45696K, reserved 1089536K
  class space    used 5897K, capacity 5997K, committed 6016K, reserved 1048576K

Card table byte_map: [0x00007f36dce1c000,0x00007f36dd000000] byte_map_base: 0x00007f36dc7ff000

Marking Bits: (ParMarkBitMap*) 0x00007f36f284cc80
 Begin Bits: [0x00007f36daba7000, 0x00007f36dbabf000)
 End Bits:   [0x00007f36dbabf000, 0x00007f36dc9d7000)

Polling page: 0x00007f36f3496000

CodeCache: size=245760Kb used=12250Kb max_used=12250Kb free=233509Kb
 bounds [0x00007f36dd000000, 0x00007f36ddc10000, 0x00007f36ec000000]
 total_blobs=3980 nmethods=3509 adapters=384
 compilation: enabled

Compilation events (10 events):
Event: 8.145 Thread 0x00007f36ec0c4000 4007       1       java.util.Collections$SingletonList::size (2 bytes)
Event: 8.145 Thread 0x00007f36ec0c4000 nmethod 4007 0x00007f36dd9c0650 code [0x00007f36dd9c07a0, 0x00007f36dd9c08b0]
Event: 8.146 Thread 0x00007f36ec0c4000 4009       2       java.lang.reflect.Field::getGenericType (20 bytes)
Event: 8.146 Thread 0x00007f36ec0c4000 nmethod 4009 0x00007f36dd20e850 code [0x00007f36dd20e9e0, 0x00007f36dd20ee08]
Event: 8.146 Thread 0x00007f36ec0c4000 4010       1       org.testng.shaded.com.google.gson.reflect.TypeToken::hashCode (5 bytes)
Event: 8.147 Thread 0x00007f36ec0c4000 nmethod 4010 0x00007f36dd20e590 code [0x00007f36dd20e6e0, 0x00007f36dd20e7f0]
Event: 8.147 Thread 0x00007f36ec0c4000 4011       2       java.io.BufferedWriter::ensureOpen (18 bytes)
Event: 8.148 Thread 0x00007f36ec0c4000 nmethod 4011 0x00007f36dd20e150 code [0x00007f36dd20e2c0, 0x00007f36dd20e4c8]
Event: 8.159 Thread 0x00007f36ec0c4000 4012       2       org.hibernate.service.internal.ConcurrentServiceBinding::hashKey (5 bytes)
Event: 8.160 Thread 0x00007f36ec0c4000 nmethod 4012 0x00007f36dd20ddd0 code [0x00007f36dd20df40, 0x00007f36dd20e0a8]

GC Heap History (10 events):
Event: 3.867 GC heap before
{Heap before GC invocations=10 (full 1):
 PSYoungGen      total 116224K, used 116132K [0x00000000ebe00000, 0x00000000f4500000, 0x0000000100000000)
  eden space 113664K, 100% used [0x00000000ebe00000,0x00000000f2d00000,0x00000000f2d00000)
  from space 2560K, 96% used [0x00000000f4280000,0x00000000f44e9360,0x00000000f4500000)
  to   space 8704K, 0% used [0x00000000f3400000,0x00000000f3400000,0x00000000f3c80000)
 ParOldGen       total 33792K, used 9241K [0x00000000c3a00000, 0x00000000c5b00000, 0x00000000ebe00000)
  object space 33792K, 27% used [0x00000000c3a00000,0x00000000c4306520,0x00000000c5b00000)
 Metaspace       used 25810K, capacity 26142K, committed 26368K, reserved 1073152K
  class space    used 3191K, capacity 3280K, committed 3328K, reserved 1048576K
Event: 3.880 GC heap after
Heap after GC invocations=10 (full 1):
 PSYoungGen      total 129536K, used 8696K [0x00000000ebe00000, 0x00000000f7380000, 0x0000000100000000)
  eden space 120832K, 0% used [0x00000000ebe00000,0x00000000ebe00000,0x00000000f3400000)
  from space 8704K, 99% used [0x00000000f3400000,0x00000000f3c7e3f0,0x00000000f3c80000)
  to   space 10240K, 0% used [0x00000000f6980000,0x00000000f6980000,0x00000000f7380000)
 ParOldGen       total 33792K, used 9917K [0x00000000c3a00000, 0x00000000c5b00000, 0x00000000ebe00000)
  object space 33792K, 29% used [0x00000000c3a00000,0x00000000c43af490,0x00000000c5b00000)
 Metaspace       used 25810K, capacity 26142K, committed 26368K, reserved 1073152K
  class space    used 3191K, capacity 3280K, committed 3328K, reserved 1048576K
}
Event: 4.847 GC heap before
{Heap before GC invocations=11 (full 1):
 PSYoungGen      total 129536K, used 129528K [0x00000000ebe00000, 0x00000000f7380000, 0x0000000100000000)
  eden space 120832K, 100% used [0x00000000ebe00000,0x00000000f3400000,0x00000000f3400000)
  from space 8704K, 99% used [0x00000000f3400000,0x00000000f3c7e3f0,0x00000000f3c80000)
  to   space 10240K, 0% used [0x00000000f6980000,0x00000000f6980000,0x00000000f7380000)
 ParOldGen       total 33792K, used 9917K [0x00000000c3a00000, 0x00000000c5b00000, 0x00000000ebe00000)
  object space 33792K, 29% used [0x00000000c3a00000,0x00000000c43af490,0x00000000c5b00000)
 Metaspace       used 30029K, capacity 30288K, committed 30464K, reserved 1075200K
  class space    used 3734K, capacity 3827K, committed 3840K, reserved 1048576K
Event: 4.861 GC heap after
Heap after GC invocations=11 (full 1):
 PSYoungGen      total 174592K, used 9129K [0x00000000ebe00000, 0x00000000f7c80000, 0x0000000100000000)
  eden space 164352K, 0% used [0x00000000ebe00000,0x00000000ebe00000,0x00000000f5e80000)
  from space 10240K, 89% used [0x00000000f6980000,0x00000000f726a588,0x00000000f7380000)
  to   space 11264K, 0% used [0x00000000f5e80000,0x00000000f5e80000,0x00000000f6980000)
 ParOldGen       total 33792K, used 11120K [0x00000000c3a00000, 0x00000000c5b00000, 0x00000000ebe00000)
  object space 33792K, 32% used [0x00000000c3a00000,0x00000000c44dc1c8,0x00000000c5b00000)
 Metaspace       used 30029K, capacity 30288K, committed 30464K, reserved 1075200K
  class space    used 3734K, capacity 3827K, committed 3840K, reserved 1048576K
}
Event: 5.907 GC heap before
{Heap before GC invocations=12 (full 1):
 PSYoungGen      total 174592K, used 111085K [0x00000000ebe00000, 0x00000000f7c80000, 0x0000000100000000)
  eden space 164352K, 62% used [0x00000000ebe00000,0x00000000f2191108,0x00000000f5e80000)
  from space 10240K, 89% used [0x00000000f6980000,0x00000000f726a588,0x00000000f7380000)
  to   space 11264K, 0% used [0x00000000f5e80000,0x00000000f5e80000,0x00000000f6980000)
 ParOldGen       total 33792K, used 11120K [0x00000000c3a00000, 0x00000000c5b00000, 0x00000000ebe00000)
  object space 33792K, 32% used [0x00000000c3a00000,0x00000000c44dc1c8,0x00000000c5b00000)
 Metaspace       used 34952K, capacity 35216K, committed 35496K, reserved 1081344K
  class space    used 4491K, capacity 4579K, committed 4608K, reserved 1048576K
Event: 5.927 GC heap after
Heap after GC invocations=12 (full 1):
 PSYoungGen      total 175616K, used 7537K [0x00000000ebe00000, 0x00000000fb680000, 0x0000000100000000)
  eden space 164352K, 0% used [0x00000000ebe00000,0x00000000ebe00000,0x00000000f5e80000)
  from space 11264K, 66% used [0x00000000f5e80000,0x00000000f65dc780,0x00000000f6980000)
  to   space 11264K, 0% used [0x00000000fab80000,0x00000000fab80000,0x00000000fb680000)
 ParOldGen       total 33792K, used 16307K [0x00000000c3a00000, 0x00000000c5b00000, 0x00000000ebe00000)
  object space 33792K, 48% used [0x00000000c3a00000,0x00000000c49eccd8,0x00000000c5b00000)
 Metaspace       used 34952K, capacity 35216K, committed 35496K, reserved 1081344K
  class space    used 4491K, capacity 4579K, committed 4608K, reserved 1048576K
}
Event: 5.927 GC heap before
{Heap before GC invocations=13 (full 2):
 PSYoungGen      total 175616K, used 7537K [0x00000000ebe00000, 0x00000000fb680000, 0x0000000100000000)
  eden space 164352K, 0% used [0x00000000ebe00000,0x00000000ebe00000,0x00000000f5e80000)
  from space 11264K, 66% used [0x00000000f5e80000,0x00000000f65dc780,0x00000000f6980000)
  to   space 11264K, 0% used [0x00000000fab80000,0x00000000fab80000,0x00000000fb680000)
 ParOldGen       total 33792K, used 16307K [0x00000000c3a00000, 0x00000000c5b00000, 0x00000000ebe00000)
  object space 33792K, 48% used [0x00000000c3a00000,0x00000000c49eccd8,0x00000000c5b00000)
 Metaspace       used 34952K, capacity 35216K, committed 35496K, reserved 1081344K
  class space    used 4491K, capacity 4579K, committed 4608K, reserved 1048576K
Event: 6.055 GC heap after
Heap after GC invocations=13 (full 2):
 PSYoungGen      total 175616K, used 0K [0x00000000ebe00000, 0x00000000fb680000, 0x0000000100000000)
  eden space 164352K, 0% used [0x00000000ebe00000,0x00000000ebe00000,0x00000000f5e80000)
  from space 11264K, 0% used [0x00000000f5e80000,0x00000000f5e80000,0x00000000f6980000)
  to   space 11264K, 0% used [0x00000000fab80000,0x00000000fab80000,0x00000000fb680000)
 ParOldGen       total 55808K, used 22398K [0x00000000c3a00000, 0x00000000c7080000, 0x00000000ebe00000)
  object space 55808K, 40% used [0x00000000c3a00000,0x00000000c4fdf898,0x00000000c7080000)
 Metaspace       used 34952K, capacity 35216K, committed 35496K, reserved 1081344K
  class space    used 4491K, capacity 4579K, committed 4608K, reserved 1048576K
}
Event: 7.985 GC heap before
{Heap before GC invocations=14 (full 2):
 PSYoungGen      total 175616K, used 164352K [0x00000000ebe00000, 0x00000000fb680000, 0x0000000100000000)
  eden space 164352K, 100% used [0x00000000ebe00000,0x00000000f5e80000,0x00000000f5e80000)
  from space 11264K, 0% used [0x00000000f5e80000,0x00000000f5e80000,0x00000000f6980000)
  to   space 11264K, 0% used [0x00000000fab80000,0x00000000fab80000,0x00000000fb680000)
 ParOldGen       total 55808K, used 22398K [0x00000000c3a00000, 0x00000000c7080000, 0x00000000ebe00000)
  object space 55808K, 40% used [0x00000000c3a00000,0x00000000c4fdf898,0x00000000c7080000)
 Metaspace       used 44304K, capacity 44698K, committed 45184K, reserved 1089536K
  class space    used 5801K, capacity 5898K, committed 6016K, reserved 1048576K
Event: 8.003 GC heap after
Heap after GC invocations=14 (full 2):
 PSYoungGen      total 228352K, used 11242K [0x00000000ebe00000, 0x00000000fb680000, 0x0000000100000000)
  eden space 217088K, 0% used [0x00000000ebe00000,0x00000000ebe00000,0x00000000f9200000)
  from space 11264K, 99% used [0x00000000fab80000,0x00000000fb67ab28,0x00000000fb680000)
  to   space 13824K, 0% used [0x00000000f9b80000,0x00000000f9b80000,0x00000000fa900000)
 ParOldGen       total 55808K, used 25717K [0x00000000c3a00000, 0x00000000c7080000, 0x00000000ebe00000)
  object space 55808K, 46% used [0x00000000c3a00000,0x00000000c531d7d0,0x00000000c7080000)
 Metaspace       used 44304K, capacity 44698K, committed 45184K, reserved 1089536K
  class space    used 5801K, capacity 5898K, committed 6016K, reserved 1048576K
}

Deoptimization events (10 events):
Event: 6.610 Thread 0x00007f36ec010000 Uncommon trap: reason=unstable_if action=reinterpret pc=0x00007f36dd37e510 method=java.util.HashMap.putVal(ILjava/lang/Object;Ljava/lang/Object;ZZ)Ljava/lang/Object; @ 109
Event: 6.770 Thread 0x00007f36ec010000 Uncommon trap: reason=unstable_if action=reinterpret pc=0x00007f36dd519d40 method=org.springframework.beans.factory.support.AbstractBeanFactory.isTypeMatch(Ljava/lang/String;Lorg/springframework/core/ResolvableType;)Z @ 322
Event: 6.792 Thread 0x00007f36ec010000 Uncommon trap: reason=unstable_if action=reinterpret pc=0x00007f36dd3cfad4 method=java.util.concurrent.ConcurrentHashMap.putVal(Ljava/lang/Object;Ljava/lang/Object;Z)Ljava/lang/Object; @ 331
Event: 6.906 Thread 0x00007f36ec010000 Uncommon trap: reason=unstable_if action=reinterpret pc=0x00007f36ddb27cc4 method=java.util.concurrent.ConcurrentHashMap.get(Ljava/lang/Object;)Ljava/lang/Object; @ 86
Event: 7.054 Thread 0x00007f36ec010000 Uncommon trap: reason=null_check action=make_not_entrant pc=0x00007f36dd1886a8 method=org.springframework.util.ClassUtils.isAssignable(Ljava/lang/Class;Ljava/lang/Class;)Z @ 14
Event: 7.323 Thread 0x00007f36ec010000 Uncommon trap: reason=class_check action=maybe_recompile pc=0x00007f36dd77a9b8 method=java.util.regex.Pattern$Curly.match(Ljava/util/regex/Matcher;ILjava/lang/CharSequence;)Z @ 19
Event: 7.610 Thread 0x00007f36ec010000 Uncommon trap: reason=null_check action=make_not_entrant pc=0x00007f36dd1dce10 method=org.springframework.core.annotation.AnnotatedElementUtils.searchWithGetSemanticsInAnnotations(Ljava/lang/reflect/AnnotatedElement;Ljava/util/List;Ljava/lang/Class;Ljava/
Event: 8.073 Thread 0x00007f36ec010000 Uncommon trap: reason=unstable_if action=reinterpret pc=0x00007f36dd715234 method=org.springframework.util.ConcurrentReferenceHashMap$Segment.clear()V @ 4
Event: 8.128 Thread 0x00007f36ec010000 Uncommon trap: reason=bimorphic action=maybe_recompile pc=0x00007f36dda85370 method=java.util.Hashtable.get(Ljava/lang/Object;)Ljava/lang/Object; @ 6
Event: 8.128 Thread 0x00007f36ec010000 Uncommon trap: reason=bimorphic action=maybe_recompile pc=0x00007f36dda85370 method=java.util.Hashtable.get(Ljava/lang/Object;)Ljava/lang/Object; @ 6

Internal exceptions (10 events):
Event: 7.979 Thread 0x00007f36ec010000 Exception <a 'java/lang/ClassNotFoundException': org/springframework/boot/autoconfigure/web/WebClientAutoConfigurationCustomizer> (0x00000000f5d65208) thrown at [/HUDSON3/workspace/8-2-build-linux-amd64/jdk8u121/8372/hotspot/src/share/vm/classfile/systemD
Event: 7.979 Thread 0x00007f36ec010000 Exception <a 'java/lang/ClassNotFoundException': org/springframework/boot/autoconfigure/web/WebClientAutoConfiguration$$EnhancerBySpringCGLIB$$2c140284Customizer> (0x00000000f5d88b60) thrown at [/HUDSON3/workspace/8-2-build-linux-amd64/jdk8u121/8372/hotsp
Event: 7.979 Thread 0x00007f36ec010000 Exception <a 'java/lang/ClassNotFoundException': org/springframework/context/annotation/ConfigurationClassEnhancer$EnhancedConfigurationCustomizer> (0x00000000f5dacef8) thrown at [/HUDSON3/workspace/8-2-build-linux-amd64/jdk8u121/8372/hotspot/src/share/vm
Event: 8.134 Thread 0x00007f36ec010000 Exception <a 'java/lang/ClassNotFoundException': java/lang/ObjectCustomizer> (0x00000000ece8da58) thrown at [/HUDSON3/workspace/8-2-build-linux-amd64/jdk8u121/8372/hotspot/src/share/vm/classfile/systemDictionary.cpp, line 210]
Event: 8.134 Thread 0x00007f36ec010000 Exception <a 'java/lang/ClassNotFoundException': org/springframework/test/context/testng/AbstractTestNGSpringContextTestsCustomizer> (0x00000000eceac3d0) thrown at [/HUDSON3/workspace/8-2-build-linux-amd64/jdk8u121/8372/hotspot/src/share/vm/classfile/syst
Event: 8.134 Thread 0x00007f36ec010000 Exception <a 'java/lang/ClassNotFoundException': com/example/crudtest/CRUDTestCustomizer> (0x00000000ecebeff8) thrown at [/HUDSON3/workspace/8-2-build-linux-amd64/jdk8u121/8372/hotspot/src/share/vm/classfile/systemDictionary.cpp, line 210]
Event: 8.135 Thread 0x00007f36ec010000 Exception <a 'java/lang/ClassNotFoundException': org/testng/IHookableCustomizer> (0x00000000ececfa80) thrown at [/HUDSON3/workspace/8-2-build-linux-amd64/jdk8u121/8372/hotspot/src/share/vm/classfile/systemDictionary.cpp, line 210]
Event: 8.135 Thread 0x00007f36ec010000 Exception <a 'java/lang/ClassNotFoundException': org/springframework/context/ApplicationContextAwareCustomizer> (0x00000000ecee5c80) thrown at [/HUDSON3/workspace/8-2-build-linux-amd64/jdk8u121/8372/hotspot/src/share/vm/classfile/systemDictionary.cpp, lin
Event: 8.162 Thread 0x00007f36ec010000 Exception <a 'java/lang/ClassNotFoundException': java/lang/ObjectCustomizer> (0x00000000ed06f9a0) thrown at [/HUDSON3/workspace/8-2-build-linux-amd64/jdk8u121/8372/hotspot/src/share/vm/classfile/systemDictionary.cpp, line 210]
Event: 8.162 Thread 0x00007f36ec010000 Exception <a 'java/lang/ClassNotFoundException': com/example/entity/BookCustomizer> (0x00000000ed082390) thrown at [/HUDSON3/workspace/8-2-build-linux-amd64/jdk8u121/8372/hotspot/src/share/vm/classfile/systemDictionary.cpp, line 210]

Events (10 events):
Event: 8.166 loading class org/hibernate/engine/jdbc/internal/FormatStyle
Event: 8.166 loading class org/hibernate/engine/jdbc/internal/FormatStyle done
Event: 8.166 loading class org/hibernate/engine/jdbc/internal/Formatter
Event: 8.166 loading class org/hibernate/engine/jdbc/internal/Formatter done
Event: 8.166 loading class org/hibernate/engine/jdbc/internal/BasicFormatterImpl
Event: 8.166 loading class org/hibernate/engine/jdbc/internal/BasicFormatterImpl done
Event: 8.167 loading class org/hibernate/engine/jdbc/internal/DDLFormatterImpl
Event: 8.167 loading class org/hibernate/engine/jdbc/internal/DDLFormatterImpl done
Event: 8.167 loading class org/hibernate/engine/jdbc/internal/FormatStyle$NoFormatImpl
Event: 8.167 loading class org/hibernate/engine/jdbc/internal/FormatStyle$NoFormatImpl done


Dynamic libraries:
00400000-00401000 r-xp 00000000 08:03 3554757                            /usr/lib/jvm/java-8-oracle/bin/java
00600000-00601000 rw-p 00000000 08:03 3554757                            /usr/lib/jvm/java-8-oracle/bin/java
0110a000-0112b000 rw-p 00000000 00:00 0                                  [heap]
c3a00000-c7080000 rw-p 00000000 00:00 0 
c7080000-ebe00000 ---p 00000000 00:00 0 
ebe00000-fb680000 rw-p 00000000 00:00 0 
fb680000-100000000 ---p 00000000 00:00 0 
100000000-1005e0000 rw-p 00000000 00:00 0 
1005e0000-140000000 ---p 00000000 00:00 0 
7f3670000000-7f3670021000 rw-p 00000000 00:00 0 
7f3670021000-7f3674000000 ---p 00000000 00:00 0 
7f3678000000-7f3678021000 rw-p 00000000 00:00 0 
7f3678021000-7f367c000000 ---p 00000000 00:00 0 
7f367c000000-7f367c021000 rw-p 00000000 00:00 0 
7f367c021000-7f3680000000 ---p 00000000 00:00 0 
7f3680000000-7f3680021000 rw-p 00000000 00:00 0 
7f3680021000-7f3684000000 ---p 00000000 00:00 0 
7f3684000000-7f3684021000 rw-p 00000000 00:00 0 
7f3684021000-7f3688000000 ---p 00000000 00:00 0 
7f3688000000-7f3688021000 rw-p 00000000 00:00 0 
7f3688021000-7f368c000000 ---p 00000000 00:00 0 
7f368c000000-7f368c021000 rw-p 00000000 00:00 0 
7f368c021000-7f3690000000 ---p 00000000 00:00 0 
7f3690000000-7f36900d9000 rw-p 00000000 00:00 0 
7f36900d9000-7f3694000000 ---p 00000000 00:00 0 
7f3694000000-7f3694021000 rw-p 00000000 00:00 0 
7f3694021000-7f3698000000 ---p 00000000 00:00 0 
7f3698000000-7f3698021000 rw-p 00000000 00:00 0 
7f3698021000-7f369c000000 ---p 00000000 00:00 0 
7f369c000000-7f369c3d6000 rw-p 00000000 00:00 0 
7f369c3d6000-7f36a0000000 ---p 00000000 00:00 0 
7f36a0000000-7f36a0021000 rw-p 00000000 00:00 0 
7f36a0021000-7f36a4000000 ---p 00000000 00:00 0 
7f36a4000000-7f36a4021000 rw-p 00000000 00:00 0 
7f36a4021000-7f36a8000000 ---p 00000000 00:00 0 
7f36a88c6000-7f36a88c9000 ---p 00000000 00:00 0 
7f36a88c9000-7f36a89c7000 rw-p 00000000 00:00 0                          [stack:4057]
7f36a89c7000-7f36a89ca000 ---p 00000000 00:00 0 
7f36a89ca000-7f36a8ac8000 rw-p 00000000 00:00 0                          [stack:4056]
7f36a8ac8000-7f36a8acb000 ---p 00000000 00:00 0 
7f36a8acb000-7f36a8bc9000 rw-p 00000000 00:00 0                          [stack:4055]
7f36a8bc9000-7f36a8bcc000 ---p 00000000 00:00 0 
7f36a8bcc000-7f36a8cca000 rw-p 00000000 00:00 0                          [stack:4054]
7f36a8cca000-7f36a8ccd000 ---p 00000000 00:00 0 
7f36a8ccd000-7f36a8e8b000 rw-p 00000000 00:00 0                          [stack:4053]
7f36a8e8b000-7f36a8fcb000 ---p 00000000 00:00 0 
7f36a8fcb000-7f36a91cb000 rw-p 00000000 00:00 0 
7f36a91cb000-7f36a93cb000 rw-p 00000000 00:00 0 
7f36a93cb000-7f36a95cb000 rw-p 00000000 00:00 0 
7f36a95cb000-7f36a964f000 r-xp 00000000 08:03 5917604                    /tmp/sqlite-3.7.2-libsqlitejdbc.so
7f36a964f000-7f36a984f000 ---p 00084000 08:03 5917604                    /tmp/sqlite-3.7.2-libsqlitejdbc.so
7f36a984f000-7f36a9850000 r--p 00084000 08:03 5917604                    /tmp/sqlite-3.7.2-libsqlitejdbc.so
7f36a9850000-7f36a9853000 rw-p 00085000 08:03 5917604                    /tmp/sqlite-3.7.2-libsqlitejdbc.so
7f36a9853000-7f36a9a53000 rw-p 00000000 00:00 0 
7f36a9a53000-7f36a9a56000 ---p 00000000 00:00 0 
7f36a9a56000-7f36a9d54000 rw-p 00000000 00:00 0                          [stack:4052]
7f36a9d54000-7f36a9d57000 ---p 00000000 00:00 0 
7f36a9d57000-7f36a9e55000 rw-p 00000000 00:00 0                          [stack:4051]
7f36a9e55000-7f36a9e58000 ---p 00000000 00:00 0 
7f36a9e58000-7f36aa156000 rw-p 00000000 00:00 0                          [stack:4050]
7f36aa156000-7f36aa159000 ---p 00000000 00:00 0 
7f36aa159000-7f36aa457000 rw-p 00000000 00:00 0                          [stack:4049]
7f36aa46a000-7f36aa66b000 rw-p 00000000 00:00 0 
7f36aa66b000-7f36aa67e000 r--s 00345000 08:03 3569668                    /usr/lib/jvm/java-8-oracle/jre/lib/resources.jar
7f36aa67e000-7f36aa87e000 rw-p 00000000 00:00 0 
7f36aa87e000-7f36aaa7e000 rw-p 00000000 00:00 0 
7f36aaa7e000-7f36aab13000 r--s 01109000 08:03 3569596                    /usr/lib/jvm/java-8-oracle/jre/lib/ext/jfxrt.jar
7f36aab13000-7f36aab24000 r-xp 00000000 08:03 4870868                    /usr/lib/jvm/java-8-oracle/jre/lib/amd64/libnio.so
7f36aab24000-7f36aad23000 ---p 00011000 08:03 4870868                    /usr/lib/jvm/java-8-oracle/jre/lib/amd64/libnio.so
7f36aad23000-7f36aad24000 rw-p 00010000 08:03 4870868                    /usr/lib/jvm/java-8-oracle/jre/lib/amd64/libnio.so
7f36aad24000-7f36aaf24000 rw-p 00000000 00:00 0 
7f36aaf24000-7f36ab124000 rw-p 00000000 00:00 0 
7f36ab124000-7f36ab129000 r--s 002f9000 08:03 3569547                    /usr/lib/jvm/java-8-oracle/jre/lib/charsets.jar
7f36ab129000-7f36ab12c000 ---p 00000000 00:00 0 
7f36ab12c000-7f36ab22a000 rw-p 00000000 00:00 0                          [stack:4048]
7f36ab22a000-7f36ab233000 r-xp 00000000 08:03 4870832                    /usr/lib/jvm/java-8-oracle/jre/lib/amd64/libmanagement.so
7f36ab233000-7f36ab432000 ---p 00009000 08:03 4870832                    /usr/lib/jvm/java-8-oracle/jre/lib/amd64/libmanagement.so
7f36ab432000-7f36ab433000 rw-p 00008000 08:03 4870832                    /usr/lib/jvm/java-8-oracle/jre/lib/amd64/libmanagement.so
7f36ab433000-7f36ab633000 rw-p 00000000 00:00 0 
7f36ab633000-7f36ab833000 rw-p 00000000 00:00 0 
7f36ab833000-7f36aba33000 rw-p 00000000 00:00 0 
7f36aba33000-7f36aba37000 r--s 0009a000 08:03 3569602                    /usr/lib/jvm/java-8-oracle/jre/lib/jsse.jar
7f36aba37000-7f36aba3a000 ---p 00000000 00:00 0 
7f36aba3a000-7f36abb38000 rw-p 00000000 00:00 0                          [stack:4045]
7f36abb38000-7f36abb4e000 r-xp 00000000 08:03 4870893                    /usr/lib/jvm/java-8-oracle/jre/lib/amd64/libnet.so
7f36abb4e000-7f36abd4e000 ---p 00016000 08:03 4870893                    /usr/lib/jvm/java-8-oracle/jre/lib/amd64/libnet.so
7f36abd4e000-7f36abd4f000 rw-p 00016000 08:03 4870893                    /usr/lib/jvm/java-8-oracle/jre/lib/amd64/libnet.so
7f36abd4f000-7f36abd50000 r--s 0000c000 08:03 5916924                    /home/sharmila/.gradle/caches/modules-2/files-2.1/org.ow2.asm/asm/5.0.3/dcc2193db20e19e1feca8b1240dbbc4e190824fa/asm-5.0.3.jar
7f36abd50000-7f36abd5a000 r--s 00069000 08:03 5923589                    /home/sharmila/.gradle/caches/modules-2/files-2.1/ch.qos.logback/logback-core/1.1.8/b4d1c3dea91727faf8b3d19cf4b9b972d6c0b89/logback-core-1.1.8.jar
7f36abd5a000-7f36abd5c000 r--s 00012000 08:03 5916922                    /home/sharmila/.gradle/caches/modules-2/files-2.1/net.minidev/accessors-smart/1.1/a527213f2fea112a04c9bdf0ec0264e34104cd08/accessors-smart-1.1.jar
7f36abd5c000-7f36abd5e000 r--s 00009000 08:03 5923902                    /home/sharmila/.gradle/caches/modules-2/files-2.1/org.apache.tomcat/tomcat-juli/8.5.6/83d2d1e3362ecca504f3bf8ed1bc4cc451754d24/tomcat-juli-8.5.6.jar
7f36abd5e000-7f36abd67000 r--s 0002d000 08:03 5923903                    /home/sharmila/.gradle/caches/modules-2/files-2.1/xml-apis/xml-apis/1.4.01/3789d9fada2d3d458c4ba2de349d48780f381ee3/xml-apis-1.4.01.jar
7f36abd67000-7f36abd69000 r--s 00004000 08:03 5923588                    /home/sharmila/.gradle/caches/modules-2/files-2.1/org.slf4j/log4j-over-slf4j/1.7.22/a527c37e9ca6c3d19ba298edd4aa344ca751a203/log4j-over-slf4j-1.7.22.jar
7f36abd69000-7f36abd6b000 r--s 00000000 08:03 5923587                    /home/sharmila/.gradle/caches/modules-2/files-2.1/org.slf4j/jul-to-slf4j/1.7.22/b0429e950b3d2bc2c39c1bacafac753edbe3781c/jul-to-slf4j-1.7.22.jar
7f36abd6b000-7f36abd71000 r--s 00045000 08:03 5923585                    /home/sharmila/.gradle/caches/modules-2/files-2.1/ch.qos.logback/logback-classic/1.1.8/e54f49a227611976642f81cf2106b81c1ece8bf5/logback-classic-1.1.8.jar
7f36abd71000-7f36abd72000 r--s 0000f000 08:03 5916909                    /home/sharmila/.gradle/caches/modules-2/files-2.1/org.json/json/20140107/d1ffca6e2482b002702c6a576166fd685e3370e3/json-20140107.jar
7f36abd72000-7f36abd74000 r--s 00009000 08:03 5916921                    /home/sharmila/.gradle/caches/modules-2/files-2.1/org.objenesis/objenesis/2.1/87c0ea803b69252868d09308b4618f766f135a96/objenesis-2.1.jar
7f36abd74000-7f36abd77000 r--s 0001b000 08:03 5916920                    /home/sharmila/.gradle/caches/modules-2/files-2.1/net.minidev/json-smart/2.2.1/5b9e5df7a62d1279b70dc882b041d249c4f0b002/json-smart-2.2.1.jar
7f36abd77000-7f36abd79000 r--s 00003000 08:03 5923586                    /home/sharmila/.gradle/caches/modules-2/files-2.1/org.slf4j/jcl-over-slf4j/1.7.22/86ceac14535af5a42c8fb0d06d79b925dd3cb263/jcl-over-slf4j-1.7.22.jar
7f36abd79000-7f36abd7b000 r--s 00009000 08:03 5923584                    /home/sharmila/.gradle/caches/modules-2/files-2.1/org.slf4j/slf4j-api/1.7.22/a1c83373863cec7ae8d89dc1c5722d8cb6ec0309/slf4j-api-1.7.22.jar
7f36abd7b000-7f36abd83000 r--s 0003a000 08:03 5923901                    /home/sharmila/.gradle/caches/modules-2/files-2.1/org.springframework/spring-tx/4.3.5.RELEASE/296d8ae21fadc0f115dae7d1e8d5c4f8c7de2c3e/spring-tx-4.3.5.RELEASE.jar
7f36abd83000-7f36abd8d000 r--s 0006b000 08:03 5923900                    /home/sharmila/.gradle/caches/modules-2/files-2.1/org.springframework/spring-orm/4.3.5.RELEASE/64c29d310b69bcc6e1fd5a738fa3629bdedb2d3f/spring-orm-4.3.5.RELEASE.jar
7f36abd8d000-7f36abd9d000 r--s 0009a000 08:03 5923899                    /home/sharmila/.gradle/caches/modules-2/files-2.1/org.springframework.data/spring-data-commons/1.12.6.RELEASE/b6403dcfce33e89613f364d80d653d7540279c47/spring-data-commons-1.12.6.RELEASE.jar
7f36abd9d000-7f36abda7000 r--s 0005f000 08:03 5923898                    /home/sharmila/.gradle/caches/modules-2/files-2.1/org.springframework/spring-jdbc/4.3.5.RELEASE/7c09e38b6f6e0b178973dea06bb8fdc6d19aa596/spring-jdbc-4.3.5.RELEASE.jar
7f36abda7000-7f36abdaa000 r--s 00020000 08:03 5923897                    /home/sharmila/.gradle/caches/modules-2/files-2.1/org.apache.tomcat/tomcat-jdbc/8.5.6/feb10a9e22f70565c7556f327b0481dba8587bbc/tomcat-jdbc-8.5.6.jar
7f36abdaa000-7f36abdc3000 r--s 001af000 08:03 5923896                    /home/sharmila/.gradle/caches/modules-2/files-2.1/org.aspectj/aspectjweaver/1.8.9/db28774f477f07220eac18d5ec9c4e01f48589d7/aspectjweaver-1.8.9.jar
7f36abdc3000-7f36abdc6000 r--s 00010000 08:03 5923833                    /home/sharmila/.gradle/caches/modules-2/files-2.1/org.hibernate.common/hibernate-commons-annotations/5.0.1.Final/71e1cff3fcb20d3b3af4f3363c3ddb24d33c6879/hibernate-commons-annotations-5.0.1.Final.jar
7f36abdc6000-7f36abdcb000 r--s 00048000 08:03 5923832                    /home/sharmila/.gradle/caches/modules-2/files-2.1/dom4j/dom4j/1.6.1/5d3ccc056b6f056dbf0dddfdf43894b9065a8f94/dom4j-1.6.1.jar
7f36abdcb000-7f36abdce000 r--s 0002b000 08:03 5923433                    /home/sharmila/.gradle/caches/modules-2/files-2.1/org.jboss/jandex/2.0.0.Final/3e899258936f94649c777193e1be846387ed54b3/jandex-2.0.0.Final.jar
7f36abdce000-7f36abdcf000 r--s 00003000 08:03 5923830                    /home/sharmila/.gradle/caches/modules-2/files-2.1/org.apache.geronimo.specs/geronimo-jta_1.1_spec/1.1.1/aabab3165b8ea936b9360abbf448459c0d04a5a4/geronimo-jta_1.1_spec-1.1.1.jar
7f36abdcf000-7f36abdd4000 r--s 00068000 08:03 5923829                    /home/sharmila/.gradle/caches/modules-2/files-2.1/antlr/antlr/2.7.7/83cd2cd674a217ade95a4bb83a8a14f351f48bd0/antlr-2.7.7.jar
7f36abdd4000-7f36abdd9000 r--s 0003c000 08:03 5923583                    /home/sharmila/.gradle/caches/modules-2/files-2.1/org.springframework/spring-expression/4.3.5.RELEASE/3689dc6c5b942ecde4122eac889ed87977d6f287/spring-expression-4.3.5.RELEASE.jar
7f36abdd9000-7f36abdf3000 r--s 000fc000 08:03 5923582                    /home/sharmila/.gradle/caches/modules-2/files-2.1/org.springframework/spring-context/4.3.5.RELEASE/ca3391c0e17d0138335ba51b51371661d20d56a8/spring-context-4.3.5.RELEASE.jar
7f36abdf3000-7f36abe00000 r--s 000ad000 08:03 5923581                    /home/sharmila/.gradle/caches/modules-2/files-2.1/org.springframework/spring-beans/4.3.5.RELEASE/e12bbc3277da28e2e2608a187f83091dc6c300bf/spring-beans-4.3.5.RELEASE.jar
7f36abe00000-7f36abe09000 r--s 00054000 08:03 5923580                    /home/sharmila/.gradle/caches/modules-2/files-2.1/org.springframework/spring-aop/4.3.5.RELEASE/4f113218af716bd8d174c411f19b26418b5a70f6/spring-aop-4.3.5.RELEASE.jar
7f36abe09000-7f36abe0d000 r--s 00041000 08:03 5923579                    /home/sharmila/.gradle/caches/modules-2/files-2.1/com.fasterxml.jackson.core/jackson-core/2.8.5/60d059f5d2930ccd1ef03535b713fd9f933d1ba7/jackson-core-2.8.5.jar
7f36abe0d000-7f36abe10000 r--s 0000b000 08:03 5923578                    /home/sharmila/.gradle/caches/modules-2/files-2.1/com.fasterxml.jackson.core/jackson-annotations/2.8.5/9d82ff47bc2c2d3b5b6a6618fe636782bbcd5b07/jackson-annotations-2.8.5.jar
7f36abe10000-7f36abe14000 r--s 0000c000 08:03 5916766                    /home/sharmila/.gradle/caches/modules-2/files-2.1/javax.validation/validation-api/1.1.0.Final/8613ae82954779d518631e05daa73a6a954817d5/validation-api-1.1.0.Final.jar
7f36abe14000-7f36abe32000 r--s 000d0000 08:03 5923576                    /home/sharmila/.gradle/caches/modules-2/files-2.1/org.springframework.boot/spring-boot-autoconfigure/1.4.3.RELEASE/41df1bfbdd4ae4e8499ebe1a4bc613bda316d6e1/spring-boot-autoconfigure-1.4.3.RELEASE.jar
7f36abe32000-7f36abe42000 r--s 00092000 08:03 5923575                    /home/sharmila/.gradle/caches/modules-2/files-2.1/org.springframework.boot/spring-boot/1.4.3.RELEASE/17f94def4460075afdfba6bf8f897cd1fc95bf77/spring-boot-1.4.3.RELEASE.jar
7f36abe42000-7f36abe51000 r--s 00084000 08:03 5923574                    /home/sharmila/.gradle/caches/modules-2/files-2.1/org.springframework/spring-test/4.3.5.RELEASE/a1965127e07b469d8e5bb3d2b0ff850423b66be4/spring-test-4.3.5.RELEASE.jar
7f36abe51000-7f36abe67000 r--s 000fa000 08:03 5923530                    /home/sharmila/.gradle/caches/modules-2/files-2.1/org.springframework/spring-core/4.3.5.RELEASE/80299e3f80e8c6d5c076db2ba6adf44a4b52f578/spring-core-4.3.5.RELEASE.jar
7f36abe67000-7f36abe83000 r--s 00103000 08:03 5916914                    /home/sharmila/.gradle/caches/modules-2/files-2.1/org.mockito/mockito-core/1.10.19/e8546f5bef4e061d8dd73895b4e8f40e3fe6effe/mockito-core-1.10.19.jar
7f36abe83000-7f36abe96000 r--s 000d2000 08:03 5916913                    /home/sharmila/.gradle/caches/modules-2/files-2.1/org.assertj/assertj-core/2.5.0/fcd21db4c5f33e5dcac69bf1816415fe0647582f/assertj-core-2.5.0.jar
7f36abe96000-7f36abeff000 r--s 004f3000 08:03 5923432                    /home/sharmila/.gradle/caches/modules-2/files-2.1/org.hibernate/hibernate-core/5.0.11.Final/c2487fb72a2217a7cec9ab478d4c21a36fc09977/hibernate-core-5.0.11.Final.jar
7f36abeff000-7f36abf00000 ---p 00000000 00:00 0 
7f36abf00000-7f36ac000000 rw-p 00000000 00:00 0                          [stack:4043]
7f36ac000000-7f36add06000 rw-p 00000000 00:00 0 
7f36add06000-7f36b0000000 ---p 00000000 00:00 0 
7f36b0000000-7f36b0ff8000 rw-p 00000000 00:00 0 
7f36b0ff8000-7f36b4000000 ---p 00000000 00:00 0 
7f36b4000000-7f36b4021000 rw-p 00000000 00:00 0 
7f36b4021000-7f36b8000000 ---p 00000000 00:00 0 
7f36b8000000-7f36b9c02000 rw-p 00000000 00:00 0 
7f36b9c02000-7f36bc000000 ---p 00000000 00:00 0 
7f36bc000000-7f36bc021000 rw-p 00000000 00:00 0 
7f36bc021000-7f36c0000000 ---p 00000000 00:00 0 
7f36c0000000-7f36c0021000 rw-p 00000000 00:00 0 
7f36c0021000-7f36c4000000 ---p 00000000 00:00 0 
7f36c4000000-7f36c4025000 rw-p 00000000 00:00 0 
7f36c4025000-7f36c8000000 ---p 00000000 00:00 0 
7f36c8000000-7f36c8043000 rw-p 00000000 00:00 0 
7f36c8043000-7f36cc000000 ---p 00000000 00:00 0 
7f36cc000000-7f36cc024000 rw-p 00000000 00:00 0 
7f36cc024000-7f36d0000000 ---p 00000000 00:00 0 
7f36d0000000-7f36d0021000 rw-p 00000000 00:00 0 
7f36d0021000-7f36d4000000 ---p 00000000 00:00 0 
7f36d4000000-7f36d4021000 rw-p 00000000 00:00 0 
7f36d4021000-7f36d8000000 ---p 00000000 00:00 0 
7f36d8000000-7f36d8002000 r--s 0000e000 08:03 5917543                    /home/sharmila/.gradle/caches/modules-2/files-2.1/com.fasterxml/classmate/1.3.3/864c8e370a691e343210cc7c532fc198cee460d8/classmate-1.3.3.jar
7f36d8002000-7f36d8007000 r--s 00036000 08:03 5917542                    /home/sharmila/.gradle/caches/modules-2/files-2.1/org.apache.tomcat.embed/tomcat-embed-websocket/8.5.6/6f6940a216b380ea8506530c374fcfeef820ba54/tomcat-embed-websocket-8.5.6.jar
7f36d8007000-7f36d8008000 r--s 00000000 08:03 5923577                    /home/sharmila/.gradle/caches/modules-2/files-2.1/org.springframework.boot/spring-boot-starter-logging/1.4.3.RELEASE/1c58783c0694abf695babfd39829922d2d501ec2/spring-boot-starter-logging-1.4.3.RELEASE.jar
7f36d8008000-7f36d8009000 r--s 00006000 08:03 5916915                    /home/sharmila/.gradle/caches/modules-2/files-2.1/org.skyscreamer/jsonassert/1.3.0/d5c250eb122496866de36dc84f98e2945845ecdd/jsonassert-1.3.0.jar
7f36d8009000-7f36d800a000 r--s 0000c000 08:03 5916912                    /home/sharmila/.gradle/caches/modules-2/files-2.1/org.hamcrest/hamcrest-library/1.3/4785a3c21320980282f9f33d0d1264a69040538f/hamcrest-library-1.3.jar
7f36d800a000-7f36d800c000 r--s 00009000 08:03 5913472                    /home/sharmila/.gradle/caches/modules-2/files-2.1/org.hamcrest/hamcrest-core/1.3/42a25dc3219429f0e5d060061f71acb49bf010a0/hamcrest-core-1.3.jar
7f36d800c000-7f36d8011000 r--s 0002e000 08:03 5916911                    /home/sharmila/.gradle/caches/modules-2/files-2.1/com.jayway.jsonpath/json-path/2.2.0/22290d17944bd239fabf5ac69005a60a7ecbbbcb/json-path-2.2.0.jar
7f36d8011000-7f36d8016000 r--s 00017000 08:03 5923573                    /home/sharmila/.gradle/caches/modules-2/files-2.1/org.springframework.boot/spring-boot-test-autoconfigure/1.4.3.RELEASE/1a7587605e981a58104a501ab1896e2eb7a76686/spring-boot-test-autoconfigure-1.4.3.RELEASE.jar
7f36d8016000-7f36d801b000 r--s 00021000 08:03 5923572                    /home/sharmila/.gradle/caches/modules-2/files-2.1/org.springframework.boot/spring-boot-test/1.4.3.RELEASE/2d76638f0f13b33859bf3b927c232ff0f8a4ffbf/spring-boot-test-1.4.3.RELEASE.jar
7f36d801b000-7f36d8021000 r--s 0003d000 08:03 5916762                    /home/sharmila/.gradle/caches/modules-2/files-2.1/org.yaml/snakeyaml/1.17/7a27ea250c5130b2922b86dea63cbb1cc10a660c/snakeyaml-1.17.jar
7f36d8021000-7f36d8023000 r--s 00006000 08:03 5923638                    /home/sharmila/.gradle/caches/modules-2/files-2.1/com.beust/jcommander/1.12/7409692b48022f9eca7445861defbcdb9ee3c2a8/jcommander-1.12.jar
7f36d8023000-7f36d8028000 r--s 00040000 08:03 5923637                    /home/sharmila/.gradle/caches/modules-2/files-2.1/org.beanshell/bsh/2.0b4/a05f0a0feefa8d8467ac80e16e7de071489f0d9c/bsh-2.0b4.jar
7f36d8028000-7f36d8030000 r--s 00045000 08:03 5913471                    /home/sharmila/.gradle/caches/modules-2/files-2.1/junit/junit/4.12/2973d150c0dc1fefe998f834810d68f278ea58ec/junit-4.12.jar
7f36d8030000-7f36d8033000 r--s 0000c000 08:03 5923895                    /home/sharmila/.gradle/caches/modules-2/files-2.1/org.springframework/spring-aspects/4.3.5.RELEASE/8c00c15865a1da0a1ba143a50622a8436a56e097/spring-aspects-4.3.5.RELEASE.jar
7f36d8033000-7f36d8039000 r--s 0003f000 08:03 5923894                    /home/sharmila/.gradle/caches/modules-2/files-2.1/org.springframework.data/spring-data-jpa/1.10.6.RELEASE/5d478860b24a493845248c1c336c33a657567bd3/spring-data-jpa-1.10.6.RELEASE.jar
7f36d8039000-7f36d803b000 r--s 00006000 08:03 5923893                    /home/sharmila/.gradle/caches/modules-2/files-2.1/javax.transaction/javax.transaction-api/1.2/d81aff979d603edd90dcd8db2abc1f4ce6479e3e/javax.transaction-api-1.2.jar
7f36d803b000-7f36d8048000 r--s 00089000 08:03 5923892                    /home/sharmila/.gradle/caches/modules-2/files-2.1/org.hibernate/hibernate-entitymanager/5.0.11.Final/549565caed4e0bcb816843693e66ff7b04ce025f/hibernate-entitymanager-5.0.11.Final.jar
7f36d8048000-7f36d8049000 r--s 00000000 08:03 5923891                    /home/sharmila/.gradle/caches/modules-2/files-2.1/org.springframework.boot/spring-boot-starter-jdbc/1.4.3.RELEASE/7ce66cf27ea731189248be7af2ab84ba189e1151/spring-boot-starter-jdbc-1.4.3.RELEASE.jar
7f36d8049000-7f36d8053000 r--s 000ae000 08:03 5916958                    /home/sharmila/.gradle/caches/modules-2/files-2.1/org.javassist/javassist/3.20.0-GA/a9cbcdfb7e9f86fbc74d3afae65f2248bfbf82a0/javassist-3.20.0-GA.jar
7f36d8053000-7f36d8058000 r--s 00017000 08:03 5923828                    /home/sharmila/.gradle/caches/modules-2/files-2.1/org.hibernate.javax.persistence/hibernate-jpa-2.1-api/1.0.0.Final/5e731d961297e5a07290bfaf3db1fbc8bbbf405a/hibernate-jpa-2.1-api-1.0.0.Final.jar
7f36d8058000-7f36d806b000 r--s 00236000 08:03 5916949                    /home/sharmila/.gradle/caches/modules-2/files-2.1/org.eclipse.jdt.core.compiler/ecj/4.5.1/bee1367ac12fb6a20b422ff8711ebeb4f0a42316/ecj-4.5.1.jar
7f36d806b000-7f36d8070000 r--s 00036000 08:03 5917541                    /home/sharmila/.gradle/caches/modules-2/files-2.1/org.apache.tomcat.embed/tomcat-embed-el/8.5.6/a102298d8dc72f4065533d5962953d753b172602/tomcat-embed-el-8.5.6.jar
7f36d8070000-7f36d8099000 r--s 002b2000 08:03 5917540                    /home/sharmila/.gradle/caches/modules-2/files-2.1/org.apache.tomcat.embed/tomcat-embed-core/8.5.6/960834b5abc6b2135250487abf6c060a0fa5a22e/tomcat-embed-core-8.5.6.jar
7f36d8099000-7f36d80aa000 r--s 000cf000 08:03 5923571                    /home/sharmila/.gradle/caches/modules-2/files-2.1/org.springframework/spring-webmvc/4.3.5.RELEASE/c624659217edab07d8279fb0f90462136f089220/spring-webmvc-4.3.5.RELEASE.jar
7f36d80aa000-7f36d80bc000 r--s 000b6000 08:03 5923570                    /home/sharmila/.gradle/caches/modules-2/files-2.1/org.springframework/spring-web/4.3.5.RELEASE/6641daccf2fddafc8358144f3a4f999130fdf144/spring-web-4.3.5.RELEASE.jar
7f36d80bc000-7f36d80cd000 r--s 0011d000 08:03 5923569                    /home/sharmila/.gradle/caches/modules-2/files-2.1/com.fasterxml.jackson.core/jackson-databind/2.8.5/b3035f37e674c04dafe36a660c3815cc59f764e2/jackson-databind-2.8.5.jar
7f36d80cd000-7f36d80dd000 r--s 0009c000 08:03 5916756                    /home/sharmila/.gradle/caches/modules-2/files-2.1/org.hibernate/hibernate-validator/5.2.4.Final/fb18766b576aa6632bcfe9a20a023cbd52bf9769/hibernate-validator-5.2.4.Final.jar
7f36d80dd000-7f36d80e9000 r--s 000a4000 08:03 5923636                    /home/sharmila/.gradle/caches/modules-2/files-2.1/org.testng/testng/6.5.2/5069d2e72356ed87645c5fc3622b0bbb5e0667c9/testng-6.5.2.jar
7f36d80e9000-7f36d80ee000 r--s 00309000 08:03 5923826                    /home/sharmila/.gradle/caches/modules-2/files-2.1/org.xerial/sqlite-jdbc/3.7.2/7a3d67f00508d3881650579f7f228c61bfc1b196/sqlite-jdbc-3.7.2.jar
7f36d80ee000-7f36d80f7000 r--s 00095000 08:03 5913393                    /home/sharmila/.gradle/caches/modules-2/files-2.1/org.apache.tomcat.embed/tomcat-embed-jasper/9.0.0.M11/e2cd5a7038094195c3163532e01daf051d9265fe/tomcat-embed-jasper-9.0.0.M11.jar
7f36d80f7000-7f36d80fa000 ---p 00000000 00:00 0 
7f36d80fa000-7f36d81f8000 rw-p 00000000 00:00 0                          [stack:4042]
7f36d81f8000-7f36d81fb000 ---p 00000000 00:00 0 
7f36d81fb000-7f36d82f9000 rw-p 00000000 00:00 0                          [stack:4041]
7f36d82f9000-7f36d82fc000 ---p 00000000 00:00 0 
7f36d82fc000-7f36d83fa000 rw-p 00000000 00:00 0                          [stack:4040]
7f36d83fa000-7f36d83fd000 ---p 00000000 00:00 0 
7f36d83fd000-7f36d84fb000 rw-p 00000000 00:00 0                          [stack:4039]
7f36d84fb000-7f36d84fe000 ---p 00000000 00:00 0 
7f36d84fe000-7f36d85fc000 rw-p 00000000 00:00 0                          [stack:4038]
7f36d85fc000-7f36d8cdf000 r--p 00000000 08:03 3152909                    /usr/lib/locale/locale-archive
7f36d8cdf000-7f36d8ce2000 ---p 00000000 00:00 0 
7f36d8ce2000-7f36d8de0000 rw-p 00000000 00:00 0                          [stack:4037]
7f36d8de0000-7f36d8de3000 ---p 00000000 00:00 0 
7f36d8de3000-7f36d8ee1000 rw-p 00000000 00:00 0                          [stack:4036]
7f36d8ee1000-7f36d8ee2000 ---p 00000000 00:00 0 
7f36d8ee2000-7f36d9f75000 rw-p 00000000 00:00 0                          [stack:4035]
7f36d9f75000-7f36da14e000 r--s 03d3e000 08:03 3569606                    /usr/lib/jvm/java-8-oracle/jre/lib/rt.jar
7f36da14e000-7f36dc9d7000 rw-p 00000000 00:00 0 
7f36dc9d7000-7f36dc9d8000 ---p 00000000 00:00 0 
7f36dc9d8000-7f36dcad8000 rw-p 00000000 00:00 0                          [stack:4034]
7f36dcad8000-7f36dcad9000 ---p 00000000 00:00 0 
7f36dcad9000-7f36dcbd9000 rw-p 00000000 00:00 0                          [stack:4033]
7f36dcbd9000-7f36dcbda000 ---p 00000000 00:00 0 
7f36dcbda000-7f36dccf6000 rw-p 00000000 00:00 0                          [stack:4032]
7f36dccf6000-7f36dce1c000 ---p 00000000 00:00 0 
7f36dce1c000-7f36dce38000 rw-p 00000000 00:00 0 
7f36dce38000-7f36dcf5e000 ---p 00000000 00:00 0 
7f36dcf5e000-7f36dcfdb000 rw-p 00000000 00:00 0 
7f36dcfdb000-7f36dcfff000 ---p 00000000 00:00 0 
7f36dcfff000-7f36dd000000 rw-p 00000000 00:00 0 
7f36dd000000-7f36ddc10000 rwxp 00000000 00:00 0 
7f36ddc10000-7f36ec000000 ---p 00000000 00:00 0 
7f36ec000000-7f36ee0e6000 rw-p 00000000 00:00 0 
7f36ee0e6000-7f36f0000000 ---p 00000000 00:00 0 
7f36f0000000-7f36f0008000 r--s 00046000 08:03 2759763                    /home/sharmila/Downloads/sts 3.6.4/sts-bundle/sts-3.6.4.RELEASE/plugins/org.testng.eclipse_6.10.0.201612030230/lib/testng-remote.jar
7f36f0008000-7f36f0029000 rw-p 00000000 00:00 0 
7f36f0029000-7f36f002a000 ---p 00000000 00:00 0 
7f36f002a000-7f36f015b000 rw-p 00000000 00:00 0                          [stack:4031]
7f36f015b000-7f36f04ea000 ---p 00000000 00:00 0 
7f36f04ea000-7f36f0504000 r-xp 00000000 08:03 4870864                    /usr/lib/jvm/java-8-oracle/jre/lib/amd64/libzip.so
7f36f0504000-7f36f0704000 ---p 0001a000 08:03 4870864                    /usr/lib/jvm/java-8-oracle/jre/lib/amd64/libzip.so
7f36f0704000-7f36f0705000 rw-p 0001a000 08:03 4870864                    /usr/lib/jvm/java-8-oracle/jre/lib/amd64/libzip.so
7f36f0705000-7f36f070f000 r-xp 00000000 08:03 4070135                    /lib/x86_64-linux-gnu/libnss_files-2.19.so
7f36f070f000-7f36f090e000 ---p 0000a000 08:03 4070135                    /lib/x86_64-linux-gnu/libnss_files-2.19.so
7f36f090e000-7f36f090f000 r--p 00009000 08:03 4070135                    /lib/x86_64-linux-gnu/libnss_files-2.19.so
7f36f090f000-7f36f0910000 rw-p 0000a000 08:03 4070135                    /lib/x86_64-linux-gnu/libnss_files-2.19.so
7f36f0910000-7f36f091b000 r-xp 00000000 08:03 4070127                    /lib/x86_64-linux-gnu/libnss_nis-2.19.so
7f36f091b000-7f36f0b1a000 ---p 0000b000 08:03 4070127                    /lib/x86_64-linux-gnu/libnss_nis-2.19.so
7f36f0b1a000-7f36f0b1b000 r--p 0000a000 08:03 4070127                    /lib/x86_64-linux-gnu/libnss_nis-2.19.so
7f36f0b1b000-7f36f0b1c000 rw-p 0000b000 08:03 4070127                    /lib/x86_64-linux-gnu/libnss_nis-2.19.so
7f36f0b1c000-7f36f0b33000 r-xp 00000000 08:03 4070123                    /lib/x86_64-linux-gnu/libnsl-2.19.so
7f36f0b33000-7f36f0d32000 ---p 00017000 08:03 4070123                    /lib/x86_64-linux-gnu/libnsl-2.19.so
7f36f0d32000-7f36f0d33000 r--p 00016000 08:03 4070123                    /lib/x86_64-linux-gnu/libnsl-2.19.so
7f36f0d33000-7f36f0d34000 rw-p 00017000 08:03 4070123                    /lib/x86_64-linux-gnu/libnsl-2.19.so
7f36f0d34000-7f36f0d36000 rw-p 00000000 00:00 0 
7f36f0d36000-7f36f0d3f000 r-xp 00000000 08:03 4070122                    /lib/x86_64-linux-gnu/libnss_compat-2.19.so
7f36f0d3f000-7f36f0f3e000 ---p 00009000 08:03 4070122                    /lib/x86_64-linux-gnu/libnss_compat-2.19.so
7f36f0f3e000-7f36f0f3f000 r--p 00008000 08:03 4070122                    /lib/x86_64-linux-gnu/libnss_compat-2.19.so
7f36f0f3f000-7f36f0f40000 rw-p 00009000 08:03 4070122                    /lib/x86_64-linux-gnu/libnss_compat-2.19.so
7f36f0f40000-7f36f0f6b000 r-xp 00000000 08:03 4870782                    /usr/lib/jvm/java-8-oracle/jre/lib/amd64/libjava.so
7f36f0f6b000-7f36f116a000 ---p 0002b000 08:03 4870782                    /usr/lib/jvm/java-8-oracle/jre/lib/amd64/libjava.so
7f36f116a000-7f36f116c000 rw-p 0002a000 08:03 4870782                    /usr/lib/jvm/java-8-oracle/jre/lib/amd64/libjava.so
7f36f116c000-7f36f1179000 r-xp 00000000 08:03 4870821                    /usr/lib/jvm/java-8-oracle/jre/lib/amd64/libverify.so
7f36f1179000-7f36f1378000 ---p 0000d000 08:03 4870821                    /usr/lib/jvm/java-8-oracle/jre/lib/amd64/libverify.so
7f36f1378000-7f36f137a000 rw-p 0000c000 08:03 4870821                    /usr/lib/jvm/java-8-oracle/jre/lib/amd64/libverify.so
7f36f137a000-7f36f1381000 r-xp 00000000 08:03 4070131                    /lib/x86_64-linux-gnu/librt-2.19.so
7f36f1381000-7f36f1580000 ---p 00007000 08:03 4070131                    /lib/x86_64-linux-gnu/librt-2.19.so
7f36f1580000-7f36f1581000 r--p 00006000 08:03 4070131                    /lib/x86_64-linux-gnu/librt-2.19.so
7f36f1581000-7f36f1582000 rw-p 00007000 08:03 4070131                    /lib/x86_64-linux-gnu/librt-2.19.so
7f36f1582000-7f36f1687000 r-xp 00000000 08:03 4070117                    /lib/x86_64-linux-gnu/libm-2.19.so
7f36f1687000-7f36f1886000 ---p 00105000 08:03 4070117                    /lib/x86_64-linux-gnu/libm-2.19.so
7f36f1886000-7f36f1887000 r--p 00104000 08:03 4070117                    /lib/x86_64-linux-gnu/libm-2.19.so
7f36f1887000-7f36f1888000 rw-p 00105000 08:03 4070117                    /lib/x86_64-linux-gnu/libm-2.19.so
7f36f1888000-7f36f2556000 r-xp 00000000 08:03 5260205                    /usr/lib/jvm/java-8-oracle/jre/lib/amd64/server/libjvm.so
7f36f2556000-7f36f2756000 ---p 00cce000 08:03 5260205                    /usr/lib/jvm/java-8-oracle/jre/lib/amd64/server/libjvm.so
7f36f2756000-7f36f282f000 rw-p 00cce000 08:03 5260205                    /usr/lib/jvm/java-8-oracle/jre/lib/amd64/server/libjvm.so
7f36f282f000-7f36f287a000 rw-p 00000000 00:00 0 
7f36f287a000-7f36f2a34000 r-xp 00000000 08:03 4070132                    /lib/x86_64-linux-gnu/libc-2.19.so
7f36f2a34000-7f36f2c34000 ---p 001ba000 08:03 4070132                    /lib/x86_64-linux-gnu/libc-2.19.so
7f36f2c34000-7f36f2c38000 r--p 001ba000 08:03 4070132                    /lib/x86_64-linux-gnu/libc-2.19.so
7f36f2c38000-7f36f2c3a000 rw-p 001be000 08:03 4070132                    /lib/x86_64-linux-gnu/libc-2.19.so
7f36f2c3a000-7f36f2c3f000 rw-p 00000000 00:00 0 
7f36f2c3f000-7f36f2c42000 r-xp 00000000 08:03 4070119                    /lib/x86_64-linux-gnu/libdl-2.19.so
7f36f2c42000-7f36f2e41000 ---p 00003000 08:03 4070119                    /lib/x86_64-linux-gnu/libdl-2.19.so
7f36f2e41000-7f36f2e42000 r--p 00002000 08:03 4070119                    /lib/x86_64-linux-gnu/libdl-2.19.so
7f36f2e42000-7f36f2e43000 rw-p 00003000 08:03 4070119                    /lib/x86_64-linux-gnu/libdl-2.19.so
7f36f2e43000-7f36f2e58000 r-xp 00000000 08:03 3555343                    /usr/lib/jvm/java-8-oracle/lib/amd64/jli/libjli.so
7f36f2e58000-7f36f3058000 ---p 00015000 08:03 3555343                    /usr/lib/jvm/java-8-oracle/lib/amd64/jli/libjli.so
7f36f3058000-7f36f3059000 rw-p 00015000 08:03 3555343                    /usr/lib/jvm/java-8-oracle/lib/amd64/jli/libjli.so
7f36f3059000-7f36f3072000 r-xp 00000000 08:03 4070124                    /lib/x86_64-linux-gnu/libpthread-2.19.so
7f36f3072000-7f36f3271000 ---p 00019000 08:03 4070124                    /lib/x86_64-linux-gnu/libpthread-2.19.so
7f36f3271000-7f36f3272000 r--p 00018000 08:03 4070124                    /lib/x86_64-linux-gnu/libpthread-2.19.so
7f36f3272000-7f36f3273000 rw-p 00019000 08:03 4070124                    /lib/x86_64-linux-gnu/libpthread-2.19.so
7f36f3273000-7f36f3277000 rw-p 00000000 00:00 0 
7f36f3277000-7f36f329a000 r-xp 00000000 08:03 4070125                    /lib/x86_64-linux-gnu/ld-2.19.so
7f36f329a000-7f36f329b000 r--s 00000000 08:03 5923890                    /home/sharmila/.gradle/caches/modules-2/files-2.1/org.springframework.boot/spring-boot-starter-aop/1.4.3.RELEASE/30b11b6455bed446d3b4a1a49fab529b2cfac454/spring-boot-starter-aop-1.4.3.RELEASE.jar
7f36f329b000-7f36f329d000 r--s 0000f000 08:03 5916917                    /home/sharmila/.gradle/caches/modules-2/files-2.1/org.jboss.logging/jboss-logging/3.3.0.Final/3616bb87707910296e2c195dc016287080bba5af/jboss-logging-3.3.0.Final.jar
7f36f329d000-7f36f329e000 r--s 00000000 08:03 5923568                    /home/sharmila/.gradle/caches/modules-2/files-2.1/org.springframework.boot/spring-boot-starter-tomcat/1.4.3.RELEASE/61c48035a7a3b06b42fdd07b7109e562077b3792/spring-boot-starter-tomcat-1.4.3.RELEASE.jar
7f36f329e000-7f36f3370000 rw-p 00000000 00:00 0 
7f36f3370000-7f36f3373000 ---p 00000000 00:00 0 
7f36f3373000-7f36f3475000 rw-p 00000000 00:00 0                          [stack:4026]
7f36f3475000-7f36f3476000 r--s 00000000 08:03 5923567                    /home/sharmila/.gradle/caches/modules-2/files-2.1/org.springframework.boot/spring-boot-starter/1.4.3.RELEASE/c99bad104719e947b3f9aa2b7569583805e4c5d5/spring-boot-starter-1.4.3.RELEASE.jar
7f36f3476000-7f36f3477000 r--s 00000000 08:03 5923566                    /home/sharmila/.gradle/caches/modules-2/files-2.1/org.springframework.boot/spring-boot-starter-test/1.4.3.RELEASE/6e9f1dbd3f68299c0183630ef07ca430de160050/spring-boot-starter-test-1.4.3.RELEASE.jar
7f36f3477000-7f36f3478000 r--s 00000000 08:03 5923889                    /home/sharmila/.gradle/caches/modules-2/files-2.1/org.springframework.boot/spring-boot-starter-data-jpa/1.4.3.RELEASE/ffda06c2144d10239014407333c223a237b73ad7/spring-boot-starter-data-jpa-1.4.3.RELEASE.jar
7f36f3478000-7f36f3479000 r--s 00003000 08:03 5923431                    /home/sharmila/.gradle/caches/modules-2/files-2.1/org.hibernate/hibernate-gradle-plugin/5.2.3.Final/db2ad8695e48a03a566b74fb5fc07c1732c1f5e5/hibernate-gradle-plugin-5.2.3.Final.jar
7f36f3479000-7f36f347a000 r--s 00000000 08:03 5923565                    /home/sharmila/.gradle/caches/modules-2/files-2.1/org.springframework.boot/spring-boot-starter-web/1.4.3.RELEASE/a0dcc919eda8e8ecb6f13f52a30e6afbb8266103/spring-boot-starter-web-1.4.3.RELEASE.jar
7f36f347a000-7f36f348d000 rw-p 00000000 00:00 0 
7f36f348d000-7f36f3495000 rw-s 00000000 08:03 545610                     /tmp/hsperfdata_sharmila/4024
7f36f3495000-7f36f3496000 rw-p 00000000 00:00 0 
7f36f3496000-7f36f3497000 r--p 00000000 00:00 0 
7f36f3497000-7f36f3499000 rw-p 00000000 00:00 0 
7f36f3499000-7f36f349a000 r--p 00022000 08:03 4070125                    /lib/x86_64-linux-gnu/ld-2.19.so
7f36f349a000-7f36f349b000 rw-p 00023000 08:03 4070125                    /lib/x86_64-linux-gnu/ld-2.19.so
7f36f349b000-7f36f349c000 rw-p 00000000 00:00 0 
7ffff7528000-7ffff754c000 rw-p 00000000 00:00 0                          [stack]
7ffff758d000-7ffff758f000 r-xp 00000000 00:00 0                          [vdso]
ffffffffff600000-ffffffffff601000 r-xp 00000000 00:00 0                  [vsyscall]

VM Arguments:
jvm_args: -ea -Dfile.encoding=UTF-8 
java_command: org.testng.remote.RemoteTestNG -serport 54469 -protocol json -d /home/sharmila/Documents/work-office/TestNG_Project/test-output /tmp/testng-eclipse-473671760/testng-customsuite.xml
java_class_path (initial): /home/sharmila/Downloads/sts 3.6.4/sts-bundle/sts-3.6.4.RELEASE/plugins/org.testng.eclipse_6.10.0.201612030230/lib/testng-remote.jar:/home/sharmila/Documents/work-office/TestNG_Project/bin:/home/sharmila/.gradle/caches/modules-2/files-2.1/org.springframework.boot/spring-boot-starter-web/1.4.3.RELEASE/a0dcc919eda8e8ecb6f13f52a30e6afbb8266103/spring-boot-starter-web-1.4.3.RELEASE.jar:/home/sharmila/.gradle/caches/modules-2/files-2.1/org.apache.tomcat.embed/tomcat-embed-jasper/9.0.0.M11/e2cd5a7038094195c3163532e01daf051d9265fe/tomcat-embed-jasper-9.0.0.M11.jar:/home/sharmila/.gradle/caches/modules-2/files-2.1/org.xerial/sqlite-jdbc/3.7.2/7a3d67f00508d3881650579f7f228c61bfc1b196/sqlite-jdbc-3.7.2.jar:/home/sharmila/.gradle/caches/modules-2/files-2.1/org.hibernate/hibernate-gradle-plugin/5.2.3.Final/db2ad8695e48a03a566b74fb5fc07c1732c1f5e5/hibernate-gradle-plugin-5.2.3.Final.jar:/home/sharmila/.gradle/caches/modules-2/files-2.1/org.springframework.boot/spring-boot-starter-data-jpa/1.4.3.RELEASE/ffda06c2144d10239014407333c223a237b73ad7/spring-boot-starter-data-jpa-1.4.3.RELEASE.jar:/home/sharmila/.gradle/caches/modules-2/files-2.1/org.testng/testng/6.5.2/5069d2e72356ed87645c5fc3622b0bbb5e0667c9/testng-6.5.2.jar:/home/sharmila/.gradle/caches/modules-2/files-2.1/org.springframework.boot/spring-boot-starter-test/1.4.3.RELEASE/6e9f1dbd3f68299c0183630ef07ca430de160050/spring-boot-starter-test-1.4.3.RELEASE.jar:/home/sharmila/.gradle/caches/modules-2/files-2.1/org.springframework.boot/spring-boot-starter/1.4.3.RELEASE/c99bad104719e947b3f9aa2b7569583805e4c5d5/spring-boot-starter-1.4.3.RELEASE.jar:/home/sharmila/.gradle/caches/modules-2/files-2.1/org.springframework.boot/spring-boot-starter-tomcat/1.4.3.RELEASE/61c48035a7a3b06b42fdd07b7109e562077b3792/spring-boot-starter-tomcat-1.4.3.RELEASE.jar:/home/sharmila/.gradle/caches/modules-2/files-2.1/org.hibernate/hibernate-validator/5.2.4.Final/fb18766b576aa6632bcfe9a20a023cbd52bf9769/hibernate-validator-5
Launcher Type: SUN_STANDARD

Environment Variables:
JAVA_HOME=/usr/lib/jvm/java-8-oracle
PATH=/usr/local/sbin:/usr/local/bin:/usr/sbin:/usr/bin:/sbin:/bin:/usr/games:/usr/local/games:/usr/lib/jvm/java-8-oracle/bin:/usr/lib/jvm/java-8-oracle/db/bin:/usr/lib/jvm/java-8-oracle/jre/bin
SHELL=/bin/bash
DISPLAY=:0.0

Signal Handlers:
SIGSEGV: [libjvm.so+0xac78c0], sa_mask[0]=11111111011111111101111111111110, sa_flags=SA_RESTART|SA_SIGINFO
SIGBUS: [libjvm.so+0xac78c0], sa_mask[0]=11111111011111111101111111111110, sa_flags=SA_RESTART|SA_SIGINFO
SIGFPE: [libjvm.so+0x920ac0], sa_mask[0]=11111111011111111101111111111110, sa_flags=SA_RESTART|SA_SIGINFO
SIGPIPE: [libjvm.so+0x920ac0], sa_mask[0]=11111111011111111101111111111110, sa_flags=SA_RESTART|SA_SIGINFO
SIGXFSZ: [libjvm.so+0x920ac0], sa_mask[0]=11111111011111111101111111111110, sa_flags=SA_RESTART|SA_SIGINFO
SIGILL: [libjvm.so+0x920ac0], sa_mask[0]=11111111011111111101111111111110, sa_flags=SA_RESTART|SA_SIGINFO
SIGUSR1: SIG_DFL, sa_mask[0]=00000000000000000000000000000000, sa_flags=none
SIGUSR2: [libjvm.so+0x922300], sa_mask[0]=00100000000000000000000000000000, sa_flags=SA_RESTART|SA_SIGINFO
SIGHUP: [libjvm.so+0x923700], sa_mask[0]=11111111011111111101111111111110, sa_flags=SA_RESTART|SA_SIGINFO
SIGINT: [libjvm.so+0x923700], sa_mask[0]=11111111011111111101111111111110, sa_flags=SA_RESTART|SA_SIGINFO
SIGTERM: [libjvm.so+0x923700], sa_mask[0]=11111111011111111101111111111110, sa_flags=SA_RESTART|SA_SIGINFO
SIGQUIT: [libjvm.so+0x923700], sa_mask[0]=11111111011111111101111111111110, sa_flags=SA_RESTART|SA_SIGINFO


---------------  S Y S T E M  ---------------

OS:DISTRIB_ID=Ubuntu
DISTRIB_RELEASE=14.04
DISTRIB_CODENAME=trusty
DISTRIB_DESCRIPTION="Ubuntu 14.04.5 LTS"

uname:Linux 3.13.0-107-generic #154-Ubuntu SMP Tue Dec 20 09:57:27 UTC 2016 x86_64
libc:glibc 2.19 NPTL 2.19 
rlimit: STACK 8192k, CORE 0k, NPROC 30712, NOFILE 4096, AS infinity
load average:0.54 0.20 0.22

/proc/meminfo:
MemTotal:        3953548 kB
MemFree:          151468 kB
Buffers:           18160 kB
Cached:           933008 kB
SwapCached:         1348 kB
Active:          2390112 kB
Inactive:        1177644 kB
Active(anon):    2135680 kB
Inactive(anon):   941172 kB
Active(file):     254432 kB
Inactive(file):   236472 kB
Unevictable:         208 kB
Mlocked:             208 kB
SwapTotal:       7999484 kB
SwapFree:        7996160 kB
Dirty:               952 kB
Writeback:             0 kB
AnonPages:       2615636 kB
Mapped:           524828 kB
Shmem:            460260 kB
Slab:             112976 kB
SReclaimable:      75536 kB
SUnreclaim:        37440 kB
KernelStack:        5384 kB
PageTables:        47552 kB
NFS_Unstable:          0 kB
Bounce:                0 kB
WritebackTmp:          0 kB
CommitLimit:     9976256 kB
Committed_AS:    7632940 kB
VmallocTotal:   34359738367 kB
VmallocUsed:      400960 kB
VmallocChunk:   34359326204 kB
HardwareCorrupted:     0 kB
AnonHugePages:    878592 kB
HugePages_Total:       0
HugePages_Free:        0
HugePages_Rsvd:        0
HugePages_Surp:        0
Hugepagesize:       2048 kB
DirectMap4k:       82092 kB
DirectMap2M:     2969600 kB
DirectMap1G:     1048576 kB


CPU:total 4 (2 cores per cpu, 2 threads per core) family 6 model 69 stepping 1, cmov, cx8, fxsr, mmx, sse, sse2, sse3, ssse3, sse4.1, sse4.2, popcnt, avx, avx2, aes, clmul, erms, lzcnt, ht, tsc, tscinvbit, bmi1, bmi2

/proc/cpuinfo:
processor	: 0
vendor_id	: GenuineIntel
cpu family	: 6
model		: 69
model name	: Intel(R) Core(TM) i5-4200U CPU @ 1.60GHz
stepping	: 1
microcode	: 0x17
cpu MHz		: 1600.000
cache size	: 3072 KB
physical id	: 0
siblings	: 4
core id		: 0
cpu cores	: 2
apicid		: 0
initial apicid	: 0
fpu		: yes
fpu_exception	: yes
cpuid level	: 13
wp		: yes
flags		: fpu vme de pse tsc msr pae mce cx8 apic sep mtrr pge mca cmov pat pse36 clflush dts acpi mmx fxsr sse sse2 ss ht tm pbe syscall nx pdpe1gb rdtscp lm constant_tsc arch_perfmon pebs bts rep_good nopl xtopology nonstop_tsc aperfmperf eagerfpu pni pclmulqdq dtes64 monitor ds_cpl vmx est tm2 ssse3 fma cx16 xtpr pdcm pcid sse4_1 sse4_2 movbe popcnt tsc_deadline_timer aes xsave avx f16c rdrand lahf_lm abm ida arat epb xsaveopt pln pts dtherm tpr_shadow vnmi flexpriority ept vpid fsgsbase tsc_adjust bmi1 avx2 smep bmi2 erms invpcid
bogomips	: 4589.43
clflush size	: 64
cache_alignment	: 64
address sizes	: 39 bits physical, 48 bits virtual
power management:

processor	: 1
vendor_id	: GenuineIntel
cpu family	: 6
model		: 69
model name	: Intel(R) Core(TM) i5-4200U CPU @ 1.60GHz
stepping	: 1
microcode	: 0x17
cpu MHz		: 1600.000
cache size	: 3072 KB
physical id	: 0
siblings	: 4
core id		: 0
cpu cores	: 2
apicid		: 1
initial apicid	: 1
fpu		: yes
fpu_exception	: yes
cpuid level	: 13
wp		: yes
flags		: fpu vme de pse tsc msr pae mce cx8 apic sep mtrr pge mca cmov pat pse36 clflush dts acpi mmx fxsr sse sse2 ss ht tm pbe syscall nx pdpe1gb rdtscp lm constant_tsc arch_perfmon pebs bts rep_good nopl xtopology nonstop_tsc aperfmperf eagerfpu pni pclmulqdq dtes64 monitor ds_cpl vmx est tm2 ssse3 fma cx16 xtpr pdcm pcid sse4_1 sse4_2 movbe popcnt tsc_deadline_timer aes xsave avx f16c rdrand lahf_lm abm ida arat epb xsaveopt pln pts dtherm tpr_shadow vnmi flexpriority ept vpid fsgsbase tsc_adjust bmi1 avx2 smep bmi2 erms invpcid
bogomips	: 4589.43
clflush size	: 64
cache_alignment	: 64
address sizes	: 39 bits physical, 48 bits virtual
power management:

processor	: 2
vendor_id	: GenuineIntel
cpu family	: 6
model		: 69
model name	: Intel(R) Core(TM) i5-4200U CPU @ 1.60GHz
stepping	: 1
microcode	: 0x17
cpu MHz		: 1600.000
cache size	: 3072 KB
physical id	: 0
siblings	: 4
core id		: 1
cpu cores	: 2
apicid		: 2
initial apicid	: 2
fpu		: yes
fpu_exception	: yes
cpuid level	: 13
wp		: yes
flags		: fpu vme de pse tsc msr pae mce cx8 apic sep mtrr pge mca cmov pat pse36 clflush dts acpi mmx fxsr sse sse2 ss ht tm pbe syscall nx pdpe1gb rdtscp lm constant_tsc arch_perfmon pebs bts rep_good nopl xtopology nonstop_tsc aperfmperf eagerfpu pni pclmulqdq dtes64 monitor ds_cpl vmx est tm2 ssse3 fma cx16 xtpr pdcm pcid sse4_1 sse4_2 movbe popcnt tsc_deadline_timer aes xsave avx f16c rdrand lahf_lm abm ida arat epb xsaveopt pln pts dtherm tpr_shadow vnmi flexpriority ept vpid fsgsbase tsc_adjust bmi1 avx2 smep bmi2 erms invpcid
bogomips	: 4589.43
clflush size	: 64
cache_alignment	: 64
address sizes	: 39 bits physical, 48 bits virtual
power management:

processor	: 3
vendor_id	: GenuineIntel
cpu family	: 6
model		: 69
model name	: Intel(R) Core(TM) i5-4200U CPU @ 1.60GHz
stepping	: 1
microcode	: 0x17
cpu MHz		: 1600.000
cache size	: 3072 KB
physical id	: 0
siblings	: 4
core id		: 1
cpu cores	: 2
apicid		: 3
initial apicid	: 3
fpu		: yes
fpu_exception	: yes
cpuid level	: 13
wp		: yes
flags		: fpu vme de pse tsc msr pae mce cx8 apic sep mtrr pge mca cmov pat pse36 clflush dts acpi mmx fxsr sse sse2 ss ht tm pbe syscall nx pdpe1gb rdtscp lm constant_tsc arch_perfmon pebs bts rep_good nopl xtopology nonstop_tsc aperfmperf eagerfpu pni pclmulqdq dtes64 monitor ds_cpl vmx est tm2 ssse3 fma cx16 xtpr pdcm pcid sse4_1 sse4_2 movbe popcnt tsc_deadline_timer aes xsave avx f16c rdrand lahf_lm abm ida arat epb xsaveopt pln pts dtherm tpr_shadow vnmi flexpriority ept vpid fsgsbase tsc_adjust bmi1 avx2 smep bmi2 erms invpcid
bogomips	: 4589.43
clflush size	: 64
cache_alignment	: 64
address sizes	: 39 bits physical, 48 bits virtual
power management:



Memory: 4k page, physical 3953548k(151468k free), swap 7999484k(7996160k free)

vm_info: Java HotSpot(TM) 64-Bit Server VM (25.121-b13) for linux-amd64 JRE (1.8.0_121-b13), built on Dec 12 2016 16:36:53 by "java_re" with gcc 4.3.0 20080428 (Red Hat 4.3.0-8)

time: Mon Jan 23 16:40:24 2017
elapsed time: 8 seconds (0d 0h 0m 8s)

