#
# A fatal error has been detected by the Java Runtime Environment:
#
#  SIGSEGV (0xb) at pc=0x00007f670743e118, pid=6249, tid=0x00007f6708944700
#
# JRE version: Java(TM) SE Runtime Environment (8.0_121-b13) (build 1.8.0_121-b13)
# Java VM: Java HotSpot(TM) 64-Bit Server VM (25.121-b13 mixed mode linux-amd64 compressed oops)
# Problematic frame:
# V  [libjvm.so+0x6e2118]  jni_GetStringUTFChars+0xb8
#
# Failed to write core dump. Core dumps have been disabled. To enable core dumping, try "ulimit -c unlimited" before starting Java again
#
# If you would like to submit a bug report, please visit:
#   http://bugreport.java.com/bugreport/crash.jsp
#

---------------  T H R E A D  ---------------

Current thread (0x00007f6700010000):  JavaThread "main" [_thread_in_vm, id=6251, stack(0x00007f6708844000,0x00007f6708945000)]

siginfo: si_signo: 11 (SIGSEGV), si_code: 1 (SEGV_MAPERR), si_addr: 0x0000000000000000

Registers:
RAX=0x00007f6707d13550, RBX=0x0000000000000000, RCX=0x000000076ab87890, RDX=0x00007f6707d219e0
RSP=0x00007f670893ea60, RBP=0x00007f670893eb00, RSI=0x00007f6700010000, RDI=0x00007f670893eaa0
R8 =0x00007f66f1012c80, R9 =0x000000076ab87890, R10=0x0000000000000234, R11=0x00007f6707d219e8
R12=0x00007f6700010000, R13=0x0000000000000000, R14=0x00007f670893ebd8, R15=0x00007f670893eaa0
RIP=0x00007f670743e118, EFLAGS=0x0000000000010246, CSGSFS=0x0000000000000033, ERR=0x0000000000000004
  TRAPNO=0x000000000000000e

Top of Stack: (sp=0x00007f670893ea60)
0x00007f670893ea60:   00007f670893eb28 0000000000000000
0x00007f670893ea70:   00007f66f110f700 00007f6707d23800
0x00007f670893ea80:   00007f670893f0f8 00007f66f1012c80
0x00007f670893ea90:   0000000775c61ce0 0000000050200030
0x00007f670893eaa0:   00007f6700010000 0000000000000000
0x00007f670893eab0:   00007f66e8000480 00007f66f10082bd
0x00007f670893eac0:   00007f6700010000 0000000775c61ce0
0x00007f670893ead0:   00007f670893eb70 00007f66ab983740
0x00007f670893eae0:   00007f6700c8e288 0000000000000000
0x00007f670893eaf0:   00007f670893ebd8 00007f6700010000
0x00007f670893eb00:   00007f67000101f8 00007f66ab6e02b0
0x00007f670893eb10:   00007f670893eb70 00007f66f10082bd
0x00007f670893eb20:   00007f66ab983740 00007f670893ebb0
0x00007f670893eb30:   0000000000000000 00007f66ab983738
0x00007f670893eb40:   00007f670893ebd8 00007f66f10184cf
0x00007f670893eb50:   0000000000000000 00007f66ab992f98
0x00007f670893eb60:   0000000000000000 000000076ab87890
0x00007f670893eb70:   00007f670893eb60 0000000000000000
0x00007f670893eb80:   00007f670893ebd8 00007f66ab98a048
0x00007f670893eb90:   0000000000000000 00007f66ab983740
0x00007f670893eba0:   0000000000000000 00007f670893ebd0
0x00007f670893ebb0:   00007f670893ec38 00007f66f1007dd0
0x00007f670893ebc0:   0000000000000000 00007f66f1011537
0x00007f670893ebd0:   0000000000000000 000000076ab87890
0x00007f670893ebe0:   0000000775c61c80 0000000775c61ce0
0x00007f670893ebf0:   000000076ab87890 00007f670893ebe8
0x00007f670893ec00:   00007f66ab987005 00007f670893ec50
0x00007f670893ec10:   00007f66ab989898 0000000000000000
0x00007f670893ec20:   00007f66ab987050 00007f670893ebd0
0x00007f670893ec30:   00007f670893ec48 00007f670893ec98
0x00007f670893ec40:   00007f66f10082bd 0000000775c61c80
0x00007f670893ec50:   000000076ab87890 00007f670893ec58 

Instructions: (pc=0x00007f670743e118)
0x00007f670743e0f8:   84 24 70 02 00 00 06 00 00 00 4c 89 e6 4c 89 65
0x00007f670743e108:   c0 4c 89 ff e8 1f 01 01 00 48 8b 05 18 d0 88 00
0x00007f670743e118:   4c 8b 2b 8b 10 48 8b 05 44 fc 88 00 80 38 00 0f
0x00007f670743e128:   84 2b 01 00 00 48 63 c2 41 8b 54 05 00 85 d2 0f 

Register to memory mapping:

RAX=0x00007f6707d13550: <offset 0xfb7550> in /usr/lib/jvm/java-8-oracle/jre/lib/amd64/server/libjvm.so at 0x00007f6706d5c000
RBX=0x0000000000000000 is an unknown value
RCX=0x000000076ab87890 is an oop
org.sqlite.NativeDB 
 - klass: 'org/sqlite/NativeDB'
RDX=0x00007f6707d219e0: <offset 0xfc59e0> in /usr/lib/jvm/java-8-oracle/jre/lib/amd64/server/libjvm.so at 0x00007f6706d5c000
RSP=0x00007f670893ea60 is pointing into the stack for thread: 0x00007f6700010000
RBP=0x00007f670893eb00 is pointing into the stack for thread: 0x00007f6700010000
RSI=0x00007f6700010000 is a thread
RDI=0x00007f670893eaa0 is pointing into the stack for thread: 0x00007f6700010000
R8 =0x00007f66f1012c80 is at code_begin+0 in an Interpreter codelet
method entry point (kind = zerolocals)  [0x00007f66f1012c80, 0x00007f66f1013100]  1152 bytes
R9 =0x000000076ab87890 is an oop
org.sqlite.NativeDB 
 - klass: 'org/sqlite/NativeDB'
R10=0x0000000000000234 is an unknown value
R11=0x00007f6707d219e8: <offset 0xfc59e8> in /usr/lib/jvm/java-8-oracle/jre/lib/amd64/server/libjvm.so at 0x00007f6706d5c000
R12=0x00007f6700010000 is a thread
R13=0x0000000000000000 is an unknown value
R14=0x00007f670893ebd8 is pointing into the stack for thread: 0x00007f6700010000
R15=0x00007f670893eaa0 is pointing into the stack for thread: 0x00007f6700010000


Stack: [0x00007f6708844000,0x00007f6708945000],  sp=0x00007f670893ea60,  free space=1002k
Native frames: (J=compiled Java code, j=interpreted, Vv=VM code, C=native code)
V  [libjvm.so+0x6e2118]  jni_GetStringUTFChars+0xb8
C  [sqlite-3.7.2-libsqlitejdbc.so+0xd2b0]  Java_org_sqlite_NativeDB_prepare+0x2f

Java frames: (J=compiled Java code, j=interpreted, Vv=VM code)
j  org.sqlite.NativeDB.prepare(Ljava/lang/String;)J+0
j  org.sqlite.DB.prepare(Lorg/sqlite/Stmt;)V+21
j  org.sqlite.PrepStmt.<init>(Lorg/sqlite/Conn;Ljava/lang/String;)V+15
j  org.sqlite.Conn.prepareStatement(Ljava/lang/String;III)Ljava/sql/PreparedStatement;+14
j  org.sqlite.Conn.prepareStatement(Ljava/lang/String;II)Ljava/sql/PreparedStatement;+5
j  org.sqlite.Conn.prepareStatement(Ljava/lang/String;)Ljava/sql/PreparedStatement;+8
v  ~StubRoutines::call_stub
J 1241  sun.reflect.NativeMethodAccessorImpl.invoke0(Ljava/lang/reflect/Method;Ljava/lang/Object;[Ljava/lang/Object;)Ljava/lang/Object; (0 bytes) @ 0x00007f66f144c3f7 [0x00007f66f144c380+0x77]
J 2337 C1 sun.reflect.NativeMethodAccessorImpl.invoke(Ljava/lang/Object;[Ljava/lang/Object;)Ljava/lang/Object; (104 bytes) @ 0x00007f66f113f9ec [0x00007f66f113e840+0x11ac]
J 1246 C1 sun.reflect.DelegatingMethodAccessorImpl.invoke(Ljava/lang/Object;[Ljava/lang/Object;)Ljava/lang/Object; (10 bytes) @ 0x00007f66f1458a0c [0x00007f66f1458900+0x10c]
J 3693 C1 java.lang.reflect.Method.invoke(Ljava/lang/Object;[Ljava/lang/Object;)Ljava/lang/Object; (62 bytes) @ 0x00007f66f1b7ad5c [0x00007f66f1b7a960+0x3fc]
j  org.apache.tomcat.jdbc.pool.ProxyConnection.invoke(Ljava/lang/Object;Ljava/lang/reflect/Method;[Ljava/lang/Object;)Ljava/lang/Object;+237
j  org.apache.tomcat.jdbc.pool.JdbcInterceptor.invoke(Ljava/lang/Object;Ljava/lang/reflect/Method;[Ljava/lang/Object;)Ljava/lang/Object;+14
j  org.apache.tomcat.jdbc.pool.DisposableConnectionFacade.invoke(Ljava/lang/Object;Ljava/lang/reflect/Method;[Ljava/lang/Object;)Ljava/lang/Object;+93
j  com.sun.proxy.$Proxy83.prepareStatement(Ljava/lang/String;)Ljava/sql/PreparedStatement;+16
j  org.hibernate.engine.jdbc.internal.StatementPreparerImpl$1.doPrepare()Ljava/sql/PreparedStatement;+37
j  org.hibernate.engine.jdbc.internal.StatementPreparerImpl$StatementPreparationTemplate.prepareStatement()Ljava/sql/PreparedStatement;+45
j  org.hibernate.engine.jdbc.internal.StatementPreparerImpl.prepareStatement(Ljava/lang/String;)Ljava/sql/PreparedStatement;+6
j  org.hibernate.id.SequenceGenerator.generateHolder(Lorg/hibernate/engine/spi/SessionImplementor;)Lorg/hibernate/id/IntegralDataTypeHolder;+15
j  org.hibernate.id.SequenceHiLoGenerator$1.getNextValue()Lorg/hibernate/id/IntegralDataTypeHolder;+8
j  org.hibernate.id.enhanced.LegacyHiLoAlgorithmOptimizer.generate(Lorg/hibernate/id/enhanced/AccessCallback;)Ljava/io/Serializable;+25
j  org.hibernate.id.SequenceHiLoGenerator.generate(Lorg/hibernate/engine/spi/SessionImplementor;Ljava/lang/Object;)Ljava/io/Serializable;+53
j  org.hibernate.event.internal.AbstractSaveEventListener.saveWithGeneratedId(Ljava/lang/Object;Ljava/lang/String;Ljava/lang/Object;Lorg/hibernate/event/spi/EventSource;Z)Ljava/io/Serializable;+21
j  org.hibernate.jpa.event.internal.core.JpaPersistEventListener.saveWithGeneratedId(Ljava/lang/Object;Ljava/lang/String;Ljava/lang/Object;Lorg/hibernate/event/spi/EventSource;Z)Ljava/io/Serializable;+18
j  org.hibernate.event.internal.DefaultPersistEventListener.entityIsTransient(Lorg/hibernate/event/spi/PersistEvent;Ljava/util/Map;)V+55
j  org.hibernate.event.internal.DefaultPersistEventListener.onPersist(Lorg/hibernate/event/spi/PersistEvent;Ljava/util/Map;)V+324
j  org.hibernate.event.internal.DefaultPersistEventListener.onPersist(Lorg/hibernate/event/spi/PersistEvent;)V+11
j  org.hibernate.internal.SessionImpl.firePersist(Lorg/hibernate/event/spi/PersistEvent;)V+46
j  org.hibernate.internal.SessionImpl.persist(Ljava/lang/String;Ljava/lang/Object;)V+11
j  org.hibernate.internal.SessionImpl.persist(Ljava/lang/Object;)V+3
j  org.hibernate.jpa.spi.AbstractEntityManagerImpl.persist(Ljava/lang/Object;)V+9
v  ~StubRoutines::call_stub
J 1241  sun.reflect.NativeMethodAccessorImpl.invoke0(Ljava/lang/reflect/Method;Ljava/lang/Object;[Ljava/lang/Object;)Ljava/lang/Object; (0 bytes) @ 0x00007f66f144c3f7 [0x00007f66f144c380+0x77]
J 2337 C1 sun.reflect.NativeMethodAccessorImpl.invoke(Ljava/lang/Object;[Ljava/lang/Object;)Ljava/lang/Object; (104 bytes) @ 0x00007f66f113f9ec [0x00007f66f113e840+0x11ac]
J 1246 C1 sun.reflect.DelegatingMethodAccessorImpl.invoke(Ljava/lang/Object;[Ljava/lang/Object;)Ljava/lang/Object; (10 bytes) @ 0x00007f66f1458a0c [0x00007f66f1458900+0x10c]
J 3693 C1 java.lang.reflect.Method.invoke(Ljava/lang/Object;[Ljava/lang/Object;)Ljava/lang/Object; (62 bytes) @ 0x00007f66f1b7ad5c [0x00007f66f1b7a960+0x3fc]
j  org.springframework.orm.jpa.SharedEntityManagerCreator$SharedEntityManagerInvocationHandler.invoke(Ljava/lang/Object;Ljava/lang/reflect/Method;[Ljava/lang/Object;)Ljava/lang/Object;+495
j  com.sun.proxy.$Proxy92.persist(Ljava/lang/Object;)V+16
j  org.springframework.data.jpa.repository.support.SimpleJpaRepository.save(Ljava/lang/Object;)Ljava/lang/Object;+18
v  ~StubRoutines::call_stub
J 1241  sun.reflect.NativeMethodAccessorImpl.invoke0(Ljava/lang/reflect/Method;Ljava/lang/Object;[Ljava/lang/Object;)Ljava/lang/Object; (0 bytes) @ 0x00007f66f144c3f7 [0x00007f66f144c380+0x77]
J 2337 C1 sun.reflect.NativeMethodAccessorImpl.invoke(Ljava/lang/Object;[Ljava/lang/Object;)Ljava/lang/Object; (104 bytes) @ 0x00007f66f113f9ec [0x00007f66f113e840+0x11ac]
J 1246 C1 sun.reflect.DelegatingMethodAccessorImpl.invoke(Ljava/lang/Object;[Ljava/lang/Object;)Ljava/lang/Object; (10 bytes) @ 0x00007f66f1458a0c [0x00007f66f1458900+0x10c]
J 3693 C1 java.lang.reflect.Method.invoke(Ljava/lang/Object;[Ljava/lang/Object;)Ljava/lang/Object; (62 bytes) @ 0x00007f66f1b7ad5c [0x00007f66f1b7a960+0x3fc]
j  org.springframework.data.repository.core.support.RepositoryFactorySupport$QueryExecutorMethodInterceptor.executeMethodOn(Ljava/lang/Object;Ljava/lang/reflect/Method;[Ljava/lang/Object;)Ljava/lang/Object;+3
j  org.springframework.data.repository.core.support.RepositoryFactorySupport$QueryExecutorMethodInterceptor.doInvoke(Lorg/aopalliance/intercept/MethodInvocation;)Ljava/lang/Object;+94
j  org.springframework.data.repository.core.support.RepositoryFactorySupport$QueryExecutorMethodInterceptor.invoke(Lorg/aopalliance/intercept/MethodInvocation;)Ljava/lang/Object;+2
j  org.springframework.aop.framework.ReflectiveMethodInvocation.proceed()Ljava/lang/Object;+101
j  org.springframework.data.projection.DefaultMethodInvokingMethodInterceptor.invoke(Lorg/aopalliance/intercept/MethodInvocation;)Ljava/lang/Object;+15
j  org.springframework.aop.framework.ReflectiveMethodInvocation.proceed()Ljava/lang/Object;+101
j  org.springframework.transaction.interceptor.TransactionInterceptor$1.proceedWithInvocation()Ljava/lang/Object;+4
j  org.springframework.transaction.interceptor.TransactionAspectSupport.invokeWithinTransaction(Ljava/lang/reflect/Method;Ljava/lang/Class;Lorg/springframework/transaction/interceptor/TransactionAspectSupport$InvocationCallback;)Ljava/lang/Object;+60
j  org.springframework.transaction.interceptor.TransactionInterceptor.invoke(Lorg/aopalliance/intercept/MethodInvocation;)Ljava/lang/Object;+40
j  org.springframework.aop.framework.ReflectiveMethodInvocation.proceed()Ljava/lang/Object;+101
j  org.springframework.dao.support.PersistenceExceptionTranslationInterceptor.invoke(Lorg/aopalliance/intercept/MethodInvocation;)Ljava/lang/Object;+1
j  org.springframework.aop.framework.ReflectiveMethodInvocation.proceed()Ljava/lang/Object;+101
j  org.springframework.data.jpa.repository.support.CrudMethodMetadataPostProcessor$CrudMethodMetadataPopulatingMethodInterceptor.invoke(Lorg/aopalliance/intercept/MethodInvocation;)Ljava/lang/Object;+89
j  org.springframework.aop.framework.ReflectiveMethodInvocation.proceed()Ljava/lang/Object;+101
j  org.springframework.aop.interceptor.ExposeInvocationInterceptor.invoke(Lorg/aopalliance/intercept/MethodInvocation;)Ljava/lang/Object;+18
j  org.springframework.aop.framework.ReflectiveMethodInvocation.proceed()Ljava/lang/Object;+101
j  org.springframework.aop.framework.JdkDynamicAopProxy.invoke(Ljava/lang/Object;Ljava/lang/reflect/Method;[Ljava/lang/Object;)Ljava/lang/Object;+385
j  com.sun.proxy.$Proxy94.save(Ljava/lang/Object;)Ljava/lang/Object;+16
j  com.example.api.service.BookService.save(Lcom/example/entity/Book;)Lcom/example/entity/Book;+5
j  com.example.crudtest.CRUDTest.insertOperation()V+19
v  ~StubRoutines::call_stub
J 1241  sun.reflect.NativeMethodAccessorImpl.invoke0(Ljava/lang/reflect/Method;Ljava/lang/Object;[Ljava/lang/Object;)Ljava/lang/Object; (0 bytes) @ 0x00007f66f144c3f7 [0x00007f66f144c380+0x77]
J 2337 C1 sun.reflect.NativeMethodAccessorImpl.invoke(Ljava/lang/Object;[Ljava/lang/Object;)Ljava/lang/Object; (104 bytes) @ 0x00007f66f113f9ec [0x00007f66f113e840+0x11ac]
J 1246 C1 sun.reflect.DelegatingMethodAccessorImpl.invoke(Ljava/lang/Object;[Ljava/lang/Object;)Ljava/lang/Object; (10 bytes) @ 0x00007f66f1458a0c [0x00007f66f1458900+0x10c]
J 3693 C1 java.lang.reflect.Method.invoke(Ljava/lang/Object;[Ljava/lang/Object;)Ljava/lang/Object; (62 bytes) @ 0x00007f66f1b7ad5c [0x00007f66f1b7a960+0x3fc]
j  org.testng.internal.MethodInvocationHelper.invokeMethod(Ljava/lang/reflect/Method;Ljava/lang/Object;[Ljava/lang/Object;)Ljava/lang/Object;+242
j  org.testng.internal.MethodInvocationHelper$1.runTestMethod(Lorg/testng/ITestResult;)V+12
j  org.springframework.test.context.testng.AbstractTestNGSpringContextTests.run(Lorg/testng/IHookCallBack;Lorg/testng/ITestResult;)V+2
v  ~StubRoutines::call_stub
J 1241  sun.reflect.NativeMethodAccessorImpl.invoke0(Ljava/lang/reflect/Method;Ljava/lang/Object;[Ljava/lang/Object;)Ljava/lang/Object; (0 bytes) @ 0x00007f66f144c3f7 [0x00007f66f144c380+0x77]
J 2337 C1 sun.reflect.NativeMethodAccessorImpl.invoke(Ljava/lang/Object;[Ljava/lang/Object;)Ljava/lang/Object; (104 bytes) @ 0x00007f66f113f9ec [0x00007f66f113e840+0x11ac]
J 1246 C1 sun.reflect.DelegatingMethodAccessorImpl.invoke(Ljava/lang/Object;[Ljava/lang/Object;)Ljava/lang/Object; (10 bytes) @ 0x00007f66f1458a0c [0x00007f66f1458900+0x10c]
J 3693 C1 java.lang.reflect.Method.invoke(Ljava/lang/Object;[Ljava/lang/Object;)Ljava/lang/Object; (62 bytes) @ 0x00007f66f1b7ad5c [0x00007f66f1b7a960+0x3fc]
j  org.testng.internal.MethodInvocationHelper.invokeHookable(Ljava/lang/Object;[Ljava/lang/Object;Ljava/lang/Object;Ljava/lang/reflect/Method;Lorg/testng/internal/TestResult;)V+64
j  org.testng.internal.Invoker.invokeMethod([Ljava/lang/Object;ILorg/testng/ITestNGMethod;[Ljava/lang/Object;ILorg/testng/xml/XmlSuite;Ljava/util/Map;Lorg/testng/ITestClass;[Lorg/testng/ITestNGMethod;[Lorg/testng/ITestNGMethod;Lorg/testng/internal/ConfigurationGroupMethods;)Lorg/testng/ITestResult;+280
j  org.testng.internal.Invoker.invokeTestMethod([Ljava/lang/Object;Lorg/testng/ITestNGMethod;[Ljava/lang/Object;ILorg/testng/xml/XmlSuite;Ljava/util/Map;Lorg/testng/ITestClass;[Lorg/testng/ITestNGMethod;[Lorg/testng/ITestNGMethod;Lorg/testng/internal/ConfigurationGroupMethods;)Ljava/util/List;+46
j  org.testng.internal.Invoker.invokeTestMethods(Lorg/testng/ITestNGMethod;[Lorg/testng/ITestNGMethod;ILorg/testng/xml/XmlSuite;Ljava/util/Map;Lorg/testng/internal/ConfigurationGroupMethods;[Ljava/lang/Object;Lorg/testng/ITestContext;)Ljava/util/List;+705
j  org.testng.internal.TestMethodWorker.invokeTestMethods(Lorg/testng/ITestNGMethod;[Ljava/lang/Object;Lorg/testng/ITestContext;)V+32
j  org.testng.internal.TestMethodWorker.run()V+60
j  org.testng.TestRunner.privateRun(Lorg/testng/xml/XmlTest;)V+349
j  org.testng.TestRunner.run()V+26
j  org.testng.SuiteRunner.runTest(Lorg/testng/TestRunner;)V+1
j  org.testng.SuiteRunner.runSequentially()V+31
j  org.testng.SuiteRunner.privateRun()V+281
j  org.testng.SuiteRunner.run()V+6
j  org.testng.SuiteRunnerWorker.runSuite(Lorg/testng/internal/SuiteRunnerMap;Lorg/testng/xml/XmlSuite;)V+96
j  org.testng.SuiteRunnerWorker.run()V+12
j  org.testng.TestNG.runSuitesSequentially(Lorg/testng/xml/XmlSuite;Lorg/testng/internal/SuiteRunnerMap;ILjava/lang/String;)V+66
j  org.testng.TestNG.runSuitesLocally()Ljava/util/List;+117
j  org.testng.TestNG.run()V+77
j  org.testng.remote.AbstractRemoteTestNG.run()V+163
j  org.testng.remote.RemoteTestNG.initAndRun(Lorg/testng/remote/IRemoteTestNG;[Ljava/lang/String;Lorg/testng/CommandLineArgs;Lorg/testng/remote/RemoteArgs;)V+184
j  org.testng.remote.RemoteTestNG.main([Ljava/lang/String;)V+218
v  ~StubRoutines::call_stub

---------------  P R O C E S S  ---------------

Java Threads: ( => current thread )
  0x00007f67015c5000 JavaThread "http-nio-auto-1-54491-AsyncTimeout" daemon [_thread_blocked, id=6287, stack(0x00007f66aa922000,0x00007f66aaa23000)]
  0x00007f67015c3800 JavaThread "http-nio-auto-1-Acceptor-0" daemon [_thread_in_native, id=6286, stack(0x00007f66aaa23000,0x00007f66aab24000)]
  0x00007f67015c1800 JavaThread "http-nio-auto-1-ClientPoller-1" daemon [_thread_in_native, id=6285, stack(0x00007f66aab24000,0x00007f66aac25000)]
  0x00007f67015b2800 JavaThread "http-nio-auto-1-ClientPoller-0" daemon [_thread_in_native, id=6284, stack(0x00007f66aaed1000,0x00007f66aafd2000)]
  0x00007f6701591800 JavaThread "NioBlockingSelector.BlockPoller-1" daemon [_thread_in_native, id=6283, stack(0x00007f66aafd2000,0x00007f66ab0d3000)]
  0x00007f6700ed9000 JavaThread "Tomcat JDBC Pool Cleaner[865113938:1485272891033]" daemon [_thread_blocked, id=6281, stack(0x00007f66d40e0000,0x00007f66d41e1000)]
  0x00007f6700f89800 JavaThread "container-0" [_thread_blocked, id=6280, stack(0x00007f66d41e1000,0x00007f66d42e2000)]
  0x00007f6700f88800 JavaThread "ContainerBackgroundProcessor[StandardEngine[Tomcat]]" daemon [_thread_blocked, id=6279, stack(0x00007f66d42e2000,0x00007f66d43e3000)]
  0x00007f66a425a800 JavaThread "localhost-startStop-1" daemon [_thread_blocked, id=6278, stack(0x00007f66d43e3000,0x00007f66d44e4000)]
  0x00007f6700f87800 JavaThread "Tomcat-startStop-1" daemon [_thread_blocked, id=6277, stack(0x00007f66d53a2000,0x00007f66d54a3000)]
  0x00007f67004cf000 JavaThread "ReaderThread" [_thread_in_native, id=6270, stack(0x00007f66d5cb0000,0x00007f66d5db1000)]
  0x00007f67000d1000 JavaThread "Service Thread" daemon [_thread_blocked, id=6267, stack(0x00007f66d6363000,0x00007f66d6464000)]
  0x00007f67000c4000 JavaThread "C1 CompilerThread2" daemon [_thread_blocked, id=6266, stack(0x00007f66d6464000,0x00007f66d6565000)]
  0x00007f67000c2000 JavaThread "C2 CompilerThread1" daemon [_thread_in_native, id=6265, stack(0x00007f66d6565000,0x00007f66d6666000)]
  0x00007f67000bf000 JavaThread "C2 CompilerThread0" daemon [_thread_in_native, id=6264, stack(0x00007f66d6666000,0x00007f66d6767000)]
  0x00007f67000be000 JavaThread "Signal Dispatcher" daemon [_thread_blocked, id=6263, stack(0x00007f66d6767000,0x00007f66d6868000)]
  0x00007f670008a000 JavaThread "Finalizer" daemon [_thread_blocked, id=6258, stack(0x00007f66d6f4b000,0x00007f66d704c000)]
  0x00007f6700085800 JavaThread "Reference Handler" daemon [_thread_blocked, id=6257, stack(0x00007f66d704c000,0x00007f66d714d000)]
=>0x00007f6700010000 JavaThread "main" [_thread_in_vm, id=6251, stack(0x00007f6708844000,0x00007f6708945000)]

Other Threads:
  0x00007f670007e000 VMThread [stack: 0x00007f66d714d000,0x00007f66d724e000] [id=6256]
  0x00007f67000d4000 WatcherThread [stack: 0x00007f66d6262000,0x00007f66d6363000] [id=6268]

VM state:not at safepoint (normal execution)

VM Mutex/Monitor currently owned by a thread: None

Heap:
 PSYoungGen      total 305664K, used 187215K [0x000000076ab00000, 0x0000000784e80000, 0x00000007c0000000)
  eden space 262144K, 71% used [0x000000076ab00000,0x00000007761d3cd0,0x000000077ab00000)
  from space 43520K, 0% used [0x000000077ab00000,0x000000077ab00000,0x000000077d580000)
  to   space 43520K, 0% used [0x0000000782400000,0x0000000782400000,0x0000000784e80000)
 ParOldGen       total 790528K, used 22836K [0x00000006c0000000, 0x00000006f0400000, 0x000000076ab00000)
  object space 790528K, 2% used [0x00000006c0000000,0x00000006c164d128,0x00000006f0400000)
 Metaspace       used 45106K, capacity 45496K, committed 45824K, reserved 1089536K
  class space    used 5898K, capacity 6029K, committed 6144K, reserved 1048576K

Card table byte_map: [0x00007f6704dfd000,0x00007f67055fe000] byte_map_base: 0x00007f67017fd000

Marking Bits: (ParMarkBitMap*) 0x00007f6707d20c80
 Begin Bits: [0x00007f66e9000000, 0x00007f66ed000000)
 End Bits:   [0x00007f66ed000000, 0x00007f66f1000000)

Polling page: 0x00007f670896a000

CodeCache: size=245760Kb used=13790Kb max_used=13848Kb free=231969Kb
 bounds [0x00007f66f1000000, 0x00007f66f1da0000, 0x00007f6700000000]
 total_blobs=4084 nmethods=3613 adapters=384
 compilation: enabled

Compilation events (10 events):
Event: 14.166 Thread 0x00007f67000c4000 4162       3       java.util.Collections$EmptyList::iterator (4 bytes)
Event: 14.166 Thread 0x00007f67000c4000 nmethod 4162 0x00007f66f1134050 code [0x00007f66f11341c0, 0x00007f66f1134370]
Event: 14.167 Thread 0x00007f67000c4000 4163       1       org.testng.shaded.com.google.gson.reflect.TypeToken::hashCode (5 bytes)
Event: 14.167 Thread 0x00007f67000c4000 nmethod 4163 0x00007f66f167b890 code [0x00007f66f167b9e0, 0x00007f66f167baf0]
Event: 14.167 Thread 0x00007f67000c4000 4164       3       java.io.BufferedWriter::ensureOpen (18 bytes)
Event: 14.168 Thread 0x00007f67000c4000 nmethod 4164 0x00007f66f1734a50 code [0x00007f66f1734bc0, 0x00007f66f1734e08]
Event: 14.168 Thread 0x00007f67000c4000 4165       3       java.nio.ByteBuffer::arrayOffset (35 bytes)
Event: 14.169 Thread 0x00007f67000c4000 nmethod 4165 0x00007f66f167b1d0 code [0x00007f66f167b360, 0x00007f66f167b678]
Event: 14.179 Thread 0x00007f67000c4000 4166       3       org.hibernate.service.internal.ConcurrentServiceBinding::hashKey (5 bytes)
Event: 14.179 Thread 0x00007f67000c4000 nmethod 4166 0x00007f66f16bc350 code [0x00007f66f16bc4c0, 0x00007f66f16bc648]

GC Heap History (10 events):
Event: 5.416 GC heap before
{Heap before GC invocations=1 (full 0):
 PSYoungGen      total 305664K, used 188849K [0x000000076ab00000, 0x0000000780000000, 0x00000007c0000000)
  eden space 262144K, 72% used [0x000000076ab00000,0x000000077636c450,0x000000077ab00000)
  from space 43520K, 0% used [0x000000077d580000,0x000000077d580000,0x0000000780000000)
  to   space 43520K, 0% used [0x000000077ab00000,0x000000077ab00000,0x000000077d580000)
 ParOldGen       total 699392K, used 0K [0x00000006c0000000, 0x00000006eab00000, 0x000000076ab00000)
  object space 699392K, 0% used [0x00000006c0000000,0x00000006c0000000,0x00000006eab00000)
 Metaspace       used 21066K, capacity 21196K, committed 21296K, reserved 1069056K
  class space    used 2582K, capacity 2640K, committed 2688K, reserved 1048576K
Event: 5.443 GC heap after
Heap after GC invocations=1 (full 0):
 PSYoungGen      total 305664K, used 20969K [0x000000076ab00000, 0x0000000780000000, 0x00000007c0000000)
  eden space 262144K, 0% used [0x000000076ab00000,0x000000076ab00000,0x000000077ab00000)
  from space 43520K, 48% used [0x000000077ab00000,0x000000077bf7a488,0x000000077d580000)
  to   space 43520K, 0% used [0x000000077d580000,0x000000077d580000,0x0000000780000000)
 ParOldGen       total 699392K, used 88K [0x00000006c0000000, 0x00000006eab00000, 0x000000076ab00000)
  object space 699392K, 0% used [0x00000006c0000000,0x00000006c0016010,0x00000006eab00000)
 Metaspace       used 21066K, capacity 21196K, committed 21296K, reserved 1069056K
  class space    used 2582K, capacity 2640K, committed 2688K, reserved 1048576K
}
Event: 5.443 GC heap before
{Heap before GC invocations=2 (full 1):
 PSYoungGen      total 305664K, used 20969K [0x000000076ab00000, 0x0000000780000000, 0x00000007c0000000)
  eden space 262144K, 0% used [0x000000076ab00000,0x000000076ab00000,0x000000077ab00000)
  from space 43520K, 48% used [0x000000077ab00000,0x000000077bf7a488,0x000000077d580000)
  to   space 43520K, 0% used [0x000000077d580000,0x000000077d580000,0x0000000780000000)
 ParOldGen       total 699392K, used 88K [0x00000006c0000000, 0x00000006eab00000, 0x000000076ab00000)
  object space 699392K, 0% used [0x00000006c0000000,0x00000006c0016010,0x00000006eab00000)
 Metaspace       used 21066K, capacity 21196K, committed 21296K, reserved 1069056K
  class space    used 2582K, capacity 2640K, committed 2688K, reserved 1048576K
Event: 5.514 GC heap after
Heap after GC invocations=2 (full 1):
 PSYoungGen      total 305664K, used 0K [0x000000076ab00000, 0x0000000780000000, 0x00000007c0000000)
  eden space 262144K, 0% used [0x000000076ab00000,0x000000076ab00000,0x000000077ab00000)
  from space 43520K, 0% used [0x000000077ab00000,0x000000077ab00000,0x000000077d580000)
  to   space 43520K, 0% used [0x000000077d580000,0x000000077d580000,0x0000000780000000)
 ParOldGen       total 699392K, used 20163K [0x00000006c0000000, 0x00000006eab00000, 0x000000076ab00000)
  object space 699392K, 2% used [0x00000006c0000000,0x00000006c13b0d18,0x00000006eab00000)
 Metaspace       used 21066K, capacity 21196K, committed 21296K, reserved 1069056K
  class space    used 2582K, capacity 2640K, committed 2688K, reserved 1048576K
}
Event: 8.831 GC heap before
{Heap before GC invocations=3 (full 1):
 PSYoungGen      total 305664K, used 262144K [0x000000076ab00000, 0x0000000780000000, 0x00000007c0000000)
  eden space 262144K, 100% used [0x000000076ab00000,0x000000077ab00000,0x000000077ab00000)
  from space 43520K, 0% used [0x000000077ab00000,0x000000077ab00000,0x000000077d580000)
  to   space 43520K, 0% used [0x000000077d580000,0x000000077d580000,0x0000000780000000)
 ParOldGen       total 699392K, used 20163K [0x00000006c0000000, 0x00000006eab00000, 0x000000076ab00000)
  object space 699392K, 2% used [0x00000006c0000000,0x00000006c13b0d18,0x00000006eab00000)
 Metaspace       used 30406K, capacity 30658K, committed 30848K, reserved 1077248K
  class space    used 3769K, capacity 3860K, committed 3968K, reserved 1048576K
Event: 8.851 GC heap after
Heap after GC invocations=3 (full 1):
 PSYoungGen      total 305664K, used 17325K [0x000000076ab00000, 0x0000000784a00000, 0x00000007c0000000)
  eden space 262144K, 0% used [0x000000076ab00000,0x000000076ab00000,0x000000077ab00000)
  from space 43520K, 39% used [0x000000077d580000,0x000000077e66b710,0x0000000780000000)
  to   space 43520K, 0% used [0x000000077ab00000,0x000000077ab00000,0x000000077d580000)
 ParOldGen       total 699392K, used 20171K [0x00000006c0000000, 0x00000006eab00000, 0x000000076ab00000)
  object space 699392K, 2% used [0x00000006c0000000,0x00000006c13b2d18,0x00000006eab00000)
 Metaspace       used 30406K, capacity 30658K, committed 30848K, reserved 1077248K
  class space    used 3769K, capacity 3860K, committed 3968K, reserved 1048576K
}
Event: 10.944 GC heap before
{Heap before GC invocations=4 (full 1):
 PSYoungGen      total 305664K, used 128109K [0x000000076ab00000, 0x0000000784a00000, 0x00000007c0000000)
  eden space 262144K, 42% used [0x000000076ab00000,0x000000077172fe50,0x000000077ab00000)
  from space 43520K, 39% used [0x000000077d580000,0x000000077e66b710,0x0000000780000000)
  to   space 43520K, 0% used [0x000000077ab00000,0x000000077ab00000,0x000000077d580000)
 ParOldGen       total 699392K, used 20171K [0x00000006c0000000, 0x00000006eab00000, 0x000000076ab00000)
  object space 699392K, 2% used [0x00000006c0000000,0x00000006c13b2d18,0x00000006eab00000)
 Metaspace       used 35093K, capacity 35362K, committed 35496K, reserved 1081344K
  class space    used 4502K, capacity 4580K, committed 4608K, reserved 1048576K
Event: 10.958 GC heap after
Heap after GC invocations=4 (full 1):
 PSYoungGen      total 305664K, used 13618K [0x000000076ab00000, 0x0000000784e80000, 0x00000007c0000000)
  eden space 262144K, 0% used [0x000000076ab00000,0x000000076ab00000,0x000000077ab00000)
  from space 43520K, 31% used [0x000000077ab00000,0x000000077b84c800,0x000000077d580000)
  to   space 43520K, 0% used [0x0000000782400000,0x0000000782400000,0x0000000784e80000)
 ParOldGen       total 699392K, used 20179K [0x00000006c0000000, 0x00000006eab00000, 0x000000076ab00000)
  object space 699392K, 2% used [0x00000006c0000000,0x00000006c13b4d18,0x00000006eab00000)
 Metaspace       used 35093K, capacity 35362K, committed 35496K, reserved 1081344K
  class space    used 4502K, capacity 4580K, committed 4608K, reserved 1048576K
}
Event: 10.958 GC heap before
{Heap before GC invocations=5 (full 2):
 PSYoungGen      total 305664K, used 13618K [0x000000076ab00000, 0x0000000784e80000, 0x00000007c0000000)
  eden space 262144K, 0% used [0x000000076ab00000,0x000000076ab00000,0x000000077ab00000)
  from space 43520K, 31% used [0x000000077ab00000,0x000000077b84c800,0x000000077d580000)
  to   space 43520K, 0% used [0x0000000782400000,0x0000000782400000,0x0000000784e80000)
 ParOldGen       total 699392K, used 20179K [0x00000006c0000000, 0x00000006eab00000, 0x000000076ab00000)
  object space 699392K, 2% used [0x00000006c0000000,0x00000006c13b4d18,0x00000006eab00000)
 Metaspace       used 35093K, capacity 35362K, committed 35496K, reserved 1081344K
  class space    used 4502K, capacity 4580K, committed 4608K, reserved 1048576K
Event: 11.025 GC heap after
Heap after GC invocations=5 (full 2):
 PSYoungGen      total 305664K, used 0K [0x000000076ab00000, 0x0000000784e80000, 0x00000007c0000000)
  eden space 262144K, 0% used [0x000000076ab00000,0x000000076ab00000,0x000000077ab00000)
  from space 43520K, 0% used [0x000000077ab00000,0x000000077ab00000,0x000000077d580000)
  to   space 43520K, 0% used [0x0000000782400000,0x0000000782400000,0x0000000784e80000)
 ParOldGen       total 790528K, used 22836K [0x00000006c0000000, 0x00000006f0400000, 0x000000076ab00000)
  object space 790528K, 2% used [0x00000006c0000000,0x00000006c164d128,0x00000006f0400000)
 Metaspace       used 35093K, capacity 35362K, committed 35496K, reserved 1081344K
  class space    used 4502K, capacity 4580K, committed 4608K, reserved 1048576K
}

Deoptimization events (10 events):
Event: 13.042 Thread 0x00007f6700010000 Uncommon trap: reason=class_check action=maybe_recompile pc=0x00007f66f184f3d0 method=java.util.regex.Pattern$Curly.match0(Ljava/util/regex/Matcher;IILjava/lang/CharSequence;)Z @ 77
Event: 13.042 Thread 0x00007f6700010000 Uncommon trap: reason=class_check action=maybe_recompile pc=0x00007f66f1870d5c method=java.util.regex.Pattern$Curly.match(Ljava/util/regex/Matcher;ILjava/lang/CharSequence;)Z @ 19
Event: 13.065 Thread 0x00007f6700010000 Uncommon trap: reason=unstable_if action=reinterpret pc=0x00007f66f1acbe10 method=java.util.concurrent.ConcurrentHashMap.transfer([Ljava/util/concurrent/ConcurrentHashMap$Node;[Ljava/util/concurrent/ConcurrentHashMap$Node;)V @ 356
Event: 13.065 Thread 0x00007f6700010000 Uncommon trap: reason=unstable_if action=reinterpret pc=0x00007f66f172a73c method=java.util.concurrent.ConcurrentHashMap.transfer([Ljava/util/concurrent/ConcurrentHashMap$Node;[Ljava/util/concurrent/ConcurrentHashMap$Node;)V @ 356
Event: 13.216 Thread 0x00007f6700010000 Uncommon trap: reason=predicate action=maybe_recompile pc=0x00007f66f1c3e278 method=org.springframework.util.ReflectionUtils.doWithMethods(Ljava/lang/Class;Lorg/springframework/util/ReflectionUtils$MethodCallback;Lorg/springframework/util/ReflectionUtils$
Event: 13.927 Thread 0x00007f6700010000 Uncommon trap: reason=unstable_if action=reinterpret pc=0x00007f66f1627df4 method=org.springframework.util.ConcurrentReferenceHashMap$Segment.clear()V @ 4
Event: 13.936 Thread 0x00007f6700010000 Uncommon trap: reason=class_check action=maybe_recompile pc=0x00007f66f184fa38 method=java.util.regex.Pattern$Curly.match0(Ljava/util/regex/Matcher;IILjava/lang/CharSequence;)Z @ 170
Event: 14.059 Thread 0x00007f6700010000 Uncommon trap: reason=predicate action=maybe_recompile pc=0x00007f66f1d0bb1c method=java.util.TreeMap.getEntry(Ljava/lang/Object;)Ljava/util/TreeMap$Entry; @ 39
Event: 14.147 Thread 0x00007f6700010000 Uncommon trap: reason=bimorphic action=maybe_recompile pc=0x00007f66f147f00c method=java.util.Hashtable.get(Ljava/lang/Object;)Ljava/lang/Object; @ 6
Event: 14.147 Thread 0x00007f6700010000 Uncommon trap: reason=bimorphic action=maybe_recompile pc=0x00007f66f147f00c method=java.util.Hashtable.get(Ljava/lang/Object;)Ljava/lang/Object; @ 6

Internal exceptions (10 events):
Event: 13.827 Thread 0x00007f6700010000 Exception <a 'java/lang/ClassNotFoundException': org/springframework/boot/autoconfigure/web/WebClientAutoConfigurationCustomizer> (0x000000077487b7e0) thrown at [/HUDSON3/workspace/8-2-build-linux-amd64/jdk8u121/8372/hotspot/src/share/vm/classfile/systemD
Event: 13.827 Thread 0x00007f6700010000 Exception <a 'java/lang/ClassNotFoundException': org/springframework/boot/autoconfigure/web/WebClientAutoConfiguration$$EnhancerBySpringCGLIB$$52d5929eCustomizer> (0x000000077489f0d8) thrown at [/HUDSON3/workspace/8-2-build-linux-amd64/jdk8u121/8372/hotsp
Event: 13.828 Thread 0x00007f6700010000 Exception <a 'java/lang/ClassNotFoundException': org/springframework/context/annotation/ConfigurationClassEnhancer$EnhancedConfigurationCustomizer> (0x00000007748c3410) thrown at [/HUDSON3/workspace/8-2-build-linux-amd64/jdk8u121/8372/hotspot/src/share/vm
Event: 14.155 Thread 0x00007f6700010000 Exception <a 'java/lang/ClassNotFoundException': java/lang/ObjectCustomizer> (0x00000007757fc028) thrown at [/HUDSON3/workspace/8-2-build-linux-amd64/jdk8u121/8372/hotspot/src/share/vm/classfile/systemDictionary.cpp, line 210]
Event: 14.155 Thread 0x00007f6700010000 Exception <a 'java/lang/ClassNotFoundException': org/springframework/test/context/testng/AbstractTestNGSpringContextTestsCustomizer> (0x0000000775819d70) thrown at [/HUDSON3/workspace/8-2-build-linux-amd64/jdk8u121/8372/hotspot/src/share/vm/classfile/syst
Event: 14.156 Thread 0x00007f6700010000 Exception <a 'java/lang/ClassNotFoundException': com/example/crudtest/CRUDTestCustomizer> (0x000000077582c938) thrown at [/HUDSON3/workspace/8-2-build-linux-amd64/jdk8u121/8372/hotspot/src/share/vm/classfile/systemDictionary.cpp, line 210]
Event: 14.156 Thread 0x00007f6700010000 Exception <a 'java/lang/ClassNotFoundException': org/testng/IHookableCustomizer> (0x000000077583d360) thrown at [/HUDSON3/workspace/8-2-build-linux-amd64/jdk8u121/8372/hotspot/src/share/vm/classfile/systemDictionary.cpp, line 210]
Event: 14.157 Thread 0x00007f6700010000 Exception <a 'java/lang/ClassNotFoundException': org/springframework/context/ApplicationContextAwareCustomizer> (0x0000000775853500) thrown at [/HUDSON3/workspace/8-2-build-linux-amd64/jdk8u121/8372/hotspot/src/share/vm/classfile/systemDictionary.cpp, lin
Event: 14.181 Thread 0x00007f6700010000 Exception <a 'java/lang/ClassNotFoundException': java/lang/ObjectCustomizer> (0x0000000775be8dc8) thrown at [/HUDSON3/workspace/8-2-build-linux-amd64/jdk8u121/8372/hotspot/src/share/vm/classfile/systemDictionary.cpp, line 210]
Event: 14.181 Thread 0x00007f6700010000 Exception <a 'java/lang/ClassNotFoundException': com/example/entity/BookCustomizer> (0x0000000775bfb758) thrown at [/HUDSON3/workspace/8-2-build-linux-amd64/jdk8u121/8372/hotspot/src/share/vm/classfile/systemDictionary.cpp, line 210]

Events (10 events):
Event: 14.186 loading class org/hibernate/engine/jdbc/internal/Formatter
Event: 14.186 loading class org/hibernate/engine/jdbc/internal/Formatter done
Event: 14.186 loading class org/hibernate/engine/jdbc/internal/BasicFormatterImpl
Event: 14.186 loading class org/hibernate/engine/jdbc/internal/BasicFormatterImpl done
Event: 14.186 Thread 0x00007f67004cf000 DEOPT PACKING pc=0x00007f66f1164c5c sp=0x00007f66d5daf640
Event: 14.186 Thread 0x00007f67004cf000 DEOPT UNPACKING pc=0x00007f66f1047633 sp=0x00007f66d5daf3e8 mode 0
Event: 14.186 loading class org/hibernate/engine/jdbc/internal/DDLFormatterImpl
Event: 14.186 loading class org/hibernate/engine/jdbc/internal/DDLFormatterImpl done
Event: 14.187 loading class org/hibernate/engine/jdbc/internal/FormatStyle$NoFormatImpl
Event: 14.187 loading class org/hibernate/engine/jdbc/internal/FormatStyle$NoFormatImpl done


Dynamic libraries:
00400000-00401000 r-xp 00000000 08:03 5260258                            /usr/lib/jvm/java-8-oracle/bin/java
00600000-00601000 rw-p 00000000 08:03 5260258                            /usr/lib/jvm/java-8-oracle/bin/java
00711000-00732000 rw-p 00000000 00:00 0                                  [heap]
6c0000000-6f0400000 rw-p 00000000 00:00 0 
6f0400000-76ab00000 ---p 00000000 00:00 0 
76ab00000-784e80000 rw-p 00000000 00:00 0 
784e80000-7c0000000 ---p 00000000 00:00 0 
7c0000000-7c0600000 rw-p 00000000 00:00 0 
7c0600000-800000000 ---p 00000000 00:00 0 
7f6680000000-7f6680021000 rw-p 00000000 00:00 0 
7f6680021000-7f6684000000 ---p 00000000 00:00 0 
7f6684000000-7f6684021000 rw-p 00000000 00:00 0 
7f6684021000-7f6688000000 ---p 00000000 00:00 0 
7f6688000000-7f6688021000 rw-p 00000000 00:00 0 
7f6688021000-7f668c000000 ---p 00000000 00:00 0 
7f668c000000-7f668c021000 rw-p 00000000 00:00 0 
7f668c021000-7f6690000000 ---p 00000000 00:00 0 
7f6690000000-7f6690021000 rw-p 00000000 00:00 0 
7f6690021000-7f6694000000 ---p 00000000 00:00 0 
7f6694000000-7f6694021000 rw-p 00000000 00:00 0 
7f6694021000-7f6698000000 ---p 00000000 00:00 0 
7f6698000000-7f6698021000 rw-p 00000000 00:00 0 
7f6698021000-7f669c000000 ---p 00000000 00:00 0 
7f669c000000-7f669c021000 rw-p 00000000 00:00 0 
7f669c021000-7f66a0000000 ---p 00000000 00:00 0 
7f66a0000000-7f66a00e3000 rw-p 00000000 00:00 0 
7f66a00e3000-7f66a4000000 ---p 00000000 00:00 0 
7f66a4000000-7f66a4262000 rw-p 00000000 00:00 0 
7f66a4262000-7f66a8000000 ---p 00000000 00:00 0 
7f66aa922000-7f66aa925000 ---p 00000000 00:00 0 
7f66aa925000-7f66aaa23000 rw-p 00000000 00:00 0                          [stack:6287]
7f66aaa23000-7f66aaa26000 ---p 00000000 00:00 0 
7f66aaa26000-7f66aab24000 rw-p 00000000 00:00 0                          [stack:6286]
7f66aab24000-7f66aab27000 ---p 00000000 00:00 0 
7f66aab27000-7f66aace5000 rw-p 00000000 00:00 0                          [stack:6285]
7f66aace5000-7f66aae25000 ---p 00000000 00:00 0 
7f66aaed1000-7f66aaed4000 ---p 00000000 00:00 0 
7f66aaed4000-7f66aafd2000 rw-p 00000000 00:00 0                          [stack:6284]
7f66aafd2000-7f66aafd5000 ---p 00000000 00:00 0 
7f66aafd5000-7f66ab2d3000 rw-p 00000000 00:00 0                          [stack:6283]
7f66ab2d3000-7f66ab4d3000 rw-p 00000000 00:00 0 
7f66ab4d3000-7f66ab6d3000 rw-p 00000000 00:00 0 
7f66ab6d3000-7f66ab757000 r-xp 00000000 08:03 5917288                    /tmp/sqlite-3.7.2-libsqlitejdbc.so
7f66ab757000-7f66ab957000 ---p 00084000 08:03 5917288                    /tmp/sqlite-3.7.2-libsqlitejdbc.so
7f66ab957000-7f66ab958000 r--p 00084000 08:03 5917288                    /tmp/sqlite-3.7.2-libsqlitejdbc.so
7f66ab958000-7f66ab95b000 rw-p 00085000 08:03 5917288                    /tmp/sqlite-3.7.2-libsqlitejdbc.so
7f66ab95b000-7f66abb5b000 rw-p 00000000 00:00 0 
7f66abb5b000-7f66abd5b000 rw-p 00000000 00:00 0 
7f66abe00000-7f66ac000000 rw-p 00000000 00:00 0 
7f66ac000000-7f66ac021000 rw-p 00000000 00:00 0 
7f66ac021000-7f66b0000000 ---p 00000000 00:00 0 
7f66b0000000-7f66b0021000 rw-p 00000000 00:00 0 
7f66b0021000-7f66b4000000 ---p 00000000 00:00 0 
7f66b4000000-7f66b4021000 rw-p 00000000 00:00 0 
7f66b4021000-7f66b8000000 ---p 00000000 00:00 0 
7f66b8000000-7f66ba05a000 rw-p 00000000 00:00 0 
7f66ba05a000-7f66bc000000 ---p 00000000 00:00 0 
7f66bc000000-7f66bcc9c000 rw-p 00000000 00:00 0 
7f66bcc9c000-7f66c0000000 ---p 00000000 00:00 0 
7f66c0000000-7f66c0021000 rw-p 00000000 00:00 0 
7f66c0021000-7f66c4000000 ---p 00000000 00:00 0 
7f66c4000000-7f66c5a7c000 rw-p 00000000 00:00 0 
7f66c5a7c000-7f66c8000000 ---p 00000000 00:00 0 
7f66c8000000-7f66c8021000 rw-p 00000000 00:00 0 
7f66c8021000-7f66cc000000 ---p 00000000 00:00 0 
7f66cc000000-7f66cc021000 rw-p 00000000 00:00 0 
7f66cc021000-7f66d0000000 ---p 00000000 00:00 0 
7f66d0000000-7f66d0082000 rw-p 00000000 00:00 0 
7f66d0082000-7f66d4000000 ---p 00000000 00:00 0 
7f66d40df000-7f66d40e0000 rw-p 00000000 00:00 0 
7f66d40e0000-7f66d40e3000 ---p 00000000 00:00 0 
7f66d40e3000-7f66d41e1000 rw-p 00000000 00:00 0                          [stack:6281]
7f66d41e1000-7f66d41e4000 ---p 00000000 00:00 0 
7f66d41e4000-7f66d42e2000 rw-p 00000000 00:00 0                          [stack:6280]
7f66d42e2000-7f66d42e5000 ---p 00000000 00:00 0 
7f66d42e5000-7f66d43e3000 rw-p 00000000 00:00 0                          [stack:6279]
7f66d43e3000-7f66d43e6000 ---p 00000000 00:00 0 
7f66d43e6000-7f66d46e4000 rw-p 00000000 00:00 0                          [stack:6278]
7f66d46e4000-7f66d46f7000 r--s 00345000 08:03 1192818                    /usr/lib/jvm/java-8-oracle/jre/lib/resources.jar
7f66d46f7000-7f66d48f7000 rw-p 00000000 00:00 0 
7f66d48f7000-7f66d4af7000 rw-p 00000000 00:00 0 
7f66d4af7000-7f66d4b8c000 r--s 01109000 08:03 5004536                    /usr/lib/jvm/java-8-oracle/jre/lib/ext/jfxrt.jar
7f66d4b8c000-7f66d4d8c000 rw-p 00000000 00:00 0 
7f66d4d8c000-7f66d4d9d000 r-xp 00000000 08:03 1192784                    /usr/lib/jvm/java-8-oracle/jre/lib/amd64/libnio.so
7f66d4d9d000-7f66d4f9c000 ---p 00011000 08:03 1192784                    /usr/lib/jvm/java-8-oracle/jre/lib/amd64/libnio.so
7f66d4f9c000-7f66d4f9d000 rw-p 00010000 08:03 1192784                    /usr/lib/jvm/java-8-oracle/jre/lib/amd64/libnio.so
7f66d4f9d000-7f66d519d000 rw-p 00000000 00:00 0 
7f66d519d000-7f66d51a2000 r--s 002f9000 08:03 1192722                    /usr/lib/jvm/java-8-oracle/jre/lib/charsets.jar
7f66d51a2000-7f66d53a2000 rw-p 00000000 00:00 0 
7f66d53a2000-7f66d53a5000 ---p 00000000 00:00 0 
7f66d53a5000-7f66d54a3000 rw-p 00000000 00:00 0                          [stack:6277]
7f66d54a3000-7f66d54ac000 r-xp 00000000 08:03 1192768                    /usr/lib/jvm/java-8-oracle/jre/lib/amd64/libmanagement.so
7f66d54ac000-7f66d56ab000 ---p 00009000 08:03 1192768                    /usr/lib/jvm/java-8-oracle/jre/lib/amd64/libmanagement.so
7f66d56ab000-7f66d56ac000 rw-p 00008000 08:03 1192768                    /usr/lib/jvm/java-8-oracle/jre/lib/amd64/libmanagement.so
7f66d56ac000-7f66d58ac000 rw-p 00000000 00:00 0 
7f66d58ac000-7f66d5aac000 rw-p 00000000 00:00 0 
7f66d5aac000-7f66d5cac000 rw-p 00000000 00:00 0 
7f66d5cac000-7f66d5cb0000 r--s 0009a000 08:03 1192726                    /usr/lib/jvm/java-8-oracle/jre/lib/jsse.jar
7f66d5cb0000-7f66d5cb3000 ---p 00000000 00:00 0 
7f66d5cb3000-7f66d5db1000 rw-p 00000000 00:00 0                          [stack:6270]
7f66d5db1000-7f66d5dc7000 r-xp 00000000 08:03 1192796                    /usr/lib/jvm/java-8-oracle/jre/lib/amd64/libnet.so
7f66d5dc7000-7f66d5fc7000 ---p 00016000 08:03 1192796                    /usr/lib/jvm/java-8-oracle/jre/lib/amd64/libnet.so
7f66d5fc7000-7f66d5fc8000 rw-p 00016000 08:03 1192796                    /usr/lib/jvm/java-8-oracle/jre/lib/amd64/libnet.so
7f66d5fc8000-7f66d5fc9000 r--s 0000c000 08:03 5916924                    /home/sharmila/.gradle/caches/modules-2/files-2.1/org.ow2.asm/asm/5.0.3/dcc2193db20e19e1feca8b1240dbbc4e190824fa/asm-5.0.3.jar
7f66d5fc9000-7f66d5fd3000 r--s 00069000 08:03 5923589                    /home/sharmila/.gradle/caches/modules-2/files-2.1/ch.qos.logback/logback-core/1.1.8/b4d1c3dea91727faf8b3d19cf4b9b972d6c0b89/logback-core-1.1.8.jar
7f66d5fd3000-7f66d5fd5000 r--s 00012000 08:03 5916922                    /home/sharmila/.gradle/caches/modules-2/files-2.1/net.minidev/accessors-smart/1.1/a527213f2fea112a04c9bdf0ec0264e34104cd08/accessors-smart-1.1.jar
7f66d5fd5000-7f66d5fd7000 r--s 00009000 08:03 5923902                    /home/sharmila/.gradle/caches/modules-2/files-2.1/org.apache.tomcat/tomcat-juli/8.5.6/83d2d1e3362ecca504f3bf8ed1bc4cc451754d24/tomcat-juli-8.5.6.jar
7f66d5fd7000-7f66d5fe0000 r--s 0002d000 08:03 5923903                    /home/sharmila/.gradle/caches/modules-2/files-2.1/xml-apis/xml-apis/1.4.01/3789d9fada2d3d458c4ba2de349d48780f381ee3/xml-apis-1.4.01.jar
7f66d5fe0000-7f66d5fe2000 r--s 00004000 08:03 5923588                    /home/sharmila/.gradle/caches/modules-2/files-2.1/org.slf4j/log4j-over-slf4j/1.7.22/a527c37e9ca6c3d19ba298edd4aa344ca751a203/log4j-over-slf4j-1.7.22.jar
7f66d5fe2000-7f66d5fe4000 r--s 00000000 08:03 5923587                    /home/sharmila/.gradle/caches/modules-2/files-2.1/org.slf4j/jul-to-slf4j/1.7.22/b0429e950b3d2bc2c39c1bacafac753edbe3781c/jul-to-slf4j-1.7.22.jar
7f66d5fe4000-7f66d5fea000 r--s 00045000 08:03 5923585                    /home/sharmila/.gradle/caches/modules-2/files-2.1/ch.qos.logback/logback-classic/1.1.8/e54f49a227611976642f81cf2106b81c1ece8bf5/logback-classic-1.1.8.jar
7f66d5fea000-7f66d5feb000 r--s 0000f000 08:03 5916909                    /home/sharmila/.gradle/caches/modules-2/files-2.1/org.json/json/20140107/d1ffca6e2482b002702c6a576166fd685e3370e3/json-20140107.jar
7f66d5feb000-7f66d5fed000 r--s 00009000 08:03 5916921                    /home/sharmila/.gradle/caches/modules-2/files-2.1/org.objenesis/objenesis/2.1/87c0ea803b69252868d09308b4618f766f135a96/objenesis-2.1.jar
7f66d5fed000-7f66d5ff0000 r--s 0001b000 08:03 5916920                    /home/sharmila/.gradle/caches/modules-2/files-2.1/net.minidev/json-smart/2.2.1/5b9e5df7a62d1279b70dc882b041d249c4f0b002/json-smart-2.2.1.jar
7f66d5ff0000-7f66d5ff2000 r--s 00003000 08:03 5923586                    /home/sharmila/.gradle/caches/modules-2/files-2.1/org.slf4j/jcl-over-slf4j/1.7.22/86ceac14535af5a42c8fb0d06d79b925dd3cb263/jcl-over-slf4j-1.7.22.jar
7f66d5ff2000-7f66d5ff4000 r--s 00009000 08:03 5923584                    /home/sharmila/.gradle/caches/modules-2/files-2.1/org.slf4j/slf4j-api/1.7.22/a1c83373863cec7ae8d89dc1c5722d8cb6ec0309/slf4j-api-1.7.22.jar
7f66d5ff4000-7f66d5ffc000 r--s 0003a000 08:03 5923901                    /home/sharmila/.gradle/caches/modules-2/files-2.1/org.springframework/spring-tx/4.3.5.RELEASE/296d8ae21fadc0f115dae7d1e8d5c4f8c7de2c3e/spring-tx-4.3.5.RELEASE.jar
7f66d5ffc000-7f66d6006000 r--s 0006b000 08:03 5923900                    /home/sharmila/.gradle/caches/modules-2/files-2.1/org.springframework/spring-orm/4.3.5.RELEASE/64c29d310b69bcc6e1fd5a738fa3629bdedb2d3f/spring-orm-4.3.5.RELEASE.jar
7f66d6006000-7f66d6016000 r--s 0009a000 08:03 5923899                    /home/sharmila/.gradle/caches/modules-2/files-2.1/org.springframework.data/spring-data-commons/1.12.6.RELEASE/b6403dcfce33e89613f364d80d653d7540279c47/spring-data-commons-1.12.6.RELEASE.jar
7f66d6016000-7f66d6020000 r--s 0005f000 08:03 5923898                    /home/sharmila/.gradle/caches/modules-2/files-2.1/org.springframework/spring-jdbc/4.3.5.RELEASE/7c09e38b6f6e0b178973dea06bb8fdc6d19aa596/spring-jdbc-4.3.5.RELEASE.jar
7f66d6020000-7f66d6023000 r--s 00020000 08:03 5923897                    /home/sharmila/.gradle/caches/modules-2/files-2.1/org.apache.tomcat/tomcat-jdbc/8.5.6/feb10a9e22f70565c7556f327b0481dba8587bbc/tomcat-jdbc-8.5.6.jar
7f66d6023000-7f66d603c000 r--s 001af000 08:03 5923896                    /home/sharmila/.gradle/caches/modules-2/files-2.1/org.aspectj/aspectjweaver/1.8.9/db28774f477f07220eac18d5ec9c4e01f48589d7/aspectjweaver-1.8.9.jar
7f66d603c000-7f66d603f000 r--s 00010000 08:03 5923833                    /home/sharmila/.gradle/caches/modules-2/files-2.1/org.hibernate.common/hibernate-commons-annotations/5.0.1.Final/71e1cff3fcb20d3b3af4f3363c3ddb24d33c6879/hibernate-commons-annotations-5.0.1.Final.jar
7f66d603f000-7f66d6044000 r--s 00048000 08:03 5923832                    /home/sharmila/.gradle/caches/modules-2/files-2.1/dom4j/dom4j/1.6.1/5d3ccc056b6f056dbf0dddfdf43894b9065a8f94/dom4j-1.6.1.jar
7f66d6044000-7f66d6047000 r--s 0002b000 08:03 5923433                    /home/sharmila/.gradle/caches/modules-2/files-2.1/org.jboss/jandex/2.0.0.Final/3e899258936f94649c777193e1be846387ed54b3/jandex-2.0.0.Final.jar
7f66d6047000-7f66d6048000 r--s 00003000 08:03 5923830                    /home/sharmila/.gradle/caches/modules-2/files-2.1/org.apache.geronimo.specs/geronimo-jta_1.1_spec/1.1.1/aabab3165b8ea936b9360abbf448459c0d04a5a4/geronimo-jta_1.1_spec-1.1.1.jar
7f66d6048000-7f66d604d000 r--s 00068000 08:03 5923829                    /home/sharmila/.gradle/caches/modules-2/files-2.1/antlr/antlr/2.7.7/83cd2cd674a217ade95a4bb83a8a14f351f48bd0/antlr-2.7.7.jar
7f66d604d000-7f66d6052000 r--s 0003c000 08:03 5923583                    /home/sharmila/.gradle/caches/modules-2/files-2.1/org.springframework/spring-expression/4.3.5.RELEASE/3689dc6c5b942ecde4122eac889ed87977d6f287/spring-expression-4.3.5.RELEASE.jar
7f66d6052000-7f66d606c000 r--s 000fc000 08:03 5923582                    /home/sharmila/.gradle/caches/modules-2/files-2.1/org.springframework/spring-context/4.3.5.RELEASE/ca3391c0e17d0138335ba51b51371661d20d56a8/spring-context-4.3.5.RELEASE.jar
7f66d606c000-7f66d6079000 r--s 000ad000 08:03 5923581                    /home/sharmila/.gradle/caches/modules-2/files-2.1/org.springframework/spring-beans/4.3.5.RELEASE/e12bbc3277da28e2e2608a187f83091dc6c300bf/spring-beans-4.3.5.RELEASE.jar
7f66d6079000-7f66d6082000 r--s 00054000 08:03 5923580                    /home/sharmila/.gradle/caches/modules-2/files-2.1/org.springframework/spring-aop/4.3.5.RELEASE/4f113218af716bd8d174c411f19b26418b5a70f6/spring-aop-4.3.5.RELEASE.jar
7f66d6082000-7f66d6086000 r--s 00041000 08:03 5923579                    /home/sharmila/.gradle/caches/modules-2/files-2.1/com.fasterxml.jackson.core/jackson-core/2.8.5/60d059f5d2930ccd1ef03535b713fd9f933d1ba7/jackson-core-2.8.5.jar
7f66d6086000-7f66d6089000 r--s 0000b000 08:03 5923578                    /home/sharmila/.gradle/caches/modules-2/files-2.1/com.fasterxml.jackson.core/jackson-annotations/2.8.5/9d82ff47bc2c2d3b5b6a6618fe636782bbcd5b07/jackson-annotations-2.8.5.jar
7f66d6089000-7f66d608b000 r--s 0000e000 08:03 5917543                    /home/sharmila/.gradle/caches/modules-2/files-2.1/com.fasterxml/classmate/1.3.3/864c8e370a691e343210cc7c532fc198cee460d8/classmate-1.3.3.jar
7f66d608b000-7f66d608f000 r--s 0000c000 08:03 5916766                    /home/sharmila/.gradle/caches/modules-2/files-2.1/javax.validation/validation-api/1.1.0.Final/8613ae82954779d518631e05daa73a6a954817d5/validation-api-1.1.0.Final.jar
7f66d608f000-7f66d6094000 r--s 00036000 08:03 5917542                    /home/sharmila/.gradle/caches/modules-2/files-2.1/org.apache.tomcat.embed/tomcat-embed-websocket/8.5.6/6f6940a216b380ea8506530c374fcfeef820ba54/tomcat-embed-websocket-8.5.6.jar
7f66d6094000-7f66d6095000 r--s 00000000 08:03 5923577                    /home/sharmila/.gradle/caches/modules-2/files-2.1/org.springframework.boot/spring-boot-starter-logging/1.4.3.RELEASE/1c58783c0694abf695babfd39829922d2d501ec2/spring-boot-starter-logging-1.4.3.RELEASE.jar
7f66d6095000-7f66d60b3000 r--s 000d0000 08:03 5923576                    /home/sharmila/.gradle/caches/modules-2/files-2.1/org.springframework.boot/spring-boot-autoconfigure/1.4.3.RELEASE/41df1bfbdd4ae4e8499ebe1a4bc613bda316d6e1/spring-boot-autoconfigure-1.4.3.RELEASE.jar
7f66d60b3000-7f66d60c3000 r--s 00092000 08:03 5923575                    /home/sharmila/.gradle/caches/modules-2/files-2.1/org.springframework.boot/spring-boot/1.4.3.RELEASE/17f94def4460075afdfba6bf8f897cd1fc95bf77/spring-boot-1.4.3.RELEASE.jar
7f66d60c3000-7f66d60d2000 r--s 00084000 08:03 5923574                    /home/sharmila/.gradle/caches/modules-2/files-2.1/org.springframework/spring-test/4.3.5.RELEASE/a1965127e07b469d8e5bb3d2b0ff850423b66be4/spring-test-4.3.5.RELEASE.jar
7f66d60d2000-7f66d60e8000 r--s 000fa000 08:03 5923530                    /home/sharmila/.gradle/caches/modules-2/files-2.1/org.springframework/spring-core/4.3.5.RELEASE/80299e3f80e8c6d5c076db2ba6adf44a4b52f578/spring-core-4.3.5.RELEASE.jar
7f66d60e8000-7f66d60e9000 r--s 00006000 08:03 5916915                    /home/sharmila/.gradle/caches/modules-2/files-2.1/org.skyscreamer/jsonassert/1.3.0/d5c250eb122496866de36dc84f98e2945845ecdd/jsonassert-1.3.0.jar
7f66d60e9000-7f66d60ea000 r--s 0000c000 08:03 5916912                    /home/sharmila/.gradle/caches/modules-2/files-2.1/org.hamcrest/hamcrest-library/1.3/4785a3c21320980282f9f33d0d1264a69040538f/hamcrest-library-1.3.jar
7f66d60ea000-7f66d60ec000 r--s 00009000 08:03 5913472                    /home/sharmila/.gradle/caches/modules-2/files-2.1/org.hamcrest/hamcrest-core/1.3/42a25dc3219429f0e5d060061f71acb49bf010a0/hamcrest-core-1.3.jar
7f66d60ec000-7f66d6108000 r--s 00103000 08:03 5916914                    /home/sharmila/.gradle/caches/modules-2/files-2.1/org.mockito/mockito-core/1.10.19/e8546f5bef4e061d8dd73895b4e8f40e3fe6effe/mockito-core-1.10.19.jar
7f66d6108000-7f66d611b000 r--s 000d2000 08:03 5916913                    /home/sharmila/.gradle/caches/modules-2/files-2.1/org.assertj/assertj-core/2.5.0/fcd21db4c5f33e5dcac69bf1816415fe0647582f/assertj-core-2.5.0.jar
7f66d611b000-7f66d6120000 r--s 0002e000 08:03 5916911                    /home/sharmila/.gradle/caches/modules-2/files-2.1/com.jayway.jsonpath/json-path/2.2.0/22290d17944bd239fabf5ac69005a60a7ecbbbcb/json-path-2.2.0.jar
7f66d6120000-7f66d6125000 r--s 00017000 08:03 5923573                    /home/sharmila/.gradle/caches/modules-2/files-2.1/org.springframework.boot/spring-boot-test-autoconfigure/1.4.3.RELEASE/1a7587605e981a58104a501ab1896e2eb7a76686/spring-boot-test-autoconfigure-1.4.3.RELEASE.jar
7f66d6125000-7f66d612a000 r--s 00021000 08:03 5923572                    /home/sharmila/.gradle/caches/modules-2/files-2.1/org.springframework.boot/spring-boot-test/1.4.3.RELEASE/2d76638f0f13b33859bf3b927c232ff0f8a4ffbf/spring-boot-test-1.4.3.RELEASE.jar
7f66d612a000-7f66d6130000 r--s 0003d000 08:03 5916762                    /home/sharmila/.gradle/caches/modules-2/files-2.1/org.yaml/snakeyaml/1.17/7a27ea250c5130b2922b86dea63cbb1cc10a660c/snakeyaml-1.17.jar
7f66d6130000-7f66d6132000 r--s 00006000 08:03 5923638                    /home/sharmila/.gradle/caches/modules-2/files-2.1/com.beust/jcommander/1.12/7409692b48022f9eca7445861defbcdb9ee3c2a8/jcommander-1.12.jar
7f66d6132000-7f66d6137000 r--s 00040000 08:03 5923637                    /home/sharmila/.gradle/caches/modules-2/files-2.1/org.beanshell/bsh/2.0b4/a05f0a0feefa8d8467ac80e16e7de071489f0d9c/bsh-2.0b4.jar
7f66d6137000-7f66d613f000 r--s 00045000 08:03 5913471                    /home/sharmila/.gradle/caches/modules-2/files-2.1/junit/junit/4.12/2973d150c0dc1fefe998f834810d68f278ea58ec/junit-4.12.jar
7f66d613f000-7f66d6142000 r--s 0000c000 08:03 5923895                    /home/sharmila/.gradle/caches/modules-2/files-2.1/org.springframework/spring-aspects/4.3.5.RELEASE/8c00c15865a1da0a1ba143a50622a8436a56e097/spring-aspects-4.3.5.RELEASE.jar
7f66d6142000-7f66d6148000 r--s 0003f000 08:03 5923894                    /home/sharmila/.gradle/caches/modules-2/files-2.1/org.springframework.data/spring-data-jpa/1.10.6.RELEASE/5d478860b24a493845248c1c336c33a657567bd3/spring-data-jpa-1.10.6.RELEASE.jar
7f66d6148000-7f66d614a000 r--s 00006000 08:03 5923893                    /home/sharmila/.gradle/caches/modules-2/files-2.1/javax.transaction/javax.transaction-api/1.2/d81aff979d603edd90dcd8db2abc1f4ce6479e3e/javax.transaction-api-1.2.jar
7f66d614a000-7f66d6157000 r--s 00089000 08:03 5923892                    /home/sharmila/.gradle/caches/modules-2/files-2.1/org.hibernate/hibernate-entitymanager/5.0.11.Final/549565caed4e0bcb816843693e66ff7b04ce025f/hibernate-entitymanager-5.0.11.Final.jar
7f66d6157000-7f66d6158000 r--s 00000000 08:03 5923891                    /home/sharmila/.gradle/caches/modules-2/files-2.1/org.springframework.boot/spring-boot-starter-jdbc/1.4.3.RELEASE/7ce66cf27ea731189248be7af2ab84ba189e1151/spring-boot-starter-jdbc-1.4.3.RELEASE.jar
7f66d6158000-7f66d6159000 r--s 00000000 08:03 5923890                    /home/sharmila/.gradle/caches/modules-2/files-2.1/org.springframework.boot/spring-boot-starter-aop/1.4.3.RELEASE/30b11b6455bed446d3b4a1a49fab529b2cfac454/spring-boot-starter-aop-1.4.3.RELEASE.jar
7f66d6159000-7f66d6163000 r--s 000ae000 08:03 5916958                    /home/sharmila/.gradle/caches/modules-2/files-2.1/org.javassist/javassist/3.20.0-GA/a9cbcdfb7e9f86fbc74d3afae65f2248bfbf82a0/javassist-3.20.0-GA.jar
7f66d6163000-7f66d6168000 r--s 00017000 08:03 5923828                    /home/sharmila/.gradle/caches/modules-2/files-2.1/org.hibernate.javax.persistence/hibernate-jpa-2.1-api/1.0.0.Final/5e731d961297e5a07290bfaf3db1fbc8bbbf405a/hibernate-jpa-2.1-api-1.0.0.Final.jar
7f66d6168000-7f66d61d1000 r--s 004f3000 08:03 5923432                    /home/sharmila/.gradle/caches/modules-2/files-2.1/org.hibernate/hibernate-core/5.0.11.Final/c2487fb72a2217a7cec9ab478d4c21a36fc09977/hibernate-core-5.0.11.Final.jar
7f66d61d1000-7f66d61e4000 r--s 00236000 08:03 5916949                    /home/sharmila/.gradle/caches/modules-2/files-2.1/org.eclipse.jdt.core.compiler/ecj/4.5.1/bee1367ac12fb6a20b422ff8711ebeb4f0a42316/ecj-4.5.1.jar
7f66d61e4000-7f66d61e9000 r--s 00036000 08:03 5917541                    /home/sharmila/.gradle/caches/modules-2/files-2.1/org.apache.tomcat.embed/tomcat-embed-el/8.5.6/a102298d8dc72f4065533d5962953d753b172602/tomcat-embed-el-8.5.6.jar
7f66d61e9000-7f66d6212000 r--s 002b2000 08:03 5917540                    /home/sharmila/.gradle/caches/modules-2/files-2.1/org.apache.tomcat.embed/tomcat-embed-core/8.5.6/960834b5abc6b2135250487abf6c060a0fa5a22e/tomcat-embed-core-8.5.6.jar
7f66d6212000-7f66d6223000 r--s 000cf000 08:03 5923571                    /home/sharmila/.gradle/caches/modules-2/files-2.1/org.springframework/spring-webmvc/4.3.5.RELEASE/c624659217edab07d8279fb0f90462136f089220/spring-webmvc-4.3.5.RELEASE.jar
7f66d6223000-7f66d6235000 r--s 000b6000 08:03 5923570                    /home/sharmila/.gradle/caches/modules-2/files-2.1/org.springframework/spring-web/4.3.5.RELEASE/6641daccf2fddafc8358144f3a4f999130fdf144/spring-web-4.3.5.RELEASE.jar
7f66d6235000-7f66d6246000 r--s 0011d000 08:03 5923569                    /home/sharmila/.gradle/caches/modules-2/files-2.1/com.fasterxml.jackson.core/jackson-databind/2.8.5/b3035f37e674c04dafe36a660c3815cc59f764e2/jackson-databind-2.8.5.jar
7f66d6246000-7f66d6256000 r--s 0009c000 08:03 5916756                    /home/sharmila/.gradle/caches/modules-2/files-2.1/org.hibernate/hibernate-validator/5.2.4.Final/fb18766b576aa6632bcfe9a20a023cbd52bf9769/hibernate-validator-5.2.4.Final.jar
7f66d6256000-7f66d6262000 r--s 000a4000 08:03 5923636                    /home/sharmila/.gradle/caches/modules-2/files-2.1/org.testng/testng/6.5.2/5069d2e72356ed87645c5fc3622b0bbb5e0667c9/testng-6.5.2.jar
7f66d6262000-7f66d6263000 ---p 00000000 00:00 0 
7f66d6263000-7f66d6363000 rw-p 00000000 00:00 0                          [stack:6268]
7f66d6363000-7f66d6366000 ---p 00000000 00:00 0 
7f66d6366000-7f66d6464000 rw-p 00000000 00:00 0                          [stack:6267]
7f66d6464000-7f66d6467000 ---p 00000000 00:00 0 
7f66d6467000-7f66d6565000 rw-p 00000000 00:00 0                          [stack:6266]
7f66d6565000-7f66d6568000 ---p 00000000 00:00 0 
7f66d6568000-7f66d6666000 rw-p 00000000 00:00 0                          [stack:6265]
7f66d6666000-7f66d6669000 ---p 00000000 00:00 0 
7f66d6669000-7f66d6767000 rw-p 00000000 00:00 0                          [stack:6264]
7f66d6767000-7f66d676a000 ---p 00000000 00:00 0 
7f66d676a000-7f66d6868000 rw-p 00000000 00:00 0                          [stack:6263]
7f66d6868000-7f66d6f4b000 r--p 00000000 08:03 3152909                    /usr/lib/locale/locale-archive
7f66d6f4b000-7f66d6f4e000 ---p 00000000 00:00 0 
7f66d6f4e000-7f66d704c000 rw-p 00000000 00:00 0                          [stack:6258]
7f66d704c000-7f66d704f000 ---p 00000000 00:00 0 
7f66d704f000-7f66d714d000 rw-p 00000000 00:00 0                          [stack:6257]
7f66d714d000-7f66d714e000 ---p 00000000 00:00 0 
7f66d714e000-7f66d8000000 rw-p 00000000 00:00 0                          [stack:6256]
7f66d8000000-7f66d8021000 rw-p 00000000 00:00 0 
7f66d8021000-7f66dc000000 ---p 00000000 00:00 0 
7f66dc000000-7f66dc021000 rw-p 00000000 00:00 0 
7f66dc021000-7f66e0000000 ---p 00000000 00:00 0 
7f66e0000000-7f66e0021000 rw-p 00000000 00:00 0 
7f66e0021000-7f66e4000000 ---p 00000000 00:00 0 
7f66e4000000-7f66e4021000 rw-p 00000000 00:00 0 
7f66e4021000-7f66e8000000 ---p 00000000 00:00 0 
7f66e8000000-7f66f1000000 rw-p 00000000 00:00 0 
7f66f1000000-7f66f1da0000 rwxp 00000000 00:00 0 
7f66f1da0000-7f6700000000 ---p 00000000 00:00 0 
7f6700000000-7f670186d000 rw-p 00000000 00:00 0 
7f670186d000-7f6704000000 ---p 00000000 00:00 0 
7f6704000000-7f6704002000 r--s 0000f000 08:03 5916917                    /home/sharmila/.gradle/caches/modules-2/files-2.1/org.jboss.logging/jboss-logging/3.3.0.Final/3616bb87707910296e2c195dc016287080bba5af/jboss-logging-3.3.0.Final.jar
7f6704002000-7f6704003000 r--s 00000000 08:03 5923568                    /home/sharmila/.gradle/caches/modules-2/files-2.1/org.springframework.boot/spring-boot-starter-tomcat/1.4.3.RELEASE/61c48035a7a3b06b42fdd07b7109e562077b3792/spring-boot-starter-tomcat-1.4.3.RELEASE.jar
7f6704003000-7f6704254000 rw-p 00000000 00:00 0 
7f6704254000-7f670442d000 r--s 03d3e000 08:03 1192730                    /usr/lib/jvm/java-8-oracle/jre/lib/rt.jar
7f670442d000-7f67044a3000 rw-p 00000000 00:00 0 
7f67044a3000-7f67044a4000 ---p 00000000 00:00 0 
7f67044a4000-7f67045a4000 rw-p 00000000 00:00 0                          [stack:6255]
7f67045a4000-7f67045a5000 ---p 00000000 00:00 0 
7f67045a5000-7f67046a5000 rw-p 00000000 00:00 0                          [stack:6254]
7f67046a5000-7f67046a6000 ---p 00000000 00:00 0 
7f67046a6000-7f67047a6000 rw-p 00000000 00:00 0                          [stack:6253]
7f67047a6000-7f67047a7000 ---p 00000000 00:00 0 
7f67047a7000-7f6704a29000 rw-p 00000000 00:00 0                          [stack:6252]
7f6704a29000-7f6704dfd000 ---p 00000000 00:00 0 
7f6704dfd000-7f6704f7f000 rw-p 00000000 00:00 0 
7f6704f7f000-7f6705352000 ---p 00000000 00:00 0 
7f6705352000-7f6705425000 rw-p 00000000 00:00 0 
7f6705425000-7f67055fd000 ---p 00000000 00:00 0 
7f67055fd000-7f6705635000 rw-p 00000000 00:00 0 
7f6705635000-7f67059be000 ---p 00000000 00:00 0 
7f67059be000-7f67059d8000 r-xp 00000000 08:03 1192782                    /usr/lib/jvm/java-8-oracle/jre/lib/amd64/libzip.so
7f67059d8000-7f6705bd8000 ---p 0001a000 08:03 1192782                    /usr/lib/jvm/java-8-oracle/jre/lib/amd64/libzip.so
7f6705bd8000-7f6705bd9000 rw-p 0001a000 08:03 1192782                    /usr/lib/jvm/java-8-oracle/jre/lib/amd64/libzip.so
7f6705bd9000-7f6705be3000 r-xp 00000000 08:03 4070135                    /lib/x86_64-linux-gnu/libnss_files-2.19.so
7f6705be3000-7f6705de2000 ---p 0000a000 08:03 4070135                    /lib/x86_64-linux-gnu/libnss_files-2.19.so
7f6705de2000-7f6705de3000 r--p 00009000 08:03 4070135                    /lib/x86_64-linux-gnu/libnss_files-2.19.so
7f6705de3000-7f6705de4000 rw-p 0000a000 08:03 4070135                    /lib/x86_64-linux-gnu/libnss_files-2.19.so
7f6705de4000-7f6705def000 r-xp 00000000 08:03 4070127                    /lib/x86_64-linux-gnu/libnss_nis-2.19.so
7f6705def000-7f6705fee000 ---p 0000b000 08:03 4070127                    /lib/x86_64-linux-gnu/libnss_nis-2.19.so
7f6705fee000-7f6705fef000 r--p 0000a000 08:03 4070127                    /lib/x86_64-linux-gnu/libnss_nis-2.19.so
7f6705fef000-7f6705ff0000 rw-p 0000b000 08:03 4070127                    /lib/x86_64-linux-gnu/libnss_nis-2.19.so
7f6705ff0000-7f6706007000 r-xp 00000000 08:03 4070123                    /lib/x86_64-linux-gnu/libnsl-2.19.so
7f6706007000-7f6706206000 ---p 00017000 08:03 4070123                    /lib/x86_64-linux-gnu/libnsl-2.19.so
7f6706206000-7f6706207000 r--p 00016000 08:03 4070123                    /lib/x86_64-linux-gnu/libnsl-2.19.so
7f6706207000-7f6706208000 rw-p 00017000 08:03 4070123                    /lib/x86_64-linux-gnu/libnsl-2.19.so
7f6706208000-7f670620a000 rw-p 00000000 00:00 0 
7f670620a000-7f6706213000 r-xp 00000000 08:03 4070122                    /lib/x86_64-linux-gnu/libnss_compat-2.19.so
7f6706213000-7f6706412000 ---p 00009000 08:03 4070122                    /lib/x86_64-linux-gnu/libnss_compat-2.19.so
7f6706412000-7f6706413000 r--p 00008000 08:03 4070122                    /lib/x86_64-linux-gnu/libnss_compat-2.19.so
7f6706413000-7f6706414000 rw-p 00009000 08:03 4070122                    /lib/x86_64-linux-gnu/libnss_compat-2.19.so
7f6706414000-7f670643f000 r-xp 00000000 08:03 1192746                    /usr/lib/jvm/java-8-oracle/jre/lib/amd64/libjava.so
7f670643f000-7f670663e000 ---p 0002b000 08:03 1192746                    /usr/lib/jvm/java-8-oracle/jre/lib/amd64/libjava.so
7f670663e000-7f6706640000 rw-p 0002a000 08:03 1192746                    /usr/lib/jvm/java-8-oracle/jre/lib/amd64/libjava.so
7f6706640000-7f670664d000 r-xp 00000000 08:03 1192763                    /usr/lib/jvm/java-8-oracle/jre/lib/amd64/libverify.so
7f670664d000-7f670684c000 ---p 0000d000 08:03 1192763                    /usr/lib/jvm/java-8-oracle/jre/lib/amd64/libverify.so
7f670684c000-7f670684e000 rw-p 0000c000 08:03 1192763                    /usr/lib/jvm/java-8-oracle/jre/lib/amd64/libverify.so
7f670684e000-7f6706855000 r-xp 00000000 08:03 4070131                    /lib/x86_64-linux-gnu/librt-2.19.so
7f6706855000-7f6706a54000 ---p 00007000 08:03 4070131                    /lib/x86_64-linux-gnu/librt-2.19.so
7f6706a54000-7f6706a55000 r--p 00006000 08:03 4070131                    /lib/x86_64-linux-gnu/librt-2.19.so
7f6706a55000-7f6706a56000 rw-p 00007000 08:03 4070131                    /lib/x86_64-linux-gnu/librt-2.19.so
7f6706a56000-7f6706b5b000 r-xp 00000000 08:03 4070117                    /lib/x86_64-linux-gnu/libm-2.19.so
7f6706b5b000-7f6706d5a000 ---p 00105000 08:03 4070117                    /lib/x86_64-linux-gnu/libm-2.19.so
7f6706d5a000-7f6706d5b000 r--p 00104000 08:03 4070117                    /lib/x86_64-linux-gnu/libm-2.19.so
7f6706d5b000-7f6706d5c000 rw-p 00105000 08:03 4070117                    /lib/x86_64-linux-gnu/libm-2.19.so
7f6706d5c000-7f6707a2a000 r-xp 00000000 08:03 1192803                    /usr/lib/jvm/java-8-oracle/jre/lib/amd64/server/libjvm.so
7f6707a2a000-7f6707c2a000 ---p 00cce000 08:03 1192803                    /usr/lib/jvm/java-8-oracle/jre/lib/amd64/server/libjvm.so
7f6707c2a000-7f6707d03000 rw-p 00cce000 08:03 1192803                    /usr/lib/jvm/java-8-oracle/jre/lib/amd64/server/libjvm.so
7f6707d03000-7f6707d4e000 rw-p 00000000 00:00 0 
7f6707d4e000-7f6707f08000 r-xp 00000000 08:03 4070132                    /lib/x86_64-linux-gnu/libc-2.19.so
7f6707f08000-7f6708108000 ---p 001ba000 08:03 4070132                    /lib/x86_64-linux-gnu/libc-2.19.so
7f6708108000-7f670810c000 r--p 001ba000 08:03 4070132                    /lib/x86_64-linux-gnu/libc-2.19.so
7f670810c000-7f670810e000 rw-p 001be000 08:03 4070132                    /lib/x86_64-linux-gnu/libc-2.19.so
7f670810e000-7f6708113000 rw-p 00000000 00:00 0 
7f6708113000-7f6708116000 r-xp 00000000 08:03 4070119                    /lib/x86_64-linux-gnu/libdl-2.19.so
7f6708116000-7f6708315000 ---p 00003000 08:03 4070119                    /lib/x86_64-linux-gnu/libdl-2.19.so
7f6708315000-7f6708316000 r--p 00002000 08:03 4070119                    /lib/x86_64-linux-gnu/libdl-2.19.so
7f6708316000-7f6708317000 rw-p 00003000 08:03 4070119                    /lib/x86_64-linux-gnu/libdl-2.19.so
7f6708317000-7f670832c000 r-xp 00000000 08:03 1610979                    /usr/lib/jvm/java-8-oracle/lib/amd64/jli/libjli.so
7f670832c000-7f670852c000 ---p 00015000 08:03 1610979                    /usr/lib/jvm/java-8-oracle/lib/amd64/jli/libjli.so
7f670852c000-7f670852d000 rw-p 00015000 08:03 1610979                    /usr/lib/jvm/java-8-oracle/lib/amd64/jli/libjli.so
7f670852d000-7f6708546000 r-xp 00000000 08:03 4070124                    /lib/x86_64-linux-gnu/libpthread-2.19.so
7f6708546000-7f6708745000 ---p 00019000 08:03 4070124                    /lib/x86_64-linux-gnu/libpthread-2.19.so
7f6708745000-7f6708746000 r--p 00018000 08:03 4070124                    /lib/x86_64-linux-gnu/libpthread-2.19.so
7f6708746000-7f6708747000 rw-p 00019000 08:03 4070124                    /lib/x86_64-linux-gnu/libpthread-2.19.so
7f6708747000-7f670874b000 rw-p 00000000 00:00 0 
7f670874b000-7f670876e000 r-xp 00000000 08:03 4070125                    /lib/x86_64-linux-gnu/ld-2.19.so
7f670876e000-7f670876f000 r--s 00000000 08:03 5923567                    /home/sharmila/.gradle/caches/modules-2/files-2.1/org.springframework.boot/spring-boot-starter/1.4.3.RELEASE/c99bad104719e947b3f9aa2b7569583805e4c5d5/spring-boot-starter-1.4.3.RELEASE.jar
7f670876f000-7f6708770000 r--s 00000000 08:03 5923566                    /home/sharmila/.gradle/caches/modules-2/files-2.1/org.springframework.boot/spring-boot-starter-test/1.4.3.RELEASE/6e9f1dbd3f68299c0183630ef07ca430de160050/spring-boot-starter-test-1.4.3.RELEASE.jar
7f6708770000-7f6708771000 r--s 00000000 08:03 5923889                    /home/sharmila/.gradle/caches/modules-2/files-2.1/org.springframework.boot/spring-boot-starter-data-jpa/1.4.3.RELEASE/ffda06c2144d10239014407333c223a237b73ad7/spring-boot-starter-data-jpa-1.4.3.RELEASE.jar
7f6708771000-7f6708844000 rw-p 00000000 00:00 0 
7f6708844000-7f6708847000 ---p 00000000 00:00 0 
7f6708847000-7f6708949000 rw-p 00000000 00:00 0                          [stack:6251]
7f6708949000-7f670894a000 r--s 00003000 08:03 5923431                    /home/sharmila/.gradle/caches/modules-2/files-2.1/org.hibernate/hibernate-gradle-plugin/5.2.3.Final/db2ad8695e48a03a566b74fb5fc07c1732c1f5e5/hibernate-gradle-plugin-5.2.3.Final.jar
7f670894a000-7f670894f000 r--s 00309000 08:03 5923826                    /home/sharmila/.gradle/caches/modules-2/files-2.1/org.xerial/sqlite-jdbc/3.7.2/7a3d67f00508d3881650579f7f228c61bfc1b196/sqlite-jdbc-3.7.2.jar
7f670894f000-7f6708958000 r--s 00095000 08:03 5913393                    /home/sharmila/.gradle/caches/modules-2/files-2.1/org.apache.tomcat.embed/tomcat-embed-jasper/9.0.0.M11/e2cd5a7038094195c3163532e01daf051d9265fe/tomcat-embed-jasper-9.0.0.M11.jar
7f6708958000-7f6708959000 r--s 00000000 08:03 5923565                    /home/sharmila/.gradle/caches/modules-2/files-2.1/org.springframework.boot/spring-boot-starter-web/1.4.3.RELEASE/a0dcc919eda8e8ecb6f13f52a30e6afbb8266103/spring-boot-starter-web-1.4.3.RELEASE.jar
7f6708959000-7f6708961000 r--s 00046000 08:04 5901011                    /media/sharmila/_home/sts-bundle/sts-3.8.1.RELEASE/plugins/org.testng.eclipse_6.10.0.201612030230/lib/testng-remote.jar
7f6708961000-7f6708969000 rw-s 00000000 08:03 5898257                    /tmp/hsperfdata_sharmila/6249
7f6708969000-7f670896a000 rw-p 00000000 00:00 0 
7f670896a000-7f670896b000 r--p 00000000 00:00 0 
7f670896b000-7f670896d000 rw-p 00000000 00:00 0 
7f670896d000-7f670896e000 r--p 00022000 08:03 4070125                    /lib/x86_64-linux-gnu/ld-2.19.so
7f670896e000-7f670896f000 rw-p 00023000 08:03 4070125                    /lib/x86_64-linux-gnu/ld-2.19.so
7f670896f000-7f6708970000 rw-p 00000000 00:00 0 
7ffd24c2c000-7ffd24c50000 rw-p 00000000 00:00 0                          [stack]
7ffd24d51000-7ffd24d53000 r-xp 00000000 00:00 0                          [vdso]
ffffffffff600000-ffffffffff601000 r-xp 00000000 00:00 0                  [vsyscall]

VM Arguments:
jvm_args: -ea -Xms1024m -Xmx4096m -Dfile.encoding=UTF-8 
java_command: org.testng.remote.RemoteTestNG -serport 53419 -protocol json -d /home/sharmila/Documents/work-office/TestNG_Project/test-output /tmp/testng-eclipse-1691265617/testng-customsuite.xml
java_class_path (initial): /media/sharmila/_home/sts-bundle/sts-3.8.1.RELEASE/plugins/org.testng.eclipse_6.10.0.201612030230/lib/testng-remote.jar:/home/sharmila/Documents/work-office/TestNG_Project/bin:/home/sharmila/.gradle/caches/modules-2/files-2.1/org.springframework.boot/spring-boot-starter-web/1.4.3.RELEASE/a0dcc919eda8e8ecb6f13f52a30e6afbb8266103/spring-boot-starter-web-1.4.3.RELEASE.jar:/home/sharmila/.gradle/caches/modules-2/files-2.1/org.apache.tomcat.embed/tomcat-embed-jasper/9.0.0.M11/e2cd5a7038094195c3163532e01daf051d9265fe/tomcat-embed-jasper-9.0.0.M11.jar:/home/sharmila/.gradle/caches/modules-2/files-2.1/org.xerial/sqlite-jdbc/3.7.2/7a3d67f00508d3881650579f7f228c61bfc1b196/sqlite-jdbc-3.7.2.jar:/home/sharmila/.gradle/caches/modules-2/files-2.1/org.hibernate/hibernate-gradle-plugin/5.2.3.Final/db2ad8695e48a03a566b74fb5fc07c1732c1f5e5/hibernate-gradle-plugin-5.2.3.Final.jar:/home/sharmila/.gradle/caches/modules-2/files-2.1/org.springframework.boot/spring-boot-starter-data-jpa/1.4.3.RELEASE/ffda06c2144d10239014407333c223a237b73ad7/spring-boot-starter-data-jpa-1.4.3.RELEASE.jar:/home/sharmila/.gradle/caches/modules-2/files-2.1/org.testng/testng/6.5.2/5069d2e72356ed87645c5fc3622b0bbb5e0667c9/testng-6.5.2.jar:/home/sharmila/.gradle/caches/modules-2/files-2.1/org.springframework.boot/spring-boot-starter-test/1.4.3.RELEASE/6e9f1dbd3f68299c0183630ef07ca430de160050/spring-boot-starter-test-1.4.3.RELEASE.jar:/home/sharmila/.gradle/caches/modules-2/files-2.1/org.springframework.boot/spring-boot-starter/1.4.3.RELEASE/c99bad104719e947b3f9aa2b7569583805e4c5d5/spring-boot-starter-1.4.3.RELEASE.jar:/home/sharmila/.gradle/caches/modules-2/files-2.1/org.springframework.boot/spring-boot-starter-tomcat/1.4.3.RELEASE/61c48035a7a3b06b42fdd07b7109e562077b3792/spring-boot-starter-tomcat-1.4.3.RELEASE.jar:/home/sharmila/.gradle/caches/modules-2/files-2.1/org.hibernate/hibernate-validator/5.2.4.Final/fb18766b576aa6632bcfe9a20a023cbd52bf9769/hibernate-validator-5.2.4.Final.ja
Launcher Type: SUN_STANDARD

Environment Variables:
JAVA_HOME=/usr/lib/jvm/java-8-oracle
PATH=/usr/local/sbin:/usr/local/bin:/usr/sbin:/usr/bin:/sbin:/bin:/usr/games:/usr/local/games:/usr/lib/jvm/java-8-oracle/bin:/usr/lib/jvm/java-8-oracle/db/bin:/usr/lib/jvm/java-8-oracle/jre/bin
SHELL=/bin/bash
DISPLAY=:0.0

Signal Handlers:
SIGSEGV: [libjvm.so+0xac78c0], sa_mask[0]=11111111011111111101111111111110, sa_flags=SA_RESTART|SA_SIGINFO
SIGBUS: [libjvm.so+0xac78c0], sa_mask[0]=11111111011111111101111111111110, sa_flags=SA_RESTART|SA_SIGINFO
SIGFPE: [libjvm.so+0x920ac0], sa_mask[0]=11111111011111111101111111111110, sa_flags=SA_RESTART|SA_SIGINFO
SIGPIPE: [libjvm.so+0x920ac0], sa_mask[0]=11111111011111111101111111111110, sa_flags=SA_RESTART|SA_SIGINFO
SIGXFSZ: [libjvm.so+0x920ac0], sa_mask[0]=11111111011111111101111111111110, sa_flags=SA_RESTART|SA_SIGINFO
SIGILL: [libjvm.so+0x920ac0], sa_mask[0]=11111111011111111101111111111110, sa_flags=SA_RESTART|SA_SIGINFO
SIGUSR1: SIG_DFL, sa_mask[0]=00000000000000000000000000000000, sa_flags=none
SIGUSR2: [libjvm.so+0x922300], sa_mask[0]=00100000000000000000000000000000, sa_flags=SA_RESTART|SA_SIGINFO
SIGHUP: [libjvm.so+0x923700], sa_mask[0]=11111111011111111101111111111110, sa_flags=SA_RESTART|SA_SIGINFO
SIGINT: [libjvm.so+0x923700], sa_mask[0]=11111111011111111101111111111110, sa_flags=SA_RESTART|SA_SIGINFO
SIGTERM: [libjvm.so+0x923700], sa_mask[0]=11111111011111111101111111111110, sa_flags=SA_RESTART|SA_SIGINFO
SIGQUIT: [libjvm.so+0x923700], sa_mask[0]=11111111011111111101111111111110, sa_flags=SA_RESTART|SA_SIGINFO


---------------  S Y S T E M  ---------------

OS:DISTRIB_ID=Ubuntu
DISTRIB_RELEASE=14.04
DISTRIB_CODENAME=trusty
DISTRIB_DESCRIPTION="Ubuntu 14.04.5 LTS"

uname:Linux 3.13.0-107-generic #154-Ubuntu SMP Tue Dec 20 09:57:27 UTC 2016 x86_64
libc:glibc 2.19 NPTL 2.19 
rlimit: STACK 8192k, CORE 0k, NPROC 30712, NOFILE 4096, AS infinity
load average:1.48 0.83 0.67

/proc/meminfo:
MemTotal:        3953548 kB
MemFree:          133264 kB
Buffers:            9804 kB
Cached:           878452 kB
SwapCached:         5796 kB
Active:          2310904 kB
Inactive:        1046392 kB
Active(anon):    2179960 kB
Inactive(anon):   930316 kB
Active(file):     130944 kB
Inactive(file):   116076 kB
Unevictable:         208 kB
Mlocked:             208 kB
SwapTotal:       7999484 kB
SwapFree:        7673992 kB
Dirty:               160 kB
Writeback:             0 kB
AnonPages:       2468092 kB
Mapped:           528680 kB
Shmem:            641228 kB
Slab:             335796 kB
SReclaimable:     295008 kB
SUnreclaim:        40788 kB
KernelStack:        5640 kB
PageTables:        51712 kB
NFS_Unstable:          0 kB
Bounce:                0 kB
WritebackTmp:          0 kB
CommitLimit:     9976256 kB
Committed_AS:    9378660 kB
VmallocTotal:   34359738367 kB
VmallocUsed:      400960 kB
VmallocChunk:   34359328252 kB
HardwareCorrupted:     0 kB
AnonHugePages:    555008 kB
HugePages_Total:       0
HugePages_Free:        0
HugePages_Rsvd:        0
HugePages_Surp:        0
Hugepagesize:       2048 kB
DirectMap4k:       90284 kB
DirectMap2M:     2961408 kB
DirectMap1G:     1048576 kB


CPU:total 4 (2 cores per cpu, 2 threads per core) family 6 model 69 stepping 1, cmov, cx8, fxsr, mmx, sse, sse2, sse3, ssse3, sse4.1, sse4.2, popcnt, avx, avx2, aes, clmul, erms, lzcnt, ht, tsc, tscinvbit, bmi1, bmi2

/proc/cpuinfo:
processor	: 0
vendor_id	: GenuineIntel
cpu family	: 6
model		: 69
model name	: Intel(R) Core(TM) i5-4200U CPU @ 1.60GHz
stepping	: 1
microcode	: 0x17
cpu MHz		: 1600.000
cache size	: 3072 KB
physical id	: 0
siblings	: 4
core id		: 0
cpu cores	: 2
apicid		: 0
initial apicid	: 0
fpu		: yes
fpu_exception	: yes
cpuid level	: 13
wp		: yes
flags		: fpu vme de pse tsc msr pae mce cx8 apic sep mtrr pge mca cmov pat pse36 clflush dts acpi mmx fxsr sse sse2 ss ht tm pbe syscall nx pdpe1gb rdtscp lm constant_tsc arch_perfmon pebs bts rep_good nopl xtopology nonstop_tsc aperfmperf eagerfpu pni pclmulqdq dtes64 monitor ds_cpl vmx est tm2 ssse3 fma cx16 xtpr pdcm pcid sse4_1 sse4_2 movbe popcnt tsc_deadline_timer aes xsave avx f16c rdrand lahf_lm abm ida arat epb xsaveopt pln pts dtherm tpr_shadow vnmi flexpriority ept vpid fsgsbase tsc_adjust bmi1 avx2 smep bmi2 erms invpcid
bogomips	: 4589.74
clflush size	: 64
cache_alignment	: 64
address sizes	: 39 bits physical, 48 bits virtual
power management:

processor	: 1
vendor_id	: GenuineIntel
cpu family	: 6
model		: 69
model name	: Intel(R) Core(TM) i5-4200U CPU @ 1.60GHz
stepping	: 1
microcode	: 0x17
cpu MHz		: 1600.000
cache size	: 3072 KB
physical id	: 0
siblings	: 4
core id		: 0
cpu cores	: 2
apicid		: 1
initial apicid	: 1
fpu		: yes
fpu_exception	: yes
cpuid level	: 13
wp		: yes
flags		: fpu vme de pse tsc msr pae mce cx8 apic sep mtrr pge mca cmov pat pse36 clflush dts acpi mmx fxsr sse sse2 ss ht tm pbe syscall nx pdpe1gb rdtscp lm constant_tsc arch_perfmon pebs bts rep_good nopl xtopology nonstop_tsc aperfmperf eagerfpu pni pclmulqdq dtes64 monitor ds_cpl vmx est tm2 ssse3 fma cx16 xtpr pdcm pcid sse4_1 sse4_2 movbe popcnt tsc_deadline_timer aes xsave avx f16c rdrand lahf_lm abm ida arat epb xsaveopt pln pts dtherm tpr_shadow vnmi flexpriority ept vpid fsgsbase tsc_adjust bmi1 avx2 smep bmi2 erms invpcid
bogomips	: 4589.74
clflush size	: 64
cache_alignment	: 64
address sizes	: 39 bits physical, 48 bits virtual
power management:

processor	: 2
vendor_id	: GenuineIntel
cpu family	: 6
model		: 69
model name	: Intel(R) Core(TM) i5-4200U CPU @ 1.60GHz
stepping	: 1
microcode	: 0x17
cpu MHz		: 759.000
cache size	: 3072 KB
physical id	: 0
siblings	: 4
core id		: 1
cpu cores	: 2
apicid		: 2
initial apicid	: 2
fpu		: yes
fpu_exception	: yes
cpuid level	: 13
wp		: yes
flags		: fpu vme de pse tsc msr pae mce cx8 apic sep mtrr pge mca cmov pat pse36 clflush dts acpi mmx fxsr sse sse2 ss ht tm pbe syscall nx pdpe1gb rdtscp lm constant_tsc arch_perfmon pebs bts rep_good nopl xtopology nonstop_tsc aperfmperf eagerfpu pni pclmulqdq dtes64 monitor ds_cpl vmx est tm2 ssse3 fma cx16 xtpr pdcm pcid sse4_1 sse4_2 movbe popcnt tsc_deadline_timer aes xsave avx f16c rdrand lahf_lm abm ida arat epb xsaveopt pln pts dtherm tpr_shadow vnmi flexpriority ept vpid fsgsbase tsc_adjust bmi1 avx2 smep bmi2 erms invpcid
bogomips	: 4589.74
clflush size	: 64
cache_alignment	: 64
address sizes	: 39 bits physical, 48 bits virtual
power management:

processor	: 3
vendor_id	: GenuineIntel
cpu family	: 6
model		: 69
model name	: Intel(R) Core(TM) i5-4200U CPU @ 1.60GHz
stepping	: 1
microcode	: 0x17
cpu MHz		: 1600.000
cache size	: 3072 KB
physical id	: 0
siblings	: 4
core id		: 1
cpu cores	: 2
apicid		: 3
initial apicid	: 3
fpu		: yes
fpu_exception	: yes
cpuid level	: 13
wp		: yes
flags		: fpu vme de pse tsc msr pae mce cx8 apic sep mtrr pge mca cmov pat pse36 clflush dts acpi mmx fxsr sse sse2 ss ht tm pbe syscall nx pdpe1gb rdtscp lm constant_tsc arch_perfmon pebs bts rep_good nopl xtopology nonstop_tsc aperfmperf eagerfpu pni pclmulqdq dtes64 monitor ds_cpl vmx est tm2 ssse3 fma cx16 xtpr pdcm pcid sse4_1 sse4_2 movbe popcnt tsc_deadline_timer aes xsave avx f16c rdrand lahf_lm abm ida arat epb xsaveopt pln pts dtherm tpr_shadow vnmi flexpriority ept vpid fsgsbase tsc_adjust bmi1 avx2 smep bmi2 erms invpcid
bogomips	: 4589.74
clflush size	: 64
cache_alignment	: 64
address sizes	: 39 bits physical, 48 bits virtual
power management:



Memory: 4k page, physical 3953548k(133264k free), swap 7999484k(7673992k free)

vm_info: Java HotSpot(TM) 64-Bit Server VM (25.121-b13) for linux-amd64 JRE (1.8.0_121-b13), built on Dec 12 2016 16:36:53 by "java_re" with gcc 4.3.0 20080428 (Red Hat 4.3.0-8)

time: Tue Jan 24 21:33:14 2017
elapsed time: 14 seconds (0d 0h 0m 14s)

