#
# A fatal error has been detected by the Java Runtime Environment:
#
#  SIGSEGV (0xb) at pc=0x00007f756ab1c118, pid=3927, tid=0x00007f756c022700
#
# JRE version: Java(TM) SE Runtime Environment (8.0_121-b13) (build 1.8.0_121-b13)
# Java VM: Java HotSpot(TM) 64-Bit Server VM (25.121-b13 mixed mode linux-amd64 compressed oops)
# Problematic frame:
# V  [libjvm.so+0x6e2118]  jni_GetStringUTFChars+0xb8
#
# Failed to write core dump. Core dumps have been disabled. To enable core dumping, try "ulimit -c unlimited" before starting Java again
#
# If you would like to submit a bug report, please visit:
#   http://bugreport.java.com/bugreport/crash.jsp
#

---------------  T H R E A D  ---------------

Current thread (0x00007f7564010000):  JavaThread "main" [_thread_in_vm, id=3930, stack(0x00007f756bf22000,0x00007f756c023000)]

siginfo: si_signo: 11 (SIGSEGV), si_code: 1 (SEGV_MAPERR), si_addr: 0x0000000000000000

Registers:
RAX=0x00007f756b3f1550, RBX=0x0000000000000000, RCX=0x00000000f784d710, RDX=0x00007f756b3ff9e0
RSP=0x00007f756c01cd80, RBP=0x00007f756c01ce20, RSI=0x00007f7564010000, RDI=0x00007f756c01cdc0
R8 =0x00007f7555012c80, R9 =0x00000000f784d710, R10=0x000000000000017c, R11=0x00007f756b3ff9e8
R12=0x00007f7564010000, R13=0x0000000000000000, R14=0x00007f756c01cef8, R15=0x00007f756c01cdc0
RIP=0x00007f756ab1c118, EFLAGS=0x0000000000010246, CSGSFS=0x0000000000000033, ERR=0x0000000000000004
  TRAPNO=0x000000000000000e

Top of Stack: (sp=0x00007f756c01cd80)
0x00007f756c01cd80:   00007f756c01ce48 0000000000000000
0x00007f756c01cd90:   00007f7555110140 00007f756b401800
0x00007f756c01cda0:   00007f756c01d418 00007f7555012c80
0x00007f756c01cdb0:   00000000ee988898 0000000050200030
0x00007f756c01cdc0:   00007f7564010000 0000000000000000
0x00007f756c01cdd0:   00007f7554800480 00007f75550082bd
0x00007f756c01cde0:   00007f7564010000 00000000ee988898
0x00007f756c01cdf0:   00007f756c01ce90 00007f754433b9d0
0x00007f756c01ce00:   00007f756518e828 0000000000000000
0x00007f756c01ce10:   00007f756c01cef8 00007f7564010000
0x00007f756c01ce20:   00007f75640101f8 00007f753df552b0
0x00007f756c01ce30:   00007f756c01ce90 00007f75550082bd
0x00007f756c01ce40:   00007f754433b9d0 00007f756c01ced0
0x00007f756c01ce50:   0000000000000000 00007f754433b9c8
0x00007f756c01ce60:   00007f756c01cef8 00007f75550184cf
0x00007f756c01ce70:   0000000000000000 00007f754435b260
0x00007f756c01ce80:   0000000000000000 00000000f784d710
0x00007f756c01ce90:   00007f756c01ce80 0000000000000000
0x00007f756c01cea0:   00007f756c01cef8 00007f7544352340
0x00007f756c01ceb0:   0000000000000000 00007f754433b9d0
0x00007f756c01cec0:   0000000000000000 00007f756c01cef0
0x00007f756c01ced0:   00007f756c01cf58 00007f7555007dd0
0x00007f756c01cee0:   0000000000000000 00007f7555011537
0x00007f756c01cef0:   0000000000000000 00000000f784d710
0x00007f756c01cf00:   00000000ee988838 00000000ee988898
0x00007f756c01cf10:   00000000f784d710 00007f756c01cf08
0x00007f756c01cf20:   00007f754434f2fd 00007f756c01cf70
0x00007f756c01cf30:   00007f7544351b90 0000000000000000
0x00007f756c01cf40:   00007f754434f348 00007f756c01cef0
0x00007f756c01cf50:   00007f756c01cf68 00007f756c01cfb8
0x00007f756c01cf60:   00007f75550082bd 00000000ee988838
0x00007f756c01cf70:   00000000f784d710 00007f756c01cf78 

Instructions: (pc=0x00007f756ab1c118)
0x00007f756ab1c0f8:   84 24 70 02 00 00 06 00 00 00 4c 89 e6 4c 89 65
0x00007f756ab1c108:   c0 4c 89 ff e8 1f 01 01 00 48 8b 05 18 d0 88 00
0x00007f756ab1c118:   4c 8b 2b 8b 10 48 8b 05 44 fc 88 00 80 38 00 0f
0x00007f756ab1c128:   84 2b 01 00 00 48 63 c2 41 8b 54 05 00 85 d2 0f 

Register to memory mapping:

RAX=0x00007f756b3f1550: <offset 0xfb7550> in /usr/lib/jvm/java-8-oracle/jre/lib/amd64/server/libjvm.so at 0x00007f756a43a000
RBX=0x0000000000000000 is an unknown value
RCX=0x00000000f784d710 is an oop
org.sqlite.NativeDB 
 - klass: 'org/sqlite/NativeDB'
RDX=0x00007f756b3ff9e0: <offset 0xfc59e0> in /usr/lib/jvm/java-8-oracle/jre/lib/amd64/server/libjvm.so at 0x00007f756a43a000
RSP=0x00007f756c01cd80 is pointing into the stack for thread: 0x00007f7564010000
RBP=0x00007f756c01ce20 is pointing into the stack for thread: 0x00007f7564010000
RSI=0x00007f7564010000 is a thread
RDI=0x00007f756c01cdc0 is pointing into the stack for thread: 0x00007f7564010000
R8 =0x00007f7555012c80 is at code_begin+0 in an Interpreter codelet
method entry point (kind = zerolocals)  [0x00007f7555012c80, 0x00007f7555013100]  1152 bytes
R9 =0x00000000f784d710 is an oop
org.sqlite.NativeDB 
 - klass: 'org/sqlite/NativeDB'
R10=0x000000000000017c is an unknown value
R11=0x00007f756b3ff9e8: <offset 0xfc59e8> in /usr/lib/jvm/java-8-oracle/jre/lib/amd64/server/libjvm.so at 0x00007f756a43a000
R12=0x00007f7564010000 is a thread
R13=0x0000000000000000 is an unknown value
R14=0x00007f756c01cef8 is pointing into the stack for thread: 0x00007f7564010000
R15=0x00007f756c01cdc0 is pointing into the stack for thread: 0x00007f7564010000


Stack: [0x00007f756bf22000,0x00007f756c023000],  sp=0x00007f756c01cd80,  free space=1003k
Native frames: (J=compiled Java code, j=interpreted, Vv=VM code, C=native code)
V  [libjvm.so+0x6e2118]  jni_GetStringUTFChars+0xb8
C  [sqlite-3.7.2-libsqlitejdbc.so+0xd2b0]  Java_org_sqlite_NativeDB_prepare+0x2f

Java frames: (J=compiled Java code, j=interpreted, Vv=VM code)
j  org.sqlite.NativeDB.prepare(Ljava/lang/String;)J+0
j  org.sqlite.DB.prepare(Lorg/sqlite/Stmt;)V+21
j  org.sqlite.PrepStmt.<init>(Lorg/sqlite/Conn;Ljava/lang/String;)V+15
j  org.sqlite.Conn.prepareStatement(Ljava/lang/String;III)Ljava/sql/PreparedStatement;+14
j  org.sqlite.Conn.prepareStatement(Ljava/lang/String;II)Ljava/sql/PreparedStatement;+5
j  org.sqlite.Conn.prepareStatement(Ljava/lang/String;)Ljava/sql/PreparedStatement;+8
v  ~StubRoutines::call_stub
J 2205  sun.reflect.NativeMethodAccessorImpl.invoke0(Ljava/lang/reflect/Method;Ljava/lang/Object;[Ljava/lang/Object;)Ljava/lang/Object; (0 bytes) @ 0x00007f75556ea9b7 [0x00007f75556ea940+0x77]
J 2204 C1 sun.reflect.NativeMethodAccessorImpl.invoke(Ljava/lang/Object;[Ljava/lang/Object;)Ljava/lang/Object; (104 bytes) @ 0x00007f75557139ac [0x00007f7555712840+0x116c]
J 3372 C2 java.lang.reflect.Method.invoke(Ljava/lang/Object;[Ljava/lang/Object;)Ljava/lang/Object; (62 bytes) @ 0x00007f75555c86d0 [0x00007f75555c8620+0xb0]
j  org.apache.tomcat.jdbc.pool.ProxyConnection.invoke(Ljava/lang/Object;Ljava/lang/reflect/Method;[Ljava/lang/Object;)Ljava/lang/Object;+237
j  org.apache.tomcat.jdbc.pool.JdbcInterceptor.invoke(Ljava/lang/Object;Ljava/lang/reflect/Method;[Ljava/lang/Object;)Ljava/lang/Object;+14
j  org.apache.tomcat.jdbc.pool.DisposableConnectionFacade.invoke(Ljava/lang/Object;Ljava/lang/reflect/Method;[Ljava/lang/Object;)Ljava/lang/Object;+93
j  com.sun.proxy.$Proxy83.prepareStatement(Ljava/lang/String;)Ljava/sql/PreparedStatement;+16
j  org.hibernate.engine.jdbc.internal.StatementPreparerImpl$1.doPrepare()Ljava/sql/PreparedStatement;+37
j  org.hibernate.engine.jdbc.internal.StatementPreparerImpl$StatementPreparationTemplate.prepareStatement()Ljava/sql/PreparedStatement;+45
j  org.hibernate.engine.jdbc.internal.StatementPreparerImpl.prepareStatement(Ljava/lang/String;)Ljava/sql/PreparedStatement;+6
j  org.hibernate.id.SequenceGenerator.generateHolder(Lorg/hibernate/engine/spi/SessionImplementor;)Lorg/hibernate/id/IntegralDataTypeHolder;+15
j  org.hibernate.id.SequenceHiLoGenerator$1.getNextValue()Lorg/hibernate/id/IntegralDataTypeHolder;+8
j  org.hibernate.id.enhanced.LegacyHiLoAlgorithmOptimizer.generate(Lorg/hibernate/id/enhanced/AccessCallback;)Ljava/io/Serializable;+25
j  org.hibernate.id.SequenceHiLoGenerator.generate(Lorg/hibernate/engine/spi/SessionImplementor;Ljava/lang/Object;)Ljava/io/Serializable;+53
j  org.hibernate.event.internal.AbstractSaveEventListener.saveWithGeneratedId(Ljava/lang/Object;Ljava/lang/String;Ljava/lang/Object;Lorg/hibernate/event/spi/EventSource;Z)Ljava/io/Serializable;+21
j  org.hibernate.jpa.event.internal.core.JpaPersistEventListener.saveWithGeneratedId(Ljava/lang/Object;Ljava/lang/String;Ljava/lang/Object;Lorg/hibernate/event/spi/EventSource;Z)Ljava/io/Serializable;+18
j  org.hibernate.event.internal.DefaultPersistEventListener.entityIsTransient(Lorg/hibernate/event/spi/PersistEvent;Ljava/util/Map;)V+55
j  org.hibernate.event.internal.DefaultPersistEventListener.onPersist(Lorg/hibernate/event/spi/PersistEvent;Ljava/util/Map;)V+324
j  org.hibernate.event.internal.DefaultPersistEventListener.onPersist(Lorg/hibernate/event/spi/PersistEvent;)V+11
j  org.hibernate.internal.SessionImpl.firePersist(Lorg/hibernate/event/spi/PersistEvent;)V+46
j  org.hibernate.internal.SessionImpl.persist(Ljava/lang/String;Ljava/lang/Object;)V+11
j  org.hibernate.internal.SessionImpl.persist(Ljava/lang/Object;)V+3
j  org.hibernate.jpa.spi.AbstractEntityManagerImpl.persist(Ljava/lang/Object;)V+9
v  ~StubRoutines::call_stub
J 2205  sun.reflect.NativeMethodAccessorImpl.invoke0(Ljava/lang/reflect/Method;Ljava/lang/Object;[Ljava/lang/Object;)Ljava/lang/Object; (0 bytes) @ 0x00007f75556ea9b7 [0x00007f75556ea940+0x77]
J 2204 C1 sun.reflect.NativeMethodAccessorImpl.invoke(Ljava/lang/Object;[Ljava/lang/Object;)Ljava/lang/Object; (104 bytes) @ 0x00007f75557139ac [0x00007f7555712840+0x116c]
J 3372 C2 java.lang.reflect.Method.invoke(Ljava/lang/Object;[Ljava/lang/Object;)Ljava/lang/Object; (62 bytes) @ 0x00007f75555c86d0 [0x00007f75555c8620+0xb0]
j  org.springframework.orm.jpa.SharedEntityManagerCreator$SharedEntityManagerInvocationHandler.invoke(Ljava/lang/Object;Ljava/lang/reflect/Method;[Ljava/lang/Object;)Ljava/lang/Object;+495
j  com.sun.proxy.$Proxy92.persist(Ljava/lang/Object;)V+16
j  org.springframework.data.jpa.repository.support.SimpleJpaRepository.save(Ljava/lang/Object;)Ljava/lang/Object;+18
v  ~StubRoutines::call_stub
J 2205  sun.reflect.NativeMethodAccessorImpl.invoke0(Ljava/lang/reflect/Method;Ljava/lang/Object;[Ljava/lang/Object;)Ljava/lang/Object; (0 bytes) @ 0x00007f75556ea9b7 [0x00007f75556ea940+0x77]
J 2204 C1 sun.reflect.NativeMethodAccessorImpl.invoke(Ljava/lang/Object;[Ljava/lang/Object;)Ljava/lang/Object; (104 bytes) @ 0x00007f75557139ac [0x00007f7555712840+0x116c]
J 3372 C2 java.lang.reflect.Method.invoke(Ljava/lang/Object;[Ljava/lang/Object;)Ljava/lang/Object; (62 bytes) @ 0x00007f75555c86d0 [0x00007f75555c8620+0xb0]
j  org.springframework.data.repository.core.support.RepositoryFactorySupport$QueryExecutorMethodInterceptor.executeMethodOn(Ljava/lang/Object;Ljava/lang/reflect/Method;[Ljava/lang/Object;)Ljava/lang/Object;+3
j  org.springframework.data.repository.core.support.RepositoryFactorySupport$QueryExecutorMethodInterceptor.doInvoke(Lorg/aopalliance/intercept/MethodInvocation;)Ljava/lang/Object;+94
j  org.springframework.data.repository.core.support.RepositoryFactorySupport$QueryExecutorMethodInterceptor.invoke(Lorg/aopalliance/intercept/MethodInvocation;)Ljava/lang/Object;+2
j  org.springframework.aop.framework.ReflectiveMethodInvocation.proceed()Ljava/lang/Object;+101
j  org.springframework.data.projection.DefaultMethodInvokingMethodInterceptor.invoke(Lorg/aopalliance/intercept/MethodInvocation;)Ljava/lang/Object;+15
j  org.springframework.aop.framework.ReflectiveMethodInvocation.proceed()Ljava/lang/Object;+101
j  org.springframework.transaction.interceptor.TransactionInterceptor$1.proceedWithInvocation()Ljava/lang/Object;+4
j  org.springframework.transaction.interceptor.TransactionAspectSupport.invokeWithinTransaction(Ljava/lang/reflect/Method;Ljava/lang/Class;Lorg/springframework/transaction/interceptor/TransactionAspectSupport$InvocationCallback;)Ljava/lang/Object;+60
j  org.springframework.transaction.interceptor.TransactionInterceptor.invoke(Lorg/aopalliance/intercept/MethodInvocation;)Ljava/lang/Object;+40
j  org.springframework.aop.framework.ReflectiveMethodInvocation.proceed()Ljava/lang/Object;+101
j  org.springframework.dao.support.PersistenceExceptionTranslationInterceptor.invoke(Lorg/aopalliance/intercept/MethodInvocation;)Ljava/lang/Object;+1
j  org.springframework.aop.framework.ReflectiveMethodInvocation.proceed()Ljava/lang/Object;+101
j  org.springframework.data.jpa.repository.support.CrudMethodMetadataPostProcessor$CrudMethodMetadataPopulatingMethodInterceptor.invoke(Lorg/aopalliance/intercept/MethodInvocation;)Ljava/lang/Object;+89
j  org.springframework.aop.framework.ReflectiveMethodInvocation.proceed()Ljava/lang/Object;+101
j  org.springframework.aop.interceptor.ExposeInvocationInterceptor.invoke(Lorg/aopalliance/intercept/MethodInvocation;)Ljava/lang/Object;+18
j  org.springframework.aop.framework.ReflectiveMethodInvocation.proceed()Ljava/lang/Object;+101
j  org.springframework.aop.framework.JdkDynamicAopProxy.invoke(Ljava/lang/Object;Ljava/lang/reflect/Method;[Ljava/lang/Object;)Ljava/lang/Object;+385
j  com.sun.proxy.$Proxy94.save(Ljava/lang/Object;)Ljava/lang/Object;+16
j  com.example.api.service.BookService.save(Lcom/example/entity/Book;)Lcom/example/entity/Book;+5
j  com.example.crudtest.CRUDTest.insertOperation()V+19
v  ~StubRoutines::call_stub
J 2205  sun.reflect.NativeMethodAccessorImpl.invoke0(Ljava/lang/reflect/Method;Ljava/lang/Object;[Ljava/lang/Object;)Ljava/lang/Object; (0 bytes) @ 0x00007f75556ea9b7 [0x00007f75556ea940+0x77]
J 2204 C1 sun.reflect.NativeMethodAccessorImpl.invoke(Ljava/lang/Object;[Ljava/lang/Object;)Ljava/lang/Object; (104 bytes) @ 0x00007f75557139ac [0x00007f7555712840+0x116c]
J 3372 C2 java.lang.reflect.Method.invoke(Ljava/lang/Object;[Ljava/lang/Object;)Ljava/lang/Object; (62 bytes) @ 0x00007f75555c86d0 [0x00007f75555c8620+0xb0]
j  org.testng.internal.MethodInvocationHelper.invokeMethod(Ljava/lang/reflect/Method;Ljava/lang/Object;[Ljava/lang/Object;)Ljava/lang/Object;+242
j  org.testng.internal.MethodInvocationHelper$1.runTestMethod(Lorg/testng/ITestResult;)V+12
j  org.springframework.test.context.testng.AbstractTestNGSpringContextTests.run(Lorg/testng/IHookCallBack;Lorg/testng/ITestResult;)V+2
v  ~StubRoutines::call_stub
J 2205  sun.reflect.NativeMethodAccessorImpl.invoke0(Ljava/lang/reflect/Method;Ljava/lang/Object;[Ljava/lang/Object;)Ljava/lang/Object; (0 bytes) @ 0x00007f75556ea9b7 [0x00007f75556ea940+0x77]
J 2204 C1 sun.reflect.NativeMethodAccessorImpl.invoke(Ljava/lang/Object;[Ljava/lang/Object;)Ljava/lang/Object; (104 bytes) @ 0x00007f75557139ac [0x00007f7555712840+0x116c]
J 3372 C2 java.lang.reflect.Method.invoke(Ljava/lang/Object;[Ljava/lang/Object;)Ljava/lang/Object; (62 bytes) @ 0x00007f75555c86d0 [0x00007f75555c8620+0xb0]
j  org.testng.internal.MethodInvocationHelper.invokeHookable(Ljava/lang/Object;[Ljava/lang/Object;Ljava/lang/Object;Ljava/lang/reflect/Method;Lorg/testng/internal/TestResult;)V+64
j  org.testng.internal.Invoker.invokeMethod([Ljava/lang/Object;ILorg/testng/ITestNGMethod;[Ljava/lang/Object;ILorg/testng/xml/XmlSuite;Ljava/util/Map;Lorg/testng/ITestClass;[Lorg/testng/ITestNGMethod;[Lorg/testng/ITestNGMethod;Lorg/testng/internal/ConfigurationGroupMethods;)Lorg/testng/ITestResult;+280
j  org.testng.internal.Invoker.invokeTestMethod([Ljava/lang/Object;Lorg/testng/ITestNGMethod;[Ljava/lang/Object;ILorg/testng/xml/XmlSuite;Ljava/util/Map;Lorg/testng/ITestClass;[Lorg/testng/ITestNGMethod;[Lorg/testng/ITestNGMethod;Lorg/testng/internal/ConfigurationGroupMethods;)Ljava/util/List;+46
j  org.testng.internal.Invoker.invokeTestMethods(Lorg/testng/ITestNGMethod;[Lorg/testng/ITestNGMethod;ILorg/testng/xml/XmlSuite;Ljava/util/Map;Lorg/testng/internal/ConfigurationGroupMethods;[Ljava/lang/Object;Lorg/testng/ITestContext;)Ljava/util/List;+705
j  org.testng.internal.TestMethodWorker.invokeTestMethods(Lorg/testng/ITestNGMethod;[Ljava/lang/Object;Lorg/testng/ITestContext;)V+32
j  org.testng.internal.TestMethodWorker.run()V+60
j  org.testng.TestRunner.privateRun(Lorg/testng/xml/XmlTest;)V+349
j  org.testng.TestRunner.run()V+26
j  org.testng.SuiteRunner.runTest(Lorg/testng/TestRunner;)V+1
j  org.testng.SuiteRunner.runSequentially()V+31
j  org.testng.SuiteRunner.privateRun()V+281
j  org.testng.SuiteRunner.run()V+6
j  org.testng.SuiteRunnerWorker.runSuite(Lorg/testng/internal/SuiteRunnerMap;Lorg/testng/xml/XmlSuite;)V+96
j  org.testng.SuiteRunnerWorker.run()V+12
j  org.testng.TestNG.runSuitesSequentially(Lorg/testng/xml/XmlSuite;Lorg/testng/internal/SuiteRunnerMap;ILjava/lang/String;)V+66
j  org.testng.TestNG.runSuitesLocally()Ljava/util/List;+117
j  org.testng.TestNG.run()V+77
j  org.testng.remote.AbstractRemoteTestNG.run()V+163
j  org.testng.remote.RemoteTestNG.initAndRun(Lorg/testng/remote/IRemoteTestNG;[Ljava/lang/String;Lorg/testng/CommandLineArgs;Lorg/testng/remote/RemoteArgs;)V+184
j  org.testng.remote.RemoteTestNG.main([Ljava/lang/String;)V+218
v  ~StubRoutines::call_stub

---------------  P R O C E S S  ---------------

Java Threads: ( => current thread )
  0x00007f7565e19000 JavaThread "http-nio-auto-1-47473-AsyncTimeout" daemon [_thread_blocked, id=3963, stack(0x00007f753d375000,0x00007f753d476000)]
  0x00007f7565e17000 JavaThread "http-nio-auto-1-Acceptor-0" daemon [_thread_in_native, id=3962, stack(0x00007f753d476000,0x00007f753d577000)]
  0x00007f7565e14800 JavaThread "http-nio-auto-1-ClientPoller-1" daemon [_thread_in_native, id=3961, stack(0x00007f753d577000,0x00007f753d678000)]
  0x00007f7565e06800 JavaThread "http-nio-auto-1-ClientPoller-0" daemon [_thread_in_native, id=3960, stack(0x00007f753d678000,0x00007f753d779000)]
  0x00007f7565df4000 JavaThread "NioBlockingSelector.BlockPoller-1" daemon [_thread_in_native, id=3959, stack(0x00007f753d779000,0x00007f753d87a000)]
  0x00007f756515a000 JavaThread "Tomcat JDBC Pool Cleaner[865113938:1485169757762]" daemon [_thread_blocked, id=3954, stack(0x00007f754421b000,0x00007f754431c000)]
  0x00007f7565050800 JavaThread "container-0" [_thread_blocked, id=3953, stack(0x00007f754471c000,0x00007f754481d000)]
  0x00007f756504d000 JavaThread "ContainerBackgroundProcessor[StandardEngine[Tomcat]]" daemon [_thread_blocked, id=3952, stack(0x00007f754481d000,0x00007f754491e000)]
  0x00007f75142ec000 JavaThread "localhost-startStop-1" daemon [_thread_blocked, id=3951, stack(0x00007f7544b1e000,0x00007f7544c1f000)]
  0x00007f7565049800 JavaThread "Tomcat-startStop-1" daemon [_thread_blocked, id=3950, stack(0x00007f7545b0b000,0x00007f7545c0c000)]
  0x00007f75644d9800 JavaThread "ReaderThread" [_thread_in_native, id=3948, stack(0x00007f7546419000,0x00007f754651a000)]
  0x00007f75640e1000 JavaThread "Service Thread" daemon [_thread_blocked, id=3945, stack(0x00007f7546a0e000,0x00007f7546b0f000)]
  0x00007f75640c4000 JavaThread "C1 CompilerThread2" daemon [_thread_blocked, id=3944, stack(0x00007f7546b0f000,0x00007f7546c10000)]
  0x00007f75640c2000 JavaThread "C2 CompilerThread1" daemon [_thread_in_native, id=3943, stack(0x00007f7546c10000,0x00007f7546d11000)]
  0x00007f75640bf000 JavaThread "C2 CompilerThread0" daemon [_thread_in_native, id=3942, stack(0x00007f7546d11000,0x00007f7546e12000)]
  0x00007f75640be000 JavaThread "Signal Dispatcher" daemon [_thread_blocked, id=3941, stack(0x00007f7546e12000,0x00007f7546f13000)]
  0x00007f756408a000 JavaThread "Finalizer" daemon [_thread_blocked, id=3940, stack(0x00007f75475f6000,0x00007f75476f7000)]
  0x00007f7564085800 JavaThread "Reference Handler" daemon [_thread_blocked, id=3939, stack(0x00007f75476f7000,0x00007f75477f8000)]
=>0x00007f7564010000 JavaThread "main" [_thread_in_vm, id=3930, stack(0x00007f756bf22000,0x00007f756c023000)]

Other Threads:
  0x00007f756407e000 VMThread [stack: 0x00007f75477f8000,0x00007f75478f9000] [id=3938]
  0x00007f75640e4000 WatcherThread [stack: 0x00007f754690d000,0x00007f7546a0e000] [id=3946]

VM state:not at safepoint (normal execution)

VM Mutex/Monitor currently owned by a thread: None

Heap:
 PSYoungGen      total 175104K, used 58921K [0x00000000ebe00000, 0x00000000f8000000, 0x0000000100000000)
  eden space 161792K, 28% used [0x00000000ebe00000,0x00000000eea8ca48,0x00000000f5c00000)
  from space 13312K, 99% used [0x00000000f7300000,0x00000000f7ffda68,0x00000000f8000000)
  to   space 17408K, 0% used [0x00000000f5e00000,0x00000000f5e00000,0x00000000f6f00000)
 ParOldGen       total 70144K, used 22322K [0x00000000c3a00000, 0x00000000c7e80000, 0x00000000ebe00000)
  object space 70144K, 31% used [0x00000000c3a00000,0x00000000c4fcc8e0,0x00000000c7e80000)
 Metaspace       used 45086K, capacity 45496K, committed 45824K, reserved 1089536K
  class space    used 5898K, capacity 6029K, committed 6144K, reserved 1048576K

Card table byte_map: [0x00007f7568af8000,0x00007f7568cdc000] byte_map_base: 0x00007f75684db000

Marking Bits: (ParMarkBitMap*) 0x00007f756b3fec80
 Begin Bits: [0x00007f753e1d0000, 0x00007f753f0e8000)
 End Bits:   [0x00007f753f0e8000, 0x00007f7540000000)

Polling page: 0x00007f756c048000

CodeCache: size=245760Kb used=12515Kb max_used=12530Kb free=233244Kb
 bounds [0x00007f7555000000, 0x00007f7555c50000, 0x00007f7564000000]
 total_blobs=4075 nmethods=3604 adapters=384
 compilation: enabled

Compilation events (10 events):
Event: 8.517 Thread 0x00007f75640c4000 4107       2       java.util.Collections$EmptyList::iterator (4 bytes)
Event: 8.517 Thread 0x00007f75640c4000 nmethod 4107 0x00007f7555c33bd0 code [0x00007f7555c33d20, 0x00007f7555c33e70]
Event: 8.517 Thread 0x00007f75640c4000 4106       1       java.util.Collections$SingletonList::size (2 bytes)
Event: 8.517 Thread 0x00007f75640c4000 nmethod 4106 0x00007f7555c33910 code [0x00007f7555c33a60, 0x00007f7555c33b70]
Event: 8.517 Thread 0x00007f75640c4000 4108       1       org.testng.shaded.com.google.gson.reflect.TypeToken::hashCode (5 bytes)
Event: 8.518 Thread 0x00007f75640c4000 nmethod 4108 0x00007f7555c33650 code [0x00007f7555c337a0, 0x00007f7555c338b0]
Event: 8.518 Thread 0x00007f75640c4000 4109       2       java.io.BufferedWriter::ensureOpen (18 bytes)
Event: 8.519 Thread 0x00007f75640c4000 nmethod 4109 0x00007f7555c33210 code [0x00007f7555c33380, 0x00007f7555c33588]
Event: 8.531 Thread 0x00007f75640c4000 4110       2       org.hibernate.service.internal.ConcurrentServiceBinding::hashKey (5 bytes)
Event: 8.531 Thread 0x00007f75640c4000 nmethod 4110 0x00007f7555c20cd0 code [0x00007f7555c20e40, 0x00007f7555c20fa8]

GC Heap History (10 events):
Event: 3.316 GC heap before
{Heap before GC invocations=8 (full 1):
 PSYoungGen      total 95232K, used 94759K [0x00000000ebe00000, 0x00000000f4980000, 0x0000000100000000)
  eden space 92160K, 100% used [0x00000000ebe00000,0x00000000f1800000,0x00000000f1800000)
  from space 3072K, 84% used [0x00000000f4680000,0x00000000f4909d88,0x00000000f4980000)
  to   space 12288K, 0% used [0x00000000f3180000,0x00000000f3180000,0x00000000f3d80000)
 ParOldGen       total 49152K, used 15166K [0x00000000c3a00000, 0x00000000c6a00000, 0x00000000ebe00000)
  object space 49152K, 30% used [0x00000000c3a00000,0x00000000c48cf800,0x00000000c6a00000)
 Metaspace       used 25457K, capacity 25746K, committed 25856K, reserved 1071104K
  class space    used 3165K, capacity 3276K, committed 3328K, reserved 1048576K
Event: 3.329 GC heap after
Heap after GC invocations=8 (full 1):
 PSYoungGen      total 130560K, used 8254K [0x00000000ebe00000, 0x00000000f5900000, 0x0000000100000000)
  eden space 118272K, 0% used [0x00000000ebe00000,0x00000000ebe00000,0x00000000f3180000)
  from space 12288K, 67% used [0x00000000f3180000,0x00000000f398f800,0x00000000f3d80000)
  to   space 12800K, 0% used [0x00000000f4c80000,0x00000000f4c80000,0x00000000f5900000)
 ParOldGen       total 49152K, used 15174K [0x00000000c3a00000, 0x00000000c6a00000, 0x00000000ebe00000)
  object space 49152K, 30% used [0x00000000c3a00000,0x00000000c48d1800,0x00000000c6a00000)
 Metaspace       used 25457K, capacity 25746K, committed 25856K, reserved 1071104K
  class space    used 3165K, capacity 3276K, committed 3328K, reserved 1048576K
}
Event: 4.415 GC heap before
{Heap before GC invocations=9 (full 1):
 PSYoungGen      total 130560K, used 126526K [0x00000000ebe00000, 0x00000000f5900000, 0x0000000100000000)
  eden space 118272K, 100% used [0x00000000ebe00000,0x00000000f3180000,0x00000000f3180000)
  from space 12288K, 67% used [0x00000000f3180000,0x00000000f398f800,0x00000000f3d80000)
  to   space 12800K, 0% used [0x00000000f4c80000,0x00000000f4c80000,0x00000000f5900000)
 ParOldGen       total 49152K, used 15174K [0x00000000c3a00000, 0x00000000c6a00000, 0x00000000ebe00000)
  object space 49152K, 30% used [0x00000000c3a00000,0x00000000c48d1800,0x00000000c6a00000)
 Metaspace       used 30357K, capacity 30658K, committed 30848K, reserved 1077248K
  class space    used 3767K, capacity 3860K, committed 3968K, reserved 1048576K
Event: 4.429 GC heap after
Heap after GC invocations=9 (full 1):
 PSYoungGen      total 144896K, used 10123K [0x00000000ebe00000, 0x00000000f7c80000, 0x0000000100000000)
  eden space 132096K, 0% used [0x00000000ebe00000,0x00000000ebe00000,0x00000000f3f00000)
  from space 12800K, 79% used [0x00000000f4c80000,0x00000000f5662c30,0x00000000f5900000)
  to   space 13824K, 0% used [0x00000000f3f00000,0x00000000f3f00000,0x00000000f4c80000)
 ParOldGen       total 49152K, used 15182K [0x00000000c3a00000, 0x00000000c6a00000, 0x00000000ebe00000)
  object space 49152K, 30% used [0x00000000c3a00000,0x00000000c48d3800,0x00000000c6a00000)
 Metaspace       used 30357K, capacity 30658K, committed 30848K, reserved 1077248K
  class space    used 3767K, capacity 3860K, committed 3968K, reserved 1048576K
}
Event: 5.601 GC heap before
{Heap before GC invocations=10 (full 1):
 PSYoungGen      total 144896K, used 111789K [0x00000000ebe00000, 0x00000000f7c80000, 0x0000000100000000)
  eden space 132096K, 76% used [0x00000000ebe00000,0x00000000f2148bb8,0x00000000f3f00000)
  from space 12800K, 79% used [0x00000000f4c80000,0x00000000f5662c30,0x00000000f5900000)
  to   space 13824K, 0% used [0x00000000f3f00000,0x00000000f3f00000,0x00000000f4c80000)
 ParOldGen       total 49152K, used 15182K [0x00000000c3a00000, 0x00000000c6a00000, 0x00000000ebe00000)
  object space 49152K, 30% used [0x00000000c3a00000,0x00000000c48d3800,0x00000000c6a00000)
 Metaspace       used 35053K, capacity 35362K, committed 35496K, reserved 1081344K
  class space    used 4499K, capacity 4580K, committed 4608K, reserved 1048576K
Event: 5.643 GC heap after
Heap after GC invocations=10 (full 1):
 PSYoungGen      total 145920K, used 13539K [0x00000000ebe00000, 0x00000000f8300000, 0x0000000100000000)
  eden space 132096K, 0% used [0x00000000ebe00000,0x00000000ebe00000,0x00000000f3f00000)
  from space 13824K, 97% used [0x00000000f3f00000,0x00000000f4c38d30,0x00000000f4c80000)
  to   space 16384K, 0% used [0x00000000f7300000,0x00000000f7300000,0x00000000f8300000)
 ParOldGen       total 49152K, used 15190K [0x00000000c3a00000, 0x00000000c6a00000, 0x00000000ebe00000)
  object space 49152K, 30% used [0x00000000c3a00000,0x00000000c48d5800,0x00000000c6a00000)
 Metaspace       used 35053K, capacity 35362K, committed 35496K, reserved 1081344K
  class space    used 4499K, capacity 4580K, committed 4608K, reserved 1048576K
}
Event: 5.643 GC heap before
{Heap before GC invocations=11 (full 2):
 PSYoungGen      total 145920K, used 13539K [0x00000000ebe00000, 0x00000000f8300000, 0x0000000100000000)
  eden space 132096K, 0% used [0x00000000ebe00000,0x00000000ebe00000,0x00000000f3f00000)
  from space 13824K, 97% used [0x00000000f3f00000,0x00000000f4c38d30,0x00000000f4c80000)
  to   space 16384K, 0% used [0x00000000f7300000,0x00000000f7300000,0x00000000f8300000)
 ParOldGen       total 49152K, used 15190K [0x00000000c3a00000, 0x00000000c6a00000, 0x00000000ebe00000)
  object space 49152K, 30% used [0x00000000c3a00000,0x00000000c48d5800,0x00000000c6a00000)
 Metaspace       used 35053K, capacity 35362K, committed 35496K, reserved 1081344K
  class space    used 4499K, capacity 4580K, committed 4608K, reserved 1048576K
Event: 5.800 GC heap after
Heap after GC invocations=11 (full 2):
 PSYoungGen      total 145920K, used 0K [0x00000000ebe00000, 0x00000000f8300000, 0x0000000100000000)
  eden space 132096K, 0% used [0x00000000ebe00000,0x00000000ebe00000,0x00000000f3f00000)
  from space 13824K, 0% used [0x00000000f3f00000,0x00000000f3f00000,0x00000000f4c80000)
  to   space 16384K, 0% used [0x00000000f7300000,0x00000000f7300000,0x00000000f8300000)
 ParOldGen       total 70144K, used 22314K [0x00000000c3a00000, 0x00000000c7e80000, 0x00000000ebe00000)
  object space 70144K, 31% used [0x00000000c3a00000,0x00000000c4fca8e0,0x00000000c7e80000)
 Metaspace       used 35053K, capacity 35362K, committed 35496K, reserved 1081344K
  class space    used 4499K, capacity 4580K, committed 4608K, reserved 1048576K
}
Event: 7.989 GC heap before
{Heap before GC invocations=12 (full 2):
 PSYoungGen      total 145920K, used 132096K [0x00000000ebe00000, 0x00000000f8300000, 0x0000000100000000)
  eden space 132096K, 100% used [0x00000000ebe00000,0x00000000f3f00000,0x00000000f3f00000)
  from space 13824K, 0% used [0x00000000f3f00000,0x00000000f3f00000,0x00000000f4c80000)
  to   space 16384K, 0% used [0x00000000f7300000,0x00000000f7300000,0x00000000f8300000)
 ParOldGen       total 70144K, used 22314K [0x00000000c3a00000, 0x00000000c7e80000, 0x00000000ebe00000)
  object space 70144K, 31% used [0x00000000c3a00000,0x00000000c4fca8e0,0x00000000c7e80000)
 Metaspace       used 44071K, capacity 44422K, committed 44544K, reserved 1087488K
  class space    used 5769K, capacity 5866K, committed 5888K, reserved 1048576K
Event: 8.023 GC heap after
Heap after GC invocations=12 (full 2):
 PSYoungGen      total 175104K, used 13302K [0x00000000ebe00000, 0x00000000f8000000, 0x0000000100000000)
  eden space 161792K, 0% used [0x00000000ebe00000,0x00000000ebe00000,0x00000000f5c00000)
  from space 13312K, 99% used [0x00000000f7300000,0x00000000f7ffda68,0x00000000f8000000)
  to   space 17408K, 0% used [0x00000000f5e00000,0x00000000f5e00000,0x00000000f6f00000)
 ParOldGen       total 70144K, used 22322K [0x00000000c3a00000, 0x00000000c7e80000, 0x00000000ebe00000)
  object space 70144K, 31% used [0x00000000c3a00000,0x00000000c4fcc8e0,0x00000000c7e80000)
 Metaspace       used 44071K, capacity 44422K, committed 44544K, reserved 1087488K
  class space    used 5769K, capacity 5866K, committed 5888K, reserved 1048576K
}

Deoptimization events (10 events):
Event: 7.008 Thread 0x00007f7564010000 Uncommon trap: reason=class_check action=maybe_recompile pc=0x00007f75553b66a4 method=java.lang.reflect.Array.newInstance(Ljava/lang/Class;I)Ljava/lang/Object; @ 2
Event: 7.008 Thread 0x00007f7564010000 Uncommon trap: reason=class_check action=maybe_recompile pc=0x00007f75553b66a4 method=java.lang.reflect.Array.newInstance(Ljava/lang/Class;I)Ljava/lang/Object; @ 2
Event: 7.008 Thread 0x00007f7564010000 Uncommon trap: reason=class_check action=maybe_recompile pc=0x00007f75553b66a4 method=java.lang.reflect.Array.newInstance(Ljava/lang/Class;I)Ljava/lang/Object; @ 2
Event: 7.018 Thread 0x00007f7564010000 Uncommon trap: reason=unstable_if action=reinterpret pc=0x00007f7555abf38c method=java.util.concurrent.ConcurrentHashMap.get(Ljava/lang/Object;)Ljava/lang/Object; @ 86
Event: 7.022 Thread 0x00007f7564010000 Uncommon trap: reason=unstable_if action=reinterpret pc=0x00007f755511a304 method=java.util.concurrent.ConcurrentHashMap.putVal(Ljava/lang/Object;Ljava/lang/Object;Z)Ljava/lang/Object; @ 152
Event: 7.131 Thread 0x00007f7564010000 Uncommon trap: reason=null_check action=make_not_entrant pc=0x00007f75551aeb28 method=org.springframework.util.ClassUtils.isAssignable(Ljava/lang/Class;Ljava/lang/Class;)Z @ 14
Event: 7.451 Thread 0x00007f7564010000 Uncommon trap: reason=bimorphic action=maybe_recompile pc=0x00007f7555167c40 method=java.util.regex.Pattern$Curly.match(Ljava/util/regex/Matcher;ILjava/lang/CharSequence;)Z @ 19
Event: 8.406 Thread 0x00007f7564010000 Uncommon trap: reason=unstable_if action=reinterpret pc=0x00007f7555a910f4 method=org.springframework.util.ConcurrentReferenceHashMap$Segment.clear()V @ 4
Event: 8.492 Thread 0x00007f7564010000 Uncommon trap: reason=bimorphic action=maybe_recompile pc=0x00007f7555a275f0 method=java.util.Hashtable.get(Ljava/lang/Object;)Ljava/lang/Object; @ 6
Event: 8.493 Thread 0x00007f7564010000 Uncommon trap: reason=bimorphic action=maybe_recompile pc=0x00007f7555a275f0 method=java.util.Hashtable.get(Ljava/lang/Object;)Ljava/lang/Object; @ 6

Internal exceptions (10 events):
Event: 8.293 Thread 0x00007f7564010000 Exception <a 'java/lang/ClassNotFoundException': org/springframework/boot/autoconfigure/web/WebClientAutoConfigurationCustomizer> (0x00000000ed5a0e98) thrown at [/HUDSON3/workspace/8-2-build-linux-amd64/jdk8u121/8372/hotspot/src/share/vm/classfile/systemD
Event: 8.294 Thread 0x00007f7564010000 Exception <a 'java/lang/ClassNotFoundException': org/springframework/boot/autoconfigure/web/WebClientAutoConfiguration$$EnhancerBySpringCGLIB$$52d5929eCustomizer> (0x00000000ed5c4790) thrown at [/HUDSON3/workspace/8-2-build-linux-amd64/jdk8u121/8372/hotsp
Event: 8.295 Thread 0x00007f7564010000 Exception <a 'java/lang/ClassNotFoundException': org/springframework/context/annotation/ConfigurationClassEnhancer$EnhancedConfigurationCustomizer> (0x00000000ed5e8ac8) thrown at [/HUDSON3/workspace/8-2-build-linux-amd64/jdk8u121/8372/hotspot/src/share/vm
Event: 8.503 Thread 0x00007f7564010000 Exception <a 'java/lang/ClassNotFoundException': java/lang/ObjectCustomizer> (0x00000000ee5282b0) thrown at [/HUDSON3/workspace/8-2-build-linux-amd64/jdk8u121/8372/hotspot/src/share/vm/classfile/systemDictionary.cpp, line 210]
Event: 8.504 Thread 0x00007f7564010000 Exception <a 'java/lang/ClassNotFoundException': org/springframework/test/context/testng/AbstractTestNGSpringContextTestsCustomizer> (0x00000000ee545ff8) thrown at [/HUDSON3/workspace/8-2-build-linux-amd64/jdk8u121/8372/hotspot/src/share/vm/classfile/syst
Event: 8.505 Thread 0x00007f7564010000 Exception <a 'java/lang/ClassNotFoundException': com/example/crudtest/CRUDTestCustomizer> (0x00000000ee558bc0) thrown at [/HUDSON3/workspace/8-2-build-linux-amd64/jdk8u121/8372/hotspot/src/share/vm/classfile/systemDictionary.cpp, line 210]
Event: 8.505 Thread 0x00007f7564010000 Exception <a 'java/lang/ClassNotFoundException': org/testng/IHookableCustomizer> (0x00000000ee5695e8) thrown at [/HUDSON3/workspace/8-2-build-linux-amd64/jdk8u121/8372/hotspot/src/share/vm/classfile/systemDictionary.cpp, line 210]
Event: 8.506 Thread 0x00007f7564010000 Exception <a 'java/lang/ClassNotFoundException': org/springframework/context/ApplicationContextAwareCustomizer> (0x00000000ee57f788) thrown at [/HUDSON3/workspace/8-2-build-linux-amd64/jdk8u121/8372/hotspot/src/share/vm/classfile/systemDictionary.cpp, lin
Event: 8.533 Thread 0x00007f7564010000 Exception <a 'java/lang/ClassNotFoundException': java/lang/ObjectCustomizer> (0x00000000ee90f338) thrown at [/HUDSON3/workspace/8-2-build-linux-amd64/jdk8u121/8372/hotspot/src/share/vm/classfile/systemDictionary.cpp, line 210]
Event: 8.534 Thread 0x00007f7564010000 Exception <a 'java/lang/ClassNotFoundException': com/example/entity/BookCustomizer> (0x00000000ee921cc8) thrown at [/HUDSON3/workspace/8-2-build-linux-amd64/jdk8u121/8372/hotspot/src/share/vm/classfile/systemDictionary.cpp, line 210]

Events (10 events):
Event: 8.538 loading class org/hibernate/engine/jdbc/internal/FormatStyle
Event: 8.538 loading class org/hibernate/engine/jdbc/internal/FormatStyle done
Event: 8.538 loading class org/hibernate/engine/jdbc/internal/Formatter
Event: 8.538 loading class org/hibernate/engine/jdbc/internal/Formatter done
Event: 8.539 loading class org/hibernate/engine/jdbc/internal/BasicFormatterImpl
Event: 8.539 loading class org/hibernate/engine/jdbc/internal/BasicFormatterImpl done
Event: 8.539 loading class org/hibernate/engine/jdbc/internal/DDLFormatterImpl
Event: 8.539 loading class org/hibernate/engine/jdbc/internal/DDLFormatterImpl done
Event: 8.539 loading class org/hibernate/engine/jdbc/internal/FormatStyle$NoFormatImpl
Event: 8.539 loading class org/hibernate/engine/jdbc/internal/FormatStyle$NoFormatImpl done


Dynamic libraries:
00400000-00401000 r-xp 00000000 08:03 3554757                            /usr/lib/jvm/java-8-oracle/bin/java
00600000-00601000 rw-p 00000000 08:03 3554757                            /usr/lib/jvm/java-8-oracle/bin/java
018c8000-018e9000 rw-p 00000000 00:00 0                                  [heap]
c3a00000-c7e80000 rw-p 00000000 00:00 0 
c7e80000-ebe00000 ---p 00000000 00:00 0 
ebe00000-f8000000 rw-p 00000000 00:00 0 
f8000000-100000000 ---p 00000000 00:00 0 
100000000-100600000 rw-p 00000000 00:00 0 
100600000-140000000 ---p 00000000 00:00 0 
7f74e8000000-7f74e8021000 rw-p 00000000 00:00 0 
7f74e8021000-7f74ec000000 ---p 00000000 00:00 0 
7f74f0000000-7f74f0021000 rw-p 00000000 00:00 0 
7f74f0021000-7f74f4000000 ---p 00000000 00:00 0 
7f74f4000000-7f74f4021000 rw-p 00000000 00:00 0 
7f74f4021000-7f74f8000000 ---p 00000000 00:00 0 
7f74f8000000-7f74f8021000 rw-p 00000000 00:00 0 
7f74f8021000-7f74fc000000 ---p 00000000 00:00 0 
7f74fc000000-7f74fc021000 rw-p 00000000 00:00 0 
7f74fc021000-7f7500000000 ---p 00000000 00:00 0 
7f7500000000-7f7500021000 rw-p 00000000 00:00 0 
7f7500021000-7f7504000000 ---p 00000000 00:00 0 
7f7504000000-7f7504021000 rw-p 00000000 00:00 0 
7f7504021000-7f7508000000 ---p 00000000 00:00 0 
7f7508000000-7f7508071000 rw-p 00000000 00:00 0 
7f7508071000-7f750c000000 ---p 00000000 00:00 0 
7f750c000000-7f750c021000 rw-p 00000000 00:00 0 
7f750c021000-7f7510000000 ---p 00000000 00:00 0 
7f7510000000-7f7510021000 rw-p 00000000 00:00 0 
7f7510021000-7f7514000000 ---p 00000000 00:00 0 
7f7514000000-7f75142f8000 rw-p 00000000 00:00 0 
7f75142f8000-7f7518000000 ---p 00000000 00:00 0 
7f7518000000-7f751927c000 rw-p 00000000 00:00 0 
7f751927c000-7f751c000000 ---p 00000000 00:00 0 
7f751c000000-7f751c021000 rw-p 00000000 00:00 0 
7f751c021000-7f7520000000 ---p 00000000 00:00 0 
7f7520000000-7f75215b7000 rw-p 00000000 00:00 0 
7f75215b7000-7f7524000000 ---p 00000000 00:00 0 
7f7524000000-7f7524021000 rw-p 00000000 00:00 0 
7f7524021000-7f7528000000 ---p 00000000 00:00 0 
7f7528000000-7f7528021000 rw-p 00000000 00:00 0 
7f7528021000-7f752c000000 ---p 00000000 00:00 0 
7f752c000000-7f752dc72000 rw-p 00000000 00:00 0 
7f752dc72000-7f7530000000 ---p 00000000 00:00 0 
7f7530000000-7f7530021000 rw-p 00000000 00:00 0 
7f7530021000-7f7534000000 ---p 00000000 00:00 0 
7f7534000000-7f7534021000 rw-p 00000000 00:00 0 
7f7534021000-7f7538000000 ---p 00000000 00:00 0 
7f7538000000-7f7538021000 rw-p 00000000 00:00 0 
7f7538021000-7f753c000000 ---p 00000000 00:00 0 
7f753d375000-7f753d378000 ---p 00000000 00:00 0 
7f753d378000-7f753d476000 rw-p 00000000 00:00 0                          [stack:3963]
7f753d476000-7f753d479000 ---p 00000000 00:00 0 
7f753d479000-7f753d577000 rw-p 00000000 00:00 0                          [stack:3962]
7f753d577000-7f753d57a000 ---p 00000000 00:00 0 
7f753d57a000-7f753d678000 rw-p 00000000 00:00 0                          [stack:3961]
7f753d678000-7f753d67b000 ---p 00000000 00:00 0 
7f753d67b000-7f753d779000 rw-p 00000000 00:00 0                          [stack:3960]
7f753d779000-7f753d77c000 ---p 00000000 00:00 0 
7f753d77c000-7f753da7a000 rw-p 00000000 00:00 0                          [stack:3959]
7f753db48000-7f753dc08000 rw-p 00000000 00:00 0 
7f753dc08000-7f753dd48000 ---p 00000000 00:00 0 
7f753dd48000-7f753df48000 rw-p 00000000 00:00 0 
7f753df48000-7f753dfcc000 r-xp 00000000 08:03 5917606                    /tmp/sqlite-3.7.2-libsqlitejdbc.so
7f753dfcc000-7f753e1cc000 ---p 00084000 08:03 5917606                    /tmp/sqlite-3.7.2-libsqlitejdbc.so
7f753e1cc000-7f753e1cd000 r--p 00084000 08:03 5917606                    /tmp/sqlite-3.7.2-libsqlitejdbc.so
7f753e1cd000-7f753e1d0000 rw-p 00085000 08:03 5917606                    /tmp/sqlite-3.7.2-libsqlitejdbc.so
7f753e1d0000-7f7540000000 rw-p 00000000 00:00 0 
7f7540000000-7f7540021000 rw-p 00000000 00:00 0 
7f7540021000-7f7544000000 ---p 00000000 00:00 0 
7f754401b000-7f754421b000 rw-p 00000000 00:00 0 
7f754421b000-7f754421e000 ---p 00000000 00:00 0 
7f754421e000-7f754451c000 rw-p 00000000 00:00 0                          [stack:3954]
7f754451c000-7f754471c000 rw-p 00000000 00:00 0 
7f754471c000-7f754471f000 ---p 00000000 00:00 0 
7f754471f000-7f754481d000 rw-p 00000000 00:00 0                          [stack:3953]
7f754481d000-7f7544820000 ---p 00000000 00:00 0 
7f7544820000-7f7544b1e000 rw-p 00000000 00:00 0                          [stack:3952]
7f7544b1e000-7f7544b21000 ---p 00000000 00:00 0 
7f7544b21000-7f7544e1f000 rw-p 00000000 00:00 0                          [stack:3951]
7f7544e4c000-7f754504d000 rw-p 00000000 00:00 0 
7f754504d000-7f7545060000 r--s 00345000 08:03 3569668                    /usr/lib/jvm/java-8-oracle/jre/lib/resources.jar
7f7545060000-7f7545260000 rw-p 00000000 00:00 0 
7f7545260000-7f75452f5000 r--s 01109000 08:03 3569596                    /usr/lib/jvm/java-8-oracle/jre/lib/ext/jfxrt.jar
7f75452f5000-7f75454f5000 rw-p 00000000 00:00 0 
7f75454f5000-7f7545506000 r-xp 00000000 08:03 4870868                    /usr/lib/jvm/java-8-oracle/jre/lib/amd64/libnio.so
7f7545506000-7f7545705000 ---p 00011000 08:03 4870868                    /usr/lib/jvm/java-8-oracle/jre/lib/amd64/libnio.so
7f7545705000-7f7545706000 rw-p 00010000 08:03 4870868                    /usr/lib/jvm/java-8-oracle/jre/lib/amd64/libnio.so
7f7545706000-7f7545906000 rw-p 00000000 00:00 0 
7f7545906000-7f754590b000 r--s 002f9000 08:03 3569547                    /usr/lib/jvm/java-8-oracle/jre/lib/charsets.jar
7f754590b000-7f7545b0b000 rw-p 00000000 00:00 0 
7f7545b0b000-7f7545b0e000 ---p 00000000 00:00 0 
7f7545b0e000-7f7545c0c000 rw-p 00000000 00:00 0                          [stack:3950]
7f7545c0c000-7f7545c15000 r-xp 00000000 08:03 4870832                    /usr/lib/jvm/java-8-oracle/jre/lib/amd64/libmanagement.so
7f7545c15000-7f7545e14000 ---p 00009000 08:03 4870832                    /usr/lib/jvm/java-8-oracle/jre/lib/amd64/libmanagement.so
7f7545e14000-7f7545e15000 rw-p 00008000 08:03 4870832                    /usr/lib/jvm/java-8-oracle/jre/lib/amd64/libmanagement.so
7f7545e15000-7f7546015000 rw-p 00000000 00:00 0 
7f7546015000-7f7546215000 rw-p 00000000 00:00 0 
7f7546215000-7f7546415000 rw-p 00000000 00:00 0 
7f7546415000-7f7546419000 r--s 0009a000 08:03 3569602                    /usr/lib/jvm/java-8-oracle/jre/lib/jsse.jar
7f7546419000-7f754641c000 ---p 00000000 00:00 0 
7f754641c000-7f754651a000 rw-p 00000000 00:00 0                          [stack:3948]
7f754651a000-7f7546530000 r-xp 00000000 08:03 4870893                    /usr/lib/jvm/java-8-oracle/jre/lib/amd64/libnet.so
7f7546530000-7f7546730000 ---p 00016000 08:03 4870893                    /usr/lib/jvm/java-8-oracle/jre/lib/amd64/libnet.so
7f7546730000-7f7546731000 rw-p 00016000 08:03 4870893                    /usr/lib/jvm/java-8-oracle/jre/lib/amd64/libnet.so
7f7546731000-7f7546732000 r--s 0000c000 08:03 5916924                    /home/sharmila/.gradle/caches/modules-2/files-2.1/org.ow2.asm/asm/5.0.3/dcc2193db20e19e1feca8b1240dbbc4e190824fa/asm-5.0.3.jar
7f7546732000-7f754673c000 r--s 00069000 08:03 5923589                    /home/sharmila/.gradle/caches/modules-2/files-2.1/ch.qos.logback/logback-core/1.1.8/b4d1c3dea91727faf8b3d19cf4b9b972d6c0b89/logback-core-1.1.8.jar
7f754673c000-7f754673e000 r--s 00012000 08:03 5916922                    /home/sharmila/.gradle/caches/modules-2/files-2.1/net.minidev/accessors-smart/1.1/a527213f2fea112a04c9bdf0ec0264e34104cd08/accessors-smart-1.1.jar
7f754673e000-7f7546740000 r--s 00009000 08:03 5923902                    /home/sharmila/.gradle/caches/modules-2/files-2.1/org.apache.tomcat/tomcat-juli/8.5.6/83d2d1e3362ecca504f3bf8ed1bc4cc451754d24/tomcat-juli-8.5.6.jar
7f7546740000-7f7546749000 r--s 0002d000 08:03 5923903                    /home/sharmila/.gradle/caches/modules-2/files-2.1/xml-apis/xml-apis/1.4.01/3789d9fada2d3d458c4ba2de349d48780f381ee3/xml-apis-1.4.01.jar
7f7546749000-7f754674b000 r--s 00004000 08:03 5923588                    /home/sharmila/.gradle/caches/modules-2/files-2.1/org.slf4j/log4j-over-slf4j/1.7.22/a527c37e9ca6c3d19ba298edd4aa344ca751a203/log4j-over-slf4j-1.7.22.jar
7f754674b000-7f754674d000 r--s 00000000 08:03 5923587                    /home/sharmila/.gradle/caches/modules-2/files-2.1/org.slf4j/jul-to-slf4j/1.7.22/b0429e950b3d2bc2c39c1bacafac753edbe3781c/jul-to-slf4j-1.7.22.jar
7f754674d000-7f7546753000 r--s 00045000 08:03 5923585                    /home/sharmila/.gradle/caches/modules-2/files-2.1/ch.qos.logback/logback-classic/1.1.8/e54f49a227611976642f81cf2106b81c1ece8bf5/logback-classic-1.1.8.jar
7f7546753000-7f7546754000 r--s 0000f000 08:03 5916909                    /home/sharmila/.gradle/caches/modules-2/files-2.1/org.json/json/20140107/d1ffca6e2482b002702c6a576166fd685e3370e3/json-20140107.jar
7f7546754000-7f7546756000 r--s 00009000 08:03 5916921                    /home/sharmila/.gradle/caches/modules-2/files-2.1/org.objenesis/objenesis/2.1/87c0ea803b69252868d09308b4618f766f135a96/objenesis-2.1.jar
7f7546756000-7f7546759000 r--s 0001b000 08:03 5916920                    /home/sharmila/.gradle/caches/modules-2/files-2.1/net.minidev/json-smart/2.2.1/5b9e5df7a62d1279b70dc882b041d249c4f0b002/json-smart-2.2.1.jar
7f7546759000-7f754675b000 r--s 00003000 08:03 5923586                    /home/sharmila/.gradle/caches/modules-2/files-2.1/org.slf4j/jcl-over-slf4j/1.7.22/86ceac14535af5a42c8fb0d06d79b925dd3cb263/jcl-over-slf4j-1.7.22.jar
7f754675b000-7f754675d000 r--s 00009000 08:03 5923584                    /home/sharmila/.gradle/caches/modules-2/files-2.1/org.slf4j/slf4j-api/1.7.22/a1c83373863cec7ae8d89dc1c5722d8cb6ec0309/slf4j-api-1.7.22.jar
7f754675d000-7f7546765000 r--s 0003a000 08:03 5923901                    /home/sharmila/.gradle/caches/modules-2/files-2.1/org.springframework/spring-tx/4.3.5.RELEASE/296d8ae21fadc0f115dae7d1e8d5c4f8c7de2c3e/spring-tx-4.3.5.RELEASE.jar
7f7546765000-7f754676f000 r--s 0006b000 08:03 5923900                    /home/sharmila/.gradle/caches/modules-2/files-2.1/org.springframework/spring-orm/4.3.5.RELEASE/64c29d310b69bcc6e1fd5a738fa3629bdedb2d3f/spring-orm-4.3.5.RELEASE.jar
7f754676f000-7f754677f000 r--s 0009a000 08:03 5923899                    /home/sharmila/.gradle/caches/modules-2/files-2.1/org.springframework.data/spring-data-commons/1.12.6.RELEASE/b6403dcfce33e89613f364d80d653d7540279c47/spring-data-commons-1.12.6.RELEASE.jar
7f754677f000-7f7546789000 r--s 0005f000 08:03 5923898                    /home/sharmila/.gradle/caches/modules-2/files-2.1/org.springframework/spring-jdbc/4.3.5.RELEASE/7c09e38b6f6e0b178973dea06bb8fdc6d19aa596/spring-jdbc-4.3.5.RELEASE.jar
7f7546789000-7f754678c000 r--s 00020000 08:03 5923897                    /home/sharmila/.gradle/caches/modules-2/files-2.1/org.apache.tomcat/tomcat-jdbc/8.5.6/feb10a9e22f70565c7556f327b0481dba8587bbc/tomcat-jdbc-8.5.6.jar
7f754678c000-7f75467a5000 r--s 001af000 08:03 5923896                    /home/sharmila/.gradle/caches/modules-2/files-2.1/org.aspectj/aspectjweaver/1.8.9/db28774f477f07220eac18d5ec9c4e01f48589d7/aspectjweaver-1.8.9.jar
7f75467a5000-7f75467a8000 r--s 00010000 08:03 5923833                    /home/sharmila/.gradle/caches/modules-2/files-2.1/org.hibernate.common/hibernate-commons-annotations/5.0.1.Final/71e1cff3fcb20d3b3af4f3363c3ddb24d33c6879/hibernate-commons-annotations-5.0.1.Final.jar
7f75467a8000-7f75467ad000 r--s 00048000 08:03 5923832                    /home/sharmila/.gradle/caches/modules-2/files-2.1/dom4j/dom4j/1.6.1/5d3ccc056b6f056dbf0dddfdf43894b9065a8f94/dom4j-1.6.1.jar
7f75467ad000-7f75467b0000 r--s 0002b000 08:03 5923433                    /home/sharmila/.gradle/caches/modules-2/files-2.1/org.jboss/jandex/2.0.0.Final/3e899258936f94649c777193e1be846387ed54b3/jandex-2.0.0.Final.jar
7f75467b0000-7f75467b1000 r--s 00003000 08:03 5923830                    /home/sharmila/.gradle/caches/modules-2/files-2.1/org.apache.geronimo.specs/geronimo-jta_1.1_spec/1.1.1/aabab3165b8ea936b9360abbf448459c0d04a5a4/geronimo-jta_1.1_spec-1.1.1.jar
7f75467b1000-7f75467b6000 r--s 00068000 08:03 5923829                    /home/sharmila/.gradle/caches/modules-2/files-2.1/antlr/antlr/2.7.7/83cd2cd674a217ade95a4bb83a8a14f351f48bd0/antlr-2.7.7.jar
7f75467b6000-7f75467bb000 r--s 0003c000 08:03 5923583                    /home/sharmila/.gradle/caches/modules-2/files-2.1/org.springframework/spring-expression/4.3.5.RELEASE/3689dc6c5b942ecde4122eac889ed87977d6f287/spring-expression-4.3.5.RELEASE.jar
7f75467bb000-7f75467d5000 r--s 000fc000 08:03 5923582                    /home/sharmila/.gradle/caches/modules-2/files-2.1/org.springframework/spring-context/4.3.5.RELEASE/ca3391c0e17d0138335ba51b51371661d20d56a8/spring-context-4.3.5.RELEASE.jar
7f75467d5000-7f75467e2000 r--s 000ad000 08:03 5923581                    /home/sharmila/.gradle/caches/modules-2/files-2.1/org.springframework/spring-beans/4.3.5.RELEASE/e12bbc3277da28e2e2608a187f83091dc6c300bf/spring-beans-4.3.5.RELEASE.jar
7f75467e2000-7f75467eb000 r--s 00054000 08:03 5923580                    /home/sharmila/.gradle/caches/modules-2/files-2.1/org.springframework/spring-aop/4.3.5.RELEASE/4f113218af716bd8d174c411f19b26418b5a70f6/spring-aop-4.3.5.RELEASE.jar
7f75467eb000-7f75467ef000 r--s 00041000 08:03 5923579                    /home/sharmila/.gradle/caches/modules-2/files-2.1/com.fasterxml.jackson.core/jackson-core/2.8.5/60d059f5d2930ccd1ef03535b713fd9f933d1ba7/jackson-core-2.8.5.jar
7f75467ef000-7f75467f2000 r--s 0000b000 08:03 5923578                    /home/sharmila/.gradle/caches/modules-2/files-2.1/com.fasterxml.jackson.core/jackson-annotations/2.8.5/9d82ff47bc2c2d3b5b6a6618fe636782bbcd5b07/jackson-annotations-2.8.5.jar
7f75467f2000-7f75467f4000 r--s 0000e000 08:03 5917543                    /home/sharmila/.gradle/caches/modules-2/files-2.1/com.fasterxml/classmate/1.3.3/864c8e370a691e343210cc7c532fc198cee460d8/classmate-1.3.3.jar
7f75467f4000-7f75467f8000 r--s 0000c000 08:03 5916766                    /home/sharmila/.gradle/caches/modules-2/files-2.1/javax.validation/validation-api/1.1.0.Final/8613ae82954779d518631e05daa73a6a954817d5/validation-api-1.1.0.Final.jar
7f75467f8000-7f75467fd000 r--s 00036000 08:03 5917542                    /home/sharmila/.gradle/caches/modules-2/files-2.1/org.apache.tomcat.embed/tomcat-embed-websocket/8.5.6/6f6940a216b380ea8506530c374fcfeef820ba54/tomcat-embed-websocket-8.5.6.jar
7f75467fd000-7f75467fe000 r--s 00000000 08:03 5923577                    /home/sharmila/.gradle/caches/modules-2/files-2.1/org.springframework.boot/spring-boot-starter-logging/1.4.3.RELEASE/1c58783c0694abf695babfd39829922d2d501ec2/spring-boot-starter-logging-1.4.3.RELEASE.jar
7f75467fe000-7f754681c000 r--s 000d0000 08:03 5923576                    /home/sharmila/.gradle/caches/modules-2/files-2.1/org.springframework.boot/spring-boot-autoconfigure/1.4.3.RELEASE/41df1bfbdd4ae4e8499ebe1a4bc613bda316d6e1/spring-boot-autoconfigure-1.4.3.RELEASE.jar
7f754681c000-7f754682c000 r--s 00092000 08:03 5923575                    /home/sharmila/.gradle/caches/modules-2/files-2.1/org.springframework.boot/spring-boot/1.4.3.RELEASE/17f94def4460075afdfba6bf8f897cd1fc95bf77/spring-boot-1.4.3.RELEASE.jar
7f754682c000-7f754683b000 r--s 00084000 08:03 5923574                    /home/sharmila/.gradle/caches/modules-2/files-2.1/org.springframework/spring-test/4.3.5.RELEASE/a1965127e07b469d8e5bb3d2b0ff850423b66be4/spring-test-4.3.5.RELEASE.jar
7f754683b000-7f7546851000 r--s 000fa000 08:03 5923530                    /home/sharmila/.gradle/caches/modules-2/files-2.1/org.springframework/spring-core/4.3.5.RELEASE/80299e3f80e8c6d5c076db2ba6adf44a4b52f578/spring-core-4.3.5.RELEASE.jar
7f7546851000-7f7546852000 r--s 00006000 08:03 5916915                    /home/sharmila/.gradle/caches/modules-2/files-2.1/org.skyscreamer/jsonassert/1.3.0/d5c250eb122496866de36dc84f98e2945845ecdd/jsonassert-1.3.0.jar
7f7546852000-7f7546853000 r--s 0000c000 08:03 5916912                    /home/sharmila/.gradle/caches/modules-2/files-2.1/org.hamcrest/hamcrest-library/1.3/4785a3c21320980282f9f33d0d1264a69040538f/hamcrest-library-1.3.jar
7f7546853000-7f754686f000 r--s 00103000 08:03 5916914                    /home/sharmila/.gradle/caches/modules-2/files-2.1/org.mockito/mockito-core/1.10.19/e8546f5bef4e061d8dd73895b4e8f40e3fe6effe/mockito-core-1.10.19.jar
7f754686f000-7f7546882000 r--s 000d2000 08:03 5916913                    /home/sharmila/.gradle/caches/modules-2/files-2.1/org.assertj/assertj-core/2.5.0/fcd21db4c5f33e5dcac69bf1816415fe0647582f/assertj-core-2.5.0.jar
7f7546882000-7f7546887000 r--s 0002e000 08:03 5916911                    /home/sharmila/.gradle/caches/modules-2/files-2.1/com.jayway.jsonpath/json-path/2.2.0/22290d17944bd239fabf5ac69005a60a7ecbbbcb/json-path-2.2.0.jar
7f7546887000-7f754688c000 r--s 00017000 08:03 5923573                    /home/sharmila/.gradle/caches/modules-2/files-2.1/org.springframework.boot/spring-boot-test-autoconfigure/1.4.3.RELEASE/1a7587605e981a58104a501ab1896e2eb7a76686/spring-boot-test-autoconfigure-1.4.3.RELEASE.jar
7f754688c000-7f7546891000 r--s 00021000 08:03 5923572                    /home/sharmila/.gradle/caches/modules-2/files-2.1/org.springframework.boot/spring-boot-test/1.4.3.RELEASE/2d76638f0f13b33859bf3b927c232ff0f8a4ffbf/spring-boot-test-1.4.3.RELEASE.jar
7f7546891000-7f7546897000 r--s 0003d000 08:03 5916762                    /home/sharmila/.gradle/caches/modules-2/files-2.1/org.yaml/snakeyaml/1.17/7a27ea250c5130b2922b86dea63cbb1cc10a660c/snakeyaml-1.17.jar
7f7546897000-7f754689c000 r--s 00040000 08:03 5923637                    /home/sharmila/.gradle/caches/modules-2/files-2.1/org.beanshell/bsh/2.0b4/a05f0a0feefa8d8467ac80e16e7de071489f0d9c/bsh-2.0b4.jar
7f754689c000-7f75468a4000 r--s 00045000 08:03 5913471                    /home/sharmila/.gradle/caches/modules-2/files-2.1/junit/junit/4.12/2973d150c0dc1fefe998f834810d68f278ea58ec/junit-4.12.jar
7f75468a4000-7f754690d000 r--s 004f3000 08:03 5923432                    /home/sharmila/.gradle/caches/modules-2/files-2.1/org.hibernate/hibernate-core/5.0.11.Final/c2487fb72a2217a7cec9ab478d4c21a36fc09977/hibernate-core-5.0.11.Final.jar
7f754690d000-7f754690e000 ---p 00000000 00:00 0 
7f754690e000-7f7546a0e000 rw-p 00000000 00:00 0                          [stack:3946]
7f7546a0e000-7f7546a11000 ---p 00000000 00:00 0 
7f7546a11000-7f7546b0f000 rw-p 00000000 00:00 0                          [stack:3945]
7f7546b0f000-7f7546b12000 ---p 00000000 00:00 0 
7f7546b12000-7f7546c10000 rw-p 00000000 00:00 0                          [stack:3944]
7f7546c10000-7f7546c13000 ---p 00000000 00:00 0 
7f7546c13000-7f7546d11000 rw-p 00000000 00:00 0                          [stack:3943]
7f7546d11000-7f7546d14000 ---p 00000000 00:00 0 
7f7546d14000-7f7546e12000 rw-p 00000000 00:00 0                          [stack:3942]
7f7546e12000-7f7546e15000 ---p 00000000 00:00 0 
7f7546e15000-7f7546f13000 rw-p 00000000 00:00 0                          [stack:3941]
7f7546f13000-7f75475f6000 r--p 00000000 08:03 3152909                    /usr/lib/locale/locale-archive
7f75475f6000-7f75475f9000 ---p 00000000 00:00 0 
7f75475f9000-7f75476f7000 rw-p 00000000 00:00 0                          [stack:3940]
7f75476f7000-7f75476fa000 ---p 00000000 00:00 0 
7f75476fa000-7f75477f8000 rw-p 00000000 00:00 0                          [stack:3939]
7f75477f8000-7f75477f9000 ---p 00000000 00:00 0 
7f75477f9000-7f7548000000 rw-p 00000000 00:00 0                          [stack:3938]
7f7548000000-7f7548021000 rw-p 00000000 00:00 0 
7f7548021000-7f754c000000 ---p 00000000 00:00 0 
7f754c000000-7f754c021000 rw-p 00000000 00:00 0 
7f754c021000-7f7550000000 ---p 00000000 00:00 0 
7f7550000000-7f7550021000 rw-p 00000000 00:00 0 
7f7550021000-7f7554000000 ---p 00000000 00:00 0 
7f7554000000-7f7554002000 r--s 00009000 08:03 5913472                    /home/sharmila/.gradle/caches/modules-2/files-2.1/org.hamcrest/hamcrest-core/1.3/42a25dc3219429f0e5d060061f71acb49bf010a0/hamcrest-core-1.3.jar
7f7554002000-7f7554004000 r--s 00006000 08:03 5923638                    /home/sharmila/.gradle/caches/modules-2/files-2.1/com.beust/jcommander/1.12/7409692b48022f9eca7445861defbcdb9ee3c2a8/jcommander-1.12.jar
7f7554004000-7f7554007000 r--s 0000c000 08:03 5923895                    /home/sharmila/.gradle/caches/modules-2/files-2.1/org.springframework/spring-aspects/4.3.5.RELEASE/8c00c15865a1da0a1ba143a50622a8436a56e097/spring-aspects-4.3.5.RELEASE.jar
7f7554007000-7f755400d000 r--s 0003f000 08:03 5923894                    /home/sharmila/.gradle/caches/modules-2/files-2.1/org.springframework.data/spring-data-jpa/1.10.6.RELEASE/5d478860b24a493845248c1c336c33a657567bd3/spring-data-jpa-1.10.6.RELEASE.jar
7f755400d000-7f755400f000 r--s 00006000 08:03 5923893                    /home/sharmila/.gradle/caches/modules-2/files-2.1/javax.transaction/javax.transaction-api/1.2/d81aff979d603edd90dcd8db2abc1f4ce6479e3e/javax.transaction-api-1.2.jar
7f755400f000-7f755401c000 r--s 00089000 08:03 5923892                    /home/sharmila/.gradle/caches/modules-2/files-2.1/org.hibernate/hibernate-entitymanager/5.0.11.Final/549565caed4e0bcb816843693e66ff7b04ce025f/hibernate-entitymanager-5.0.11.Final.jar
7f755401c000-7f7554026000 r--s 000ae000 08:03 5916958                    /home/sharmila/.gradle/caches/modules-2/files-2.1/org.javassist/javassist/3.20.0-GA/a9cbcdfb7e9f86fbc74d3afae65f2248bfbf82a0/javassist-3.20.0-GA.jar
7f7554026000-7f755402b000 r--s 00017000 08:03 5923828                    /home/sharmila/.gradle/caches/modules-2/files-2.1/org.hibernate.javax.persistence/hibernate-jpa-2.1-api/1.0.0.Final/5e731d961297e5a07290bfaf3db1fbc8bbbf405a/hibernate-jpa-2.1-api-1.0.0.Final.jar
7f755402b000-7f755403e000 r--s 00236000 08:03 5916949                    /home/sharmila/.gradle/caches/modules-2/files-2.1/org.eclipse.jdt.core.compiler/ecj/4.5.1/bee1367ac12fb6a20b422ff8711ebeb4f0a42316/ecj-4.5.1.jar
7f755403e000-7f7554067000 r--s 002b2000 08:03 5917540                    /home/sharmila/.gradle/caches/modules-2/files-2.1/org.apache.tomcat.embed/tomcat-embed-core/8.5.6/960834b5abc6b2135250487abf6c060a0fa5a22e/tomcat-embed-core-8.5.6.jar
7f7554067000-7f7554078000 r--s 000cf000 08:03 5923571                    /home/sharmila/.gradle/caches/modules-2/files-2.1/org.springframework/spring-webmvc/4.3.5.RELEASE/c624659217edab07d8279fb0f90462136f089220/spring-webmvc-4.3.5.RELEASE.jar
7f7554078000-7f755408a000 r--s 000b6000 08:03 5923570                    /home/sharmila/.gradle/caches/modules-2/files-2.1/org.springframework/spring-web/4.3.5.RELEASE/6641daccf2fddafc8358144f3a4f999130fdf144/spring-web-4.3.5.RELEASE.jar
7f755408a000-7f755409b000 r--s 0011d000 08:03 5923569                    /home/sharmila/.gradle/caches/modules-2/files-2.1/com.fasterxml.jackson.core/jackson-databind/2.8.5/b3035f37e674c04dafe36a660c3815cc59f764e2/jackson-databind-2.8.5.jar
7f755409b000-7f75540ab000 r--s 0009c000 08:03 5916756                    /home/sharmila/.gradle/caches/modules-2/files-2.1/org.hibernate/hibernate-validator/5.2.4.Final/fb18766b576aa6632bcfe9a20a023cbd52bf9769/hibernate-validator-5.2.4.Final.jar
7f75540ab000-7f75540b7000 r--s 000a4000 08:03 5923636                    /home/sharmila/.gradle/caches/modules-2/files-2.1/org.testng/testng/6.5.2/5069d2e72356ed87645c5fc3622b0bbb5e0667c9/testng-6.5.2.jar
7f75540b7000-7f7555000000 rw-p 00000000 00:00 0 
7f7555000000-7f7555c50000 rwxp 00000000 00:00 0 
7f7555c50000-7f7564000000 ---p 00000000 00:00 0 
7f7564000000-7f75660bf000 rw-p 00000000 00:00 0 
7f75660bf000-7f7568000000 ---p 00000000 00:00 0 
7f7568000000-7f7568001000 r--s 00000000 08:03 5923891                    /home/sharmila/.gradle/caches/modules-2/files-2.1/org.springframework.boot/spring-boot-starter-jdbc/1.4.3.RELEASE/7ce66cf27ea731189248be7af2ab84ba189e1151/spring-boot-starter-jdbc-1.4.3.RELEASE.jar
7f7568001000-7f7568006000 r--s 00036000 08:03 5917541                    /home/sharmila/.gradle/caches/modules-2/files-2.1/org.apache.tomcat.embed/tomcat-embed-el/8.5.6/a102298d8dc72f4065533d5962953d753b172602/tomcat-embed-el-8.5.6.jar
7f7568006000-7f756800b000 r--s 00309000 08:03 5923826                    /home/sharmila/.gradle/caches/modules-2/files-2.1/org.xerial/sqlite-jdbc/3.7.2/7a3d67f00508d3881650579f7f228c61bfc1b196/sqlite-jdbc-3.7.2.jar
7f756800b000-7f7568014000 r--s 00095000 08:03 5913393                    /home/sharmila/.gradle/caches/modules-2/files-2.1/org.apache.tomcat.embed/tomcat-embed-jasper/9.0.0.M11/e2cd5a7038094195c3163532e01daf051d9265fe/tomcat-embed-jasper-9.0.0.M11.jar
7f7568014000-7f756801c000 r--s 00046000 08:03 2759763                    /home/sharmila/Downloads/sts 3.6.4/sts-bundle/sts-3.6.4.RELEASE/plugins/org.testng.eclipse_6.10.0.201612030230/lib/testng-remote.jar
7f756801c000-7f7568180000 rw-p 00000000 00:00 0 
7f7568180000-7f7568359000 r--s 03d3e000 08:03 3569606                    /usr/lib/jvm/java-8-oracle/jre/lib/rt.jar
7f7568359000-7f75685b2000 rw-p 00000000 00:00 0 
7f75685b2000-7f75685b3000 ---p 00000000 00:00 0 
7f75685b3000-7f75686b3000 rw-p 00000000 00:00 0                          [stack:3937]
7f75686b3000-7f75686b4000 ---p 00000000 00:00 0 
7f75686b4000-7f75687b4000 rw-p 00000000 00:00 0                          [stack:3936]
7f75687b4000-7f75687b5000 ---p 00000000 00:00 0 
7f75687b5000-7f75688b5000 rw-p 00000000 00:00 0                          [stack:3935]
7f75688b5000-7f75688b6000 ---p 00000000 00:00 0 
7f75688b6000-7f75689d9000 rw-p 00000000 00:00 0                          [stack:3934]
7f75689d9000-7f7568af8000 ---p 00000000 00:00 0 
7f7568af8000-7f7568b1b000 rw-p 00000000 00:00 0 
7f7568b1b000-7f7568c3a000 ---p 00000000 00:00 0 
7f7568c3a000-7f7568c9b000 rw-p 00000000 00:00 0 
7f7568c9b000-7f7568cdb000 ---p 00000000 00:00 0 
7f7568cdb000-7f7568d0e000 rw-p 00000000 00:00 0 
7f7568d0e000-7f756909c000 ---p 00000000 00:00 0 
7f756909c000-7f75690b6000 r-xp 00000000 08:03 4870864                    /usr/lib/jvm/java-8-oracle/jre/lib/amd64/libzip.so
7f75690b6000-7f75692b6000 ---p 0001a000 08:03 4870864                    /usr/lib/jvm/java-8-oracle/jre/lib/amd64/libzip.so
7f75692b6000-7f75692b7000 rw-p 0001a000 08:03 4870864                    /usr/lib/jvm/java-8-oracle/jre/lib/amd64/libzip.so
7f75692b7000-7f75692c1000 r-xp 00000000 08:03 4070135                    /lib/x86_64-linux-gnu/libnss_files-2.19.so
7f75692c1000-7f75694c0000 ---p 0000a000 08:03 4070135                    /lib/x86_64-linux-gnu/libnss_files-2.19.so
7f75694c0000-7f75694c1000 r--p 00009000 08:03 4070135                    /lib/x86_64-linux-gnu/libnss_files-2.19.so
7f75694c1000-7f75694c2000 rw-p 0000a000 08:03 4070135                    /lib/x86_64-linux-gnu/libnss_files-2.19.so
7f75694c2000-7f75694cd000 r-xp 00000000 08:03 4070127                    /lib/x86_64-linux-gnu/libnss_nis-2.19.so
7f75694cd000-7f75696cc000 ---p 0000b000 08:03 4070127                    /lib/x86_64-linux-gnu/libnss_nis-2.19.so
7f75696cc000-7f75696cd000 r--p 0000a000 08:03 4070127                    /lib/x86_64-linux-gnu/libnss_nis-2.19.so
7f75696cd000-7f75696ce000 rw-p 0000b000 08:03 4070127                    /lib/x86_64-linux-gnu/libnss_nis-2.19.so
7f75696ce000-7f75696e5000 r-xp 00000000 08:03 4070123                    /lib/x86_64-linux-gnu/libnsl-2.19.so
7f75696e5000-7f75698e4000 ---p 00017000 08:03 4070123                    /lib/x86_64-linux-gnu/libnsl-2.19.so
7f75698e4000-7f75698e5000 r--p 00016000 08:03 4070123                    /lib/x86_64-linux-gnu/libnsl-2.19.so
7f75698e5000-7f75698e6000 rw-p 00017000 08:03 4070123                    /lib/x86_64-linux-gnu/libnsl-2.19.so
7f75698e6000-7f75698e8000 rw-p 00000000 00:00 0 
7f75698e8000-7f75698f1000 r-xp 00000000 08:03 4070122                    /lib/x86_64-linux-gnu/libnss_compat-2.19.so
7f75698f1000-7f7569af0000 ---p 00009000 08:03 4070122                    /lib/x86_64-linux-gnu/libnss_compat-2.19.so
7f7569af0000-7f7569af1000 r--p 00008000 08:03 4070122                    /lib/x86_64-linux-gnu/libnss_compat-2.19.so
7f7569af1000-7f7569af2000 rw-p 00009000 08:03 4070122                    /lib/x86_64-linux-gnu/libnss_compat-2.19.so
7f7569af2000-7f7569b1d000 r-xp 00000000 08:03 4870782                    /usr/lib/jvm/java-8-oracle/jre/lib/amd64/libjava.so
7f7569b1d000-7f7569d1c000 ---p 0002b000 08:03 4870782                    /usr/lib/jvm/java-8-oracle/jre/lib/amd64/libjava.so
7f7569d1c000-7f7569d1e000 rw-p 0002a000 08:03 4870782                    /usr/lib/jvm/java-8-oracle/jre/lib/amd64/libjava.so
7f7569d1e000-7f7569d2b000 r-xp 00000000 08:03 4870821                    /usr/lib/jvm/java-8-oracle/jre/lib/amd64/libverify.so
7f7569d2b000-7f7569f2a000 ---p 0000d000 08:03 4870821                    /usr/lib/jvm/java-8-oracle/jre/lib/amd64/libverify.so
7f7569f2a000-7f7569f2c000 rw-p 0000c000 08:03 4870821                    /usr/lib/jvm/java-8-oracle/jre/lib/amd64/libverify.so
7f7569f2c000-7f7569f33000 r-xp 00000000 08:03 4070131                    /lib/x86_64-linux-gnu/librt-2.19.so
7f7569f33000-7f756a132000 ---p 00007000 08:03 4070131                    /lib/x86_64-linux-gnu/librt-2.19.so
7f756a132000-7f756a133000 r--p 00006000 08:03 4070131                    /lib/x86_64-linux-gnu/librt-2.19.so
7f756a133000-7f756a134000 rw-p 00007000 08:03 4070131                    /lib/x86_64-linux-gnu/librt-2.19.so
7f756a134000-7f756a239000 r-xp 00000000 08:03 4070117                    /lib/x86_64-linux-gnu/libm-2.19.so
7f756a239000-7f756a438000 ---p 00105000 08:03 4070117                    /lib/x86_64-linux-gnu/libm-2.19.so
7f756a438000-7f756a439000 r--p 00104000 08:03 4070117                    /lib/x86_64-linux-gnu/libm-2.19.so
7f756a439000-7f756a43a000 rw-p 00105000 08:03 4070117                    /lib/x86_64-linux-gnu/libm-2.19.so
7f756a43a000-7f756b108000 r-xp 00000000 08:03 5260205                    /usr/lib/jvm/java-8-oracle/jre/lib/amd64/server/libjvm.so
7f756b108000-7f756b308000 ---p 00cce000 08:03 5260205                    /usr/lib/jvm/java-8-oracle/jre/lib/amd64/server/libjvm.so
7f756b308000-7f756b3e1000 rw-p 00cce000 08:03 5260205                    /usr/lib/jvm/java-8-oracle/jre/lib/amd64/server/libjvm.so
7f756b3e1000-7f756b42c000 rw-p 00000000 00:00 0 
7f756b42c000-7f756b5e6000 r-xp 00000000 08:03 4070132                    /lib/x86_64-linux-gnu/libc-2.19.so
7f756b5e6000-7f756b7e6000 ---p 001ba000 08:03 4070132                    /lib/x86_64-linux-gnu/libc-2.19.so
7f756b7e6000-7f756b7ea000 r--p 001ba000 08:03 4070132                    /lib/x86_64-linux-gnu/libc-2.19.so
7f756b7ea000-7f756b7ec000 rw-p 001be000 08:03 4070132                    /lib/x86_64-linux-gnu/libc-2.19.so
7f756b7ec000-7f756b7f1000 rw-p 00000000 00:00 0 
7f756b7f1000-7f756b7f4000 r-xp 00000000 08:03 4070119                    /lib/x86_64-linux-gnu/libdl-2.19.so
7f756b7f4000-7f756b9f3000 ---p 00003000 08:03 4070119                    /lib/x86_64-linux-gnu/libdl-2.19.so
7f756b9f3000-7f756b9f4000 r--p 00002000 08:03 4070119                    /lib/x86_64-linux-gnu/libdl-2.19.so
7f756b9f4000-7f756b9f5000 rw-p 00003000 08:03 4070119                    /lib/x86_64-linux-gnu/libdl-2.19.so
7f756b9f5000-7f756ba0a000 r-xp 00000000 08:03 3555343                    /usr/lib/jvm/java-8-oracle/lib/amd64/jli/libjli.so
7f756ba0a000-7f756bc0a000 ---p 00015000 08:03 3555343                    /usr/lib/jvm/java-8-oracle/lib/amd64/jli/libjli.so
7f756bc0a000-7f756bc0b000 rw-p 00015000 08:03 3555343                    /usr/lib/jvm/java-8-oracle/lib/amd64/jli/libjli.so
7f756bc0b000-7f756bc24000 r-xp 00000000 08:03 4070124                    /lib/x86_64-linux-gnu/libpthread-2.19.so
7f756bc24000-7f756be23000 ---p 00019000 08:03 4070124                    /lib/x86_64-linux-gnu/libpthread-2.19.so
7f756be23000-7f756be24000 r--p 00018000 08:03 4070124                    /lib/x86_64-linux-gnu/libpthread-2.19.so
7f756be24000-7f756be25000 rw-p 00019000 08:03 4070124                    /lib/x86_64-linux-gnu/libpthread-2.19.so
7f756be25000-7f756be29000 rw-p 00000000 00:00 0 
7f756be29000-7f756be4c000 r-xp 00000000 08:03 4070125                    /lib/x86_64-linux-gnu/ld-2.19.so
7f756be4c000-7f756be4d000 r--s 00000000 08:03 5923890                    /home/sharmila/.gradle/caches/modules-2/files-2.1/org.springframework.boot/spring-boot-starter-aop/1.4.3.RELEASE/30b11b6455bed446d3b4a1a49fab529b2cfac454/spring-boot-starter-aop-1.4.3.RELEASE.jar
7f756be4d000-7f756be4f000 r--s 0000f000 08:03 5916917                    /home/sharmila/.gradle/caches/modules-2/files-2.1/org.jboss.logging/jboss-logging/3.3.0.Final/3616bb87707910296e2c195dc016287080bba5af/jboss-logging-3.3.0.Final.jar
7f756be4f000-7f756be50000 r--s 00000000 08:03 5923568                    /home/sharmila/.gradle/caches/modules-2/files-2.1/org.springframework.boot/spring-boot-starter-tomcat/1.4.3.RELEASE/61c48035a7a3b06b42fdd07b7109e562077b3792/spring-boot-starter-tomcat-1.4.3.RELEASE.jar
7f756be50000-7f756bf22000 rw-p 00000000 00:00 0 
7f756bf22000-7f756bf25000 ---p 00000000 00:00 0 
7f756bf25000-7f756c027000 rw-p 00000000 00:00 0                          [stack:3930]
7f756c027000-7f756c028000 r--s 00000000 08:03 5923567                    /home/sharmila/.gradle/caches/modules-2/files-2.1/org.springframework.boot/spring-boot-starter/1.4.3.RELEASE/c99bad104719e947b3f9aa2b7569583805e4c5d5/spring-boot-starter-1.4.3.RELEASE.jar
7f756c028000-7f756c029000 r--s 00000000 08:03 5923566                    /home/sharmila/.gradle/caches/modules-2/files-2.1/org.springframework.boot/spring-boot-starter-test/1.4.3.RELEASE/6e9f1dbd3f68299c0183630ef07ca430de160050/spring-boot-starter-test-1.4.3.RELEASE.jar
7f756c029000-7f756c02a000 r--s 00000000 08:03 5923889                    /home/sharmila/.gradle/caches/modules-2/files-2.1/org.springframework.boot/spring-boot-starter-data-jpa/1.4.3.RELEASE/ffda06c2144d10239014407333c223a237b73ad7/spring-boot-starter-data-jpa-1.4.3.RELEASE.jar
7f756c02a000-7f756c02b000 r--s 00003000 08:03 5923431                    /home/sharmila/.gradle/caches/modules-2/files-2.1/org.hibernate/hibernate-gradle-plugin/5.2.3.Final/db2ad8695e48a03a566b74fb5fc07c1732c1f5e5/hibernate-gradle-plugin-5.2.3.Final.jar
7f756c02b000-7f756c02c000 r--s 00000000 08:03 5923565                    /home/sharmila/.gradle/caches/modules-2/files-2.1/org.springframework.boot/spring-boot-starter-web/1.4.3.RELEASE/a0dcc919eda8e8ecb6f13f52a30e6afbb8266103/spring-boot-starter-web-1.4.3.RELEASE.jar
7f756c02c000-7f756c03f000 rw-p 00000000 00:00 0 
7f756c03f000-7f756c047000 rw-s 00000000 08:03 5917622                    /tmp/hsperfdata_sharmila/3927
7f756c047000-7f756c048000 rw-p 00000000 00:00 0 
7f756c048000-7f756c049000 r--p 00000000 00:00 0 
7f756c049000-7f756c04b000 rw-p 00000000 00:00 0 
7f756c04b000-7f756c04c000 r--p 00022000 08:03 4070125                    /lib/x86_64-linux-gnu/ld-2.19.so
7f756c04c000-7f756c04d000 rw-p 00023000 08:03 4070125                    /lib/x86_64-linux-gnu/ld-2.19.so
7f756c04d000-7f756c04e000 rw-p 00000000 00:00 0 
7ffe5d40d000-7ffe5d431000 rw-p 00000000 00:00 0                          [stack]
7ffe5d466000-7ffe5d468000 r-xp 00000000 00:00 0                          [vdso]
ffffffffff600000-ffffffffff601000 r-xp 00000000 00:00 0                  [vsyscall]

VM Arguments:
jvm_args: -ea -Dfile.encoding=UTF-8 
java_command: org.testng.remote.RemoteTestNG -serport 55439 -protocol json -d /home/sharmila/Documents/work-office/TestNG_Project/test-output /tmp/testng-eclipse-2055277905/testng-customsuite.xml
java_class_path (initial): /home/sharmila/Downloads/sts 3.6.4/sts-bundle/sts-3.6.4.RELEASE/plugins/org.testng.eclipse_6.10.0.201612030230/lib/testng-remote.jar:/home/sharmila/Documents/work-office/TestNG_Project/bin:/home/sharmila/.gradle/caches/modules-2/files-2.1/org.springframework.boot/spring-boot-starter-web/1.4.3.RELEASE/a0dcc919eda8e8ecb6f13f52a30e6afbb8266103/spring-boot-starter-web-1.4.3.RELEASE.jar:/home/sharmila/.gradle/caches/modules-2/files-2.1/org.apache.tomcat.embed/tomcat-embed-jasper/9.0.0.M11/e2cd5a7038094195c3163532e01daf051d9265fe/tomcat-embed-jasper-9.0.0.M11.jar:/home/sharmila/.gradle/caches/modules-2/files-2.1/org.xerial/sqlite-jdbc/3.7.2/7a3d67f00508d3881650579f7f228c61bfc1b196/sqlite-jdbc-3.7.2.jar:/home/sharmila/.gradle/caches/modules-2/files-2.1/org.hibernate/hibernate-gradle-plugin/5.2.3.Final/db2ad8695e48a03a566b74fb5fc07c1732c1f5e5/hibernate-gradle-plugin-5.2.3.Final.jar:/home/sharmila/.gradle/caches/modules-2/files-2.1/org.springframework.boot/spring-boot-starter-data-jpa/1.4.3.RELEASE/ffda06c2144d10239014407333c223a237b73ad7/spring-boot-starter-data-jpa-1.4.3.RELEASE.jar:/home/sharmila/.gradle/caches/modules-2/files-2.1/org.testng/testng/6.5.2/5069d2e72356ed87645c5fc3622b0bbb5e0667c9/testng-6.5.2.jar:/home/sharmila/.gradle/caches/modules-2/files-2.1/org.springframework.boot/spring-boot-starter-test/1.4.3.RELEASE/6e9f1dbd3f68299c0183630ef07ca430de160050/spring-boot-starter-test-1.4.3.RELEASE.jar:/home/sharmila/.gradle/caches/modules-2/files-2.1/org.springframework.boot/spring-boot-starter/1.4.3.RELEASE/c99bad104719e947b3f9aa2b7569583805e4c5d5/spring-boot-starter-1.4.3.RELEASE.jar:/home/sharmila/.gradle/caches/modules-2/files-2.1/org.springframework.boot/spring-boot-starter-tomcat/1.4.3.RELEASE/61c48035a7a3b06b42fdd07b7109e562077b3792/spring-boot-starter-tomcat-1.4.3.RELEASE.jar:/home/sharmila/.gradle/caches/modules-2/files-2.1/org.hibernate/hibernate-validator/5.2.4.Final/fb18766b576aa6632bcfe9a20a023cbd52bf9769/hibernate-validator-5
Launcher Type: SUN_STANDARD

Environment Variables:
JAVA_HOME=/usr/lib/jvm/java-8-oracle
PATH=/usr/local/sbin:/usr/local/bin:/usr/sbin:/usr/bin:/sbin:/bin:/usr/games:/usr/local/games:/usr/lib/jvm/java-8-oracle/bin:/usr/lib/jvm/java-8-oracle/db/bin:/usr/lib/jvm/java-8-oracle/jre/bin
SHELL=/bin/bash
DISPLAY=:0.0

Signal Handlers:
SIGSEGV: [libjvm.so+0xac78c0], sa_mask[0]=11111111011111111101111111111110, sa_flags=SA_RESTART|SA_SIGINFO
SIGBUS: [libjvm.so+0xac78c0], sa_mask[0]=11111111011111111101111111111110, sa_flags=SA_RESTART|SA_SIGINFO
SIGFPE: [libjvm.so+0x920ac0], sa_mask[0]=11111111011111111101111111111110, sa_flags=SA_RESTART|SA_SIGINFO
SIGPIPE: [libjvm.so+0x920ac0], sa_mask[0]=11111111011111111101111111111110, sa_flags=SA_RESTART|SA_SIGINFO
SIGXFSZ: [libjvm.so+0x920ac0], sa_mask[0]=11111111011111111101111111111110, sa_flags=SA_RESTART|SA_SIGINFO
SIGILL: [libjvm.so+0x920ac0], sa_mask[0]=11111111011111111101111111111110, sa_flags=SA_RESTART|SA_SIGINFO
SIGUSR1: SIG_DFL, sa_mask[0]=00000000000000000000000000000000, sa_flags=none
SIGUSR2: [libjvm.so+0x922300], sa_mask[0]=00100000000000000000000000000000, sa_flags=SA_RESTART|SA_SIGINFO
SIGHUP: [libjvm.so+0x923700], sa_mask[0]=11111111011111111101111111111110, sa_flags=SA_RESTART|SA_SIGINFO
SIGINT: [libjvm.so+0x923700], sa_mask[0]=11111111011111111101111111111110, sa_flags=SA_RESTART|SA_SIGINFO
SIGTERM: [libjvm.so+0x923700], sa_mask[0]=11111111011111111101111111111110, sa_flags=SA_RESTART|SA_SIGINFO
SIGQUIT: [libjvm.so+0x923700], sa_mask[0]=11111111011111111101111111111110, sa_flags=SA_RESTART|SA_SIGINFO


---------------  S Y S T E M  ---------------

OS:DISTRIB_ID=Ubuntu
DISTRIB_RELEASE=14.04
DISTRIB_CODENAME=trusty
DISTRIB_DESCRIPTION="Ubuntu 14.04.5 LTS"

uname:Linux 3.13.0-107-generic #154-Ubuntu SMP Tue Dec 20 09:57:27 UTC 2016 x86_64
libc:glibc 2.19 NPTL 2.19 
rlimit: STACK 8192k, CORE 0k, NPROC 30712, NOFILE 4096, AS infinity
load average:0.67 0.77 0.56

/proc/meminfo:
MemTotal:        3953548 kB
MemFree:          161056 kB
Buffers:           48916 kB
Cached:           932336 kB
SwapCached:            0 kB
Active:          2509504 kB
Inactive:        1062424 kB
Active(anon):    2096112 kB
Inactive(anon):   722828 kB
Active(file):     413392 kB
Inactive(file):   339596 kB
Unevictable:         208 kB
Mlocked:             208 kB
SwapTotal:       7999484 kB
SwapFree:        7999188 kB
Dirty:              1508 kB
Writeback:             0 kB
AnonPages:       2591008 kB
Mapped:           310828 kB
Shmem:            228052 kB
Slab:             100096 kB
SReclaimable:      62952 kB
SUnreclaim:        37144 kB
KernelStack:        5496 kB
PageTables:        46676 kB
NFS_Unstable:          0 kB
Bounce:                0 kB
WritebackTmp:          0 kB
CommitLimit:     9976256 kB
Committed_AS:    7300104 kB
VmallocTotal:   34359738367 kB
VmallocUsed:      400992 kB
VmallocChunk:   34359328252 kB
HardwareCorrupted:     0 kB
AnonHugePages:   1019904 kB
HugePages_Total:       0
HugePages_Free:        0
HugePages_Rsvd:        0
HugePages_Surp:        0
Hugepagesize:       2048 kB
DirectMap4k:       86188 kB
DirectMap2M:     2965504 kB
DirectMap1G:     1048576 kB


CPU:total 4 (2 cores per cpu, 2 threads per core) family 6 model 69 stepping 1, cmov, cx8, fxsr, mmx, sse, sse2, sse3, ssse3, sse4.1, sse4.2, popcnt, avx, avx2, aes, clmul, erms, lzcnt, ht, tsc, tscinvbit, bmi1, bmi2

/proc/cpuinfo:
processor	: 0
vendor_id	: GenuineIntel
cpu family	: 6
model		: 69
model name	: Intel(R) Core(TM) i5-4200U CPU @ 1.60GHz
stepping	: 1
microcode	: 0x17
cpu MHz		: 1600.000
cache size	: 3072 KB
physical id	: 0
siblings	: 4
core id		: 0
cpu cores	: 2
apicid		: 0
initial apicid	: 0
fpu		: yes
fpu_exception	: yes
cpuid level	: 13
wp		: yes
flags		: fpu vme de pse tsc msr pae mce cx8 apic sep mtrr pge mca cmov pat pse36 clflush dts acpi mmx fxsr sse sse2 ss ht tm pbe syscall nx pdpe1gb rdtscp lm constant_tsc arch_perfmon pebs bts rep_good nopl xtopology nonstop_tsc aperfmperf eagerfpu pni pclmulqdq dtes64 monitor ds_cpl vmx est tm2 ssse3 fma cx16 xtpr pdcm pcid sse4_1 sse4_2 movbe popcnt tsc_deadline_timer aes xsave avx f16c rdrand lahf_lm abm ida arat epb xsaveopt pln pts dtherm tpr_shadow vnmi flexpriority ept vpid fsgsbase tsc_adjust bmi1 avx2 smep bmi2 erms invpcid
bogomips	: 4589.35
clflush size	: 64
cache_alignment	: 64
address sizes	: 39 bits physical, 48 bits virtual
power management:

processor	: 1
vendor_id	: GenuineIntel
cpu family	: 6
model		: 69
model name	: Intel(R) Core(TM) i5-4200U CPU @ 1.60GHz
stepping	: 1
microcode	: 0x17
cpu MHz		: 759.000
cache size	: 3072 KB
physical id	: 0
siblings	: 4
core id		: 0
cpu cores	: 2
apicid		: 1
initial apicid	: 1
fpu		: yes
fpu_exception	: yes
cpuid level	: 13
wp		: yes
flags		: fpu vme de pse tsc msr pae mce cx8 apic sep mtrr pge mca cmov pat pse36 clflush dts acpi mmx fxsr sse sse2 ss ht tm pbe syscall nx pdpe1gb rdtscp lm constant_tsc arch_perfmon pebs bts rep_good nopl xtopology nonstop_tsc aperfmperf eagerfpu pni pclmulqdq dtes64 monitor ds_cpl vmx est tm2 ssse3 fma cx16 xtpr pdcm pcid sse4_1 sse4_2 movbe popcnt tsc_deadline_timer aes xsave avx f16c rdrand lahf_lm abm ida arat epb xsaveopt pln pts dtherm tpr_shadow vnmi flexpriority ept vpid fsgsbase tsc_adjust bmi1 avx2 smep bmi2 erms invpcid
bogomips	: 4589.35
clflush size	: 64
cache_alignment	: 64
address sizes	: 39 bits physical, 48 bits virtual
power management:

processor	: 2
vendor_id	: GenuineIntel
cpu family	: 6
model		: 69
model name	: Intel(R) Core(TM) i5-4200U CPU @ 1.60GHz
stepping	: 1
microcode	: 0x17
cpu MHz		: 1600.000
cache size	: 3072 KB
physical id	: 0
siblings	: 4
core id		: 1
cpu cores	: 2
apicid		: 2
initial apicid	: 2
fpu		: yes
fpu_exception	: yes
cpuid level	: 13
wp		: yes
flags		: fpu vme de pse tsc msr pae mce cx8 apic sep mtrr pge mca cmov pat pse36 clflush dts acpi mmx fxsr sse sse2 ss ht tm pbe syscall nx pdpe1gb rdtscp lm constant_tsc arch_perfmon pebs bts rep_good nopl xtopology nonstop_tsc aperfmperf eagerfpu pni pclmulqdq dtes64 monitor ds_cpl vmx est tm2 ssse3 fma cx16 xtpr pdcm pcid sse4_1 sse4_2 movbe popcnt tsc_deadline_timer aes xsave avx f16c rdrand lahf_lm abm ida arat epb xsaveopt pln pts dtherm tpr_shadow vnmi flexpriority ept vpid fsgsbase tsc_adjust bmi1 avx2 smep bmi2 erms invpcid
bogomips	: 4589.35
clflush size	: 64
cache_alignment	: 64
address sizes	: 39 bits physical, 48 bits virtual
power management:

processor	: 3
vendor_id	: GenuineIntel
cpu family	: 6
model		: 69
model name	: Intel(R) Core(TM) i5-4200U CPU @ 1.60GHz
stepping	: 1
microcode	: 0x17
cpu MHz		: 1600.000
cache size	: 3072 KB
physical id	: 0
siblings	: 4
core id		: 1
cpu cores	: 2
apicid		: 3
initial apicid	: 3
fpu		: yes
fpu_exception	: yes
cpuid level	: 13
wp		: yes
flags		: fpu vme de pse tsc msr pae mce cx8 apic sep mtrr pge mca cmov pat pse36 clflush dts acpi mmx fxsr sse sse2 ss ht tm pbe syscall nx pdpe1gb rdtscp lm constant_tsc arch_perfmon pebs bts rep_good nopl xtopology nonstop_tsc aperfmperf eagerfpu pni pclmulqdq dtes64 monitor ds_cpl vmx est tm2 ssse3 fma cx16 xtpr pdcm pcid sse4_1 sse4_2 movbe popcnt tsc_deadline_timer aes xsave avx f16c rdrand lahf_lm abm ida arat epb xsaveopt pln pts dtherm tpr_shadow vnmi flexpriority ept vpid fsgsbase tsc_adjust bmi1 avx2 smep bmi2 erms invpcid
bogomips	: 4589.35
clflush size	: 64
cache_alignment	: 64
address sizes	: 39 bits physical, 48 bits virtual
power management:



Memory: 4k page, physical 3953548k(161056k free), swap 7999484k(7999188k free)

vm_info: Java HotSpot(TM) 64-Bit Server VM (25.121-b13) for linux-amd64 JRE (1.8.0_121-b13), built on Dec 12 2016 16:36:53 by "java_re" with gcc 4.3.0 20080428 (Red Hat 4.3.0-8)

time: Mon Jan 23 16:54:20 2017
elapsed time: 8 seconds (0d 0h 0m 8s)

