#
# A fatal error has been detected by the Java Runtime Environment:
#
#  SIGSEGV (0xb) at pc=0x00007fa716aa1118, pid=11141, tid=0x00007fa717fa7700
#
# JRE version: Java(TM) SE Runtime Environment (8.0_121-b13) (build 1.8.0_121-b13)
# Java VM: Java HotSpot(TM) 64-Bit Server VM (25.121-b13 mixed mode linux-amd64 compressed oops)
# Problematic frame:
# V  [libjvm.so+0x6e2118]  jni_GetStringUTFChars+0xb8
#
# Failed to write core dump. Core dumps have been disabled. To enable core dumping, try "ulimit -c unlimited" before starting Java again
#
# If you would like to submit a bug report, please visit:
#   http://bugreport.java.com/bugreport/crash.jsp
#

---------------  T H R E A D  ---------------

Current thread (0x00007fa710010000):  JavaThread "main" [_thread_in_vm, id=11146, stack(0x00007fa717ea7000,0x00007fa717fa8000)]

siginfo: si_signo: 11 (SIGSEGV), si_code: 1 (SEGV_MAPERR), si_addr: 0x0000000000000000

Registers:
RAX=0x00007fa717376550, RBX=0x0000000000000000, RCX=0x000000076abceb30, RDX=0x00007fa7173849e0
RSP=0x00007fa717fa1b00, RBP=0x00007fa717fa1ba0, RSI=0x00007fa710010000, RDI=0x00007fa717fa1b40
R8 =0x00007fa701012c80, R9 =0x000000076abceb30, R10=0x000000000000025a, R11=0x00007fa7173849e8
R12=0x00007fa710010000, R13=0x0000000000000000, R14=0x00007fa717fa1c78, R15=0x00007fa717fa1b40
RIP=0x00007fa716aa1118, EFLAGS=0x0000000000010246, CSGSFS=0x0000000000000033, ERR=0x0000000000000004
  TRAPNO=0x000000000000000e

Top of Stack: (sp=0x00007fa717fa1b00)
0x00007fa717fa1b00:   00007fa717fa1bc8 0000000000000000
0x00007fa717fa1b10:   00007fa70110b240 00007fa717386800
0x00007fa717fa1b20:   00007fa717fa2198 00007fa701012c80
0x00007fa717fa1b30:   0000000775803db8 0000000050200030
0x00007fa717fa1b40:   00007fa710010000 0000000000000000
0x00007fa717fa1b50:   00007fa6f3800480 00007fa7010082bd
0x00007fa717fa1b60:   00007fa710010000 0000000775803db8
0x00007fa717fa1b70:   00007fa717fa1c10 00007fa6bb18a328
0x00007fa717fa1b80:   00007fa710e53a58 0000000000000000
0x00007fa717fa1b90:   00007fa717fa1c78 00007fa710010000
0x00007fa717fa1ba0:   00007fa7100101f8 00007fa6badde2b0
0x00007fa717fa1bb0:   00007fa717fa1c10 00007fa7010082bd
0x00007fa717fa1bc0:   00007fa6bb18a328 00007fa717fa1c50
0x00007fa717fa1bd0:   0000000000000000 00007fa6bb18a320
0x00007fa717fa1be0:   00007fa717fa1c78 00007fa7010184cf
0x00007fa717fa1bf0:   0000000000000000 00007fa6bb199b50
0x00007fa717fa1c00:   0000000000000000 000000076abceb30
0x00007fa717fa1c10:   00007fa717fa1c00 0000000000000000
0x00007fa717fa1c20:   00007fa717fa1c78 00007fa6bb190c30
0x00007fa717fa1c30:   0000000000000000 00007fa6bb18a328
0x00007fa717fa1c40:   0000000000000000 00007fa717fa1c70
0x00007fa717fa1c50:   00007fa717fa1cd8 00007fa701007dd0
0x00007fa717fa1c60:   0000000000000000 00007fa701011537
0x00007fa717fa1c70:   0000000000000000 000000076abceb30
0x00007fa717fa1c80:   0000000775803d58 0000000775803db8
0x00007fa717fa1c90:   000000076abceb30 00007fa717fa1c88
0x00007fa717fa1ca0:   00007fa6bb18dbed 00007fa717fa1cf0
0x00007fa717fa1cb0:   00007fa6bb190480 0000000000000000
0x00007fa717fa1cc0:   00007fa6bb18dc38 00007fa717fa1c70
0x00007fa717fa1cd0:   00007fa717fa1ce8 00007fa717fa1d38
0x00007fa717fa1ce0:   00007fa7010082bd 0000000775803d58
0x00007fa717fa1cf0:   000000076abceb30 00007fa717fa1cf8 

Instructions: (pc=0x00007fa716aa1118)
0x00007fa716aa10f8:   84 24 70 02 00 00 06 00 00 00 4c 89 e6 4c 89 65
0x00007fa716aa1108:   c0 4c 89 ff e8 1f 01 01 00 48 8b 05 18 d0 88 00
0x00007fa716aa1118:   4c 8b 2b 8b 10 48 8b 05 44 fc 88 00 80 38 00 0f
0x00007fa716aa1128:   84 2b 01 00 00 48 63 c2 41 8b 54 05 00 85 d2 0f 

Register to memory mapping:

RAX=0x00007fa717376550: <offset 0xfb7550> in /usr/lib/jvm/java-8-oracle/jre/lib/amd64/server/libjvm.so at 0x00007fa7163bf000
RBX=0x0000000000000000 is an unknown value
RCX=0x000000076abceb30 is an oop
org.sqlite.NativeDB 
 - klass: 'org/sqlite/NativeDB'
RDX=0x00007fa7173849e0: <offset 0xfc59e0> in /usr/lib/jvm/java-8-oracle/jre/lib/amd64/server/libjvm.so at 0x00007fa7163bf000
RSP=0x00007fa717fa1b00 is pointing into the stack for thread: 0x00007fa710010000
RBP=0x00007fa717fa1ba0 is pointing into the stack for thread: 0x00007fa710010000
RSI=0x00007fa710010000 is a thread
RDI=0x00007fa717fa1b40 is pointing into the stack for thread: 0x00007fa710010000
R8 =0x00007fa701012c80 is at code_begin+0 in an Interpreter codelet
method entry point (kind = zerolocals)  [0x00007fa701012c80, 0x00007fa701013100]  1152 bytes
R9 =0x000000076abceb30 is an oop
org.sqlite.NativeDB 
 - klass: 'org/sqlite/NativeDB'
R10=0x000000000000025a is an unknown value
R11=0x00007fa7173849e8: <offset 0xfc59e8> in /usr/lib/jvm/java-8-oracle/jre/lib/amd64/server/libjvm.so at 0x00007fa7163bf000
R12=0x00007fa710010000 is a thread
R13=0x0000000000000000 is an unknown value
R14=0x00007fa717fa1c78 is pointing into the stack for thread: 0x00007fa710010000
R15=0x00007fa717fa1b40 is pointing into the stack for thread: 0x00007fa710010000


Stack: [0x00007fa717ea7000,0x00007fa717fa8000],  sp=0x00007fa717fa1b00,  free space=1002k
Native frames: (J=compiled Java code, j=interpreted, Vv=VM code, C=native code)
V  [libjvm.so+0x6e2118]  jni_GetStringUTFChars+0xb8
C  [sqlite-3.7.2-libsqlitejdbc.so+0xd2b0]  Java_org_sqlite_NativeDB_prepare+0x2f

Java frames: (J=compiled Java code, j=interpreted, Vv=VM code)
j  org.sqlite.NativeDB.prepare(Ljava/lang/String;)J+0
j  org.sqlite.DB.prepare(Lorg/sqlite/Stmt;)V+21
j  org.sqlite.PrepStmt.<init>(Lorg/sqlite/Conn;Ljava/lang/String;)V+15
j  org.sqlite.Conn.prepareStatement(Ljava/lang/String;III)Ljava/sql/PreparedStatement;+14
j  org.sqlite.Conn.prepareStatement(Ljava/lang/String;II)Ljava/sql/PreparedStatement;+5
j  org.sqlite.Conn.prepareStatement(Ljava/lang/String;)Ljava/sql/PreparedStatement;+8
v  ~StubRoutines::call_stub
J 2340  sun.reflect.NativeMethodAccessorImpl.invoke0(Ljava/lang/reflect/Method;Ljava/lang/Object;[Ljava/lang/Object;)Ljava/lang/Object; (0 bytes) @ 0x00007fa7012132f7 [0x00007fa701213280+0x77]
J 1283 C1 sun.reflect.NativeMethodAccessorImpl.invoke(Ljava/lang/Object;[Ljava/lang/Object;)Ljava/lang/Object; (104 bytes) @ 0x00007fa7014635d4 [0x00007fa701462400+0x11d4]
J 3711 C2 sun.reflect.DelegatingMethodAccessorImpl.invoke(Ljava/lang/Object;[Ljava/lang/Object;)Ljava/lang/Object; (10 bytes) @ 0x00007fa701bc0e68 [0x00007fa701bc0e20+0x48]
J 3725 C1 java.lang.reflect.Method.invoke(Ljava/lang/Object;[Ljava/lang/Object;)Ljava/lang/Object; (62 bytes) @ 0x00007fa7015f8edc [0x00007fa7015f8ae0+0x3fc]
j  org.apache.tomcat.jdbc.pool.ProxyConnection.invoke(Ljava/lang/Object;Ljava/lang/reflect/Method;[Ljava/lang/Object;)Ljava/lang/Object;+237
j  org.apache.tomcat.jdbc.pool.JdbcInterceptor.invoke(Ljava/lang/Object;Ljava/lang/reflect/Method;[Ljava/lang/Object;)Ljava/lang/Object;+14
j  org.apache.tomcat.jdbc.pool.DisposableConnectionFacade.invoke(Ljava/lang/Object;Ljava/lang/reflect/Method;[Ljava/lang/Object;)Ljava/lang/Object;+93
j  com.sun.proxy.$Proxy83.prepareStatement(Ljava/lang/String;)Ljava/sql/PreparedStatement;+16
j  org.hibernate.engine.jdbc.internal.StatementPreparerImpl$1.doPrepare()Ljava/sql/PreparedStatement;+37
j  org.hibernate.engine.jdbc.internal.StatementPreparerImpl$StatementPreparationTemplate.prepareStatement()Ljava/sql/PreparedStatement;+45
j  org.hibernate.engine.jdbc.internal.StatementPreparerImpl.prepareStatement(Ljava/lang/String;)Ljava/sql/PreparedStatement;+6
j  org.hibernate.id.SequenceGenerator.generateHolder(Lorg/hibernate/engine/spi/SessionImplementor;)Lorg/hibernate/id/IntegralDataTypeHolder;+15
j  org.hibernate.id.SequenceHiLoGenerator$1.getNextValue()Lorg/hibernate/id/IntegralDataTypeHolder;+8
j  org.hibernate.id.enhanced.LegacyHiLoAlgorithmOptimizer.generate(Lorg/hibernate/id/enhanced/AccessCallback;)Ljava/io/Serializable;+25
j  org.hibernate.id.SequenceHiLoGenerator.generate(Lorg/hibernate/engine/spi/SessionImplementor;Ljava/lang/Object;)Ljava/io/Serializable;+53
j  org.hibernate.event.internal.AbstractSaveEventListener.saveWithGeneratedId(Ljava/lang/Object;Ljava/lang/String;Ljava/lang/Object;Lorg/hibernate/event/spi/EventSource;Z)Ljava/io/Serializable;+21
j  org.hibernate.jpa.event.internal.core.JpaPersistEventListener.saveWithGeneratedId(Ljava/lang/Object;Ljava/lang/String;Ljava/lang/Object;Lorg/hibernate/event/spi/EventSource;Z)Ljava/io/Serializable;+18
j  org.hibernate.event.internal.DefaultPersistEventListener.entityIsTransient(Lorg/hibernate/event/spi/PersistEvent;Ljava/util/Map;)V+55
j  org.hibernate.event.internal.DefaultPersistEventListener.onPersist(Lorg/hibernate/event/spi/PersistEvent;Ljava/util/Map;)V+324
j  org.hibernate.event.internal.DefaultPersistEventListener.onPersist(Lorg/hibernate/event/spi/PersistEvent;)V+11
j  org.hibernate.internal.SessionImpl.firePersist(Lorg/hibernate/event/spi/PersistEvent;)V+46
j  org.hibernate.internal.SessionImpl.persist(Ljava/lang/String;Ljava/lang/Object;)V+11
j  org.hibernate.internal.SessionImpl.persist(Ljava/lang/Object;)V+3
j  org.hibernate.jpa.spi.AbstractEntityManagerImpl.persist(Ljava/lang/Object;)V+9
v  ~StubRoutines::call_stub
J 2340  sun.reflect.NativeMethodAccessorImpl.invoke0(Ljava/lang/reflect/Method;Ljava/lang/Object;[Ljava/lang/Object;)Ljava/lang/Object; (0 bytes) @ 0x00007fa7012132f7 [0x00007fa701213280+0x77]
J 1283 C1 sun.reflect.NativeMethodAccessorImpl.invoke(Ljava/lang/Object;[Ljava/lang/Object;)Ljava/lang/Object; (104 bytes) @ 0x00007fa7014635d4 [0x00007fa701462400+0x11d4]
J 3711 C2 sun.reflect.DelegatingMethodAccessorImpl.invoke(Ljava/lang/Object;[Ljava/lang/Object;)Ljava/lang/Object; (10 bytes) @ 0x00007fa701bc0e68 [0x00007fa701bc0e20+0x48]
J 3725 C1 java.lang.reflect.Method.invoke(Ljava/lang/Object;[Ljava/lang/Object;)Ljava/lang/Object; (62 bytes) @ 0x00007fa7015f8edc [0x00007fa7015f8ae0+0x3fc]
j  org.springframework.orm.jpa.SharedEntityManagerCreator$SharedEntityManagerInvocationHandler.invoke(Ljava/lang/Object;Ljava/lang/reflect/Method;[Ljava/lang/Object;)Ljava/lang/Object;+495
j  com.sun.proxy.$Proxy92.persist(Ljava/lang/Object;)V+16
j  org.springframework.data.jpa.repository.support.SimpleJpaRepository.save(Ljava/lang/Object;)Ljava/lang/Object;+18
v  ~StubRoutines::call_stub
J 2340  sun.reflect.NativeMethodAccessorImpl.invoke0(Ljava/lang/reflect/Method;Ljava/lang/Object;[Ljava/lang/Object;)Ljava/lang/Object; (0 bytes) @ 0x00007fa7012132f7 [0x00007fa701213280+0x77]
J 1283 C1 sun.reflect.NativeMethodAccessorImpl.invoke(Ljava/lang/Object;[Ljava/lang/Object;)Ljava/lang/Object; (104 bytes) @ 0x00007fa7014635d4 [0x00007fa701462400+0x11d4]
J 3711 C2 sun.reflect.DelegatingMethodAccessorImpl.invoke(Ljava/lang/Object;[Ljava/lang/Object;)Ljava/lang/Object; (10 bytes) @ 0x00007fa701bc0e68 [0x00007fa701bc0e20+0x48]
J 3725 C1 java.lang.reflect.Method.invoke(Ljava/lang/Object;[Ljava/lang/Object;)Ljava/lang/Object; (62 bytes) @ 0x00007fa7015f8edc [0x00007fa7015f8ae0+0x3fc]
j  org.springframework.data.repository.core.support.RepositoryFactorySupport$QueryExecutorMethodInterceptor.executeMethodOn(Ljava/lang/Object;Ljava/lang/reflect/Method;[Ljava/lang/Object;)Ljava/lang/Object;+3
j  org.springframework.data.repository.core.support.RepositoryFactorySupport$QueryExecutorMethodInterceptor.doInvoke(Lorg/aopalliance/intercept/MethodInvocation;)Ljava/lang/Object;+94
j  org.springframework.data.repository.core.support.RepositoryFactorySupport$QueryExecutorMethodInterceptor.invoke(Lorg/aopalliance/intercept/MethodInvocation;)Ljava/lang/Object;+2
j  org.springframework.aop.framework.ReflectiveMethodInvocation.proceed()Ljava/lang/Object;+101
j  org.springframework.data.projection.DefaultMethodInvokingMethodInterceptor.invoke(Lorg/aopalliance/intercept/MethodInvocation;)Ljava/lang/Object;+15
j  org.springframework.aop.framework.ReflectiveMethodInvocation.proceed()Ljava/lang/Object;+101
j  org.springframework.transaction.interceptor.TransactionInterceptor$1.proceedWithInvocation()Ljava/lang/Object;+4
j  org.springframework.transaction.interceptor.TransactionAspectSupport.invokeWithinTransaction(Ljava/lang/reflect/Method;Ljava/lang/Class;Lorg/springframework/transaction/interceptor/TransactionAspectSupport$InvocationCallback;)Ljava/lang/Object;+60
j  org.springframework.transaction.interceptor.TransactionInterceptor.invoke(Lorg/aopalliance/intercept/MethodInvocation;)Ljava/lang/Object;+40
j  org.springframework.aop.framework.ReflectiveMethodInvocation.proceed()Ljava/lang/Object;+101
j  org.springframework.dao.support.PersistenceExceptionTranslationInterceptor.invoke(Lorg/aopalliance/intercept/MethodInvocation;)Ljava/lang/Object;+1
j  org.springframework.aop.framework.ReflectiveMethodInvocation.proceed()Ljava/lang/Object;+101
j  org.springframework.data.jpa.repository.support.CrudMethodMetadataPostProcessor$CrudMethodMetadataPopulatingMethodInterceptor.invoke(Lorg/aopalliance/intercept/MethodInvocation;)Ljava/lang/Object;+89
j  org.springframework.aop.framework.ReflectiveMethodInvocation.proceed()Ljava/lang/Object;+101
j  org.springframework.aop.interceptor.ExposeInvocationInterceptor.invoke(Lorg/aopalliance/intercept/MethodInvocation;)Ljava/lang/Object;+18
j  org.springframework.aop.framework.ReflectiveMethodInvocation.proceed()Ljava/lang/Object;+101
j  org.springframework.aop.framework.JdkDynamicAopProxy.invoke(Ljava/lang/Object;Ljava/lang/reflect/Method;[Ljava/lang/Object;)Ljava/lang/Object;+385
j  com.sun.proxy.$Proxy94.save(Ljava/lang/Object;)Ljava/lang/Object;+16
j  com.example.api.service.BookService.save(Lcom/example/entity/Book;)Lcom/example/entity/Book;+5
j  com.example.crudtest.CRUDTest.insertOperation()V+19
v  ~StubRoutines::call_stub
J 2340  sun.reflect.NativeMethodAccessorImpl.invoke0(Ljava/lang/reflect/Method;Ljava/lang/Object;[Ljava/lang/Object;)Ljava/lang/Object; (0 bytes) @ 0x00007fa7012132f7 [0x00007fa701213280+0x77]
J 1283 C1 sun.reflect.NativeMethodAccessorImpl.invoke(Ljava/lang/Object;[Ljava/lang/Object;)Ljava/lang/Object; (104 bytes) @ 0x00007fa7014635d4 [0x00007fa701462400+0x11d4]
J 3711 C2 sun.reflect.DelegatingMethodAccessorImpl.invoke(Ljava/lang/Object;[Ljava/lang/Object;)Ljava/lang/Object; (10 bytes) @ 0x00007fa701bc0e68 [0x00007fa701bc0e20+0x48]
J 3725 C1 java.lang.reflect.Method.invoke(Ljava/lang/Object;[Ljava/lang/Object;)Ljava/lang/Object; (62 bytes) @ 0x00007fa7015f8edc [0x00007fa7015f8ae0+0x3fc]
j  org.testng.internal.MethodInvocationHelper.invokeMethod(Ljava/lang/reflect/Method;Ljava/lang/Object;[Ljava/lang/Object;)Ljava/lang/Object;+242
j  org.testng.internal.MethodInvocationHelper$1.runTestMethod(Lorg/testng/ITestResult;)V+12
j  org.springframework.test.context.testng.AbstractTestNGSpringContextTests.run(Lorg/testng/IHookCallBack;Lorg/testng/ITestResult;)V+2
v  ~StubRoutines::call_stub
J 2340  sun.reflect.NativeMethodAccessorImpl.invoke0(Ljava/lang/reflect/Method;Ljava/lang/Object;[Ljava/lang/Object;)Ljava/lang/Object; (0 bytes) @ 0x00007fa7012132f7 [0x00007fa701213280+0x77]
J 1283 C1 sun.reflect.NativeMethodAccessorImpl.invoke(Ljava/lang/Object;[Ljava/lang/Object;)Ljava/lang/Object; (104 bytes) @ 0x00007fa7014635d4 [0x00007fa701462400+0x11d4]
J 3711 C2 sun.reflect.DelegatingMethodAccessorImpl.invoke(Ljava/lang/Object;[Ljava/lang/Object;)Ljava/lang/Object; (10 bytes) @ 0x00007fa701bc0e68 [0x00007fa701bc0e20+0x48]
J 3725 C1 java.lang.reflect.Method.invoke(Ljava/lang/Object;[Ljava/lang/Object;)Ljava/lang/Object; (62 bytes) @ 0x00007fa7015f8edc [0x00007fa7015f8ae0+0x3fc]
j  org.testng.internal.MethodInvocationHelper.invokeHookable(Ljava/lang/Object;[Ljava/lang/Object;Ljava/lang/Object;Ljava/lang/reflect/Method;Lorg/testng/internal/TestResult;)V+64
j  org.testng.internal.Invoker.invokeMethod([Ljava/lang/Object;ILorg/testng/ITestNGMethod;[Ljava/lang/Object;ILorg/testng/xml/XmlSuite;Ljava/util/Map;Lorg/testng/ITestClass;[Lorg/testng/ITestNGMethod;[Lorg/testng/ITestNGMethod;Lorg/testng/internal/ConfigurationGroupMethods;)Lorg/testng/ITestResult;+280
j  org.testng.internal.Invoker.invokeTestMethod([Ljava/lang/Object;Lorg/testng/ITestNGMethod;[Ljava/lang/Object;ILorg/testng/xml/XmlSuite;Ljava/util/Map;Lorg/testng/ITestClass;[Lorg/testng/ITestNGMethod;[Lorg/testng/ITestNGMethod;Lorg/testng/internal/ConfigurationGroupMethods;)Ljava/util/List;+46
j  org.testng.internal.Invoker.invokeTestMethods(Lorg/testng/ITestNGMethod;[Lorg/testng/ITestNGMethod;ILorg/testng/xml/XmlSuite;Ljava/util/Map;Lorg/testng/internal/ConfigurationGroupMethods;[Ljava/lang/Object;Lorg/testng/ITestContext;)Ljava/util/List;+705
j  org.testng.internal.TestMethodWorker.invokeTestMethods(Lorg/testng/ITestNGMethod;[Ljava/lang/Object;Lorg/testng/ITestContext;)V+32
j  org.testng.internal.TestMethodWorker.run()V+60
j  org.testng.TestRunner.privateRun(Lorg/testng/xml/XmlTest;)V+349
j  org.testng.TestRunner.run()V+26
j  org.testng.SuiteRunner.runTest(Lorg/testng/TestRunner;)V+1
j  org.testng.SuiteRunner.runSequentially()V+31
j  org.testng.SuiteRunner.privateRun()V+281
j  org.testng.SuiteRunner.run()V+6
j  org.testng.SuiteRunnerWorker.runSuite(Lorg/testng/internal/SuiteRunnerMap;Lorg/testng/xml/XmlSuite;)V+96
j  org.testng.SuiteRunnerWorker.run()V+12
j  org.testng.TestNG.runSuitesSequentially(Lorg/testng/xml/XmlSuite;Lorg/testng/internal/SuiteRunnerMap;ILjava/lang/String;)V+66
j  org.testng.TestNG.runSuitesLocally()Ljava/util/List;+117
j  org.testng.TestNG.run()V+77
j  org.testng.remote.AbstractRemoteTestNG.run()V+163
j  org.testng.remote.RemoteTestNG.initAndRun(Lorg/testng/remote/IRemoteTestNG;[Ljava/lang/String;Lorg/testng/CommandLineArgs;Lorg/testng/remote/RemoteArgs;)V+184
j  org.testng.remote.RemoteTestNG.main([Ljava/lang/String;)V+218
v  ~StubRoutines::call_stub

---------------  P R O C E S S  ---------------

Java Threads: ( => current thread )
  0x00007fa7113aa800 JavaThread "http-nio-auto-1-59649-AsyncTimeout" daemon [_thread_blocked, id=11175, stack(0x00007fa6ba0cc000,0x00007fa6ba1cd000)]
  0x00007fa7113a9000 JavaThread "http-nio-auto-1-Acceptor-0" daemon [_thread_in_native, id=11174, stack(0x00007fa6ba1cd000,0x00007fa6ba2ce000)]
  0x00007fa7113a6800 JavaThread "http-nio-auto-1-ClientPoller-1" daemon [_thread_in_native, id=11173, stack(0x00007fa6ba2ce000,0x00007fa6ba3cf000)]
  0x00007fa711398000 JavaThread "http-nio-auto-1-ClientPoller-0" daemon [_thread_in_native, id=11172, stack(0x00007fa6ba3cf000,0x00007fa6ba4d0000)]
  0x00007fa711386000 JavaThread "NioBlockingSelector.BlockPoller-1" daemon [_thread_in_native, id=11171, stack(0x00007fa6ba4d0000,0x00007fa6ba5d1000)]
  0x00007fa710c72800 JavaThread "Tomcat JDBC Pool Cleaner[865113938:1485261802650]" daemon [_thread_blocked, id=11170, stack(0x00007fa6bb059000,0x00007fa6bb15a000)]
  0x00007fa710f30800 JavaThread "container-0" [_thread_blocked, id=11169, stack(0x00007fa6bb7fe000,0x00007fa6bb8ff000)]
  0x00007fa710f2c800 JavaThread "ContainerBackgroundProcessor[StandardEngine[Tomcat]]" daemon [_thread_blocked, id=11168, stack(0x00007fa6bb8ff000,0x00007fa6bba00000)]
  0x00007fa6b41c9000 JavaThread "localhost-startStop-1" daemon [_thread_blocked, id=11167, stack(0x00007fa6f0046000,0x00007fa6f0147000)]
  0x00007fa710f2c000 JavaThread "Tomcat-startStop-1" daemon [_thread_blocked, id=11166, stack(0x00007fa6f0a05000,0x00007fa6f0b06000)]
  0x00007fa7104d0000 JavaThread "ReaderThread" [_thread_in_native, id=11161, stack(0x00007fa6f1313000,0x00007fa6f1414000)]
  0x00007fa7100c7000 JavaThread "Service Thread" daemon [_thread_blocked, id=11158, stack(0x00007fa6f19a3000,0x00007fa6f1aa4000)]
  0x00007fa7100c4000 JavaThread "C1 CompilerThread2" daemon [_thread_blocked, id=11157, stack(0x00007fa6f1aa4000,0x00007fa6f1ba5000)]
  0x00007fa7100c2000 JavaThread "C2 CompilerThread1" daemon [_thread_in_native, id=11156, stack(0x00007fa6f1ba5000,0x00007fa6f1ca6000)]
  0x00007fa7100bf000 JavaThread "C2 CompilerThread0" daemon [_thread_in_native, id=11155, stack(0x00007fa6f1ca6000,0x00007fa6f1da7000)]
  0x00007fa7100be000 JavaThread "Signal Dispatcher" daemon [_thread_blocked, id=11154, stack(0x00007fa6f1da7000,0x00007fa6f1ea8000)]
  0x00007fa71008a000 JavaThread "Finalizer" daemon [_thread_blocked, id=11153, stack(0x00007fa6f258b000,0x00007fa6f268c000)]
  0x00007fa710085800 JavaThread "Reference Handler" daemon [_thread_blocked, id=11152, stack(0x00007fa6f268c000,0x00007fa6f278d000)]
=>0x00007fa710010000 JavaThread "main" [_thread_in_vm, id=11146, stack(0x00007fa717ea7000,0x00007fa717fa8000)]

Other Threads:
  0x00007fa71007e000 VMThread [stack: 0x00007fa6f278d000,0x00007fa6f288e000] [id=11151]
  0x00007fa7100ca000 WatcherThread [stack: 0x00007fa6f18a2000,0x00007fa6f19a3000] [id=11159]

VM state:not at safepoint (normal execution)

VM Mutex/Monitor currently owned by a thread: None

Heap:
 PSYoungGen      total 305664K, used 180373K [0x000000076ab00000, 0x0000000788080000, 0x00000007c0000000)
  eden space 262144K, 68% used [0x000000076ab00000,0x0000000775b254d8,0x000000077ab00000)
  from space 43520K, 0% used [0x000000077ab00000,0x000000077ab00000,0x000000077d580000)
  to   space 43520K, 0% used [0x0000000785600000,0x0000000785600000,0x0000000788080000)
 ParOldGen       total 699904K, used 22184K [0x00000006c0000000, 0x00000006eab80000, 0x000000076ab00000)
  object space 699904K, 3% used [0x00000006c0000000,0x00000006c15aa240,0x00000006eab80000)
 Metaspace       used 45099K, capacity 45484K, committed 45824K, reserved 1089536K
  class space    used 5899K, capacity 6029K, committed 6144K, reserved 1048576K

Card table byte_map: [0x00007fa714460000,0x00007fa714c61000] byte_map_base: 0x00007fa710e60000

Marking Bits: (ParMarkBitMap*) 0x00007fa717383c80
 Begin Bits: [0x00007fa6e4000000, 0x00007fa6e8000000)
 End Bits:   [0x00007fa6e8000000, 0x00007fa6ec000000)

Polling page: 0x00007fa717fcd000

CodeCache: size=245760Kb used=13058Kb max_used=13100Kb free=232702Kb
 bounds [0x00007fa701000000, 0x00007fa701ce0000, 0x00007fa710000000]
 total_blobs=4048 nmethods=3577 adapters=384
 compilation: enabled

Compilation events (10 events):
Event: 13.593 Thread 0x00007fa7100c2000 nmethod 4080 0x00007fa7015c1110 code [0x00007fa7015c1680, 0x00007fa7015c4160]
Event: 13.593 Thread 0x00007fa7100c2000 4130       4       org.springframework.util.ConcurrentReferenceHashMap::get (37 bytes)
Event: 13.602 Thread 0x00007fa7100c2000 nmethod 4130 0x00007fa7017b2dd0 code [0x00007fa7017b2f60, 0x00007fa7017b3368]
Event: 13.602 Thread 0x00007fa7100c2000 4067 %     4       org.springframework.boot.bind.DefaultPropertyNamePatternsMatcher::matches @ 78 (226 bytes)
Event: 13.613 Thread 0x00007fa7100c4000 4170       2       org.hibernate.service.internal.ConcurrentServiceBinding::hashKey (5 bytes)
Event: 13.613 Thread 0x00007fa7100c4000 nmethod 4170 0x00007fa701718050 code [0x00007fa7017181c0, 0x00007fa701718328]
Event: 13.618 Thread 0x00007fa7100c2000 nmethod 4067% 0x00007fa70145d9d0 code [0x00007fa70145db80, 0x00007fa70145e328]
Event: 13.618 Thread 0x00007fa7100c2000 4136       4       java.util.TreeMap::successor (66 bytes)
Event: 13.620 Thread 0x00007fa7100c2000 nmethod 4136 0x00007fa701810b90 code [0x00007fa701810ce0, 0x00007fa701810db8]
Event: 13.620 Thread 0x00007fa7100c2000 3912       4       java.util.Arrays$ArrayList::indexOf (62 bytes)

GC Heap History (10 events):
Event: 5.974 GC heap before
{Heap before GC invocations=1 (full 0):
 PSYoungGen      total 305664K, used 209898K [0x000000076ab00000, 0x0000000780000000, 0x00000007c0000000)
  eden space 262144K, 80% used [0x000000076ab00000,0x00000007777fa988,0x000000077ab00000)
  from space 43520K, 0% used [0x000000077d580000,0x000000077d580000,0x0000000780000000)
  to   space 43520K, 0% used [0x000000077ab00000,0x000000077ab00000,0x000000077d580000)
 ParOldGen       total 699392K, used 0K [0x00000006c0000000, 0x00000006eab00000, 0x000000076ab00000)
  object space 699392K, 0% used [0x00000006c0000000,0x00000006c0000000,0x00000006eab00000)
 Metaspace       used 21046K, capacity 21158K, committed 21296K, reserved 1069056K
  class space    used 2567K, capacity 2609K, committed 2688K, reserved 1048576K
Event: 6.004 GC heap after
Heap after GC invocations=1 (full 0):
 PSYoungGen      total 305664K, used 21658K [0x000000076ab00000, 0x0000000780000000, 0x00000007c0000000)
  eden space 262144K, 0% used [0x000000076ab00000,0x000000076ab00000,0x000000077ab00000)
  from space 43520K, 49% used [0x000000077ab00000,0x000000077c026a30,0x000000077d580000)
  to   space 43520K, 0% used [0x000000077d580000,0x000000077d580000,0x0000000780000000)
 ParOldGen       total 699392K, used 80K [0x00000006c0000000, 0x00000006eab00000, 0x000000076ab00000)
  object space 699392K, 0% used [0x00000006c0000000,0x00000006c0014010,0x00000006eab00000)
 Metaspace       used 21046K, capacity 21158K, committed 21296K, reserved 1069056K
  class space    used 2567K, capacity 2609K, committed 2688K, reserved 1048576K
}
Event: 6.004 GC heap before
{Heap before GC invocations=2 (full 1):
 PSYoungGen      total 305664K, used 21658K [0x000000076ab00000, 0x0000000780000000, 0x00000007c0000000)
  eden space 262144K, 0% used [0x000000076ab00000,0x000000076ab00000,0x000000077ab00000)
  from space 43520K, 49% used [0x000000077ab00000,0x000000077c026a30,0x000000077d580000)
  to   space 43520K, 0% used [0x000000077d580000,0x000000077d580000,0x0000000780000000)
 ParOldGen       total 699392K, used 80K [0x00000006c0000000, 0x00000006eab00000, 0x000000076ab00000)
  object space 699392K, 0% used [0x00000006c0000000,0x00000006c0014010,0x00000006eab00000)
 Metaspace       used 21046K, capacity 21158K, committed 21296K, reserved 1069056K
  class space    used 2567K, capacity 2609K, committed 2688K, reserved 1048576K
Event: 6.051 GC heap after
Heap after GC invocations=2 (full 1):
 PSYoungGen      total 305664K, used 0K [0x000000076ab00000, 0x0000000780000000, 0x00000007c0000000)
  eden space 262144K, 0% used [0x000000076ab00000,0x000000076ab00000,0x000000077ab00000)
  from space 43520K, 0% used [0x000000077ab00000,0x000000077ab00000,0x000000077d580000)
  to   space 43520K, 0% used [0x000000077d580000,0x000000077d580000,0x0000000780000000)
 ParOldGen       total 699392K, used 20810K [0x00000006c0000000, 0x00000006eab00000, 0x000000076ab00000)
  object space 699392K, 2% used [0x00000006c0000000,0x00000006c1452ac8,0x00000006eab00000)
 Metaspace       used 21046K, capacity 21158K, committed 21296K, reserved 1069056K
  class space    used 2567K, capacity 2609K, committed 2688K, reserved 1048576K
}
Event: 9.362 GC heap before
{Heap before GC invocations=3 (full 1):
 PSYoungGen      total 305664K, used 262144K [0x000000076ab00000, 0x0000000780000000, 0x00000007c0000000)
  eden space 262144K, 100% used [0x000000076ab00000,0x000000077ab00000,0x000000077ab00000)
  from space 43520K, 0% used [0x000000077ab00000,0x000000077ab00000,0x000000077d580000)
  to   space 43520K, 0% used [0x000000077d580000,0x000000077d580000,0x0000000780000000)
 ParOldGen       total 699392K, used 20810K [0x00000006c0000000, 0x00000006eab00000, 0x000000076ab00000)
  object space 699392K, 2% used [0x00000006c0000000,0x00000006c1452ac8,0x00000006eab00000)
 Metaspace       used 30627K, capacity 30934K, committed 31104K, reserved 1077248K
  class space    used 3794K, capacity 3892K, committed 3968K, reserved 1048576K
Event: 9.398 GC heap after
Heap after GC invocations=3 (full 1):
 PSYoungGen      total 305664K, used 21976K [0x000000076ab00000, 0x0000000787d00000, 0x00000007c0000000)
  eden space 262144K, 0% used [0x000000076ab00000,0x000000076ab00000,0x000000077ab00000)
  from space 43520K, 50% used [0x000000077d580000,0x000000077eaf6210,0x0000000780000000)
  to   space 43520K, 0% used [0x000000077ab00000,0x000000077ab00000,0x000000077d580000)
 ParOldGen       total 699392K, used 20818K [0x00000006c0000000, 0x00000006eab00000, 0x000000076ab00000)
  object space 699392K, 2% used [0x00000006c0000000,0x00000006c1454ac8,0x00000006eab00000)
 Metaspace       used 30627K, capacity 30934K, committed 31104K, reserved 1077248K
  class space    used 3794K, capacity 3892K, committed 3968K, reserved 1048576K
}
Event: 11.039 GC heap before
{Heap before GC invocations=4 (full 1):
 PSYoungGen      total 305664K, used 105341K [0x000000076ab00000, 0x0000000787d00000, 0x00000007c0000000)
  eden space 262144K, 31% used [0x000000076ab00000,0x000000076fc69458,0x000000077ab00000)
  from space 43520K, 50% used [0x000000077d580000,0x000000077eaf6210,0x0000000780000000)
  to   space 43520K, 0% used [0x000000077ab00000,0x000000077ab00000,0x000000077d580000)
 ParOldGen       total 699392K, used 20818K [0x00000006c0000000, 0x00000006eab00000, 0x000000076ab00000)
  object space 699392K, 2% used [0x00000006c0000000,0x00000006c1454ac8,0x00000006eab00000)
 Metaspace       used 35055K, capacity 35350K, committed 35496K, reserved 1081344K
  class space    used 4496K, capacity 4580K, committed 4608K, reserved 1048576K
Event: 11.053 GC heap after
Heap after GC invocations=4 (full 1):
 PSYoungGen      total 305664K, used 12702K [0x000000076ab00000, 0x0000000788080000, 0x00000007c0000000)
  eden space 262144K, 0% used [0x000000076ab00000,0x000000076ab00000,0x000000077ab00000)
  from space 43520K, 29% used [0x000000077ab00000,0x000000077b767a28,0x000000077d580000)
  to   space 43520K, 0% used [0x0000000785600000,0x0000000785600000,0x0000000788080000)
 ParOldGen       total 699392K, used 20826K [0x00000006c0000000, 0x00000006eab00000, 0x000000076ab00000)
  object space 699392K, 2% used [0x00000006c0000000,0x00000006c1456ac8,0x00000006eab00000)
 Metaspace       used 35055K, capacity 35350K, committed 35496K, reserved 1081344K
  class space    used 4496K, capacity 4580K, committed 4608K, reserved 1048576K
}
Event: 11.054 GC heap before
{Heap before GC invocations=5 (full 2):
 PSYoungGen      total 305664K, used 12702K [0x000000076ab00000, 0x0000000788080000, 0x00000007c0000000)
  eden space 262144K, 0% used [0x000000076ab00000,0x000000076ab00000,0x000000077ab00000)
  from space 43520K, 29% used [0x000000077ab00000,0x000000077b767a28,0x000000077d580000)
  to   space 43520K, 0% used [0x0000000785600000,0x0000000785600000,0x0000000788080000)
 ParOldGen       total 699392K, used 20826K [0x00000006c0000000, 0x00000006eab00000, 0x000000076ab00000)
  object space 699392K, 2% used [0x00000006c0000000,0x00000006c1456ac8,0x00000006eab00000)
 Metaspace       used 35055K, capacity 35350K, committed 35496K, reserved 1081344K
  class space    used 4496K, capacity 4580K, committed 4608K, reserved 1048576K
Event: 11.118 GC heap after
Heap after GC invocations=5 (full 2):
 PSYoungGen      total 305664K, used 0K [0x000000076ab00000, 0x0000000788080000, 0x00000007c0000000)
  eden space 262144K, 0% used [0x000000076ab00000,0x000000076ab00000,0x000000077ab00000)
  from space 43520K, 0% used [0x000000077ab00000,0x000000077ab00000,0x000000077d580000)
  to   space 43520K, 0% used [0x0000000785600000,0x0000000785600000,0x0000000788080000)
 ParOldGen       total 699904K, used 22184K [0x00000006c0000000, 0x00000006eab80000, 0x000000076ab00000)
  object space 699904K, 3% used [0x00000006c0000000,0x00000006c15aa240,0x00000006eab80000)
 Metaspace       used 35055K, capacity 35350K, committed 35496K, reserved 1081344K
  class space    used 4496K, capacity 4580K, committed 4608K, reserved 1048576K
}

Deoptimization events (10 events):
Event: 12.299 Thread 0x00007fa710010000 Uncommon trap: reason=null_check action=make_not_entrant pc=0x00007fa701bb709c method=org.springframework.core.annotation.AnnotatedElementUtils.searchWithGetSemanticsInAnnotations(Ljava/lang/reflect/AnnotatedElement;Ljava/util/List;Ljava/lang/Class;Ljava/
Event: 12.328 Thread 0x00007fa710010000 Uncommon trap: reason=null_check action=make_not_entrant pc=0x00007fa70124db30 method=org.springframework.util.ClassUtils.isAssignable(Ljava/lang/Class;Ljava/lang/Class;)Z @ 14
Event: 12.368 Thread 0x00007fa710010000 Uncommon trap: reason=unstable_if action=reinterpret pc=0x00007fa701a8e384 method=java.lang.reflect.Proxy.isProxyClass(Ljava/lang/Class;)Z @ 16
Event: 12.370 Thread 0x00007fa710010000 Uncommon trap: reason=unstable_if action=reinterpret pc=0x00007fa7019d36f0 method=sun.reflect.misc.ReflectUtil.isNonPublicProxyClass(Ljava/lang/Class;)Z @ 33
Event: 12.628 Thread 0x00007fa710010000 Uncommon trap: reason=class_check action=maybe_recompile pc=0x00007fa70149fd0c method=java.util.regex.Pattern$Curly.match(Ljava/util/regex/Matcher;ILjava/lang/CharSequence;)Z @ 19
Event: 12.648 Thread 0x00007fa710010000 Uncommon trap: reason=unstable_if action=reinterpret pc=0x00007fa701b3efe0 method=java.util.concurrent.ConcurrentHashMap.transfer([Ljava/util/concurrent/ConcurrentHashMap$Node;[Ljava/util/concurrent/ConcurrentHashMap$Node;)V @ 356
Event: 12.648 Thread 0x00007fa710010000 Uncommon trap: reason=unstable_if action=reinterpret pc=0x00007fa701b423f0 method=java.util.concurrent.ConcurrentHashMap.transfer([Ljava/util/concurrent/ConcurrentHashMap$Node;[Ljava/util/concurrent/ConcurrentHashMap$Node;)V @ 356
Event: 13.339 Thread 0x00007fa710010000 Uncommon trap: reason=unstable_if action=reinterpret pc=0x00007fa7012d0674 method=org.springframework.util.ConcurrentReferenceHashMap$Segment.clear()V @ 4
Event: 13.546 Thread 0x00007fa710010000 Uncommon trap: reason=bimorphic action=maybe_recompile pc=0x00007fa70135ae28 method=java.util.Hashtable.get(Ljava/lang/Object;)Ljava/lang/Object; @ 6
Event: 13.546 Thread 0x00007fa710010000 Uncommon trap: reason=bimorphic action=maybe_recompile pc=0x00007fa70135ae28 method=java.util.Hashtable.get(Ljava/lang/Object;)Ljava/lang/Object; @ 6

Internal exceptions (10 events):
Event: 13.263 Thread 0x00007fa710010000 Exception <a 'java/lang/ClassNotFoundException': org/springframework/boot/autoconfigure/web/WebClientAutoConfigurationCustomizer> (0x000000077441cb40) thrown at [/HUDSON3/workspace/8-2-build-linux-amd64/jdk8u121/8372/hotspot/src/share/vm/classfile/systemD
Event: 13.263 Thread 0x00007fa710010000 Exception <a 'java/lang/ClassNotFoundException': org/springframework/boot/autoconfigure/web/WebClientAutoConfiguration$$EnhancerBySpringCGLIB$$52d5929eCustomizer> (0x0000000774440438) thrown at [/HUDSON3/workspace/8-2-build-linux-amd64/jdk8u121/8372/hotsp
Event: 13.263 Thread 0x00007fa710010000 Exception <a 'java/lang/ClassNotFoundException': org/springframework/context/annotation/ConfigurationClassEnhancer$EnhancedConfigurationCustomizer> (0x0000000774464770) thrown at [/HUDSON3/workspace/8-2-build-linux-amd64/jdk8u121/8372/hotspot/src/share/vm
Event: 13.567 Thread 0x00007fa710010000 Exception <a 'java/lang/ClassNotFoundException': java/lang/ObjectCustomizer> (0x00000007755aa398) thrown at [/HUDSON3/workspace/8-2-build-linux-amd64/jdk8u121/8372/hotspot/src/share/vm/classfile/systemDictionary.cpp, line 210]
Event: 13.567 Thread 0x00007fa710010000 Exception <a 'java/lang/ClassNotFoundException': org/springframework/test/context/testng/AbstractTestNGSpringContextTestsCustomizer> (0x00000007755c80e0) thrown at [/HUDSON3/workspace/8-2-build-linux-amd64/jdk8u121/8372/hotspot/src/share/vm/classfile/syst
Event: 13.568 Thread 0x00007fa710010000 Exception <a 'java/lang/ClassNotFoundException': com/example/crudtest/CRUDTestCustomizer> (0x00000007755daca8) thrown at [/HUDSON3/workspace/8-2-build-linux-amd64/jdk8u121/8372/hotspot/src/share/vm/classfile/systemDictionary.cpp, line 210]
Event: 13.568 Thread 0x00007fa710010000 Exception <a 'java/lang/ClassNotFoundException': org/testng/IHookableCustomizer> (0x00000007755eb6d0) thrown at [/HUDSON3/workspace/8-2-build-linux-amd64/jdk8u121/8372/hotspot/src/share/vm/classfile/systemDictionary.cpp, line 210]
Event: 13.568 Thread 0x00007fa710010000 Exception <a 'java/lang/ClassNotFoundException': org/springframework/context/ApplicationContextAwareCustomizer> (0x0000000775601870) thrown at [/HUDSON3/workspace/8-2-build-linux-amd64/jdk8u121/8372/hotspot/src/share/vm/classfile/systemDictionary.cpp, lin
Event: 13.615 Thread 0x00007fa710010000 Exception <a 'java/lang/ClassNotFoundException': java/lang/ObjectCustomizer> (0x000000077578aea0) thrown at [/HUDSON3/workspace/8-2-build-linux-amd64/jdk8u121/8372/hotspot/src/share/vm/classfile/systemDictionary.cpp, line 210]
Event: 13.616 Thread 0x00007fa710010000 Exception <a 'java/lang/ClassNotFoundException': com/example/entity/BookCustomizer> (0x000000077579d830) thrown at [/HUDSON3/workspace/8-2-build-linux-amd64/jdk8u121/8372/hotspot/src/share/vm/classfile/systemDictionary.cpp, line 210]

Events (10 events):
Event: 13.620 loading class org/hibernate/engine/jdbc/internal/FormatStyle
Event: 13.620 loading class org/hibernate/engine/jdbc/internal/FormatStyle done
Event: 13.620 loading class org/hibernate/engine/jdbc/internal/Formatter
Event: 13.620 loading class org/hibernate/engine/jdbc/internal/Formatter done
Event: 13.620 loading class org/hibernate/engine/jdbc/internal/BasicFormatterImpl
Event: 13.620 loading class org/hibernate/engine/jdbc/internal/BasicFormatterImpl done
Event: 13.620 loading class org/hibernate/engine/jdbc/internal/DDLFormatterImpl
Event: 13.620 loading class org/hibernate/engine/jdbc/internal/DDLFormatterImpl done
Event: 13.621 loading class org/hibernate/engine/jdbc/internal/FormatStyle$NoFormatImpl
Event: 13.621 loading class org/hibernate/engine/jdbc/internal/FormatStyle$NoFormatImpl done


Dynamic libraries:
00400000-00401000 r-xp 00000000 08:03 5260258                            /usr/lib/jvm/java-8-oracle/bin/java
00600000-00601000 rw-p 00000000 08:03 5260258                            /usr/lib/jvm/java-8-oracle/bin/java
024b9000-024da000 rw-p 00000000 00:00 0                                  [heap]
6c0000000-6eab80000 rw-p 00000000 00:00 0 
6eab80000-76ab00000 ---p 00000000 00:00 0 
76ab00000-788080000 rw-p 00000000 00:00 0 
788080000-7c0000000 ---p 00000000 00:00 0 
7c0000000-7c0600000 rw-p 00000000 00:00 0 
7c0600000-800000000 ---p 00000000 00:00 0 
7fa690000000-7fa690021000 rw-p 00000000 00:00 0 
7fa690021000-7fa694000000 ---p 00000000 00:00 0 
7fa694000000-7fa694021000 rw-p 00000000 00:00 0 
7fa694021000-7fa698000000 ---p 00000000 00:00 0 
7fa698000000-7fa698021000 rw-p 00000000 00:00 0 
7fa698021000-7fa69c000000 ---p 00000000 00:00 0 
7fa69c000000-7fa69c021000 rw-p 00000000 00:00 0 
7fa69c021000-7fa6a0000000 ---p 00000000 00:00 0 
7fa6a0000000-7fa6a0021000 rw-p 00000000 00:00 0 
7fa6a0021000-7fa6a4000000 ---p 00000000 00:00 0 
7fa6a4000000-7fa6a4021000 rw-p 00000000 00:00 0 
7fa6a4021000-7fa6a8000000 ---p 00000000 00:00 0 
7fa6a8000000-7fa6a8021000 rw-p 00000000 00:00 0 
7fa6a8021000-7fa6ac000000 ---p 00000000 00:00 0 
7fa6ac000000-7fa6ac021000 rw-p 00000000 00:00 0 
7fa6ac021000-7fa6b0000000 ---p 00000000 00:00 0 
7fa6b0000000-7fa6b009e000 rw-p 00000000 00:00 0 
7fa6b009e000-7fa6b4000000 ---p 00000000 00:00 0 
7fa6b4000000-7fa6b41cc000 rw-p 00000000 00:00 0 
7fa6b41cc000-7fa6b8000000 ---p 00000000 00:00 0 
7fa6ba0cc000-7fa6ba0cf000 ---p 00000000 00:00 0 
7fa6ba0cf000-7fa6ba1cd000 rw-p 00000000 00:00 0                          [stack:11175]
7fa6ba1cd000-7fa6ba1d0000 ---p 00000000 00:00 0 
7fa6ba1d0000-7fa6ba2ce000 rw-p 00000000 00:00 0                          [stack:11174]
7fa6ba2ce000-7fa6ba2d1000 ---p 00000000 00:00 0 
7fa6ba2d1000-7fa6ba3cf000 rw-p 00000000 00:00 0                          [stack:11173]
7fa6ba3cf000-7fa6ba3d2000 ---p 00000000 00:00 0 
7fa6ba3d2000-7fa6ba4d0000 rw-p 00000000 00:00 0                          [stack:11172]
7fa6ba4d0000-7fa6ba4d3000 ---p 00000000 00:00 0 
7fa6ba4d3000-7fa6ba691000 rw-p 00000000 00:00 0                          [stack:11171]
7fa6ba691000-7fa6ba7d1000 ---p 00000000 00:00 0 
7fa6ba7d1000-7fa6ba9d1000 rw-p 00000000 00:00 0 
7fa6ba9d1000-7fa6babd1000 rw-p 00000000 00:00 0 
7fa6babd1000-7fa6badd1000 rw-p 00000000 00:00 0 
7fa6badd1000-7fa6bae55000 r-xp 00000000 08:03 5917603                    /tmp/sqlite-3.7.2-libsqlitejdbc.so
7fa6bae55000-7fa6bb055000 ---p 00084000 08:03 5917603                    /tmp/sqlite-3.7.2-libsqlitejdbc.so
7fa6bb055000-7fa6bb056000 r--p 00084000 08:03 5917603                    /tmp/sqlite-3.7.2-libsqlitejdbc.so
7fa6bb056000-7fa6bb059000 rw-p 00085000 08:03 5917603                    /tmp/sqlite-3.7.2-libsqlitejdbc.so
7fa6bb059000-7fa6bb05c000 ---p 00000000 00:00 0 
7fa6bb05c000-7fa6bb35a000 rw-p 00000000 00:00 0                          [stack:11170]
7fa6bb35a000-7fa6bb55a000 rw-p 00000000 00:00 0 
7fa6bb5fe000-7fa6bb7fe000 rw-p 00000000 00:00 0 
7fa6bb7fe000-7fa6bb801000 ---p 00000000 00:00 0 
7fa6bb801000-7fa6bb8ff000 rw-p 00000000 00:00 0                          [stack:11169]
7fa6bb8ff000-7fa6bb902000 ---p 00000000 00:00 0 
7fa6bb902000-7fa6bbc00000 rw-p 00000000 00:00 0                          [stack:11168]
7fa6bbc00000-7fa6bbe00000 rw-p 00000000 00:00 0 
7fa6bbe00000-7fa6bc000000 rw-p 00000000 00:00 0 
7fa6bc000000-7fa6bc021000 rw-p 00000000 00:00 0 
7fa6bc021000-7fa6c0000000 ---p 00000000 00:00 0 
7fa6c0000000-7fa6c0021000 rw-p 00000000 00:00 0 
7fa6c0021000-7fa6c4000000 ---p 00000000 00:00 0 
7fa6c4000000-7fa6c4d70000 rw-p 00000000 00:00 0 
7fa6c4d70000-7fa6c8000000 ---p 00000000 00:00 0 
7fa6c8000000-7fa6c8021000 rw-p 00000000 00:00 0 
7fa6c8021000-7fa6cc000000 ---p 00000000 00:00 0 
7fa6cc000000-7fa6cd6ea000 rw-p 00000000 00:00 0 
7fa6cd6ea000-7fa6d0000000 ---p 00000000 00:00 0 
7fa6d0000000-7fa6d1b0a000 rw-p 00000000 00:00 0 
7fa6d1b0a000-7fa6d4000000 ---p 00000000 00:00 0 
7fa6d4000000-7fa6d4021000 rw-p 00000000 00:00 0 
7fa6d4021000-7fa6d8000000 ---p 00000000 00:00 0 
7fa6d8000000-7fa6d8021000 rw-p 00000000 00:00 0 
7fa6d8021000-7fa6dc000000 ---p 00000000 00:00 0 
7fa6dc000000-7fa6dc04a000 rw-p 00000000 00:00 0 
7fa6dc04a000-7fa6e0000000 ---p 00000000 00:00 0 
7fa6e0000000-7fa6e0021000 rw-p 00000000 00:00 0 
7fa6e0021000-7fa6e4000000 ---p 00000000 00:00 0 
7fa6e4000000-7fa6ec000000 rw-p 00000000 00:00 0 
7fa6ec000000-7fa6ec021000 rw-p 00000000 00:00 0 
7fa6ec021000-7fa6f0000000 ---p 00000000 00:00 0 
7fa6f0045000-7fa6f0046000 rw-p 00000000 00:00 0 
7fa6f0046000-7fa6f0049000 ---p 00000000 00:00 0 
7fa6f0049000-7fa6f0147000 rw-p 00000000 00:00 0                          [stack:11167]
7fa6f0147000-7fa6f015a000 r--s 00345000 08:03 1192818                    /usr/lib/jvm/java-8-oracle/jre/lib/resources.jar
7fa6f015a000-7fa6f01ef000 r--s 01109000 08:03 5004536                    /usr/lib/jvm/java-8-oracle/jre/lib/ext/jfxrt.jar
7fa6f01ef000-7fa6f0200000 r-xp 00000000 08:03 1192784                    /usr/lib/jvm/java-8-oracle/jre/lib/amd64/libnio.so
7fa6f0200000-7fa6f03ff000 ---p 00011000 08:03 1192784                    /usr/lib/jvm/java-8-oracle/jre/lib/amd64/libnio.so
7fa6f03ff000-7fa6f0400000 rw-p 00010000 08:03 1192784                    /usr/lib/jvm/java-8-oracle/jre/lib/amd64/libnio.so
7fa6f0400000-7fa6f0600000 rw-p 00000000 00:00 0 
7fa6f0600000-7fa6f0800000 rw-p 00000000 00:00 0 
7fa6f0800000-7fa6f0805000 r--s 002f9000 08:03 1192722                    /usr/lib/jvm/java-8-oracle/jre/lib/charsets.jar
7fa6f0805000-7fa6f0a05000 rw-p 00000000 00:00 0 
7fa6f0a05000-7fa6f0a08000 ---p 00000000 00:00 0 
7fa6f0a08000-7fa6f0b06000 rw-p 00000000 00:00 0                          [stack:11166]
7fa6f0b06000-7fa6f0b0f000 r-xp 00000000 08:03 1192768                    /usr/lib/jvm/java-8-oracle/jre/lib/amd64/libmanagement.so
7fa6f0b0f000-7fa6f0d0e000 ---p 00009000 08:03 1192768                    /usr/lib/jvm/java-8-oracle/jre/lib/amd64/libmanagement.so
7fa6f0d0e000-7fa6f0d0f000 rw-p 00008000 08:03 1192768                    /usr/lib/jvm/java-8-oracle/jre/lib/amd64/libmanagement.so
7fa6f0d0f000-7fa6f0f0f000 rw-p 00000000 00:00 0 
7fa6f0f0f000-7fa6f110f000 rw-p 00000000 00:00 0 
7fa6f110f000-7fa6f130f000 rw-p 00000000 00:00 0 
7fa6f130f000-7fa6f1313000 r--s 0009a000 08:03 1192726                    /usr/lib/jvm/java-8-oracle/jre/lib/jsse.jar
7fa6f1313000-7fa6f1316000 ---p 00000000 00:00 0 
7fa6f1316000-7fa6f1414000 rw-p 00000000 00:00 0                          [stack:11161]
7fa6f1414000-7fa6f142a000 r-xp 00000000 08:03 1192796                    /usr/lib/jvm/java-8-oracle/jre/lib/amd64/libnet.so
7fa6f142a000-7fa6f162a000 ---p 00016000 08:03 1192796                    /usr/lib/jvm/java-8-oracle/jre/lib/amd64/libnet.so
7fa6f162a000-7fa6f162b000 rw-p 00016000 08:03 1192796                    /usr/lib/jvm/java-8-oracle/jre/lib/amd64/libnet.so
7fa6f162b000-7fa6f162c000 r--s 0000c000 08:03 5916924                    /home/sharmila/.gradle/caches/modules-2/files-2.1/org.ow2.asm/asm/5.0.3/dcc2193db20e19e1feca8b1240dbbc4e190824fa/asm-5.0.3.jar
7fa6f162c000-7fa6f1636000 r--s 00069000 08:03 5923589                    /home/sharmila/.gradle/caches/modules-2/files-2.1/ch.qos.logback/logback-core/1.1.8/b4d1c3dea91727faf8b3d19cf4b9b972d6c0b89/logback-core-1.1.8.jar
7fa6f1636000-7fa6f1638000 r--s 00012000 08:03 5916922                    /home/sharmila/.gradle/caches/modules-2/files-2.1/net.minidev/accessors-smart/1.1/a527213f2fea112a04c9bdf0ec0264e34104cd08/accessors-smart-1.1.jar
7fa6f1638000-7fa6f163a000 r--s 00009000 08:03 5923902                    /home/sharmila/.gradle/caches/modules-2/files-2.1/org.apache.tomcat/tomcat-juli/8.5.6/83d2d1e3362ecca504f3bf8ed1bc4cc451754d24/tomcat-juli-8.5.6.jar
7fa6f163a000-7fa6f1643000 r--s 0002d000 08:03 5923903                    /home/sharmila/.gradle/caches/modules-2/files-2.1/xml-apis/xml-apis/1.4.01/3789d9fada2d3d458c4ba2de349d48780f381ee3/xml-apis-1.4.01.jar
7fa6f1643000-7fa6f1645000 r--s 00004000 08:03 5923588                    /home/sharmila/.gradle/caches/modules-2/files-2.1/org.slf4j/log4j-over-slf4j/1.7.22/a527c37e9ca6c3d19ba298edd4aa344ca751a203/log4j-over-slf4j-1.7.22.jar
7fa6f1645000-7fa6f1647000 r--s 00000000 08:03 5923587                    /home/sharmila/.gradle/caches/modules-2/files-2.1/org.slf4j/jul-to-slf4j/1.7.22/b0429e950b3d2bc2c39c1bacafac753edbe3781c/jul-to-slf4j-1.7.22.jar
7fa6f1647000-7fa6f164d000 r--s 00045000 08:03 5923585                    /home/sharmila/.gradle/caches/modules-2/files-2.1/ch.qos.logback/logback-classic/1.1.8/e54f49a227611976642f81cf2106b81c1ece8bf5/logback-classic-1.1.8.jar
7fa6f164d000-7fa6f164e000 r--s 0000f000 08:03 5916909                    /home/sharmila/.gradle/caches/modules-2/files-2.1/org.json/json/20140107/d1ffca6e2482b002702c6a576166fd685e3370e3/json-20140107.jar
7fa6f164e000-7fa6f1650000 r--s 00009000 08:03 5916921                    /home/sharmila/.gradle/caches/modules-2/files-2.1/org.objenesis/objenesis/2.1/87c0ea803b69252868d09308b4618f766f135a96/objenesis-2.1.jar
7fa6f1650000-7fa6f1653000 r--s 0001b000 08:03 5916920                    /home/sharmila/.gradle/caches/modules-2/files-2.1/net.minidev/json-smart/2.2.1/5b9e5df7a62d1279b70dc882b041d249c4f0b002/json-smart-2.2.1.jar
7fa6f1653000-7fa6f1655000 r--s 00003000 08:03 5923586                    /home/sharmila/.gradle/caches/modules-2/files-2.1/org.slf4j/jcl-over-slf4j/1.7.22/86ceac14535af5a42c8fb0d06d79b925dd3cb263/jcl-over-slf4j-1.7.22.jar
7fa6f1655000-7fa6f1657000 r--s 00009000 08:03 5923584                    /home/sharmila/.gradle/caches/modules-2/files-2.1/org.slf4j/slf4j-api/1.7.22/a1c83373863cec7ae8d89dc1c5722d8cb6ec0309/slf4j-api-1.7.22.jar
7fa6f1657000-7fa6f165f000 r--s 0003a000 08:03 5923901                    /home/sharmila/.gradle/caches/modules-2/files-2.1/org.springframework/spring-tx/4.3.5.RELEASE/296d8ae21fadc0f115dae7d1e8d5c4f8c7de2c3e/spring-tx-4.3.5.RELEASE.jar
7fa6f165f000-7fa6f1669000 r--s 0006b000 08:03 5923900                    /home/sharmila/.gradle/caches/modules-2/files-2.1/org.springframework/spring-orm/4.3.5.RELEASE/64c29d310b69bcc6e1fd5a738fa3629bdedb2d3f/spring-orm-4.3.5.RELEASE.jar
7fa6f1669000-7fa6f1679000 r--s 0009a000 08:03 5923899                    /home/sharmila/.gradle/caches/modules-2/files-2.1/org.springframework.data/spring-data-commons/1.12.6.RELEASE/b6403dcfce33e89613f364d80d653d7540279c47/spring-data-commons-1.12.6.RELEASE.jar
7fa6f1679000-7fa6f1683000 r--s 0005f000 08:03 5923898                    /home/sharmila/.gradle/caches/modules-2/files-2.1/org.springframework/spring-jdbc/4.3.5.RELEASE/7c09e38b6f6e0b178973dea06bb8fdc6d19aa596/spring-jdbc-4.3.5.RELEASE.jar
7fa6f1683000-7fa6f1686000 r--s 00020000 08:03 5923897                    /home/sharmila/.gradle/caches/modules-2/files-2.1/org.apache.tomcat/tomcat-jdbc/8.5.6/feb10a9e22f70565c7556f327b0481dba8587bbc/tomcat-jdbc-8.5.6.jar
7fa6f1686000-7fa6f169f000 r--s 001af000 08:03 5923896                    /home/sharmila/.gradle/caches/modules-2/files-2.1/org.aspectj/aspectjweaver/1.8.9/db28774f477f07220eac18d5ec9c4e01f48589d7/aspectjweaver-1.8.9.jar
7fa6f169f000-7fa6f16a2000 r--s 00010000 08:03 5923833                    /home/sharmila/.gradle/caches/modules-2/files-2.1/org.hibernate.common/hibernate-commons-annotations/5.0.1.Final/71e1cff3fcb20d3b3af4f3363c3ddb24d33c6879/hibernate-commons-annotations-5.0.1.Final.jar
7fa6f16a2000-7fa6f16a7000 r--s 00048000 08:03 5923832                    /home/sharmila/.gradle/caches/modules-2/files-2.1/dom4j/dom4j/1.6.1/5d3ccc056b6f056dbf0dddfdf43894b9065a8f94/dom4j-1.6.1.jar
7fa6f16a7000-7fa6f16aa000 r--s 0002b000 08:03 5923433                    /home/sharmila/.gradle/caches/modules-2/files-2.1/org.jboss/jandex/2.0.0.Final/3e899258936f94649c777193e1be846387ed54b3/jandex-2.0.0.Final.jar
7fa6f16aa000-7fa6f16ab000 r--s 00003000 08:03 5923830                    /home/sharmila/.gradle/caches/modules-2/files-2.1/org.apache.geronimo.specs/geronimo-jta_1.1_spec/1.1.1/aabab3165b8ea936b9360abbf448459c0d04a5a4/geronimo-jta_1.1_spec-1.1.1.jar
7fa6f16ab000-7fa6f16b0000 r--s 00068000 08:03 5923829                    /home/sharmila/.gradle/caches/modules-2/files-2.1/antlr/antlr/2.7.7/83cd2cd674a217ade95a4bb83a8a14f351f48bd0/antlr-2.7.7.jar
7fa6f16b0000-7fa6f16b5000 r--s 0003c000 08:03 5923583                    /home/sharmila/.gradle/caches/modules-2/files-2.1/org.springframework/spring-expression/4.3.5.RELEASE/3689dc6c5b942ecde4122eac889ed87977d6f287/spring-expression-4.3.5.RELEASE.jar
7fa6f16b5000-7fa6f16cf000 r--s 000fc000 08:03 5923582                    /home/sharmila/.gradle/caches/modules-2/files-2.1/org.springframework/spring-context/4.3.5.RELEASE/ca3391c0e17d0138335ba51b51371661d20d56a8/spring-context-4.3.5.RELEASE.jar
7fa6f16cf000-7fa6f16dc000 r--s 000ad000 08:03 5923581                    /home/sharmila/.gradle/caches/modules-2/files-2.1/org.springframework/spring-beans/4.3.5.RELEASE/e12bbc3277da28e2e2608a187f83091dc6c300bf/spring-beans-4.3.5.RELEASE.jar
7fa6f16dc000-7fa6f16e5000 r--s 00054000 08:03 5923580                    /home/sharmila/.gradle/caches/modules-2/files-2.1/org.springframework/spring-aop/4.3.5.RELEASE/4f113218af716bd8d174c411f19b26418b5a70f6/spring-aop-4.3.5.RELEASE.jar
7fa6f16e5000-7fa6f16e9000 r--s 00041000 08:03 5923579                    /home/sharmila/.gradle/caches/modules-2/files-2.1/com.fasterxml.jackson.core/jackson-core/2.8.5/60d059f5d2930ccd1ef03535b713fd9f933d1ba7/jackson-core-2.8.5.jar
7fa6f16e9000-7fa6f16ec000 r--s 0000b000 08:03 5923578                    /home/sharmila/.gradle/caches/modules-2/files-2.1/com.fasterxml.jackson.core/jackson-annotations/2.8.5/9d82ff47bc2c2d3b5b6a6618fe636782bbcd5b07/jackson-annotations-2.8.5.jar
7fa6f16ec000-7fa6f16ee000 r--s 0000e000 08:03 5917543                    /home/sharmila/.gradle/caches/modules-2/files-2.1/com.fasterxml/classmate/1.3.3/864c8e370a691e343210cc7c532fc198cee460d8/classmate-1.3.3.jar
7fa6f16ee000-7fa6f16f2000 r--s 0000c000 08:03 5916766                    /home/sharmila/.gradle/caches/modules-2/files-2.1/javax.validation/validation-api/1.1.0.Final/8613ae82954779d518631e05daa73a6a954817d5/validation-api-1.1.0.Final.jar
7fa6f16f2000-7fa6f16f7000 r--s 00036000 08:03 5917542                    /home/sharmila/.gradle/caches/modules-2/files-2.1/org.apache.tomcat.embed/tomcat-embed-websocket/8.5.6/6f6940a216b380ea8506530c374fcfeef820ba54/tomcat-embed-websocket-8.5.6.jar
7fa6f16f7000-7fa6f16f8000 r--s 00000000 08:03 5923577                    /home/sharmila/.gradle/caches/modules-2/files-2.1/org.springframework.boot/spring-boot-starter-logging/1.4.3.RELEASE/1c58783c0694abf695babfd39829922d2d501ec2/spring-boot-starter-logging-1.4.3.RELEASE.jar
7fa6f16f8000-7fa6f1716000 r--s 000d0000 08:03 5923576                    /home/sharmila/.gradle/caches/modules-2/files-2.1/org.springframework.boot/spring-boot-autoconfigure/1.4.3.RELEASE/41df1bfbdd4ae4e8499ebe1a4bc613bda316d6e1/spring-boot-autoconfigure-1.4.3.RELEASE.jar
7fa6f1716000-7fa6f1726000 r--s 00092000 08:03 5923575                    /home/sharmila/.gradle/caches/modules-2/files-2.1/org.springframework.boot/spring-boot/1.4.3.RELEASE/17f94def4460075afdfba6bf8f897cd1fc95bf77/spring-boot-1.4.3.RELEASE.jar
7fa6f1726000-7fa6f1735000 r--s 00084000 08:03 5923574                    /home/sharmila/.gradle/caches/modules-2/files-2.1/org.springframework/spring-test/4.3.5.RELEASE/a1965127e07b469d8e5bb3d2b0ff850423b66be4/spring-test-4.3.5.RELEASE.jar
7fa6f1735000-7fa6f174b000 r--s 000fa000 08:03 5923530                    /home/sharmila/.gradle/caches/modules-2/files-2.1/org.springframework/spring-core/4.3.5.RELEASE/80299e3f80e8c6d5c076db2ba6adf44a4b52f578/spring-core-4.3.5.RELEASE.jar
7fa6f174b000-7fa6f174c000 r--s 00006000 08:03 5916915                    /home/sharmila/.gradle/caches/modules-2/files-2.1/org.skyscreamer/jsonassert/1.3.0/d5c250eb122496866de36dc84f98e2945845ecdd/jsonassert-1.3.0.jar
7fa6f174c000-7fa6f174d000 r--s 0000c000 08:03 5916912                    /home/sharmila/.gradle/caches/modules-2/files-2.1/org.hamcrest/hamcrest-library/1.3/4785a3c21320980282f9f33d0d1264a69040538f/hamcrest-library-1.3.jar
7fa6f174d000-7fa6f174f000 r--s 00009000 08:03 5913472                    /home/sharmila/.gradle/caches/modules-2/files-2.1/org.hamcrest/hamcrest-core/1.3/42a25dc3219429f0e5d060061f71acb49bf010a0/hamcrest-core-1.3.jar
7fa6f174f000-7fa6f176b000 r--s 00103000 08:03 5916914                    /home/sharmila/.gradle/caches/modules-2/files-2.1/org.mockito/mockito-core/1.10.19/e8546f5bef4e061d8dd73895b4e8f40e3fe6effe/mockito-core-1.10.19.jar
7fa6f176b000-7fa6f177e000 r--s 000d2000 08:03 5916913                    /home/sharmila/.gradle/caches/modules-2/files-2.1/org.assertj/assertj-core/2.5.0/fcd21db4c5f33e5dcac69bf1816415fe0647582f/assertj-core-2.5.0.jar
7fa6f177e000-7fa6f1783000 r--s 0002e000 08:03 5916911                    /home/sharmila/.gradle/caches/modules-2/files-2.1/com.jayway.jsonpath/json-path/2.2.0/22290d17944bd239fabf5ac69005a60a7ecbbbcb/json-path-2.2.0.jar
7fa6f1783000-7fa6f1788000 r--s 00017000 08:03 5923573                    /home/sharmila/.gradle/caches/modules-2/files-2.1/org.springframework.boot/spring-boot-test-autoconfigure/1.4.3.RELEASE/1a7587605e981a58104a501ab1896e2eb7a76686/spring-boot-test-autoconfigure-1.4.3.RELEASE.jar
7fa6f1788000-7fa6f178d000 r--s 00021000 08:03 5923572                    /home/sharmila/.gradle/caches/modules-2/files-2.1/org.springframework.boot/spring-boot-test/1.4.3.RELEASE/2d76638f0f13b33859bf3b927c232ff0f8a4ffbf/spring-boot-test-1.4.3.RELEASE.jar
7fa6f178d000-7fa6f1793000 r--s 0003d000 08:03 5916762                    /home/sharmila/.gradle/caches/modules-2/files-2.1/org.yaml/snakeyaml/1.17/7a27ea250c5130b2922b86dea63cbb1cc10a660c/snakeyaml-1.17.jar
7fa6f1793000-7fa6f1795000 r--s 00006000 08:03 5923638                    /home/sharmila/.gradle/caches/modules-2/files-2.1/com.beust/jcommander/1.12/7409692b48022f9eca7445861defbcdb9ee3c2a8/jcommander-1.12.jar
7fa6f1795000-7fa6f179a000 r--s 00040000 08:03 5923637                    /home/sharmila/.gradle/caches/modules-2/files-2.1/org.beanshell/bsh/2.0b4/a05f0a0feefa8d8467ac80e16e7de071489f0d9c/bsh-2.0b4.jar
7fa6f179a000-7fa6f17a2000 r--s 00045000 08:03 5913471                    /home/sharmila/.gradle/caches/modules-2/files-2.1/junit/junit/4.12/2973d150c0dc1fefe998f834810d68f278ea58ec/junit-4.12.jar
7fa6f17a2000-7fa6f17a5000 r--s 0000c000 08:03 5923895                    /home/sharmila/.gradle/caches/modules-2/files-2.1/org.springframework/spring-aspects/4.3.5.RELEASE/8c00c15865a1da0a1ba143a50622a8436a56e097/spring-aspects-4.3.5.RELEASE.jar
7fa6f17a5000-7fa6f17ab000 r--s 0003f000 08:03 5923894                    /home/sharmila/.gradle/caches/modules-2/files-2.1/org.springframework.data/spring-data-jpa/1.10.6.RELEASE/5d478860b24a493845248c1c336c33a657567bd3/spring-data-jpa-1.10.6.RELEASE.jar
7fa6f17ab000-7fa6f17ad000 r--s 00006000 08:03 5923893                    /home/sharmila/.gradle/caches/modules-2/files-2.1/javax.transaction/javax.transaction-api/1.2/d81aff979d603edd90dcd8db2abc1f4ce6479e3e/javax.transaction-api-1.2.jar
7fa6f17ad000-7fa6f17ba000 r--s 00089000 08:03 5923892                    /home/sharmila/.gradle/caches/modules-2/files-2.1/org.hibernate/hibernate-entitymanager/5.0.11.Final/549565caed4e0bcb816843693e66ff7b04ce025f/hibernate-entitymanager-5.0.11.Final.jar
7fa6f17ba000-7fa6f17c4000 r--s 000ae000 08:03 5916958                    /home/sharmila/.gradle/caches/modules-2/files-2.1/org.javassist/javassist/3.20.0-GA/a9cbcdfb7e9f86fbc74d3afae65f2248bfbf82a0/javassist-3.20.0-GA.jar
7fa6f17c4000-7fa6f17c9000 r--s 00017000 08:03 5923828                    /home/sharmila/.gradle/caches/modules-2/files-2.1/org.hibernate.javax.persistence/hibernate-jpa-2.1-api/1.0.0.Final/5e731d961297e5a07290bfaf3db1fbc8bbbf405a/hibernate-jpa-2.1-api-1.0.0.Final.jar
7fa6f17c9000-7fa6f1832000 r--s 004f3000 08:03 5923432                    /home/sharmila/.gradle/caches/modules-2/files-2.1/org.hibernate/hibernate-core/5.0.11.Final/c2487fb72a2217a7cec9ab478d4c21a36fc09977/hibernate-core-5.0.11.Final.jar
7fa6f1832000-7fa6f1845000 r--s 00236000 08:03 5916949                    /home/sharmila/.gradle/caches/modules-2/files-2.1/org.eclipse.jdt.core.compiler/ecj/4.5.1/bee1367ac12fb6a20b422ff8711ebeb4f0a42316/ecj-4.5.1.jar
7fa6f1845000-7fa6f186e000 r--s 002b2000 08:03 5917540                    /home/sharmila/.gradle/caches/modules-2/files-2.1/org.apache.tomcat.embed/tomcat-embed-core/8.5.6/960834b5abc6b2135250487abf6c060a0fa5a22e/tomcat-embed-core-8.5.6.jar
7fa6f186e000-7fa6f187f000 r--s 000cf000 08:03 5923571                    /home/sharmila/.gradle/caches/modules-2/files-2.1/org.springframework/spring-webmvc/4.3.5.RELEASE/c624659217edab07d8279fb0f90462136f089220/spring-webmvc-4.3.5.RELEASE.jar
7fa6f187f000-7fa6f1891000 r--s 000b6000 08:03 5923570                    /home/sharmila/.gradle/caches/modules-2/files-2.1/org.springframework/spring-web/4.3.5.RELEASE/6641daccf2fddafc8358144f3a4f999130fdf144/spring-web-4.3.5.RELEASE.jar
7fa6f1891000-7fa6f18a2000 r--s 0011d000 08:03 5923569                    /home/sharmila/.gradle/caches/modules-2/files-2.1/com.fasterxml.jackson.core/jackson-databind/2.8.5/b3035f37e674c04dafe36a660c3815cc59f764e2/jackson-databind-2.8.5.jar
7fa6f18a2000-7fa6f18a3000 ---p 00000000 00:00 0 
7fa6f18a3000-7fa6f19a3000 rw-p 00000000 00:00 0                          [stack:11159]
7fa6f19a3000-7fa6f19a6000 ---p 00000000 00:00 0 
7fa6f19a6000-7fa6f1aa4000 rw-p 00000000 00:00 0                          [stack:11158]
7fa6f1aa4000-7fa6f1aa7000 ---p 00000000 00:00 0 
7fa6f1aa7000-7fa6f1ba5000 rw-p 00000000 00:00 0                          [stack:11157]
7fa6f1ba5000-7fa6f1ba8000 ---p 00000000 00:00 0 
7fa6f1ba8000-7fa6f1ca6000 rw-p 00000000 00:00 0                          [stack:11156]
7fa6f1ca6000-7fa6f1ca9000 ---p 00000000 00:00 0 
7fa6f1ca9000-7fa6f1da7000 rw-p 00000000 00:00 0                          [stack:11155]
7fa6f1da7000-7fa6f1daa000 ---p 00000000 00:00 0 
7fa6f1daa000-7fa6f1ea8000 rw-p 00000000 00:00 0                          [stack:11154]
7fa6f1ea8000-7fa6f258b000 r--p 00000000 08:03 3152909                    /usr/lib/locale/locale-archive
7fa6f258b000-7fa6f258e000 ---p 00000000 00:00 0 
7fa6f258e000-7fa6f268c000 rw-p 00000000 00:00 0                          [stack:11153]
7fa6f268c000-7fa6f268f000 ---p 00000000 00:00 0 
7fa6f268f000-7fa6f278d000 rw-p 00000000 00:00 0                          [stack:11152]
7fa6f278d000-7fa6f278e000 ---p 00000000 00:00 0 
7fa6f278e000-7fa6f4000000 rw-p 00000000 00:00 0                          [stack:11151]
7fa6f4000000-7fa6f4021000 rw-p 00000000 00:00 0 
7fa6f4021000-7fa6f8000000 ---p 00000000 00:00 0 
7fa6f8000000-7fa6f8021000 rw-p 00000000 00:00 0 
7fa6f8021000-7fa6fc000000 ---p 00000000 00:00 0 
7fa6fc000000-7fa6fc021000 rw-p 00000000 00:00 0 
7fa6fc021000-7fa700000000 ---p 00000000 00:00 0 
7fa700000000-7fa700001000 r--s 00000000 08:03 5923891                    /home/sharmila/.gradle/caches/modules-2/files-2.1/org.springframework.boot/spring-boot-starter-jdbc/1.4.3.RELEASE/7ce66cf27ea731189248be7af2ab84ba189e1151/spring-boot-starter-jdbc-1.4.3.RELEASE.jar
7fa700001000-7fa700002000 r--s 00000000 08:03 5923890                    /home/sharmila/.gradle/caches/modules-2/files-2.1/org.springframework.boot/spring-boot-starter-aop/1.4.3.RELEASE/30b11b6455bed446d3b4a1a49fab529b2cfac454/spring-boot-starter-aop-1.4.3.RELEASE.jar
7fa700002000-7fa700004000 r--s 0000f000 08:03 5916917                    /home/sharmila/.gradle/caches/modules-2/files-2.1/org.jboss.logging/jboss-logging/3.3.0.Final/3616bb87707910296e2c195dc016287080bba5af/jboss-logging-3.3.0.Final.jar
7fa700004000-7fa700009000 r--s 00036000 08:03 5917541                    /home/sharmila/.gradle/caches/modules-2/files-2.1/org.apache.tomcat.embed/tomcat-embed-el/8.5.6/a102298d8dc72f4065533d5962953d753b172602/tomcat-embed-el-8.5.6.jar
7fa700009000-7fa700019000 r--s 0009c000 08:03 5916756                    /home/sharmila/.gradle/caches/modules-2/files-2.1/org.hibernate/hibernate-validator/5.2.4.Final/fb18766b576aa6632bcfe9a20a023cbd52bf9769/hibernate-validator-5.2.4.Final.jar
7fa700019000-7fa70005b000 rw-p 00000000 00:00 0 
7fa70005b000-7fa700234000 r--s 03d3e000 08:03 1192730                    /usr/lib/jvm/java-8-oracle/jre/lib/rt.jar
7fa700234000-7fa700c00000 rw-p 00000000 00:00 0 
7fa700c00000-7fa701000000 ---p 00000000 00:00 0 
7fa701000000-7fa701ce0000 rwxp 00000000 00:00 0 
7fa701ce0000-7fa710000000 ---p 00000000 00:00 0 
7fa710000000-7fa711653000 rw-p 00000000 00:00 0 
7fa711653000-7fa714000000 ---p 00000000 00:00 0 
7fa714000000-7fa714001000 r--s 00000000 08:03 5923568                    /home/sharmila/.gradle/caches/modules-2/files-2.1/org.springframework.boot/spring-boot-starter-tomcat/1.4.3.RELEASE/61c48035a7a3b06b42fdd07b7109e562077b3792/spring-boot-starter-tomcat-1.4.3.RELEASE.jar
7fa714001000-7fa71400d000 r--s 000a4000 08:03 5923636                    /home/sharmila/.gradle/caches/modules-2/files-2.1/org.testng/testng/6.5.2/5069d2e72356ed87645c5fc3622b0bbb5e0667c9/testng-6.5.2.jar
7fa71400d000-7fa71405c000 rw-p 00000000 00:00 0 
7fa71405c000-7fa71405d000 ---p 00000000 00:00 0 
7fa71405d000-7fa71415d000 rw-p 00000000 00:00 0                          [stack:11150]
7fa71415d000-7fa71415e000 ---p 00000000 00:00 0 
7fa71415e000-7fa71425e000 rw-p 00000000 00:00 0                          [stack:11149]
7fa71425e000-7fa71425f000 ---p 00000000 00:00 0 
7fa71425f000-7fa71435f000 rw-p 00000000 00:00 0                          [stack:11148]
7fa71435f000-7fa714360000 ---p 00000000 00:00 0 
7fa714360000-7fa7145b6000 rw-p 00000000 00:00 0                          [stack:11147]
7fa7145b6000-7fa7149b5000 ---p 00000000 00:00 0 
7fa7149b5000-7fa714aa1000 rw-p 00000000 00:00 0 
7fa714aa1000-7fa714c60000 ---p 00000000 00:00 0 
7fa714c60000-7fa714c95000 rw-p 00000000 00:00 0 
7fa714c95000-7fa715021000 ---p 00000000 00:00 0 
7fa715021000-7fa71503b000 r-xp 00000000 08:03 1192782                    /usr/lib/jvm/java-8-oracle/jre/lib/amd64/libzip.so
7fa71503b000-7fa71523b000 ---p 0001a000 08:03 1192782                    /usr/lib/jvm/java-8-oracle/jre/lib/amd64/libzip.so
7fa71523b000-7fa71523c000 rw-p 0001a000 08:03 1192782                    /usr/lib/jvm/java-8-oracle/jre/lib/amd64/libzip.so
7fa71523c000-7fa715246000 r-xp 00000000 08:03 4070135                    /lib/x86_64-linux-gnu/libnss_files-2.19.so
7fa715246000-7fa715445000 ---p 0000a000 08:03 4070135                    /lib/x86_64-linux-gnu/libnss_files-2.19.so
7fa715445000-7fa715446000 r--p 00009000 08:03 4070135                    /lib/x86_64-linux-gnu/libnss_files-2.19.so
7fa715446000-7fa715447000 rw-p 0000a000 08:03 4070135                    /lib/x86_64-linux-gnu/libnss_files-2.19.so
7fa715447000-7fa715452000 r-xp 00000000 08:03 4070127                    /lib/x86_64-linux-gnu/libnss_nis-2.19.so
7fa715452000-7fa715651000 ---p 0000b000 08:03 4070127                    /lib/x86_64-linux-gnu/libnss_nis-2.19.so
7fa715651000-7fa715652000 r--p 0000a000 08:03 4070127                    /lib/x86_64-linux-gnu/libnss_nis-2.19.so
7fa715652000-7fa715653000 rw-p 0000b000 08:03 4070127                    /lib/x86_64-linux-gnu/libnss_nis-2.19.so
7fa715653000-7fa71566a000 r-xp 00000000 08:03 4070123                    /lib/x86_64-linux-gnu/libnsl-2.19.so
7fa71566a000-7fa715869000 ---p 00017000 08:03 4070123                    /lib/x86_64-linux-gnu/libnsl-2.19.so
7fa715869000-7fa71586a000 r--p 00016000 08:03 4070123                    /lib/x86_64-linux-gnu/libnsl-2.19.so
7fa71586a000-7fa71586b000 rw-p 00017000 08:03 4070123                    /lib/x86_64-linux-gnu/libnsl-2.19.so
7fa71586b000-7fa71586d000 rw-p 00000000 00:00 0 
7fa71586d000-7fa715876000 r-xp 00000000 08:03 4070122                    /lib/x86_64-linux-gnu/libnss_compat-2.19.so
7fa715876000-7fa715a75000 ---p 00009000 08:03 4070122                    /lib/x86_64-linux-gnu/libnss_compat-2.19.so
7fa715a75000-7fa715a76000 r--p 00008000 08:03 4070122                    /lib/x86_64-linux-gnu/libnss_compat-2.19.so
7fa715a76000-7fa715a77000 rw-p 00009000 08:03 4070122                    /lib/x86_64-linux-gnu/libnss_compat-2.19.so
7fa715a77000-7fa715aa2000 r-xp 00000000 08:03 1192746                    /usr/lib/jvm/java-8-oracle/jre/lib/amd64/libjava.so
7fa715aa2000-7fa715ca1000 ---p 0002b000 08:03 1192746                    /usr/lib/jvm/java-8-oracle/jre/lib/amd64/libjava.so
7fa715ca1000-7fa715ca3000 rw-p 0002a000 08:03 1192746                    /usr/lib/jvm/java-8-oracle/jre/lib/amd64/libjava.so
7fa715ca3000-7fa715cb0000 r-xp 00000000 08:03 1192763                    /usr/lib/jvm/java-8-oracle/jre/lib/amd64/libverify.so
7fa715cb0000-7fa715eaf000 ---p 0000d000 08:03 1192763                    /usr/lib/jvm/java-8-oracle/jre/lib/amd64/libverify.so
7fa715eaf000-7fa715eb1000 rw-p 0000c000 08:03 1192763                    /usr/lib/jvm/java-8-oracle/jre/lib/amd64/libverify.so
7fa715eb1000-7fa715eb8000 r-xp 00000000 08:03 4070131                    /lib/x86_64-linux-gnu/librt-2.19.so
7fa715eb8000-7fa7160b7000 ---p 00007000 08:03 4070131                    /lib/x86_64-linux-gnu/librt-2.19.so
7fa7160b7000-7fa7160b8000 r--p 00006000 08:03 4070131                    /lib/x86_64-linux-gnu/librt-2.19.so
7fa7160b8000-7fa7160b9000 rw-p 00007000 08:03 4070131                    /lib/x86_64-linux-gnu/librt-2.19.so
7fa7160b9000-7fa7161be000 r-xp 00000000 08:03 4070117                    /lib/x86_64-linux-gnu/libm-2.19.so
7fa7161be000-7fa7163bd000 ---p 00105000 08:03 4070117                    /lib/x86_64-linux-gnu/libm-2.19.so
7fa7163bd000-7fa7163be000 r--p 00104000 08:03 4070117                    /lib/x86_64-linux-gnu/libm-2.19.so
7fa7163be000-7fa7163bf000 rw-p 00105000 08:03 4070117                    /lib/x86_64-linux-gnu/libm-2.19.so
7fa7163bf000-7fa71708d000 r-xp 00000000 08:03 1192803                    /usr/lib/jvm/java-8-oracle/jre/lib/amd64/server/libjvm.so
7fa71708d000-7fa71728d000 ---p 00cce000 08:03 1192803                    /usr/lib/jvm/java-8-oracle/jre/lib/amd64/server/libjvm.so
7fa71728d000-7fa717366000 rw-p 00cce000 08:03 1192803                    /usr/lib/jvm/java-8-oracle/jre/lib/amd64/server/libjvm.so
7fa717366000-7fa7173b1000 rw-p 00000000 00:00 0 
7fa7173b1000-7fa71756b000 r-xp 00000000 08:03 4070132                    /lib/x86_64-linux-gnu/libc-2.19.so
7fa71756b000-7fa71776b000 ---p 001ba000 08:03 4070132                    /lib/x86_64-linux-gnu/libc-2.19.so
7fa71776b000-7fa71776f000 r--p 001ba000 08:03 4070132                    /lib/x86_64-linux-gnu/libc-2.19.so
7fa71776f000-7fa717771000 rw-p 001be000 08:03 4070132                    /lib/x86_64-linux-gnu/libc-2.19.so
7fa717771000-7fa717776000 rw-p 00000000 00:00 0 
7fa717776000-7fa717779000 r-xp 00000000 08:03 4070119                    /lib/x86_64-linux-gnu/libdl-2.19.so
7fa717779000-7fa717978000 ---p 00003000 08:03 4070119                    /lib/x86_64-linux-gnu/libdl-2.19.so
7fa717978000-7fa717979000 r--p 00002000 08:03 4070119                    /lib/x86_64-linux-gnu/libdl-2.19.so
7fa717979000-7fa71797a000 rw-p 00003000 08:03 4070119                    /lib/x86_64-linux-gnu/libdl-2.19.so
7fa71797a000-7fa71798f000 r-xp 00000000 08:03 1610979                    /usr/lib/jvm/java-8-oracle/lib/amd64/jli/libjli.so
7fa71798f000-7fa717b8f000 ---p 00015000 08:03 1610979                    /usr/lib/jvm/java-8-oracle/lib/amd64/jli/libjli.so
7fa717b8f000-7fa717b90000 rw-p 00015000 08:03 1610979                    /usr/lib/jvm/java-8-oracle/lib/amd64/jli/libjli.so
7fa717b90000-7fa717ba9000 r-xp 00000000 08:03 4070124                    /lib/x86_64-linux-gnu/libpthread-2.19.so
7fa717ba9000-7fa717da8000 ---p 00019000 08:03 4070124                    /lib/x86_64-linux-gnu/libpthread-2.19.so
7fa717da8000-7fa717da9000 r--p 00018000 08:03 4070124                    /lib/x86_64-linux-gnu/libpthread-2.19.so
7fa717da9000-7fa717daa000 rw-p 00019000 08:03 4070124                    /lib/x86_64-linux-gnu/libpthread-2.19.so
7fa717daa000-7fa717dae000 rw-p 00000000 00:00 0 
7fa717dae000-7fa717dd1000 r-xp 00000000 08:03 4070125                    /lib/x86_64-linux-gnu/ld-2.19.so
7fa717dd1000-7fa717dd2000 r--s 00000000 08:03 5923567                    /home/sharmila/.gradle/caches/modules-2/files-2.1/org.springframework.boot/spring-boot-starter/1.4.3.RELEASE/c99bad104719e947b3f9aa2b7569583805e4c5d5/spring-boot-starter-1.4.3.RELEASE.jar
7fa717dd2000-7fa717dd3000 r--s 00000000 08:03 5923566                    /home/sharmila/.gradle/caches/modules-2/files-2.1/org.springframework.boot/spring-boot-starter-test/1.4.3.RELEASE/6e9f1dbd3f68299c0183630ef07ca430de160050/spring-boot-starter-test-1.4.3.RELEASE.jar
7fa717dd3000-7fa717dd4000 r--s 00000000 08:03 5923889                    /home/sharmila/.gradle/caches/modules-2/files-2.1/org.springframework.boot/spring-boot-starter-data-jpa/1.4.3.RELEASE/ffda06c2144d10239014407333c223a237b73ad7/spring-boot-starter-data-jpa-1.4.3.RELEASE.jar
7fa717dd4000-7fa717ea7000 rw-p 00000000 00:00 0 
7fa717ea7000-7fa717eaa000 ---p 00000000 00:00 0 
7fa717eaa000-7fa717fac000 rw-p 00000000 00:00 0                          [stack:11146]
7fa717fac000-7fa717fad000 r--s 00003000 08:03 5923431                    /home/sharmila/.gradle/caches/modules-2/files-2.1/org.hibernate/hibernate-gradle-plugin/5.2.3.Final/db2ad8695e48a03a566b74fb5fc07c1732c1f5e5/hibernate-gradle-plugin-5.2.3.Final.jar
7fa717fad000-7fa717fb2000 r--s 00309000 08:03 5923826                    /home/sharmila/.gradle/caches/modules-2/files-2.1/org.xerial/sqlite-jdbc/3.7.2/7a3d67f00508d3881650579f7f228c61bfc1b196/sqlite-jdbc-3.7.2.jar
7fa717fb2000-7fa717fbb000 r--s 00095000 08:03 5913393                    /home/sharmila/.gradle/caches/modules-2/files-2.1/org.apache.tomcat.embed/tomcat-embed-jasper/9.0.0.M11/e2cd5a7038094195c3163532e01daf051d9265fe/tomcat-embed-jasper-9.0.0.M11.jar
7fa717fbb000-7fa717fbc000 r--s 00000000 08:03 5923565                    /home/sharmila/.gradle/caches/modules-2/files-2.1/org.springframework.boot/spring-boot-starter-web/1.4.3.RELEASE/a0dcc919eda8e8ecb6f13f52a30e6afbb8266103/spring-boot-starter-web-1.4.3.RELEASE.jar
7fa717fbc000-7fa717fc4000 r--s 00046000 08:03 3828792                    /home/sharmila/Downloads/IDE/sts 3.6.4/sts-bundle/sts-3.6.4.RELEASE/plugins/org.testng.eclipse_6.10.0.201612030230/lib/testng-remote.jar
7fa717fc4000-7fa717fcc000 rw-s 00000000 08:03 5924096                    /tmp/hsperfdata_sharmila/11141
7fa717fcc000-7fa717fcd000 rw-p 00000000 00:00 0 
7fa717fcd000-7fa717fce000 r--p 00000000 00:00 0 
7fa717fce000-7fa717fd0000 rw-p 00000000 00:00 0 
7fa717fd0000-7fa717fd1000 r--p 00022000 08:03 4070125                    /lib/x86_64-linux-gnu/ld-2.19.so
7fa717fd1000-7fa717fd2000 rw-p 00023000 08:03 4070125                    /lib/x86_64-linux-gnu/ld-2.19.so
7fa717fd2000-7fa717fd3000 rw-p 00000000 00:00 0 
7ffc577a2000-7ffc577c6000 rw-p 00000000 00:00 0                          [stack]
7ffc577d3000-7ffc577d5000 r-xp 00000000 00:00 0                          [vdso]
ffffffffff600000-ffffffffff601000 r-xp 00000000 00:00 0                  [vsyscall]

VM Arguments:
jvm_args: -ea -Xms1024m -Xmx4096m -Dfile.encoding=UTF-8 
java_command: org.testng.remote.RemoteTestNG -serport 41846 -protocol json -d /home/sharmila/Documents/work-office/TestNG_Project/test-output /tmp/testng-eclipse-1460283072/testng-customsuite.xml
java_class_path (initial): /home/sharmila/Downloads/IDE/sts 3.6.4/sts-bundle/sts-3.6.4.RELEASE/plugins/org.testng.eclipse_6.10.0.201612030230/lib/testng-remote.jar:/home/sharmila/Documents/work-office/TestNG_Project/bin:/home/sharmila/.gradle/caches/modules-2/files-2.1/org.springframework.boot/spring-boot-starter-web/1.4.3.RELEASE/a0dcc919eda8e8ecb6f13f52a30e6afbb8266103/spring-boot-starter-web-1.4.3.RELEASE.jar:/home/sharmila/.gradle/caches/modules-2/files-2.1/org.apache.tomcat.embed/tomcat-embed-jasper/9.0.0.M11/e2cd5a7038094195c3163532e01daf051d9265fe/tomcat-embed-jasper-9.0.0.M11.jar:/home/sharmila/.gradle/caches/modules-2/files-2.1/org.xerial/sqlite-jdbc/3.7.2/7a3d67f00508d3881650579f7f228c61bfc1b196/sqlite-jdbc-3.7.2.jar:/home/sharmila/.gradle/caches/modules-2/files-2.1/org.hibernate/hibernate-gradle-plugin/5.2.3.Final/db2ad8695e48a03a566b74fb5fc07c1732c1f5e5/hibernate-gradle-plugin-5.2.3.Final.jar:/home/sharmila/.gradle/caches/modules-2/files-2.1/org.springframework.boot/spring-boot-starter-data-jpa/1.4.3.RELEASE/ffda06c2144d10239014407333c223a237b73ad7/spring-boot-starter-data-jpa-1.4.3.RELEASE.jar:/home/sharmila/.gradle/caches/modules-2/files-2.1/org.testng/testng/6.5.2/5069d2e72356ed87645c5fc3622b0bbb5e0667c9/testng-6.5.2.jar:/home/sharmila/.gradle/caches/modules-2/files-2.1/org.springframework.boot/spring-boot-starter-test/1.4.3.RELEASE/6e9f1dbd3f68299c0183630ef07ca430de160050/spring-boot-starter-test-1.4.3.RELEASE.jar:/home/sharmila/.gradle/caches/modules-2/files-2.1/org.springframework.boot/spring-boot-starter/1.4.3.RELEASE/c99bad104719e947b3f9aa2b7569583805e4c5d5/spring-boot-starter-1.4.3.RELEASE.jar:/home/sharmila/.gradle/caches/modules-2/files-2.1/org.springframework.boot/spring-boot-starter-tomcat/1.4.3.RELEASE/61c48035a7a3b06b42fdd07b7109e562077b3792/spring-boot-starter-tomcat-1.4.3.RELEASE.jar:/home/sharmila/.gradle/caches/modules-2/files-2.1/org.hibernate/hibernate-validator/5.2.4.Final/fb18766b576aa6632bcfe9a20a023cbd52bf9769/hibernate-validat
Launcher Type: SUN_STANDARD

Environment Variables:
JAVA_HOME=/usr/lib/jvm/java-8-oracle
PATH=/usr/local/sbin:/usr/local/bin:/usr/sbin:/usr/bin:/sbin:/bin:/usr/games:/usr/local/games:/usr/lib/jvm/java-8-oracle/bin:/usr/lib/jvm/java-8-oracle/db/bin:/usr/lib/jvm/java-8-oracle/jre/bin
SHELL=/bin/bash
DISPLAY=:0.0

Signal Handlers:
SIGSEGV: [libjvm.so+0xac78c0], sa_mask[0]=11111111011111111101111111111110, sa_flags=SA_RESTART|SA_SIGINFO
SIGBUS: [libjvm.so+0xac78c0], sa_mask[0]=11111111011111111101111111111110, sa_flags=SA_RESTART|SA_SIGINFO
SIGFPE: [libjvm.so+0x920ac0], sa_mask[0]=11111111011111111101111111111110, sa_flags=SA_RESTART|SA_SIGINFO
SIGPIPE: [libjvm.so+0x920ac0], sa_mask[0]=11111111011111111101111111111110, sa_flags=SA_RESTART|SA_SIGINFO
SIGXFSZ: [libjvm.so+0x920ac0], sa_mask[0]=11111111011111111101111111111110, sa_flags=SA_RESTART|SA_SIGINFO
SIGILL: [libjvm.so+0x920ac0], sa_mask[0]=11111111011111111101111111111110, sa_flags=SA_RESTART|SA_SIGINFO
SIGUSR1: SIG_DFL, sa_mask[0]=00000000000000000000000000000000, sa_flags=none
SIGUSR2: [libjvm.so+0x922300], sa_mask[0]=00100000000000000000000000000000, sa_flags=SA_RESTART|SA_SIGINFO
SIGHUP: [libjvm.so+0x923700], sa_mask[0]=11111111011111111101111111111110, sa_flags=SA_RESTART|SA_SIGINFO
SIGINT: [libjvm.so+0x923700], sa_mask[0]=11111111011111111101111111111110, sa_flags=SA_RESTART|SA_SIGINFO
SIGTERM: [libjvm.so+0x923700], sa_mask[0]=11111111011111111101111111111110, sa_flags=SA_RESTART|SA_SIGINFO
SIGQUIT: [libjvm.so+0x923700], sa_mask[0]=11111111011111111101111111111110, sa_flags=SA_RESTART|SA_SIGINFO


---------------  S Y S T E M  ---------------

OS:DISTRIB_ID=Ubuntu
DISTRIB_RELEASE=14.04
DISTRIB_CODENAME=trusty
DISTRIB_DESCRIPTION="Ubuntu 14.04.5 LTS"

uname:Linux 3.13.0-107-generic #154-Ubuntu SMP Tue Dec 20 09:57:27 UTC 2016 x86_64
libc:glibc 2.19 NPTL 2.19 
rlimit: STACK 8192k, CORE 0k, NPROC 30712, NOFILE 4096, AS infinity
load average:1.18 0.41 0.30

/proc/meminfo:
MemTotal:        3953548 kB
MemFree:          130084 kB
Buffers:           17244 kB
Cached:           818048 kB
SwapCached:        95572 kB
Active:          2390604 kB
Inactive:        1158564 kB
Active(anon):    2146444 kB
Inactive(anon):   943732 kB
Active(file):     244160 kB
Inactive(file):   214832 kB
Unevictable:         224 kB
Mlocked:             224 kB
SwapTotal:       7999484 kB
SwapFree:        7179208 kB
Dirty:              4900 kB
Writeback:             0 kB
AnonPages:       2647236 kB
Mapped:           306544 kB
Shmem:            376076 kB
Slab:             144924 kB
SReclaimable:     103500 kB
SUnreclaim:        41424 kB
KernelStack:        6104 kB
PageTables:        54072 kB
NFS_Unstable:          0 kB
Bounce:                0 kB
WritebackTmp:          0 kB
CommitLimit:     9976256 kB
Committed_AS:   10081496 kB
VmallocTotal:   34359738367 kB
VmallocUsed:      401000 kB
VmallocChunk:   34359326172 kB
HardwareCorrupted:     0 kB
AnonHugePages:    958464 kB
HugePages_Total:       0
HugePages_Free:        0
HugePages_Rsvd:        0
HugePages_Surp:        0
Hugepagesize:       2048 kB
DirectMap4k:      104620 kB
DirectMap2M:     3995648 kB
DirectMap1G:           0 kB


CPU:total 4 (2 cores per cpu, 2 threads per core) family 6 model 69 stepping 1, cmov, cx8, fxsr, mmx, sse, sse2, sse3, ssse3, sse4.1, sse4.2, popcnt, avx, avx2, aes, clmul, erms, lzcnt, ht, tsc, tscinvbit, bmi1, bmi2

/proc/cpuinfo:
processor	: 0
vendor_id	: GenuineIntel
cpu family	: 6
model		: 69
model name	: Intel(R) Core(TM) i5-4200U CPU @ 1.60GHz
stepping	: 1
microcode	: 0x17
cpu MHz		: 1600.000
cache size	: 3072 KB
physical id	: 0
siblings	: 4
core id		: 0
cpu cores	: 2
apicid		: 0
initial apicid	: 0
fpu		: yes
fpu_exception	: yes
cpuid level	: 13
wp		: yes
flags		: fpu vme de pse tsc msr pae mce cx8 apic sep mtrr pge mca cmov pat pse36 clflush dts acpi mmx fxsr sse sse2 ss ht tm pbe syscall nx pdpe1gb rdtscp lm constant_tsc arch_perfmon pebs bts rep_good nopl xtopology nonstop_tsc aperfmperf eagerfpu pni pclmulqdq dtes64 monitor ds_cpl vmx est tm2 ssse3 fma cx16 xtpr pdcm pcid sse4_1 sse4_2 movbe popcnt tsc_deadline_timer aes xsave avx f16c rdrand lahf_lm abm ida arat epb xsaveopt pln pts dtherm tpr_shadow vnmi flexpriority ept vpid fsgsbase tsc_adjust bmi1 avx2 smep bmi2 erms invpcid
bogomips	: 4589.41
clflush size	: 64
cache_alignment	: 64
address sizes	: 39 bits physical, 48 bits virtual
power management:

processor	: 1
vendor_id	: GenuineIntel
cpu family	: 6
model		: 69
model name	: Intel(R) Core(TM) i5-4200U CPU @ 1.60GHz
stepping	: 1
microcode	: 0x17
cpu MHz		: 1600.000
cache size	: 3072 KB
physical id	: 0
siblings	: 4
core id		: 0
cpu cores	: 2
apicid		: 1
initial apicid	: 1
fpu		: yes
fpu_exception	: yes
cpuid level	: 13
wp		: yes
flags		: fpu vme de pse tsc msr pae mce cx8 apic sep mtrr pge mca cmov pat pse36 clflush dts acpi mmx fxsr sse sse2 ss ht tm pbe syscall nx pdpe1gb rdtscp lm constant_tsc arch_perfmon pebs bts rep_good nopl xtopology nonstop_tsc aperfmperf eagerfpu pni pclmulqdq dtes64 monitor ds_cpl vmx est tm2 ssse3 fma cx16 xtpr pdcm pcid sse4_1 sse4_2 movbe popcnt tsc_deadline_timer aes xsave avx f16c rdrand lahf_lm abm ida arat epb xsaveopt pln pts dtherm tpr_shadow vnmi flexpriority ept vpid fsgsbase tsc_adjust bmi1 avx2 smep bmi2 erms invpcid
bogomips	: 4589.41
clflush size	: 64
cache_alignment	: 64
address sizes	: 39 bits physical, 48 bits virtual
power management:

processor	: 2
vendor_id	: GenuineIntel
cpu family	: 6
model		: 69
model name	: Intel(R) Core(TM) i5-4200U CPU @ 1.60GHz
stepping	: 1
microcode	: 0x17
cpu MHz		: 759.000
cache size	: 3072 KB
physical id	: 0
siblings	: 4
core id		: 1
cpu cores	: 2
apicid		: 2
initial apicid	: 2
fpu		: yes
fpu_exception	: yes
cpuid level	: 13
wp		: yes
flags		: fpu vme de pse tsc msr pae mce cx8 apic sep mtrr pge mca cmov pat pse36 clflush dts acpi mmx fxsr sse sse2 ss ht tm pbe syscall nx pdpe1gb rdtscp lm constant_tsc arch_perfmon pebs bts rep_good nopl xtopology nonstop_tsc aperfmperf eagerfpu pni pclmulqdq dtes64 monitor ds_cpl vmx est tm2 ssse3 fma cx16 xtpr pdcm pcid sse4_1 sse4_2 movbe popcnt tsc_deadline_timer aes xsave avx f16c rdrand lahf_lm abm ida arat epb xsaveopt pln pts dtherm tpr_shadow vnmi flexpriority ept vpid fsgsbase tsc_adjust bmi1 avx2 smep bmi2 erms invpcid
bogomips	: 4589.41
clflush size	: 64
cache_alignment	: 64
address sizes	: 39 bits physical, 48 bits virtual
power management:

processor	: 3
vendor_id	: GenuineIntel
cpu family	: 6
model		: 69
model name	: Intel(R) Core(TM) i5-4200U CPU @ 1.60GHz
stepping	: 1
microcode	: 0x17
cpu MHz		: 1600.000
cache size	: 3072 KB
physical id	: 0
siblings	: 4
core id		: 1
cpu cores	: 2
apicid		: 3
initial apicid	: 3
fpu		: yes
fpu_exception	: yes
cpuid level	: 13
wp		: yes
flags		: fpu vme de pse tsc msr pae mce cx8 apic sep mtrr pge mca cmov pat pse36 clflush dts acpi mmx fxsr sse sse2 ss ht tm pbe syscall nx pdpe1gb rdtscp lm constant_tsc arch_perfmon pebs bts rep_good nopl xtopology nonstop_tsc aperfmperf eagerfpu pni pclmulqdq dtes64 monitor ds_cpl vmx est tm2 ssse3 fma cx16 xtpr pdcm pcid sse4_1 sse4_2 movbe popcnt tsc_deadline_timer aes xsave avx f16c rdrand lahf_lm abm ida arat epb xsaveopt pln pts dtherm tpr_shadow vnmi flexpriority ept vpid fsgsbase tsc_adjust bmi1 avx2 smep bmi2 erms invpcid
bogomips	: 4589.41
clflush size	: 64
cache_alignment	: 64
address sizes	: 39 bits physical, 48 bits virtual
power management:



Memory: 4k page, physical 3953548k(130084k free), swap 7999484k(7179208k free)

vm_info: Java HotSpot(TM) 64-Bit Server VM (25.121-b13) for linux-amd64 JRE (1.8.0_121-b13), built on Dec 12 2016 16:36:53 by "java_re" with gcc 4.3.0 20080428 (Red Hat 4.3.0-8)

time: Tue Jan 24 18:28:25 2017
elapsed time: 13 seconds (0d 0h 0m 13s)

