#
# A fatal error has been detected by the Java Runtime Environment:
#
#  SIGSEGV (0xb) at pc=0x00007f4bde202118, pid=3480, tid=0x00007f4bdf708700
#
# JRE version: Java(TM) SE Runtime Environment (8.0_121-b13) (build 1.8.0_121-b13)
# Java VM: Java HotSpot(TM) 64-Bit Server VM (25.121-b13 mixed mode linux-amd64 compressed oops)
# Problematic frame:
# V  [libjvm.so+0x6e2118]  jni_GetStringUTFChars+0xb8
#
# Failed to write core dump. Core dumps have been disabled. To enable core dumping, try "ulimit -c unlimited" before starting Java again
#
# If you would like to submit a bug report, please visit:
#   http://bugreport.java.com/bugreport/crash.jsp
#

---------------  T H R E A D  ---------------

Current thread (0x00007f4bd8010000):  JavaThread "main" [_thread_in_vm, id=3486, stack(0x00007f4bdf608000,0x00007f4bdf709000)]

siginfo: si_signo: 11 (SIGSEGV), si_code: 1 (SEGV_MAPERR), si_addr: 0x0000000000000000

Registers:
RAX=0x00007f4bdead7550, RBX=0x0000000000000000, RCX=0x00000000f73dee18, RDX=0x00007f4bdeae59e0
RSP=0x00007f4bdf702a60, RBP=0x00007f4bdf702b00, RSI=0x00007f4bd8010000, RDI=0x00007f4bdf702aa0
R8 =0x00007f4bc9012c80, R9 =0x00000000f73dee18, R10=0x00000000000002a0, R11=0x00007f4bdeae59e8
R12=0x00007f4bd8010000, R13=0x0000000000000000, R14=0x00007f4bdf702bd8, R15=0x00007f4bdf702aa0
RIP=0x00007f4bde202118, EFLAGS=0x0000000000010246, CSGSFS=0x0000000000000033, ERR=0x0000000000000004
  TRAPNO=0x000000000000000e

Top of Stack: (sp=0x00007f4bdf702a60)
0x00007f4bdf702a60:   00007f4bdf702b28 0000000000000000
0x00007f4bdf702a70:   00007f4bc910fbc0 00007f4bdeae7800
0x00007f4bdf702a80:   00007f4bdf7030f8 00007f4bc9012c80
0x00007f4bdf702a90:   00000000ef7814c0 0000000050200030
0x00007f4bdf702aa0:   00007f4bd8010000 0000000000000000
0x00007f4bdf702ab0:   00007f4bc8219480 00007f4bc90082bd
0x00007f4bdf702ac0:   00007f4bd8010000 00000000ef7814c0
0x00007f4bdf702ad0:   00007f4bdf702b70 00007f4b8daeffc8
0x00007f4bdf702ae0:   00007f4bd92d9658 0000000000000000
0x00007f4bdf702af0:   00007f4bdf702bd8 00007f4bd8010000
0x00007f4bdf702b00:   00007f4bd80101f8 00007f4b8d82d2b0
0x00007f4bdf702b10:   00007f4bdf702b70 00007f4bc90082bd
0x00007f4bdf702b20:   00007f4b8daeffc8 00007f4bdf702bb0
0x00007f4bdf702b30:   0000000000000000 00007f4b8daeffc0
0x00007f4bdf702b40:   00007f4bdf702bd8 00007f4bc90184cf
0x00007f4bdf702b50:   0000000000000000 00007f4b8db0e330
0x00007f4bdf702b60:   0000000000000000 00000000f73dee18
0x00007f4bdf702b70:   00007f4bdf702b60 0000000000000000
0x00007f4bdf702b80:   00007f4bdf702bd8 00007f4b8db057c0
0x00007f4bdf702b90:   0000000000000000 00007f4b8daeffc8
0x00007f4bdf702ba0:   0000000000000000 00007f4bdf702bd0
0x00007f4bdf702bb0:   00007f4bdf702c38 00007f4bc9007dd0
0x00007f4bdf702bc0:   0000000000000000 00007f4bc9011537
0x00007f4bdf702bd0:   0000000000000000 00000000f73dee18
0x00007f4bdf702be0:   00000000ef781460 00000000ef7814c0
0x00007f4bdf702bf0:   00000000f73dee18 00007f4bdf702be8
0x00007f4bdf702c00:   00007f4b8db0277d 00007f4bdf702c50
0x00007f4bdf702c10:   00007f4b8db05010 0000000000000000
0x00007f4bdf702c20:   00007f4b8db027c8 00007f4bdf702bd0
0x00007f4bdf702c30:   00007f4bdf702c48 00007f4bdf702c98
0x00007f4bdf702c40:   00007f4bc90082bd 00000000ef781460
0x00007f4bdf702c50:   00000000f73dee18 00007f4bdf702c58 

Instructions: (pc=0x00007f4bde202118)
0x00007f4bde2020f8:   84 24 70 02 00 00 06 00 00 00 4c 89 e6 4c 89 65
0x00007f4bde202108:   c0 4c 89 ff e8 1f 01 01 00 48 8b 05 18 d0 88 00
0x00007f4bde202118:   4c 8b 2b 8b 10 48 8b 05 44 fc 88 00 80 38 00 0f
0x00007f4bde202128:   84 2b 01 00 00 48 63 c2 41 8b 54 05 00 85 d2 0f 

Register to memory mapping:

RAX=0x00007f4bdead7550: <offset 0xfb7550> in /usr/lib/jvm/java-8-oracle/jre/lib/amd64/server/libjvm.so at 0x00007f4bddb20000
RBX=0x0000000000000000 is an unknown value
RCX=0x00000000f73dee18 is an oop
org.sqlite.NativeDB 
 - klass: 'org/sqlite/NativeDB'
RDX=0x00007f4bdeae59e0: <offset 0xfc59e0> in /usr/lib/jvm/java-8-oracle/jre/lib/amd64/server/libjvm.so at 0x00007f4bddb20000
RSP=0x00007f4bdf702a60 is pointing into the stack for thread: 0x00007f4bd8010000
RBP=0x00007f4bdf702b00 is pointing into the stack for thread: 0x00007f4bd8010000
RSI=0x00007f4bd8010000 is a thread
RDI=0x00007f4bdf702aa0 is pointing into the stack for thread: 0x00007f4bd8010000
R8 =0x00007f4bc9012c80 is at code_begin+0 in an Interpreter codelet
method entry point (kind = zerolocals)  [0x00007f4bc9012c80, 0x00007f4bc9013100]  1152 bytes
R9 =0x00000000f73dee18 is an oop
org.sqlite.NativeDB 
 - klass: 'org/sqlite/NativeDB'
R10=0x00000000000002a0 is an unknown value
R11=0x00007f4bdeae59e8: <offset 0xfc59e8> in /usr/lib/jvm/java-8-oracle/jre/lib/amd64/server/libjvm.so at 0x00007f4bddb20000
R12=0x00007f4bd8010000 is a thread
R13=0x0000000000000000 is an unknown value
R14=0x00007f4bdf702bd8 is pointing into the stack for thread: 0x00007f4bd8010000
R15=0x00007f4bdf702aa0 is pointing into the stack for thread: 0x00007f4bd8010000


Stack: [0x00007f4bdf608000,0x00007f4bdf709000],  sp=0x00007f4bdf702a60,  free space=1002k
Native frames: (J=compiled Java code, j=interpreted, Vv=VM code, C=native code)
V  [libjvm.so+0x6e2118]  jni_GetStringUTFChars+0xb8
C  [sqlite-3.7.2-libsqlitejdbc.so+0xd2b0]  Java_org_sqlite_NativeDB_prepare+0x2f

Java frames: (J=compiled Java code, j=interpreted, Vv=VM code)
j  org.sqlite.NativeDB.prepare(Ljava/lang/String;)J+0
j  org.sqlite.DB.prepare(Lorg/sqlite/Stmt;)V+21
j  org.sqlite.PrepStmt.<init>(Lorg/sqlite/Conn;Ljava/lang/String;)V+15
j  org.sqlite.Conn.prepareStatement(Ljava/lang/String;III)Ljava/sql/PreparedStatement;+14
j  org.sqlite.Conn.prepareStatement(Ljava/lang/String;II)Ljava/sql/PreparedStatement;+5
j  org.sqlite.Conn.prepareStatement(Ljava/lang/String;)Ljava/sql/PreparedStatement;+8
v  ~StubRoutines::call_stub
J 1291  sun.reflect.NativeMethodAccessorImpl.invoke0(Ljava/lang/reflect/Method;Ljava/lang/Object;[Ljava/lang/Object;)Ljava/lang/Object; (0 bytes) @ 0x00007f4bc919bf77 [0x00007f4bc919bf00+0x77]
J 1290 C1 sun.reflect.NativeMethodAccessorImpl.invoke(Ljava/lang/Object;[Ljava/lang/Object;)Ljava/lang/Object; (104 bytes) @ 0x00007f4bc94d2e6c [0x00007f4bc94d1d00+0x116c]
J 1126 C1 sun.reflect.DelegatingMethodAccessorImpl.invoke(Ljava/lang/Object;[Ljava/lang/Object;)Ljava/lang/Object; (10 bytes) @ 0x00007f4bc93e4004 [0x00007f4bc93e3f00+0x104]
J 3617 C1 java.lang.reflect.Method.invoke(Ljava/lang/Object;[Ljava/lang/Object;)Ljava/lang/Object; (62 bytes) @ 0x00007f4bc9aa7d0c [0x00007f4bc9aa7920+0x3ec]
j  org.apache.tomcat.jdbc.pool.ProxyConnection.invoke(Ljava/lang/Object;Ljava/lang/reflect/Method;[Ljava/lang/Object;)Ljava/lang/Object;+237
j  org.apache.tomcat.jdbc.pool.JdbcInterceptor.invoke(Ljava/lang/Object;Ljava/lang/reflect/Method;[Ljava/lang/Object;)Ljava/lang/Object;+14
j  org.apache.tomcat.jdbc.pool.DisposableConnectionFacade.invoke(Ljava/lang/Object;Ljava/lang/reflect/Method;[Ljava/lang/Object;)Ljava/lang/Object;+93
j  com.sun.proxy.$Proxy81.prepareStatement(Ljava/lang/String;)Ljava/sql/PreparedStatement;+16
j  org.hibernate.engine.jdbc.internal.StatementPreparerImpl$1.doPrepare()Ljava/sql/PreparedStatement;+37
j  org.hibernate.engine.jdbc.internal.StatementPreparerImpl$StatementPreparationTemplate.prepareStatement()Ljava/sql/PreparedStatement;+45
j  org.hibernate.engine.jdbc.internal.StatementPreparerImpl.prepareStatement(Ljava/lang/String;)Ljava/sql/PreparedStatement;+6
j  org.hibernate.id.SequenceGenerator.generateHolder(Lorg/hibernate/engine/spi/SessionImplementor;)Lorg/hibernate/id/IntegralDataTypeHolder;+15
j  org.hibernate.id.SequenceHiLoGenerator$1.getNextValue()Lorg/hibernate/id/IntegralDataTypeHolder;+8
j  org.hibernate.id.enhanced.LegacyHiLoAlgorithmOptimizer.generate(Lorg/hibernate/id/enhanced/AccessCallback;)Ljava/io/Serializable;+25
j  org.hibernate.id.SequenceHiLoGenerator.generate(Lorg/hibernate/engine/spi/SessionImplementor;Ljava/lang/Object;)Ljava/io/Serializable;+53
j  org.hibernate.event.internal.AbstractSaveEventListener.saveWithGeneratedId(Ljava/lang/Object;Ljava/lang/String;Ljava/lang/Object;Lorg/hibernate/event/spi/EventSource;Z)Ljava/io/Serializable;+21
j  org.hibernate.jpa.event.internal.core.JpaPersistEventListener.saveWithGeneratedId(Ljava/lang/Object;Ljava/lang/String;Ljava/lang/Object;Lorg/hibernate/event/spi/EventSource;Z)Ljava/io/Serializable;+18
j  org.hibernate.event.internal.DefaultPersistEventListener.entityIsTransient(Lorg/hibernate/event/spi/PersistEvent;Ljava/util/Map;)V+55
j  org.hibernate.event.internal.DefaultPersistEventListener.onPersist(Lorg/hibernate/event/spi/PersistEvent;Ljava/util/Map;)V+324
j  org.hibernate.event.internal.DefaultPersistEventListener.onPersist(Lorg/hibernate/event/spi/PersistEvent;)V+11
j  org.hibernate.internal.SessionImpl.firePersist(Lorg/hibernate/event/spi/PersistEvent;)V+46
j  org.hibernate.internal.SessionImpl.persist(Ljava/lang/String;Ljava/lang/Object;)V+11
j  org.hibernate.internal.SessionImpl.persist(Ljava/lang/Object;)V+3
j  org.hibernate.jpa.spi.AbstractEntityManagerImpl.persist(Ljava/lang/Object;)V+9
v  ~StubRoutines::call_stub
J 1291  sun.reflect.NativeMethodAccessorImpl.invoke0(Ljava/lang/reflect/Method;Ljava/lang/Object;[Ljava/lang/Object;)Ljava/lang/Object; (0 bytes) @ 0x00007f4bc919bf77 [0x00007f4bc919bf00+0x77]
J 1290 C1 sun.reflect.NativeMethodAccessorImpl.invoke(Ljava/lang/Object;[Ljava/lang/Object;)Ljava/lang/Object; (104 bytes) @ 0x00007f4bc94d2e6c [0x00007f4bc94d1d00+0x116c]
J 1126 C1 sun.reflect.DelegatingMethodAccessorImpl.invoke(Ljava/lang/Object;[Ljava/lang/Object;)Ljava/lang/Object; (10 bytes) @ 0x00007f4bc93e4004 [0x00007f4bc93e3f00+0x104]
J 3617 C1 java.lang.reflect.Method.invoke(Ljava/lang/Object;[Ljava/lang/Object;)Ljava/lang/Object; (62 bytes) @ 0x00007f4bc9aa7d0c [0x00007f4bc9aa7920+0x3ec]
j  org.springframework.orm.jpa.SharedEntityManagerCreator$SharedEntityManagerInvocationHandler.invoke(Ljava/lang/Object;Ljava/lang/reflect/Method;[Ljava/lang/Object;)Ljava/lang/Object;+495
j  com.sun.proxy.$Proxy92.persist(Ljava/lang/Object;)V+16
j  org.springframework.data.jpa.repository.support.SimpleJpaRepository.save(Ljava/lang/Object;)Ljava/lang/Object;+18
v  ~StubRoutines::call_stub
J 1291  sun.reflect.NativeMethodAccessorImpl.invoke0(Ljava/lang/reflect/Method;Ljava/lang/Object;[Ljava/lang/Object;)Ljava/lang/Object; (0 bytes) @ 0x00007f4bc919bf77 [0x00007f4bc919bf00+0x77]
J 1290 C1 sun.reflect.NativeMethodAccessorImpl.invoke(Ljava/lang/Object;[Ljava/lang/Object;)Ljava/lang/Object; (104 bytes) @ 0x00007f4bc94d2e6c [0x00007f4bc94d1d00+0x116c]
J 1126 C1 sun.reflect.DelegatingMethodAccessorImpl.invoke(Ljava/lang/Object;[Ljava/lang/Object;)Ljava/lang/Object; (10 bytes) @ 0x00007f4bc93e4004 [0x00007f4bc93e3f00+0x104]
J 3617 C1 java.lang.reflect.Method.invoke(Ljava/lang/Object;[Ljava/lang/Object;)Ljava/lang/Object; (62 bytes) @ 0x00007f4bc9aa7d0c [0x00007f4bc9aa7920+0x3ec]
j  org.springframework.data.repository.core.support.RepositoryFactorySupport$QueryExecutorMethodInterceptor.executeMethodOn(Ljava/lang/Object;Ljava/lang/reflect/Method;[Ljava/lang/Object;)Ljava/lang/Object;+3
j  org.springframework.data.repository.core.support.RepositoryFactorySupport$QueryExecutorMethodInterceptor.doInvoke(Lorg/aopalliance/intercept/MethodInvocation;)Ljava/lang/Object;+94
j  org.springframework.data.repository.core.support.RepositoryFactorySupport$QueryExecutorMethodInterceptor.invoke(Lorg/aopalliance/intercept/MethodInvocation;)Ljava/lang/Object;+2
j  org.springframework.aop.framework.ReflectiveMethodInvocation.proceed()Ljava/lang/Object;+101
j  org.springframework.data.projection.DefaultMethodInvokingMethodInterceptor.invoke(Lorg/aopalliance/intercept/MethodInvocation;)Ljava/lang/Object;+15
j  org.springframework.aop.framework.ReflectiveMethodInvocation.proceed()Ljava/lang/Object;+101
j  org.springframework.transaction.interceptor.TransactionInterceptor$1.proceedWithInvocation()Ljava/lang/Object;+4
j  org.springframework.transaction.interceptor.TransactionAspectSupport.invokeWithinTransaction(Ljava/lang/reflect/Method;Ljava/lang/Class;Lorg/springframework/transaction/interceptor/TransactionAspectSupport$InvocationCallback;)Ljava/lang/Object;+60
j  org.springframework.transaction.interceptor.TransactionInterceptor.invoke(Lorg/aopalliance/intercept/MethodInvocation;)Ljava/lang/Object;+40
j  org.springframework.aop.framework.ReflectiveMethodInvocation.proceed()Ljava/lang/Object;+101
j  org.springframework.dao.support.PersistenceExceptionTranslationInterceptor.invoke(Lorg/aopalliance/intercept/MethodInvocation;)Ljava/lang/Object;+1
j  org.springframework.aop.framework.ReflectiveMethodInvocation.proceed()Ljava/lang/Object;+101
j  org.springframework.data.jpa.repository.support.CrudMethodMetadataPostProcessor$CrudMethodMetadataPopulatingMethodInterceptor.invoke(Lorg/aopalliance/intercept/MethodInvocation;)Ljava/lang/Object;+89
j  org.springframework.aop.framework.ReflectiveMethodInvocation.proceed()Ljava/lang/Object;+101
j  org.springframework.aop.interceptor.ExposeInvocationInterceptor.invoke(Lorg/aopalliance/intercept/MethodInvocation;)Ljava/lang/Object;+18
j  org.springframework.aop.framework.ReflectiveMethodInvocation.proceed()Ljava/lang/Object;+101
j  org.springframework.aop.framework.JdkDynamicAopProxy.invoke(Ljava/lang/Object;Ljava/lang/reflect/Method;[Ljava/lang/Object;)Ljava/lang/Object;+385
j  com.sun.proxy.$Proxy94.save(Ljava/lang/Object;)Ljava/lang/Object;+16
j  com.example.api.service.BookService.save(Lcom/example/entity/Book;)Lcom/example/entity/Book;+5
j  com.example.crudtest.CRUDTest.insertOperation()V+19
v  ~StubRoutines::call_stub
J 1291  sun.reflect.NativeMethodAccessorImpl.invoke0(Ljava/lang/reflect/Method;Ljava/lang/Object;[Ljava/lang/Object;)Ljava/lang/Object; (0 bytes) @ 0x00007f4bc919bf77 [0x00007f4bc919bf00+0x77]
J 1290 C1 sun.reflect.NativeMethodAccessorImpl.invoke(Ljava/lang/Object;[Ljava/lang/Object;)Ljava/lang/Object; (104 bytes) @ 0x00007f4bc94d2e6c [0x00007f4bc94d1d00+0x116c]
J 1126 C1 sun.reflect.DelegatingMethodAccessorImpl.invoke(Ljava/lang/Object;[Ljava/lang/Object;)Ljava/lang/Object; (10 bytes) @ 0x00007f4bc93e4004 [0x00007f4bc93e3f00+0x104]
J 3617 C1 java.lang.reflect.Method.invoke(Ljava/lang/Object;[Ljava/lang/Object;)Ljava/lang/Object; (62 bytes) @ 0x00007f4bc9aa7d0c [0x00007f4bc9aa7920+0x3ec]
j  org.testng.internal.MethodInvocationHelper.invokeMethod(Ljava/lang/reflect/Method;Ljava/lang/Object;[Ljava/lang/Object;)Ljava/lang/Object;+242
j  org.testng.internal.MethodInvocationHelper$1.runTestMethod(Lorg/testng/ITestResult;)V+12
j  org.springframework.test.context.testng.AbstractTestNGSpringContextTests.run(Lorg/testng/IHookCallBack;Lorg/testng/ITestResult;)V+2
v  ~StubRoutines::call_stub
J 1291  sun.reflect.NativeMethodAccessorImpl.invoke0(Ljava/lang/reflect/Method;Ljava/lang/Object;[Ljava/lang/Object;)Ljava/lang/Object; (0 bytes) @ 0x00007f4bc919bf77 [0x00007f4bc919bf00+0x77]
J 1290 C1 sun.reflect.NativeMethodAccessorImpl.invoke(Ljava/lang/Object;[Ljava/lang/Object;)Ljava/lang/Object; (104 bytes) @ 0x00007f4bc94d2e6c [0x00007f4bc94d1d00+0x116c]
J 1126 C1 sun.reflect.DelegatingMethodAccessorImpl.invoke(Ljava/lang/Object;[Ljava/lang/Object;)Ljava/lang/Object; (10 bytes) @ 0x00007f4bc93e4004 [0x00007f4bc93e3f00+0x104]
J 3617 C1 java.lang.reflect.Method.invoke(Ljava/lang/Object;[Ljava/lang/Object;)Ljava/lang/Object; (62 bytes) @ 0x00007f4bc9aa7d0c [0x00007f4bc9aa7920+0x3ec]
j  org.testng.internal.MethodInvocationHelper.invokeHookable(Ljava/lang/Object;[Ljava/lang/Object;Ljava/lang/Object;Ljava/lang/reflect/Method;Lorg/testng/internal/TestResult;)V+64
j  org.testng.internal.Invoker.invokeMethod([Ljava/lang/Object;ILorg/testng/ITestNGMethod;[Ljava/lang/Object;ILorg/testng/xml/XmlSuite;Ljava/util/Map;Lorg/testng/ITestClass;[Lorg/testng/ITestNGMethod;[Lorg/testng/ITestNGMethod;Lorg/testng/internal/ConfigurationGroupMethods;)Lorg/testng/ITestResult;+280
j  org.testng.internal.Invoker.invokeTestMethod([Ljava/lang/Object;Lorg/testng/ITestNGMethod;[Ljava/lang/Object;ILorg/testng/xml/XmlSuite;Ljava/util/Map;Lorg/testng/ITestClass;[Lorg/testng/ITestNGMethod;[Lorg/testng/ITestNGMethod;Lorg/testng/internal/ConfigurationGroupMethods;)Ljava/util/List;+46
j  org.testng.internal.Invoker.invokeTestMethods(Lorg/testng/ITestNGMethod;[Lorg/testng/ITestNGMethod;ILorg/testng/xml/XmlSuite;Ljava/util/Map;Lorg/testng/internal/ConfigurationGroupMethods;[Ljava/lang/Object;Lorg/testng/ITestContext;)Ljava/util/List;+705
j  org.testng.internal.TestMethodWorker.invokeTestMethods(Lorg/testng/ITestNGMethod;[Ljava/lang/Object;Lorg/testng/ITestContext;)V+32
j  org.testng.internal.TestMethodWorker.run()V+60
j  org.testng.TestRunner.privateRun(Lorg/testng/xml/XmlTest;)V+349
j  org.testng.TestRunner.run()V+26
j  org.testng.SuiteRunner.runTest(Lorg/testng/TestRunner;)V+1
j  org.testng.SuiteRunner.runSequentially()V+31
j  org.testng.SuiteRunner.privateRun()V+281
j  org.testng.SuiteRunner.run()V+6
j  org.testng.SuiteRunnerWorker.runSuite(Lorg/testng/internal/SuiteRunnerMap;Lorg/testng/xml/XmlSuite;)V+96
j  org.testng.SuiteRunnerWorker.run()V+12
j  org.testng.TestNG.runSuitesSequentially(Lorg/testng/xml/XmlSuite;Lorg/testng/internal/SuiteRunnerMap;ILjava/lang/String;)V+66
j  org.testng.TestNG.runSuitesLocally()Ljava/util/List;+117
j  org.testng.TestNG.run()V+77
j  org.testng.remote.AbstractRemoteTestNG.run()V+163
j  org.testng.remote.RemoteTestNG.initAndRun(Lorg/testng/remote/IRemoteTestNG;[Ljava/lang/String;Lorg/testng/CommandLineArgs;Lorg/testng/remote/RemoteArgs;)V+184
j  org.testng.remote.RemoteTestNG.main([Ljava/lang/String;)V+218
v  ~StubRoutines::call_stub

---------------  P R O C E S S  ---------------

Java Threads: ( => current thread )
  0x00007f4bd966b800 JavaThread "http-nio-auto-1-34858-AsyncTimeout" daemon [_thread_blocked, id=3514, stack(0x00007f4b8cb1b000,0x00007f4b8cc1c000)]
  0x00007f4bd966a800 JavaThread "http-nio-auto-1-Acceptor-0" daemon [_thread_in_native, id=3513, stack(0x00007f4b8cc1c000,0x00007f4b8cd1d000)]
  0x00007f4bd9668000 JavaThread "http-nio-auto-1-ClientPoller-1" daemon [_thread_in_native, id=3512, stack(0x00007f4b8cd1d000,0x00007f4b8ce1e000)]
  0x00007f4bd9659000 JavaThread "http-nio-auto-1-ClientPoller-0" daemon [_thread_in_native, id=3511, stack(0x00007f4b8ce1e000,0x00007f4b8cf1f000)]
  0x00007f4bd963a000 JavaThread "NioBlockingSelector.BlockPoller-1" daemon [_thread_in_native, id=3510, stack(0x00007f4b8cf1f000,0x00007f4b8d020000)]
  0x00007f4bd92b1800 JavaThread "process reaper" daemon [_thread_blocked, id=3509, stack(0x00007f4b8daa8000,0x00007f4b8dae1000)]
  0x00007f4bd929a000 JavaThread "Tomcat JDBC Pool Cleaner[865113938:1485169322034]" daemon [_thread_blocked, id=3507, stack(0x00007f4b8dce1000,0x00007f4b8dde2000)]
  0x00007f4bd9160000 JavaThread "container-0" [_thread_blocked, id=3506, stack(0x00007f4b8dfe2000,0x00007f4b8e0e3000)]
  0x00007f4bd915f000 JavaThread "ContainerBackgroundProcessor[StandardEngine[Tomcat]]" daemon [_thread_blocked, id=3505, stack(0x00007f4b8e0e3000,0x00007f4b8e1e4000)]
  0x00007f4b80208000 JavaThread "localhost-startStop-1" daemon [_thread_blocked, id=3504, stack(0x00007f4b8e3e4000,0x00007f4b8e4e5000)]
  0x00007f4bd90cc000 JavaThread "Tomcat-startStop-1" daemon [_thread_blocked, id=3503, stack(0x00007f4b8f3c1000,0x00007f4b8f4c2000)]
  0x00007f4bd84ad800 JavaThread "ReaderThread" [_thread_in_native, id=3500, stack(0x00007f4b8fccf000,0x00007f4b8fdd0000)]
  0x00007f4bd80d9000 JavaThread "Service Thread" daemon [_thread_blocked, id=3498, stack(0x00007f4bb8373000,0x00007f4bb8474000)]
  0x00007f4bd80c4000 JavaThread "C1 CompilerThread2" daemon [_thread_blocked, id=3497, stack(0x00007f4bb8474000,0x00007f4bb8575000)]
  0x00007f4bd80c2000 JavaThread "C2 CompilerThread1" daemon [_thread_in_native, id=3496, stack(0x00007f4bb8575000,0x00007f4bb8676000)]
  0x00007f4bd80bf000 JavaThread "C2 CompilerThread0" daemon [_thread_in_native, id=3495, stack(0x00007f4bb8676000,0x00007f4bb8777000)]
  0x00007f4bd80be000 JavaThread "Signal Dispatcher" daemon [_thread_blocked, id=3494, stack(0x00007f4bb8777000,0x00007f4bb8878000)]
  0x00007f4bd808a000 JavaThread "Finalizer" daemon [_thread_blocked, id=3493, stack(0x00007f4bb8f5b000,0x00007f4bb905c000)]
  0x00007f4bd8085800 JavaThread "Reference Handler" daemon [_thread_blocked, id=3492, stack(0x00007f4bb905c000,0x00007f4bb915d000)]
=>0x00007f4bd8010000 JavaThread "main" [_thread_in_vm, id=3486, stack(0x00007f4bdf608000,0x00007f4bdf709000)]

Other Threads:
  0x00007f4bd807e000 VMThread [stack: 0x00007f4bb915d000,0x00007f4bb925e000] [id=3491]
  0x00007f4bd80dc000 WatcherThread [stack: 0x00007f4bb8272000,0x00007f4bb8373000] [id=3499]

VM state:not at safepoint (normal execution)

VM Mutex/Monitor currently owned by a thread: None

Heap:
 PSYoungGen      total 166400K, used 68656K [0x00000000ebe00000, 0x00000000f7a00000, 0x0000000100000000)
  eden space 157696K, 38% used [0x00000000ebe00000,0x00000000ef88ff18,0x00000000f5800000)
  from space 8704K, 99% used [0x00000000f7180000,0x00000000f79fc370,0x00000000f7a00000)
  to   space 10752K, 0% used [0x00000000f6500000,0x00000000f6500000,0x00000000f6f80000)
 ParOldGen       total 55296K, used 24985K [0x00000000c3a00000, 0x00000000c7000000, 0x00000000ebe00000)
  object space 55296K, 45% used [0x00000000c3a00000,0x00000000c52666d8,0x00000000c7000000)
 Metaspace       used 45173K, capacity 45504K, committed 45952K, reserved 1089536K
  class space    used 5913K, capacity 6009K, committed 6016K, reserved 1048576K

Card table byte_map: [0x00007f4bdc1de000,0x00007f4bdc3c2000] byte_map_base: 0x00007f4bdbbc1000

Marking Bits: (ParMarkBitMap*) 0x00007f4bdeae4c80
 Begin Bits: [0x00007f4bba1d0000, 0x00007f4bbb0e8000)
 End Bits:   [0x00007f4bbb0e8000, 0x00007f4bbc000000)

Polling page: 0x00007f4bdf72e000

CodeCache: size=245760Kb used=12763Kb max_used=12763Kb free=232996Kb
 bounds [0x00007f4bc9000000, 0x00007f4bc9c90000, 0x00007f4bd8000000]
 total_blobs=4124 nmethods=3652 adapters=385
 compilation: enabled

Compilation events (10 events):
Event: 14.171 Thread 0x00007f4bd80c4000 4128       3       java.util.Collections$EmptyList::iterator (4 bytes)
Event: 14.171 Thread 0x00007f4bd80c4000 nmethod 4128 0x00007f4bc97df990 code [0x00007f4bc97dfb00, 0x00007f4bc97dfcb0]
Event: 14.172 Thread 0x00007f4bd80c4000 4129       1       org.testng.shaded.com.google.gson.reflect.TypeToken::hashCode (5 bytes)
Event: 14.172 Thread 0x00007f4bd80c4000 nmethod 4129 0x00007f4bc93886d0 code [0x00007f4bc9388820, 0x00007f4bc9388930]
Event: 14.172 Thread 0x00007f4bd80c4000 4130       3       java.lang.reflect.Field::getGenericType (20 bytes)
Event: 14.174 Thread 0x00007f4bd80c4000 nmethod 4130 0x00007f4bc9c835d0 code [0x00007f4bc9c83820, 0x00007f4bc9c84588]
Event: 14.175 Thread 0x00007f4bd80c4000 4131       3       java.io.BufferedWriter::ensureOpen (18 bytes)
Event: 14.175 Thread 0x00007f4bd80c4000 nmethod 4131 0x00007f4bc9388250 code [0x00007f4bc93883c0, 0x00007f4bc9388608]
Event: 14.188 Thread 0x00007f4bd80c4000 4132       3       org.hibernate.service.internal.ConcurrentServiceBinding::hashKey (5 bytes)
Event: 14.188 Thread 0x00007f4bd80c4000 nmethod 4132 0x00007f4bc9387ed0 code [0x00007f4bc9388040, 0x00007f4bc93881c8]

GC Heap History (10 events):
Event: 9.830 GC heap before
{Heap before GC invocations=12 (full 1):
 PSYoungGen      total 93184K, used 92084K [0x00000000ebe00000, 0x00000000f2180000, 0x0000000100000000)
  eden space 85504K, 99% used [0x00000000ebe00000,0x00000000f1177350,0x00000000f1180000)
  from space 7680K, 86% used [0x00000000f1a00000,0x00000000f2075ce0,0x00000000f2180000)
  to   space 8192K, 0% used [0x00000000f1180000,0x00000000f1180000,0x00000000f1980000)
 ParOldGen       total 32768K, used 10151K [0x00000000c3a00000, 0x00000000c5a00000, 0x00000000ebe00000)
  object space 32768K, 30% used [0x00000000c3a00000,0x00000000c43e9fd0,0x00000000c5a00000)
 Metaspace       used 28044K, capacity 28344K, committed 28544K, reserved 1075200K
  class space    used 3518K, capacity 3603K, committed 3712K, reserved 1048576K
Event: 9.844 GC heap after
Heap after GC invocations=12 (full 1):
 PSYoungGen      total 93696K, used 5953K [0x00000000ebe00000, 0x00000000f4680000, 0x0000000100000000)
  eden space 85504K, 0% used [0x00000000ebe00000,0x00000000ebe00000,0x00000000f1180000)
  from space 8192K, 72% used [0x00000000f1180000,0x00000000f1750680,0x00000000f1980000)
  to   space 8192K, 0% used [0x00000000f3e80000,0x00000000f3e80000,0x00000000f4680000)
 ParOldGen       total 32768K, used 11862K [0x00000000c3a00000, 0x00000000c5a00000, 0x00000000ebe00000)
  object space 32768K, 36% used [0x00000000c3a00000,0x00000000c4595b38,0x00000000c5a00000)
 Metaspace       used 28044K, capacity 28344K, committed 28544K, reserved 1075200K
  class space    used 3518K, capacity 3603K, committed 3712K, reserved 1048576K
}
Event: 10.585 GC heap before
{Heap before GC invocations=13 (full 1):
 PSYoungGen      total 93696K, used 91457K [0x00000000ebe00000, 0x00000000f4680000, 0x0000000100000000)
  eden space 85504K, 100% used [0x00000000ebe00000,0x00000000f1180000,0x00000000f1180000)
  from space 8192K, 72% used [0x00000000f1180000,0x00000000f1750680,0x00000000f1980000)
  to   space 8192K, 0% used [0x00000000f3e80000,0x00000000f3e80000,0x00000000f4680000)
 ParOldGen       total 32768K, used 11862K [0x00000000c3a00000, 0x00000000c5a00000, 0x00000000ebe00000)
  object space 32768K, 36% used [0x00000000c3a00000,0x00000000c4595b38,0x00000000c5a00000)
 Metaspace       used 30313K, capacity 30648K, committed 30848K, reserved 1077248K
  class space    used 3770K, capacity 3859K, committed 3968K, reserved 1048576K
Event: 10.601 GC heap after
Heap after GC invocations=13 (full 1):
 PSYoungGen      total 131072K, used 6502K [0x00000000ebe00000, 0x00000000f4800000, 0x0000000100000000)
  eden space 122880K, 0% used [0x00000000ebe00000,0x00000000ebe00000,0x00000000f3600000)
  from space 8192K, 79% used [0x00000000f3e80000,0x00000000f44d9a90,0x00000000f4680000)
  to   space 8704K, 0% used [0x00000000f3600000,0x00000000f3600000,0x00000000f3e80000)
 ParOldGen       total 32768K, used 14714K [0x00000000c3a00000, 0x00000000c5a00000, 0x00000000ebe00000)
  object space 32768K, 44% used [0x00000000c3a00000,0x00000000c485eb78,0x00000000c5a00000)
 Metaspace       used 30313K, capacity 30648K, committed 30848K, reserved 1077248K
  class space    used 3770K, capacity 3859K, committed 3968K, reserved 1048576K
}
Event: 11.979 GC heap before
{Heap before GC invocations=14 (full 1):
 PSYoungGen      total 131072K, used 85940K [0x00000000ebe00000, 0x00000000f4800000, 0x0000000100000000)
  eden space 122880K, 64% used [0x00000000ebe00000,0x00000000f0b937f0,0x00000000f3600000)
  from space 8192K, 79% used [0x00000000f3e80000,0x00000000f44d9a90,0x00000000f4680000)
  to   space 8704K, 0% used [0x00000000f3600000,0x00000000f3600000,0x00000000f3e80000)
 ParOldGen       total 32768K, used 14714K [0x00000000c3a00000, 0x00000000c5a00000, 0x00000000ebe00000)
  object space 32768K, 44% used [0x00000000c3a00000,0x00000000c485eb78,0x00000000c5a00000)
 Metaspace       used 34991K, capacity 35288K, committed 35496K, reserved 1081344K
  class space    used 4492K, capacity 4579K, committed 4608K, reserved 1048576K
Event: 11.992 GC heap after
Heap after GC invocations=14 (full 1):
 PSYoungGen      total 131584K, used 6466K [0x00000000ebe00000, 0x00000000f7a00000, 0x0000000100000000)
  eden space 122880K, 0% used [0x00000000ebe00000,0x00000000ebe00000,0x00000000f3600000)
  from space 8704K, 74% used [0x00000000f3600000,0x00000000f3c50a70,0x00000000f3e80000)
  to   space 8704K, 0% used [0x00000000f7180000,0x00000000f7180000,0x00000000f7a00000)
 ParOldGen       total 32768K, used 16834K [0x00000000c3a00000, 0x00000000c5a00000, 0x00000000ebe00000)
  object space 32768K, 51% used [0x00000000c3a00000,0x00000000c4a70b98,0x00000000c5a00000)
 Metaspace       used 34991K, capacity 35288K, committed 35496K, reserved 1081344K
  class space    used 4492K, capacity 4579K, committed 4608K, reserved 1048576K
}
Event: 11.992 GC heap before
{Heap before GC invocations=15 (full 2):
 PSYoungGen      total 131584K, used 6466K [0x00000000ebe00000, 0x00000000f7a00000, 0x0000000100000000)
  eden space 122880K, 0% used [0x00000000ebe00000,0x00000000ebe00000,0x00000000f3600000)
  from space 8704K, 74% used [0x00000000f3600000,0x00000000f3c50a70,0x00000000f3e80000)
  to   space 8704K, 0% used [0x00000000f7180000,0x00000000f7180000,0x00000000f7a00000)
 ParOldGen       total 32768K, used 16834K [0x00000000c3a00000, 0x00000000c5a00000, 0x00000000ebe00000)
  object space 32768K, 51% used [0x00000000c3a00000,0x00000000c4a70b98,0x00000000c5a00000)
 Metaspace       used 34991K, capacity 35288K, committed 35496K, reserved 1081344K
  class space    used 4492K, capacity 4579K, committed 4608K, reserved 1048576K
Event: 12.127 GC heap after
Heap after GC invocations=15 (full 2):
 PSYoungGen      total 131584K, used 0K [0x00000000ebe00000, 0x00000000f7a00000, 0x0000000100000000)
  eden space 122880K, 0% used [0x00000000ebe00000,0x00000000ebe00000,0x00000000f3600000)
  from space 8704K, 0% used [0x00000000f3600000,0x00000000f3600000,0x00000000f3e80000)
  to   space 8704K, 0% used [0x00000000f7180000,0x00000000f7180000,0x00000000f7a00000)
 ParOldGen       total 55296K, used 21762K [0x00000000c3a00000, 0x00000000c7000000, 0x00000000ebe00000)
  object space 55296K, 39% used [0x00000000c3a00000,0x00000000c4f40820,0x00000000c7000000)
 Metaspace       used 34991K, capacity 35288K, committed 35496K, reserved 1081344K
  class space    used 4492K, capacity 4579K, committed 4608K, reserved 1048576K
}
Event: 13.564 GC heap before
{Heap before GC invocations=16 (full 2):
 PSYoungGen      total 131584K, used 122880K [0x00000000ebe00000, 0x00000000f7a00000, 0x0000000100000000)
  eden space 122880K, 100% used [0x00000000ebe00000,0x00000000f3600000,0x00000000f3600000)
  from space 8704K, 0% used [0x00000000f3600000,0x00000000f3600000,0x00000000f3e80000)
  to   space 8704K, 0% used [0x00000000f7180000,0x00000000f7180000,0x00000000f7a00000)
 ParOldGen       total 55296K, used 21762K [0x00000000c3a00000, 0x00000000c7000000, 0x00000000ebe00000)
  object space 55296K, 39% used [0x00000000c3a00000,0x00000000c4f40820,0x00000000c7000000)
 Metaspace       used 43681K, capacity 44002K, committed 44288K, reserved 1087488K
  class space    used 5717K, capacity 5812K, committed 5888K, reserved 1048576K
Event: 13.588 GC heap after
Heap after GC invocations=16 (full 2):
 PSYoungGen      total 166400K, used 8688K [0x00000000ebe00000, 0x00000000f7a00000, 0x0000000100000000)
  eden space 157696K, 0% used [0x00000000ebe00000,0x00000000ebe00000,0x00000000f5800000)
  from space 8704K, 99% used [0x00000000f7180000,0x00000000f79fc370,0x00000000f7a00000)
  to   space 10752K, 0% used [0x00000000f6500000,0x00000000f6500000,0x00000000f6f80000)
 ParOldGen       total 55296K, used 24985K [0x00000000c3a00000, 0x00000000c7000000, 0x00000000ebe00000)
  object space 55296K, 45% used [0x00000000c3a00000,0x00000000c52666d8,0x00000000c7000000)
 Metaspace       used 43681K, capacity 44002K, committed 44288K, reserved 1087488K
  class space    used 5717K, capacity 5812K, committed 5888K, reserved 1048576K
}

Deoptimization events (10 events):
Event: 12.972 Thread 0x00007f4bd8010000 Uncommon trap: reason=class_check action=maybe_recompile pc=0x00007f4bc9880b24 method=java.lang.reflect.Array.newInstance(Ljava/lang/Class;I)Ljava/lang/Object; @ 2
Event: 12.972 Thread 0x00007f4bd8010000 Uncommon trap: reason=class_check action=maybe_recompile pc=0x00007f4bc9880b24 method=java.lang.reflect.Array.newInstance(Ljava/lang/Class;I)Ljava/lang/Object; @ 2
Event: 12.972 Thread 0x00007f4bd8010000 Uncommon trap: reason=class_check action=maybe_recompile pc=0x00007f4bc9880b24 method=java.lang.reflect.Array.newInstance(Ljava/lang/Class;I)Ljava/lang/Object; @ 2
Event: 12.991 Thread 0x00007f4bd8010000 Uncommon trap: reason=unstable_if action=reinterpret pc=0x00007f4bc962c2ac method=java.util.WeakHashMap.put(Ljava/lang/Object;Ljava/lang/Object;)Ljava/lang/Object; @ 47
Event: 13.064 Thread 0x00007f4bd8010000 Uncommon trap: reason=null_check action=make_not_entrant pc=0x00007f4bc9ac8660 method=org.springframework.util.ClassUtils.isAssignable(Ljava/lang/Class;Ljava/lang/Class;)Z @ 14
Event: 13.280 Thread 0x00007f4bd8010000 Uncommon trap: reason=class_check action=maybe_recompile pc=0x00007f4bc927b5a0 method=java.util.regex.Pattern$Curly.match(Ljava/util/regex/Matcher;ILjava/lang/CharSequence;)Z @ 19
Event: 13.308 Thread 0x00007f4bd8010000 Uncommon trap: reason=unstable_if action=reinterpret pc=0x00007f4bc990bccc method=java.util.concurrent.ConcurrentHashMap.transfer([Ljava/util/concurrent/ConcurrentHashMap$Node;[Ljava/util/concurrent/ConcurrentHashMap$Node;)V @ 356
Event: 13.400 Thread 0x00007f4bd8010000 Uncommon trap: reason=null_check action=make_not_entrant pc=0x00007f4bc9b4d6fc method=org.springframework.core.annotation.AnnotatedElementUtils.searchWithGetSemanticsInAnnotations(Ljava/lang/reflect/AnnotatedElement;Ljava/util/List;Ljava/lang/Class;Ljava/
Event: 13.980 Thread 0x00007f4bd8010000 Uncommon trap: reason=unstable_if action=reinterpret pc=0x00007f4bc947a27c method=java.lang.Class$MethodArray.addIfNotPresent(Ljava/lang/reflect/Method;)V @ 19
Event: 13.995 Thread 0x00007f4bd8010000 Uncommon trap: reason=unstable_if action=reinterpret pc=0x00007f4bc9b21bf4 method=org.springframework.util.ConcurrentReferenceHashMap$Segment.clear()V @ 4

Internal exceptions (10 events):
Event: 13.931 Thread 0x00007f4bd8010000 Exception <a 'java/lang/ClassNotFoundException': org/springframework/boot/autoconfigure/web/WebClientAutoConfigurationCustomizer> (0x00000000ee414cd0) thrown at [/HUDSON3/workspace/8-2-build-linux-amd64/jdk8u121/8372/hotspot/src/share/vm/classfile/systemD
Event: 13.931 Thread 0x00007f4bd8010000 Exception <a 'java/lang/ClassNotFoundException': org/springframework/boot/autoconfigure/web/WebClientAutoConfiguration$$EnhancerBySpringCGLIB$$2c140284Customizer> (0x00000000ee4385c8) thrown at [/HUDSON3/workspace/8-2-build-linux-amd64/jdk8u121/8372/hotsp
Event: 13.931 Thread 0x00007f4bd8010000 Exception <a 'java/lang/ClassNotFoundException': org/springframework/context/annotation/ConfigurationClassEnhancer$EnhancedConfigurationCustomizer> (0x00000000ee45c900) thrown at [/HUDSON3/workspace/8-2-build-linux-amd64/jdk8u121/8372/hotspot/src/share/vm
Event: 14.160 Thread 0x00007f4bd8010000 Exception <a 'java/lang/ClassNotFoundException': java/lang/ObjectCustomizer> (0x00000000ef39cf88) thrown at [/HUDSON3/workspace/8-2-build-linux-amd64/jdk8u121/8372/hotspot/src/share/vm/classfile/systemDictionary.cpp, line 210]
Event: 14.160 Thread 0x00007f4bd8010000 Exception <a 'java/lang/ClassNotFoundException': org/springframework/test/context/testng/AbstractTestNGSpringContextTestsCustomizer> (0x00000000ef5451f8) thrown at [/HUDSON3/workspace/8-2-build-linux-amd64/jdk8u121/8372/hotspot/src/share/vm/classfile/syst
Event: 14.161 Thread 0x00007f4bd8010000 Exception <a 'java/lang/ClassNotFoundException': com/example/crudtest/CRUDTestCustomizer> (0x00000000ef557dc0) thrown at [/HUDSON3/workspace/8-2-build-linux-amd64/jdk8u121/8372/hotspot/src/share/vm/classfile/systemDictionary.cpp, line 210]
Event: 14.161 Thread 0x00007f4bd8010000 Exception <a 'java/lang/ClassNotFoundException': org/testng/IHookableCustomizer> (0x00000000ef5687e8) thrown at [/HUDSON3/workspace/8-2-build-linux-amd64/jdk8u121/8372/hotspot/src/share/vm/classfile/systemDictionary.cpp, line 210]
Event: 14.162 Thread 0x00007f4bd8010000 Exception <a 'java/lang/ClassNotFoundException': org/springframework/context/ApplicationContextAwareCustomizer> (0x00000000ef57e988) thrown at [/HUDSON3/workspace/8-2-build-linux-amd64/jdk8u121/8372/hotspot/src/share/vm/classfile/systemDictionary.cpp, lin
Event: 14.190 Thread 0x00007f4bd8010000 Exception <a 'java/lang/ClassNotFoundException': java/lang/ObjectCustomizer> (0x00000000ef707f60) thrown at [/HUDSON3/workspace/8-2-build-linux-amd64/jdk8u121/8372/hotspot/src/share/vm/classfile/systemDictionary.cpp, line 210]
Event: 14.190 Thread 0x00007f4bd8010000 Exception <a 'java/lang/ClassNotFoundException': com/example/entity/BookCustomizer> (0x00000000ef71a8f0) thrown at [/HUDSON3/workspace/8-2-build-linux-amd64/jdk8u121/8372/hotspot/src/share/vm/classfile/systemDictionary.cpp, line 210]

Events (10 events):
Event: 14.194 loading class org/hibernate/engine/jdbc/internal/FormatStyle
Event: 14.194 loading class org/hibernate/engine/jdbc/internal/FormatStyle done
Event: 14.194 loading class org/hibernate/engine/jdbc/internal/Formatter
Event: 14.194 loading class org/hibernate/engine/jdbc/internal/Formatter done
Event: 14.194 loading class org/hibernate/engine/jdbc/internal/BasicFormatterImpl
Event: 14.194 loading class org/hibernate/engine/jdbc/internal/BasicFormatterImpl done
Event: 14.195 loading class org/hibernate/engine/jdbc/internal/DDLFormatterImpl
Event: 14.195 loading class org/hibernate/engine/jdbc/internal/DDLFormatterImpl done
Event: 14.195 loading class org/hibernate/engine/jdbc/internal/FormatStyle$NoFormatImpl
Event: 14.195 loading class org/hibernate/engine/jdbc/internal/FormatStyle$NoFormatImpl done


Dynamic libraries:
00400000-00401000 r-xp 00000000 08:03 3554757                            /usr/lib/jvm/java-8-oracle/bin/java
00600000-00601000 rw-p 00000000 08:03 3554757                            /usr/lib/jvm/java-8-oracle/bin/java
010bd000-010de000 rw-p 00000000 00:00 0                                  [heap]
c3a00000-c7000000 rw-p 00000000 00:00 0 
c7000000-ebe00000 ---p 00000000 00:00 0 
ebe00000-f7a00000 rw-p 00000000 00:00 0 
f7a00000-100000000 ---p 00000000 00:00 0 
100000000-1005e0000 rw-p 00000000 00:00 0 
1005e0000-140000000 ---p 00000000 00:00 0 
7f4b58000000-7f4b58021000 rw-p 00000000 00:00 0 
7f4b58021000-7f4b5c000000 ---p 00000000 00:00 0 
7f4b60000000-7f4b60021000 rw-p 00000000 00:00 0 
7f4b60021000-7f4b64000000 ---p 00000000 00:00 0 
7f4b64000000-7f4b64021000 rw-p 00000000 00:00 0 
7f4b64021000-7f4b68000000 ---p 00000000 00:00 0 
7f4b68000000-7f4b68021000 rw-p 00000000 00:00 0 
7f4b68021000-7f4b6c000000 ---p 00000000 00:00 0 
7f4b6c000000-7f4b6c021000 rw-p 00000000 00:00 0 
7f4b6c021000-7f4b70000000 ---p 00000000 00:00 0 
7f4b70000000-7f4b70021000 rw-p 00000000 00:00 0 
7f4b70021000-7f4b74000000 ---p 00000000 00:00 0 
7f4b74000000-7f4b74021000 rw-p 00000000 00:00 0 
7f4b74021000-7f4b78000000 ---p 00000000 00:00 0 
7f4b78000000-7f4b78021000 rw-p 00000000 00:00 0 
7f4b78021000-7f4b7c000000 ---p 00000000 00:00 0 
7f4b7c000000-7f4b7c021000 rw-p 00000000 00:00 0 
7f4b7c021000-7f4b80000000 ---p 00000000 00:00 0 
7f4b80000000-7f4b80251000 rw-p 00000000 00:00 0 
7f4b80251000-7f4b84000000 ---p 00000000 00:00 0 
7f4b84000000-7f4b8409f000 rw-p 00000000 00:00 0 
7f4b8409f000-7f4b88000000 ---p 00000000 00:00 0 
7f4b88000000-7f4b88021000 rw-p 00000000 00:00 0 
7f4b88021000-7f4b8c000000 ---p 00000000 00:00 0 
7f4b8cb1b000-7f4b8cb1e000 ---p 00000000 00:00 0 
7f4b8cb1e000-7f4b8cc1c000 rw-p 00000000 00:00 0                          [stack:3514]
7f4b8cc1c000-7f4b8cc1f000 ---p 00000000 00:00 0 
7f4b8cc1f000-7f4b8cd1d000 rw-p 00000000 00:00 0                          [stack:3513]
7f4b8cd1d000-7f4b8cd20000 ---p 00000000 00:00 0 
7f4b8cd20000-7f4b8ce1e000 rw-p 00000000 00:00 0                          [stack:3512]
7f4b8ce1e000-7f4b8ce21000 ---p 00000000 00:00 0 
7f4b8ce21000-7f4b8cf1f000 rw-p 00000000 00:00 0                          [stack:3511]
7f4b8cf1f000-7f4b8cf22000 ---p 00000000 00:00 0 
7f4b8cf22000-7f4b8d120000 rw-p 00000000 00:00 0                          [stack:3510]
7f4b8d120000-7f4b8d220000 ---p 00000000 00:00 0 
7f4b8d220000-7f4b8d420000 rw-p 00000000 00:00 0 
7f4b8d420000-7f4b8d620000 rw-p 00000000 00:00 0 
7f4b8d620000-7f4b8d820000 rw-p 00000000 00:00 0 
7f4b8d820000-7f4b8d8a4000 r-xp 00000000 08:03 5917606                    /tmp/sqlite-3.7.2-libsqlitejdbc.so
7f4b8d8a4000-7f4b8daa4000 ---p 00084000 08:03 5917606                    /tmp/sqlite-3.7.2-libsqlitejdbc.so
7f4b8daa4000-7f4b8daa5000 r--p 00084000 08:03 5917606                    /tmp/sqlite-3.7.2-libsqlitejdbc.so
7f4b8daa5000-7f4b8daa8000 rw-p 00085000 08:03 5917606                    /tmp/sqlite-3.7.2-libsqlitejdbc.so
7f4b8daa8000-7f4b8daab000 ---p 00000000 00:00 0 
7f4b8daab000-7f4b8dce1000 rw-p 00000000 00:00 0                          [stack:3509]
7f4b8dce1000-7f4b8dce4000 ---p 00000000 00:00 0 
7f4b8dce4000-7f4b8dfe2000 rw-p 00000000 00:00 0                          [stack:3507]
7f4b8dfe2000-7f4b8dfe5000 ---p 00000000 00:00 0 
7f4b8dfe5000-7f4b8e0e3000 rw-p 00000000 00:00 0                          [stack:3506]
7f4b8e0e3000-7f4b8e0e6000 ---p 00000000 00:00 0 
7f4b8e0e6000-7f4b8e3e4000 rw-p 00000000 00:00 0                          [stack:3505]
7f4b8e3e4000-7f4b8e3e7000 ---p 00000000 00:00 0 
7f4b8e3e7000-7f4b8e6e5000 rw-p 00000000 00:00 0                          [stack:3504]
7f4b8e702000-7f4b8e903000 rw-p 00000000 00:00 0 
7f4b8e903000-7f4b8e916000 r--s 00345000 08:03 3569668                    /usr/lib/jvm/java-8-oracle/jre/lib/resources.jar
7f4b8e916000-7f4b8eb16000 rw-p 00000000 00:00 0 
7f4b8eb16000-7f4b8ed16000 rw-p 00000000 00:00 0 
7f4b8ed16000-7f4b8edab000 r--s 01109000 08:03 3569596                    /usr/lib/jvm/java-8-oracle/jre/lib/ext/jfxrt.jar
7f4b8edab000-7f4b8edbc000 r-xp 00000000 08:03 4870868                    /usr/lib/jvm/java-8-oracle/jre/lib/amd64/libnio.so
7f4b8edbc000-7f4b8efbb000 ---p 00011000 08:03 4870868                    /usr/lib/jvm/java-8-oracle/jre/lib/amd64/libnio.so
7f4b8efbb000-7f4b8efbc000 rw-p 00010000 08:03 4870868                    /usr/lib/jvm/java-8-oracle/jre/lib/amd64/libnio.so
7f4b8efbc000-7f4b8f1bc000 rw-p 00000000 00:00 0 
7f4b8f1bc000-7f4b8f3bc000 rw-p 00000000 00:00 0 
7f4b8f3bc000-7f4b8f3c1000 r--s 002f9000 08:03 3569547                    /usr/lib/jvm/java-8-oracle/jre/lib/charsets.jar
7f4b8f3c1000-7f4b8f3c4000 ---p 00000000 00:00 0 
7f4b8f3c4000-7f4b8f4c2000 rw-p 00000000 00:00 0                          [stack:3503]
7f4b8f4c2000-7f4b8f4cb000 r-xp 00000000 08:03 4870832                    /usr/lib/jvm/java-8-oracle/jre/lib/amd64/libmanagement.so
7f4b8f4cb000-7f4b8f6ca000 ---p 00009000 08:03 4870832                    /usr/lib/jvm/java-8-oracle/jre/lib/amd64/libmanagement.so
7f4b8f6ca000-7f4b8f6cb000 rw-p 00008000 08:03 4870832                    /usr/lib/jvm/java-8-oracle/jre/lib/amd64/libmanagement.so
7f4b8f6cb000-7f4b8f8cb000 rw-p 00000000 00:00 0 
7f4b8f8cb000-7f4b8facb000 rw-p 00000000 00:00 0 
7f4b8facb000-7f4b8fccb000 rw-p 00000000 00:00 0 
7f4b8fccb000-7f4b8fccf000 r--s 0009a000 08:03 3569602                    /usr/lib/jvm/java-8-oracle/jre/lib/jsse.jar
7f4b8fccf000-7f4b8fcd2000 ---p 00000000 00:00 0 
7f4b8fcd2000-7f4b8fdd0000 rw-p 00000000 00:00 0                          [stack:3500]
7f4b8fdd0000-7f4b8fde6000 r-xp 00000000 08:03 4870893                    /usr/lib/jvm/java-8-oracle/jre/lib/amd64/libnet.so
7f4b8fde6000-7f4b8ffe6000 ---p 00016000 08:03 4870893                    /usr/lib/jvm/java-8-oracle/jre/lib/amd64/libnet.so
7f4b8ffe6000-7f4b8ffe7000 rw-p 00016000 08:03 4870893                    /usr/lib/jvm/java-8-oracle/jre/lib/amd64/libnet.so
7f4b8ffe7000-7f4b8fff1000 r--s 00069000 08:03 5923589                    /home/sharmila/.gradle/caches/modules-2/files-2.1/ch.qos.logback/logback-core/1.1.8/b4d1c3dea91727faf8b3d19cf4b9b972d6c0b89/logback-core-1.1.8.jar
7f4b8fff1000-7f4b8fff3000 r--s 00012000 08:03 5916922                    /home/sharmila/.gradle/caches/modules-2/files-2.1/net.minidev/accessors-smart/1.1/a527213f2fea112a04c9bdf0ec0264e34104cd08/accessors-smart-1.1.jar
7f4b8fff3000-7f4b8fff5000 r--s 00009000 08:03 5923902                    /home/sharmila/.gradle/caches/modules-2/files-2.1/org.apache.tomcat/tomcat-juli/8.5.6/83d2d1e3362ecca504f3bf8ed1bc4cc451754d24/tomcat-juli-8.5.6.jar
7f4b8fff5000-7f4b8fffe000 r--s 0002d000 08:03 5923903                    /home/sharmila/.gradle/caches/modules-2/files-2.1/xml-apis/xml-apis/1.4.01/3789d9fada2d3d458c4ba2de349d48780f381ee3/xml-apis-1.4.01.jar
7f4b8fffe000-7f4b90000000 r--s 00004000 08:03 5923588                    /home/sharmila/.gradle/caches/modules-2/files-2.1/org.slf4j/log4j-over-slf4j/1.7.22/a527c37e9ca6c3d19ba298edd4aa344ca751a203/log4j-over-slf4j-1.7.22.jar
7f4b90000000-7f4b91056000 rw-p 00000000 00:00 0 
7f4b91056000-7f4b94000000 ---p 00000000 00:00 0 
7f4b94000000-7f4b94021000 rw-p 00000000 00:00 0 
7f4b94021000-7f4b98000000 ---p 00000000 00:00 0 
7f4b98000000-7f4b99eff000 rw-p 00000000 00:00 0 
7f4b99eff000-7f4b9c000000 ---p 00000000 00:00 0 
7f4b9c000000-7f4b9c021000 rw-p 00000000 00:00 0 
7f4b9c021000-7f4ba0000000 ---p 00000000 00:00 0 
7f4ba0000000-7f4ba0021000 rw-p 00000000 00:00 0 
7f4ba0021000-7f4ba4000000 ---p 00000000 00:00 0 
7f4ba4000000-7f4ba5ba4000 rw-p 00000000 00:00 0 
7f4ba5ba4000-7f4ba8000000 ---p 00000000 00:00 0 
7f4ba8000000-7f4ba8021000 rw-p 00000000 00:00 0 
7f4ba8021000-7f4bac000000 ---p 00000000 00:00 0 
7f4bac000000-7f4bac021000 rw-p 00000000 00:00 0 
7f4bac021000-7f4bb0000000 ---p 00000000 00:00 0 
7f4bb0000000-7f4bb0073000 rw-p 00000000 00:00 0 
7f4bb0073000-7f4bb4000000 ---p 00000000 00:00 0 
7f4bb4000000-7f4bb4023000 rw-p 00000000 00:00 0 
7f4bb4023000-7f4bb8000000 ---p 00000000 00:00 0 
7f4bb8000000-7f4bb8001000 r--s 0000c000 08:03 5916924                    /home/sharmila/.gradle/caches/modules-2/files-2.1/org.ow2.asm/asm/5.0.3/dcc2193db20e19e1feca8b1240dbbc4e190824fa/asm-5.0.3.jar
7f4bb8001000-7f4bb8003000 r--s 00000000 08:03 5923587                    /home/sharmila/.gradle/caches/modules-2/files-2.1/org.slf4j/jul-to-slf4j/1.7.22/b0429e950b3d2bc2c39c1bacafac753edbe3781c/jul-to-slf4j-1.7.22.jar
7f4bb8003000-7f4bb8009000 r--s 00045000 08:03 5923585                    /home/sharmila/.gradle/caches/modules-2/files-2.1/ch.qos.logback/logback-classic/1.1.8/e54f49a227611976642f81cf2106b81c1ece8bf5/logback-classic-1.1.8.jar
7f4bb8009000-7f4bb800a000 r--s 0000f000 08:03 5916909                    /home/sharmila/.gradle/caches/modules-2/files-2.1/org.json/json/20140107/d1ffca6e2482b002702c6a576166fd685e3370e3/json-20140107.jar
7f4bb800a000-7f4bb800c000 r--s 00009000 08:03 5916921                    /home/sharmila/.gradle/caches/modules-2/files-2.1/org.objenesis/objenesis/2.1/87c0ea803b69252868d09308b4618f766f135a96/objenesis-2.1.jar
7f4bb800c000-7f4bb800f000 r--s 0001b000 08:03 5916920                    /home/sharmila/.gradle/caches/modules-2/files-2.1/net.minidev/json-smart/2.2.1/5b9e5df7a62d1279b70dc882b041d249c4f0b002/json-smart-2.2.1.jar
7f4bb800f000-7f4bb8011000 r--s 00003000 08:03 5923586                    /home/sharmila/.gradle/caches/modules-2/files-2.1/org.slf4j/jcl-over-slf4j/1.7.22/86ceac14535af5a42c8fb0d06d79b925dd3cb263/jcl-over-slf4j-1.7.22.jar
7f4bb8011000-7f4bb8013000 r--s 00009000 08:03 5923584                    /home/sharmila/.gradle/caches/modules-2/files-2.1/org.slf4j/slf4j-api/1.7.22/a1c83373863cec7ae8d89dc1c5722d8cb6ec0309/slf4j-api-1.7.22.jar
7f4bb8013000-7f4bb801b000 r--s 0003a000 08:03 5923901                    /home/sharmila/.gradle/caches/modules-2/files-2.1/org.springframework/spring-tx/4.3.5.RELEASE/296d8ae21fadc0f115dae7d1e8d5c4f8c7de2c3e/spring-tx-4.3.5.RELEASE.jar
7f4bb801b000-7f4bb8025000 r--s 0006b000 08:03 5923900                    /home/sharmila/.gradle/caches/modules-2/files-2.1/org.springframework/spring-orm/4.3.5.RELEASE/64c29d310b69bcc6e1fd5a738fa3629bdedb2d3f/spring-orm-4.3.5.RELEASE.jar
7f4bb8025000-7f4bb8035000 r--s 0009a000 08:03 5923899                    /home/sharmila/.gradle/caches/modules-2/files-2.1/org.springframework.data/spring-data-commons/1.12.6.RELEASE/b6403dcfce33e89613f364d80d653d7540279c47/spring-data-commons-1.12.6.RELEASE.jar
7f4bb8035000-7f4bb803f000 r--s 0005f000 08:03 5923898                    /home/sharmila/.gradle/caches/modules-2/files-2.1/org.springframework/spring-jdbc/4.3.5.RELEASE/7c09e38b6f6e0b178973dea06bb8fdc6d19aa596/spring-jdbc-4.3.5.RELEASE.jar
7f4bb803f000-7f4bb8042000 r--s 00020000 08:03 5923897                    /home/sharmila/.gradle/caches/modules-2/files-2.1/org.apache.tomcat/tomcat-jdbc/8.5.6/feb10a9e22f70565c7556f327b0481dba8587bbc/tomcat-jdbc-8.5.6.jar
7f4bb8042000-7f4bb805b000 r--s 001af000 08:03 5923896                    /home/sharmila/.gradle/caches/modules-2/files-2.1/org.aspectj/aspectjweaver/1.8.9/db28774f477f07220eac18d5ec9c4e01f48589d7/aspectjweaver-1.8.9.jar
7f4bb805b000-7f4bb805e000 r--s 00010000 08:03 5923833                    /home/sharmila/.gradle/caches/modules-2/files-2.1/org.hibernate.common/hibernate-commons-annotations/5.0.1.Final/71e1cff3fcb20d3b3af4f3363c3ddb24d33c6879/hibernate-commons-annotations-5.0.1.Final.jar
7f4bb805e000-7f4bb8063000 r--s 00048000 08:03 5923832                    /home/sharmila/.gradle/caches/modules-2/files-2.1/dom4j/dom4j/1.6.1/5d3ccc056b6f056dbf0dddfdf43894b9065a8f94/dom4j-1.6.1.jar
7f4bb8063000-7f4bb8066000 r--s 0002b000 08:03 5923433                    /home/sharmila/.gradle/caches/modules-2/files-2.1/org.jboss/jandex/2.0.0.Final/3e899258936f94649c777193e1be846387ed54b3/jandex-2.0.0.Final.jar
7f4bb8066000-7f4bb8067000 r--s 00003000 08:03 5923830                    /home/sharmila/.gradle/caches/modules-2/files-2.1/org.apache.geronimo.specs/geronimo-jta_1.1_spec/1.1.1/aabab3165b8ea936b9360abbf448459c0d04a5a4/geronimo-jta_1.1_spec-1.1.1.jar
7f4bb8067000-7f4bb806c000 r--s 00068000 08:03 5923829                    /home/sharmila/.gradle/caches/modules-2/files-2.1/antlr/antlr/2.7.7/83cd2cd674a217ade95a4bb83a8a14f351f48bd0/antlr-2.7.7.jar
7f4bb806c000-7f4bb8071000 r--s 0003c000 08:03 5923583                    /home/sharmila/.gradle/caches/modules-2/files-2.1/org.springframework/spring-expression/4.3.5.RELEASE/3689dc6c5b942ecde4122eac889ed87977d6f287/spring-expression-4.3.5.RELEASE.jar
7f4bb8071000-7f4bb808b000 r--s 000fc000 08:03 5923582                    /home/sharmila/.gradle/caches/modules-2/files-2.1/org.springframework/spring-context/4.3.5.RELEASE/ca3391c0e17d0138335ba51b51371661d20d56a8/spring-context-4.3.5.RELEASE.jar
7f4bb808b000-7f4bb8098000 r--s 000ad000 08:03 5923581                    /home/sharmila/.gradle/caches/modules-2/files-2.1/org.springframework/spring-beans/4.3.5.RELEASE/e12bbc3277da28e2e2608a187f83091dc6c300bf/spring-beans-4.3.5.RELEASE.jar
7f4bb8098000-7f4bb80a1000 r--s 00054000 08:03 5923580                    /home/sharmila/.gradle/caches/modules-2/files-2.1/org.springframework/spring-aop/4.3.5.RELEASE/4f113218af716bd8d174c411f19b26418b5a70f6/spring-aop-4.3.5.RELEASE.jar
7f4bb80a1000-7f4bb80a5000 r--s 00041000 08:03 5923579                    /home/sharmila/.gradle/caches/modules-2/files-2.1/com.fasterxml.jackson.core/jackson-core/2.8.5/60d059f5d2930ccd1ef03535b713fd9f933d1ba7/jackson-core-2.8.5.jar
7f4bb80a5000-7f4bb80a8000 r--s 0000b000 08:03 5923578                    /home/sharmila/.gradle/caches/modules-2/files-2.1/com.fasterxml.jackson.core/jackson-annotations/2.8.5/9d82ff47bc2c2d3b5b6a6618fe636782bbcd5b07/jackson-annotations-2.8.5.jar
7f4bb80a8000-7f4bb80aa000 r--s 0000e000 08:03 5917543                    /home/sharmila/.gradle/caches/modules-2/files-2.1/com.fasterxml/classmate/1.3.3/864c8e370a691e343210cc7c532fc198cee460d8/classmate-1.3.3.jar
7f4bb80aa000-7f4bb80ae000 r--s 0000c000 08:03 5916766                    /home/sharmila/.gradle/caches/modules-2/files-2.1/javax.validation/validation-api/1.1.0.Final/8613ae82954779d518631e05daa73a6a954817d5/validation-api-1.1.0.Final.jar
7f4bb80ae000-7f4bb80b3000 r--s 00036000 08:03 5917542                    /home/sharmila/.gradle/caches/modules-2/files-2.1/org.apache.tomcat.embed/tomcat-embed-websocket/8.5.6/6f6940a216b380ea8506530c374fcfeef820ba54/tomcat-embed-websocket-8.5.6.jar
7f4bb80b3000-7f4bb80b4000 r--s 00000000 08:03 5923577                    /home/sharmila/.gradle/caches/modules-2/files-2.1/org.springframework.boot/spring-boot-starter-logging/1.4.3.RELEASE/1c58783c0694abf695babfd39829922d2d501ec2/spring-boot-starter-logging-1.4.3.RELEASE.jar
7f4bb80b4000-7f4bb80d2000 r--s 000d0000 08:03 5923576                    /home/sharmila/.gradle/caches/modules-2/files-2.1/org.springframework.boot/spring-boot-autoconfigure/1.4.3.RELEASE/41df1bfbdd4ae4e8499ebe1a4bc613bda316d6e1/spring-boot-autoconfigure-1.4.3.RELEASE.jar
7f4bb80d2000-7f4bb80e2000 r--s 00092000 08:03 5923575                    /home/sharmila/.gradle/caches/modules-2/files-2.1/org.springframework.boot/spring-boot/1.4.3.RELEASE/17f94def4460075afdfba6bf8f897cd1fc95bf77/spring-boot-1.4.3.RELEASE.jar
7f4bb80e2000-7f4bb80f1000 r--s 00084000 08:03 5923574                    /home/sharmila/.gradle/caches/modules-2/files-2.1/org.springframework/spring-test/4.3.5.RELEASE/a1965127e07b469d8e5bb3d2b0ff850423b66be4/spring-test-4.3.5.RELEASE.jar
7f4bb80f1000-7f4bb8107000 r--s 000fa000 08:03 5923530                    /home/sharmila/.gradle/caches/modules-2/files-2.1/org.springframework/spring-core/4.3.5.RELEASE/80299e3f80e8c6d5c076db2ba6adf44a4b52f578/spring-core-4.3.5.RELEASE.jar
7f4bb8107000-7f4bb8108000 r--s 00006000 08:03 5916915                    /home/sharmila/.gradle/caches/modules-2/files-2.1/org.skyscreamer/jsonassert/1.3.0/d5c250eb122496866de36dc84f98e2945845ecdd/jsonassert-1.3.0.jar
7f4bb8108000-7f4bb810a000 r--s 00009000 08:03 5913472                    /home/sharmila/.gradle/caches/modules-2/files-2.1/org.hamcrest/hamcrest-core/1.3/42a25dc3219429f0e5d060061f71acb49bf010a0/hamcrest-core-1.3.jar
7f4bb810a000-7f4bb8126000 r--s 00103000 08:03 5916914                    /home/sharmila/.gradle/caches/modules-2/files-2.1/org.mockito/mockito-core/1.10.19/e8546f5bef4e061d8dd73895b4e8f40e3fe6effe/mockito-core-1.10.19.jar
7f4bb8126000-7f4bb8139000 r--s 000d2000 08:03 5916913                    /home/sharmila/.gradle/caches/modules-2/files-2.1/org.assertj/assertj-core/2.5.0/fcd21db4c5f33e5dcac69bf1816415fe0647582f/assertj-core-2.5.0.jar
7f4bb8139000-7f4bb813e000 r--s 0002e000 08:03 5916911                    /home/sharmila/.gradle/caches/modules-2/files-2.1/com.jayway.jsonpath/json-path/2.2.0/22290d17944bd239fabf5ac69005a60a7ecbbbcb/json-path-2.2.0.jar
7f4bb813e000-7f4bb8143000 r--s 00017000 08:03 5923573                    /home/sharmila/.gradle/caches/modules-2/files-2.1/org.springframework.boot/spring-boot-test-autoconfigure/1.4.3.RELEASE/1a7587605e981a58104a501ab1896e2eb7a76686/spring-boot-test-autoconfigure-1.4.3.RELEASE.jar
7f4bb8143000-7f4bb8148000 r--s 00021000 08:03 5923572                    /home/sharmila/.gradle/caches/modules-2/files-2.1/org.springframework.boot/spring-boot-test/1.4.3.RELEASE/2d76638f0f13b33859bf3b927c232ff0f8a4ffbf/spring-boot-test-1.4.3.RELEASE.jar
7f4bb8148000-7f4bb814e000 r--s 0003d000 08:03 5916762                    /home/sharmila/.gradle/caches/modules-2/files-2.1/org.yaml/snakeyaml/1.17/7a27ea250c5130b2922b86dea63cbb1cc10a660c/snakeyaml-1.17.jar
7f4bb814e000-7f4bb8150000 r--s 00006000 08:03 5923638                    /home/sharmila/.gradle/caches/modules-2/files-2.1/com.beust/jcommander/1.12/7409692b48022f9eca7445861defbcdb9ee3c2a8/jcommander-1.12.jar
7f4bb8150000-7f4bb8155000 r--s 00040000 08:03 5923637                    /home/sharmila/.gradle/caches/modules-2/files-2.1/org.beanshell/bsh/2.0b4/a05f0a0feefa8d8467ac80e16e7de071489f0d9c/bsh-2.0b4.jar
7f4bb8155000-7f4bb815d000 r--s 00045000 08:03 5913471                    /home/sharmila/.gradle/caches/modules-2/files-2.1/junit/junit/4.12/2973d150c0dc1fefe998f834810d68f278ea58ec/junit-4.12.jar
7f4bb815d000-7f4bb8160000 r--s 0000c000 08:03 5923895                    /home/sharmila/.gradle/caches/modules-2/files-2.1/org.springframework/spring-aspects/4.3.5.RELEASE/8c00c15865a1da0a1ba143a50622a8436a56e097/spring-aspects-4.3.5.RELEASE.jar
7f4bb8160000-7f4bb8166000 r--s 0003f000 08:03 5923894                    /home/sharmila/.gradle/caches/modules-2/files-2.1/org.springframework.data/spring-data-jpa/1.10.6.RELEASE/5d478860b24a493845248c1c336c33a657567bd3/spring-data-jpa-1.10.6.RELEASE.jar
7f4bb8166000-7f4bb8168000 r--s 00006000 08:03 5923893                    /home/sharmila/.gradle/caches/modules-2/files-2.1/javax.transaction/javax.transaction-api/1.2/d81aff979d603edd90dcd8db2abc1f4ce6479e3e/javax.transaction-api-1.2.jar
7f4bb8168000-7f4bb8175000 r--s 00089000 08:03 5923892                    /home/sharmila/.gradle/caches/modules-2/files-2.1/org.hibernate/hibernate-entitymanager/5.0.11.Final/549565caed4e0bcb816843693e66ff7b04ce025f/hibernate-entitymanager-5.0.11.Final.jar
7f4bb8175000-7f4bb817f000 r--s 000ae000 08:03 5916958                    /home/sharmila/.gradle/caches/modules-2/files-2.1/org.javassist/javassist/3.20.0-GA/a9cbcdfb7e9f86fbc74d3afae65f2248bfbf82a0/javassist-3.20.0-GA.jar
7f4bb817f000-7f4bb8184000 r--s 00017000 08:03 5923828                    /home/sharmila/.gradle/caches/modules-2/files-2.1/org.hibernate.javax.persistence/hibernate-jpa-2.1-api/1.0.0.Final/5e731d961297e5a07290bfaf3db1fbc8bbbf405a/hibernate-jpa-2.1-api-1.0.0.Final.jar
7f4bb8184000-7f4bb81ed000 r--s 004f3000 08:03 5923432                    /home/sharmila/.gradle/caches/modules-2/files-2.1/org.hibernate/hibernate-core/5.0.11.Final/c2487fb72a2217a7cec9ab478d4c21a36fc09977/hibernate-core-5.0.11.Final.jar
7f4bb81ed000-7f4bb8200000 r--s 00236000 08:03 5916949                    /home/sharmila/.gradle/caches/modules-2/files-2.1/org.eclipse.jdt.core.compiler/ecj/4.5.1/bee1367ac12fb6a20b422ff8711ebeb4f0a42316/ecj-4.5.1.jar
7f4bb8200000-7f4bb8205000 r--s 00036000 08:03 5917541                    /home/sharmila/.gradle/caches/modules-2/files-2.1/org.apache.tomcat.embed/tomcat-embed-el/8.5.6/a102298d8dc72f4065533d5962953d753b172602/tomcat-embed-el-8.5.6.jar
7f4bb8205000-7f4bb822e000 r--s 002b2000 08:03 5917540                    /home/sharmila/.gradle/caches/modules-2/files-2.1/org.apache.tomcat.embed/tomcat-embed-core/8.5.6/960834b5abc6b2135250487abf6c060a0fa5a22e/tomcat-embed-core-8.5.6.jar
7f4bb822e000-7f4bb823f000 r--s 000cf000 08:03 5923571                    /home/sharmila/.gradle/caches/modules-2/files-2.1/org.springframework/spring-webmvc/4.3.5.RELEASE/c624659217edab07d8279fb0f90462136f089220/spring-webmvc-4.3.5.RELEASE.jar
7f4bb823f000-7f4bb8251000 r--s 000b6000 08:03 5923570                    /home/sharmila/.gradle/caches/modules-2/files-2.1/org.springframework/spring-web/4.3.5.RELEASE/6641daccf2fddafc8358144f3a4f999130fdf144/spring-web-4.3.5.RELEASE.jar
7f4bb8251000-7f4bb8262000 r--s 0011d000 08:03 5923569                    /home/sharmila/.gradle/caches/modules-2/files-2.1/com.fasterxml.jackson.core/jackson-databind/2.8.5/b3035f37e674c04dafe36a660c3815cc59f764e2/jackson-databind-2.8.5.jar
7f4bb8262000-7f4bb8272000 r--s 0009c000 08:03 5916756                    /home/sharmila/.gradle/caches/modules-2/files-2.1/org.hibernate/hibernate-validator/5.2.4.Final/fb18766b576aa6632bcfe9a20a023cbd52bf9769/hibernate-validator-5.2.4.Final.jar
7f4bb8272000-7f4bb8273000 ---p 00000000 00:00 0 
7f4bb8273000-7f4bb8373000 rw-p 00000000 00:00 0                          [stack:3499]
7f4bb8373000-7f4bb8376000 ---p 00000000 00:00 0 
7f4bb8376000-7f4bb8474000 rw-p 00000000 00:00 0                          [stack:3498]
7f4bb8474000-7f4bb8477000 ---p 00000000 00:00 0 
7f4bb8477000-7f4bb8575000 rw-p 00000000 00:00 0                          [stack:3497]
7f4bb8575000-7f4bb8578000 ---p 00000000 00:00 0 
7f4bb8578000-7f4bb8676000 rw-p 00000000 00:00 0                          [stack:3496]
7f4bb8676000-7f4bb8679000 ---p 00000000 00:00 0 
7f4bb8679000-7f4bb8777000 rw-p 00000000 00:00 0                          [stack:3495]
7f4bb8777000-7f4bb877a000 ---p 00000000 00:00 0 
7f4bb877a000-7f4bb8878000 rw-p 00000000 00:00 0                          [stack:3494]
7f4bb8878000-7f4bb8f5b000 r--p 00000000 08:03 3152909                    /usr/lib/locale/locale-archive
7f4bb8f5b000-7f4bb8f5e000 ---p 00000000 00:00 0 
7f4bb8f5e000-7f4bb905c000 rw-p 00000000 00:00 0                          [stack:3493]
7f4bb905c000-7f4bb905f000 ---p 00000000 00:00 0 
7f4bb905f000-7f4bb915d000 rw-p 00000000 00:00 0                          [stack:3492]
7f4bb915d000-7f4bb915e000 ---p 00000000 00:00 0 
7f4bb915e000-7f4bbc000000 rw-p 00000000 00:00 0                          [stack:3491]
7f4bbc000000-7f4bbc021000 rw-p 00000000 00:00 0 
7f4bbc021000-7f4bc0000000 ---p 00000000 00:00 0 
7f4bc0000000-7f4bc0021000 rw-p 00000000 00:00 0 
7f4bc0021000-7f4bc4000000 ---p 00000000 00:00 0 
7f4bc4000000-7f4bc4021000 rw-p 00000000 00:00 0 
7f4bc4021000-7f4bc8000000 ---p 00000000 00:00 0 
7f4bc8000000-7f4bc8001000 r--s 0000c000 08:03 5916912                    /home/sharmila/.gradle/caches/modules-2/files-2.1/org.hamcrest/hamcrest-library/1.3/4785a3c21320980282f9f33d0d1264a69040538f/hamcrest-library-1.3.jar
7f4bc8001000-7f4bc8002000 r--s 00000000 08:03 5923891                    /home/sharmila/.gradle/caches/modules-2/files-2.1/org.springframework.boot/spring-boot-starter-jdbc/1.4.3.RELEASE/7ce66cf27ea731189248be7af2ab84ba189e1151/spring-boot-starter-jdbc-1.4.3.RELEASE.jar
7f4bc8002000-7f4bc800e000 r--s 000a4000 08:03 5923636                    /home/sharmila/.gradle/caches/modules-2/files-2.1/org.testng/testng/6.5.2/5069d2e72356ed87645c5fc3622b0bbb5e0667c9/testng-6.5.2.jar
7f4bc800e000-7f4bc8017000 r--s 00095000 08:03 5913393                    /home/sharmila/.gradle/caches/modules-2/files-2.1/org.apache.tomcat.embed/tomcat-embed-jasper/9.0.0.M11/e2cd5a7038094195c3163532e01daf051d9265fe/tomcat-embed-jasper-9.0.0.M11.jar
7f4bc8017000-7f4bc801f000 r--s 00046000 08:03 2759763                    /home/sharmila/Downloads/sts 3.6.4/sts-bundle/sts-3.6.4.RELEASE/plugins/org.testng.eclipse_6.10.0.201612030230/lib/testng-remote.jar
7f4bc801f000-7f4bc8040000 rw-p 00000000 00:00 0 
7f4bc8040000-7f4bc8219000 r--s 03d3e000 08:03 3569606                    /usr/lib/jvm/java-8-oracle/jre/lib/rt.jar
7f4bc8219000-7f4bc8bfc000 rw-p 00000000 00:00 0 
7f4bc8bfc000-7f4bc8bfd000 ---p 00000000 00:00 0 
7f4bc8bfd000-7f4bc8cfd000 rw-p 00000000 00:00 0                          [stack:3490]
7f4bc8cfd000-7f4bc8cfe000 ---p 00000000 00:00 0 
7f4bc8cfe000-7f4bc8dfe000 rw-p 00000000 00:00 0                          [stack:3489]
7f4bc8dfe000-7f4bc8dff000 ---p 00000000 00:00 0 
7f4bc8dff000-7f4bc8eff000 rw-p 00000000 00:00 0                          [stack:3488]
7f4bc8eff000-7f4bc8f00000 ---p 00000000 00:00 0 
7f4bc8f00000-7f4bc9000000 rw-p 00000000 00:00 0                          [stack:3487]
7f4bc9000000-7f4bc9c90000 rwxp 00000000 00:00 0 
7f4bc9c90000-7f4bd8000000 ---p 00000000 00:00 0 
7f4bd8000000-7f4bd9914000 rw-p 00000000 00:00 0 
7f4bd9914000-7f4bdc000000 ---p 00000000 00:00 0 
7f4bdc000000-7f4bdc005000 r--s 00309000 08:03 5923826                    /home/sharmila/.gradle/caches/modules-2/files-2.1/org.xerial/sqlite-jdbc/3.7.2/7a3d67f00508d3881650579f7f228c61bfc1b196/sqlite-jdbc-3.7.2.jar
7f4bdc005000-7f4bdc0b7000 rw-p 00000000 00:00 0 
7f4bdc0b7000-7f4bdc1de000 ---p 00000000 00:00 0 
7f4bdc1de000-7f4bdc1f9000 rw-p 00000000 00:00 0 
7f4bdc1f9000-7f4bdc320000 ---p 00000000 00:00 0 
7f4bdc320000-7f4bdc37e000 rw-p 00000000 00:00 0 
7f4bdc37e000-7f4bdc3c1000 ---p 00000000 00:00 0 
7f4bdc3c1000-7f4bdc3f5000 rw-p 00000000 00:00 0 
7f4bdc3f5000-7f4bdc782000 ---p 00000000 00:00 0 
7f4bdc782000-7f4bdc79c000 r-xp 00000000 08:03 4870864                    /usr/lib/jvm/java-8-oracle/jre/lib/amd64/libzip.so
7f4bdc79c000-7f4bdc99c000 ---p 0001a000 08:03 4870864                    /usr/lib/jvm/java-8-oracle/jre/lib/amd64/libzip.so
7f4bdc99c000-7f4bdc99d000 rw-p 0001a000 08:03 4870864                    /usr/lib/jvm/java-8-oracle/jre/lib/amd64/libzip.so
7f4bdc99d000-7f4bdc9a7000 r-xp 00000000 08:03 4070135                    /lib/x86_64-linux-gnu/libnss_files-2.19.so
7f4bdc9a7000-7f4bdcba6000 ---p 0000a000 08:03 4070135                    /lib/x86_64-linux-gnu/libnss_files-2.19.so
7f4bdcba6000-7f4bdcba7000 r--p 00009000 08:03 4070135                    /lib/x86_64-linux-gnu/libnss_files-2.19.so
7f4bdcba7000-7f4bdcba8000 rw-p 0000a000 08:03 4070135                    /lib/x86_64-linux-gnu/libnss_files-2.19.so
7f4bdcba8000-7f4bdcbb3000 r-xp 00000000 08:03 4070127                    /lib/x86_64-linux-gnu/libnss_nis-2.19.so
7f4bdcbb3000-7f4bdcdb2000 ---p 0000b000 08:03 4070127                    /lib/x86_64-linux-gnu/libnss_nis-2.19.so
7f4bdcdb2000-7f4bdcdb3000 r--p 0000a000 08:03 4070127                    /lib/x86_64-linux-gnu/libnss_nis-2.19.so
7f4bdcdb3000-7f4bdcdb4000 rw-p 0000b000 08:03 4070127                    /lib/x86_64-linux-gnu/libnss_nis-2.19.so
7f4bdcdb4000-7f4bdcdcb000 r-xp 00000000 08:03 4070123                    /lib/x86_64-linux-gnu/libnsl-2.19.so
7f4bdcdcb000-7f4bdcfca000 ---p 00017000 08:03 4070123                    /lib/x86_64-linux-gnu/libnsl-2.19.so
7f4bdcfca000-7f4bdcfcb000 r--p 00016000 08:03 4070123                    /lib/x86_64-linux-gnu/libnsl-2.19.so
7f4bdcfcb000-7f4bdcfcc000 rw-p 00017000 08:03 4070123                    /lib/x86_64-linux-gnu/libnsl-2.19.so
7f4bdcfcc000-7f4bdcfce000 rw-p 00000000 00:00 0 
7f4bdcfce000-7f4bdcfd7000 r-xp 00000000 08:03 4070122                    /lib/x86_64-linux-gnu/libnss_compat-2.19.so
7f4bdcfd7000-7f4bdd1d6000 ---p 00009000 08:03 4070122                    /lib/x86_64-linux-gnu/libnss_compat-2.19.so
7f4bdd1d6000-7f4bdd1d7000 r--p 00008000 08:03 4070122                    /lib/x86_64-linux-gnu/libnss_compat-2.19.so
7f4bdd1d7000-7f4bdd1d8000 rw-p 00009000 08:03 4070122                    /lib/x86_64-linux-gnu/libnss_compat-2.19.so
7f4bdd1d8000-7f4bdd203000 r-xp 00000000 08:03 4870782                    /usr/lib/jvm/java-8-oracle/jre/lib/amd64/libjava.so
7f4bdd203000-7f4bdd402000 ---p 0002b000 08:03 4870782                    /usr/lib/jvm/java-8-oracle/jre/lib/amd64/libjava.so
7f4bdd402000-7f4bdd404000 rw-p 0002a000 08:03 4870782                    /usr/lib/jvm/java-8-oracle/jre/lib/amd64/libjava.so
7f4bdd404000-7f4bdd411000 r-xp 00000000 08:03 4870821                    /usr/lib/jvm/java-8-oracle/jre/lib/amd64/libverify.so
7f4bdd411000-7f4bdd610000 ---p 0000d000 08:03 4870821                    /usr/lib/jvm/java-8-oracle/jre/lib/amd64/libverify.so
7f4bdd610000-7f4bdd612000 rw-p 0000c000 08:03 4870821                    /usr/lib/jvm/java-8-oracle/jre/lib/amd64/libverify.so
7f4bdd612000-7f4bdd619000 r-xp 00000000 08:03 4070131                    /lib/x86_64-linux-gnu/librt-2.19.so
7f4bdd619000-7f4bdd818000 ---p 00007000 08:03 4070131                    /lib/x86_64-linux-gnu/librt-2.19.so
7f4bdd818000-7f4bdd819000 r--p 00006000 08:03 4070131                    /lib/x86_64-linux-gnu/librt-2.19.so
7f4bdd819000-7f4bdd81a000 rw-p 00007000 08:03 4070131                    /lib/x86_64-linux-gnu/librt-2.19.so
7f4bdd81a000-7f4bdd91f000 r-xp 00000000 08:03 4070117                    /lib/x86_64-linux-gnu/libm-2.19.so
7f4bdd91f000-7f4bddb1e000 ---p 00105000 08:03 4070117                    /lib/x86_64-linux-gnu/libm-2.19.so
7f4bddb1e000-7f4bddb1f000 r--p 00104000 08:03 4070117                    /lib/x86_64-linux-gnu/libm-2.19.so
7f4bddb1f000-7f4bddb20000 rw-p 00105000 08:03 4070117                    /lib/x86_64-linux-gnu/libm-2.19.so
7f4bddb20000-7f4bde7ee000 r-xp 00000000 08:03 5260205                    /usr/lib/jvm/java-8-oracle/jre/lib/amd64/server/libjvm.so
7f4bde7ee000-7f4bde9ee000 ---p 00cce000 08:03 5260205                    /usr/lib/jvm/java-8-oracle/jre/lib/amd64/server/libjvm.so
7f4bde9ee000-7f4bdeac7000 rw-p 00cce000 08:03 5260205                    /usr/lib/jvm/java-8-oracle/jre/lib/amd64/server/libjvm.so
7f4bdeac7000-7f4bdeb12000 rw-p 00000000 00:00 0 
7f4bdeb12000-7f4bdeccc000 r-xp 00000000 08:03 4070132                    /lib/x86_64-linux-gnu/libc-2.19.so
7f4bdeccc000-7f4bdeecc000 ---p 001ba000 08:03 4070132                    /lib/x86_64-linux-gnu/libc-2.19.so
7f4bdeecc000-7f4bdeed0000 r--p 001ba000 08:03 4070132                    /lib/x86_64-linux-gnu/libc-2.19.so
7f4bdeed0000-7f4bdeed2000 rw-p 001be000 08:03 4070132                    /lib/x86_64-linux-gnu/libc-2.19.so
7f4bdeed2000-7f4bdeed7000 rw-p 00000000 00:00 0 
7f4bdeed7000-7f4bdeeda000 r-xp 00000000 08:03 4070119                    /lib/x86_64-linux-gnu/libdl-2.19.so
7f4bdeeda000-7f4bdf0d9000 ---p 00003000 08:03 4070119                    /lib/x86_64-linux-gnu/libdl-2.19.so
7f4bdf0d9000-7f4bdf0da000 r--p 00002000 08:03 4070119                    /lib/x86_64-linux-gnu/libdl-2.19.so
7f4bdf0da000-7f4bdf0db000 rw-p 00003000 08:03 4070119                    /lib/x86_64-linux-gnu/libdl-2.19.so
7f4bdf0db000-7f4bdf0f0000 r-xp 00000000 08:03 3555343                    /usr/lib/jvm/java-8-oracle/lib/amd64/jli/libjli.so
7f4bdf0f0000-7f4bdf2f0000 ---p 00015000 08:03 3555343                    /usr/lib/jvm/java-8-oracle/lib/amd64/jli/libjli.so
7f4bdf2f0000-7f4bdf2f1000 rw-p 00015000 08:03 3555343                    /usr/lib/jvm/java-8-oracle/lib/amd64/jli/libjli.so
7f4bdf2f1000-7f4bdf30a000 r-xp 00000000 08:03 4070124                    /lib/x86_64-linux-gnu/libpthread-2.19.so
7f4bdf30a000-7f4bdf509000 ---p 00019000 08:03 4070124                    /lib/x86_64-linux-gnu/libpthread-2.19.so
7f4bdf509000-7f4bdf50a000 r--p 00018000 08:03 4070124                    /lib/x86_64-linux-gnu/libpthread-2.19.so
7f4bdf50a000-7f4bdf50b000 rw-p 00019000 08:03 4070124                    /lib/x86_64-linux-gnu/libpthread-2.19.so
7f4bdf50b000-7f4bdf50f000 rw-p 00000000 00:00 0 
7f4bdf50f000-7f4bdf532000 r-xp 00000000 08:03 4070125                    /lib/x86_64-linux-gnu/ld-2.19.so
7f4bdf532000-7f4bdf533000 r--s 00000000 08:03 5923890                    /home/sharmila/.gradle/caches/modules-2/files-2.1/org.springframework.boot/spring-boot-starter-aop/1.4.3.RELEASE/30b11b6455bed446d3b4a1a49fab529b2cfac454/spring-boot-starter-aop-1.4.3.RELEASE.jar
7f4bdf533000-7f4bdf535000 r--s 0000f000 08:03 5916917                    /home/sharmila/.gradle/caches/modules-2/files-2.1/org.jboss.logging/jboss-logging/3.3.0.Final/3616bb87707910296e2c195dc016287080bba5af/jboss-logging-3.3.0.Final.jar
7f4bdf535000-7f4bdf536000 r--s 00000000 08:03 5923568                    /home/sharmila/.gradle/caches/modules-2/files-2.1/org.springframework.boot/spring-boot-starter-tomcat/1.4.3.RELEASE/61c48035a7a3b06b42fdd07b7109e562077b3792/spring-boot-starter-tomcat-1.4.3.RELEASE.jar
7f4bdf536000-7f4bdf608000 rw-p 00000000 00:00 0 
7f4bdf608000-7f4bdf60b000 ---p 00000000 00:00 0 
7f4bdf60b000-7f4bdf70d000 rw-p 00000000 00:00 0                          [stack:3486]
7f4bdf70d000-7f4bdf70e000 r--s 00000000 08:03 5923567                    /home/sharmila/.gradle/caches/modules-2/files-2.1/org.springframework.boot/spring-boot-starter/1.4.3.RELEASE/c99bad104719e947b3f9aa2b7569583805e4c5d5/spring-boot-starter-1.4.3.RELEASE.jar
7f4bdf70e000-7f4bdf70f000 r--s 00000000 08:03 5923566                    /home/sharmila/.gradle/caches/modules-2/files-2.1/org.springframework.boot/spring-boot-starter-test/1.4.3.RELEASE/6e9f1dbd3f68299c0183630ef07ca430de160050/spring-boot-starter-test-1.4.3.RELEASE.jar
7f4bdf70f000-7f4bdf710000 r--s 00000000 08:03 5923889                    /home/sharmila/.gradle/caches/modules-2/files-2.1/org.springframework.boot/spring-boot-starter-data-jpa/1.4.3.RELEASE/ffda06c2144d10239014407333c223a237b73ad7/spring-boot-starter-data-jpa-1.4.3.RELEASE.jar
7f4bdf710000-7f4bdf711000 r--s 00003000 08:03 5923431                    /home/sharmila/.gradle/caches/modules-2/files-2.1/org.hibernate/hibernate-gradle-plugin/5.2.3.Final/db2ad8695e48a03a566b74fb5fc07c1732c1f5e5/hibernate-gradle-plugin-5.2.3.Final.jar
7f4bdf711000-7f4bdf712000 r--s 00000000 08:03 5923565                    /home/sharmila/.gradle/caches/modules-2/files-2.1/org.springframework.boot/spring-boot-starter-web/1.4.3.RELEASE/a0dcc919eda8e8ecb6f13f52a30e6afbb8266103/spring-boot-starter-web-1.4.3.RELEASE.jar
7f4bdf712000-7f4bdf725000 rw-p 00000000 00:00 0 
7f4bdf725000-7f4bdf72d000 rw-s 00000000 08:03 5917605                    /tmp/hsperfdata_sharmila/3480
7f4bdf72d000-7f4bdf72e000 rw-p 00000000 00:00 0 
7f4bdf72e000-7f4bdf72f000 r--p 00000000 00:00 0 
7f4bdf72f000-7f4bdf731000 rw-p 00000000 00:00 0 
7f4bdf731000-7f4bdf732000 r--p 00022000 08:03 4070125                    /lib/x86_64-linux-gnu/ld-2.19.so
7f4bdf732000-7f4bdf733000 rw-p 00023000 08:03 4070125                    /lib/x86_64-linux-gnu/ld-2.19.so
7f4bdf733000-7f4bdf734000 rw-p 00000000 00:00 0 
7fffaef83000-7fffaefa7000 rw-p 00000000 00:00 0                          [stack]
7fffaefe4000-7fffaefe6000 r-xp 00000000 00:00 0                          [vdso]
ffffffffff600000-ffffffffff601000 r-xp 00000000 00:00 0                  [vsyscall]

VM Arguments:
jvm_args: -ea -Dfile.encoding=UTF-8 
java_command: org.testng.remote.RemoteTestNG -serport 58194 -protocol json -d /home/sharmila/Documents/work-office/TestNG_Project/test-output /tmp/testng-eclipse--1429946493/testng-customsuite.xml
java_class_path (initial): /home/sharmila/Downloads/sts 3.6.4/sts-bundle/sts-3.6.4.RELEASE/plugins/org.testng.eclipse_6.10.0.201612030230/lib/testng-remote.jar:/home/sharmila/Documents/work-office/TestNG_Project/bin:/home/sharmila/.gradle/caches/modules-2/files-2.1/org.springframework.boot/spring-boot-starter-web/1.4.3.RELEASE/a0dcc919eda8e8ecb6f13f52a30e6afbb8266103/spring-boot-starter-web-1.4.3.RELEASE.jar:/home/sharmila/.gradle/caches/modules-2/files-2.1/org.apache.tomcat.embed/tomcat-embed-jasper/9.0.0.M11/e2cd5a7038094195c3163532e01daf051d9265fe/tomcat-embed-jasper-9.0.0.M11.jar:/home/sharmila/.gradle/caches/modules-2/files-2.1/org.xerial/sqlite-jdbc/3.7.2/7a3d67f00508d3881650579f7f228c61bfc1b196/sqlite-jdbc-3.7.2.jar:/home/sharmila/.gradle/caches/modules-2/files-2.1/org.hibernate/hibernate-gradle-plugin/5.2.3.Final/db2ad8695e48a03a566b74fb5fc07c1732c1f5e5/hibernate-gradle-plugin-5.2.3.Final.jar:/home/sharmila/.gradle/caches/modules-2/files-2.1/org.springframework.boot/spring-boot-starter-data-jpa/1.4.3.RELEASE/ffda06c2144d10239014407333c223a237b73ad7/spring-boot-starter-data-jpa-1.4.3.RELEASE.jar:/home/sharmila/.gradle/caches/modules-2/files-2.1/org.testng/testng/6.5.2/5069d2e72356ed87645c5fc3622b0bbb5e0667c9/testng-6.5.2.jar:/home/sharmila/.gradle/caches/modules-2/files-2.1/org.springframework.boot/spring-boot-starter-test/1.4.3.RELEASE/6e9f1dbd3f68299c0183630ef07ca430de160050/spring-boot-starter-test-1.4.3.RELEASE.jar:/home/sharmila/.gradle/caches/modules-2/files-2.1/org.springframework.boot/spring-boot-starter/1.4.3.RELEASE/c99bad104719e947b3f9aa2b7569583805e4c5d5/spring-boot-starter-1.4.3.RELEASE.jar:/home/sharmila/.gradle/caches/modules-2/files-2.1/org.springframework.boot/spring-boot-starter-tomcat/1.4.3.RELEASE/61c48035a7a3b06b42fdd07b7109e562077b3792/spring-boot-starter-tomcat-1.4.3.RELEASE.jar:/home/sharmila/.gradle/caches/modules-2/files-2.1/org.hibernate/hibernate-validator/5.2.4.Final/fb18766b576aa6632bcfe9a20a023cbd52bf9769/hibernate-validator-5
Launcher Type: SUN_STANDARD

Environment Variables:
JAVA_HOME=/usr/lib/jvm/java-8-oracle
PATH=/usr/local/sbin:/usr/local/bin:/usr/sbin:/usr/bin:/sbin:/bin:/usr/games:/usr/local/games:/usr/lib/jvm/java-8-oracle/bin:/usr/lib/jvm/java-8-oracle/db/bin:/usr/lib/jvm/java-8-oracle/jre/bin
SHELL=/bin/bash
DISPLAY=:0.0

Signal Handlers:
SIGSEGV: [libjvm.so+0xac78c0], sa_mask[0]=11111111011111111101111111111110, sa_flags=SA_RESTART|SA_SIGINFO
SIGBUS: [libjvm.so+0xac78c0], sa_mask[0]=11111111011111111101111111111110, sa_flags=SA_RESTART|SA_SIGINFO
SIGFPE: [libjvm.so+0x920ac0], sa_mask[0]=11111111011111111101111111111110, sa_flags=SA_RESTART|SA_SIGINFO
SIGPIPE: [libjvm.so+0x920ac0], sa_mask[0]=11111111011111111101111111111110, sa_flags=SA_RESTART|SA_SIGINFO
SIGXFSZ: [libjvm.so+0x920ac0], sa_mask[0]=11111111011111111101111111111110, sa_flags=SA_RESTART|SA_SIGINFO
SIGILL: [libjvm.so+0x920ac0], sa_mask[0]=11111111011111111101111111111110, sa_flags=SA_RESTART|SA_SIGINFO
SIGUSR1: SIG_DFL, sa_mask[0]=00000000000000000000000000000000, sa_flags=none
SIGUSR2: [libjvm.so+0x922300], sa_mask[0]=00100000000000000000000000000000, sa_flags=SA_RESTART|SA_SIGINFO
SIGHUP: [libjvm.so+0x923700], sa_mask[0]=11111111011111111101111111111110, sa_flags=SA_RESTART|SA_SIGINFO
SIGINT: [libjvm.so+0x923700], sa_mask[0]=11111111011111111101111111111110, sa_flags=SA_RESTART|SA_SIGINFO
SIGTERM: [libjvm.so+0x923700], sa_mask[0]=11111111011111111101111111111110, sa_flags=SA_RESTART|SA_SIGINFO
SIGQUIT: [libjvm.so+0x923700], sa_mask[0]=11111111011111111101111111111110, sa_flags=SA_RESTART|SA_SIGINFO


---------------  S Y S T E M  ---------------

OS:DISTRIB_ID=Ubuntu
DISTRIB_RELEASE=14.04
DISTRIB_CODENAME=trusty
DISTRIB_DESCRIPTION="Ubuntu 14.04.5 LTS"

uname:Linux 3.13.0-107-generic #154-Ubuntu SMP Tue Dec 20 09:57:27 UTC 2016 x86_64
libc:glibc 2.19 NPTL 2.19 
rlimit: STACK 8192k, CORE 0k, NPROC 30712, NOFILE 4096, AS infinity
load average:1.21 1.09 0.52

/proc/meminfo:
MemTotal:        3953548 kB
MemFree:          576704 kB
Buffers:          153108 kB
Cached:          1104100 kB
SwapCached:            0 kB
Active:          2193892 kB
Inactive:         970944 kB
Active(anon):    1909708 kB
Inactive(anon):   203780 kB
Active(file):     284184 kB
Inactive(file):   767164 kB
Unevictable:         208 kB
Mlocked:             208 kB
SwapTotal:       7999484 kB
SwapFree:        7999484 kB
Dirty:               752 kB
Writeback:             0 kB
AnonPages:       1908044 kB
Mapped:           281276 kB
Shmem:            205728 kB
Slab:              96772 kB
SReclaimable:      61636 kB
SUnreclaim:        35136 kB
KernelStack:        4936 kB
PageTables:        42444 kB
NFS_Unstable:          0 kB
Bounce:                0 kB
WritebackTmp:          0 kB
CommitLimit:     9976256 kB
Committed_AS:    6204756 kB
VmallocTotal:   34359738367 kB
VmallocUsed:      400960 kB
VmallocChunk:   34359328252 kB
HardwareCorrupted:     0 kB
AnonHugePages:    622592 kB
HugePages_Total:       0
HugePages_Free:        0
HugePages_Rsvd:        0
HugePages_Surp:        0
Hugepagesize:       2048 kB
DirectMap4k:       86188 kB
DirectMap2M:     2965504 kB
DirectMap1G:     1048576 kB


CPU:total 4 (2 cores per cpu, 2 threads per core) family 6 model 69 stepping 1, cmov, cx8, fxsr, mmx, sse, sse2, sse3, ssse3, sse4.1, sse4.2, popcnt, avx, avx2, aes, clmul, erms, lzcnt, ht, tsc, tscinvbit, bmi1, bmi2

/proc/cpuinfo:
processor	: 0
vendor_id	: GenuineIntel
cpu family	: 6
model		: 69
model name	: Intel(R) Core(TM) i5-4200U CPU @ 1.60GHz
stepping	: 1
microcode	: 0x17
cpu MHz		: 1600.000
cache size	: 3072 KB
physical id	: 0
siblings	: 4
core id		: 0
cpu cores	: 2
apicid		: 0
initial apicid	: 0
fpu		: yes
fpu_exception	: yes
cpuid level	: 13
wp		: yes
flags		: fpu vme de pse tsc msr pae mce cx8 apic sep mtrr pge mca cmov pat pse36 clflush dts acpi mmx fxsr sse sse2 ss ht tm pbe syscall nx pdpe1gb rdtscp lm constant_tsc arch_perfmon pebs bts rep_good nopl xtopology nonstop_tsc aperfmperf eagerfpu pni pclmulqdq dtes64 monitor ds_cpl vmx est tm2 ssse3 fma cx16 xtpr pdcm pcid sse4_1 sse4_2 movbe popcnt tsc_deadline_timer aes xsave avx f16c rdrand lahf_lm abm ida arat epb xsaveopt pln pts dtherm tpr_shadow vnmi flexpriority ept vpid fsgsbase tsc_adjust bmi1 avx2 smep bmi2 erms invpcid
bogomips	: 4589.35
clflush size	: 64
cache_alignment	: 64
address sizes	: 39 bits physical, 48 bits virtual
power management:

processor	: 1
vendor_id	: GenuineIntel
cpu family	: 6
model		: 69
model name	: Intel(R) Core(TM) i5-4200U CPU @ 1.60GHz
stepping	: 1
microcode	: 0x17
cpu MHz		: 1600.000
cache size	: 3072 KB
physical id	: 0
siblings	: 4
core id		: 0
cpu cores	: 2
apicid		: 1
initial apicid	: 1
fpu		: yes
fpu_exception	: yes
cpuid level	: 13
wp		: yes
flags		: fpu vme de pse tsc msr pae mce cx8 apic sep mtrr pge mca cmov pat pse36 clflush dts acpi mmx fxsr sse sse2 ss ht tm pbe syscall nx pdpe1gb rdtscp lm constant_tsc arch_perfmon pebs bts rep_good nopl xtopology nonstop_tsc aperfmperf eagerfpu pni pclmulqdq dtes64 monitor ds_cpl vmx est tm2 ssse3 fma cx16 xtpr pdcm pcid sse4_1 sse4_2 movbe popcnt tsc_deadline_timer aes xsave avx f16c rdrand lahf_lm abm ida arat epb xsaveopt pln pts dtherm tpr_shadow vnmi flexpriority ept vpid fsgsbase tsc_adjust bmi1 avx2 smep bmi2 erms invpcid
bogomips	: 4589.35
clflush size	: 64
cache_alignment	: 64
address sizes	: 39 bits physical, 48 bits virtual
power management:

processor	: 2
vendor_id	: GenuineIntel
cpu family	: 6
model		: 69
model name	: Intel(R) Core(TM) i5-4200U CPU @ 1.60GHz
stepping	: 1
microcode	: 0x17
cpu MHz		: 1600.000
cache size	: 3072 KB
physical id	: 0
siblings	: 4
core id		: 1
cpu cores	: 2
apicid		: 2
initial apicid	: 2
fpu		: yes
fpu_exception	: yes
cpuid level	: 13
wp		: yes
flags		: fpu vme de pse tsc msr pae mce cx8 apic sep mtrr pge mca cmov pat pse36 clflush dts acpi mmx fxsr sse sse2 ss ht tm pbe syscall nx pdpe1gb rdtscp lm constant_tsc arch_perfmon pebs bts rep_good nopl xtopology nonstop_tsc aperfmperf eagerfpu pni pclmulqdq dtes64 monitor ds_cpl vmx est tm2 ssse3 fma cx16 xtpr pdcm pcid sse4_1 sse4_2 movbe popcnt tsc_deadline_timer aes xsave avx f16c rdrand lahf_lm abm ida arat epb xsaveopt pln pts dtherm tpr_shadow vnmi flexpriority ept vpid fsgsbase tsc_adjust bmi1 avx2 smep bmi2 erms invpcid
bogomips	: 4589.35
clflush size	: 64
cache_alignment	: 64
address sizes	: 39 bits physical, 48 bits virtual
power management:

processor	: 3
vendor_id	: GenuineIntel
cpu family	: 6
model		: 69
model name	: Intel(R) Core(TM) i5-4200U CPU @ 1.60GHz
stepping	: 1
microcode	: 0x17
cpu MHz		: 1600.000
cache size	: 3072 KB
physical id	: 0
siblings	: 4
core id		: 1
cpu cores	: 2
apicid		: 3
initial apicid	: 3
fpu		: yes
fpu_exception	: yes
cpuid level	: 13
wp		: yes
flags		: fpu vme de pse tsc msr pae mce cx8 apic sep mtrr pge mca cmov pat pse36 clflush dts acpi mmx fxsr sse sse2 ss ht tm pbe syscall nx pdpe1gb rdtscp lm constant_tsc arch_perfmon pebs bts rep_good nopl xtopology nonstop_tsc aperfmperf eagerfpu pni pclmulqdq dtes64 monitor ds_cpl vmx est tm2 ssse3 fma cx16 xtpr pdcm pcid sse4_1 sse4_2 movbe popcnt tsc_deadline_timer aes xsave avx f16c rdrand lahf_lm abm ida arat epb xsaveopt pln pts dtherm tpr_shadow vnmi flexpriority ept vpid fsgsbase tsc_adjust bmi1 avx2 smep bmi2 erms invpcid
bogomips	: 4589.35
clflush size	: 64
cache_alignment	: 64
address sizes	: 39 bits physical, 48 bits virtual
power management:



Memory: 4k page, physical 3953548k(576704k free), swap 7999484k(7999484k free)

vm_info: Java HotSpot(TM) 64-Bit Server VM (25.121-b13) for linux-amd64 JRE (1.8.0_121-b13), built on Dec 12 2016 16:36:53 by "java_re" with gcc 4.3.0 20080428 (Red Hat 4.3.0-8)

time: Mon Jan 23 16:47:04 2017
elapsed time: 14 seconds (0d 0h 0m 14s)

