#
# A fatal error has been detected by the Java Runtime Environment:
#
#  SIGSEGV (0xb) at pc=0x00007f539a747118, pid=7923, tid=0x00007f539bc4d700
#
# JRE version: Java(TM) SE Runtime Environment (8.0_121-b13) (build 1.8.0_121-b13)
# Java VM: Java HotSpot(TM) 64-Bit Server VM (25.121-b13 mixed mode linux-amd64 compressed oops)
# Problematic frame:
# V  [libjvm.so+0x6e2118]  jni_GetStringUTFChars+0xb8
#
# Failed to write core dump. Core dumps have been disabled. To enable core dumping, try "ulimit -c unlimited" before starting Java again
#
# If you would like to submit a bug report, please visit:
#   http://bugreport.java.com/bugreport/crash.jsp
#

---------------  T H R E A D  ---------------

Current thread (0x00007f5394010000):  JavaThread "main" [_thread_in_vm, id=7928, stack(0x00007f539bb4d000,0x00007f539bc4e000)]

siginfo: si_signo: 11 (SIGSEGV), si_code: 1 (SEGV_MAPERR), si_addr: 0x0000000000000000

Registers:
RAX=0x00007f539b01c550, RBX=0x0000000000000000, RCX=0x000000076abb8598, RDX=0x00007f539b02a9e0
RSP=0x00007f539bc47a60, RBP=0x00007f539bc47b00, RSI=0x00007f5394010000, RDI=0x00007f539bc47aa0
R8 =0x00007f5385012c80, R9 =0x000000076abb8598, R10=0x00000000000001d2, R11=0x00007f539b02a9e8
R12=0x00007f5394010000, R13=0x0000000000000000, R14=0x00007f539bc47bd8, R15=0x00007f539bc47aa0
RIP=0x00007f539a747118, EFLAGS=0x0000000000010246, CSGSFS=0x0000000000000033, ERR=0x0000000000000004
  TRAPNO=0x000000000000000e

Top of Stack: (sp=0x00007f539bc47a60)
0x00007f539bc47a60:   00007f539bc47b28 0000000000000000
0x00007f539bc47a70:   00007f5385110b00 00007f539b02c800
0x00007f539bc47a80:   00007f539bc480f8 00007f5385012c80
0x00007f539bc47a90:   0000000776695d88 0000000050200030
0x00007f539bc47aa0:   00007f5394010000 0000000000000000
0x00007f539bc47ab0:   00007f5377000480 00007f53850082bd
0x00007f539bc47ac0:   00007f5394010000 0000000776695d88
0x00007f539bc47ad0:   00007f539bc47b70 00007f533b081040
0x00007f539bc47ae0:   00007f5395198708 0000000000000000
0x00007f539bc47af0:   00007f539bc47bd8 00007f5394010000
0x00007f539bc47b00:   00007f53940101f8 00007f533a79f2b0
0x00007f539bc47b10:   00007f539bc47b70 00007f53850082bd
0x00007f539bc47b20:   00007f533b081040 00007f539bc47bb0
0x00007f539bc47b30:   0000000000000000 00007f533b081038
0x00007f539bc47b40:   00007f539bc47bd8 00007f53850184cf
0x00007f539bc47b50:   0000000000000000 00007f533b0a08e0
0x00007f539bc47b60:   0000000000000000 000000076abb8598
0x00007f539bc47b70:   00007f539bc47b60 0000000000000000
0x00007f539bc47b80:   00007f539bc47bd8 00007f533b0979c0
0x00007f539bc47b90:   0000000000000000 00007f533b081040
0x00007f539bc47ba0:   0000000000000000 00007f539bc47bd0
0x00007f539bc47bb0:   00007f539bc47c38 00007f5385007dd0
0x00007f539bc47bc0:   0000000000000000 00007f5385011537
0x00007f539bc47bd0:   0000000000000000 000000076abb8598
0x00007f539bc47be0:   0000000776695d28 0000000776695d88
0x00007f539bc47bf0:   000000076abb8598 00007f539bc47be8
0x00007f539bc47c00:   00007f533b09497d 00007f539bc47c50
0x00007f539bc47c10:   00007f533b097210 0000000000000000
0x00007f539bc47c20:   00007f533b0949c8 00007f539bc47bd0
0x00007f539bc47c30:   00007f539bc47c48 00007f539bc47c98
0x00007f539bc47c40:   00007f53850082bd 0000000776695d28
0x00007f539bc47c50:   000000076abb8598 00007f539bc47c58 

Instructions: (pc=0x00007f539a747118)
0x00007f539a7470f8:   84 24 70 02 00 00 06 00 00 00 4c 89 e6 4c 89 65
0x00007f539a747108:   c0 4c 89 ff e8 1f 01 01 00 48 8b 05 18 d0 88 00
0x00007f539a747118:   4c 8b 2b 8b 10 48 8b 05 44 fc 88 00 80 38 00 0f
0x00007f539a747128:   84 2b 01 00 00 48 63 c2 41 8b 54 05 00 85 d2 0f 

Register to memory mapping:

RAX=0x00007f539b01c550: <offset 0xfb7550> in /usr/lib/jvm/java-8-oracle/jre/lib/amd64/server/libjvm.so at 0x00007f539a065000
RBX=0x0000000000000000 is an unknown value
RCX=0x000000076abb8598 is an oop
org.sqlite.NativeDB 
 - klass: 'org/sqlite/NativeDB'
RDX=0x00007f539b02a9e0: <offset 0xfc59e0> in /usr/lib/jvm/java-8-oracle/jre/lib/amd64/server/libjvm.so at 0x00007f539a065000
RSP=0x00007f539bc47a60 is pointing into the stack for thread: 0x00007f5394010000
RBP=0x00007f539bc47b00 is pointing into the stack for thread: 0x00007f5394010000
RSI=0x00007f5394010000 is a thread
RDI=0x00007f539bc47aa0 is pointing into the stack for thread: 0x00007f5394010000
R8 =0x00007f5385012c80 is at code_begin+0 in an Interpreter codelet
method entry point (kind = zerolocals)  [0x00007f5385012c80, 0x00007f5385013100]  1152 bytes
R9 =0x000000076abb8598 is an oop
org.sqlite.NativeDB 
 - klass: 'org/sqlite/NativeDB'
R10=0x00000000000001d2 is an unknown value
R11=0x00007f539b02a9e8: <offset 0xfc59e8> in /usr/lib/jvm/java-8-oracle/jre/lib/amd64/server/libjvm.so at 0x00007f539a065000
R12=0x00007f5394010000 is a thread
R13=0x0000000000000000 is an unknown value
R14=0x00007f539bc47bd8 is pointing into the stack for thread: 0x00007f5394010000
R15=0x00007f539bc47aa0 is pointing into the stack for thread: 0x00007f5394010000


Stack: [0x00007f539bb4d000,0x00007f539bc4e000],  sp=0x00007f539bc47a60,  free space=1002k
Native frames: (J=compiled Java code, j=interpreted, Vv=VM code, C=native code)
V  [libjvm.so+0x6e2118]  jni_GetStringUTFChars+0xb8
C  [sqlite-3.7.2-libsqlitejdbc.so+0xd2b0]  Java_org_sqlite_NativeDB_prepare+0x2f

Java frames: (J=compiled Java code, j=interpreted, Vv=VM code)
j  org.sqlite.NativeDB.prepare(Ljava/lang/String;)J+0
j  org.sqlite.DB.prepare(Lorg/sqlite/Stmt;)V+21
j  org.sqlite.PrepStmt.<init>(Lorg/sqlite/Conn;Ljava/lang/String;)V+15
j  org.sqlite.Conn.prepareStatement(Ljava/lang/String;III)Ljava/sql/PreparedStatement;+14
j  org.sqlite.Conn.prepareStatement(Ljava/lang/String;II)Ljava/sql/PreparedStatement;+5
j  org.sqlite.Conn.prepareStatement(Ljava/lang/String;)Ljava/sql/PreparedStatement;+8
v  ~StubRoutines::call_stub
J 1360  sun.reflect.NativeMethodAccessorImpl.invoke0(Ljava/lang/reflect/Method;Ljava/lang/Object;[Ljava/lang/Object;)Ljava/lang/Object; (0 bytes) @ 0x00007f53854cef77 [0x00007f53854cef00+0x77]
J 1359 C1 sun.reflect.NativeMethodAccessorImpl.invoke(Ljava/lang/Object;[Ljava/lang/Object;)Ljava/lang/Object; (104 bytes) @ 0x00007f53854e642c [0x00007f53854e5280+0x11ac]
J 1244 C1 sun.reflect.DelegatingMethodAccessorImpl.invoke(Ljava/lang/Object;[Ljava/lang/Object;)Ljava/lang/Object; (10 bytes) @ 0x00007f538544eb0c [0x00007f538544ea00+0x10c]
J 3592 C1 java.lang.reflect.Method.invoke(Ljava/lang/Object;[Ljava/lang/Object;)Ljava/lang/Object; (62 bytes) @ 0x00007f538511425c [0x00007f5385113e60+0x3fc]
j  org.apache.tomcat.jdbc.pool.ProxyConnection.invoke(Ljava/lang/Object;Ljava/lang/reflect/Method;[Ljava/lang/Object;)Ljava/lang/Object;+237
j  org.apache.tomcat.jdbc.pool.JdbcInterceptor.invoke(Ljava/lang/Object;Ljava/lang/reflect/Method;[Ljava/lang/Object;)Ljava/lang/Object;+14
j  org.apache.tomcat.jdbc.pool.DisposableConnectionFacade.invoke(Ljava/lang/Object;Ljava/lang/reflect/Method;[Ljava/lang/Object;)Ljava/lang/Object;+93
j  com.sun.proxy.$Proxy83.prepareStatement(Ljava/lang/String;)Ljava/sql/PreparedStatement;+16
j  org.hibernate.engine.jdbc.internal.StatementPreparerImpl$1.doPrepare()Ljava/sql/PreparedStatement;+37
j  org.hibernate.engine.jdbc.internal.StatementPreparerImpl$StatementPreparationTemplate.prepareStatement()Ljava/sql/PreparedStatement;+45
j  org.hibernate.engine.jdbc.internal.StatementPreparerImpl.prepareStatement(Ljava/lang/String;)Ljava/sql/PreparedStatement;+6
j  org.hibernate.id.SequenceGenerator.generateHolder(Lorg/hibernate/engine/spi/SessionImplementor;)Lorg/hibernate/id/IntegralDataTypeHolder;+15
j  org.hibernate.id.SequenceHiLoGenerator$1.getNextValue()Lorg/hibernate/id/IntegralDataTypeHolder;+8
j  org.hibernate.id.enhanced.LegacyHiLoAlgorithmOptimizer.generate(Lorg/hibernate/id/enhanced/AccessCallback;)Ljava/io/Serializable;+25
j  org.hibernate.id.SequenceHiLoGenerator.generate(Lorg/hibernate/engine/spi/SessionImplementor;Ljava/lang/Object;)Ljava/io/Serializable;+53
j  org.hibernate.event.internal.AbstractSaveEventListener.saveWithGeneratedId(Ljava/lang/Object;Ljava/lang/String;Ljava/lang/Object;Lorg/hibernate/event/spi/EventSource;Z)Ljava/io/Serializable;+21
j  org.hibernate.jpa.event.internal.core.JpaPersistEventListener.saveWithGeneratedId(Ljava/lang/Object;Ljava/lang/String;Ljava/lang/Object;Lorg/hibernate/event/spi/EventSource;Z)Ljava/io/Serializable;+18
j  org.hibernate.event.internal.DefaultPersistEventListener.entityIsTransient(Lorg/hibernate/event/spi/PersistEvent;Ljava/util/Map;)V+55
j  org.hibernate.event.internal.DefaultPersistEventListener.onPersist(Lorg/hibernate/event/spi/PersistEvent;Ljava/util/Map;)V+324
j  org.hibernate.event.internal.DefaultPersistEventListener.onPersist(Lorg/hibernate/event/spi/PersistEvent;)V+11
j  org.hibernate.internal.SessionImpl.firePersist(Lorg/hibernate/event/spi/PersistEvent;)V+46
j  org.hibernate.internal.SessionImpl.persist(Ljava/lang/String;Ljava/lang/Object;)V+11
j  org.hibernate.internal.SessionImpl.persist(Ljava/lang/Object;)V+3
j  org.hibernate.jpa.spi.AbstractEntityManagerImpl.persist(Ljava/lang/Object;)V+9
v  ~StubRoutines::call_stub
J 1360  sun.reflect.NativeMethodAccessorImpl.invoke0(Ljava/lang/reflect/Method;Ljava/lang/Object;[Ljava/lang/Object;)Ljava/lang/Object; (0 bytes) @ 0x00007f53854cef77 [0x00007f53854cef00+0x77]
J 1359 C1 sun.reflect.NativeMethodAccessorImpl.invoke(Ljava/lang/Object;[Ljava/lang/Object;)Ljava/lang/Object; (104 bytes) @ 0x00007f53854e642c [0x00007f53854e5280+0x11ac]
J 1244 C1 sun.reflect.DelegatingMethodAccessorImpl.invoke(Ljava/lang/Object;[Ljava/lang/Object;)Ljava/lang/Object; (10 bytes) @ 0x00007f538544eb0c [0x00007f538544ea00+0x10c]
J 3592 C1 java.lang.reflect.Method.invoke(Ljava/lang/Object;[Ljava/lang/Object;)Ljava/lang/Object; (62 bytes) @ 0x00007f538511425c [0x00007f5385113e60+0x3fc]
j  org.springframework.orm.jpa.SharedEntityManagerCreator$SharedEntityManagerInvocationHandler.invoke(Ljava/lang/Object;Ljava/lang/reflect/Method;[Ljava/lang/Object;)Ljava/lang/Object;+495
j  com.sun.proxy.$Proxy92.persist(Ljava/lang/Object;)V+16
j  org.springframework.data.jpa.repository.support.SimpleJpaRepository.save(Ljava/lang/Object;)Ljava/lang/Object;+18
v  ~StubRoutines::call_stub
J 1360  sun.reflect.NativeMethodAccessorImpl.invoke0(Ljava/lang/reflect/Method;Ljava/lang/Object;[Ljava/lang/Object;)Ljava/lang/Object; (0 bytes) @ 0x00007f53854cef77 [0x00007f53854cef00+0x77]
J 1359 C1 sun.reflect.NativeMethodAccessorImpl.invoke(Ljava/lang/Object;[Ljava/lang/Object;)Ljava/lang/Object; (104 bytes) @ 0x00007f53854e642c [0x00007f53854e5280+0x11ac]
J 1244 C1 sun.reflect.DelegatingMethodAccessorImpl.invoke(Ljava/lang/Object;[Ljava/lang/Object;)Ljava/lang/Object; (10 bytes) @ 0x00007f538544eb0c [0x00007f538544ea00+0x10c]
J 3592 C1 java.lang.reflect.Method.invoke(Ljava/lang/Object;[Ljava/lang/Object;)Ljava/lang/Object; (62 bytes) @ 0x00007f538511425c [0x00007f5385113e60+0x3fc]
j  org.springframework.data.repository.core.support.RepositoryFactorySupport$QueryExecutorMethodInterceptor.executeMethodOn(Ljava/lang/Object;Ljava/lang/reflect/Method;[Ljava/lang/Object;)Ljava/lang/Object;+3
j  org.springframework.data.repository.core.support.RepositoryFactorySupport$QueryExecutorMethodInterceptor.doInvoke(Lorg/aopalliance/intercept/MethodInvocation;)Ljava/lang/Object;+94
j  org.springframework.data.repository.core.support.RepositoryFactorySupport$QueryExecutorMethodInterceptor.invoke(Lorg/aopalliance/intercept/MethodInvocation;)Ljava/lang/Object;+2
j  org.springframework.aop.framework.ReflectiveMethodInvocation.proceed()Ljava/lang/Object;+101
j  org.springframework.data.projection.DefaultMethodInvokingMethodInterceptor.invoke(Lorg/aopalliance/intercept/MethodInvocation;)Ljava/lang/Object;+15
j  org.springframework.aop.framework.ReflectiveMethodInvocation.proceed()Ljava/lang/Object;+101
j  org.springframework.transaction.interceptor.TransactionInterceptor$1.proceedWithInvocation()Ljava/lang/Object;+4
j  org.springframework.transaction.interceptor.TransactionAspectSupport.invokeWithinTransaction(Ljava/lang/reflect/Method;Ljava/lang/Class;Lorg/springframework/transaction/interceptor/TransactionAspectSupport$InvocationCallback;)Ljava/lang/Object;+60
j  org.springframework.transaction.interceptor.TransactionInterceptor.invoke(Lorg/aopalliance/intercept/MethodInvocation;)Ljava/lang/Object;+40
j  org.springframework.aop.framework.ReflectiveMethodInvocation.proceed()Ljava/lang/Object;+101
j  org.springframework.dao.support.PersistenceExceptionTranslationInterceptor.invoke(Lorg/aopalliance/intercept/MethodInvocation;)Ljava/lang/Object;+1
j  org.springframework.aop.framework.ReflectiveMethodInvocation.proceed()Ljava/lang/Object;+101
j  org.springframework.data.jpa.repository.support.CrudMethodMetadataPostProcessor$CrudMethodMetadataPopulatingMethodInterceptor.invoke(Lorg/aopalliance/intercept/MethodInvocation;)Ljava/lang/Object;+89
j  org.springframework.aop.framework.ReflectiveMethodInvocation.proceed()Ljava/lang/Object;+101
j  org.springframework.aop.interceptor.ExposeInvocationInterceptor.invoke(Lorg/aopalliance/intercept/MethodInvocation;)Ljava/lang/Object;+18
j  org.springframework.aop.framework.ReflectiveMethodInvocation.proceed()Ljava/lang/Object;+101
j  org.springframework.aop.framework.JdkDynamicAopProxy.invoke(Ljava/lang/Object;Ljava/lang/reflect/Method;[Ljava/lang/Object;)Ljava/lang/Object;+385
j  com.sun.proxy.$Proxy94.save(Ljava/lang/Object;)Ljava/lang/Object;+16
j  com.example.api.service.BookService.save(Lcom/example/entity/Book;)Lcom/example/entity/Book;+5
j  com.example.crudtest.CRUDTest.insertOperation()V+19
v  ~StubRoutines::call_stub
J 1360  sun.reflect.NativeMethodAccessorImpl.invoke0(Ljava/lang/reflect/Method;Ljava/lang/Object;[Ljava/lang/Object;)Ljava/lang/Object; (0 bytes) @ 0x00007f53854cef77 [0x00007f53854cef00+0x77]
J 1359 C1 sun.reflect.NativeMethodAccessorImpl.invoke(Ljava/lang/Object;[Ljava/lang/Object;)Ljava/lang/Object; (104 bytes) @ 0x00007f53854e642c [0x00007f53854e5280+0x11ac]
J 1244 C1 sun.reflect.DelegatingMethodAccessorImpl.invoke(Ljava/lang/Object;[Ljava/lang/Object;)Ljava/lang/Object; (10 bytes) @ 0x00007f538544eb0c [0x00007f538544ea00+0x10c]
J 3592 C1 java.lang.reflect.Method.invoke(Ljava/lang/Object;[Ljava/lang/Object;)Ljava/lang/Object; (62 bytes) @ 0x00007f538511425c [0x00007f5385113e60+0x3fc]
j  org.testng.internal.MethodInvocationHelper.invokeMethod(Ljava/lang/reflect/Method;Ljava/lang/Object;[Ljava/lang/Object;)Ljava/lang/Object;+242
j  org.testng.internal.MethodInvocationHelper$1.runTestMethod(Lorg/testng/ITestResult;)V+12
j  org.springframework.test.context.testng.AbstractTestNGSpringContextTests.run(Lorg/testng/IHookCallBack;Lorg/testng/ITestResult;)V+2
v  ~StubRoutines::call_stub
J 1360  sun.reflect.NativeMethodAccessorImpl.invoke0(Ljava/lang/reflect/Method;Ljava/lang/Object;[Ljava/lang/Object;)Ljava/lang/Object; (0 bytes) @ 0x00007f53854cef77 [0x00007f53854cef00+0x77]
J 1359 C1 sun.reflect.NativeMethodAccessorImpl.invoke(Ljava/lang/Object;[Ljava/lang/Object;)Ljava/lang/Object; (104 bytes) @ 0x00007f53854e642c [0x00007f53854e5280+0x11ac]
J 1244 C1 sun.reflect.DelegatingMethodAccessorImpl.invoke(Ljava/lang/Object;[Ljava/lang/Object;)Ljava/lang/Object; (10 bytes) @ 0x00007f538544eb0c [0x00007f538544ea00+0x10c]
J 3592 C1 java.lang.reflect.Method.invoke(Ljava/lang/Object;[Ljava/lang/Object;)Ljava/lang/Object; (62 bytes) @ 0x00007f538511425c [0x00007f5385113e60+0x3fc]
j  org.testng.internal.MethodInvocationHelper.invokeHookable(Ljava/lang/Object;[Ljava/lang/Object;Ljava/lang/Object;Ljava/lang/reflect/Method;Lorg/testng/internal/TestResult;)V+64
j  org.testng.internal.Invoker.invokeMethod([Ljava/lang/Object;ILorg/testng/ITestNGMethod;[Ljava/lang/Object;ILorg/testng/xml/XmlSuite;Ljava/util/Map;Lorg/testng/ITestClass;[Lorg/testng/ITestNGMethod;[Lorg/testng/ITestNGMethod;Lorg/testng/internal/ConfigurationGroupMethods;)Lorg/testng/ITestResult;+280
j  org.testng.internal.Invoker.invokeTestMethod([Ljava/lang/Object;Lorg/testng/ITestNGMethod;[Ljava/lang/Object;ILorg/testng/xml/XmlSuite;Ljava/util/Map;Lorg/testng/ITestClass;[Lorg/testng/ITestNGMethod;[Lorg/testng/ITestNGMethod;Lorg/testng/internal/ConfigurationGroupMethods;)Ljava/util/List;+46
j  org.testng.internal.Invoker.invokeTestMethods(Lorg/testng/ITestNGMethod;[Lorg/testng/ITestNGMethod;ILorg/testng/xml/XmlSuite;Ljava/util/Map;Lorg/testng/internal/ConfigurationGroupMethods;[Ljava/lang/Object;Lorg/testng/ITestContext;)Ljava/util/List;+705
j  org.testng.internal.TestMethodWorker.invokeTestMethods(Lorg/testng/ITestNGMethod;[Ljava/lang/Object;Lorg/testng/ITestContext;)V+32
j  org.testng.internal.TestMethodWorker.run()V+60
j  org.testng.TestRunner.privateRun(Lorg/testng/xml/XmlTest;)V+349
j  org.testng.TestRunner.run()V+26
j  org.testng.SuiteRunner.runTest(Lorg/testng/TestRunner;)V+1
j  org.testng.SuiteRunner.runSequentially()V+31
j  org.testng.SuiteRunner.privateRun()V+281
j  org.testng.SuiteRunner.run()V+6
j  org.testng.SuiteRunnerWorker.runSuite(Lorg/testng/internal/SuiteRunnerMap;Lorg/testng/xml/XmlSuite;)V+96
j  org.testng.SuiteRunnerWorker.run()V+12
j  org.testng.TestNG.runSuitesSequentially(Lorg/testng/xml/XmlSuite;Lorg/testng/internal/SuiteRunnerMap;ILjava/lang/String;)V+66
j  org.testng.TestNG.runSuitesLocally()Ljava/util/List;+117
j  org.testng.TestNG.run()V+77
j  org.testng.remote.AbstractRemoteTestNG.run()V+163
j  org.testng.remote.RemoteTestNG.initAndRun(Lorg/testng/remote/IRemoteTestNG;[Ljava/lang/String;Lorg/testng/CommandLineArgs;Lorg/testng/remote/RemoteArgs;)V+184
j  org.testng.remote.RemoteTestNG.main([Ljava/lang/String;)V+218
v  ~StubRoutines::call_stub

---------------  P R O C E S S  ---------------

Java Threads: ( => current thread )
  0x00007f5395522000 JavaThread "http-nio-auto-1-33031-AsyncTimeout" daemon [_thread_blocked, id=7960, stack(0x00007f5339c8d000,0x00007f5339d8e000)]
  0x00007f5395520800 JavaThread "http-nio-auto-1-Acceptor-0" daemon [_thread_in_native, id=7959, stack(0x00007f5339d8e000,0x00007f5339e8f000)]
  0x00007f539551e000 JavaThread "http-nio-auto-1-ClientPoller-1" daemon [_thread_in_native, id=7958, stack(0x00007f5339e8f000,0x00007f5339f90000)]
  0x00007f539550f800 JavaThread "http-nio-auto-1-ClientPoller-0" daemon [_thread_in_native, id=7957, stack(0x00007f5339f90000,0x00007f533a091000)]
  0x00007f53954ff000 JavaThread "NioBlockingSelector.BlockPoller-1" daemon [_thread_in_native, id=7956, stack(0x00007f533a091000,0x00007f533a192000)]
  0x00007f5395179800 JavaThread "Tomcat JDBC Pool Cleaner[865113938:1485187634750]" daemon [_thread_blocked, id=7955, stack(0x00007f533acd4000,0x00007f533add5000)]
  0x00007f5394f72000 JavaThread "container-0" [_thread_blocked, id=7953, stack(0x00007f533b262000,0x00007f533b363000)]
  0x00007f5394f6e800 JavaThread "ContainerBackgroundProcessor[StandardEngine[Tomcat]]" daemon [_thread_blocked, id=7952, stack(0x00007f533b7fe000,0x00007f533b8ff000)]
  0x00007f53402e9800 JavaThread "localhost-startStop-1" daemon [_thread_blocked, id=7951, stack(0x00007f533b8ff000,0x00007f533ba00000)]
  0x00007f5394f6b800 JavaThread "Tomcat-startStop-1" daemon [_thread_blocked, id=7950, stack(0x00007f53746ab000,0x00007f53747ac000)]
  0x00007f53944e3000 JavaThread "ReaderThread" [_thread_in_native, id=7943, stack(0x00007f5374fb9000,0x00007f53750ba000)]
  0x00007f53940c7000 JavaThread "Service Thread" daemon [_thread_blocked, id=7940, stack(0x00007f5375666000,0x00007f5375767000)]
  0x00007f53940c4000 JavaThread "C1 CompilerThread2" daemon [_thread_blocked, id=7939, stack(0x00007f5375767000,0x00007f5375868000)]
  0x00007f53940c2000 JavaThread "C2 CompilerThread1" daemon [_thread_in_native, id=7938, stack(0x00007f5375868000,0x00007f5375969000)]
  0x00007f53940bf000 JavaThread "C2 CompilerThread0" daemon [_thread_in_native, id=7937, stack(0x00007f5375969000,0x00007f5375a6a000)]
  0x00007f53940be000 JavaThread "Signal Dispatcher" daemon [_thread_blocked, id=7936, stack(0x00007f5375a6a000,0x00007f5375b6b000)]
  0x00007f539408a000 JavaThread "Finalizer" daemon [_thread_blocked, id=7935, stack(0x00007f537624e000,0x00007f537634f000)]
  0x00007f5394085800 JavaThread "Reference Handler" daemon [_thread_blocked, id=7934, stack(0x00007f537634f000,0x00007f5376450000)]
=>0x00007f5394010000 JavaThread "main" [_thread_in_vm, id=7928, stack(0x00007f539bb4d000,0x00007f539bc4e000)]

Other Threads:
  0x00007f539407e000 VMThread [stack: 0x00007f5376450000,0x00007f5376551000] [id=7933]
  0x00007f53940ca000 WatcherThread [stack: 0x00007f5375565000,0x00007f5375666000] [id=7941]

VM state:not at safepoint (normal execution)

VM Mutex/Monitor currently owned by a thread: None

Heap:
 PSYoungGen      total 487424K, used 203838K [0x000000076ab00000, 0x000000078d600000, 0x00000007c0000000)
  eden space 473600K, 43% used [0x000000076ab00000,0x000000077720f820,0x0000000787980000)
  from space 13824K, 0% used [0x0000000789100000,0x0000000789100000,0x0000000789e80000)
  to   space 43520K, 0% used [0x000000078ab80000,0x000000078ab80000,0x000000078d600000)
 ParOldGen       total 725504K, used 23000K [0x00000006c0000000, 0x00000006ec480000, 0x000000076ab00000)
  object space 725504K, 3% used [0x00000006c0000000,0x00000006c16763d8,0x00000006ec480000)
 Metaspace       used 45076K, capacity 45436K, committed 45824K, reserved 1089536K
  class space    used 5899K, capacity 6029K, committed 6144K, reserved 1048576K

Card table byte_map: [0x00007f5398106000,0x00007f5398907000] byte_map_base: 0x00007f5394b06000

Marking Bits: (ParMarkBitMap*) 0x00007f539b029c80
 Begin Bits: [0x00007f5368000000, 0x00007f536c000000)
 End Bits:   [0x00007f536c000000, 0x00007f5370000000)

Polling page: 0x00007f539bc73000

CodeCache: size=245760Kb used=11969Kb max_used=11969Kb free=233790Kb
 bounds [0x00007f5385000000, 0x00007f5385bc0000, 0x00007f5394000000]
 total_blobs=4042 nmethods=3570 adapters=384
 compilation: enabled

Compilation events (10 events):
Event: 8.872 Thread 0x00007f53940c4000 4080       2       java.util.Collections$EmptyList::iterator (4 bytes)
Event: 8.872 Thread 0x00007f53940c4000 nmethod 4080 0x00007f5385bb80d0 code [0x00007f5385bb8220, 0x00007f5385bb8370]
Event: 8.872 Thread 0x00007f53940c4000 4079       1       java.util.Collections$SingletonList::size (2 bytes)
Event: 8.872 Thread 0x00007f53940c4000 nmethod 4079 0x00007f5385bb83d0 code [0x00007f5385bb8520, 0x00007f5385bb8630]
Event: 8.873 Thread 0x00007f53940c4000 4081       1       org.testng.shaded.com.google.gson.reflect.TypeToken::hashCode (5 bytes)
Event: 8.873 Thread 0x00007f53940c4000 nmethod 4081 0x00007f5385bb8690 code [0x00007f5385bb87e0, 0x00007f5385bb88f0]
Event: 8.874 Thread 0x00007f53940c4000 4082       2       java.io.BufferedWriter::ensureOpen (18 bytes)
Event: 8.874 Thread 0x00007f53940c4000 nmethod 4082 0x00007f5385bb8950 code [0x00007f5385bb8ac0, 0x00007f5385bb8cc8]
Event: 8.891 Thread 0x00007f53940c4000 4083       2       org.hibernate.service.internal.ConcurrentServiceBinding::hashKey (5 bytes)
Event: 8.891 Thread 0x00007f53940c4000 nmethod 4083 0x00007f5385bb8d90 code [0x00007f5385bb8f00, 0x00007f5385bb9068]

GC Heap History (10 events):
Event: 2.829 GC heap before
{Heap before GC invocations=1 (full 0):
 PSYoungGen      total 305664K, used 173161K [0x000000076ab00000, 0x0000000780000000, 0x00000007c0000000)
  eden space 262144K, 66% used [0x000000076ab00000,0x000000077541a4f0,0x000000077ab00000)
  from space 43520K, 0% used [0x000000077d580000,0x000000077d580000,0x0000000780000000)
  to   space 43520K, 0% used [0x000000077ab00000,0x000000077ab00000,0x000000077d580000)
 ParOldGen       total 699392K, used 0K [0x00000006c0000000, 0x00000006eab00000, 0x000000076ab00000)
  object space 699392K, 0% used [0x00000006c0000000,0x00000006c0000000,0x00000006eab00000)
 Metaspace       used 21085K, capacity 21210K, committed 21296K, reserved 1069056K
  class space    used 2598K, capacity 2642K, committed 2688K, reserved 1048576K
Event: 2.871 GC heap after
Heap after GC invocations=1 (full 0):
 PSYoungGen      total 305664K, used 20998K [0x000000076ab00000, 0x0000000790000000, 0x00000007c0000000)
  eden space 262144K, 0% used [0x000000076ab00000,0x000000076ab00000,0x000000077ab00000)
  from space 43520K, 48% used [0x000000077ab00000,0x000000077bf81b78,0x000000077d580000)
  to   space 43520K, 0% used [0x000000078d580000,0x000000078d580000,0x0000000790000000)
 ParOldGen       total 699392K, used 88K [0x00000006c0000000, 0x00000006eab00000, 0x000000076ab00000)
  object space 699392K, 0% used [0x00000006c0000000,0x00000006c0016010,0x00000006eab00000)
 Metaspace       used 21085K, capacity 21210K, committed 21296K, reserved 1069056K
  class space    used 2598K, capacity 2642K, committed 2688K, reserved 1048576K
}
Event: 2.871 GC heap before
{Heap before GC invocations=2 (full 1):
 PSYoungGen      total 305664K, used 20998K [0x000000076ab00000, 0x0000000790000000, 0x00000007c0000000)
  eden space 262144K, 0% used [0x000000076ab00000,0x000000076ab00000,0x000000077ab00000)
  from space 43520K, 48% used [0x000000077ab00000,0x000000077bf81b78,0x000000077d580000)
  to   space 43520K, 0% used [0x000000078d580000,0x000000078d580000,0x0000000790000000)
 ParOldGen       total 699392K, used 88K [0x00000006c0000000, 0x00000006eab00000, 0x000000076ab00000)
  object space 699392K, 0% used [0x00000006c0000000,0x00000006c0016010,0x00000006eab00000)
 Metaspace       used 21085K, capacity 21210K, committed 21296K, reserved 1069056K
  class space    used 2598K, capacity 2642K, committed 2688K, reserved 1048576K
Event: 2.952 GC heap after
Heap after GC invocations=2 (full 1):
 PSYoungGen      total 305664K, used 0K [0x000000076ab00000, 0x0000000790000000, 0x00000007c0000000)
  eden space 262144K, 0% used [0x000000076ab00000,0x000000076ab00000,0x000000077ab00000)
  from space 43520K, 0% used [0x000000077ab00000,0x000000077ab00000,0x000000077d580000)
  to   space 43520K, 0% used [0x000000078d580000,0x000000078d580000,0x0000000790000000)
 ParOldGen       total 699392K, used 20246K [0x00000006c0000000, 0x00000006eab00000, 0x000000076ab00000)
  object space 699392K, 2% used [0x00000006c0000000,0x00000006c13c5a48,0x00000006eab00000)
 Metaspace       used 21085K, capacity 21210K, committed 21296K, reserved 1069056K
  class space    used 2598K, capacity 2642K, committed 2688K, reserved 1048576K
}
Event: 5.443 GC heap before
{Heap before GC invocations=3 (full 1):
 PSYoungGen      total 305664K, used 262112K [0x000000076ab00000, 0x0000000790000000, 0x00000007c0000000)
  eden space 262144K, 99% used [0x000000076ab00000,0x000000077aaf8068,0x000000077ab00000)
  from space 43520K, 0% used [0x000000077ab00000,0x000000077ab00000,0x000000077d580000)
  to   space 43520K, 0% used [0x000000078d580000,0x000000078d580000,0x0000000790000000)
 ParOldGen       total 699392K, used 20246K [0x00000006c0000000, 0x00000006eab00000, 0x000000076ab00000)
  object space 699392K, 2% used [0x00000006c0000000,0x00000006c13c5a48,0x00000006eab00000)
 Metaspace       used 30257K, capacity 30566K, committed 30720K, reserved 1077248K
  class space    used 3751K, capacity 3828K, committed 3840K, reserved 1048576K
Event: 5.470 GC heap after
Heap after GC invocations=3 (full 1):
 PSYoungGen      total 359936K, used 16762K [0x000000076ab00000, 0x000000078e600000, 0x00000007c0000000)
  eden space 343040K, 0% used [0x000000076ab00000,0x000000076ab00000,0x000000077fa00000)
  from space 16896K, 99% used [0x000000078d580000,0x000000078e5de9b0,0x000000078e600000)
  to   space 43520K, 0% used [0x0000000789100000,0x0000000789100000,0x000000078bb80000)
 ParOldGen       total 699392K, used 20254K [0x00000006c0000000, 0x00000006eab00000, 0x000000076ab00000)
  object space 699392K, 2% used [0x00000006c0000000,0x00000006c13c7a48,0x00000006eab00000)
 Metaspace       used 30257K, capacity 30566K, committed 30720K, reserved 1077248K
  class space    used 3751K, capacity 3828K, committed 3840K, reserved 1048576K
}
Event: 6.803 GC heap before
{Heap before GC invocations=4 (full 1):
 PSYoungGen      total 359936K, used 141100K [0x000000076ab00000, 0x000000078e600000, 0x00000007c0000000)
  eden space 343040K, 36% used [0x000000076ab00000,0x000000077246c7a0,0x000000077fa00000)
  from space 16896K, 99% used [0x000000078d580000,0x000000078e5de9b0,0x000000078e600000)
  to   space 43520K, 0% used [0x0000000789100000,0x0000000789100000,0x000000078bb80000)
 ParOldGen       total 699392K, used 20254K [0x00000006c0000000, 0x00000006eab00000, 0x000000076ab00000)
  object space 699392K, 2% used [0x00000006c0000000,0x00000006c13c7a48,0x00000006eab00000)
 Metaspace       used 35051K, capacity 35366K, committed 35496K, reserved 1081344K
  class space    used 4498K, capacity 4580K, committed 4608K, reserved 1048576K
Event: 6.841 GC heap after
Heap after GC invocations=4 (full 1):
 PSYoungGen      total 487424K, used 13747K [0x000000076ab00000, 0x000000078d600000, 0x00000007c0000000)
  eden space 473600K, 0% used [0x000000076ab00000,0x000000076ab00000,0x0000000787980000)
  from space 13824K, 99% used [0x0000000789100000,0x0000000789e6cf40,0x0000000789e80000)
  to   space 43520K, 0% used [0x000000078ab80000,0x000000078ab80000,0x000000078d600000)
 ParOldGen       total 699392K, used 20254K [0x00000006c0000000, 0x00000006eab00000, 0x000000076ab00000)
  object space 699392K, 2% used [0x00000006c0000000,0x00000006c13c7a48,0x00000006eab00000)
 Metaspace       used 35051K, capacity 35366K, committed 35496K, reserved 1081344K
  class space    used 4498K, capacity 4580K, committed 4608K, reserved 1048576K
}
Event: 6.841 GC heap before
{Heap before GC invocations=5 (full 2):
 PSYoungGen      total 487424K, used 13747K [0x000000076ab00000, 0x000000078d600000, 0x00000007c0000000)
  eden space 473600K, 0% used [0x000000076ab00000,0x000000076ab00000,0x0000000787980000)
  from space 13824K, 99% used [0x0000000789100000,0x0000000789e6cf40,0x0000000789e80000)
  to   space 43520K, 0% used [0x000000078ab80000,0x000000078ab80000,0x000000078d600000)
 ParOldGen       total 699392K, used 20254K [0x00000006c0000000, 0x00000006eab00000, 0x000000076ab00000)
  object space 699392K, 2% used [0x00000006c0000000,0x00000006c13c7a48,0x00000006eab00000)
 Metaspace       used 35051K, capacity 35366K, committed 35496K, reserved 1081344K
  class space    used 4498K, capacity 4580K, committed 4608K, reserved 1048576K
Event: 6.947 GC heap after
Heap after GC invocations=5 (full 2):
 PSYoungGen      total 487424K, used 0K [0x000000076ab00000, 0x000000078d600000, 0x00000007c0000000)
  eden space 473600K, 0% used [0x000000076ab00000,0x000000076ab00000,0x0000000787980000)
  from space 13824K, 0% used [0x0000000789100000,0x0000000789100000,0x0000000789e80000)
  to   space 43520K, 0% used [0x000000078ab80000,0x000000078ab80000,0x000000078d600000)
 ParOldGen       total 725504K, used 23000K [0x00000006c0000000, 0x00000006ec480000, 0x000000076ab00000)
  object space 725504K, 3% used [0x00000006c0000000,0x00000006c16763d8,0x00000006ec480000)
 Metaspace       used 35051K, capacity 35366K, committed 35496K, reserved 1081344K
  class space    used 4498K, capacity 4580K, committed 4608K, reserved 1048576K
}

Deoptimization events (10 events):
Event: 7.528 Thread 0x00007f5394010000 Uncommon trap: reason=unstable_if action=reinterpret pc=0x00007f538522da7c method=java.util.HashMap.getNode(ILjava/lang/Object;)Ljava/util/HashMap$Node; @ 84
Event: 7.528 Thread 0x00007f5394010000 Uncommon trap: reason=unstable_if action=reinterpret pc=0x00007f5385555e70 method=java.util.HashMap.putVal(ILjava/lang/Object;Ljava/lang/Object;ZZ)Ljava/lang/Object; @ 109
Event: 7.841 Thread 0x00007f5394010000 Uncommon trap: reason=unstable_if action=reinterpret pc=0x00007f53855398a0 method=java.util.concurrent.ConcurrentHashMap.get(Ljava/lang/Object;)Ljava/lang/Object; @ 86
Event: 7.986 Thread 0x00007f5394010000 Uncommon trap: reason=null_check action=make_not_entrant pc=0x00007f5385761238 method=org.springframework.util.ClassUtils.isAssignable(Ljava/lang/Class;Ljava/lang/Class;)Z @ 14
Event: 8.113 Thread 0x00007f5394010000 Uncommon trap: reason=class_check action=maybe_recompile pc=0x00007f53857a7ca0 method=java.util.regex.Pattern$Curly.match(Ljava/util/regex/Matcher;ILjava/lang/CharSequence;)Z @ 19
Event: 8.133 Thread 0x00007f5394010000 Uncommon trap: reason=unstable_if action=reinterpret pc=0x00007f53853a87a8 method=java.util.concurrent.ConcurrentHashMap.transfer([Ljava/util/concurrent/ConcurrentHashMap$Node;[Ljava/util/concurrent/ConcurrentHashMap$Node;)V @ 356
Event: 8.134 Thread 0x00007f5394010000 Uncommon trap: reason=unstable_if action=reinterpret pc=0x00007f538513462c method=java.util.concurrent.ConcurrentHashMap.transfer([Ljava/util/concurrent/ConcurrentHashMap$Node;[Ljava/util/concurrent/ConcurrentHashMap$Node;)V @ 356
Event: 8.788 Thread 0x00007f5394010000 Uncommon trap: reason=unstable_if action=reinterpret pc=0x00007f538548bb34 method=org.springframework.util.ConcurrentReferenceHashMap$Segment.clear()V @ 4
Event: 8.851 Thread 0x00007f5394010000 Uncommon trap: reason=bimorphic action=maybe_recompile pc=0x00007f5385178fec method=java.util.Hashtable.get(Ljava/lang/Object;)Ljava/lang/Object; @ 6
Event: 8.852 Thread 0x00007f5394010000 Uncommon trap: reason=bimorphic action=maybe_recompile pc=0x00007f5385178fec method=java.util.Hashtable.get(Ljava/lang/Object;)Ljava/lang/Object; @ 6

Internal exceptions (10 events):
Event: 8.688 Thread 0x00007f5394010000 Exception <a 'java/lang/ClassNotFoundException': org/springframework/boot/autoconfigure/web/WebClientAutoConfigurationCustomizer> (0x0000000775466a40) thrown at [/HUDSON3/workspace/8-2-build-linux-amd64/jdk8u121/8372/hotspot/src/share/vm/classfile/systemD
Event: 8.689 Thread 0x00007f5394010000 Exception <a 'java/lang/ClassNotFoundException': org/springframework/boot/autoconfigure/web/WebClientAutoConfiguration$$EnhancerBySpringCGLIB$$52d5929eCustomizer> (0x000000077548aa58) thrown at [/HUDSON3/workspace/8-2-build-linux-amd64/jdk8u121/8372/hotsp
Event: 8.689 Thread 0x00007f5394010000 Exception <a 'java/lang/ClassNotFoundException': org/springframework/context/annotation/ConfigurationClassEnhancer$EnhancedConfigurationCustomizer> (0x00000007754af4b0) thrown at [/HUDSON3/workspace/8-2-build-linux-amd64/jdk8u121/8372/hotspot/src/share/vm
Event: 8.861 Thread 0x00007f5394010000 Exception <a 'java/lang/ClassNotFoundException': java/lang/ObjectCustomizer> (0x0000000776416960) thrown at [/HUDSON3/workspace/8-2-build-linux-amd64/jdk8u121/8372/hotspot/src/share/vm/classfile/systemDictionary.cpp, line 210]
Event: 8.861 Thread 0x00007f5394010000 Exception <a 'java/lang/ClassNotFoundException': org/springframework/test/context/testng/AbstractTestNGSpringContextTestsCustomizer> (0x0000000776434dc8) thrown at [/HUDSON3/workspace/8-2-build-linux-amd64/jdk8u121/8372/hotspot/src/share/vm/classfile/syst
Event: 8.861 Thread 0x00007f5394010000 Exception <a 'java/lang/ClassNotFoundException': com/example/crudtest/CRUDTestCustomizer> (0x0000000776447d00) thrown at [/HUDSON3/workspace/8-2-build-linux-amd64/jdk8u121/8372/hotspot/src/share/vm/classfile/systemDictionary.cpp, line 210]
Event: 8.862 Thread 0x00007f5394010000 Exception <a 'java/lang/ClassNotFoundException': org/testng/IHookableCustomizer> (0x0000000776458a98) thrown at [/HUDSON3/workspace/8-2-build-linux-amd64/jdk8u121/8372/hotspot/src/share/vm/classfile/systemDictionary.cpp, line 210]
Event: 8.862 Thread 0x00007f5394010000 Exception <a 'java/lang/ClassNotFoundException': org/springframework/context/ApplicationContextAwareCustomizer> (0x000000077646f358) thrown at [/HUDSON3/workspace/8-2-build-linux-amd64/jdk8u121/8372/hotspot/src/share/vm/classfile/systemDictionary.cpp, lin
Event: 8.894 Thread 0x00007f5394010000 Exception <a 'java/lang/ClassNotFoundException': java/lang/ObjectCustomizer> (0x00000007766118b8) thrown at [/HUDSON3/workspace/8-2-build-linux-amd64/jdk8u121/8372/hotspot/src/share/vm/classfile/systemDictionary.cpp, line 210]
Event: 8.894 Thread 0x00007f5394010000 Exception <a 'java/lang/ClassNotFoundException': com/example/entity/BookCustomizer> (0x00000007766245b8) thrown at [/HUDSON3/workspace/8-2-build-linux-amd64/jdk8u121/8372/hotspot/src/share/vm/classfile/systemDictionary.cpp, line 210]

Events (10 events):
Event: 8.900 loading class org/hibernate/engine/jdbc/internal/FormatStyle
Event: 8.900 loading class org/hibernate/engine/jdbc/internal/FormatStyle done
Event: 8.900 loading class org/hibernate/engine/jdbc/internal/Formatter
Event: 8.900 loading class org/hibernate/engine/jdbc/internal/Formatter done
Event: 8.900 loading class org/hibernate/engine/jdbc/internal/BasicFormatterImpl
Event: 8.900 loading class org/hibernate/engine/jdbc/internal/BasicFormatterImpl done
Event: 8.901 loading class org/hibernate/engine/jdbc/internal/DDLFormatterImpl
Event: 8.901 loading class org/hibernate/engine/jdbc/internal/DDLFormatterImpl done
Event: 8.901 loading class org/hibernate/engine/jdbc/internal/FormatStyle$NoFormatImpl
Event: 8.902 loading class org/hibernate/engine/jdbc/internal/FormatStyle$NoFormatImpl done


Dynamic libraries:
00400000-00401000 r-xp 00000000 08:03 3554757                            /usr/lib/jvm/java-8-oracle/bin/java
00600000-00601000 rw-p 00000000 08:03 3554757                            /usr/lib/jvm/java-8-oracle/bin/java
025e7000-02608000 rw-p 00000000 00:00 0                                  [heap]
6c0000000-6ec480000 rw-p 00000000 00:00 0 
6ec480000-76ab00000 ---p 00000000 00:00 0 
76ab00000-78d600000 rw-p 00000000 00:00 0 
78d600000-7c0000000 ---p 00000000 00:00 0 
7c0000000-7c0600000 rw-p 00000000 00:00 0 
7c0600000-800000000 ---p 00000000 00:00 0 
7f5314000000-7f5314021000 rw-p 00000000 00:00 0 
7f5314021000-7f5318000000 ---p 00000000 00:00 0 
7f5318000000-7f5318021000 rw-p 00000000 00:00 0 
7f5318021000-7f531c000000 ---p 00000000 00:00 0 
7f531c000000-7f531c021000 rw-p 00000000 00:00 0 
7f531c021000-7f5320000000 ---p 00000000 00:00 0 
7f5320000000-7f5320021000 rw-p 00000000 00:00 0 
7f5320021000-7f5324000000 ---p 00000000 00:00 0 
7f5324000000-7f5324021000 rw-p 00000000 00:00 0 
7f5324021000-7f5328000000 ---p 00000000 00:00 0 
7f5328000000-7f5328021000 rw-p 00000000 00:00 0 
7f5328021000-7f532c000000 ---p 00000000 00:00 0 
7f532c000000-7f532c021000 rw-p 00000000 00:00 0 
7f532c021000-7f5330000000 ---p 00000000 00:00 0 
7f5330000000-7f5330021000 rw-p 00000000 00:00 0 
7f5330021000-7f5334000000 ---p 00000000 00:00 0 
7f5334000000-7f53342cf000 rw-p 00000000 00:00 0 
7f53342cf000-7f5338000000 ---p 00000000 00:00 0 
7f5339c8d000-7f5339c90000 ---p 00000000 00:00 0 
7f5339c90000-7f5339d8e000 rw-p 00000000 00:00 0                          [stack:7960]
7f5339d8e000-7f5339d91000 ---p 00000000 00:00 0 
7f5339d91000-7f5339e8f000 rw-p 00000000 00:00 0                          [stack:7959]
7f5339e8f000-7f5339e92000 ---p 00000000 00:00 0 
7f5339e92000-7f5339f90000 rw-p 00000000 00:00 0                          [stack:7958]
7f5339f90000-7f5339f93000 ---p 00000000 00:00 0 
7f5339f93000-7f533a091000 rw-p 00000000 00:00 0                          [stack:7957]
7f533a091000-7f533a094000 ---p 00000000 00:00 0 
7f533a094000-7f533a252000 rw-p 00000000 00:00 0                          [stack:7956]
7f533a252000-7f533a392000 ---p 00000000 00:00 0 
7f533a392000-7f533a592000 rw-p 00000000 00:00 0 
7f533a592000-7f533a792000 rw-p 00000000 00:00 0 
7f533a792000-7f533a816000 r-xp 00000000 08:03 5917608                    /tmp/sqlite-3.7.2-libsqlitejdbc.so
7f533a816000-7f533aa16000 ---p 00084000 08:03 5917608                    /tmp/sqlite-3.7.2-libsqlitejdbc.so
7f533aa16000-7f533aa17000 r--p 00084000 08:03 5917608                    /tmp/sqlite-3.7.2-libsqlitejdbc.so
7f533aa17000-7f533aa1a000 rw-p 00085000 08:03 5917608                    /tmp/sqlite-3.7.2-libsqlitejdbc.so
7f533aad4000-7f533acd4000 rw-p 00000000 00:00 0 
7f533acd4000-7f533acd7000 ---p 00000000 00:00 0 
7f533acd7000-7f533afd5000 rw-p 00000000 00:00 0                          [stack:7955]
7f533b062000-7f533b262000 rw-p 00000000 00:00 0 
7f533b262000-7f533b265000 ---p 00000000 00:00 0 
7f533b265000-7f533b563000 rw-p 00000000 00:00 0                          [stack:7953]
7f533b563000-7f533b763000 rw-p 00000000 00:00 0 
7f533b763000-7f533b776000 r--s 00345000 08:03 3569668                    /usr/lib/jvm/java-8-oracle/jre/lib/resources.jar
7f533b7fd000-7f533b7fe000 rw-p 00000000 00:00 0 
7f533b7fe000-7f533b801000 ---p 00000000 00:00 0 
7f533b801000-7f533b8ff000 rw-p 00000000 00:00 0                          [stack:7952]
7f533b8ff000-7f533b902000 ---p 00000000 00:00 0 
7f533b902000-7f533bc00000 rw-p 00000000 00:00 0                          [stack:7951]
7f533bc00000-7f533be00000 rw-p 00000000 00:00 0 
7f533be00000-7f533c000000 rw-p 00000000 00:00 0 
7f533c000000-7f533c021000 rw-p 00000000 00:00 0 
7f533c021000-7f5340000000 ---p 00000000 00:00 0 
7f5340000000-7f5340302000 rw-p 00000000 00:00 0 
7f5340302000-7f5344000000 ---p 00000000 00:00 0 
7f5344000000-7f5344021000 rw-p 00000000 00:00 0 
7f5344021000-7f5348000000 ---p 00000000 00:00 0 
7f5348000000-7f5348021000 rw-p 00000000 00:00 0 
7f5348021000-7f534c000000 ---p 00000000 00:00 0 
7f534c000000-7f534d132000 rw-p 00000000 00:00 0 
7f534d132000-7f5350000000 ---p 00000000 00:00 0 
7f5350000000-7f53510a8000 rw-p 00000000 00:00 0 
7f53510a8000-7f5354000000 ---p 00000000 00:00 0 
7f5354000000-7f5354021000 rw-p 00000000 00:00 0 
7f5354021000-7f5358000000 ---p 00000000 00:00 0 
7f5358000000-7f5359320000 rw-p 00000000 00:00 0 
7f5359320000-7f535c000000 ---p 00000000 00:00 0 
7f535c000000-7f535c021000 rw-p 00000000 00:00 0 
7f535c021000-7f5360000000 ---p 00000000 00:00 0 
7f5360000000-7f5360021000 rw-p 00000000 00:00 0 
7f5360021000-7f5364000000 ---p 00000000 00:00 0 
7f5364000000-7f5364021000 rw-p 00000000 00:00 0 
7f5364021000-7f5368000000 ---p 00000000 00:00 0 
7f5368000000-7f5370000000 rw-p 00000000 00:00 0 
7f5370000000-7f5370021000 rw-p 00000000 00:00 0 
7f5370021000-7f5374000000 ---p 00000000 00:00 0 
7f5374000000-7f5374095000 r--s 01109000 08:03 3569596                    /usr/lib/jvm/java-8-oracle/jre/lib/ext/jfxrt.jar
7f5374095000-7f53740a6000 r-xp 00000000 08:03 4870868                    /usr/lib/jvm/java-8-oracle/jre/lib/amd64/libnio.so
7f53740a6000-7f53742a5000 ---p 00011000 08:03 4870868                    /usr/lib/jvm/java-8-oracle/jre/lib/amd64/libnio.so
7f53742a5000-7f53742a6000 rw-p 00010000 08:03 4870868                    /usr/lib/jvm/java-8-oracle/jre/lib/amd64/libnio.so
7f53742a6000-7f53744a6000 rw-p 00000000 00:00 0 
7f53744a6000-7f53744ab000 r--s 002f9000 08:03 3569547                    /usr/lib/jvm/java-8-oracle/jre/lib/charsets.jar
7f53744ab000-7f53746ab000 rw-p 00000000 00:00 0 
7f53746ab000-7f53746ae000 ---p 00000000 00:00 0 
7f53746ae000-7f53747ac000 rw-p 00000000 00:00 0                          [stack:7950]
7f53747ac000-7f53747b5000 r-xp 00000000 08:03 4870832                    /usr/lib/jvm/java-8-oracle/jre/lib/amd64/libmanagement.so
7f53747b5000-7f53749b4000 ---p 00009000 08:03 4870832                    /usr/lib/jvm/java-8-oracle/jre/lib/amd64/libmanagement.so
7f53749b4000-7f53749b5000 rw-p 00008000 08:03 4870832                    /usr/lib/jvm/java-8-oracle/jre/lib/amd64/libmanagement.so
7f53749b5000-7f5374bb5000 rw-p 00000000 00:00 0 
7f5374bb5000-7f5374db5000 rw-p 00000000 00:00 0 
7f5374db5000-7f5374fb5000 rw-p 00000000 00:00 0 
7f5374fb5000-7f5374fb9000 r--s 0009a000 08:03 3569602                    /usr/lib/jvm/java-8-oracle/jre/lib/jsse.jar
7f5374fb9000-7f5374fbc000 ---p 00000000 00:00 0 
7f5374fbc000-7f53750ba000 rw-p 00000000 00:00 0                          [stack:7943]
7f53750ba000-7f53750d0000 r-xp 00000000 08:03 4870893                    /usr/lib/jvm/java-8-oracle/jre/lib/amd64/libnet.so
7f53750d0000-7f53752d0000 ---p 00016000 08:03 4870893                    /usr/lib/jvm/java-8-oracle/jre/lib/amd64/libnet.so
7f53752d0000-7f53752d1000 rw-p 00016000 08:03 4870893                    /usr/lib/jvm/java-8-oracle/jre/lib/amd64/libnet.so
7f53752d1000-7f53752d2000 r--s 0000c000 08:03 5916924                    /home/sharmila/.gradle/caches/modules-2/files-2.1/org.ow2.asm/asm/5.0.3/dcc2193db20e19e1feca8b1240dbbc4e190824fa/asm-5.0.3.jar
7f53752d2000-7f53752dc000 r--s 00069000 08:03 5923589                    /home/sharmila/.gradle/caches/modules-2/files-2.1/ch.qos.logback/logback-core/1.1.8/b4d1c3dea91727faf8b3d19cf4b9b972d6c0b89/logback-core-1.1.8.jar
7f53752dc000-7f53752de000 r--s 00012000 08:03 5916922                    /home/sharmila/.gradle/caches/modules-2/files-2.1/net.minidev/accessors-smart/1.1/a527213f2fea112a04c9bdf0ec0264e34104cd08/accessors-smart-1.1.jar
7f53752de000-7f53752e0000 r--s 00009000 08:03 5923902                    /home/sharmila/.gradle/caches/modules-2/files-2.1/org.apache.tomcat/tomcat-juli/8.5.6/83d2d1e3362ecca504f3bf8ed1bc4cc451754d24/tomcat-juli-8.5.6.jar
7f53752e0000-7f53752e9000 r--s 0002d000 08:03 5923903                    /home/sharmila/.gradle/caches/modules-2/files-2.1/xml-apis/xml-apis/1.4.01/3789d9fada2d3d458c4ba2de349d48780f381ee3/xml-apis-1.4.01.jar
7f53752e9000-7f53752eb000 r--s 00004000 08:03 5923588                    /home/sharmila/.gradle/caches/modules-2/files-2.1/org.slf4j/log4j-over-slf4j/1.7.22/a527c37e9ca6c3d19ba298edd4aa344ca751a203/log4j-over-slf4j-1.7.22.jar
7f53752eb000-7f53752ed000 r--s 00000000 08:03 5923587                    /home/sharmila/.gradle/caches/modules-2/files-2.1/org.slf4j/jul-to-slf4j/1.7.22/b0429e950b3d2bc2c39c1bacafac753edbe3781c/jul-to-slf4j-1.7.22.jar
7f53752ed000-7f53752f3000 r--s 00045000 08:03 5923585                    /home/sharmila/.gradle/caches/modules-2/files-2.1/ch.qos.logback/logback-classic/1.1.8/e54f49a227611976642f81cf2106b81c1ece8bf5/logback-classic-1.1.8.jar
7f53752f3000-7f53752f4000 r--s 0000f000 08:03 5916909                    /home/sharmila/.gradle/caches/modules-2/files-2.1/org.json/json/20140107/d1ffca6e2482b002702c6a576166fd685e3370e3/json-20140107.jar
7f53752f4000-7f53752f6000 r--s 00009000 08:03 5916921                    /home/sharmila/.gradle/caches/modules-2/files-2.1/org.objenesis/objenesis/2.1/87c0ea803b69252868d09308b4618f766f135a96/objenesis-2.1.jar
7f53752f6000-7f53752f9000 r--s 0001b000 08:03 5916920                    /home/sharmila/.gradle/caches/modules-2/files-2.1/net.minidev/json-smart/2.2.1/5b9e5df7a62d1279b70dc882b041d249c4f0b002/json-smart-2.2.1.jar
7f53752f9000-7f53752fb000 r--s 00003000 08:03 5923586                    /home/sharmila/.gradle/caches/modules-2/files-2.1/org.slf4j/jcl-over-slf4j/1.7.22/86ceac14535af5a42c8fb0d06d79b925dd3cb263/jcl-over-slf4j-1.7.22.jar
7f53752fb000-7f53752fd000 r--s 00009000 08:03 5923584                    /home/sharmila/.gradle/caches/modules-2/files-2.1/org.slf4j/slf4j-api/1.7.22/a1c83373863cec7ae8d89dc1c5722d8cb6ec0309/slf4j-api-1.7.22.jar
7f53752fd000-7f5375305000 r--s 0003a000 08:03 5923901                    /home/sharmila/.gradle/caches/modules-2/files-2.1/org.springframework/spring-tx/4.3.5.RELEASE/296d8ae21fadc0f115dae7d1e8d5c4f8c7de2c3e/spring-tx-4.3.5.RELEASE.jar
7f5375305000-7f537530f000 r--s 0006b000 08:03 5923900                    /home/sharmila/.gradle/caches/modules-2/files-2.1/org.springframework/spring-orm/4.3.5.RELEASE/64c29d310b69bcc6e1fd5a738fa3629bdedb2d3f/spring-orm-4.3.5.RELEASE.jar
7f537530f000-7f537531f000 r--s 0009a000 08:03 5923899                    /home/sharmila/.gradle/caches/modules-2/files-2.1/org.springframework.data/spring-data-commons/1.12.6.RELEASE/b6403dcfce33e89613f364d80d653d7540279c47/spring-data-commons-1.12.6.RELEASE.jar
7f537531f000-7f5375329000 r--s 0005f000 08:03 5923898                    /home/sharmila/.gradle/caches/modules-2/files-2.1/org.springframework/spring-jdbc/4.3.5.RELEASE/7c09e38b6f6e0b178973dea06bb8fdc6d19aa596/spring-jdbc-4.3.5.RELEASE.jar
7f5375329000-7f537532c000 r--s 00020000 08:03 5923897                    /home/sharmila/.gradle/caches/modules-2/files-2.1/org.apache.tomcat/tomcat-jdbc/8.5.6/feb10a9e22f70565c7556f327b0481dba8587bbc/tomcat-jdbc-8.5.6.jar
7f537532c000-7f5375345000 r--s 001af000 08:03 5923896                    /home/sharmila/.gradle/caches/modules-2/files-2.1/org.aspectj/aspectjweaver/1.8.9/db28774f477f07220eac18d5ec9c4e01f48589d7/aspectjweaver-1.8.9.jar
7f5375345000-7f5375348000 r--s 00010000 08:03 5923833                    /home/sharmila/.gradle/caches/modules-2/files-2.1/org.hibernate.common/hibernate-commons-annotations/5.0.1.Final/71e1cff3fcb20d3b3af4f3363c3ddb24d33c6879/hibernate-commons-annotations-5.0.1.Final.jar
7f5375348000-7f537534d000 r--s 00048000 08:03 5923832                    /home/sharmila/.gradle/caches/modules-2/files-2.1/dom4j/dom4j/1.6.1/5d3ccc056b6f056dbf0dddfdf43894b9065a8f94/dom4j-1.6.1.jar
7f537534d000-7f5375350000 r--s 0002b000 08:03 5923433                    /home/sharmila/.gradle/caches/modules-2/files-2.1/org.jboss/jandex/2.0.0.Final/3e899258936f94649c777193e1be846387ed54b3/jandex-2.0.0.Final.jar
7f5375350000-7f5375351000 r--s 00003000 08:03 5923830                    /home/sharmila/.gradle/caches/modules-2/files-2.1/org.apache.geronimo.specs/geronimo-jta_1.1_spec/1.1.1/aabab3165b8ea936b9360abbf448459c0d04a5a4/geronimo-jta_1.1_spec-1.1.1.jar
7f5375351000-7f5375356000 r--s 00068000 08:03 5923829                    /home/sharmila/.gradle/caches/modules-2/files-2.1/antlr/antlr/2.7.7/83cd2cd674a217ade95a4bb83a8a14f351f48bd0/antlr-2.7.7.jar
7f5375356000-7f537535b000 r--s 0003c000 08:03 5923583                    /home/sharmila/.gradle/caches/modules-2/files-2.1/org.springframework/spring-expression/4.3.5.RELEASE/3689dc6c5b942ecde4122eac889ed87977d6f287/spring-expression-4.3.5.RELEASE.jar
7f537535b000-7f5375375000 r--s 000fc000 08:03 5923582                    /home/sharmila/.gradle/caches/modules-2/files-2.1/org.springframework/spring-context/4.3.5.RELEASE/ca3391c0e17d0138335ba51b51371661d20d56a8/spring-context-4.3.5.RELEASE.jar
7f5375375000-7f5375382000 r--s 000ad000 08:03 5923581                    /home/sharmila/.gradle/caches/modules-2/files-2.1/org.springframework/spring-beans/4.3.5.RELEASE/e12bbc3277da28e2e2608a187f83091dc6c300bf/spring-beans-4.3.5.RELEASE.jar
7f5375382000-7f537538b000 r--s 00054000 08:03 5923580                    /home/sharmila/.gradle/caches/modules-2/files-2.1/org.springframework/spring-aop/4.3.5.RELEASE/4f113218af716bd8d174c411f19b26418b5a70f6/spring-aop-4.3.5.RELEASE.jar
7f537538b000-7f537538f000 r--s 00041000 08:03 5923579                    /home/sharmila/.gradle/caches/modules-2/files-2.1/com.fasterxml.jackson.core/jackson-core/2.8.5/60d059f5d2930ccd1ef03535b713fd9f933d1ba7/jackson-core-2.8.5.jar
7f537538f000-7f5375392000 r--s 0000b000 08:03 5923578                    /home/sharmila/.gradle/caches/modules-2/files-2.1/com.fasterxml.jackson.core/jackson-annotations/2.8.5/9d82ff47bc2c2d3b5b6a6618fe636782bbcd5b07/jackson-annotations-2.8.5.jar
7f5375392000-7f5375394000 r--s 0000e000 08:03 5917543                    /home/sharmila/.gradle/caches/modules-2/files-2.1/com.fasterxml/classmate/1.3.3/864c8e370a691e343210cc7c532fc198cee460d8/classmate-1.3.3.jar
7f5375394000-7f5375398000 r--s 0000c000 08:03 5916766                    /home/sharmila/.gradle/caches/modules-2/files-2.1/javax.validation/validation-api/1.1.0.Final/8613ae82954779d518631e05daa73a6a954817d5/validation-api-1.1.0.Final.jar
7f5375398000-7f537539d000 r--s 00036000 08:03 5917542                    /home/sharmila/.gradle/caches/modules-2/files-2.1/org.apache.tomcat.embed/tomcat-embed-websocket/8.5.6/6f6940a216b380ea8506530c374fcfeef820ba54/tomcat-embed-websocket-8.5.6.jar
7f537539d000-7f537539e000 r--s 00000000 08:03 5923577                    /home/sharmila/.gradle/caches/modules-2/files-2.1/org.springframework.boot/spring-boot-starter-logging/1.4.3.RELEASE/1c58783c0694abf695babfd39829922d2d501ec2/spring-boot-starter-logging-1.4.3.RELEASE.jar
7f537539e000-7f53753bc000 r--s 000d0000 08:03 5923576                    /home/sharmila/.gradle/caches/modules-2/files-2.1/org.springframework.boot/spring-boot-autoconfigure/1.4.3.RELEASE/41df1bfbdd4ae4e8499ebe1a4bc613bda316d6e1/spring-boot-autoconfigure-1.4.3.RELEASE.jar
7f53753bc000-7f53753cc000 r--s 00092000 08:03 5923575                    /home/sharmila/.gradle/caches/modules-2/files-2.1/org.springframework.boot/spring-boot/1.4.3.RELEASE/17f94def4460075afdfba6bf8f897cd1fc95bf77/spring-boot-1.4.3.RELEASE.jar
7f53753cc000-7f53753db000 r--s 00084000 08:03 5923574                    /home/sharmila/.gradle/caches/modules-2/files-2.1/org.springframework/spring-test/4.3.5.RELEASE/a1965127e07b469d8e5bb3d2b0ff850423b66be4/spring-test-4.3.5.RELEASE.jar
7f53753db000-7f53753f1000 r--s 000fa000 08:03 5923530                    /home/sharmila/.gradle/caches/modules-2/files-2.1/org.springframework/spring-core/4.3.5.RELEASE/80299e3f80e8c6d5c076db2ba6adf44a4b52f578/spring-core-4.3.5.RELEASE.jar
7f53753f1000-7f53753f2000 r--s 00006000 08:03 5916915                    /home/sharmila/.gradle/caches/modules-2/files-2.1/org.skyscreamer/jsonassert/1.3.0/d5c250eb122496866de36dc84f98e2945845ecdd/jsonassert-1.3.0.jar
7f53753f2000-7f53753f3000 r--s 0000c000 08:03 5916912                    /home/sharmila/.gradle/caches/modules-2/files-2.1/org.hamcrest/hamcrest-library/1.3/4785a3c21320980282f9f33d0d1264a69040538f/hamcrest-library-1.3.jar
7f53753f3000-7f53753f5000 r--s 00009000 08:03 5913472                    /home/sharmila/.gradle/caches/modules-2/files-2.1/org.hamcrest/hamcrest-core/1.3/42a25dc3219429f0e5d060061f71acb49bf010a0/hamcrest-core-1.3.jar
7f53753f5000-7f5375411000 r--s 00103000 08:03 5916914                    /home/sharmila/.gradle/caches/modules-2/files-2.1/org.mockito/mockito-core/1.10.19/e8546f5bef4e061d8dd73895b4e8f40e3fe6effe/mockito-core-1.10.19.jar
7f5375411000-7f5375424000 r--s 000d2000 08:03 5916913                    /home/sharmila/.gradle/caches/modules-2/files-2.1/org.assertj/assertj-core/2.5.0/fcd21db4c5f33e5dcac69bf1816415fe0647582f/assertj-core-2.5.0.jar
7f5375424000-7f5375429000 r--s 0002e000 08:03 5916911                    /home/sharmila/.gradle/caches/modules-2/files-2.1/com.jayway.jsonpath/json-path/2.2.0/22290d17944bd239fabf5ac69005a60a7ecbbbcb/json-path-2.2.0.jar
7f5375429000-7f537542e000 r--s 00017000 08:03 5923573                    /home/sharmila/.gradle/caches/modules-2/files-2.1/org.springframework.boot/spring-boot-test-autoconfigure/1.4.3.RELEASE/1a7587605e981a58104a501ab1896e2eb7a76686/spring-boot-test-autoconfigure-1.4.3.RELEASE.jar
7f537542e000-7f5375433000 r--s 00021000 08:03 5923572                    /home/sharmila/.gradle/caches/modules-2/files-2.1/org.springframework.boot/spring-boot-test/1.4.3.RELEASE/2d76638f0f13b33859bf3b927c232ff0f8a4ffbf/spring-boot-test-1.4.3.RELEASE.jar
7f5375433000-7f5375439000 r--s 0003d000 08:03 5916762                    /home/sharmila/.gradle/caches/modules-2/files-2.1/org.yaml/snakeyaml/1.17/7a27ea250c5130b2922b86dea63cbb1cc10a660c/snakeyaml-1.17.jar
7f5375439000-7f537543e000 r--s 00040000 08:03 5923637                    /home/sharmila/.gradle/caches/modules-2/files-2.1/org.beanshell/bsh/2.0b4/a05f0a0feefa8d8467ac80e16e7de071489f0d9c/bsh-2.0b4.jar
7f537543e000-7f5375446000 r--s 00045000 08:03 5913471                    /home/sharmila/.gradle/caches/modules-2/files-2.1/junit/junit/4.12/2973d150c0dc1fefe998f834810d68f278ea58ec/junit-4.12.jar
7f5375446000-7f5375449000 r--s 0000c000 08:03 5923895                    /home/sharmila/.gradle/caches/modules-2/files-2.1/org.springframework/spring-aspects/4.3.5.RELEASE/8c00c15865a1da0a1ba143a50622a8436a56e097/spring-aspects-4.3.5.RELEASE.jar
7f5375449000-7f537544f000 r--s 0003f000 08:03 5923894                    /home/sharmila/.gradle/caches/modules-2/files-2.1/org.springframework.data/spring-data-jpa/1.10.6.RELEASE/5d478860b24a493845248c1c336c33a657567bd3/spring-data-jpa-1.10.6.RELEASE.jar
7f537544f000-7f537545c000 r--s 00089000 08:03 5923892                    /home/sharmila/.gradle/caches/modules-2/files-2.1/org.hibernate/hibernate-entitymanager/5.0.11.Final/549565caed4e0bcb816843693e66ff7b04ce025f/hibernate-entitymanager-5.0.11.Final.jar
7f537545c000-7f5375466000 r--s 000ae000 08:03 5916958                    /home/sharmila/.gradle/caches/modules-2/files-2.1/org.javassist/javassist/3.20.0-GA/a9cbcdfb7e9f86fbc74d3afae65f2248bfbf82a0/javassist-3.20.0-GA.jar
7f5375466000-7f537546b000 r--s 00017000 08:03 5923828                    /home/sharmila/.gradle/caches/modules-2/files-2.1/org.hibernate.javax.persistence/hibernate-jpa-2.1-api/1.0.0.Final/5e731d961297e5a07290bfaf3db1fbc8bbbf405a/hibernate-jpa-2.1-api-1.0.0.Final.jar
7f537546b000-7f53754d4000 r--s 004f3000 08:03 5923432                    /home/sharmila/.gradle/caches/modules-2/files-2.1/org.hibernate/hibernate-core/5.0.11.Final/c2487fb72a2217a7cec9ab478d4c21a36fc09977/hibernate-core-5.0.11.Final.jar
7f53754d4000-7f53754e7000 r--s 00236000 08:03 5916949                    /home/sharmila/.gradle/caches/modules-2/files-2.1/org.eclipse.jdt.core.compiler/ecj/4.5.1/bee1367ac12fb6a20b422ff8711ebeb4f0a42316/ecj-4.5.1.jar
7f53754e7000-7f53754ec000 r--s 00036000 08:03 5917541                    /home/sharmila/.gradle/caches/modules-2/files-2.1/org.apache.tomcat.embed/tomcat-embed-el/8.5.6/a102298d8dc72f4065533d5962953d753b172602/tomcat-embed-el-8.5.6.jar
7f53754ec000-7f5375515000 r--s 002b2000 08:03 5917540                    /home/sharmila/.gradle/caches/modules-2/files-2.1/org.apache.tomcat.embed/tomcat-embed-core/8.5.6/960834b5abc6b2135250487abf6c060a0fa5a22e/tomcat-embed-core-8.5.6.jar
7f5375515000-7f5375526000 r--s 000cf000 08:03 5923571                    /home/sharmila/.gradle/caches/modules-2/files-2.1/org.springframework/spring-webmvc/4.3.5.RELEASE/c624659217edab07d8279fb0f90462136f089220/spring-webmvc-4.3.5.RELEASE.jar
7f5375526000-7f5375538000 r--s 000b6000 08:03 5923570                    /home/sharmila/.gradle/caches/modules-2/files-2.1/org.springframework/spring-web/4.3.5.RELEASE/6641daccf2fddafc8358144f3a4f999130fdf144/spring-web-4.3.5.RELEASE.jar
7f5375538000-7f5375549000 r--s 0011d000 08:03 5923569                    /home/sharmila/.gradle/caches/modules-2/files-2.1/com.fasterxml.jackson.core/jackson-databind/2.8.5/b3035f37e674c04dafe36a660c3815cc59f764e2/jackson-databind-2.8.5.jar
7f5375549000-7f5375559000 r--s 0009c000 08:03 5916756                    /home/sharmila/.gradle/caches/modules-2/files-2.1/org.hibernate/hibernate-validator/5.2.4.Final/fb18766b576aa6632bcfe9a20a023cbd52bf9769/hibernate-validator-5.2.4.Final.jar
7f5375559000-7f5375565000 r--s 000a4000 08:03 5923636                    /home/sharmila/.gradle/caches/modules-2/files-2.1/org.testng/testng/6.5.2/5069d2e72356ed87645c5fc3622b0bbb5e0667c9/testng-6.5.2.jar
7f5375565000-7f5375566000 ---p 00000000 00:00 0 
7f5375566000-7f5375666000 rw-p 00000000 00:00 0                          [stack:7941]
7f5375666000-7f5375669000 ---p 00000000 00:00 0 
7f5375669000-7f5375767000 rw-p 00000000 00:00 0                          [stack:7940]
7f5375767000-7f537576a000 ---p 00000000 00:00 0 
7f537576a000-7f5375868000 rw-p 00000000 00:00 0                          [stack:7939]
7f5375868000-7f537586b000 ---p 00000000 00:00 0 
7f537586b000-7f5375969000 rw-p 00000000 00:00 0                          [stack:7938]
7f5375969000-7f537596c000 ---p 00000000 00:00 0 
7f537596c000-7f5375a6a000 rw-p 00000000 00:00 0                          [stack:7937]
7f5375a6a000-7f5375a6d000 ---p 00000000 00:00 0 
7f5375a6d000-7f5375b6b000 rw-p 00000000 00:00 0                          [stack:7936]
7f5375b6b000-7f537624e000 r--p 00000000 08:03 3152909                    /usr/lib/locale/locale-archive
7f537624e000-7f5376251000 ---p 00000000 00:00 0 
7f5376251000-7f537634f000 rw-p 00000000 00:00 0                          [stack:7935]
7f537634f000-7f5376352000 ---p 00000000 00:00 0 
7f5376352000-7f5376450000 rw-p 00000000 00:00 0                          [stack:7934]
7f5376450000-7f5376451000 ---p 00000000 00:00 0 
7f5376451000-7f5378000000 rw-p 00000000 00:00 0                          [stack:7933]
7f5378000000-7f5378021000 rw-p 00000000 00:00 0 
7f5378021000-7f537c000000 ---p 00000000 00:00 0 
7f537c000000-7f537c021000 rw-p 00000000 00:00 0 
7f537c021000-7f5380000000 ---p 00000000 00:00 0 
7f5380000000-7f5380021000 rw-p 00000000 00:00 0 
7f5380021000-7f5384000000 ---p 00000000 00:00 0 
7f5384000000-7f5384002000 r--s 00006000 08:03 5923638                    /home/sharmila/.gradle/caches/modules-2/files-2.1/com.beust/jcommander/1.12/7409692b48022f9eca7445861defbcdb9ee3c2a8/jcommander-1.12.jar
7f5384002000-7f5384004000 r--s 00006000 08:03 5923893                    /home/sharmila/.gradle/caches/modules-2/files-2.1/javax.transaction/javax.transaction-api/1.2/d81aff979d603edd90dcd8db2abc1f4ce6479e3e/javax.transaction-api-1.2.jar
7f5384004000-7f5384558000 rw-p 00000000 00:00 0 
7f5384558000-7f5384731000 r--s 03d3e000 08:03 3569606                    /usr/lib/jvm/java-8-oracle/jre/lib/rt.jar
7f5384731000-7f53847a7000 rw-p 00000000 00:00 0 
7f53847a7000-7f53847a8000 ---p 00000000 00:00 0 
7f53847a8000-7f53848a8000 rw-p 00000000 00:00 0                          [stack:7932]
7f53848a8000-7f53848a9000 ---p 00000000 00:00 0 
7f53848a9000-7f53849a9000 rw-p 00000000 00:00 0                          [stack:7931]
7f53849a9000-7f53849aa000 ---p 00000000 00:00 0 
7f53849aa000-7f5384c0d000 rw-p 00000000 00:00 0                          [stack:7930]
7f5384c0d000-7f5385000000 ---p 00000000 00:00 0 
7f5385000000-7f5385bc0000 rwxp 00000000 00:00 0 
7f5385bc0000-7f5394000000 ---p 00000000 00:00 0 
7f5394000000-7f53957ca000 rw-p 00000000 00:00 0 
7f53957ca000-7f5398000000 ---p 00000000 00:00 0 
7f5398000000-7f5398001000 r--s 00000000 08:03 5923891                    /home/sharmila/.gradle/caches/modules-2/files-2.1/org.springframework.boot/spring-boot-starter-jdbc/1.4.3.RELEASE/7ce66cf27ea731189248be7af2ab84ba189e1151/spring-boot-starter-jdbc-1.4.3.RELEASE.jar
7f5398001000-7f5398002000 r--s 00000000 08:03 5923890                    /home/sharmila/.gradle/caches/modules-2/files-2.1/org.springframework.boot/spring-boot-starter-aop/1.4.3.RELEASE/30b11b6455bed446d3b4a1a49fab529b2cfac454/spring-boot-starter-aop-1.4.3.RELEASE.jar
7f5398002000-7f5398004000 r--s 0000f000 08:03 5916917                    /home/sharmila/.gradle/caches/modules-2/files-2.1/org.jboss.logging/jboss-logging/3.3.0.Final/3616bb87707910296e2c195dc016287080bba5af/jboss-logging-3.3.0.Final.jar
7f5398004000-7f5398005000 r--s 00000000 08:03 5923568                    /home/sharmila/.gradle/caches/modules-2/files-2.1/org.springframework.boot/spring-boot-starter-tomcat/1.4.3.RELEASE/61c48035a7a3b06b42fdd07b7109e562077b3792/spring-boot-starter-tomcat-1.4.3.RELEASE.jar
7f5398005000-7f5398006000 ---p 00000000 00:00 0 
7f5398006000-7f5398269000 rw-p 00000000 00:00 0                          [stack:7929]
7f5398269000-7f539865b000 ---p 00000000 00:00 0 
7f539865b000-7f5398771000 rw-p 00000000 00:00 0 
7f5398771000-7f5398906000 ---p 00000000 00:00 0 
7f5398906000-7f5398936000 rw-p 00000000 00:00 0 
7f5398936000-7f5398cc7000 ---p 00000000 00:00 0 
7f5398cc7000-7f5398ce1000 r-xp 00000000 08:03 4870864                    /usr/lib/jvm/java-8-oracle/jre/lib/amd64/libzip.so
7f5398ce1000-7f5398ee1000 ---p 0001a000 08:03 4870864                    /usr/lib/jvm/java-8-oracle/jre/lib/amd64/libzip.so
7f5398ee1000-7f5398ee2000 rw-p 0001a000 08:03 4870864                    /usr/lib/jvm/java-8-oracle/jre/lib/amd64/libzip.so
7f5398ee2000-7f5398eec000 r-xp 00000000 08:03 4070135                    /lib/x86_64-linux-gnu/libnss_files-2.19.so
7f5398eec000-7f53990eb000 ---p 0000a000 08:03 4070135                    /lib/x86_64-linux-gnu/libnss_files-2.19.so
7f53990eb000-7f53990ec000 r--p 00009000 08:03 4070135                    /lib/x86_64-linux-gnu/libnss_files-2.19.so
7f53990ec000-7f53990ed000 rw-p 0000a000 08:03 4070135                    /lib/x86_64-linux-gnu/libnss_files-2.19.so
7f53990ed000-7f53990f8000 r-xp 00000000 08:03 4070127                    /lib/x86_64-linux-gnu/libnss_nis-2.19.so
7f53990f8000-7f53992f7000 ---p 0000b000 08:03 4070127                    /lib/x86_64-linux-gnu/libnss_nis-2.19.so
7f53992f7000-7f53992f8000 r--p 0000a000 08:03 4070127                    /lib/x86_64-linux-gnu/libnss_nis-2.19.so
7f53992f8000-7f53992f9000 rw-p 0000b000 08:03 4070127                    /lib/x86_64-linux-gnu/libnss_nis-2.19.so
7f53992f9000-7f5399310000 r-xp 00000000 08:03 4070123                    /lib/x86_64-linux-gnu/libnsl-2.19.so
7f5399310000-7f539950f000 ---p 00017000 08:03 4070123                    /lib/x86_64-linux-gnu/libnsl-2.19.so
7f539950f000-7f5399510000 r--p 00016000 08:03 4070123                    /lib/x86_64-linux-gnu/libnsl-2.19.so
7f5399510000-7f5399511000 rw-p 00017000 08:03 4070123                    /lib/x86_64-linux-gnu/libnsl-2.19.so
7f5399511000-7f5399513000 rw-p 00000000 00:00 0 
7f5399513000-7f539951c000 r-xp 00000000 08:03 4070122                    /lib/x86_64-linux-gnu/libnss_compat-2.19.so
7f539951c000-7f539971b000 ---p 00009000 08:03 4070122                    /lib/x86_64-linux-gnu/libnss_compat-2.19.so
7f539971b000-7f539971c000 r--p 00008000 08:03 4070122                    /lib/x86_64-linux-gnu/libnss_compat-2.19.so
7f539971c000-7f539971d000 rw-p 00009000 08:03 4070122                    /lib/x86_64-linux-gnu/libnss_compat-2.19.so
7f539971d000-7f5399748000 r-xp 00000000 08:03 4870782                    /usr/lib/jvm/java-8-oracle/jre/lib/amd64/libjava.so
7f5399748000-7f5399947000 ---p 0002b000 08:03 4870782                    /usr/lib/jvm/java-8-oracle/jre/lib/amd64/libjava.so
7f5399947000-7f5399949000 rw-p 0002a000 08:03 4870782                    /usr/lib/jvm/java-8-oracle/jre/lib/amd64/libjava.so
7f5399949000-7f5399956000 r-xp 00000000 08:03 4870821                    /usr/lib/jvm/java-8-oracle/jre/lib/amd64/libverify.so
7f5399956000-7f5399b55000 ---p 0000d000 08:03 4870821                    /usr/lib/jvm/java-8-oracle/jre/lib/amd64/libverify.so
7f5399b55000-7f5399b57000 rw-p 0000c000 08:03 4870821                    /usr/lib/jvm/java-8-oracle/jre/lib/amd64/libverify.so
7f5399b57000-7f5399b5e000 r-xp 00000000 08:03 4070131                    /lib/x86_64-linux-gnu/librt-2.19.so
7f5399b5e000-7f5399d5d000 ---p 00007000 08:03 4070131                    /lib/x86_64-linux-gnu/librt-2.19.so
7f5399d5d000-7f5399d5e000 r--p 00006000 08:03 4070131                    /lib/x86_64-linux-gnu/librt-2.19.so
7f5399d5e000-7f5399d5f000 rw-p 00007000 08:03 4070131                    /lib/x86_64-linux-gnu/librt-2.19.so
7f5399d5f000-7f5399e64000 r-xp 00000000 08:03 4070117                    /lib/x86_64-linux-gnu/libm-2.19.so
7f5399e64000-7f539a063000 ---p 00105000 08:03 4070117                    /lib/x86_64-linux-gnu/libm-2.19.so
7f539a063000-7f539a064000 r--p 00104000 08:03 4070117                    /lib/x86_64-linux-gnu/libm-2.19.so
7f539a064000-7f539a065000 rw-p 00105000 08:03 4070117                    /lib/x86_64-linux-gnu/libm-2.19.so
7f539a065000-7f539ad33000 r-xp 00000000 08:03 5260205                    /usr/lib/jvm/java-8-oracle/jre/lib/amd64/server/libjvm.so
7f539ad33000-7f539af33000 ---p 00cce000 08:03 5260205                    /usr/lib/jvm/java-8-oracle/jre/lib/amd64/server/libjvm.so
7f539af33000-7f539b00c000 rw-p 00cce000 08:03 5260205                    /usr/lib/jvm/java-8-oracle/jre/lib/amd64/server/libjvm.so
7f539b00c000-7f539b057000 rw-p 00000000 00:00 0 
7f539b057000-7f539b211000 r-xp 00000000 08:03 4070132                    /lib/x86_64-linux-gnu/libc-2.19.so
7f539b211000-7f539b411000 ---p 001ba000 08:03 4070132                    /lib/x86_64-linux-gnu/libc-2.19.so
7f539b411000-7f539b415000 r--p 001ba000 08:03 4070132                    /lib/x86_64-linux-gnu/libc-2.19.so
7f539b415000-7f539b417000 rw-p 001be000 08:03 4070132                    /lib/x86_64-linux-gnu/libc-2.19.so
7f539b417000-7f539b41c000 rw-p 00000000 00:00 0 
7f539b41c000-7f539b41f000 r-xp 00000000 08:03 4070119                    /lib/x86_64-linux-gnu/libdl-2.19.so
7f539b41f000-7f539b61e000 ---p 00003000 08:03 4070119                    /lib/x86_64-linux-gnu/libdl-2.19.so
7f539b61e000-7f539b61f000 r--p 00002000 08:03 4070119                    /lib/x86_64-linux-gnu/libdl-2.19.so
7f539b61f000-7f539b620000 rw-p 00003000 08:03 4070119                    /lib/x86_64-linux-gnu/libdl-2.19.so
7f539b620000-7f539b635000 r-xp 00000000 08:03 3555343                    /usr/lib/jvm/java-8-oracle/lib/amd64/jli/libjli.so
7f539b635000-7f539b835000 ---p 00015000 08:03 3555343                    /usr/lib/jvm/java-8-oracle/lib/amd64/jli/libjli.so
7f539b835000-7f539b836000 rw-p 00015000 08:03 3555343                    /usr/lib/jvm/java-8-oracle/lib/amd64/jli/libjli.so
7f539b836000-7f539b84f000 r-xp 00000000 08:03 4070124                    /lib/x86_64-linux-gnu/libpthread-2.19.so
7f539b84f000-7f539ba4e000 ---p 00019000 08:03 4070124                    /lib/x86_64-linux-gnu/libpthread-2.19.so
7f539ba4e000-7f539ba4f000 r--p 00018000 08:03 4070124                    /lib/x86_64-linux-gnu/libpthread-2.19.so
7f539ba4f000-7f539ba50000 rw-p 00019000 08:03 4070124                    /lib/x86_64-linux-gnu/libpthread-2.19.so
7f539ba50000-7f539ba54000 rw-p 00000000 00:00 0 
7f539ba54000-7f539ba77000 r-xp 00000000 08:03 4070125                    /lib/x86_64-linux-gnu/ld-2.19.so
7f539ba77000-7f539ba78000 r--s 00000000 08:03 5923567                    /home/sharmila/.gradle/caches/modules-2/files-2.1/org.springframework.boot/spring-boot-starter/1.4.3.RELEASE/c99bad104719e947b3f9aa2b7569583805e4c5d5/spring-boot-starter-1.4.3.RELEASE.jar
7f539ba78000-7f539ba79000 r--s 00000000 08:03 5923566                    /home/sharmila/.gradle/caches/modules-2/files-2.1/org.springframework.boot/spring-boot-starter-test/1.4.3.RELEASE/6e9f1dbd3f68299c0183630ef07ca430de160050/spring-boot-starter-test-1.4.3.RELEASE.jar
7f539ba79000-7f539ba7a000 r--s 00000000 08:03 5923889                    /home/sharmila/.gradle/caches/modules-2/files-2.1/org.springframework.boot/spring-boot-starter-data-jpa/1.4.3.RELEASE/ffda06c2144d10239014407333c223a237b73ad7/spring-boot-starter-data-jpa-1.4.3.RELEASE.jar
7f539ba7a000-7f539bb4d000 rw-p 00000000 00:00 0 
7f539bb4d000-7f539bb50000 ---p 00000000 00:00 0 
7f539bb50000-7f539bc52000 rw-p 00000000 00:00 0                          [stack:7928]
7f539bc52000-7f539bc53000 r--s 00003000 08:03 5923431                    /home/sharmila/.gradle/caches/modules-2/files-2.1/org.hibernate/hibernate-gradle-plugin/5.2.3.Final/db2ad8695e48a03a566b74fb5fc07c1732c1f5e5/hibernate-gradle-plugin-5.2.3.Final.jar
7f539bc53000-7f539bc58000 r--s 00309000 08:03 5923826                    /home/sharmila/.gradle/caches/modules-2/files-2.1/org.xerial/sqlite-jdbc/3.7.2/7a3d67f00508d3881650579f7f228c61bfc1b196/sqlite-jdbc-3.7.2.jar
7f539bc58000-7f539bc61000 r--s 00095000 08:03 5913393                    /home/sharmila/.gradle/caches/modules-2/files-2.1/org.apache.tomcat.embed/tomcat-embed-jasper/9.0.0.M11/e2cd5a7038094195c3163532e01daf051d9265fe/tomcat-embed-jasper-9.0.0.M11.jar
7f539bc61000-7f539bc62000 r--s 00000000 08:03 5923565                    /home/sharmila/.gradle/caches/modules-2/files-2.1/org.springframework.boot/spring-boot-starter-web/1.4.3.RELEASE/a0dcc919eda8e8ecb6f13f52a30e6afbb8266103/spring-boot-starter-web-1.4.3.RELEASE.jar
7f539bc62000-7f539bc6a000 r--s 00046000 08:03 3828792                    /home/sharmila/Downloads/IDE/sts 3.6.4/sts-bundle/sts-3.6.4.RELEASE/plugins/org.testng.eclipse_6.10.0.201612030230/lib/testng-remote.jar
7f539bc6a000-7f539bc72000 rw-s 00000000 08:03 5917624                    /tmp/hsperfdata_sharmila/7923
7f539bc72000-7f539bc73000 rw-p 00000000 00:00 0 
7f539bc73000-7f539bc74000 r--p 00000000 00:00 0 
7f539bc74000-7f539bc76000 rw-p 00000000 00:00 0 
7f539bc76000-7f539bc77000 r--p 00022000 08:03 4070125                    /lib/x86_64-linux-gnu/ld-2.19.so
7f539bc77000-7f539bc78000 rw-p 00023000 08:03 4070125                    /lib/x86_64-linux-gnu/ld-2.19.so
7f539bc78000-7f539bc79000 rw-p 00000000 00:00 0 
7fff39264000-7fff39288000 rw-p 00000000 00:00 0                          [stack]
7fff393d2000-7fff393d4000 r-xp 00000000 00:00 0                          [vdso]
ffffffffff600000-ffffffffff601000 r-xp 00000000 00:00 0                  [vsyscall]

VM Arguments:
jvm_args: -ea -Xms1024m -Xmx4096m -Dfile.encoding=UTF-8 
java_command: org.testng.remote.RemoteTestNG -serport 35105 -protocol json -d /home/sharmila/Documents/work-office/TestNG_Project/test-output /tmp/testng-eclipse--59918224/testng-customsuite.xml
java_class_path (initial): /home/sharmila/Downloads/IDE/sts 3.6.4/sts-bundle/sts-3.6.4.RELEASE/plugins/org.testng.eclipse_6.10.0.201612030230/lib/testng-remote.jar:/home/sharmila/Documents/work-office/TestNG_Project/bin:/home/sharmila/.gradle/caches/modules-2/files-2.1/org.springframework.boot/spring-boot-starter-web/1.4.3.RELEASE/a0dcc919eda8e8ecb6f13f52a30e6afbb8266103/spring-boot-starter-web-1.4.3.RELEASE.jar:/home/sharmila/.gradle/caches/modules-2/files-2.1/org.apache.tomcat.embed/tomcat-embed-jasper/9.0.0.M11/e2cd5a7038094195c3163532e01daf051d9265fe/tomcat-embed-jasper-9.0.0.M11.jar:/home/sharmila/.gradle/caches/modules-2/files-2.1/org.xerial/sqlite-jdbc/3.7.2/7a3d67f00508d3881650579f7f228c61bfc1b196/sqlite-jdbc-3.7.2.jar:/home/sharmila/.gradle/caches/modules-2/files-2.1/org.hibernate/hibernate-gradle-plugin/5.2.3.Final/db2ad8695e48a03a566b74fb5fc07c1732c1f5e5/hibernate-gradle-plugin-5.2.3.Final.jar:/home/sharmila/.gradle/caches/modules-2/files-2.1/org.springframework.boot/spring-boot-starter-data-jpa/1.4.3.RELEASE/ffda06c2144d10239014407333c223a237b73ad7/spring-boot-starter-data-jpa-1.4.3.RELEASE.jar:/home/sharmila/.gradle/caches/modules-2/files-2.1/org.testng/testng/6.5.2/5069d2e72356ed87645c5fc3622b0bbb5e0667c9/testng-6.5.2.jar:/home/sharmila/.gradle/caches/modules-2/files-2.1/org.springframework.boot/spring-boot-starter-test/1.4.3.RELEASE/6e9f1dbd3f68299c0183630ef07ca430de160050/spring-boot-starter-test-1.4.3.RELEASE.jar:/home/sharmila/.gradle/caches/modules-2/files-2.1/org.springframework.boot/spring-boot-starter/1.4.3.RELEASE/c99bad104719e947b3f9aa2b7569583805e4c5d5/spring-boot-starter-1.4.3.RELEASE.jar:/home/sharmila/.gradle/caches/modules-2/files-2.1/org.springframework.boot/spring-boot-starter-tomcat/1.4.3.RELEASE/61c48035a7a3b06b42fdd07b7109e562077b3792/spring-boot-starter-tomcat-1.4.3.RELEASE.jar:/home/sharmila/.gradle/caches/modules-2/files-2.1/org.hibernate/hibernate-validator/5.2.4.Final/fb18766b576aa6632bcfe9a20a023cbd52bf9769/hibernate-validat
Launcher Type: SUN_STANDARD

Environment Variables:
JAVA_HOME=/usr/lib/jvm/java-8-oracle
PATH=/usr/local/sbin:/usr/local/bin:/usr/sbin:/usr/bin:/sbin:/bin:/usr/games:/usr/local/games:/usr/lib/jvm/java-8-oracle/bin:/usr/lib/jvm/java-8-oracle/db/bin:/usr/lib/jvm/java-8-oracle/jre/bin
SHELL=/bin/bash
DISPLAY=:0.0

Signal Handlers:
SIGSEGV: [libjvm.so+0xac78c0], sa_mask[0]=11111111011111111101111111111110, sa_flags=SA_RESTART|SA_SIGINFO
SIGBUS: [libjvm.so+0xac78c0], sa_mask[0]=11111111011111111101111111111110, sa_flags=SA_RESTART|SA_SIGINFO
SIGFPE: [libjvm.so+0x920ac0], sa_mask[0]=11111111011111111101111111111110, sa_flags=SA_RESTART|SA_SIGINFO
SIGPIPE: [libjvm.so+0x920ac0], sa_mask[0]=11111111011111111101111111111110, sa_flags=SA_RESTART|SA_SIGINFO
SIGXFSZ: [libjvm.so+0x920ac0], sa_mask[0]=11111111011111111101111111111110, sa_flags=SA_RESTART|SA_SIGINFO
SIGILL: [libjvm.so+0x920ac0], sa_mask[0]=11111111011111111101111111111110, sa_flags=SA_RESTART|SA_SIGINFO
SIGUSR1: SIG_DFL, sa_mask[0]=00000000000000000000000000000000, sa_flags=none
SIGUSR2: [libjvm.so+0x922300], sa_mask[0]=00100000000000000000000000000000, sa_flags=SA_RESTART|SA_SIGINFO
SIGHUP: [libjvm.so+0x923700], sa_mask[0]=11111111011111111101111111111110, sa_flags=SA_RESTART|SA_SIGINFO
SIGINT: [libjvm.so+0x923700], sa_mask[0]=11111111011111111101111111111110, sa_flags=SA_RESTART|SA_SIGINFO
SIGTERM: [libjvm.so+0x923700], sa_mask[0]=11111111011111111101111111111110, sa_flags=SA_RESTART|SA_SIGINFO
SIGQUIT: [libjvm.so+0x923700], sa_mask[0]=11111111011111111101111111111110, sa_flags=SA_RESTART|SA_SIGINFO


---------------  S Y S T E M  ---------------

OS:DISTRIB_ID=Ubuntu
DISTRIB_RELEASE=14.04
DISTRIB_CODENAME=trusty
DISTRIB_DESCRIPTION="Ubuntu 14.04.5 LTS"

uname:Linux 3.13.0-107-generic #154-Ubuntu SMP Tue Dec 20 09:57:27 UTC 2016 x86_64
libc:glibc 2.19 NPTL 2.19 
rlimit: STACK 8192k, CORE 0k, NPROC 30712, NOFILE 4096, AS infinity
load average:1.27 0.87 0.98

/proc/meminfo:
MemTotal:        3953548 kB
MemFree:          153196 kB
Buffers:           47396 kB
Cached:           651576 kB
SwapCached:       157032 kB
Active:          2268480 kB
Inactive:        1153992 kB
Active(anon):    2101384 kB
Inactive(anon):   945448 kB
Active(file):     167096 kB
Inactive(file):   208544 kB
Unevictable:         208 kB
Mlocked:             208 kB
SwapTotal:       7999484 kB
SwapFree:        7283072 kB
Dirty:               224 kB
Writeback:             0 kB
AnonPages:       2617152 kB
Mapped:           244408 kB
Shmem:            323480 kB
Slab:             251460 kB
SReclaimable:     210668 kB
SUnreclaim:        40792 kB
KernelStack:        5824 kB
PageTables:        51552 kB
NFS_Unstable:          0 kB
Bounce:                0 kB
WritebackTmp:          0 kB
CommitLimit:     9976256 kB
Committed_AS:    9448004 kB
VmallocTotal:   34359738367 kB
VmallocUsed:      400968 kB
VmallocChunk:   34359326684 kB
HardwareCorrupted:     0 kB
AnonHugePages:   1212416 kB
HugePages_Total:       0
HugePages_Free:        0
HugePages_Rsvd:        0
HugePages_Surp:        0
Hugepagesize:       2048 kB
DirectMap4k:       92332 kB
DirectMap2M:     2959360 kB
DirectMap1G:     1048576 kB


CPU:total 4 (2 cores per cpu, 2 threads per core) family 6 model 69 stepping 1, cmov, cx8, fxsr, mmx, sse, sse2, sse3, ssse3, sse4.1, sse4.2, popcnt, avx, avx2, aes, clmul, erms, lzcnt, ht, tsc, tscinvbit, bmi1, bmi2

/proc/cpuinfo:
processor	: 0
vendor_id	: GenuineIntel
cpu family	: 6
model		: 69
model name	: Intel(R) Core(TM) i5-4200U CPU @ 1.60GHz
stepping	: 1
microcode	: 0x17
cpu MHz		: 1600.000
cache size	: 3072 KB
physical id	: 0
siblings	: 4
core id		: 0
cpu cores	: 2
apicid		: 0
initial apicid	: 0
fpu		: yes
fpu_exception	: yes
cpuid level	: 13
wp		: yes
flags		: fpu vme de pse tsc msr pae mce cx8 apic sep mtrr pge mca cmov pat pse36 clflush dts acpi mmx fxsr sse sse2 ss ht tm pbe syscall nx pdpe1gb rdtscp lm constant_tsc arch_perfmon pebs bts rep_good nopl xtopology nonstop_tsc aperfmperf eagerfpu pni pclmulqdq dtes64 monitor ds_cpl vmx est tm2 ssse3 fma cx16 xtpr pdcm pcid sse4_1 sse4_2 movbe popcnt tsc_deadline_timer aes xsave avx f16c rdrand lahf_lm abm ida arat epb xsaveopt pln pts dtherm tpr_shadow vnmi flexpriority ept vpid fsgsbase tsc_adjust bmi1 avx2 smep bmi2 erms invpcid
bogomips	: 4589.73
clflush size	: 64
cache_alignment	: 64
address sizes	: 39 bits physical, 48 bits virtual
power management:

processor	: 1
vendor_id	: GenuineIntel
cpu family	: 6
model		: 69
model name	: Intel(R) Core(TM) i5-4200U CPU @ 1.60GHz
stepping	: 1
microcode	: 0x17
cpu MHz		: 1600.000
cache size	: 3072 KB
physical id	: 0
siblings	: 4
core id		: 0
cpu cores	: 2
apicid		: 1
initial apicid	: 1
fpu		: yes
fpu_exception	: yes
cpuid level	: 13
wp		: yes
flags		: fpu vme de pse tsc msr pae mce cx8 apic sep mtrr pge mca cmov pat pse36 clflush dts acpi mmx fxsr sse sse2 ss ht tm pbe syscall nx pdpe1gb rdtscp lm constant_tsc arch_perfmon pebs bts rep_good nopl xtopology nonstop_tsc aperfmperf eagerfpu pni pclmulqdq dtes64 monitor ds_cpl vmx est tm2 ssse3 fma cx16 xtpr pdcm pcid sse4_1 sse4_2 movbe popcnt tsc_deadline_timer aes xsave avx f16c rdrand lahf_lm abm ida arat epb xsaveopt pln pts dtherm tpr_shadow vnmi flexpriority ept vpid fsgsbase tsc_adjust bmi1 avx2 smep bmi2 erms invpcid
bogomips	: 4589.73
clflush size	: 64
cache_alignment	: 64
address sizes	: 39 bits physical, 48 bits virtual
power management:

processor	: 2
vendor_id	: GenuineIntel
cpu family	: 6
model		: 69
model name	: Intel(R) Core(TM) i5-4200U CPU @ 1.60GHz
stepping	: 1
microcode	: 0x17
cpu MHz		: 1600.000
cache size	: 3072 KB
physical id	: 0
siblings	: 4
core id		: 1
cpu cores	: 2
apicid		: 2
initial apicid	: 2
fpu		: yes
fpu_exception	: yes
cpuid level	: 13
wp		: yes
flags		: fpu vme de pse tsc msr pae mce cx8 apic sep mtrr pge mca cmov pat pse36 clflush dts acpi mmx fxsr sse sse2 ss ht tm pbe syscall nx pdpe1gb rdtscp lm constant_tsc arch_perfmon pebs bts rep_good nopl xtopology nonstop_tsc aperfmperf eagerfpu pni pclmulqdq dtes64 monitor ds_cpl vmx est tm2 ssse3 fma cx16 xtpr pdcm pcid sse4_1 sse4_2 movbe popcnt tsc_deadline_timer aes xsave avx f16c rdrand lahf_lm abm ida arat epb xsaveopt pln pts dtherm tpr_shadow vnmi flexpriority ept vpid fsgsbase tsc_adjust bmi1 avx2 smep bmi2 erms invpcid
bogomips	: 4589.73
clflush size	: 64
cache_alignment	: 64
address sizes	: 39 bits physical, 48 bits virtual
power management:

processor	: 3
vendor_id	: GenuineIntel
cpu family	: 6
model		: 69
model name	: Intel(R) Core(TM) i5-4200U CPU @ 1.60GHz
stepping	: 1
microcode	: 0x17
cpu MHz		: 1000.000
cache size	: 3072 KB
physical id	: 0
siblings	: 4
core id		: 1
cpu cores	: 2
apicid		: 3
initial apicid	: 3
fpu		: yes
fpu_exception	: yes
cpuid level	: 13
wp		: yes
flags		: fpu vme de pse tsc msr pae mce cx8 apic sep mtrr pge mca cmov pat pse36 clflush dts acpi mmx fxsr sse sse2 ss ht tm pbe syscall nx pdpe1gb rdtscp lm constant_tsc arch_perfmon pebs bts rep_good nopl xtopology nonstop_tsc aperfmperf eagerfpu pni pclmulqdq dtes64 monitor ds_cpl vmx est tm2 ssse3 fma cx16 xtpr pdcm pcid sse4_1 sse4_2 movbe popcnt tsc_deadline_timer aes xsave avx f16c rdrand lahf_lm abm ida arat epb xsaveopt pln pts dtherm tpr_shadow vnmi flexpriority ept vpid fsgsbase tsc_adjust bmi1 avx2 smep bmi2 erms invpcid
bogomips	: 4589.73
clflush size	: 64
cache_alignment	: 64
address sizes	: 39 bits physical, 48 bits virtual
power management:



Memory: 4k page, physical 3953548k(153196k free), swap 7999484k(7283072k free)

vm_info: Java HotSpot(TM) 64-Bit Server VM (25.121-b13) for linux-amd64 JRE (1.8.0_121-b13), built on Dec 12 2016 16:36:53 by "java_re" with gcc 4.3.0 20080428 (Red Hat 4.3.0-8)

time: Mon Jan 23 21:52:16 2017
elapsed time: 8 seconds (0d 0h 0m 8s)

