#
# A fatal error has been detected by the Java Runtime Environment:
#
#  SIGSEGV (0xb) at pc=0x00007fa79ab2a118, pid=5487, tid=0x00007fa79c030700
#
# JRE version: Java(TM) SE Runtime Environment (8.0_121-b13) (build 1.8.0_121-b13)
# Java VM: Java HotSpot(TM) 64-Bit Server VM (25.121-b13 mixed mode linux-amd64 compressed oops)
# Problematic frame:
# V  [libjvm.so+0x6e2118]  jni_GetStringUTFChars+0xb8
#
# Failed to write core dump. Core dumps have been disabled. To enable core dumping, try "ulimit -c unlimited" before starting Java again
#
# If you would like to submit a bug report, please visit:
#   http://bugreport.java.com/bugreport/crash.jsp
#

---------------  T H R E A D  ---------------

Current thread (0x00007fa794010000):  JavaThread "main" [_thread_in_vm, id=5492, stack(0x00007fa79bf30000,0x00007fa79c031000)]

siginfo: si_signo: 11 (SIGSEGV), si_code: 1 (SEGV_MAPERR), si_addr: 0x0000000000000000

Registers:
RAX=0x00007fa79b3ff550, RBX=0x0000000000000000, RCX=0x00000000f817e3a0, RDX=0x00007fa79b40d9e0
RSP=0x00007fa79c02a8e0, RBP=0x00007fa79c02a980, RSI=0x00007fa794010000, RDI=0x00007fa79c02a920
R8 =0x00007fa785012c80, R9 =0x00000000f817e3a0, R10=0x0000000000000126, R11=0x00007fa79b40d9e8
R12=0x00007fa794010000, R13=0x0000000000000000, R14=0x00007fa79c02aa58, R15=0x00007fa79c02a920
RIP=0x00007fa79ab2a118, EFLAGS=0x0000000000010246, CSGSFS=0x6e65000000000033, ERR=0x0000000000000004
  TRAPNO=0x000000000000000e

Top of Stack: (sp=0x00007fa79c02a8e0)
0x00007fa79c02a8e0:   00007fa79c02a9a8 0000000000000000
0x00007fa79c02a8f0:   00007fa78510b940 00007fa79b40f800
0x00007fa79c02a900:   00007fa79c02af78 00007fa785012c80
0x00007fa79c02a910:   00000000ee46afe0 0000000050200030
0x00007fa79c02a920:   00007fa794010000 0000000000000000
0x00007fa79c02a930:   00007fa784800480 00007fa7850082bd
0x00007fa79c02a940:   00007fa794010000 00000000ee46afe0
0x00007fa79c02a950:   00007fa79c02a9f0 00007fa746263980
0x00007fa79c02a960:   00007fa7952f9e68 0000000000000000
0x00007fa79c02a970:   00007fa79c02aa58 00007fa794010000
0x00007fa79c02a980:   00007fa7940101f8 00007fa745fd12b0
0x00007fa79c02a990:   00007fa79c02a9f0 00007fa7850082bd
0x00007fa79c02a9a0:   00007fa746263980 00007fa79c02aa30
0x00007fa79c02a9b0:   0000000000000000 00007fa746263978
0x00007fa79c02a9c0:   00007fa79c02aa58 00007fa7850184cf
0x00007fa79c02a9d0:   0000000000000000 00007fa7462732b0
0x00007fa79c02a9e0:   0000000000000000 00000000f817e3a0
0x00007fa79c02a9f0:   00007fa79c02a9e0 0000000000000000
0x00007fa79c02aa00:   00007fa79c02aa58 00007fa74626a288
0x00007fa79c02aa10:   0000000000000000 00007fa746263980
0x00007fa79c02aa20:   0000000000000000 00007fa79c02aa50
0x00007fa79c02aa30:   00007fa79c02aab8 00007fa785007dd0
0x00007fa79c02aa40:   0000000000000000 00007fa785011537
0x00007fa79c02aa50:   0000000000000000 00000000f817e3a0
0x00007fa79c02aa60:   00000000ee46af80 00000000ee46afe0
0x00007fa79c02aa70:   00000000f817e3a0 00007fa79c02aa68
0x00007fa79c02aa80:   00007fa746267245 00007fa79c02aad0
0x00007fa79c02aa90:   00007fa746269ad8 0000000000000000
0x00007fa79c02aaa0:   00007fa746267290 00007fa79c02aa50
0x00007fa79c02aab0:   00007fa79c02aac8 00007fa79c02ab18
0x00007fa79c02aac0:   00007fa7850082bd 00000000ee46af80
0x00007fa79c02aad0:   00000000f817e3a0 00007fa79c02aad8 

Instructions: (pc=0x00007fa79ab2a118)
0x00007fa79ab2a0f8:   84 24 70 02 00 00 06 00 00 00 4c 89 e6 4c 89 65
0x00007fa79ab2a108:   c0 4c 89 ff e8 1f 01 01 00 48 8b 05 18 d0 88 00
0x00007fa79ab2a118:   4c 8b 2b 8b 10 48 8b 05 44 fc 88 00 80 38 00 0f
0x00007fa79ab2a128:   84 2b 01 00 00 48 63 c2 41 8b 54 05 00 85 d2 0f 

Register to memory mapping:

RAX=0x00007fa79b3ff550: <offset 0xfb7550> in /usr/lib/jvm/java-8-oracle/jre/lib/amd64/server/libjvm.so at 0x00007fa79a448000
RBX=0x0000000000000000 is an unknown value
RCX=0x00000000f817e3a0 is an oop
org.sqlite.NativeDB 
 - klass: 'org/sqlite/NativeDB'
RDX=0x00007fa79b40d9e0: <offset 0xfc59e0> in /usr/lib/jvm/java-8-oracle/jre/lib/amd64/server/libjvm.so at 0x00007fa79a448000
RSP=0x00007fa79c02a8e0 is pointing into the stack for thread: 0x00007fa794010000
RBP=0x00007fa79c02a980 is pointing into the stack for thread: 0x00007fa794010000
RSI=0x00007fa794010000 is a thread
RDI=0x00007fa79c02a920 is pointing into the stack for thread: 0x00007fa794010000
R8 =0x00007fa785012c80 is at code_begin+0 in an Interpreter codelet
method entry point (kind = zerolocals)  [0x00007fa785012c80, 0x00007fa785013100]  1152 bytes
R9 =0x00000000f817e3a0 is an oop
org.sqlite.NativeDB 
 - klass: 'org/sqlite/NativeDB'
R10=0x0000000000000126 is an unknown value
R11=0x00007fa79b40d9e8: <offset 0xfc59e8> in /usr/lib/jvm/java-8-oracle/jre/lib/amd64/server/libjvm.so at 0x00007fa79a448000
R12=0x00007fa794010000 is a thread
R13=0x0000000000000000 is an unknown value
R14=0x00007fa79c02aa58 is pointing into the stack for thread: 0x00007fa794010000
R15=0x00007fa79c02a920 is pointing into the stack for thread: 0x00007fa794010000


Stack: [0x00007fa79bf30000,0x00007fa79c031000],  sp=0x00007fa79c02a8e0,  free space=1002k
Native frames: (J=compiled Java code, j=interpreted, Vv=VM code, C=native code)
V  [libjvm.so+0x6e2118]  jni_GetStringUTFChars+0xb8
C  [sqlite-3.7.2-libsqlitejdbc.so+0xd2b0]  Java_org_sqlite_NativeDB_prepare+0x2f

Java frames: (J=compiled Java code, j=interpreted, Vv=VM code)
j  org.sqlite.NativeDB.prepare(Ljava/lang/String;)J+0
j  org.sqlite.DB.prepare(Lorg/sqlite/Stmt;)V+21
j  org.sqlite.PrepStmt.<init>(Lorg/sqlite/Conn;Ljava/lang/String;)V+15
j  org.sqlite.Conn.prepareStatement(Ljava/lang/String;III)Ljava/sql/PreparedStatement;+14
j  org.sqlite.Conn.prepareStatement(Ljava/lang/String;II)Ljava/sql/PreparedStatement;+5
j  org.sqlite.Conn.prepareStatement(Ljava/lang/String;)Ljava/sql/PreparedStatement;+8
v  ~StubRoutines::call_stub
J 2214  sun.reflect.NativeMethodAccessorImpl.invoke0(Ljava/lang/reflect/Method;Ljava/lang/Object;[Ljava/lang/Object;)Ljava/lang/Object; (0 bytes) @ 0x00007fa785732237 [0x00007fa7857321c0+0x77]
J 2213 C1 sun.reflect.NativeMethodAccessorImpl.invoke(Ljava/lang/Object;[Ljava/lang/Object;)Ljava/lang/Object; (104 bytes) @ 0x00007fa78573297c [0x00007fa7857325e0+0x39c]
J 1262 C1 sun.reflect.DelegatingMethodAccessorImpl.invoke(Ljava/lang/Object;[Ljava/lang/Object;)Ljava/lang/Object; (10 bytes) @ 0x00007fa785442644 [0x00007fa785442540+0x104]
J 1251 C1 java.lang.reflect.Method.invoke(Ljava/lang/Object;[Ljava/lang/Object;)Ljava/lang/Object; (62 bytes) @ 0x00007fa78543d30c [0x00007fa78543cf20+0x3ec]
j  org.apache.tomcat.jdbc.pool.ProxyConnection.invoke(Ljava/lang/Object;Ljava/lang/reflect/Method;[Ljava/lang/Object;)Ljava/lang/Object;+237
j  org.apache.tomcat.jdbc.pool.JdbcInterceptor.invoke(Ljava/lang/Object;Ljava/lang/reflect/Method;[Ljava/lang/Object;)Ljava/lang/Object;+14
j  org.apache.tomcat.jdbc.pool.DisposableConnectionFacade.invoke(Ljava/lang/Object;Ljava/lang/reflect/Method;[Ljava/lang/Object;)Ljava/lang/Object;+93
j  com.sun.proxy.$Proxy83.prepareStatement(Ljava/lang/String;)Ljava/sql/PreparedStatement;+16
j  org.hibernate.engine.jdbc.internal.StatementPreparerImpl$1.doPrepare()Ljava/sql/PreparedStatement;+37
j  org.hibernate.engine.jdbc.internal.StatementPreparerImpl$StatementPreparationTemplate.prepareStatement()Ljava/sql/PreparedStatement;+45
j  org.hibernate.engine.jdbc.internal.StatementPreparerImpl.prepareStatement(Ljava/lang/String;)Ljava/sql/PreparedStatement;+6
j  org.hibernate.id.SequenceGenerator.generateHolder(Lorg/hibernate/engine/spi/SessionImplementor;)Lorg/hibernate/id/IntegralDataTypeHolder;+15
j  org.hibernate.id.SequenceHiLoGenerator$1.getNextValue()Lorg/hibernate/id/IntegralDataTypeHolder;+8
j  org.hibernate.id.enhanced.LegacyHiLoAlgorithmOptimizer.generate(Lorg/hibernate/id/enhanced/AccessCallback;)Ljava/io/Serializable;+25
j  org.hibernate.id.SequenceHiLoGenerator.generate(Lorg/hibernate/engine/spi/SessionImplementor;Ljava/lang/Object;)Ljava/io/Serializable;+53
j  org.hibernate.event.internal.AbstractSaveEventListener.saveWithGeneratedId(Ljava/lang/Object;Ljava/lang/String;Ljava/lang/Object;Lorg/hibernate/event/spi/EventSource;Z)Ljava/io/Serializable;+21
j  org.hibernate.jpa.event.internal.core.JpaMergeEventListener.saveWithGeneratedId(Ljava/lang/Object;Ljava/lang/String;Ljava/lang/Object;Lorg/hibernate/event/spi/EventSource;Z)Ljava/io/Serializable;+18
j  org.hibernate.event.internal.DefaultMergeEventListener.saveTransientEntity(Ljava/lang/Object;Ljava/lang/String;Ljava/io/Serializable;Lorg/hibernate/event/spi/EventSource;Ljava/util/Map;)V+12
j  org.hibernate.event.internal.DefaultMergeEventListener.entityIsTransient(Lorg/hibernate/event/spi/MergeEvent;Ljava/util/Map;)V+163
j  org.hibernate.event.internal.DefaultMergeEventListener.entityIsDetached(Lorg/hibernate/event/spi/MergeEvent;Ljava/util/Map;)V+201
j  org.hibernate.event.internal.DefaultMergeEventListener.onMerge(Lorg/hibernate/event/spi/MergeEvent;Ljava/util/Map;)V+343
j  org.hibernate.event.internal.DefaultMergeEventListener.onMerge(Lorg/hibernate/event/spi/MergeEvent;)V+30
j  org.hibernate.internal.SessionImpl.fireMerge(Lorg/hibernate/event/spi/MergeEvent;)Ljava/lang/Object;+46
j  org.hibernate.internal.SessionImpl.merge(Ljava/lang/String;Ljava/lang/Object;)Ljava/lang/Object;+11
j  org.hibernate.internal.SessionImpl.merge(Ljava/lang/Object;)Ljava/lang/Object;+3
j  org.hibernate.jpa.spi.AbstractEntityManagerImpl.merge(Ljava/lang/Object;)Ljava/lang/Object;+9
v  ~StubRoutines::call_stub
J 2214  sun.reflect.NativeMethodAccessorImpl.invoke0(Ljava/lang/reflect/Method;Ljava/lang/Object;[Ljava/lang/Object;)Ljava/lang/Object; (0 bytes) @ 0x00007fa785732237 [0x00007fa7857321c0+0x77]
J 2213 C1 sun.reflect.NativeMethodAccessorImpl.invoke(Ljava/lang/Object;[Ljava/lang/Object;)Ljava/lang/Object; (104 bytes) @ 0x00007fa78573297c [0x00007fa7857325e0+0x39c]
J 1262 C1 sun.reflect.DelegatingMethodAccessorImpl.invoke(Ljava/lang/Object;[Ljava/lang/Object;)Ljava/lang/Object; (10 bytes) @ 0x00007fa785442644 [0x00007fa785442540+0x104]
J 1251 C1 java.lang.reflect.Method.invoke(Ljava/lang/Object;[Ljava/lang/Object;)Ljava/lang/Object; (62 bytes) @ 0x00007fa78543d30c [0x00007fa78543cf20+0x3ec]
j  org.springframework.orm.jpa.SharedEntityManagerCreator$SharedEntityManagerInvocationHandler.invoke(Ljava/lang/Object;Ljava/lang/reflect/Method;[Ljava/lang/Object;)Ljava/lang/Object;+495
j  com.sun.proxy.$Proxy92.merge(Ljava/lang/Object;)Ljava/lang/Object;+16
j  org.springframework.data.jpa.repository.support.SimpleJpaRepository.save(Ljava/lang/Object;)Ljava/lang/Object;+30
v  ~StubRoutines::call_stub
J 2214  sun.reflect.NativeMethodAccessorImpl.invoke0(Ljava/lang/reflect/Method;Ljava/lang/Object;[Ljava/lang/Object;)Ljava/lang/Object; (0 bytes) @ 0x00007fa785732237 [0x00007fa7857321c0+0x77]
J 2213 C1 sun.reflect.NativeMethodAccessorImpl.invoke(Ljava/lang/Object;[Ljava/lang/Object;)Ljava/lang/Object; (104 bytes) @ 0x00007fa78573297c [0x00007fa7857325e0+0x39c]
J 1262 C1 sun.reflect.DelegatingMethodAccessorImpl.invoke(Ljava/lang/Object;[Ljava/lang/Object;)Ljava/lang/Object; (10 bytes) @ 0x00007fa785442644 [0x00007fa785442540+0x104]
J 1251 C1 java.lang.reflect.Method.invoke(Ljava/lang/Object;[Ljava/lang/Object;)Ljava/lang/Object; (62 bytes) @ 0x00007fa78543d30c [0x00007fa78543cf20+0x3ec]
j  org.springframework.data.repository.core.support.RepositoryFactorySupport$QueryExecutorMethodInterceptor.executeMethodOn(Ljava/lang/Object;Ljava/lang/reflect/Method;[Ljava/lang/Object;)Ljava/lang/Object;+3
j  org.springframework.data.repository.core.support.RepositoryFactorySupport$QueryExecutorMethodInterceptor.doInvoke(Lorg/aopalliance/intercept/MethodInvocation;)Ljava/lang/Object;+94
j  org.springframework.data.repository.core.support.RepositoryFactorySupport$QueryExecutorMethodInterceptor.invoke(Lorg/aopalliance/intercept/MethodInvocation;)Ljava/lang/Object;+2
j  org.springframework.aop.framework.ReflectiveMethodInvocation.proceed()Ljava/lang/Object;+101
j  org.springframework.data.projection.DefaultMethodInvokingMethodInterceptor.invoke(Lorg/aopalliance/intercept/MethodInvocation;)Ljava/lang/Object;+15
j  org.springframework.aop.framework.ReflectiveMethodInvocation.proceed()Ljava/lang/Object;+101
j  org.springframework.transaction.interceptor.TransactionInterceptor$1.proceedWithInvocation()Ljava/lang/Object;+4
j  org.springframework.transaction.interceptor.TransactionAspectSupport.invokeWithinTransaction(Ljava/lang/reflect/Method;Ljava/lang/Class;Lorg/springframework/transaction/interceptor/TransactionAspectSupport$InvocationCallback;)Ljava/lang/Object;+60
j  org.springframework.transaction.interceptor.TransactionInterceptor.invoke(Lorg/aopalliance/intercept/MethodInvocation;)Ljava/lang/Object;+40
j  org.springframework.aop.framework.ReflectiveMethodInvocation.proceed()Ljava/lang/Object;+101
j  org.springframework.dao.support.PersistenceExceptionTranslationInterceptor.invoke(Lorg/aopalliance/intercept/MethodInvocation;)Ljava/lang/Object;+1
j  org.springframework.aop.framework.ReflectiveMethodInvocation.proceed()Ljava/lang/Object;+101
j  org.springframework.data.jpa.repository.support.CrudMethodMetadataPostProcessor$CrudMethodMetadataPopulatingMethodInterceptor.invoke(Lorg/aopalliance/intercept/MethodInvocation;)Ljava/lang/Object;+89
j  org.springframework.aop.framework.ReflectiveMethodInvocation.proceed()Ljava/lang/Object;+101
j  org.springframework.aop.interceptor.ExposeInvocationInterceptor.invoke(Lorg/aopalliance/intercept/MethodInvocation;)Ljava/lang/Object;+18
j  org.springframework.aop.framework.ReflectiveMethodInvocation.proceed()Ljava/lang/Object;+101
j  org.springframework.aop.framework.JdkDynamicAopProxy.invoke(Ljava/lang/Object;Ljava/lang/reflect/Method;[Ljava/lang/Object;)Ljava/lang/Object;+385
j  com.sun.proxy.$Proxy94.save(Ljava/lang/Object;)Ljava/lang/Object;+16
j  com.example.api.service.BookService.save(Lcom/example/entity/Book;)Lcom/example/entity/Book;+5
j  com.example.crudtest.CRUDTest.insertOperation()V+25
v  ~StubRoutines::call_stub
J 2214  sun.reflect.NativeMethodAccessorImpl.invoke0(Ljava/lang/reflect/Method;Ljava/lang/Object;[Ljava/lang/Object;)Ljava/lang/Object; (0 bytes) @ 0x00007fa785732237 [0x00007fa7857321c0+0x77]
J 2213 C1 sun.reflect.NativeMethodAccessorImpl.invoke(Ljava/lang/Object;[Ljava/lang/Object;)Ljava/lang/Object; (104 bytes) @ 0x00007fa78573297c [0x00007fa7857325e0+0x39c]
J 1262 C1 sun.reflect.DelegatingMethodAccessorImpl.invoke(Ljava/lang/Object;[Ljava/lang/Object;)Ljava/lang/Object; (10 bytes) @ 0x00007fa785442644 [0x00007fa785442540+0x104]
J 1251 C1 java.lang.reflect.Method.invoke(Ljava/lang/Object;[Ljava/lang/Object;)Ljava/lang/Object; (62 bytes) @ 0x00007fa78543d30c [0x00007fa78543cf20+0x3ec]
j  org.testng.internal.MethodInvocationHelper.invokeMethod(Ljava/lang/reflect/Method;Ljava/lang/Object;[Ljava/lang/Object;)Ljava/lang/Object;+242
j  org.testng.internal.MethodInvocationHelper$1.runTestMethod(Lorg/testng/ITestResult;)V+12
j  org.springframework.test.context.testng.AbstractTestNGSpringContextTests.run(Lorg/testng/IHookCallBack;Lorg/testng/ITestResult;)V+2
v  ~StubRoutines::call_stub
J 2214  sun.reflect.NativeMethodAccessorImpl.invoke0(Ljava/lang/reflect/Method;Ljava/lang/Object;[Ljava/lang/Object;)Ljava/lang/Object; (0 bytes) @ 0x00007fa785732237 [0x00007fa7857321c0+0x77]
J 2213 C1 sun.reflect.NativeMethodAccessorImpl.invoke(Ljava/lang/Object;[Ljava/lang/Object;)Ljava/lang/Object; (104 bytes) @ 0x00007fa78573297c [0x00007fa7857325e0+0x39c]
J 1262 C1 sun.reflect.DelegatingMethodAccessorImpl.invoke(Ljava/lang/Object;[Ljava/lang/Object;)Ljava/lang/Object; (10 bytes) @ 0x00007fa785442644 [0x00007fa785442540+0x104]
J 1251 C1 java.lang.reflect.Method.invoke(Ljava/lang/Object;[Ljava/lang/Object;)Ljava/lang/Object; (62 bytes) @ 0x00007fa78543d30c [0x00007fa78543cf20+0x3ec]
j  org.testng.internal.MethodInvocationHelper.invokeHookable(Ljava/lang/Object;[Ljava/lang/Object;Ljava/lang/Object;Ljava/lang/reflect/Method;Lorg/testng/internal/TestResult;)V+64
j  org.testng.internal.Invoker.invokeMethod([Ljava/lang/Object;ILorg/testng/ITestNGMethod;[Ljava/lang/Object;ILorg/testng/xml/XmlSuite;Ljava/util/Map;Lorg/testng/ITestClass;[Lorg/testng/ITestNGMethod;[Lorg/testng/ITestNGMethod;Lorg/testng/internal/ConfigurationGroupMethods;)Lorg/testng/ITestResult;+280
j  org.testng.internal.Invoker.invokeTestMethod([Ljava/lang/Object;Lorg/testng/ITestNGMethod;[Ljava/lang/Object;ILorg/testng/xml/XmlSuite;Ljava/util/Map;Lorg/testng/ITestClass;[Lorg/testng/ITestNGMethod;[Lorg/testng/ITestNGMethod;Lorg/testng/internal/ConfigurationGroupMethods;)Ljava/util/List;+46
j  org.testng.internal.Invoker.invokeTestMethods(Lorg/testng/ITestNGMethod;[Lorg/testng/ITestNGMethod;ILorg/testng/xml/XmlSuite;Ljava/util/Map;Lorg/testng/internal/ConfigurationGroupMethods;[Ljava/lang/Object;Lorg/testng/ITestContext;)Ljava/util/List;+705
j  org.testng.internal.TestMethodWorker.invokeTestMethods(Lorg/testng/ITestNGMethod;[Ljava/lang/Object;Lorg/testng/ITestContext;)V+32
j  org.testng.internal.TestMethodWorker.run()V+60
j  org.testng.TestRunner.privateRun(Lorg/testng/xml/XmlTest;)V+349
j  org.testng.TestRunner.run()V+26
j  org.testng.SuiteRunner.runTest(Lorg/testng/TestRunner;)V+1
j  org.testng.SuiteRunner.runSequentially()V+31
j  org.testng.SuiteRunner.privateRun()V+281
j  org.testng.SuiteRunner.run()V+6
j  org.testng.SuiteRunnerWorker.runSuite(Lorg/testng/internal/SuiteRunnerMap;Lorg/testng/xml/XmlSuite;)V+96
j  org.testng.SuiteRunnerWorker.run()V+12
j  org.testng.TestNG.runSuitesSequentially(Lorg/testng/xml/XmlSuite;Lorg/testng/internal/SuiteRunnerMap;ILjava/lang/String;)V+66
j  org.testng.TestNG.runSuitesLocally()Ljava/util/List;+117
j  org.testng.TestNG.run()V+77
j  org.testng.remote.AbstractRemoteTestNG.run()V+163
j  org.testng.remote.RemoteTestNG.initAndRun(Lorg/testng/remote/IRemoteTestNG;[Ljava/lang/String;Lorg/testng/CommandLineArgs;Lorg/testng/remote/RemoteArgs;)V+184
j  org.testng.remote.RemoteTestNG.main([Ljava/lang/String;)V+218
v  ~StubRoutines::call_stub

---------------  P R O C E S S  ---------------

Java Threads: ( => current thread )
  0x00007fa795f46800 JavaThread "http-nio-auto-1-35520-AsyncTimeout" daemon [_thread_blocked, id=5518, stack(0x00007fa7452bf000,0x00007fa7453c0000)]
  0x00007fa795f45000 JavaThread "http-nio-auto-1-Acceptor-0" daemon [_thread_in_native, id=5517, stack(0x00007fa7453c0000,0x00007fa7454c1000)]
  0x00007fa795f42800 JavaThread "http-nio-auto-1-ClientPoller-1" daemon [_thread_in_native, id=5516, stack(0x00007fa7454c1000,0x00007fa7455c2000)]
  0x00007fa795f34000 JavaThread "http-nio-auto-1-ClientPoller-0" daemon [_thread_in_native, id=5515, stack(0x00007fa7455c2000,0x00007fa7456c3000)]
  0x00007fa795f25000 JavaThread "NioBlockingSelector.BlockPoller-1" daemon [_thread_in_native, id=5514, stack(0x00007fa7456c3000,0x00007fa7457c4000)]
  0x00007fa79525c800 JavaThread "Tomcat JDBC Pool Cleaner[865113938:1485165782072]" daemon [_thread_blocked, id=5513, stack(0x00007fa746919000,0x00007fa746a1a000)]
  0x00007fa795132800 JavaThread "container-0" [_thread_blocked, id=5512, stack(0x00007fa746a1a000,0x00007fa746b1b000)]
  0x00007fa79512f800 JavaThread "ContainerBackgroundProcessor[StandardEngine[Tomcat]]" daemon [_thread_blocked, id=5511, stack(0x00007fa746de4000,0x00007fa746ee5000)]
  0x00007fa74028d800 JavaThread "localhost-startStop-1" daemon [_thread_blocked, id=5510, stack(0x00007fa746ee5000,0x00007fa746fe6000)]
  0x00007fa79512c800 JavaThread "Tomcat-startStop-1" daemon [_thread_blocked, id=5509, stack(0x00007fa77c0f2000,0x00007fa77c1f3000)]
  0x00007fa7944ee800 JavaThread "ReaderThread" [_thread_in_native, id=5507, stack(0x00007fa77c5f7000,0x00007fa77c6f8000)]
  0x00007fa7940d9000 JavaThread "Service Thread" daemon [_thread_blocked, id=5504, stack(0x00007fa77cbde000,0x00007fa77ccdf000)]
  0x00007fa7940c4000 JavaThread "C1 CompilerThread2" daemon [_thread_blocked, id=5503, stack(0x00007fa77ccdf000,0x00007fa77cde0000)]
  0x00007fa7940c2000 JavaThread "C2 CompilerThread1" daemon [_thread_in_native, id=5502, stack(0x00007fa77cde0000,0x00007fa77cee1000)]
  0x00007fa7940bf000 JavaThread "C2 CompilerThread0" daemon [_thread_in_native, id=5501, stack(0x00007fa77cee1000,0x00007fa77cfe2000)]
  0x00007fa7940be000 JavaThread "Signal Dispatcher" daemon [_thread_blocked, id=5500, stack(0x00007fa77cfe2000,0x00007fa77d0e3000)]
  0x00007fa79408a000 JavaThread "Finalizer" daemon [_thread_blocked, id=5499, stack(0x00007fa77d7c6000,0x00007fa77d8c7000)]
  0x00007fa794085800 JavaThread "Reference Handler" daemon [_thread_blocked, id=5498, stack(0x00007fa77d8c7000,0x00007fa77d9c8000)]
=>0x00007fa794010000 JavaThread "main" [_thread_in_vm, id=5492, stack(0x00007fa79bf30000,0x00007fa79c031000)]

Other Threads:
  0x00007fa79407e000 VMThread [stack: 0x00007fa77d9c8000,0x00007fa77dac9000] [id=5497]
  0x00007fa7940e4000 WatcherThread [stack: 0x00007fa77cadd000,0x00007fa77cbde000] [id=5505]

VM state:not at safepoint (normal execution)

VM Mutex/Monitor currently owned by a thread: None

Heap:
 PSYoungGen      total 187904K, used 55149K [0x00000000ebe00000, 0x00000000f8d00000, 0x0000000100000000)
  eden space 174080K, 23% used [0x00000000ebe00000,0x00000000ee6aa8b8,0x00000000f6800000)
  from space 13824K, 97% used [0x00000000f7f80000,0x00000000f8cb0c80,0x00000000f8d00000)
  to   space 17920K, 0% used [0x00000000f6a00000,0x00000000f6a00000,0x00000000f7b80000)
 ParOldGen       total 69120K, used 22491K [0x00000000c3a00000, 0x00000000c7d80000, 0x00000000ebe00000)
  object space 69120K, 32% used [0x00000000c3a00000,0x00000000c4ff6cd0,0x00000000c7d80000)
 Metaspace       used 45194K, capacity 45548K, committed 45824K, reserved 1089536K
  class space    used 5917K, capacity 6029K, committed 6144K, reserved 1048576K

Card table byte_map: [0x00007fa798b06000,0x00007fa798cea000] byte_map_base: 0x00007fa7984e9000

Marking Bits: (ParMarkBitMap*) 0x00007fa79b40cc80
 Begin Bits: [0x00007fa77e1d0000, 0x00007fa77f0e8000)
 End Bits:   [0x00007fa77f0e8000, 0x00007fa780000000)

Polling page: 0x00007fa79c056000

CodeCache: size=245760Kb used=11791Kb max_used=11800Kb free=233968Kb
 bounds [0x00007fa785000000, 0x00007fa785bb0000, 0x00007fa794000000]
 total_blobs=3930 nmethods=3454 adapters=389
 compilation: enabled

Compilation events (10 events):
Event: 6.963 Thread 0x00007fa7940c4000 3950       3       sun.reflect.DelegatingMethodAccessorImpl::<init> (10 bytes)
Event: 6.963 Thread 0x00007fa7940c4000 nmethod 3950 0x00007fa7854667d0 code [0x00007fa785466960, 0x00007fa785466c50]
Event: 6.963 Thread 0x00007fa7940c4000 3951       3       sun.reflect.NativeMethodAccessorImpl::setParent (6 bytes)
Event: 6.964 Thread 0x00007fa7940c4000 nmethod 3951 0x00007fa785464f90 code [0x00007fa7854650e0, 0x00007fa785465250]
Event: 6.964 Thread 0x00007fa7940c2000 nmethod 3793 0x00007fa78546acd0 code [0x00007fa78546ae20, 0x00007fa78546af18]
Event: 6.964 Thread 0x00007fa7940c2000 3760       4       org.springframework.asm.Frame::execute (2252 bytes)
Event: 6.967 Thread 0x00007fa7940bf000 nmethod 3912 0x00007fa7859444d0 code [0x00007fa785944740, 0x00007fa785945280]
Event: 6.967 Thread 0x00007fa7940bf000 3429       4       java.io.UnixFileSystem::getBooleanAttributes (49 bytes)
Event: 6.977 Thread 0x00007fa7940bf000 nmethod 3429 0x00007fa785469850 code [0x00007fa785469a00, 0x00007fa78546a038]
Event: 6.977 Thread 0x00007fa7940bf000 3954   !   4       java.net.URL::<init> (543 bytes)

GC Heap History (10 events):
Event: 2.905 GC heap before
{Heap before GC invocations=8 (full 1):
 PSYoungGen      total 96768K, used 96472K [0x00000000ebe00000, 0x00000000f4900000, 0x0000000100000000)
  eden space 93696K, 100% used [0x00000000ebe00000,0x00000000f1980000,0x00000000f1980000)
  from space 3072K, 90% used [0x00000000f4600000,0x00000000f48b63a8,0x00000000f4900000)
  to   space 12288K, 0% used [0x00000000f3100000,0x00000000f3100000,0x00000000f3d00000)
 ParOldGen       total 46080K, used 12210K [0x00000000c3a00000, 0x00000000c6700000, 0x00000000ebe00000)
  object space 46080K, 26% used [0x00000000c3a00000,0x00000000c45eca70,0x00000000c6700000)
 Metaspace       used 25108K, capacity 25312K, committed 25472K, reserved 1071104K
  class space    used 3119K, capacity 3179K, committed 3200K, reserved 1048576K
Event: 2.921 GC heap after
Heap after GC invocations=8 (full 1):
 PSYoungGen      total 130048K, used 8252K [0x00000000ebe00000, 0x00000000f6080000, 0x0000000100000000)
  eden space 117760K, 0% used [0x00000000ebe00000,0x00000000ebe00000,0x00000000f3100000)
  from space 12288K, 67% used [0x00000000f3100000,0x00000000f390f1c8,0x00000000f3d00000)
  to   space 12800K, 0% used [0x00000000f5400000,0x00000000f5400000,0x00000000f6080000)
 ParOldGen       total 46080K, used 12218K [0x00000000c3a00000, 0x00000000c6700000, 0x00000000ebe00000)
  object space 46080K, 26% used [0x00000000c3a00000,0x00000000c45eea70,0x00000000c6700000)
 Metaspace       used 25108K, capacity 25312K, committed 25472K, reserved 1071104K
  class space    used 3119K, capacity 3179K, committed 3200K, reserved 1048576K
}
Event: 3.990 GC heap before
{Heap before GC invocations=9 (full 1):
 PSYoungGen      total 130048K, used 126012K [0x00000000ebe00000, 0x00000000f6080000, 0x0000000100000000)
  eden space 117760K, 100% used [0x00000000ebe00000,0x00000000f3100000,0x00000000f3100000)
  from space 12288K, 67% used [0x00000000f3100000,0x00000000f390f1c8,0x00000000f3d00000)
  to   space 12800K, 0% used [0x00000000f5400000,0x00000000f5400000,0x00000000f6080000)
 ParOldGen       total 46080K, used 12218K [0x00000000c3a00000, 0x00000000c6700000, 0x00000000ebe00000)
  object space 46080K, 26% used [0x00000000c3a00000,0x00000000c45eea70,0x00000000c6700000)
 Metaspace       used 30360K, capacity 30646K, committed 30848K, reserved 1077248K
  class space    used 3765K, capacity 3860K, committed 3968K, reserved 1048576K
Event: 4.010 GC heap after
Heap after GC invocations=9 (full 1):
 PSYoungGen      total 152576K, used 10697K [0x00000000ebe00000, 0x00000000f8500000, 0x0000000100000000)
  eden space 139776K, 0% used [0x00000000ebe00000,0x00000000ebe00000,0x00000000f4680000)
  from space 12800K, 83% used [0x00000000f5400000,0x00000000f5e72718,0x00000000f6080000)
  to   space 13824K, 0% used [0x00000000f4680000,0x00000000f4680000,0x00000000f5400000)
 ParOldGen       total 46080K, used 12226K [0x00000000c3a00000, 0x00000000c6700000, 0x00000000ebe00000)
  object space 46080K, 26% used [0x00000000c3a00000,0x00000000c45f0a70,0x00000000c6700000)
 Metaspace       used 30360K, capacity 30646K, committed 30848K, reserved 1077248K
  class space    used 3765K, capacity 3860K, committed 3968K, reserved 1048576K
}
Event: 4.815 GC heap before
{Heap before GC invocations=10 (full 1):
 PSYoungGen      total 152576K, used 115751K [0x00000000ebe00000, 0x00000000f8500000, 0x0000000100000000)
  eden space 139776K, 75% used [0x00000000ebe00000,0x00000000f2497730,0x00000000f4680000)
  from space 12800K, 83% used [0x00000000f5400000,0x00000000f5e72718,0x00000000f6080000)
  to   space 13824K, 0% used [0x00000000f4680000,0x00000000f4680000,0x00000000f5400000)
 ParOldGen       total 46080K, used 12226K [0x00000000c3a00000, 0x00000000c6700000, 0x00000000ebe00000)
  object space 46080K, 26% used [0x00000000c3a00000,0x00000000c45f0a70,0x00000000c6700000)
 Metaspace       used 35043K, capacity 35350K, committed 35496K, reserved 1081344K
  class space    used 4503K, capacity 4580K, committed 4608K, reserved 1048576K
Event: 4.833 GC heap after
Heap after GC invocations=10 (full 1):
 PSYoungGen      total 153600K, used 13798K [0x00000000ebe00000, 0x00000000f8f80000, 0x0000000100000000)
  eden space 139776K, 0% used [0x00000000ebe00000,0x00000000ebe00000,0x00000000f4680000)
  from space 13824K, 99% used [0x00000000f4680000,0x00000000f53f9930,0x00000000f5400000)
  to   space 16384K, 0% used [0x00000000f7f80000,0x00000000f7f80000,0x00000000f8f80000)
 ParOldGen       total 46080K, used 12302K [0x00000000c3a00000, 0x00000000c6700000, 0x00000000ebe00000)
  object space 46080K, 26% used [0x00000000c3a00000,0x00000000c4603b80,0x00000000c6700000)
 Metaspace       used 35043K, capacity 35350K, committed 35496K, reserved 1081344K
  class space    used 4503K, capacity 4580K, committed 4608K, reserved 1048576K
}
Event: 4.833 GC heap before
{Heap before GC invocations=11 (full 2):
 PSYoungGen      total 153600K, used 13798K [0x00000000ebe00000, 0x00000000f8f80000, 0x0000000100000000)
  eden space 139776K, 0% used [0x00000000ebe00000,0x00000000ebe00000,0x00000000f4680000)
  from space 13824K, 99% used [0x00000000f4680000,0x00000000f53f9930,0x00000000f5400000)
  to   space 16384K, 0% used [0x00000000f7f80000,0x00000000f7f80000,0x00000000f8f80000)
 ParOldGen       total 46080K, used 12302K [0x00000000c3a00000, 0x00000000c6700000, 0x00000000ebe00000)
  object space 46080K, 26% used [0x00000000c3a00000,0x00000000c4603b80,0x00000000c6700000)
 Metaspace       used 35043K, capacity 35350K, committed 35496K, reserved 1081344K
  class space    used 4503K, capacity 4580K, committed 4608K, reserved 1048576K
Event: 4.925 GC heap after
Heap after GC invocations=11 (full 2):
 PSYoungGen      total 153600K, used 0K [0x00000000ebe00000, 0x00000000f8f80000, 0x0000000100000000)
  eden space 139776K, 0% used [0x00000000ebe00000,0x00000000ebe00000,0x00000000f4680000)
  from space 13824K, 0% used [0x00000000f4680000,0x00000000f4680000,0x00000000f5400000)
  to   space 16384K, 0% used [0x00000000f7f80000,0x00000000f7f80000,0x00000000f8f80000)
 ParOldGen       total 69120K, used 22483K [0x00000000c3a00000, 0x00000000c7d80000, 0x00000000ebe00000)
  object space 69120K, 32% used [0x00000000c3a00000,0x00000000c4ff4cd0,0x00000000c7d80000)
 Metaspace       used 35043K, capacity 35350K, committed 35496K, reserved 1081344K
  class space    used 4503K, capacity 4580K, committed 4608K, reserved 1048576K
}
Event: 6.616 GC heap before
{Heap before GC invocations=12 (full 2):
 PSYoungGen      total 153600K, used 139776K [0x00000000ebe00000, 0x00000000f8f80000, 0x0000000100000000)
  eden space 139776K, 100% used [0x00000000ebe00000,0x00000000f4680000,0x00000000f4680000)
  from space 13824K, 0% used [0x00000000f4680000,0x00000000f4680000,0x00000000f5400000)
  to   space 16384K, 0% used [0x00000000f7f80000,0x00000000f7f80000,0x00000000f8f80000)
 ParOldGen       total 69120K, used 22483K [0x00000000c3a00000, 0x00000000c7d80000, 0x00000000ebe00000)
  object space 69120K, 32% used [0x00000000c3a00000,0x00000000c4ff4cd0,0x00000000c7d80000)
 Metaspace       used 44076K, capacity 44410K, committed 44544K, reserved 1087488K
  class space    used 5772K, capacity 5866K, committed 5888K, reserved 1048576K
Event: 6.633 GC heap after
Heap after GC invocations=12 (full 2):
 PSYoungGen      total 187904K, used 13507K [0x00000000ebe00000, 0x00000000f8d00000, 0x0000000100000000)
  eden space 174080K, 0% used [0x00000000ebe00000,0x00000000ebe00000,0x00000000f6800000)
  from space 13824K, 97% used [0x00000000f7f80000,0x00000000f8cb0c80,0x00000000f8d00000)
  to   space 17920K, 0% used [0x00000000f6a00000,0x00000000f6a00000,0x00000000f7b80000)
 ParOldGen       total 69120K, used 22491K [0x00000000c3a00000, 0x00000000c7d80000, 0x00000000ebe00000)
  object space 69120K, 32% used [0x00000000c3a00000,0x00000000c4ff6cd0,0x00000000c7d80000)
 Metaspace       used 44076K, capacity 44410K, committed 44544K, reserved 1087488K
  class space    used 5772K, capacity 5866K, committed 5888K, reserved 1048576K
}

Deoptimization events (10 events):
Event: 5.316 Thread 0x00007fa794010000 Uncommon trap: reason=bimorphic action=maybe_recompile pc=0x00007fa785b02870 method=java.lang.ClassLoader.loadClass(Ljava/lang/String;Z)Ljava/lang/Class; @ 2
Event: 5.434 Thread 0x00007fa794010000 Uncommon trap: reason=unstable_if action=reinterpret pc=0x00007fa785448538 method=java.util.HashMap.putVal(ILjava/lang/Object;Ljava/lang/Object;ZZ)Ljava/lang/Object; @ 162
Event: 5.434 Thread 0x00007fa794010000 Uncommon trap: reason=unstable_if action=reinterpret pc=0x00007fa7853241a4 method=java.util.HashMap.resize()[Ljava/util/HashMap$Node; @ 206
Event: 5.434 Thread 0x00007fa794010000 Uncommon trap: reason=unstable_if action=reinterpret pc=0x00007fa7853e0c50 method=java.util.HashMap.getNode(ILjava/lang/Object;)Ljava/util/HashMap$Node; @ 84
Event: 5.435 Thread 0x00007fa794010000 Uncommon trap: reason=unstable_if action=reinterpret pc=0x00007fa78521d76c method=java.util.HashMap.getNode(ILjava/lang/Object;)Ljava/util/HashMap$Node; @ 84
Event: 5.806 Thread 0x00007fa794010000 Uncommon trap: reason=unstable_if action=reinterpret pc=0x00007fa785acf8d0 method=java.util.concurrent.ConcurrentHashMap.get(Ljava/lang/Object;)Ljava/lang/Object; @ 86
Event: 6.174 Thread 0x00007fa794010000 Uncommon trap: reason=bimorphic action=maybe_recompile pc=0x00007fa785af1b2c method=java.util.regex.Pattern$Curly.match(Ljava/util/regex/Matcher;ILjava/lang/CharSequence;)Z @ 19
Event: 6.210 Thread 0x00007fa794010000 Uncommon trap: reason=unstable_if action=reinterpret pc=0x00007fa7853c2348 method=java.util.concurrent.ConcurrentHashMap.transfer([Ljava/util/concurrent/ConcurrentHashMap$Node;[Ljava/util/concurrent/ConcurrentHashMap$Node;)V @ 356
Event: 6.923 Thread 0x00007fa794010000 Uncommon trap: reason=bimorphic action=maybe_recompile pc=0x00007fa785502b00 method=java.util.Hashtable.get(Ljava/lang/Object;)Ljava/lang/Object; @ 6
Event: 6.924 Thread 0x00007fa794010000 Uncommon trap: reason=bimorphic action=maybe_recompile pc=0x00007fa785502b00 method=java.util.Hashtable.get(Ljava/lang/Object;)Ljava/lang/Object; @ 6

Internal exceptions (10 events):
Event: 6.763 Thread 0x00007fa794010000 Exception <a 'java/lang/ClassNotFoundException': org/springframework/boot/autoconfigure/web/WebClientAutoConfigurationCustomizer> (0x00000000eceedf28) thrown at [/HUDSON3/workspace/8-2-build-linux-amd64/jdk8u121/8372/hotspot/src/share/vm/classfile/systemD
Event: 6.763 Thread 0x00007fa794010000 Exception <a 'java/lang/ClassNotFoundException': org/springframework/boot/autoconfigure/web/WebClientAutoConfiguration$$EnhancerBySpringCGLIB$$52d5929eCustomizer> (0x00000000ecf11820) thrown at [/HUDSON3/workspace/8-2-build-linux-amd64/jdk8u121/8372/hotsp
Event: 6.764 Thread 0x00007fa794010000 Exception <a 'java/lang/ClassNotFoundException': org/springframework/context/annotation/ConfigurationClassEnhancer$EnhancedConfigurationCustomizer> (0x00000000ecf35b58) thrown at [/HUDSON3/workspace/8-2-build-linux-amd64/jdk8u121/8372/hotspot/src/share/vm
Event: 6.933 Thread 0x00007fa794010000 Exception <a 'java/lang/ClassNotFoundException': java/lang/ObjectCustomizer> (0x00000000ede715d8) thrown at [/HUDSON3/workspace/8-2-build-linux-amd64/jdk8u121/8372/hotspot/src/share/vm/classfile/systemDictionary.cpp, line 210]
Event: 6.933 Thread 0x00007fa794010000 Exception <a 'java/lang/ClassNotFoundException': org/springframework/test/context/testng/AbstractTestNGSpringContextTestsCustomizer> (0x00000000ee0d3820) thrown at [/HUDSON3/workspace/8-2-build-linux-amd64/jdk8u121/8372/hotspot/src/share/vm/classfile/syst
Event: 6.934 Thread 0x00007fa794010000 Exception <a 'java/lang/ClassNotFoundException': com/example/crudtest/CRUDTestCustomizer> (0x00000000ee0e63e8) thrown at [/HUDSON3/workspace/8-2-build-linux-amd64/jdk8u121/8372/hotspot/src/share/vm/classfile/systemDictionary.cpp, line 210]
Event: 6.934 Thread 0x00007fa794010000 Exception <a 'java/lang/ClassNotFoundException': org/testng/IHookableCustomizer> (0x00000000ee0f6e10) thrown at [/HUDSON3/workspace/8-2-build-linux-amd64/jdk8u121/8372/hotspot/src/share/vm/classfile/systemDictionary.cpp, line 210]
Event: 6.935 Thread 0x00007fa794010000 Exception <a 'java/lang/ClassNotFoundException': org/springframework/context/ApplicationContextAwareCustomizer> (0x00000000ee10cfb0) thrown at [/HUDSON3/workspace/8-2-build-linux-amd64/jdk8u121/8372/hotspot/src/share/vm/classfile/systemDictionary.cpp, lin
Event: 6.966 Thread 0x00007fa794010000 Exception <a 'java/lang/ClassNotFoundException': java/lang/ObjectCustomizer> (0x00000000ee298c08) thrown at [/HUDSON3/workspace/8-2-build-linux-amd64/jdk8u121/8372/hotspot/src/share/vm/classfile/systemDictionary.cpp, line 210]
Event: 6.967 Thread 0x00007fa794010000 Exception <a 'java/lang/ClassNotFoundException': com/example/entity/BookCustomizer> (0x00000000ee2ab598) thrown at [/HUDSON3/workspace/8-2-build-linux-amd64/jdk8u121/8372/hotspot/src/share/vm/classfile/systemDictionary.cpp, line 210]

Events (10 events):
Event: 6.994 loading class org/hibernate/type/TypeHelper
Event: 6.994 loading class org/hibernate/type/TypeHelper done
Event: 6.995 loading class org/hibernate/property/access/internal/PropertyAccessStrategyBackRefImpl
Event: 6.995 loading class org/hibernate/property/access/internal/PropertyAccessStrategyBackRefImpl done
Event: 6.995 loading class org/hibernate/property/access/internal/PropertyAccessStrategyBackRefImpl$1
Event: 6.995 loading class org/hibernate/property/access/internal/PropertyAccessStrategyBackRefImpl$1 done
Event: 6.995 loading class org/hibernate/id/SequenceHiLoGenerator$1
Event: 6.995 loading class org/hibernate/id/SequenceHiLoGenerator$1 done
Event: 6.996 loading class org/hibernate/id/enhanced/LegacyHiLoAlgorithmOptimizer$GenerationState
Event: 6.996 loading class org/hibernate/id/enhanced/LegacyHiLoAlgorithmOptimizer$GenerationState done


Dynamic libraries:
00400000-00401000 r-xp 00000000 08:03 3554757                            /usr/lib/jvm/java-8-oracle/bin/java
00600000-00601000 rw-p 00000000 08:03 3554757                            /usr/lib/jvm/java-8-oracle/bin/java
02504000-02525000 rw-p 00000000 00:00 0                                  [heap]
c3a00000-c7d80000 rw-p 00000000 00:00 0 
c7d80000-ebe00000 ---p 00000000 00:00 0 
ebe00000-f8d00000 rw-p 00000000 00:00 0 
f8d00000-100000000 ---p 00000000 00:00 0 
100000000-100600000 rw-p 00000000 00:00 0 
100600000-140000000 ---p 00000000 00:00 0 
7fa718000000-7fa718021000 rw-p 00000000 00:00 0 
7fa718021000-7fa71c000000 ---p 00000000 00:00 0 
7fa720000000-7fa720021000 rw-p 00000000 00:00 0 
7fa720021000-7fa724000000 ---p 00000000 00:00 0 
7fa724000000-7fa724021000 rw-p 00000000 00:00 0 
7fa724021000-7fa728000000 ---p 00000000 00:00 0 
7fa728000000-7fa728021000 rw-p 00000000 00:00 0 
7fa728021000-7fa72c000000 ---p 00000000 00:00 0 
7fa72c000000-7fa72c021000 rw-p 00000000 00:00 0 
7fa72c021000-7fa730000000 ---p 00000000 00:00 0 
7fa730000000-7fa730021000 rw-p 00000000 00:00 0 
7fa730021000-7fa734000000 ---p 00000000 00:00 0 
7fa734000000-7fa734021000 rw-p 00000000 00:00 0 
7fa734021000-7fa738000000 ---p 00000000 00:00 0 
7fa738000000-7fa7380a6000 rw-p 00000000 00:00 0 
7fa7380a6000-7fa73c000000 ---p 00000000 00:00 0 
7fa73c000000-7fa73c021000 rw-p 00000000 00:00 0 
7fa73c021000-7fa740000000 ---p 00000000 00:00 0 
7fa740000000-7fa7402ca000 rw-p 00000000 00:00 0 
7fa7402ca000-7fa744000000 ---p 00000000 00:00 0 
7fa7452bf000-7fa7452c2000 ---p 00000000 00:00 0 
7fa7452c2000-7fa7453c0000 rw-p 00000000 00:00 0                          [stack:5518]
7fa7453c0000-7fa7453c3000 ---p 00000000 00:00 0 
7fa7453c3000-7fa7454c1000 rw-p 00000000 00:00 0                          [stack:5517]
7fa7454c1000-7fa7454c4000 ---p 00000000 00:00 0 
7fa7454c4000-7fa7455c2000 rw-p 00000000 00:00 0                          [stack:5516]
7fa7455c2000-7fa7455c5000 ---p 00000000 00:00 0 
7fa7455c5000-7fa7456c3000 rw-p 00000000 00:00 0                          [stack:5515]
7fa7456c3000-7fa7456c6000 ---p 00000000 00:00 0 
7fa7456c6000-7fa745884000 rw-p 00000000 00:00 0                          [stack:5514]
7fa745884000-7fa7459c4000 ---p 00000000 00:00 0 
7fa7459c4000-7fa745bc4000 rw-p 00000000 00:00 0 
7fa745bc4000-7fa745dc4000 rw-p 00000000 00:00 0 
7fa745dc4000-7fa745fc4000 rw-p 00000000 00:00 0 
7fa745fc4000-7fa746048000 r-xp 00000000 08:03 5923863                    /tmp/sqlite-3.7.2-libsqlitejdbc.so
7fa746048000-7fa746248000 ---p 00084000 08:03 5923863                    /tmp/sqlite-3.7.2-libsqlitejdbc.so
7fa746248000-7fa746249000 r--p 00084000 08:03 5923863                    /tmp/sqlite-3.7.2-libsqlitejdbc.so
7fa746249000-7fa74624c000 rw-p 00085000 08:03 5923863                    /tmp/sqlite-3.7.2-libsqlitejdbc.so
7fa74624c000-7fa74644c000 rw-p 00000000 00:00 0 
7fa74644c000-7fa74664c000 rw-p 00000000 00:00 0 
7fa74664c000-7fa74684c000 rw-p 00000000 00:00 0 
7fa746919000-7fa74691c000 ---p 00000000 00:00 0 
7fa74691c000-7fa746a1a000 rw-p 00000000 00:00 0                          [stack:5513]
7fa746a1a000-7fa746a1d000 ---p 00000000 00:00 0 
7fa746a1d000-7fa746d1b000 rw-p 00000000 00:00 0                          [stack:5512]
7fa746de4000-7fa746de7000 ---p 00000000 00:00 0 
7fa746de7000-7fa746ee5000 rw-p 00000000 00:00 0                          [stack:5511]
7fa746ee5000-7fa746ee8000 ---p 00000000 00:00 0 
7fa746ee8000-7fa7471e6000 rw-p 00000000 00:00 0                          [stack:5510]
7fa7471e6000-7fa7473e6000 rw-p 00000000 00:00 0 
7fa7473e6000-7fa7475e6000 rw-p 00000000 00:00 0 
7fa7475e6000-7fa7475f7000 r-xp 00000000 08:03 4870868                    /usr/lib/jvm/java-8-oracle/jre/lib/amd64/libnio.so
7fa7475f7000-7fa7477f6000 ---p 00011000 08:03 4870868                    /usr/lib/jvm/java-8-oracle/jre/lib/amd64/libnio.so
7fa7477f6000-7fa7477f7000 rw-p 00010000 08:03 4870868                    /usr/lib/jvm/java-8-oracle/jre/lib/amd64/libnio.so
7fa7477f7000-7fa7479f7000 rw-p 00000000 00:00 0 
7fa7479f7000-7fa747bf7000 rw-p 00000000 00:00 0 
7fa747bf7000-7fa747c00000 r-xp 00000000 08:03 4870832                    /usr/lib/jvm/java-8-oracle/jre/lib/amd64/libmanagement.so
7fa747c00000-7fa747dff000 ---p 00009000 08:03 4870832                    /usr/lib/jvm/java-8-oracle/jre/lib/amd64/libmanagement.so
7fa747dff000-7fa747e00000 rw-p 00008000 08:03 4870832                    /usr/lib/jvm/java-8-oracle/jre/lib/amd64/libmanagement.so
7fa747e00000-7fa748000000 rw-p 00000000 00:00 0 
7fa748000000-7fa748021000 rw-p 00000000 00:00 0 
7fa748021000-7fa74c000000 ---p 00000000 00:00 0 
7fa74c000000-7fa74c021000 rw-p 00000000 00:00 0 
7fa74c021000-7fa750000000 ---p 00000000 00:00 0 
7fa750000000-7fa7510ab000 rw-p 00000000 00:00 0 
7fa7510ab000-7fa754000000 ---p 00000000 00:00 0 
7fa754000000-7fa754021000 rw-p 00000000 00:00 0 
7fa754021000-7fa758000000 ---p 00000000 00:00 0 
7fa758000000-7fa759743000 rw-p 00000000 00:00 0 
7fa759743000-7fa75c000000 ---p 00000000 00:00 0 
7fa75c000000-7fa75d845000 rw-p 00000000 00:00 0 
7fa75d845000-7fa760000000 ---p 00000000 00:00 0 
7fa760000000-7fa760021000 rw-p 00000000 00:00 0 
7fa760021000-7fa764000000 ---p 00000000 00:00 0 
7fa764000000-7fa764021000 rw-p 00000000 00:00 0 
7fa764021000-7fa768000000 ---p 00000000 00:00 0 
7fa768000000-7fa768021000 rw-p 00000000 00:00 0 
7fa768021000-7fa76c000000 ---p 00000000 00:00 0 
7fa76c000000-7fa76c021000 rw-p 00000000 00:00 0 
7fa76c021000-7fa770000000 ---p 00000000 00:00 0 
7fa770000000-7fa770021000 rw-p 00000000 00:00 0 
7fa770021000-7fa774000000 ---p 00000000 00:00 0 
7fa774000000-7fa774021000 rw-p 00000000 00:00 0 
7fa774021000-7fa778000000 ---p 00000000 00:00 0 
7fa778000000-7fa778021000 rw-p 00000000 00:00 0 
7fa778021000-7fa77c000000 ---p 00000000 00:00 0 
7fa77c044000-7fa77c045000 rw-p 00000000 00:00 0 
7fa77c045000-7fa77c058000 r--s 00345000 08:03 3569668                    /usr/lib/jvm/java-8-oracle/jre/lib/resources.jar
7fa77c058000-7fa77c0ed000 r--s 01109000 08:03 3569596                    /usr/lib/jvm/java-8-oracle/jre/lib/ext/jfxrt.jar
7fa77c0ed000-7fa77c0f2000 r--s 002f9000 08:03 3569547                    /usr/lib/jvm/java-8-oracle/jre/lib/charsets.jar
7fa77c0f2000-7fa77c0f5000 ---p 00000000 00:00 0 
7fa77c0f5000-7fa77c3f3000 rw-p 00000000 00:00 0                          [stack:5509]
7fa77c3f3000-7fa77c5f3000 rw-p 00000000 00:00 0 
7fa77c5f3000-7fa77c5f7000 r--s 0009a000 08:03 3569602                    /usr/lib/jvm/java-8-oracle/jre/lib/jsse.jar
7fa77c5f7000-7fa77c5fa000 ---p 00000000 00:00 0 
7fa77c5fa000-7fa77c6f8000 rw-p 00000000 00:00 0                          [stack:5507]
7fa77c6f8000-7fa77c70e000 r-xp 00000000 08:03 4870893                    /usr/lib/jvm/java-8-oracle/jre/lib/amd64/libnet.so
7fa77c70e000-7fa77c90e000 ---p 00016000 08:03 4870893                    /usr/lib/jvm/java-8-oracle/jre/lib/amd64/libnet.so
7fa77c90e000-7fa77c90f000 rw-p 00016000 08:03 4870893                    /usr/lib/jvm/java-8-oracle/jre/lib/amd64/libnet.so
7fa77c90f000-7fa77c910000 r--s 0000c000 08:03 5916924                    /home/sharmila/.gradle/caches/modules-2/files-2.1/org.ow2.asm/asm/5.0.3/dcc2193db20e19e1feca8b1240dbbc4e190824fa/asm-5.0.3.jar
7fa77c910000-7fa77c91a000 r--s 00069000 08:03 5923589                    /home/sharmila/.gradle/caches/modules-2/files-2.1/ch.qos.logback/logback-core/1.1.8/b4d1c3dea91727faf8b3d19cf4b9b972d6c0b89/logback-core-1.1.8.jar
7fa77c91a000-7fa77c91c000 r--s 00012000 08:03 5916922                    /home/sharmila/.gradle/caches/modules-2/files-2.1/net.minidev/accessors-smart/1.1/a527213f2fea112a04c9bdf0ec0264e34104cd08/accessors-smart-1.1.jar
7fa77c91c000-7fa77c91e000 r--s 00009000 08:03 5923902                    /home/sharmila/.gradle/caches/modules-2/files-2.1/org.apache.tomcat/tomcat-juli/8.5.6/83d2d1e3362ecca504f3bf8ed1bc4cc451754d24/tomcat-juli-8.5.6.jar
7fa77c91e000-7fa77c927000 r--s 0002d000 08:03 5923903                    /home/sharmila/.gradle/caches/modules-2/files-2.1/xml-apis/xml-apis/1.4.01/3789d9fada2d3d458c4ba2de349d48780f381ee3/xml-apis-1.4.01.jar
7fa77c927000-7fa77c929000 r--s 00004000 08:03 5923588                    /home/sharmila/.gradle/caches/modules-2/files-2.1/org.slf4j/log4j-over-slf4j/1.7.22/a527c37e9ca6c3d19ba298edd4aa344ca751a203/log4j-over-slf4j-1.7.22.jar
7fa77c929000-7fa77c92b000 r--s 00000000 08:03 5923587                    /home/sharmila/.gradle/caches/modules-2/files-2.1/org.slf4j/jul-to-slf4j/1.7.22/b0429e950b3d2bc2c39c1bacafac753edbe3781c/jul-to-slf4j-1.7.22.jar
7fa77c92b000-7fa77c931000 r--s 00045000 08:03 5923585                    /home/sharmila/.gradle/caches/modules-2/files-2.1/ch.qos.logback/logback-classic/1.1.8/e54f49a227611976642f81cf2106b81c1ece8bf5/logback-classic-1.1.8.jar
7fa77c931000-7fa77c932000 r--s 0000f000 08:03 5916909                    /home/sharmila/.gradle/caches/modules-2/files-2.1/org.json/json/20140107/d1ffca6e2482b002702c6a576166fd685e3370e3/json-20140107.jar
7fa77c932000-7fa77c934000 r--s 00009000 08:03 5916921                    /home/sharmila/.gradle/caches/modules-2/files-2.1/org.objenesis/objenesis/2.1/87c0ea803b69252868d09308b4618f766f135a96/objenesis-2.1.jar
7fa77c934000-7fa77c937000 r--s 0001b000 08:03 5916920                    /home/sharmila/.gradle/caches/modules-2/files-2.1/net.minidev/json-smart/2.2.1/5b9e5df7a62d1279b70dc882b041d249c4f0b002/json-smart-2.2.1.jar
7fa77c937000-7fa77c939000 r--s 00003000 08:03 5923586                    /home/sharmila/.gradle/caches/modules-2/files-2.1/org.slf4j/jcl-over-slf4j/1.7.22/86ceac14535af5a42c8fb0d06d79b925dd3cb263/jcl-over-slf4j-1.7.22.jar
7fa77c939000-7fa77c93b000 r--s 00009000 08:03 5923584                    /home/sharmila/.gradle/caches/modules-2/files-2.1/org.slf4j/slf4j-api/1.7.22/a1c83373863cec7ae8d89dc1c5722d8cb6ec0309/slf4j-api-1.7.22.jar
7fa77c93b000-7fa77c943000 r--s 0003a000 08:03 5923901                    /home/sharmila/.gradle/caches/modules-2/files-2.1/org.springframework/spring-tx/4.3.5.RELEASE/296d8ae21fadc0f115dae7d1e8d5c4f8c7de2c3e/spring-tx-4.3.5.RELEASE.jar
7fa77c943000-7fa77c94d000 r--s 0006b000 08:03 5923900                    /home/sharmila/.gradle/caches/modules-2/files-2.1/org.springframework/spring-orm/4.3.5.RELEASE/64c29d310b69bcc6e1fd5a738fa3629bdedb2d3f/spring-orm-4.3.5.RELEASE.jar
7fa77c94d000-7fa77c95d000 r--s 0009a000 08:03 5923899                    /home/sharmila/.gradle/caches/modules-2/files-2.1/org.springframework.data/spring-data-commons/1.12.6.RELEASE/b6403dcfce33e89613f364d80d653d7540279c47/spring-data-commons-1.12.6.RELEASE.jar
7fa77c95d000-7fa77c967000 r--s 0005f000 08:03 5923898                    /home/sharmila/.gradle/caches/modules-2/files-2.1/org.springframework/spring-jdbc/4.3.5.RELEASE/7c09e38b6f6e0b178973dea06bb8fdc6d19aa596/spring-jdbc-4.3.5.RELEASE.jar
7fa77c967000-7fa77c96a000 r--s 00020000 08:03 5923897                    /home/sharmila/.gradle/caches/modules-2/files-2.1/org.apache.tomcat/tomcat-jdbc/8.5.6/feb10a9e22f70565c7556f327b0481dba8587bbc/tomcat-jdbc-8.5.6.jar
7fa77c96a000-7fa77c983000 r--s 001af000 08:03 5923896                    /home/sharmila/.gradle/caches/modules-2/files-2.1/org.aspectj/aspectjweaver/1.8.9/db28774f477f07220eac18d5ec9c4e01f48589d7/aspectjweaver-1.8.9.jar
7fa77c983000-7fa77c986000 r--s 00010000 08:03 5923833                    /home/sharmila/.gradle/caches/modules-2/files-2.1/org.hibernate.common/hibernate-commons-annotations/5.0.1.Final/71e1cff3fcb20d3b3af4f3363c3ddb24d33c6879/hibernate-commons-annotations-5.0.1.Final.jar
7fa77c986000-7fa77c98b000 r--s 00048000 08:03 5923832                    /home/sharmila/.gradle/caches/modules-2/files-2.1/dom4j/dom4j/1.6.1/5d3ccc056b6f056dbf0dddfdf43894b9065a8f94/dom4j-1.6.1.jar
7fa77c98b000-7fa77c98e000 r--s 0002b000 08:03 5923433                    /home/sharmila/.gradle/caches/modules-2/files-2.1/org.jboss/jandex/2.0.0.Final/3e899258936f94649c777193e1be846387ed54b3/jandex-2.0.0.Final.jar
7fa77c98e000-7fa77c98f000 r--s 00003000 08:03 5923830                    /home/sharmila/.gradle/caches/modules-2/files-2.1/org.apache.geronimo.specs/geronimo-jta_1.1_spec/1.1.1/aabab3165b8ea936b9360abbf448459c0d04a5a4/geronimo-jta_1.1_spec-1.1.1.jar
7fa77c98f000-7fa77c994000 r--s 00068000 08:03 5923829                    /home/sharmila/.gradle/caches/modules-2/files-2.1/antlr/antlr/2.7.7/83cd2cd674a217ade95a4bb83a8a14f351f48bd0/antlr-2.7.7.jar
7fa77c994000-7fa77c999000 r--s 0003c000 08:03 5923583                    /home/sharmila/.gradle/caches/modules-2/files-2.1/org.springframework/spring-expression/4.3.5.RELEASE/3689dc6c5b942ecde4122eac889ed87977d6f287/spring-expression-4.3.5.RELEASE.jar
7fa77c999000-7fa77c9b3000 r--s 000fc000 08:03 5923582                    /home/sharmila/.gradle/caches/modules-2/files-2.1/org.springframework/spring-context/4.3.5.RELEASE/ca3391c0e17d0138335ba51b51371661d20d56a8/spring-context-4.3.5.RELEASE.jar
7fa77c9b3000-7fa77c9c0000 r--s 000ad000 08:03 5923581                    /home/sharmila/.gradle/caches/modules-2/files-2.1/org.springframework/spring-beans/4.3.5.RELEASE/e12bbc3277da28e2e2608a187f83091dc6c300bf/spring-beans-4.3.5.RELEASE.jar
7fa77c9c0000-7fa77c9c9000 r--s 00054000 08:03 5923580                    /home/sharmila/.gradle/caches/modules-2/files-2.1/org.springframework/spring-aop/4.3.5.RELEASE/4f113218af716bd8d174c411f19b26418b5a70f6/spring-aop-4.3.5.RELEASE.jar
7fa77c9c9000-7fa77c9cd000 r--s 00041000 08:03 5923579                    /home/sharmila/.gradle/caches/modules-2/files-2.1/com.fasterxml.jackson.core/jackson-core/2.8.5/60d059f5d2930ccd1ef03535b713fd9f933d1ba7/jackson-core-2.8.5.jar
7fa77c9cd000-7fa77c9d0000 r--s 0000b000 08:03 5923578                    /home/sharmila/.gradle/caches/modules-2/files-2.1/com.fasterxml.jackson.core/jackson-annotations/2.8.5/9d82ff47bc2c2d3b5b6a6618fe636782bbcd5b07/jackson-annotations-2.8.5.jar
7fa77c9d0000-7fa77c9d2000 r--s 0000e000 08:03 5917543                    /home/sharmila/.gradle/caches/modules-2/files-2.1/com.fasterxml/classmate/1.3.3/864c8e370a691e343210cc7c532fc198cee460d8/classmate-1.3.3.jar
7fa77c9d2000-7fa77c9d6000 r--s 0000c000 08:03 5916766                    /home/sharmila/.gradle/caches/modules-2/files-2.1/javax.validation/validation-api/1.1.0.Final/8613ae82954779d518631e05daa73a6a954817d5/validation-api-1.1.0.Final.jar
7fa77c9d6000-7fa77c9db000 r--s 00036000 08:03 5917542                    /home/sharmila/.gradle/caches/modules-2/files-2.1/org.apache.tomcat.embed/tomcat-embed-websocket/8.5.6/6f6940a216b380ea8506530c374fcfeef820ba54/tomcat-embed-websocket-8.5.6.jar
7fa77c9db000-7fa77c9dc000 r--s 00000000 08:03 5923577                    /home/sharmila/.gradle/caches/modules-2/files-2.1/org.springframework.boot/spring-boot-starter-logging/1.4.3.RELEASE/1c58783c0694abf695babfd39829922d2d501ec2/spring-boot-starter-logging-1.4.3.RELEASE.jar
7fa77c9dc000-7fa77c9fa000 r--s 000d0000 08:03 5923576                    /home/sharmila/.gradle/caches/modules-2/files-2.1/org.springframework.boot/spring-boot-autoconfigure/1.4.3.RELEASE/41df1bfbdd4ae4e8499ebe1a4bc613bda316d6e1/spring-boot-autoconfigure-1.4.3.RELEASE.jar
7fa77c9fa000-7fa77ca0a000 r--s 00092000 08:03 5923575                    /home/sharmila/.gradle/caches/modules-2/files-2.1/org.springframework.boot/spring-boot/1.4.3.RELEASE/17f94def4460075afdfba6bf8f897cd1fc95bf77/spring-boot-1.4.3.RELEASE.jar
7fa77ca0a000-7fa77ca19000 r--s 00084000 08:03 5923574                    /home/sharmila/.gradle/caches/modules-2/files-2.1/org.springframework/spring-test/4.3.5.RELEASE/a1965127e07b469d8e5bb3d2b0ff850423b66be4/spring-test-4.3.5.RELEASE.jar
7fa77ca19000-7fa77ca2f000 r--s 000fa000 08:03 5923530                    /home/sharmila/.gradle/caches/modules-2/files-2.1/org.springframework/spring-core/4.3.5.RELEASE/80299e3f80e8c6d5c076db2ba6adf44a4b52f578/spring-core-4.3.5.RELEASE.jar
7fa77ca2f000-7fa77ca30000 r--s 00006000 08:03 5916915                    /home/sharmila/.gradle/caches/modules-2/files-2.1/org.skyscreamer/jsonassert/1.3.0/d5c250eb122496866de36dc84f98e2945845ecdd/jsonassert-1.3.0.jar
7fa77ca30000-7fa77ca4c000 r--s 00103000 08:03 5916914                    /home/sharmila/.gradle/caches/modules-2/files-2.1/org.mockito/mockito-core/1.10.19/e8546f5bef4e061d8dd73895b4e8f40e3fe6effe/mockito-core-1.10.19.jar
7fa77ca4c000-7fa77ca5f000 r--s 000d2000 08:03 5916913                    /home/sharmila/.gradle/caches/modules-2/files-2.1/org.assertj/assertj-core/2.5.0/fcd21db4c5f33e5dcac69bf1816415fe0647582f/assertj-core-2.5.0.jar
7fa77ca5f000-7fa77ca64000 r--s 0002e000 08:03 5916911                    /home/sharmila/.gradle/caches/modules-2/files-2.1/com.jayway.jsonpath/json-path/2.2.0/22290d17944bd239fabf5ac69005a60a7ecbbbcb/json-path-2.2.0.jar
7fa77ca64000-7fa77ca69000 r--s 00017000 08:03 5923573                    /home/sharmila/.gradle/caches/modules-2/files-2.1/org.springframework.boot/spring-boot-test-autoconfigure/1.4.3.RELEASE/1a7587605e981a58104a501ab1896e2eb7a76686/spring-boot-test-autoconfigure-1.4.3.RELEASE.jar
7fa77ca69000-7fa77ca6e000 r--s 00021000 08:03 5923572                    /home/sharmila/.gradle/caches/modules-2/files-2.1/org.springframework.boot/spring-boot-test/1.4.3.RELEASE/2d76638f0f13b33859bf3b927c232ff0f8a4ffbf/spring-boot-test-1.4.3.RELEASE.jar
7fa77ca6e000-7fa77ca74000 r--s 0003d000 08:03 5916762                    /home/sharmila/.gradle/caches/modules-2/files-2.1/org.yaml/snakeyaml/1.17/7a27ea250c5130b2922b86dea63cbb1cc10a660c/snakeyaml-1.17.jar
7fa77ca74000-7fa77cadd000 r--s 004f3000 08:03 5923432                    /home/sharmila/.gradle/caches/modules-2/files-2.1/org.hibernate/hibernate-core/5.0.11.Final/c2487fb72a2217a7cec9ab478d4c21a36fc09977/hibernate-core-5.0.11.Final.jar
7fa77cadd000-7fa77cade000 ---p 00000000 00:00 0 
7fa77cade000-7fa77cbde000 rw-p 00000000 00:00 0                          [stack:5505]
7fa77cbde000-7fa77cbe1000 ---p 00000000 00:00 0 
7fa77cbe1000-7fa77ccdf000 rw-p 00000000 00:00 0                          [stack:5504]
7fa77ccdf000-7fa77cce2000 ---p 00000000 00:00 0 
7fa77cce2000-7fa77cde0000 rw-p 00000000 00:00 0                          [stack:5503]
7fa77cde0000-7fa77cde3000 ---p 00000000 00:00 0 
7fa77cde3000-7fa77cee1000 rw-p 00000000 00:00 0                          [stack:5502]
7fa77cee1000-7fa77cee4000 ---p 00000000 00:00 0 
7fa77cee4000-7fa77cfe2000 rw-p 00000000 00:00 0                          [stack:5501]
7fa77cfe2000-7fa77cfe5000 ---p 00000000 00:00 0 
7fa77cfe5000-7fa77d0e3000 rw-p 00000000 00:00 0                          [stack:5500]
7fa77d0e3000-7fa77d7c6000 r--p 00000000 08:03 3152909                    /usr/lib/locale/locale-archive
7fa77d7c6000-7fa77d7c9000 ---p 00000000 00:00 0 
7fa77d7c9000-7fa77d8c7000 rw-p 00000000 00:00 0                          [stack:5499]
7fa77d8c7000-7fa77d8ca000 ---p 00000000 00:00 0 
7fa77d8ca000-7fa77d9c8000 rw-p 00000000 00:00 0                          [stack:5498]
7fa77d9c8000-7fa77d9c9000 ---p 00000000 00:00 0 
7fa77d9c9000-7fa780000000 rw-p 00000000 00:00 0                          [stack:5497]
7fa780000000-7fa780021000 rw-p 00000000 00:00 0 
7fa780021000-7fa784000000 ---p 00000000 00:00 0 
7fa784000000-7fa784001000 r--s 0000c000 08:03 5916912                    /home/sharmila/.gradle/caches/modules-2/files-2.1/org.hamcrest/hamcrest-library/1.3/4785a3c21320980282f9f33d0d1264a69040538f/hamcrest-library-1.3.jar
7fa784001000-7fa784003000 r--s 00009000 08:03 5913472                    /home/sharmila/.gradle/caches/modules-2/files-2.1/org.hamcrest/hamcrest-core/1.3/42a25dc3219429f0e5d060061f71acb49bf010a0/hamcrest-core-1.3.jar
7fa784003000-7fa784005000 r--s 00006000 08:03 5923638                    /home/sharmila/.gradle/caches/modules-2/files-2.1/com.beust/jcommander/1.12/7409692b48022f9eca7445861defbcdb9ee3c2a8/jcommander-1.12.jar
7fa784005000-7fa78400a000 r--s 00040000 08:03 5923637                    /home/sharmila/.gradle/caches/modules-2/files-2.1/org.beanshell/bsh/2.0b4/a05f0a0feefa8d8467ac80e16e7de071489f0d9c/bsh-2.0b4.jar
7fa78400a000-7fa784012000 r--s 00045000 08:03 5913471                    /home/sharmila/.gradle/caches/modules-2/files-2.1/junit/junit/4.12/2973d150c0dc1fefe998f834810d68f278ea58ec/junit-4.12.jar
7fa784012000-7fa784015000 r--s 0000c000 08:03 5923895                    /home/sharmila/.gradle/caches/modules-2/files-2.1/org.springframework/spring-aspects/4.3.5.RELEASE/8c00c15865a1da0a1ba143a50622a8436a56e097/spring-aspects-4.3.5.RELEASE.jar
7fa784015000-7fa78401b000 r--s 0003f000 08:03 5923894                    /home/sharmila/.gradle/caches/modules-2/files-2.1/org.springframework.data/spring-data-jpa/1.10.6.RELEASE/5d478860b24a493845248c1c336c33a657567bd3/spring-data-jpa-1.10.6.RELEASE.jar
7fa78401b000-7fa78401d000 r--s 00006000 08:03 5923893                    /home/sharmila/.gradle/caches/modules-2/files-2.1/javax.transaction/javax.transaction-api/1.2/d81aff979d603edd90dcd8db2abc1f4ce6479e3e/javax.transaction-api-1.2.jar
7fa78401d000-7fa78402a000 r--s 00089000 08:03 5923892                    /home/sharmila/.gradle/caches/modules-2/files-2.1/org.hibernate/hibernate-entitymanager/5.0.11.Final/549565caed4e0bcb816843693e66ff7b04ce025f/hibernate-entitymanager-5.0.11.Final.jar
7fa78402a000-7fa784034000 r--s 000ae000 08:03 5916958                    /home/sharmila/.gradle/caches/modules-2/files-2.1/org.javassist/javassist/3.20.0-GA/a9cbcdfb7e9f86fbc74d3afae65f2248bfbf82a0/javassist-3.20.0-GA.jar
7fa784034000-7fa784039000 r--s 00017000 08:03 5923828                    /home/sharmila/.gradle/caches/modules-2/files-2.1/org.hibernate.javax.persistence/hibernate-jpa-2.1-api/1.0.0.Final/5e731d961297e5a07290bfaf3db1fbc8bbbf405a/hibernate-jpa-2.1-api-1.0.0.Final.jar
7fa784039000-7fa78404c000 r--s 00236000 08:03 5916949                    /home/sharmila/.gradle/caches/modules-2/files-2.1/org.eclipse.jdt.core.compiler/ecj/4.5.1/bee1367ac12fb6a20b422ff8711ebeb4f0a42316/ecj-4.5.1.jar
7fa78404c000-7fa784051000 r--s 00036000 08:03 5917541                    /home/sharmila/.gradle/caches/modules-2/files-2.1/org.apache.tomcat.embed/tomcat-embed-el/8.5.6/a102298d8dc72f4065533d5962953d753b172602/tomcat-embed-el-8.5.6.jar
7fa784051000-7fa78407a000 r--s 002b2000 08:03 5917540                    /home/sharmila/.gradle/caches/modules-2/files-2.1/org.apache.tomcat.embed/tomcat-embed-core/8.5.6/960834b5abc6b2135250487abf6c060a0fa5a22e/tomcat-embed-core-8.5.6.jar
7fa78407a000-7fa78408b000 r--s 000cf000 08:03 5923571                    /home/sharmila/.gradle/caches/modules-2/files-2.1/org.springframework/spring-webmvc/4.3.5.RELEASE/c624659217edab07d8279fb0f90462136f089220/spring-webmvc-4.3.5.RELEASE.jar
7fa78408b000-7fa78409d000 r--s 000b6000 08:03 5923570                    /home/sharmila/.gradle/caches/modules-2/files-2.1/org.springframework/spring-web/4.3.5.RELEASE/6641daccf2fddafc8358144f3a4f999130fdf144/spring-web-4.3.5.RELEASE.jar
7fa78409d000-7fa7840ae000 r--s 0011d000 08:03 5923569                    /home/sharmila/.gradle/caches/modules-2/files-2.1/com.fasterxml.jackson.core/jackson-databind/2.8.5/b3035f37e674c04dafe36a660c3815cc59f764e2/jackson-databind-2.8.5.jar
7fa7840ae000-7fa7840be000 r--s 0009c000 08:03 5916756                    /home/sharmila/.gradle/caches/modules-2/files-2.1/org.hibernate/hibernate-validator/5.2.4.Final/fb18766b576aa6632bcfe9a20a023cbd52bf9769/hibernate-validator-5.2.4.Final.jar
7fa7840be000-7fa7840ca000 r--s 000a4000 08:03 5923636                    /home/sharmila/.gradle/caches/modules-2/files-2.1/org.testng/testng/6.5.2/5069d2e72356ed87645c5fc3622b0bbb5e0667c9/testng-6.5.2.jar
7fa7840ca000-7fa7840cf000 r--s 00309000 08:03 5923826                    /home/sharmila/.gradle/caches/modules-2/files-2.1/org.xerial/sqlite-jdbc/3.7.2/7a3d67f00508d3881650579f7f228c61bfc1b196/sqlite-jdbc-3.7.2.jar
7fa7840cf000-7fa7840d8000 r--s 00095000 08:03 5913393                    /home/sharmila/.gradle/caches/modules-2/files-2.1/org.apache.tomcat.embed/tomcat-embed-jasper/9.0.0.M11/e2cd5a7038094195c3163532e01daf051d9265fe/tomcat-embed-jasper-9.0.0.M11.jar
7fa7840d8000-7fa785000000 rw-p 00000000 00:00 0 
7fa785000000-7fa785bb0000 rwxp 00000000 00:00 0 
7fa785bb0000-7fa794000000 ---p 00000000 00:00 0 
7fa794000000-7fa7961f5000 rw-p 00000000 00:00 0 
7fa7961f5000-7fa798000000 ---p 00000000 00:00 0 
7fa798000000-7fa798001000 r--s 00000000 08:03 5923891                    /home/sharmila/.gradle/caches/modules-2/files-2.1/org.springframework.boot/spring-boot-starter-jdbc/1.4.3.RELEASE/7ce66cf27ea731189248be7af2ab84ba189e1151/spring-boot-starter-jdbc-1.4.3.RELEASE.jar
7fa798001000-7fa798009000 r--s 00046000 08:03 2759763                    /home/sharmila/Downloads/sts 3.6.4/sts-bundle/sts-3.6.4.RELEASE/plugins/org.testng.eclipse_6.10.0.201612030230/lib/testng-remote.jar
7fa798009000-7fa79818e000 rw-p 00000000 00:00 0 
7fa79818e000-7fa798367000 r--s 03d3e000 08:03 3569606                    /usr/lib/jvm/java-8-oracle/jre/lib/rt.jar
7fa798367000-7fa7985c0000 rw-p 00000000 00:00 0 
7fa7985c0000-7fa7985c1000 ---p 00000000 00:00 0 
7fa7985c1000-7fa7986c1000 rw-p 00000000 00:00 0                          [stack:5496]
7fa7986c1000-7fa7986c2000 ---p 00000000 00:00 0 
7fa7986c2000-7fa7987c2000 rw-p 00000000 00:00 0                          [stack:5495]
7fa7987c2000-7fa7987c3000 ---p 00000000 00:00 0 
7fa7987c3000-7fa7988c3000 rw-p 00000000 00:00 0                          [stack:5494]
7fa7988c3000-7fa7988c4000 ---p 00000000 00:00 0 
7fa7988c4000-7fa7989e6000 rw-p 00000000 00:00 0                          [stack:5493]
7fa7989e6000-7fa798b06000 ---p 00000000 00:00 0 
7fa798b06000-7fa798b28000 rw-p 00000000 00:00 0 
7fa798b28000-7fa798c48000 ---p 00000000 00:00 0 
7fa798c48000-7fa798cb0000 rw-p 00000000 00:00 0 
7fa798cb0000-7fa798ce9000 ---p 00000000 00:00 0 
7fa798ce9000-7fa798d19000 rw-p 00000000 00:00 0 
7fa798d19000-7fa7990aa000 ---p 00000000 00:00 0 
7fa7990aa000-7fa7990c4000 r-xp 00000000 08:03 4870864                    /usr/lib/jvm/java-8-oracle/jre/lib/amd64/libzip.so
7fa7990c4000-7fa7992c4000 ---p 0001a000 08:03 4870864                    /usr/lib/jvm/java-8-oracle/jre/lib/amd64/libzip.so
7fa7992c4000-7fa7992c5000 rw-p 0001a000 08:03 4870864                    /usr/lib/jvm/java-8-oracle/jre/lib/amd64/libzip.so
7fa7992c5000-7fa7992cf000 r-xp 00000000 08:03 4070135                    /lib/x86_64-linux-gnu/libnss_files-2.19.so
7fa7992cf000-7fa7994ce000 ---p 0000a000 08:03 4070135                    /lib/x86_64-linux-gnu/libnss_files-2.19.so
7fa7994ce000-7fa7994cf000 r--p 00009000 08:03 4070135                    /lib/x86_64-linux-gnu/libnss_files-2.19.so
7fa7994cf000-7fa7994d0000 rw-p 0000a000 08:03 4070135                    /lib/x86_64-linux-gnu/libnss_files-2.19.so
7fa7994d0000-7fa7994db000 r-xp 00000000 08:03 4070127                    /lib/x86_64-linux-gnu/libnss_nis-2.19.so
7fa7994db000-7fa7996da000 ---p 0000b000 08:03 4070127                    /lib/x86_64-linux-gnu/libnss_nis-2.19.so
7fa7996da000-7fa7996db000 r--p 0000a000 08:03 4070127                    /lib/x86_64-linux-gnu/libnss_nis-2.19.so
7fa7996db000-7fa7996dc000 rw-p 0000b000 08:03 4070127                    /lib/x86_64-linux-gnu/libnss_nis-2.19.so
7fa7996dc000-7fa7996f3000 r-xp 00000000 08:03 4070123                    /lib/x86_64-linux-gnu/libnsl-2.19.so
7fa7996f3000-7fa7998f2000 ---p 00017000 08:03 4070123                    /lib/x86_64-linux-gnu/libnsl-2.19.so
7fa7998f2000-7fa7998f3000 r--p 00016000 08:03 4070123                    /lib/x86_64-linux-gnu/libnsl-2.19.so
7fa7998f3000-7fa7998f4000 rw-p 00017000 08:03 4070123                    /lib/x86_64-linux-gnu/libnsl-2.19.so
7fa7998f4000-7fa7998f6000 rw-p 00000000 00:00 0 
7fa7998f6000-7fa7998ff000 r-xp 00000000 08:03 4070122                    /lib/x86_64-linux-gnu/libnss_compat-2.19.so
7fa7998ff000-7fa799afe000 ---p 00009000 08:03 4070122                    /lib/x86_64-linux-gnu/libnss_compat-2.19.so
7fa799afe000-7fa799aff000 r--p 00008000 08:03 4070122                    /lib/x86_64-linux-gnu/libnss_compat-2.19.so
7fa799aff000-7fa799b00000 rw-p 00009000 08:03 4070122                    /lib/x86_64-linux-gnu/libnss_compat-2.19.so
7fa799b00000-7fa799b2b000 r-xp 00000000 08:03 4870782                    /usr/lib/jvm/java-8-oracle/jre/lib/amd64/libjava.so
7fa799b2b000-7fa799d2a000 ---p 0002b000 08:03 4870782                    /usr/lib/jvm/java-8-oracle/jre/lib/amd64/libjava.so
7fa799d2a000-7fa799d2c000 rw-p 0002a000 08:03 4870782                    /usr/lib/jvm/java-8-oracle/jre/lib/amd64/libjava.so
7fa799d2c000-7fa799d39000 r-xp 00000000 08:03 4870821                    /usr/lib/jvm/java-8-oracle/jre/lib/amd64/libverify.so
7fa799d39000-7fa799f38000 ---p 0000d000 08:03 4870821                    /usr/lib/jvm/java-8-oracle/jre/lib/amd64/libverify.so
7fa799f38000-7fa799f3a000 rw-p 0000c000 08:03 4870821                    /usr/lib/jvm/java-8-oracle/jre/lib/amd64/libverify.so
7fa799f3a000-7fa799f41000 r-xp 00000000 08:03 4070131                    /lib/x86_64-linux-gnu/librt-2.19.so
7fa799f41000-7fa79a140000 ---p 00007000 08:03 4070131                    /lib/x86_64-linux-gnu/librt-2.19.so
7fa79a140000-7fa79a141000 r--p 00006000 08:03 4070131                    /lib/x86_64-linux-gnu/librt-2.19.so
7fa79a141000-7fa79a142000 rw-p 00007000 08:03 4070131                    /lib/x86_64-linux-gnu/librt-2.19.so
7fa79a142000-7fa79a247000 r-xp 00000000 08:03 4070117                    /lib/x86_64-linux-gnu/libm-2.19.so
7fa79a247000-7fa79a446000 ---p 00105000 08:03 4070117                    /lib/x86_64-linux-gnu/libm-2.19.so
7fa79a446000-7fa79a447000 r--p 00104000 08:03 4070117                    /lib/x86_64-linux-gnu/libm-2.19.so
7fa79a447000-7fa79a448000 rw-p 00105000 08:03 4070117                    /lib/x86_64-linux-gnu/libm-2.19.so
7fa79a448000-7fa79b116000 r-xp 00000000 08:03 5260205                    /usr/lib/jvm/java-8-oracle/jre/lib/amd64/server/libjvm.so
7fa79b116000-7fa79b316000 ---p 00cce000 08:03 5260205                    /usr/lib/jvm/java-8-oracle/jre/lib/amd64/server/libjvm.so
7fa79b316000-7fa79b3ef000 rw-p 00cce000 08:03 5260205                    /usr/lib/jvm/java-8-oracle/jre/lib/amd64/server/libjvm.so
7fa79b3ef000-7fa79b43a000 rw-p 00000000 00:00 0 
7fa79b43a000-7fa79b5f4000 r-xp 00000000 08:03 4070132                    /lib/x86_64-linux-gnu/libc-2.19.so
7fa79b5f4000-7fa79b7f4000 ---p 001ba000 08:03 4070132                    /lib/x86_64-linux-gnu/libc-2.19.so
7fa79b7f4000-7fa79b7f8000 r--p 001ba000 08:03 4070132                    /lib/x86_64-linux-gnu/libc-2.19.so
7fa79b7f8000-7fa79b7fa000 rw-p 001be000 08:03 4070132                    /lib/x86_64-linux-gnu/libc-2.19.so
7fa79b7fa000-7fa79b7ff000 rw-p 00000000 00:00 0 
7fa79b7ff000-7fa79b802000 r-xp 00000000 08:03 4070119                    /lib/x86_64-linux-gnu/libdl-2.19.so
7fa79b802000-7fa79ba01000 ---p 00003000 08:03 4070119                    /lib/x86_64-linux-gnu/libdl-2.19.so
7fa79ba01000-7fa79ba02000 r--p 00002000 08:03 4070119                    /lib/x86_64-linux-gnu/libdl-2.19.so
7fa79ba02000-7fa79ba03000 rw-p 00003000 08:03 4070119                    /lib/x86_64-linux-gnu/libdl-2.19.so
7fa79ba03000-7fa79ba18000 r-xp 00000000 08:03 3555343                    /usr/lib/jvm/java-8-oracle/lib/amd64/jli/libjli.so
7fa79ba18000-7fa79bc18000 ---p 00015000 08:03 3555343                    /usr/lib/jvm/java-8-oracle/lib/amd64/jli/libjli.so
7fa79bc18000-7fa79bc19000 rw-p 00015000 08:03 3555343                    /usr/lib/jvm/java-8-oracle/lib/amd64/jli/libjli.so
7fa79bc19000-7fa79bc32000 r-xp 00000000 08:03 4070124                    /lib/x86_64-linux-gnu/libpthread-2.19.so
7fa79bc32000-7fa79be31000 ---p 00019000 08:03 4070124                    /lib/x86_64-linux-gnu/libpthread-2.19.so
7fa79be31000-7fa79be32000 r--p 00018000 08:03 4070124                    /lib/x86_64-linux-gnu/libpthread-2.19.so
7fa79be32000-7fa79be33000 rw-p 00019000 08:03 4070124                    /lib/x86_64-linux-gnu/libpthread-2.19.so
7fa79be33000-7fa79be37000 rw-p 00000000 00:00 0 
7fa79be37000-7fa79be5a000 r-xp 00000000 08:03 4070125                    /lib/x86_64-linux-gnu/ld-2.19.so
7fa79be5a000-7fa79be5b000 r--s 00000000 08:03 5923890                    /home/sharmila/.gradle/caches/modules-2/files-2.1/org.springframework.boot/spring-boot-starter-aop/1.4.3.RELEASE/30b11b6455bed446d3b4a1a49fab529b2cfac454/spring-boot-starter-aop-1.4.3.RELEASE.jar
7fa79be5b000-7fa79be5d000 r--s 0000f000 08:03 5916917                    /home/sharmila/.gradle/caches/modules-2/files-2.1/org.jboss.logging/jboss-logging/3.3.0.Final/3616bb87707910296e2c195dc016287080bba5af/jboss-logging-3.3.0.Final.jar
7fa79be5d000-7fa79be5e000 r--s 00000000 08:03 5923568                    /home/sharmila/.gradle/caches/modules-2/files-2.1/org.springframework.boot/spring-boot-starter-tomcat/1.4.3.RELEASE/61c48035a7a3b06b42fdd07b7109e562077b3792/spring-boot-starter-tomcat-1.4.3.RELEASE.jar
7fa79be5e000-7fa79bf30000 rw-p 00000000 00:00 0 
7fa79bf30000-7fa79bf33000 ---p 00000000 00:00 0 
7fa79bf33000-7fa79c035000 rw-p 00000000 00:00 0                          [stack:5492]
7fa79c035000-7fa79c036000 r--s 00000000 08:03 5923567                    /home/sharmila/.gradle/caches/modules-2/files-2.1/org.springframework.boot/spring-boot-starter/1.4.3.RELEASE/c99bad104719e947b3f9aa2b7569583805e4c5d5/spring-boot-starter-1.4.3.RELEASE.jar
7fa79c036000-7fa79c037000 r--s 00000000 08:03 5923566                    /home/sharmila/.gradle/caches/modules-2/files-2.1/org.springframework.boot/spring-boot-starter-test/1.4.3.RELEASE/6e9f1dbd3f68299c0183630ef07ca430de160050/spring-boot-starter-test-1.4.3.RELEASE.jar
7fa79c037000-7fa79c038000 r--s 00000000 08:03 5923889                    /home/sharmila/.gradle/caches/modules-2/files-2.1/org.springframework.boot/spring-boot-starter-data-jpa/1.4.3.RELEASE/ffda06c2144d10239014407333c223a237b73ad7/spring-boot-starter-data-jpa-1.4.3.RELEASE.jar
7fa79c038000-7fa79c039000 r--s 00003000 08:03 5923431                    /home/sharmila/.gradle/caches/modules-2/files-2.1/org.hibernate/hibernate-gradle-plugin/5.2.3.Final/db2ad8695e48a03a566b74fb5fc07c1732c1f5e5/hibernate-gradle-plugin-5.2.3.Final.jar
7fa79c039000-7fa79c03a000 r--s 00000000 08:03 5923565                    /home/sharmila/.gradle/caches/modules-2/files-2.1/org.springframework.boot/spring-boot-starter-web/1.4.3.RELEASE/a0dcc919eda8e8ecb6f13f52a30e6afbb8266103/spring-boot-starter-web-1.4.3.RELEASE.jar
7fa79c03a000-7fa79c04d000 rw-p 00000000 00:00 0 
7fa79c04d000-7fa79c055000 rw-s 00000000 08:03 5923978                    /tmp/hsperfdata_sharmila/5487
7fa79c055000-7fa79c056000 rw-p 00000000 00:00 0 
7fa79c056000-7fa79c057000 r--p 00000000 00:00 0 
7fa79c057000-7fa79c059000 rw-p 00000000 00:00 0 
7fa79c059000-7fa79c05a000 r--p 00022000 08:03 4070125                    /lib/x86_64-linux-gnu/ld-2.19.so
7fa79c05a000-7fa79c05b000 rw-p 00023000 08:03 4070125                    /lib/x86_64-linux-gnu/ld-2.19.so
7fa79c05b000-7fa79c05c000 rw-p 00000000 00:00 0 
7ffc9fcdc000-7ffc9fd00000 rw-p 00000000 00:00 0                          [stack]
7ffc9fda7000-7ffc9fda9000 r-xp 00000000 00:00 0                          [vdso]
ffffffffff600000-ffffffffff601000 r-xp 00000000 00:00 0                  [vsyscall]

VM Arguments:
jvm_args: -ea -Dfile.encoding=UTF-8 
java_command: org.testng.remote.RemoteTestNG -serport 37630 -protocol json -d /home/sharmila/Documents/work-office/TestNG_Project/test-output /tmp/testng-eclipse-1650732493/testng-customsuite.xml
java_class_path (initial): /home/sharmila/Downloads/sts 3.6.4/sts-bundle/sts-3.6.4.RELEASE/plugins/org.testng.eclipse_6.10.0.201612030230/lib/testng-remote.jar:/home/sharmila/Documents/work-office/TestNG_Project/bin:/home/sharmila/.gradle/caches/modules-2/files-2.1/org.springframework.boot/spring-boot-starter-web/1.4.3.RELEASE/a0dcc919eda8e8ecb6f13f52a30e6afbb8266103/spring-boot-starter-web-1.4.3.RELEASE.jar:/home/sharmila/.gradle/caches/modules-2/files-2.1/org.apache.tomcat.embed/tomcat-embed-jasper/9.0.0.M11/e2cd5a7038094195c3163532e01daf051d9265fe/tomcat-embed-jasper-9.0.0.M11.jar:/home/sharmila/.gradle/caches/modules-2/files-2.1/org.xerial/sqlite-jdbc/3.7.2/7a3d67f00508d3881650579f7f228c61bfc1b196/sqlite-jdbc-3.7.2.jar:/home/sharmila/.gradle/caches/modules-2/files-2.1/org.hibernate/hibernate-gradle-plugin/5.2.3.Final/db2ad8695e48a03a566b74fb5fc07c1732c1f5e5/hibernate-gradle-plugin-5.2.3.Final.jar:/home/sharmila/.gradle/caches/modules-2/files-2.1/org.springframework.boot/spring-boot-starter-data-jpa/1.4.3.RELEASE/ffda06c2144d10239014407333c223a237b73ad7/spring-boot-starter-data-jpa-1.4.3.RELEASE.jar:/home/sharmila/.gradle/caches/modules-2/files-2.1/org.testng/testng/6.5.2/5069d2e72356ed87645c5fc3622b0bbb5e0667c9/testng-6.5.2.jar:/home/sharmila/.gradle/caches/modules-2/files-2.1/org.springframework.boot/spring-boot-starter-test/1.4.3.RELEASE/6e9f1dbd3f68299c0183630ef07ca430de160050/spring-boot-starter-test-1.4.3.RELEASE.jar:/home/sharmila/.gradle/caches/modules-2/files-2.1/org.springframework.boot/spring-boot-starter/1.4.3.RELEASE/c99bad104719e947b3f9aa2b7569583805e4c5d5/spring-boot-starter-1.4.3.RELEASE.jar:/home/sharmila/.gradle/caches/modules-2/files-2.1/org.springframework.boot/spring-boot-starter-tomcat/1.4.3.RELEASE/61c48035a7a3b06b42fdd07b7109e562077b3792/spring-boot-starter-tomcat-1.4.3.RELEASE.jar:/home/sharmila/.gradle/caches/modules-2/files-2.1/org.hibernate/hibernate-validator/5.2.4.Final/fb18766b576aa6632bcfe9a20a023cbd52bf9769/hibernate-validator-5
Launcher Type: SUN_STANDARD

Environment Variables:
JAVA_HOME=/usr/lib/jvm/java-8-oracle
PATH=/usr/local/sbin:/usr/local/bin:/usr/sbin:/usr/bin:/sbin:/bin:/usr/games:/usr/local/games:/usr/lib/jvm/java-8-oracle/bin:/usr/lib/jvm/java-8-oracle/db/bin:/usr/lib/jvm/java-8-oracle/jre/bin
SHELL=/bin/bash
DISPLAY=:0.0

Signal Handlers:
SIGSEGV: [libjvm.so+0xac78c0], sa_mask[0]=11111111011111111101111111111110, sa_flags=SA_RESTART|SA_SIGINFO
SIGBUS: [libjvm.so+0xac78c0], sa_mask[0]=11111111011111111101111111111110, sa_flags=SA_RESTART|SA_SIGINFO
SIGFPE: [libjvm.so+0x920ac0], sa_mask[0]=11111111011111111101111111111110, sa_flags=SA_RESTART|SA_SIGINFO
SIGPIPE: [libjvm.so+0x920ac0], sa_mask[0]=11111111011111111101111111111110, sa_flags=SA_RESTART|SA_SIGINFO
SIGXFSZ: [libjvm.so+0x920ac0], sa_mask[0]=11111111011111111101111111111110, sa_flags=SA_RESTART|SA_SIGINFO
SIGILL: [libjvm.so+0x920ac0], sa_mask[0]=11111111011111111101111111111110, sa_flags=SA_RESTART|SA_SIGINFO
SIGUSR1: SIG_DFL, sa_mask[0]=00000000000000000000000000000000, sa_flags=none
SIGUSR2: [libjvm.so+0x922300], sa_mask[0]=00100000000000000000000000000000, sa_flags=SA_RESTART|SA_SIGINFO
SIGHUP: [libjvm.so+0x923700], sa_mask[0]=11111111011111111101111111111110, sa_flags=SA_RESTART|SA_SIGINFO
SIGINT: [libjvm.so+0x923700], sa_mask[0]=11111111011111111101111111111110, sa_flags=SA_RESTART|SA_SIGINFO
SIGTERM: [libjvm.so+0x923700], sa_mask[0]=11111111011111111101111111111110, sa_flags=SA_RESTART|SA_SIGINFO
SIGQUIT: [libjvm.so+0x923700], sa_mask[0]=11111111011111111101111111111110, sa_flags=SA_RESTART|SA_SIGINFO


---------------  S Y S T E M  ---------------

OS:DISTRIB_ID=Ubuntu
DISTRIB_RELEASE=14.04
DISTRIB_CODENAME=trusty
DISTRIB_DESCRIPTION="Ubuntu 14.04.5 LTS"

uname:Linux 3.13.0-107-generic #154-Ubuntu SMP Tue Dec 20 09:57:27 UTC 2016 x86_64
libc:glibc 2.19 NPTL 2.19 
rlimit: STACK 8192k, CORE 0k, NPROC 30712, NOFILE 4096, AS infinity
load average:0.81 0.59 0.47

/proc/meminfo:
MemTotal:        3953548 kB
MemFree:          107152 kB
Buffers:           39084 kB
Cached:           872180 kB
SwapCached:            8 kB
Active:          2341472 kB
Inactive:        1271492 kB
Active(anon):    2057016 kB
Inactive(anon):   987648 kB
Active(file):     284456 kB
Inactive(file):   283844 kB
Unevictable:         208 kB
Mlocked:             208 kB
SwapTotal:       7999484 kB
SwapFree:        7999140 kB
Dirty:                40 kB
Writeback:             0 kB
AnonPages:       2702144 kB
Mapped:           414552 kB
Shmem:            342744 kB
Slab:             108468 kB
SReclaimable:      71688 kB
SUnreclaim:        36780 kB
KernelStack:        5216 kB
PageTables:        45672 kB
NFS_Unstable:          0 kB
Bounce:                0 kB
WritebackTmp:          0 kB
CommitLimit:     9976256 kB
Committed_AS:    7380748 kB
VmallocTotal:   34359738367 kB
VmallocUsed:      400960 kB
VmallocChunk:   34359328188 kB
HardwareCorrupted:     0 kB
AnonHugePages:   1134592 kB
HugePages_Total:       0
HugePages_Free:        0
HugePages_Rsvd:        0
HugePages_Surp:        0
Hugepagesize:       2048 kB
DirectMap4k:       94380 kB
DirectMap2M:     2957312 kB
DirectMap1G:     1048576 kB


CPU:total 4 (2 cores per cpu, 2 threads per core) family 6 model 69 stepping 1, cmov, cx8, fxsr, mmx, sse, sse2, sse3, ssse3, sse4.1, sse4.2, popcnt, avx, avx2, aes, clmul, erms, lzcnt, ht, tsc, tscinvbit, bmi1, bmi2

/proc/cpuinfo:
processor	: 0
vendor_id	: GenuineIntel
cpu family	: 6
model		: 69
model name	: Intel(R) Core(TM) i5-4200U CPU @ 1.60GHz
stepping	: 1
microcode	: 0x17
cpu MHz		: 1600.000
cache size	: 3072 KB
physical id	: 0
siblings	: 4
core id		: 0
cpu cores	: 2
apicid		: 0
initial apicid	: 0
fpu		: yes
fpu_exception	: yes
cpuid level	: 13
wp		: yes
flags		: fpu vme de pse tsc msr pae mce cx8 apic sep mtrr pge mca cmov pat pse36 clflush dts acpi mmx fxsr sse sse2 ss ht tm pbe syscall nx pdpe1gb rdtscp lm constant_tsc arch_perfmon pebs bts rep_good nopl xtopology nonstop_tsc aperfmperf eagerfpu pni pclmulqdq dtes64 monitor ds_cpl vmx est tm2 ssse3 fma cx16 xtpr pdcm pcid sse4_1 sse4_2 movbe popcnt tsc_deadline_timer aes xsave avx f16c rdrand lahf_lm abm ida arat epb xsaveopt pln pts dtherm tpr_shadow vnmi flexpriority ept vpid fsgsbase tsc_adjust bmi1 avx2 smep bmi2 erms invpcid
bogomips	: 4589.54
clflush size	: 64
cache_alignment	: 64
address sizes	: 39 bits physical, 48 bits virtual
power management:

processor	: 1
vendor_id	: GenuineIntel
cpu family	: 6
model		: 69
model name	: Intel(R) Core(TM) i5-4200U CPU @ 1.60GHz
stepping	: 1
microcode	: 0x17
cpu MHz		: 1600.000
cache size	: 3072 KB
physical id	: 0
siblings	: 4
core id		: 0
cpu cores	: 2
apicid		: 1
initial apicid	: 1
fpu		: yes
fpu_exception	: yes
cpuid level	: 13
wp		: yes
flags		: fpu vme de pse tsc msr pae mce cx8 apic sep mtrr pge mca cmov pat pse36 clflush dts acpi mmx fxsr sse sse2 ss ht tm pbe syscall nx pdpe1gb rdtscp lm constant_tsc arch_perfmon pebs bts rep_good nopl xtopology nonstop_tsc aperfmperf eagerfpu pni pclmulqdq dtes64 monitor ds_cpl vmx est tm2 ssse3 fma cx16 xtpr pdcm pcid sse4_1 sse4_2 movbe popcnt tsc_deadline_timer aes xsave avx f16c rdrand lahf_lm abm ida arat epb xsaveopt pln pts dtherm tpr_shadow vnmi flexpriority ept vpid fsgsbase tsc_adjust bmi1 avx2 smep bmi2 erms invpcid
bogomips	: 4589.54
clflush size	: 64
cache_alignment	: 64
address sizes	: 39 bits physical, 48 bits virtual
power management:

processor	: 2
vendor_id	: GenuineIntel
cpu family	: 6
model		: 69
model name	: Intel(R) Core(TM) i5-4200U CPU @ 1.60GHz
stepping	: 1
microcode	: 0x17
cpu MHz		: 759.000
cache size	: 3072 KB
physical id	: 0
siblings	: 4
core id		: 1
cpu cores	: 2
apicid		: 2
initial apicid	: 2
fpu		: yes
fpu_exception	: yes
cpuid level	: 13
wp		: yes
flags		: fpu vme de pse tsc msr pae mce cx8 apic sep mtrr pge mca cmov pat pse36 clflush dts acpi mmx fxsr sse sse2 ss ht tm pbe syscall nx pdpe1gb rdtscp lm constant_tsc arch_perfmon pebs bts rep_good nopl xtopology nonstop_tsc aperfmperf eagerfpu pni pclmulqdq dtes64 monitor ds_cpl vmx est tm2 ssse3 fma cx16 xtpr pdcm pcid sse4_1 sse4_2 movbe popcnt tsc_deadline_timer aes xsave avx f16c rdrand lahf_lm abm ida arat epb xsaveopt pln pts dtherm tpr_shadow vnmi flexpriority ept vpid fsgsbase tsc_adjust bmi1 avx2 smep bmi2 erms invpcid
bogomips	: 4589.54
clflush size	: 64
cache_alignment	: 64
address sizes	: 39 bits physical, 48 bits virtual
power management:

processor	: 3
vendor_id	: GenuineIntel
cpu family	: 6
model		: 69
model name	: Intel(R) Core(TM) i5-4200U CPU @ 1.60GHz
stepping	: 1
microcode	: 0x17
cpu MHz		: 1600.000
cache size	: 3072 KB
physical id	: 0
siblings	: 4
core id		: 1
cpu cores	: 2
apicid		: 3
initial apicid	: 3
fpu		: yes
fpu_exception	: yes
cpuid level	: 13
wp		: yes
flags		: fpu vme de pse tsc msr pae mce cx8 apic sep mtrr pge mca cmov pat pse36 clflush dts acpi mmx fxsr sse sse2 ss ht tm pbe syscall nx pdpe1gb rdtscp lm constant_tsc arch_perfmon pebs bts rep_good nopl xtopology nonstop_tsc aperfmperf eagerfpu pni pclmulqdq dtes64 monitor ds_cpl vmx est tm2 ssse3 fma cx16 xtpr pdcm pcid sse4_1 sse4_2 movbe popcnt tsc_deadline_timer aes xsave avx f16c rdrand lahf_lm abm ida arat epb xsaveopt pln pts dtherm tpr_shadow vnmi flexpriority ept vpid fsgsbase tsc_adjust bmi1 avx2 smep bmi2 erms invpcid
bogomips	: 4589.54
clflush size	: 64
cache_alignment	: 64
address sizes	: 39 bits physical, 48 bits virtual
power management:



Memory: 4k page, physical 3953548k(107152k free), swap 7999484k(7999140k free)

vm_info: Java HotSpot(TM) 64-Bit Server VM (25.121-b13) for linux-amd64 JRE (1.8.0_121-b13), built on Dec 12 2016 16:36:53 by "java_re" with gcc 4.3.0 20080428 (Red Hat 4.3.0-8)

time: Mon Jan 23 15:48:04 2017
elapsed time: 7 seconds (0d 0h 0m 7s)

