#
# A fatal error has been detected by the Java Runtime Environment:
#
#  SIGSEGV (0xb) at pc=0x00007fb86f0e7118, pid=3854, tid=0x00007fb8705ed700
#
# JRE version: Java(TM) SE Runtime Environment (8.0_121-b13) (build 1.8.0_121-b13)
# Java VM: Java HotSpot(TM) 64-Bit Server VM (25.121-b13 mixed mode linux-amd64 compressed oops)
# Problematic frame:
# V  [libjvm.so+0x6e2118]  jni_GetStringUTFChars+0xb8
#
# Failed to write core dump. Core dumps have been disabled. To enable core dumping, try "ulimit -c unlimited" before starting Java again
#
# If you would like to submit a bug report, please visit:
#   http://bugreport.java.com/bugreport/crash.jsp
#

---------------  T H R E A D  ---------------

Current thread (0x00007fb868010000):  JavaThread "main" [_thread_in_vm, id=3859, stack(0x00007fb8704ed000,0x00007fb8705ee000)]

siginfo: si_signo: 11 (SIGSEGV), si_code: 1 (SEGV_MAPERR), si_addr: 0x0000000000000000

Registers:
RAX=0x00007fb86f9bc550, RBX=0x0000000000000000, RCX=0x00000000f8c47788, RDX=0x00007fb86f9ca9e0
RSP=0x00007fb8705e7a60, RBP=0x00007fb8705e7b00, RSI=0x00007fb868010000, RDI=0x00007fb8705e7aa0
R8 =0x00007fb859012c80, R9 =0x00000000f8c47788, R10=0x000000000000017e, R11=0x00007fb86f9ca9e8
R12=0x00007fb868010000, R13=0x0000000000000000, R14=0x00007fb8705e7bd8, R15=0x00007fb8705e7aa0
RIP=0x00007fb86f0e7118, EFLAGS=0x0000000000010246, CSGSFS=0x0000000000000033, ERR=0x0000000000000004
  TRAPNO=0x000000000000000e

Top of Stack: (sp=0x00007fb8705e7a60)
0x00007fb8705e7a60:   00007fb8705e7b28 0000000000000000
0x00007fb8705e7a70:   00007fb85910dd80 00007fb86f9cc800
0x00007fb8705e7a80:   00007fb8705e80f8 00007fb859012c80
0x00007fb8705e7a90:   00000000ee8a6050 0000000050200030
0x00007fb8705e7aa0:   00007fb868010000 0000000000000000
0x00007fb8705e7ab0:   00007fb86c19a480 00007fb8590082bd
0x00007fb8705e7ac0:   00007fb868010000 00000000ee8a6050
0x00007fb8705e7ad0:   00007fb8705e7b70 00007fb8169de1d0
0x00007fb8705e7ae0:   00007fb8691b52a8 0000000000000000
0x00007fb8705e7af0:   00007fb8705e7bd8 00007fb868010000
0x00007fb8705e7b00:   00007fb8680101f8 00007fb8165262b0
0x00007fb8705e7b10:   00007fb8705e7b70 00007fb8590082bd
0x00007fb8705e7b20:   00007fb8169de1d0 00007fb8705e7bb0
0x00007fb8705e7b30:   0000000000000000 00007fb8169de1c8
0x00007fb8705e7b40:   00007fb8705e7bd8 00007fb8590184cf
0x00007fb8705e7b50:   0000000000000000 00007fb8169edae0
0x00007fb8705e7b60:   0000000000000000 00000000f8c47788
0x00007fb8705e7b70:   00007fb8705e7b60 0000000000000000
0x00007fb8705e7b80:   00007fb8705e7bd8 00007fb8169e4ad8
0x00007fb8705e7b90:   0000000000000000 00007fb8169de1d0
0x00007fb8705e7ba0:   0000000000000000 00007fb8705e7bd0
0x00007fb8705e7bb0:   00007fb8705e7c38 00007fb859007dd0
0x00007fb8705e7bc0:   0000000000000000 00007fb859011537
0x00007fb8705e7bd0:   0000000000000000 00000000f8c47788
0x00007fb8705e7be0:   00000000ee8a5ff0 00000000ee8a6050
0x00007fb8705e7bf0:   00000000f8c47788 00007fb8705e7be8
0x00007fb8705e7c00:   00007fb8169e1a95 00007fb8705e7c50
0x00007fb8705e7c10:   00007fb8169e4328 0000000000000000
0x00007fb8705e7c20:   00007fb8169e1ae0 00007fb8705e7bd0
0x00007fb8705e7c30:   00007fb8705e7c48 00007fb8705e7c98
0x00007fb8705e7c40:   00007fb8590082bd 00000000ee8a5ff0
0x00007fb8705e7c50:   00000000f8c47788 00007fb8705e7c58 

Instructions: (pc=0x00007fb86f0e7118)
0x00007fb86f0e70f8:   84 24 70 02 00 00 06 00 00 00 4c 89 e6 4c 89 65
0x00007fb86f0e7108:   c0 4c 89 ff e8 1f 01 01 00 48 8b 05 18 d0 88 00
0x00007fb86f0e7118:   4c 8b 2b 8b 10 48 8b 05 44 fc 88 00 80 38 00 0f
0x00007fb86f0e7128:   84 2b 01 00 00 48 63 c2 41 8b 54 05 00 85 d2 0f 

Register to memory mapping:

RAX=0x00007fb86f9bc550: <offset 0xfb7550> in /usr/lib/jvm/java-8-oracle/jre/lib/amd64/server/libjvm.so at 0x00007fb86ea05000
RBX=0x0000000000000000 is an unknown value
RCX=0x00000000f8c47788 is an oop
org.sqlite.NativeDB 
 - klass: 'org/sqlite/NativeDB'
RDX=0x00007fb86f9ca9e0: <offset 0xfc59e0> in /usr/lib/jvm/java-8-oracle/jre/lib/amd64/server/libjvm.so at 0x00007fb86ea05000
RSP=0x00007fb8705e7a60 is pointing into the stack for thread: 0x00007fb868010000
RBP=0x00007fb8705e7b00 is pointing into the stack for thread: 0x00007fb868010000
RSI=0x00007fb868010000 is a thread
RDI=0x00007fb8705e7aa0 is pointing into the stack for thread: 0x00007fb868010000
R8 =0x00007fb859012c80 is at code_begin+0 in an Interpreter codelet
method entry point (kind = zerolocals)  [0x00007fb859012c80, 0x00007fb859013100]  1152 bytes
R9 =0x00000000f8c47788 is an oop
org.sqlite.NativeDB 
 - klass: 'org/sqlite/NativeDB'
R10=0x000000000000017e is an unknown value
R11=0x00007fb86f9ca9e8: <offset 0xfc59e8> in /usr/lib/jvm/java-8-oracle/jre/lib/amd64/server/libjvm.so at 0x00007fb86ea05000
R12=0x00007fb868010000 is a thread
R13=0x0000000000000000 is an unknown value
R14=0x00007fb8705e7bd8 is pointing into the stack for thread: 0x00007fb868010000
R15=0x00007fb8705e7aa0 is pointing into the stack for thread: 0x00007fb868010000


Stack: [0x00007fb8704ed000,0x00007fb8705ee000],  sp=0x00007fb8705e7a60,  free space=1002k
Native frames: (J=compiled Java code, j=interpreted, Vv=VM code, C=native code)
V  [libjvm.so+0x6e2118]  jni_GetStringUTFChars+0xb8
C  [sqlite-3.7.2-libsqlitejdbc.so+0xd2b0]  Java_org_sqlite_NativeDB_prepare+0x2f

Java frames: (J=compiled Java code, j=interpreted, Vv=VM code)
j  org.sqlite.NativeDB.prepare(Ljava/lang/String;)J+0
j  org.sqlite.DB.prepare(Lorg/sqlite/Stmt;)V+21
j  org.sqlite.PrepStmt.<init>(Lorg/sqlite/Conn;Ljava/lang/String;)V+15
j  org.sqlite.Conn.prepareStatement(Ljava/lang/String;III)Ljava/sql/PreparedStatement;+14
j  org.sqlite.Conn.prepareStatement(Ljava/lang/String;II)Ljava/sql/PreparedStatement;+5
j  org.sqlite.Conn.prepareStatement(Ljava/lang/String;)Ljava/sql/PreparedStatement;+8
v  ~StubRoutines::call_stub
J 2229  sun.reflect.NativeMethodAccessorImpl.invoke0(Ljava/lang/reflect/Method;Ljava/lang/Object;[Ljava/lang/Object;)Ljava/lang/Object; (0 bytes) @ 0x00007fb8597fa377 [0x00007fb8597fa300+0x77]
J 2228 C1 sun.reflect.NativeMethodAccessorImpl.invoke(Ljava/lang/Object;[Ljava/lang/Object;)Ljava/lang/Object; (104 bytes) @ 0x00007fb8597fc27c [0x00007fb8597fbee0+0x39c]
J 1238 C1 sun.reflect.DelegatingMethodAccessorImpl.invoke(Ljava/lang/Object;[Ljava/lang/Object;)Ljava/lang/Object; (10 bytes) @ 0x00007fb85943c984 [0x00007fb85943c880+0x104]
J 1208 C1 java.lang.reflect.Method.invoke(Ljava/lang/Object;[Ljava/lang/Object;)Ljava/lang/Object; (62 bytes) @ 0x00007fb85943bc0c [0x00007fb85943b820+0x3ec]
j  org.apache.tomcat.jdbc.pool.ProxyConnection.invoke(Ljava/lang/Object;Ljava/lang/reflect/Method;[Ljava/lang/Object;)Ljava/lang/Object;+237
j  org.apache.tomcat.jdbc.pool.JdbcInterceptor.invoke(Ljava/lang/Object;Ljava/lang/reflect/Method;[Ljava/lang/Object;)Ljava/lang/Object;+14
j  org.apache.tomcat.jdbc.pool.DisposableConnectionFacade.invoke(Ljava/lang/Object;Ljava/lang/reflect/Method;[Ljava/lang/Object;)Ljava/lang/Object;+93
j  com.sun.proxy.$Proxy81.prepareStatement(Ljava/lang/String;)Ljava/sql/PreparedStatement;+16
j  org.hibernate.engine.jdbc.internal.StatementPreparerImpl$1.doPrepare()Ljava/sql/PreparedStatement;+37
j  org.hibernate.engine.jdbc.internal.StatementPreparerImpl$StatementPreparationTemplate.prepareStatement()Ljava/sql/PreparedStatement;+45
j  org.hibernate.engine.jdbc.internal.StatementPreparerImpl.prepareStatement(Ljava/lang/String;)Ljava/sql/PreparedStatement;+6
j  org.hibernate.id.SequenceGenerator.generateHolder(Lorg/hibernate/engine/spi/SessionImplementor;)Lorg/hibernate/id/IntegralDataTypeHolder;+15
j  org.hibernate.id.SequenceHiLoGenerator$1.getNextValue()Lorg/hibernate/id/IntegralDataTypeHolder;+8
j  org.hibernate.id.enhanced.LegacyHiLoAlgorithmOptimizer.generate(Lorg/hibernate/id/enhanced/AccessCallback;)Ljava/io/Serializable;+25
j  org.hibernate.id.SequenceHiLoGenerator.generate(Lorg/hibernate/engine/spi/SessionImplementor;Ljava/lang/Object;)Ljava/io/Serializable;+53
j  org.hibernate.event.internal.AbstractSaveEventListener.saveWithGeneratedId(Ljava/lang/Object;Ljava/lang/String;Ljava/lang/Object;Lorg/hibernate/event/spi/EventSource;Z)Ljava/io/Serializable;+21
j  org.hibernate.jpa.event.internal.core.JpaPersistEventListener.saveWithGeneratedId(Ljava/lang/Object;Ljava/lang/String;Ljava/lang/Object;Lorg/hibernate/event/spi/EventSource;Z)Ljava/io/Serializable;+18
j  org.hibernate.event.internal.DefaultPersistEventListener.entityIsTransient(Lorg/hibernate/event/spi/PersistEvent;Ljava/util/Map;)V+55
j  org.hibernate.event.internal.DefaultPersistEventListener.onPersist(Lorg/hibernate/event/spi/PersistEvent;Ljava/util/Map;)V+324
j  org.hibernate.event.internal.DefaultPersistEventListener.onPersist(Lorg/hibernate/event/spi/PersistEvent;)V+11
j  org.hibernate.internal.SessionImpl.firePersist(Lorg/hibernate/event/spi/PersistEvent;)V+46
j  org.hibernate.internal.SessionImpl.persist(Ljava/lang/String;Ljava/lang/Object;)V+11
j  org.hibernate.internal.SessionImpl.persist(Ljava/lang/Object;)V+3
j  org.hibernate.jpa.spi.AbstractEntityManagerImpl.persist(Ljava/lang/Object;)V+9
v  ~StubRoutines::call_stub
J 2229  sun.reflect.NativeMethodAccessorImpl.invoke0(Ljava/lang/reflect/Method;Ljava/lang/Object;[Ljava/lang/Object;)Ljava/lang/Object; (0 bytes) @ 0x00007fb8597fa377 [0x00007fb8597fa300+0x77]
J 2228 C1 sun.reflect.NativeMethodAccessorImpl.invoke(Ljava/lang/Object;[Ljava/lang/Object;)Ljava/lang/Object; (104 bytes) @ 0x00007fb8597fc27c [0x00007fb8597fbee0+0x39c]
J 1238 C1 sun.reflect.DelegatingMethodAccessorImpl.invoke(Ljava/lang/Object;[Ljava/lang/Object;)Ljava/lang/Object; (10 bytes) @ 0x00007fb85943c984 [0x00007fb85943c880+0x104]
J 1208 C1 java.lang.reflect.Method.invoke(Ljava/lang/Object;[Ljava/lang/Object;)Ljava/lang/Object; (62 bytes) @ 0x00007fb85943bc0c [0x00007fb85943b820+0x3ec]
j  org.springframework.orm.jpa.SharedEntityManagerCreator$SharedEntityManagerInvocationHandler.invoke(Ljava/lang/Object;Ljava/lang/reflect/Method;[Ljava/lang/Object;)Ljava/lang/Object;+495
j  com.sun.proxy.$Proxy92.persist(Ljava/lang/Object;)V+16
j  org.springframework.data.jpa.repository.support.SimpleJpaRepository.save(Ljava/lang/Object;)Ljava/lang/Object;+18
v  ~StubRoutines::call_stub
J 2229  sun.reflect.NativeMethodAccessorImpl.invoke0(Ljava/lang/reflect/Method;Ljava/lang/Object;[Ljava/lang/Object;)Ljava/lang/Object; (0 bytes) @ 0x00007fb8597fa377 [0x00007fb8597fa300+0x77]
J 2228 C1 sun.reflect.NativeMethodAccessorImpl.invoke(Ljava/lang/Object;[Ljava/lang/Object;)Ljava/lang/Object; (104 bytes) @ 0x00007fb8597fc27c [0x00007fb8597fbee0+0x39c]
J 1238 C1 sun.reflect.DelegatingMethodAccessorImpl.invoke(Ljava/lang/Object;[Ljava/lang/Object;)Ljava/lang/Object; (10 bytes) @ 0x00007fb85943c984 [0x00007fb85943c880+0x104]
J 1208 C1 java.lang.reflect.Method.invoke(Ljava/lang/Object;[Ljava/lang/Object;)Ljava/lang/Object; (62 bytes) @ 0x00007fb85943bc0c [0x00007fb85943b820+0x3ec]
j  org.springframework.data.repository.core.support.RepositoryFactorySupport$QueryExecutorMethodInterceptor.executeMethodOn(Ljava/lang/Object;Ljava/lang/reflect/Method;[Ljava/lang/Object;)Ljava/lang/Object;+3
j  org.springframework.data.repository.core.support.RepositoryFactorySupport$QueryExecutorMethodInterceptor.doInvoke(Lorg/aopalliance/intercept/MethodInvocation;)Ljava/lang/Object;+94
j  org.springframework.data.repository.core.support.RepositoryFactorySupport$QueryExecutorMethodInterceptor.invoke(Lorg/aopalliance/intercept/MethodInvocation;)Ljava/lang/Object;+2
j  org.springframework.aop.framework.ReflectiveMethodInvocation.proceed()Ljava/lang/Object;+101
j  org.springframework.data.projection.DefaultMethodInvokingMethodInterceptor.invoke(Lorg/aopalliance/intercept/MethodInvocation;)Ljava/lang/Object;+15
j  org.springframework.aop.framework.ReflectiveMethodInvocation.proceed()Ljava/lang/Object;+101
j  org.springframework.transaction.interceptor.TransactionInterceptor$1.proceedWithInvocation()Ljava/lang/Object;+4
j  org.springframework.transaction.interceptor.TransactionAspectSupport.invokeWithinTransaction(Ljava/lang/reflect/Method;Ljava/lang/Class;Lorg/springframework/transaction/interceptor/TransactionAspectSupport$InvocationCallback;)Ljava/lang/Object;+60
j  org.springframework.transaction.interceptor.TransactionInterceptor.invoke(Lorg/aopalliance/intercept/MethodInvocation;)Ljava/lang/Object;+40
j  org.springframework.aop.framework.ReflectiveMethodInvocation.proceed()Ljava/lang/Object;+101
j  org.springframework.dao.support.PersistenceExceptionTranslationInterceptor.invoke(Lorg/aopalliance/intercept/MethodInvocation;)Ljava/lang/Object;+1
j  org.springframework.aop.framework.ReflectiveMethodInvocation.proceed()Ljava/lang/Object;+101
j  org.springframework.data.jpa.repository.support.CrudMethodMetadataPostProcessor$CrudMethodMetadataPopulatingMethodInterceptor.invoke(Lorg/aopalliance/intercept/MethodInvocation;)Ljava/lang/Object;+89
j  org.springframework.aop.framework.ReflectiveMethodInvocation.proceed()Ljava/lang/Object;+101
j  org.springframework.aop.interceptor.ExposeInvocationInterceptor.invoke(Lorg/aopalliance/intercept/MethodInvocation;)Ljava/lang/Object;+18
j  org.springframework.aop.framework.ReflectiveMethodInvocation.proceed()Ljava/lang/Object;+101
j  org.springframework.aop.framework.JdkDynamicAopProxy.invoke(Ljava/lang/Object;Ljava/lang/reflect/Method;[Ljava/lang/Object;)Ljava/lang/Object;+385
j  com.sun.proxy.$Proxy94.save(Ljava/lang/Object;)Ljava/lang/Object;+16
j  com.example.api.service.BookService.save(Lcom/example/entity/Book;)Lcom/example/entity/Book;+5
j  com.example.crudtest.CRUDTest.insertOperation()V+19
v  ~StubRoutines::call_stub
J 2229  sun.reflect.NativeMethodAccessorImpl.invoke0(Ljava/lang/reflect/Method;Ljava/lang/Object;[Ljava/lang/Object;)Ljava/lang/Object; (0 bytes) @ 0x00007fb8597fa377 [0x00007fb8597fa300+0x77]
J 2228 C1 sun.reflect.NativeMethodAccessorImpl.invoke(Ljava/lang/Object;[Ljava/lang/Object;)Ljava/lang/Object; (104 bytes) @ 0x00007fb8597fc27c [0x00007fb8597fbee0+0x39c]
J 1238 C1 sun.reflect.DelegatingMethodAccessorImpl.invoke(Ljava/lang/Object;[Ljava/lang/Object;)Ljava/lang/Object; (10 bytes) @ 0x00007fb85943c984 [0x00007fb85943c880+0x104]
J 1208 C1 java.lang.reflect.Method.invoke(Ljava/lang/Object;[Ljava/lang/Object;)Ljava/lang/Object; (62 bytes) @ 0x00007fb85943bc0c [0x00007fb85943b820+0x3ec]
j  org.testng.internal.MethodInvocationHelper.invokeMethod(Ljava/lang/reflect/Method;Ljava/lang/Object;[Ljava/lang/Object;)Ljava/lang/Object;+242
j  org.testng.internal.MethodInvocationHelper$1.runTestMethod(Lorg/testng/ITestResult;)V+12
j  org.springframework.test.context.testng.AbstractTestNGSpringContextTests.run(Lorg/testng/IHookCallBack;Lorg/testng/ITestResult;)V+2
v  ~StubRoutines::call_stub
J 2229  sun.reflect.NativeMethodAccessorImpl.invoke0(Ljava/lang/reflect/Method;Ljava/lang/Object;[Ljava/lang/Object;)Ljava/lang/Object; (0 bytes) @ 0x00007fb8597fa377 [0x00007fb8597fa300+0x77]
J 2228 C1 sun.reflect.NativeMethodAccessorImpl.invoke(Ljava/lang/Object;[Ljava/lang/Object;)Ljava/lang/Object; (104 bytes) @ 0x00007fb8597fc27c [0x00007fb8597fbee0+0x39c]
J 1238 C1 sun.reflect.DelegatingMethodAccessorImpl.invoke(Ljava/lang/Object;[Ljava/lang/Object;)Ljava/lang/Object; (10 bytes) @ 0x00007fb85943c984 [0x00007fb85943c880+0x104]
J 1208 C1 java.lang.reflect.Method.invoke(Ljava/lang/Object;[Ljava/lang/Object;)Ljava/lang/Object; (62 bytes) @ 0x00007fb85943bc0c [0x00007fb85943b820+0x3ec]
j  org.testng.internal.MethodInvocationHelper.invokeHookable(Ljava/lang/Object;[Ljava/lang/Object;Ljava/lang/Object;Ljava/lang/reflect/Method;Lorg/testng/internal/TestResult;)V+64
j  org.testng.internal.Invoker.invokeMethod([Ljava/lang/Object;ILorg/testng/ITestNGMethod;[Ljava/lang/Object;ILorg/testng/xml/XmlSuite;Ljava/util/Map;Lorg/testng/ITestClass;[Lorg/testng/ITestNGMethod;[Lorg/testng/ITestNGMethod;Lorg/testng/internal/ConfigurationGroupMethods;)Lorg/testng/ITestResult;+280
j  org.testng.internal.Invoker.invokeTestMethod([Ljava/lang/Object;Lorg/testng/ITestNGMethod;[Ljava/lang/Object;ILorg/testng/xml/XmlSuite;Ljava/util/Map;Lorg/testng/ITestClass;[Lorg/testng/ITestNGMethod;[Lorg/testng/ITestNGMethod;Lorg/testng/internal/ConfigurationGroupMethods;)Ljava/util/List;+46
j  org.testng.internal.Invoker.invokeTestMethods(Lorg/testng/ITestNGMethod;[Lorg/testng/ITestNGMethod;ILorg/testng/xml/XmlSuite;Ljava/util/Map;Lorg/testng/internal/ConfigurationGroupMethods;[Ljava/lang/Object;Lorg/testng/ITestContext;)Ljava/util/List;+705
j  org.testng.internal.TestMethodWorker.invokeTestMethods(Lorg/testng/ITestNGMethod;[Ljava/lang/Object;Lorg/testng/ITestContext;)V+32
j  org.testng.internal.TestMethodWorker.run()V+60
j  org.testng.TestRunner.privateRun(Lorg/testng/xml/XmlTest;)V+349
j  org.testng.TestRunner.run()V+26
j  org.testng.SuiteRunner.runTest(Lorg/testng/TestRunner;)V+1
j  org.testng.SuiteRunner.runSequentially()V+31
j  org.testng.SuiteRunner.privateRun()V+281
j  org.testng.SuiteRunner.run()V+6
j  org.testng.SuiteRunnerWorker.runSuite(Lorg/testng/internal/SuiteRunnerMap;Lorg/testng/xml/XmlSuite;)V+96
j  org.testng.SuiteRunnerWorker.run()V+12
j  org.testng.TestNG.runSuitesSequentially(Lorg/testng/xml/XmlSuite;Lorg/testng/internal/SuiteRunnerMap;ILjava/lang/String;)V+66
j  org.testng.TestNG.runSuitesLocally()Ljava/util/List;+117
j  org.testng.TestNG.run()V+77
j  org.testng.remote.AbstractRemoteTestNG.run()V+163
j  org.testng.remote.RemoteTestNG.initAndRun(Lorg/testng/remote/IRemoteTestNG;[Ljava/lang/String;Lorg/testng/CommandLineArgs;Lorg/testng/remote/RemoteArgs;)V+184
j  org.testng.remote.RemoteTestNG.main([Ljava/lang/String;)V+218
v  ~StubRoutines::call_stub

---------------  P R O C E S S  ---------------

Java Threads: ( => current thread )
  0x00007fb869cf9800 JavaThread "http-nio-auto-1-37439-AsyncTimeout" daemon [_thread_blocked, id=3885, stack(0x00007fb81596e000,0x00007fb815a6f000)]
  0x00007fb869cf8000 JavaThread "http-nio-auto-1-Acceptor-0" daemon [_thread_in_native, id=3884, stack(0x00007fb815a6f000,0x00007fb815b70000)]
  0x00007fb869cf5800 JavaThread "http-nio-auto-1-ClientPoller-1" daemon [_thread_in_native, id=3883, stack(0x00007fb815b70000,0x00007fb815c71000)]
  0x00007fb869cd7800 JavaThread "http-nio-auto-1-ClientPoller-0" daemon [_thread_in_native, id=3882, stack(0x00007fb815c71000,0x00007fb815d72000)]
  0x00007fb869cc5800 JavaThread "NioBlockingSelector.BlockPoller-1" daemon [_thread_in_native, id=3881, stack(0x00007fb815d72000,0x00007fb815e73000)]
  0x00007fb869127800 JavaThread "Tomcat JDBC Pool Cleaner[865113938:1485169626963]" daemon [_thread_blocked, id=3880, stack(0x00007fb816bc8000,0x00007fb816cc9000)]
  0x00007fb868f46000 JavaThread "container-0" [_thread_blocked, id=3879, stack(0x00007fb816ec9000,0x00007fb816fca000)]
  0x00007fb868f44800 JavaThread "ContainerBackgroundProcessor[StandardEngine[Tomcat]]" daemon [_thread_blocked, id=3878, stack(0x00007fb8173ed000,0x00007fb8174ee000)]
  0x00007fb81c19b800 JavaThread "localhost-startStop-1" daemon [_thread_blocked, id=3877, stack(0x00007fb8174ee000,0x00007fb8175ef000)]
  0x00007fb868f43800 JavaThread "Tomcat-startStop-1" daemon [_thread_blocked, id=3876, stack(0x00007fb8542a6000,0x00007fb8543a7000)]
  0x00007fb8684ca000 JavaThread "ReaderThread" [_thread_in_native, id=3874, stack(0x00007fb854bb4000,0x00007fb854cb5000)]
  0x00007fb8680e1000 JavaThread "Service Thread" daemon [_thread_blocked, id=3871, stack(0x00007fb85527a000,0x00007fb85537b000)]
  0x00007fb8680c4000 JavaThread "C1 CompilerThread2" daemon [_thread_blocked, id=3870, stack(0x00007fb85537b000,0x00007fb85547c000)]
  0x00007fb8680c2000 JavaThread "C2 CompilerThread1" daemon [_thread_in_native, id=3869, stack(0x00007fb85547c000,0x00007fb85557d000)]
  0x00007fb8680bf000 JavaThread "C2 CompilerThread0" daemon [_thread_in_native, id=3868, stack(0x00007fb85557d000,0x00007fb85567e000)]
  0x00007fb8680be000 JavaThread "Signal Dispatcher" daemon [_thread_blocked, id=3867, stack(0x00007fb85567e000,0x00007fb85577f000)]
  0x00007fb86808a000 JavaThread "Finalizer" daemon [_thread_blocked, id=3866, stack(0x00007fb855e62000,0x00007fb855f63000)]
  0x00007fb868085800 JavaThread "Reference Handler" daemon [_thread_blocked, id=3865, stack(0x00007fb855f63000,0x00007fb856064000)]
=>0x00007fb868010000 JavaThread "main" [_thread_in_vm, id=3859, stack(0x00007fb8704ed000,0x00007fb8705ee000)]

Other Threads:
  0x00007fb86807e000 VMThread [stack: 0x00007fb856064000,0x00007fb856165000] [id=3864]
  0x00007fb8680e4000 WatcherThread [stack: 0x00007fb855179000,0x00007fb85527a000] [id=3872]

VM state:not at safepoint (normal execution)

VM Mutex/Monitor currently owned by a thread: None

Heap:
 PSYoungGen      total 202752K, used 57349K [0x00000000ebe00000, 0x00000000f9400000, 0x0000000100000000)
  eden space 190976K, 23% used [0x00000000ebe00000,0x00000000eea85e40,0x00000000f7880000)
  from space 11776K, 99% used [0x00000000f8880000,0x00000000f93fb640,0x00000000f9400000)
  to   space 13824K, 0% used [0x00000000f7900000,0x00000000f7900000,0x00000000f8680000)
 ParOldGen       total 58880K, used 23651K [0x00000000c3a00000, 0x00000000c7380000, 0x00000000ebe00000)
  object space 58880K, 40% used [0x00000000c3a00000,0x00000000c5118fd8,0x00000000c7380000)
 Metaspace       used 45064K, capacity 45388K, committed 45696K, reserved 1089536K
  class space    used 5899K, capacity 5997K, committed 6016K, reserved 1048576K

Card table byte_map: [0x00007fb86d0c3000,0x00007fb86d2a7000] byte_map_base: 0x00007fb86caa6000

Marking Bits: (ParMarkBitMap*) 0x00007fb86f9c9c80
 Begin Bits: [0x00007fb8571d0000, 0x00007fb8580e8000)
 End Bits:   [0x00007fb8580e8000, 0x00007fb859000000)

Polling page: 0x00007fb870613000

CodeCache: size=245760Kb used=12386Kb max_used=12389Kb free=233373Kb
 bounds [0x00007fb859000000, 0x00007fb859c50000, 0x00007fb868000000]
 total_blobs=3913 nmethods=3442 adapters=384
 compilation: enabled

Compilation events (10 events):
Event: 7.621 Thread 0x00007fb8680c4000 3990       1       java.util.Collections$SingletonList::size (2 bytes)
Event: 7.621 Thread 0x00007fb8680c4000 nmethod 3990 0x00007fb859a8edd0 code [0x00007fb859a8ef20, 0x00007fb859a8f030]
Event: 7.622 Thread 0x00007fb8680c4000 3992       1       org.testng.shaded.com.google.gson.reflect.TypeToken::hashCode (5 bytes)
Event: 7.622 Thread 0x00007fb8680c4000 nmethod 3992 0x00007fb859a8eb10 code [0x00007fb859a8ec60, 0x00007fb859a8ed70]
Event: 7.622 Thread 0x00007fb8680c4000 3993       2       java.lang.reflect.Field::acquireFieldAccessor (59 bytes)
Event: 7.623 Thread 0x00007fb8680c4000 nmethod 3993 0x00007fb859a8c810 code [0x00007fb859a8c9a0, 0x00007fb859a8cce8]
Event: 7.623 Thread 0x00007fb8680c4000 3994       2       java.io.BufferedWriter::ensureOpen (18 bytes)
Event: 7.623 Thread 0x00007fb8680c4000 nmethod 3994 0x00007fb859a8e6d0 code [0x00007fb859a8e840, 0x00007fb859a8ea48]
Event: 7.638 Thread 0x00007fb8680c4000 3995       2       org.hibernate.service.internal.ConcurrentServiceBinding::hashKey (5 bytes)
Event: 7.639 Thread 0x00007fb8680c4000 nmethod 3995 0x00007fb859a8c490 code [0x00007fb859a8c600, 0x00007fb859a8c768]

GC Heap History (10 events):
Event: 3.924 GC heap before
{Heap before GC invocations=10 (full 1):
 PSYoungGen      total 110080K, used 109613K [0x00000000ebe00000, 0x00000000f4680000, 0x0000000100000000)
  eden space 105472K, 100% used [0x00000000ebe00000,0x00000000f2500000,0x00000000f2500000)
  from space 4608K, 89% used [0x00000000f4200000,0x00000000f460b520,0x00000000f4680000)
  to   space 7680K, 0% used [0x00000000f3780000,0x00000000f3780000,0x00000000f3f00000)
 ParOldGen       total 36864K, used 10298K [0x00000000c3a00000, 0x00000000c5e00000, 0x00000000ebe00000)
  object space 36864K, 27% used [0x00000000c3a00000,0x00000000c440e9c0,0x00000000c5e00000)
 Metaspace       used 26663K, capacity 26916K, committed 27264K, reserved 1073152K
  class space    used 3313K, capacity 3409K, committed 3456K, reserved 1048576K
Event: 3.944 GC heap after
Heap after GC invocations=10 (full 1):
 PSYoungGen      total 132096K, used 7661K [0x00000000ebe00000, 0x00000000f5e00000, 0x0000000100000000)
  eden space 124416K, 0% used [0x00000000ebe00000,0x00000000ebe00000,0x00000000f3780000)
  from space 7680K, 99% used [0x00000000f3780000,0x00000000f3efb770,0x00000000f3f00000)
  to   space 9216K, 0% used [0x00000000f5500000,0x00000000f5500000,0x00000000f5e00000)
 ParOldGen       total 36864K, used 11936K [0x00000000c3a00000, 0x00000000c5e00000, 0x00000000ebe00000)
  object space 36864K, 32% used [0x00000000c3a00000,0x00000000c45a81b0,0x00000000c5e00000)
 Metaspace       used 26663K, capacity 26916K, committed 27264K, reserved 1073152K
  class space    used 3313K, capacity 3409K, committed 3456K, reserved 1048576K
}
Event: 4.720 GC heap before
{Heap before GC invocations=11 (full 1):
 PSYoungGen      total 132096K, used 132077K [0x00000000ebe00000, 0x00000000f5e00000, 0x0000000100000000)
  eden space 124416K, 100% used [0x00000000ebe00000,0x00000000f3780000,0x00000000f3780000)
  from space 7680K, 99% used [0x00000000f3780000,0x00000000f3efb770,0x00000000f3f00000)
  to   space 9216K, 0% used [0x00000000f5500000,0x00000000f5500000,0x00000000f5e00000)
 ParOldGen       total 36864K, used 11936K [0x00000000c3a00000, 0x00000000c5e00000, 0x00000000ebe00000)
  object space 36864K, 32% used [0x00000000c3a00000,0x00000000c45a81b0,0x00000000c5e00000)
 Metaspace       used 30266K, capacity 30576K, committed 30848K, reserved 1077248K
  class space    used 3763K, capacity 3859K, committed 3968K, reserved 1048576K
Event: 4.752 GC heap after
Heap after GC invocations=11 (full 1):
 PSYoungGen      total 151552K, used 9215K [0x00000000ebe00000, 0x00000000f7e80000, 0x0000000100000000)
  eden space 142336K, 0% used [0x00000000ebe00000,0x00000000ebe00000,0x00000000f4900000)
  from space 9216K, 99% used [0x00000000f5500000,0x00000000f5dffd70,0x00000000f5e00000)
  to   space 12288K, 0% used [0x00000000f4900000,0x00000000f4900000,0x00000000f5500000)
 ParOldGen       total 36864K, used 17004K [0x00000000c3a00000, 0x00000000c5e00000, 0x00000000ebe00000)
  object space 36864K, 46% used [0x00000000c3a00000,0x00000000c4a9b390,0x00000000c5e00000)
 Metaspace       used 30266K, capacity 30576K, committed 30848K, reserved 1077248K
  class space    used 3763K, capacity 3859K, committed 3968K, reserved 1048576K
}
Event: 5.620 GC heap before
{Heap before GC invocations=12 (full 1):
 PSYoungGen      total 151552K, used 86216K [0x00000000ebe00000, 0x00000000f7e80000, 0x0000000100000000)
  eden space 142336K, 54% used [0x00000000ebe00000,0x00000000f0932630,0x00000000f4900000)
  from space 9216K, 99% used [0x00000000f5500000,0x00000000f5dffd70,0x00000000f5e00000)
  to   space 12288K, 0% used [0x00000000f4900000,0x00000000f4900000,0x00000000f5500000)
 ParOldGen       total 36864K, used 17004K [0x00000000c3a00000, 0x00000000c5e00000, 0x00000000ebe00000)
  object space 36864K, 46% used [0x00000000c3a00000,0x00000000c4a9b390,0x00000000c5e00000)
 Metaspace       used 34969K, capacity 35280K, committed 35496K, reserved 1081344K
  class space    used 4496K, capacity 4579K, committed 4608K, reserved 1048576K
Event: 5.639 GC heap after
Heap after GC invocations=12 (full 1):
 PSYoungGen      total 154624K, used 6467K [0x00000000ebe00000, 0x00000000f9400000, 0x0000000100000000)
  eden space 142336K, 0% used [0x00000000ebe00000,0x00000000ebe00000,0x00000000f4900000)
  from space 12288K, 52% used [0x00000000f4900000,0x00000000f4f50c58,0x00000000f5500000)
  to   space 11776K, 0% used [0x00000000f8880000,0x00000000f8880000,0x00000000f9400000)
 ParOldGen       total 36864K, used 22264K [0x00000000c3a00000, 0x00000000c5e00000, 0x00000000ebe00000)
  object space 36864K, 60% used [0x00000000c3a00000,0x00000000c4fbe170,0x00000000c5e00000)
 Metaspace       used 34969K, capacity 35280K, committed 35496K, reserved 1081344K
  class space    used 4496K, capacity 4579K, committed 4608K, reserved 1048576K
}
Event: 5.639 GC heap before
{Heap before GC invocations=13 (full 2):
 PSYoungGen      total 154624K, used 6467K [0x00000000ebe00000, 0x00000000f9400000, 0x0000000100000000)
  eden space 142336K, 0% used [0x00000000ebe00000,0x00000000ebe00000,0x00000000f4900000)
  from space 12288K, 52% used [0x00000000f4900000,0x00000000f4f50c58,0x00000000f5500000)
  to   space 11776K, 0% used [0x00000000f8880000,0x00000000f8880000,0x00000000f9400000)
 ParOldGen       total 36864K, used 22264K [0x00000000c3a00000, 0x00000000c5e00000, 0x00000000ebe00000)
  object space 36864K, 60% used [0x00000000c3a00000,0x00000000c4fbe170,0x00000000c5e00000)
 Metaspace       used 34969K, capacity 35280K, committed 35496K, reserved 1081344K
  class space    used 4496K, capacity 4579K, committed 4608K, reserved 1048576K
Event: 5.707 GC heap after
Heap after GC invocations=13 (full 2):
 PSYoungGen      total 154624K, used 0K [0x00000000ebe00000, 0x00000000f9400000, 0x0000000100000000)
  eden space 142336K, 0% used [0x00000000ebe00000,0x00000000ebe00000,0x00000000f4900000)
  from space 12288K, 0% used [0x00000000f4900000,0x00000000f4900000,0x00000000f5500000)
  to   space 11776K, 0% used [0x00000000f8880000,0x00000000f8880000,0x00000000f9400000)
 ParOldGen       total 58880K, used 22079K [0x00000000c3a00000, 0x00000000c7380000, 0x00000000ebe00000)
  object space 58880K, 37% used [0x00000000c3a00000,0x00000000c4f8fef8,0x00000000c7380000)
 Metaspace       used 34969K, capacity 35280K, committed 35496K, reserved 1081344K
  class space    used 4496K, capacity 4579K, committed 4608K, reserved 1048576K
}
Event: 7.321 GC heap before
{Heap before GC invocations=14 (full 2):
 PSYoungGen      total 154624K, used 142336K [0x00000000ebe00000, 0x00000000f9400000, 0x0000000100000000)
  eden space 142336K, 100% used [0x00000000ebe00000,0x00000000f4900000,0x00000000f4900000)
  from space 12288K, 0% used [0x00000000f4900000,0x00000000f4900000,0x00000000f5500000)
  to   space 11776K, 0% used [0x00000000f8880000,0x00000000f8880000,0x00000000f9400000)
 ParOldGen       total 58880K, used 22079K [0x00000000c3a00000, 0x00000000c7380000, 0x00000000ebe00000)
  object space 58880K, 37% used [0x00000000c3a00000,0x00000000c4f8fef8,0x00000000c7380000)
 Metaspace       used 44076K, capacity 44410K, committed 44800K, reserved 1087488K
  class space    used 5771K, capacity 5866K, committed 5888K, reserved 1048576K
Event: 7.342 GC heap after
Heap after GC invocations=14 (full 2):
 PSYoungGen      total 202752K, used 11757K [0x00000000ebe00000, 0x00000000f9400000, 0x0000000100000000)
  eden space 190976K, 0% used [0x00000000ebe00000,0x00000000ebe00000,0x00000000f7880000)
  from space 11776K, 99% used [0x00000000f8880000,0x00000000f93fb640,0x00000000f9400000)
  to   space 13824K, 0% used [0x00000000f7900000,0x00000000f7900000,0x00000000f8680000)
 ParOldGen       total 58880K, used 23651K [0x00000000c3a00000, 0x00000000c7380000, 0x00000000ebe00000)
  object space 58880K, 40% used [0x00000000c3a00000,0x00000000c5118fd8,0x00000000c7380000)
 Metaspace       used 44076K, capacity 44410K, committed 44800K, reserved 1087488K
  class space    used 5771K, capacity 5866K, committed 5888K, reserved 1048576K
}

Deoptimization events (10 events):
Event: 6.327 Thread 0x00007fb868010000 Uncommon trap: reason=unstable_if action=reinterpret pc=0x00007fb85939e404 method=java.util.HashMap.putVal(ILjava/lang/Object;Ljava/lang/Object;ZZ)Ljava/lang/Object; @ 109
Event: 6.479 Thread 0x00007fb868010000 Uncommon trap: reason=unstable_if action=reinterpret pc=0x00007fb859b8ef44 method=java.util.concurrent.ConcurrentHashMap.putVal(Ljava/lang/Object;Ljava/lang/Object;Z)Ljava/lang/Object; @ 331
Event: 6.585 Thread 0x00007fb868010000 Uncommon trap: reason=unstable_if action=reinterpret pc=0x00007fb859b57848 method=java.util.concurrent.ConcurrentHashMap.get(Ljava/lang/Object;)Ljava/lang/Object; @ 86
Event: 6.721 Thread 0x00007fb868010000 Uncommon trap: reason=null_check action=make_not_entrant pc=0x00007fb859b584a0 method=org.springframework.util.ClassUtils.isAssignable(Ljava/lang/Class;Ljava/lang/Class;)Z @ 14
Event: 6.930 Thread 0x00007fb868010000 Uncommon trap: reason=class_check action=maybe_recompile pc=0x00007fb85981bed8 method=java.util.regex.Pattern$Curly.match(Ljava/util/regex/Matcher;ILjava/lang/CharSequence;)Z @ 19
Event: 6.954 Thread 0x00007fb868010000 Uncommon trap: reason=unstable_if action=reinterpret pc=0x00007fb8599dc608 method=java.util.concurrent.ConcurrentHashMap.transfer([Ljava/util/concurrent/ConcurrentHashMap$Node;[Ljava/util/concurrent/ConcurrentHashMap$Node;)V @ 356
Event: 7.535 Thread 0x00007fb868010000 Uncommon trap: reason=unstable_if action=reinterpret pc=0x00007fb859ad103c method=java.lang.Class$MethodArray.addIfNotPresent(Ljava/lang/reflect/Method;)V @ 19
Event: 7.550 Thread 0x00007fb868010000 Uncommon trap: reason=unstable_if action=reinterpret pc=0x00007fb859acf134 method=org.springframework.util.ConcurrentReferenceHashMap$Segment.clear()V @ 4
Event: 7.604 Thread 0x00007fb868010000 Uncommon trap: reason=bimorphic action=maybe_recompile pc=0x00007fb859b49fec method=java.util.Hashtable.get(Ljava/lang/Object;)Ljava/lang/Object; @ 6
Event: 7.605 Thread 0x00007fb868010000 Uncommon trap: reason=bimorphic action=maybe_recompile pc=0x00007fb859b49fec method=java.util.Hashtable.get(Ljava/lang/Object;)Ljava/lang/Object; @ 6

Internal exceptions (10 events):
Event: 7.488 Thread 0x00007fb868010000 Exception <a 'java/lang/ClassNotFoundException': org/springframework/boot/autoconfigure/web/WebClientAutoConfigurationCustomizer> (0x00000000ed3b57a8) thrown at [/HUDSON3/workspace/8-2-build-linux-amd64/jdk8u121/8372/hotspot/src/share/vm/classfile/systemD
Event: 7.488 Thread 0x00007fb868010000 Exception <a 'java/lang/ClassNotFoundException': org/springframework/boot/autoconfigure/web/WebClientAutoConfiguration$$EnhancerBySpringCGLIB$$2c140284Customizer> (0x00000000ed3d9100) thrown at [/HUDSON3/workspace/8-2-build-linux-amd64/jdk8u121/8372/hotsp
Event: 7.488 Thread 0x00007fb868010000 Exception <a 'java/lang/ClassNotFoundException': org/springframework/context/annotation/ConfigurationClassEnhancer$EnhancedConfigurationCustomizer> (0x00000000ed3fd498) thrown at [/HUDSON3/workspace/8-2-build-linux-amd64/jdk8u121/8372/hotspot/src/share/vm
Event: 7.611 Thread 0x00007fb868010000 Exception <a 'java/lang/ClassNotFoundException': java/lang/ObjectCustomizer> (0x00000000ee4263f8) thrown at [/HUDSON3/workspace/8-2-build-linux-amd64/jdk8u121/8372/hotspot/src/share/vm/classfile/systemDictionary.cpp, line 210]
Event: 7.612 Thread 0x00007fb868010000 Exception <a 'java/lang/ClassNotFoundException': org/springframework/test/context/testng/AbstractTestNGSpringContextTestsCustomizer> (0x00000000ee4441a0) thrown at [/HUDSON3/workspace/8-2-build-linux-amd64/jdk8u121/8372/hotspot/src/share/vm/classfile/syst
Event: 7.612 Thread 0x00007fb868010000 Exception <a 'java/lang/ClassNotFoundException': com/example/crudtest/CRUDTestCustomizer> (0x00000000ee456dc8) thrown at [/HUDSON3/workspace/8-2-build-linux-amd64/jdk8u121/8372/hotspot/src/share/vm/classfile/systemDictionary.cpp, line 210]
Event: 7.613 Thread 0x00007fb868010000 Exception <a 'java/lang/ClassNotFoundException': org/testng/IHookableCustomizer> (0x00000000ee467850) thrown at [/HUDSON3/workspace/8-2-build-linux-amd64/jdk8u121/8372/hotspot/src/share/vm/classfile/systemDictionary.cpp, line 210]
Event: 7.613 Thread 0x00007fb868010000 Exception <a 'java/lang/ClassNotFoundException': org/springframework/context/ApplicationContextAwareCustomizer> (0x00000000ee47da50) thrown at [/HUDSON3/workspace/8-2-build-linux-amd64/jdk8u121/8372/hotspot/src/share/vm/classfile/systemDictionary.cpp, lin
Event: 7.642 Thread 0x00007fb868010000 Exception <a 'java/lang/ClassNotFoundException': java/lang/ObjectCustomizer> (0x00000000ee82c7c0) thrown at [/HUDSON3/workspace/8-2-build-linux-amd64/jdk8u121/8372/hotspot/src/share/vm/classfile/systemDictionary.cpp, line 210]
Event: 7.642 Thread 0x00007fb868010000 Exception <a 'java/lang/ClassNotFoundException': com/example/entity/BookCustomizer> (0x00000000ee83f1b0) thrown at [/HUDSON3/workspace/8-2-build-linux-amd64/jdk8u121/8372/hotspot/src/share/vm/classfile/systemDictionary.cpp, line 210]

Events (10 events):
Event: 7.648 loading class org/hibernate/engine/jdbc/internal/FormatStyle
Event: 7.648 loading class org/hibernate/engine/jdbc/internal/FormatStyle done
Event: 7.648 loading class org/hibernate/engine/jdbc/internal/Formatter
Event: 7.648 loading class org/hibernate/engine/jdbc/internal/Formatter done
Event: 7.648 loading class org/hibernate/engine/jdbc/internal/BasicFormatterImpl
Event: 7.648 loading class org/hibernate/engine/jdbc/internal/BasicFormatterImpl done
Event: 7.649 loading class org/hibernate/engine/jdbc/internal/DDLFormatterImpl
Event: 7.649 loading class org/hibernate/engine/jdbc/internal/DDLFormatterImpl done
Event: 7.650 loading class org/hibernate/engine/jdbc/internal/FormatStyle$NoFormatImpl
Event: 7.650 loading class org/hibernate/engine/jdbc/internal/FormatStyle$NoFormatImpl done


Dynamic libraries:
00400000-00401000 r-xp 00000000 08:03 3554757                            /usr/lib/jvm/java-8-oracle/bin/java
00600000-00601000 rw-p 00000000 08:03 3554757                            /usr/lib/jvm/java-8-oracle/bin/java
01117000-01138000 rw-p 00000000 00:00 0                                  [heap]
c3a00000-c7380000 rw-p 00000000 00:00 0 
c7380000-ebe00000 ---p 00000000 00:00 0 
ebe00000-f9400000 rw-p 00000000 00:00 0 
f9400000-100000000 ---p 00000000 00:00 0 
100000000-1005e0000 rw-p 00000000 00:00 0 
1005e0000-140000000 ---p 00000000 00:00 0 
7fb7f0000000-7fb7f0021000 rw-p 00000000 00:00 0 
7fb7f0021000-7fb7f4000000 ---p 00000000 00:00 0 
7fb7f4000000-7fb7f4021000 rw-p 00000000 00:00 0 
7fb7f4021000-7fb7f8000000 ---p 00000000 00:00 0 
7fb7f8000000-7fb7f8021000 rw-p 00000000 00:00 0 
7fb7f8021000-7fb7fc000000 ---p 00000000 00:00 0 
7fb7fc000000-7fb7fc021000 rw-p 00000000 00:00 0 
7fb7fc021000-7fb800000000 ---p 00000000 00:00 0 
7fb800000000-7fb800021000 rw-p 00000000 00:00 0 
7fb800021000-7fb804000000 ---p 00000000 00:00 0 
7fb804000000-7fb804021000 rw-p 00000000 00:00 0 
7fb804021000-7fb808000000 ---p 00000000 00:00 0 
7fb808000000-7fb808021000 rw-p 00000000 00:00 0 
7fb808021000-7fb80c000000 ---p 00000000 00:00 0 
7fb80c000000-7fb80c021000 rw-p 00000000 00:00 0 
7fb80c021000-7fb810000000 ---p 00000000 00:00 0 
7fb810000000-7fb8102c9000 rw-p 00000000 00:00 0 
7fb8102c9000-7fb814000000 ---p 00000000 00:00 0 
7fb81596e000-7fb815971000 ---p 00000000 00:00 0 
7fb815971000-7fb815a6f000 rw-p 00000000 00:00 0                          [stack:3885]
7fb815a6f000-7fb815a72000 ---p 00000000 00:00 0 
7fb815a72000-7fb815b70000 rw-p 00000000 00:00 0                          [stack:3884]
7fb815b70000-7fb815b73000 ---p 00000000 00:00 0 
7fb815b73000-7fb815c71000 rw-p 00000000 00:00 0                          [stack:3883]
7fb815c71000-7fb815c74000 ---p 00000000 00:00 0 
7fb815c74000-7fb815d72000 rw-p 00000000 00:00 0                          [stack:3882]
7fb815d72000-7fb815d75000 ---p 00000000 00:00 0 
7fb815d75000-7fb815f33000 rw-p 00000000 00:00 0                          [stack:3881]
7fb815f33000-7fb816073000 ---p 00000000 00:00 0 
7fb816073000-7fb816273000 rw-p 00000000 00:00 0 
7fb816319000-7fb816519000 rw-p 00000000 00:00 0 
7fb816519000-7fb81659d000 r-xp 00000000 08:03 5917606                    /tmp/sqlite-3.7.2-libsqlitejdbc.so
7fb81659d000-7fb81679d000 ---p 00084000 08:03 5917606                    /tmp/sqlite-3.7.2-libsqlitejdbc.so
7fb81679d000-7fb81679e000 r--p 00084000 08:03 5917606                    /tmp/sqlite-3.7.2-libsqlitejdbc.so
7fb81679e000-7fb8167a1000 rw-p 00085000 08:03 5917606                    /tmp/sqlite-3.7.2-libsqlitejdbc.so
7fb8167c8000-7fb8169c8000 rw-p 00000000 00:00 0 
7fb8169c8000-7fb816bc8000 rw-p 00000000 00:00 0 
7fb816bc8000-7fb816bcb000 ---p 00000000 00:00 0 
7fb816bcb000-7fb816ec9000 rw-p 00000000 00:00 0                          [stack:3880]
7fb816ec9000-7fb816ecc000 ---p 00000000 00:00 0 
7fb816ecc000-7fb8171ca000 rw-p 00000000 00:00 0                          [stack:3879]
7fb8171ca000-7fb8173ca000 rw-p 00000000 00:00 0 
7fb8173ca000-7fb8173dd000 r--s 00345000 08:03 3569668                    /usr/lib/jvm/java-8-oracle/jre/lib/resources.jar
7fb8173ed000-7fb8173f0000 ---p 00000000 00:00 0 
7fb8173f0000-7fb8174ee000 rw-p 00000000 00:00 0                          [stack:3878]
7fb8174ee000-7fb8174f1000 ---p 00000000 00:00 0 
7fb8174f1000-7fb8177ef000 rw-p 00000000 00:00 0                          [stack:3877]
7fb8177ef000-7fb8179ef000 rw-p 00000000 00:00 0 
7fb8179ef000-7fb817bef000 rw-p 00000000 00:00 0 
7fb817bef000-7fb817c00000 r-xp 00000000 08:03 4870868                    /usr/lib/jvm/java-8-oracle/jre/lib/amd64/libnio.so
7fb817c00000-7fb817dff000 ---p 00011000 08:03 4870868                    /usr/lib/jvm/java-8-oracle/jre/lib/amd64/libnio.so
7fb817dff000-7fb817e00000 rw-p 00010000 08:03 4870868                    /usr/lib/jvm/java-8-oracle/jre/lib/amd64/libnio.so
7fb817e00000-7fb818000000 rw-p 00000000 00:00 0 
7fb818000000-7fb818021000 rw-p 00000000 00:00 0 
7fb818021000-7fb81c000000 ---p 00000000 00:00 0 
7fb81c000000-7fb81c1a3000 rw-p 00000000 00:00 0 
7fb81c1a3000-7fb820000000 ---p 00000000 00:00 0 
7fb820000000-7fb820bc9000 rw-p 00000000 00:00 0 
7fb820bc9000-7fb824000000 ---p 00000000 00:00 0 
7fb824000000-7fb824021000 rw-p 00000000 00:00 0 
7fb824021000-7fb828000000 ---p 00000000 00:00 0 
7fb828000000-7fb829d63000 rw-p 00000000 00:00 0 
7fb829d63000-7fb82c000000 ---p 00000000 00:00 0 
7fb82c000000-7fb82c021000 rw-p 00000000 00:00 0 
7fb82c021000-7fb830000000 ---p 00000000 00:00 0 
7fb830000000-7fb830021000 rw-p 00000000 00:00 0 
7fb830021000-7fb834000000 ---p 00000000 00:00 0 
7fb834000000-7fb835731000 rw-p 00000000 00:00 0 
7fb835731000-7fb838000000 ---p 00000000 00:00 0 
7fb838000000-7fb838021000 rw-p 00000000 00:00 0 
7fb838021000-7fb83c000000 ---p 00000000 00:00 0 
7fb83c000000-7fb83c021000 rw-p 00000000 00:00 0 
7fb83c021000-7fb840000000 ---p 00000000 00:00 0 
7fb840000000-7fb840021000 rw-p 00000000 00:00 0 
7fb840021000-7fb844000000 ---p 00000000 00:00 0 
7fb844000000-7fb844023000 rw-p 00000000 00:00 0 
7fb844023000-7fb848000000 ---p 00000000 00:00 0 
7fb848000000-7fb848031000 rw-p 00000000 00:00 0 
7fb848031000-7fb84c000000 ---p 00000000 00:00 0 
7fb84c000000-7fb84c021000 rw-p 00000000 00:00 0 
7fb84c021000-7fb850000000 ---p 00000000 00:00 0 
7fb850000000-7fb850021000 rw-p 00000000 00:00 0 
7fb850021000-7fb854000000 ---p 00000000 00:00 0 
7fb85400b000-7fb85400c000 rw-p 00000000 00:00 0 
7fb85400c000-7fb8540a1000 r--s 01109000 08:03 3569596                    /usr/lib/jvm/java-8-oracle/jre/lib/ext/jfxrt.jar
7fb8540a1000-7fb8542a1000 rw-p 00000000 00:00 0 
7fb8542a1000-7fb8542a6000 r--s 002f9000 08:03 3569547                    /usr/lib/jvm/java-8-oracle/jre/lib/charsets.jar
7fb8542a6000-7fb8542a9000 ---p 00000000 00:00 0 
7fb8542a9000-7fb8543a7000 rw-p 00000000 00:00 0                          [stack:3876]
7fb8543a7000-7fb8543b0000 r-xp 00000000 08:03 4870832                    /usr/lib/jvm/java-8-oracle/jre/lib/amd64/libmanagement.so
7fb8543b0000-7fb8545af000 ---p 00009000 08:03 4870832                    /usr/lib/jvm/java-8-oracle/jre/lib/amd64/libmanagement.so
7fb8545af000-7fb8545b0000 rw-p 00008000 08:03 4870832                    /usr/lib/jvm/java-8-oracle/jre/lib/amd64/libmanagement.so
7fb8545b0000-7fb8547b0000 rw-p 00000000 00:00 0 
7fb8547b0000-7fb8549b0000 rw-p 00000000 00:00 0 
7fb8549b0000-7fb854bb0000 rw-p 00000000 00:00 0 
7fb854bb0000-7fb854bb4000 r--s 0009a000 08:03 3569602                    /usr/lib/jvm/java-8-oracle/jre/lib/jsse.jar
7fb854bb4000-7fb854bb7000 ---p 00000000 00:00 0 
7fb854bb7000-7fb854cb5000 rw-p 00000000 00:00 0                          [stack:3874]
7fb854cb5000-7fb854ccb000 r-xp 00000000 08:03 4870893                    /usr/lib/jvm/java-8-oracle/jre/lib/amd64/libnet.so
7fb854ccb000-7fb854ecb000 ---p 00016000 08:03 4870893                    /usr/lib/jvm/java-8-oracle/jre/lib/amd64/libnet.so
7fb854ecb000-7fb854ecc000 rw-p 00016000 08:03 4870893                    /usr/lib/jvm/java-8-oracle/jre/lib/amd64/libnet.so
7fb854ecc000-7fb854ecd000 r--s 0000c000 08:03 5916924                    /home/sharmila/.gradle/caches/modules-2/files-2.1/org.ow2.asm/asm/5.0.3/dcc2193db20e19e1feca8b1240dbbc4e190824fa/asm-5.0.3.jar
7fb854ecd000-7fb854ed7000 r--s 00069000 08:03 5923589                    /home/sharmila/.gradle/caches/modules-2/files-2.1/ch.qos.logback/logback-core/1.1.8/b4d1c3dea91727faf8b3d19cf4b9b972d6c0b89/logback-core-1.1.8.jar
7fb854ed7000-7fb854ed9000 r--s 00012000 08:03 5916922                    /home/sharmila/.gradle/caches/modules-2/files-2.1/net.minidev/accessors-smart/1.1/a527213f2fea112a04c9bdf0ec0264e34104cd08/accessors-smart-1.1.jar
7fb854ed9000-7fb854edb000 r--s 00009000 08:03 5923902                    /home/sharmila/.gradle/caches/modules-2/files-2.1/org.apache.tomcat/tomcat-juli/8.5.6/83d2d1e3362ecca504f3bf8ed1bc4cc451754d24/tomcat-juli-8.5.6.jar
7fb854edb000-7fb854ee4000 r--s 0002d000 08:03 5923903                    /home/sharmila/.gradle/caches/modules-2/files-2.1/xml-apis/xml-apis/1.4.01/3789d9fada2d3d458c4ba2de349d48780f381ee3/xml-apis-1.4.01.jar
7fb854ee4000-7fb854ee6000 r--s 00004000 08:03 5923588                    /home/sharmila/.gradle/caches/modules-2/files-2.1/org.slf4j/log4j-over-slf4j/1.7.22/a527c37e9ca6c3d19ba298edd4aa344ca751a203/log4j-over-slf4j-1.7.22.jar
7fb854ee6000-7fb854ee8000 r--s 00000000 08:03 5923587                    /home/sharmila/.gradle/caches/modules-2/files-2.1/org.slf4j/jul-to-slf4j/1.7.22/b0429e950b3d2bc2c39c1bacafac753edbe3781c/jul-to-slf4j-1.7.22.jar
7fb854ee8000-7fb854eee000 r--s 00045000 08:03 5923585                    /home/sharmila/.gradle/caches/modules-2/files-2.1/ch.qos.logback/logback-classic/1.1.8/e54f49a227611976642f81cf2106b81c1ece8bf5/logback-classic-1.1.8.jar
7fb854eee000-7fb854eef000 r--s 0000f000 08:03 5916909                    /home/sharmila/.gradle/caches/modules-2/files-2.1/org.json/json/20140107/d1ffca6e2482b002702c6a576166fd685e3370e3/json-20140107.jar
7fb854eef000-7fb854ef1000 r--s 00009000 08:03 5916921                    /home/sharmila/.gradle/caches/modules-2/files-2.1/org.objenesis/objenesis/2.1/87c0ea803b69252868d09308b4618f766f135a96/objenesis-2.1.jar
7fb854ef1000-7fb854ef4000 r--s 0001b000 08:03 5916920                    /home/sharmila/.gradle/caches/modules-2/files-2.1/net.minidev/json-smart/2.2.1/5b9e5df7a62d1279b70dc882b041d249c4f0b002/json-smart-2.2.1.jar
7fb854ef4000-7fb854ef6000 r--s 00003000 08:03 5923586                    /home/sharmila/.gradle/caches/modules-2/files-2.1/org.slf4j/jcl-over-slf4j/1.7.22/86ceac14535af5a42c8fb0d06d79b925dd3cb263/jcl-over-slf4j-1.7.22.jar
7fb854ef6000-7fb854ef8000 r--s 00009000 08:03 5923584                    /home/sharmila/.gradle/caches/modules-2/files-2.1/org.slf4j/slf4j-api/1.7.22/a1c83373863cec7ae8d89dc1c5722d8cb6ec0309/slf4j-api-1.7.22.jar
7fb854ef8000-7fb854f00000 r--s 0003a000 08:03 5923901                    /home/sharmila/.gradle/caches/modules-2/files-2.1/org.springframework/spring-tx/4.3.5.RELEASE/296d8ae21fadc0f115dae7d1e8d5c4f8c7de2c3e/spring-tx-4.3.5.RELEASE.jar
7fb854f00000-7fb854f0a000 r--s 0006b000 08:03 5923900                    /home/sharmila/.gradle/caches/modules-2/files-2.1/org.springframework/spring-orm/4.3.5.RELEASE/64c29d310b69bcc6e1fd5a738fa3629bdedb2d3f/spring-orm-4.3.5.RELEASE.jar
7fb854f0a000-7fb854f1a000 r--s 0009a000 08:03 5923899                    /home/sharmila/.gradle/caches/modules-2/files-2.1/org.springframework.data/spring-data-commons/1.12.6.RELEASE/b6403dcfce33e89613f364d80d653d7540279c47/spring-data-commons-1.12.6.RELEASE.jar
7fb854f1a000-7fb854f24000 r--s 0005f000 08:03 5923898                    /home/sharmila/.gradle/caches/modules-2/files-2.1/org.springframework/spring-jdbc/4.3.5.RELEASE/7c09e38b6f6e0b178973dea06bb8fdc6d19aa596/spring-jdbc-4.3.5.RELEASE.jar
7fb854f24000-7fb854f27000 r--s 00020000 08:03 5923897                    /home/sharmila/.gradle/caches/modules-2/files-2.1/org.apache.tomcat/tomcat-jdbc/8.5.6/feb10a9e22f70565c7556f327b0481dba8587bbc/tomcat-jdbc-8.5.6.jar
7fb854f27000-7fb854f40000 r--s 001af000 08:03 5923896                    /home/sharmila/.gradle/caches/modules-2/files-2.1/org.aspectj/aspectjweaver/1.8.9/db28774f477f07220eac18d5ec9c4e01f48589d7/aspectjweaver-1.8.9.jar
7fb854f40000-7fb854f43000 r--s 00010000 08:03 5923833                    /home/sharmila/.gradle/caches/modules-2/files-2.1/org.hibernate.common/hibernate-commons-annotations/5.0.1.Final/71e1cff3fcb20d3b3af4f3363c3ddb24d33c6879/hibernate-commons-annotations-5.0.1.Final.jar
7fb854f43000-7fb854f48000 r--s 00048000 08:03 5923832                    /home/sharmila/.gradle/caches/modules-2/files-2.1/dom4j/dom4j/1.6.1/5d3ccc056b6f056dbf0dddfdf43894b9065a8f94/dom4j-1.6.1.jar
7fb854f48000-7fb854f4b000 r--s 0002b000 08:03 5923433                    /home/sharmila/.gradle/caches/modules-2/files-2.1/org.jboss/jandex/2.0.0.Final/3e899258936f94649c777193e1be846387ed54b3/jandex-2.0.0.Final.jar
7fb854f4b000-7fb854f4c000 r--s 00003000 08:03 5923830                    /home/sharmila/.gradle/caches/modules-2/files-2.1/org.apache.geronimo.specs/geronimo-jta_1.1_spec/1.1.1/aabab3165b8ea936b9360abbf448459c0d04a5a4/geronimo-jta_1.1_spec-1.1.1.jar
7fb854f4c000-7fb854f51000 r--s 00068000 08:03 5923829                    /home/sharmila/.gradle/caches/modules-2/files-2.1/antlr/antlr/2.7.7/83cd2cd674a217ade95a4bb83a8a14f351f48bd0/antlr-2.7.7.jar
7fb854f51000-7fb854f56000 r--s 0003c000 08:03 5923583                    /home/sharmila/.gradle/caches/modules-2/files-2.1/org.springframework/spring-expression/4.3.5.RELEASE/3689dc6c5b942ecde4122eac889ed87977d6f287/spring-expression-4.3.5.RELEASE.jar
7fb854f56000-7fb854f70000 r--s 000fc000 08:03 5923582                    /home/sharmila/.gradle/caches/modules-2/files-2.1/org.springframework/spring-context/4.3.5.RELEASE/ca3391c0e17d0138335ba51b51371661d20d56a8/spring-context-4.3.5.RELEASE.jar
7fb854f70000-7fb854f7d000 r--s 000ad000 08:03 5923581                    /home/sharmila/.gradle/caches/modules-2/files-2.1/org.springframework/spring-beans/4.3.5.RELEASE/e12bbc3277da28e2e2608a187f83091dc6c300bf/spring-beans-4.3.5.RELEASE.jar
7fb854f7d000-7fb854f86000 r--s 00054000 08:03 5923580                    /home/sharmila/.gradle/caches/modules-2/files-2.1/org.springframework/spring-aop/4.3.5.RELEASE/4f113218af716bd8d174c411f19b26418b5a70f6/spring-aop-4.3.5.RELEASE.jar
7fb854f86000-7fb854f8a000 r--s 00041000 08:03 5923579                    /home/sharmila/.gradle/caches/modules-2/files-2.1/com.fasterxml.jackson.core/jackson-core/2.8.5/60d059f5d2930ccd1ef03535b713fd9f933d1ba7/jackson-core-2.8.5.jar
7fb854f8a000-7fb854f8d000 r--s 0000b000 08:03 5923578                    /home/sharmila/.gradle/caches/modules-2/files-2.1/com.fasterxml.jackson.core/jackson-annotations/2.8.5/9d82ff47bc2c2d3b5b6a6618fe636782bbcd5b07/jackson-annotations-2.8.5.jar
7fb854f8d000-7fb854f8f000 r--s 0000e000 08:03 5917543                    /home/sharmila/.gradle/caches/modules-2/files-2.1/com.fasterxml/classmate/1.3.3/864c8e370a691e343210cc7c532fc198cee460d8/classmate-1.3.3.jar
7fb854f8f000-7fb854f93000 r--s 0000c000 08:03 5916766                    /home/sharmila/.gradle/caches/modules-2/files-2.1/javax.validation/validation-api/1.1.0.Final/8613ae82954779d518631e05daa73a6a954817d5/validation-api-1.1.0.Final.jar
7fb854f93000-7fb854f98000 r--s 00036000 08:03 5917542                    /home/sharmila/.gradle/caches/modules-2/files-2.1/org.apache.tomcat.embed/tomcat-embed-websocket/8.5.6/6f6940a216b380ea8506530c374fcfeef820ba54/tomcat-embed-websocket-8.5.6.jar
7fb854f98000-7fb854f99000 r--s 00000000 08:03 5923577                    /home/sharmila/.gradle/caches/modules-2/files-2.1/org.springframework.boot/spring-boot-starter-logging/1.4.3.RELEASE/1c58783c0694abf695babfd39829922d2d501ec2/spring-boot-starter-logging-1.4.3.RELEASE.jar
7fb854f99000-7fb854fb7000 r--s 000d0000 08:03 5923576                    /home/sharmila/.gradle/caches/modules-2/files-2.1/org.springframework.boot/spring-boot-autoconfigure/1.4.3.RELEASE/41df1bfbdd4ae4e8499ebe1a4bc613bda316d6e1/spring-boot-autoconfigure-1.4.3.RELEASE.jar
7fb854fb7000-7fb854fc7000 r--s 00092000 08:03 5923575                    /home/sharmila/.gradle/caches/modules-2/files-2.1/org.springframework.boot/spring-boot/1.4.3.RELEASE/17f94def4460075afdfba6bf8f897cd1fc95bf77/spring-boot-1.4.3.RELEASE.jar
7fb854fc7000-7fb854fd6000 r--s 00084000 08:03 5923574                    /home/sharmila/.gradle/caches/modules-2/files-2.1/org.springframework/spring-test/4.3.5.RELEASE/a1965127e07b469d8e5bb3d2b0ff850423b66be4/spring-test-4.3.5.RELEASE.jar
7fb854fd6000-7fb854fec000 r--s 000fa000 08:03 5923530                    /home/sharmila/.gradle/caches/modules-2/files-2.1/org.springframework/spring-core/4.3.5.RELEASE/80299e3f80e8c6d5c076db2ba6adf44a4b52f578/spring-core-4.3.5.RELEASE.jar
7fb854fec000-7fb854fed000 r--s 00006000 08:03 5916915                    /home/sharmila/.gradle/caches/modules-2/files-2.1/org.skyscreamer/jsonassert/1.3.0/d5c250eb122496866de36dc84f98e2945845ecdd/jsonassert-1.3.0.jar
7fb854fed000-7fb854fef000 r--s 00009000 08:03 5913472                    /home/sharmila/.gradle/caches/modules-2/files-2.1/org.hamcrest/hamcrest-core/1.3/42a25dc3219429f0e5d060061f71acb49bf010a0/hamcrest-core-1.3.jar
7fb854fef000-7fb85500b000 r--s 00103000 08:03 5916914                    /home/sharmila/.gradle/caches/modules-2/files-2.1/org.mockito/mockito-core/1.10.19/e8546f5bef4e061d8dd73895b4e8f40e3fe6effe/mockito-core-1.10.19.jar
7fb85500b000-7fb85501e000 r--s 000d2000 08:03 5916913                    /home/sharmila/.gradle/caches/modules-2/files-2.1/org.assertj/assertj-core/2.5.0/fcd21db4c5f33e5dcac69bf1816415fe0647582f/assertj-core-2.5.0.jar
7fb85501e000-7fb855023000 r--s 0002e000 08:03 5916911                    /home/sharmila/.gradle/caches/modules-2/files-2.1/com.jayway.jsonpath/json-path/2.2.0/22290d17944bd239fabf5ac69005a60a7ecbbbcb/json-path-2.2.0.jar
7fb855023000-7fb855028000 r--s 00017000 08:03 5923573                    /home/sharmila/.gradle/caches/modules-2/files-2.1/org.springframework.boot/spring-boot-test-autoconfigure/1.4.3.RELEASE/1a7587605e981a58104a501ab1896e2eb7a76686/spring-boot-test-autoconfigure-1.4.3.RELEASE.jar
7fb855028000-7fb85502d000 r--s 00021000 08:03 5923572                    /home/sharmila/.gradle/caches/modules-2/files-2.1/org.springframework.boot/spring-boot-test/1.4.3.RELEASE/2d76638f0f13b33859bf3b927c232ff0f8a4ffbf/spring-boot-test-1.4.3.RELEASE.jar
7fb85502d000-7fb855033000 r--s 0003d000 08:03 5916762                    /home/sharmila/.gradle/caches/modules-2/files-2.1/org.yaml/snakeyaml/1.17/7a27ea250c5130b2922b86dea63cbb1cc10a660c/snakeyaml-1.17.jar
7fb855033000-7fb855035000 r--s 00006000 08:03 5923638                    /home/sharmila/.gradle/caches/modules-2/files-2.1/com.beust/jcommander/1.12/7409692b48022f9eca7445861defbcdb9ee3c2a8/jcommander-1.12.jar
7fb855035000-7fb85503a000 r--s 00040000 08:03 5923637                    /home/sharmila/.gradle/caches/modules-2/files-2.1/org.beanshell/bsh/2.0b4/a05f0a0feefa8d8467ac80e16e7de071489f0d9c/bsh-2.0b4.jar
7fb85503a000-7fb855042000 r--s 00045000 08:03 5913471                    /home/sharmila/.gradle/caches/modules-2/files-2.1/junit/junit/4.12/2973d150c0dc1fefe998f834810d68f278ea58ec/junit-4.12.jar
7fb855042000-7fb855045000 r--s 0000c000 08:03 5923895                    /home/sharmila/.gradle/caches/modules-2/files-2.1/org.springframework/spring-aspects/4.3.5.RELEASE/8c00c15865a1da0a1ba143a50622a8436a56e097/spring-aspects-4.3.5.RELEASE.jar
7fb855045000-7fb85504b000 r--s 0003f000 08:03 5923894                    /home/sharmila/.gradle/caches/modules-2/files-2.1/org.springframework.data/spring-data-jpa/1.10.6.RELEASE/5d478860b24a493845248c1c336c33a657567bd3/spring-data-jpa-1.10.6.RELEASE.jar
7fb85504b000-7fb85504d000 r--s 00006000 08:03 5923893                    /home/sharmila/.gradle/caches/modules-2/files-2.1/javax.transaction/javax.transaction-api/1.2/d81aff979d603edd90dcd8db2abc1f4ce6479e3e/javax.transaction-api-1.2.jar
7fb85504d000-7fb85505a000 r--s 00089000 08:03 5923892                    /home/sharmila/.gradle/caches/modules-2/files-2.1/org.hibernate/hibernate-entitymanager/5.0.11.Final/549565caed4e0bcb816843693e66ff7b04ce025f/hibernate-entitymanager-5.0.11.Final.jar
7fb85505a000-7fb855064000 r--s 000ae000 08:03 5916958                    /home/sharmila/.gradle/caches/modules-2/files-2.1/org.javassist/javassist/3.20.0-GA/a9cbcdfb7e9f86fbc74d3afae65f2248bfbf82a0/javassist-3.20.0-GA.jar
7fb855064000-7fb855069000 r--s 00017000 08:03 5923828                    /home/sharmila/.gradle/caches/modules-2/files-2.1/org.hibernate.javax.persistence/hibernate-jpa-2.1-api/1.0.0.Final/5e731d961297e5a07290bfaf3db1fbc8bbbf405a/hibernate-jpa-2.1-api-1.0.0.Final.jar
7fb855069000-7fb8550d2000 r--s 004f3000 08:03 5923432                    /home/sharmila/.gradle/caches/modules-2/files-2.1/org.hibernate/hibernate-core/5.0.11.Final/c2487fb72a2217a7cec9ab478d4c21a36fc09977/hibernate-core-5.0.11.Final.jar
7fb8550d2000-7fb8550e5000 r--s 00236000 08:03 5916949                    /home/sharmila/.gradle/caches/modules-2/files-2.1/org.eclipse.jdt.core.compiler/ecj/4.5.1/bee1367ac12fb6a20b422ff8711ebeb4f0a42316/ecj-4.5.1.jar
7fb8550e5000-7fb8550ea000 r--s 00036000 08:03 5917541                    /home/sharmila/.gradle/caches/modules-2/files-2.1/org.apache.tomcat.embed/tomcat-embed-el/8.5.6/a102298d8dc72f4065533d5962953d753b172602/tomcat-embed-el-8.5.6.jar
7fb8550ea000-7fb855113000 r--s 002b2000 08:03 5917540                    /home/sharmila/.gradle/caches/modules-2/files-2.1/org.apache.tomcat.embed/tomcat-embed-core/8.5.6/960834b5abc6b2135250487abf6c060a0fa5a22e/tomcat-embed-core-8.5.6.jar
7fb855113000-7fb855124000 r--s 000cf000 08:03 5923571                    /home/sharmila/.gradle/caches/modules-2/files-2.1/org.springframework/spring-webmvc/4.3.5.RELEASE/c624659217edab07d8279fb0f90462136f089220/spring-webmvc-4.3.5.RELEASE.jar
7fb855124000-7fb855136000 r--s 000b6000 08:03 5923570                    /home/sharmila/.gradle/caches/modules-2/files-2.1/org.springframework/spring-web/4.3.5.RELEASE/6641daccf2fddafc8358144f3a4f999130fdf144/spring-web-4.3.5.RELEASE.jar
7fb855136000-7fb855147000 r--s 0011d000 08:03 5923569                    /home/sharmila/.gradle/caches/modules-2/files-2.1/com.fasterxml.jackson.core/jackson-databind/2.8.5/b3035f37e674c04dafe36a660c3815cc59f764e2/jackson-databind-2.8.5.jar
7fb855147000-7fb855157000 r--s 0009c000 08:03 5916756                    /home/sharmila/.gradle/caches/modules-2/files-2.1/org.hibernate/hibernate-validator/5.2.4.Final/fb18766b576aa6632bcfe9a20a023cbd52bf9769/hibernate-validator-5.2.4.Final.jar
7fb855157000-7fb855163000 r--s 000a4000 08:03 5923636                    /home/sharmila/.gradle/caches/modules-2/files-2.1/org.testng/testng/6.5.2/5069d2e72356ed87645c5fc3622b0bbb5e0667c9/testng-6.5.2.jar
7fb855163000-7fb855168000 r--s 00309000 08:03 5923826                    /home/sharmila/.gradle/caches/modules-2/files-2.1/org.xerial/sqlite-jdbc/3.7.2/7a3d67f00508d3881650579f7f228c61bfc1b196/sqlite-jdbc-3.7.2.jar
7fb855168000-7fb855171000 r--s 00095000 08:03 5913393                    /home/sharmila/.gradle/caches/modules-2/files-2.1/org.apache.tomcat.embed/tomcat-embed-jasper/9.0.0.M11/e2cd5a7038094195c3163532e01daf051d9265fe/tomcat-embed-jasper-9.0.0.M11.jar
7fb855171000-7fb855179000 r--s 00046000 08:03 2759763                    /home/sharmila/Downloads/sts 3.6.4/sts-bundle/sts-3.6.4.RELEASE/plugins/org.testng.eclipse_6.10.0.201612030230/lib/testng-remote.jar
7fb855179000-7fb85517a000 ---p 00000000 00:00 0 
7fb85517a000-7fb85527a000 rw-p 00000000 00:00 0                          [stack:3872]
7fb85527a000-7fb85527d000 ---p 00000000 00:00 0 
7fb85527d000-7fb85537b000 rw-p 00000000 00:00 0                          [stack:3871]
7fb85537b000-7fb85537e000 ---p 00000000 00:00 0 
7fb85537e000-7fb85547c000 rw-p 00000000 00:00 0                          [stack:3870]
7fb85547c000-7fb85547f000 ---p 00000000 00:00 0 
7fb85547f000-7fb85557d000 rw-p 00000000 00:00 0                          [stack:3869]
7fb85557d000-7fb855580000 ---p 00000000 00:00 0 
7fb855580000-7fb85567e000 rw-p 00000000 00:00 0                          [stack:3868]
7fb85567e000-7fb855681000 ---p 00000000 00:00 0 
7fb855681000-7fb85577f000 rw-p 00000000 00:00 0                          [stack:3867]
7fb85577f000-7fb855e62000 r--p 00000000 08:03 3152909                    /usr/lib/locale/locale-archive
7fb855e62000-7fb855e65000 ---p 00000000 00:00 0 
7fb855e65000-7fb855f63000 rw-p 00000000 00:00 0                          [stack:3866]
7fb855f63000-7fb855f66000 ---p 00000000 00:00 0 
7fb855f66000-7fb856064000 rw-p 00000000 00:00 0                          [stack:3865]
7fb856064000-7fb856065000 ---p 00000000 00:00 0 
7fb856065000-7fb856ff7000 rw-p 00000000 00:00 0                          [stack:3864]
7fb856ff7000-7fb8571d0000 r--s 03d3e000 08:03 3569606                    /usr/lib/jvm/java-8-oracle/jre/lib/rt.jar
7fb8571d0000-7fb859000000 rw-p 00000000 00:00 0 
7fb859000000-7fb859c50000 rwxp 00000000 00:00 0 
7fb859c50000-7fb868000000 ---p 00000000 00:00 0 
7fb868000000-7fb869fa2000 rw-p 00000000 00:00 0 
7fb869fa2000-7fb86c000000 ---p 00000000 00:00 0 
7fb86c000000-7fb86c001000 r--s 0000c000 08:03 5916912                    /home/sharmila/.gradle/caches/modules-2/files-2.1/org.hamcrest/hamcrest-library/1.3/4785a3c21320980282f9f33d0d1264a69040538f/hamcrest-library-1.3.jar
7fb86c001000-7fb86c002000 r--s 00000000 08:03 5923891                    /home/sharmila/.gradle/caches/modules-2/files-2.1/org.springframework.boot/spring-boot-starter-jdbc/1.4.3.RELEASE/7ce66cf27ea731189248be7af2ab84ba189e1151/spring-boot-starter-jdbc-1.4.3.RELEASE.jar
7fb86c002000-7fb86cb7d000 rw-p 00000000 00:00 0 
7fb86cb7d000-7fb86cb7e000 ---p 00000000 00:00 0 
7fb86cb7e000-7fb86cc7e000 rw-p 00000000 00:00 0                          [stack:3863]
7fb86cc7e000-7fb86cc7f000 ---p 00000000 00:00 0 
7fb86cc7f000-7fb86cd7f000 rw-p 00000000 00:00 0                          [stack:3862]
7fb86cd7f000-7fb86cd80000 ---p 00000000 00:00 0 
7fb86cd80000-7fb86ce80000 rw-p 00000000 00:00 0                          [stack:3861]
7fb86ce80000-7fb86ce81000 ---p 00000000 00:00 0 
7fb86ce81000-7fb86cf9e000 rw-p 00000000 00:00 0                          [stack:3860]
7fb86cf9e000-7fb86d0c3000 ---p 00000000 00:00 0 
7fb86d0c3000-7fb86d0e0000 rw-p 00000000 00:00 0 
7fb86d0e0000-7fb86d205000 ---p 00000000 00:00 0 
7fb86d205000-7fb86d270000 rw-p 00000000 00:00 0 
7fb86d270000-7fb86d2a6000 ---p 00000000 00:00 0 
7fb86d2a6000-7fb86d2d9000 rw-p 00000000 00:00 0 
7fb86d2d9000-7fb86d667000 ---p 00000000 00:00 0 
7fb86d667000-7fb86d681000 r-xp 00000000 08:03 4870864                    /usr/lib/jvm/java-8-oracle/jre/lib/amd64/libzip.so
7fb86d681000-7fb86d881000 ---p 0001a000 08:03 4870864                    /usr/lib/jvm/java-8-oracle/jre/lib/amd64/libzip.so
7fb86d881000-7fb86d882000 rw-p 0001a000 08:03 4870864                    /usr/lib/jvm/java-8-oracle/jre/lib/amd64/libzip.so
7fb86d882000-7fb86d88c000 r-xp 00000000 08:03 4070135                    /lib/x86_64-linux-gnu/libnss_files-2.19.so
7fb86d88c000-7fb86da8b000 ---p 0000a000 08:03 4070135                    /lib/x86_64-linux-gnu/libnss_files-2.19.so
7fb86da8b000-7fb86da8c000 r--p 00009000 08:03 4070135                    /lib/x86_64-linux-gnu/libnss_files-2.19.so
7fb86da8c000-7fb86da8d000 rw-p 0000a000 08:03 4070135                    /lib/x86_64-linux-gnu/libnss_files-2.19.so
7fb86da8d000-7fb86da98000 r-xp 00000000 08:03 4070127                    /lib/x86_64-linux-gnu/libnss_nis-2.19.so
7fb86da98000-7fb86dc97000 ---p 0000b000 08:03 4070127                    /lib/x86_64-linux-gnu/libnss_nis-2.19.so
7fb86dc97000-7fb86dc98000 r--p 0000a000 08:03 4070127                    /lib/x86_64-linux-gnu/libnss_nis-2.19.so
7fb86dc98000-7fb86dc99000 rw-p 0000b000 08:03 4070127                    /lib/x86_64-linux-gnu/libnss_nis-2.19.so
7fb86dc99000-7fb86dcb0000 r-xp 00000000 08:03 4070123                    /lib/x86_64-linux-gnu/libnsl-2.19.so
7fb86dcb0000-7fb86deaf000 ---p 00017000 08:03 4070123                    /lib/x86_64-linux-gnu/libnsl-2.19.so
7fb86deaf000-7fb86deb0000 r--p 00016000 08:03 4070123                    /lib/x86_64-linux-gnu/libnsl-2.19.so
7fb86deb0000-7fb86deb1000 rw-p 00017000 08:03 4070123                    /lib/x86_64-linux-gnu/libnsl-2.19.so
7fb86deb1000-7fb86deb3000 rw-p 00000000 00:00 0 
7fb86deb3000-7fb86debc000 r-xp 00000000 08:03 4070122                    /lib/x86_64-linux-gnu/libnss_compat-2.19.so
7fb86debc000-7fb86e0bb000 ---p 00009000 08:03 4070122                    /lib/x86_64-linux-gnu/libnss_compat-2.19.so
7fb86e0bb000-7fb86e0bc000 r--p 00008000 08:03 4070122                    /lib/x86_64-linux-gnu/libnss_compat-2.19.so
7fb86e0bc000-7fb86e0bd000 rw-p 00009000 08:03 4070122                    /lib/x86_64-linux-gnu/libnss_compat-2.19.so
7fb86e0bd000-7fb86e0e8000 r-xp 00000000 08:03 4870782                    /usr/lib/jvm/java-8-oracle/jre/lib/amd64/libjava.so
7fb86e0e8000-7fb86e2e7000 ---p 0002b000 08:03 4870782                    /usr/lib/jvm/java-8-oracle/jre/lib/amd64/libjava.so
7fb86e2e7000-7fb86e2e9000 rw-p 0002a000 08:03 4870782                    /usr/lib/jvm/java-8-oracle/jre/lib/amd64/libjava.so
7fb86e2e9000-7fb86e2f6000 r-xp 00000000 08:03 4870821                    /usr/lib/jvm/java-8-oracle/jre/lib/amd64/libverify.so
7fb86e2f6000-7fb86e4f5000 ---p 0000d000 08:03 4870821                    /usr/lib/jvm/java-8-oracle/jre/lib/amd64/libverify.so
7fb86e4f5000-7fb86e4f7000 rw-p 0000c000 08:03 4870821                    /usr/lib/jvm/java-8-oracle/jre/lib/amd64/libverify.so
7fb86e4f7000-7fb86e4fe000 r-xp 00000000 08:03 4070131                    /lib/x86_64-linux-gnu/librt-2.19.so
7fb86e4fe000-7fb86e6fd000 ---p 00007000 08:03 4070131                    /lib/x86_64-linux-gnu/librt-2.19.so
7fb86e6fd000-7fb86e6fe000 r--p 00006000 08:03 4070131                    /lib/x86_64-linux-gnu/librt-2.19.so
7fb86e6fe000-7fb86e6ff000 rw-p 00007000 08:03 4070131                    /lib/x86_64-linux-gnu/librt-2.19.so
7fb86e6ff000-7fb86e804000 r-xp 00000000 08:03 4070117                    /lib/x86_64-linux-gnu/libm-2.19.so
7fb86e804000-7fb86ea03000 ---p 00105000 08:03 4070117                    /lib/x86_64-linux-gnu/libm-2.19.so
7fb86ea03000-7fb86ea04000 r--p 00104000 08:03 4070117                    /lib/x86_64-linux-gnu/libm-2.19.so
7fb86ea04000-7fb86ea05000 rw-p 00105000 08:03 4070117                    /lib/x86_64-linux-gnu/libm-2.19.so
7fb86ea05000-7fb86f6d3000 r-xp 00000000 08:03 5260205                    /usr/lib/jvm/java-8-oracle/jre/lib/amd64/server/libjvm.so
7fb86f6d3000-7fb86f8d3000 ---p 00cce000 08:03 5260205                    /usr/lib/jvm/java-8-oracle/jre/lib/amd64/server/libjvm.so
7fb86f8d3000-7fb86f9ac000 rw-p 00cce000 08:03 5260205                    /usr/lib/jvm/java-8-oracle/jre/lib/amd64/server/libjvm.so
7fb86f9ac000-7fb86f9f7000 rw-p 00000000 00:00 0 
7fb86f9f7000-7fb86fbb1000 r-xp 00000000 08:03 4070132                    /lib/x86_64-linux-gnu/libc-2.19.so
7fb86fbb1000-7fb86fdb1000 ---p 001ba000 08:03 4070132                    /lib/x86_64-linux-gnu/libc-2.19.so
7fb86fdb1000-7fb86fdb5000 r--p 001ba000 08:03 4070132                    /lib/x86_64-linux-gnu/libc-2.19.so
7fb86fdb5000-7fb86fdb7000 rw-p 001be000 08:03 4070132                    /lib/x86_64-linux-gnu/libc-2.19.so
7fb86fdb7000-7fb86fdbc000 rw-p 00000000 00:00 0 
7fb86fdbc000-7fb86fdbf000 r-xp 00000000 08:03 4070119                    /lib/x86_64-linux-gnu/libdl-2.19.so
7fb86fdbf000-7fb86ffbe000 ---p 00003000 08:03 4070119                    /lib/x86_64-linux-gnu/libdl-2.19.so
7fb86ffbe000-7fb86ffbf000 r--p 00002000 08:03 4070119                    /lib/x86_64-linux-gnu/libdl-2.19.so
7fb86ffbf000-7fb86ffc0000 rw-p 00003000 08:03 4070119                    /lib/x86_64-linux-gnu/libdl-2.19.so
7fb86ffc0000-7fb86ffd5000 r-xp 00000000 08:03 3555343                    /usr/lib/jvm/java-8-oracle/lib/amd64/jli/libjli.so
7fb86ffd5000-7fb8701d5000 ---p 00015000 08:03 3555343                    /usr/lib/jvm/java-8-oracle/lib/amd64/jli/libjli.so
7fb8701d5000-7fb8701d6000 rw-p 00015000 08:03 3555343                    /usr/lib/jvm/java-8-oracle/lib/amd64/jli/libjli.so
7fb8701d6000-7fb8701ef000 r-xp 00000000 08:03 4070124                    /lib/x86_64-linux-gnu/libpthread-2.19.so
7fb8701ef000-7fb8703ee000 ---p 00019000 08:03 4070124                    /lib/x86_64-linux-gnu/libpthread-2.19.so
7fb8703ee000-7fb8703ef000 r--p 00018000 08:03 4070124                    /lib/x86_64-linux-gnu/libpthread-2.19.so
7fb8703ef000-7fb8703f0000 rw-p 00019000 08:03 4070124                    /lib/x86_64-linux-gnu/libpthread-2.19.so
7fb8703f0000-7fb8703f4000 rw-p 00000000 00:00 0 
7fb8703f4000-7fb870417000 r-xp 00000000 08:03 4070125                    /lib/x86_64-linux-gnu/ld-2.19.so
7fb870417000-7fb870418000 r--s 00000000 08:03 5923890                    /home/sharmila/.gradle/caches/modules-2/files-2.1/org.springframework.boot/spring-boot-starter-aop/1.4.3.RELEASE/30b11b6455bed446d3b4a1a49fab529b2cfac454/spring-boot-starter-aop-1.4.3.RELEASE.jar
7fb870418000-7fb87041a000 r--s 0000f000 08:03 5916917                    /home/sharmila/.gradle/caches/modules-2/files-2.1/org.jboss.logging/jboss-logging/3.3.0.Final/3616bb87707910296e2c195dc016287080bba5af/jboss-logging-3.3.0.Final.jar
7fb87041a000-7fb87041b000 r--s 00000000 08:03 5923568                    /home/sharmila/.gradle/caches/modules-2/files-2.1/org.springframework.boot/spring-boot-starter-tomcat/1.4.3.RELEASE/61c48035a7a3b06b42fdd07b7109e562077b3792/spring-boot-starter-tomcat-1.4.3.RELEASE.jar
7fb87041b000-7fb8704ed000 rw-p 00000000 00:00 0 
7fb8704ed000-7fb8704f0000 ---p 00000000 00:00 0 
7fb8704f0000-7fb8705f2000 rw-p 00000000 00:00 0                          [stack:3859]
7fb8705f2000-7fb8705f3000 r--s 00000000 08:03 5923567                    /home/sharmila/.gradle/caches/modules-2/files-2.1/org.springframework.boot/spring-boot-starter/1.4.3.RELEASE/c99bad104719e947b3f9aa2b7569583805e4c5d5/spring-boot-starter-1.4.3.RELEASE.jar
7fb8705f3000-7fb8705f4000 r--s 00000000 08:03 5923566                    /home/sharmila/.gradle/caches/modules-2/files-2.1/org.springframework.boot/spring-boot-starter-test/1.4.3.RELEASE/6e9f1dbd3f68299c0183630ef07ca430de160050/spring-boot-starter-test-1.4.3.RELEASE.jar
7fb8705f4000-7fb8705f5000 r--s 00000000 08:03 5923889                    /home/sharmila/.gradle/caches/modules-2/files-2.1/org.springframework.boot/spring-boot-starter-data-jpa/1.4.3.RELEASE/ffda06c2144d10239014407333c223a237b73ad7/spring-boot-starter-data-jpa-1.4.3.RELEASE.jar
7fb8705f5000-7fb8705f6000 r--s 00003000 08:03 5923431                    /home/sharmila/.gradle/caches/modules-2/files-2.1/org.hibernate/hibernate-gradle-plugin/5.2.3.Final/db2ad8695e48a03a566b74fb5fc07c1732c1f5e5/hibernate-gradle-plugin-5.2.3.Final.jar
7fb8705f6000-7fb8705f7000 r--s 00000000 08:03 5923565                    /home/sharmila/.gradle/caches/modules-2/files-2.1/org.springframework.boot/spring-boot-starter-web/1.4.3.RELEASE/a0dcc919eda8e8ecb6f13f52a30e6afbb8266103/spring-boot-starter-web-1.4.3.RELEASE.jar
7fb8705f7000-7fb87060a000 rw-p 00000000 00:00 0 
7fb87060a000-7fb870612000 rw-s 00000000 08:03 5917608                    /tmp/hsperfdata_sharmila/3854
7fb870612000-7fb870613000 rw-p 00000000 00:00 0 
7fb870613000-7fb870614000 r--p 00000000 00:00 0 
7fb870614000-7fb870616000 rw-p 00000000 00:00 0 
7fb870616000-7fb870617000 r--p 00022000 08:03 4070125                    /lib/x86_64-linux-gnu/ld-2.19.so
7fb870617000-7fb870618000 rw-p 00023000 08:03 4070125                    /lib/x86_64-linux-gnu/ld-2.19.so
7fb870618000-7fb870619000 rw-p 00000000 00:00 0 
7ffd9a844000-7ffd9a868000 rw-p 00000000 00:00 0                          [stack]
7ffd9a9e7000-7ffd9a9e9000 r-xp 00000000 00:00 0                          [vdso]
ffffffffff600000-ffffffffff601000 r-xp 00000000 00:00 0                  [vsyscall]

VM Arguments:
jvm_args: -ea -Dfile.encoding=UTF-8 
java_command: org.testng.remote.RemoteTestNG -serport 50373 -protocol json -d /home/sharmila/Documents/work-office/TestNG_Project/test-output /tmp/testng-eclipse--1007924272/testng-customsuite.xml
java_class_path (initial): /home/sharmila/Downloads/sts 3.6.4/sts-bundle/sts-3.6.4.RELEASE/plugins/org.testng.eclipse_6.10.0.201612030230/lib/testng-remote.jar:/home/sharmila/Documents/work-office/TestNG_Project/bin:/home/sharmila/.gradle/caches/modules-2/files-2.1/org.springframework.boot/spring-boot-starter-web/1.4.3.RELEASE/a0dcc919eda8e8ecb6f13f52a30e6afbb8266103/spring-boot-starter-web-1.4.3.RELEASE.jar:/home/sharmila/.gradle/caches/modules-2/files-2.1/org.apache.tomcat.embed/tomcat-embed-jasper/9.0.0.M11/e2cd5a7038094195c3163532e01daf051d9265fe/tomcat-embed-jasper-9.0.0.M11.jar:/home/sharmila/.gradle/caches/modules-2/files-2.1/org.xerial/sqlite-jdbc/3.7.2/7a3d67f00508d3881650579f7f228c61bfc1b196/sqlite-jdbc-3.7.2.jar:/home/sharmila/.gradle/caches/modules-2/files-2.1/org.hibernate/hibernate-gradle-plugin/5.2.3.Final/db2ad8695e48a03a566b74fb5fc07c1732c1f5e5/hibernate-gradle-plugin-5.2.3.Final.jar:/home/sharmila/.gradle/caches/modules-2/files-2.1/org.springframework.boot/spring-boot-starter-data-jpa/1.4.3.RELEASE/ffda06c2144d10239014407333c223a237b73ad7/spring-boot-starter-data-jpa-1.4.3.RELEASE.jar:/home/sharmila/.gradle/caches/modules-2/files-2.1/org.testng/testng/6.5.2/5069d2e72356ed87645c5fc3622b0bbb5e0667c9/testng-6.5.2.jar:/home/sharmila/.gradle/caches/modules-2/files-2.1/org.springframework.boot/spring-boot-starter-test/1.4.3.RELEASE/6e9f1dbd3f68299c0183630ef07ca430de160050/spring-boot-starter-test-1.4.3.RELEASE.jar:/home/sharmila/.gradle/caches/modules-2/files-2.1/org.springframework.boot/spring-boot-starter/1.4.3.RELEASE/c99bad104719e947b3f9aa2b7569583805e4c5d5/spring-boot-starter-1.4.3.RELEASE.jar:/home/sharmila/.gradle/caches/modules-2/files-2.1/org.springframework.boot/spring-boot-starter-tomcat/1.4.3.RELEASE/61c48035a7a3b06b42fdd07b7109e562077b3792/spring-boot-starter-tomcat-1.4.3.RELEASE.jar:/home/sharmila/.gradle/caches/modules-2/files-2.1/org.hibernate/hibernate-validator/5.2.4.Final/fb18766b576aa6632bcfe9a20a023cbd52bf9769/hibernate-validator-5
Launcher Type: SUN_STANDARD

Environment Variables:
JAVA_HOME=/usr/lib/jvm/java-8-oracle
PATH=/usr/local/sbin:/usr/local/bin:/usr/sbin:/usr/bin:/sbin:/bin:/usr/games:/usr/local/games:/usr/lib/jvm/java-8-oracle/bin:/usr/lib/jvm/java-8-oracle/db/bin:/usr/lib/jvm/java-8-oracle/jre/bin
SHELL=/bin/bash
DISPLAY=:0.0

Signal Handlers:
SIGSEGV: [libjvm.so+0xac78c0], sa_mask[0]=11111111011111111101111111111110, sa_flags=SA_RESTART|SA_SIGINFO
SIGBUS: [libjvm.so+0xac78c0], sa_mask[0]=11111111011111111101111111111110, sa_flags=SA_RESTART|SA_SIGINFO
SIGFPE: [libjvm.so+0x920ac0], sa_mask[0]=11111111011111111101111111111110, sa_flags=SA_RESTART|SA_SIGINFO
SIGPIPE: [libjvm.so+0x920ac0], sa_mask[0]=11111111011111111101111111111110, sa_flags=SA_RESTART|SA_SIGINFO
SIGXFSZ: [libjvm.so+0x920ac0], sa_mask[0]=11111111011111111101111111111110, sa_flags=SA_RESTART|SA_SIGINFO
SIGILL: [libjvm.so+0x920ac0], sa_mask[0]=11111111011111111101111111111110, sa_flags=SA_RESTART|SA_SIGINFO
SIGUSR1: SIG_DFL, sa_mask[0]=00000000000000000000000000000000, sa_flags=none
SIGUSR2: [libjvm.so+0x922300], sa_mask[0]=00100000000000000000000000000000, sa_flags=SA_RESTART|SA_SIGINFO
SIGHUP: [libjvm.so+0x923700], sa_mask[0]=11111111011111111101111111111110, sa_flags=SA_RESTART|SA_SIGINFO
SIGINT: [libjvm.so+0x923700], sa_mask[0]=11111111011111111101111111111110, sa_flags=SA_RESTART|SA_SIGINFO
SIGTERM: [libjvm.so+0x923700], sa_mask[0]=11111111011111111101111111111110, sa_flags=SA_RESTART|SA_SIGINFO
SIGQUIT: [libjvm.so+0x923700], sa_mask[0]=11111111011111111101111111111110, sa_flags=SA_RESTART|SA_SIGINFO


---------------  S Y S T E M  ---------------

OS:DISTRIB_ID=Ubuntu
DISTRIB_RELEASE=14.04
DISTRIB_CODENAME=trusty
DISTRIB_DESCRIPTION="Ubuntu 14.04.5 LTS"

uname:Linux 3.13.0-107-generic #154-Ubuntu SMP Tue Dec 20 09:57:27 UTC 2016 x86_64
libc:glibc 2.19 NPTL 2.19 
rlimit: STACK 8192k, CORE 0k, NPROC 30712, NOFILE 4096, AS infinity
load average:1.25 0.84 0.54

/proc/meminfo:
MemTotal:        3953548 kB
MemFree:          132052 kB
Buffers:           50952 kB
Cached:          1012728 kB
SwapCached:            0 kB
Active:          2565456 kB
Inactive:        1036376 kB
Active(anon):    2101832 kB
Inactive(anon):   665424 kB
Active(file):     463624 kB
Inactive(file):   370952 kB
Unevictable:         208 kB
Mlocked:             208 kB
SwapTotal:       7999484 kB
SwapFree:        7999456 kB
Dirty:               208 kB
Writeback:             0 kB
AnonPages:       2538496 kB
Mapped:           310180 kB
Shmem:            229200 kB
Slab:             100036 kB
SReclaimable:      62948 kB
SUnreclaim:        37088 kB
KernelStack:        5528 kB
PageTables:        46364 kB
NFS_Unstable:          0 kB
Bounce:                0 kB
WritebackTmp:          0 kB
CommitLimit:     9976256 kB
Committed_AS:    7270304 kB
VmallocTotal:   34359738367 kB
VmallocUsed:      400992 kB
VmallocChunk:   34359328252 kB
HardwareCorrupted:     0 kB
AnonHugePages:    991232 kB
HugePages_Total:       0
HugePages_Free:        0
HugePages_Rsvd:        0
HugePages_Surp:        0
Hugepagesize:       2048 kB
DirectMap4k:       86188 kB
DirectMap2M:     2965504 kB
DirectMap1G:     1048576 kB


CPU:total 4 (2 cores per cpu, 2 threads per core) family 6 model 69 stepping 1, cmov, cx8, fxsr, mmx, sse, sse2, sse3, ssse3, sse4.1, sse4.2, popcnt, avx, avx2, aes, clmul, erms, lzcnt, ht, tsc, tscinvbit, bmi1, bmi2

/proc/cpuinfo:
processor	: 0
vendor_id	: GenuineIntel
cpu family	: 6
model		: 69
model name	: Intel(R) Core(TM) i5-4200U CPU @ 1.60GHz
stepping	: 1
microcode	: 0x17
cpu MHz		: 1600.000
cache size	: 3072 KB
physical id	: 0
siblings	: 4
core id		: 0
cpu cores	: 2
apicid		: 0
initial apicid	: 0
fpu		: yes
fpu_exception	: yes
cpuid level	: 13
wp		: yes
flags		: fpu vme de pse tsc msr pae mce cx8 apic sep mtrr pge mca cmov pat pse36 clflush dts acpi mmx fxsr sse sse2 ss ht tm pbe syscall nx pdpe1gb rdtscp lm constant_tsc arch_perfmon pebs bts rep_good nopl xtopology nonstop_tsc aperfmperf eagerfpu pni pclmulqdq dtes64 monitor ds_cpl vmx est tm2 ssse3 fma cx16 xtpr pdcm pcid sse4_1 sse4_2 movbe popcnt tsc_deadline_timer aes xsave avx f16c rdrand lahf_lm abm ida arat epb xsaveopt pln pts dtherm tpr_shadow vnmi flexpriority ept vpid fsgsbase tsc_adjust bmi1 avx2 smep bmi2 erms invpcid
bogomips	: 4589.35
clflush size	: 64
cache_alignment	: 64
address sizes	: 39 bits physical, 48 bits virtual
power management:

processor	: 1
vendor_id	: GenuineIntel
cpu family	: 6
model		: 69
model name	: Intel(R) Core(TM) i5-4200U CPU @ 1.60GHz
stepping	: 1
microcode	: 0x17
cpu MHz		: 800.000
cache size	: 3072 KB
physical id	: 0
siblings	: 4
core id		: 0
cpu cores	: 2
apicid		: 1
initial apicid	: 1
fpu		: yes
fpu_exception	: yes
cpuid level	: 13
wp		: yes
flags		: fpu vme de pse tsc msr pae mce cx8 apic sep mtrr pge mca cmov pat pse36 clflush dts acpi mmx fxsr sse sse2 ss ht tm pbe syscall nx pdpe1gb rdtscp lm constant_tsc arch_perfmon pebs bts rep_good nopl xtopology nonstop_tsc aperfmperf eagerfpu pni pclmulqdq dtes64 monitor ds_cpl vmx est tm2 ssse3 fma cx16 xtpr pdcm pcid sse4_1 sse4_2 movbe popcnt tsc_deadline_timer aes xsave avx f16c rdrand lahf_lm abm ida arat epb xsaveopt pln pts dtherm tpr_shadow vnmi flexpriority ept vpid fsgsbase tsc_adjust bmi1 avx2 smep bmi2 erms invpcid
bogomips	: 4589.35
clflush size	: 64
cache_alignment	: 64
address sizes	: 39 bits physical, 48 bits virtual
power management:

processor	: 2
vendor_id	: GenuineIntel
cpu family	: 6
model		: 69
model name	: Intel(R) Core(TM) i5-4200U CPU @ 1.60GHz
stepping	: 1
microcode	: 0x17
cpu MHz		: 1600.000
cache size	: 3072 KB
physical id	: 0
siblings	: 4
core id		: 1
cpu cores	: 2
apicid		: 2
initial apicid	: 2
fpu		: yes
fpu_exception	: yes
cpuid level	: 13
wp		: yes
flags		: fpu vme de pse tsc msr pae mce cx8 apic sep mtrr pge mca cmov pat pse36 clflush dts acpi mmx fxsr sse sse2 ss ht tm pbe syscall nx pdpe1gb rdtscp lm constant_tsc arch_perfmon pebs bts rep_good nopl xtopology nonstop_tsc aperfmperf eagerfpu pni pclmulqdq dtes64 monitor ds_cpl vmx est tm2 ssse3 fma cx16 xtpr pdcm pcid sse4_1 sse4_2 movbe popcnt tsc_deadline_timer aes xsave avx f16c rdrand lahf_lm abm ida arat epb xsaveopt pln pts dtherm tpr_shadow vnmi flexpriority ept vpid fsgsbase tsc_adjust bmi1 avx2 smep bmi2 erms invpcid
bogomips	: 4589.35
clflush size	: 64
cache_alignment	: 64
address sizes	: 39 bits physical, 48 bits virtual
power management:

processor	: 3
vendor_id	: GenuineIntel
cpu family	: 6
model		: 69
model name	: Intel(R) Core(TM) i5-4200U CPU @ 1.60GHz
stepping	: 1
microcode	: 0x17
cpu MHz		: 1600.000
cache size	: 3072 KB
physical id	: 0
siblings	: 4
core id		: 1
cpu cores	: 2
apicid		: 3
initial apicid	: 3
fpu		: yes
fpu_exception	: yes
cpuid level	: 13
wp		: yes
flags		: fpu vme de pse tsc msr pae mce cx8 apic sep mtrr pge mca cmov pat pse36 clflush dts acpi mmx fxsr sse sse2 ss ht tm pbe syscall nx pdpe1gb rdtscp lm constant_tsc arch_perfmon pebs bts rep_good nopl xtopology nonstop_tsc aperfmperf eagerfpu pni pclmulqdq dtes64 monitor ds_cpl vmx est tm2 ssse3 fma cx16 xtpr pdcm pcid sse4_1 sse4_2 movbe popcnt tsc_deadline_timer aes xsave avx f16c rdrand lahf_lm abm ida arat epb xsaveopt pln pts dtherm tpr_shadow vnmi flexpriority ept vpid fsgsbase tsc_adjust bmi1 avx2 smep bmi2 erms invpcid
bogomips	: 4589.35
clflush size	: 64
cache_alignment	: 64
address sizes	: 39 bits physical, 48 bits virtual
power management:



Memory: 4k page, physical 3953548k(132052k free), swap 7999484k(7999456k free)

vm_info: Java HotSpot(TM) 64-Bit Server VM (25.121-b13) for linux-amd64 JRE (1.8.0_121-b13), built on Dec 12 2016 16:36:53 by "java_re" with gcc 4.3.0 20080428 (Red Hat 4.3.0-8)

time: Mon Jan 23 16:52:09 2017
elapsed time: 7 seconds (0d 0h 0m 7s)

