#
# A fatal error has been detected by the Java Runtime Environment:
#
#  SIGSEGV (0xb) at pc=0x00007f81b3eb0118, pid=4446, tid=0x00007f81b53b6700
#
# JRE version: Java(TM) SE Runtime Environment (8.0_121-b13) (build 1.8.0_121-b13)
# Java VM: Java HotSpot(TM) 64-Bit Server VM (25.121-b13 mixed mode linux-amd64 compressed oops)
# Problematic frame:
# V  [libjvm.so+0x6e2118]  jni_GetStringUTFChars+0xb8
#
# Failed to write core dump. Core dumps have been disabled. To enable core dumping, try "ulimit -c unlimited" before starting Java again
#
# If you would like to submit a bug report, please visit:
#   http://bugreport.java.com/bugreport/crash.jsp
#

---------------  T H R E A D  ---------------

Current thread (0x00007f81ac010000):  JavaThread "main" [_thread_in_vm, id=4447, stack(0x00007f81b52b6000,0x00007f81b53b7000)]

siginfo: si_signo: 11 (SIGSEGV), si_code: 1 (SEGV_MAPERR), si_addr: 0x0000000000000000

Registers:
RAX=0x00007f81b4785550, RBX=0x0000000000000000, RCX=0x000000076abcec68, RDX=0x00007f81b47939e0
RSP=0x00007f81b53b0d80, RBP=0x00007f81b53b0e20, RSI=0x00007f81ac010000, RDI=0x00007f81b53b0dc0
R8 =0x00007f819d012c80, R9 =0x000000076abcec68, R10=0x000000000000026e, R11=0x00007f81b47939e8
R12=0x00007f81ac010000, R13=0x0000000000000000, R14=0x00007f81b53b0ef8, R15=0x00007f81b53b0dc0
RIP=0x00007f81b3eb0118, EFLAGS=0x0000000000010246, CSGSFS=0x0000000000000033, ERR=0x0000000000000004
  TRAPNO=0x000000000000000e

Top of Stack: (sp=0x00007f81b53b0d80)
0x00007f81b53b0d80:   00007f81b53b0e48 0000000000000000
0x00007f81b53b0d90:   00007f819d10e2c0 00007f81b4795800
0x00007f81b53b0da0:   00007f81b53b1418 00007f819d012c80
0x00007f81b53b0db0:   000000077636bef8 0000000050200030
0x00007f81b53b0dc0:   00007f81ac010000 0000000000000000
0x00007f81b53b0dd0:   00007f819c800480 00007f819d0082bd
0x00007f81b53b0de0:   00007f81ac010000 000000077636bef8
0x00007f81b53b0df0:   00007f81b53b0e90 00007f819464e310
0x00007f81b53b0e00:   00007f81acc55d78 0000000000000000
0x00007f81b53b0e10:   00007f81b53b0ef8 00007f81ac010000
0x00007f81b53b0e20:   00007f81ac0101f8 00007f81942a12b0
0x00007f81b53b0e30:   00007f81b53b0e90 00007f819d0082bd
0x00007f81b53b0e40:   00007f819464e310 00007f81b53b0ed0
0x00007f81b53b0e50:   0000000000000000 00007f819464e308
0x00007f81b53b0e60:   00007f81b53b0ef8 00007f819d0184cf
0x00007f81b53b0e70:   0000000000000000 00007f819465dba8
0x00007f81b53b0e80:   0000000000000000 000000076abcec68
0x00007f81b53b0e90:   00007f81b53b0e80 0000000000000000
0x00007f81b53b0ea0:   00007f81b53b0ef8 00007f8194654c18
0x00007f81b53b0eb0:   0000000000000000 00007f819464e310
0x00007f81b53b0ec0:   0000000000000000 00007f81b53b0ef0
0x00007f81b53b0ed0:   00007f81b53b0f58 00007f819d007dd0
0x00007f81b53b0ee0:   0000000000000000 00007f819d011537
0x00007f81b53b0ef0:   0000000000000000 000000076abcec68
0x00007f81b53b0f00:   000000077636be98 000000077636bef8
0x00007f81b53b0f10:   000000076abcec68 00007f81b53b0f08
0x00007f81b53b0f20:   00007f8194651bd5 00007f81b53b0f70
0x00007f81b53b0f30:   00007f8194654468 0000000000000000
0x00007f81b53b0f40:   00007f8194651c20 00007f81b53b0ef0
0x00007f81b53b0f50:   00007f81b53b0f68 00007f81b53b0fb8
0x00007f81b53b0f60:   00007f819d0082bd 000000077636be98
0x00007f81b53b0f70:   000000076abcec68 00007f81b53b0f78 

Instructions: (pc=0x00007f81b3eb0118)
0x00007f81b3eb00f8:   84 24 70 02 00 00 06 00 00 00 4c 89 e6 4c 89 65
0x00007f81b3eb0108:   c0 4c 89 ff e8 1f 01 01 00 48 8b 05 18 d0 88 00
0x00007f81b3eb0118:   4c 8b 2b 8b 10 48 8b 05 44 fc 88 00 80 38 00 0f
0x00007f81b3eb0128:   84 2b 01 00 00 48 63 c2 41 8b 54 05 00 85 d2 0f 

Register to memory mapping:

RAX=0x00007f81b4785550: <offset 0xfb7550> in /usr/lib/jvm/java-8-oracle/jre/lib/amd64/server/libjvm.so at 0x00007f81b37ce000
RBX=0x0000000000000000 is an unknown value
RCX=0x000000076abcec68 is an oop
org.sqlite.NativeDB 
 - klass: 'org/sqlite/NativeDB'
RDX=0x00007f81b47939e0: <offset 0xfc59e0> in /usr/lib/jvm/java-8-oracle/jre/lib/amd64/server/libjvm.so at 0x00007f81b37ce000
RSP=0x00007f81b53b0d80 is pointing into the stack for thread: 0x00007f81ac010000
RBP=0x00007f81b53b0e20 is pointing into the stack for thread: 0x00007f81ac010000
RSI=0x00007f81ac010000 is a thread
RDI=0x00007f81b53b0dc0 is pointing into the stack for thread: 0x00007f81ac010000
R8 =0x00007f819d012c80 is at code_begin+0 in an Interpreter codelet
method entry point (kind = zerolocals)  [0x00007f819d012c80, 0x00007f819d013100]  1152 bytes
R9 =0x000000076abcec68 is an oop
org.sqlite.NativeDB 
 - klass: 'org/sqlite/NativeDB'
R10=0x000000000000026e is an unknown value
R11=0x00007f81b47939e8: <offset 0xfc59e8> in /usr/lib/jvm/java-8-oracle/jre/lib/amd64/server/libjvm.so at 0x00007f81b37ce000
R12=0x00007f81ac010000 is a thread
R13=0x0000000000000000 is an unknown value
R14=0x00007f81b53b0ef8 is pointing into the stack for thread: 0x00007f81ac010000
R15=0x00007f81b53b0dc0 is pointing into the stack for thread: 0x00007f81ac010000


Stack: [0x00007f81b52b6000,0x00007f81b53b7000],  sp=0x00007f81b53b0d80,  free space=1003k
Native frames: (J=compiled Java code, j=interpreted, Vv=VM code, C=native code)
V  [libjvm.so+0x6e2118]  jni_GetStringUTFChars+0xb8
C  [sqlite-3.7.2-libsqlitejdbc.so+0xd2b0]  Java_org_sqlite_NativeDB_prepare+0x2f

Java frames: (J=compiled Java code, j=interpreted, Vv=VM code)
j  org.sqlite.NativeDB.prepare(Ljava/lang/String;)J+0
j  org.sqlite.DB.prepare(Lorg/sqlite/Stmt;)V+21
j  org.sqlite.PrepStmt.<init>(Lorg/sqlite/Conn;Ljava/lang/String;)V+15
j  org.sqlite.Conn.prepareStatement(Ljava/lang/String;III)Ljava/sql/PreparedStatement;+14
j  org.sqlite.Conn.prepareStatement(Ljava/lang/String;II)Ljava/sql/PreparedStatement;+5
j  org.sqlite.Conn.prepareStatement(Ljava/lang/String;)Ljava/sql/PreparedStatement;+8
v  ~StubRoutines::call_stub
J 2334  sun.reflect.NativeMethodAccessorImpl.invoke0(Ljava/lang/reflect/Method;Ljava/lang/Object;[Ljava/lang/Object;)Ljava/lang/Object; (0 bytes) @ 0x00007f819d718e37 [0x00007f819d718dc0+0x77]
J 1278 C1 sun.reflect.NativeMethodAccessorImpl.invoke(Ljava/lang/Object;[Ljava/lang/Object;)Ljava/lang/Object; (104 bytes) @ 0x00007f819d473654 [0x00007f819d472480+0x11d4]
J 3501 C2 java.lang.reflect.Method.invoke(Ljava/lang/Object;[Ljava/lang/Object;)Ljava/lang/Object; (62 bytes) @ 0x00007f819d1bc914 [0x00007f819d1bc860+0xb4]
j  org.apache.tomcat.jdbc.pool.ProxyConnection.invoke(Ljava/lang/Object;Ljava/lang/reflect/Method;[Ljava/lang/Object;)Ljava/lang/Object;+237
j  org.apache.tomcat.jdbc.pool.JdbcInterceptor.invoke(Ljava/lang/Object;Ljava/lang/reflect/Method;[Ljava/lang/Object;)Ljava/lang/Object;+14
j  org.apache.tomcat.jdbc.pool.DisposableConnectionFacade.invoke(Ljava/lang/Object;Ljava/lang/reflect/Method;[Ljava/lang/Object;)Ljava/lang/Object;+93
j  com.sun.proxy.$Proxy83.prepareStatement(Ljava/lang/String;)Ljava/sql/PreparedStatement;+16
j  org.hibernate.engine.jdbc.internal.StatementPreparerImpl$1.doPrepare()Ljava/sql/PreparedStatement;+37
j  org.hibernate.engine.jdbc.internal.StatementPreparerImpl$StatementPreparationTemplate.prepareStatement()Ljava/sql/PreparedStatement;+45
j  org.hibernate.engine.jdbc.internal.StatementPreparerImpl.prepareStatement(Ljava/lang/String;)Ljava/sql/PreparedStatement;+6
j  org.hibernate.id.SequenceGenerator.generateHolder(Lorg/hibernate/engine/spi/SessionImplementor;)Lorg/hibernate/id/IntegralDataTypeHolder;+15
j  org.hibernate.id.SequenceHiLoGenerator$1.getNextValue()Lorg/hibernate/id/IntegralDataTypeHolder;+8
j  org.hibernate.id.enhanced.LegacyHiLoAlgorithmOptimizer.generate(Lorg/hibernate/id/enhanced/AccessCallback;)Ljava/io/Serializable;+25
j  org.hibernate.id.SequenceHiLoGenerator.generate(Lorg/hibernate/engine/spi/SessionImplementor;Ljava/lang/Object;)Ljava/io/Serializable;+53
j  org.hibernate.event.internal.AbstractSaveEventListener.saveWithGeneratedId(Ljava/lang/Object;Ljava/lang/String;Ljava/lang/Object;Lorg/hibernate/event/spi/EventSource;Z)Ljava/io/Serializable;+21
j  org.hibernate.jpa.event.internal.core.JpaPersistEventListener.saveWithGeneratedId(Ljava/lang/Object;Ljava/lang/String;Ljava/lang/Object;Lorg/hibernate/event/spi/EventSource;Z)Ljava/io/Serializable;+18
j  org.hibernate.event.internal.DefaultPersistEventListener.entityIsTransient(Lorg/hibernate/event/spi/PersistEvent;Ljava/util/Map;)V+55
j  org.hibernate.event.internal.DefaultPersistEventListener.onPersist(Lorg/hibernate/event/spi/PersistEvent;Ljava/util/Map;)V+324
j  org.hibernate.event.internal.DefaultPersistEventListener.onPersist(Lorg/hibernate/event/spi/PersistEvent;)V+11
j  org.hibernate.internal.SessionImpl.firePersist(Lorg/hibernate/event/spi/PersistEvent;)V+46
j  org.hibernate.internal.SessionImpl.persist(Ljava/lang/String;Ljava/lang/Object;)V+11
j  org.hibernate.internal.SessionImpl.persist(Ljava/lang/Object;)V+3
j  org.hibernate.jpa.spi.AbstractEntityManagerImpl.persist(Ljava/lang/Object;)V+9
v  ~StubRoutines::call_stub
J 2334  sun.reflect.NativeMethodAccessorImpl.invoke0(Ljava/lang/reflect/Method;Ljava/lang/Object;[Ljava/lang/Object;)Ljava/lang/Object; (0 bytes) @ 0x00007f819d718e37 [0x00007f819d718dc0+0x77]
J 1278 C1 sun.reflect.NativeMethodAccessorImpl.invoke(Ljava/lang/Object;[Ljava/lang/Object;)Ljava/lang/Object; (104 bytes) @ 0x00007f819d473654 [0x00007f819d472480+0x11d4]
J 3501 C2 java.lang.reflect.Method.invoke(Ljava/lang/Object;[Ljava/lang/Object;)Ljava/lang/Object; (62 bytes) @ 0x00007f819d1bc914 [0x00007f819d1bc860+0xb4]
j  org.springframework.orm.jpa.SharedEntityManagerCreator$SharedEntityManagerInvocationHandler.invoke(Ljava/lang/Object;Ljava/lang/reflect/Method;[Ljava/lang/Object;)Ljava/lang/Object;+495
j  com.sun.proxy.$Proxy92.persist(Ljava/lang/Object;)V+16
j  org.springframework.data.jpa.repository.support.SimpleJpaRepository.save(Ljava/lang/Object;)Ljava/lang/Object;+18
v  ~StubRoutines::call_stub
J 2334  sun.reflect.NativeMethodAccessorImpl.invoke0(Ljava/lang/reflect/Method;Ljava/lang/Object;[Ljava/lang/Object;)Ljava/lang/Object; (0 bytes) @ 0x00007f819d718e37 [0x00007f819d718dc0+0x77]
J 1278 C1 sun.reflect.NativeMethodAccessorImpl.invoke(Ljava/lang/Object;[Ljava/lang/Object;)Ljava/lang/Object; (104 bytes) @ 0x00007f819d473654 [0x00007f819d472480+0x11d4]
J 3501 C2 java.lang.reflect.Method.invoke(Ljava/lang/Object;[Ljava/lang/Object;)Ljava/lang/Object; (62 bytes) @ 0x00007f819d1bc914 [0x00007f819d1bc860+0xb4]
j  org.springframework.data.repository.core.support.RepositoryFactorySupport$QueryExecutorMethodInterceptor.executeMethodOn(Ljava/lang/Object;Ljava/lang/reflect/Method;[Ljava/lang/Object;)Ljava/lang/Object;+3
j  org.springframework.data.repository.core.support.RepositoryFactorySupport$QueryExecutorMethodInterceptor.doInvoke(Lorg/aopalliance/intercept/MethodInvocation;)Ljava/lang/Object;+94
j  org.springframework.data.repository.core.support.RepositoryFactorySupport$QueryExecutorMethodInterceptor.invoke(Lorg/aopalliance/intercept/MethodInvocation;)Ljava/lang/Object;+2
j  org.springframework.aop.framework.ReflectiveMethodInvocation.proceed()Ljava/lang/Object;+101
j  org.springframework.data.projection.DefaultMethodInvokingMethodInterceptor.invoke(Lorg/aopalliance/intercept/MethodInvocation;)Ljava/lang/Object;+15
j  org.springframework.aop.framework.ReflectiveMethodInvocation.proceed()Ljava/lang/Object;+101
j  org.springframework.transaction.interceptor.TransactionInterceptor$1.proceedWithInvocation()Ljava/lang/Object;+4
j  org.springframework.transaction.interceptor.TransactionAspectSupport.invokeWithinTransaction(Ljava/lang/reflect/Method;Ljava/lang/Class;Lorg/springframework/transaction/interceptor/TransactionAspectSupport$InvocationCallback;)Ljava/lang/Object;+60
j  org.springframework.transaction.interceptor.TransactionInterceptor.invoke(Lorg/aopalliance/intercept/MethodInvocation;)Ljava/lang/Object;+40
j  org.springframework.aop.framework.ReflectiveMethodInvocation.proceed()Ljava/lang/Object;+101
j  org.springframework.dao.support.PersistenceExceptionTranslationInterceptor.invoke(Lorg/aopalliance/intercept/MethodInvocation;)Ljava/lang/Object;+1
j  org.springframework.aop.framework.ReflectiveMethodInvocation.proceed()Ljava/lang/Object;+101
j  org.springframework.data.jpa.repository.support.CrudMethodMetadataPostProcessor$CrudMethodMetadataPopulatingMethodInterceptor.invoke(Lorg/aopalliance/intercept/MethodInvocation;)Ljava/lang/Object;+89
j  org.springframework.aop.framework.ReflectiveMethodInvocation.proceed()Ljava/lang/Object;+101
j  org.springframework.aop.interceptor.ExposeInvocationInterceptor.invoke(Lorg/aopalliance/intercept/MethodInvocation;)Ljava/lang/Object;+18
j  org.springframework.aop.framework.ReflectiveMethodInvocation.proceed()Ljava/lang/Object;+101
j  org.springframework.aop.framework.JdkDynamicAopProxy.invoke(Ljava/lang/Object;Ljava/lang/reflect/Method;[Ljava/lang/Object;)Ljava/lang/Object;+385
j  com.sun.proxy.$Proxy94.save(Ljava/lang/Object;)Ljava/lang/Object;+16
j  com.example.api.service.BookService.save(Lcom/example/entity/Book;)Lcom/example/entity/Book;+5
j  com.example.crudtest.CRUDTest.insertOperation()V+19
v  ~StubRoutines::call_stub
J 2334  sun.reflect.NativeMethodAccessorImpl.invoke0(Ljava/lang/reflect/Method;Ljava/lang/Object;[Ljava/lang/Object;)Ljava/lang/Object; (0 bytes) @ 0x00007f819d718e37 [0x00007f819d718dc0+0x77]
J 1278 C1 sun.reflect.NativeMethodAccessorImpl.invoke(Ljava/lang/Object;[Ljava/lang/Object;)Ljava/lang/Object; (104 bytes) @ 0x00007f819d473654 [0x00007f819d472480+0x11d4]
J 3501 C2 java.lang.reflect.Method.invoke(Ljava/lang/Object;[Ljava/lang/Object;)Ljava/lang/Object; (62 bytes) @ 0x00007f819d1bc914 [0x00007f819d1bc860+0xb4]
j  org.testng.internal.MethodInvocationHelper.invokeMethod(Ljava/lang/reflect/Method;Ljava/lang/Object;[Ljava/lang/Object;)Ljava/lang/Object;+242
j  org.testng.internal.MethodInvocationHelper$1.runTestMethod(Lorg/testng/ITestResult;)V+12
j  org.springframework.test.context.testng.AbstractTestNGSpringContextTests.run(Lorg/testng/IHookCallBack;Lorg/testng/ITestResult;)V+2
v  ~StubRoutines::call_stub
J 2334  sun.reflect.NativeMethodAccessorImpl.invoke0(Ljava/lang/reflect/Method;Ljava/lang/Object;[Ljava/lang/Object;)Ljava/lang/Object; (0 bytes) @ 0x00007f819d718e37 [0x00007f819d718dc0+0x77]
J 1278 C1 sun.reflect.NativeMethodAccessorImpl.invoke(Ljava/lang/Object;[Ljava/lang/Object;)Ljava/lang/Object; (104 bytes) @ 0x00007f819d473654 [0x00007f819d472480+0x11d4]
J 3501 C2 java.lang.reflect.Method.invoke(Ljava/lang/Object;[Ljava/lang/Object;)Ljava/lang/Object; (62 bytes) @ 0x00007f819d1bc914 [0x00007f819d1bc860+0xb4]
j  org.testng.internal.MethodInvocationHelper.invokeHookable(Ljava/lang/Object;[Ljava/lang/Object;Ljava/lang/Object;Ljava/lang/reflect/Method;Lorg/testng/internal/TestResult;)V+64
j  org.testng.internal.Invoker.invokeMethod([Ljava/lang/Object;ILorg/testng/ITestNGMethod;[Ljava/lang/Object;ILorg/testng/xml/XmlSuite;Ljava/util/Map;Lorg/testng/ITestClass;[Lorg/testng/ITestNGMethod;[Lorg/testng/ITestNGMethod;Lorg/testng/internal/ConfigurationGroupMethods;)Lorg/testng/ITestResult;+280
j  org.testng.internal.Invoker.invokeTestMethod([Ljava/lang/Object;Lorg/testng/ITestNGMethod;[Ljava/lang/Object;ILorg/testng/xml/XmlSuite;Ljava/util/Map;Lorg/testng/ITestClass;[Lorg/testng/ITestNGMethod;[Lorg/testng/ITestNGMethod;Lorg/testng/internal/ConfigurationGroupMethods;)Ljava/util/List;+46
j  org.testng.internal.Invoker.invokeTestMethods(Lorg/testng/ITestNGMethod;[Lorg/testng/ITestNGMethod;ILorg/testng/xml/XmlSuite;Ljava/util/Map;Lorg/testng/internal/ConfigurationGroupMethods;[Ljava/lang/Object;Lorg/testng/ITestContext;)Ljava/util/List;+705
j  org.testng.internal.TestMethodWorker.invokeTestMethods(Lorg/testng/ITestNGMethod;[Ljava/lang/Object;Lorg/testng/ITestContext;)V+32
j  org.testng.internal.TestMethodWorker.run()V+60
j  org.testng.TestRunner.privateRun(Lorg/testng/xml/XmlTest;)V+349
j  org.testng.TestRunner.run()V+26
j  org.testng.SuiteRunner.runTest(Lorg/testng/TestRunner;)V+1
j  org.testng.SuiteRunner.runSequentially()V+31
j  org.testng.SuiteRunner.privateRun()V+281
j  org.testng.SuiteRunner.run()V+6
j  org.testng.SuiteRunnerWorker.runSuite(Lorg/testng/internal/SuiteRunnerMap;Lorg/testng/xml/XmlSuite;)V+96
j  org.testng.SuiteRunnerWorker.run()V+12
j  org.testng.TestNG.runSuitesSequentially(Lorg/testng/xml/XmlSuite;Lorg/testng/internal/SuiteRunnerMap;ILjava/lang/String;)V+66
j  org.testng.TestNG.runSuitesLocally()Ljava/util/List;+117
j  org.testng.TestNG.run()V+77
j  org.testng.remote.AbstractRemoteTestNG.run()V+163
j  org.testng.remote.RemoteTestNG.initAndRun(Lorg/testng/remote/IRemoteTestNG;[Ljava/lang/String;Lorg/testng/CommandLineArgs;Lorg/testng/remote/RemoteArgs;)V+184
j  org.testng.remote.RemoteTestNG.main([Ljava/lang/String;)V+218
v  ~StubRoutines::call_stub

---------------  P R O C E S S  ---------------

Java Threads: ( => current thread )
  0x00007f81ad390800 JavaThread "http-nio-auto-1-49529-AsyncTimeout" daemon [_thread_blocked, id=4545, stack(0x00007f81474fb000,0x00007f81475fc000)]
  0x00007f81ad38f000 JavaThread "http-nio-auto-1-Acceptor-0" daemon [_thread_in_native, id=4544, stack(0x00007f81475fc000,0x00007f81476fd000)]
  0x00007f81acd3f000 JavaThread "http-nio-auto-1-ClientPoller-1" daemon [_thread_in_native, id=4543, stack(0x00007f81476fd000,0x00007f81477fe000)]
  0x00007f81acd3b000 JavaThread "http-nio-auto-1-ClientPoller-0" daemon [_thread_in_native, id=4542, stack(0x00007f81477fe000,0x00007f81478ff000)]
  0x00007f81acd7d800 JavaThread "NioBlockingSelector.BlockPoller-1" daemon [_thread_in_native, id=4541, stack(0x00007f81478ff000,0x00007f8147a00000)]
  0x00007f81ad1c7800 JavaThread "Tomcat JDBC Pool Cleaner[865113938:1485176283738]" daemon [_thread_blocked, id=4525, stack(0x00007f819451c000,0x00007f819461d000)]
  0x00007f81acaeb800 JavaThread "container-0" [_thread_blocked, id=4509, stack(0x00007f8194a1d000,0x00007f8194b1e000)]
  0x00007f81acaea800 JavaThread "ContainerBackgroundProcessor[StandardEngine[Tomcat]]" daemon [_thread_blocked, id=4508, stack(0x00007f8194b1e000,0x00007f8194c1f000)]
  0x00007f8150062000 JavaThread "localhost-startStop-1" daemon [_thread_blocked, id=4507, stack(0x00007f8194e1f000,0x00007f8194f20000)]
  0x00007f81acae9800 JavaThread "Tomcat-startStop-1" daemon [_thread_blocked, id=4506, stack(0x00007f8195e14000,0x00007f8195f15000)]
  0x00007f81ac4ba800 JavaThread "ReaderThread" [_thread_in_native, id=4495, stack(0x00007f8196722000,0x00007f8196823000)]
  0x00007f81ac0c7000 JavaThread "Service Thread" daemon [_thread_blocked, id=4463, stack(0x00007f8196d11000,0x00007f8196e12000)]
  0x00007f81ac0c4000 JavaThread "C1 CompilerThread2" daemon [_thread_blocked, id=4462, stack(0x00007f8196e12000,0x00007f8196f13000)]
  0x00007f81ac0c2000 JavaThread "C2 CompilerThread1" daemon [_thread_in_vm, id=4461, stack(0x00007f8196f13000,0x00007f8197014000)]
  0x00007f81ac0bf000 JavaThread "C2 CompilerThread0" daemon [_thread_in_native, id=4460, stack(0x00007f8197014000,0x00007f8197115000)]
  0x00007f81ac0be000 JavaThread "Signal Dispatcher" daemon [_thread_blocked, id=4459, stack(0x00007f8197115000,0x00007f8197216000)]
  0x00007f81ac08a000 JavaThread "Finalizer" daemon [_thread_blocked, id=4458, stack(0x00007f81978f9000,0x00007f81979fa000)]
  0x00007f81ac085800 JavaThread "Reference Handler" daemon [_thread_blocked, id=4457, stack(0x00007f81979fa000,0x00007f8197afb000)]
=>0x00007f81ac010000 JavaThread "main" [_thread_in_vm, id=4447, stack(0x00007f81b52b6000,0x00007f81b53b7000)]

Other Threads:
  0x00007f81ac07e000 VMThread [stack: 0x00007f8197afb000,0x00007f8197bfc000] [id=4456]
  0x00007f81ac0ca000 WatcherThread [stack: 0x00007f8196c10000,0x00007f8196d11000] [id=4464]

VM state:not at safepoint (normal execution)

VM Mutex/Monitor currently owned by a thread: None

Heap:
 PSYoungGen      total 305664K, used 190386K [0x000000076ab00000, 0x0000000789100000, 0x00000007c0000000)
  eden space 262144K, 72% used [0x000000076ab00000,0x00000007764ec8f8,0x000000077ab00000)
  from space 43520K, 0% used [0x000000077ab00000,0x000000077ab00000,0x000000077d580000)
  to   space 43520K, 0% used [0x0000000786680000,0x0000000786680000,0x0000000789100000)
 ParOldGen       total 719872K, used 22818K [0x00000006c0000000, 0x00000006ebf00000, 0x000000076ab00000)
  object space 719872K, 3% used [0x00000006c0000000,0x00000006c1648960,0x00000006ebf00000)
 Metaspace       used 45097K, capacity 45484K, committed 45824K, reserved 1089536K
  class space    used 5899K, capacity 6029K, committed 6144K, reserved 1048576K

Card table byte_map: [0x00007f81b186f000,0x00007f81b2070000] byte_map_base: 0x00007f81ae26f000

Marking Bits: (ParMarkBitMap*) 0x00007f81b4792c80
 Begin Bits: [0x00007f8180000000, 0x00007f8184000000)
 End Bits:   [0x00007f8184000000, 0x00007f8188000000)

Polling page: 0x00007f81b53dc000

CodeCache: size=245760Kb used=12622Kb max_used=12636Kb free=233137Kb
 bounds [0x00007f819d000000, 0x00007f819dc70000, 0x00007f81ac000000]
 total_blobs=4112 nmethods=3641 adapters=384
 compilation: enabled

Compilation events (10 events):
Event: 15.855 Thread 0x00007f81ac0c4000 4163       1       org.testng.shaded.com.google.gson.reflect.TypeToken::hashCode (5 bytes)
Event: 15.855 Thread 0x00007f81ac0c4000 nmethod 4163 0x00007f819dc30910 code [0x00007f819dc30a60, 0x00007f819dc30b70]
Event: 15.856 Thread 0x00007f81ac0c4000 4164       2       java.io.BufferedWriter::ensureOpen (18 bytes)
Event: 15.857 Thread 0x00007f81ac0c4000 nmethod 4164 0x00007f819dc2ffd0 code [0x00007f819dc30140, 0x00007f819dc30348]
Event: 15.869 Thread 0x00007f81ac0c4000 4165 % !   3       org.springframework.beans.factory.support.DefaultListableBeanFactory::doGetBeanNamesForType @ 20 (573 bytes)
Event: 15.880 Thread 0x00007f81ac0c4000 nmethod 4165% 0x00007f819dc5c950 code [0x00007f819dc5d0c0, 0x00007f819dc63aa8]
Event: 15.880 Thread 0x00007f81ac0c4000 4166       2       org.hibernate.service.internal.ConcurrentServiceBinding::hashKey (5 bytes)
Event: 15.881 Thread 0x00007f81ac0c4000 nmethod 4166 0x00007f819d157a90 code [0x00007f819d157c00, 0x00007f819d157d68]
Event: 15.886 Thread 0x00007f81ac0c2000 nmethod 4017 0x00007f819dc49310 code [0x00007f819dc49500, 0x00007f819dc4a438]
Event: 15.887 Thread 0x00007f81ac0c2000 3939       4       org.springframework.beans.factory.support.AbstractBeanFactory::isTypeMatch (417 bytes)

GC Heap History (10 events):
Event: 7.531 GC heap before
{Heap before GC invocations=1 (full 0):
 PSYoungGen      total 305664K, used 188891K [0x000000076ab00000, 0x0000000780000000, 0x00000007c0000000)
  eden space 262144K, 72% used [0x000000076ab00000,0x0000000776376c98,0x000000077ab00000)
  from space 43520K, 0% used [0x000000077d580000,0x000000077d580000,0x0000000780000000)
  to   space 43520K, 0% used [0x000000077ab00000,0x000000077ab00000,0x000000077d580000)
 ParOldGen       total 699392K, used 0K [0x00000006c0000000, 0x00000006eab00000, 0x000000076ab00000)
  object space 699392K, 0% used [0x00000006c0000000,0x00000006c0000000,0x00000006eab00000)
 Metaspace       used 20970K, capacity 21152K, committed 21296K, reserved 1069056K
  class space    used 2557K, capacity 2608K, committed 2688K, reserved 1048576K
Event: 7.555 GC heap after
Heap after GC invocations=1 (full 0):
 PSYoungGen      total 305664K, used 21047K [0x000000076ab00000, 0x0000000780000000, 0x00000007c0000000)
  eden space 262144K, 0% used [0x000000076ab00000,0x000000076ab00000,0x000000077ab00000)
  from space 43520K, 48% used [0x000000077ab00000,0x000000077bf8dd00,0x000000077d580000)
  to   space 43520K, 0% used [0x000000077d580000,0x000000077d580000,0x0000000780000000)
 ParOldGen       total 699392K, used 88K [0x00000006c0000000, 0x00000006eab00000, 0x000000076ab00000)
  object space 699392K, 0% used [0x00000006c0000000,0x00000006c0016010,0x00000006eab00000)
 Metaspace       used 20970K, capacity 21152K, committed 21296K, reserved 1069056K
  class space    used 2557K, capacity 2608K, committed 2688K, reserved 1048576K
}
Event: 7.555 GC heap before
{Heap before GC invocations=2 (full 1):
 PSYoungGen      total 305664K, used 21047K [0x000000076ab00000, 0x0000000780000000, 0x00000007c0000000)
  eden space 262144K, 0% used [0x000000076ab00000,0x000000076ab00000,0x000000077ab00000)
  from space 43520K, 48% used [0x000000077ab00000,0x000000077bf8dd00,0x000000077d580000)
  to   space 43520K, 0% used [0x000000077d580000,0x000000077d580000,0x0000000780000000)
 ParOldGen       total 699392K, used 88K [0x00000006c0000000, 0x00000006eab00000, 0x000000076ab00000)
  object space 699392K, 0% used [0x00000006c0000000,0x00000006c0016010,0x00000006eab00000)
 Metaspace       used 20970K, capacity 21152K, committed 21296K, reserved 1069056K
  class space    used 2557K, capacity 2608K, committed 2688K, reserved 1048576K
Event: 7.610 GC heap after
Heap after GC invocations=2 (full 1):
 PSYoungGen      total 305664K, used 0K [0x000000076ab00000, 0x0000000780000000, 0x00000007c0000000)
  eden space 262144K, 0% used [0x000000076ab00000,0x000000076ab00000,0x000000077ab00000)
  from space 43520K, 0% used [0x000000077ab00000,0x000000077ab00000,0x000000077d580000)
  to   space 43520K, 0% used [0x000000077d580000,0x000000077d580000,0x0000000780000000)
 ParOldGen       total 699392K, used 20245K [0x00000006c0000000, 0x00000006eab00000, 0x000000076ab00000)
  object space 699392K, 2% used [0x00000006c0000000,0x00000006c13c57e0,0x00000006eab00000)
 Metaspace       used 20970K, capacity 21152K, committed 21296K, reserved 1069056K
  class space    used 2557K, capacity 2608K, committed 2688K, reserved 1048576K
}
Event: 10.591 GC heap before
{Heap before GC invocations=3 (full 1):
 PSYoungGen      total 305664K, used 262144K [0x000000076ab00000, 0x0000000780000000, 0x00000007c0000000)
  eden space 262144K, 100% used [0x000000076ab00000,0x000000077ab00000,0x000000077ab00000)
  from space 43520K, 0% used [0x000000077ab00000,0x000000077ab00000,0x000000077d580000)
  to   space 43520K, 0% used [0x000000077d580000,0x000000077d580000,0x0000000780000000)
 ParOldGen       total 699392K, used 20245K [0x00000006c0000000, 0x00000006eab00000, 0x000000076ab00000)
  object space 699392K, 2% used [0x00000006c0000000,0x00000006c13c57e0,0x00000006eab00000)
 Metaspace       used 30400K, capacity 30710K, committed 31104K, reserved 1077248K
  class space    used 3768K, capacity 3860K, committed 3968K, reserved 1048576K
Event: 10.614 GC heap after
Heap after GC invocations=3 (full 1):
 PSYoungGen      total 305664K, used 17338K [0x000000076ab00000, 0x0000000786c80000, 0x00000007c0000000)
  eden space 262144K, 0% used [0x000000076ab00000,0x000000076ab00000,0x000000077ab00000)
  from space 43520K, 39% used [0x000000077d580000,0x000000077e66eb20,0x0000000780000000)
  to   space 43520K, 0% used [0x000000077ab00000,0x000000077ab00000,0x000000077d580000)
 ParOldGen       total 699392K, used 20253K [0x00000006c0000000, 0x00000006eab00000, 0x000000076ab00000)
  object space 699392K, 2% used [0x00000006c0000000,0x00000006c13c77e0,0x00000006eab00000)
 Metaspace       used 30400K, capacity 30710K, committed 31104K, reserved 1077248K
  class space    used 3768K, capacity 3860K, committed 3968K, reserved 1048576K
}
Event: 12.018 GC heap before
{Heap before GC invocations=4 (full 1):
 PSYoungGen      total 305664K, used 120838K [0x000000076ab00000, 0x0000000786c80000, 0x00000007c0000000)
  eden space 262144K, 39% used [0x000000076ab00000,0x0000000771012e30,0x000000077ab00000)
  from space 43520K, 39% used [0x000000077d580000,0x000000077e66eb20,0x0000000780000000)
  to   space 43520K, 0% used [0x000000077ab00000,0x000000077ab00000,0x000000077d580000)
 ParOldGen       total 699392K, used 20253K [0x00000006c0000000, 0x00000006eab00000, 0x000000076ab00000)
  object space 699392K, 2% used [0x00000006c0000000,0x00000006c13c77e0,0x00000006eab00000)
 Metaspace       used 35048K, capacity 35350K, committed 35496K, reserved 1081344K
  class space    used 4496K, capacity 4580K, committed 4608K, reserved 1048576K
Event: 12.044 GC heap after
Heap after GC invocations=4 (full 1):
 PSYoungGen      total 305664K, used 13510K [0x000000076ab00000, 0x0000000789100000, 0x00000007c0000000)
  eden space 262144K, 0% used [0x000000076ab00000,0x000000076ab00000,0x000000077ab00000)
  from space 43520K, 31% used [0x000000077ab00000,0x000000077b831860,0x000000077d580000)
  to   space 43520K, 0% used [0x0000000786680000,0x0000000786680000,0x0000000789100000)
 ParOldGen       total 699392K, used 20261K [0x00000006c0000000, 0x00000006eab00000, 0x000000076ab00000)
  object space 699392K, 2% used [0x00000006c0000000,0x00000006c13c97e0,0x00000006eab00000)
 Metaspace       used 35048K, capacity 35350K, committed 35496K, reserved 1081344K
  class space    used 4496K, capacity 4580K, committed 4608K, reserved 1048576K
}
Event: 12.044 GC heap before
{Heap before GC invocations=5 (full 2):
 PSYoungGen      total 305664K, used 13510K [0x000000076ab00000, 0x0000000789100000, 0x00000007c0000000)
  eden space 262144K, 0% used [0x000000076ab00000,0x000000076ab00000,0x000000077ab00000)
  from space 43520K, 31% used [0x000000077ab00000,0x000000077b831860,0x000000077d580000)
  to   space 43520K, 0% used [0x0000000786680000,0x0000000786680000,0x0000000789100000)
 ParOldGen       total 699392K, used 20261K [0x00000006c0000000, 0x00000006eab00000, 0x000000076ab00000)
  object space 699392K, 2% used [0x00000006c0000000,0x00000006c13c97e0,0x00000006eab00000)
 Metaspace       used 35048K, capacity 35350K, committed 35496K, reserved 1081344K
  class space    used 4496K, capacity 4580K, committed 4608K, reserved 1048576K
Event: 12.120 GC heap after
Heap after GC invocations=5 (full 2):
 PSYoungGen      total 305664K, used 0K [0x000000076ab00000, 0x0000000789100000, 0x00000007c0000000)
  eden space 262144K, 0% used [0x000000076ab00000,0x000000076ab00000,0x000000077ab00000)
  from space 43520K, 0% used [0x000000077ab00000,0x000000077ab00000,0x000000077d580000)
  to   space 43520K, 0% used [0x0000000786680000,0x0000000786680000,0x0000000789100000)
 ParOldGen       total 719872K, used 22818K [0x00000006c0000000, 0x00000006ebf00000, 0x000000076ab00000)
  object space 719872K, 3% used [0x00000006c0000000,0x00000006c1648960,0x00000006ebf00000)
 Metaspace       used 35048K, capacity 35350K, committed 35496K, reserved 1081344K
  class space    used 4496K, capacity 4580K, committed 4608K, reserved 1048576K
}

Deoptimization events (10 events):
Event: 14.056 Thread 0x00007f81ac010000 Uncommon trap: reason=bimorphic action=maybe_recompile pc=0x00007f819d4db1d8 method=java.util.AbstractCollection.isEmpty()Z @ 1
Event: 14.058 Thread 0x00007f81ac010000 Uncommon trap: reason=bimorphic action=maybe_recompile pc=0x00007f819d4db1d8 method=java.util.AbstractCollection.isEmpty()Z @ 1
Event: 14.099 Thread 0x00007f81ac010000 Uncommon trap: reason=bimorphic action=maybe_recompile pc=0x00007f819d4db1d8 method=java.util.AbstractCollection.isEmpty()Z @ 1
Event: 14.107 Thread 0x00007f81ac010000 Uncommon trap: reason=bimorphic action=maybe_recompile pc=0x00007f819d4db1d8 method=java.util.AbstractCollection.isEmpty()Z @ 1
Event: 14.155 Thread 0x00007f81ac010000 Uncommon trap: reason=null_check action=make_not_entrant pc=0x00007f819d8d3c38 method=org.springframework.util.ClassUtils.isAssignable(Ljava/lang/Class;Ljava/lang/Class;)Z @ 14
Event: 14.522 Thread 0x00007f81ac010000 Uncommon trap: reason=unloaded action=reinterpret pc=0x00007f819d55d6cc method=java.util.regex.Pattern.compile()V @ 352
Event: 14.557 Thread 0x00007f81ac010000 Uncommon trap: reason=bimorphic action=maybe_recompile pc=0x00007f819d9a3f54 method=java.util.regex.Pattern$Curly.match(Ljava/util/regex/Matcher;ILjava/lang/CharSequence;)Z @ 19
Event: 14.601 Thread 0x00007f81ac010000 Uncommon trap: reason=unstable_if action=reinterpret pc=0x00007f819da28aa0 method=java.util.concurrent.ConcurrentHashMap.transfer([Ljava/util/concurrent/ConcurrentHashMap$Node;[Ljava/util/concurrent/ConcurrentHashMap$Node;)V @ 356
Event: 14.605 Thread 0x00007f81ac010000 Uncommon trap: reason=unstable_if action=reinterpret pc=0x00007f819d9f2370 method=java.util.concurrent.ConcurrentHashMap.transfer([Ljava/util/concurrent/ConcurrentHashMap$Node;[Ljava/util/concurrent/ConcurrentHashMap$Node;)V @ 356
Event: 15.736 Thread 0x00007f81ac010000 Uncommon trap: reason=unstable_if action=reinterpret pc=0x00007f819daff4f4 method=org.springframework.util.ConcurrentReferenceHashMap$Segment.clear()V @ 4

Internal exceptions (10 events):
Event: 15.483 Thread 0x00007f81ac010000 Exception <a 'java/lang/ClassNotFoundException': org/springframework/boot/autoconfigure/web/WebClientAutoConfigurationCustomizer> (0x0000000774efcac8) thrown at [/HUDSON3/workspace/8-2-build-linux-amd64/jdk8u121/8372/hotspot/src/share/vm/classfile/systemD
Event: 15.483 Thread 0x00007f81ac010000 Exception <a 'java/lang/ClassNotFoundException': org/springframework/boot/autoconfigure/web/WebClientAutoConfiguration$$EnhancerBySpringCGLIB$$52d5929eCustomizer> (0x0000000774f203c0) thrown at [/HUDSON3/workspace/8-2-build-linux-amd64/jdk8u121/8372/hotsp
Event: 15.484 Thread 0x00007f81ac010000 Exception <a 'java/lang/ClassNotFoundException': org/springframework/context/annotation/ConfigurationClassEnhancer$EnhancedConfigurationCustomizer> (0x0000000774f446f8) thrown at [/HUDSON3/workspace/8-2-build-linux-amd64/jdk8u121/8372/hotspot/src/share/vm
Event: 15.836 Thread 0x00007f81ac010000 Exception <a 'java/lang/ClassNotFoundException': java/lang/ObjectCustomizer> (0x00000007761124d8) thrown at [/HUDSON3/workspace/8-2-build-linux-amd64/jdk8u121/8372/hotspot/src/share/vm/classfile/systemDictionary.cpp, line 210]
Event: 15.837 Thread 0x00007f81ac010000 Exception <a 'java/lang/ClassNotFoundException': org/springframework/test/context/testng/AbstractTestNGSpringContextTestsCustomizer> (0x0000000776130220) thrown at [/HUDSON3/workspace/8-2-build-linux-amd64/jdk8u121/8372/hotspot/src/share/vm/classfile/syst
Event: 15.837 Thread 0x00007f81ac010000 Exception <a 'java/lang/ClassNotFoundException': com/example/crudtest/CRUDTestCustomizer> (0x0000000776142de8) thrown at [/HUDSON3/workspace/8-2-build-linux-amd64/jdk8u121/8372/hotspot/src/share/vm/classfile/systemDictionary.cpp, line 210]
Event: 15.838 Thread 0x00007f81ac010000 Exception <a 'java/lang/ClassNotFoundException': org/testng/IHookableCustomizer> (0x0000000776153810) thrown at [/HUDSON3/workspace/8-2-build-linux-amd64/jdk8u121/8372/hotspot/src/share/vm/classfile/systemDictionary.cpp, line 210]
Event: 15.840 Thread 0x00007f81ac010000 Exception <a 'java/lang/ClassNotFoundException': org/springframework/context/ApplicationContextAwareCustomizer> (0x00000007761699b0) thrown at [/HUDSON3/workspace/8-2-build-linux-amd64/jdk8u121/8372/hotspot/src/share/vm/classfile/systemDictionary.cpp, lin
Event: 15.883 Thread 0x00007f81ac010000 Exception <a 'java/lang/ClassNotFoundException': java/lang/ObjectCustomizer> (0x00000007762f2fe0) thrown at [/HUDSON3/workspace/8-2-build-linux-amd64/jdk8u121/8372/hotspot/src/share/vm/classfile/systemDictionary.cpp, line 210]
Event: 15.884 Thread 0x00007f81ac010000 Exception <a 'java/lang/ClassNotFoundException': com/example/entity/BookCustomizer> (0x0000000776305970) thrown at [/HUDSON3/workspace/8-2-build-linux-amd64/jdk8u121/8372/hotspot/src/share/vm/classfile/systemDictionary.cpp, line 210]

Events (10 events):
Event: 15.890 loading class org/hibernate/engine/jdbc/internal/FormatStyle
Event: 15.890 loading class org/hibernate/engine/jdbc/internal/FormatStyle done
Event: 15.891 loading class org/hibernate/engine/jdbc/internal/Formatter
Event: 15.891 loading class org/hibernate/engine/jdbc/internal/Formatter done
Event: 15.891 loading class org/hibernate/engine/jdbc/internal/BasicFormatterImpl
Event: 15.891 loading class org/hibernate/engine/jdbc/internal/BasicFormatterImpl done
Event: 15.892 loading class org/hibernate/engine/jdbc/internal/DDLFormatterImpl
Event: 15.892 loading class org/hibernate/engine/jdbc/internal/DDLFormatterImpl done
Event: 15.892 loading class org/hibernate/engine/jdbc/internal/FormatStyle$NoFormatImpl
Event: 15.892 loading class org/hibernate/engine/jdbc/internal/FormatStyle$NoFormatImpl done


Dynamic libraries:
00400000-00401000 r-xp 00000000 08:03 3554757                            /usr/lib/jvm/java-8-oracle/bin/java
00600000-00601000 rw-p 00000000 08:03 3554757                            /usr/lib/jvm/java-8-oracle/bin/java
00c75000-00c96000 rw-p 00000000 00:00 0                                  [heap]
6c0000000-6ebf00000 rw-p 00000000 00:00 0 
6ebf00000-76ab00000 ---p 00000000 00:00 0 
76ab00000-789100000 rw-p 00000000 00:00 0 
789100000-7c0000000 ---p 00000000 00:00 0 
7c0000000-7c0600000 rw-p 00000000 00:00 0 
7c0600000-800000000 ---p 00000000 00:00 0 
7f812c000000-7f812c021000 rw-p 00000000 00:00 0 
7f812c021000-7f8130000000 ---p 00000000 00:00 0 
7f8130000000-7f8130021000 rw-p 00000000 00:00 0 
7f8130021000-7f8134000000 ---p 00000000 00:00 0 
7f8134000000-7f8134021000 rw-p 00000000 00:00 0 
7f8134021000-7f8138000000 ---p 00000000 00:00 0 
7f8138000000-7f8138021000 rw-p 00000000 00:00 0 
7f8138021000-7f813c000000 ---p 00000000 00:00 0 
7f813c000000-7f813c021000 rw-p 00000000 00:00 0 
7f813c021000-7f8140000000 ---p 00000000 00:00 0 
7f8140000000-7f8140021000 rw-p 00000000 00:00 0 
7f8140021000-7f8144000000 ---p 00000000 00:00 0 
7f81474fb000-7f81474fe000 ---p 00000000 00:00 0 
7f81474fe000-7f81475fc000 rw-p 00000000 00:00 0                          [stack:4545]
7f81475fc000-7f81475ff000 ---p 00000000 00:00 0 
7f81475ff000-7f81476fd000 rw-p 00000000 00:00 0                          [stack:4544]
7f81476fd000-7f8147700000 ---p 00000000 00:00 0 
7f8147700000-7f81477fe000 rw-p 00000000 00:00 0                          [stack:4543]
7f81477fe000-7f8147801000 ---p 00000000 00:00 0 
7f8147801000-7f81478ff000 rw-p 00000000 00:00 0                          [stack:4542]
7f81478ff000-7f8147902000 ---p 00000000 00:00 0 
7f8147902000-7f8147ac0000 rw-p 00000000 00:00 0                          [stack:4541]
7f8147ac0000-7f8147c00000 ---p 00000000 00:00 0 
7f8147c00000-7f8147e00000 rw-p 00000000 00:00 0 
7f8147e00000-7f8148000000 rw-p 00000000 00:00 0 
7f8148000000-7f8148021000 rw-p 00000000 00:00 0 
7f8148021000-7f814c000000 ---p 00000000 00:00 0 
7f814c000000-7f814c021000 rw-p 00000000 00:00 0 
7f814c021000-7f8150000000 ---p 00000000 00:00 0 
7f8150000000-7f81501e0000 rw-p 00000000 00:00 0 
7f81501e0000-7f8154000000 ---p 00000000 00:00 0 
7f8154000000-7f8154415000 rw-p 00000000 00:00 0 
7f8154415000-7f8158000000 ---p 00000000 00:00 0 
7f8158000000-7f8158021000 rw-p 00000000 00:00 0 
7f8158021000-7f815c000000 ---p 00000000 00:00 0 
7f815c000000-7f815c021000 rw-p 00000000 00:00 0 
7f815c021000-7f8160000000 ---p 00000000 00:00 0 
7f8160000000-7f81610cd000 rw-p 00000000 00:00 0 
7f81610cd000-7f8164000000 ---p 00000000 00:00 0 
7f8164000000-7f8164021000 rw-p 00000000 00:00 0 
7f8164021000-7f8168000000 ---p 00000000 00:00 0 
7f8168000000-7f8169e2b000 rw-p 00000000 00:00 0 
7f8169e2b000-7f816c000000 ---p 00000000 00:00 0 
7f816c000000-7f816dde9000 rw-p 00000000 00:00 0 
7f816dde9000-7f8170000000 ---p 00000000 00:00 0 
7f8170000000-7f8170021000 rw-p 00000000 00:00 0 
7f8170021000-7f8174000000 ---p 00000000 00:00 0 
7f8174000000-7f8174021000 rw-p 00000000 00:00 0 
7f8174021000-7f8178000000 ---p 00000000 00:00 0 
7f8178000000-7f81780db000 rw-p 00000000 00:00 0 
7f81780db000-7f817c000000 ---p 00000000 00:00 0 
7f817c000000-7f817c021000 rw-p 00000000 00:00 0 
7f817c021000-7f8180000000 ---p 00000000 00:00 0 
7f8180000000-7f8188000000 rw-p 00000000 00:00 0 
7f8188000000-7f8188021000 rw-p 00000000 00:00 0 
7f8188021000-7f818c000000 ---p 00000000 00:00 0 
7f818c000000-7f818c021000 rw-p 00000000 00:00 0 
7f818c021000-7f8190000000 ---p 00000000 00:00 0 
7f8190000000-7f8190021000 rw-p 00000000 00:00 0 
7f8190021000-7f8194000000 ---p 00000000 00:00 0 
7f8194094000-7f8194294000 rw-p 00000000 00:00 0 
7f8194294000-7f8194318000 r-xp 00000000 08:03 5917606                    /tmp/sqlite-3.7.2-libsqlitejdbc.so
7f8194318000-7f8194518000 ---p 00084000 08:03 5917606                    /tmp/sqlite-3.7.2-libsqlitejdbc.so
7f8194518000-7f8194519000 r--p 00084000 08:03 5917606                    /tmp/sqlite-3.7.2-libsqlitejdbc.so
7f8194519000-7f819451c000 rw-p 00085000 08:03 5917606                    /tmp/sqlite-3.7.2-libsqlitejdbc.so
7f819451c000-7f819451f000 ---p 00000000 00:00 0 
7f819451f000-7f819481d000 rw-p 00000000 00:00 0                          [stack:4525]
7f819481d000-7f8194a1d000 rw-p 00000000 00:00 0 
7f8194a1d000-7f8194a20000 ---p 00000000 00:00 0 
7f8194a20000-7f8194b1e000 rw-p 00000000 00:00 0                          [stack:4509]
7f8194b1e000-7f8194b21000 ---p 00000000 00:00 0 
7f8194b21000-7f8194e1f000 rw-p 00000000 00:00 0                          [stack:4508]
7f8194e1f000-7f8194e22000 ---p 00000000 00:00 0 
7f8194e22000-7f8195120000 rw-p 00000000 00:00 0                          [stack:4507]
7f8195155000-7f8195356000 rw-p 00000000 00:00 0 
7f8195356000-7f8195369000 r--s 00345000 08:03 3569668                    /usr/lib/jvm/java-8-oracle/jre/lib/resources.jar
7f8195369000-7f8195569000 rw-p 00000000 00:00 0 
7f8195569000-7f81955fe000 r--s 01109000 08:03 3569596                    /usr/lib/jvm/java-8-oracle/jre/lib/ext/jfxrt.jar
7f81955fe000-7f81957fe000 rw-p 00000000 00:00 0 
7f81957fe000-7f819580f000 r-xp 00000000 08:03 4870868                    /usr/lib/jvm/java-8-oracle/jre/lib/amd64/libnio.so
7f819580f000-7f8195a0e000 ---p 00011000 08:03 4870868                    /usr/lib/jvm/java-8-oracle/jre/lib/amd64/libnio.so
7f8195a0e000-7f8195a0f000 rw-p 00010000 08:03 4870868                    /usr/lib/jvm/java-8-oracle/jre/lib/amd64/libnio.so
7f8195a0f000-7f8195c0f000 rw-p 00000000 00:00 0 
7f8195c0f000-7f8195c14000 r--s 002f9000 08:03 3569547                    /usr/lib/jvm/java-8-oracle/jre/lib/charsets.jar
7f8195c14000-7f8195e14000 rw-p 00000000 00:00 0 
7f8195e14000-7f8195e17000 ---p 00000000 00:00 0 
7f8195e17000-7f8195f15000 rw-p 00000000 00:00 0                          [stack:4506]
7f8195f15000-7f8195f1e000 r-xp 00000000 08:03 4870832                    /usr/lib/jvm/java-8-oracle/jre/lib/amd64/libmanagement.so
7f8195f1e000-7f819611d000 ---p 00009000 08:03 4870832                    /usr/lib/jvm/java-8-oracle/jre/lib/amd64/libmanagement.so
7f819611d000-7f819611e000 rw-p 00008000 08:03 4870832                    /usr/lib/jvm/java-8-oracle/jre/lib/amd64/libmanagement.so
7f819611e000-7f819631e000 rw-p 00000000 00:00 0 
7f819631e000-7f819651e000 rw-p 00000000 00:00 0 
7f819651e000-7f819671e000 rw-p 00000000 00:00 0 
7f819671e000-7f8196722000 r--s 0009a000 08:03 3569602                    /usr/lib/jvm/java-8-oracle/jre/lib/jsse.jar
7f8196722000-7f8196725000 ---p 00000000 00:00 0 
7f8196725000-7f8196823000 rw-p 00000000 00:00 0                          [stack:4495]
7f8196823000-7f8196839000 r-xp 00000000 08:03 4870893                    /usr/lib/jvm/java-8-oracle/jre/lib/amd64/libnet.so
7f8196839000-7f8196a39000 ---p 00016000 08:03 4870893                    /usr/lib/jvm/java-8-oracle/jre/lib/amd64/libnet.so
7f8196a39000-7f8196a3a000 rw-p 00016000 08:03 4870893                    /usr/lib/jvm/java-8-oracle/jre/lib/amd64/libnet.so
7f8196a3a000-7f8196a3b000 r--s 0000c000 08:03 5916924                    /home/sharmila/.gradle/caches/modules-2/files-2.1/org.ow2.asm/asm/5.0.3/dcc2193db20e19e1feca8b1240dbbc4e190824fa/asm-5.0.3.jar
7f8196a3b000-7f8196a45000 r--s 00069000 08:03 5923589                    /home/sharmila/.gradle/caches/modules-2/files-2.1/ch.qos.logback/logback-core/1.1.8/b4d1c3dea91727faf8b3d19cf4b9b972d6c0b89/logback-core-1.1.8.jar
7f8196a45000-7f8196a47000 r--s 00012000 08:03 5916922                    /home/sharmila/.gradle/caches/modules-2/files-2.1/net.minidev/accessors-smart/1.1/a527213f2fea112a04c9bdf0ec0264e34104cd08/accessors-smart-1.1.jar
7f8196a47000-7f8196a49000 r--s 00009000 08:03 5923902                    /home/sharmila/.gradle/caches/modules-2/files-2.1/org.apache.tomcat/tomcat-juli/8.5.6/83d2d1e3362ecca504f3bf8ed1bc4cc451754d24/tomcat-juli-8.5.6.jar
7f8196a49000-7f8196a52000 r--s 0002d000 08:03 5923903                    /home/sharmila/.gradle/caches/modules-2/files-2.1/xml-apis/xml-apis/1.4.01/3789d9fada2d3d458c4ba2de349d48780f381ee3/xml-apis-1.4.01.jar
7f8196a52000-7f8196a54000 r--s 00004000 08:03 5923588                    /home/sharmila/.gradle/caches/modules-2/files-2.1/org.slf4j/log4j-over-slf4j/1.7.22/a527c37e9ca6c3d19ba298edd4aa344ca751a203/log4j-over-slf4j-1.7.22.jar
7f8196a54000-7f8196a56000 r--s 00000000 08:03 5923587                    /home/sharmila/.gradle/caches/modules-2/files-2.1/org.slf4j/jul-to-slf4j/1.7.22/b0429e950b3d2bc2c39c1bacafac753edbe3781c/jul-to-slf4j-1.7.22.jar
7f8196a56000-7f8196a5c000 r--s 00045000 08:03 5923585                    /home/sharmila/.gradle/caches/modules-2/files-2.1/ch.qos.logback/logback-classic/1.1.8/e54f49a227611976642f81cf2106b81c1ece8bf5/logback-classic-1.1.8.jar
7f8196a5c000-7f8196a5d000 r--s 0000f000 08:03 5916909                    /home/sharmila/.gradle/caches/modules-2/files-2.1/org.json/json/20140107/d1ffca6e2482b002702c6a576166fd685e3370e3/json-20140107.jar
7f8196a5d000-7f8196a5f000 r--s 00009000 08:03 5916921                    /home/sharmila/.gradle/caches/modules-2/files-2.1/org.objenesis/objenesis/2.1/87c0ea803b69252868d09308b4618f766f135a96/objenesis-2.1.jar
7f8196a5f000-7f8196a62000 r--s 0001b000 08:03 5916920                    /home/sharmila/.gradle/caches/modules-2/files-2.1/net.minidev/json-smart/2.2.1/5b9e5df7a62d1279b70dc882b041d249c4f0b002/json-smart-2.2.1.jar
7f8196a62000-7f8196a64000 r--s 00003000 08:03 5923586                    /home/sharmila/.gradle/caches/modules-2/files-2.1/org.slf4j/jcl-over-slf4j/1.7.22/86ceac14535af5a42c8fb0d06d79b925dd3cb263/jcl-over-slf4j-1.7.22.jar
7f8196a64000-7f8196a66000 r--s 00009000 08:03 5923584                    /home/sharmila/.gradle/caches/modules-2/files-2.1/org.slf4j/slf4j-api/1.7.22/a1c83373863cec7ae8d89dc1c5722d8cb6ec0309/slf4j-api-1.7.22.jar
7f8196a66000-7f8196a6e000 r--s 0003a000 08:03 5923901                    /home/sharmila/.gradle/caches/modules-2/files-2.1/org.springframework/spring-tx/4.3.5.RELEASE/296d8ae21fadc0f115dae7d1e8d5c4f8c7de2c3e/spring-tx-4.3.5.RELEASE.jar
7f8196a6e000-7f8196a78000 r--s 0006b000 08:03 5923900                    /home/sharmila/.gradle/caches/modules-2/files-2.1/org.springframework/spring-orm/4.3.5.RELEASE/64c29d310b69bcc6e1fd5a738fa3629bdedb2d3f/spring-orm-4.3.5.RELEASE.jar
7f8196a78000-7f8196a88000 r--s 0009a000 08:03 5923899                    /home/sharmila/.gradle/caches/modules-2/files-2.1/org.springframework.data/spring-data-commons/1.12.6.RELEASE/b6403dcfce33e89613f364d80d653d7540279c47/spring-data-commons-1.12.6.RELEASE.jar
7f8196a88000-7f8196a92000 r--s 0005f000 08:03 5923898                    /home/sharmila/.gradle/caches/modules-2/files-2.1/org.springframework/spring-jdbc/4.3.5.RELEASE/7c09e38b6f6e0b178973dea06bb8fdc6d19aa596/spring-jdbc-4.3.5.RELEASE.jar
7f8196a92000-7f8196a95000 r--s 00020000 08:03 5923897                    /home/sharmila/.gradle/caches/modules-2/files-2.1/org.apache.tomcat/tomcat-jdbc/8.5.6/feb10a9e22f70565c7556f327b0481dba8587bbc/tomcat-jdbc-8.5.6.jar
7f8196a95000-7f8196aae000 r--s 001af000 08:03 5923896                    /home/sharmila/.gradle/caches/modules-2/files-2.1/org.aspectj/aspectjweaver/1.8.9/db28774f477f07220eac18d5ec9c4e01f48589d7/aspectjweaver-1.8.9.jar
7f8196aae000-7f8196ab1000 r--s 00010000 08:03 5923833                    /home/sharmila/.gradle/caches/modules-2/files-2.1/org.hibernate.common/hibernate-commons-annotations/5.0.1.Final/71e1cff3fcb20d3b3af4f3363c3ddb24d33c6879/hibernate-commons-annotations-5.0.1.Final.jar
7f8196ab1000-7f8196ab6000 r--s 00048000 08:03 5923832                    /home/sharmila/.gradle/caches/modules-2/files-2.1/dom4j/dom4j/1.6.1/5d3ccc056b6f056dbf0dddfdf43894b9065a8f94/dom4j-1.6.1.jar
7f8196ab6000-7f8196ab9000 r--s 0002b000 08:03 5923433                    /home/sharmila/.gradle/caches/modules-2/files-2.1/org.jboss/jandex/2.0.0.Final/3e899258936f94649c777193e1be846387ed54b3/jandex-2.0.0.Final.jar
7f8196ab9000-7f8196aba000 r--s 00003000 08:03 5923830                    /home/sharmila/.gradle/caches/modules-2/files-2.1/org.apache.geronimo.specs/geronimo-jta_1.1_spec/1.1.1/aabab3165b8ea936b9360abbf448459c0d04a5a4/geronimo-jta_1.1_spec-1.1.1.jar
7f8196aba000-7f8196abf000 r--s 00068000 08:03 5923829                    /home/sharmila/.gradle/caches/modules-2/files-2.1/antlr/antlr/2.7.7/83cd2cd674a217ade95a4bb83a8a14f351f48bd0/antlr-2.7.7.jar
7f8196abf000-7f8196ac4000 r--s 0003c000 08:03 5923583                    /home/sharmila/.gradle/caches/modules-2/files-2.1/org.springframework/spring-expression/4.3.5.RELEASE/3689dc6c5b942ecde4122eac889ed87977d6f287/spring-expression-4.3.5.RELEASE.jar
7f8196ac4000-7f8196ade000 r--s 000fc000 08:03 5923582                    /home/sharmila/.gradle/caches/modules-2/files-2.1/org.springframework/spring-context/4.3.5.RELEASE/ca3391c0e17d0138335ba51b51371661d20d56a8/spring-context-4.3.5.RELEASE.jar
7f8196ade000-7f8196aeb000 r--s 000ad000 08:03 5923581                    /home/sharmila/.gradle/caches/modules-2/files-2.1/org.springframework/spring-beans/4.3.5.RELEASE/e12bbc3277da28e2e2608a187f83091dc6c300bf/spring-beans-4.3.5.RELEASE.jar
7f8196aeb000-7f8196af4000 r--s 00054000 08:03 5923580                    /home/sharmila/.gradle/caches/modules-2/files-2.1/org.springframework/spring-aop/4.3.5.RELEASE/4f113218af716bd8d174c411f19b26418b5a70f6/spring-aop-4.3.5.RELEASE.jar
7f8196af4000-7f8196af8000 r--s 00041000 08:03 5923579                    /home/sharmila/.gradle/caches/modules-2/files-2.1/com.fasterxml.jackson.core/jackson-core/2.8.5/60d059f5d2930ccd1ef03535b713fd9f933d1ba7/jackson-core-2.8.5.jar
7f8196af8000-7f8196afb000 r--s 0000b000 08:03 5923578                    /home/sharmila/.gradle/caches/modules-2/files-2.1/com.fasterxml.jackson.core/jackson-annotations/2.8.5/9d82ff47bc2c2d3b5b6a6618fe636782bbcd5b07/jackson-annotations-2.8.5.jar
7f8196afb000-7f8196afd000 r--s 0000e000 08:03 5917543                    /home/sharmila/.gradle/caches/modules-2/files-2.1/com.fasterxml/classmate/1.3.3/864c8e370a691e343210cc7c532fc198cee460d8/classmate-1.3.3.jar
7f8196afd000-7f8196b01000 r--s 0000c000 08:03 5916766                    /home/sharmila/.gradle/caches/modules-2/files-2.1/javax.validation/validation-api/1.1.0.Final/8613ae82954779d518631e05daa73a6a954817d5/validation-api-1.1.0.Final.jar
7f8196b01000-7f8196b06000 r--s 00036000 08:03 5917542                    /home/sharmila/.gradle/caches/modules-2/files-2.1/org.apache.tomcat.embed/tomcat-embed-websocket/8.5.6/6f6940a216b380ea8506530c374fcfeef820ba54/tomcat-embed-websocket-8.5.6.jar
7f8196b06000-7f8196b07000 r--s 00000000 08:03 5923577                    /home/sharmila/.gradle/caches/modules-2/files-2.1/org.springframework.boot/spring-boot-starter-logging/1.4.3.RELEASE/1c58783c0694abf695babfd39829922d2d501ec2/spring-boot-starter-logging-1.4.3.RELEASE.jar
7f8196b07000-7f8196b25000 r--s 000d0000 08:03 5923576                    /home/sharmila/.gradle/caches/modules-2/files-2.1/org.springframework.boot/spring-boot-autoconfigure/1.4.3.RELEASE/41df1bfbdd4ae4e8499ebe1a4bc613bda316d6e1/spring-boot-autoconfigure-1.4.3.RELEASE.jar
7f8196b25000-7f8196b35000 r--s 00092000 08:03 5923575                    /home/sharmila/.gradle/caches/modules-2/files-2.1/org.springframework.boot/spring-boot/1.4.3.RELEASE/17f94def4460075afdfba6bf8f897cd1fc95bf77/spring-boot-1.4.3.RELEASE.jar
7f8196b35000-7f8196b44000 r--s 00084000 08:03 5923574                    /home/sharmila/.gradle/caches/modules-2/files-2.1/org.springframework/spring-test/4.3.5.RELEASE/a1965127e07b469d8e5bb3d2b0ff850423b66be4/spring-test-4.3.5.RELEASE.jar
7f8196b44000-7f8196b5a000 r--s 000fa000 08:03 5923530                    /home/sharmila/.gradle/caches/modules-2/files-2.1/org.springframework/spring-core/4.3.5.RELEASE/80299e3f80e8c6d5c076db2ba6adf44a4b52f578/spring-core-4.3.5.RELEASE.jar
7f8196b5a000-7f8196b5b000 r--s 00006000 08:03 5916915                    /home/sharmila/.gradle/caches/modules-2/files-2.1/org.skyscreamer/jsonassert/1.3.0/d5c250eb122496866de36dc84f98e2945845ecdd/jsonassert-1.3.0.jar
7f8196b5b000-7f8196b5c000 r--s 0000c000 08:03 5916912                    /home/sharmila/.gradle/caches/modules-2/files-2.1/org.hamcrest/hamcrest-library/1.3/4785a3c21320980282f9f33d0d1264a69040538f/hamcrest-library-1.3.jar
7f8196b5c000-7f8196b5e000 r--s 00009000 08:03 5913472                    /home/sharmila/.gradle/caches/modules-2/files-2.1/org.hamcrest/hamcrest-core/1.3/42a25dc3219429f0e5d060061f71acb49bf010a0/hamcrest-core-1.3.jar
7f8196b5e000-7f8196b7a000 r--s 00103000 08:03 5916914                    /home/sharmila/.gradle/caches/modules-2/files-2.1/org.mockito/mockito-core/1.10.19/e8546f5bef4e061d8dd73895b4e8f40e3fe6effe/mockito-core-1.10.19.jar
7f8196b7a000-7f8196b8d000 r--s 000d2000 08:03 5916913                    /home/sharmila/.gradle/caches/modules-2/files-2.1/org.assertj/assertj-core/2.5.0/fcd21db4c5f33e5dcac69bf1816415fe0647582f/assertj-core-2.5.0.jar
7f8196b8d000-7f8196b92000 r--s 0002e000 08:03 5916911                    /home/sharmila/.gradle/caches/modules-2/files-2.1/com.jayway.jsonpath/json-path/2.2.0/22290d17944bd239fabf5ac69005a60a7ecbbbcb/json-path-2.2.0.jar
7f8196b92000-7f8196b97000 r--s 00017000 08:03 5923573                    /home/sharmila/.gradle/caches/modules-2/files-2.1/org.springframework.boot/spring-boot-test-autoconfigure/1.4.3.RELEASE/1a7587605e981a58104a501ab1896e2eb7a76686/spring-boot-test-autoconfigure-1.4.3.RELEASE.jar
7f8196b97000-7f8196b9c000 r--s 00021000 08:03 5923572                    /home/sharmila/.gradle/caches/modules-2/files-2.1/org.springframework.boot/spring-boot-test/1.4.3.RELEASE/2d76638f0f13b33859bf3b927c232ff0f8a4ffbf/spring-boot-test-1.4.3.RELEASE.jar
7f8196b9c000-7f8196ba2000 r--s 0003d000 08:03 5916762                    /home/sharmila/.gradle/caches/modules-2/files-2.1/org.yaml/snakeyaml/1.17/7a27ea250c5130b2922b86dea63cbb1cc10a660c/snakeyaml-1.17.jar
7f8196ba2000-7f8196ba7000 r--s 00040000 08:03 5923637                    /home/sharmila/.gradle/caches/modules-2/files-2.1/org.beanshell/bsh/2.0b4/a05f0a0feefa8d8467ac80e16e7de071489f0d9c/bsh-2.0b4.jar
7f8196ba7000-7f8196c10000 r--s 004f3000 08:03 5923432                    /home/sharmila/.gradle/caches/modules-2/files-2.1/org.hibernate/hibernate-core/5.0.11.Final/c2487fb72a2217a7cec9ab478d4c21a36fc09977/hibernate-core-5.0.11.Final.jar
7f8196c10000-7f8196c11000 ---p 00000000 00:00 0 
7f8196c11000-7f8196d11000 rw-p 00000000 00:00 0                          [stack:4464]
7f8196d11000-7f8196d14000 ---p 00000000 00:00 0 
7f8196d14000-7f8196e12000 rw-p 00000000 00:00 0                          [stack:4463]
7f8196e12000-7f8196e15000 ---p 00000000 00:00 0 
7f8196e15000-7f8196f13000 rw-p 00000000 00:00 0                          [stack:4462]
7f8196f13000-7f8196f16000 ---p 00000000 00:00 0 
7f8196f16000-7f8197014000 rw-p 00000000 00:00 0                          [stack:4461]
7f8197014000-7f8197017000 ---p 00000000 00:00 0 
7f8197017000-7f8197115000 rw-p 00000000 00:00 0                          [stack:4460]
7f8197115000-7f8197118000 ---p 00000000 00:00 0 
7f8197118000-7f8197216000 rw-p 00000000 00:00 0                          [stack:4459]
7f8197216000-7f81978f9000 r--p 00000000 08:03 3152909                    /usr/lib/locale/locale-archive
7f81978f9000-7f81978fc000 ---p 00000000 00:00 0 
7f81978fc000-7f81979fa000 rw-p 00000000 00:00 0                          [stack:4458]
7f81979fa000-7f81979fd000 ---p 00000000 00:00 0 
7f81979fd000-7f8197afb000 rw-p 00000000 00:00 0                          [stack:4457]
7f8197afb000-7f8197afc000 ---p 00000000 00:00 0 
7f8197afc000-7f8198000000 rw-p 00000000 00:00 0                          [stack:4456]
7f8198000000-7f8198021000 rw-p 00000000 00:00 0 
7f8198021000-7f819c000000 ---p 00000000 00:00 0 
7f819c000000-7f819c002000 r--s 00006000 08:03 5923638                    /home/sharmila/.gradle/caches/modules-2/files-2.1/com.beust/jcommander/1.12/7409692b48022f9eca7445861defbcdb9ee3c2a8/jcommander-1.12.jar
7f819c002000-7f819c00a000 r--s 00045000 08:03 5913471                    /home/sharmila/.gradle/caches/modules-2/files-2.1/junit/junit/4.12/2973d150c0dc1fefe998f834810d68f278ea58ec/junit-4.12.jar
7f819c00a000-7f819c00d000 r--s 0000c000 08:03 5923895                    /home/sharmila/.gradle/caches/modules-2/files-2.1/org.springframework/spring-aspects/4.3.5.RELEASE/8c00c15865a1da0a1ba143a50622a8436a56e097/spring-aspects-4.3.5.RELEASE.jar
7f819c00d000-7f819c013000 r--s 0003f000 08:03 5923894                    /home/sharmila/.gradle/caches/modules-2/files-2.1/org.springframework.data/spring-data-jpa/1.10.6.RELEASE/5d478860b24a493845248c1c336c33a657567bd3/spring-data-jpa-1.10.6.RELEASE.jar
7f819c013000-7f819c015000 r--s 00006000 08:03 5923893                    /home/sharmila/.gradle/caches/modules-2/files-2.1/javax.transaction/javax.transaction-api/1.2/d81aff979d603edd90dcd8db2abc1f4ce6479e3e/javax.transaction-api-1.2.jar
7f819c015000-7f819c022000 r--s 00089000 08:03 5923892                    /home/sharmila/.gradle/caches/modules-2/files-2.1/org.hibernate/hibernate-entitymanager/5.0.11.Final/549565caed4e0bcb816843693e66ff7b04ce025f/hibernate-entitymanager-5.0.11.Final.jar
7f819c022000-7f819c023000 r--s 00000000 08:03 5923891                    /home/sharmila/.gradle/caches/modules-2/files-2.1/org.springframework.boot/spring-boot-starter-jdbc/1.4.3.RELEASE/7ce66cf27ea731189248be7af2ab84ba189e1151/spring-boot-starter-jdbc-1.4.3.RELEASE.jar
7f819c023000-7f819c02d000 r--s 000ae000 08:03 5916958                    /home/sharmila/.gradle/caches/modules-2/files-2.1/org.javassist/javassist/3.20.0-GA/a9cbcdfb7e9f86fbc74d3afae65f2248bfbf82a0/javassist-3.20.0-GA.jar
7f819c02d000-7f819c032000 r--s 00017000 08:03 5923828                    /home/sharmila/.gradle/caches/modules-2/files-2.1/org.hibernate.javax.persistence/hibernate-jpa-2.1-api/1.0.0.Final/5e731d961297e5a07290bfaf3db1fbc8bbbf405a/hibernate-jpa-2.1-api-1.0.0.Final.jar
7f819c032000-7f819c045000 r--s 00236000 08:03 5916949                    /home/sharmila/.gradle/caches/modules-2/files-2.1/org.eclipse.jdt.core.compiler/ecj/4.5.1/bee1367ac12fb6a20b422ff8711ebeb4f0a42316/ecj-4.5.1.jar
7f819c045000-7f819c04a000 r--s 00036000 08:03 5917541                    /home/sharmila/.gradle/caches/modules-2/files-2.1/org.apache.tomcat.embed/tomcat-embed-el/8.5.6/a102298d8dc72f4065533d5962953d753b172602/tomcat-embed-el-8.5.6.jar
7f819c04a000-7f819c073000 r--s 002b2000 08:03 5917540                    /home/sharmila/.gradle/caches/modules-2/files-2.1/org.apache.tomcat.embed/tomcat-embed-core/8.5.6/960834b5abc6b2135250487abf6c060a0fa5a22e/tomcat-embed-core-8.5.6.jar
7f819c073000-7f819c084000 r--s 000cf000 08:03 5923571                    /home/sharmila/.gradle/caches/modules-2/files-2.1/org.springframework/spring-webmvc/4.3.5.RELEASE/c624659217edab07d8279fb0f90462136f089220/spring-webmvc-4.3.5.RELEASE.jar
7f819c084000-7f819c096000 r--s 000b6000 08:03 5923570                    /home/sharmila/.gradle/caches/modules-2/files-2.1/org.springframework/spring-web/4.3.5.RELEASE/6641daccf2fddafc8358144f3a4f999130fdf144/spring-web-4.3.5.RELEASE.jar
7f819c096000-7f819c0a7000 r--s 0011d000 08:03 5923569                    /home/sharmila/.gradle/caches/modules-2/files-2.1/com.fasterxml.jackson.core/jackson-databind/2.8.5/b3035f37e674c04dafe36a660c3815cc59f764e2/jackson-databind-2.8.5.jar
7f819c0a7000-7f819c0b7000 r--s 0009c000 08:03 5916756                    /home/sharmila/.gradle/caches/modules-2/files-2.1/org.hibernate/hibernate-validator/5.2.4.Final/fb18766b576aa6632bcfe9a20a023cbd52bf9769/hibernate-validator-5.2.4.Final.jar
7f819c0b7000-7f819d000000 rw-p 00000000 00:00 0 
7f819d000000-7f819dc70000 rwxp 00000000 00:00 0 
7f819dc70000-7f81ac000000 ---p 00000000 00:00 0 
7f81ac000000-7f81ad639000 rw-p 00000000 00:00 0 
7f81ad639000-7f81b0000000 ---p 00000000 00:00 0 
7f81b0000000-7f81b0001000 r--s 00000000 08:03 5923890                    /home/sharmila/.gradle/caches/modules-2/files-2.1/org.springframework.boot/spring-boot-starter-aop/1.4.3.RELEASE/30b11b6455bed446d3b4a1a49fab529b2cfac454/spring-boot-starter-aop-1.4.3.RELEASE.jar
7f81b0001000-7f81b0003000 r--s 0000f000 08:03 5916917                    /home/sharmila/.gradle/caches/modules-2/files-2.1/org.jboss.logging/jboss-logging/3.3.0.Final/3616bb87707910296e2c195dc016287080bba5af/jboss-logging-3.3.0.Final.jar
7f81b0003000-7f81b0004000 r--s 00000000 08:03 5923568                    /home/sharmila/.gradle/caches/modules-2/files-2.1/org.springframework.boot/spring-boot-starter-tomcat/1.4.3.RELEASE/61c48035a7a3b06b42fdd07b7109e562077b3792/spring-boot-starter-tomcat-1.4.3.RELEASE.jar
7f81b0004000-7f81b0010000 r--s 000a4000 08:03 5923636                    /home/sharmila/.gradle/caches/modules-2/files-2.1/org.testng/testng/6.5.2/5069d2e72356ed87645c5fc3622b0bbb5e0667c9/testng-6.5.2.jar
7f81b0010000-7f81b04c6000 rw-p 00000000 00:00 0 
7f81b04c6000-7f81b069f000 r--s 03d3e000 08:03 3569606                    /usr/lib/jvm/java-8-oracle/jre/lib/rt.jar
7f81b069f000-7f81b0f15000 rw-p 00000000 00:00 0 
7f81b0f15000-7f81b0f16000 ---p 00000000 00:00 0 
7f81b0f16000-7f81b1016000 rw-p 00000000 00:00 0                          [stack:4455]
7f81b1016000-7f81b1017000 ---p 00000000 00:00 0 
7f81b1017000-7f81b1117000 rw-p 00000000 00:00 0                          [stack:4454]
7f81b1117000-7f81b1118000 ---p 00000000 00:00 0 
7f81b1118000-7f81b1218000 rw-p 00000000 00:00 0                          [stack:4453]
7f81b1218000-7f81b1219000 ---p 00000000 00:00 0 
7f81b1219000-7f81b1479000 rw-p 00000000 00:00 0                          [stack:4452]
7f81b1479000-7f81b186f000 ---p 00000000 00:00 0 
7f81b186f000-7f81b19cf000 rw-p 00000000 00:00 0 
7f81b19cf000-7f81b1dc4000 ---p 00000000 00:00 0 
7f81b1dc4000-7f81b1eb8000 rw-p 00000000 00:00 0 
7f81b1eb8000-7f81b206f000 ---p 00000000 00:00 0 
7f81b206f000-7f81b20a2000 rw-p 00000000 00:00 0 
7f81b20a2000-7f81b2430000 ---p 00000000 00:00 0 
7f81b2430000-7f81b244a000 r-xp 00000000 08:03 4870864                    /usr/lib/jvm/java-8-oracle/jre/lib/amd64/libzip.so
7f81b244a000-7f81b264a000 ---p 0001a000 08:03 4870864                    /usr/lib/jvm/java-8-oracle/jre/lib/amd64/libzip.so
7f81b264a000-7f81b264b000 rw-p 0001a000 08:03 4870864                    /usr/lib/jvm/java-8-oracle/jre/lib/amd64/libzip.so
7f81b264b000-7f81b2655000 r-xp 00000000 08:03 4070135                    /lib/x86_64-linux-gnu/libnss_files-2.19.so
7f81b2655000-7f81b2854000 ---p 0000a000 08:03 4070135                    /lib/x86_64-linux-gnu/libnss_files-2.19.so
7f81b2854000-7f81b2855000 r--p 00009000 08:03 4070135                    /lib/x86_64-linux-gnu/libnss_files-2.19.so
7f81b2855000-7f81b2856000 rw-p 0000a000 08:03 4070135                    /lib/x86_64-linux-gnu/libnss_files-2.19.so
7f81b2856000-7f81b2861000 r-xp 00000000 08:03 4070127                    /lib/x86_64-linux-gnu/libnss_nis-2.19.so
7f81b2861000-7f81b2a60000 ---p 0000b000 08:03 4070127                    /lib/x86_64-linux-gnu/libnss_nis-2.19.so
7f81b2a60000-7f81b2a61000 r--p 0000a000 08:03 4070127                    /lib/x86_64-linux-gnu/libnss_nis-2.19.so
7f81b2a61000-7f81b2a62000 rw-p 0000b000 08:03 4070127                    /lib/x86_64-linux-gnu/libnss_nis-2.19.so
7f81b2a62000-7f81b2a79000 r-xp 00000000 08:03 4070123                    /lib/x86_64-linux-gnu/libnsl-2.19.so
7f81b2a79000-7f81b2c78000 ---p 00017000 08:03 4070123                    /lib/x86_64-linux-gnu/libnsl-2.19.so
7f81b2c78000-7f81b2c79000 r--p 00016000 08:03 4070123                    /lib/x86_64-linux-gnu/libnsl-2.19.so
7f81b2c79000-7f81b2c7a000 rw-p 00017000 08:03 4070123                    /lib/x86_64-linux-gnu/libnsl-2.19.so
7f81b2c7a000-7f81b2c7c000 rw-p 00000000 00:00 0 
7f81b2c7c000-7f81b2c85000 r-xp 00000000 08:03 4070122                    /lib/x86_64-linux-gnu/libnss_compat-2.19.so
7f81b2c85000-7f81b2e84000 ---p 00009000 08:03 4070122                    /lib/x86_64-linux-gnu/libnss_compat-2.19.so
7f81b2e84000-7f81b2e85000 r--p 00008000 08:03 4070122                    /lib/x86_64-linux-gnu/libnss_compat-2.19.so
7f81b2e85000-7f81b2e86000 rw-p 00009000 08:03 4070122                    /lib/x86_64-linux-gnu/libnss_compat-2.19.so
7f81b2e86000-7f81b2eb1000 r-xp 00000000 08:03 4870782                    /usr/lib/jvm/java-8-oracle/jre/lib/amd64/libjava.so
7f81b2eb1000-7f81b30b0000 ---p 0002b000 08:03 4870782                    /usr/lib/jvm/java-8-oracle/jre/lib/amd64/libjava.so
7f81b30b0000-7f81b30b2000 rw-p 0002a000 08:03 4870782                    /usr/lib/jvm/java-8-oracle/jre/lib/amd64/libjava.so
7f81b30b2000-7f81b30bf000 r-xp 00000000 08:03 4870821                    /usr/lib/jvm/java-8-oracle/jre/lib/amd64/libverify.so
7f81b30bf000-7f81b32be000 ---p 0000d000 08:03 4870821                    /usr/lib/jvm/java-8-oracle/jre/lib/amd64/libverify.so
7f81b32be000-7f81b32c0000 rw-p 0000c000 08:03 4870821                    /usr/lib/jvm/java-8-oracle/jre/lib/amd64/libverify.so
7f81b32c0000-7f81b32c7000 r-xp 00000000 08:03 4070131                    /lib/x86_64-linux-gnu/librt-2.19.so
7f81b32c7000-7f81b34c6000 ---p 00007000 08:03 4070131                    /lib/x86_64-linux-gnu/librt-2.19.so
7f81b34c6000-7f81b34c7000 r--p 00006000 08:03 4070131                    /lib/x86_64-linux-gnu/librt-2.19.so
7f81b34c7000-7f81b34c8000 rw-p 00007000 08:03 4070131                    /lib/x86_64-linux-gnu/librt-2.19.so
7f81b34c8000-7f81b35cd000 r-xp 00000000 08:03 4070117                    /lib/x86_64-linux-gnu/libm-2.19.so
7f81b35cd000-7f81b37cc000 ---p 00105000 08:03 4070117                    /lib/x86_64-linux-gnu/libm-2.19.so
7f81b37cc000-7f81b37cd000 r--p 00104000 08:03 4070117                    /lib/x86_64-linux-gnu/libm-2.19.so
7f81b37cd000-7f81b37ce000 rw-p 00105000 08:03 4070117                    /lib/x86_64-linux-gnu/libm-2.19.so
7f81b37ce000-7f81b449c000 r-xp 00000000 08:03 5260205                    /usr/lib/jvm/java-8-oracle/jre/lib/amd64/server/libjvm.so
7f81b449c000-7f81b469c000 ---p 00cce000 08:03 5260205                    /usr/lib/jvm/java-8-oracle/jre/lib/amd64/server/libjvm.so
7f81b469c000-7f81b4775000 rw-p 00cce000 08:03 5260205                    /usr/lib/jvm/java-8-oracle/jre/lib/amd64/server/libjvm.so
7f81b4775000-7f81b47c0000 rw-p 00000000 00:00 0 
7f81b47c0000-7f81b497a000 r-xp 00000000 08:03 4070132                    /lib/x86_64-linux-gnu/libc-2.19.so
7f81b497a000-7f81b4b7a000 ---p 001ba000 08:03 4070132                    /lib/x86_64-linux-gnu/libc-2.19.so
7f81b4b7a000-7f81b4b7e000 r--p 001ba000 08:03 4070132                    /lib/x86_64-linux-gnu/libc-2.19.so
7f81b4b7e000-7f81b4b80000 rw-p 001be000 08:03 4070132                    /lib/x86_64-linux-gnu/libc-2.19.so
7f81b4b80000-7f81b4b85000 rw-p 00000000 00:00 0 
7f81b4b85000-7f81b4b88000 r-xp 00000000 08:03 4070119                    /lib/x86_64-linux-gnu/libdl-2.19.so
7f81b4b88000-7f81b4d87000 ---p 00003000 08:03 4070119                    /lib/x86_64-linux-gnu/libdl-2.19.so
7f81b4d87000-7f81b4d88000 r--p 00002000 08:03 4070119                    /lib/x86_64-linux-gnu/libdl-2.19.so
7f81b4d88000-7f81b4d89000 rw-p 00003000 08:03 4070119                    /lib/x86_64-linux-gnu/libdl-2.19.so
7f81b4d89000-7f81b4d9e000 r-xp 00000000 08:03 3555343                    /usr/lib/jvm/java-8-oracle/lib/amd64/jli/libjli.so
7f81b4d9e000-7f81b4f9e000 ---p 00015000 08:03 3555343                    /usr/lib/jvm/java-8-oracle/lib/amd64/jli/libjli.so
7f81b4f9e000-7f81b4f9f000 rw-p 00015000 08:03 3555343                    /usr/lib/jvm/java-8-oracle/lib/amd64/jli/libjli.so
7f81b4f9f000-7f81b4fb8000 r-xp 00000000 08:03 4070124                    /lib/x86_64-linux-gnu/libpthread-2.19.so
7f81b4fb8000-7f81b51b7000 ---p 00019000 08:03 4070124                    /lib/x86_64-linux-gnu/libpthread-2.19.so
7f81b51b7000-7f81b51b8000 r--p 00018000 08:03 4070124                    /lib/x86_64-linux-gnu/libpthread-2.19.so
7f81b51b8000-7f81b51b9000 rw-p 00019000 08:03 4070124                    /lib/x86_64-linux-gnu/libpthread-2.19.so
7f81b51b9000-7f81b51bd000 rw-p 00000000 00:00 0 
7f81b51bd000-7f81b51e0000 r-xp 00000000 08:03 4070125                    /lib/x86_64-linux-gnu/ld-2.19.so
7f81b51e0000-7f81b51e1000 r--s 00000000 08:03 5923567                    /home/sharmila/.gradle/caches/modules-2/files-2.1/org.springframework.boot/spring-boot-starter/1.4.3.RELEASE/c99bad104719e947b3f9aa2b7569583805e4c5d5/spring-boot-starter-1.4.3.RELEASE.jar
7f81b51e1000-7f81b51e2000 r--s 00000000 08:03 5923566                    /home/sharmila/.gradle/caches/modules-2/files-2.1/org.springframework.boot/spring-boot-starter-test/1.4.3.RELEASE/6e9f1dbd3f68299c0183630ef07ca430de160050/spring-boot-starter-test-1.4.3.RELEASE.jar
7f81b51e2000-7f81b51e3000 r--s 00000000 08:03 5923889                    /home/sharmila/.gradle/caches/modules-2/files-2.1/org.springframework.boot/spring-boot-starter-data-jpa/1.4.3.RELEASE/ffda06c2144d10239014407333c223a237b73ad7/spring-boot-starter-data-jpa-1.4.3.RELEASE.jar
7f81b51e3000-7f81b52b6000 rw-p 00000000 00:00 0 
7f81b52b6000-7f81b52b9000 ---p 00000000 00:00 0 
7f81b52b9000-7f81b53bb000 rw-p 00000000 00:00 0                          [stack:4447]
7f81b53bb000-7f81b53bc000 r--s 00003000 08:03 5923431                    /home/sharmila/.gradle/caches/modules-2/files-2.1/org.hibernate/hibernate-gradle-plugin/5.2.3.Final/db2ad8695e48a03a566b74fb5fc07c1732c1f5e5/hibernate-gradle-plugin-5.2.3.Final.jar
7f81b53bc000-7f81b53c1000 r--s 00309000 08:03 5923826                    /home/sharmila/.gradle/caches/modules-2/files-2.1/org.xerial/sqlite-jdbc/3.7.2/7a3d67f00508d3881650579f7f228c61bfc1b196/sqlite-jdbc-3.7.2.jar
7f81b53c1000-7f81b53ca000 r--s 00095000 08:03 5913393                    /home/sharmila/.gradle/caches/modules-2/files-2.1/org.apache.tomcat.embed/tomcat-embed-jasper/9.0.0.M11/e2cd5a7038094195c3163532e01daf051d9265fe/tomcat-embed-jasper-9.0.0.M11.jar
7f81b53ca000-7f81b53cb000 r--s 00000000 08:03 5923565                    /home/sharmila/.gradle/caches/modules-2/files-2.1/org.springframework.boot/spring-boot-starter-web/1.4.3.RELEASE/a0dcc919eda8e8ecb6f13f52a30e6afbb8266103/spring-boot-starter-web-1.4.3.RELEASE.jar
7f81b53cb000-7f81b53d3000 r--s 00046000 08:03 3828792                    /home/sharmila/Downloads/IDE/sts 3.6.4/sts-bundle/sts-3.6.4.RELEASE/plugins/org.testng.eclipse_6.10.0.201612030230/lib/testng-remote.jar
7f81b53d3000-7f81b53db000 rw-s 00000000 08:03 5917818                    /tmp/hsperfdata_sharmila/4446
7f81b53db000-7f81b53dc000 rw-p 00000000 00:00 0 
7f81b53dc000-7f81b53dd000 r--p 00000000 00:00 0 
7f81b53dd000-7f81b53df000 rw-p 00000000 00:00 0 
7f81b53df000-7f81b53e0000 r--p 00022000 08:03 4070125                    /lib/x86_64-linux-gnu/ld-2.19.so
7f81b53e0000-7f81b53e1000 rw-p 00023000 08:03 4070125                    /lib/x86_64-linux-gnu/ld-2.19.so
7f81b53e1000-7f81b53e2000 rw-p 00000000 00:00 0 
7ffff57f7000-7ffff581b000 rw-p 00000000 00:00 0                          [stack]
7ffff59c6000-7ffff59c8000 r-xp 00000000 00:00 0                          [vdso]
ffffffffff600000-ffffffffff601000 r-xp 00000000 00:00 0                  [vsyscall]

VM Arguments:
jvm_args: -ea -Xms1024m -Xmx4096m -Dfile.encoding=UTF-8 
java_command: org.testng.remote.RemoteTestNG -serport 56523 -protocol json -d /home/sharmila/Documents/work-office/TestNG_Project/test-output /tmp/testng-eclipse-545623315/testng-customsuite.xml
java_class_path (initial): /home/sharmila/Downloads/IDE/sts 3.6.4/sts-bundle/sts-3.6.4.RELEASE/plugins/org.testng.eclipse_6.10.0.201612030230/lib/testng-remote.jar:/home/sharmila/Documents/work-office/TestNG_Project/bin:/home/sharmila/.gradle/caches/modules-2/files-2.1/org.springframework.boot/spring-boot-starter-web/1.4.3.RELEASE/a0dcc919eda8e8ecb6f13f52a30e6afbb8266103/spring-boot-starter-web-1.4.3.RELEASE.jar:/home/sharmila/.gradle/caches/modules-2/files-2.1/org.apache.tomcat.embed/tomcat-embed-jasper/9.0.0.M11/e2cd5a7038094195c3163532e01daf051d9265fe/tomcat-embed-jasper-9.0.0.M11.jar:/home/sharmila/.gradle/caches/modules-2/files-2.1/org.xerial/sqlite-jdbc/3.7.2/7a3d67f00508d3881650579f7f228c61bfc1b196/sqlite-jdbc-3.7.2.jar:/home/sharmila/.gradle/caches/modules-2/files-2.1/org.hibernate/hibernate-gradle-plugin/5.2.3.Final/db2ad8695e48a03a566b74fb5fc07c1732c1f5e5/hibernate-gradle-plugin-5.2.3.Final.jar:/home/sharmila/.gradle/caches/modules-2/files-2.1/org.springframework.boot/spring-boot-starter-data-jpa/1.4.3.RELEASE/ffda06c2144d10239014407333c223a237b73ad7/spring-boot-starter-data-jpa-1.4.3.RELEASE.jar:/home/sharmila/.gradle/caches/modules-2/files-2.1/org.testng/testng/6.5.2/5069d2e72356ed87645c5fc3622b0bbb5e0667c9/testng-6.5.2.jar:/home/sharmila/.gradle/caches/modules-2/files-2.1/org.springframework.boot/spring-boot-starter-test/1.4.3.RELEASE/6e9f1dbd3f68299c0183630ef07ca430de160050/spring-boot-starter-test-1.4.3.RELEASE.jar:/home/sharmila/.gradle/caches/modules-2/files-2.1/org.springframework.boot/spring-boot-starter/1.4.3.RELEASE/c99bad104719e947b3f9aa2b7569583805e4c5d5/spring-boot-starter-1.4.3.RELEASE.jar:/home/sharmila/.gradle/caches/modules-2/files-2.1/org.springframework.boot/spring-boot-starter-tomcat/1.4.3.RELEASE/61c48035a7a3b06b42fdd07b7109e562077b3792/spring-boot-starter-tomcat-1.4.3.RELEASE.jar:/home/sharmila/.gradle/caches/modules-2/files-2.1/org.hibernate/hibernate-validator/5.2.4.Final/fb18766b576aa6632bcfe9a20a023cbd52bf9769/hibernate-validat
Launcher Type: SUN_STANDARD

Environment Variables:
JAVA_HOME=/usr/lib/jvm/java-8-oracle
PATH=/usr/local/sbin:/usr/local/bin:/usr/sbin:/usr/bin:/sbin:/bin:/usr/games:/usr/local/games:/usr/lib/jvm/java-8-oracle/bin:/usr/lib/jvm/java-8-oracle/db/bin:/usr/lib/jvm/java-8-oracle/jre/bin
SHELL=/bin/bash
DISPLAY=:0.0

Signal Handlers:
SIGSEGV: [libjvm.so+0xac78c0], sa_mask[0]=11111111011111111101111111111110, sa_flags=SA_RESTART|SA_SIGINFO
SIGBUS: [libjvm.so+0xac78c0], sa_mask[0]=11111111011111111101111111111110, sa_flags=SA_RESTART|SA_SIGINFO
SIGFPE: [libjvm.so+0x920ac0], sa_mask[0]=11111111011111111101111111111110, sa_flags=SA_RESTART|SA_SIGINFO
SIGPIPE: [libjvm.so+0x920ac0], sa_mask[0]=11111111011111111101111111111110, sa_flags=SA_RESTART|SA_SIGINFO
SIGXFSZ: [libjvm.so+0x920ac0], sa_mask[0]=11111111011111111101111111111110, sa_flags=SA_RESTART|SA_SIGINFO
SIGILL: [libjvm.so+0x920ac0], sa_mask[0]=11111111011111111101111111111110, sa_flags=SA_RESTART|SA_SIGINFO
SIGUSR1: SIG_DFL, sa_mask[0]=00000000000000000000000000000000, sa_flags=none
SIGUSR2: [libjvm.so+0x922300], sa_mask[0]=00100000000000000000000000000000, sa_flags=SA_RESTART|SA_SIGINFO
SIGHUP: [libjvm.so+0x923700], sa_mask[0]=11111111011111111101111111111110, sa_flags=SA_RESTART|SA_SIGINFO
SIGINT: [libjvm.so+0x923700], sa_mask[0]=11111111011111111101111111111110, sa_flags=SA_RESTART|SA_SIGINFO
SIGTERM: [libjvm.so+0x923700], sa_mask[0]=11111111011111111101111111111110, sa_flags=SA_RESTART|SA_SIGINFO
SIGQUIT: [libjvm.so+0x923700], sa_mask[0]=11111111011111111101111111111110, sa_flags=SA_RESTART|SA_SIGINFO


---------------  S Y S T E M  ---------------

OS:DISTRIB_ID=Ubuntu
DISTRIB_RELEASE=14.04
DISTRIB_CODENAME=trusty
DISTRIB_DESCRIPTION="Ubuntu 14.04.5 LTS"

uname:Linux 3.13.0-107-generic #154-Ubuntu SMP Tue Dec 20 09:57:27 UTC 2016 x86_64
libc:glibc 2.19 NPTL 2.19 
rlimit: STACK 8192k, CORE 0k, NPROC 30712, NOFILE 4096, AS infinity
load average:1.81 1.39 1.07

/proc/meminfo:
MemTotal:        3953548 kB
MemFree:          403200 kB
Buffers:           42884 kB
Cached:           875568 kB
SwapCached:       121948 kB
Active:          2362832 kB
Inactive:         971704 kB
Active(anon):    2173348 kB
Inactive(anon):   484512 kB
Active(file):     189484 kB
Inactive(file):   487192 kB
Unevictable:         208 kB
Mlocked:             208 kB
SwapTotal:       7999484 kB
SwapFree:        7546388 kB
Dirty:              8540 kB
Writeback:             4 kB
AnonPages:       2322664 kB
Mapped:           216132 kB
Shmem:            242108 kB
Slab:              93252 kB
SReclaimable:      56348 kB
SUnreclaim:        36904 kB
KernelStack:        5544 kB
PageTables:        48008 kB
NFS_Unstable:          0 kB
Bounce:                0 kB
WritebackTmp:          0 kB
CommitLimit:     9976256 kB
Committed_AS:    8412488 kB
VmallocTotal:   34359738367 kB
VmallocUsed:      400960 kB
VmallocChunk:   34359326684 kB
HardwareCorrupted:     0 kB
AnonHugePages:    985088 kB
HugePages_Total:       0
HugePages_Free:        0
HugePages_Rsvd:        0
HugePages_Surp:        0
Hugepagesize:       2048 kB
DirectMap4k:       92332 kB
DirectMap2M:     2959360 kB
DirectMap1G:     1048576 kB


CPU:total 4 (2 cores per cpu, 2 threads per core) family 6 model 69 stepping 1, cmov, cx8, fxsr, mmx, sse, sse2, sse3, ssse3, sse4.1, sse4.2, popcnt, avx, avx2, aes, clmul, erms, lzcnt, ht, tsc, tscinvbit, bmi1, bmi2

/proc/cpuinfo:
processor	: 0
vendor_id	: GenuineIntel
cpu family	: 6
model		: 69
model name	: Intel(R) Core(TM) i5-4200U CPU @ 1.60GHz
stepping	: 1
microcode	: 0x17
cpu MHz		: 1600.000
cache size	: 3072 KB
physical id	: 0
siblings	: 4
core id		: 0
cpu cores	: 2
apicid		: 0
initial apicid	: 0
fpu		: yes
fpu_exception	: yes
cpuid level	: 13
wp		: yes
flags		: fpu vme de pse tsc msr pae mce cx8 apic sep mtrr pge mca cmov pat pse36 clflush dts acpi mmx fxsr sse sse2 ss ht tm pbe syscall nx pdpe1gb rdtscp lm constant_tsc arch_perfmon pebs bts rep_good nopl xtopology nonstop_tsc aperfmperf eagerfpu pni pclmulqdq dtes64 monitor ds_cpl vmx est tm2 ssse3 fma cx16 xtpr pdcm pcid sse4_1 sse4_2 movbe popcnt tsc_deadline_timer aes xsave avx f16c rdrand lahf_lm abm ida arat epb xsaveopt pln pts dtherm tpr_shadow vnmi flexpriority ept vpid fsgsbase tsc_adjust bmi1 avx2 smep bmi2 erms invpcid
bogomips	: 4589.73
clflush size	: 64
cache_alignment	: 64
address sizes	: 39 bits physical, 48 bits virtual
power management:

processor	: 1
vendor_id	: GenuineIntel
cpu family	: 6
model		: 69
model name	: Intel(R) Core(TM) i5-4200U CPU @ 1.60GHz
stepping	: 1
microcode	: 0x17
cpu MHz		: 1600.000
cache size	: 3072 KB
physical id	: 0
siblings	: 4
core id		: 0
cpu cores	: 2
apicid		: 1
initial apicid	: 1
fpu		: yes
fpu_exception	: yes
cpuid level	: 13
wp		: yes
flags		: fpu vme de pse tsc msr pae mce cx8 apic sep mtrr pge mca cmov pat pse36 clflush dts acpi mmx fxsr sse sse2 ss ht tm pbe syscall nx pdpe1gb rdtscp lm constant_tsc arch_perfmon pebs bts rep_good nopl xtopology nonstop_tsc aperfmperf eagerfpu pni pclmulqdq dtes64 monitor ds_cpl vmx est tm2 ssse3 fma cx16 xtpr pdcm pcid sse4_1 sse4_2 movbe popcnt tsc_deadline_timer aes xsave avx f16c rdrand lahf_lm abm ida arat epb xsaveopt pln pts dtherm tpr_shadow vnmi flexpriority ept vpid fsgsbase tsc_adjust bmi1 avx2 smep bmi2 erms invpcid
bogomips	: 4589.73
clflush size	: 64
cache_alignment	: 64
address sizes	: 39 bits physical, 48 bits virtual
power management:

processor	: 2
vendor_id	: GenuineIntel
cpu family	: 6
model		: 69
model name	: Intel(R) Core(TM) i5-4200U CPU @ 1.60GHz
stepping	: 1
microcode	: 0x17
cpu MHz		: 1600.000
cache size	: 3072 KB
physical id	: 0
siblings	: 4
core id		: 1
cpu cores	: 2
apicid		: 2
initial apicid	: 2
fpu		: yes
fpu_exception	: yes
cpuid level	: 13
wp		: yes
flags		: fpu vme de pse tsc msr pae mce cx8 apic sep mtrr pge mca cmov pat pse36 clflush dts acpi mmx fxsr sse sse2 ss ht tm pbe syscall nx pdpe1gb rdtscp lm constant_tsc arch_perfmon pebs bts rep_good nopl xtopology nonstop_tsc aperfmperf eagerfpu pni pclmulqdq dtes64 monitor ds_cpl vmx est tm2 ssse3 fma cx16 xtpr pdcm pcid sse4_1 sse4_2 movbe popcnt tsc_deadline_timer aes xsave avx f16c rdrand lahf_lm abm ida arat epb xsaveopt pln pts dtherm tpr_shadow vnmi flexpriority ept vpid fsgsbase tsc_adjust bmi1 avx2 smep bmi2 erms invpcid
bogomips	: 4589.73
clflush size	: 64
cache_alignment	: 64
address sizes	: 39 bits physical, 48 bits virtual
power management:

processor	: 3
vendor_id	: GenuineIntel
cpu family	: 6
model		: 69
model name	: Intel(R) Core(TM) i5-4200U CPU @ 1.60GHz
stepping	: 1
microcode	: 0x17
cpu MHz		: 1600.000
cache size	: 3072 KB
physical id	: 0
siblings	: 4
core id		: 1
cpu cores	: 2
apicid		: 3
initial apicid	: 3
fpu		: yes
fpu_exception	: yes
cpuid level	: 13
wp		: yes
flags		: fpu vme de pse tsc msr pae mce cx8 apic sep mtrr pge mca cmov pat pse36 clflush dts acpi mmx fxsr sse sse2 ss ht tm pbe syscall nx pdpe1gb rdtscp lm constant_tsc arch_perfmon pebs bts rep_good nopl xtopology nonstop_tsc aperfmperf eagerfpu pni pclmulqdq dtes64 monitor ds_cpl vmx est tm2 ssse3 fma cx16 xtpr pdcm pcid sse4_1 sse4_2 movbe popcnt tsc_deadline_timer aes xsave avx f16c rdrand lahf_lm abm ida arat epb xsaveopt pln pts dtherm tpr_shadow vnmi flexpriority ept vpid fsgsbase tsc_adjust bmi1 avx2 smep bmi2 erms invpcid
bogomips	: 4589.73
clflush size	: 64
cache_alignment	: 64
address sizes	: 39 bits physical, 48 bits virtual
power management:



Memory: 4k page, physical 3953548k(403200k free), swap 7999484k(7546388k free)

vm_info: Java HotSpot(TM) 64-Bit Server VM (25.121-b13) for linux-amd64 JRE (1.8.0_121-b13), built on Dec 12 2016 16:36:53 by "java_re" with gcc 4.3.0 20080428 (Red Hat 4.3.0-8)

time: Mon Jan 23 18:43:07 2017
elapsed time: 15 seconds (0d 0h 0m 15s)

