#
# A fatal error has been detected by the Java Runtime Environment:
#
#  SIGSEGV (0xb) at pc=0x00007f513d56c118, pid=4739, tid=0x00007f513ea72700
#
# JRE version: Java(TM) SE Runtime Environment (8.0_121-b13) (build 1.8.0_121-b13)
# Java VM: Java HotSpot(TM) 64-Bit Server VM (25.121-b13 mixed mode linux-amd64 compressed oops)
# Problematic frame:
# V  [libjvm.so+0x6e2118]  jni_GetStringUTFChars+0xb8
#
# Failed to write core dump. Core dumps have been disabled. To enable core dumping, try "ulimit -c unlimited" before starting Java again
#
# If you would like to submit a bug report, please visit:
#   http://bugreport.java.com/bugreport/crash.jsp
#

---------------  T H R E A D  ---------------

Current thread (0x00007f5138010000):  JavaThread "main" [_thread_in_vm, id=4740, stack(0x00007f513e972000,0x00007f513ea73000)]

siginfo: si_signo: 11 (SIGSEGV), si_code: 1 (SEGV_MAPERR), si_addr: 0x0000000000000000

Registers:
RAX=0x00007f513de41550, RBX=0x0000000000000000, RCX=0x00000000f9a14af0, RDX=0x00007f513de4f9e0
RSP=0x00007f513ea6cb00, RBP=0x00007f513ea6cba0, RSI=0x00007f5138010000, RDI=0x00007f513ea6cb40
R8 =0x00007f51289e0c80, R9 =0x00000000f9a14af0, R10=0x0000000000000206, R11=0x00007f513de4f9e8
R12=0x00007f5138010000, R13=0x0000000000000000, R14=0x00007f513ea6cc78, R15=0x00007f513ea6cb40
RIP=0x00007f513d56c118, EFLAGS=0x0000000000010246, CSGSFS=0x0000000000000033, ERR=0x0000000000000004
  TRAPNO=0x000000000000000e

Top of Stack: (sp=0x00007f513ea6cb00)
0x00007f513ea6cb00:   00007f513ea6cbc8 0000000000000000
0x00007f513ea6cb10:   00007f5128ad6f00 00007f513de51800
0x00007f513ea6cb20:   00007f513ea6d198 00007f51289e0c80
0x00007f513ea6cb30:   00000000eda6eb10 0000000050200030
0x00007f513ea6cb40:   00007f5138010000 0000000000000000
0x00007f513ea6cb50:   00007f51257d2480 00007f51289d62bd
0x00007f513ea6cb60:   00007f5138010000 00000000eda6eb10
0x00007f513ea6cb70:   00007f513ea6cc10 00007f5104e66708
0x00007f513ea6cb80:   00007f5139358a18 0000000000000000
0x00007f513ea6cb90:   00007f513ea6cc78 00007f5138010000
0x00007f513ea6cba0:   00007f51380101f8 00007f5104bbe2b0
0x00007f513ea6cbb0:   00007f513ea6cc10 00007f51289d62bd
0x00007f513ea6cbc0:   00007f5104e66708 00007f513ea6cc50
0x00007f513ea6cbd0:   0000000000000000 00007f5104e66700
0x00007f513ea6cbe0:   00007f513ea6cc78 00007f51289e64cf
0x00007f513ea6cbf0:   0000000000000000 00007f5104e76ae0
0x00007f513ea6cc00:   0000000000000000 00000000f9a14af0
0x00007f513ea6cc10:   00007f513ea6cc00 0000000000000000
0x00007f513ea6cc20:   00007f513ea6cc78 00007f5104e6dbc0
0x00007f513ea6cc30:   0000000000000000 00007f5104e66708
0x00007f513ea6cc40:   0000000000000000 00007f513ea6cc70
0x00007f513ea6cc50:   00007f513ea6ccd8 00007f51289d5dd0
0x00007f513ea6cc60:   0000000000000000 00007f51289df537
0x00007f513ea6cc70:   0000000000000000 00000000f9a14af0
0x00007f513ea6cc80:   00000000eda6eab0 00000000eda6eb10
0x00007f513ea6cc90:   00000000f9a14af0 00007f513ea6cc88
0x00007f513ea6cca0:   00007f5104e6ab7d 00007f513ea6ccf0
0x00007f513ea6ccb0:   00007f5104e6d410 0000000000000000
0x00007f513ea6ccc0:   00007f5104e6abc8 00007f513ea6cc70
0x00007f513ea6ccd0:   00007f513ea6cce8 00007f513ea6cd38
0x00007f513ea6cce0:   00007f51289d62bd 00000000eda6eab0
0x00007f513ea6ccf0:   00000000f9a14af0 00007f513ea6ccf8 

Instructions: (pc=0x00007f513d56c118)
0x00007f513d56c0f8:   84 24 70 02 00 00 06 00 00 00 4c 89 e6 4c 89 65
0x00007f513d56c108:   c0 4c 89 ff e8 1f 01 01 00 48 8b 05 18 d0 88 00
0x00007f513d56c118:   4c 8b 2b 8b 10 48 8b 05 44 fc 88 00 80 38 00 0f
0x00007f513d56c128:   84 2b 01 00 00 48 63 c2 41 8b 54 05 00 85 d2 0f 

Register to memory mapping:

RAX=0x00007f513de41550: <offset 0xfb7550> in /usr/lib/jvm/java-8-oracle/jre/lib/amd64/server/libjvm.so at 0x00007f513ce8a000
RBX=0x0000000000000000 is an unknown value
RCX=0x00000000f9a14af0 is an oop
org.sqlite.NativeDB 
 - klass: 'org/sqlite/NativeDB'
RDX=0x00007f513de4f9e0: <offset 0xfc59e0> in /usr/lib/jvm/java-8-oracle/jre/lib/amd64/server/libjvm.so at 0x00007f513ce8a000
RSP=0x00007f513ea6cb00 is pointing into the stack for thread: 0x00007f5138010000
RBP=0x00007f513ea6cba0 is pointing into the stack for thread: 0x00007f5138010000
RSI=0x00007f5138010000 is a thread
RDI=0x00007f513ea6cb40 is pointing into the stack for thread: 0x00007f5138010000
R8 =0x00007f51289e0c80 is at code_begin+0 in an Interpreter codelet
method entry point (kind = zerolocals)  [0x00007f51289e0c80, 0x00007f51289e1100]  1152 bytes
R9 =0x00000000f9a14af0 is an oop
org.sqlite.NativeDB 
 - klass: 'org/sqlite/NativeDB'
R10=0x0000000000000206 is an unknown value
R11=0x00007f513de4f9e8: <offset 0xfc59e8> in /usr/lib/jvm/java-8-oracle/jre/lib/amd64/server/libjvm.so at 0x00007f513ce8a000
R12=0x00007f5138010000 is a thread
R13=0x0000000000000000 is an unknown value
R14=0x00007f513ea6cc78 is pointing into the stack for thread: 0x00007f5138010000
R15=0x00007f513ea6cb40 is pointing into the stack for thread: 0x00007f5138010000


Stack: [0x00007f513e972000,0x00007f513ea73000],  sp=0x00007f513ea6cb00,  free space=1002k
Native frames: (J=compiled Java code, j=interpreted, Vv=VM code, C=native code)
V  [libjvm.so+0x6e2118]  jni_GetStringUTFChars+0xb8
C  [sqlite-3.7.2-libsqlitejdbc.so+0xd2b0]  Java_org_sqlite_NativeDB_prepare+0x2f

Java frames: (J=compiled Java code, j=interpreted, Vv=VM code)
j  org.sqlite.NativeDB.prepare(Ljava/lang/String;)J+0
j  org.sqlite.DB.prepare(Lorg/sqlite/Stmt;)V+21
j  org.sqlite.PrepStmt.<init>(Lorg/sqlite/Conn;Ljava/lang/String;)V+15
j  org.sqlite.Conn.prepareStatement(Ljava/lang/String;III)Ljava/sql/PreparedStatement;+14
j  org.sqlite.Conn.prepareStatement(Ljava/lang/String;II)Ljava/sql/PreparedStatement;+5
j  org.sqlite.Conn.prepareStatement(Ljava/lang/String;)Ljava/sql/PreparedStatement;+8
v  ~StubRoutines::call_stub
J 1253  sun.reflect.NativeMethodAccessorImpl.invoke0(Ljava/lang/reflect/Method;Ljava/lang/Object;[Ljava/lang/Object;)Ljava/lang/Object; (0 bytes) @ 0x00007f5128e12cf7 [0x00007f5128e12c80+0x77]
J 1252 C1 sun.reflect.NativeMethodAccessorImpl.invoke(Ljava/lang/Object;[Ljava/lang/Object;)Ljava/lang/Object; (104 bytes) @ 0x00007f5128e0b80c [0x00007f5128e0a680+0x118c]
J 1559 C2 sun.reflect.DelegatingMethodAccessorImpl.invoke(Ljava/lang/Object;[Ljava/lang/Object;)Ljava/lang/Object; (10 bytes) @ 0x00007f5128f61824 [0x00007f5128f617e0+0x44]
J 1240 C1 java.lang.reflect.Method.invoke(Ljava/lang/Object;[Ljava/lang/Object;)Ljava/lang/Object; (62 bytes) @ 0x00007f5128e051cc [0x00007f5128e04de0+0x3ec]
j  org.apache.tomcat.jdbc.pool.ProxyConnection.invoke(Ljava/lang/Object;Ljava/lang/reflect/Method;[Ljava/lang/Object;)Ljava/lang/Object;+237
j  org.apache.tomcat.jdbc.pool.JdbcInterceptor.invoke(Ljava/lang/Object;Ljava/lang/reflect/Method;[Ljava/lang/Object;)Ljava/lang/Object;+14
j  org.apache.tomcat.jdbc.pool.DisposableConnectionFacade.invoke(Ljava/lang/Object;Ljava/lang/reflect/Method;[Ljava/lang/Object;)Ljava/lang/Object;+93
j  com.sun.proxy.$Proxy83.prepareStatement(Ljava/lang/String;)Ljava/sql/PreparedStatement;+16
j  org.hibernate.engine.jdbc.internal.StatementPreparerImpl$1.doPrepare()Ljava/sql/PreparedStatement;+37
j  org.hibernate.engine.jdbc.internal.StatementPreparerImpl$StatementPreparationTemplate.prepareStatement()Ljava/sql/PreparedStatement;+45
j  org.hibernate.engine.jdbc.internal.StatementPreparerImpl.prepareStatement(Ljava/lang/String;)Ljava/sql/PreparedStatement;+6
j  org.hibernate.id.SequenceGenerator.generateHolder(Lorg/hibernate/engine/spi/SessionImplementor;)Lorg/hibernate/id/IntegralDataTypeHolder;+15
j  org.hibernate.id.SequenceHiLoGenerator$1.getNextValue()Lorg/hibernate/id/IntegralDataTypeHolder;+8
j  org.hibernate.id.enhanced.LegacyHiLoAlgorithmOptimizer.generate(Lorg/hibernate/id/enhanced/AccessCallback;)Ljava/io/Serializable;+25
j  org.hibernate.id.SequenceHiLoGenerator.generate(Lorg/hibernate/engine/spi/SessionImplementor;Ljava/lang/Object;)Ljava/io/Serializable;+53
j  org.hibernate.event.internal.AbstractSaveEventListener.saveWithGeneratedId(Ljava/lang/Object;Ljava/lang/String;Ljava/lang/Object;Lorg/hibernate/event/spi/EventSource;Z)Ljava/io/Serializable;+21
j  org.hibernate.jpa.event.internal.core.JpaPersistEventListener.saveWithGeneratedId(Ljava/lang/Object;Ljava/lang/String;Ljava/lang/Object;Lorg/hibernate/event/spi/EventSource;Z)Ljava/io/Serializable;+18
j  org.hibernate.event.internal.DefaultPersistEventListener.entityIsTransient(Lorg/hibernate/event/spi/PersistEvent;Ljava/util/Map;)V+55
j  org.hibernate.event.internal.DefaultPersistEventListener.onPersist(Lorg/hibernate/event/spi/PersistEvent;Ljava/util/Map;)V+324
j  org.hibernate.event.internal.DefaultPersistEventListener.onPersist(Lorg/hibernate/event/spi/PersistEvent;)V+11
j  org.hibernate.internal.SessionImpl.firePersist(Lorg/hibernate/event/spi/PersistEvent;)V+46
j  org.hibernate.internal.SessionImpl.persist(Ljava/lang/String;Ljava/lang/Object;)V+11
j  org.hibernate.internal.SessionImpl.persist(Ljava/lang/Object;)V+3
j  org.hibernate.jpa.spi.AbstractEntityManagerImpl.persist(Ljava/lang/Object;)V+9
v  ~StubRoutines::call_stub
J 1253  sun.reflect.NativeMethodAccessorImpl.invoke0(Ljava/lang/reflect/Method;Ljava/lang/Object;[Ljava/lang/Object;)Ljava/lang/Object; (0 bytes) @ 0x00007f5128e12cf7 [0x00007f5128e12c80+0x77]
J 1252 C1 sun.reflect.NativeMethodAccessorImpl.invoke(Ljava/lang/Object;[Ljava/lang/Object;)Ljava/lang/Object; (104 bytes) @ 0x00007f5128e0b80c [0x00007f5128e0a680+0x118c]
J 1559 C2 sun.reflect.DelegatingMethodAccessorImpl.invoke(Ljava/lang/Object;[Ljava/lang/Object;)Ljava/lang/Object; (10 bytes) @ 0x00007f5128f61824 [0x00007f5128f617e0+0x44]
J 1240 C1 java.lang.reflect.Method.invoke(Ljava/lang/Object;[Ljava/lang/Object;)Ljava/lang/Object; (62 bytes) @ 0x00007f5128e051cc [0x00007f5128e04de0+0x3ec]
j  org.springframework.orm.jpa.SharedEntityManagerCreator$SharedEntityManagerInvocationHandler.invoke(Ljava/lang/Object;Ljava/lang/reflect/Method;[Ljava/lang/Object;)Ljava/lang/Object;+495
j  com.sun.proxy.$Proxy92.persist(Ljava/lang/Object;)V+16
j  org.springframework.data.jpa.repository.support.SimpleJpaRepository.save(Ljava/lang/Object;)Ljava/lang/Object;+18
v  ~StubRoutines::call_stub
J 1253  sun.reflect.NativeMethodAccessorImpl.invoke0(Ljava/lang/reflect/Method;Ljava/lang/Object;[Ljava/lang/Object;)Ljava/lang/Object; (0 bytes) @ 0x00007f5128e12cf7 [0x00007f5128e12c80+0x77]
J 1252 C1 sun.reflect.NativeMethodAccessorImpl.invoke(Ljava/lang/Object;[Ljava/lang/Object;)Ljava/lang/Object; (104 bytes) @ 0x00007f5128e0b80c [0x00007f5128e0a680+0x118c]
J 1559 C2 sun.reflect.DelegatingMethodAccessorImpl.invoke(Ljava/lang/Object;[Ljava/lang/Object;)Ljava/lang/Object; (10 bytes) @ 0x00007f5128f61824 [0x00007f5128f617e0+0x44]
J 1240 C1 java.lang.reflect.Method.invoke(Ljava/lang/Object;[Ljava/lang/Object;)Ljava/lang/Object; (62 bytes) @ 0x00007f5128e051cc [0x00007f5128e04de0+0x3ec]
j  org.springframework.data.repository.core.support.RepositoryFactorySupport$QueryExecutorMethodInterceptor.executeMethodOn(Ljava/lang/Object;Ljava/lang/reflect/Method;[Ljava/lang/Object;)Ljava/lang/Object;+3
j  org.springframework.data.repository.core.support.RepositoryFactorySupport$QueryExecutorMethodInterceptor.doInvoke(Lorg/aopalliance/intercept/MethodInvocation;)Ljava/lang/Object;+94
j  org.springframework.data.repository.core.support.RepositoryFactorySupport$QueryExecutorMethodInterceptor.invoke(Lorg/aopalliance/intercept/MethodInvocation;)Ljava/lang/Object;+2
j  org.springframework.aop.framework.ReflectiveMethodInvocation.proceed()Ljava/lang/Object;+101
j  org.springframework.data.projection.DefaultMethodInvokingMethodInterceptor.invoke(Lorg/aopalliance/intercept/MethodInvocation;)Ljava/lang/Object;+15
j  org.springframework.aop.framework.ReflectiveMethodInvocation.proceed()Ljava/lang/Object;+101
j  org.springframework.transaction.interceptor.TransactionInterceptor$1.proceedWithInvocation()Ljava/lang/Object;+4
j  org.springframework.transaction.interceptor.TransactionAspectSupport.invokeWithinTransaction(Ljava/lang/reflect/Method;Ljava/lang/Class;Lorg/springframework/transaction/interceptor/TransactionAspectSupport$InvocationCallback;)Ljava/lang/Object;+60
j  org.springframework.transaction.interceptor.TransactionInterceptor.invoke(Lorg/aopalliance/intercept/MethodInvocation;)Ljava/lang/Object;+40
j  org.springframework.aop.framework.ReflectiveMethodInvocation.proceed()Ljava/lang/Object;+101
j  org.springframework.dao.support.PersistenceExceptionTranslationInterceptor.invoke(Lorg/aopalliance/intercept/MethodInvocation;)Ljava/lang/Object;+1
j  org.springframework.aop.framework.ReflectiveMethodInvocation.proceed()Ljava/lang/Object;+101
j  org.springframework.data.jpa.repository.support.CrudMethodMetadataPostProcessor$CrudMethodMetadataPopulatingMethodInterceptor.invoke(Lorg/aopalliance/intercept/MethodInvocation;)Ljava/lang/Object;+89
j  org.springframework.aop.framework.ReflectiveMethodInvocation.proceed()Ljava/lang/Object;+101
j  org.springframework.aop.interceptor.ExposeInvocationInterceptor.invoke(Lorg/aopalliance/intercept/MethodInvocation;)Ljava/lang/Object;+18
j  org.springframework.aop.framework.ReflectiveMethodInvocation.proceed()Ljava/lang/Object;+101
j  org.springframework.aop.framework.JdkDynamicAopProxy.invoke(Ljava/lang/Object;Ljava/lang/reflect/Method;[Ljava/lang/Object;)Ljava/lang/Object;+385
j  com.sun.proxy.$Proxy94.save(Ljava/lang/Object;)Ljava/lang/Object;+16
j  com.example.api.service.BookService.save(Lcom/example/entity/Book;)Lcom/example/entity/Book;+5
j  com.example.crudtest.CRUDTest.insertOperation()V+19
v  ~StubRoutines::call_stub
J 1253  sun.reflect.NativeMethodAccessorImpl.invoke0(Ljava/lang/reflect/Method;Ljava/lang/Object;[Ljava/lang/Object;)Ljava/lang/Object; (0 bytes) @ 0x00007f5128e12cf7 [0x00007f5128e12c80+0x77]
J 1252 C1 sun.reflect.NativeMethodAccessorImpl.invoke(Ljava/lang/Object;[Ljava/lang/Object;)Ljava/lang/Object; (104 bytes) @ 0x00007f5128e0b80c [0x00007f5128e0a680+0x118c]
J 1559 C2 sun.reflect.DelegatingMethodAccessorImpl.invoke(Ljava/lang/Object;[Ljava/lang/Object;)Ljava/lang/Object; (10 bytes) @ 0x00007f5128f61824 [0x00007f5128f617e0+0x44]
J 1240 C1 java.lang.reflect.Method.invoke(Ljava/lang/Object;[Ljava/lang/Object;)Ljava/lang/Object; (62 bytes) @ 0x00007f5128e051cc [0x00007f5128e04de0+0x3ec]
j  org.testng.internal.MethodInvocationHelper.invokeMethod(Ljava/lang/reflect/Method;Ljava/lang/Object;[Ljava/lang/Object;)Ljava/lang/Object;+242
j  org.testng.internal.MethodInvocationHelper$1.runTestMethod(Lorg/testng/ITestResult;)V+12
j  org.springframework.test.context.testng.AbstractTestNGSpringContextTests.run(Lorg/testng/IHookCallBack;Lorg/testng/ITestResult;)V+2
v  ~StubRoutines::call_stub
J 1253  sun.reflect.NativeMethodAccessorImpl.invoke0(Ljava/lang/reflect/Method;Ljava/lang/Object;[Ljava/lang/Object;)Ljava/lang/Object; (0 bytes) @ 0x00007f5128e12cf7 [0x00007f5128e12c80+0x77]
J 1252 C1 sun.reflect.NativeMethodAccessorImpl.invoke(Ljava/lang/Object;[Ljava/lang/Object;)Ljava/lang/Object; (104 bytes) @ 0x00007f5128e0b80c [0x00007f5128e0a680+0x118c]
J 1559 C2 sun.reflect.DelegatingMethodAccessorImpl.invoke(Ljava/lang/Object;[Ljava/lang/Object;)Ljava/lang/Object; (10 bytes) @ 0x00007f5128f61824 [0x00007f5128f617e0+0x44]
J 1240 C1 java.lang.reflect.Method.invoke(Ljava/lang/Object;[Ljava/lang/Object;)Ljava/lang/Object; (62 bytes) @ 0x00007f5128e051cc [0x00007f5128e04de0+0x3ec]
j  org.testng.internal.MethodInvocationHelper.invokeHookable(Ljava/lang/Object;[Ljava/lang/Object;Ljava/lang/Object;Ljava/lang/reflect/Method;Lorg/testng/internal/TestResult;)V+64
j  org.testng.internal.Invoker.invokeMethod([Ljava/lang/Object;ILorg/testng/ITestNGMethod;[Ljava/lang/Object;ILorg/testng/xml/XmlSuite;Ljava/util/Map;Lorg/testng/ITestClass;[Lorg/testng/ITestNGMethod;[Lorg/testng/ITestNGMethod;Lorg/testng/internal/ConfigurationGroupMethods;)Lorg/testng/ITestResult;+280
j  org.testng.internal.Invoker.invokeTestMethod([Ljava/lang/Object;Lorg/testng/ITestNGMethod;[Ljava/lang/Object;ILorg/testng/xml/XmlSuite;Ljava/util/Map;Lorg/testng/ITestClass;[Lorg/testng/ITestNGMethod;[Lorg/testng/ITestNGMethod;Lorg/testng/internal/ConfigurationGroupMethods;)Ljava/util/List;+46
j  org.testng.internal.Invoker.invokeTestMethods(Lorg/testng/ITestNGMethod;[Lorg/testng/ITestNGMethod;ILorg/testng/xml/XmlSuite;Ljava/util/Map;Lorg/testng/internal/ConfigurationGroupMethods;[Ljava/lang/Object;Lorg/testng/ITestContext;)Ljava/util/List;+705
j  org.testng.internal.TestMethodWorker.invokeTestMethods(Lorg/testng/ITestNGMethod;[Ljava/lang/Object;Lorg/testng/ITestContext;)V+32
j  org.testng.internal.TestMethodWorker.run()V+60
j  org.testng.TestRunner.privateRun(Lorg/testng/xml/XmlTest;)V+349
j  org.testng.TestRunner.run()V+26
j  org.testng.SuiteRunner.runTest(Lorg/testng/TestRunner;)V+1
j  org.testng.SuiteRunner.runSequentially()V+31
j  org.testng.SuiteRunner.privateRun()V+281
j  org.testng.SuiteRunner.run()V+6
j  org.testng.SuiteRunnerWorker.runSuite(Lorg/testng/internal/SuiteRunnerMap;Lorg/testng/xml/XmlSuite;)V+96
j  org.testng.SuiteRunnerWorker.run()V+12
j  org.testng.TestNG.runSuitesSequentially(Lorg/testng/xml/XmlSuite;Lorg/testng/internal/SuiteRunnerMap;ILjava/lang/String;)V+66
j  org.testng.TestNG.runSuitesLocally()Ljava/util/List;+117
j  org.testng.TestNG.run()V+77
j  org.testng.remote.AbstractRemoteTestNG.run()V+163
j  org.testng.remote.RemoteTestNG.initAndRun(Lorg/testng/remote/IRemoteTestNG;[Ljava/lang/String;Lorg/testng/CommandLineArgs;Lorg/testng/remote/RemoteArgs;)V+184
j  org.testng.remote.RemoteTestNG.main([Ljava/lang/String;)V+218
v  ~StubRoutines::call_stub

---------------  P R O C E S S  ---------------

Java Threads: ( => current thread )
  0x00007f51396e3000 JavaThread "http-nio-auto-1-47663-AsyncTimeout" daemon [_thread_blocked, id=4771, stack(0x00007f50cfdfe000,0x00007f50cfeff000)]
  0x00007f51396e1800 JavaThread "http-nio-auto-1-Acceptor-0" daemon [_thread_in_native, id=4770, stack(0x00007f50cfeff000,0x00007f50d0000000)]
  0x00007f51396df000 JavaThread "http-nio-auto-1-ClientPoller-1" daemon [_thread_in_native, id=4769, stack(0x00007f51040ae000,0x00007f51041af000)]
  0x00007f51396d0000 JavaThread "http-nio-auto-1-ClientPoller-0" daemon [_thread_in_native, id=4768, stack(0x00007f51041af000,0x00007f51042b0000)]
  0x00007f51396be000 JavaThread "NioBlockingSelector.BlockPoller-1" daemon [_thread_in_native, id=4767, stack(0x00007f51042b0000,0x00007f51043b1000)]
  0x00007f5139323000 JavaThread "Tomcat JDBC Pool Cleaner[865113938:1485171469535]" daemon [_thread_blocked, id=4765, stack(0x00007f5105039000,0x00007f510513a000)]
  0x00007f51385c5800 JavaThread "container-0" [_thread_blocked, id=4764, stack(0x00007f510533a000,0x00007f510543b000)]
  0x00007f5138e36800 JavaThread "ContainerBackgroundProcessor[StandardEngine[Tomcat]]" daemon [_thread_blocked, id=4763, stack(0x00007f510543b000,0x00007f510553c000)]
  0x00007f50e0067800 JavaThread "localhost-startStop-1" daemon [_thread_blocked, id=4762, stack(0x00007f510573c000,0x00007f510583d000)]
  0x00007f5138e33000 JavaThread "Tomcat-startStop-1" daemon [_thread_blocked, id=4761, stack(0x00007f510672b000,0x00007f510682c000)]
  0x00007f51384be000 JavaThread "ReaderThread" [_thread_in_native, id=4759, stack(0x00007f5107039000,0x00007f510713a000)]
  0x00007f51380c7000 JavaThread "Service Thread" daemon [_thread_blocked, id=4756, stack(0x00007f510761a000,0x00007f510771b000)]
  0x00007f51380c4000 JavaThread "C1 CompilerThread2" daemon [_thread_blocked, id=4755, stack(0x00007f510771b000,0x00007f510781c000)]
  0x00007f51380c2000 JavaThread "C2 CompilerThread1" daemon [_thread_in_native, id=4754, stack(0x00007f510781c000,0x00007f510791d000)]
  0x00007f51380bf000 JavaThread "C2 CompilerThread0" daemon [_thread_in_native, id=4753, stack(0x00007f51240ca000,0x00007f51241cb000)]
  0x00007f51380be000 JavaThread "Signal Dispatcher" daemon [_thread_blocked, id=4752, stack(0x00007f51241cb000,0x00007f51242cc000)]
  0x00007f513808a000 JavaThread "Finalizer" daemon [_thread_blocked, id=4751, stack(0x00007f51242cc000,0x00007f51243cd000)]
  0x00007f5138085800 JavaThread "Reference Handler" daemon [_thread_blocked, id=4749, stack(0x00007f51243cd000,0x00007f51244ce000)]
=>0x00007f5138010000 JavaThread "main" [_thread_in_vm, id=4740, stack(0x00007f513e972000,0x00007f513ea73000)]

Other Threads:
  0x00007f513807e000 VMThread [stack: 0x00007f51244ce000,0x00007f51245cf000] [id=4748]
  0x00007f51380ca000 WatcherThread [stack: 0x00007f5107519000,0x00007f510761a000] [id=4757]

VM state:not at safepoint (normal execution)

VM Mutex/Monitor currently owned by a thread: None

Heap:
 PSYoungGen      total 210944K, used 44911K [0x00000000ebe00000, 0x00000000fa580000, 0x0000000100000000)
  eden space 196608K, 15% used [0x00000000ebe00000,0x00000000edc515c8,0x00000000f7e00000)
  from space 14336K, 96% used [0x00000000f9780000,0x00000000fa50a870,0x00000000fa580000)
  to   space 17408K, 0% used [0x00000000f8380000,0x00000000f8380000,0x00000000f9480000)
 ParOldGen       total 65024K, used 22342K [0x00000000c3a00000, 0x00000000c7980000, 0x00000000ebe00000)
  object space 65024K, 34% used [0x00000000c3a00000,0x00000000c4fd1988,0x00000000c7980000)
 Metaspace       used 45086K, capacity 45420K, committed 45824K, reserved 1089536K
  class space    used 5899K, capacity 6029K, committed 6144K, reserved 1048576K

Card table byte_map: [0x00007f512842a000,0x00007f512860e000] byte_map_base: 0x00007f5127e0d000

Marking Bits: (ParMarkBitMap*) 0x00007f513de4ec80
 Begin Bits: [0x00007f51261b5000, 0x00007f51270cd000)
 End Bits:   [0x00007f51270cd000, 0x00007f5127fe5000)

Polling page: 0x00007f513ea98000

CodeCache: size=245760Kb used=11974Kb max_used=12000Kb free=233785Kb
 bounds [0x00007f51289ce000, 0x00007f512959e000, 0x00007f51379ce000]
 total_blobs=3983 nmethods=3512 adapters=384
 compilation: enabled

Compilation events (10 events):
Event: 9.821 Thread 0x00007f51380c2000 nmethod 4032 0x00007f512957d010 code [0x00007f512957d1a0, 0x00007f512957da38]
Event: 9.821 Thread 0x00007f51380c4000 4049       1       org.testng.shaded.com.google.gson.reflect.TypeToken::hashCode (5 bytes)
Event: 9.821 Thread 0x00007f51380c4000 nmethod 4049 0x00007f5129028410 code [0x00007f5129028560, 0x00007f5129028670]
Event: 9.821 Thread 0x00007f51380c2000 4029       4       java.util.Properties$LineReader::readLine (468 bytes)
Event: 9.822 Thread 0x00007f51380c4000 4051       2       java.io.BufferedWriter::ensureOpen (18 bytes)
Event: 9.822 Thread 0x00007f51380c4000 nmethod 4051 0x00007f512923d890 code [0x00007f512923da00, 0x00007f512923dc08]
Event: 9.837 Thread 0x00007f51380c4000 4052       2       org.hibernate.service.internal.ConcurrentServiceBinding::hashKey (5 bytes)
Event: 9.837 Thread 0x00007f51380c4000 nmethod 4052 0x00007f512923d510 code [0x00007f512923d680, 0x00007f512923d7e8]
Event: 9.838 Thread 0x00007f51380c4000 4053       2       sun.reflect.NativeMethodAccessorImpl::setParent (6 bytes)
Event: 9.838 Thread 0x00007f51380c4000 nmethod 4053 0x00007f512939b0d0 code [0x00007f512939b220, 0x00007f512939b390]

GC Heap History (10 events):
Event: 4.445 GC heap before
{Heap before GC invocations=8 (full 1):
 PSYoungGen      total 101888K, used 101467K [0x00000000ebe00000, 0x00000000f4980000, 0x0000000100000000)
  eden space 98816K, 100% used [0x00000000ebe00000,0x00000000f1e80000,0x00000000f1e80000)
  from space 3072K, 86% used [0x00000000f4680000,0x00000000f4916d00,0x00000000f4980000)
  to   space 12288K, 0% used [0x00000000f3180000,0x00000000f3180000,0x00000000f3d80000)
 ParOldGen       total 45568K, used 13081K [0x00000000c3a00000, 0x00000000c6680000, 0x00000000ebe00000)
  object space 45568K, 28% used [0x00000000c3a00000,0x00000000c46c6590,0x00000000c6680000)
 Metaspace       used 25706K, capacity 26002K, committed 26112K, reserved 1073152K
  class space    used 3181K, capacity 3278K, committed 3328K, reserved 1048576K
Event: 4.465 GC heap after
Heap after GC invocations=8 (full 1):
 PSYoungGen      total 130560K, used 8545K [0x00000000ebe00000, 0x00000000f6f00000, 0x0000000100000000)
  eden space 118272K, 0% used [0x00000000ebe00000,0x00000000ebe00000,0x00000000f3180000)
  from space 12288K, 69% used [0x00000000f3180000,0x00000000f39d84a8,0x00000000f3d80000)
  to   space 12800K, 0% used [0x00000000f6280000,0x00000000f6280000,0x00000000f6f00000)
 ParOldGen       total 45568K, used 13089K [0x00000000c3a00000, 0x00000000c6680000, 0x00000000ebe00000)
  object space 45568K, 28% used [0x00000000c3a00000,0x00000000c46c8590,0x00000000c6680000)
 Metaspace       used 25706K, capacity 26002K, committed 26112K, reserved 1073152K
  class space    used 3181K, capacity 3278K, committed 3328K, reserved 1048576K
}
Event: 6.341 GC heap before
{Heap before GC invocations=9 (full 1):
 PSYoungGen      total 130560K, used 126814K [0x00000000ebe00000, 0x00000000f6f00000, 0x0000000100000000)
  eden space 118272K, 99% used [0x00000000ebe00000,0x00000000f317f470,0x00000000f3180000)
  from space 12288K, 69% used [0x00000000f3180000,0x00000000f39d84a8,0x00000000f3d80000)
  to   space 12800K, 0% used [0x00000000f6280000,0x00000000f6280000,0x00000000f6f00000)
 ParOldGen       total 45568K, used 13089K [0x00000000c3a00000, 0x00000000c6680000, 0x00000000ebe00000)
  object space 45568K, 28% used [0x00000000c3a00000,0x00000000c46c8590,0x00000000c6680000)
 Metaspace       used 30371K, capacity 30646K, committed 30848K, reserved 1077248K
  class space    used 3766K, capacity 3860K, committed 3968K, reserved 1048576K
Event: 6.367 GC heap after
Heap after GC invocations=9 (full 1):
 PSYoungGen      total 166912K, used 10184K [0x00000000ebe00000, 0x00000000f8d80000, 0x0000000100000000)
  eden space 154112K, 0% used [0x00000000ebe00000,0x00000000ebe00000,0x00000000f5480000)
  from space 12800K, 79% used [0x00000000f6280000,0x00000000f6c72228,0x00000000f6f00000)
  to   space 14336K, 0% used [0x00000000f5480000,0x00000000f5480000,0x00000000f6280000)
 ParOldGen       total 45568K, used 13097K [0x00000000c3a00000, 0x00000000c6680000, 0x00000000ebe00000)
  object space 45568K, 28% used [0x00000000c3a00000,0x00000000c46ca590,0x00000000c6680000)
 Metaspace       used 30371K, capacity 30646K, committed 30848K, reserved 1077248K
  class space    used 3766K, capacity 3860K, committed 3968K, reserved 1048576K
}
Event: 7.468 GC heap before
{Heap before GC invocations=10 (full 1):
 PSYoungGen      total 166912K, used 105510K [0x00000000ebe00000, 0x00000000f8d80000, 0x0000000100000000)
  eden space 154112K, 61% used [0x00000000ebe00000,0x00000000f1b17820,0x00000000f5480000)
  from space 12800K, 79% used [0x00000000f6280000,0x00000000f6c72228,0x00000000f6f00000)
  to   space 14336K, 0% used [0x00000000f5480000,0x00000000f5480000,0x00000000f6280000)
 ParOldGen       total 45568K, used 13097K [0x00000000c3a00000, 0x00000000c6680000, 0x00000000ebe00000)
  object space 45568K, 28% used [0x00000000c3a00000,0x00000000c46ca590,0x00000000c6680000)
 Metaspace       used 35051K, capacity 35350K, committed 35496K, reserved 1081344K
  class space    used 4501K, capacity 4580K, committed 4608K, reserved 1048576K
Event: 7.492 GC heap after
Heap after GC invocations=10 (full 1):
 PSYoungGen      total 168448K, used 12433K [0x00000000ebe00000, 0x00000000fa700000, 0x0000000100000000)
  eden space 154112K, 0% used [0x00000000ebe00000,0x00000000ebe00000,0x00000000f5480000)
  from space 14336K, 86% used [0x00000000f5480000,0x00000000f60a47f8,0x00000000f6280000)
  to   space 15872K, 0% used [0x00000000f9780000,0x00000000f9780000,0x00000000fa700000)
 ParOldGen       total 45568K, used 14260K [0x00000000c3a00000, 0x00000000c6680000, 0x00000000ebe00000)
  object space 45568K, 31% used [0x00000000c3a00000,0x00000000c47ed2c8,0x00000000c6680000)
 Metaspace       used 35051K, capacity 35350K, committed 35496K, reserved 1081344K
  class space    used 4501K, capacity 4580K, committed 4608K, reserved 1048576K
}
Event: 7.492 GC heap before
{Heap before GC invocations=11 (full 2):
 PSYoungGen      total 168448K, used 12433K [0x00000000ebe00000, 0x00000000fa700000, 0x0000000100000000)
  eden space 154112K, 0% used [0x00000000ebe00000,0x00000000ebe00000,0x00000000f5480000)
  from space 14336K, 86% used [0x00000000f5480000,0x00000000f60a47f8,0x00000000f6280000)
  to   space 15872K, 0% used [0x00000000f9780000,0x00000000f9780000,0x00000000fa700000)
 ParOldGen       total 45568K, used 14260K [0x00000000c3a00000, 0x00000000c6680000, 0x00000000ebe00000)
  object space 45568K, 31% used [0x00000000c3a00000,0x00000000c47ed2c8,0x00000000c6680000)
 Metaspace       used 35051K, capacity 35350K, committed 35496K, reserved 1081344K
  class space    used 4501K, capacity 4580K, committed 4608K, reserved 1048576K
Event: 7.606 GC heap after
Heap after GC invocations=11 (full 2):
 PSYoungGen      total 168448K, used 0K [0x00000000ebe00000, 0x00000000fa700000, 0x0000000100000000)
  eden space 154112K, 0% used [0x00000000ebe00000,0x00000000ebe00000,0x00000000f5480000)
  from space 14336K, 0% used [0x00000000f5480000,0x00000000f5480000,0x00000000f6280000)
  to   space 15872K, 0% used [0x00000000f9780000,0x00000000f9780000,0x00000000fa700000)
 ParOldGen       total 65024K, used 22334K [0x00000000c3a00000, 0x00000000c7980000, 0x00000000ebe00000)
  object space 65024K, 34% used [0x00000000c3a00000,0x00000000c4fcf988,0x00000000c7980000)
 Metaspace       used 35051K, capacity 35350K, committed 35496K, reserved 1081344K
  class space    used 4501K, capacity 4580K, committed 4608K, reserved 1048576K
}
Event: 9.509 GC heap before
{Heap before GC invocations=12 (full 2):
 PSYoungGen      total 168448K, used 154112K [0x00000000ebe00000, 0x00000000fa700000, 0x0000000100000000)
  eden space 154112K, 100% used [0x00000000ebe00000,0x00000000f5480000,0x00000000f5480000)
  from space 14336K, 0% used [0x00000000f5480000,0x00000000f5480000,0x00000000f6280000)
  to   space 15872K, 0% used [0x00000000f9780000,0x00000000f9780000,0x00000000fa700000)
 ParOldGen       total 65024K, used 22334K [0x00000000c3a00000, 0x00000000c7980000, 0x00000000ebe00000)
  object space 65024K, 34% used [0x00000000c3a00000,0x00000000c4fcf988,0x00000000c7980000)
 Metaspace       used 44212K, capacity 44570K, committed 44928K, reserved 1087488K
  class space    used 5786K, capacity 5898K, committed 6016K, reserved 1048576K
Event: 9.529 GC heap after
Heap after GC invocations=12 (full 2):
 PSYoungGen      total 210944K, used 13866K [0x00000000ebe00000, 0x00000000fa580000, 0x0000000100000000)
  eden space 196608K, 0% used [0x00000000ebe00000,0x00000000ebe00000,0x00000000f7e00000)
  from space 14336K, 96% used [0x00000000f9780000,0x00000000fa50a870,0x00000000fa580000)
  to   space 17408K, 0% used [0x00000000f8380000,0x00000000f8380000,0x00000000f9480000)
 ParOldGen       total 65024K, used 22342K [0x00000000c3a00000, 0x00000000c7980000, 0x00000000ebe00000)
  object space 65024K, 34% used [0x00000000c3a00000,0x00000000c4fd1988,0x00000000c7980000)
 Metaspace       used 44212K, capacity 44570K, committed 44928K, reserved 1087488K
  class space    used 5786K, capacity 5898K, committed 6016K, reserved 1048576K
}

Deoptimization events (10 events):
Event: 8.089 Thread 0x00007f5138010000 Uncommon trap: reason=unstable_if action=reinterpret pc=0x00007f5128be4dec method=java.util.HashMap.getNode(ILjava/lang/Object;)Ljava/util/HashMap$Node; @ 84
Event: 8.089 Thread 0x00007f5138010000 Uncommon trap: reason=unstable_if action=reinterpret pc=0x00007f5128eefdc0 method=java.util.HashMap.putVal(ILjava/lang/Object;Ljava/lang/Object;ZZ)Ljava/lang/Object; @ 109
Event: 8.592 Thread 0x00007f5138010000 Uncommon trap: reason=unstable_if action=reinterpret pc=0x00007f5128b74000 method=java.util.concurrent.ConcurrentHashMap.putVal(Ljava/lang/Object;Ljava/lang/Object;Z)Ljava/lang/Object; @ 331
Event: 8.593 Thread 0x00007f5138010000 Uncommon trap: reason=unstable_if action=reinterpret pc=0x00007f5128dfe9f0 method=java.util.concurrent.ConcurrentHashMap.get(Ljava/lang/Object;)Ljava/lang/Object; @ 86
Event: 8.646 Thread 0x00007f5138010000 Uncommon trap: reason=unstable_if action=reinterpret pc=0x00007f51291077ec method=java.util.WeakHashMap.put(Ljava/lang/Object;Ljava/lang/Object;)Ljava/lang/Object; @ 47
Event: 8.705 Thread 0x00007f5138010000 Uncommon trap: reason=null_check action=make_not_entrant pc=0x00007f512933ffd8 method=org.springframework.util.ClassUtils.isAssignable(Ljava/lang/Class;Ljava/lang/Class;)Z @ 14
Event: 8.742 Thread 0x00007f5138010000 Uncommon trap: reason=unstable_if action=reinterpret pc=0x00007f51291135a4 method=sun.reflect.misc.ReflectUtil.isNonPublicProxyClass(Ljava/lang/Class;)Z @ 33
Event: 8.952 Thread 0x00007f5138010000 Uncommon trap: reason=unstable_if action=reinterpret pc=0x00007f5128caeed0 method=java.util.concurrent.ConcurrentHashMap.transfer([Ljava/util/concurrent/ConcurrentHashMap$Node;[Ljava/util/concurrent/ConcurrentHashMap$Node;)V @ 356
Event: 8.952 Thread 0x00007f5138010000 Uncommon trap: reason=unstable_if action=reinterpret pc=0x00007f5128d8e4c8 method=java.util.concurrent.ConcurrentHashMap.transfer([Ljava/util/concurrent/ConcurrentHashMap$Node;[Ljava/util/concurrent/ConcurrentHashMap$Node;)V @ 356
Event: 9.702 Thread 0x00007f5138010000 Uncommon trap: reason=unstable_if action=reinterpret pc=0x00007f512943adf4 method=org.springframework.util.ConcurrentReferenceHashMap$Segment.clear()V @ 4

Internal exceptions (10 events):
Event: 9.603 Thread 0x00007f5138010000 Exception <a 'java/lang/ClassNotFoundException': org/springframework/boot/autoconfigure/web/WebClientAutoConfigurationCustomizer> (0x00000000ec693220) thrown at [/HUDSON3/workspace/8-2-build-linux-amd64/jdk8u121/8372/hotspot/src/share/vm/classfile/systemD
Event: 9.603 Thread 0x00007f5138010000 Exception <a 'java/lang/ClassNotFoundException': org/springframework/boot/autoconfigure/web/WebClientAutoConfiguration$$EnhancerBySpringCGLIB$$52d5929eCustomizer> (0x00000000ec6b7238) thrown at [/HUDSON3/workspace/8-2-build-linux-amd64/jdk8u121/8372/hotsp
Event: 9.604 Thread 0x00007f5138010000 Exception <a 'java/lang/ClassNotFoundException': org/springframework/context/annotation/ConfigurationClassEnhancer$EnhancedConfigurationCustomizer> (0x00000000ec6dbc90) thrown at [/HUDSON3/workspace/8-2-build-linux-amd64/jdk8u121/8372/hotspot/src/share/vm
Event: 9.806 Thread 0x00007f5138010000 Exception <a 'java/lang/ClassNotFoundException': java/lang/ObjectCustomizer> (0x00000000ed61edf8) thrown at [/HUDSON3/workspace/8-2-build-linux-amd64/jdk8u121/8372/hotspot/src/share/vm/classfile/systemDictionary.cpp, line 210]
Event: 9.806 Thread 0x00007f5138010000 Exception <a 'java/lang/ClassNotFoundException': org/springframework/test/context/testng/AbstractTestNGSpringContextTestsCustomizer> (0x00000000ed828bf0) thrown at [/HUDSON3/workspace/8-2-build-linux-amd64/jdk8u121/8372/hotspot/src/share/vm/classfile/syst
Event: 9.807 Thread 0x00007f5138010000 Exception <a 'java/lang/ClassNotFoundException': com/example/crudtest/CRUDTestCustomizer> (0x00000000ed83bb28) thrown at [/HUDSON3/workspace/8-2-build-linux-amd64/jdk8u121/8372/hotspot/src/share/vm/classfile/systemDictionary.cpp, line 210]
Event: 9.807 Thread 0x00007f5138010000 Exception <a 'java/lang/ClassNotFoundException': org/testng/IHookableCustomizer> (0x00000000ed84c8c0) thrown at [/HUDSON3/workspace/8-2-build-linux-amd64/jdk8u121/8372/hotspot/src/share/vm/classfile/systemDictionary.cpp, line 210]
Event: 9.807 Thread 0x00007f5138010000 Exception <a 'java/lang/ClassNotFoundException': org/springframework/context/ApplicationContextAwareCustomizer> (0x00000000ed863180) thrown at [/HUDSON3/workspace/8-2-build-linux-amd64/jdk8u121/8372/hotspot/src/share/vm/classfile/systemDictionary.cpp, lin
Event: 9.842 Thread 0x00007f5138010000 Exception <a 'java/lang/ClassNotFoundException': java/lang/ObjectCustomizer> (0x00000000ed9f2608) thrown at [/HUDSON3/workspace/8-2-build-linux-amd64/jdk8u121/8372/hotspot/src/share/vm/classfile/systemDictionary.cpp, line 210]
Event: 9.842 Thread 0x00007f5138010000 Exception <a 'java/lang/ClassNotFoundException': com/example/entity/BookCustomizer> (0x00000000eda05308) thrown at [/HUDSON3/workspace/8-2-build-linux-amd64/jdk8u121/8372/hotspot/src/share/vm/classfile/systemDictionary.cpp, line 210]

Events (10 events):
Event: 9.848 loading class org/hibernate/engine/jdbc/internal/FormatStyle
Event: 9.848 loading class org/hibernate/engine/jdbc/internal/FormatStyle done
Event: 9.848 loading class org/hibernate/engine/jdbc/internal/Formatter
Event: 9.848 loading class org/hibernate/engine/jdbc/internal/Formatter done
Event: 9.849 loading class org/hibernate/engine/jdbc/internal/BasicFormatterImpl
Event: 9.849 loading class org/hibernate/engine/jdbc/internal/BasicFormatterImpl done
Event: 9.849 loading class org/hibernate/engine/jdbc/internal/DDLFormatterImpl
Event: 9.849 loading class org/hibernate/engine/jdbc/internal/DDLFormatterImpl done
Event: 9.850 loading class org/hibernate/engine/jdbc/internal/FormatStyle$NoFormatImpl
Event: 9.850 loading class org/hibernate/engine/jdbc/internal/FormatStyle$NoFormatImpl done


Dynamic libraries:
00400000-00401000 r-xp 00000000 08:03 3554757                            /usr/lib/jvm/java-8-oracle/bin/java
00600000-00601000 rw-p 00000000 08:03 3554757                            /usr/lib/jvm/java-8-oracle/bin/java
01427000-01448000 rw-p 00000000 00:00 0                                  [heap]
c3a00000-c7980000 rw-p 00000000 00:00 0 
c7980000-ebe00000 ---p 00000000 00:00 0 
ebe00000-fa580000 rw-p 00000000 00:00 0 
fa580000-100000000 ---p 00000000 00:00 0 
100000000-100600000 rw-p 00000000 00:00 0 
100600000-140000000 ---p 00000000 00:00 0 
7f50bc000000-7f50bc021000 rw-p 00000000 00:00 0 
7f50bc021000-7f50c0000000 ---p 00000000 00:00 0 
7f50c0000000-7f50c0021000 rw-p 00000000 00:00 0 
7f50c0021000-7f50c4000000 ---p 00000000 00:00 0 
7f50c4000000-7f50c4021000 rw-p 00000000 00:00 0 
7f50c4021000-7f50c8000000 ---p 00000000 00:00 0 
7f50c8000000-7f50c8021000 rw-p 00000000 00:00 0 
7f50c8021000-7f50cc000000 ---p 00000000 00:00 0 
7f50cfdfe000-7f50cfe01000 ---p 00000000 00:00 0 
7f50cfe01000-7f50cfeff000 rw-p 00000000 00:00 0                          [stack:4771]
7f50cfeff000-7f50cff02000 ---p 00000000 00:00 0 
7f50cff02000-7f50d0000000 rw-p 00000000 00:00 0                          [stack:4770]
7f50d0000000-7f50d0021000 rw-p 00000000 00:00 0 
7f50d0021000-7f50d4000000 ---p 00000000 00:00 0 
7f50d4000000-7f50d4021000 rw-p 00000000 00:00 0 
7f50d4021000-7f50d8000000 ---p 00000000 00:00 0 
7f50d8000000-7f50d8021000 rw-p 00000000 00:00 0 
7f50d8021000-7f50dc000000 ---p 00000000 00:00 0 
7f50dc000000-7f50dc021000 rw-p 00000000 00:00 0 
7f50dc021000-7f50e0000000 ---p 00000000 00:00 0 
7f50e0000000-7f50e0212000 rw-p 00000000 00:00 0 
7f50e0212000-7f50e4000000 ---p 00000000 00:00 0 
7f50e4000000-7f50e42c9000 rw-p 00000000 00:00 0 
7f50e42c9000-7f50e8000000 ---p 00000000 00:00 0 
7f50e8000000-7f50e8021000 rw-p 00000000 00:00 0 
7f50e8021000-7f50ec000000 ---p 00000000 00:00 0 
7f50ec000000-7f50ec021000 rw-p 00000000 00:00 0 
7f50ec021000-7f50f0000000 ---p 00000000 00:00 0 
7f50f0000000-7f50f14f4000 rw-p 00000000 00:00 0 
7f50f14f4000-7f50f4000000 ---p 00000000 00:00 0 
7f50f4000000-7f50f4021000 rw-p 00000000 00:00 0 
7f50f4021000-7f50f8000000 ---p 00000000 00:00 0 
7f50f8000000-7f50f992b000 rw-p 00000000 00:00 0 
7f50f992b000-7f50fc000000 ---p 00000000 00:00 0 
7f50fc000000-7f50fdb3f000 rw-p 00000000 00:00 0 
7f50fdb3f000-7f5100000000 ---p 00000000 00:00 0 
7f5100000000-7f5100021000 rw-p 00000000 00:00 0 
7f5100021000-7f5104000000 ---p 00000000 00:00 0 
7f51040ae000-7f51040b1000 ---p 00000000 00:00 0 
7f51040b1000-7f51041af000 rw-p 00000000 00:00 0                          [stack:4769]
7f51041af000-7f51041b2000 ---p 00000000 00:00 0 
7f51041b2000-7f51042b0000 rw-p 00000000 00:00 0                          [stack:4768]
7f51042b0000-7f51042b3000 ---p 00000000 00:00 0 
7f51042b3000-7f5104471000 rw-p 00000000 00:00 0                          [stack:4767]
7f5104471000-7f51045b1000 ---p 00000000 00:00 0 
7f51045b1000-7f51047b1000 rw-p 00000000 00:00 0 
7f51047b1000-7f51049b1000 rw-p 00000000 00:00 0 
7f51049b1000-7f5104bb1000 rw-p 00000000 00:00 0 
7f5104bb1000-7f5104c35000 r-xp 00000000 08:03 5917606                    /tmp/sqlite-3.7.2-libsqlitejdbc.so
7f5104c35000-7f5104e35000 ---p 00084000 08:03 5917606                    /tmp/sqlite-3.7.2-libsqlitejdbc.so
7f5104e35000-7f5104e36000 r--p 00084000 08:03 5917606                    /tmp/sqlite-3.7.2-libsqlitejdbc.so
7f5104e36000-7f5104e39000 rw-p 00085000 08:03 5917606                    /tmp/sqlite-3.7.2-libsqlitejdbc.so
7f5104e39000-7f5105039000 rw-p 00000000 00:00 0 
7f5105039000-7f510503c000 ---p 00000000 00:00 0 
7f510503c000-7f510533a000 rw-p 00000000 00:00 0                          [stack:4765]
7f510533a000-7f510533d000 ---p 00000000 00:00 0 
7f510533d000-7f510543b000 rw-p 00000000 00:00 0                          [stack:4764]
7f510543b000-7f510543e000 ---p 00000000 00:00 0 
7f510543e000-7f510573c000 rw-p 00000000 00:00 0                          [stack:4763]
7f510573c000-7f510573f000 ---p 00000000 00:00 0 
7f510573f000-7f5105a3d000 rw-p 00000000 00:00 0                          [stack:4762]
7f5105a6c000-7f5105c6d000 rw-p 00000000 00:00 0 
7f5105c6d000-7f5105c80000 r--s 00345000 08:03 3569668                    /usr/lib/jvm/java-8-oracle/jre/lib/resources.jar
7f5105c80000-7f5105e80000 rw-p 00000000 00:00 0 
7f5105e80000-7f5105f15000 r--s 01109000 08:03 3569596                    /usr/lib/jvm/java-8-oracle/jre/lib/ext/jfxrt.jar
7f5105f15000-7f5106115000 rw-p 00000000 00:00 0 
7f5106115000-7f5106126000 r-xp 00000000 08:03 4870868                    /usr/lib/jvm/java-8-oracle/jre/lib/amd64/libnio.so
7f5106126000-7f5106325000 ---p 00011000 08:03 4870868                    /usr/lib/jvm/java-8-oracle/jre/lib/amd64/libnio.so
7f5106325000-7f5106326000 rw-p 00010000 08:03 4870868                    /usr/lib/jvm/java-8-oracle/jre/lib/amd64/libnio.so
7f5106326000-7f5106526000 rw-p 00000000 00:00 0 
7f5106526000-7f510652b000 r--s 002f9000 08:03 3569547                    /usr/lib/jvm/java-8-oracle/jre/lib/charsets.jar
7f510652b000-7f510672b000 rw-p 00000000 00:00 0 
7f510672b000-7f510672e000 ---p 00000000 00:00 0 
7f510672e000-7f510682c000 rw-p 00000000 00:00 0                          [stack:4761]
7f510682c000-7f5106835000 r-xp 00000000 08:03 4870832                    /usr/lib/jvm/java-8-oracle/jre/lib/amd64/libmanagement.so
7f5106835000-7f5106a34000 ---p 00009000 08:03 4870832                    /usr/lib/jvm/java-8-oracle/jre/lib/amd64/libmanagement.so
7f5106a34000-7f5106a35000 rw-p 00008000 08:03 4870832                    /usr/lib/jvm/java-8-oracle/jre/lib/amd64/libmanagement.so
7f5106a35000-7f5106c35000 rw-p 00000000 00:00 0 
7f5106c35000-7f5106e35000 rw-p 00000000 00:00 0 
7f5106e35000-7f5107035000 rw-p 00000000 00:00 0 
7f5107035000-7f5107039000 r--s 0009a000 08:03 3569602                    /usr/lib/jvm/java-8-oracle/jre/lib/jsse.jar
7f5107039000-7f510703c000 ---p 00000000 00:00 0 
7f510703c000-7f510713a000 rw-p 00000000 00:00 0                          [stack:4759]
7f510713a000-7f5107150000 r-xp 00000000 08:03 4870893                    /usr/lib/jvm/java-8-oracle/jre/lib/amd64/libnet.so
7f5107150000-7f5107350000 ---p 00016000 08:03 4870893                    /usr/lib/jvm/java-8-oracle/jre/lib/amd64/libnet.so
7f5107350000-7f5107351000 rw-p 00016000 08:03 4870893                    /usr/lib/jvm/java-8-oracle/jre/lib/amd64/libnet.so
7f5107351000-7f5107352000 r--s 0000c000 08:03 5916924                    /home/sharmila/.gradle/caches/modules-2/files-2.1/org.ow2.asm/asm/5.0.3/dcc2193db20e19e1feca8b1240dbbc4e190824fa/asm-5.0.3.jar
7f5107352000-7f510735c000 r--s 00069000 08:03 5923589                    /home/sharmila/.gradle/caches/modules-2/files-2.1/ch.qos.logback/logback-core/1.1.8/b4d1c3dea91727faf8b3d19cf4b9b972d6c0b89/logback-core-1.1.8.jar
7f510735c000-7f510735e000 r--s 00012000 08:03 5916922                    /home/sharmila/.gradle/caches/modules-2/files-2.1/net.minidev/accessors-smart/1.1/a527213f2fea112a04c9bdf0ec0264e34104cd08/accessors-smart-1.1.jar
7f510735e000-7f5107360000 r--s 00009000 08:03 5923902                    /home/sharmila/.gradle/caches/modules-2/files-2.1/org.apache.tomcat/tomcat-juli/8.5.6/83d2d1e3362ecca504f3bf8ed1bc4cc451754d24/tomcat-juli-8.5.6.jar
7f5107360000-7f5107369000 r--s 0002d000 08:03 5923903                    /home/sharmila/.gradle/caches/modules-2/files-2.1/xml-apis/xml-apis/1.4.01/3789d9fada2d3d458c4ba2de349d48780f381ee3/xml-apis-1.4.01.jar
7f5107369000-7f510736b000 r--s 00004000 08:03 5923588                    /home/sharmila/.gradle/caches/modules-2/files-2.1/org.slf4j/log4j-over-slf4j/1.7.22/a527c37e9ca6c3d19ba298edd4aa344ca751a203/log4j-over-slf4j-1.7.22.jar
7f510736b000-7f510736d000 r--s 00000000 08:03 5923587                    /home/sharmila/.gradle/caches/modules-2/files-2.1/org.slf4j/jul-to-slf4j/1.7.22/b0429e950b3d2bc2c39c1bacafac753edbe3781c/jul-to-slf4j-1.7.22.jar
7f510736d000-7f5107373000 r--s 00045000 08:03 5923585                    /home/sharmila/.gradle/caches/modules-2/files-2.1/ch.qos.logback/logback-classic/1.1.8/e54f49a227611976642f81cf2106b81c1ece8bf5/logback-classic-1.1.8.jar
7f5107373000-7f5107374000 r--s 0000f000 08:03 5916909                    /home/sharmila/.gradle/caches/modules-2/files-2.1/org.json/json/20140107/d1ffca6e2482b002702c6a576166fd685e3370e3/json-20140107.jar
7f5107374000-7f5107376000 r--s 00009000 08:03 5916921                    /home/sharmila/.gradle/caches/modules-2/files-2.1/org.objenesis/objenesis/2.1/87c0ea803b69252868d09308b4618f766f135a96/objenesis-2.1.jar
7f5107376000-7f5107379000 r--s 0001b000 08:03 5916920                    /home/sharmila/.gradle/caches/modules-2/files-2.1/net.minidev/json-smart/2.2.1/5b9e5df7a62d1279b70dc882b041d249c4f0b002/json-smart-2.2.1.jar
7f5107379000-7f510737b000 r--s 00003000 08:03 5923586                    /home/sharmila/.gradle/caches/modules-2/files-2.1/org.slf4j/jcl-over-slf4j/1.7.22/86ceac14535af5a42c8fb0d06d79b925dd3cb263/jcl-over-slf4j-1.7.22.jar
7f510737b000-7f510737d000 r--s 00009000 08:03 5923584                    /home/sharmila/.gradle/caches/modules-2/files-2.1/org.slf4j/slf4j-api/1.7.22/a1c83373863cec7ae8d89dc1c5722d8cb6ec0309/slf4j-api-1.7.22.jar
7f510737d000-7f5107385000 r--s 0003a000 08:03 5923901                    /home/sharmila/.gradle/caches/modules-2/files-2.1/org.springframework/spring-tx/4.3.5.RELEASE/296d8ae21fadc0f115dae7d1e8d5c4f8c7de2c3e/spring-tx-4.3.5.RELEASE.jar
7f5107385000-7f510738f000 r--s 0006b000 08:03 5923900                    /home/sharmila/.gradle/caches/modules-2/files-2.1/org.springframework/spring-orm/4.3.5.RELEASE/64c29d310b69bcc6e1fd5a738fa3629bdedb2d3f/spring-orm-4.3.5.RELEASE.jar
7f510738f000-7f510739f000 r--s 0009a000 08:03 5923899                    /home/sharmila/.gradle/caches/modules-2/files-2.1/org.springframework.data/spring-data-commons/1.12.6.RELEASE/b6403dcfce33e89613f364d80d653d7540279c47/spring-data-commons-1.12.6.RELEASE.jar
7f510739f000-7f51073a9000 r--s 0005f000 08:03 5923898                    /home/sharmila/.gradle/caches/modules-2/files-2.1/org.springframework/spring-jdbc/4.3.5.RELEASE/7c09e38b6f6e0b178973dea06bb8fdc6d19aa596/spring-jdbc-4.3.5.RELEASE.jar
7f51073a9000-7f51073ac000 r--s 00020000 08:03 5923897                    /home/sharmila/.gradle/caches/modules-2/files-2.1/org.apache.tomcat/tomcat-jdbc/8.5.6/feb10a9e22f70565c7556f327b0481dba8587bbc/tomcat-jdbc-8.5.6.jar
7f51073ac000-7f51073c5000 r--s 001af000 08:03 5923896                    /home/sharmila/.gradle/caches/modules-2/files-2.1/org.aspectj/aspectjweaver/1.8.9/db28774f477f07220eac18d5ec9c4e01f48589d7/aspectjweaver-1.8.9.jar
7f51073c5000-7f51073c8000 r--s 00010000 08:03 5923833                    /home/sharmila/.gradle/caches/modules-2/files-2.1/org.hibernate.common/hibernate-commons-annotations/5.0.1.Final/71e1cff3fcb20d3b3af4f3363c3ddb24d33c6879/hibernate-commons-annotations-5.0.1.Final.jar
7f51073c8000-7f51073cd000 r--s 00048000 08:03 5923832                    /home/sharmila/.gradle/caches/modules-2/files-2.1/dom4j/dom4j/1.6.1/5d3ccc056b6f056dbf0dddfdf43894b9065a8f94/dom4j-1.6.1.jar
7f51073cd000-7f51073d0000 r--s 0002b000 08:03 5923433                    /home/sharmila/.gradle/caches/modules-2/files-2.1/org.jboss/jandex/2.0.0.Final/3e899258936f94649c777193e1be846387ed54b3/jandex-2.0.0.Final.jar
7f51073d0000-7f51073d1000 r--s 00003000 08:03 5923830                    /home/sharmila/.gradle/caches/modules-2/files-2.1/org.apache.geronimo.specs/geronimo-jta_1.1_spec/1.1.1/aabab3165b8ea936b9360abbf448459c0d04a5a4/geronimo-jta_1.1_spec-1.1.1.jar
7f51073d1000-7f51073d6000 r--s 00068000 08:03 5923829                    /home/sharmila/.gradle/caches/modules-2/files-2.1/antlr/antlr/2.7.7/83cd2cd674a217ade95a4bb83a8a14f351f48bd0/antlr-2.7.7.jar
7f51073d6000-7f51073db000 r--s 0003c000 08:03 5923583                    /home/sharmila/.gradle/caches/modules-2/files-2.1/org.springframework/spring-expression/4.3.5.RELEASE/3689dc6c5b942ecde4122eac889ed87977d6f287/spring-expression-4.3.5.RELEASE.jar
7f51073db000-7f51073f5000 r--s 000fc000 08:03 5923582                    /home/sharmila/.gradle/caches/modules-2/files-2.1/org.springframework/spring-context/4.3.5.RELEASE/ca3391c0e17d0138335ba51b51371661d20d56a8/spring-context-4.3.5.RELEASE.jar
7f51073f5000-7f5107402000 r--s 000ad000 08:03 5923581                    /home/sharmila/.gradle/caches/modules-2/files-2.1/org.springframework/spring-beans/4.3.5.RELEASE/e12bbc3277da28e2e2608a187f83091dc6c300bf/spring-beans-4.3.5.RELEASE.jar
7f5107402000-7f510740b000 r--s 00054000 08:03 5923580                    /home/sharmila/.gradle/caches/modules-2/files-2.1/org.springframework/spring-aop/4.3.5.RELEASE/4f113218af716bd8d174c411f19b26418b5a70f6/spring-aop-4.3.5.RELEASE.jar
7f510740b000-7f510740f000 r--s 00041000 08:03 5923579                    /home/sharmila/.gradle/caches/modules-2/files-2.1/com.fasterxml.jackson.core/jackson-core/2.8.5/60d059f5d2930ccd1ef03535b713fd9f933d1ba7/jackson-core-2.8.5.jar
7f510740f000-7f5107412000 r--s 0000b000 08:03 5923578                    /home/sharmila/.gradle/caches/modules-2/files-2.1/com.fasterxml.jackson.core/jackson-annotations/2.8.5/9d82ff47bc2c2d3b5b6a6618fe636782bbcd5b07/jackson-annotations-2.8.5.jar
7f5107412000-7f5107414000 r--s 0000e000 08:03 5917543                    /home/sharmila/.gradle/caches/modules-2/files-2.1/com.fasterxml/classmate/1.3.3/864c8e370a691e343210cc7c532fc198cee460d8/classmate-1.3.3.jar
7f5107414000-7f5107418000 r--s 0000c000 08:03 5916766                    /home/sharmila/.gradle/caches/modules-2/files-2.1/javax.validation/validation-api/1.1.0.Final/8613ae82954779d518631e05daa73a6a954817d5/validation-api-1.1.0.Final.jar
7f5107418000-7f510741d000 r--s 00036000 08:03 5917542                    /home/sharmila/.gradle/caches/modules-2/files-2.1/org.apache.tomcat.embed/tomcat-embed-websocket/8.5.6/6f6940a216b380ea8506530c374fcfeef820ba54/tomcat-embed-websocket-8.5.6.jar
7f510741d000-7f510741e000 r--s 00000000 08:03 5923577                    /home/sharmila/.gradle/caches/modules-2/files-2.1/org.springframework.boot/spring-boot-starter-logging/1.4.3.RELEASE/1c58783c0694abf695babfd39829922d2d501ec2/spring-boot-starter-logging-1.4.3.RELEASE.jar
7f510741e000-7f510743c000 r--s 000d0000 08:03 5923576                    /home/sharmila/.gradle/caches/modules-2/files-2.1/org.springframework.boot/spring-boot-autoconfigure/1.4.3.RELEASE/41df1bfbdd4ae4e8499ebe1a4bc613bda316d6e1/spring-boot-autoconfigure-1.4.3.RELEASE.jar
7f510743c000-7f510744c000 r--s 00092000 08:03 5923575                    /home/sharmila/.gradle/caches/modules-2/files-2.1/org.springframework.boot/spring-boot/1.4.3.RELEASE/17f94def4460075afdfba6bf8f897cd1fc95bf77/spring-boot-1.4.3.RELEASE.jar
7f510744c000-7f510745b000 r--s 00084000 08:03 5923574                    /home/sharmila/.gradle/caches/modules-2/files-2.1/org.springframework/spring-test/4.3.5.RELEASE/a1965127e07b469d8e5bb3d2b0ff850423b66be4/spring-test-4.3.5.RELEASE.jar
7f510745b000-7f5107471000 r--s 000fa000 08:03 5923530                    /home/sharmila/.gradle/caches/modules-2/files-2.1/org.springframework/spring-core/4.3.5.RELEASE/80299e3f80e8c6d5c076db2ba6adf44a4b52f578/spring-core-4.3.5.RELEASE.jar
7f5107471000-7f5107472000 r--s 00006000 08:03 5916915                    /home/sharmila/.gradle/caches/modules-2/files-2.1/org.skyscreamer/jsonassert/1.3.0/d5c250eb122496866de36dc84f98e2945845ecdd/jsonassert-1.3.0.jar
7f5107472000-7f510748e000 r--s 00103000 08:03 5916914                    /home/sharmila/.gradle/caches/modules-2/files-2.1/org.mockito/mockito-core/1.10.19/e8546f5bef4e061d8dd73895b4e8f40e3fe6effe/mockito-core-1.10.19.jar
7f510748e000-7f51074a1000 r--s 000d2000 08:03 5916913                    /home/sharmila/.gradle/caches/modules-2/files-2.1/org.assertj/assertj-core/2.5.0/fcd21db4c5f33e5dcac69bf1816415fe0647582f/assertj-core-2.5.0.jar
7f51074a1000-7f51074a6000 r--s 0002e000 08:03 5916911                    /home/sharmila/.gradle/caches/modules-2/files-2.1/com.jayway.jsonpath/json-path/2.2.0/22290d17944bd239fabf5ac69005a60a7ecbbbcb/json-path-2.2.0.jar
7f51074a6000-7f51074ab000 r--s 00017000 08:03 5923573                    /home/sharmila/.gradle/caches/modules-2/files-2.1/org.springframework.boot/spring-boot-test-autoconfigure/1.4.3.RELEASE/1a7587605e981a58104a501ab1896e2eb7a76686/spring-boot-test-autoconfigure-1.4.3.RELEASE.jar
7f51074ab000-7f51074b0000 r--s 00021000 08:03 5923572                    /home/sharmila/.gradle/caches/modules-2/files-2.1/org.springframework.boot/spring-boot-test/1.4.3.RELEASE/2d76638f0f13b33859bf3b927c232ff0f8a4ffbf/spring-boot-test-1.4.3.RELEASE.jar
7f51074b0000-7f5107519000 r--s 004f3000 08:03 5923432                    /home/sharmila/.gradle/caches/modules-2/files-2.1/org.hibernate/hibernate-core/5.0.11.Final/c2487fb72a2217a7cec9ab478d4c21a36fc09977/hibernate-core-5.0.11.Final.jar
7f5107519000-7f510751a000 ---p 00000000 00:00 0 
7f510751a000-7f510761a000 rw-p 00000000 00:00 0                          [stack:4757]
7f510761a000-7f510761d000 ---p 00000000 00:00 0 
7f510761d000-7f510771b000 rw-p 00000000 00:00 0                          [stack:4756]
7f510771b000-7f510771e000 ---p 00000000 00:00 0 
7f510771e000-7f510781c000 rw-p 00000000 00:00 0                          [stack:4755]
7f510781c000-7f510781f000 ---p 00000000 00:00 0 
7f510781f000-7f510791d000 rw-p 00000000 00:00 0                          [stack:4754]
7f510791d000-7f5108000000 r--p 00000000 08:03 3152909                    /usr/lib/locale/locale-archive
7f5108000000-7f5108021000 rw-p 00000000 00:00 0 
7f5108021000-7f510c000000 ---p 00000000 00:00 0 
7f510c000000-7f510c021000 rw-p 00000000 00:00 0 
7f510c021000-7f5110000000 ---p 00000000 00:00 0 
7f5110000000-7f5110021000 rw-p 00000000 00:00 0 
7f5110021000-7f5114000000 ---p 00000000 00:00 0 
7f5114000000-7f5114063000 rw-p 00000000 00:00 0 
7f5114063000-7f5118000000 ---p 00000000 00:00 0 
7f5118000000-7f5118021000 rw-p 00000000 00:00 0 
7f5118021000-7f511c000000 ---p 00000000 00:00 0 
7f511c000000-7f511c021000 rw-p 00000000 00:00 0 
7f511c021000-7f5120000000 ---p 00000000 00:00 0 
7f5120000000-7f5120021000 rw-p 00000000 00:00 0 
7f5120021000-7f5124000000 ---p 00000000 00:00 0 
7f5124000000-7f5124002000 r--s 00009000 08:03 5913472                    /home/sharmila/.gradle/caches/modules-2/files-2.1/org.hamcrest/hamcrest-core/1.3/42a25dc3219429f0e5d060061f71acb49bf010a0/hamcrest-core-1.3.jar
7f5124002000-7f5124008000 r--s 0003d000 08:03 5916762                    /home/sharmila/.gradle/caches/modules-2/files-2.1/org.yaml/snakeyaml/1.17/7a27ea250c5130b2922b86dea63cbb1cc10a660c/snakeyaml-1.17.jar
7f5124008000-7f512400a000 r--s 00006000 08:03 5923638                    /home/sharmila/.gradle/caches/modules-2/files-2.1/com.beust/jcommander/1.12/7409692b48022f9eca7445861defbcdb9ee3c2a8/jcommander-1.12.jar
7f512400a000-7f512400f000 r--s 00040000 08:03 5923637                    /home/sharmila/.gradle/caches/modules-2/files-2.1/org.beanshell/bsh/2.0b4/a05f0a0feefa8d8467ac80e16e7de071489f0d9c/bsh-2.0b4.jar
7f512400f000-7f5124017000 r--s 00045000 08:03 5913471                    /home/sharmila/.gradle/caches/modules-2/files-2.1/junit/junit/4.12/2973d150c0dc1fefe998f834810d68f278ea58ec/junit-4.12.jar
7f5124017000-7f512401a000 r--s 0000c000 08:03 5923895                    /home/sharmila/.gradle/caches/modules-2/files-2.1/org.springframework/spring-aspects/4.3.5.RELEASE/8c00c15865a1da0a1ba143a50622a8436a56e097/spring-aspects-4.3.5.RELEASE.jar
7f512401a000-7f5124020000 r--s 0003f000 08:03 5923894                    /home/sharmila/.gradle/caches/modules-2/files-2.1/org.springframework.data/spring-data-jpa/1.10.6.RELEASE/5d478860b24a493845248c1c336c33a657567bd3/spring-data-jpa-1.10.6.RELEASE.jar
7f5124020000-7f5124022000 r--s 00006000 08:03 5923893                    /home/sharmila/.gradle/caches/modules-2/files-2.1/javax.transaction/javax.transaction-api/1.2/d81aff979d603edd90dcd8db2abc1f4ce6479e3e/javax.transaction-api-1.2.jar
7f5124022000-7f512402f000 r--s 00089000 08:03 5923892                    /home/sharmila/.gradle/caches/modules-2/files-2.1/org.hibernate/hibernate-entitymanager/5.0.11.Final/549565caed4e0bcb816843693e66ff7b04ce025f/hibernate-entitymanager-5.0.11.Final.jar
7f512402f000-7f5124039000 r--s 000ae000 08:03 5916958                    /home/sharmila/.gradle/caches/modules-2/files-2.1/org.javassist/javassist/3.20.0-GA/a9cbcdfb7e9f86fbc74d3afae65f2248bfbf82a0/javassist-3.20.0-GA.jar
7f5124039000-7f512403e000 r--s 00017000 08:03 5923828                    /home/sharmila/.gradle/caches/modules-2/files-2.1/org.hibernate.javax.persistence/hibernate-jpa-2.1-api/1.0.0.Final/5e731d961297e5a07290bfaf3db1fbc8bbbf405a/hibernate-jpa-2.1-api-1.0.0.Final.jar
7f512403e000-7f5124051000 r--s 00236000 08:03 5916949                    /home/sharmila/.gradle/caches/modules-2/files-2.1/org.eclipse.jdt.core.compiler/ecj/4.5.1/bee1367ac12fb6a20b422ff8711ebeb4f0a42316/ecj-4.5.1.jar
7f5124051000-7f512407a000 r--s 002b2000 08:03 5917540                    /home/sharmila/.gradle/caches/modules-2/files-2.1/org.apache.tomcat.embed/tomcat-embed-core/8.5.6/960834b5abc6b2135250487abf6c060a0fa5a22e/tomcat-embed-core-8.5.6.jar
7f512407a000-7f512408b000 r--s 000cf000 08:03 5923571                    /home/sharmila/.gradle/caches/modules-2/files-2.1/org.springframework/spring-webmvc/4.3.5.RELEASE/c624659217edab07d8279fb0f90462136f089220/spring-webmvc-4.3.5.RELEASE.jar
7f512408b000-7f512409d000 r--s 000b6000 08:03 5923570                    /home/sharmila/.gradle/caches/modules-2/files-2.1/org.springframework/spring-web/4.3.5.RELEASE/6641daccf2fddafc8358144f3a4f999130fdf144/spring-web-4.3.5.RELEASE.jar
7f512409d000-7f51240ae000 r--s 0011d000 08:03 5923569                    /home/sharmila/.gradle/caches/modules-2/files-2.1/com.fasterxml.jackson.core/jackson-databind/2.8.5/b3035f37e674c04dafe36a660c3815cc59f764e2/jackson-databind-2.8.5.jar
7f51240ae000-7f51240be000 r--s 0009c000 08:03 5916756                    /home/sharmila/.gradle/caches/modules-2/files-2.1/org.hibernate/hibernate-validator/5.2.4.Final/fb18766b576aa6632bcfe9a20a023cbd52bf9769/hibernate-validator-5.2.4.Final.jar
7f51240be000-7f51240ca000 r--s 000a4000 08:03 5923636                    /home/sharmila/.gradle/caches/modules-2/files-2.1/org.testng/testng/6.5.2/5069d2e72356ed87645c5fc3622b0bbb5e0667c9/testng-6.5.2.jar
7f51240ca000-7f51240cd000 ---p 00000000 00:00 0 
7f51240cd000-7f51241cb000 rw-p 00000000 00:00 0                          [stack:4753]
7f51241cb000-7f51241ce000 ---p 00000000 00:00 0 
7f51241ce000-7f51242cc000 rw-p 00000000 00:00 0                          [stack:4752]
7f51242cc000-7f51242cf000 ---p 00000000 00:00 0 
7f51242cf000-7f51243cd000 rw-p 00000000 00:00 0                          [stack:4751]
7f51243cd000-7f51243d0000 ---p 00000000 00:00 0 
7f51243d0000-7f51244ce000 rw-p 00000000 00:00 0                          [stack:4749]
7f51244ce000-7f51244cf000 ---p 00000000 00:00 0 
7f51244cf000-7f5125583000 rw-p 00000000 00:00 0                          [stack:4748]
7f5125583000-7f512575c000 r--s 03d3e000 08:03 3569606                    /usr/lib/jvm/java-8-oracle/jre/lib/rt.jar
7f512575c000-7f5127fe5000 rw-p 00000000 00:00 0 
7f5127fe5000-7f5127fe6000 ---p 00000000 00:00 0 
7f5127fe6000-7f51280e6000 rw-p 00000000 00:00 0                          [stack:4744]
7f51280e6000-7f51280e7000 ---p 00000000 00:00 0 
7f51280e7000-7f51281e7000 rw-p 00000000 00:00 0                          [stack:4743]
7f51281e7000-7f51281e8000 ---p 00000000 00:00 0 
7f51281e8000-7f5128308000 rw-p 00000000 00:00 0                          [stack:4742]
7f5128308000-7f512842a000 ---p 00000000 00:00 0 
7f512842a000-7f512844a000 rw-p 00000000 00:00 0 
7f512844a000-7f512856c000 ---p 00000000 00:00 0 
7f512856c000-7f51285e0000 rw-p 00000000 00:00 0 
7f51285e0000-7f512860d000 ---p 00000000 00:00 0 
7f512860d000-7f512863e000 rw-p 00000000 00:00 0 
7f512863e000-7f51289ce000 ---p 00000000 00:00 0 
7f51289ce000-7f512959e000 rwxp 00000000 00:00 0 
7f512959e000-7f51379ce000 ---p 00000000 00:00 0 
7f51379ce000-7f51379e8000 r-xp 00000000 08:03 4870864                    /usr/lib/jvm/java-8-oracle/jre/lib/amd64/libzip.so
7f51379e8000-7f5137be8000 ---p 0001a000 08:03 4870864                    /usr/lib/jvm/java-8-oracle/jre/lib/amd64/libzip.so
7f5137be8000-7f5137be9000 rw-p 0001a000 08:03 4870864                    /usr/lib/jvm/java-8-oracle/jre/lib/amd64/libzip.so
7f5137be9000-7f5137bf3000 r-xp 00000000 08:03 4070135                    /lib/x86_64-linux-gnu/libnss_files-2.19.so
7f5137bf3000-7f5137df2000 ---p 0000a000 08:03 4070135                    /lib/x86_64-linux-gnu/libnss_files-2.19.so
7f5137df2000-7f5137df3000 r--p 00009000 08:03 4070135                    /lib/x86_64-linux-gnu/libnss_files-2.19.so
7f5137df3000-7f5137df4000 rw-p 0000a000 08:03 4070135                    /lib/x86_64-linux-gnu/libnss_files-2.19.so
7f5137df4000-7f5137dff000 r-xp 00000000 08:03 4070127                    /lib/x86_64-linux-gnu/libnss_nis-2.19.so
7f5137dff000-7f5137ffe000 ---p 0000b000 08:03 4070127                    /lib/x86_64-linux-gnu/libnss_nis-2.19.so
7f5137ffe000-7f5137fff000 r--p 0000a000 08:03 4070127                    /lib/x86_64-linux-gnu/libnss_nis-2.19.so
7f5137fff000-7f5138000000 rw-p 0000b000 08:03 4070127                    /lib/x86_64-linux-gnu/libnss_nis-2.19.so
7f5138000000-7f5139989000 rw-p 00000000 00:00 0 
7f5139989000-7f513c000000 ---p 00000000 00:00 0 
7f513c000000-7f513c001000 r--s 0000c000 08:03 5916912                    /home/sharmila/.gradle/caches/modules-2/files-2.1/org.hamcrest/hamcrest-library/1.3/4785a3c21320980282f9f33d0d1264a69040538f/hamcrest-library-1.3.jar
7f513c001000-7f513c002000 r--s 00000000 08:03 5923891                    /home/sharmila/.gradle/caches/modules-2/files-2.1/org.springframework.boot/spring-boot-starter-jdbc/1.4.3.RELEASE/7ce66cf27ea731189248be7af2ab84ba189e1151/spring-boot-starter-jdbc-1.4.3.RELEASE.jar
7f513c002000-7f513c007000 r--s 00036000 08:03 5917541                    /home/sharmila/.gradle/caches/modules-2/files-2.1/org.apache.tomcat.embed/tomcat-embed-el/8.5.6/a102298d8dc72f4065533d5962953d753b172602/tomcat-embed-el-8.5.6.jar
7f513c007000-7f513c00c000 r--s 00309000 08:03 5923826                    /home/sharmila/.gradle/caches/modules-2/files-2.1/org.xerial/sqlite-jdbc/3.7.2/7a3d67f00508d3881650579f7f228c61bfc1b196/sqlite-jdbc-3.7.2.jar
7f513c00c000-7f513c015000 r--s 00095000 08:03 5913393                    /home/sharmila/.gradle/caches/modules-2/files-2.1/org.apache.tomcat.embed/tomcat-embed-jasper/9.0.0.M11/e2cd5a7038094195c3163532e01daf051d9265fe/tomcat-embed-jasper-9.0.0.M11.jar
7f513c015000-7f513c01d000 r--s 00046000 08:03 2759763                    /home/sharmila/Downloads/sts 3.6.4/sts-bundle/sts-3.6.4.RELEASE/plugins/org.testng.eclipse_6.10.0.201612030230/lib/testng-remote.jar
7f513c01d000-7f513c01e000 ---p 00000000 00:00 0 
7f513c01e000-7f513c11e000 rw-p 00000000 00:00 0                          [stack:4741]
7f513c11e000-7f513c135000 r-xp 00000000 08:03 4070123                    /lib/x86_64-linux-gnu/libnsl-2.19.so
7f513c135000-7f513c334000 ---p 00017000 08:03 4070123                    /lib/x86_64-linux-gnu/libnsl-2.19.so
7f513c334000-7f513c335000 r--p 00016000 08:03 4070123                    /lib/x86_64-linux-gnu/libnsl-2.19.so
7f513c335000-7f513c336000 rw-p 00017000 08:03 4070123                    /lib/x86_64-linux-gnu/libnsl-2.19.so
7f513c336000-7f513c338000 rw-p 00000000 00:00 0 
7f513c338000-7f513c341000 r-xp 00000000 08:03 4070122                    /lib/x86_64-linux-gnu/libnss_compat-2.19.so
7f513c341000-7f513c540000 ---p 00009000 08:03 4070122                    /lib/x86_64-linux-gnu/libnss_compat-2.19.so
7f513c540000-7f513c541000 r--p 00008000 08:03 4070122                    /lib/x86_64-linux-gnu/libnss_compat-2.19.so
7f513c541000-7f513c542000 rw-p 00009000 08:03 4070122                    /lib/x86_64-linux-gnu/libnss_compat-2.19.so
7f513c542000-7f513c56d000 r-xp 00000000 08:03 4870782                    /usr/lib/jvm/java-8-oracle/jre/lib/amd64/libjava.so
7f513c56d000-7f513c76c000 ---p 0002b000 08:03 4870782                    /usr/lib/jvm/java-8-oracle/jre/lib/amd64/libjava.so
7f513c76c000-7f513c76e000 rw-p 0002a000 08:03 4870782                    /usr/lib/jvm/java-8-oracle/jre/lib/amd64/libjava.so
7f513c76e000-7f513c77b000 r-xp 00000000 08:03 4870821                    /usr/lib/jvm/java-8-oracle/jre/lib/amd64/libverify.so
7f513c77b000-7f513c97a000 ---p 0000d000 08:03 4870821                    /usr/lib/jvm/java-8-oracle/jre/lib/amd64/libverify.so
7f513c97a000-7f513c97c000 rw-p 0000c000 08:03 4870821                    /usr/lib/jvm/java-8-oracle/jre/lib/amd64/libverify.so
7f513c97c000-7f513c983000 r-xp 00000000 08:03 4070131                    /lib/x86_64-linux-gnu/librt-2.19.so
7f513c983000-7f513cb82000 ---p 00007000 08:03 4070131                    /lib/x86_64-linux-gnu/librt-2.19.so
7f513cb82000-7f513cb83000 r--p 00006000 08:03 4070131                    /lib/x86_64-linux-gnu/librt-2.19.so
7f513cb83000-7f513cb84000 rw-p 00007000 08:03 4070131                    /lib/x86_64-linux-gnu/librt-2.19.so
7f513cb84000-7f513cc89000 r-xp 00000000 08:03 4070117                    /lib/x86_64-linux-gnu/libm-2.19.so
7f513cc89000-7f513ce88000 ---p 00105000 08:03 4070117                    /lib/x86_64-linux-gnu/libm-2.19.so
7f513ce88000-7f513ce89000 r--p 00104000 08:03 4070117                    /lib/x86_64-linux-gnu/libm-2.19.so
7f513ce89000-7f513ce8a000 rw-p 00105000 08:03 4070117                    /lib/x86_64-linux-gnu/libm-2.19.so
7f513ce8a000-7f513db58000 r-xp 00000000 08:03 5260205                    /usr/lib/jvm/java-8-oracle/jre/lib/amd64/server/libjvm.so
7f513db58000-7f513dd58000 ---p 00cce000 08:03 5260205                    /usr/lib/jvm/java-8-oracle/jre/lib/amd64/server/libjvm.so
7f513dd58000-7f513de31000 rw-p 00cce000 08:03 5260205                    /usr/lib/jvm/java-8-oracle/jre/lib/amd64/server/libjvm.so
7f513de31000-7f513de7c000 rw-p 00000000 00:00 0 
7f513de7c000-7f513e036000 r-xp 00000000 08:03 4070132                    /lib/x86_64-linux-gnu/libc-2.19.so
7f513e036000-7f513e236000 ---p 001ba000 08:03 4070132                    /lib/x86_64-linux-gnu/libc-2.19.so
7f513e236000-7f513e23a000 r--p 001ba000 08:03 4070132                    /lib/x86_64-linux-gnu/libc-2.19.so
7f513e23a000-7f513e23c000 rw-p 001be000 08:03 4070132                    /lib/x86_64-linux-gnu/libc-2.19.so
7f513e23c000-7f513e241000 rw-p 00000000 00:00 0 
7f513e241000-7f513e244000 r-xp 00000000 08:03 4070119                    /lib/x86_64-linux-gnu/libdl-2.19.so
7f513e244000-7f513e443000 ---p 00003000 08:03 4070119                    /lib/x86_64-linux-gnu/libdl-2.19.so
7f513e443000-7f513e444000 r--p 00002000 08:03 4070119                    /lib/x86_64-linux-gnu/libdl-2.19.so
7f513e444000-7f513e445000 rw-p 00003000 08:03 4070119                    /lib/x86_64-linux-gnu/libdl-2.19.so
7f513e445000-7f513e45a000 r-xp 00000000 08:03 3555343                    /usr/lib/jvm/java-8-oracle/lib/amd64/jli/libjli.so
7f513e45a000-7f513e65a000 ---p 00015000 08:03 3555343                    /usr/lib/jvm/java-8-oracle/lib/amd64/jli/libjli.so
7f513e65a000-7f513e65b000 rw-p 00015000 08:03 3555343                    /usr/lib/jvm/java-8-oracle/lib/amd64/jli/libjli.so
7f513e65b000-7f513e674000 r-xp 00000000 08:03 4070124                    /lib/x86_64-linux-gnu/libpthread-2.19.so
7f513e674000-7f513e873000 ---p 00019000 08:03 4070124                    /lib/x86_64-linux-gnu/libpthread-2.19.so
7f513e873000-7f513e874000 r--p 00018000 08:03 4070124                    /lib/x86_64-linux-gnu/libpthread-2.19.so
7f513e874000-7f513e875000 rw-p 00019000 08:03 4070124                    /lib/x86_64-linux-gnu/libpthread-2.19.so
7f513e875000-7f513e879000 rw-p 00000000 00:00 0 
7f513e879000-7f513e89c000 r-xp 00000000 08:03 4070125                    /lib/x86_64-linux-gnu/ld-2.19.so
7f513e89c000-7f513e89d000 r--s 00000000 08:03 5923890                    /home/sharmila/.gradle/caches/modules-2/files-2.1/org.springframework.boot/spring-boot-starter-aop/1.4.3.RELEASE/30b11b6455bed446d3b4a1a49fab529b2cfac454/spring-boot-starter-aop-1.4.3.RELEASE.jar
7f513e89d000-7f513e89f000 r--s 0000f000 08:03 5916917                    /home/sharmila/.gradle/caches/modules-2/files-2.1/org.jboss.logging/jboss-logging/3.3.0.Final/3616bb87707910296e2c195dc016287080bba5af/jboss-logging-3.3.0.Final.jar
7f513e89f000-7f513e8a0000 r--s 00000000 08:03 5923568                    /home/sharmila/.gradle/caches/modules-2/files-2.1/org.springframework.boot/spring-boot-starter-tomcat/1.4.3.RELEASE/61c48035a7a3b06b42fdd07b7109e562077b3792/spring-boot-starter-tomcat-1.4.3.RELEASE.jar
7f513e8a0000-7f513e972000 rw-p 00000000 00:00 0 
7f513e972000-7f513e975000 ---p 00000000 00:00 0 
7f513e975000-7f513ea77000 rw-p 00000000 00:00 0                          [stack:4740]
7f513ea77000-7f513ea78000 r--s 00000000 08:03 5923567                    /home/sharmila/.gradle/caches/modules-2/files-2.1/org.springframework.boot/spring-boot-starter/1.4.3.RELEASE/c99bad104719e947b3f9aa2b7569583805e4c5d5/spring-boot-starter-1.4.3.RELEASE.jar
7f513ea78000-7f513ea79000 r--s 00000000 08:03 5923566                    /home/sharmila/.gradle/caches/modules-2/files-2.1/org.springframework.boot/spring-boot-starter-test/1.4.3.RELEASE/6e9f1dbd3f68299c0183630ef07ca430de160050/spring-boot-starter-test-1.4.3.RELEASE.jar
7f513ea79000-7f513ea7a000 r--s 00000000 08:03 5923889                    /home/sharmila/.gradle/caches/modules-2/files-2.1/org.springframework.boot/spring-boot-starter-data-jpa/1.4.3.RELEASE/ffda06c2144d10239014407333c223a237b73ad7/spring-boot-starter-data-jpa-1.4.3.RELEASE.jar
7f513ea7a000-7f513ea7b000 r--s 00003000 08:03 5923431                    /home/sharmila/.gradle/caches/modules-2/files-2.1/org.hibernate/hibernate-gradle-plugin/5.2.3.Final/db2ad8695e48a03a566b74fb5fc07c1732c1f5e5/hibernate-gradle-plugin-5.2.3.Final.jar
7f513ea7b000-7f513ea7c000 r--s 00000000 08:03 5923565                    /home/sharmila/.gradle/caches/modules-2/files-2.1/org.springframework.boot/spring-boot-starter-web/1.4.3.RELEASE/a0dcc919eda8e8ecb6f13f52a30e6afbb8266103/spring-boot-starter-web-1.4.3.RELEASE.jar
7f513ea7c000-7f513ea8f000 rw-p 00000000 00:00 0 
7f513ea8f000-7f513ea97000 rw-s 00000000 08:03 5917607                    /tmp/hsperfdata_sharmila/4739
7f513ea97000-7f513ea98000 rw-p 00000000 00:00 0 
7f513ea98000-7f513ea99000 r--p 00000000 00:00 0 
7f513ea99000-7f513ea9b000 rw-p 00000000 00:00 0 
7f513ea9b000-7f513ea9c000 r--p 00022000 08:03 4070125                    /lib/x86_64-linux-gnu/ld-2.19.so
7f513ea9c000-7f513ea9d000 rw-p 00023000 08:03 4070125                    /lib/x86_64-linux-gnu/ld-2.19.so
7f513ea9d000-7f513ea9e000 rw-p 00000000 00:00 0 
7fff1cb7f000-7fff1cba3000 rw-p 00000000 00:00 0                          [stack]
7fff1cbda000-7fff1cbdc000 r-xp 00000000 00:00 0                          [vdso]
ffffffffff600000-ffffffffff601000 r-xp 00000000 00:00 0                  [vsyscall]

VM Arguments:
jvm_args: -ea -Dfile.encoding=UTF-8 
java_command: org.testng.remote.RemoteTestNG -serport 37953 -protocol json -d /home/sharmila/Documents/work-office/TestNG_Project/test-output /tmp/testng-eclipse--1013831779/testng-customsuite.xml
java_class_path (initial): /home/sharmila/Downloads/sts 3.6.4/sts-bundle/sts-3.6.4.RELEASE/plugins/org.testng.eclipse_6.10.0.201612030230/lib/testng-remote.jar:/home/sharmila/Documents/work-office/TestNG_Project/bin:/home/sharmila/.gradle/caches/modules-2/files-2.1/org.springframework.boot/spring-boot-starter-web/1.4.3.RELEASE/a0dcc919eda8e8ecb6f13f52a30e6afbb8266103/spring-boot-starter-web-1.4.3.RELEASE.jar:/home/sharmila/.gradle/caches/modules-2/files-2.1/org.apache.tomcat.embed/tomcat-embed-jasper/9.0.0.M11/e2cd5a7038094195c3163532e01daf051d9265fe/tomcat-embed-jasper-9.0.0.M11.jar:/home/sharmila/.gradle/caches/modules-2/files-2.1/org.xerial/sqlite-jdbc/3.7.2/7a3d67f00508d3881650579f7f228c61bfc1b196/sqlite-jdbc-3.7.2.jar:/home/sharmila/.gradle/caches/modules-2/files-2.1/org.hibernate/hibernate-gradle-plugin/5.2.3.Final/db2ad8695e48a03a566b74fb5fc07c1732c1f5e5/hibernate-gradle-plugin-5.2.3.Final.jar:/home/sharmila/.gradle/caches/modules-2/files-2.1/org.springframework.boot/spring-boot-starter-data-jpa/1.4.3.RELEASE/ffda06c2144d10239014407333c223a237b73ad7/spring-boot-starter-data-jpa-1.4.3.RELEASE.jar:/home/sharmila/.gradle/caches/modules-2/files-2.1/org.testng/testng/6.5.2/5069d2e72356ed87645c5fc3622b0bbb5e0667c9/testng-6.5.2.jar:/home/sharmila/.gradle/caches/modules-2/files-2.1/org.springframework.boot/spring-boot-starter-test/1.4.3.RELEASE/6e9f1dbd3f68299c0183630ef07ca430de160050/spring-boot-starter-test-1.4.3.RELEASE.jar:/home/sharmila/.gradle/caches/modules-2/files-2.1/org.springframework.boot/spring-boot-starter/1.4.3.RELEASE/c99bad104719e947b3f9aa2b7569583805e4c5d5/spring-boot-starter-1.4.3.RELEASE.jar:/home/sharmila/.gradle/caches/modules-2/files-2.1/org.springframework.boot/spring-boot-starter-tomcat/1.4.3.RELEASE/61c48035a7a3b06b42fdd07b7109e562077b3792/spring-boot-starter-tomcat-1.4.3.RELEASE.jar:/home/sharmila/.gradle/caches/modules-2/files-2.1/org.hibernate/hibernate-validator/5.2.4.Final/fb18766b576aa6632bcfe9a20a023cbd52bf9769/hibernate-validator-5
Launcher Type: SUN_STANDARD

Environment Variables:
JAVA_HOME=/usr/lib/jvm/java-8-oracle
PATH=/usr/local/sbin:/usr/local/bin:/usr/sbin:/usr/bin:/sbin:/bin:/usr/games:/usr/local/games:/usr/lib/jvm/java-8-oracle/bin:/usr/lib/jvm/java-8-oracle/db/bin:/usr/lib/jvm/java-8-oracle/jre/bin
SHELL=/bin/bash
DISPLAY=:0.0

Signal Handlers:
SIGSEGV: [libjvm.so+0xac78c0], sa_mask[0]=11111111011111111101111111111110, sa_flags=SA_RESTART|SA_SIGINFO
SIGBUS: [libjvm.so+0xac78c0], sa_mask[0]=11111111011111111101111111111110, sa_flags=SA_RESTART|SA_SIGINFO
SIGFPE: [libjvm.so+0x920ac0], sa_mask[0]=11111111011111111101111111111110, sa_flags=SA_RESTART|SA_SIGINFO
SIGPIPE: [libjvm.so+0x920ac0], sa_mask[0]=11111111011111111101111111111110, sa_flags=SA_RESTART|SA_SIGINFO
SIGXFSZ: [libjvm.so+0x920ac0], sa_mask[0]=11111111011111111101111111111110, sa_flags=SA_RESTART|SA_SIGINFO
SIGILL: [libjvm.so+0x920ac0], sa_mask[0]=11111111011111111101111111111110, sa_flags=SA_RESTART|SA_SIGINFO
SIGUSR1: SIG_DFL, sa_mask[0]=00000000000000000000000000000000, sa_flags=none
SIGUSR2: [libjvm.so+0x922300], sa_mask[0]=00100000000000000000000000000000, sa_flags=SA_RESTART|SA_SIGINFO
SIGHUP: [libjvm.so+0x923700], sa_mask[0]=11111111011111111101111111111110, sa_flags=SA_RESTART|SA_SIGINFO
SIGINT: [libjvm.so+0x923700], sa_mask[0]=11111111011111111101111111111110, sa_flags=SA_RESTART|SA_SIGINFO
SIGTERM: [libjvm.so+0x923700], sa_mask[0]=11111111011111111101111111111110, sa_flags=SA_RESTART|SA_SIGINFO
SIGQUIT: [libjvm.so+0x923700], sa_mask[0]=11111111011111111101111111111110, sa_flags=SA_RESTART|SA_SIGINFO


---------------  S Y S T E M  ---------------

OS:DISTRIB_ID=Ubuntu
DISTRIB_RELEASE=14.04
DISTRIB_CODENAME=trusty
DISTRIB_DESCRIPTION="Ubuntu 14.04.5 LTS"

uname:Linux 3.13.0-107-generic #154-Ubuntu SMP Tue Dec 20 09:57:27 UTC 2016 x86_64
libc:glibc 2.19 NPTL 2.19 
rlimit: STACK 8192k, CORE 0k, NPROC 30712, NOFILE 4096, AS infinity
load average:2.79 1.11 0.69

/proc/meminfo:
MemTotal:        3953548 kB
MemFree:          498776 kB
Buffers:           64360 kB
Cached:          1034952 kB
SwapCached:            0 kB
Active:          2304504 kB
Inactive:         923708 kB
Active(anon):    1775592 kB
Inactive(anon):   615472 kB
Active(file):     528912 kB
Inactive(file):   308236 kB
Unevictable:         208 kB
Mlocked:             208 kB
SwapTotal:       7999484 kB
SwapFree:        7999188 kB
Dirty:              1744 kB
Writeback:             0 kB
AnonPages:       2129136 kB
Mapped:           310528 kB
Shmem:            262172 kB
Slab:             106948 kB
SReclaimable:      68980 kB
SUnreclaim:        37968 kB
KernelStack:        5168 kB
PageTables:        45732 kB
NFS_Unstable:          0 kB
Bounce:                0 kB
WritebackTmp:          0 kB
CommitLimit:     9976256 kB
Committed_AS:    6831148 kB
VmallocTotal:   34359738367 kB
VmallocUsed:      400992 kB
VmallocChunk:   34359328252 kB
HardwareCorrupted:     0 kB
AnonHugePages:    788480 kB
HugePages_Total:       0
HugePages_Free:        0
HugePages_Rsvd:        0
HugePages_Surp:        0
Hugepagesize:       2048 kB
DirectMap4k:       86188 kB
DirectMap2M:     2965504 kB
DirectMap1G:     1048576 kB


CPU:total 4 (2 cores per cpu, 2 threads per core) family 6 model 69 stepping 1, cmov, cx8, fxsr, mmx, sse, sse2, sse3, ssse3, sse4.1, sse4.2, popcnt, avx, avx2, aes, clmul, erms, lzcnt, ht, tsc, tscinvbit, bmi1, bmi2

/proc/cpuinfo:
processor	: 0
vendor_id	: GenuineIntel
cpu family	: 6
model		: 69
model name	: Intel(R) Core(TM) i5-4200U CPU @ 1.60GHz
stepping	: 1
microcode	: 0x17
cpu MHz		: 1600.000
cache size	: 3072 KB
physical id	: 0
siblings	: 4
core id		: 0
cpu cores	: 2
apicid		: 0
initial apicid	: 0
fpu		: yes
fpu_exception	: yes
cpuid level	: 13
wp		: yes
flags		: fpu vme de pse tsc msr pae mce cx8 apic sep mtrr pge mca cmov pat pse36 clflush dts acpi mmx fxsr sse sse2 ss ht tm pbe syscall nx pdpe1gb rdtscp lm constant_tsc arch_perfmon pebs bts rep_good nopl xtopology nonstop_tsc aperfmperf eagerfpu pni pclmulqdq dtes64 monitor ds_cpl vmx est tm2 ssse3 fma cx16 xtpr pdcm pcid sse4_1 sse4_2 movbe popcnt tsc_deadline_timer aes xsave avx f16c rdrand lahf_lm abm ida arat epb xsaveopt pln pts dtherm tpr_shadow vnmi flexpriority ept vpid fsgsbase tsc_adjust bmi1 avx2 smep bmi2 erms invpcid
bogomips	: 4589.35
clflush size	: 64
cache_alignment	: 64
address sizes	: 39 bits physical, 48 bits virtual
power management:

processor	: 1
vendor_id	: GenuineIntel
cpu family	: 6
model		: 69
model name	: Intel(R) Core(TM) i5-4200U CPU @ 1.60GHz
stepping	: 1
microcode	: 0x17
cpu MHz		: 1600.000
cache size	: 3072 KB
physical id	: 0
siblings	: 4
core id		: 0
cpu cores	: 2
apicid		: 1
initial apicid	: 1
fpu		: yes
fpu_exception	: yes
cpuid level	: 13
wp		: yes
flags		: fpu vme de pse tsc msr pae mce cx8 apic sep mtrr pge mca cmov pat pse36 clflush dts acpi mmx fxsr sse sse2 ss ht tm pbe syscall nx pdpe1gb rdtscp lm constant_tsc arch_perfmon pebs bts rep_good nopl xtopology nonstop_tsc aperfmperf eagerfpu pni pclmulqdq dtes64 monitor ds_cpl vmx est tm2 ssse3 fma cx16 xtpr pdcm pcid sse4_1 sse4_2 movbe popcnt tsc_deadline_timer aes xsave avx f16c rdrand lahf_lm abm ida arat epb xsaveopt pln pts dtherm tpr_shadow vnmi flexpriority ept vpid fsgsbase tsc_adjust bmi1 avx2 smep bmi2 erms invpcid
bogomips	: 4589.35
clflush size	: 64
cache_alignment	: 64
address sizes	: 39 bits physical, 48 bits virtual
power management:

processor	: 2
vendor_id	: GenuineIntel
cpu family	: 6
model		: 69
model name	: Intel(R) Core(TM) i5-4200U CPU @ 1.60GHz
stepping	: 1
microcode	: 0x17
cpu MHz		: 1600.000
cache size	: 3072 KB
physical id	: 0
siblings	: 4
core id		: 1
cpu cores	: 2
apicid		: 2
initial apicid	: 2
fpu		: yes
fpu_exception	: yes
cpuid level	: 13
wp		: yes
flags		: fpu vme de pse tsc msr pae mce cx8 apic sep mtrr pge mca cmov pat pse36 clflush dts acpi mmx fxsr sse sse2 ss ht tm pbe syscall nx pdpe1gb rdtscp lm constant_tsc arch_perfmon pebs bts rep_good nopl xtopology nonstop_tsc aperfmperf eagerfpu pni pclmulqdq dtes64 monitor ds_cpl vmx est tm2 ssse3 fma cx16 xtpr pdcm pcid sse4_1 sse4_2 movbe popcnt tsc_deadline_timer aes xsave avx f16c rdrand lahf_lm abm ida arat epb xsaveopt pln pts dtherm tpr_shadow vnmi flexpriority ept vpid fsgsbase tsc_adjust bmi1 avx2 smep bmi2 erms invpcid
bogomips	: 4589.35
clflush size	: 64
cache_alignment	: 64
address sizes	: 39 bits physical, 48 bits virtual
power management:

processor	: 3
vendor_id	: GenuineIntel
cpu family	: 6
model		: 69
model name	: Intel(R) Core(TM) i5-4200U CPU @ 1.60GHz
stepping	: 1
microcode	: 0x17
cpu MHz		: 1600.000
cache size	: 3072 KB
physical id	: 0
siblings	: 4
core id		: 1
cpu cores	: 2
apicid		: 3
initial apicid	: 3
fpu		: yes
fpu_exception	: yes
cpuid level	: 13
wp		: yes
flags		: fpu vme de pse tsc msr pae mce cx8 apic sep mtrr pge mca cmov pat pse36 clflush dts acpi mmx fxsr sse sse2 ss ht tm pbe syscall nx pdpe1gb rdtscp lm constant_tsc arch_perfmon pebs bts rep_good nopl xtopology nonstop_tsc aperfmperf eagerfpu pni pclmulqdq dtes64 monitor ds_cpl vmx est tm2 ssse3 fma cx16 xtpr pdcm pcid sse4_1 sse4_2 movbe popcnt tsc_deadline_timer aes xsave avx f16c rdrand lahf_lm abm ida arat epb xsaveopt pln pts dtherm tpr_shadow vnmi flexpriority ept vpid fsgsbase tsc_adjust bmi1 avx2 smep bmi2 erms invpcid
bogomips	: 4589.35
clflush size	: 64
cache_alignment	: 64
address sizes	: 39 bits physical, 48 bits virtual
power management:



Memory: 4k page, physical 3953548k(498776k free), swap 7999484k(7999188k free)

vm_info: Java HotSpot(TM) 64-Bit Server VM (25.121-b13) for linux-amd64 JRE (1.8.0_121-b13), built on Dec 12 2016 16:36:53 by "java_re" with gcc 4.3.0 20080428 (Red Hat 4.3.0-8)

time: Mon Jan 23 17:22:51 2017
elapsed time: 9 seconds (0d 0h 0m 9s)

