#
# A fatal error has been detected by the Java Runtime Environment:
#
#  SIGSEGV (0xb) at pc=0x00007f7cc8195118, pid=9288, tid=0x00007f7cc969b700
#
# JRE version: Java(TM) SE Runtime Environment (8.0_121-b13) (build 1.8.0_121-b13)
# Java VM: Java HotSpot(TM) 64-Bit Server VM (25.121-b13 mixed mode linux-amd64 compressed oops)
# Problematic frame:
# V  [libjvm.so+0x6e2118]  jni_GetStringUTFChars+0xb8
#
# Failed to write core dump. Core dumps have been disabled. To enable core dumping, try "ulimit -c unlimited" before starting Java again
#
# If you would like to submit a bug report, please visit:
#   http://bugreport.java.com/bugreport/crash.jsp
#

---------------  T H R E A D  ---------------

Current thread (0x00007f7cc0010000):  JavaThread "main" [_thread_in_vm, id=9294, stack(0x00007f7cc959b000,0x00007f7cc969c000)]

siginfo: si_signo: 11 (SIGSEGV), si_code: 1 (SEGV_MAPERR), si_addr: 0x0000000000000000

Registers:
RAX=0x00007f7cc8a6a550, RBX=0x0000000000000000, RCX=0x000000076abac5f0, RDX=0x00007f7cc8a789e0
RSP=0x00007f7cc9695a60, RBP=0x00007f7cc9695b00, RSI=0x00007f7cc0010000, RDI=0x00007f7cc9695aa0
R8 =0x00007f7cb1012c80, R9 =0x000000076abac5f0, R10=0x000000000000026e, R11=0x00007f7cc8a789e8
R12=0x00007f7cc0010000, R13=0x0000000000000000, R14=0x00007f7cc9695bd8, R15=0x00007f7cc9695aa0
RIP=0x00007f7cc8195118, EFLAGS=0x0000000000010246, CSGSFS=0x0000000000000033, ERR=0x0000000000000004
  TRAPNO=0x000000000000000e

Top of Stack: (sp=0x00007f7cc9695a60)
0x00007f7cc9695a60:   00007f7cc9695b28 0000000000000000
0x00007f7cc9695a70:   00007f7cb1109c00 00007f7cc8a7a800
0x00007f7cc9695a80:   00007f7cc96960f8 00007f7cb1012c80
0x00007f7cc9695a90:   00000007761b01e0 0000000050200030
0x00007f7cc9695aa0:   00007f7cc0010000 0000000000000000
0x00007f7cc9695ab0:   00007f7cc41fa480 00007f7cb10082bd
0x00007f7cc9695ac0:   00007f7cc0010000 00000007761b01e0
0x00007f7cc9695ad0:   00007f7cc9695b70 00007f7ca08289d0
0x00007f7cc9695ae0:   00007f7cc11bd568 0000000000000000
0x00007f7cc9695af0:   00007f7cc9695bd8 00007f7cc0010000
0x00007f7cc9695b00:   00007f7cc00101f8 00007f7ca05802b0
0x00007f7cc9695b10:   00007f7cc9695b70 00007f7cb10082bd
0x00007f7cc9695b20:   00007f7ca08289d0 00007f7cc9695bb0
0x00007f7cc9695b30:   0000000000000000 00007f7ca08289c8
0x00007f7cc9695b40:   00007f7cc9695bd8 00007f7cb10184cf
0x00007f7cc9695b50:   0000000000000000 00007f7ca0838ae0
0x00007f7cc9695b60:   0000000000000000 000000076abac5f0
0x00007f7cc9695b70:   00007f7cc9695b60 0000000000000000
0x00007f7cc9695b80:   00007f7cc9695bd8 00007f7ca082fbc0
0x00007f7cc9695b90:   0000000000000000 00007f7ca08289d0
0x00007f7cc9695ba0:   0000000000000000 00007f7cc9695bd0
0x00007f7cc9695bb0:   00007f7cc9695c38 00007f7cb1007dd0
0x00007f7cc9695bc0:   0000000000000000 00007f7cb1011537
0x00007f7cc9695bd0:   0000000000000000 000000076abac5f0
0x00007f7cc9695be0:   00000007761b0180 00000007761b01e0
0x00007f7cc9695bf0:   000000076abac5f0 00007f7cc9695be8
0x00007f7cc9695c00:   00007f7ca082cb7d 00007f7cc9695c50
0x00007f7cc9695c10:   00007f7ca082f410 0000000000000000
0x00007f7cc9695c20:   00007f7ca082cbc8 00007f7cc9695bd0
0x00007f7cc9695c30:   00007f7cc9695c48 00007f7cc9695c98
0x00007f7cc9695c40:   00007f7cb10082bd 00000007761b0180
0x00007f7cc9695c50:   000000076abac5f0 00007f7cc9695c58 

Instructions: (pc=0x00007f7cc8195118)
0x00007f7cc81950f8:   84 24 70 02 00 00 06 00 00 00 4c 89 e6 4c 89 65
0x00007f7cc8195108:   c0 4c 89 ff e8 1f 01 01 00 48 8b 05 18 d0 88 00
0x00007f7cc8195118:   4c 8b 2b 8b 10 48 8b 05 44 fc 88 00 80 38 00 0f
0x00007f7cc8195128:   84 2b 01 00 00 48 63 c2 41 8b 54 05 00 85 d2 0f 

Register to memory mapping:

RAX=0x00007f7cc8a6a550: <offset 0xfb7550> in /usr/lib/jvm/java-8-oracle/jre/lib/amd64/server/libjvm.so at 0x00007f7cc7ab3000
RBX=0x0000000000000000 is an unknown value
RCX=0x000000076abac5f0 is an oop
org.sqlite.NativeDB 
 - klass: 'org/sqlite/NativeDB'
RDX=0x00007f7cc8a789e0: <offset 0xfc59e0> in /usr/lib/jvm/java-8-oracle/jre/lib/amd64/server/libjvm.so at 0x00007f7cc7ab3000
RSP=0x00007f7cc9695a60 is pointing into the stack for thread: 0x00007f7cc0010000
RBP=0x00007f7cc9695b00 is pointing into the stack for thread: 0x00007f7cc0010000
RSI=0x00007f7cc0010000 is a thread
RDI=0x00007f7cc9695aa0 is pointing into the stack for thread: 0x00007f7cc0010000
R8 =0x00007f7cb1012c80 is at code_begin+0 in an Interpreter codelet
method entry point (kind = zerolocals)  [0x00007f7cb1012c80, 0x00007f7cb1013100]  1152 bytes
R9 =0x000000076abac5f0 is an oop
org.sqlite.NativeDB 
 - klass: 'org/sqlite/NativeDB'
R10=0x000000000000026e is an unknown value
R11=0x00007f7cc8a789e8: <offset 0xfc59e8> in /usr/lib/jvm/java-8-oracle/jre/lib/amd64/server/libjvm.so at 0x00007f7cc7ab3000
R12=0x00007f7cc0010000 is a thread
R13=0x0000000000000000 is an unknown value
R14=0x00007f7cc9695bd8 is pointing into the stack for thread: 0x00007f7cc0010000
R15=0x00007f7cc9695aa0 is pointing into the stack for thread: 0x00007f7cc0010000


Stack: [0x00007f7cc959b000,0x00007f7cc969c000],  sp=0x00007f7cc9695a60,  free space=1002k
Native frames: (J=compiled Java code, j=interpreted, Vv=VM code, C=native code)
V  [libjvm.so+0x6e2118]  jni_GetStringUTFChars+0xb8
C  [sqlite-3.7.2-libsqlitejdbc.so+0xd2b0]  Java_org_sqlite_NativeDB_prepare+0x2f

Java frames: (J=compiled Java code, j=interpreted, Vv=VM code)
j  org.sqlite.NativeDB.prepare(Ljava/lang/String;)J+0
j  org.sqlite.DB.prepare(Lorg/sqlite/Stmt;)V+21
j  org.sqlite.PrepStmt.<init>(Lorg/sqlite/Conn;Ljava/lang/String;)V+15
j  org.sqlite.Conn.prepareStatement(Ljava/lang/String;III)Ljava/sql/PreparedStatement;+14
j  org.sqlite.Conn.prepareStatement(Ljava/lang/String;II)Ljava/sql/PreparedStatement;+5
j  org.sqlite.Conn.prepareStatement(Ljava/lang/String;)Ljava/sql/PreparedStatement;+8
v  ~StubRoutines::call_stub
J 2295  sun.reflect.NativeMethodAccessorImpl.invoke0(Ljava/lang/reflect/Method;Ljava/lang/Object;[Ljava/lang/Object;)Ljava/lang/Object; (0 bytes) @ 0x00007f7cb180d377 [0x00007f7cb180d300+0x77]
J 1257 C1 sun.reflect.NativeMethodAccessorImpl.invoke(Ljava/lang/Object;[Ljava/lang/Object;)Ljava/lang/Object; (104 bytes) @ 0x00007f7cb1457754 [0x00007f7cb1456580+0x11d4]
J 1169 C1 sun.reflect.DelegatingMethodAccessorImpl.invoke(Ljava/lang/Object;[Ljava/lang/Object;)Ljava/lang/Object; (10 bytes) @ 0x00007f7cb141a4cc [0x00007f7cb141a3c0+0x10c]
J 3664 C1 java.lang.reflect.Method.invoke(Ljava/lang/Object;[Ljava/lang/Object;)Ljava/lang/Object; (62 bytes) @ 0x00007f7cb1a6191c [0x00007f7cb1a61520+0x3fc]
j  org.apache.tomcat.jdbc.pool.ProxyConnection.invoke(Ljava/lang/Object;Ljava/lang/reflect/Method;[Ljava/lang/Object;)Ljava/lang/Object;+237
j  org.apache.tomcat.jdbc.pool.JdbcInterceptor.invoke(Ljava/lang/Object;Ljava/lang/reflect/Method;[Ljava/lang/Object;)Ljava/lang/Object;+14
j  org.apache.tomcat.jdbc.pool.DisposableConnectionFacade.invoke(Ljava/lang/Object;Ljava/lang/reflect/Method;[Ljava/lang/Object;)Ljava/lang/Object;+93
j  com.sun.proxy.$Proxy83.prepareStatement(Ljava/lang/String;)Ljava/sql/PreparedStatement;+16
j  org.hibernate.engine.jdbc.internal.StatementPreparerImpl$1.doPrepare()Ljava/sql/PreparedStatement;+37
j  org.hibernate.engine.jdbc.internal.StatementPreparerImpl$StatementPreparationTemplate.prepareStatement()Ljava/sql/PreparedStatement;+45
j  org.hibernate.engine.jdbc.internal.StatementPreparerImpl.prepareStatement(Ljava/lang/String;)Ljava/sql/PreparedStatement;+6
j  org.hibernate.id.SequenceGenerator.generateHolder(Lorg/hibernate/engine/spi/SessionImplementor;)Lorg/hibernate/id/IntegralDataTypeHolder;+15
j  org.hibernate.id.SequenceHiLoGenerator$1.getNextValue()Lorg/hibernate/id/IntegralDataTypeHolder;+8
j  org.hibernate.id.enhanced.LegacyHiLoAlgorithmOptimizer.generate(Lorg/hibernate/id/enhanced/AccessCallback;)Ljava/io/Serializable;+25
j  org.hibernate.id.SequenceHiLoGenerator.generate(Lorg/hibernate/engine/spi/SessionImplementor;Ljava/lang/Object;)Ljava/io/Serializable;+53
j  org.hibernate.event.internal.AbstractSaveEventListener.saveWithGeneratedId(Ljava/lang/Object;Ljava/lang/String;Ljava/lang/Object;Lorg/hibernate/event/spi/EventSource;Z)Ljava/io/Serializable;+21
j  org.hibernate.jpa.event.internal.core.JpaPersistEventListener.saveWithGeneratedId(Ljava/lang/Object;Ljava/lang/String;Ljava/lang/Object;Lorg/hibernate/event/spi/EventSource;Z)Ljava/io/Serializable;+18
j  org.hibernate.event.internal.DefaultPersistEventListener.entityIsTransient(Lorg/hibernate/event/spi/PersistEvent;Ljava/util/Map;)V+55
j  org.hibernate.event.internal.DefaultPersistEventListener.onPersist(Lorg/hibernate/event/spi/PersistEvent;Ljava/util/Map;)V+324
j  org.hibernate.event.internal.DefaultPersistEventListener.onPersist(Lorg/hibernate/event/spi/PersistEvent;)V+11
j  org.hibernate.internal.SessionImpl.firePersist(Lorg/hibernate/event/spi/PersistEvent;)V+46
j  org.hibernate.internal.SessionImpl.persist(Ljava/lang/String;Ljava/lang/Object;)V+11
j  org.hibernate.internal.SessionImpl.persist(Ljava/lang/Object;)V+3
j  org.hibernate.jpa.spi.AbstractEntityManagerImpl.persist(Ljava/lang/Object;)V+9
v  ~StubRoutines::call_stub
J 2295  sun.reflect.NativeMethodAccessorImpl.invoke0(Ljava/lang/reflect/Method;Ljava/lang/Object;[Ljava/lang/Object;)Ljava/lang/Object; (0 bytes) @ 0x00007f7cb180d377 [0x00007f7cb180d300+0x77]
J 1257 C1 sun.reflect.NativeMethodAccessorImpl.invoke(Ljava/lang/Object;[Ljava/lang/Object;)Ljava/lang/Object; (104 bytes) @ 0x00007f7cb1457754 [0x00007f7cb1456580+0x11d4]
J 1169 C1 sun.reflect.DelegatingMethodAccessorImpl.invoke(Ljava/lang/Object;[Ljava/lang/Object;)Ljava/lang/Object; (10 bytes) @ 0x00007f7cb141a4cc [0x00007f7cb141a3c0+0x10c]
J 3664 C1 java.lang.reflect.Method.invoke(Ljava/lang/Object;[Ljava/lang/Object;)Ljava/lang/Object; (62 bytes) @ 0x00007f7cb1a6191c [0x00007f7cb1a61520+0x3fc]
j  org.springframework.orm.jpa.SharedEntityManagerCreator$SharedEntityManagerInvocationHandler.invoke(Ljava/lang/Object;Ljava/lang/reflect/Method;[Ljava/lang/Object;)Ljava/lang/Object;+495
j  com.sun.proxy.$Proxy92.persist(Ljava/lang/Object;)V+16
j  org.springframework.data.jpa.repository.support.SimpleJpaRepository.save(Ljava/lang/Object;)Ljava/lang/Object;+18
v  ~StubRoutines::call_stub
J 2295  sun.reflect.NativeMethodAccessorImpl.invoke0(Ljava/lang/reflect/Method;Ljava/lang/Object;[Ljava/lang/Object;)Ljava/lang/Object; (0 bytes) @ 0x00007f7cb180d377 [0x00007f7cb180d300+0x77]
J 1257 C1 sun.reflect.NativeMethodAccessorImpl.invoke(Ljava/lang/Object;[Ljava/lang/Object;)Ljava/lang/Object; (104 bytes) @ 0x00007f7cb1457754 [0x00007f7cb1456580+0x11d4]
J 1169 C1 sun.reflect.DelegatingMethodAccessorImpl.invoke(Ljava/lang/Object;[Ljava/lang/Object;)Ljava/lang/Object; (10 bytes) @ 0x00007f7cb141a4cc [0x00007f7cb141a3c0+0x10c]
J 3664 C1 java.lang.reflect.Method.invoke(Ljava/lang/Object;[Ljava/lang/Object;)Ljava/lang/Object; (62 bytes) @ 0x00007f7cb1a6191c [0x00007f7cb1a61520+0x3fc]
j  org.springframework.data.repository.core.support.RepositoryFactorySupport$QueryExecutorMethodInterceptor.executeMethodOn(Ljava/lang/Object;Ljava/lang/reflect/Method;[Ljava/lang/Object;)Ljava/lang/Object;+3
j  org.springframework.data.repository.core.support.RepositoryFactorySupport$QueryExecutorMethodInterceptor.doInvoke(Lorg/aopalliance/intercept/MethodInvocation;)Ljava/lang/Object;+94
j  org.springframework.data.repository.core.support.RepositoryFactorySupport$QueryExecutorMethodInterceptor.invoke(Lorg/aopalliance/intercept/MethodInvocation;)Ljava/lang/Object;+2
j  org.springframework.aop.framework.ReflectiveMethodInvocation.proceed()Ljava/lang/Object;+101
j  org.springframework.data.projection.DefaultMethodInvokingMethodInterceptor.invoke(Lorg/aopalliance/intercept/MethodInvocation;)Ljava/lang/Object;+15
j  org.springframework.aop.framework.ReflectiveMethodInvocation.proceed()Ljava/lang/Object;+101
j  org.springframework.transaction.interceptor.TransactionInterceptor$1.proceedWithInvocation()Ljava/lang/Object;+4
j  org.springframework.transaction.interceptor.TransactionAspectSupport.invokeWithinTransaction(Ljava/lang/reflect/Method;Ljava/lang/Class;Lorg/springframework/transaction/interceptor/TransactionAspectSupport$InvocationCallback;)Ljava/lang/Object;+60
j  org.springframework.transaction.interceptor.TransactionInterceptor.invoke(Lorg/aopalliance/intercept/MethodInvocation;)Ljava/lang/Object;+40
j  org.springframework.aop.framework.ReflectiveMethodInvocation.proceed()Ljava/lang/Object;+101
j  org.springframework.dao.support.PersistenceExceptionTranslationInterceptor.invoke(Lorg/aopalliance/intercept/MethodInvocation;)Ljava/lang/Object;+1
j  org.springframework.aop.framework.ReflectiveMethodInvocation.proceed()Ljava/lang/Object;+101
j  org.springframework.data.jpa.repository.support.CrudMethodMetadataPostProcessor$CrudMethodMetadataPopulatingMethodInterceptor.invoke(Lorg/aopalliance/intercept/MethodInvocation;)Ljava/lang/Object;+89
j  org.springframework.aop.framework.ReflectiveMethodInvocation.proceed()Ljava/lang/Object;+101
j  org.springframework.aop.interceptor.ExposeInvocationInterceptor.invoke(Lorg/aopalliance/intercept/MethodInvocation;)Ljava/lang/Object;+18
j  org.springframework.aop.framework.ReflectiveMethodInvocation.proceed()Ljava/lang/Object;+101
j  org.springframework.aop.framework.JdkDynamicAopProxy.invoke(Ljava/lang/Object;Ljava/lang/reflect/Method;[Ljava/lang/Object;)Ljava/lang/Object;+385
j  com.sun.proxy.$Proxy94.save(Ljava/lang/Object;)Ljava/lang/Object;+16
j  com.example.api.service.BookService.save(Lcom/example/entity/Book;)Lcom/example/entity/Book;+5
j  com.example.crudtest.CRUDTest.insertOperation()V+19
v  ~StubRoutines::call_stub
J 2295  sun.reflect.NativeMethodAccessorImpl.invoke0(Ljava/lang/reflect/Method;Ljava/lang/Object;[Ljava/lang/Object;)Ljava/lang/Object; (0 bytes) @ 0x00007f7cb180d377 [0x00007f7cb180d300+0x77]
J 1257 C1 sun.reflect.NativeMethodAccessorImpl.invoke(Ljava/lang/Object;[Ljava/lang/Object;)Ljava/lang/Object; (104 bytes) @ 0x00007f7cb1457754 [0x00007f7cb1456580+0x11d4]
J 1169 C1 sun.reflect.DelegatingMethodAccessorImpl.invoke(Ljava/lang/Object;[Ljava/lang/Object;)Ljava/lang/Object; (10 bytes) @ 0x00007f7cb141a4cc [0x00007f7cb141a3c0+0x10c]
J 3664 C1 java.lang.reflect.Method.invoke(Ljava/lang/Object;[Ljava/lang/Object;)Ljava/lang/Object; (62 bytes) @ 0x00007f7cb1a6191c [0x00007f7cb1a61520+0x3fc]
j  org.testng.internal.MethodInvocationHelper.invokeMethod(Ljava/lang/reflect/Method;Ljava/lang/Object;[Ljava/lang/Object;)Ljava/lang/Object;+242
j  org.testng.internal.MethodInvocationHelper$1.runTestMethod(Lorg/testng/ITestResult;)V+12
j  org.springframework.test.context.testng.AbstractTestNGSpringContextTests.run(Lorg/testng/IHookCallBack;Lorg/testng/ITestResult;)V+2
v  ~StubRoutines::call_stub
J 2295  sun.reflect.NativeMethodAccessorImpl.invoke0(Ljava/lang/reflect/Method;Ljava/lang/Object;[Ljava/lang/Object;)Ljava/lang/Object; (0 bytes) @ 0x00007f7cb180d377 [0x00007f7cb180d300+0x77]
J 1257 C1 sun.reflect.NativeMethodAccessorImpl.invoke(Ljava/lang/Object;[Ljava/lang/Object;)Ljava/lang/Object; (104 bytes) @ 0x00007f7cb1457754 [0x00007f7cb1456580+0x11d4]
J 1169 C1 sun.reflect.DelegatingMethodAccessorImpl.invoke(Ljava/lang/Object;[Ljava/lang/Object;)Ljava/lang/Object; (10 bytes) @ 0x00007f7cb141a4cc [0x00007f7cb141a3c0+0x10c]
J 3664 C1 java.lang.reflect.Method.invoke(Ljava/lang/Object;[Ljava/lang/Object;)Ljava/lang/Object; (62 bytes) @ 0x00007f7cb1a6191c [0x00007f7cb1a61520+0x3fc]
j  org.testng.internal.MethodInvocationHelper.invokeHookable(Ljava/lang/Object;[Ljava/lang/Object;Ljava/lang/Object;Ljava/lang/reflect/Method;Lorg/testng/internal/TestResult;)V+64
j  org.testng.internal.Invoker.invokeMethod([Ljava/lang/Object;ILorg/testng/ITestNGMethod;[Ljava/lang/Object;ILorg/testng/xml/XmlSuite;Ljava/util/Map;Lorg/testng/ITestClass;[Lorg/testng/ITestNGMethod;[Lorg/testng/ITestNGMethod;Lorg/testng/internal/ConfigurationGroupMethods;)Lorg/testng/ITestResult;+280
j  org.testng.internal.Invoker.invokeTestMethod([Ljava/lang/Object;Lorg/testng/ITestNGMethod;[Ljava/lang/Object;ILorg/testng/xml/XmlSuite;Ljava/util/Map;Lorg/testng/ITestClass;[Lorg/testng/ITestNGMethod;[Lorg/testng/ITestNGMethod;Lorg/testng/internal/ConfigurationGroupMethods;)Ljava/util/List;+46
j  org.testng.internal.Invoker.invokeTestMethods(Lorg/testng/ITestNGMethod;[Lorg/testng/ITestNGMethod;ILorg/testng/xml/XmlSuite;Ljava/util/Map;Lorg/testng/internal/ConfigurationGroupMethods;[Ljava/lang/Object;Lorg/testng/ITestContext;)Ljava/util/List;+705
j  org.testng.internal.TestMethodWorker.invokeTestMethods(Lorg/testng/ITestNGMethod;[Ljava/lang/Object;Lorg/testng/ITestContext;)V+32
j  org.testng.internal.TestMethodWorker.run()V+60
j  org.testng.TestRunner.privateRun(Lorg/testng/xml/XmlTest;)V+349
j  org.testng.TestRunner.run()V+26
j  org.testng.SuiteRunner.runTest(Lorg/testng/TestRunner;)V+1
j  org.testng.SuiteRunner.runSequentially()V+31
j  org.testng.SuiteRunner.privateRun()V+281
j  org.testng.SuiteRunner.run()V+6
j  org.testng.SuiteRunnerWorker.runSuite(Lorg/testng/internal/SuiteRunnerMap;Lorg/testng/xml/XmlSuite;)V+96
j  org.testng.SuiteRunnerWorker.run()V+12
j  org.testng.TestNG.runSuitesSequentially(Lorg/testng/xml/XmlSuite;Lorg/testng/internal/SuiteRunnerMap;ILjava/lang/String;)V+66
j  org.testng.TestNG.runSuitesLocally()Ljava/util/List;+117
j  org.testng.TestNG.run()V+77
j  org.testng.remote.AbstractRemoteTestNG.run()V+163
j  org.testng.remote.RemoteTestNG.initAndRun(Lorg/testng/remote/IRemoteTestNG;[Ljava/lang/String;Lorg/testng/CommandLineArgs;Lorg/testng/remote/RemoteArgs;)V+184
j  org.testng.remote.RemoteTestNG.main([Ljava/lang/String;)V+218
v  ~StubRoutines::call_stub

---------------  P R O C E S S  ---------------

Java Threads: ( => current thread )
  0x00007f7cc1547000 JavaThread "http-nio-auto-1-46283-AsyncTimeout" daemon [_thread_blocked, id=9320, stack(0x00007f7c9b7fc000,0x00007f7c9b8fd000)]
  0x00007f7cc1545800 JavaThread "http-nio-auto-1-Acceptor-0" daemon [_thread_in_native, id=9319, stack(0x00007f7c9b8fd000,0x00007f7c9b9fe000)]
  0x00007f7cc1543000 JavaThread "http-nio-auto-1-ClientPoller-1" daemon [_thread_in_native, id=9318, stack(0x00007f7c9b9fe000,0x00007f7c9baff000)]
  0x00007f7cc1535000 JavaThread "http-nio-auto-1-ClientPoller-0" daemon [_thread_in_native, id=9317, stack(0x00007f7c9baff000,0x00007f7c9bc00000)]
  0x00007f7cc1522800 JavaThread "NioBlockingSelector.BlockPoller-1" daemon [_thread_in_native, id=9316, stack(0x00007f7ca0072000,0x00007f7ca0173000)]
  0x00007f7cc119e800 JavaThread "Tomcat JDBC Pool Cleaner[865113938:1485257847594]" daemon [_thread_blocked, id=9315, stack(0x00007f7ca0c37000,0x00007f7ca0d38000)]
  0x00007f7cc107e000 JavaThread "container-0" [_thread_blocked, id=9314, stack(0x00007f7ca0f38000,0x00007f7ca1039000)]
  0x00007f7cc1079800 JavaThread "ContainerBackgroundProcessor[StandardEngine[Tomcat]]" daemon [_thread_blocked, id=9313, stack(0x00007f7ca1039000,0x00007f7ca113a000)]
  0x00007f7c6820c800 JavaThread "localhost-startStop-1" daemon [_thread_blocked, id=9312, stack(0x00007f7ca113a000,0x00007f7ca123b000)]
  0x00007f7cc1069000 JavaThread "Tomcat-startStop-1" daemon [_thread_blocked, id=9311, stack(0x00007f7ca20f9000,0x00007f7ca21fa000)]
  0x00007f7cc04b2000 JavaThread "ReaderThread" [_thread_in_native, id=9309, stack(0x00007f7ca2a07000,0x00007f7ca2b08000)]
  0x00007f7cc00cf000 JavaThread "Service Thread" daemon [_thread_blocked, id=9306, stack(0x00007f7ca3014000,0x00007f7ca3115000)]
  0x00007f7cc00c4000 JavaThread "C1 CompilerThread2" daemon [_thread_blocked, id=9305, stack(0x00007f7ca3115000,0x00007f7ca3216000)]
  0x00007f7cc00c2000 JavaThread "C2 CompilerThread1" daemon [_thread_in_native, id=9304, stack(0x00007f7ca3216000,0x00007f7ca3317000)]
  0x00007f7cc00bf000 JavaThread "C2 CompilerThread0" daemon [_thread_in_native, id=9303, stack(0x00007f7ca3317000,0x00007f7ca3418000)]
  0x00007f7cc00be000 JavaThread "Signal Dispatcher" daemon [_thread_blocked, id=9302, stack(0x00007f7ca3418000,0x00007f7ca3519000)]
  0x00007f7cc008a000 JavaThread "Finalizer" daemon [_thread_blocked, id=9301, stack(0x00007f7ca3bfc000,0x00007f7ca3cfd000)]
  0x00007f7cc0085800 JavaThread "Reference Handler" daemon [_thread_blocked, id=9300, stack(0x00007f7ca3cfd000,0x00007f7ca3dfe000)]
=>0x00007f7cc0010000 JavaThread "main" [_thread_in_vm, id=9294, stack(0x00007f7cc959b000,0x00007f7cc969c000)]

Other Threads:
  0x00007f7cc007e000 VMThread [stack: 0x00007f7ca3dfe000,0x00007f7ca3eff000] [id=9299]
  0x00007f7cc00d1800 WatcherThread [stack: 0x00007f7ca2f13000,0x00007f7ca3014000] [id=9307]

VM state:not at safepoint (normal execution)

VM Mutex/Monitor currently owned by a thread: None

Heap:
 PSYoungGen      total 305664K, used 190456K [0x000000076ab00000, 0x0000000788680000, 0x00000007c0000000)
  eden space 262144K, 72% used [0x000000076ab00000,0x00000007764fe1d8,0x000000077ab00000)
  from space 43520K, 0% used [0x000000077ab00000,0x000000077ab00000,0x000000077d580000)
  to   space 43520K, 0% used [0x0000000785c00000,0x0000000785c00000,0x0000000788680000)
 ParOldGen       total 726016K, used 22685K [0x00000006c0000000, 0x00000006ec500000, 0x000000076ab00000)
  object space 726016K, 3% used [0x00000006c0000000,0x00000006c1627728,0x00000006ec500000)
 Metaspace       used 45096K, capacity 45484K, committed 45824K, reserved 1089536K
  class space    used 5897K, capacity 6029K, committed 6144K, reserved 1048576K

Card table byte_map: [0x00007f7cc5b54000,0x00007f7cc6355000] byte_map_base: 0x00007f7cc2554000

Marking Bits: (ParMarkBitMap*) 0x00007f7cc8a77c80
 Begin Bits: [0x00007f7ca9000000, 0x00007f7cad000000)
 End Bits:   [0x00007f7cad000000, 0x00007f7cb1000000)

Polling page: 0x00007f7cc96c1000

CodeCache: size=245760Kb used=13596Kb max_used=13705Kb free=232164Kb
 bounds [0x00007f7cb1000000, 0x00007f7cb1d80000, 0x00007f7cc0000000]
 total_blobs=3993 nmethods=3522 adapters=384
 compilation: enabled

Compilation events (10 events):
Event: 15.289 Thread 0x00007f7cc00c4000 4116       2       java.util.Collections$EmptyList::iterator (4 bytes)
Event: 15.290 Thread 0x00007f7cc00c4000 nmethod 4116 0x00007f7cb13b2a10 code [0x00007f7cb13b2b60, 0x00007f7cb13b2cb0]
Event: 15.290 Thread 0x00007f7cc00c4000 4117       1       org.testng.shaded.com.google.gson.reflect.TypeToken::hashCode (5 bytes)
Event: 15.290 Thread 0x00007f7cc00c4000 nmethod 4117 0x00007f7cb13b2750 code [0x00007f7cb13b28a0, 0x00007f7cb13b29b0]
Event: 15.291 Thread 0x00007f7cc00c4000 4115       1       java.util.Collections$SingletonList::size (2 bytes)
Event: 15.291 Thread 0x00007f7cc00c4000 nmethod 4115 0x00007f7cb15fedd0 code [0x00007f7cb15fef20, 0x00007f7cb15ff030]
Event: 15.291 Thread 0x00007f7cc00c4000 4118       2       java.io.BufferedWriter::ensureOpen (18 bytes)
Event: 15.291 Thread 0x00007f7cc00c4000 nmethod 4118 0x00007f7cb1371a50 code [0x00007f7cb1371bc0, 0x00007f7cb1371dc8]
Event: 15.307 Thread 0x00007f7cc00c4000 4119       2       org.hibernate.service.internal.ConcurrentServiceBinding::hashKey (5 bytes)
Event: 15.307 Thread 0x00007f7cc00c4000 nmethod 4119 0x00007f7cb1372550 code [0x00007f7cb13726c0, 0x00007f7cb1372828]

GC Heap History (10 events):
Event: 7.901 GC heap before
{Heap before GC invocations=1 (full 0):
 PSYoungGen      total 305664K, used 204619K [0x000000076ab00000, 0x0000000780000000, 0x00000007c0000000)
  eden space 262144K, 78% used [0x000000076ab00000,0x00000007772d2ff0,0x000000077ab00000)
  from space 43520K, 0% used [0x000000077d580000,0x000000077d580000,0x0000000780000000)
  to   space 43520K, 0% used [0x000000077ab00000,0x000000077ab00000,0x000000077d580000)
 ParOldGen       total 699392K, used 0K [0x00000006c0000000, 0x00000006eab00000, 0x000000076ab00000)
  object space 699392K, 0% used [0x00000006c0000000,0x00000006c0000000,0x00000006eab00000)
 Metaspace       used 21014K, capacity 21158K, committed 21296K, reserved 1069056K
  class space    used 2575K, capacity 2609K, committed 2688K, reserved 1048576K
Event: 7.931 GC heap after
Heap after GC invocations=1 (full 0):
 PSYoungGen      total 305664K, used 21507K [0x000000076ab00000, 0x0000000780000000, 0x00000007c0000000)
  eden space 262144K, 0% used [0x000000076ab00000,0x000000076ab00000,0x000000077ab00000)
  from space 43520K, 49% used [0x000000077ab00000,0x000000077c000e10,0x000000077d580000)
  to   space 43520K, 0% used [0x000000077d580000,0x000000077d580000,0x0000000780000000)
 ParOldGen       total 699392K, used 88K [0x00000006c0000000, 0x00000006eab00000, 0x000000076ab00000)
  object space 699392K, 0% used [0x00000006c0000000,0x00000006c0016010,0x00000006eab00000)
 Metaspace       used 21014K, capacity 21158K, committed 21296K, reserved 1069056K
  class space    used 2575K, capacity 2609K, committed 2688K, reserved 1048576K
}
Event: 7.931 GC heap before
{Heap before GC invocations=2 (full 1):
 PSYoungGen      total 305664K, used 21507K [0x000000076ab00000, 0x0000000780000000, 0x00000007c0000000)
  eden space 262144K, 0% used [0x000000076ab00000,0x000000076ab00000,0x000000077ab00000)
  from space 43520K, 49% used [0x000000077ab00000,0x000000077c000e10,0x000000077d580000)
  to   space 43520K, 0% used [0x000000077d580000,0x000000077d580000,0x0000000780000000)
 ParOldGen       total 699392K, used 88K [0x00000006c0000000, 0x00000006eab00000, 0x000000076ab00000)
  object space 699392K, 0% used [0x00000006c0000000,0x00000006c0016010,0x00000006eab00000)
 Metaspace       used 21014K, capacity 21158K, committed 21296K, reserved 1069056K
  class space    used 2575K, capacity 2609K, committed 2688K, reserved 1048576K
Event: 7.985 GC heap after
Heap after GC invocations=2 (full 1):
 PSYoungGen      total 305664K, used 0K [0x000000076ab00000, 0x0000000780000000, 0x00000007c0000000)
  eden space 262144K, 0% used [0x000000076ab00000,0x000000076ab00000,0x000000077ab00000)
  from space 43520K, 0% used [0x000000077ab00000,0x000000077ab00000,0x000000077d580000)
  to   space 43520K, 0% used [0x000000077d580000,0x000000077d580000,0x0000000780000000)
 ParOldGen       total 699392K, used 20626K [0x00000006c0000000, 0x00000006eab00000, 0x000000076ab00000)
  object space 699392K, 2% used [0x00000006c0000000,0x00000006c1424bb0,0x00000006eab00000)
 Metaspace       used 21014K, capacity 21158K, committed 21296K, reserved 1069056K
  class space    used 2575K, capacity 2609K, committed 2688K, reserved 1048576K
}
Event: 11.207 GC heap before
{Heap before GC invocations=3 (full 1):
 PSYoungGen      total 305664K, used 262144K [0x000000076ab00000, 0x0000000780000000, 0x00000007c0000000)
  eden space 262144K, 100% used [0x000000076ab00000,0x000000077ab00000,0x000000077ab00000)
  from space 43520K, 0% used [0x000000077ab00000,0x000000077ab00000,0x000000077d580000)
  to   space 43520K, 0% used [0x000000077d580000,0x000000077d580000,0x0000000780000000)
 ParOldGen       total 699392K, used 20626K [0x00000006c0000000, 0x00000006eab00000, 0x000000076ab00000)
  object space 699392K, 2% used [0x00000006c0000000,0x00000006c1424bb0,0x00000006eab00000)
 Metaspace       used 30369K, capacity 30710K, committed 31104K, reserved 1077248K
  class space    used 3766K, capacity 3860K, committed 3968K, reserved 1048576K
Event: 11.228 GC heap after
Heap after GC invocations=3 (full 1):
 PSYoungGen      total 305664K, used 17034K [0x000000076ab00000, 0x0000000786b80000, 0x00000007c0000000)
  eden space 262144K, 0% used [0x000000076ab00000,0x000000076ab00000,0x000000077ab00000)
  from space 43520K, 39% used [0x000000077d580000,0x000000077e622be0,0x0000000780000000)
  to   space 43520K, 0% used [0x000000077ab00000,0x000000077ab00000,0x000000077d580000)
 ParOldGen       total 699392K, used 20634K [0x00000006c0000000, 0x00000006eab00000, 0x000000076ab00000)
  object space 699392K, 2% used [0x00000006c0000000,0x00000006c1426bb0,0x00000006eab00000)
 Metaspace       used 30369K, capacity 30710K, committed 31104K, reserved 1077248K
  class space    used 3766K, capacity 3860K, committed 3968K, reserved 1048576K
}
Event: 12.754 GC heap before
{Heap before GC invocations=4 (full 1):
 PSYoungGen      total 305664K, used 112222K [0x000000076ab00000, 0x0000000786b80000, 0x00000007c0000000)
  eden space 262144K, 36% used [0x000000076ab00000,0x00000007707f4fb0,0x000000077ab00000)
  from space 43520K, 39% used [0x000000077d580000,0x000000077e622be0,0x0000000780000000)
  to   space 43520K, 0% used [0x000000077ab00000,0x000000077ab00000,0x000000077d580000)
 ParOldGen       total 699392K, used 20634K [0x00000006c0000000, 0x00000006eab00000, 0x000000076ab00000)
  object space 699392K, 2% used [0x00000006c0000000,0x00000006c1426bb0,0x00000006eab00000)
 Metaspace       used 35048K, capacity 35350K, committed 35496K, reserved 1081344K
  class space    used 4497K, capacity 4580K, committed 4608K, reserved 1048576K
Event: 12.774 GC heap after
Heap after GC invocations=4 (full 1):
 PSYoungGen      total 305664K, used 13348K [0x000000076ab00000, 0x0000000788680000, 0x00000007c0000000)
  eden space 262144K, 0% used [0x000000076ab00000,0x000000076ab00000,0x000000077ab00000)
  from space 43520K, 30% used [0x000000077ab00000,0x000000077b809258,0x000000077d580000)
  to   space 43520K, 0% used [0x0000000785c00000,0x0000000785c00000,0x0000000788680000)
 ParOldGen       total 699392K, used 20642K [0x00000006c0000000, 0x00000006eab00000, 0x000000076ab00000)
  object space 699392K, 2% used [0x00000006c0000000,0x00000006c1428bb0,0x00000006eab00000)
 Metaspace       used 35048K, capacity 35350K, committed 35496K, reserved 1081344K
  class space    used 4497K, capacity 4580K, committed 4608K, reserved 1048576K
}
Event: 12.774 GC heap before
{Heap before GC invocations=5 (full 2):
 PSYoungGen      total 305664K, used 13348K [0x000000076ab00000, 0x0000000788680000, 0x00000007c0000000)
  eden space 262144K, 0% used [0x000000076ab00000,0x000000076ab00000,0x000000077ab00000)
  from space 43520K, 30% used [0x000000077ab00000,0x000000077b809258,0x000000077d580000)
  to   space 43520K, 0% used [0x0000000785c00000,0x0000000785c00000,0x0000000788680000)
 ParOldGen       total 699392K, used 20642K [0x00000006c0000000, 0x00000006eab00000, 0x000000076ab00000)
  object space 699392K, 2% used [0x00000006c0000000,0x00000006c1428bb0,0x00000006eab00000)
 Metaspace       used 35048K, capacity 35350K, committed 35496K, reserved 1081344K
  class space    used 4497K, capacity 4580K, committed 4608K, reserved 1048576K
Event: 12.864 GC heap after
Heap after GC invocations=5 (full 2):
 PSYoungGen      total 305664K, used 0K [0x000000076ab00000, 0x0000000788680000, 0x00000007c0000000)
  eden space 262144K, 0% used [0x000000076ab00000,0x000000076ab00000,0x000000077ab00000)
  from space 43520K, 0% used [0x000000077ab00000,0x000000077ab00000,0x000000077d580000)
  to   space 43520K, 0% used [0x0000000785c00000,0x0000000785c00000,0x0000000788680000)
 ParOldGen       total 726016K, used 22685K [0x00000006c0000000, 0x00000006ec500000, 0x000000076ab00000)
  object space 726016K, 3% used [0x00000006c0000000,0x00000006c1627728,0x00000006ec500000)
 Metaspace       used 35048K, capacity 35350K, committed 35496K, reserved 1081344K
  class space    used 4497K, capacity 4580K, committed 4608K, reserved 1048576K
}

Deoptimization events (10 events):
Event: 13.992 Thread 0x00007f7cc0010000 Uncommon trap: reason=null_check action=make_not_entrant pc=0x00007f7cb1735538 method=org.springframework.util.ClassUtils.isAssignable(Ljava/lang/Class;Ljava/lang/Class;)Z @ 14
Event: 14.053 Thread 0x00007f7cc0010000 Uncommon trap: reason=unstable_if action=reinterpret pc=0x00007f7cb1b0ee84 method=java.lang.reflect.Proxy.isProxyClass(Ljava/lang/Class;)Z @ 16
Event: 14.054 Thread 0x00007f7cc0010000 Uncommon trap: reason=unstable_if action=reinterpret pc=0x00007f7cb185bcb0 method=sun.reflect.misc.ReflectUtil.isNonPublicProxyClass(Ljava/lang/Class;)Z @ 33
Event: 14.299 Thread 0x00007f7cc0010000 Uncommon trap: reason=class_check action=maybe_recompile pc=0x00007f7cb1278ed0 method=java.util.regex.Pattern$Curly.match0(Ljava/util/regex/Matcher;IILjava/lang/CharSequence;)Z @ 77
Event: 14.299 Thread 0x00007f7cc0010000 Uncommon trap: reason=class_check action=maybe_recompile pc=0x00007f7cb12caa4c method=java.util.regex.Pattern$Curly.match(Ljava/util/regex/Matcher;ILjava/lang/CharSequence;)Z @ 19
Event: 14.325 Thread 0x00007f7cc0010000 Uncommon trap: reason=unstable_if action=reinterpret pc=0x00007f7cb15920f0 method=java.util.concurrent.ConcurrentHashMap.transfer([Ljava/util/concurrent/ConcurrentHashMap$Node;[Ljava/util/concurrent/ConcurrentHashMap$Node;)V @ 356
Event: 15.084 Thread 0x00007f7cc0010000 Uncommon trap: reason=unstable_if action=reinterpret pc=0x00007f7cb14c8574 method=org.springframework.util.ConcurrentReferenceHashMap$Segment.clear()V @ 4
Event: 15.094 Thread 0x00007f7cc0010000 Uncommon trap: reason=class_check action=maybe_recompile pc=0x00007f7cb1279538 method=java.util.regex.Pattern$Curly.match0(Ljava/util/regex/Matcher;IILjava/lang/CharSequence;)Z @ 170
Event: 15.268 Thread 0x00007f7cc0010000 Uncommon trap: reason=bimorphic action=maybe_recompile pc=0x00007f7cb16d7ea8 method=java.util.Hashtable.get(Ljava/lang/Object;)Ljava/lang/Object; @ 6
Event: 15.269 Thread 0x00007f7cc0010000 Uncommon trap: reason=bimorphic action=maybe_recompile pc=0x00007f7cb16d7ea8 method=java.util.Hashtable.get(Ljava/lang/Object;)Ljava/lang/Object; @ 6

Internal exceptions (10 events):
Event: 14.970 Thread 0x00007f7cc0010000 Exception <a 'java/lang/ClassNotFoundException': org/springframework/boot/autoconfigure/web/WebClientAutoConfigurationCustomizer> (0x0000000774b3cd00) thrown at [/HUDSON3/workspace/8-2-build-linux-amd64/jdk8u121/8372/hotspot/src/share/vm/classfile/systemD
Event: 14.970 Thread 0x00007f7cc0010000 Exception <a 'java/lang/ClassNotFoundException': org/springframework/boot/autoconfigure/web/WebClientAutoConfiguration$$EnhancerBySpringCGLIB$$52d5929eCustomizer> (0x0000000774b605f8) thrown at [/HUDSON3/workspace/8-2-build-linux-amd64/jdk8u121/8372/hotsp
Event: 14.971 Thread 0x00007f7cc0010000 Exception <a 'java/lang/ClassNotFoundException': org/springframework/context/annotation/ConfigurationClassEnhancer$EnhancedConfigurationCustomizer> (0x0000000774b84930) thrown at [/HUDSON3/workspace/8-2-build-linux-amd64/jdk8u121/8372/hotspot/src/share/vm
Event: 15.276 Thread 0x00007f7cc0010000 Exception <a 'java/lang/ClassNotFoundException': java/lang/ObjectCustomizer> (0x0000000775ababe8) thrown at [/HUDSON3/workspace/8-2-build-linux-amd64/jdk8u121/8372/hotspot/src/share/vm/classfile/systemDictionary.cpp, line 210]
Event: 15.277 Thread 0x00007f7cc0010000 Exception <a 'java/lang/ClassNotFoundException': org/springframework/test/context/testng/AbstractTestNGSpringContextTestsCustomizer> (0x0000000775ad8930) thrown at [/HUDSON3/workspace/8-2-build-linux-amd64/jdk8u121/8372/hotspot/src/share/vm/classfile/syst
Event: 15.278 Thread 0x00007f7cc0010000 Exception <a 'java/lang/ClassNotFoundException': com/example/crudtest/CRUDTestCustomizer> (0x0000000775aeb4f8) thrown at [/HUDSON3/workspace/8-2-build-linux-amd64/jdk8u121/8372/hotspot/src/share/vm/classfile/systemDictionary.cpp, line 210]
Event: 15.278 Thread 0x00007f7cc0010000 Exception <a 'java/lang/ClassNotFoundException': org/testng/IHookableCustomizer> (0x0000000775afbf20) thrown at [/HUDSON3/workspace/8-2-build-linux-amd64/jdk8u121/8372/hotspot/src/share/vm/classfile/systemDictionary.cpp, line 210]
Event: 15.278 Thread 0x00007f7cc0010000 Exception <a 'java/lang/ClassNotFoundException': org/springframework/context/ApplicationContextAwareCustomizer> (0x0000000775b120c0) thrown at [/HUDSON3/workspace/8-2-build-linux-amd64/jdk8u121/8372/hotspot/src/share/vm/classfile/systemDictionary.cpp, lin
Event: 15.310 Thread 0x00007f7cc0010000 Exception <a 'java/lang/ClassNotFoundException': java/lang/ObjectCustomizer> (0x00000007761372c8) thrown at [/HUDSON3/workspace/8-2-build-linux-amd64/jdk8u121/8372/hotspot/src/share/vm/classfile/systemDictionary.cpp, line 210]
Event: 15.311 Thread 0x00007f7cc0010000 Exception <a 'java/lang/ClassNotFoundException': com/example/entity/BookCustomizer> (0x0000000776149c58) thrown at [/HUDSON3/workspace/8-2-build-linux-amd64/jdk8u121/8372/hotspot/src/share/vm/classfile/systemDictionary.cpp, line 210]

Events (10 events):
Event: 15.316 loading class org/hibernate/engine/jdbc/internal/FormatStyle
Event: 15.316 loading class org/hibernate/engine/jdbc/internal/FormatStyle done
Event: 15.316 loading class org/hibernate/engine/jdbc/internal/Formatter
Event: 15.316 loading class org/hibernate/engine/jdbc/internal/Formatter done
Event: 15.317 loading class org/hibernate/engine/jdbc/internal/BasicFormatterImpl
Event: 15.317 loading class org/hibernate/engine/jdbc/internal/BasicFormatterImpl done
Event: 15.317 loading class org/hibernate/engine/jdbc/internal/DDLFormatterImpl
Event: 15.317 loading class org/hibernate/engine/jdbc/internal/DDLFormatterImpl done
Event: 15.317 loading class org/hibernate/engine/jdbc/internal/FormatStyle$NoFormatImpl
Event: 15.317 loading class org/hibernate/engine/jdbc/internal/FormatStyle$NoFormatImpl done


Dynamic libraries:
00400000-00401000 r-xp 00000000 08:03 3554757                            /usr/lib/jvm/java-8-oracle/bin/java
00600000-00601000 rw-p 00000000 08:03 3554757                            /usr/lib/jvm/java-8-oracle/bin/java
00997000-009b8000 rw-p 00000000 00:00 0                                  [heap]
6c0000000-6ec500000 rw-p 00000000 00:00 0 
6ec500000-76ab00000 ---p 00000000 00:00 0 
76ab00000-788680000 rw-p 00000000 00:00 0 
788680000-7c0000000 ---p 00000000 00:00 0 
7c0000000-7c0600000 rw-p 00000000 00:00 0 
7c0600000-800000000 ---p 00000000 00:00 0 
7f7c3c000000-7f7c3c021000 rw-p 00000000 00:00 0 
7f7c3c021000-7f7c40000000 ---p 00000000 00:00 0 
7f7c44000000-7f7c44021000 rw-p 00000000 00:00 0 
7f7c44021000-7f7c48000000 ---p 00000000 00:00 0 
7f7c48000000-7f7c48021000 rw-p 00000000 00:00 0 
7f7c48021000-7f7c4c000000 ---p 00000000 00:00 0 
7f7c4c000000-7f7c4c021000 rw-p 00000000 00:00 0 
7f7c4c021000-7f7c50000000 ---p 00000000 00:00 0 
7f7c50000000-7f7c50021000 rw-p 00000000 00:00 0 
7f7c50021000-7f7c54000000 ---p 00000000 00:00 0 
7f7c54000000-7f7c54021000 rw-p 00000000 00:00 0 
7f7c54021000-7f7c58000000 ---p 00000000 00:00 0 
7f7c58000000-7f7c58021000 rw-p 00000000 00:00 0 
7f7c58021000-7f7c5c000000 ---p 00000000 00:00 0 
7f7c5c000000-7f7c5c103000 rw-p 00000000 00:00 0 
7f7c5c103000-7f7c60000000 ---p 00000000 00:00 0 
7f7c60000000-7f7c60021000 rw-p 00000000 00:00 0 
7f7c60021000-7f7c64000000 ---p 00000000 00:00 0 
7f7c64000000-7f7c64021000 rw-p 00000000 00:00 0 
7f7c64021000-7f7c68000000 ---p 00000000 00:00 0 
7f7c68000000-7f7c68224000 rw-p 00000000 00:00 0 
7f7c68224000-7f7c6c000000 ---p 00000000 00:00 0 
7f7c6c000000-7f7c6c021000 rw-p 00000000 00:00 0 
7f7c6c021000-7f7c70000000 ---p 00000000 00:00 0 
7f7c70000000-7f7c70021000 rw-p 00000000 00:00 0 
7f7c70021000-7f7c74000000 ---p 00000000 00:00 0 
7f7c74000000-7f7c75c12000 rw-p 00000000 00:00 0 
7f7c75c12000-7f7c78000000 ---p 00000000 00:00 0 
7f7c78000000-7f7c78cd9000 rw-p 00000000 00:00 0 
7f7c78cd9000-7f7c7c000000 ---p 00000000 00:00 0 
7f7c7c000000-7f7c7c021000 rw-p 00000000 00:00 0 
7f7c7c021000-7f7c80000000 ---p 00000000 00:00 0 
7f7c80000000-7f7c81b8b000 rw-p 00000000 00:00 0 
7f7c81b8b000-7f7c84000000 ---p 00000000 00:00 0 
7f7c84000000-7f7c84021000 rw-p 00000000 00:00 0 
7f7c84021000-7f7c88000000 ---p 00000000 00:00 0 
7f7c88000000-7f7c88021000 rw-p 00000000 00:00 0 
7f7c88021000-7f7c8c000000 ---p 00000000 00:00 0 
7f7c8c000000-7f7c8c021000 rw-p 00000000 00:00 0 
7f7c8c021000-7f7c90000000 ---p 00000000 00:00 0 
7f7c90000000-7f7c9006b000 rw-p 00000000 00:00 0 
7f7c9006b000-7f7c94000000 ---p 00000000 00:00 0 
7f7c94000000-7f7c94021000 rw-p 00000000 00:00 0 
7f7c94021000-7f7c98000000 ---p 00000000 00:00 0 
7f7c9b7fc000-7f7c9b7ff000 ---p 00000000 00:00 0 
7f7c9b7ff000-7f7c9b8fd000 rw-p 00000000 00:00 0                          [stack:9320]
7f7c9b8fd000-7f7c9b900000 ---p 00000000 00:00 0 
7f7c9b900000-7f7c9b9fe000 rw-p 00000000 00:00 0                          [stack:9319]
7f7c9b9fe000-7f7c9ba01000 ---p 00000000 00:00 0 
7f7c9ba01000-7f7c9baff000 rw-p 00000000 00:00 0                          [stack:9318]
7f7c9baff000-7f7c9bb02000 ---p 00000000 00:00 0 
7f7c9bb02000-7f7c9bcc0000 rw-p 00000000 00:00 0                          [stack:9317]
7f7c9bcc0000-7f7c9be00000 ---p 00000000 00:00 0 
7f7c9be00000-7f7c9c000000 rw-p 00000000 00:00 0 
7f7c9c000000-7f7c9c021000 rw-p 00000000 00:00 0 
7f7c9c021000-7f7ca0000000 ---p 00000000 00:00 0 
7f7ca0072000-7f7ca0075000 ---p 00000000 00:00 0 
7f7ca0075000-7f7ca0373000 rw-p 00000000 00:00 0                          [stack:9316]
7f7ca0373000-7f7ca0573000 rw-p 00000000 00:00 0 
7f7ca0573000-7f7ca05f7000 r-xp 00000000 08:03 5917603                    /tmp/sqlite-3.7.2-libsqlitejdbc.so
7f7ca05f7000-7f7ca07f7000 ---p 00084000 08:03 5917603                    /tmp/sqlite-3.7.2-libsqlitejdbc.so
7f7ca07f7000-7f7ca07f8000 r--p 00084000 08:03 5917603                    /tmp/sqlite-3.7.2-libsqlitejdbc.so
7f7ca07f8000-7f7ca07fb000 rw-p 00085000 08:03 5917603                    /tmp/sqlite-3.7.2-libsqlitejdbc.so
7f7ca07fb000-7f7ca09fb000 rw-p 00000000 00:00 0 
7f7ca09fb000-7f7ca0bfb000 rw-p 00000000 00:00 0 
7f7ca0c36000-7f7ca0c37000 rw-p 00000000 00:00 0 
7f7ca0c37000-7f7ca0c3a000 ---p 00000000 00:00 0 
7f7ca0c3a000-7f7ca0f38000 rw-p 00000000 00:00 0                          [stack:9315]
7f7ca0f38000-7f7ca0f3b000 ---p 00000000 00:00 0 
7f7ca0f3b000-7f7ca1039000 rw-p 00000000 00:00 0                          [stack:9314]
7f7ca1039000-7f7ca103c000 ---p 00000000 00:00 0 
7f7ca103c000-7f7ca113a000 rw-p 00000000 00:00 0                          [stack:9313]
7f7ca113a000-7f7ca113d000 ---p 00000000 00:00 0 
7f7ca113d000-7f7ca143b000 rw-p 00000000 00:00 0                          [stack:9312]
7f7ca143b000-7f7ca144e000 r--s 00345000 08:03 3569668                    /usr/lib/jvm/java-8-oracle/jre/lib/resources.jar
7f7ca144e000-7f7ca164e000 rw-p 00000000 00:00 0 
7f7ca164e000-7f7ca184e000 rw-p 00000000 00:00 0 
7f7ca184e000-7f7ca18e3000 r--s 01109000 08:03 3569596                    /usr/lib/jvm/java-8-oracle/jre/lib/ext/jfxrt.jar
7f7ca18e3000-7f7ca1ae3000 rw-p 00000000 00:00 0 
7f7ca1ae3000-7f7ca1af4000 r-xp 00000000 08:03 4870868                    /usr/lib/jvm/java-8-oracle/jre/lib/amd64/libnio.so
7f7ca1af4000-7f7ca1cf3000 ---p 00011000 08:03 4870868                    /usr/lib/jvm/java-8-oracle/jre/lib/amd64/libnio.so
7f7ca1cf3000-7f7ca1cf4000 rw-p 00010000 08:03 4870868                    /usr/lib/jvm/java-8-oracle/jre/lib/amd64/libnio.so
7f7ca1cf4000-7f7ca1ef4000 rw-p 00000000 00:00 0 
7f7ca1ef4000-7f7ca1ef9000 r--s 002f9000 08:03 3569547                    /usr/lib/jvm/java-8-oracle/jre/lib/charsets.jar
7f7ca1ef9000-7f7ca20f9000 rw-p 00000000 00:00 0 
7f7ca20f9000-7f7ca20fc000 ---p 00000000 00:00 0 
7f7ca20fc000-7f7ca21fa000 rw-p 00000000 00:00 0                          [stack:9311]
7f7ca21fa000-7f7ca2203000 r-xp 00000000 08:03 4870832                    /usr/lib/jvm/java-8-oracle/jre/lib/amd64/libmanagement.so
7f7ca2203000-7f7ca2402000 ---p 00009000 08:03 4870832                    /usr/lib/jvm/java-8-oracle/jre/lib/amd64/libmanagement.so
7f7ca2402000-7f7ca2403000 rw-p 00008000 08:03 4870832                    /usr/lib/jvm/java-8-oracle/jre/lib/amd64/libmanagement.so
7f7ca2403000-7f7ca2603000 rw-p 00000000 00:00 0 
7f7ca2603000-7f7ca2803000 rw-p 00000000 00:00 0 
7f7ca2803000-7f7ca2a03000 rw-p 00000000 00:00 0 
7f7ca2a03000-7f7ca2a07000 r--s 0009a000 08:03 3569602                    /usr/lib/jvm/java-8-oracle/jre/lib/jsse.jar
7f7ca2a07000-7f7ca2a0a000 ---p 00000000 00:00 0 
7f7ca2a0a000-7f7ca2b08000 rw-p 00000000 00:00 0                          [stack:9309]
7f7ca2b08000-7f7ca2b1e000 r-xp 00000000 08:03 4870893                    /usr/lib/jvm/java-8-oracle/jre/lib/amd64/libnet.so
7f7ca2b1e000-7f7ca2d1e000 ---p 00016000 08:03 4870893                    /usr/lib/jvm/java-8-oracle/jre/lib/amd64/libnet.so
7f7ca2d1e000-7f7ca2d1f000 rw-p 00016000 08:03 4870893                    /usr/lib/jvm/java-8-oracle/jre/lib/amd64/libnet.so
7f7ca2d1f000-7f7ca2d20000 r--s 0000c000 08:03 5916924                    /home/sharmila/.gradle/caches/modules-2/files-2.1/org.ow2.asm/asm/5.0.3/dcc2193db20e19e1feca8b1240dbbc4e190824fa/asm-5.0.3.jar
7f7ca2d20000-7f7ca2d2a000 r--s 00069000 08:03 5923589                    /home/sharmila/.gradle/caches/modules-2/files-2.1/ch.qos.logback/logback-core/1.1.8/b4d1c3dea91727faf8b3d19cf4b9b972d6c0b89/logback-core-1.1.8.jar
7f7ca2d2a000-7f7ca2d2c000 r--s 00012000 08:03 5916922                    /home/sharmila/.gradle/caches/modules-2/files-2.1/net.minidev/accessors-smart/1.1/a527213f2fea112a04c9bdf0ec0264e34104cd08/accessors-smart-1.1.jar
7f7ca2d2c000-7f7ca2d2e000 r--s 00009000 08:03 5923902                    /home/sharmila/.gradle/caches/modules-2/files-2.1/org.apache.tomcat/tomcat-juli/8.5.6/83d2d1e3362ecca504f3bf8ed1bc4cc451754d24/tomcat-juli-8.5.6.jar
7f7ca2d2e000-7f7ca2d37000 r--s 0002d000 08:03 5923903                    /home/sharmila/.gradle/caches/modules-2/files-2.1/xml-apis/xml-apis/1.4.01/3789d9fada2d3d458c4ba2de349d48780f381ee3/xml-apis-1.4.01.jar
7f7ca2d37000-7f7ca2d39000 r--s 00004000 08:03 5923588                    /home/sharmila/.gradle/caches/modules-2/files-2.1/org.slf4j/log4j-over-slf4j/1.7.22/a527c37e9ca6c3d19ba298edd4aa344ca751a203/log4j-over-slf4j-1.7.22.jar
7f7ca2d39000-7f7ca2d3b000 r--s 00000000 08:03 5923587                    /home/sharmila/.gradle/caches/modules-2/files-2.1/org.slf4j/jul-to-slf4j/1.7.22/b0429e950b3d2bc2c39c1bacafac753edbe3781c/jul-to-slf4j-1.7.22.jar
7f7ca2d3b000-7f7ca2d41000 r--s 00045000 08:03 5923585                    /home/sharmila/.gradle/caches/modules-2/files-2.1/ch.qos.logback/logback-classic/1.1.8/e54f49a227611976642f81cf2106b81c1ece8bf5/logback-classic-1.1.8.jar
7f7ca2d41000-7f7ca2d42000 r--s 0000f000 08:03 5916909                    /home/sharmila/.gradle/caches/modules-2/files-2.1/org.json/json/20140107/d1ffca6e2482b002702c6a576166fd685e3370e3/json-20140107.jar
7f7ca2d42000-7f7ca2d44000 r--s 00009000 08:03 5916921                    /home/sharmila/.gradle/caches/modules-2/files-2.1/org.objenesis/objenesis/2.1/87c0ea803b69252868d09308b4618f766f135a96/objenesis-2.1.jar
7f7ca2d44000-7f7ca2d47000 r--s 0001b000 08:03 5916920                    /home/sharmila/.gradle/caches/modules-2/files-2.1/net.minidev/json-smart/2.2.1/5b9e5df7a62d1279b70dc882b041d249c4f0b002/json-smart-2.2.1.jar
7f7ca2d47000-7f7ca2d49000 r--s 00003000 08:03 5923586                    /home/sharmila/.gradle/caches/modules-2/files-2.1/org.slf4j/jcl-over-slf4j/1.7.22/86ceac14535af5a42c8fb0d06d79b925dd3cb263/jcl-over-slf4j-1.7.22.jar
7f7ca2d49000-7f7ca2d4b000 r--s 00009000 08:03 5923584                    /home/sharmila/.gradle/caches/modules-2/files-2.1/org.slf4j/slf4j-api/1.7.22/a1c83373863cec7ae8d89dc1c5722d8cb6ec0309/slf4j-api-1.7.22.jar
7f7ca2d4b000-7f7ca2d53000 r--s 0003a000 08:03 5923901                    /home/sharmila/.gradle/caches/modules-2/files-2.1/org.springframework/spring-tx/4.3.5.RELEASE/296d8ae21fadc0f115dae7d1e8d5c4f8c7de2c3e/spring-tx-4.3.5.RELEASE.jar
7f7ca2d53000-7f7ca2d5d000 r--s 0006b000 08:03 5923900                    /home/sharmila/.gradle/caches/modules-2/files-2.1/org.springframework/spring-orm/4.3.5.RELEASE/64c29d310b69bcc6e1fd5a738fa3629bdedb2d3f/spring-orm-4.3.5.RELEASE.jar
7f7ca2d5d000-7f7ca2d6d000 r--s 0009a000 08:03 5923899                    /home/sharmila/.gradle/caches/modules-2/files-2.1/org.springframework.data/spring-data-commons/1.12.6.RELEASE/b6403dcfce33e89613f364d80d653d7540279c47/spring-data-commons-1.12.6.RELEASE.jar
7f7ca2d6d000-7f7ca2d77000 r--s 0005f000 08:03 5923898                    /home/sharmila/.gradle/caches/modules-2/files-2.1/org.springframework/spring-jdbc/4.3.5.RELEASE/7c09e38b6f6e0b178973dea06bb8fdc6d19aa596/spring-jdbc-4.3.5.RELEASE.jar
7f7ca2d77000-7f7ca2d7a000 r--s 00020000 08:03 5923897                    /home/sharmila/.gradle/caches/modules-2/files-2.1/org.apache.tomcat/tomcat-jdbc/8.5.6/feb10a9e22f70565c7556f327b0481dba8587bbc/tomcat-jdbc-8.5.6.jar
7f7ca2d7a000-7f7ca2d93000 r--s 001af000 08:03 5923896                    /home/sharmila/.gradle/caches/modules-2/files-2.1/org.aspectj/aspectjweaver/1.8.9/db28774f477f07220eac18d5ec9c4e01f48589d7/aspectjweaver-1.8.9.jar
7f7ca2d93000-7f7ca2d96000 r--s 00010000 08:03 5923833                    /home/sharmila/.gradle/caches/modules-2/files-2.1/org.hibernate.common/hibernate-commons-annotations/5.0.1.Final/71e1cff3fcb20d3b3af4f3363c3ddb24d33c6879/hibernate-commons-annotations-5.0.1.Final.jar
7f7ca2d96000-7f7ca2d9b000 r--s 00048000 08:03 5923832                    /home/sharmila/.gradle/caches/modules-2/files-2.1/dom4j/dom4j/1.6.1/5d3ccc056b6f056dbf0dddfdf43894b9065a8f94/dom4j-1.6.1.jar
7f7ca2d9b000-7f7ca2d9e000 r--s 0002b000 08:03 5923433                    /home/sharmila/.gradle/caches/modules-2/files-2.1/org.jboss/jandex/2.0.0.Final/3e899258936f94649c777193e1be846387ed54b3/jandex-2.0.0.Final.jar
7f7ca2d9e000-7f7ca2d9f000 r--s 00003000 08:03 5923830                    /home/sharmila/.gradle/caches/modules-2/files-2.1/org.apache.geronimo.specs/geronimo-jta_1.1_spec/1.1.1/aabab3165b8ea936b9360abbf448459c0d04a5a4/geronimo-jta_1.1_spec-1.1.1.jar
7f7ca2d9f000-7f7ca2da4000 r--s 00068000 08:03 5923829                    /home/sharmila/.gradle/caches/modules-2/files-2.1/antlr/antlr/2.7.7/83cd2cd674a217ade95a4bb83a8a14f351f48bd0/antlr-2.7.7.jar
7f7ca2da4000-7f7ca2da9000 r--s 0003c000 08:03 5923583                    /home/sharmila/.gradle/caches/modules-2/files-2.1/org.springframework/spring-expression/4.3.5.RELEASE/3689dc6c5b942ecde4122eac889ed87977d6f287/spring-expression-4.3.5.RELEASE.jar
7f7ca2da9000-7f7ca2dc3000 r--s 000fc000 08:03 5923582                    /home/sharmila/.gradle/caches/modules-2/files-2.1/org.springframework/spring-context/4.3.5.RELEASE/ca3391c0e17d0138335ba51b51371661d20d56a8/spring-context-4.3.5.RELEASE.jar
7f7ca2dc3000-7f7ca2dd0000 r--s 000ad000 08:03 5923581                    /home/sharmila/.gradle/caches/modules-2/files-2.1/org.springframework/spring-beans/4.3.5.RELEASE/e12bbc3277da28e2e2608a187f83091dc6c300bf/spring-beans-4.3.5.RELEASE.jar
7f7ca2dd0000-7f7ca2dd9000 r--s 00054000 08:03 5923580                    /home/sharmila/.gradle/caches/modules-2/files-2.1/org.springframework/spring-aop/4.3.5.RELEASE/4f113218af716bd8d174c411f19b26418b5a70f6/spring-aop-4.3.5.RELEASE.jar
7f7ca2dd9000-7f7ca2ddd000 r--s 00041000 08:03 5923579                    /home/sharmila/.gradle/caches/modules-2/files-2.1/com.fasterxml.jackson.core/jackson-core/2.8.5/60d059f5d2930ccd1ef03535b713fd9f933d1ba7/jackson-core-2.8.5.jar
7f7ca2ddd000-7f7ca2de0000 r--s 0000b000 08:03 5923578                    /home/sharmila/.gradle/caches/modules-2/files-2.1/com.fasterxml.jackson.core/jackson-annotations/2.8.5/9d82ff47bc2c2d3b5b6a6618fe636782bbcd5b07/jackson-annotations-2.8.5.jar
7f7ca2de0000-7f7ca2de2000 r--s 0000e000 08:03 5917543                    /home/sharmila/.gradle/caches/modules-2/files-2.1/com.fasterxml/classmate/1.3.3/864c8e370a691e343210cc7c532fc198cee460d8/classmate-1.3.3.jar
7f7ca2de2000-7f7ca2de6000 r--s 0000c000 08:03 5916766                    /home/sharmila/.gradle/caches/modules-2/files-2.1/javax.validation/validation-api/1.1.0.Final/8613ae82954779d518631e05daa73a6a954817d5/validation-api-1.1.0.Final.jar
7f7ca2de6000-7f7ca2deb000 r--s 00036000 08:03 5917542                    /home/sharmila/.gradle/caches/modules-2/files-2.1/org.apache.tomcat.embed/tomcat-embed-websocket/8.5.6/6f6940a216b380ea8506530c374fcfeef820ba54/tomcat-embed-websocket-8.5.6.jar
7f7ca2deb000-7f7ca2dec000 r--s 00000000 08:03 5923577                    /home/sharmila/.gradle/caches/modules-2/files-2.1/org.springframework.boot/spring-boot-starter-logging/1.4.3.RELEASE/1c58783c0694abf695babfd39829922d2d501ec2/spring-boot-starter-logging-1.4.3.RELEASE.jar
7f7ca2dec000-7f7ca2e0a000 r--s 000d0000 08:03 5923576                    /home/sharmila/.gradle/caches/modules-2/files-2.1/org.springframework.boot/spring-boot-autoconfigure/1.4.3.RELEASE/41df1bfbdd4ae4e8499ebe1a4bc613bda316d6e1/spring-boot-autoconfigure-1.4.3.RELEASE.jar
7f7ca2e0a000-7f7ca2e1a000 r--s 00092000 08:03 5923575                    /home/sharmila/.gradle/caches/modules-2/files-2.1/org.springframework.boot/spring-boot/1.4.3.RELEASE/17f94def4460075afdfba6bf8f897cd1fc95bf77/spring-boot-1.4.3.RELEASE.jar
7f7ca2e1a000-7f7ca2e29000 r--s 00084000 08:03 5923574                    /home/sharmila/.gradle/caches/modules-2/files-2.1/org.springframework/spring-test/4.3.5.RELEASE/a1965127e07b469d8e5bb3d2b0ff850423b66be4/spring-test-4.3.5.RELEASE.jar
7f7ca2e29000-7f7ca2e3f000 r--s 000fa000 08:03 5923530                    /home/sharmila/.gradle/caches/modules-2/files-2.1/org.springframework/spring-core/4.3.5.RELEASE/80299e3f80e8c6d5c076db2ba6adf44a4b52f578/spring-core-4.3.5.RELEASE.jar
7f7ca2e3f000-7f7ca2e40000 r--s 00006000 08:03 5916915                    /home/sharmila/.gradle/caches/modules-2/files-2.1/org.skyscreamer/jsonassert/1.3.0/d5c250eb122496866de36dc84f98e2945845ecdd/jsonassert-1.3.0.jar
7f7ca2e40000-7f7ca2e41000 r--s 0000c000 08:03 5916912                    /home/sharmila/.gradle/caches/modules-2/files-2.1/org.hamcrest/hamcrest-library/1.3/4785a3c21320980282f9f33d0d1264a69040538f/hamcrest-library-1.3.jar
7f7ca2e41000-7f7ca2e43000 r--s 00009000 08:03 5913472                    /home/sharmila/.gradle/caches/modules-2/files-2.1/org.hamcrest/hamcrest-core/1.3/42a25dc3219429f0e5d060061f71acb49bf010a0/hamcrest-core-1.3.jar
7f7ca2e43000-7f7ca2e5f000 r--s 00103000 08:03 5916914                    /home/sharmila/.gradle/caches/modules-2/files-2.1/org.mockito/mockito-core/1.10.19/e8546f5bef4e061d8dd73895b4e8f40e3fe6effe/mockito-core-1.10.19.jar
7f7ca2e5f000-7f7ca2e72000 r--s 000d2000 08:03 5916913                    /home/sharmila/.gradle/caches/modules-2/files-2.1/org.assertj/assertj-core/2.5.0/fcd21db4c5f33e5dcac69bf1816415fe0647582f/assertj-core-2.5.0.jar
7f7ca2e72000-7f7ca2e77000 r--s 0002e000 08:03 5916911                    /home/sharmila/.gradle/caches/modules-2/files-2.1/com.jayway.jsonpath/json-path/2.2.0/22290d17944bd239fabf5ac69005a60a7ecbbbcb/json-path-2.2.0.jar
7f7ca2e77000-7f7ca2e7c000 r--s 00017000 08:03 5923573                    /home/sharmila/.gradle/caches/modules-2/files-2.1/org.springframework.boot/spring-boot-test-autoconfigure/1.4.3.RELEASE/1a7587605e981a58104a501ab1896e2eb7a76686/spring-boot-test-autoconfigure-1.4.3.RELEASE.jar
7f7ca2e7c000-7f7ca2e81000 r--s 00021000 08:03 5923572                    /home/sharmila/.gradle/caches/modules-2/files-2.1/org.springframework.boot/spring-boot-test/1.4.3.RELEASE/2d76638f0f13b33859bf3b927c232ff0f8a4ffbf/spring-boot-test-1.4.3.RELEASE.jar
7f7ca2e81000-7f7ca2e87000 r--s 0003d000 08:03 5916762                    /home/sharmila/.gradle/caches/modules-2/files-2.1/org.yaml/snakeyaml/1.17/7a27ea250c5130b2922b86dea63cbb1cc10a660c/snakeyaml-1.17.jar
7f7ca2e87000-7f7ca2e8c000 r--s 00040000 08:03 5923637                    /home/sharmila/.gradle/caches/modules-2/files-2.1/org.beanshell/bsh/2.0b4/a05f0a0feefa8d8467ac80e16e7de071489f0d9c/bsh-2.0b4.jar
7f7ca2e8c000-7f7ca2e94000 r--s 00045000 08:03 5913471                    /home/sharmila/.gradle/caches/modules-2/files-2.1/junit/junit/4.12/2973d150c0dc1fefe998f834810d68f278ea58ec/junit-4.12.jar
7f7ca2e94000-7f7ca2e97000 r--s 0000c000 08:03 5923895                    /home/sharmila/.gradle/caches/modules-2/files-2.1/org.springframework/spring-aspects/4.3.5.RELEASE/8c00c15865a1da0a1ba143a50622a8436a56e097/spring-aspects-4.3.5.RELEASE.jar
7f7ca2e97000-7f7ca2e9d000 r--s 0003f000 08:03 5923894                    /home/sharmila/.gradle/caches/modules-2/files-2.1/org.springframework.data/spring-data-jpa/1.10.6.RELEASE/5d478860b24a493845248c1c336c33a657567bd3/spring-data-jpa-1.10.6.RELEASE.jar
7f7ca2e9d000-7f7ca2eaa000 r--s 00089000 08:03 5923892                    /home/sharmila/.gradle/caches/modules-2/files-2.1/org.hibernate/hibernate-entitymanager/5.0.11.Final/549565caed4e0bcb816843693e66ff7b04ce025f/hibernate-entitymanager-5.0.11.Final.jar
7f7ca2eaa000-7f7ca2f13000 r--s 004f3000 08:03 5923432                    /home/sharmila/.gradle/caches/modules-2/files-2.1/org.hibernate/hibernate-core/5.0.11.Final/c2487fb72a2217a7cec9ab478d4c21a36fc09977/hibernate-core-5.0.11.Final.jar
7f7ca2f13000-7f7ca2f14000 ---p 00000000 00:00 0 
7f7ca2f14000-7f7ca3014000 rw-p 00000000 00:00 0                          [stack:9307]
7f7ca3014000-7f7ca3017000 ---p 00000000 00:00 0 
7f7ca3017000-7f7ca3115000 rw-p 00000000 00:00 0                          [stack:9306]
7f7ca3115000-7f7ca3118000 ---p 00000000 00:00 0 
7f7ca3118000-7f7ca3216000 rw-p 00000000 00:00 0                          [stack:9305]
7f7ca3216000-7f7ca3219000 ---p 00000000 00:00 0 
7f7ca3219000-7f7ca3317000 rw-p 00000000 00:00 0                          [stack:9304]
7f7ca3317000-7f7ca331a000 ---p 00000000 00:00 0 
7f7ca331a000-7f7ca3418000 rw-p 00000000 00:00 0                          [stack:9303]
7f7ca3418000-7f7ca341b000 ---p 00000000 00:00 0 
7f7ca341b000-7f7ca3519000 rw-p 00000000 00:00 0                          [stack:9302]
7f7ca3519000-7f7ca3bfc000 r--p 00000000 08:03 3152909                    /usr/lib/locale/locale-archive
7f7ca3bfc000-7f7ca3bff000 ---p 00000000 00:00 0 
7f7ca3bff000-7f7ca3cfd000 rw-p 00000000 00:00 0                          [stack:9301]
7f7ca3cfd000-7f7ca3d00000 ---p 00000000 00:00 0 
7f7ca3d00000-7f7ca3dfe000 rw-p 00000000 00:00 0                          [stack:9300]
7f7ca3dfe000-7f7ca3dff000 ---p 00000000 00:00 0 
7f7ca3dff000-7f7ca4000000 rw-p 00000000 00:00 0                          [stack:9299]
7f7ca4000000-7f7ca4021000 rw-p 00000000 00:00 0 
7f7ca4021000-7f7ca8000000 ---p 00000000 00:00 0 
7f7ca8000000-7f7ca8002000 r--s 00006000 08:03 5923638                    /home/sharmila/.gradle/caches/modules-2/files-2.1/com.beust/jcommander/1.12/7409692b48022f9eca7445861defbcdb9ee3c2a8/jcommander-1.12.jar
7f7ca8002000-7f7ca8004000 r--s 00006000 08:03 5923893                    /home/sharmila/.gradle/caches/modules-2/files-2.1/javax.transaction/javax.transaction-api/1.2/d81aff979d603edd90dcd8db2abc1f4ce6479e3e/javax.transaction-api-1.2.jar
7f7ca8004000-7f7ca8005000 r--s 00000000 08:03 5923891                    /home/sharmila/.gradle/caches/modules-2/files-2.1/org.springframework.boot/spring-boot-starter-jdbc/1.4.3.RELEASE/7ce66cf27ea731189248be7af2ab84ba189e1151/spring-boot-starter-jdbc-1.4.3.RELEASE.jar
7f7ca8005000-7f7ca800f000 r--s 000ae000 08:03 5916958                    /home/sharmila/.gradle/caches/modules-2/files-2.1/org.javassist/javassist/3.20.0-GA/a9cbcdfb7e9f86fbc74d3afae65f2248bfbf82a0/javassist-3.20.0-GA.jar
7f7ca800f000-7f7ca8014000 r--s 00017000 08:03 5923828                    /home/sharmila/.gradle/caches/modules-2/files-2.1/org.hibernate.javax.persistence/hibernate-jpa-2.1-api/1.0.0.Final/5e731d961297e5a07290bfaf3db1fbc8bbbf405a/hibernate-jpa-2.1-api-1.0.0.Final.jar
7f7ca8014000-7f7ca8016000 r--s 0000f000 08:03 5916917                    /home/sharmila/.gradle/caches/modules-2/files-2.1/org.jboss.logging/jboss-logging/3.3.0.Final/3616bb87707910296e2c195dc016287080bba5af/jboss-logging-3.3.0.Final.jar
7f7ca8016000-7f7ca8029000 r--s 00236000 08:03 5916949                    /home/sharmila/.gradle/caches/modules-2/files-2.1/org.eclipse.jdt.core.compiler/ecj/4.5.1/bee1367ac12fb6a20b422ff8711ebeb4f0a42316/ecj-4.5.1.jar
7f7ca8029000-7f7ca8052000 r--s 002b2000 08:03 5917540                    /home/sharmila/.gradle/caches/modules-2/files-2.1/org.apache.tomcat.embed/tomcat-embed-core/8.5.6/960834b5abc6b2135250487abf6c060a0fa5a22e/tomcat-embed-core-8.5.6.jar
7f7ca8052000-7f7ca8063000 r--s 000cf000 08:03 5923571                    /home/sharmila/.gradle/caches/modules-2/files-2.1/org.springframework/spring-webmvc/4.3.5.RELEASE/c624659217edab07d8279fb0f90462136f089220/spring-webmvc-4.3.5.RELEASE.jar
7f7ca8063000-7f7ca8075000 r--s 000b6000 08:03 5923570                    /home/sharmila/.gradle/caches/modules-2/files-2.1/org.springframework/spring-web/4.3.5.RELEASE/6641daccf2fddafc8358144f3a4f999130fdf144/spring-web-4.3.5.RELEASE.jar
7f7ca8075000-7f7ca8086000 r--s 0011d000 08:03 5923569                    /home/sharmila/.gradle/caches/modules-2/files-2.1/com.fasterxml.jackson.core/jackson-databind/2.8.5/b3035f37e674c04dafe36a660c3815cc59f764e2/jackson-databind-2.8.5.jar
7f7ca8086000-7f7ca8096000 r--s 0009c000 08:03 5916756                    /home/sharmila/.gradle/caches/modules-2/files-2.1/org.hibernate/hibernate-validator/5.2.4.Final/fb18766b576aa6632bcfe9a20a023cbd52bf9769/hibernate-validator-5.2.4.Final.jar
7f7ca8096000-7f7ca8e27000 rw-p 00000000 00:00 0 
7f7ca8e27000-7f7ca9000000 r--s 03d3e000 08:03 3569606                    /usr/lib/jvm/java-8-oracle/jre/lib/rt.jar
7f7ca9000000-7f7cb1000000 rw-p 00000000 00:00 0 
7f7cb1000000-7f7cb1d80000 rwxp 00000000 00:00 0 
7f7cb1d80000-7f7cc0000000 ---p 00000000 00:00 0 
7f7cc0000000-7f7cc17ef000 rw-p 00000000 00:00 0 
7f7cc17ef000-7f7cc4000000 ---p 00000000 00:00 0 
7f7cc4000000-7f7cc4001000 r--s 00000000 08:03 5923890                    /home/sharmila/.gradle/caches/modules-2/files-2.1/org.springframework.boot/spring-boot-starter-aop/1.4.3.RELEASE/30b11b6455bed446d3b4a1a49fab529b2cfac454/spring-boot-starter-aop-1.4.3.RELEASE.jar
7f7cc4001000-7f7cc4006000 r--s 00036000 08:03 5917541                    /home/sharmila/.gradle/caches/modules-2/files-2.1/org.apache.tomcat.embed/tomcat-embed-el/8.5.6/a102298d8dc72f4065533d5962953d753b172602/tomcat-embed-el-8.5.6.jar
7f7cc4006000-7f7cc4007000 r--s 00000000 08:03 5923568                    /home/sharmila/.gradle/caches/modules-2/files-2.1/org.springframework.boot/spring-boot-starter-tomcat/1.4.3.RELEASE/61c48035a7a3b06b42fdd07b7109e562077b3792/spring-boot-starter-tomcat-1.4.3.RELEASE.jar
7f7cc4007000-7f7cc4013000 r--s 000a4000 08:03 5923636                    /home/sharmila/.gradle/caches/modules-2/files-2.1/org.testng/testng/6.5.2/5069d2e72356ed87645c5fc3622b0bbb5e0667c9/testng-6.5.2.jar
7f7cc4013000-7f7cc51fa000 rw-p 00000000 00:00 0 
7f7cc51fa000-7f7cc51fb000 ---p 00000000 00:00 0 
7f7cc51fb000-7f7cc52fb000 rw-p 00000000 00:00 0                          [stack:9298]
7f7cc52fb000-7f7cc52fc000 ---p 00000000 00:00 0 
7f7cc52fc000-7f7cc53fc000 rw-p 00000000 00:00 0                          [stack:9297]
7f7cc53fc000-7f7cc53fd000 ---p 00000000 00:00 0 
7f7cc53fd000-7f7cc54fd000 rw-p 00000000 00:00 0                          [stack:9296]
7f7cc54fd000-7f7cc54fe000 ---p 00000000 00:00 0 
7f7cc54fe000-7f7cc5761000 rw-p 00000000 00:00 0                          [stack:9295]
7f7cc5761000-7f7cc5b54000 ---p 00000000 00:00 0 
7f7cc5b54000-7f7cc5cb7000 rw-p 00000000 00:00 0 
7f7cc5cb7000-7f7cc60a9000 ---p 00000000 00:00 0 
7f7cc60a9000-7f7cc6198000 rw-p 00000000 00:00 0 
7f7cc6198000-7f7cc6354000 ---p 00000000 00:00 0 
7f7cc6354000-7f7cc638b000 rw-p 00000000 00:00 0 
7f7cc638b000-7f7cc6715000 ---p 00000000 00:00 0 
7f7cc6715000-7f7cc672f000 r-xp 00000000 08:03 4870864                    /usr/lib/jvm/java-8-oracle/jre/lib/amd64/libzip.so
7f7cc672f000-7f7cc692f000 ---p 0001a000 08:03 4870864                    /usr/lib/jvm/java-8-oracle/jre/lib/amd64/libzip.so
7f7cc692f000-7f7cc6930000 rw-p 0001a000 08:03 4870864                    /usr/lib/jvm/java-8-oracle/jre/lib/amd64/libzip.so
7f7cc6930000-7f7cc693a000 r-xp 00000000 08:03 4070135                    /lib/x86_64-linux-gnu/libnss_files-2.19.so
7f7cc693a000-7f7cc6b39000 ---p 0000a000 08:03 4070135                    /lib/x86_64-linux-gnu/libnss_files-2.19.so
7f7cc6b39000-7f7cc6b3a000 r--p 00009000 08:03 4070135                    /lib/x86_64-linux-gnu/libnss_files-2.19.so
7f7cc6b3a000-7f7cc6b3b000 rw-p 0000a000 08:03 4070135                    /lib/x86_64-linux-gnu/libnss_files-2.19.so
7f7cc6b3b000-7f7cc6b46000 r-xp 00000000 08:03 4070127                    /lib/x86_64-linux-gnu/libnss_nis-2.19.so
7f7cc6b46000-7f7cc6d45000 ---p 0000b000 08:03 4070127                    /lib/x86_64-linux-gnu/libnss_nis-2.19.so
7f7cc6d45000-7f7cc6d46000 r--p 0000a000 08:03 4070127                    /lib/x86_64-linux-gnu/libnss_nis-2.19.so
7f7cc6d46000-7f7cc6d47000 rw-p 0000b000 08:03 4070127                    /lib/x86_64-linux-gnu/libnss_nis-2.19.so
7f7cc6d47000-7f7cc6d5e000 r-xp 00000000 08:03 4070123                    /lib/x86_64-linux-gnu/libnsl-2.19.so
7f7cc6d5e000-7f7cc6f5d000 ---p 00017000 08:03 4070123                    /lib/x86_64-linux-gnu/libnsl-2.19.so
7f7cc6f5d000-7f7cc6f5e000 r--p 00016000 08:03 4070123                    /lib/x86_64-linux-gnu/libnsl-2.19.so
7f7cc6f5e000-7f7cc6f5f000 rw-p 00017000 08:03 4070123                    /lib/x86_64-linux-gnu/libnsl-2.19.so
7f7cc6f5f000-7f7cc6f61000 rw-p 00000000 00:00 0 
7f7cc6f61000-7f7cc6f6a000 r-xp 00000000 08:03 4070122                    /lib/x86_64-linux-gnu/libnss_compat-2.19.so
7f7cc6f6a000-7f7cc7169000 ---p 00009000 08:03 4070122                    /lib/x86_64-linux-gnu/libnss_compat-2.19.so
7f7cc7169000-7f7cc716a000 r--p 00008000 08:03 4070122                    /lib/x86_64-linux-gnu/libnss_compat-2.19.so
7f7cc716a000-7f7cc716b000 rw-p 00009000 08:03 4070122                    /lib/x86_64-linux-gnu/libnss_compat-2.19.so
7f7cc716b000-7f7cc7196000 r-xp 00000000 08:03 4870782                    /usr/lib/jvm/java-8-oracle/jre/lib/amd64/libjava.so
7f7cc7196000-7f7cc7395000 ---p 0002b000 08:03 4870782                    /usr/lib/jvm/java-8-oracle/jre/lib/amd64/libjava.so
7f7cc7395000-7f7cc7397000 rw-p 0002a000 08:03 4870782                    /usr/lib/jvm/java-8-oracle/jre/lib/amd64/libjava.so
7f7cc7397000-7f7cc73a4000 r-xp 00000000 08:03 4870821                    /usr/lib/jvm/java-8-oracle/jre/lib/amd64/libverify.so
7f7cc73a4000-7f7cc75a3000 ---p 0000d000 08:03 4870821                    /usr/lib/jvm/java-8-oracle/jre/lib/amd64/libverify.so
7f7cc75a3000-7f7cc75a5000 rw-p 0000c000 08:03 4870821                    /usr/lib/jvm/java-8-oracle/jre/lib/amd64/libverify.so
7f7cc75a5000-7f7cc75ac000 r-xp 00000000 08:03 4070131                    /lib/x86_64-linux-gnu/librt-2.19.so
7f7cc75ac000-7f7cc77ab000 ---p 00007000 08:03 4070131                    /lib/x86_64-linux-gnu/librt-2.19.so
7f7cc77ab000-7f7cc77ac000 r--p 00006000 08:03 4070131                    /lib/x86_64-linux-gnu/librt-2.19.so
7f7cc77ac000-7f7cc77ad000 rw-p 00007000 08:03 4070131                    /lib/x86_64-linux-gnu/librt-2.19.so
7f7cc77ad000-7f7cc78b2000 r-xp 00000000 08:03 4070117                    /lib/x86_64-linux-gnu/libm-2.19.so
7f7cc78b2000-7f7cc7ab1000 ---p 00105000 08:03 4070117                    /lib/x86_64-linux-gnu/libm-2.19.so
7f7cc7ab1000-7f7cc7ab2000 r--p 00104000 08:03 4070117                    /lib/x86_64-linux-gnu/libm-2.19.so
7f7cc7ab2000-7f7cc7ab3000 rw-p 00105000 08:03 4070117                    /lib/x86_64-linux-gnu/libm-2.19.so
7f7cc7ab3000-7f7cc8781000 r-xp 00000000 08:03 5260205                    /usr/lib/jvm/java-8-oracle/jre/lib/amd64/server/libjvm.so
7f7cc8781000-7f7cc8981000 ---p 00cce000 08:03 5260205                    /usr/lib/jvm/java-8-oracle/jre/lib/amd64/server/libjvm.so
7f7cc8981000-7f7cc8a5a000 rw-p 00cce000 08:03 5260205                    /usr/lib/jvm/java-8-oracle/jre/lib/amd64/server/libjvm.so
7f7cc8a5a000-7f7cc8aa5000 rw-p 00000000 00:00 0 
7f7cc8aa5000-7f7cc8c5f000 r-xp 00000000 08:03 4070132                    /lib/x86_64-linux-gnu/libc-2.19.so
7f7cc8c5f000-7f7cc8e5f000 ---p 001ba000 08:03 4070132                    /lib/x86_64-linux-gnu/libc-2.19.so
7f7cc8e5f000-7f7cc8e63000 r--p 001ba000 08:03 4070132                    /lib/x86_64-linux-gnu/libc-2.19.so
7f7cc8e63000-7f7cc8e65000 rw-p 001be000 08:03 4070132                    /lib/x86_64-linux-gnu/libc-2.19.so
7f7cc8e65000-7f7cc8e6a000 rw-p 00000000 00:00 0 
7f7cc8e6a000-7f7cc8e6d000 r-xp 00000000 08:03 4070119                    /lib/x86_64-linux-gnu/libdl-2.19.so
7f7cc8e6d000-7f7cc906c000 ---p 00003000 08:03 4070119                    /lib/x86_64-linux-gnu/libdl-2.19.so
7f7cc906c000-7f7cc906d000 r--p 00002000 08:03 4070119                    /lib/x86_64-linux-gnu/libdl-2.19.so
7f7cc906d000-7f7cc906e000 rw-p 00003000 08:03 4070119                    /lib/x86_64-linux-gnu/libdl-2.19.so
7f7cc906e000-7f7cc9083000 r-xp 00000000 08:03 3555343                    /usr/lib/jvm/java-8-oracle/lib/amd64/jli/libjli.so
7f7cc9083000-7f7cc9283000 ---p 00015000 08:03 3555343                    /usr/lib/jvm/java-8-oracle/lib/amd64/jli/libjli.so
7f7cc9283000-7f7cc9284000 rw-p 00015000 08:03 3555343                    /usr/lib/jvm/java-8-oracle/lib/amd64/jli/libjli.so
7f7cc9284000-7f7cc929d000 r-xp 00000000 08:03 4070124                    /lib/x86_64-linux-gnu/libpthread-2.19.so
7f7cc929d000-7f7cc949c000 ---p 00019000 08:03 4070124                    /lib/x86_64-linux-gnu/libpthread-2.19.so
7f7cc949c000-7f7cc949d000 r--p 00018000 08:03 4070124                    /lib/x86_64-linux-gnu/libpthread-2.19.so
7f7cc949d000-7f7cc949e000 rw-p 00019000 08:03 4070124                    /lib/x86_64-linux-gnu/libpthread-2.19.so
7f7cc949e000-7f7cc94a2000 rw-p 00000000 00:00 0 
7f7cc94a2000-7f7cc94c5000 r-xp 00000000 08:03 4070125                    /lib/x86_64-linux-gnu/ld-2.19.so
7f7cc94c5000-7f7cc94c6000 r--s 00000000 08:03 5923567                    /home/sharmila/.gradle/caches/modules-2/files-2.1/org.springframework.boot/spring-boot-starter/1.4.3.RELEASE/c99bad104719e947b3f9aa2b7569583805e4c5d5/spring-boot-starter-1.4.3.RELEASE.jar
7f7cc94c6000-7f7cc94c7000 r--s 00000000 08:03 5923566                    /home/sharmila/.gradle/caches/modules-2/files-2.1/org.springframework.boot/spring-boot-starter-test/1.4.3.RELEASE/6e9f1dbd3f68299c0183630ef07ca430de160050/spring-boot-starter-test-1.4.3.RELEASE.jar
7f7cc94c7000-7f7cc94c8000 r--s 00000000 08:03 5923889                    /home/sharmila/.gradle/caches/modules-2/files-2.1/org.springframework.boot/spring-boot-starter-data-jpa/1.4.3.RELEASE/ffda06c2144d10239014407333c223a237b73ad7/spring-boot-starter-data-jpa-1.4.3.RELEASE.jar
7f7cc94c8000-7f7cc959b000 rw-p 00000000 00:00 0 
7f7cc959b000-7f7cc959e000 ---p 00000000 00:00 0 
7f7cc959e000-7f7cc96a0000 rw-p 00000000 00:00 0                          [stack:9294]
7f7cc96a0000-7f7cc96a1000 r--s 00003000 08:03 5923431                    /home/sharmila/.gradle/caches/modules-2/files-2.1/org.hibernate/hibernate-gradle-plugin/5.2.3.Final/db2ad8695e48a03a566b74fb5fc07c1732c1f5e5/hibernate-gradle-plugin-5.2.3.Final.jar
7f7cc96a1000-7f7cc96a6000 r--s 00309000 08:03 5923826                    /home/sharmila/.gradle/caches/modules-2/files-2.1/org.xerial/sqlite-jdbc/3.7.2/7a3d67f00508d3881650579f7f228c61bfc1b196/sqlite-jdbc-3.7.2.jar
7f7cc96a6000-7f7cc96af000 r--s 00095000 08:03 5913393                    /home/sharmila/.gradle/caches/modules-2/files-2.1/org.apache.tomcat.embed/tomcat-embed-jasper/9.0.0.M11/e2cd5a7038094195c3163532e01daf051d9265fe/tomcat-embed-jasper-9.0.0.M11.jar
7f7cc96af000-7f7cc96b0000 r--s 00000000 08:03 5923565                    /home/sharmila/.gradle/caches/modules-2/files-2.1/org.springframework.boot/spring-boot-starter-web/1.4.3.RELEASE/a0dcc919eda8e8ecb6f13f52a30e6afbb8266103/spring-boot-starter-web-1.4.3.RELEASE.jar
7f7cc96b0000-7f7cc96b8000 r--s 00046000 08:03 3828792                    /home/sharmila/Downloads/IDE/sts 3.6.4/sts-bundle/sts-3.6.4.RELEASE/plugins/org.testng.eclipse_6.10.0.201612030230/lib/testng-remote.jar
7f7cc96b8000-7f7cc96c0000 rw-s 00000000 08:03 5917607                    /tmp/hsperfdata_sharmila/9288
7f7cc96c0000-7f7cc96c1000 rw-p 00000000 00:00 0 
7f7cc96c1000-7f7cc96c2000 r--p 00000000 00:00 0 
7f7cc96c2000-7f7cc96c4000 rw-p 00000000 00:00 0 
7f7cc96c4000-7f7cc96c5000 r--p 00022000 08:03 4070125                    /lib/x86_64-linux-gnu/ld-2.19.so
7f7cc96c5000-7f7cc96c6000 rw-p 00023000 08:03 4070125                    /lib/x86_64-linux-gnu/ld-2.19.so
7f7cc96c6000-7f7cc96c7000 rw-p 00000000 00:00 0 
7ffc0cf4e000-7ffc0cf72000 rw-p 00000000 00:00 0                          [stack]
7ffc0cfef000-7ffc0cff1000 r-xp 00000000 00:00 0                          [vdso]
ffffffffff600000-ffffffffff601000 r-xp 00000000 00:00 0                  [vsyscall]

VM Arguments:
jvm_args: -ea -Xms1024m -Xmx4096m -Dfile.encoding=UTF-8 
java_command: org.testng.remote.RemoteTestNG -serport 50578 -protocol json -d /home/sharmila/Documents/work-office/TestNG_Project/test-output /tmp/testng-eclipse-621694700/testng-customsuite.xml
java_class_path (initial): /home/sharmila/Downloads/IDE/sts 3.6.4/sts-bundle/sts-3.6.4.RELEASE/plugins/org.testng.eclipse_6.10.0.201612030230/lib/testng-remote.jar:/home/sharmila/Documents/work-office/TestNG_Project/bin:/home/sharmila/.gradle/caches/modules-2/files-2.1/org.springframework.boot/spring-boot-starter-web/1.4.3.RELEASE/a0dcc919eda8e8ecb6f13f52a30e6afbb8266103/spring-boot-starter-web-1.4.3.RELEASE.jar:/home/sharmila/.gradle/caches/modules-2/files-2.1/org.apache.tomcat.embed/tomcat-embed-jasper/9.0.0.M11/e2cd5a7038094195c3163532e01daf051d9265fe/tomcat-embed-jasper-9.0.0.M11.jar:/home/sharmila/.gradle/caches/modules-2/files-2.1/org.xerial/sqlite-jdbc/3.7.2/7a3d67f00508d3881650579f7f228c61bfc1b196/sqlite-jdbc-3.7.2.jar:/home/sharmila/.gradle/caches/modules-2/files-2.1/org.hibernate/hibernate-gradle-plugin/5.2.3.Final/db2ad8695e48a03a566b74fb5fc07c1732c1f5e5/hibernate-gradle-plugin-5.2.3.Final.jar:/home/sharmila/.gradle/caches/modules-2/files-2.1/org.springframework.boot/spring-boot-starter-data-jpa/1.4.3.RELEASE/ffda06c2144d10239014407333c223a237b73ad7/spring-boot-starter-data-jpa-1.4.3.RELEASE.jar:/home/sharmila/.gradle/caches/modules-2/files-2.1/org.testng/testng/6.5.2/5069d2e72356ed87645c5fc3622b0bbb5e0667c9/testng-6.5.2.jar:/home/sharmila/.gradle/caches/modules-2/files-2.1/org.springframework.boot/spring-boot-starter-test/1.4.3.RELEASE/6e9f1dbd3f68299c0183630ef07ca430de160050/spring-boot-starter-test-1.4.3.RELEASE.jar:/home/sharmila/.gradle/caches/modules-2/files-2.1/org.springframework.boot/spring-boot-starter/1.4.3.RELEASE/c99bad104719e947b3f9aa2b7569583805e4c5d5/spring-boot-starter-1.4.3.RELEASE.jar:/home/sharmila/.gradle/caches/modules-2/files-2.1/org.springframework.boot/spring-boot-starter-tomcat/1.4.3.RELEASE/61c48035a7a3b06b42fdd07b7109e562077b3792/spring-boot-starter-tomcat-1.4.3.RELEASE.jar:/home/sharmila/.gradle/caches/modules-2/files-2.1/org.hibernate/hibernate-validator/5.2.4.Final/fb18766b576aa6632bcfe9a20a023cbd52bf9769/hibernate-validat
Launcher Type: SUN_STANDARD

Environment Variables:
JAVA_HOME=/usr/lib/jvm/java-8-oracle
PATH=/usr/local/sbin:/usr/local/bin:/usr/sbin:/usr/bin:/sbin:/bin:/usr/games:/usr/local/games:/usr/lib/jvm/java-8-oracle/bin:/usr/lib/jvm/java-8-oracle/db/bin:/usr/lib/jvm/java-8-oracle/jre/bin
SHELL=/bin/bash
DISPLAY=:0.0

Signal Handlers:
SIGSEGV: [libjvm.so+0xac78c0], sa_mask[0]=11111111011111111101111111111110, sa_flags=SA_RESTART|SA_SIGINFO
SIGBUS: [libjvm.so+0xac78c0], sa_mask[0]=11111111011111111101111111111110, sa_flags=SA_RESTART|SA_SIGINFO
SIGFPE: [libjvm.so+0x920ac0], sa_mask[0]=11111111011111111101111111111110, sa_flags=SA_RESTART|SA_SIGINFO
SIGPIPE: [libjvm.so+0x920ac0], sa_mask[0]=11111111011111111101111111111110, sa_flags=SA_RESTART|SA_SIGINFO
SIGXFSZ: [libjvm.so+0x920ac0], sa_mask[0]=11111111011111111101111111111110, sa_flags=SA_RESTART|SA_SIGINFO
SIGILL: [libjvm.so+0x920ac0], sa_mask[0]=11111111011111111101111111111110, sa_flags=SA_RESTART|SA_SIGINFO
SIGUSR1: SIG_DFL, sa_mask[0]=00000000000000000000000000000000, sa_flags=none
SIGUSR2: [libjvm.so+0x922300], sa_mask[0]=00100000000000000000000000000000, sa_flags=SA_RESTART|SA_SIGINFO
SIGHUP: [libjvm.so+0x923700], sa_mask[0]=11111111011111111101111111111110, sa_flags=SA_RESTART|SA_SIGINFO
SIGINT: [libjvm.so+0x923700], sa_mask[0]=11111111011111111101111111111110, sa_flags=SA_RESTART|SA_SIGINFO
SIGTERM: [libjvm.so+0x923700], sa_mask[0]=11111111011111111101111111111110, sa_flags=SA_RESTART|SA_SIGINFO
SIGQUIT: [libjvm.so+0x923700], sa_mask[0]=11111111011111111101111111111110, sa_flags=SA_RESTART|SA_SIGINFO


---------------  S Y S T E M  ---------------

OS:DISTRIB_ID=Ubuntu
DISTRIB_RELEASE=14.04
DISTRIB_CODENAME=trusty
DISTRIB_DESCRIPTION="Ubuntu 14.04.5 LTS"

uname:Linux 3.13.0-107-generic #154-Ubuntu SMP Tue Dec 20 09:57:27 UTC 2016 x86_64
libc:glibc 2.19 NPTL 2.19 
rlimit: STACK 8192k, CORE 0k, NPROC 30712, NOFILE 4096, AS infinity
load average:1.11 0.76 0.47

/proc/meminfo:
MemTotal:        3953548 kB
MemFree:          119496 kB
Buffers:           13552 kB
Cached:           724520 kB
SwapCached:       114360 kB
Active:          2524596 kB
Inactive:        1000908 kB
Active(anon):    2332792 kB
Inactive(anon):   845784 kB
Active(file):     191804 kB
Inactive(file):   155124 kB
Unevictable:         224 kB
Mlocked:             224 kB
SwapTotal:       7999484 kB
SwapFree:        7371636 kB
Dirty:              1828 kB
Writeback:             0 kB
AnonPages:       2695128 kB
Mapped:           336188 kB
Shmem:            391088 kB
Slab:             183752 kB
SReclaimable:     142752 kB
SUnreclaim:        41000 kB
KernelStack:        5936 kB
PageTables:        50876 kB
NFS_Unstable:          0 kB
Bounce:                0 kB
WritebackTmp:          0 kB
CommitLimit:     9976256 kB
Committed_AS:    9534428 kB
VmallocTotal:   34359738367 kB
VmallocUsed:      400968 kB
VmallocChunk:   34359326172 kB
HardwareCorrupted:     0 kB
AnonHugePages:   1228800 kB
HugePages_Total:       0
HugePages_Free:        0
HugePages_Rsvd:        0
HugePages_Surp:        0
Hugepagesize:       2048 kB
DirectMap4k:      104620 kB
DirectMap2M:     3995648 kB
DirectMap1G:           0 kB


CPU:total 4 (2 cores per cpu, 2 threads per core) family 6 model 69 stepping 1, cmov, cx8, fxsr, mmx, sse, sse2, sse3, ssse3, sse4.1, sse4.2, popcnt, avx, avx2, aes, clmul, erms, lzcnt, ht, tsc, tscinvbit, bmi1, bmi2

/proc/cpuinfo:
processor	: 0
vendor_id	: GenuineIntel
cpu family	: 6
model		: 69
model name	: Intel(R) Core(TM) i5-4200U CPU @ 1.60GHz
stepping	: 1
microcode	: 0x17
cpu MHz		: 759.000
cache size	: 3072 KB
physical id	: 0
siblings	: 4
core id		: 0
cpu cores	: 2
apicid		: 0
initial apicid	: 0
fpu		: yes
fpu_exception	: yes
cpuid level	: 13
wp		: yes
flags		: fpu vme de pse tsc msr pae mce cx8 apic sep mtrr pge mca cmov pat pse36 clflush dts acpi mmx fxsr sse sse2 ss ht tm pbe syscall nx pdpe1gb rdtscp lm constant_tsc arch_perfmon pebs bts rep_good nopl xtopology nonstop_tsc aperfmperf eagerfpu pni pclmulqdq dtes64 monitor ds_cpl vmx est tm2 ssse3 fma cx16 xtpr pdcm pcid sse4_1 sse4_2 movbe popcnt tsc_deadline_timer aes xsave avx f16c rdrand lahf_lm abm ida arat epb xsaveopt pln pts dtherm tpr_shadow vnmi flexpriority ept vpid fsgsbase tsc_adjust bmi1 avx2 smep bmi2 erms invpcid
bogomips	: 4589.41
clflush size	: 64
cache_alignment	: 64
address sizes	: 39 bits physical, 48 bits virtual
power management:

processor	: 1
vendor_id	: GenuineIntel
cpu family	: 6
model		: 69
model name	: Intel(R) Core(TM) i5-4200U CPU @ 1.60GHz
stepping	: 1
microcode	: 0x17
cpu MHz		: 1600.000
cache size	: 3072 KB
physical id	: 0
siblings	: 4
core id		: 0
cpu cores	: 2
apicid		: 1
initial apicid	: 1
fpu		: yes
fpu_exception	: yes
cpuid level	: 13
wp		: yes
flags		: fpu vme de pse tsc msr pae mce cx8 apic sep mtrr pge mca cmov pat pse36 clflush dts acpi mmx fxsr sse sse2 ss ht tm pbe syscall nx pdpe1gb rdtscp lm constant_tsc arch_perfmon pebs bts rep_good nopl xtopology nonstop_tsc aperfmperf eagerfpu pni pclmulqdq dtes64 monitor ds_cpl vmx est tm2 ssse3 fma cx16 xtpr pdcm pcid sse4_1 sse4_2 movbe popcnt tsc_deadline_timer aes xsave avx f16c rdrand lahf_lm abm ida arat epb xsaveopt pln pts dtherm tpr_shadow vnmi flexpriority ept vpid fsgsbase tsc_adjust bmi1 avx2 smep bmi2 erms invpcid
bogomips	: 4589.41
clflush size	: 64
cache_alignment	: 64
address sizes	: 39 bits physical, 48 bits virtual
power management:

processor	: 2
vendor_id	: GenuineIntel
cpu family	: 6
model		: 69
model name	: Intel(R) Core(TM) i5-4200U CPU @ 1.60GHz
stepping	: 1
microcode	: 0x17
cpu MHz		: 1600.000
cache size	: 3072 KB
physical id	: 0
siblings	: 4
core id		: 1
cpu cores	: 2
apicid		: 2
initial apicid	: 2
fpu		: yes
fpu_exception	: yes
cpuid level	: 13
wp		: yes
flags		: fpu vme de pse tsc msr pae mce cx8 apic sep mtrr pge mca cmov pat pse36 clflush dts acpi mmx fxsr sse sse2 ss ht tm pbe syscall nx pdpe1gb rdtscp lm constant_tsc arch_perfmon pebs bts rep_good nopl xtopology nonstop_tsc aperfmperf eagerfpu pni pclmulqdq dtes64 monitor ds_cpl vmx est tm2 ssse3 fma cx16 xtpr pdcm pcid sse4_1 sse4_2 movbe popcnt tsc_deadline_timer aes xsave avx f16c rdrand lahf_lm abm ida arat epb xsaveopt pln pts dtherm tpr_shadow vnmi flexpriority ept vpid fsgsbase tsc_adjust bmi1 avx2 smep bmi2 erms invpcid
bogomips	: 4589.41
clflush size	: 64
cache_alignment	: 64
address sizes	: 39 bits physical, 48 bits virtual
power management:

processor	: 3
vendor_id	: GenuineIntel
cpu family	: 6
model		: 69
model name	: Intel(R) Core(TM) i5-4200U CPU @ 1.60GHz
stepping	: 1
microcode	: 0x17
cpu MHz		: 1600.000
cache size	: 3072 KB
physical id	: 0
siblings	: 4
core id		: 1
cpu cores	: 2
apicid		: 3
initial apicid	: 3
fpu		: yes
fpu_exception	: yes
cpuid level	: 13
wp		: yes
flags		: fpu vme de pse tsc msr pae mce cx8 apic sep mtrr pge mca cmov pat pse36 clflush dts acpi mmx fxsr sse sse2 ss ht tm pbe syscall nx pdpe1gb rdtscp lm constant_tsc arch_perfmon pebs bts rep_good nopl xtopology nonstop_tsc aperfmperf eagerfpu pni pclmulqdq dtes64 monitor ds_cpl vmx est tm2 ssse3 fma cx16 xtpr pdcm pcid sse4_1 sse4_2 movbe popcnt tsc_deadline_timer aes xsave avx f16c rdrand lahf_lm abm ida arat epb xsaveopt pln pts dtherm tpr_shadow vnmi flexpriority ept vpid fsgsbase tsc_adjust bmi1 avx2 smep bmi2 erms invpcid
bogomips	: 4589.41
clflush size	: 64
cache_alignment	: 64
address sizes	: 39 bits physical, 48 bits virtual
power management:



Memory: 4k page, physical 3953548k(119496k free), swap 7999484k(7371636k free)

vm_info: Java HotSpot(TM) 64-Bit Server VM (25.121-b13) for linux-amd64 JRE (1.8.0_121-b13), built on Dec 12 2016 16:36:53 by "java_re" with gcc 4.3.0 20080428 (Red Hat 4.3.0-8)

time: Tue Jan 24 17:22:30 2017
elapsed time: 15 seconds (0d 0h 0m 15s)

