#
# A fatal error has been detected by the Java Runtime Environment:
#
#  SIGSEGV (0xb) at pc=0x00007f7f99ed2118, pid=6517, tid=0x00007f7f9b3d8700
#
# JRE version: Java(TM) SE Runtime Environment (8.0_121-b13) (build 1.8.0_121-b13)
# Java VM: Java HotSpot(TM) 64-Bit Server VM (25.121-b13 mixed mode linux-amd64 compressed oops)
# Problematic frame:
# V  [libjvm.so+0x6e2118]  jni_GetStringUTFChars+0xb8
#
# Failed to write core dump. Core dumps have been disabled. To enable core dumping, try "ulimit -c unlimited" before starting Java again
#
# If you would like to submit a bug report, please visit:
#   http://bugreport.java.com/bugreport/crash.jsp
#

---------------  T H R E A D  ---------------

Current thread (0x00007f7f94010000):  JavaThread "main" [_thread_in_vm, id=6522, stack(0x00007f7f9b2d8000,0x00007f7f9b3d9000)]

siginfo: si_signo: 11 (SIGSEGV), si_code: 1 (SEGV_MAPERR), si_addr: 0x0000000000000000

Registers:
RAX=0x00007f7f9a7a7550, RBX=0x0000000000000000, RCX=0x000000076ab8bd40, RDX=0x00007f7f9a7b59e0
RSP=0x00007f7f9b3d2a60, RBP=0x00007f7f9b3d2b00, RSI=0x00007f7f94010000, RDI=0x00007f7f9b3d2aa0
R8 =0x00007f7f85012c80, R9 =0x000000076ab8bd40, R10=0x00000000000001ce, R11=0x00007f7f9a7b59e8
R12=0x00007f7f94010000, R13=0x0000000000000000, R14=0x00007f7f9b3d2bd8, R15=0x00007f7f9b3d2aa0
RIP=0x00007f7f99ed2118, EFLAGS=0x0000000000010246, CSGSFS=0x0000000000000033, ERR=0x0000000000000004
  TRAPNO=0x000000000000000e

Top of Stack: (sp=0x00007f7f9b3d2a60)
0x00007f7f9b3d2a60:   00007f7f9b3d2b28 0000000000000000
0x00007f7f9b3d2a70:   00007f7f8510f680 00007f7f9a7b7800
0x00007f7f9b3d2a80:   00007f7f9b3d30f8 00007f7f85012c80
0x00007f7f9b3d2a90:   0000000776430500 0000000050200030
0x00007f7f9b3d2aa0:   00007f7f94010000 0000000000000000
0x00007f7f9b3d2ab0:   00007f7f7aea5480 00007f7f850082bd
0x00007f7f9b3d2ac0:   00007f7f94010000 0000000776430500
0x00007f7f9b3d2ad0:   00007f7f9b3d2b70 00007f7f3e66fb50
0x00007f7f9b3d2ae0:   00007f7f94e76a88 0000000000000000
0x00007f7f9b3d2af0:   00007f7f9b3d2bd8 00007f7f94010000
0x00007f7f9b3d2b00:   00007f7f940101f8 00007f7f3e2d22b0
0x00007f7f9b3d2b10:   00007f7f9b3d2b70 00007f7f850082bd
0x00007f7f9b3d2b20:   00007f7f3e66fb50 00007f7f9b3d2bb0
0x00007f7f9b3d2b30:   0000000000000000 00007f7f3e66fb48
0x00007f7f9b3d2b40:   00007f7f9b3d2bd8 00007f7f850184cf
0x00007f7f9b3d2b50:   0000000000000000 00007f7f3e68f3f0
0x00007f7f9b3d2b60:   0000000000000000 000000076ab8bd40
0x00007f7f9b3d2b70:   00007f7f9b3d2b60 0000000000000000
0x00007f7f9b3d2b80:   00007f7f9b3d2bd8 00007f7f3e676458
0x00007f7f9b3d2b90:   0000000000000000 00007f7f3e66fb50
0x00007f7f9b3d2ba0:   0000000000000000 00007f7f9b3d2bd0
0x00007f7f9b3d2bb0:   00007f7f9b3d2c38 00007f7f85007dd0
0x00007f7f9b3d2bc0:   0000000000000000 00007f7f85011537
0x00007f7f9b3d2bd0:   0000000000000000 000000076ab8bd40
0x00007f7f9b3d2be0:   00000007764304a0 0000000776430500
0x00007f7f9b3d2bf0:   000000076ab8bd40 00007f7f9b3d2be8
0x00007f7f9b3d2c00:   00007f7f3e673415 00007f7f9b3d2c50
0x00007f7f9b3d2c10:   00007f7f3e675ca8 0000000000000000
0x00007f7f9b3d2c20:   00007f7f3e673460 00007f7f9b3d2bd0
0x00007f7f9b3d2c30:   00007f7f9b3d2c48 00007f7f9b3d2c98
0x00007f7f9b3d2c40:   00007f7f850082bd 00000007764304a0
0x00007f7f9b3d2c50:   000000076ab8bd40 00007f7f9b3d2c58 

Instructions: (pc=0x00007f7f99ed2118)
0x00007f7f99ed20f8:   84 24 70 02 00 00 06 00 00 00 4c 89 e6 4c 89 65
0x00007f7f99ed2108:   c0 4c 89 ff e8 1f 01 01 00 48 8b 05 18 d0 88 00
0x00007f7f99ed2118:   4c 8b 2b 8b 10 48 8b 05 44 fc 88 00 80 38 00 0f
0x00007f7f99ed2128:   84 2b 01 00 00 48 63 c2 41 8b 54 05 00 85 d2 0f 

Register to memory mapping:

RAX=0x00007f7f9a7a7550: <offset 0xfb7550> in /usr/lib/jvm/java-8-oracle/jre/lib/amd64/server/libjvm.so at 0x00007f7f997f0000
RBX=0x0000000000000000 is an unknown value
RCX=0x000000076ab8bd40 is an oop
org.sqlite.NativeDB 
 - klass: 'org/sqlite/NativeDB'
RDX=0x00007f7f9a7b59e0: <offset 0xfc59e0> in /usr/lib/jvm/java-8-oracle/jre/lib/amd64/server/libjvm.so at 0x00007f7f997f0000
RSP=0x00007f7f9b3d2a60 is pointing into the stack for thread: 0x00007f7f94010000
RBP=0x00007f7f9b3d2b00 is pointing into the stack for thread: 0x00007f7f94010000
RSI=0x00007f7f94010000 is a thread
RDI=0x00007f7f9b3d2aa0 is pointing into the stack for thread: 0x00007f7f94010000
R8 =0x00007f7f85012c80 is at code_begin+0 in an Interpreter codelet
method entry point (kind = zerolocals)  [0x00007f7f85012c80, 0x00007f7f85013100]  1152 bytes
R9 =0x000000076ab8bd40 is an oop
org.sqlite.NativeDB 
 - klass: 'org/sqlite/NativeDB'
R10=0x00000000000001ce is an unknown value
R11=0x00007f7f9a7b59e8: <offset 0xfc59e8> in /usr/lib/jvm/java-8-oracle/jre/lib/amd64/server/libjvm.so at 0x00007f7f997f0000
R12=0x00007f7f94010000 is a thread
R13=0x0000000000000000 is an unknown value
R14=0x00007f7f9b3d2bd8 is pointing into the stack for thread: 0x00007f7f94010000
R15=0x00007f7f9b3d2aa0 is pointing into the stack for thread: 0x00007f7f94010000


Stack: [0x00007f7f9b2d8000,0x00007f7f9b3d9000],  sp=0x00007f7f9b3d2a60,  free space=1002k
Native frames: (J=compiled Java code, j=interpreted, Vv=VM code, C=native code)
V  [libjvm.so+0x6e2118]  jni_GetStringUTFChars+0xb8
C  [sqlite-3.7.2-libsqlitejdbc.so+0xd2b0]  Java_org_sqlite_NativeDB_prepare+0x2f

Java frames: (J=compiled Java code, j=interpreted, Vv=VM code)
j  org.sqlite.NativeDB.prepare(Ljava/lang/String;)J+0
j  org.sqlite.DB.prepare(Lorg/sqlite/Stmt;)V+21
j  org.sqlite.PrepStmt.<init>(Lorg/sqlite/Conn;Ljava/lang/String;)V+15
j  org.sqlite.Conn.prepareStatement(Ljava/lang/String;III)Ljava/sql/PreparedStatement;+14
j  org.sqlite.Conn.prepareStatement(Ljava/lang/String;II)Ljava/sql/PreparedStatement;+5
j  org.sqlite.Conn.prepareStatement(Ljava/lang/String;)Ljava/sql/PreparedStatement;+8
v  ~StubRoutines::call_stub
J 1252  sun.reflect.NativeMethodAccessorImpl.invoke0(Ljava/lang/reflect/Method;Ljava/lang/Object;[Ljava/lang/Object;)Ljava/lang/Object; (0 bytes) @ 0x00007f7f8545ea77 [0x00007f7f8545ea00+0x77]
J 1251 C1 sun.reflect.NativeMethodAccessorImpl.invoke(Ljava/lang/Object;[Ljava/lang/Object;)Ljava/lang/Object; (104 bytes) @ 0x00007f7f85460094 [0x00007f7f8545eec0+0x11d4]
J 1259 C1 sun.reflect.DelegatingMethodAccessorImpl.invoke(Ljava/lang/Object;[Ljava/lang/Object;)Ljava/lang/Object; (10 bytes) @ 0x00007f7f8546230c [0x00007f7f85462200+0x10c]
J 3557 C1 java.lang.reflect.Method.invoke(Ljava/lang/Object;[Ljava/lang/Object;)Ljava/lang/Object; (62 bytes) @ 0x00007f7f8535d75c [0x00007f7f8535d360+0x3fc]
j  org.apache.tomcat.jdbc.pool.ProxyConnection.invoke(Ljava/lang/Object;Ljava/lang/reflect/Method;[Ljava/lang/Object;)Ljava/lang/Object;+237
j  org.apache.tomcat.jdbc.pool.JdbcInterceptor.invoke(Ljava/lang/Object;Ljava/lang/reflect/Method;[Ljava/lang/Object;)Ljava/lang/Object;+14
j  org.apache.tomcat.jdbc.pool.DisposableConnectionFacade.invoke(Ljava/lang/Object;Ljava/lang/reflect/Method;[Ljava/lang/Object;)Ljava/lang/Object;+93
j  com.sun.proxy.$Proxy83.prepareStatement(Ljava/lang/String;)Ljava/sql/PreparedStatement;+16
j  org.hibernate.engine.jdbc.internal.StatementPreparerImpl$1.doPrepare()Ljava/sql/PreparedStatement;+37
j  org.hibernate.engine.jdbc.internal.StatementPreparerImpl$StatementPreparationTemplate.prepareStatement()Ljava/sql/PreparedStatement;+45
j  org.hibernate.engine.jdbc.internal.StatementPreparerImpl.prepareStatement(Ljava/lang/String;)Ljava/sql/PreparedStatement;+6
j  org.hibernate.id.SequenceGenerator.generateHolder(Lorg/hibernate/engine/spi/SessionImplementor;)Lorg/hibernate/id/IntegralDataTypeHolder;+15
j  org.hibernate.id.SequenceHiLoGenerator$1.getNextValue()Lorg/hibernate/id/IntegralDataTypeHolder;+8
j  org.hibernate.id.enhanced.LegacyHiLoAlgorithmOptimizer.generate(Lorg/hibernate/id/enhanced/AccessCallback;)Ljava/io/Serializable;+25
j  org.hibernate.id.SequenceHiLoGenerator.generate(Lorg/hibernate/engine/spi/SessionImplementor;Ljava/lang/Object;)Ljava/io/Serializable;+53
j  org.hibernate.event.internal.AbstractSaveEventListener.saveWithGeneratedId(Ljava/lang/Object;Ljava/lang/String;Ljava/lang/Object;Lorg/hibernate/event/spi/EventSource;Z)Ljava/io/Serializable;+21
j  org.hibernate.jpa.event.internal.core.JpaPersistEventListener.saveWithGeneratedId(Ljava/lang/Object;Ljava/lang/String;Ljava/lang/Object;Lorg/hibernate/event/spi/EventSource;Z)Ljava/io/Serializable;+18
j  org.hibernate.event.internal.DefaultPersistEventListener.entityIsTransient(Lorg/hibernate/event/spi/PersistEvent;Ljava/util/Map;)V+55
j  org.hibernate.event.internal.DefaultPersistEventListener.onPersist(Lorg/hibernate/event/spi/PersistEvent;Ljava/util/Map;)V+324
j  org.hibernate.event.internal.DefaultPersistEventListener.onPersist(Lorg/hibernate/event/spi/PersistEvent;)V+11
j  org.hibernate.internal.SessionImpl.firePersist(Lorg/hibernate/event/spi/PersistEvent;)V+46
j  org.hibernate.internal.SessionImpl.persist(Ljava/lang/String;Ljava/lang/Object;)V+11
j  org.hibernate.internal.SessionImpl.persist(Ljava/lang/Object;)V+3
j  org.hibernate.jpa.spi.AbstractEntityManagerImpl.persist(Ljava/lang/Object;)V+9
v  ~StubRoutines::call_stub
J 1252  sun.reflect.NativeMethodAccessorImpl.invoke0(Ljava/lang/reflect/Method;Ljava/lang/Object;[Ljava/lang/Object;)Ljava/lang/Object; (0 bytes) @ 0x00007f7f8545ea77 [0x00007f7f8545ea00+0x77]
J 1251 C1 sun.reflect.NativeMethodAccessorImpl.invoke(Ljava/lang/Object;[Ljava/lang/Object;)Ljava/lang/Object; (104 bytes) @ 0x00007f7f85460094 [0x00007f7f8545eec0+0x11d4]
J 1259 C1 sun.reflect.DelegatingMethodAccessorImpl.invoke(Ljava/lang/Object;[Ljava/lang/Object;)Ljava/lang/Object; (10 bytes) @ 0x00007f7f8546230c [0x00007f7f85462200+0x10c]
J 3557 C1 java.lang.reflect.Method.invoke(Ljava/lang/Object;[Ljava/lang/Object;)Ljava/lang/Object; (62 bytes) @ 0x00007f7f8535d75c [0x00007f7f8535d360+0x3fc]
j  org.springframework.orm.jpa.SharedEntityManagerCreator$SharedEntityManagerInvocationHandler.invoke(Ljava/lang/Object;Ljava/lang/reflect/Method;[Ljava/lang/Object;)Ljava/lang/Object;+495
j  com.sun.proxy.$Proxy92.persist(Ljava/lang/Object;)V+16
j  org.springframework.data.jpa.repository.support.SimpleJpaRepository.save(Ljava/lang/Object;)Ljava/lang/Object;+18
v  ~StubRoutines::call_stub
J 1252  sun.reflect.NativeMethodAccessorImpl.invoke0(Ljava/lang/reflect/Method;Ljava/lang/Object;[Ljava/lang/Object;)Ljava/lang/Object; (0 bytes) @ 0x00007f7f8545ea77 [0x00007f7f8545ea00+0x77]
J 1251 C1 sun.reflect.NativeMethodAccessorImpl.invoke(Ljava/lang/Object;[Ljava/lang/Object;)Ljava/lang/Object; (104 bytes) @ 0x00007f7f85460094 [0x00007f7f8545eec0+0x11d4]
J 1259 C1 sun.reflect.DelegatingMethodAccessorImpl.invoke(Ljava/lang/Object;[Ljava/lang/Object;)Ljava/lang/Object; (10 bytes) @ 0x00007f7f8546230c [0x00007f7f85462200+0x10c]
J 3557 C1 java.lang.reflect.Method.invoke(Ljava/lang/Object;[Ljava/lang/Object;)Ljava/lang/Object; (62 bytes) @ 0x00007f7f8535d75c [0x00007f7f8535d360+0x3fc]
j  org.springframework.data.repository.core.support.RepositoryFactorySupport$QueryExecutorMethodInterceptor.executeMethodOn(Ljava/lang/Object;Ljava/lang/reflect/Method;[Ljava/lang/Object;)Ljava/lang/Object;+3
j  org.springframework.data.repository.core.support.RepositoryFactorySupport$QueryExecutorMethodInterceptor.doInvoke(Lorg/aopalliance/intercept/MethodInvocation;)Ljava/lang/Object;+94
j  org.springframework.data.repository.core.support.RepositoryFactorySupport$QueryExecutorMethodInterceptor.invoke(Lorg/aopalliance/intercept/MethodInvocation;)Ljava/lang/Object;+2
j  org.springframework.aop.framework.ReflectiveMethodInvocation.proceed()Ljava/lang/Object;+101
j  org.springframework.data.projection.DefaultMethodInvokingMethodInterceptor.invoke(Lorg/aopalliance/intercept/MethodInvocation;)Ljava/lang/Object;+15
j  org.springframework.aop.framework.ReflectiveMethodInvocation.proceed()Ljava/lang/Object;+101
j  org.springframework.transaction.interceptor.TransactionInterceptor$1.proceedWithInvocation()Ljava/lang/Object;+4
j  org.springframework.transaction.interceptor.TransactionAspectSupport.invokeWithinTransaction(Ljava/lang/reflect/Method;Ljava/lang/Class;Lorg/springframework/transaction/interceptor/TransactionAspectSupport$InvocationCallback;)Ljava/lang/Object;+60
j  org.springframework.transaction.interceptor.TransactionInterceptor.invoke(Lorg/aopalliance/intercept/MethodInvocation;)Ljava/lang/Object;+40
j  org.springframework.aop.framework.ReflectiveMethodInvocation.proceed()Ljava/lang/Object;+101
j  org.springframework.dao.support.PersistenceExceptionTranslationInterceptor.invoke(Lorg/aopalliance/intercept/MethodInvocation;)Ljava/lang/Object;+1
j  org.springframework.aop.framework.ReflectiveMethodInvocation.proceed()Ljava/lang/Object;+101
j  org.springframework.data.jpa.repository.support.CrudMethodMetadataPostProcessor$CrudMethodMetadataPopulatingMethodInterceptor.invoke(Lorg/aopalliance/intercept/MethodInvocation;)Ljava/lang/Object;+89
j  org.springframework.aop.framework.ReflectiveMethodInvocation.proceed()Ljava/lang/Object;+101
j  org.springframework.aop.interceptor.ExposeInvocationInterceptor.invoke(Lorg/aopalliance/intercept/MethodInvocation;)Ljava/lang/Object;+18
j  org.springframework.aop.framework.ReflectiveMethodInvocation.proceed()Ljava/lang/Object;+101
j  org.springframework.aop.framework.JdkDynamicAopProxy.invoke(Ljava/lang/Object;Ljava/lang/reflect/Method;[Ljava/lang/Object;)Ljava/lang/Object;+385
j  com.sun.proxy.$Proxy94.save(Ljava/lang/Object;)Ljava/lang/Object;+16
j  com.example.api.service.BookService.save(Lcom/example/entity/Book;)Lcom/example/entity/Book;+5
j  com.example.crudtest.CRUDTest.insertOperation()V+19
v  ~StubRoutines::call_stub
J 1252  sun.reflect.NativeMethodAccessorImpl.invoke0(Ljava/lang/reflect/Method;Ljava/lang/Object;[Ljava/lang/Object;)Ljava/lang/Object; (0 bytes) @ 0x00007f7f8545ea77 [0x00007f7f8545ea00+0x77]
J 1251 C1 sun.reflect.NativeMethodAccessorImpl.invoke(Ljava/lang/Object;[Ljava/lang/Object;)Ljava/lang/Object; (104 bytes) @ 0x00007f7f85460094 [0x00007f7f8545eec0+0x11d4]
J 1259 C1 sun.reflect.DelegatingMethodAccessorImpl.invoke(Ljava/lang/Object;[Ljava/lang/Object;)Ljava/lang/Object; (10 bytes) @ 0x00007f7f8546230c [0x00007f7f85462200+0x10c]
J 3557 C1 java.lang.reflect.Method.invoke(Ljava/lang/Object;[Ljava/lang/Object;)Ljava/lang/Object; (62 bytes) @ 0x00007f7f8535d75c [0x00007f7f8535d360+0x3fc]
j  org.testng.internal.MethodInvocationHelper.invokeMethod(Ljava/lang/reflect/Method;Ljava/lang/Object;[Ljava/lang/Object;)Ljava/lang/Object;+242
j  org.testng.internal.MethodInvocationHelper$1.runTestMethod(Lorg/testng/ITestResult;)V+12
j  org.springframework.test.context.testng.AbstractTestNGSpringContextTests.run(Lorg/testng/IHookCallBack;Lorg/testng/ITestResult;)V+2
v  ~StubRoutines::call_stub
J 1252  sun.reflect.NativeMethodAccessorImpl.invoke0(Ljava/lang/reflect/Method;Ljava/lang/Object;[Ljava/lang/Object;)Ljava/lang/Object; (0 bytes) @ 0x00007f7f8545ea77 [0x00007f7f8545ea00+0x77]
J 1251 C1 sun.reflect.NativeMethodAccessorImpl.invoke(Ljava/lang/Object;[Ljava/lang/Object;)Ljava/lang/Object; (104 bytes) @ 0x00007f7f85460094 [0x00007f7f8545eec0+0x11d4]
J 1259 C1 sun.reflect.DelegatingMethodAccessorImpl.invoke(Ljava/lang/Object;[Ljava/lang/Object;)Ljava/lang/Object; (10 bytes) @ 0x00007f7f8546230c [0x00007f7f85462200+0x10c]
J 3557 C1 java.lang.reflect.Method.invoke(Ljava/lang/Object;[Ljava/lang/Object;)Ljava/lang/Object; (62 bytes) @ 0x00007f7f8535d75c [0x00007f7f8535d360+0x3fc]
j  org.testng.internal.MethodInvocationHelper.invokeHookable(Ljava/lang/Object;[Ljava/lang/Object;Ljava/lang/Object;Ljava/lang/reflect/Method;Lorg/testng/internal/TestResult;)V+64
j  org.testng.internal.Invoker.invokeMethod([Ljava/lang/Object;ILorg/testng/ITestNGMethod;[Ljava/lang/Object;ILorg/testng/xml/XmlSuite;Ljava/util/Map;Lorg/testng/ITestClass;[Lorg/testng/ITestNGMethod;[Lorg/testng/ITestNGMethod;Lorg/testng/internal/ConfigurationGroupMethods;)Lorg/testng/ITestResult;+280
j  org.testng.internal.Invoker.invokeTestMethod([Ljava/lang/Object;Lorg/testng/ITestNGMethod;[Ljava/lang/Object;ILorg/testng/xml/XmlSuite;Ljava/util/Map;Lorg/testng/ITestClass;[Lorg/testng/ITestNGMethod;[Lorg/testng/ITestNGMethod;Lorg/testng/internal/ConfigurationGroupMethods;)Ljava/util/List;+46
j  org.testng.internal.Invoker.invokeTestMethods(Lorg/testng/ITestNGMethod;[Lorg/testng/ITestNGMethod;ILorg/testng/xml/XmlSuite;Ljava/util/Map;Lorg/testng/internal/ConfigurationGroupMethods;[Ljava/lang/Object;Lorg/testng/ITestContext;)Ljava/util/List;+705
j  org.testng.internal.TestMethodWorker.invokeTestMethods(Lorg/testng/ITestNGMethod;[Ljava/lang/Object;Lorg/testng/ITestContext;)V+32
j  org.testng.internal.TestMethodWorker.run()V+60
j  org.testng.TestRunner.privateRun(Lorg/testng/xml/XmlTest;)V+349
j  org.testng.TestRunner.run()V+26
j  org.testng.SuiteRunner.runTest(Lorg/testng/TestRunner;)V+1
j  org.testng.SuiteRunner.runSequentially()V+31
j  org.testng.SuiteRunner.privateRun()V+281
j  org.testng.SuiteRunner.run()V+6
j  org.testng.SuiteRunnerWorker.runSuite(Lorg/testng/internal/SuiteRunnerMap;Lorg/testng/xml/XmlSuite;)V+96
j  org.testng.SuiteRunnerWorker.run()V+12
j  org.testng.TestNG.runSuitesSequentially(Lorg/testng/xml/XmlSuite;Lorg/testng/internal/SuiteRunnerMap;ILjava/lang/String;)V+66
j  org.testng.TestNG.runSuitesLocally()Ljava/util/List;+117
j  org.testng.TestNG.run()V+77
j  org.testng.remote.AbstractRemoteTestNG.run()V+163
j  org.testng.remote.RemoteTestNG.initAndRun(Lorg/testng/remote/IRemoteTestNG;[Ljava/lang/String;Lorg/testng/CommandLineArgs;Lorg/testng/remote/RemoteArgs;)V+184
j  org.testng.remote.RemoteTestNG.main([Ljava/lang/String;)V+218
v  ~StubRoutines::call_stub

---------------  P R O C E S S  ---------------

Java Threads: ( => current thread )
  0x00007f7f95b4d000 JavaThread "http-nio-auto-1-36736-AsyncTimeout" daemon [_thread_blocked, id=6550, stack(0x00007f7f3d5c0000,0x00007f7f3d6c1000)]
  0x00007f7f95b4b800 JavaThread "http-nio-auto-1-Acceptor-0" daemon [_thread_in_native, id=6549, stack(0x00007f7f3d6c1000,0x00007f7f3d7c2000)]
  0x00007f7f95b49000 JavaThread "http-nio-auto-1-ClientPoller-1" daemon [_thread_in_native, id=6548, stack(0x00007f7f3d7c2000,0x00007f7f3d8c3000)]
  0x00007f7f95b3b000 JavaThread "http-nio-auto-1-ClientPoller-0" daemon [_thread_in_native, id=6547, stack(0x00007f7f3d8c3000,0x00007f7f3d9c4000)]
  0x00007f7f95b29800 JavaThread "NioBlockingSelector.BlockPoller-1" daemon [_thread_in_native, id=6546, stack(0x00007f7f3d9c4000,0x00007f7f3dac5000)]
  0x00007f7f94e6b800 JavaThread "Tomcat JDBC Pool Cleaner[865113938:1485273363668]" daemon [_thread_blocked, id=6545, stack(0x00007f7f3e54d000,0x00007f7f3e64e000)]
  0x00007f7f94f21800 JavaThread "container-0" [_thread_blocked, id=6543, stack(0x00007f7f3ea4e000,0x00007f7f3eb4f000)]
  0x00007f7f94f20000 JavaThread "ContainerBackgroundProcessor[StandardEngine[Tomcat]]" daemon [_thread_blocked, id=6542, stack(0x00007f7f3eb4f000,0x00007f7f3ec50000)]
  0x00007f7f38255000 JavaThread "localhost-startStop-1" daemon [_thread_blocked, id=6541, stack(0x00007f7f3ee50000,0x00007f7f3ef51000)]
  0x00007f7f94f52800 JavaThread "Tomcat-startStop-1" daemon [_thread_blocked, id=6540, stack(0x00007f7f7803f000,0x00007f7f78140000)]
  0x00007f7f944b3000 JavaThread "ReaderThread" [_thread_in_native, id=6537, stack(0x00007f7f78744000,0x00007f7f78845000)]
  0x00007f7f940c7000 JavaThread "Service Thread" daemon [_thread_blocked, id=6534, stack(0x00007f7f78dde000,0x00007f7f78edf000)]
  0x00007f7f940c4000 JavaThread "C1 CompilerThread2" daemon [_thread_blocked, id=6533, stack(0x00007f7f78edf000,0x00007f7f78fe0000)]
  0x00007f7f940c2000 JavaThread "C2 CompilerThread1" daemon [_thread_in_native, id=6532, stack(0x00007f7f78fe0000,0x00007f7f790e1000)]
  0x00007f7f940bf000 JavaThread "C2 CompilerThread0" daemon [_thread_in_native, id=6531, stack(0x00007f7f790e1000,0x00007f7f791e2000)]
  0x00007f7f940be000 JavaThread "Signal Dispatcher" daemon [_thread_blocked, id=6530, stack(0x00007f7f791e2000,0x00007f7f792e3000)]
  0x00007f7f9408a000 JavaThread "Finalizer" daemon [_thread_blocked, id=6529, stack(0x00007f7f799c6000,0x00007f7f79ac7000)]
  0x00007f7f94085800 JavaThread "Reference Handler" daemon [_thread_blocked, id=6528, stack(0x00007f7f79ac7000,0x00007f7f79bc8000)]
=>0x00007f7f94010000 JavaThread "main" [_thread_in_vm, id=6522, stack(0x00007f7f9b2d8000,0x00007f7f9b3d9000)]

Other Threads:
  0x00007f7f9407e000 VMThread [stack: 0x00007f7f79bc8000,0x00007f7f79cc9000] [id=6527]
  0x00007f7f940ca000 WatcherThread [stack: 0x00007f7f78cdd000,0x00007f7f78dde000] [id=6535]

VM state:not at safepoint (normal execution)

VM Mutex/Monitor currently owned by a thread: None

Heap:
 PSYoungGen      total 305664K, used 192721K [0x000000076ab00000, 0x0000000787280000, 0x00000007c0000000)
  eden space 262144K, 73% used [0x000000076ab00000,0x0000000776734710,0x000000077ab00000)
  from space 43520K, 0% used [0x000000077ab00000,0x000000077ab00000,0x000000077d580000)
  to   space 43520K, 0% used [0x0000000784800000,0x0000000784800000,0x0000000787280000)
 ParOldGen       total 731648K, used 22809K [0x00000006c0000000, 0x00000006eca80000, 0x000000076ab00000)
  object space 731648K, 3% used [0x00000006c0000000,0x00000006c1646788,0x00000006eca80000)
 Metaspace       used 45065K, capacity 45496K, committed 45824K, reserved 1089536K
  class space    used 5898K, capacity 6029K, committed 6144K, reserved 1048576K

Card table byte_map: [0x00007f7f847ff000,0x00007f7f85000000] byte_map_base: 0x00007f7f811ff000

Marking Bits: (ParMarkBitMap*) 0x00007f7f9a7b4c80
 Begin Bits: [0x00007f7f7bea5000, 0x00007f7f7fea5000)
 End Bits:   [0x00007f7f7fea5000, 0x00007f7f83ea5000)

Polling page: 0x00007f7f9b3fe000

CodeCache: size=245760Kb used=11658Kb max_used=11658Kb free=234101Kb
 bounds [0x00007f7f85000000, 0x00007f7f85b70000, 0x00007f7f94000000]
 total_blobs=4075 nmethods=3604 adapters=384
 compilation: enabled

Compilation events (10 events):
Event: 9.056 Thread 0x00007f7f940c4000 4092       1       org.testng.shaded.com.google.gson.reflect.TypeToken::hashCode (5 bytes)
Event: 9.056 Thread 0x00007f7f940c4000 nmethod 4092 0x00007f7f856766d0 code [0x00007f7f85676820, 0x00007f7f85676930]
Event: 9.056 Thread 0x00007f7f940c4000 4093       3       java.lang.reflect.Field::getGenericType (20 bytes)
Event: 9.057 Thread 0x00007f7f940c4000 nmethod 4093 0x00007f7f85b6bcd0 code [0x00007f7f85b6bf20, 0x00007f7f85b6ccc8]
Event: 9.057 Thread 0x00007f7f940c4000 4095       3       java.io.BufferedWriter::ensureOpen (18 bytes)
Event: 9.057 Thread 0x00007f7f940c4000 nmethod 4095 0x00007f7f85676210 code [0x00007f7f85676380, 0x00007f7f856765c8]
Event: 9.058 Thread 0x00007f7f940c4000 4094       3       java.lang.reflect.Modifier::isSynthetic (14 bytes)
Event: 9.058 Thread 0x00007f7f940c4000 nmethod 4094 0x00007f7f85947e10 code [0x00007f7f85947f80, 0x00007f7f85948110]
Event: 9.072 Thread 0x00007f7f940c4000 4096       3       org.hibernate.service.internal.ConcurrentServiceBinding::hashKey (5 bytes)
Event: 9.073 Thread 0x00007f7f940c4000 nmethod 4096 0x00007f7f85947a90 code [0x00007f7f85947c00, 0x00007f7f85947d88]

GC Heap History (10 events):
Event: 2.993 GC heap before
{Heap before GC invocations=1 (full 0):
 PSYoungGen      total 305664K, used 183614K [0x000000076ab00000, 0x0000000780000000, 0x00000007c0000000)
  eden space 262144K, 70% used [0x000000076ab00000,0x0000000775e4f8c8,0x000000077ab00000)
  from space 43520K, 0% used [0x000000077d580000,0x000000077d580000,0x0000000780000000)
  to   space 43520K, 0% used [0x000000077ab00000,0x000000077ab00000,0x000000077d580000)
 ParOldGen       total 699392K, used 0K [0x00000006c0000000, 0x00000006eab00000, 0x000000076ab00000)
  object space 699392K, 0% used [0x00000006c0000000,0x00000006c0000000,0x00000006eab00000)
 Metaspace       used 21083K, capacity 21206K, committed 21296K, reserved 1069056K
  class space    used 2597K, capacity 2642K, committed 2688K, reserved 1048576K
Event: 3.012 GC heap after
Heap after GC invocations=1 (full 0):
 PSYoungGen      total 305664K, used 20986K [0x000000076ab00000, 0x0000000780000000, 0x00000007c0000000)
  eden space 262144K, 0% used [0x000000076ab00000,0x000000076ab00000,0x000000077ab00000)
  from space 43520K, 48% used [0x000000077ab00000,0x000000077bf7e848,0x000000077d580000)
  to   space 43520K, 0% used [0x000000077d580000,0x000000077d580000,0x0000000780000000)
 ParOldGen       total 699392K, used 88K [0x00000006c0000000, 0x00000006eab00000, 0x000000076ab00000)
  object space 699392K, 0% used [0x00000006c0000000,0x00000006c0016010,0x00000006eab00000)
 Metaspace       used 21083K, capacity 21206K, committed 21296K, reserved 1069056K
  class space    used 2597K, capacity 2642K, committed 2688K, reserved 1048576K
}
Event: 3.012 GC heap before
{Heap before GC invocations=2 (full 1):
 PSYoungGen      total 305664K, used 20986K [0x000000076ab00000, 0x0000000780000000, 0x00000007c0000000)
  eden space 262144K, 0% used [0x000000076ab00000,0x000000076ab00000,0x000000077ab00000)
  from space 43520K, 48% used [0x000000077ab00000,0x000000077bf7e848,0x000000077d580000)
  to   space 43520K, 0% used [0x000000077d580000,0x000000077d580000,0x0000000780000000)
 ParOldGen       total 699392K, used 88K [0x00000006c0000000, 0x00000006eab00000, 0x000000076ab00000)
  object space 699392K, 0% used [0x00000006c0000000,0x00000006c0016010,0x00000006eab00000)
 Metaspace       used 21083K, capacity 21206K, committed 21296K, reserved 1069056K
  class space    used 2597K, capacity 2642K, committed 2688K, reserved 1048576K
Event: 3.058 GC heap after
Heap after GC invocations=2 (full 1):
 PSYoungGen      total 305664K, used 0K [0x000000076ab00000, 0x0000000780000000, 0x00000007c0000000)
  eden space 262144K, 0% used [0x000000076ab00000,0x000000076ab00000,0x000000077ab00000)
  from space 43520K, 0% used [0x000000077ab00000,0x000000077ab00000,0x000000077d580000)
  to   space 43520K, 0% used [0x000000077d580000,0x000000077d580000,0x0000000780000000)
 ParOldGen       total 699392K, used 20233K [0x00000006c0000000, 0x00000006eab00000, 0x000000076ab00000)
  object space 699392K, 2% used [0x00000006c0000000,0x00000006c13c26d0,0x00000006eab00000)
 Metaspace       used 21083K, capacity 21206K, committed 21296K, reserved 1069056K
  class space    used 2597K, capacity 2642K, committed 2688K, reserved 1048576K
}
Event: 5.606 GC heap before
{Heap before GC invocations=3 (full 1):
 PSYoungGen      total 305664K, used 262144K [0x000000076ab00000, 0x0000000780000000, 0x00000007c0000000)
  eden space 262144K, 100% used [0x000000076ab00000,0x000000077ab00000,0x000000077ab00000)
  from space 43520K, 0% used [0x000000077ab00000,0x000000077ab00000,0x000000077d580000)
  to   space 43520K, 0% used [0x000000077d580000,0x000000077d580000,0x0000000780000000)
 ParOldGen       total 699392K, used 20233K [0x00000006c0000000, 0x00000006eab00000, 0x000000076ab00000)
  object space 699392K, 2% used [0x00000006c0000000,0x00000006c13c26d0,0x00000006eab00000)
 Metaspace       used 30372K, capacity 30658K, committed 30848K, reserved 1077248K
  class space    used 3770K, capacity 3860K, committed 3968K, reserved 1048576K
Event: 5.631 GC heap after
Heap after GC invocations=3 (full 1):
 PSYoungGen      total 305664K, used 17211K [0x000000076ab00000, 0x0000000785700000, 0x00000007c0000000)
  eden space 262144K, 0% used [0x000000076ab00000,0x000000076ab00000,0x000000077ab00000)
  from space 43520K, 39% used [0x000000077d580000,0x000000077e64efc0,0x0000000780000000)
  to   space 43520K, 0% used [0x000000077ab00000,0x000000077ab00000,0x000000077d580000)
 ParOldGen       total 699392K, used 20241K [0x00000006c0000000, 0x00000006eab00000, 0x000000076ab00000)
  object space 699392K, 2% used [0x00000006c0000000,0x00000006c13c46d0,0x00000006eab00000)
 Metaspace       used 30372K, capacity 30658K, committed 30848K, reserved 1077248K
  class space    used 3770K, capacity 3860K, committed 3968K, reserved 1048576K
}
Event: 6.679 GC heap before
{Heap before GC invocations=4 (full 1):
 PSYoungGen      total 305664K, used 126199K [0x000000076ab00000, 0x0000000785700000, 0x00000007c0000000)
  eden space 262144K, 41% used [0x000000076ab00000,0x000000077156edd8,0x000000077ab00000)
  from space 43520K, 39% used [0x000000077d580000,0x000000077e64efc0,0x0000000780000000)
  to   space 43520K, 0% used [0x000000077ab00000,0x000000077ab00000,0x000000077d580000)
 ParOldGen       total 699392K, used 20241K [0x00000006c0000000, 0x00000006eab00000, 0x000000076ab00000)
  object space 699392K, 2% used [0x00000006c0000000,0x00000006c13c46d0,0x00000006eab00000)
 Metaspace       used 35093K, capacity 35362K, committed 35496K, reserved 1081344K
  class space    used 4502K, capacity 4580K, committed 4608K, reserved 1048576K
Event: 6.702 GC heap after
Heap after GC invocations=4 (full 1):
 PSYoungGen      total 305664K, used 13594K [0x000000076ab00000, 0x0000000787280000, 0x00000007c0000000)
  eden space 262144K, 0% used [0x000000076ab00000,0x000000076ab00000,0x000000077ab00000)
  from space 43520K, 31% used [0x000000077ab00000,0x000000077b846928,0x000000077d580000)
  to   space 43520K, 0% used [0x0000000784800000,0x0000000784800000,0x0000000787280000)
 ParOldGen       total 699392K, used 20241K [0x00000006c0000000, 0x00000006eab00000, 0x000000076ab00000)
  object space 699392K, 2% used [0x00000006c0000000,0x00000006c13c46d0,0x00000006eab00000)
 Metaspace       used 35093K, capacity 35362K, committed 35496K, reserved 1081344K
  class space    used 4502K, capacity 4580K, committed 4608K, reserved 1048576K
}
Event: 6.702 GC heap before
{Heap before GC invocations=5 (full 2):
 PSYoungGen      total 305664K, used 13594K [0x000000076ab00000, 0x0000000787280000, 0x00000007c0000000)
  eden space 262144K, 0% used [0x000000076ab00000,0x000000076ab00000,0x000000077ab00000)
  from space 43520K, 31% used [0x000000077ab00000,0x000000077b846928,0x000000077d580000)
  to   space 43520K, 0% used [0x0000000784800000,0x0000000784800000,0x0000000787280000)
 ParOldGen       total 699392K, used 20241K [0x00000006c0000000, 0x00000006eab00000, 0x000000076ab00000)
  object space 699392K, 2% used [0x00000006c0000000,0x00000006c13c46d0,0x00000006eab00000)
 Metaspace       used 35093K, capacity 35362K, committed 35496K, reserved 1081344K
  class space    used 4502K, capacity 4580K, committed 4608K, reserved 1048576K
Event: 6.771 GC heap after
Heap after GC invocations=5 (full 2):
 PSYoungGen      total 305664K, used 0K [0x000000076ab00000, 0x0000000787280000, 0x00000007c0000000)
  eden space 262144K, 0% used [0x000000076ab00000,0x000000076ab00000,0x000000077ab00000)
  from space 43520K, 0% used [0x000000077ab00000,0x000000077ab00000,0x000000077d580000)
  to   space 43520K, 0% used [0x0000000784800000,0x0000000784800000,0x0000000787280000)
 ParOldGen       total 731648K, used 22809K [0x00000006c0000000, 0x00000006eca80000, 0x000000076ab00000)
  object space 731648K, 3% used [0x00000006c0000000,0x00000006c1646788,0x00000006eca80000)
 Metaspace       used 35093K, capacity 35362K, committed 35496K, reserved 1081344K
  class space    used 4502K, capacity 4580K, committed 4608K, reserved 1048576K
}

Deoptimization events (10 events):
Event: 7.542 Thread 0x00007f7f94010000 Uncommon trap: reason=unstable_if action=reinterpret pc=0x00007f7f853ec564 method=java.util.HashMap.getNode(ILjava/lang/Object;)Ljava/util/HashMap$Node; @ 84
Event: 7.542 Thread 0x00007f7f94010000 Uncommon trap: reason=unstable_if action=reinterpret pc=0x00007f7f85224abc method=java.util.HashMap.getNode(ILjava/lang/Object;)Ljava/util/HashMap$Node; @ 84
Event: 8.020 Thread 0x00007f7f94010000 Uncommon trap: reason=null_check action=make_not_entrant pc=0x00007f7f853036b0 method=org.springframework.util.ClassUtils.isAssignable(Ljava/lang/Class;Ljava/lang/Class;)Z @ 14
Event: 8.309 Thread 0x00007f7f94010000 Uncommon trap: reason=unstable_if action=reinterpret pc=0x00007f7f852ba9f0 method=java.util.concurrent.ConcurrentHashMap.transfer([Ljava/util/concurrent/ConcurrentHashMap$Node;[Ljava/util/concurrent/ConcurrentHashMap$Node;)V @ 356
Event: 8.875 Thread 0x00007f7f94010000 Uncommon trap: reason=class_check action=maybe_recompile pc=0x00007f7f85a1a0e4 method=java.lang.reflect.Array.newInstance(Ljava/lang/Class;I)Ljava/lang/Object; @ 2
Event: 8.875 Thread 0x00007f7f94010000 Uncommon trap: reason=class_check action=maybe_recompile pc=0x00007f7f85a1a0e4 method=java.lang.reflect.Array.newInstance(Ljava/lang/Class;I)Ljava/lang/Object; @ 2
Event: 8.875 Thread 0x00007f7f94010000 Uncommon trap: reason=class_check action=maybe_recompile pc=0x00007f7f85a1a0e4 method=java.lang.reflect.Array.newInstance(Ljava/lang/Class;I)Ljava/lang/Object; @ 2
Event: 8.875 Thread 0x00007f7f94010000 Uncommon trap: reason=class_check action=maybe_recompile pc=0x00007f7f85a1a0e4 method=java.lang.reflect.Array.newInstance(Ljava/lang/Class;I)Ljava/lang/Object; @ 2
Event: 8.979 Thread 0x00007f7f94010000 Uncommon trap: reason=unstable_if action=reinterpret pc=0x00007f7f85529774 method=org.springframework.util.ConcurrentReferenceHashMap$Segment.clear()V @ 4
Event: 9.050 Thread 0x00007f7f94010000 Uncommon trap: reason=class_check action=maybe_recompile pc=0x00007f7f85372608 method=org.testng.internal.annotations.JDK15AnnotationFinder$Pair.hashCode()I @ 24

Internal exceptions (10 events):
Event: 8.918 Thread 0x00007f7f94010000 Exception <a 'java/lang/ClassNotFoundException': org/springframework/boot/autoconfigure/web/WebClientAutoConfigurationCustomizer> (0x0000000774d1dbb0) thrown at [/HUDSON3/workspace/8-2-build-linux-amd64/jdk8u121/8372/hotspot/src/share/vm/classfile/systemD
Event: 8.918 Thread 0x00007f7f94010000 Exception <a 'java/lang/ClassNotFoundException': org/springframework/boot/autoconfigure/web/WebClientAutoConfiguration$$EnhancerBySpringCGLIB$$52d5929eCustomizer> (0x0000000774d41bc8) thrown at [/HUDSON3/workspace/8-2-build-linux-amd64/jdk8u121/8372/hotsp
Event: 8.919 Thread 0x00007f7f94010000 Exception <a 'java/lang/ClassNotFoundException': org/springframework/context/annotation/ConfigurationClassEnhancer$EnhancedConfigurationCustomizer> (0x0000000774d66620) thrown at [/HUDSON3/workspace/8-2-build-linux-amd64/jdk8u121/8372/hotspot/src/share/vm
Event: 9.043 Thread 0x00007f7f94010000 Exception <a 'java/lang/ClassNotFoundException': java/lang/ObjectCustomizer> (0x0000000775cad1b8) thrown at [/HUDSON3/workspace/8-2-build-linux-amd64/jdk8u121/8372/hotspot/src/share/vm/classfile/systemDictionary.cpp, line 210]
Event: 9.044 Thread 0x00007f7f94010000 Exception <a 'java/lang/ClassNotFoundException': org/springframework/test/context/testng/AbstractTestNGSpringContextTestsCustomizer> (0x0000000775ccb620) thrown at [/HUDSON3/workspace/8-2-build-linux-amd64/jdk8u121/8372/hotspot/src/share/vm/classfile/syst
Event: 9.044 Thread 0x00007f7f94010000 Exception <a 'java/lang/ClassNotFoundException': com/example/crudtest/CRUDTestCustomizer> (0x0000000775cde558) thrown at [/HUDSON3/workspace/8-2-build-linux-amd64/jdk8u121/8372/hotspot/src/share/vm/classfile/systemDictionary.cpp, line 210]
Event: 9.045 Thread 0x00007f7f94010000 Exception <a 'java/lang/ClassNotFoundException': org/testng/IHookableCustomizer> (0x0000000775cef2f0) thrown at [/HUDSON3/workspace/8-2-build-linux-amd64/jdk8u121/8372/hotspot/src/share/vm/classfile/systemDictionary.cpp, line 210]
Event: 9.045 Thread 0x00007f7f94010000 Exception <a 'java/lang/ClassNotFoundException': org/springframework/context/ApplicationContextAwareCustomizer> (0x0000000775d05bb0) thrown at [/HUDSON3/workspace/8-2-build-linux-amd64/jdk8u121/8372/hotspot/src/share/vm/classfile/systemDictionary.cpp, lin
Event: 9.075 Thread 0x00007f7f94010000 Exception <a 'java/lang/ClassNotFoundException': java/lang/ObjectCustomizer> (0x00000007763b4640) thrown at [/HUDSON3/workspace/8-2-build-linux-amd64/jdk8u121/8372/hotspot/src/share/vm/classfile/systemDictionary.cpp, line 210]
Event: 9.075 Thread 0x00007f7f94010000 Exception <a 'java/lang/ClassNotFoundException': com/example/entity/BookCustomizer> (0x00000007763c7340) thrown at [/HUDSON3/workspace/8-2-build-linux-amd64/jdk8u121/8372/hotspot/src/share/vm/classfile/systemDictionary.cpp, line 210]

Events (10 events):
Event: 9.080 loading class org/hibernate/engine/jdbc/internal/FormatStyle
Event: 9.080 loading class org/hibernate/engine/jdbc/internal/FormatStyle done
Event: 9.080 loading class org/hibernate/engine/jdbc/internal/Formatter
Event: 9.080 loading class org/hibernate/engine/jdbc/internal/Formatter done
Event: 9.080 loading class org/hibernate/engine/jdbc/internal/BasicFormatterImpl
Event: 9.080 loading class org/hibernate/engine/jdbc/internal/BasicFormatterImpl done
Event: 9.081 loading class org/hibernate/engine/jdbc/internal/DDLFormatterImpl
Event: 9.081 loading class org/hibernate/engine/jdbc/internal/DDLFormatterImpl done
Event: 9.081 loading class org/hibernate/engine/jdbc/internal/FormatStyle$NoFormatImpl
Event: 9.081 loading class org/hibernate/engine/jdbc/internal/FormatStyle$NoFormatImpl done


Dynamic libraries:
00400000-00401000 r-xp 00000000 08:03 5260258                            /usr/lib/jvm/java-8-oracle/bin/java
00600000-00601000 rw-p 00000000 08:03 5260258                            /usr/lib/jvm/java-8-oracle/bin/java
011eb000-0120c000 rw-p 00000000 00:00 0                                  [heap]
6c0000000-6eca80000 rw-p 00000000 00:00 0 
6eca80000-76ab00000 ---p 00000000 00:00 0 
76ab00000-787280000 rw-p 00000000 00:00 0 
787280000-7c0000000 ---p 00000000 00:00 0 
7c0000000-7c0600000 rw-p 00000000 00:00 0 
7c0600000-800000000 ---p 00000000 00:00 0 
7f7f10000000-7f7f10021000 rw-p 00000000 00:00 0 
7f7f10021000-7f7f14000000 ---p 00000000 00:00 0 
7f7f18000000-7f7f18021000 rw-p 00000000 00:00 0 
7f7f18021000-7f7f1c000000 ---p 00000000 00:00 0 
7f7f1c000000-7f7f1c021000 rw-p 00000000 00:00 0 
7f7f1c021000-7f7f20000000 ---p 00000000 00:00 0 
7f7f20000000-7f7f20021000 rw-p 00000000 00:00 0 
7f7f20021000-7f7f24000000 ---p 00000000 00:00 0 
7f7f24000000-7f7f24021000 rw-p 00000000 00:00 0 
7f7f24021000-7f7f28000000 ---p 00000000 00:00 0 
7f7f28000000-7f7f28021000 rw-p 00000000 00:00 0 
7f7f28021000-7f7f2c000000 ---p 00000000 00:00 0 
7f7f2c000000-7f7f2c021000 rw-p 00000000 00:00 0 
7f7f2c021000-7f7f30000000 ---p 00000000 00:00 0 
7f7f30000000-7f7f3006c000 rw-p 00000000 00:00 0 
7f7f3006c000-7f7f34000000 ---p 00000000 00:00 0 
7f7f34000000-7f7f34021000 rw-p 00000000 00:00 0 
7f7f34021000-7f7f38000000 ---p 00000000 00:00 0 
7f7f38000000-7f7f3827c000 rw-p 00000000 00:00 0 
7f7f3827c000-7f7f3c000000 ---p 00000000 00:00 0 
7f7f3d5c0000-7f7f3d5c3000 ---p 00000000 00:00 0 
7f7f3d5c3000-7f7f3d6c1000 rw-p 00000000 00:00 0                          [stack:6550]
7f7f3d6c1000-7f7f3d6c4000 ---p 00000000 00:00 0 
7f7f3d6c4000-7f7f3d7c2000 rw-p 00000000 00:00 0                          [stack:6549]
7f7f3d7c2000-7f7f3d7c5000 ---p 00000000 00:00 0 
7f7f3d7c5000-7f7f3d8c3000 rw-p 00000000 00:00 0                          [stack:6548]
7f7f3d8c3000-7f7f3d8c6000 ---p 00000000 00:00 0 
7f7f3d8c6000-7f7f3d9c4000 rw-p 00000000 00:00 0                          [stack:6547]
7f7f3d9c4000-7f7f3d9c7000 ---p 00000000 00:00 0 
7f7f3d9c7000-7f7f3db85000 rw-p 00000000 00:00 0                          [stack:6546]
7f7f3db85000-7f7f3dcc5000 ---p 00000000 00:00 0 
7f7f3dcc5000-7f7f3dec5000 rw-p 00000000 00:00 0 
7f7f3dec5000-7f7f3e0c5000 rw-p 00000000 00:00 0 
7f7f3e0c5000-7f7f3e2c5000 rw-p 00000000 00:00 0 
7f7f3e2c5000-7f7f3e349000 r-xp 00000000 08:03 5917288                    /tmp/sqlite-3.7.2-libsqlitejdbc.so
7f7f3e349000-7f7f3e549000 ---p 00084000 08:03 5917288                    /tmp/sqlite-3.7.2-libsqlitejdbc.so
7f7f3e549000-7f7f3e54a000 r--p 00084000 08:03 5917288                    /tmp/sqlite-3.7.2-libsqlitejdbc.so
7f7f3e54a000-7f7f3e54d000 rw-p 00085000 08:03 5917288                    /tmp/sqlite-3.7.2-libsqlitejdbc.so
7f7f3e54d000-7f7f3e550000 ---p 00000000 00:00 0 
7f7f3e550000-7f7f3e84e000 rw-p 00000000 00:00 0                          [stack:6545]
7f7f3e84e000-7f7f3ea4e000 rw-p 00000000 00:00 0 
7f7f3ea4e000-7f7f3ea51000 ---p 00000000 00:00 0 
7f7f3ea51000-7f7f3eb4f000 rw-p 00000000 00:00 0                          [stack:6543]
7f7f3eb4f000-7f7f3eb52000 ---p 00000000 00:00 0 
7f7f3eb52000-7f7f3ee50000 rw-p 00000000 00:00 0                          [stack:6542]
7f7f3ee50000-7f7f3ee53000 ---p 00000000 00:00 0 
7f7f3ee53000-7f7f3f151000 rw-p 00000000 00:00 0                          [stack:6541]
7f7f3f151000-7f7f3f351000 rw-p 00000000 00:00 0 
7f7f3f351000-7f7f3f551000 rw-p 00000000 00:00 0 
7f7f3f551000-7f7f3f5e6000 r--s 01109000 08:03 5004536                    /usr/lib/jvm/java-8-oracle/jre/lib/ext/jfxrt.jar
7f7f3f5e6000-7f7f3f7e6000 rw-p 00000000 00:00 0 
7f7f3f7e6000-7f7f3f7f7000 r-xp 00000000 08:03 1192784                    /usr/lib/jvm/java-8-oracle/jre/lib/amd64/libnio.so
7f7f3f7f7000-7f7f3f9f6000 ---p 00011000 08:03 1192784                    /usr/lib/jvm/java-8-oracle/jre/lib/amd64/libnio.so
7f7f3f9f6000-7f7f3f9f7000 rw-p 00010000 08:03 1192784                    /usr/lib/jvm/java-8-oracle/jre/lib/amd64/libnio.so
7f7f3f9f7000-7f7f3fbf7000 rw-p 00000000 00:00 0 
7f7f3fbf7000-7f7f3fdf7000 rw-p 00000000 00:00 0 
7f7f3fdf7000-7f7f3fe00000 r-xp 00000000 08:03 1192768                    /usr/lib/jvm/java-8-oracle/jre/lib/amd64/libmanagement.so
7f7f3fe00000-7f7f3ffff000 ---p 00009000 08:03 1192768                    /usr/lib/jvm/java-8-oracle/jre/lib/amd64/libmanagement.so
7f7f3ffff000-7f7f40000000 rw-p 00008000 08:03 1192768                    /usr/lib/jvm/java-8-oracle/jre/lib/amd64/libmanagement.so
7f7f40000000-7f7f40021000 rw-p 00000000 00:00 0 
7f7f40021000-7f7f44000000 ---p 00000000 00:00 0 
7f7f44000000-7f7f44021000 rw-p 00000000 00:00 0 
7f7f44021000-7f7f48000000 ---p 00000000 00:00 0 
7f7f48000000-7f7f48f58000 rw-p 00000000 00:00 0 
7f7f48f58000-7f7f4c000000 ---p 00000000 00:00 0 
7f7f4c000000-7f7f4c021000 rw-p 00000000 00:00 0 
7f7f4c021000-7f7f50000000 ---p 00000000 00:00 0 
7f7f50000000-7f7f5163f000 rw-p 00000000 00:00 0 
7f7f5163f000-7f7f54000000 ---p 00000000 00:00 0 
7f7f54000000-7f7f55969000 rw-p 00000000 00:00 0 
7f7f55969000-7f7f58000000 ---p 00000000 00:00 0 
7f7f58000000-7f7f58021000 rw-p 00000000 00:00 0 
7f7f58021000-7f7f5c000000 ---p 00000000 00:00 0 
7f7f5c000000-7f7f5c021000 rw-p 00000000 00:00 0 
7f7f5c021000-7f7f60000000 ---p 00000000 00:00 0 
7f7f60000000-7f7f60021000 rw-p 00000000 00:00 0 
7f7f60021000-7f7f64000000 ---p 00000000 00:00 0 
7f7f64000000-7f7f64021000 rw-p 00000000 00:00 0 
7f7f64021000-7f7f68000000 ---p 00000000 00:00 0 
7f7f68000000-7f7f68021000 rw-p 00000000 00:00 0 
7f7f68021000-7f7f6c000000 ---p 00000000 00:00 0 
7f7f6c000000-7f7f6c021000 rw-p 00000000 00:00 0 
7f7f6c021000-7f7f70000000 ---p 00000000 00:00 0 
7f7f70000000-7f7f70021000 rw-p 00000000 00:00 0 
7f7f70021000-7f7f74000000 ---p 00000000 00:00 0 
7f7f74000000-7f7f74028000 rw-p 00000000 00:00 0 
7f7f74028000-7f7f78000000 ---p 00000000 00:00 0 
7f7f78026000-7f7f78027000 rw-p 00000000 00:00 0 
7f7f78027000-7f7f7803a000 r--s 00345000 08:03 1192818                    /usr/lib/jvm/java-8-oracle/jre/lib/resources.jar
7f7f7803a000-7f7f7803f000 r--s 002f9000 08:03 1192722                    /usr/lib/jvm/java-8-oracle/jre/lib/charsets.jar
7f7f7803f000-7f7f78042000 ---p 00000000 00:00 0 
7f7f78042000-7f7f78340000 rw-p 00000000 00:00 0                          [stack:6540]
7f7f78340000-7f7f78540000 rw-p 00000000 00:00 0 
7f7f78540000-7f7f78740000 rw-p 00000000 00:00 0 
7f7f78740000-7f7f78744000 r--s 0009a000 08:03 1192726                    /usr/lib/jvm/java-8-oracle/jre/lib/jsse.jar
7f7f78744000-7f7f78747000 ---p 00000000 00:00 0 
7f7f78747000-7f7f78845000 rw-p 00000000 00:00 0                          [stack:6537]
7f7f78845000-7f7f7885b000 r-xp 00000000 08:03 1192796                    /usr/lib/jvm/java-8-oracle/jre/lib/amd64/libnet.so
7f7f7885b000-7f7f78a5b000 ---p 00016000 08:03 1192796                    /usr/lib/jvm/java-8-oracle/jre/lib/amd64/libnet.so
7f7f78a5b000-7f7f78a5c000 rw-p 00016000 08:03 1192796                    /usr/lib/jvm/java-8-oracle/jre/lib/amd64/libnet.so
7f7f78a5c000-7f7f78a5d000 r--s 0000c000 08:03 5916924                    /home/sharmila/.gradle/caches/modules-2/files-2.1/org.ow2.asm/asm/5.0.3/dcc2193db20e19e1feca8b1240dbbc4e190824fa/asm-5.0.3.jar
7f7f78a5d000-7f7f78a67000 r--s 00069000 08:03 5923589                    /home/sharmila/.gradle/caches/modules-2/files-2.1/ch.qos.logback/logback-core/1.1.8/b4d1c3dea91727faf8b3d19cf4b9b972d6c0b89/logback-core-1.1.8.jar
7f7f78a67000-7f7f78a69000 r--s 00012000 08:03 5916922                    /home/sharmila/.gradle/caches/modules-2/files-2.1/net.minidev/accessors-smart/1.1/a527213f2fea112a04c9bdf0ec0264e34104cd08/accessors-smart-1.1.jar
7f7f78a69000-7f7f78a6b000 r--s 00009000 08:03 5923902                    /home/sharmila/.gradle/caches/modules-2/files-2.1/org.apache.tomcat/tomcat-juli/8.5.6/83d2d1e3362ecca504f3bf8ed1bc4cc451754d24/tomcat-juli-8.5.6.jar
7f7f78a6b000-7f7f78a74000 r--s 0002d000 08:03 5923903                    /home/sharmila/.gradle/caches/modules-2/files-2.1/xml-apis/xml-apis/1.4.01/3789d9fada2d3d458c4ba2de349d48780f381ee3/xml-apis-1.4.01.jar
7f7f78a74000-7f7f78a76000 r--s 00004000 08:03 5923588                    /home/sharmila/.gradle/caches/modules-2/files-2.1/org.slf4j/log4j-over-slf4j/1.7.22/a527c37e9ca6c3d19ba298edd4aa344ca751a203/log4j-over-slf4j-1.7.22.jar
7f7f78a76000-7f7f78a78000 r--s 00000000 08:03 5923587                    /home/sharmila/.gradle/caches/modules-2/files-2.1/org.slf4j/jul-to-slf4j/1.7.22/b0429e950b3d2bc2c39c1bacafac753edbe3781c/jul-to-slf4j-1.7.22.jar
7f7f78a78000-7f7f78a7e000 r--s 00045000 08:03 5923585                    /home/sharmila/.gradle/caches/modules-2/files-2.1/ch.qos.logback/logback-classic/1.1.8/e54f49a227611976642f81cf2106b81c1ece8bf5/logback-classic-1.1.8.jar
7f7f78a7e000-7f7f78a7f000 r--s 0000f000 08:03 5916909                    /home/sharmila/.gradle/caches/modules-2/files-2.1/org.json/json/20140107/d1ffca6e2482b002702c6a576166fd685e3370e3/json-20140107.jar
7f7f78a7f000-7f7f78a81000 r--s 00009000 08:03 5916921                    /home/sharmila/.gradle/caches/modules-2/files-2.1/org.objenesis/objenesis/2.1/87c0ea803b69252868d09308b4618f766f135a96/objenesis-2.1.jar
7f7f78a81000-7f7f78a84000 r--s 0001b000 08:03 5916920                    /home/sharmila/.gradle/caches/modules-2/files-2.1/net.minidev/json-smart/2.2.1/5b9e5df7a62d1279b70dc882b041d249c4f0b002/json-smart-2.2.1.jar
7f7f78a84000-7f7f78a86000 r--s 00003000 08:03 5923586                    /home/sharmila/.gradle/caches/modules-2/files-2.1/org.slf4j/jcl-over-slf4j/1.7.22/86ceac14535af5a42c8fb0d06d79b925dd3cb263/jcl-over-slf4j-1.7.22.jar
7f7f78a86000-7f7f78a88000 r--s 00009000 08:03 5923584                    /home/sharmila/.gradle/caches/modules-2/files-2.1/org.slf4j/slf4j-api/1.7.22/a1c83373863cec7ae8d89dc1c5722d8cb6ec0309/slf4j-api-1.7.22.jar
7f7f78a88000-7f7f78a90000 r--s 0003a000 08:03 5923901                    /home/sharmila/.gradle/caches/modules-2/files-2.1/org.springframework/spring-tx/4.3.5.RELEASE/296d8ae21fadc0f115dae7d1e8d5c4f8c7de2c3e/spring-tx-4.3.5.RELEASE.jar
7f7f78a90000-7f7f78a9a000 r--s 0006b000 08:03 5923900                    /home/sharmila/.gradle/caches/modules-2/files-2.1/org.springframework/spring-orm/4.3.5.RELEASE/64c29d310b69bcc6e1fd5a738fa3629bdedb2d3f/spring-orm-4.3.5.RELEASE.jar
7f7f78a9a000-7f7f78aaa000 r--s 0009a000 08:03 5923899                    /home/sharmila/.gradle/caches/modules-2/files-2.1/org.springframework.data/spring-data-commons/1.12.6.RELEASE/b6403dcfce33e89613f364d80d653d7540279c47/spring-data-commons-1.12.6.RELEASE.jar
7f7f78aaa000-7f7f78ab4000 r--s 0005f000 08:03 5923898                    /home/sharmila/.gradle/caches/modules-2/files-2.1/org.springframework/spring-jdbc/4.3.5.RELEASE/7c09e38b6f6e0b178973dea06bb8fdc6d19aa596/spring-jdbc-4.3.5.RELEASE.jar
7f7f78ab4000-7f7f78ab7000 r--s 00020000 08:03 5923897                    /home/sharmila/.gradle/caches/modules-2/files-2.1/org.apache.tomcat/tomcat-jdbc/8.5.6/feb10a9e22f70565c7556f327b0481dba8587bbc/tomcat-jdbc-8.5.6.jar
7f7f78ab7000-7f7f78ad0000 r--s 001af000 08:03 5923896                    /home/sharmila/.gradle/caches/modules-2/files-2.1/org.aspectj/aspectjweaver/1.8.9/db28774f477f07220eac18d5ec9c4e01f48589d7/aspectjweaver-1.8.9.jar
7f7f78ad0000-7f7f78ad3000 r--s 00010000 08:03 5923833                    /home/sharmila/.gradle/caches/modules-2/files-2.1/org.hibernate.common/hibernate-commons-annotations/5.0.1.Final/71e1cff3fcb20d3b3af4f3363c3ddb24d33c6879/hibernate-commons-annotations-5.0.1.Final.jar
7f7f78ad3000-7f7f78ad8000 r--s 00048000 08:03 5923832                    /home/sharmila/.gradle/caches/modules-2/files-2.1/dom4j/dom4j/1.6.1/5d3ccc056b6f056dbf0dddfdf43894b9065a8f94/dom4j-1.6.1.jar
7f7f78ad8000-7f7f78adb000 r--s 0002b000 08:03 5923433                    /home/sharmila/.gradle/caches/modules-2/files-2.1/org.jboss/jandex/2.0.0.Final/3e899258936f94649c777193e1be846387ed54b3/jandex-2.0.0.Final.jar
7f7f78adb000-7f7f78adc000 r--s 00003000 08:03 5923830                    /home/sharmila/.gradle/caches/modules-2/files-2.1/org.apache.geronimo.specs/geronimo-jta_1.1_spec/1.1.1/aabab3165b8ea936b9360abbf448459c0d04a5a4/geronimo-jta_1.1_spec-1.1.1.jar
7f7f78adc000-7f7f78ae1000 r--s 00068000 08:03 5923829                    /home/sharmila/.gradle/caches/modules-2/files-2.1/antlr/antlr/2.7.7/83cd2cd674a217ade95a4bb83a8a14f351f48bd0/antlr-2.7.7.jar
7f7f78ae1000-7f7f78ae6000 r--s 0003c000 08:03 5923583                    /home/sharmila/.gradle/caches/modules-2/files-2.1/org.springframework/spring-expression/4.3.5.RELEASE/3689dc6c5b942ecde4122eac889ed87977d6f287/spring-expression-4.3.5.RELEASE.jar
7f7f78ae6000-7f7f78b00000 r--s 000fc000 08:03 5923582                    /home/sharmila/.gradle/caches/modules-2/files-2.1/org.springframework/spring-context/4.3.5.RELEASE/ca3391c0e17d0138335ba51b51371661d20d56a8/spring-context-4.3.5.RELEASE.jar
7f7f78b00000-7f7f78b0d000 r--s 000ad000 08:03 5923581                    /home/sharmila/.gradle/caches/modules-2/files-2.1/org.springframework/spring-beans/4.3.5.RELEASE/e12bbc3277da28e2e2608a187f83091dc6c300bf/spring-beans-4.3.5.RELEASE.jar
7f7f78b0d000-7f7f78b16000 r--s 00054000 08:03 5923580                    /home/sharmila/.gradle/caches/modules-2/files-2.1/org.springframework/spring-aop/4.3.5.RELEASE/4f113218af716bd8d174c411f19b26418b5a70f6/spring-aop-4.3.5.RELEASE.jar
7f7f78b16000-7f7f78b1a000 r--s 00041000 08:03 5923579                    /home/sharmila/.gradle/caches/modules-2/files-2.1/com.fasterxml.jackson.core/jackson-core/2.8.5/60d059f5d2930ccd1ef03535b713fd9f933d1ba7/jackson-core-2.8.5.jar
7f7f78b1a000-7f7f78b1d000 r--s 0000b000 08:03 5923578                    /home/sharmila/.gradle/caches/modules-2/files-2.1/com.fasterxml.jackson.core/jackson-annotations/2.8.5/9d82ff47bc2c2d3b5b6a6618fe636782bbcd5b07/jackson-annotations-2.8.5.jar
7f7f78b1d000-7f7f78b1f000 r--s 0000e000 08:03 5917543                    /home/sharmila/.gradle/caches/modules-2/files-2.1/com.fasterxml/classmate/1.3.3/864c8e370a691e343210cc7c532fc198cee460d8/classmate-1.3.3.jar
7f7f78b1f000-7f7f78b23000 r--s 0000c000 08:03 5916766                    /home/sharmila/.gradle/caches/modules-2/files-2.1/javax.validation/validation-api/1.1.0.Final/8613ae82954779d518631e05daa73a6a954817d5/validation-api-1.1.0.Final.jar
7f7f78b23000-7f7f78b28000 r--s 00036000 08:03 5917542                    /home/sharmila/.gradle/caches/modules-2/files-2.1/org.apache.tomcat.embed/tomcat-embed-websocket/8.5.6/6f6940a216b380ea8506530c374fcfeef820ba54/tomcat-embed-websocket-8.5.6.jar
7f7f78b28000-7f7f78b29000 r--s 00000000 08:03 5923577                    /home/sharmila/.gradle/caches/modules-2/files-2.1/org.springframework.boot/spring-boot-starter-logging/1.4.3.RELEASE/1c58783c0694abf695babfd39829922d2d501ec2/spring-boot-starter-logging-1.4.3.RELEASE.jar
7f7f78b29000-7f7f78b47000 r--s 000d0000 08:03 5923576                    /home/sharmila/.gradle/caches/modules-2/files-2.1/org.springframework.boot/spring-boot-autoconfigure/1.4.3.RELEASE/41df1bfbdd4ae4e8499ebe1a4bc613bda316d6e1/spring-boot-autoconfigure-1.4.3.RELEASE.jar
7f7f78b47000-7f7f78b57000 r--s 00092000 08:03 5923575                    /home/sharmila/.gradle/caches/modules-2/files-2.1/org.springframework.boot/spring-boot/1.4.3.RELEASE/17f94def4460075afdfba6bf8f897cd1fc95bf77/spring-boot-1.4.3.RELEASE.jar
7f7f78b57000-7f7f78b66000 r--s 00084000 08:03 5923574                    /home/sharmila/.gradle/caches/modules-2/files-2.1/org.springframework/spring-test/4.3.5.RELEASE/a1965127e07b469d8e5bb3d2b0ff850423b66be4/spring-test-4.3.5.RELEASE.jar
7f7f78b66000-7f7f78b7c000 r--s 000fa000 08:03 5923530                    /home/sharmila/.gradle/caches/modules-2/files-2.1/org.springframework/spring-core/4.3.5.RELEASE/80299e3f80e8c6d5c076db2ba6adf44a4b52f578/spring-core-4.3.5.RELEASE.jar
7f7f78b7c000-7f7f78b7d000 r--s 00006000 08:03 5916915                    /home/sharmila/.gradle/caches/modules-2/files-2.1/org.skyscreamer/jsonassert/1.3.0/d5c250eb122496866de36dc84f98e2945845ecdd/jsonassert-1.3.0.jar
7f7f78b7d000-7f7f78b7f000 r--s 00009000 08:03 5913472                    /home/sharmila/.gradle/caches/modules-2/files-2.1/org.hamcrest/hamcrest-core/1.3/42a25dc3219429f0e5d060061f71acb49bf010a0/hamcrest-core-1.3.jar
7f7f78b7f000-7f7f78b9b000 r--s 00103000 08:03 5916914                    /home/sharmila/.gradle/caches/modules-2/files-2.1/org.mockito/mockito-core/1.10.19/e8546f5bef4e061d8dd73895b4e8f40e3fe6effe/mockito-core-1.10.19.jar
7f7f78b9b000-7f7f78bae000 r--s 000d2000 08:03 5916913                    /home/sharmila/.gradle/caches/modules-2/files-2.1/org.assertj/assertj-core/2.5.0/fcd21db4c5f33e5dcac69bf1816415fe0647582f/assertj-core-2.5.0.jar
7f7f78bae000-7f7f78bb3000 r--s 0002e000 08:03 5916911                    /home/sharmila/.gradle/caches/modules-2/files-2.1/com.jayway.jsonpath/json-path/2.2.0/22290d17944bd239fabf5ac69005a60a7ecbbbcb/json-path-2.2.0.jar
7f7f78bb3000-7f7f78bb8000 r--s 00017000 08:03 5923573                    /home/sharmila/.gradle/caches/modules-2/files-2.1/org.springframework.boot/spring-boot-test-autoconfigure/1.4.3.RELEASE/1a7587605e981a58104a501ab1896e2eb7a76686/spring-boot-test-autoconfigure-1.4.3.RELEASE.jar
7f7f78bb8000-7f7f78bbd000 r--s 00021000 08:03 5923572                    /home/sharmila/.gradle/caches/modules-2/files-2.1/org.springframework.boot/spring-boot-test/1.4.3.RELEASE/2d76638f0f13b33859bf3b927c232ff0f8a4ffbf/spring-boot-test-1.4.3.RELEASE.jar
7f7f78bbd000-7f7f78bc3000 r--s 0003d000 08:03 5916762                    /home/sharmila/.gradle/caches/modules-2/files-2.1/org.yaml/snakeyaml/1.17/7a27ea250c5130b2922b86dea63cbb1cc10a660c/snakeyaml-1.17.jar
7f7f78bc3000-7f7f78bc5000 r--s 00006000 08:03 5923638                    /home/sharmila/.gradle/caches/modules-2/files-2.1/com.beust/jcommander/1.12/7409692b48022f9eca7445861defbcdb9ee3c2a8/jcommander-1.12.jar
7f7f78bc5000-7f7f78bca000 r--s 00040000 08:03 5923637                    /home/sharmila/.gradle/caches/modules-2/files-2.1/org.beanshell/bsh/2.0b4/a05f0a0feefa8d8467ac80e16e7de071489f0d9c/bsh-2.0b4.jar
7f7f78bca000-7f7f78bd2000 r--s 00045000 08:03 5913471                    /home/sharmila/.gradle/caches/modules-2/files-2.1/junit/junit/4.12/2973d150c0dc1fefe998f834810d68f278ea58ec/junit-4.12.jar
7f7f78bd2000-7f7f78bd5000 r--s 0000c000 08:03 5923895                    /home/sharmila/.gradle/caches/modules-2/files-2.1/org.springframework/spring-aspects/4.3.5.RELEASE/8c00c15865a1da0a1ba143a50622a8436a56e097/spring-aspects-4.3.5.RELEASE.jar
7f7f78bd5000-7f7f78bdb000 r--s 0003f000 08:03 5923894                    /home/sharmila/.gradle/caches/modules-2/files-2.1/org.springframework.data/spring-data-jpa/1.10.6.RELEASE/5d478860b24a493845248c1c336c33a657567bd3/spring-data-jpa-1.10.6.RELEASE.jar
7f7f78bdb000-7f7f78bdd000 r--s 00006000 08:03 5923893                    /home/sharmila/.gradle/caches/modules-2/files-2.1/javax.transaction/javax.transaction-api/1.2/d81aff979d603edd90dcd8db2abc1f4ce6479e3e/javax.transaction-api-1.2.jar
7f7f78bdd000-7f7f78bea000 r--s 00089000 08:03 5923892                    /home/sharmila/.gradle/caches/modules-2/files-2.1/org.hibernate/hibernate-entitymanager/5.0.11.Final/549565caed4e0bcb816843693e66ff7b04ce025f/hibernate-entitymanager-5.0.11.Final.jar
7f7f78bea000-7f7f78bf4000 r--s 000ae000 08:03 5916958                    /home/sharmila/.gradle/caches/modules-2/files-2.1/org.javassist/javassist/3.20.0-GA/a9cbcdfb7e9f86fbc74d3afae65f2248bfbf82a0/javassist-3.20.0-GA.jar
7f7f78bf4000-7f7f78c5d000 r--s 004f3000 08:03 5923432                    /home/sharmila/.gradle/caches/modules-2/files-2.1/org.hibernate/hibernate-core/5.0.11.Final/c2487fb72a2217a7cec9ab478d4c21a36fc09977/hibernate-core-5.0.11.Final.jar
7f7f78c5d000-7f7f78c70000 r--s 00236000 08:03 5916949                    /home/sharmila/.gradle/caches/modules-2/files-2.1/org.eclipse.jdt.core.compiler/ecj/4.5.1/bee1367ac12fb6a20b422ff8711ebeb4f0a42316/ecj-4.5.1.jar
7f7f78c70000-7f7f78c99000 r--s 002b2000 08:03 5917540                    /home/sharmila/.gradle/caches/modules-2/files-2.1/org.apache.tomcat.embed/tomcat-embed-core/8.5.6/960834b5abc6b2135250487abf6c060a0fa5a22e/tomcat-embed-core-8.5.6.jar
7f7f78c99000-7f7f78caa000 r--s 000cf000 08:03 5923571                    /home/sharmila/.gradle/caches/modules-2/files-2.1/org.springframework/spring-webmvc/4.3.5.RELEASE/c624659217edab07d8279fb0f90462136f089220/spring-webmvc-4.3.5.RELEASE.jar
7f7f78caa000-7f7f78cbc000 r--s 000b6000 08:03 5923570                    /home/sharmila/.gradle/caches/modules-2/files-2.1/org.springframework/spring-web/4.3.5.RELEASE/6641daccf2fddafc8358144f3a4f999130fdf144/spring-web-4.3.5.RELEASE.jar
7f7f78cbc000-7f7f78ccd000 r--s 0011d000 08:03 5923569                    /home/sharmila/.gradle/caches/modules-2/files-2.1/com.fasterxml.jackson.core/jackson-databind/2.8.5/b3035f37e674c04dafe36a660c3815cc59f764e2/jackson-databind-2.8.5.jar
7f7f78ccd000-7f7f78cdd000 r--s 0009c000 08:03 5916756                    /home/sharmila/.gradle/caches/modules-2/files-2.1/org.hibernate/hibernate-validator/5.2.4.Final/fb18766b576aa6632bcfe9a20a023cbd52bf9769/hibernate-validator-5.2.4.Final.jar
7f7f78cdd000-7f7f78cde000 ---p 00000000 00:00 0 
7f7f78cde000-7f7f78dde000 rw-p 00000000 00:00 0                          [stack:6535]
7f7f78dde000-7f7f78de1000 ---p 00000000 00:00 0 
7f7f78de1000-7f7f78edf000 rw-p 00000000 00:00 0                          [stack:6534]
7f7f78edf000-7f7f78ee2000 ---p 00000000 00:00 0 
7f7f78ee2000-7f7f78fe0000 rw-p 00000000 00:00 0                          [stack:6533]
7f7f78fe0000-7f7f78fe3000 ---p 00000000 00:00 0 
7f7f78fe3000-7f7f790e1000 rw-p 00000000 00:00 0                          [stack:6532]
7f7f790e1000-7f7f790e4000 ---p 00000000 00:00 0 
7f7f790e4000-7f7f791e2000 rw-p 00000000 00:00 0                          [stack:6531]
7f7f791e2000-7f7f791e5000 ---p 00000000 00:00 0 
7f7f791e5000-7f7f792e3000 rw-p 00000000 00:00 0                          [stack:6530]
7f7f792e3000-7f7f799c6000 r--p 00000000 08:03 3152909                    /usr/lib/locale/locale-archive
7f7f799c6000-7f7f799c9000 ---p 00000000 00:00 0 
7f7f799c9000-7f7f79ac7000 rw-p 00000000 00:00 0                          [stack:6529]
7f7f79ac7000-7f7f79aca000 ---p 00000000 00:00 0 
7f7f79aca000-7f7f79bc8000 rw-p 00000000 00:00 0                          [stack:6528]
7f7f79bc8000-7f7f79bc9000 ---p 00000000 00:00 0 
7f7f79bc9000-7f7f7accc000 rw-p 00000000 00:00 0                          [stack:6527]
7f7f7accc000-7f7f7aea5000 r--s 03d3e000 08:03 1192730                    /usr/lib/jvm/java-8-oracle/jre/lib/rt.jar
7f7f7aea5000-7f7f83ea5000 rw-p 00000000 00:00 0 
7f7f83ea5000-7f7f83ea6000 ---p 00000000 00:00 0 
7f7f83ea6000-7f7f83fa6000 rw-p 00000000 00:00 0                          [stack:6526]
7f7f83fa6000-7f7f83fa7000 ---p 00000000 00:00 0 
7f7f83fa7000-7f7f840a7000 rw-p 00000000 00:00 0                          [stack:6525]
7f7f840a7000-7f7f840a8000 ---p 00000000 00:00 0 
7f7f840a8000-7f7f841a8000 rw-p 00000000 00:00 0                          [stack:6524]
7f7f841a8000-7f7f841a9000 ---p 00000000 00:00 0 
7f7f841a9000-7f7f8440f000 rw-p 00000000 00:00 0                          [stack:6523]
7f7f8440f000-7f7f847ff000 ---p 00000000 00:00 0 
7f7f847ff000-7f7f84965000 rw-p 00000000 00:00 0 
7f7f84965000-7f7f84d54000 ---p 00000000 00:00 0 
7f7f84d54000-7f7f84e39000 rw-p 00000000 00:00 0 
7f7f84e39000-7f7f84fff000 ---p 00000000 00:00 0 
7f7f84fff000-7f7f85000000 rw-p 00000000 00:00 0 
7f7f85000000-7f7f85b70000 rwxp 00000000 00:00 0 
7f7f85b70000-7f7f94000000 ---p 00000000 00:00 0 
7f7f94000000-7f7f95df5000 rw-p 00000000 00:00 0 
7f7f95df5000-7f7f98000000 ---p 00000000 00:00 0 
7f7f98000000-7f7f98001000 r--s 0000c000 08:03 5916912                    /home/sharmila/.gradle/caches/modules-2/files-2.1/org.hamcrest/hamcrest-library/1.3/4785a3c21320980282f9f33d0d1264a69040538f/hamcrest-library-1.3.jar
7f7f98001000-7f7f98002000 r--s 00000000 08:03 5923891                    /home/sharmila/.gradle/caches/modules-2/files-2.1/org.springframework.boot/spring-boot-starter-jdbc/1.4.3.RELEASE/7ce66cf27ea731189248be7af2ab84ba189e1151/spring-boot-starter-jdbc-1.4.3.RELEASE.jar
7f7f98002000-7f7f98003000 r--s 00000000 08:03 5923890                    /home/sharmila/.gradle/caches/modules-2/files-2.1/org.springframework.boot/spring-boot-starter-aop/1.4.3.RELEASE/30b11b6455bed446d3b4a1a49fab529b2cfac454/spring-boot-starter-aop-1.4.3.RELEASE.jar
7f7f98003000-7f7f98008000 r--s 00017000 08:03 5923828                    /home/sharmila/.gradle/caches/modules-2/files-2.1/org.hibernate.javax.persistence/hibernate-jpa-2.1-api/1.0.0.Final/5e731d961297e5a07290bfaf3db1fbc8bbbf405a/hibernate-jpa-2.1-api-1.0.0.Final.jar
7f7f98008000-7f7f9800a000 r--s 0000f000 08:03 5916917                    /home/sharmila/.gradle/caches/modules-2/files-2.1/org.jboss.logging/jboss-logging/3.3.0.Final/3616bb87707910296e2c195dc016287080bba5af/jboss-logging-3.3.0.Final.jar
7f7f9800a000-7f7f9800f000 r--s 00036000 08:03 5917541                    /home/sharmila/.gradle/caches/modules-2/files-2.1/org.apache.tomcat.embed/tomcat-embed-el/8.5.6/a102298d8dc72f4065533d5962953d753b172602/tomcat-embed-el-8.5.6.jar
7f7f9800f000-7f7f98010000 r--s 00000000 08:03 5923568                    /home/sharmila/.gradle/caches/modules-2/files-2.1/org.springframework.boot/spring-boot-starter-tomcat/1.4.3.RELEASE/61c48035a7a3b06b42fdd07b7109e562077b3792/spring-boot-starter-tomcat-1.4.3.RELEASE.jar
7f7f98010000-7f7f9801c000 r--s 000a4000 08:03 5923636                    /home/sharmila/.gradle/caches/modules-2/files-2.1/org.testng/testng/6.5.2/5069d2e72356ed87645c5fc3622b0bbb5e0667c9/testng-6.5.2.jar
7f7f9801c000-7f7f980c0000 rw-p 00000000 00:00 0 
7f7f980c0000-7f7f98452000 ---p 00000000 00:00 0 
7f7f98452000-7f7f9846c000 r-xp 00000000 08:03 1192782                    /usr/lib/jvm/java-8-oracle/jre/lib/amd64/libzip.so
7f7f9846c000-7f7f9866c000 ---p 0001a000 08:03 1192782                    /usr/lib/jvm/java-8-oracle/jre/lib/amd64/libzip.so
7f7f9866c000-7f7f9866d000 rw-p 0001a000 08:03 1192782                    /usr/lib/jvm/java-8-oracle/jre/lib/amd64/libzip.so
7f7f9866d000-7f7f98677000 r-xp 00000000 08:03 4070135                    /lib/x86_64-linux-gnu/libnss_files-2.19.so
7f7f98677000-7f7f98876000 ---p 0000a000 08:03 4070135                    /lib/x86_64-linux-gnu/libnss_files-2.19.so
7f7f98876000-7f7f98877000 r--p 00009000 08:03 4070135                    /lib/x86_64-linux-gnu/libnss_files-2.19.so
7f7f98877000-7f7f98878000 rw-p 0000a000 08:03 4070135                    /lib/x86_64-linux-gnu/libnss_files-2.19.so
7f7f98878000-7f7f98883000 r-xp 00000000 08:03 4070127                    /lib/x86_64-linux-gnu/libnss_nis-2.19.so
7f7f98883000-7f7f98a82000 ---p 0000b000 08:03 4070127                    /lib/x86_64-linux-gnu/libnss_nis-2.19.so
7f7f98a82000-7f7f98a83000 r--p 0000a000 08:03 4070127                    /lib/x86_64-linux-gnu/libnss_nis-2.19.so
7f7f98a83000-7f7f98a84000 rw-p 0000b000 08:03 4070127                    /lib/x86_64-linux-gnu/libnss_nis-2.19.so
7f7f98a84000-7f7f98a9b000 r-xp 00000000 08:03 4070123                    /lib/x86_64-linux-gnu/libnsl-2.19.so
7f7f98a9b000-7f7f98c9a000 ---p 00017000 08:03 4070123                    /lib/x86_64-linux-gnu/libnsl-2.19.so
7f7f98c9a000-7f7f98c9b000 r--p 00016000 08:03 4070123                    /lib/x86_64-linux-gnu/libnsl-2.19.so
7f7f98c9b000-7f7f98c9c000 rw-p 00017000 08:03 4070123                    /lib/x86_64-linux-gnu/libnsl-2.19.so
7f7f98c9c000-7f7f98c9e000 rw-p 00000000 00:00 0 
7f7f98c9e000-7f7f98ca7000 r-xp 00000000 08:03 4070122                    /lib/x86_64-linux-gnu/libnss_compat-2.19.so
7f7f98ca7000-7f7f98ea6000 ---p 00009000 08:03 4070122                    /lib/x86_64-linux-gnu/libnss_compat-2.19.so
7f7f98ea6000-7f7f98ea7000 r--p 00008000 08:03 4070122                    /lib/x86_64-linux-gnu/libnss_compat-2.19.so
7f7f98ea7000-7f7f98ea8000 rw-p 00009000 08:03 4070122                    /lib/x86_64-linux-gnu/libnss_compat-2.19.so
7f7f98ea8000-7f7f98ed3000 r-xp 00000000 08:03 1192746                    /usr/lib/jvm/java-8-oracle/jre/lib/amd64/libjava.so
7f7f98ed3000-7f7f990d2000 ---p 0002b000 08:03 1192746                    /usr/lib/jvm/java-8-oracle/jre/lib/amd64/libjava.so
7f7f990d2000-7f7f990d4000 rw-p 0002a000 08:03 1192746                    /usr/lib/jvm/java-8-oracle/jre/lib/amd64/libjava.so
7f7f990d4000-7f7f990e1000 r-xp 00000000 08:03 1192763                    /usr/lib/jvm/java-8-oracle/jre/lib/amd64/libverify.so
7f7f990e1000-7f7f992e0000 ---p 0000d000 08:03 1192763                    /usr/lib/jvm/java-8-oracle/jre/lib/amd64/libverify.so
7f7f992e0000-7f7f992e2000 rw-p 0000c000 08:03 1192763                    /usr/lib/jvm/java-8-oracle/jre/lib/amd64/libverify.so
7f7f992e2000-7f7f992e9000 r-xp 00000000 08:03 4070131                    /lib/x86_64-linux-gnu/librt-2.19.so
7f7f992e9000-7f7f994e8000 ---p 00007000 08:03 4070131                    /lib/x86_64-linux-gnu/librt-2.19.so
7f7f994e8000-7f7f994e9000 r--p 00006000 08:03 4070131                    /lib/x86_64-linux-gnu/librt-2.19.so
7f7f994e9000-7f7f994ea000 rw-p 00007000 08:03 4070131                    /lib/x86_64-linux-gnu/librt-2.19.so
7f7f994ea000-7f7f995ef000 r-xp 00000000 08:03 4070117                    /lib/x86_64-linux-gnu/libm-2.19.so
7f7f995ef000-7f7f997ee000 ---p 00105000 08:03 4070117                    /lib/x86_64-linux-gnu/libm-2.19.so
7f7f997ee000-7f7f997ef000 r--p 00104000 08:03 4070117                    /lib/x86_64-linux-gnu/libm-2.19.so
7f7f997ef000-7f7f997f0000 rw-p 00105000 08:03 4070117                    /lib/x86_64-linux-gnu/libm-2.19.so
7f7f997f0000-7f7f9a4be000 r-xp 00000000 08:03 1192803                    /usr/lib/jvm/java-8-oracle/jre/lib/amd64/server/libjvm.so
7f7f9a4be000-7f7f9a6be000 ---p 00cce000 08:03 1192803                    /usr/lib/jvm/java-8-oracle/jre/lib/amd64/server/libjvm.so
7f7f9a6be000-7f7f9a797000 rw-p 00cce000 08:03 1192803                    /usr/lib/jvm/java-8-oracle/jre/lib/amd64/server/libjvm.so
7f7f9a797000-7f7f9a7e2000 rw-p 00000000 00:00 0 
7f7f9a7e2000-7f7f9a99c000 r-xp 00000000 08:03 4070132                    /lib/x86_64-linux-gnu/libc-2.19.so
7f7f9a99c000-7f7f9ab9c000 ---p 001ba000 08:03 4070132                    /lib/x86_64-linux-gnu/libc-2.19.so
7f7f9ab9c000-7f7f9aba0000 r--p 001ba000 08:03 4070132                    /lib/x86_64-linux-gnu/libc-2.19.so
7f7f9aba0000-7f7f9aba2000 rw-p 001be000 08:03 4070132                    /lib/x86_64-linux-gnu/libc-2.19.so
7f7f9aba2000-7f7f9aba7000 rw-p 00000000 00:00 0 
7f7f9aba7000-7f7f9abaa000 r-xp 00000000 08:03 4070119                    /lib/x86_64-linux-gnu/libdl-2.19.so
7f7f9abaa000-7f7f9ada9000 ---p 00003000 08:03 4070119                    /lib/x86_64-linux-gnu/libdl-2.19.so
7f7f9ada9000-7f7f9adaa000 r--p 00002000 08:03 4070119                    /lib/x86_64-linux-gnu/libdl-2.19.so
7f7f9adaa000-7f7f9adab000 rw-p 00003000 08:03 4070119                    /lib/x86_64-linux-gnu/libdl-2.19.so
7f7f9adab000-7f7f9adc0000 r-xp 00000000 08:03 1610979                    /usr/lib/jvm/java-8-oracle/lib/amd64/jli/libjli.so
7f7f9adc0000-7f7f9afc0000 ---p 00015000 08:03 1610979                    /usr/lib/jvm/java-8-oracle/lib/amd64/jli/libjli.so
7f7f9afc0000-7f7f9afc1000 rw-p 00015000 08:03 1610979                    /usr/lib/jvm/java-8-oracle/lib/amd64/jli/libjli.so
7f7f9afc1000-7f7f9afda000 r-xp 00000000 08:03 4070124                    /lib/x86_64-linux-gnu/libpthread-2.19.so
7f7f9afda000-7f7f9b1d9000 ---p 00019000 08:03 4070124                    /lib/x86_64-linux-gnu/libpthread-2.19.so
7f7f9b1d9000-7f7f9b1da000 r--p 00018000 08:03 4070124                    /lib/x86_64-linux-gnu/libpthread-2.19.so
7f7f9b1da000-7f7f9b1db000 rw-p 00019000 08:03 4070124                    /lib/x86_64-linux-gnu/libpthread-2.19.so
7f7f9b1db000-7f7f9b1df000 rw-p 00000000 00:00 0 
7f7f9b1df000-7f7f9b202000 r-xp 00000000 08:03 4070125                    /lib/x86_64-linux-gnu/ld-2.19.so
7f7f9b202000-7f7f9b203000 r--s 00000000 08:03 5923567                    /home/sharmila/.gradle/caches/modules-2/files-2.1/org.springframework.boot/spring-boot-starter/1.4.3.RELEASE/c99bad104719e947b3f9aa2b7569583805e4c5d5/spring-boot-starter-1.4.3.RELEASE.jar
7f7f9b203000-7f7f9b204000 r--s 00000000 08:03 5923566                    /home/sharmila/.gradle/caches/modules-2/files-2.1/org.springframework.boot/spring-boot-starter-test/1.4.3.RELEASE/6e9f1dbd3f68299c0183630ef07ca430de160050/spring-boot-starter-test-1.4.3.RELEASE.jar
7f7f9b204000-7f7f9b205000 r--s 00000000 08:03 5923889                    /home/sharmila/.gradle/caches/modules-2/files-2.1/org.springframework.boot/spring-boot-starter-data-jpa/1.4.3.RELEASE/ffda06c2144d10239014407333c223a237b73ad7/spring-boot-starter-data-jpa-1.4.3.RELEASE.jar
7f7f9b205000-7f7f9b2d8000 rw-p 00000000 00:00 0 
7f7f9b2d8000-7f7f9b2db000 ---p 00000000 00:00 0 
7f7f9b2db000-7f7f9b3dd000 rw-p 00000000 00:00 0                          [stack:6522]
7f7f9b3dd000-7f7f9b3de000 r--s 00003000 08:03 5923431                    /home/sharmila/.gradle/caches/modules-2/files-2.1/org.hibernate/hibernate-gradle-plugin/5.2.3.Final/db2ad8695e48a03a566b74fb5fc07c1732c1f5e5/hibernate-gradle-plugin-5.2.3.Final.jar
7f7f9b3de000-7f7f9b3e3000 r--s 00309000 08:03 5923826                    /home/sharmila/.gradle/caches/modules-2/files-2.1/org.xerial/sqlite-jdbc/3.7.2/7a3d67f00508d3881650579f7f228c61bfc1b196/sqlite-jdbc-3.7.2.jar
7f7f9b3e3000-7f7f9b3ec000 r--s 00095000 08:03 5913393                    /home/sharmila/.gradle/caches/modules-2/files-2.1/org.apache.tomcat.embed/tomcat-embed-jasper/9.0.0.M11/e2cd5a7038094195c3163532e01daf051d9265fe/tomcat-embed-jasper-9.0.0.M11.jar
7f7f9b3ec000-7f7f9b3ed000 r--s 00000000 08:03 5923565                    /home/sharmila/.gradle/caches/modules-2/files-2.1/org.springframework.boot/spring-boot-starter-web/1.4.3.RELEASE/a0dcc919eda8e8ecb6f13f52a30e6afbb8266103/spring-boot-starter-web-1.4.3.RELEASE.jar
7f7f9b3ed000-7f7f9b3f5000 r--s 00046000 08:04 5901011                    /media/sharmila/_home/sts-bundle/sts-3.8.1.RELEASE/plugins/org.testng.eclipse_6.10.0.201612030230/lib/testng-remote.jar
7f7f9b3f5000-7f7f9b3fd000 rw-s 00000000 08:03 5917468                    /tmp/hsperfdata_sharmila/6517
7f7f9b3fd000-7f7f9b3fe000 rw-p 00000000 00:00 0 
7f7f9b3fe000-7f7f9b3ff000 r--p 00000000 00:00 0 
7f7f9b3ff000-7f7f9b401000 rw-p 00000000 00:00 0 
7f7f9b401000-7f7f9b402000 r--p 00022000 08:03 4070125                    /lib/x86_64-linux-gnu/ld-2.19.so
7f7f9b402000-7f7f9b403000 rw-p 00023000 08:03 4070125                    /lib/x86_64-linux-gnu/ld-2.19.so
7f7f9b403000-7f7f9b404000 rw-p 00000000 00:00 0 
7ffd8d5f6000-7ffd8d61a000 rw-p 00000000 00:00 0                          [stack]
7ffd8d769000-7ffd8d76b000 r-xp 00000000 00:00 0                          [vdso]
ffffffffff600000-ffffffffff601000 r-xp 00000000 00:00 0                  [vsyscall]

VM Arguments:
jvm_args: -ea -Xms1024m -Xmx4096m -Dfile.encoding=UTF-8 
java_command: org.testng.remote.RemoteTestNG -serport 47686 -protocol json -d /home/sharmila/Documents/work-office/TestNG_Project/test-output /tmp/testng-eclipse-299883899/testng-customsuite.xml
java_class_path (initial): /media/sharmila/_home/sts-bundle/sts-3.8.1.RELEASE/plugins/org.testng.eclipse_6.10.0.201612030230/lib/testng-remote.jar:/home/sharmila/Documents/work-office/TestNG_Project/bin:/home/sharmila/.gradle/caches/modules-2/files-2.1/org.springframework.boot/spring-boot-starter-web/1.4.3.RELEASE/a0dcc919eda8e8ecb6f13f52a30e6afbb8266103/spring-boot-starter-web-1.4.3.RELEASE.jar:/home/sharmila/.gradle/caches/modules-2/files-2.1/org.apache.tomcat.embed/tomcat-embed-jasper/9.0.0.M11/e2cd5a7038094195c3163532e01daf051d9265fe/tomcat-embed-jasper-9.0.0.M11.jar:/home/sharmila/.gradle/caches/modules-2/files-2.1/org.xerial/sqlite-jdbc/3.7.2/7a3d67f00508d3881650579f7f228c61bfc1b196/sqlite-jdbc-3.7.2.jar:/home/sharmila/.gradle/caches/modules-2/files-2.1/org.hibernate/hibernate-gradle-plugin/5.2.3.Final/db2ad8695e48a03a566b74fb5fc07c1732c1f5e5/hibernate-gradle-plugin-5.2.3.Final.jar:/home/sharmila/.gradle/caches/modules-2/files-2.1/org.springframework.boot/spring-boot-starter-data-jpa/1.4.3.RELEASE/ffda06c2144d10239014407333c223a237b73ad7/spring-boot-starter-data-jpa-1.4.3.RELEASE.jar:/home/sharmila/.gradle/caches/modules-2/files-2.1/org.testng/testng/6.5.2/5069d2e72356ed87645c5fc3622b0bbb5e0667c9/testng-6.5.2.jar:/home/sharmila/.gradle/caches/modules-2/files-2.1/org.springframework.boot/spring-boot-starter-test/1.4.3.RELEASE/6e9f1dbd3f68299c0183630ef07ca430de160050/spring-boot-starter-test-1.4.3.RELEASE.jar:/home/sharmila/.gradle/caches/modules-2/files-2.1/org.springframework.boot/spring-boot-starter/1.4.3.RELEASE/c99bad104719e947b3f9aa2b7569583805e4c5d5/spring-boot-starter-1.4.3.RELEASE.jar:/home/sharmila/.gradle/caches/modules-2/files-2.1/org.springframework.boot/spring-boot-starter-tomcat/1.4.3.RELEASE/61c48035a7a3b06b42fdd07b7109e562077b3792/spring-boot-starter-tomcat-1.4.3.RELEASE.jar:/home/sharmila/.gradle/caches/modules-2/files-2.1/org.hibernate/hibernate-validator/5.2.4.Final/fb18766b576aa6632bcfe9a20a023cbd52bf9769/hibernate-validator-5.2.4.Final.ja
Launcher Type: SUN_STANDARD

Environment Variables:
JAVA_HOME=/usr/lib/jvm/java-8-oracle
PATH=/usr/local/sbin:/usr/local/bin:/usr/sbin:/usr/bin:/sbin:/bin:/usr/games:/usr/local/games:/usr/lib/jvm/java-8-oracle/bin:/usr/lib/jvm/java-8-oracle/db/bin:/usr/lib/jvm/java-8-oracle/jre/bin
SHELL=/bin/bash
DISPLAY=:0.0

Signal Handlers:
SIGSEGV: [libjvm.so+0xac78c0], sa_mask[0]=11111111011111111101111111111110, sa_flags=SA_RESTART|SA_SIGINFO
SIGBUS: [libjvm.so+0xac78c0], sa_mask[0]=11111111011111111101111111111110, sa_flags=SA_RESTART|SA_SIGINFO
SIGFPE: [libjvm.so+0x920ac0], sa_mask[0]=11111111011111111101111111111110, sa_flags=SA_RESTART|SA_SIGINFO
SIGPIPE: [libjvm.so+0x920ac0], sa_mask[0]=11111111011111111101111111111110, sa_flags=SA_RESTART|SA_SIGINFO
SIGXFSZ: [libjvm.so+0x920ac0], sa_mask[0]=11111111011111111101111111111110, sa_flags=SA_RESTART|SA_SIGINFO
SIGILL: [libjvm.so+0x920ac0], sa_mask[0]=11111111011111111101111111111110, sa_flags=SA_RESTART|SA_SIGINFO
SIGUSR1: SIG_DFL, sa_mask[0]=00000000000000000000000000000000, sa_flags=none
SIGUSR2: [libjvm.so+0x922300], sa_mask[0]=00100000000000000000000000000000, sa_flags=SA_RESTART|SA_SIGINFO
SIGHUP: [libjvm.so+0x923700], sa_mask[0]=11111111011111111101111111111110, sa_flags=SA_RESTART|SA_SIGINFO
SIGINT: [libjvm.so+0x923700], sa_mask[0]=11111111011111111101111111111110, sa_flags=SA_RESTART|SA_SIGINFO
SIGTERM: [libjvm.so+0x923700], sa_mask[0]=11111111011111111101111111111110, sa_flags=SA_RESTART|SA_SIGINFO
SIGQUIT: [libjvm.so+0x923700], sa_mask[0]=11111111011111111101111111111110, sa_flags=SA_RESTART|SA_SIGINFO


---------------  S Y S T E M  ---------------

OS:DISTRIB_ID=Ubuntu
DISTRIB_RELEASE=14.04
DISTRIB_CODENAME=trusty
DISTRIB_DESCRIPTION="Ubuntu 14.04.5 LTS"

uname:Linux 3.13.0-107-generic #154-Ubuntu SMP Tue Dec 20 09:57:27 UTC 2016 x86_64
libc:glibc 2.19 NPTL 2.19 
rlimit: STACK 8192k, CORE 0k, NPROC 30712, NOFILE 4096, AS infinity
load average:2.72 1.28 0.86

/proc/meminfo:
MemTotal:        3953548 kB
MemFree:          126996 kB
Buffers:            5480 kB
Cached:           850228 kB
SwapCached:         5484 kB
Active:          2438188 kB
Inactive:         995012 kB
Active(anon):    2330168 kB
Inactive(anon):   923904 kB
Active(file):     108020 kB
Inactive(file):    71108 kB
Unevictable:         208 kB
Mlocked:             208 kB
SwapTotal:       7999484 kB
SwapFree:        7654024 kB
Dirty:              1620 kB
Writeback:             0 kB
AnonPages:       2576984 kB
Mapped:           524972 kB
Shmem:            676508 kB
Slab:             265736 kB
SReclaimable:     224320 kB
SUnreclaim:        41416 kB
KernelStack:        5728 kB
PageTables:        52868 kB
NFS_Unstable:          0 kB
Bounce:                0 kB
WritebackTmp:          0 kB
CommitLimit:     9976256 kB
Committed_AS:    9567720 kB
VmallocTotal:   34359738367 kB
VmallocUsed:      400992 kB
VmallocChunk:   34359328252 kB
HardwareCorrupted:     0 kB
AnonHugePages:    542720 kB
HugePages_Total:       0
HugePages_Free:        0
HugePages_Rsvd:        0
HugePages_Surp:        0
Hugepagesize:       2048 kB
DirectMap4k:       90284 kB
DirectMap2M:     2961408 kB
DirectMap1G:     1048576 kB


CPU:total 4 (2 cores per cpu, 2 threads per core) family 6 model 69 stepping 1, cmov, cx8, fxsr, mmx, sse, sse2, sse3, ssse3, sse4.1, sse4.2, popcnt, avx, avx2, aes, clmul, erms, lzcnt, ht, tsc, tscinvbit, bmi1, bmi2

/proc/cpuinfo:
processor	: 0
vendor_id	: GenuineIntel
cpu family	: 6
model		: 69
model name	: Intel(R) Core(TM) i5-4200U CPU @ 1.60GHz
stepping	: 1
microcode	: 0x17
cpu MHz		: 1600.000
cache size	: 3072 KB
physical id	: 0
siblings	: 4
core id		: 0
cpu cores	: 2
apicid		: 0
initial apicid	: 0
fpu		: yes
fpu_exception	: yes
cpuid level	: 13
wp		: yes
flags		: fpu vme de pse tsc msr pae mce cx8 apic sep mtrr pge mca cmov pat pse36 clflush dts acpi mmx fxsr sse sse2 ss ht tm pbe syscall nx pdpe1gb rdtscp lm constant_tsc arch_perfmon pebs bts rep_good nopl xtopology nonstop_tsc aperfmperf eagerfpu pni pclmulqdq dtes64 monitor ds_cpl vmx est tm2 ssse3 fma cx16 xtpr pdcm pcid sse4_1 sse4_2 movbe popcnt tsc_deadline_timer aes xsave avx f16c rdrand lahf_lm abm ida arat epb xsaveopt pln pts dtherm tpr_shadow vnmi flexpriority ept vpid fsgsbase tsc_adjust bmi1 avx2 smep bmi2 erms invpcid
bogomips	: 4589.74
clflush size	: 64
cache_alignment	: 64
address sizes	: 39 bits physical, 48 bits virtual
power management:

processor	: 1
vendor_id	: GenuineIntel
cpu family	: 6
model		: 69
model name	: Intel(R) Core(TM) i5-4200U CPU @ 1.60GHz
stepping	: 1
microcode	: 0x17
cpu MHz		: 1600.000
cache size	: 3072 KB
physical id	: 0
siblings	: 4
core id		: 0
cpu cores	: 2
apicid		: 1
initial apicid	: 1
fpu		: yes
fpu_exception	: yes
cpuid level	: 13
wp		: yes
flags		: fpu vme de pse tsc msr pae mce cx8 apic sep mtrr pge mca cmov pat pse36 clflush dts acpi mmx fxsr sse sse2 ss ht tm pbe syscall nx pdpe1gb rdtscp lm constant_tsc arch_perfmon pebs bts rep_good nopl xtopology nonstop_tsc aperfmperf eagerfpu pni pclmulqdq dtes64 monitor ds_cpl vmx est tm2 ssse3 fma cx16 xtpr pdcm pcid sse4_1 sse4_2 movbe popcnt tsc_deadline_timer aes xsave avx f16c rdrand lahf_lm abm ida arat epb xsaveopt pln pts dtherm tpr_shadow vnmi flexpriority ept vpid fsgsbase tsc_adjust bmi1 avx2 smep bmi2 erms invpcid
bogomips	: 4589.74
clflush size	: 64
cache_alignment	: 64
address sizes	: 39 bits physical, 48 bits virtual
power management:

processor	: 2
vendor_id	: GenuineIntel
cpu family	: 6
model		: 69
model name	: Intel(R) Core(TM) i5-4200U CPU @ 1.60GHz
stepping	: 1
microcode	: 0x17
cpu MHz		: 1600.000
cache size	: 3072 KB
physical id	: 0
siblings	: 4
core id		: 1
cpu cores	: 2
apicid		: 2
initial apicid	: 2
fpu		: yes
fpu_exception	: yes
cpuid level	: 13
wp		: yes
flags		: fpu vme de pse tsc msr pae mce cx8 apic sep mtrr pge mca cmov pat pse36 clflush dts acpi mmx fxsr sse sse2 ss ht tm pbe syscall nx pdpe1gb rdtscp lm constant_tsc arch_perfmon pebs bts rep_good nopl xtopology nonstop_tsc aperfmperf eagerfpu pni pclmulqdq dtes64 monitor ds_cpl vmx est tm2 ssse3 fma cx16 xtpr pdcm pcid sse4_1 sse4_2 movbe popcnt tsc_deadline_timer aes xsave avx f16c rdrand lahf_lm abm ida arat epb xsaveopt pln pts dtherm tpr_shadow vnmi flexpriority ept vpid fsgsbase tsc_adjust bmi1 avx2 smep bmi2 erms invpcid
bogomips	: 4589.74
clflush size	: 64
cache_alignment	: 64
address sizes	: 39 bits physical, 48 bits virtual
power management:

processor	: 3
vendor_id	: GenuineIntel
cpu family	: 6
model		: 69
model name	: Intel(R) Core(TM) i5-4200U CPU @ 1.60GHz
stepping	: 1
microcode	: 0x17
cpu MHz		: 1600.000
cache size	: 3072 KB
physical id	: 0
siblings	: 4
core id		: 1
cpu cores	: 2
apicid		: 3
initial apicid	: 3
fpu		: yes
fpu_exception	: yes
cpuid level	: 13
wp		: yes
flags		: fpu vme de pse tsc msr pae mce cx8 apic sep mtrr pge mca cmov pat pse36 clflush dts acpi mmx fxsr sse sse2 ss ht tm pbe syscall nx pdpe1gb rdtscp lm constant_tsc arch_perfmon pebs bts rep_good nopl xtopology nonstop_tsc aperfmperf eagerfpu pni pclmulqdq dtes64 monitor ds_cpl vmx est tm2 ssse3 fma cx16 xtpr pdcm pcid sse4_1 sse4_2 movbe popcnt tsc_deadline_timer aes xsave avx f16c rdrand lahf_lm abm ida arat epb xsaveopt pln pts dtherm tpr_shadow vnmi flexpriority ept vpid fsgsbase tsc_adjust bmi1 avx2 smep bmi2 erms invpcid
bogomips	: 4589.74
clflush size	: 64
cache_alignment	: 64
address sizes	: 39 bits physical, 48 bits virtual
power management:



Memory: 4k page, physical 3953548k(126996k free), swap 7999484k(7654024k free)

vm_info: Java HotSpot(TM) 64-Bit Server VM (25.121-b13) for linux-amd64 JRE (1.8.0_121-b13), built on Dec 12 2016 16:36:53 by "java_re" with gcc 4.3.0 20080428 (Red Hat 4.3.0-8)

time: Tue Jan 24 21:41:06 2017
elapsed time: 9 seconds (0d 0h 0m 9s)

