#
# A fatal error has been detected by the Java Runtime Environment:
#
#  SIGSEGV (0xb) at pc=0x00007fbf995c4118, pid=4302, tid=0x00007fbf9aaca700
#
# JRE version: Java(TM) SE Runtime Environment (8.0_121-b13) (build 1.8.0_121-b13)
# Java VM: Java HotSpot(TM) 64-Bit Server VM (25.121-b13 mixed mode linux-amd64 compressed oops)
# Problematic frame:
# V  [libjvm.so+0x6e2118]  jni_GetStringUTFChars+0xb8
#
# Failed to write core dump. Core dumps have been disabled. To enable core dumping, try "ulimit -c unlimited" before starting Java again
#
# If you would like to submit a bug report, please visit:
#   http://bugreport.java.com/bugreport/crash.jsp
#

---------------  T H R E A D  ---------------

Current thread (0x00007fbf94010000):  JavaThread "main" [_thread_in_vm, id=4303, stack(0x00007fbf9a9ca000,0x00007fbf9aacb000)]

siginfo: si_signo: 11 (SIGSEGV), si_code: 1 (SEGV_MAPERR), si_addr: 0x0000000000000000

Registers:
RAX=0x00007fbf99e99550, RBX=0x0000000000000000, RCX=0x00000000f87bad20, RDX=0x00007fbf99ea79e0
RSP=0x00007fbf9aac4a60, RBP=0x00007fbf9aac4b00, RSI=0x00007fbf94010000, RDI=0x00007fbf9aac4aa0
R8 =0x00007fbf849e0c80, R9 =0x00000000f87bad20, R10=0x00000000000001a4, R11=0x00007fbf99ea79e8
R12=0x00007fbf94010000, R13=0x0000000000000000, R14=0x00007fbf9aac4bd8, R15=0x00007fbf9aac4aa0
RIP=0x00007fbf995c4118, EFLAGS=0x0000000000010246, CSGSFS=0x0000000000000033, ERR=0x0000000000000004
  TRAPNO=0x000000000000000e

Top of Stack: (sp=0x00007fbf9aac4a60)
0x00007fbf9aac4a60:   00007fbf9aac4b28 0000000000000000
0x00007fbf9aac4a70:   00007fbf84ad6140 00007fbf99ea9800
0x00007fbf9aac4a80:   00007fbf9aac50f8 00007fbf849e0c80
0x00007fbf9aac4a90:   00000000ee683c08 0000000050200030
0x00007fbf9aac4aa0:   00007fbf94010000 0000000000000000
0x00007fbf9aac4ab0:   00007fbf81813480 00007fbf849d62bd
0x00007fbf9aac4ac0:   00007fbf94010000 00000000ee683c08
0x00007fbf9aac4ad0:   00007fbf9aac4b70 00007fbf68eb8b30
0x00007fbf9aac4ae0:   00007fbf94c5fb38 0000000000000000
0x00007fbf9aac4af0:   00007fbf9aac4bd8 00007fbf94010000
0x00007fbf9aac4b00:   00007fbf940101f8 00007fbf68c282b0
0x00007fbf9aac4b10:   00007fbf9aac4b70 00007fbf849d62bd
0x00007fbf9aac4b20:   00007fbf68eb8b30 00007fbf9aac4bb0
0x00007fbf9aac4b30:   0000000000000000 00007fbf68eb8b28
0x00007fbf9aac4b40:   00007fbf9aac4bd8 00007fbf849e64cf
0x00007fbf9aac4b50:   0000000000000000 00007fbf68ec8548
0x00007fbf9aac4b60:   0000000000000000 00000000f87bad20
0x00007fbf9aac4b70:   00007fbf9aac4b60 0000000000000000
0x00007fbf9aac4b80:   00007fbf9aac4bd8 00007fbf68ebf438
0x00007fbf9aac4b90:   0000000000000000 00007fbf68eb8b30
0x00007fbf9aac4ba0:   0000000000000000 00007fbf9aac4bd0
0x00007fbf9aac4bb0:   00007fbf9aac4c38 00007fbf849d5dd0
0x00007fbf9aac4bc0:   0000000000000000 00007fbf849df537
0x00007fbf9aac4bd0:   0000000000000000 00000000f87bad20
0x00007fbf9aac4be0:   00000000ee683ba8 00000000ee683c08
0x00007fbf9aac4bf0:   00000000f87bad20 00007fbf9aac4be8
0x00007fbf9aac4c00:   00007fbf68ebc3f5 00007fbf9aac4c50
0x00007fbf9aac4c10:   00007fbf68ebec88 0000000000000000
0x00007fbf9aac4c20:   00007fbf68ebc440 00007fbf9aac4bd0
0x00007fbf9aac4c30:   00007fbf9aac4c48 00007fbf9aac4c98
0x00007fbf9aac4c40:   00007fbf849d62bd 00000000ee683ba8
0x00007fbf9aac4c50:   00000000f87bad20 00007fbf9aac4c58 

Instructions: (pc=0x00007fbf995c4118)
0x00007fbf995c40f8:   84 24 70 02 00 00 06 00 00 00 4c 89 e6 4c 89 65
0x00007fbf995c4108:   c0 4c 89 ff e8 1f 01 01 00 48 8b 05 18 d0 88 00
0x00007fbf995c4118:   4c 8b 2b 8b 10 48 8b 05 44 fc 88 00 80 38 00 0f
0x00007fbf995c4128:   84 2b 01 00 00 48 63 c2 41 8b 54 05 00 85 d2 0f 

Register to memory mapping:

RAX=0x00007fbf99e99550: <offset 0xfb7550> in /usr/lib/jvm/java-8-oracle/jre/lib/amd64/server/libjvm.so at 0x00007fbf98ee2000
RBX=0x0000000000000000 is an unknown value
RCX=0x00000000f87bad20 is an oop
org.sqlite.NativeDB 
 - klass: 'org/sqlite/NativeDB'
RDX=0x00007fbf99ea79e0: <offset 0xfc59e0> in /usr/lib/jvm/java-8-oracle/jre/lib/amd64/server/libjvm.so at 0x00007fbf98ee2000
RSP=0x00007fbf9aac4a60 is pointing into the stack for thread: 0x00007fbf94010000
RBP=0x00007fbf9aac4b00 is pointing into the stack for thread: 0x00007fbf94010000
RSI=0x00007fbf94010000 is a thread
RDI=0x00007fbf9aac4aa0 is pointing into the stack for thread: 0x00007fbf94010000
R8 =0x00007fbf849e0c80 is at code_begin+0 in an Interpreter codelet
method entry point (kind = zerolocals)  [0x00007fbf849e0c80, 0x00007fbf849e1100]  1152 bytes
R9 =0x00000000f87bad20 is an oop
org.sqlite.NativeDB 
 - klass: 'org/sqlite/NativeDB'
R10=0x00000000000001a4 is an unknown value
R11=0x00007fbf99ea79e8: <offset 0xfc59e8> in /usr/lib/jvm/java-8-oracle/jre/lib/amd64/server/libjvm.so at 0x00007fbf98ee2000
R12=0x00007fbf94010000 is a thread
R13=0x0000000000000000 is an unknown value
R14=0x00007fbf9aac4bd8 is pointing into the stack for thread: 0x00007fbf94010000
R15=0x00007fbf9aac4aa0 is pointing into the stack for thread: 0x00007fbf94010000


Stack: [0x00007fbf9a9ca000,0x00007fbf9aacb000],  sp=0x00007fbf9aac4a60,  free space=1002k
Native frames: (J=compiled Java code, j=interpreted, Vv=VM code, C=native code)
V  [libjvm.so+0x6e2118]  jni_GetStringUTFChars+0xb8
C  [sqlite-3.7.2-libsqlitejdbc.so+0xd2b0]  Java_org_sqlite_NativeDB_prepare+0x2f

Java frames: (J=compiled Java code, j=interpreted, Vv=VM code)
j  org.sqlite.NativeDB.prepare(Ljava/lang/String;)J+0
j  org.sqlite.DB.prepare(Lorg/sqlite/Stmt;)V+21
j  org.sqlite.PrepStmt.<init>(Lorg/sqlite/Conn;Ljava/lang/String;)V+15
j  org.sqlite.Conn.prepareStatement(Ljava/lang/String;III)Ljava/sql/PreparedStatement;+14
j  org.sqlite.Conn.prepareStatement(Ljava/lang/String;II)Ljava/sql/PreparedStatement;+5
j  org.sqlite.Conn.prepareStatement(Ljava/lang/String;)Ljava/sql/PreparedStatement;+8
v  ~StubRoutines::call_stub
J 2184  sun.reflect.NativeMethodAccessorImpl.invoke0(Ljava/lang/reflect/Method;Ljava/lang/Object;[Ljava/lang/Object;)Ljava/lang/Object; (0 bytes) @ 0x00007fbf8513a6b7 [0x00007fbf8513a640+0x77]
J 2183 C1 sun.reflect.NativeMethodAccessorImpl.invoke(Ljava/lang/Object;[Ljava/lang/Object;)Ljava/lang/Object; (104 bytes) @ 0x00007fbf8513dc6c [0x00007fbf8513cb00+0x116c]
J 1239 C1 sun.reflect.DelegatingMethodAccessorImpl.invoke(Ljava/lang/Object;[Ljava/lang/Object;)Ljava/lang/Object; (10 bytes) @ 0x00007fbf84e08784 [0x00007fbf84e08680+0x104]
J 1232 C1 java.lang.reflect.Method.invoke(Ljava/lang/Object;[Ljava/lang/Object;)Ljava/lang/Object; (62 bytes) @ 0x00007fbf84e0410c [0x00007fbf84e03d20+0x3ec]
j  org.apache.tomcat.jdbc.pool.ProxyConnection.invoke(Ljava/lang/Object;Ljava/lang/reflect/Method;[Ljava/lang/Object;)Ljava/lang/Object;+237
j  org.apache.tomcat.jdbc.pool.JdbcInterceptor.invoke(Ljava/lang/Object;Ljava/lang/reflect/Method;[Ljava/lang/Object;)Ljava/lang/Object;+14
j  org.apache.tomcat.jdbc.pool.DisposableConnectionFacade.invoke(Ljava/lang/Object;Ljava/lang/reflect/Method;[Ljava/lang/Object;)Ljava/lang/Object;+93
j  com.sun.proxy.$Proxy83.prepareStatement(Ljava/lang/String;)Ljava/sql/PreparedStatement;+16
j  org.hibernate.engine.jdbc.internal.StatementPreparerImpl$1.doPrepare()Ljava/sql/PreparedStatement;+37
j  org.hibernate.engine.jdbc.internal.StatementPreparerImpl$StatementPreparationTemplate.prepareStatement()Ljava/sql/PreparedStatement;+45
j  org.hibernate.engine.jdbc.internal.StatementPreparerImpl.prepareStatement(Ljava/lang/String;)Ljava/sql/PreparedStatement;+6
j  org.hibernate.id.SequenceGenerator.generateHolder(Lorg/hibernate/engine/spi/SessionImplementor;)Lorg/hibernate/id/IntegralDataTypeHolder;+15
j  org.hibernate.id.SequenceHiLoGenerator$1.getNextValue()Lorg/hibernate/id/IntegralDataTypeHolder;+8
j  org.hibernate.id.enhanced.LegacyHiLoAlgorithmOptimizer.generate(Lorg/hibernate/id/enhanced/AccessCallback;)Ljava/io/Serializable;+25
j  org.hibernate.id.SequenceHiLoGenerator.generate(Lorg/hibernate/engine/spi/SessionImplementor;Ljava/lang/Object;)Ljava/io/Serializable;+53
j  org.hibernate.event.internal.AbstractSaveEventListener.saveWithGeneratedId(Ljava/lang/Object;Ljava/lang/String;Ljava/lang/Object;Lorg/hibernate/event/spi/EventSource;Z)Ljava/io/Serializable;+21
j  org.hibernate.jpa.event.internal.core.JpaPersistEventListener.saveWithGeneratedId(Ljava/lang/Object;Ljava/lang/String;Ljava/lang/Object;Lorg/hibernate/event/spi/EventSource;Z)Ljava/io/Serializable;+18
j  org.hibernate.event.internal.DefaultPersistEventListener.entityIsTransient(Lorg/hibernate/event/spi/PersistEvent;Ljava/util/Map;)V+55
j  org.hibernate.event.internal.DefaultPersistEventListener.onPersist(Lorg/hibernate/event/spi/PersistEvent;Ljava/util/Map;)V+324
j  org.hibernate.event.internal.DefaultPersistEventListener.onPersist(Lorg/hibernate/event/spi/PersistEvent;)V+11
j  org.hibernate.internal.SessionImpl.firePersist(Lorg/hibernate/event/spi/PersistEvent;)V+46
j  org.hibernate.internal.SessionImpl.persist(Ljava/lang/String;Ljava/lang/Object;)V+11
j  org.hibernate.internal.SessionImpl.persist(Ljava/lang/Object;)V+3
j  org.hibernate.jpa.spi.AbstractEntityManagerImpl.persist(Ljava/lang/Object;)V+9
v  ~StubRoutines::call_stub
J 2184  sun.reflect.NativeMethodAccessorImpl.invoke0(Ljava/lang/reflect/Method;Ljava/lang/Object;[Ljava/lang/Object;)Ljava/lang/Object; (0 bytes) @ 0x00007fbf8513a6b7 [0x00007fbf8513a640+0x77]
J 2183 C1 sun.reflect.NativeMethodAccessorImpl.invoke(Ljava/lang/Object;[Ljava/lang/Object;)Ljava/lang/Object; (104 bytes) @ 0x00007fbf8513dc6c [0x00007fbf8513cb00+0x116c]
J 1239 C1 sun.reflect.DelegatingMethodAccessorImpl.invoke(Ljava/lang/Object;[Ljava/lang/Object;)Ljava/lang/Object; (10 bytes) @ 0x00007fbf84e08784 [0x00007fbf84e08680+0x104]
J 1232 C1 java.lang.reflect.Method.invoke(Ljava/lang/Object;[Ljava/lang/Object;)Ljava/lang/Object; (62 bytes) @ 0x00007fbf84e0410c [0x00007fbf84e03d20+0x3ec]
j  org.springframework.orm.jpa.SharedEntityManagerCreator$SharedEntityManagerInvocationHandler.invoke(Ljava/lang/Object;Ljava/lang/reflect/Method;[Ljava/lang/Object;)Ljava/lang/Object;+495
j  com.sun.proxy.$Proxy92.persist(Ljava/lang/Object;)V+16
j  org.springframework.data.jpa.repository.support.SimpleJpaRepository.save(Ljava/lang/Object;)Ljava/lang/Object;+18
v  ~StubRoutines::call_stub
J 2184  sun.reflect.NativeMethodAccessorImpl.invoke0(Ljava/lang/reflect/Method;Ljava/lang/Object;[Ljava/lang/Object;)Ljava/lang/Object; (0 bytes) @ 0x00007fbf8513a6b7 [0x00007fbf8513a640+0x77]
J 2183 C1 sun.reflect.NativeMethodAccessorImpl.invoke(Ljava/lang/Object;[Ljava/lang/Object;)Ljava/lang/Object; (104 bytes) @ 0x00007fbf8513dc6c [0x00007fbf8513cb00+0x116c]
J 1239 C1 sun.reflect.DelegatingMethodAccessorImpl.invoke(Ljava/lang/Object;[Ljava/lang/Object;)Ljava/lang/Object; (10 bytes) @ 0x00007fbf84e08784 [0x00007fbf84e08680+0x104]
J 1232 C1 java.lang.reflect.Method.invoke(Ljava/lang/Object;[Ljava/lang/Object;)Ljava/lang/Object; (62 bytes) @ 0x00007fbf84e0410c [0x00007fbf84e03d20+0x3ec]
j  org.springframework.data.repository.core.support.RepositoryFactorySupport$QueryExecutorMethodInterceptor.executeMethodOn(Ljava/lang/Object;Ljava/lang/reflect/Method;[Ljava/lang/Object;)Ljava/lang/Object;+3
j  org.springframework.data.repository.core.support.RepositoryFactorySupport$QueryExecutorMethodInterceptor.doInvoke(Lorg/aopalliance/intercept/MethodInvocation;)Ljava/lang/Object;+94
j  org.springframework.data.repository.core.support.RepositoryFactorySupport$QueryExecutorMethodInterceptor.invoke(Lorg/aopalliance/intercept/MethodInvocation;)Ljava/lang/Object;+2
j  org.springframework.aop.framework.ReflectiveMethodInvocation.proceed()Ljava/lang/Object;+101
j  org.springframework.data.projection.DefaultMethodInvokingMethodInterceptor.invoke(Lorg/aopalliance/intercept/MethodInvocation;)Ljava/lang/Object;+15
j  org.springframework.aop.framework.ReflectiveMethodInvocation.proceed()Ljava/lang/Object;+101
j  org.springframework.transaction.interceptor.TransactionInterceptor$1.proceedWithInvocation()Ljava/lang/Object;+4
j  org.springframework.transaction.interceptor.TransactionAspectSupport.invokeWithinTransaction(Ljava/lang/reflect/Method;Ljava/lang/Class;Lorg/springframework/transaction/interceptor/TransactionAspectSupport$InvocationCallback;)Ljava/lang/Object;+60
j  org.springframework.transaction.interceptor.TransactionInterceptor.invoke(Lorg/aopalliance/intercept/MethodInvocation;)Ljava/lang/Object;+40
j  org.springframework.aop.framework.ReflectiveMethodInvocation.proceed()Ljava/lang/Object;+101
j  org.springframework.dao.support.PersistenceExceptionTranslationInterceptor.invoke(Lorg/aopalliance/intercept/MethodInvocation;)Ljava/lang/Object;+1
j  org.springframework.aop.framework.ReflectiveMethodInvocation.proceed()Ljava/lang/Object;+101
j  org.springframework.data.jpa.repository.support.CrudMethodMetadataPostProcessor$CrudMethodMetadataPopulatingMethodInterceptor.invoke(Lorg/aopalliance/intercept/MethodInvocation;)Ljava/lang/Object;+89
j  org.springframework.aop.framework.ReflectiveMethodInvocation.proceed()Ljava/lang/Object;+101
j  org.springframework.aop.interceptor.ExposeInvocationInterceptor.invoke(Lorg/aopalliance/intercept/MethodInvocation;)Ljava/lang/Object;+18
j  org.springframework.aop.framework.ReflectiveMethodInvocation.proceed()Ljava/lang/Object;+101
j  org.springframework.aop.framework.JdkDynamicAopProxy.invoke(Ljava/lang/Object;Ljava/lang/reflect/Method;[Ljava/lang/Object;)Ljava/lang/Object;+385
j  com.sun.proxy.$Proxy94.save(Ljava/lang/Object;)Ljava/lang/Object;+16
j  com.example.api.service.BookService.save(Lcom/example/entity/Book;)Lcom/example/entity/Book;+5
j  com.example.crudtest.CRUDTest.insertOperation()V+19
v  ~StubRoutines::call_stub
J 2184  sun.reflect.NativeMethodAccessorImpl.invoke0(Ljava/lang/reflect/Method;Ljava/lang/Object;[Ljava/lang/Object;)Ljava/lang/Object; (0 bytes) @ 0x00007fbf8513a6b7 [0x00007fbf8513a640+0x77]
J 2183 C1 sun.reflect.NativeMethodAccessorImpl.invoke(Ljava/lang/Object;[Ljava/lang/Object;)Ljava/lang/Object; (104 bytes) @ 0x00007fbf8513dc6c [0x00007fbf8513cb00+0x116c]
J 1239 C1 sun.reflect.DelegatingMethodAccessorImpl.invoke(Ljava/lang/Object;[Ljava/lang/Object;)Ljava/lang/Object; (10 bytes) @ 0x00007fbf84e08784 [0x00007fbf84e08680+0x104]
J 1232 C1 java.lang.reflect.Method.invoke(Ljava/lang/Object;[Ljava/lang/Object;)Ljava/lang/Object; (62 bytes) @ 0x00007fbf84e0410c [0x00007fbf84e03d20+0x3ec]
j  org.testng.internal.MethodInvocationHelper.invokeMethod(Ljava/lang/reflect/Method;Ljava/lang/Object;[Ljava/lang/Object;)Ljava/lang/Object;+242
j  org.testng.internal.MethodInvocationHelper$1.runTestMethod(Lorg/testng/ITestResult;)V+12
j  org.springframework.test.context.testng.AbstractTestNGSpringContextTests.run(Lorg/testng/IHookCallBack;Lorg/testng/ITestResult;)V+2
v  ~StubRoutines::call_stub
J 2184  sun.reflect.NativeMethodAccessorImpl.invoke0(Ljava/lang/reflect/Method;Ljava/lang/Object;[Ljava/lang/Object;)Ljava/lang/Object; (0 bytes) @ 0x00007fbf8513a6b7 [0x00007fbf8513a640+0x77]
J 2183 C1 sun.reflect.NativeMethodAccessorImpl.invoke(Ljava/lang/Object;[Ljava/lang/Object;)Ljava/lang/Object; (104 bytes) @ 0x00007fbf8513dc6c [0x00007fbf8513cb00+0x116c]
J 1239 C1 sun.reflect.DelegatingMethodAccessorImpl.invoke(Ljava/lang/Object;[Ljava/lang/Object;)Ljava/lang/Object; (10 bytes) @ 0x00007fbf84e08784 [0x00007fbf84e08680+0x104]
J 1232 C1 java.lang.reflect.Method.invoke(Ljava/lang/Object;[Ljava/lang/Object;)Ljava/lang/Object; (62 bytes) @ 0x00007fbf84e0410c [0x00007fbf84e03d20+0x3ec]
j  org.testng.internal.MethodInvocationHelper.invokeHookable(Ljava/lang/Object;[Ljava/lang/Object;Ljava/lang/Object;Ljava/lang/reflect/Method;Lorg/testng/internal/TestResult;)V+64
j  org.testng.internal.Invoker.invokeMethod([Ljava/lang/Object;ILorg/testng/ITestNGMethod;[Ljava/lang/Object;ILorg/testng/xml/XmlSuite;Ljava/util/Map;Lorg/testng/ITestClass;[Lorg/testng/ITestNGMethod;[Lorg/testng/ITestNGMethod;Lorg/testng/internal/ConfigurationGroupMethods;)Lorg/testng/ITestResult;+280
j  org.testng.internal.Invoker.invokeTestMethod([Ljava/lang/Object;Lorg/testng/ITestNGMethod;[Ljava/lang/Object;ILorg/testng/xml/XmlSuite;Ljava/util/Map;Lorg/testng/ITestClass;[Lorg/testng/ITestNGMethod;[Lorg/testng/ITestNGMethod;Lorg/testng/internal/ConfigurationGroupMethods;)Ljava/util/List;+46
j  org.testng.internal.Invoker.invokeTestMethods(Lorg/testng/ITestNGMethod;[Lorg/testng/ITestNGMethod;ILorg/testng/xml/XmlSuite;Ljava/util/Map;Lorg/testng/internal/ConfigurationGroupMethods;[Ljava/lang/Object;Lorg/testng/ITestContext;)Ljava/util/List;+705
j  org.testng.internal.TestMethodWorker.invokeTestMethods(Lorg/testng/ITestNGMethod;[Ljava/lang/Object;Lorg/testng/ITestContext;)V+32
j  org.testng.internal.TestMethodWorker.run()V+60
j  org.testng.TestRunner.privateRun(Lorg/testng/xml/XmlTest;)V+349
j  org.testng.TestRunner.run()V+26
j  org.testng.SuiteRunner.runTest(Lorg/testng/TestRunner;)V+1
j  org.testng.SuiteRunner.runSequentially()V+31
j  org.testng.SuiteRunner.privateRun()V+281
j  org.testng.SuiteRunner.run()V+6
j  org.testng.SuiteRunnerWorker.runSuite(Lorg/testng/internal/SuiteRunnerMap;Lorg/testng/xml/XmlSuite;)V+96
j  org.testng.SuiteRunnerWorker.run()V+12
j  org.testng.TestNG.runSuitesSequentially(Lorg/testng/xml/XmlSuite;Lorg/testng/internal/SuiteRunnerMap;ILjava/lang/String;)V+66
j  org.testng.TestNG.runSuitesLocally()Ljava/util/List;+117
j  org.testng.TestNG.run()V+77
j  org.testng.remote.AbstractRemoteTestNG.run()V+163
j  org.testng.remote.RemoteTestNG.initAndRun(Lorg/testng/remote/IRemoteTestNG;[Ljava/lang/String;Lorg/testng/CommandLineArgs;Lorg/testng/remote/RemoteArgs;)V+184
j  org.testng.remote.RemoteTestNG.main([Ljava/lang/String;)V+218
v  ~StubRoutines::call_stub

---------------  P R O C E S S  ---------------

Java Threads: ( => current thread )
  0x00007fbf95bdc800 JavaThread "http-nio-auto-1-43148-AsyncTimeout" daemon [_thread_blocked, id=4333, stack(0x00007fbf1feff000,0x00007fbf20000000)]
  0x00007fbf95bdb000 JavaThread "http-nio-auto-1-Acceptor-0" daemon [_thread_in_native, id=4332, stack(0x00007fbf68017000,0x00007fbf68118000)]
  0x00007fbf95bd8800 JavaThread "http-nio-auto-1-ClientPoller-1" daemon [_thread_in_native, id=4331, stack(0x00007fbf68118000,0x00007fbf68219000)]
  0x00007fbf95bca000 JavaThread "http-nio-auto-1-ClientPoller-0" daemon [_thread_in_native, id=4330, stack(0x00007fbf68219000,0x00007fbf6831a000)]
  0x00007fbf95bb7800 JavaThread "NioBlockingSelector.BlockPoller-1" daemon [_thread_in_native, id=4329, stack(0x00007fbf6831a000,0x00007fbf6841b000)]
  0x00007fbf948aa000 JavaThread "Tomcat JDBC Pool Cleaner[865113938:1485170329043]" daemon [_thread_blocked, id=4328, stack(0x00007fbf690a3000,0x00007fbf691a4000)]
  0x00007fbf94ab1000 JavaThread "container-0" [_thread_blocked, id=4327, stack(0x00007fbf693a4000,0x00007fbf694a5000)]
  0x00007fbf94aae000 JavaThread "ContainerBackgroundProcessor[StandardEngine[Tomcat]]" daemon [_thread_blocked, id=4326, stack(0x00007fbf694a5000,0x00007fbf695a6000)]
  0x00007fbf441c7000 JavaThread "localhost-startStop-1" daemon [_thread_blocked, id=4325, stack(0x00007fbf697a6000,0x00007fbf698a7000)]
  0x00007fbf9511b000 JavaThread "Tomcat-startStop-1" daemon [_thread_blocked, id=4324, stack(0x00007fbf6a783000,0x00007fbf6a884000)]
  0x00007fbf944ad000 JavaThread "ReaderThread" [_thread_in_native, id=4322, stack(0x00007fbf6b091000,0x00007fbf6b192000)]
  0x00007fbf940c7000 JavaThread "Service Thread" daemon [_thread_blocked, id=4319, stack(0x00007fbf6b71b000,0x00007fbf6b81c000)]
  0x00007fbf940c4000 JavaThread "C1 CompilerThread2" daemon [_thread_blocked, id=4318, stack(0x00007fbf6b81c000,0x00007fbf6b91d000)]
  0x00007fbf940c2000 JavaThread "C2 CompilerThread1" daemon [_thread_in_native, id=4317, stack(0x00007fbf8002b000,0x00007fbf8012c000)]
  0x00007fbf940bf000 JavaThread "C2 CompilerThread0" daemon [_thread_in_native, id=4316, stack(0x00007fbf8012c000,0x00007fbf8022d000)]
  0x00007fbf940be000 JavaThread "Signal Dispatcher" daemon [_thread_blocked, id=4315, stack(0x00007fbf8022d000,0x00007fbf8032e000)]
  0x00007fbf9408a000 JavaThread "Finalizer" daemon [_thread_blocked, id=4314, stack(0x00007fbf8032e000,0x00007fbf8042f000)]
  0x00007fbf94085800 JavaThread "Reference Handler" daemon [_thread_blocked, id=4313, stack(0x00007fbf8042f000,0x00007fbf80530000)]
=>0x00007fbf94010000 JavaThread "main" [_thread_in_vm, id=4303, stack(0x00007fbf9a9ca000,0x00007fbf9aacb000)]

Other Threads:
  0x00007fbf9407e000 VMThread [stack: 0x00007fbf80530000,0x00007fbf80631000] [id=4312]
  0x00007fbf940ca000 WatcherThread [stack: 0x00007fbf6b61a000,0x00007fbf6b71b000] [id=4320]

VM state:not at safepoint (normal execution)

VM Mutex/Monitor currently owned by a thread: None

Heap:
 PSYoungGen      total 195072K, used 55859K [0x00000000ebe00000, 0x00000000f9380000, 0x0000000100000000)
  eden space 181248K, 23% used [0x00000000ebe00000,0x00000000ee7805c8,0x00000000f6f00000)
  from space 13824K, 96% used [0x00000000f8600000,0x00000000f930ca00,0x00000000f9380000)
  to   space 17408K, 0% used [0x00000000f7180000,0x00000000f7180000,0x00000000f8280000)
 ParOldGen       total 68608K, used 22352K [0x00000000c3a00000, 0x00000000c7d00000, 0x00000000ebe00000)
  object space 68608K, 32% used [0x00000000c3a00000,0x00000000c4fd4360,0x00000000c7d00000)
 Metaspace       used 45033K, capacity 45420K, committed 45824K, reserved 1089536K
  class space    used 5899K, capacity 6029K, committed 6144K, reserved 1048576K

Card table byte_map: [0x00007fbf8442a000,0x00007fbf8460e000] byte_map_base: 0x00007fbf83e0d000

Marking Bits: (ParMarkBitMap*) 0x00007fbf99ea6c80
 Begin Bits: [0x00007fbf821f6000, 0x00007fbf8310e000)
 End Bits:   [0x00007fbf8310e000, 0x00007fbf84026000)

Polling page: 0x00007fbf9aaf0000

CodeCache: size=245760Kb used=12558Kb max_used=12583Kb free=233201Kb
 bounds [0x00007fbf849ce000, 0x00007fbf8562e000, 0x00007fbf939ce000]
 total_blobs=4000 nmethods=3529 adapters=384
 compilation: enabled

Compilation events (10 events):
Event: 8.374 Thread 0x00007fbf940c4000 3985       3       java.util.Collections$EmptyList::iterator (4 bytes)
Event: 8.375 Thread 0x00007fbf940c4000 nmethod 3985 0x00007fbf8511f710 code [0x00007fbf8511f880, 0x00007fbf8511fa30]
Event: 8.376 Thread 0x00007fbf940c4000 3986       1       org.testng.shaded.com.google.gson.reflect.TypeToken::hashCode (5 bytes)
Event: 8.376 Thread 0x00007fbf940c4000 nmethod 3986 0x00007fbf8511f450 code [0x00007fbf8511f5a0, 0x00007fbf8511f6b0]
Event: 8.376 Thread 0x00007fbf940c4000 3987       3       java.lang.reflect.Field::getGenericType (20 bytes)
Event: 8.377 Thread 0x00007fbf940c4000 nmethod 3987 0x00007fbf8511d910 code [0x00007fbf8511db60, 0x00007fbf8511e8c8]
Event: 8.379 Thread 0x00007fbf940c4000 3989       3       java.io.BufferedWriter::ensureOpen (18 bytes)
Event: 8.379 Thread 0x00007fbf940c4000 nmethod 3989 0x00007fbf8511d490 code [0x00007fbf8511d600, 0x00007fbf8511d848]
Event: 8.393 Thread 0x00007fbf940c4000 3990       3       org.hibernate.service.internal.ConcurrentServiceBinding::hashKey (5 bytes)
Event: 8.393 Thread 0x00007fbf940c4000 nmethod 3990 0x00007fbf8511d110 code [0x00007fbf8511d280, 0x00007fbf8511d408]

GC Heap History (10 events):
Event: 3.974 GC heap before
{Heap before GC invocations=8 (full 1):
 PSYoungGen      total 98304K, used 97984K [0x00000000ebe00000, 0x00000000f4980000, 0x0000000100000000)
  eden space 95232K, 100% used [0x00000000ebe00000,0x00000000f1b00000,0x00000000f1b00000)
  from space 3072K, 89% used [0x00000000f4680000,0x00000000f4930368,0x00000000f4980000)
  to   space 12288K, 0% used [0x00000000f3180000,0x00000000f3180000,0x00000000f3d80000)
 ParOldGen       total 49152K, used 15234K [0x00000000c3a00000, 0x00000000c6a00000, 0x00000000ebe00000)
  object space 49152K, 30% used [0x00000000c3a00000,0x00000000c48e0ab0,0x00000000c6a00000)
 Metaspace       used 25732K, capacity 26002K, committed 26112K, reserved 1073152K
  class space    used 3185K, capacity 3278K, committed 3328K, reserved 1048576K
Event: 3.994 GC heap after
Heap after GC invocations=8 (full 1):
 PSYoungGen      total 130560K, used 8390K [0x00000000ebe00000, 0x00000000f6400000, 0x0000000100000000)
  eden space 118272K, 0% used [0x00000000ebe00000,0x00000000ebe00000,0x00000000f3180000)
  from space 12288K, 68% used [0x00000000f3180000,0x00000000f39b1a18,0x00000000f3d80000)
  to   space 12800K, 0% used [0x00000000f5780000,0x00000000f5780000,0x00000000f6400000)
 ParOldGen       total 49152K, used 15242K [0x00000000c3a00000, 0x00000000c6a00000, 0x00000000ebe00000)
  object space 49152K, 31% used [0x00000000c3a00000,0x00000000c48e2ab0,0x00000000c6a00000)
 Metaspace       used 25732K, capacity 26002K, committed 26112K, reserved 1073152K
  class space    used 3185K, capacity 3278K, committed 3328K, reserved 1048576K
}
Event: 5.042 GC heap before
{Heap before GC invocations=9 (full 1):
 PSYoungGen      total 130560K, used 126645K [0x00000000ebe00000, 0x00000000f6400000, 0x0000000100000000)
  eden space 118272K, 99% used [0x00000000ebe00000,0x00000000f317bc08,0x00000000f3180000)
  from space 12288K, 68% used [0x00000000f3180000,0x00000000f39b1a18,0x00000000f3d80000)
  to   space 12800K, 0% used [0x00000000f5780000,0x00000000f5780000,0x00000000f6400000)
 ParOldGen       total 49152K, used 15242K [0x00000000c3a00000, 0x00000000c6a00000, 0x00000000ebe00000)
  object space 49152K, 31% used [0x00000000c3a00000,0x00000000c48e2ab0,0x00000000c6a00000)
 Metaspace       used 30352K, capacity 30646K, committed 30848K, reserved 1077248K
  class space    used 3766K, capacity 3860K, committed 3968K, reserved 1048576K
Event: 5.064 GC heap after
Heap after GC invocations=9 (full 1):
 PSYoungGen      total 156160K, used 10149K [0x00000000ebe00000, 0x00000000f8800000, 0x0000000100000000)
  eden space 143360K, 0% used [0x00000000ebe00000,0x00000000ebe00000,0x00000000f4a00000)
  from space 12800K, 79% used [0x00000000f5780000,0x00000000f61695a8,0x00000000f6400000)
  to   space 13824K, 0% used [0x00000000f4a00000,0x00000000f4a00000,0x00000000f5780000)
 ParOldGen       total 49152K, used 15250K [0x00000000c3a00000, 0x00000000c6a00000, 0x00000000ebe00000)
  object space 49152K, 31% used [0x00000000c3a00000,0x00000000c48e4ab0,0x00000000c6a00000)
 Metaspace       used 30352K, capacity 30646K, committed 30848K, reserved 1077248K
  class space    used 3766K, capacity 3860K, committed 3968K, reserved 1048576K
}
Event: 5.986 GC heap before
{Heap before GC invocations=10 (full 1):
 PSYoungGen      total 156160K, used 102713K [0x00000000ebe00000, 0x00000000f8800000, 0x0000000100000000)
  eden space 143360K, 64% used [0x00000000ebe00000,0x00000000f1865128,0x00000000f4a00000)
  from space 12800K, 79% used [0x00000000f5780000,0x00000000f61695a8,0x00000000f6400000)
  to   space 13824K, 0% used [0x00000000f4a00000,0x00000000f4a00000,0x00000000f5780000)
 ParOldGen       total 49152K, used 15250K [0x00000000c3a00000, 0x00000000c6a00000, 0x00000000ebe00000)
  object space 49152K, 31% used [0x00000000c3a00000,0x00000000c48e4ab0,0x00000000c6a00000)
 Metaspace       used 35024K, capacity 35350K, committed 35496K, reserved 1081344K
  class space    used 4503K, capacity 4580K, committed 4608K, reserved 1048576K
Event: 6.009 GC heap after
Heap after GC invocations=10 (full 1):
 PSYoungGen      total 157184K, used 13604K [0x00000000ebe00000, 0x00000000f9600000, 0x0000000100000000)
  eden space 143360K, 0% used [0x00000000ebe00000,0x00000000ebe00000,0x00000000f4a00000)
  from space 13824K, 98% used [0x00000000f4a00000,0x00000000f57493e8,0x00000000f5780000)
  to   space 16384K, 0% used [0x00000000f8600000,0x00000000f8600000,0x00000000f9600000)
 ParOldGen       total 49152K, used 15258K [0x00000000c3a00000, 0x00000000c6a00000, 0x00000000ebe00000)
  object space 49152K, 31% used [0x00000000c3a00000,0x00000000c48e6ab0,0x00000000c6a00000)
 Metaspace       used 35024K, capacity 35350K, committed 35496K, reserved 1081344K
  class space    used 4503K, capacity 4580K, committed 4608K, reserved 1048576K
}
Event: 6.009 GC heap before
{Heap before GC invocations=11 (full 2):
 PSYoungGen      total 157184K, used 13604K [0x00000000ebe00000, 0x00000000f9600000, 0x0000000100000000)
  eden space 143360K, 0% used [0x00000000ebe00000,0x00000000ebe00000,0x00000000f4a00000)
  from space 13824K, 98% used [0x00000000f4a00000,0x00000000f57493e8,0x00000000f5780000)
  to   space 16384K, 0% used [0x00000000f8600000,0x00000000f8600000,0x00000000f9600000)
 ParOldGen       total 49152K, used 15258K [0x00000000c3a00000, 0x00000000c6a00000, 0x00000000ebe00000)
  object space 49152K, 31% used [0x00000000c3a00000,0x00000000c48e6ab0,0x00000000c6a00000)
 Metaspace       used 35024K, capacity 35350K, committed 35496K, reserved 1081344K
  class space    used 4503K, capacity 4580K, committed 4608K, reserved 1048576K
Event: 6.107 GC heap after
Heap after GC invocations=11 (full 2):
 PSYoungGen      total 157184K, used 0K [0x00000000ebe00000, 0x00000000f9600000, 0x0000000100000000)
  eden space 143360K, 0% used [0x00000000ebe00000,0x00000000ebe00000,0x00000000f4a00000)
  from space 13824K, 0% used [0x00000000f4a00000,0x00000000f4a00000,0x00000000f5780000)
  to   space 16384K, 0% used [0x00000000f8600000,0x00000000f8600000,0x00000000f9600000)
 ParOldGen       total 68608K, used 22344K [0x00000000c3a00000, 0x00000000c7d00000, 0x00000000ebe00000)
  object space 68608K, 32% used [0x00000000c3a00000,0x00000000c4fd2360,0x00000000c7d00000)
 Metaspace       used 35024K, capacity 35350K, committed 35496K, reserved 1081344K
  class space    used 4503K, capacity 4580K, committed 4608K, reserved 1048576K
}
Event: 7.936 GC heap before
{Heap before GC invocations=12 (full 2):
 PSYoungGen      total 157184K, used 143360K [0x00000000ebe00000, 0x00000000f9600000, 0x0000000100000000)
  eden space 143360K, 100% used [0x00000000ebe00000,0x00000000f4a00000,0x00000000f4a00000)
  from space 13824K, 0% used [0x00000000f4a00000,0x00000000f4a00000,0x00000000f5780000)
  to   space 16384K, 0% used [0x00000000f8600000,0x00000000f8600000,0x00000000f9600000)
 ParOldGen       total 68608K, used 22344K [0x00000000c3a00000, 0x00000000c7d00000, 0x00000000ebe00000)
  object space 68608K, 32% used [0x00000000c3a00000,0x00000000c4fd2360,0x00000000c7d00000)
 Metaspace       used 44058K, capacity 44410K, committed 44544K, reserved 1087488K
  class space    used 5772K, capacity 5866K, committed 5888K, reserved 1048576K
Event: 7.960 GC heap after
Heap after GC invocations=12 (full 2):
 PSYoungGen      total 195072K, used 13362K [0x00000000ebe00000, 0x00000000f9380000, 0x0000000100000000)
  eden space 181248K, 0% used [0x00000000ebe00000,0x00000000ebe00000,0x00000000f6f00000)
  from space 13824K, 96% used [0x00000000f8600000,0x00000000f930ca00,0x00000000f9380000)
  to   space 17408K, 0% used [0x00000000f7180000,0x00000000f7180000,0x00000000f8280000)
 ParOldGen       total 68608K, used 22352K [0x00000000c3a00000, 0x00000000c7d00000, 0x00000000ebe00000)
  object space 68608K, 32% used [0x00000000c3a00000,0x00000000c4fd4360,0x00000000c7d00000)
 Metaspace       used 44058K, capacity 44410K, committed 44544K, reserved 1087488K
  class space    used 5772K, capacity 5866K, committed 5888K, reserved 1048576K
}

Deoptimization events (10 events):
Event: 6.434 Thread 0x00007fbf94010000 Uncommon trap: reason=null_check action=make_not_entrant pc=0x00007fbf84c329fc method=java.lang.Class.createAnnotationData(I)Ljava/lang/Class$AnnotationData; @ 14
Event: 6.540 Thread 0x00007fbf94010000 Uncommon trap: reason=unstable_if action=reinterpret pc=0x00007fbf8517dca8 method=sun.security.provider.DigestBase.engineUpdate([BII)V @ 35
Event: 6.667 Thread 0x00007fbf94010000 Uncommon trap: reason=unstable_if action=reinterpret pc=0x00007fbf84ea7fec method=java.util.HashMap.putVal(ILjava/lang/Object;Ljava/lang/Object;ZZ)Ljava/lang/Object; @ 162
Event: 6.667 Thread 0x00007fbf94010000 Uncommon trap: reason=unstable_if action=reinterpret pc=0x00007fbf84cf3868 method=java.util.HashMap.resize()[Ljava/util/HashMap$Node; @ 206
Event: 6.667 Thread 0x00007fbf94010000 Uncommon trap: reason=unstable_if action=reinterpret pc=0x00007fbf84dbb950 method=java.util.HashMap.getNode(ILjava/lang/Object;)Ljava/util/HashMap$Node; @ 84
Event: 6.667 Thread 0x00007fbf94010000 Uncommon trap: reason=unstable_if action=reinterpret pc=0x00007fbf84d67200 method=java.util.HashMap.getNode(ILjava/lang/Object;)Ljava/util/HashMap$Node; @ 84
Event: 6.667 Thread 0x00007fbf94010000 Uncommon trap: reason=unstable_if action=reinterpret pc=0x00007fbf84ea748c method=java.util.HashMap.putVal(ILjava/lang/Object;Ljava/lang/Object;ZZ)Ljava/lang/Object; @ 109
Event: 7.242 Thread 0x00007fbf94010000 Uncommon trap: reason=null_check action=make_not_entrant pc=0x00007fbf8546dd20 method=org.springframework.util.ClassUtils.isAssignable(Ljava/lang/Class;Ljava/lang/Class;)Z @ 14
Event: 7.431 Thread 0x00007fbf94010000 Uncommon trap: reason=class_check action=maybe_recompile pc=0x00007fbf8514b514 method=java.util.regex.Pattern$Curly.match(Ljava/util/regex/Matcher;ILjava/lang/CharSequence;)Z @ 19
Event: 8.262 Thread 0x00007fbf94010000 Uncommon trap: reason=unstable_if action=reinterpret pc=0x00007fbf8547f3f4 method=org.springframework.util.ConcurrentReferenceHashMap$Segment.clear()V @ 4

Internal exceptions (10 events):
Event: 8.156 Thread 0x00007fbf94010000 Exception <a 'java/lang/ClassNotFoundException': org/springframework/boot/autoconfigure/web/WebClientAutoConfigurationCustomizer> (0x00000000ed2c8a88) thrown at [/HUDSON3/workspace/8-2-build-linux-amd64/jdk8u121/8372/hotspot/src/share/vm/classfile/systemD
Event: 8.156 Thread 0x00007fbf94010000 Exception <a 'java/lang/ClassNotFoundException': org/springframework/boot/autoconfigure/web/WebClientAutoConfiguration$$EnhancerBySpringCGLIB$$52d5929eCustomizer> (0x00000000ed2ecaa0) thrown at [/HUDSON3/workspace/8-2-build-linux-amd64/jdk8u121/8372/hotsp
Event: 8.157 Thread 0x00007fbf94010000 Exception <a 'java/lang/ClassNotFoundException': org/springframework/context/annotation/ConfigurationClassEnhancer$EnhancedConfigurationCustomizer> (0x00000000ed3114f8) thrown at [/HUDSON3/workspace/8-2-build-linux-amd64/jdk8u121/8372/hotspot/src/share/vm
Event: 8.360 Thread 0x00007fbf94010000 Exception <a 'java/lang/ClassNotFoundException': java/lang/ObjectCustomizer> (0x00000000ee41f880) thrown at [/HUDSON3/workspace/8-2-build-linux-amd64/jdk8u121/8372/hotspot/src/share/vm/classfile/systemDictionary.cpp, line 210]
Event: 8.361 Thread 0x00007fbf94010000 Exception <a 'java/lang/ClassNotFoundException': org/springframework/test/context/testng/AbstractTestNGSpringContextTestsCustomizer> (0x00000000ee43dce8) thrown at [/HUDSON3/workspace/8-2-build-linux-amd64/jdk8u121/8372/hotspot/src/share/vm/classfile/syst
Event: 8.362 Thread 0x00007fbf94010000 Exception <a 'java/lang/ClassNotFoundException': com/example/crudtest/CRUDTestCustomizer> (0x00000000ee450c20) thrown at [/HUDSON3/workspace/8-2-build-linux-amd64/jdk8u121/8372/hotspot/src/share/vm/classfile/systemDictionary.cpp, line 210]
Event: 8.362 Thread 0x00007fbf94010000 Exception <a 'java/lang/ClassNotFoundException': org/testng/IHookableCustomizer> (0x00000000ee4619b8) thrown at [/HUDSON3/workspace/8-2-build-linux-amd64/jdk8u121/8372/hotspot/src/share/vm/classfile/systemDictionary.cpp, line 210]
Event: 8.363 Thread 0x00007fbf94010000 Exception <a 'java/lang/ClassNotFoundException': org/springframework/context/ApplicationContextAwareCustomizer> (0x00000000ee478278) thrown at [/HUDSON3/workspace/8-2-build-linux-amd64/jdk8u121/8372/hotspot/src/share/vm/classfile/systemDictionary.cpp, lin
Event: 8.395 Thread 0x00007fbf94010000 Exception <a 'java/lang/ClassNotFoundException': java/lang/ObjectCustomizer> (0x00000000ee607700) thrown at [/HUDSON3/workspace/8-2-build-linux-amd64/jdk8u121/8372/hotspot/src/share/vm/classfile/systemDictionary.cpp, line 210]
Event: 8.395 Thread 0x00007fbf94010000 Exception <a 'java/lang/ClassNotFoundException': com/example/entity/BookCustomizer> (0x00000000ee61a400) thrown at [/HUDSON3/workspace/8-2-build-linux-amd64/jdk8u121/8372/hotspot/src/share/vm/classfile/systemDictionary.cpp, line 210]

Events (10 events):
Event: 8.402 loading class org/hibernate/engine/jdbc/internal/FormatStyle
Event: 8.402 loading class org/hibernate/engine/jdbc/internal/FormatStyle done
Event: 8.403 loading class org/hibernate/engine/jdbc/internal/Formatter
Event: 8.403 loading class org/hibernate/engine/jdbc/internal/Formatter done
Event: 8.403 loading class org/hibernate/engine/jdbc/internal/BasicFormatterImpl
Event: 8.403 loading class org/hibernate/engine/jdbc/internal/BasicFormatterImpl done
Event: 8.404 loading class org/hibernate/engine/jdbc/internal/DDLFormatterImpl
Event: 8.404 loading class org/hibernate/engine/jdbc/internal/DDLFormatterImpl done
Event: 8.404 loading class org/hibernate/engine/jdbc/internal/FormatStyle$NoFormatImpl
Event: 8.404 loading class org/hibernate/engine/jdbc/internal/FormatStyle$NoFormatImpl done


Dynamic libraries:
00400000-00401000 r-xp 00000000 08:03 3554757                            /usr/lib/jvm/java-8-oracle/bin/java
00600000-00601000 rw-p 00000000 08:03 3554757                            /usr/lib/jvm/java-8-oracle/bin/java
0114c000-0116d000 rw-p 00000000 00:00 0                                  [heap]
c3a00000-c7d00000 rw-p 00000000 00:00 0 
c7d00000-ebe00000 ---p 00000000 00:00 0 
ebe00000-f9380000 rw-p 00000000 00:00 0 
f9380000-100000000 ---p 00000000 00:00 0 
100000000-100600000 rw-p 00000000 00:00 0 
100600000-140000000 ---p 00000000 00:00 0 
7fbf18000000-7fbf18021000 rw-p 00000000 00:00 0 
7fbf18021000-7fbf1c000000 ---p 00000000 00:00 0 
7fbf1feff000-7fbf1ff02000 ---p 00000000 00:00 0 
7fbf1ff02000-7fbf20000000 rw-p 00000000 00:00 0                          [stack:4333]
7fbf20000000-7fbf20021000 rw-p 00000000 00:00 0 
7fbf20021000-7fbf24000000 ---p 00000000 00:00 0 
7fbf24000000-7fbf24021000 rw-p 00000000 00:00 0 
7fbf24021000-7fbf28000000 ---p 00000000 00:00 0 
7fbf28000000-7fbf28021000 rw-p 00000000 00:00 0 
7fbf28021000-7fbf2c000000 ---p 00000000 00:00 0 
7fbf2c000000-7fbf2c021000 rw-p 00000000 00:00 0 
7fbf2c021000-7fbf30000000 ---p 00000000 00:00 0 
7fbf30000000-7fbf30021000 rw-p 00000000 00:00 0 
7fbf30021000-7fbf34000000 ---p 00000000 00:00 0 
7fbf34000000-7fbf34021000 rw-p 00000000 00:00 0 
7fbf34021000-7fbf38000000 ---p 00000000 00:00 0 
7fbf38000000-7fbf38096000 rw-p 00000000 00:00 0 
7fbf38096000-7fbf3c000000 ---p 00000000 00:00 0 
7fbf3c000000-7fbf3c021000 rw-p 00000000 00:00 0 
7fbf3c021000-7fbf40000000 ---p 00000000 00:00 0 
7fbf40000000-7fbf40021000 rw-p 00000000 00:00 0 
7fbf40021000-7fbf44000000 ---p 00000000 00:00 0 
7fbf44000000-7fbf441cf000 rw-p 00000000 00:00 0 
7fbf441cf000-7fbf48000000 ---p 00000000 00:00 0 
7fbf48000000-7fbf48021000 rw-p 00000000 00:00 0 
7fbf48021000-7fbf4c000000 ---p 00000000 00:00 0 
7fbf4c000000-7fbf4c021000 rw-p 00000000 00:00 0 
7fbf4c021000-7fbf50000000 ---p 00000000 00:00 0 
7fbf50000000-7fbf51793000 rw-p 00000000 00:00 0 
7fbf51793000-7fbf54000000 ---p 00000000 00:00 0 
7fbf54000000-7fbf55272000 rw-p 00000000 00:00 0 
7fbf55272000-7fbf58000000 ---p 00000000 00:00 0 
7fbf58000000-7fbf58021000 rw-p 00000000 00:00 0 
7fbf58021000-7fbf5c000000 ---p 00000000 00:00 0 
7fbf5c000000-7fbf5d685000 rw-p 00000000 00:00 0 
7fbf5d685000-7fbf60000000 ---p 00000000 00:00 0 
7fbf60000000-7fbf60021000 rw-p 00000000 00:00 0 
7fbf60021000-7fbf64000000 ---p 00000000 00:00 0 
7fbf64000000-7fbf64021000 rw-p 00000000 00:00 0 
7fbf64021000-7fbf68000000 ---p 00000000 00:00 0 
7fbf68017000-7fbf6801a000 ---p 00000000 00:00 0 
7fbf6801a000-7fbf68118000 rw-p 00000000 00:00 0                          [stack:4332]
7fbf68118000-7fbf6811b000 ---p 00000000 00:00 0 
7fbf6811b000-7fbf68219000 rw-p 00000000 00:00 0                          [stack:4331]
7fbf68219000-7fbf6821c000 ---p 00000000 00:00 0 
7fbf6821c000-7fbf6831a000 rw-p 00000000 00:00 0                          [stack:4330]
7fbf6831a000-7fbf6831d000 ---p 00000000 00:00 0 
7fbf6831d000-7fbf684db000 rw-p 00000000 00:00 0                          [stack:4329]
7fbf684db000-7fbf6861b000 ---p 00000000 00:00 0 
7fbf6861b000-7fbf6881b000 rw-p 00000000 00:00 0 
7fbf6881b000-7fbf68a1b000 rw-p 00000000 00:00 0 
7fbf68a1b000-7fbf68c1b000 rw-p 00000000 00:00 0 
7fbf68c1b000-7fbf68c9f000 r-xp 00000000 08:03 5917606                    /tmp/sqlite-3.7.2-libsqlitejdbc.so
7fbf68c9f000-7fbf68e9f000 ---p 00084000 08:03 5917606                    /tmp/sqlite-3.7.2-libsqlitejdbc.so
7fbf68e9f000-7fbf68ea0000 r--p 00084000 08:03 5917606                    /tmp/sqlite-3.7.2-libsqlitejdbc.so
7fbf68ea0000-7fbf68ea3000 rw-p 00085000 08:03 5917606                    /tmp/sqlite-3.7.2-libsqlitejdbc.so
7fbf68ea3000-7fbf690a3000 rw-p 00000000 00:00 0 
7fbf690a3000-7fbf690a6000 ---p 00000000 00:00 0 
7fbf690a6000-7fbf693a4000 rw-p 00000000 00:00 0                          [stack:4328]
7fbf693a4000-7fbf693a7000 ---p 00000000 00:00 0 
7fbf693a7000-7fbf694a5000 rw-p 00000000 00:00 0                          [stack:4327]
7fbf694a5000-7fbf694a8000 ---p 00000000 00:00 0 
7fbf694a8000-7fbf697a6000 rw-p 00000000 00:00 0                          [stack:4326]
7fbf697a6000-7fbf697a9000 ---p 00000000 00:00 0 
7fbf697a9000-7fbf69aa7000 rw-p 00000000 00:00 0                          [stack:4325]
7fbf69ac4000-7fbf69cc5000 rw-p 00000000 00:00 0 
7fbf69cc5000-7fbf69cd8000 r--s 00345000 08:03 3569668                    /usr/lib/jvm/java-8-oracle/jre/lib/resources.jar
7fbf69cd8000-7fbf69ed8000 rw-p 00000000 00:00 0 
7fbf69ed8000-7fbf69f6d000 r--s 01109000 08:03 3569596                    /usr/lib/jvm/java-8-oracle/jre/lib/ext/jfxrt.jar
7fbf69f6d000-7fbf6a16d000 rw-p 00000000 00:00 0 
7fbf6a16d000-7fbf6a17e000 r-xp 00000000 08:03 4870868                    /usr/lib/jvm/java-8-oracle/jre/lib/amd64/libnio.so
7fbf6a17e000-7fbf6a37d000 ---p 00011000 08:03 4870868                    /usr/lib/jvm/java-8-oracle/jre/lib/amd64/libnio.so
7fbf6a37d000-7fbf6a37e000 rw-p 00010000 08:03 4870868                    /usr/lib/jvm/java-8-oracle/jre/lib/amd64/libnio.so
7fbf6a37e000-7fbf6a57e000 rw-p 00000000 00:00 0 
7fbf6a57e000-7fbf6a583000 r--s 002f9000 08:03 3569547                    /usr/lib/jvm/java-8-oracle/jre/lib/charsets.jar
7fbf6a583000-7fbf6a783000 rw-p 00000000 00:00 0 
7fbf6a783000-7fbf6a786000 ---p 00000000 00:00 0 
7fbf6a786000-7fbf6a884000 rw-p 00000000 00:00 0                          [stack:4324]
7fbf6a884000-7fbf6a88d000 r-xp 00000000 08:03 4870832                    /usr/lib/jvm/java-8-oracle/jre/lib/amd64/libmanagement.so
7fbf6a88d000-7fbf6aa8c000 ---p 00009000 08:03 4870832                    /usr/lib/jvm/java-8-oracle/jre/lib/amd64/libmanagement.so
7fbf6aa8c000-7fbf6aa8d000 rw-p 00008000 08:03 4870832                    /usr/lib/jvm/java-8-oracle/jre/lib/amd64/libmanagement.so
7fbf6aa8d000-7fbf6ac8d000 rw-p 00000000 00:00 0 
7fbf6ac8d000-7fbf6ae8d000 rw-p 00000000 00:00 0 
7fbf6ae8d000-7fbf6b08d000 rw-p 00000000 00:00 0 
7fbf6b08d000-7fbf6b091000 r--s 0009a000 08:03 3569602                    /usr/lib/jvm/java-8-oracle/jre/lib/jsse.jar
7fbf6b091000-7fbf6b094000 ---p 00000000 00:00 0 
7fbf6b094000-7fbf6b192000 rw-p 00000000 00:00 0                          [stack:4322]
7fbf6b192000-7fbf6b1a8000 r-xp 00000000 08:03 4870893                    /usr/lib/jvm/java-8-oracle/jre/lib/amd64/libnet.so
7fbf6b1a8000-7fbf6b3a8000 ---p 00016000 08:03 4870893                    /usr/lib/jvm/java-8-oracle/jre/lib/amd64/libnet.so
7fbf6b3a8000-7fbf6b3a9000 rw-p 00016000 08:03 4870893                    /usr/lib/jvm/java-8-oracle/jre/lib/amd64/libnet.so
7fbf6b3a9000-7fbf6b3aa000 r--s 0000c000 08:03 5916924                    /home/sharmila/.gradle/caches/modules-2/files-2.1/org.ow2.asm/asm/5.0.3/dcc2193db20e19e1feca8b1240dbbc4e190824fa/asm-5.0.3.jar
7fbf6b3aa000-7fbf6b3b4000 r--s 00069000 08:03 5923589                    /home/sharmila/.gradle/caches/modules-2/files-2.1/ch.qos.logback/logback-core/1.1.8/b4d1c3dea91727faf8b3d19cf4b9b972d6c0b89/logback-core-1.1.8.jar
7fbf6b3b4000-7fbf6b3b6000 r--s 00012000 08:03 5916922                    /home/sharmila/.gradle/caches/modules-2/files-2.1/net.minidev/accessors-smart/1.1/a527213f2fea112a04c9bdf0ec0264e34104cd08/accessors-smart-1.1.jar
7fbf6b3b6000-7fbf6b3b8000 r--s 00009000 08:03 5923902                    /home/sharmila/.gradle/caches/modules-2/files-2.1/org.apache.tomcat/tomcat-juli/8.5.6/83d2d1e3362ecca504f3bf8ed1bc4cc451754d24/tomcat-juli-8.5.6.jar
7fbf6b3b8000-7fbf6b3c1000 r--s 0002d000 08:03 5923903                    /home/sharmila/.gradle/caches/modules-2/files-2.1/xml-apis/xml-apis/1.4.01/3789d9fada2d3d458c4ba2de349d48780f381ee3/xml-apis-1.4.01.jar
7fbf6b3c1000-7fbf6b3c3000 r--s 00004000 08:03 5923588                    /home/sharmila/.gradle/caches/modules-2/files-2.1/org.slf4j/log4j-over-slf4j/1.7.22/a527c37e9ca6c3d19ba298edd4aa344ca751a203/log4j-over-slf4j-1.7.22.jar
7fbf6b3c3000-7fbf6b3c5000 r--s 00000000 08:03 5923587                    /home/sharmila/.gradle/caches/modules-2/files-2.1/org.slf4j/jul-to-slf4j/1.7.22/b0429e950b3d2bc2c39c1bacafac753edbe3781c/jul-to-slf4j-1.7.22.jar
7fbf6b3c5000-7fbf6b3cb000 r--s 00045000 08:03 5923585                    /home/sharmila/.gradle/caches/modules-2/files-2.1/ch.qos.logback/logback-classic/1.1.8/e54f49a227611976642f81cf2106b81c1ece8bf5/logback-classic-1.1.8.jar
7fbf6b3cb000-7fbf6b3cc000 r--s 0000f000 08:03 5916909                    /home/sharmila/.gradle/caches/modules-2/files-2.1/org.json/json/20140107/d1ffca6e2482b002702c6a576166fd685e3370e3/json-20140107.jar
7fbf6b3cc000-7fbf6b3ce000 r--s 00009000 08:03 5916921                    /home/sharmila/.gradle/caches/modules-2/files-2.1/org.objenesis/objenesis/2.1/87c0ea803b69252868d09308b4618f766f135a96/objenesis-2.1.jar
7fbf6b3ce000-7fbf6b3d1000 r--s 0001b000 08:03 5916920                    /home/sharmila/.gradle/caches/modules-2/files-2.1/net.minidev/json-smart/2.2.1/5b9e5df7a62d1279b70dc882b041d249c4f0b002/json-smart-2.2.1.jar
7fbf6b3d1000-7fbf6b3d3000 r--s 00003000 08:03 5923586                    /home/sharmila/.gradle/caches/modules-2/files-2.1/org.slf4j/jcl-over-slf4j/1.7.22/86ceac14535af5a42c8fb0d06d79b925dd3cb263/jcl-over-slf4j-1.7.22.jar
7fbf6b3d3000-7fbf6b3d5000 r--s 00009000 08:03 5923584                    /home/sharmila/.gradle/caches/modules-2/files-2.1/org.slf4j/slf4j-api/1.7.22/a1c83373863cec7ae8d89dc1c5722d8cb6ec0309/slf4j-api-1.7.22.jar
7fbf6b3d5000-7fbf6b3dd000 r--s 0003a000 08:03 5923901                    /home/sharmila/.gradle/caches/modules-2/files-2.1/org.springframework/spring-tx/4.3.5.RELEASE/296d8ae21fadc0f115dae7d1e8d5c4f8c7de2c3e/spring-tx-4.3.5.RELEASE.jar
7fbf6b3dd000-7fbf6b3e7000 r--s 0006b000 08:03 5923900                    /home/sharmila/.gradle/caches/modules-2/files-2.1/org.springframework/spring-orm/4.3.5.RELEASE/64c29d310b69bcc6e1fd5a738fa3629bdedb2d3f/spring-orm-4.3.5.RELEASE.jar
7fbf6b3e7000-7fbf6b3f7000 r--s 0009a000 08:03 5923899                    /home/sharmila/.gradle/caches/modules-2/files-2.1/org.springframework.data/spring-data-commons/1.12.6.RELEASE/b6403dcfce33e89613f364d80d653d7540279c47/spring-data-commons-1.12.6.RELEASE.jar
7fbf6b3f7000-7fbf6b401000 r--s 0005f000 08:03 5923898                    /home/sharmila/.gradle/caches/modules-2/files-2.1/org.springframework/spring-jdbc/4.3.5.RELEASE/7c09e38b6f6e0b178973dea06bb8fdc6d19aa596/spring-jdbc-4.3.5.RELEASE.jar
7fbf6b401000-7fbf6b404000 r--s 00020000 08:03 5923897                    /home/sharmila/.gradle/caches/modules-2/files-2.1/org.apache.tomcat/tomcat-jdbc/8.5.6/feb10a9e22f70565c7556f327b0481dba8587bbc/tomcat-jdbc-8.5.6.jar
7fbf6b404000-7fbf6b41d000 r--s 001af000 08:03 5923896                    /home/sharmila/.gradle/caches/modules-2/files-2.1/org.aspectj/aspectjweaver/1.8.9/db28774f477f07220eac18d5ec9c4e01f48589d7/aspectjweaver-1.8.9.jar
7fbf6b41d000-7fbf6b420000 r--s 00010000 08:03 5923833                    /home/sharmila/.gradle/caches/modules-2/files-2.1/org.hibernate.common/hibernate-commons-annotations/5.0.1.Final/71e1cff3fcb20d3b3af4f3363c3ddb24d33c6879/hibernate-commons-annotations-5.0.1.Final.jar
7fbf6b420000-7fbf6b425000 r--s 00048000 08:03 5923832                    /home/sharmila/.gradle/caches/modules-2/files-2.1/dom4j/dom4j/1.6.1/5d3ccc056b6f056dbf0dddfdf43894b9065a8f94/dom4j-1.6.1.jar
7fbf6b425000-7fbf6b428000 r--s 0002b000 08:03 5923433                    /home/sharmila/.gradle/caches/modules-2/files-2.1/org.jboss/jandex/2.0.0.Final/3e899258936f94649c777193e1be846387ed54b3/jandex-2.0.0.Final.jar
7fbf6b428000-7fbf6b429000 r--s 00003000 08:03 5923830                    /home/sharmila/.gradle/caches/modules-2/files-2.1/org.apache.geronimo.specs/geronimo-jta_1.1_spec/1.1.1/aabab3165b8ea936b9360abbf448459c0d04a5a4/geronimo-jta_1.1_spec-1.1.1.jar
7fbf6b429000-7fbf6b42e000 r--s 00068000 08:03 5923829                    /home/sharmila/.gradle/caches/modules-2/files-2.1/antlr/antlr/2.7.7/83cd2cd674a217ade95a4bb83a8a14f351f48bd0/antlr-2.7.7.jar
7fbf6b42e000-7fbf6b433000 r--s 0003c000 08:03 5923583                    /home/sharmila/.gradle/caches/modules-2/files-2.1/org.springframework/spring-expression/4.3.5.RELEASE/3689dc6c5b942ecde4122eac889ed87977d6f287/spring-expression-4.3.5.RELEASE.jar
7fbf6b433000-7fbf6b44d000 r--s 000fc000 08:03 5923582                    /home/sharmila/.gradle/caches/modules-2/files-2.1/org.springframework/spring-context/4.3.5.RELEASE/ca3391c0e17d0138335ba51b51371661d20d56a8/spring-context-4.3.5.RELEASE.jar
7fbf6b44d000-7fbf6b45a000 r--s 000ad000 08:03 5923581                    /home/sharmila/.gradle/caches/modules-2/files-2.1/org.springframework/spring-beans/4.3.5.RELEASE/e12bbc3277da28e2e2608a187f83091dc6c300bf/spring-beans-4.3.5.RELEASE.jar
7fbf6b45a000-7fbf6b463000 r--s 00054000 08:03 5923580                    /home/sharmila/.gradle/caches/modules-2/files-2.1/org.springframework/spring-aop/4.3.5.RELEASE/4f113218af716bd8d174c411f19b26418b5a70f6/spring-aop-4.3.5.RELEASE.jar
7fbf6b463000-7fbf6b467000 r--s 00041000 08:03 5923579                    /home/sharmila/.gradle/caches/modules-2/files-2.1/com.fasterxml.jackson.core/jackson-core/2.8.5/60d059f5d2930ccd1ef03535b713fd9f933d1ba7/jackson-core-2.8.5.jar
7fbf6b467000-7fbf6b46a000 r--s 0000b000 08:03 5923578                    /home/sharmila/.gradle/caches/modules-2/files-2.1/com.fasterxml.jackson.core/jackson-annotations/2.8.5/9d82ff47bc2c2d3b5b6a6618fe636782bbcd5b07/jackson-annotations-2.8.5.jar
7fbf6b46a000-7fbf6b46c000 r--s 0000e000 08:03 5917543                    /home/sharmila/.gradle/caches/modules-2/files-2.1/com.fasterxml/classmate/1.3.3/864c8e370a691e343210cc7c532fc198cee460d8/classmate-1.3.3.jar
7fbf6b46c000-7fbf6b470000 r--s 0000c000 08:03 5916766                    /home/sharmila/.gradle/caches/modules-2/files-2.1/javax.validation/validation-api/1.1.0.Final/8613ae82954779d518631e05daa73a6a954817d5/validation-api-1.1.0.Final.jar
7fbf6b470000-7fbf6b475000 r--s 00036000 08:03 5917542                    /home/sharmila/.gradle/caches/modules-2/files-2.1/org.apache.tomcat.embed/tomcat-embed-websocket/8.5.6/6f6940a216b380ea8506530c374fcfeef820ba54/tomcat-embed-websocket-8.5.6.jar
7fbf6b475000-7fbf6b476000 r--s 00000000 08:03 5923577                    /home/sharmila/.gradle/caches/modules-2/files-2.1/org.springframework.boot/spring-boot-starter-logging/1.4.3.RELEASE/1c58783c0694abf695babfd39829922d2d501ec2/spring-boot-starter-logging-1.4.3.RELEASE.jar
7fbf6b476000-7fbf6b494000 r--s 000d0000 08:03 5923576                    /home/sharmila/.gradle/caches/modules-2/files-2.1/org.springframework.boot/spring-boot-autoconfigure/1.4.3.RELEASE/41df1bfbdd4ae4e8499ebe1a4bc613bda316d6e1/spring-boot-autoconfigure-1.4.3.RELEASE.jar
7fbf6b494000-7fbf6b4a4000 r--s 00092000 08:03 5923575                    /home/sharmila/.gradle/caches/modules-2/files-2.1/org.springframework.boot/spring-boot/1.4.3.RELEASE/17f94def4460075afdfba6bf8f897cd1fc95bf77/spring-boot-1.4.3.RELEASE.jar
7fbf6b4a4000-7fbf6b4b3000 r--s 00084000 08:03 5923574                    /home/sharmila/.gradle/caches/modules-2/files-2.1/org.springframework/spring-test/4.3.5.RELEASE/a1965127e07b469d8e5bb3d2b0ff850423b66be4/spring-test-4.3.5.RELEASE.jar
7fbf6b4b3000-7fbf6b4c9000 r--s 000fa000 08:03 5923530                    /home/sharmila/.gradle/caches/modules-2/files-2.1/org.springframework/spring-core/4.3.5.RELEASE/80299e3f80e8c6d5c076db2ba6adf44a4b52f578/spring-core-4.3.5.RELEASE.jar
7fbf6b4c9000-7fbf6b4ca000 r--s 00006000 08:03 5916915                    /home/sharmila/.gradle/caches/modules-2/files-2.1/org.skyscreamer/jsonassert/1.3.0/d5c250eb122496866de36dc84f98e2945845ecdd/jsonassert-1.3.0.jar
7fbf6b4ca000-7fbf6b4cc000 r--s 00009000 08:03 5913472                    /home/sharmila/.gradle/caches/modules-2/files-2.1/org.hamcrest/hamcrest-core/1.3/42a25dc3219429f0e5d060061f71acb49bf010a0/hamcrest-core-1.3.jar
7fbf6b4cc000-7fbf6b4e8000 r--s 00103000 08:03 5916914                    /home/sharmila/.gradle/caches/modules-2/files-2.1/org.mockito/mockito-core/1.10.19/e8546f5bef4e061d8dd73895b4e8f40e3fe6effe/mockito-core-1.10.19.jar
7fbf6b4e8000-7fbf6b4fb000 r--s 000d2000 08:03 5916913                    /home/sharmila/.gradle/caches/modules-2/files-2.1/org.assertj/assertj-core/2.5.0/fcd21db4c5f33e5dcac69bf1816415fe0647582f/assertj-core-2.5.0.jar
7fbf6b4fb000-7fbf6b500000 r--s 0002e000 08:03 5916911                    /home/sharmila/.gradle/caches/modules-2/files-2.1/com.jayway.jsonpath/json-path/2.2.0/22290d17944bd239fabf5ac69005a60a7ecbbbcb/json-path-2.2.0.jar
7fbf6b500000-7fbf6b505000 r--s 00017000 08:03 5923573                    /home/sharmila/.gradle/caches/modules-2/files-2.1/org.springframework.boot/spring-boot-test-autoconfigure/1.4.3.RELEASE/1a7587605e981a58104a501ab1896e2eb7a76686/spring-boot-test-autoconfigure-1.4.3.RELEASE.jar
7fbf6b505000-7fbf6b50a000 r--s 00021000 08:03 5923572                    /home/sharmila/.gradle/caches/modules-2/files-2.1/org.springframework.boot/spring-boot-test/1.4.3.RELEASE/2d76638f0f13b33859bf3b927c232ff0f8a4ffbf/spring-boot-test-1.4.3.RELEASE.jar
7fbf6b50a000-7fbf6b510000 r--s 0003d000 08:03 5916762                    /home/sharmila/.gradle/caches/modules-2/files-2.1/org.yaml/snakeyaml/1.17/7a27ea250c5130b2922b86dea63cbb1cc10a660c/snakeyaml-1.17.jar
7fbf6b510000-7fbf6b512000 r--s 00006000 08:03 5923638                    /home/sharmila/.gradle/caches/modules-2/files-2.1/com.beust/jcommander/1.12/7409692b48022f9eca7445861defbcdb9ee3c2a8/jcommander-1.12.jar
7fbf6b512000-7fbf6b517000 r--s 00040000 08:03 5923637                    /home/sharmila/.gradle/caches/modules-2/files-2.1/org.beanshell/bsh/2.0b4/a05f0a0feefa8d8467ac80e16e7de071489f0d9c/bsh-2.0b4.jar
7fbf6b517000-7fbf6b51f000 r--s 00045000 08:03 5913471                    /home/sharmila/.gradle/caches/modules-2/files-2.1/junit/junit/4.12/2973d150c0dc1fefe998f834810d68f278ea58ec/junit-4.12.jar
7fbf6b51f000-7fbf6b522000 r--s 0000c000 08:03 5923895                    /home/sharmila/.gradle/caches/modules-2/files-2.1/org.springframework/spring-aspects/4.3.5.RELEASE/8c00c15865a1da0a1ba143a50622a8436a56e097/spring-aspects-4.3.5.RELEASE.jar
7fbf6b522000-7fbf6b528000 r--s 0003f000 08:03 5923894                    /home/sharmila/.gradle/caches/modules-2/files-2.1/org.springframework.data/spring-data-jpa/1.10.6.RELEASE/5d478860b24a493845248c1c336c33a657567bd3/spring-data-jpa-1.10.6.RELEASE.jar
7fbf6b528000-7fbf6b52a000 r--s 00006000 08:03 5923893                    /home/sharmila/.gradle/caches/modules-2/files-2.1/javax.transaction/javax.transaction-api/1.2/d81aff979d603edd90dcd8db2abc1f4ce6479e3e/javax.transaction-api-1.2.jar
7fbf6b52a000-7fbf6b537000 r--s 00089000 08:03 5923892                    /home/sharmila/.gradle/caches/modules-2/files-2.1/org.hibernate/hibernate-entitymanager/5.0.11.Final/549565caed4e0bcb816843693e66ff7b04ce025f/hibernate-entitymanager-5.0.11.Final.jar
7fbf6b537000-7fbf6b541000 r--s 000ae000 08:03 5916958                    /home/sharmila/.gradle/caches/modules-2/files-2.1/org.javassist/javassist/3.20.0-GA/a9cbcdfb7e9f86fbc74d3afae65f2248bfbf82a0/javassist-3.20.0-GA.jar
7fbf6b541000-7fbf6b5aa000 r--s 004f3000 08:03 5923432                    /home/sharmila/.gradle/caches/modules-2/files-2.1/org.hibernate/hibernate-core/5.0.11.Final/c2487fb72a2217a7cec9ab478d4c21a36fc09977/hibernate-core-5.0.11.Final.jar
7fbf6b5aa000-7fbf6b5bd000 r--s 00236000 08:03 5916949                    /home/sharmila/.gradle/caches/modules-2/files-2.1/org.eclipse.jdt.core.compiler/ecj/4.5.1/bee1367ac12fb6a20b422ff8711ebeb4f0a42316/ecj-4.5.1.jar
7fbf6b5bd000-7fbf6b5e6000 r--s 002b2000 08:03 5917540                    /home/sharmila/.gradle/caches/modules-2/files-2.1/org.apache.tomcat.embed/tomcat-embed-core/8.5.6/960834b5abc6b2135250487abf6c060a0fa5a22e/tomcat-embed-core-8.5.6.jar
7fbf6b5e6000-7fbf6b5f7000 r--s 000cf000 08:03 5923571                    /home/sharmila/.gradle/caches/modules-2/files-2.1/org.springframework/spring-webmvc/4.3.5.RELEASE/c624659217edab07d8279fb0f90462136f089220/spring-webmvc-4.3.5.RELEASE.jar
7fbf6b5f7000-7fbf6b609000 r--s 000b6000 08:03 5923570                    /home/sharmila/.gradle/caches/modules-2/files-2.1/org.springframework/spring-web/4.3.5.RELEASE/6641daccf2fddafc8358144f3a4f999130fdf144/spring-web-4.3.5.RELEASE.jar
7fbf6b609000-7fbf6b61a000 r--s 0011d000 08:03 5923569                    /home/sharmila/.gradle/caches/modules-2/files-2.1/com.fasterxml.jackson.core/jackson-databind/2.8.5/b3035f37e674c04dafe36a660c3815cc59f764e2/jackson-databind-2.8.5.jar
7fbf6b61a000-7fbf6b61b000 ---p 00000000 00:00 0 
7fbf6b61b000-7fbf6b71b000 rw-p 00000000 00:00 0                          [stack:4320]
7fbf6b71b000-7fbf6b71e000 ---p 00000000 00:00 0 
7fbf6b71e000-7fbf6b81c000 rw-p 00000000 00:00 0                          [stack:4319]
7fbf6b81c000-7fbf6b81f000 ---p 00000000 00:00 0 
7fbf6b81f000-7fbf6b91d000 rw-p 00000000 00:00 0                          [stack:4318]
7fbf6b91d000-7fbf6c000000 r--p 00000000 08:03 3152909                    /usr/lib/locale/locale-archive
7fbf6c000000-7fbf6c021000 rw-p 00000000 00:00 0 
7fbf6c021000-7fbf70000000 ---p 00000000 00:00 0 
7fbf70000000-7fbf70021000 rw-p 00000000 00:00 0 
7fbf70021000-7fbf74000000 ---p 00000000 00:00 0 
7fbf74000000-7fbf74030000 rw-p 00000000 00:00 0 
7fbf74030000-7fbf78000000 ---p 00000000 00:00 0 
7fbf78000000-7fbf78021000 rw-p 00000000 00:00 0 
7fbf78021000-7fbf7c000000 ---p 00000000 00:00 0 
7fbf7c000000-7fbf7c021000 rw-p 00000000 00:00 0 
7fbf7c021000-7fbf80000000 ---p 00000000 00:00 0 
7fbf80000000-7fbf80005000 r--s 00017000 08:03 5923828                    /home/sharmila/.gradle/caches/modules-2/files-2.1/org.hibernate.javax.persistence/hibernate-jpa-2.1-api/1.0.0.Final/5e731d961297e5a07290bfaf3db1fbc8bbbf405a/hibernate-jpa-2.1-api-1.0.0.Final.jar
7fbf80005000-7fbf8000a000 r--s 00036000 08:03 5917541                    /home/sharmila/.gradle/caches/modules-2/files-2.1/org.apache.tomcat.embed/tomcat-embed-el/8.5.6/a102298d8dc72f4065533d5962953d753b172602/tomcat-embed-el-8.5.6.jar
7fbf8000a000-7fbf8001a000 r--s 0009c000 08:03 5916756                    /home/sharmila/.gradle/caches/modules-2/files-2.1/org.hibernate/hibernate-validator/5.2.4.Final/fb18766b576aa6632bcfe9a20a023cbd52bf9769/hibernate-validator-5.2.4.Final.jar
7fbf8001a000-7fbf80026000 r--s 000a4000 08:03 5923636                    /home/sharmila/.gradle/caches/modules-2/files-2.1/org.testng/testng/6.5.2/5069d2e72356ed87645c5fc3622b0bbb5e0667c9/testng-6.5.2.jar
7fbf80026000-7fbf8002b000 r--s 00309000 08:03 5923826                    /home/sharmila/.gradle/caches/modules-2/files-2.1/org.xerial/sqlite-jdbc/3.7.2/7a3d67f00508d3881650579f7f228c61bfc1b196/sqlite-jdbc-3.7.2.jar
7fbf8002b000-7fbf8002e000 ---p 00000000 00:00 0 
7fbf8002e000-7fbf8012c000 rw-p 00000000 00:00 0                          [stack:4317]
7fbf8012c000-7fbf8012f000 ---p 00000000 00:00 0 
7fbf8012f000-7fbf8022d000 rw-p 00000000 00:00 0                          [stack:4316]
7fbf8022d000-7fbf80230000 ---p 00000000 00:00 0 
7fbf80230000-7fbf8032e000 rw-p 00000000 00:00 0                          [stack:4315]
7fbf8032e000-7fbf80331000 ---p 00000000 00:00 0 
7fbf80331000-7fbf8042f000 rw-p 00000000 00:00 0                          [stack:4314]
7fbf8042f000-7fbf80432000 ---p 00000000 00:00 0 
7fbf80432000-7fbf80530000 rw-p 00000000 00:00 0                          [stack:4313]
7fbf80530000-7fbf80531000 ---p 00000000 00:00 0 
7fbf80531000-7fbf815c4000 rw-p 00000000 00:00 0                          [stack:4312]
7fbf815c4000-7fbf8179d000 r--s 03d3e000 08:03 3569606                    /usr/lib/jvm/java-8-oracle/jre/lib/rt.jar
7fbf8179d000-7fbf84026000 rw-p 00000000 00:00 0 
7fbf84026000-7fbf84027000 ---p 00000000 00:00 0 
7fbf84027000-7fbf84127000 rw-p 00000000 00:00 0                          [stack:4307]
7fbf84127000-7fbf84128000 ---p 00000000 00:00 0 
7fbf84128000-7fbf84228000 rw-p 00000000 00:00 0                          [stack:4306]
7fbf84228000-7fbf84229000 ---p 00000000 00:00 0 
7fbf84229000-7fbf84329000 rw-p 00000000 00:00 0                          [stack:4305]
7fbf84329000-7fbf8432a000 ---p 00000000 00:00 0 
7fbf8432a000-7fbf8444c000 rw-p 00000000 00:00 0                          [stack:4304]
7fbf8444c000-7fbf8456c000 ---p 00000000 00:00 0 
7fbf8456c000-7fbf845d7000 rw-p 00000000 00:00 0 
7fbf845d7000-7fbf8460d000 ---p 00000000 00:00 0 
7fbf8460d000-7fbf84640000 rw-p 00000000 00:00 0 
7fbf84640000-7fbf849ce000 ---p 00000000 00:00 0 
7fbf849ce000-7fbf8562e000 rwxp 00000000 00:00 0 
7fbf8562e000-7fbf939ce000 ---p 00000000 00:00 0 
7fbf939ce000-7fbf939e8000 r-xp 00000000 08:03 4870864                    /usr/lib/jvm/java-8-oracle/jre/lib/amd64/libzip.so
7fbf939e8000-7fbf93be8000 ---p 0001a000 08:03 4870864                    /usr/lib/jvm/java-8-oracle/jre/lib/amd64/libzip.so
7fbf93be8000-7fbf93be9000 rw-p 0001a000 08:03 4870864                    /usr/lib/jvm/java-8-oracle/jre/lib/amd64/libzip.so
7fbf93be9000-7fbf93bf3000 r-xp 00000000 08:03 4070135                    /lib/x86_64-linux-gnu/libnss_files-2.19.so
7fbf93bf3000-7fbf93df2000 ---p 0000a000 08:03 4070135                    /lib/x86_64-linux-gnu/libnss_files-2.19.so
7fbf93df2000-7fbf93df3000 r--p 00009000 08:03 4070135                    /lib/x86_64-linux-gnu/libnss_files-2.19.so
7fbf93df3000-7fbf93df4000 rw-p 0000a000 08:03 4070135                    /lib/x86_64-linux-gnu/libnss_files-2.19.so
7fbf93df4000-7fbf93dff000 r-xp 00000000 08:03 4070127                    /lib/x86_64-linux-gnu/libnss_nis-2.19.so
7fbf93dff000-7fbf93ffe000 ---p 0000b000 08:03 4070127                    /lib/x86_64-linux-gnu/libnss_nis-2.19.so
7fbf93ffe000-7fbf93fff000 r--p 0000a000 08:03 4070127                    /lib/x86_64-linux-gnu/libnss_nis-2.19.so
7fbf93fff000-7fbf94000000 rw-p 0000b000 08:03 4070127                    /lib/x86_64-linux-gnu/libnss_nis-2.19.so
7fbf94000000-7fbf95e83000 rw-p 00000000 00:00 0 
7fbf95e83000-7fbf98000000 ---p 00000000 00:00 0 
7fbf98000000-7fbf98001000 r--s 0000c000 08:03 5916912                    /home/sharmila/.gradle/caches/modules-2/files-2.1/org.hamcrest/hamcrest-library/1.3/4785a3c21320980282f9f33d0d1264a69040538f/hamcrest-library-1.3.jar
7fbf98001000-7fbf98002000 r--s 00000000 08:03 5923891                    /home/sharmila/.gradle/caches/modules-2/files-2.1/org.springframework.boot/spring-boot-starter-jdbc/1.4.3.RELEASE/7ce66cf27ea731189248be7af2ab84ba189e1151/spring-boot-starter-jdbc-1.4.3.RELEASE.jar
7fbf98002000-7fbf9800b000 r--s 00095000 08:03 5913393                    /home/sharmila/.gradle/caches/modules-2/files-2.1/org.apache.tomcat.embed/tomcat-embed-jasper/9.0.0.M11/e2cd5a7038094195c3163532e01daf051d9265fe/tomcat-embed-jasper-9.0.0.M11.jar
7fbf9800b000-7fbf98013000 r--s 00046000 08:03 2759763                    /home/sharmila/Downloads/sts 3.6.4/sts-bundle/sts-3.6.4.RELEASE/plugins/org.testng.eclipse_6.10.0.201612030230/lib/testng-remote.jar
7fbf98013000-7fbf98056000 rw-p 00000000 00:00 0 
7fbf98056000-7fbf98176000 ---p 00000000 00:00 0 
7fbf98176000-7fbf9818d000 r-xp 00000000 08:03 4070123                    /lib/x86_64-linux-gnu/libnsl-2.19.so
7fbf9818d000-7fbf9838c000 ---p 00017000 08:03 4070123                    /lib/x86_64-linux-gnu/libnsl-2.19.so
7fbf9838c000-7fbf9838d000 r--p 00016000 08:03 4070123                    /lib/x86_64-linux-gnu/libnsl-2.19.so
7fbf9838d000-7fbf9838e000 rw-p 00017000 08:03 4070123                    /lib/x86_64-linux-gnu/libnsl-2.19.so
7fbf9838e000-7fbf98390000 rw-p 00000000 00:00 0 
7fbf98390000-7fbf98399000 r-xp 00000000 08:03 4070122                    /lib/x86_64-linux-gnu/libnss_compat-2.19.so
7fbf98399000-7fbf98598000 ---p 00009000 08:03 4070122                    /lib/x86_64-linux-gnu/libnss_compat-2.19.so
7fbf98598000-7fbf98599000 r--p 00008000 08:03 4070122                    /lib/x86_64-linux-gnu/libnss_compat-2.19.so
7fbf98599000-7fbf9859a000 rw-p 00009000 08:03 4070122                    /lib/x86_64-linux-gnu/libnss_compat-2.19.so
7fbf9859a000-7fbf985c5000 r-xp 00000000 08:03 4870782                    /usr/lib/jvm/java-8-oracle/jre/lib/amd64/libjava.so
7fbf985c5000-7fbf987c4000 ---p 0002b000 08:03 4870782                    /usr/lib/jvm/java-8-oracle/jre/lib/amd64/libjava.so
7fbf987c4000-7fbf987c6000 rw-p 0002a000 08:03 4870782                    /usr/lib/jvm/java-8-oracle/jre/lib/amd64/libjava.so
7fbf987c6000-7fbf987d3000 r-xp 00000000 08:03 4870821                    /usr/lib/jvm/java-8-oracle/jre/lib/amd64/libverify.so
7fbf987d3000-7fbf989d2000 ---p 0000d000 08:03 4870821                    /usr/lib/jvm/java-8-oracle/jre/lib/amd64/libverify.so
7fbf989d2000-7fbf989d4000 rw-p 0000c000 08:03 4870821                    /usr/lib/jvm/java-8-oracle/jre/lib/amd64/libverify.so
7fbf989d4000-7fbf989db000 r-xp 00000000 08:03 4070131                    /lib/x86_64-linux-gnu/librt-2.19.so
7fbf989db000-7fbf98bda000 ---p 00007000 08:03 4070131                    /lib/x86_64-linux-gnu/librt-2.19.so
7fbf98bda000-7fbf98bdb000 r--p 00006000 08:03 4070131                    /lib/x86_64-linux-gnu/librt-2.19.so
7fbf98bdb000-7fbf98bdc000 rw-p 00007000 08:03 4070131                    /lib/x86_64-linux-gnu/librt-2.19.so
7fbf98bdc000-7fbf98ce1000 r-xp 00000000 08:03 4070117                    /lib/x86_64-linux-gnu/libm-2.19.so
7fbf98ce1000-7fbf98ee0000 ---p 00105000 08:03 4070117                    /lib/x86_64-linux-gnu/libm-2.19.so
7fbf98ee0000-7fbf98ee1000 r--p 00104000 08:03 4070117                    /lib/x86_64-linux-gnu/libm-2.19.so
7fbf98ee1000-7fbf98ee2000 rw-p 00105000 08:03 4070117                    /lib/x86_64-linux-gnu/libm-2.19.so
7fbf98ee2000-7fbf99bb0000 r-xp 00000000 08:03 5260205                    /usr/lib/jvm/java-8-oracle/jre/lib/amd64/server/libjvm.so
7fbf99bb0000-7fbf99db0000 ---p 00cce000 08:03 5260205                    /usr/lib/jvm/java-8-oracle/jre/lib/amd64/server/libjvm.so
7fbf99db0000-7fbf99e89000 rw-p 00cce000 08:03 5260205                    /usr/lib/jvm/java-8-oracle/jre/lib/amd64/server/libjvm.so
7fbf99e89000-7fbf99ed4000 rw-p 00000000 00:00 0 
7fbf99ed4000-7fbf9a08e000 r-xp 00000000 08:03 4070132                    /lib/x86_64-linux-gnu/libc-2.19.so
7fbf9a08e000-7fbf9a28e000 ---p 001ba000 08:03 4070132                    /lib/x86_64-linux-gnu/libc-2.19.so
7fbf9a28e000-7fbf9a292000 r--p 001ba000 08:03 4070132                    /lib/x86_64-linux-gnu/libc-2.19.so
7fbf9a292000-7fbf9a294000 rw-p 001be000 08:03 4070132                    /lib/x86_64-linux-gnu/libc-2.19.so
7fbf9a294000-7fbf9a299000 rw-p 00000000 00:00 0 
7fbf9a299000-7fbf9a29c000 r-xp 00000000 08:03 4070119                    /lib/x86_64-linux-gnu/libdl-2.19.so
7fbf9a29c000-7fbf9a49b000 ---p 00003000 08:03 4070119                    /lib/x86_64-linux-gnu/libdl-2.19.so
7fbf9a49b000-7fbf9a49c000 r--p 00002000 08:03 4070119                    /lib/x86_64-linux-gnu/libdl-2.19.so
7fbf9a49c000-7fbf9a49d000 rw-p 00003000 08:03 4070119                    /lib/x86_64-linux-gnu/libdl-2.19.so
7fbf9a49d000-7fbf9a4b2000 r-xp 00000000 08:03 3555343                    /usr/lib/jvm/java-8-oracle/lib/amd64/jli/libjli.so
7fbf9a4b2000-7fbf9a6b2000 ---p 00015000 08:03 3555343                    /usr/lib/jvm/java-8-oracle/lib/amd64/jli/libjli.so
7fbf9a6b2000-7fbf9a6b3000 rw-p 00015000 08:03 3555343                    /usr/lib/jvm/java-8-oracle/lib/amd64/jli/libjli.so
7fbf9a6b3000-7fbf9a6cc000 r-xp 00000000 08:03 4070124                    /lib/x86_64-linux-gnu/libpthread-2.19.so
7fbf9a6cc000-7fbf9a8cb000 ---p 00019000 08:03 4070124                    /lib/x86_64-linux-gnu/libpthread-2.19.so
7fbf9a8cb000-7fbf9a8cc000 r--p 00018000 08:03 4070124                    /lib/x86_64-linux-gnu/libpthread-2.19.so
7fbf9a8cc000-7fbf9a8cd000 rw-p 00019000 08:03 4070124                    /lib/x86_64-linux-gnu/libpthread-2.19.so
7fbf9a8cd000-7fbf9a8d1000 rw-p 00000000 00:00 0 
7fbf9a8d1000-7fbf9a8f4000 r-xp 00000000 08:03 4070125                    /lib/x86_64-linux-gnu/ld-2.19.so
7fbf9a8f4000-7fbf9a8f5000 r--s 00000000 08:03 5923890                    /home/sharmila/.gradle/caches/modules-2/files-2.1/org.springframework.boot/spring-boot-starter-aop/1.4.3.RELEASE/30b11b6455bed446d3b4a1a49fab529b2cfac454/spring-boot-starter-aop-1.4.3.RELEASE.jar
7fbf9a8f5000-7fbf9a8f7000 r--s 0000f000 08:03 5916917                    /home/sharmila/.gradle/caches/modules-2/files-2.1/org.jboss.logging/jboss-logging/3.3.0.Final/3616bb87707910296e2c195dc016287080bba5af/jboss-logging-3.3.0.Final.jar
7fbf9a8f7000-7fbf9a8f8000 r--s 00000000 08:03 5923568                    /home/sharmila/.gradle/caches/modules-2/files-2.1/org.springframework.boot/spring-boot-starter-tomcat/1.4.3.RELEASE/61c48035a7a3b06b42fdd07b7109e562077b3792/spring-boot-starter-tomcat-1.4.3.RELEASE.jar
7fbf9a8f8000-7fbf9a9ca000 rw-p 00000000 00:00 0 
7fbf9a9ca000-7fbf9a9cd000 ---p 00000000 00:00 0 
7fbf9a9cd000-7fbf9aacf000 rw-p 00000000 00:00 0                          [stack:4303]
7fbf9aacf000-7fbf9aad0000 r--s 00000000 08:03 5923567                    /home/sharmila/.gradle/caches/modules-2/files-2.1/org.springframework.boot/spring-boot-starter/1.4.3.RELEASE/c99bad104719e947b3f9aa2b7569583805e4c5d5/spring-boot-starter-1.4.3.RELEASE.jar
7fbf9aad0000-7fbf9aad1000 r--s 00000000 08:03 5923566                    /home/sharmila/.gradle/caches/modules-2/files-2.1/org.springframework.boot/spring-boot-starter-test/1.4.3.RELEASE/6e9f1dbd3f68299c0183630ef07ca430de160050/spring-boot-starter-test-1.4.3.RELEASE.jar
7fbf9aad1000-7fbf9aad2000 r--s 00000000 08:03 5923889                    /home/sharmila/.gradle/caches/modules-2/files-2.1/org.springframework.boot/spring-boot-starter-data-jpa/1.4.3.RELEASE/ffda06c2144d10239014407333c223a237b73ad7/spring-boot-starter-data-jpa-1.4.3.RELEASE.jar
7fbf9aad2000-7fbf9aad3000 r--s 00003000 08:03 5923431                    /home/sharmila/.gradle/caches/modules-2/files-2.1/org.hibernate/hibernate-gradle-plugin/5.2.3.Final/db2ad8695e48a03a566b74fb5fc07c1732c1f5e5/hibernate-gradle-plugin-5.2.3.Final.jar
7fbf9aad3000-7fbf9aad4000 r--s 00000000 08:03 5923565                    /home/sharmila/.gradle/caches/modules-2/files-2.1/org.springframework.boot/spring-boot-starter-web/1.4.3.RELEASE/a0dcc919eda8e8ecb6f13f52a30e6afbb8266103/spring-boot-starter-web-1.4.3.RELEASE.jar
7fbf9aad4000-7fbf9aae7000 rw-p 00000000 00:00 0 
7fbf9aae7000-7fbf9aaef000 rw-s 00000000 08:03 5917607                    /tmp/hsperfdata_sharmila/4302
7fbf9aaef000-7fbf9aaf0000 rw-p 00000000 00:00 0 
7fbf9aaf0000-7fbf9aaf1000 r--p 00000000 00:00 0 
7fbf9aaf1000-7fbf9aaf3000 rw-p 00000000 00:00 0 
7fbf9aaf3000-7fbf9aaf4000 r--p 00022000 08:03 4070125                    /lib/x86_64-linux-gnu/ld-2.19.so
7fbf9aaf4000-7fbf9aaf5000 rw-p 00023000 08:03 4070125                    /lib/x86_64-linux-gnu/ld-2.19.so
7fbf9aaf5000-7fbf9aaf6000 rw-p 00000000 00:00 0 
7ffcb009f000-7ffcb00c3000 rw-p 00000000 00:00 0                          [stack]
7ffcb00c8000-7ffcb00ca000 r-xp 00000000 00:00 0                          [vdso]
ffffffffff600000-ffffffffff601000 r-xp 00000000 00:00 0                  [vsyscall]

VM Arguments:
jvm_args: -ea -Dfile.encoding=UTF-8 
java_command: org.testng.remote.RemoteTestNG -serport 52414 -protocol json -d /home/sharmila/Documents/work-office/TestNG_Project/test-output /tmp/testng-eclipse-1628770331/testng-customsuite.xml
java_class_path (initial): /home/sharmila/Downloads/sts 3.6.4/sts-bundle/sts-3.6.4.RELEASE/plugins/org.testng.eclipse_6.10.0.201612030230/lib/testng-remote.jar:/home/sharmila/Documents/work-office/TestNG_Project/bin:/home/sharmila/.gradle/caches/modules-2/files-2.1/org.springframework.boot/spring-boot-starter-web/1.4.3.RELEASE/a0dcc919eda8e8ecb6f13f52a30e6afbb8266103/spring-boot-starter-web-1.4.3.RELEASE.jar:/home/sharmila/.gradle/caches/modules-2/files-2.1/org.apache.tomcat.embed/tomcat-embed-jasper/9.0.0.M11/e2cd5a7038094195c3163532e01daf051d9265fe/tomcat-embed-jasper-9.0.0.M11.jar:/home/sharmila/.gradle/caches/modules-2/files-2.1/org.xerial/sqlite-jdbc/3.7.2/7a3d67f00508d3881650579f7f228c61bfc1b196/sqlite-jdbc-3.7.2.jar:/home/sharmila/.gradle/caches/modules-2/files-2.1/org.hibernate/hibernate-gradle-plugin/5.2.3.Final/db2ad8695e48a03a566b74fb5fc07c1732c1f5e5/hibernate-gradle-plugin-5.2.3.Final.jar:/home/sharmila/.gradle/caches/modules-2/files-2.1/org.springframework.boot/spring-boot-starter-data-jpa/1.4.3.RELEASE/ffda06c2144d10239014407333c223a237b73ad7/spring-boot-starter-data-jpa-1.4.3.RELEASE.jar:/home/sharmila/.gradle/caches/modules-2/files-2.1/org.testng/testng/6.5.2/5069d2e72356ed87645c5fc3622b0bbb5e0667c9/testng-6.5.2.jar:/home/sharmila/.gradle/caches/modules-2/files-2.1/org.springframework.boot/spring-boot-starter-test/1.4.3.RELEASE/6e9f1dbd3f68299c0183630ef07ca430de160050/spring-boot-starter-test-1.4.3.RELEASE.jar:/home/sharmila/.gradle/caches/modules-2/files-2.1/org.springframework.boot/spring-boot-starter/1.4.3.RELEASE/c99bad104719e947b3f9aa2b7569583805e4c5d5/spring-boot-starter-1.4.3.RELEASE.jar:/home/sharmila/.gradle/caches/modules-2/files-2.1/org.springframework.boot/spring-boot-starter-tomcat/1.4.3.RELEASE/61c48035a7a3b06b42fdd07b7109e562077b3792/spring-boot-starter-tomcat-1.4.3.RELEASE.jar:/home/sharmila/.gradle/caches/modules-2/files-2.1/org.hibernate/hibernate-validator/5.2.4.Final/fb18766b576aa6632bcfe9a20a023cbd52bf9769/hibernate-validator-5
Launcher Type: SUN_STANDARD

Environment Variables:
JAVA_HOME=/usr/lib/jvm/java-8-oracle
PATH=/usr/local/sbin:/usr/local/bin:/usr/sbin:/usr/bin:/sbin:/bin:/usr/games:/usr/local/games:/usr/lib/jvm/java-8-oracle/bin:/usr/lib/jvm/java-8-oracle/db/bin:/usr/lib/jvm/java-8-oracle/jre/bin
SHELL=/bin/bash
DISPLAY=:0.0

Signal Handlers:
SIGSEGV: [libjvm.so+0xac78c0], sa_mask[0]=11111111011111111101111111111110, sa_flags=SA_RESTART|SA_SIGINFO
SIGBUS: [libjvm.so+0xac78c0], sa_mask[0]=11111111011111111101111111111110, sa_flags=SA_RESTART|SA_SIGINFO
SIGFPE: [libjvm.so+0x920ac0], sa_mask[0]=11111111011111111101111111111110, sa_flags=SA_RESTART|SA_SIGINFO
SIGPIPE: [libjvm.so+0x920ac0], sa_mask[0]=11111111011111111101111111111110, sa_flags=SA_RESTART|SA_SIGINFO
SIGXFSZ: [libjvm.so+0x920ac0], sa_mask[0]=11111111011111111101111111111110, sa_flags=SA_RESTART|SA_SIGINFO
SIGILL: [libjvm.so+0x920ac0], sa_mask[0]=11111111011111111101111111111110, sa_flags=SA_RESTART|SA_SIGINFO
SIGUSR1: SIG_DFL, sa_mask[0]=00000000000000000000000000000000, sa_flags=none
SIGUSR2: [libjvm.so+0x922300], sa_mask[0]=00100000000000000000000000000000, sa_flags=SA_RESTART|SA_SIGINFO
SIGHUP: [libjvm.so+0x923700], sa_mask[0]=11111111011111111101111111111110, sa_flags=SA_RESTART|SA_SIGINFO
SIGINT: [libjvm.so+0x923700], sa_mask[0]=11111111011111111101111111111110, sa_flags=SA_RESTART|SA_SIGINFO
SIGTERM: [libjvm.so+0x923700], sa_mask[0]=11111111011111111101111111111110, sa_flags=SA_RESTART|SA_SIGINFO
SIGQUIT: [libjvm.so+0x923700], sa_mask[0]=11111111011111111101111111111110, sa_flags=SA_RESTART|SA_SIGINFO


---------------  S Y S T E M  ---------------

OS:DISTRIB_ID=Ubuntu
DISTRIB_RELEASE=14.04
DISTRIB_CODENAME=trusty
DISTRIB_DESCRIPTION="Ubuntu 14.04.5 LTS"

uname:Linux 3.13.0-107-generic #154-Ubuntu SMP Tue Dec 20 09:57:27 UTC 2016 x86_64
libc:glibc 2.19 NPTL 2.19 
rlimit: STACK 8192k, CORE 0k, NPROC 30712, NOFILE 4096, AS infinity
load average:1.29 0.64 0.51

/proc/meminfo:
MemTotal:        3953548 kB
MemFree:          464128 kB
Buffers:           55056 kB
Cached:          1074716 kB
SwapCached:            0 kB
Active:          2253968 kB
Inactive:        1013212 kB
Active(anon):    1768460 kB
Inactive(anon):   685048 kB
Active(file):     485508 kB
Inactive(file):   328164 kB
Unevictable:         208 kB
Mlocked:             208 kB
SwapTotal:       7999484 kB
SwapFree:        7999188 kB
Dirty:               692 kB
Writeback:             0 kB
AnonPages:       2137692 kB
Mapped:           373668 kB
Shmem:            316108 kB
Slab:             101576 kB
SReclaimable:      63744 kB
SUnreclaim:        37832 kB
KernelStack:        5424 kB
PageTables:        47040 kB
NFS_Unstable:          0 kB
Bounce:                0 kB
WritebackTmp:          0 kB
CommitLimit:     9976256 kB
Committed_AS:    7175632 kB
VmallocTotal:   34359738367 kB
VmallocUsed:      400992 kB
VmallocChunk:   34359328252 kB
HardwareCorrupted:     0 kB
AnonHugePages:    806912 kB
HugePages_Total:       0
HugePages_Free:        0
HugePages_Rsvd:        0
HugePages_Surp:        0
Hugepagesize:       2048 kB
DirectMap4k:       86188 kB
DirectMap2M:     2965504 kB
DirectMap1G:     1048576 kB


CPU:total 4 (2 cores per cpu, 2 threads per core) family 6 model 69 stepping 1, cmov, cx8, fxsr, mmx, sse, sse2, sse3, ssse3, sse4.1, sse4.2, popcnt, avx, avx2, aes, clmul, erms, lzcnt, ht, tsc, tscinvbit, bmi1, bmi2

/proc/cpuinfo:
processor	: 0
vendor_id	: GenuineIntel
cpu family	: 6
model		: 69
model name	: Intel(R) Core(TM) i5-4200U CPU @ 1.60GHz
stepping	: 1
microcode	: 0x17
cpu MHz		: 1600.000
cache size	: 3072 KB
physical id	: 0
siblings	: 4
core id		: 0
cpu cores	: 2
apicid		: 0
initial apicid	: 0
fpu		: yes
fpu_exception	: yes
cpuid level	: 13
wp		: yes
flags		: fpu vme de pse tsc msr pae mce cx8 apic sep mtrr pge mca cmov pat pse36 clflush dts acpi mmx fxsr sse sse2 ss ht tm pbe syscall nx pdpe1gb rdtscp lm constant_tsc arch_perfmon pebs bts rep_good nopl xtopology nonstop_tsc aperfmperf eagerfpu pni pclmulqdq dtes64 monitor ds_cpl vmx est tm2 ssse3 fma cx16 xtpr pdcm pcid sse4_1 sse4_2 movbe popcnt tsc_deadline_timer aes xsave avx f16c rdrand lahf_lm abm ida arat epb xsaveopt pln pts dtherm tpr_shadow vnmi flexpriority ept vpid fsgsbase tsc_adjust bmi1 avx2 smep bmi2 erms invpcid
bogomips	: 4589.35
clflush size	: 64
cache_alignment	: 64
address sizes	: 39 bits physical, 48 bits virtual
power management:

processor	: 1
vendor_id	: GenuineIntel
cpu family	: 6
model		: 69
model name	: Intel(R) Core(TM) i5-4200U CPU @ 1.60GHz
stepping	: 1
microcode	: 0x17
cpu MHz		: 1600.000
cache size	: 3072 KB
physical id	: 0
siblings	: 4
core id		: 0
cpu cores	: 2
apicid		: 1
initial apicid	: 1
fpu		: yes
fpu_exception	: yes
cpuid level	: 13
wp		: yes
flags		: fpu vme de pse tsc msr pae mce cx8 apic sep mtrr pge mca cmov pat pse36 clflush dts acpi mmx fxsr sse sse2 ss ht tm pbe syscall nx pdpe1gb rdtscp lm constant_tsc arch_perfmon pebs bts rep_good nopl xtopology nonstop_tsc aperfmperf eagerfpu pni pclmulqdq dtes64 monitor ds_cpl vmx est tm2 ssse3 fma cx16 xtpr pdcm pcid sse4_1 sse4_2 movbe popcnt tsc_deadline_timer aes xsave avx f16c rdrand lahf_lm abm ida arat epb xsaveopt pln pts dtherm tpr_shadow vnmi flexpriority ept vpid fsgsbase tsc_adjust bmi1 avx2 smep bmi2 erms invpcid
bogomips	: 4589.35
clflush size	: 64
cache_alignment	: 64
address sizes	: 39 bits physical, 48 bits virtual
power management:

processor	: 2
vendor_id	: GenuineIntel
cpu family	: 6
model		: 69
model name	: Intel(R) Core(TM) i5-4200U CPU @ 1.60GHz
stepping	: 1
microcode	: 0x17
cpu MHz		: 1500.000
cache size	: 3072 KB
physical id	: 0
siblings	: 4
core id		: 1
cpu cores	: 2
apicid		: 2
initial apicid	: 2
fpu		: yes
fpu_exception	: yes
cpuid level	: 13
wp		: yes
flags		: fpu vme de pse tsc msr pae mce cx8 apic sep mtrr pge mca cmov pat pse36 clflush dts acpi mmx fxsr sse sse2 ss ht tm pbe syscall nx pdpe1gb rdtscp lm constant_tsc arch_perfmon pebs bts rep_good nopl xtopology nonstop_tsc aperfmperf eagerfpu pni pclmulqdq dtes64 monitor ds_cpl vmx est tm2 ssse3 fma cx16 xtpr pdcm pcid sse4_1 sse4_2 movbe popcnt tsc_deadline_timer aes xsave avx f16c rdrand lahf_lm abm ida arat epb xsaveopt pln pts dtherm tpr_shadow vnmi flexpriority ept vpid fsgsbase tsc_adjust bmi1 avx2 smep bmi2 erms invpcid
bogomips	: 4589.35
clflush size	: 64
cache_alignment	: 64
address sizes	: 39 bits physical, 48 bits virtual
power management:

processor	: 3
vendor_id	: GenuineIntel
cpu family	: 6
model		: 69
model name	: Intel(R) Core(TM) i5-4200U CPU @ 1.60GHz
stepping	: 1
microcode	: 0x17
cpu MHz		: 1600.000
cache size	: 3072 KB
physical id	: 0
siblings	: 4
core id		: 1
cpu cores	: 2
apicid		: 3
initial apicid	: 3
fpu		: yes
fpu_exception	: yes
cpuid level	: 13
wp		: yes
flags		: fpu vme de pse tsc msr pae mce cx8 apic sep mtrr pge mca cmov pat pse36 clflush dts acpi mmx fxsr sse sse2 ss ht tm pbe syscall nx pdpe1gb rdtscp lm constant_tsc arch_perfmon pebs bts rep_good nopl xtopology nonstop_tsc aperfmperf eagerfpu pni pclmulqdq dtes64 monitor ds_cpl vmx est tm2 ssse3 fma cx16 xtpr pdcm pcid sse4_1 sse4_2 movbe popcnt tsc_deadline_timer aes xsave avx f16c rdrand lahf_lm abm ida arat epb xsaveopt pln pts dtherm tpr_shadow vnmi flexpriority ept vpid fsgsbase tsc_adjust bmi1 avx2 smep bmi2 erms invpcid
bogomips	: 4589.35
clflush size	: 64
cache_alignment	: 64
address sizes	: 39 bits physical, 48 bits virtual
power management:



Memory: 4k page, physical 3953548k(464128k free), swap 7999484k(7999188k free)

vm_info: Java HotSpot(TM) 64-Bit Server VM (25.121-b13) for linux-amd64 JRE (1.8.0_121-b13), built on Dec 12 2016 16:36:53 by "java_re" with gcc 4.3.0 20080428 (Red Hat 4.3.0-8)

time: Mon Jan 23 17:03:51 2017
elapsed time: 8 seconds (0d 0h 0m 8s)

