#
# A fatal error has been detected by the Java Runtime Environment:
#
#  SIGSEGV (0xb) at pc=0x00007fdc0327e118, pid=5691, tid=0x00007fdc04784700
#
# JRE version: Java(TM) SE Runtime Environment (8.0_121-b13) (build 1.8.0_121-b13)
# Java VM: Java HotSpot(TM) 64-Bit Server VM (25.121-b13 mixed mode linux-amd64 compressed oops)
# Problematic frame:
# V  [libjvm.so+0x6e2118]  jni_GetStringUTFChars+0xb8
#
# Failed to write core dump. Core dumps have been disabled. To enable core dumping, try "ulimit -c unlimited" before starting Java again
#
# If you would like to submit a bug report, please visit:
#   http://bugreport.java.com/bugreport/crash.jsp
#

---------------  T H R E A D  ---------------

Current thread (0x00007fdbfc010000):  JavaThread "main" [_thread_in_vm, id=5693, stack(0x00007fdc04684000,0x00007fdc04785000)]

siginfo: si_signo: 11 (SIGSEGV), si_code: 1 (SEGV_MAPERR), si_addr: 0x0000000000000000

Registers:
RAX=0x00007fdc03b53550, RBX=0x0000000000000000, RCX=0x000000076abb84c0, RDX=0x00007fdc03b619e0
RSP=0x00007fdc0477ea60, RBP=0x00007fdc0477eb00, RSI=0x00007fdbfc010000, RDI=0x00007fdc0477eaa0
R8 =0x00007fdbed012c80, R9 =0x000000076abb84c0, R10=0x000000000000016e, R11=0x00007fdc03b619e8
R12=0x00007fdbfc010000, R13=0x0000000000000000, R14=0x00007fdc0477ebd8, R15=0x00007fdc0477eaa0
RIP=0x00007fdc0327e118, EFLAGS=0x0000000000010246, CSGSFS=0x0000000000000033, ERR=0x0000000000000004
  TRAPNO=0x000000000000000e

Top of Stack: (sp=0x00007fdc0477ea60)
0x00007fdc0477ea60:   00007fdc0477eb28 0000000000000000
0x00007fdc0477ea70:   00007fdbed109ac0 00007fdc03b63800
0x00007fdc0477ea80:   00007fdc0477f0f8 00007fdbed012c80
0x00007fdc0477ea90:   00000007769ed608 0000000050200030
0x00007fdc0477eaa0:   00007fdbfc010000 0000000000000000
0x00007fdc0477eab0:   00007fdbe4000480 00007fdbed0082bd
0x00007fdc0477eac0:   00007fdbfc010000 00000007769ed608
0x00007fdc0477ead0:   00007fdc0477eb70 00007fdba3a36d98
0x00007fdc0477eae0:   00007fdbfd14cc98 0000000000000000
0x00007fdc0477eaf0:   00007fdc0477ebd8 00007fdbfc010000
0x00007fdc0477eb00:   00007fdbfc0101f8 00007fdba36842b0
0x00007fdc0477eb10:   00007fdc0477eb70 00007fdbed0082bd
0x00007fdc0477eb20:   00007fdba3a36d98 00007fdc0477ebb0
0x00007fdc0477eb30:   0000000000000000 00007fdba3a36d90
0x00007fdc0477eb40:   00007fdc0477ebd8 00007fdbed0184cf
0x00007fdc0477eb50:   0000000000000000 00007fdba3a46610
0x00007fdc0477eb60:   0000000000000000 000000076abb84c0
0x00007fdc0477eb70:   00007fdc0477eb60 0000000000000000
0x00007fdc0477eb80:   00007fdc0477ebd8 00007fdba3a3d6a0
0x00007fdc0477eb90:   0000000000000000 00007fdba3a36d98
0x00007fdc0477eba0:   0000000000000000 00007fdc0477ebd0
0x00007fdc0477ebb0:   00007fdc0477ec38 00007fdbed007dd0
0x00007fdc0477ebc0:   0000000000000000 00007fdbed011537
0x00007fdc0477ebd0:   0000000000000000 000000076abb84c0
0x00007fdc0477ebe0:   00000007769ed5a8 00000007769ed608
0x00007fdc0477ebf0:   000000076abb84c0 00007fdc0477ebe8
0x00007fdc0477ec00:   00007fdba3a3a65d 00007fdc0477ec50
0x00007fdc0477ec10:   00007fdba3a3cef0 0000000000000000
0x00007fdc0477ec20:   00007fdba3a3a6a8 00007fdc0477ebd0
0x00007fdc0477ec30:   00007fdc0477ec48 00007fdc0477ec98
0x00007fdc0477ec40:   00007fdbed0082bd 00000007769ed5a8
0x00007fdc0477ec50:   000000076abb84c0 00007fdc0477ec58 

Instructions: (pc=0x00007fdc0327e118)
0x00007fdc0327e0f8:   84 24 70 02 00 00 06 00 00 00 4c 89 e6 4c 89 65
0x00007fdc0327e108:   c0 4c 89 ff e8 1f 01 01 00 48 8b 05 18 d0 88 00
0x00007fdc0327e118:   4c 8b 2b 8b 10 48 8b 05 44 fc 88 00 80 38 00 0f
0x00007fdc0327e128:   84 2b 01 00 00 48 63 c2 41 8b 54 05 00 85 d2 0f 

Register to memory mapping:

RAX=0x00007fdc03b53550: <offset 0xfb7550> in /usr/lib/jvm/java-8-oracle/jre/lib/amd64/server/libjvm.so at 0x00007fdc02b9c000
RBX=0x0000000000000000 is an unknown value
RCX=0x000000076abb84c0 is an oop
org.sqlite.NativeDB 
 - klass: 'org/sqlite/NativeDB'
RDX=0x00007fdc03b619e0: <offset 0xfc59e0> in /usr/lib/jvm/java-8-oracle/jre/lib/amd64/server/libjvm.so at 0x00007fdc02b9c000
RSP=0x00007fdc0477ea60 is pointing into the stack for thread: 0x00007fdbfc010000
RBP=0x00007fdc0477eb00 is pointing into the stack for thread: 0x00007fdbfc010000
RSI=0x00007fdbfc010000 is a thread
RDI=0x00007fdc0477eaa0 is pointing into the stack for thread: 0x00007fdbfc010000
R8 =0x00007fdbed012c80 is at code_begin+0 in an Interpreter codelet
method entry point (kind = zerolocals)  [0x00007fdbed012c80, 0x00007fdbed013100]  1152 bytes
R9 =0x000000076abb84c0 is an oop
org.sqlite.NativeDB 
 - klass: 'org/sqlite/NativeDB'
R10=0x000000000000016e is an unknown value
R11=0x00007fdc03b619e8: <offset 0xfc59e8> in /usr/lib/jvm/java-8-oracle/jre/lib/amd64/server/libjvm.so at 0x00007fdc02b9c000
R12=0x00007fdbfc010000 is a thread
R13=0x0000000000000000 is an unknown value
R14=0x00007fdc0477ebd8 is pointing into the stack for thread: 0x00007fdbfc010000
R15=0x00007fdc0477eaa0 is pointing into the stack for thread: 0x00007fdbfc010000


Stack: [0x00007fdc04684000,0x00007fdc04785000],  sp=0x00007fdc0477ea60,  free space=1002k
Native frames: (J=compiled Java code, j=interpreted, Vv=VM code, C=native code)
V  [libjvm.so+0x6e2118]  jni_GetStringUTFChars+0xb8
C  [sqlite-3.7.2-libsqlitejdbc.so+0xd2b0]  Java_org_sqlite_NativeDB_prepare+0x2f

Java frames: (J=compiled Java code, j=interpreted, Vv=VM code)
j  org.sqlite.NativeDB.prepare(Ljava/lang/String;)J+0
j  org.sqlite.DB.prepare(Lorg/sqlite/Stmt;)V+21
j  org.sqlite.PrepStmt.<init>(Lorg/sqlite/Conn;Ljava/lang/String;)V+15
j  org.sqlite.Conn.prepareStatement(Ljava/lang/String;III)Ljava/sql/PreparedStatement;+14
j  org.sqlite.Conn.prepareStatement(Ljava/lang/String;II)Ljava/sql/PreparedStatement;+5
j  org.sqlite.Conn.prepareStatement(Ljava/lang/String;)Ljava/sql/PreparedStatement;+8
v  ~StubRoutines::call_stub
J 1316  sun.reflect.NativeMethodAccessorImpl.invoke0(Ljava/lang/reflect/Method;Ljava/lang/Object;[Ljava/lang/Object;)Ljava/lang/Object; (0 bytes) @ 0x00007fdbed49f137 [0x00007fdbed49f0c0+0x77]
J 1315 C1 sun.reflect.NativeMethodAccessorImpl.invoke(Ljava/lang/Object;[Ljava/lang/Object;)Ljava/lang/Object; (104 bytes) @ 0x00007fdbed4a6594 [0x00007fdbed4a53c0+0x11d4]
J 1219 C1 sun.reflect.DelegatingMethodAccessorImpl.invoke(Ljava/lang/Object;[Ljava/lang/Object;)Ljava/lang/Object; (10 bytes) @ 0x00007fdbed41ad4c [0x00007fdbed41ac40+0x10c]
J 1201 C1 java.lang.reflect.Method.invoke(Ljava/lang/Object;[Ljava/lang/Object;)Ljava/lang/Object; (62 bytes) @ 0x00007fdbed4267dc [0x00007fdbed4263e0+0x3fc]
j  org.apache.tomcat.jdbc.pool.ProxyConnection.invoke(Ljava/lang/Object;Ljava/lang/reflect/Method;[Ljava/lang/Object;)Ljava/lang/Object;+237
j  org.apache.tomcat.jdbc.pool.JdbcInterceptor.invoke(Ljava/lang/Object;Ljava/lang/reflect/Method;[Ljava/lang/Object;)Ljava/lang/Object;+14
j  org.apache.tomcat.jdbc.pool.DisposableConnectionFacade.invoke(Ljava/lang/Object;Ljava/lang/reflect/Method;[Ljava/lang/Object;)Ljava/lang/Object;+93
j  com.sun.proxy.$Proxy83.prepareStatement(Ljava/lang/String;)Ljava/sql/PreparedStatement;+16
j  org.hibernate.engine.jdbc.internal.StatementPreparerImpl$1.doPrepare()Ljava/sql/PreparedStatement;+37
j  org.hibernate.engine.jdbc.internal.StatementPreparerImpl$StatementPreparationTemplate.prepareStatement()Ljava/sql/PreparedStatement;+45
j  org.hibernate.engine.jdbc.internal.StatementPreparerImpl.prepareStatement(Ljava/lang/String;)Ljava/sql/PreparedStatement;+6
j  org.hibernate.id.SequenceGenerator.generateHolder(Lorg/hibernate/engine/spi/SessionImplementor;)Lorg/hibernate/id/IntegralDataTypeHolder;+15
j  org.hibernate.id.SequenceHiLoGenerator$1.getNextValue()Lorg/hibernate/id/IntegralDataTypeHolder;+8
j  org.hibernate.id.enhanced.LegacyHiLoAlgorithmOptimizer.generate(Lorg/hibernate/id/enhanced/AccessCallback;)Ljava/io/Serializable;+25
j  org.hibernate.id.SequenceHiLoGenerator.generate(Lorg/hibernate/engine/spi/SessionImplementor;Ljava/lang/Object;)Ljava/io/Serializable;+53
j  org.hibernate.event.internal.AbstractSaveEventListener.saveWithGeneratedId(Ljava/lang/Object;Ljava/lang/String;Ljava/lang/Object;Lorg/hibernate/event/spi/EventSource;Z)Ljava/io/Serializable;+21
j  org.hibernate.jpa.event.internal.core.JpaPersistEventListener.saveWithGeneratedId(Ljava/lang/Object;Ljava/lang/String;Ljava/lang/Object;Lorg/hibernate/event/spi/EventSource;Z)Ljava/io/Serializable;+18
j  org.hibernate.event.internal.DefaultPersistEventListener.entityIsTransient(Lorg/hibernate/event/spi/PersistEvent;Ljava/util/Map;)V+55
j  org.hibernate.event.internal.DefaultPersistEventListener.onPersist(Lorg/hibernate/event/spi/PersistEvent;Ljava/util/Map;)V+324
j  org.hibernate.event.internal.DefaultPersistEventListener.onPersist(Lorg/hibernate/event/spi/PersistEvent;)V+11
j  org.hibernate.internal.SessionImpl.firePersist(Lorg/hibernate/event/spi/PersistEvent;)V+46
j  org.hibernate.internal.SessionImpl.persist(Ljava/lang/String;Ljava/lang/Object;)V+11
j  org.hibernate.internal.SessionImpl.persist(Ljava/lang/Object;)V+3
j  org.hibernate.jpa.spi.AbstractEntityManagerImpl.persist(Ljava/lang/Object;)V+9
v  ~StubRoutines::call_stub
J 1316  sun.reflect.NativeMethodAccessorImpl.invoke0(Ljava/lang/reflect/Method;Ljava/lang/Object;[Ljava/lang/Object;)Ljava/lang/Object; (0 bytes) @ 0x00007fdbed49f137 [0x00007fdbed49f0c0+0x77]
J 1315 C1 sun.reflect.NativeMethodAccessorImpl.invoke(Ljava/lang/Object;[Ljava/lang/Object;)Ljava/lang/Object; (104 bytes) @ 0x00007fdbed4a6594 [0x00007fdbed4a53c0+0x11d4]
J 1219 C1 sun.reflect.DelegatingMethodAccessorImpl.invoke(Ljava/lang/Object;[Ljava/lang/Object;)Ljava/lang/Object; (10 bytes) @ 0x00007fdbed41ad4c [0x00007fdbed41ac40+0x10c]
J 1201 C1 java.lang.reflect.Method.invoke(Ljava/lang/Object;[Ljava/lang/Object;)Ljava/lang/Object; (62 bytes) @ 0x00007fdbed4267dc [0x00007fdbed4263e0+0x3fc]
j  org.springframework.orm.jpa.SharedEntityManagerCreator$SharedEntityManagerInvocationHandler.invoke(Ljava/lang/Object;Ljava/lang/reflect/Method;[Ljava/lang/Object;)Ljava/lang/Object;+495
j  com.sun.proxy.$Proxy92.persist(Ljava/lang/Object;)V+16
j  org.springframework.data.jpa.repository.support.SimpleJpaRepository.save(Ljava/lang/Object;)Ljava/lang/Object;+18
v  ~StubRoutines::call_stub
J 1316  sun.reflect.NativeMethodAccessorImpl.invoke0(Ljava/lang/reflect/Method;Ljava/lang/Object;[Ljava/lang/Object;)Ljava/lang/Object; (0 bytes) @ 0x00007fdbed49f137 [0x00007fdbed49f0c0+0x77]
J 1315 C1 sun.reflect.NativeMethodAccessorImpl.invoke(Ljava/lang/Object;[Ljava/lang/Object;)Ljava/lang/Object; (104 bytes) @ 0x00007fdbed4a6594 [0x00007fdbed4a53c0+0x11d4]
J 1219 C1 sun.reflect.DelegatingMethodAccessorImpl.invoke(Ljava/lang/Object;[Ljava/lang/Object;)Ljava/lang/Object; (10 bytes) @ 0x00007fdbed41ad4c [0x00007fdbed41ac40+0x10c]
J 1201 C1 java.lang.reflect.Method.invoke(Ljava/lang/Object;[Ljava/lang/Object;)Ljava/lang/Object; (62 bytes) @ 0x00007fdbed4267dc [0x00007fdbed4263e0+0x3fc]
j  org.springframework.data.repository.core.support.RepositoryFactorySupport$QueryExecutorMethodInterceptor.executeMethodOn(Ljava/lang/Object;Ljava/lang/reflect/Method;[Ljava/lang/Object;)Ljava/lang/Object;+3
j  org.springframework.data.repository.core.support.RepositoryFactorySupport$QueryExecutorMethodInterceptor.doInvoke(Lorg/aopalliance/intercept/MethodInvocation;)Ljava/lang/Object;+94
j  org.springframework.data.repository.core.support.RepositoryFactorySupport$QueryExecutorMethodInterceptor.invoke(Lorg/aopalliance/intercept/MethodInvocation;)Ljava/lang/Object;+2
j  org.springframework.aop.framework.ReflectiveMethodInvocation.proceed()Ljava/lang/Object;+101
j  org.springframework.data.projection.DefaultMethodInvokingMethodInterceptor.invoke(Lorg/aopalliance/intercept/MethodInvocation;)Ljava/lang/Object;+15
j  org.springframework.aop.framework.ReflectiveMethodInvocation.proceed()Ljava/lang/Object;+101
j  org.springframework.transaction.interceptor.TransactionInterceptor$1.proceedWithInvocation()Ljava/lang/Object;+4
j  org.springframework.transaction.interceptor.TransactionAspectSupport.invokeWithinTransaction(Ljava/lang/reflect/Method;Ljava/lang/Class;Lorg/springframework/transaction/interceptor/TransactionAspectSupport$InvocationCallback;)Ljava/lang/Object;+60
j  org.springframework.transaction.interceptor.TransactionInterceptor.invoke(Lorg/aopalliance/intercept/MethodInvocation;)Ljava/lang/Object;+40
j  org.springframework.aop.framework.ReflectiveMethodInvocation.proceed()Ljava/lang/Object;+101
j  org.springframework.dao.support.PersistenceExceptionTranslationInterceptor.invoke(Lorg/aopalliance/intercept/MethodInvocation;)Ljava/lang/Object;+1
j  org.springframework.aop.framework.ReflectiveMethodInvocation.proceed()Ljava/lang/Object;+101
j  org.springframework.data.jpa.repository.support.CrudMethodMetadataPostProcessor$CrudMethodMetadataPopulatingMethodInterceptor.invoke(Lorg/aopalliance/intercept/MethodInvocation;)Ljava/lang/Object;+89
j  org.springframework.aop.framework.ReflectiveMethodInvocation.proceed()Ljava/lang/Object;+101
j  org.springframework.aop.interceptor.ExposeInvocationInterceptor.invoke(Lorg/aopalliance/intercept/MethodInvocation;)Ljava/lang/Object;+18
j  org.springframework.aop.framework.ReflectiveMethodInvocation.proceed()Ljava/lang/Object;+101
j  org.springframework.aop.framework.JdkDynamicAopProxy.invoke(Ljava/lang/Object;Ljava/lang/reflect/Method;[Ljava/lang/Object;)Ljava/lang/Object;+385
j  com.sun.proxy.$Proxy94.save(Ljava/lang/Object;)Ljava/lang/Object;+16
j  com.example.api.service.BookService.save(Lcom/example/entity/Book;)Lcom/example/entity/Book;+5
j  com.example.crudtest.CRUDTest.insertOperation()V+19
v  ~StubRoutines::call_stub
J 1316  sun.reflect.NativeMethodAccessorImpl.invoke0(Ljava/lang/reflect/Method;Ljava/lang/Object;[Ljava/lang/Object;)Ljava/lang/Object; (0 bytes) @ 0x00007fdbed49f137 [0x00007fdbed49f0c0+0x77]
J 1315 C1 sun.reflect.NativeMethodAccessorImpl.invoke(Ljava/lang/Object;[Ljava/lang/Object;)Ljava/lang/Object; (104 bytes) @ 0x00007fdbed4a6594 [0x00007fdbed4a53c0+0x11d4]
J 1219 C1 sun.reflect.DelegatingMethodAccessorImpl.invoke(Ljava/lang/Object;[Ljava/lang/Object;)Ljava/lang/Object; (10 bytes) @ 0x00007fdbed41ad4c [0x00007fdbed41ac40+0x10c]
J 1201 C1 java.lang.reflect.Method.invoke(Ljava/lang/Object;[Ljava/lang/Object;)Ljava/lang/Object; (62 bytes) @ 0x00007fdbed4267dc [0x00007fdbed4263e0+0x3fc]
j  org.testng.internal.MethodInvocationHelper.invokeMethod(Ljava/lang/reflect/Method;Ljava/lang/Object;[Ljava/lang/Object;)Ljava/lang/Object;+242
j  org.testng.internal.MethodInvocationHelper$1.runTestMethod(Lorg/testng/ITestResult;)V+12
j  org.springframework.test.context.testng.AbstractTestNGSpringContextTests.run(Lorg/testng/IHookCallBack;Lorg/testng/ITestResult;)V+2
v  ~StubRoutines::call_stub
J 1316  sun.reflect.NativeMethodAccessorImpl.invoke0(Ljava/lang/reflect/Method;Ljava/lang/Object;[Ljava/lang/Object;)Ljava/lang/Object; (0 bytes) @ 0x00007fdbed49f137 [0x00007fdbed49f0c0+0x77]
J 1315 C1 sun.reflect.NativeMethodAccessorImpl.invoke(Ljava/lang/Object;[Ljava/lang/Object;)Ljava/lang/Object; (104 bytes) @ 0x00007fdbed4a6594 [0x00007fdbed4a53c0+0x11d4]
J 1219 C1 sun.reflect.DelegatingMethodAccessorImpl.invoke(Ljava/lang/Object;[Ljava/lang/Object;)Ljava/lang/Object; (10 bytes) @ 0x00007fdbed41ad4c [0x00007fdbed41ac40+0x10c]
J 1201 C1 java.lang.reflect.Method.invoke(Ljava/lang/Object;[Ljava/lang/Object;)Ljava/lang/Object; (62 bytes) @ 0x00007fdbed4267dc [0x00007fdbed4263e0+0x3fc]
j  org.testng.internal.MethodInvocationHelper.invokeHookable(Ljava/lang/Object;[Ljava/lang/Object;Ljava/lang/Object;Ljava/lang/reflect/Method;Lorg/testng/internal/TestResult;)V+64
j  org.testng.internal.Invoker.invokeMethod([Ljava/lang/Object;ILorg/testng/ITestNGMethod;[Ljava/lang/Object;ILorg/testng/xml/XmlSuite;Ljava/util/Map;Lorg/testng/ITestClass;[Lorg/testng/ITestNGMethod;[Lorg/testng/ITestNGMethod;Lorg/testng/internal/ConfigurationGroupMethods;)Lorg/testng/ITestResult;+280
j  org.testng.internal.Invoker.invokeTestMethod([Ljava/lang/Object;Lorg/testng/ITestNGMethod;[Ljava/lang/Object;ILorg/testng/xml/XmlSuite;Ljava/util/Map;Lorg/testng/ITestClass;[Lorg/testng/ITestNGMethod;[Lorg/testng/ITestNGMethod;Lorg/testng/internal/ConfigurationGroupMethods;)Ljava/util/List;+46
j  org.testng.internal.Invoker.invokeTestMethods(Lorg/testng/ITestNGMethod;[Lorg/testng/ITestNGMethod;ILorg/testng/xml/XmlSuite;Ljava/util/Map;Lorg/testng/internal/ConfigurationGroupMethods;[Ljava/lang/Object;Lorg/testng/ITestContext;)Ljava/util/List;+705
j  org.testng.internal.TestMethodWorker.invokeTestMethods(Lorg/testng/ITestNGMethod;[Ljava/lang/Object;Lorg/testng/ITestContext;)V+32
j  org.testng.internal.TestMethodWorker.run()V+60
j  org.testng.TestRunner.privateRun(Lorg/testng/xml/XmlTest;)V+349
j  org.testng.TestRunner.run()V+26
j  org.testng.SuiteRunner.runTest(Lorg/testng/TestRunner;)V+1
j  org.testng.SuiteRunner.runSequentially()V+31
j  org.testng.SuiteRunner.privateRun()V+281
j  org.testng.SuiteRunner.run()V+6
j  org.testng.SuiteRunnerWorker.runSuite(Lorg/testng/internal/SuiteRunnerMap;Lorg/testng/xml/XmlSuite;)V+96
j  org.testng.SuiteRunnerWorker.run()V+12
j  org.testng.TestNG.runSuitesSequentially(Lorg/testng/xml/XmlSuite;Lorg/testng/internal/SuiteRunnerMap;ILjava/lang/String;)V+66
j  org.testng.TestNG.runSuitesLocally()Ljava/util/List;+117
j  org.testng.TestNG.run()V+77
j  org.testng.remote.AbstractRemoteTestNG.run()V+163
j  org.testng.remote.RemoteTestNG.initAndRun(Lorg/testng/remote/IRemoteTestNG;[Ljava/lang/String;Lorg/testng/CommandLineArgs;Lorg/testng/remote/RemoteArgs;)V+184
j  org.testng.remote.RemoteTestNG.main([Ljava/lang/String;)V+218
v  ~StubRoutines::call_stub

---------------  P R O C E S S  ---------------

Java Threads: ( => current thread )
  0x00007fdbfd5c9000 JavaThread "http-nio-auto-1-46920-AsyncTimeout" daemon [_thread_blocked, id=5722, stack(0x00007fdba2972000,0x00007fdba2a73000)]
  0x00007fdbfd5c7800 JavaThread "http-nio-auto-1-Acceptor-0" daemon [_thread_in_native, id=5721, stack(0x00007fdba2a73000,0x00007fdba2b74000)]
  0x00007fdbfd5c5000 JavaThread "http-nio-auto-1-ClientPoller-1" daemon [_thread_in_native, id=5720, stack(0x00007fdba2b74000,0x00007fdba2c75000)]
  0x00007fdbfd5b7000 JavaThread "http-nio-auto-1-ClientPoller-0" daemon [_thread_in_native, id=5719, stack(0x00007fdba2c75000,0x00007fdba2d76000)]
  0x00007fdbfd5a4800 JavaThread "NioBlockingSelector.BlockPoller-1" daemon [_thread_in_native, id=5718, stack(0x00007fdba2d76000,0x00007fdba2e77000)]
  0x00007fdbfd123800 JavaThread "Tomcat JDBC Pool Cleaner[865113938:1485172940380]" daemon [_thread_blocked, id=5717, stack(0x00007fdba38ff000,0x00007fdba3a00000)]
  0x00007fdbfcf4b800 JavaThread "container-0" [_thread_blocked, id=5716, stack(0x00007fdbd000b000,0x00007fdbd010c000)]
  0x00007fdbfcf48800 JavaThread "ContainerBackgroundProcessor[StandardEngine[Tomcat]]" daemon [_thread_blocked, id=5715, stack(0x00007fdbd0335000,0x00007fdbd0436000)]
  0x00007fdba81b5800 JavaThread "localhost-startStop-1" daemon [_thread_blocked, id=5714, stack(0x00007fdbd0436000,0x00007fdbd0537000)]
  0x00007fdbfd02d000 JavaThread "Tomcat-startStop-1" daemon [_thread_blocked, id=5713, stack(0x00007fdbd11e2000,0x00007fdbd12e3000)]
  0x00007fdbfc4d9000 JavaThread "ReaderThread" [_thread_in_native, id=5711, stack(0x00007fdbd1af0000,0x00007fdbd1bf1000)]
  0x00007fdbfc0c7000 JavaThread "Service Thread" daemon [_thread_blocked, id=5708, stack(0x00007fdbd21a3000,0x00007fdbd22a4000)]
  0x00007fdbfc0c4000 JavaThread "C1 CompilerThread2" daemon [_thread_blocked, id=5707, stack(0x00007fdbd22a4000,0x00007fdbd23a5000)]
  0x00007fdbfc0c2000 JavaThread "C2 CompilerThread1" daemon [_thread_in_native, id=5706, stack(0x00007fdbd23a5000,0x00007fdbd24a6000)]
  0x00007fdbfc0bf000 JavaThread "C2 CompilerThread0" daemon [_thread_in_native, id=5705, stack(0x00007fdbd24a6000,0x00007fdbd25a7000)]
  0x00007fdbfc0be000 JavaThread "Signal Dispatcher" daemon [_thread_blocked, id=5704, stack(0x00007fdbd25a7000,0x00007fdbd26a8000)]
  0x00007fdbfc08a000 JavaThread "Finalizer" daemon [_thread_blocked, id=5703, stack(0x00007fdbd2d8b000,0x00007fdbd2e8c000)]
  0x00007fdbfc085800 JavaThread "Reference Handler" daemon [_thread_blocked, id=5702, stack(0x00007fdbd2e8c000,0x00007fdbd2f8d000)]
=>0x00007fdbfc010000 JavaThread "main" [_thread_in_vm, id=5693, stack(0x00007fdc04684000,0x00007fdc04785000)]

Other Threads:
  0x00007fdbfc07e000 VMThread [stack: 0x00007fdbd2f8d000,0x00007fdbd308e000] [id=5701]
  0x00007fdbfc0ca000 WatcherThread [stack: 0x00007fdbd20a2000,0x00007fdbd21a3000] [id=5709]

VM state:not at safepoint (normal execution)

VM Mutex/Monitor currently owned by a thread: None

Heap:
 PSYoungGen      total 305664K, used 199925K [0x000000076ab00000, 0x0000000786000000, 0x00000007c0000000)
  eden space 262144K, 76% used [0x000000076ab00000,0x0000000776e3d670,0x000000077ab00000)
  from space 43520K, 0% used [0x000000077ab00000,0x000000077ab00000,0x000000077d580000)
  to   space 43520K, 0% used [0x0000000783580000,0x0000000783580000,0x0000000786000000)
 ParOldGen       total 752640K, used 22780K [0x00000006c0000000, 0x00000006edf00000, 0x000000076ab00000)
  object space 752640K, 3% used [0x00000006c0000000,0x00000006c163f010,0x00000006edf00000)
 Metaspace       used 45084K, capacity 45484K, committed 45824K, reserved 1089536K
  class space    used 5899K, capacity 6029K, committed 6144K, reserved 1048576K

Card table byte_map: [0x00007fdc00c3d000,0x00007fdc0143e000] byte_map_base: 0x00007fdbfd63d000

Marking Bits: (ParMarkBitMap*) 0x00007fdc03b60c80
 Begin Bits: [0x00007fdbe5000000, 0x00007fdbe9000000)
 End Bits:   [0x00007fdbe9000000, 0x00007fdbed000000)

Polling page: 0x00007fdc047aa000

CodeCache: size=245760Kb used=12654Kb max_used=12679Kb free=233105Kb
 bounds [0x00007fdbed000000, 0x00007fdbedc80000, 0x00007fdbfc000000]
 total_blobs=4034 nmethods=3563 adapters=384
 compilation: enabled

Compilation events (10 events):
Event: 8.558 Thread 0x00007fdbfc0c4000 4060       2       sun.reflect.ClassFileAssembler::opc_athrow (12 bytes)
Event: 8.558 Thread 0x00007fdbfc0c4000 nmethod 4060 0x00007fdbed766710 code [0x00007fdbed766880, 0x00007fdbed766a68]
Event: 8.558 Thread 0x00007fdbfc0c4000 4061       2       java.util.Collections$EmptyList::iterator (4 bytes)
Event: 8.559 Thread 0x00007fdbfc0c4000 nmethod 4061 0x00007fdbed766410 code [0x00007fdbed766560, 0x00007fdbed7666b0]
Event: 8.560 Thread 0x00007fdbfc0c4000 4062       1       org.testng.shaded.com.google.gson.reflect.TypeToken::hashCode (5 bytes)
Event: 8.560 Thread 0x00007fdbfc0c4000 nmethod 4062 0x00007fdbed766150 code [0x00007fdbed7662a0, 0x00007fdbed7663b0]
Event: 8.561 Thread 0x00007fdbfc0c4000 4063       2       java.io.BufferedWriter::ensureOpen (18 bytes)
Event: 8.561 Thread 0x00007fdbfc0c4000 nmethod 4063 0x00007fdbed765d10 code [0x00007fdbed765e80, 0x00007fdbed766088]
Event: 8.582 Thread 0x00007fdbfc0c4000 4064       2       org.hibernate.service.internal.ConcurrentServiceBinding::hashKey (5 bytes)
Event: 8.582 Thread 0x00007fdbfc0c4000 nmethod 4064 0x00007fdbed765990 code [0x00007fdbed765b00, 0x00007fdbed765c68]

GC Heap History (10 events):
Event: 2.372 GC heap before
{Heap before GC invocations=1 (full 0):
 PSYoungGen      total 305664K, used 188923K [0x000000076ab00000, 0x0000000780000000, 0x00000007c0000000)
  eden space 262144K, 72% used [0x000000076ab00000,0x000000077637eda0,0x000000077ab00000)
  from space 43520K, 0% used [0x000000077d580000,0x000000077d580000,0x0000000780000000)
  to   space 43520K, 0% used [0x000000077ab00000,0x000000077ab00000,0x000000077d580000)
 ParOldGen       total 699392K, used 0K [0x00000006c0000000, 0x00000006eab00000, 0x000000076ab00000)
  object space 699392K, 0% used [0x00000006c0000000,0x00000006c0000000,0x00000006eab00000)
 Metaspace       used 21054K, capacity 21194K, committed 21296K, reserved 1069056K
  class space    used 2594K, capacity 2642K, committed 2688K, reserved 1048576K
Event: 2.394 GC heap after
Heap after GC invocations=1 (full 0):
 PSYoungGen      total 305664K, used 20981K [0x000000076ab00000, 0x0000000780000000, 0x00000007c0000000)
  eden space 262144K, 0% used [0x000000076ab00000,0x000000076ab00000,0x000000077ab00000)
  from space 43520K, 48% used [0x000000077ab00000,0x000000077bf7d460,0x000000077d580000)
  to   space 43520K, 0% used [0x000000077d580000,0x000000077d580000,0x0000000780000000)
 ParOldGen       total 699392K, used 88K [0x00000006c0000000, 0x00000006eab00000, 0x000000076ab00000)
  object space 699392K, 0% used [0x00000006c0000000,0x00000006c0016010,0x00000006eab00000)
 Metaspace       used 21054K, capacity 21194K, committed 21296K, reserved 1069056K
  class space    used 2594K, capacity 2642K, committed 2688K, reserved 1048576K
}
Event: 2.394 GC heap before
{Heap before GC invocations=2 (full 1):
 PSYoungGen      total 305664K, used 20981K [0x000000076ab00000, 0x0000000780000000, 0x00000007c0000000)
  eden space 262144K, 0% used [0x000000076ab00000,0x000000076ab00000,0x000000077ab00000)
  from space 43520K, 48% used [0x000000077ab00000,0x000000077bf7d460,0x000000077d580000)
  to   space 43520K, 0% used [0x000000077d580000,0x000000077d580000,0x0000000780000000)
 ParOldGen       total 699392K, used 88K [0x00000006c0000000, 0x00000006eab00000, 0x000000076ab00000)
  object space 699392K, 0% used [0x00000006c0000000,0x00000006c0016010,0x00000006eab00000)
 Metaspace       used 21054K, capacity 21194K, committed 21296K, reserved 1069056K
  class space    used 2594K, capacity 2642K, committed 2688K, reserved 1048576K
Event: 2.441 GC heap after
Heap after GC invocations=2 (full 1):
 PSYoungGen      total 305664K, used 0K [0x000000076ab00000, 0x0000000780000000, 0x00000007c0000000)
  eden space 262144K, 0% used [0x000000076ab00000,0x000000076ab00000,0x000000077ab00000)
  from space 43520K, 0% used [0x000000077ab00000,0x000000077ab00000,0x000000077d580000)
  to   space 43520K, 0% used [0x000000077d580000,0x000000077d580000,0x0000000780000000)
 ParOldGen       total 699392K, used 20193K [0x00000006c0000000, 0x00000006eab00000, 0x000000076ab00000)
  object space 699392K, 2% used [0x00000006c0000000,0x00000006c13b8570,0x00000006eab00000)
 Metaspace       used 21054K, capacity 21194K, committed 21296K, reserved 1069056K
  class space    used 2594K, capacity 2642K, committed 2688K, reserved 1048576K
}
Event: 4.631 GC heap before
{Heap before GC invocations=3 (full 1):
 PSYoungGen      total 305664K, used 262144K [0x000000076ab00000, 0x0000000780000000, 0x00000007c0000000)
  eden space 262144K, 100% used [0x000000076ab00000,0x000000077ab00000,0x000000077ab00000)
  from space 43520K, 0% used [0x000000077ab00000,0x000000077ab00000,0x000000077d580000)
  to   space 43520K, 0% used [0x000000077d580000,0x000000077d580000,0x0000000780000000)
 ParOldGen       total 699392K, used 20193K [0x00000006c0000000, 0x00000006eab00000, 0x000000076ab00000)
  object space 699392K, 2% used [0x00000006c0000000,0x00000006c13b8570,0x00000006eab00000)
 Metaspace       used 30348K, capacity 30646K, committed 30848K, reserved 1077248K
  class space    used 3766K, capacity 3860K, committed 3968K, reserved 1048576K
Event: 4.657 GC heap after
Heap after GC invocations=3 (full 1):
 PSYoungGen      total 305664K, used 17291K [0x000000076ab00000, 0x0000000785980000, 0x00000007c0000000)
  eden space 262144K, 0% used [0x000000076ab00000,0x000000076ab00000,0x000000077ab00000)
  from space 43520K, 39% used [0x000000077d580000,0x000000077e662f50,0x0000000780000000)
  to   space 43520K, 0% used [0x000000077ab00000,0x000000077ab00000,0x000000077d580000)
 ParOldGen       total 699392K, used 20201K [0x00000006c0000000, 0x00000006eab00000, 0x000000076ab00000)
  object space 699392K, 2% used [0x00000006c0000000,0x00000006c13ba570,0x00000006eab00000)
 Metaspace       used 30348K, capacity 30646K, committed 30848K, reserved 1077248K
  class space    used 3766K, capacity 3860K, committed 3968K, reserved 1048576K
}
Event: 6.057 GC heap before
{Heap before GC invocations=4 (full 1):
 PSYoungGen      total 305664K, used 126990K [0x000000076ab00000, 0x0000000785980000, 0x00000007c0000000)
  eden space 262144K, 41% used [0x000000076ab00000,0x0000000771620a58,0x000000077ab00000)
  from space 43520K, 39% used [0x000000077d580000,0x000000077e662f50,0x0000000780000000)
  to   space 43520K, 0% used [0x000000077ab00000,0x000000077ab00000,0x000000077d580000)
 ParOldGen       total 699392K, used 20201K [0x00000006c0000000, 0x00000006eab00000, 0x000000076ab00000)
  object space 699392K, 2% used [0x00000006c0000000,0x00000006c13ba570,0x00000006eab00000)
 Metaspace       used 35067K, capacity 35350K, committed 35496K, reserved 1081344K
  class space    used 4498K, capacity 4580K, committed 4608K, reserved 1048576K
Event: 6.077 GC heap after
Heap after GC invocations=4 (full 1):
 PSYoungGen      total 305664K, used 13552K [0x000000076ab00000, 0x0000000786000000, 0x00000007c0000000)
  eden space 262144K, 0% used [0x000000076ab00000,0x000000076ab00000,0x000000077ab00000)
  from space 43520K, 31% used [0x000000077ab00000,0x000000077b83c1f8,0x000000077d580000)
  to   space 43520K, 0% used [0x0000000783580000,0x0000000783580000,0x0000000786000000)
 ParOldGen       total 699392K, used 20209K [0x00000006c0000000, 0x00000006eab00000, 0x000000076ab00000)
  object space 699392K, 2% used [0x00000006c0000000,0x00000006c13bc570,0x00000006eab00000)
 Metaspace       used 35067K, capacity 35350K, committed 35496K, reserved 1081344K
  class space    used 4498K, capacity 4580K, committed 4608K, reserved 1048576K
}
Event: 6.077 GC heap before
{Heap before GC invocations=5 (full 2):
 PSYoungGen      total 305664K, used 13552K [0x000000076ab00000, 0x0000000786000000, 0x00000007c0000000)
  eden space 262144K, 0% used [0x000000076ab00000,0x000000076ab00000,0x000000077ab00000)
  from space 43520K, 31% used [0x000000077ab00000,0x000000077b83c1f8,0x000000077d580000)
  to   space 43520K, 0% used [0x0000000783580000,0x0000000783580000,0x0000000786000000)
 ParOldGen       total 699392K, used 20209K [0x00000006c0000000, 0x00000006eab00000, 0x000000076ab00000)
  object space 699392K, 2% used [0x00000006c0000000,0x00000006c13bc570,0x00000006eab00000)
 Metaspace       used 35067K, capacity 35350K, committed 35496K, reserved 1081344K
  class space    used 4498K, capacity 4580K, committed 4608K, reserved 1048576K
Event: 6.167 GC heap after
Heap after GC invocations=5 (full 2):
 PSYoungGen      total 305664K, used 0K [0x000000076ab00000, 0x0000000786000000, 0x00000007c0000000)
  eden space 262144K, 0% used [0x000000076ab00000,0x000000076ab00000,0x000000077ab00000)
  from space 43520K, 0% used [0x000000077ab00000,0x000000077ab00000,0x000000077d580000)
  to   space 43520K, 0% used [0x0000000783580000,0x0000000783580000,0x0000000786000000)
 ParOldGen       total 752640K, used 22780K [0x00000006c0000000, 0x00000006edf00000, 0x000000076ab00000)
  object space 752640K, 3% used [0x00000006c0000000,0x00000006c163f010,0x00000006edf00000)
 Metaspace       used 35067K, capacity 35350K, committed 35496K, reserved 1081344K
  class space    used 4498K, capacity 4580K, committed 4608K, reserved 1048576K
}

Deoptimization events (10 events):
Event: 6.991 Thread 0x00007fdbfc010000 Uncommon trap: reason=unstable_if action=reinterpret pc=0x00007fdbedabd4ac method=java.util.concurrent.ConcurrentHashMap.get(Ljava/lang/Object;)Ljava/lang/Object; @ 86
Event: 7.087 Thread 0x00007fdbfc010000 Uncommon trap: reason=null_check action=make_not_entrant pc=0x00007fdbedb620f8 method=org.springframework.util.ClassUtils.isAssignable(Ljava/lang/Class;Ljava/lang/Class;)Z @ 14
Event: 7.125 Thread 0x00007fdbfc010000 Uncommon trap: reason=unstable_if action=reinterpret pc=0x00007fdbedb7f36c method=sun.reflect.misc.ReflectUtil.isNonPublicProxyClass(Ljava/lang/Class;)Z @ 33
Event: 7.337 Thread 0x00007fdbfc010000 Uncommon trap: reason=unstable_if action=reinterpret pc=0x00007fdbed378f38 method=java.util.concurrent.ConcurrentHashMap.transfer([Ljava/util/concurrent/ConcurrentHashMap$Node;[Ljava/util/concurrent/ConcurrentHashMap$Node;)V @ 356
Event: 7.337 Thread 0x00007fdbfc010000 Uncommon trap: reason=unstable_if action=reinterpret pc=0x00007fdbed7a5d2c method=java.util.concurrent.ConcurrentHashMap.transfer([Ljava/util/concurrent/ConcurrentHashMap$Node;[Ljava/util/concurrent/ConcurrentHashMap$Node;)V @ 356
Event: 7.339 Thread 0x00007fdbfc010000 Uncommon trap: reason=unstable_if action=reinterpret pc=0x00007fdbed7d3f60 method=java.util.concurrent.ConcurrentHashMap.transfer([Ljava/util/concurrent/ConcurrentHashMap$Node;[Ljava/util/concurrent/ConcurrentHashMap$Node;)V @ 356
Event: 8.297 Thread 0x00007fdbfc010000 Uncommon trap: reason=unstable_if action=reinterpret pc=0x00007fdbedbcf3f4 method=java.lang.reflect.Modifier.toString(I)Ljava/lang/String; @ 123
Event: 8.464 Thread 0x00007fdbfc010000 Uncommon trap: reason=unstable_if action=reinterpret pc=0x00007fdbedbb0974 method=org.springframework.util.ConcurrentReferenceHashMap$Segment.clear()V @ 4
Event: 8.533 Thread 0x00007fdbfc010000 Uncommon trap: reason=bimorphic action=maybe_recompile pc=0x00007fdbed7b5e90 method=java.util.Hashtable.get(Ljava/lang/Object;)Ljava/lang/Object; @ 6
Event: 8.534 Thread 0x00007fdbfc010000 Uncommon trap: reason=bimorphic action=maybe_recompile pc=0x00007fdbed7b5e90 method=java.util.Hashtable.get(Ljava/lang/Object;)Ljava/lang/Object; @ 6

Internal exceptions (10 events):
Event: 8.359 Thread 0x00007fdbfc010000 Exception <a 'java/lang/ClassNotFoundException': org/springframework/boot/autoconfigure/web/WebClientAutoConfigurationCustomizer> (0x00000007752ef6b0) thrown at [/HUDSON3/workspace/8-2-build-linux-amd64/jdk8u121/8372/hotspot/src/share/vm/classfile/systemD
Event: 8.359 Thread 0x00007fdbfc010000 Exception <a 'java/lang/ClassNotFoundException': org/springframework/boot/autoconfigure/web/WebClientAutoConfiguration$$EnhancerBySpringCGLIB$$52d5929eCustomizer> (0x0000000775312fa8) thrown at [/HUDSON3/workspace/8-2-build-linux-amd64/jdk8u121/8372/hotsp
Event: 8.360 Thread 0x00007fdbfc010000 Exception <a 'java/lang/ClassNotFoundException': org/springframework/context/annotation/ConfigurationClassEnhancer$EnhancedConfigurationCustomizer> (0x0000000775337300) thrown at [/HUDSON3/workspace/8-2-build-linux-amd64/jdk8u121/8372/hotspot/src/share/vm
Event: 8.544 Thread 0x00007fdbfc010000 Exception <a 'java/lang/ClassNotFoundException': java/lang/ObjectCustomizer> (0x0000000776274f88) thrown at [/HUDSON3/workspace/8-2-build-linux-amd64/jdk8u121/8372/hotspot/src/share/vm/classfile/systemDictionary.cpp, line 210]
Event: 8.545 Thread 0x00007fdbfc010000 Exception <a 'java/lang/ClassNotFoundException': org/springframework/test/context/testng/AbstractTestNGSpringContextTestsCustomizer> (0x0000000776292cd0) thrown at [/HUDSON3/workspace/8-2-build-linux-amd64/jdk8u121/8372/hotspot/src/share/vm/classfile/syst
Event: 8.545 Thread 0x00007fdbfc010000 Exception <a 'java/lang/ClassNotFoundException': com/example/crudtest/CRUDTestCustomizer> (0x00000007762a5898) thrown at [/HUDSON3/workspace/8-2-build-linux-amd64/jdk8u121/8372/hotspot/src/share/vm/classfile/systemDictionary.cpp, line 210]
Event: 8.546 Thread 0x00007fdbfc010000 Exception <a 'java/lang/ClassNotFoundException': org/testng/IHookableCustomizer> (0x00000007762b62c0) thrown at [/HUDSON3/workspace/8-2-build-linux-amd64/jdk8u121/8372/hotspot/src/share/vm/classfile/systemDictionary.cpp, line 210]
Event: 8.546 Thread 0x00007fdbfc010000 Exception <a 'java/lang/ClassNotFoundException': org/springframework/context/ApplicationContextAwareCustomizer> (0x00000007762cc460) thrown at [/HUDSON3/workspace/8-2-build-linux-amd64/jdk8u121/8372/hotspot/src/share/vm/classfile/systemDictionary.cpp, lin
Event: 8.585 Thread 0x00007fdbfc010000 Exception <a 'java/lang/ClassNotFoundException': java/lang/ObjectCustomizer> (0x0000000776455a38) thrown at [/HUDSON3/workspace/8-2-build-linux-amd64/jdk8u121/8372/hotspot/src/share/vm/classfile/systemDictionary.cpp, line 210]
Event: 8.586 Thread 0x00007fdbfc010000 Exception <a 'java/lang/ClassNotFoundException': com/example/entity/BookCustomizer> (0x00000007764683c8) thrown at [/HUDSON3/workspace/8-2-build-linux-amd64/jdk8u121/8372/hotspot/src/share/vm/classfile/systemDictionary.cpp, line 210]

Events (10 events):
Event: 8.592 loading class org/hibernate/engine/jdbc/internal/FormatStyle
Event: 8.592 loading class org/hibernate/engine/jdbc/internal/FormatStyle done
Event: 8.592 loading class org/hibernate/engine/jdbc/internal/Formatter
Event: 8.592 loading class org/hibernate/engine/jdbc/internal/Formatter done
Event: 8.593 loading class org/hibernate/engine/jdbc/internal/BasicFormatterImpl
Event: 8.593 loading class org/hibernate/engine/jdbc/internal/BasicFormatterImpl done
Event: 8.593 loading class org/hibernate/engine/jdbc/internal/DDLFormatterImpl
Event: 8.593 loading class org/hibernate/engine/jdbc/internal/DDLFormatterImpl done
Event: 8.594 loading class org/hibernate/engine/jdbc/internal/FormatStyle$NoFormatImpl
Event: 8.594 loading class org/hibernate/engine/jdbc/internal/FormatStyle$NoFormatImpl done


Dynamic libraries:
00400000-00401000 r-xp 00000000 08:03 3554757                            /usr/lib/jvm/java-8-oracle/bin/java
00600000-00601000 rw-p 00000000 08:03 3554757                            /usr/lib/jvm/java-8-oracle/bin/java
00c22000-00c43000 rw-p 00000000 00:00 0                                  [heap]
6c0000000-6edf00000 rw-p 00000000 00:00 0 
6edf00000-76ab00000 ---p 00000000 00:00 0 
76ab00000-786000000 rw-p 00000000 00:00 0 
786000000-7c0000000 ---p 00000000 00:00 0 
7c0000000-7c0600000 rw-p 00000000 00:00 0 
7c0600000-800000000 ---p 00000000 00:00 0 
7fdb78000000-7fdb78021000 rw-p 00000000 00:00 0 
7fdb78021000-7fdb7c000000 ---p 00000000 00:00 0 
7fdb80000000-7fdb80021000 rw-p 00000000 00:00 0 
7fdb80021000-7fdb84000000 ---p 00000000 00:00 0 
7fdb84000000-7fdb84021000 rw-p 00000000 00:00 0 
7fdb84021000-7fdb88000000 ---p 00000000 00:00 0 
7fdb88000000-7fdb88021000 rw-p 00000000 00:00 0 
7fdb88021000-7fdb8c000000 ---p 00000000 00:00 0 
7fdb8c000000-7fdb8c021000 rw-p 00000000 00:00 0 
7fdb8c021000-7fdb90000000 ---p 00000000 00:00 0 
7fdb90000000-7fdb90021000 rw-p 00000000 00:00 0 
7fdb90021000-7fdb94000000 ---p 00000000 00:00 0 
7fdb94000000-7fdb94021000 rw-p 00000000 00:00 0 
7fdb94021000-7fdb98000000 ---p 00000000 00:00 0 
7fdb98000000-7fdb98021000 rw-p 00000000 00:00 0 
7fdb98021000-7fdb9c000000 ---p 00000000 00:00 0 
7fdb9c000000-7fdb9c2f1000 rw-p 00000000 00:00 0 
7fdb9c2f1000-7fdba0000000 ---p 00000000 00:00 0 
7fdba26b1000-7fdba2972000 rw-p 00000000 00:00 0 
7fdba2972000-7fdba2975000 ---p 00000000 00:00 0 
7fdba2975000-7fdba2a73000 rw-p 00000000 00:00 0                          [stack:5722]
7fdba2a73000-7fdba2a76000 ---p 00000000 00:00 0 
7fdba2a76000-7fdba2b74000 rw-p 00000000 00:00 0                          [stack:5721]
7fdba2b74000-7fdba2b77000 ---p 00000000 00:00 0 
7fdba2b77000-7fdba2c75000 rw-p 00000000 00:00 0                          [stack:5720]
7fdba2c75000-7fdba2c78000 ---p 00000000 00:00 0 
7fdba2c78000-7fdba2d76000 rw-p 00000000 00:00 0                          [stack:5719]
7fdba2d76000-7fdba2d79000 ---p 00000000 00:00 0 
7fdba2d79000-7fdba2f37000 rw-p 00000000 00:00 0                          [stack:5718]
7fdba2f37000-7fdba3077000 ---p 00000000 00:00 0 
7fdba3077000-7fdba3277000 rw-p 00000000 00:00 0 
7fdba3277000-7fdba3477000 rw-p 00000000 00:00 0 
7fdba3477000-7fdba3677000 rw-p 00000000 00:00 0 
7fdba3677000-7fdba36fb000 r-xp 00000000 08:03 5917606                    /tmp/sqlite-3.7.2-libsqlitejdbc.so
7fdba36fb000-7fdba38fb000 ---p 00084000 08:03 5917606                    /tmp/sqlite-3.7.2-libsqlitejdbc.so
7fdba38fb000-7fdba38fc000 r--p 00084000 08:03 5917606                    /tmp/sqlite-3.7.2-libsqlitejdbc.so
7fdba38fc000-7fdba38ff000 rw-p 00085000 08:03 5917606                    /tmp/sqlite-3.7.2-libsqlitejdbc.so
7fdba38ff000-7fdba3902000 ---p 00000000 00:00 0 
7fdba3902000-7fdba3c00000 rw-p 00000000 00:00 0                          [stack:5717]
7fdba3c00000-7fdba3e00000 rw-p 00000000 00:00 0 
7fdba3e00000-7fdba4000000 rw-p 00000000 00:00 0 
7fdba4000000-7fdba4021000 rw-p 00000000 00:00 0 
7fdba4021000-7fdba8000000 ---p 00000000 00:00 0 
7fdba8000000-7fdba81b8000 rw-p 00000000 00:00 0 
7fdba81b8000-7fdbac000000 ---p 00000000 00:00 0 
7fdbac000000-7fdbac021000 rw-p 00000000 00:00 0 
7fdbac021000-7fdbb0000000 ---p 00000000 00:00 0 
7fdbb0000000-7fdbb0021000 rw-p 00000000 00:00 0 
7fdbb0021000-7fdbb4000000 ---p 00000000 00:00 0 
7fdbb4000000-7fdbb58d8000 rw-p 00000000 00:00 0 
7fdbb58d8000-7fdbb8000000 ---p 00000000 00:00 0 
7fdbb8000000-7fdbb92cf000 rw-p 00000000 00:00 0 
7fdbb92cf000-7fdbbc000000 ---p 00000000 00:00 0 
7fdbbc000000-7fdbbc021000 rw-p 00000000 00:00 0 
7fdbbc021000-7fdbc0000000 ---p 00000000 00:00 0 
7fdbc0000000-7fdbc1603000 rw-p 00000000 00:00 0 
7fdbc1603000-7fdbc4000000 ---p 00000000 00:00 0 
7fdbc4000000-7fdbc4021000 rw-p 00000000 00:00 0 
7fdbc4021000-7fdbc8000000 ---p 00000000 00:00 0 
7fdbc8000000-7fdbc8021000 rw-p 00000000 00:00 0 
7fdbc8021000-7fdbcc000000 ---p 00000000 00:00 0 
7fdbcc000000-7fdbcc021000 rw-p 00000000 00:00 0 
7fdbcc021000-7fdbd0000000 ---p 00000000 00:00 0 
7fdbd000b000-7fdbd000e000 ---p 00000000 00:00 0 
7fdbd000e000-7fdbd030c000 rw-p 00000000 00:00 0                          [stack:5716]
7fdbd030c000-7fdbd031f000 r--s 00345000 08:03 3569668                    /usr/lib/jvm/java-8-oracle/jre/lib/resources.jar
7fdbd0334000-7fdbd0335000 rw-p 00000000 00:00 0 
7fdbd0335000-7fdbd0338000 ---p 00000000 00:00 0 
7fdbd0338000-7fdbd0436000 rw-p 00000000 00:00 0                          [stack:5715]
7fdbd0436000-7fdbd0439000 ---p 00000000 00:00 0 
7fdbd0439000-7fdbd0737000 rw-p 00000000 00:00 0                          [stack:5714]
7fdbd0737000-7fdbd0937000 rw-p 00000000 00:00 0 
7fdbd0937000-7fdbd09cc000 r--s 01109000 08:03 3569596                    /usr/lib/jvm/java-8-oracle/jre/lib/ext/jfxrt.jar
7fdbd09cc000-7fdbd0bcc000 rw-p 00000000 00:00 0 
7fdbd0bcc000-7fdbd0bdd000 r-xp 00000000 08:03 4870868                    /usr/lib/jvm/java-8-oracle/jre/lib/amd64/libnio.so
7fdbd0bdd000-7fdbd0ddc000 ---p 00011000 08:03 4870868                    /usr/lib/jvm/java-8-oracle/jre/lib/amd64/libnio.so
7fdbd0ddc000-7fdbd0ddd000 rw-p 00010000 08:03 4870868                    /usr/lib/jvm/java-8-oracle/jre/lib/amd64/libnio.so
7fdbd0ddd000-7fdbd0fdd000 rw-p 00000000 00:00 0 
7fdbd0fdd000-7fdbd0fe2000 r--s 002f9000 08:03 3569547                    /usr/lib/jvm/java-8-oracle/jre/lib/charsets.jar
7fdbd0fe2000-7fdbd11e2000 rw-p 00000000 00:00 0 
7fdbd11e2000-7fdbd11e5000 ---p 00000000 00:00 0 
7fdbd11e5000-7fdbd12e3000 rw-p 00000000 00:00 0                          [stack:5713]
7fdbd12e3000-7fdbd12ec000 r-xp 00000000 08:03 4870832                    /usr/lib/jvm/java-8-oracle/jre/lib/amd64/libmanagement.so
7fdbd12ec000-7fdbd14eb000 ---p 00009000 08:03 4870832                    /usr/lib/jvm/java-8-oracle/jre/lib/amd64/libmanagement.so
7fdbd14eb000-7fdbd14ec000 rw-p 00008000 08:03 4870832                    /usr/lib/jvm/java-8-oracle/jre/lib/amd64/libmanagement.so
7fdbd14ec000-7fdbd16ec000 rw-p 00000000 00:00 0 
7fdbd16ec000-7fdbd18ec000 rw-p 00000000 00:00 0 
7fdbd18ec000-7fdbd1aec000 rw-p 00000000 00:00 0 
7fdbd1aec000-7fdbd1af0000 r--s 0009a000 08:03 3569602                    /usr/lib/jvm/java-8-oracle/jre/lib/jsse.jar
7fdbd1af0000-7fdbd1af3000 ---p 00000000 00:00 0 
7fdbd1af3000-7fdbd1bf1000 rw-p 00000000 00:00 0                          [stack:5711]
7fdbd1bf1000-7fdbd1c07000 r-xp 00000000 08:03 4870893                    /usr/lib/jvm/java-8-oracle/jre/lib/amd64/libnet.so
7fdbd1c07000-7fdbd1e07000 ---p 00016000 08:03 4870893                    /usr/lib/jvm/java-8-oracle/jre/lib/amd64/libnet.so
7fdbd1e07000-7fdbd1e08000 rw-p 00016000 08:03 4870893                    /usr/lib/jvm/java-8-oracle/jre/lib/amd64/libnet.so
7fdbd1e08000-7fdbd1e09000 r--s 0000c000 08:03 5916924                    /home/sharmila/.gradle/caches/modules-2/files-2.1/org.ow2.asm/asm/5.0.3/dcc2193db20e19e1feca8b1240dbbc4e190824fa/asm-5.0.3.jar
7fdbd1e09000-7fdbd1e13000 r--s 00069000 08:03 5923589                    /home/sharmila/.gradle/caches/modules-2/files-2.1/ch.qos.logback/logback-core/1.1.8/b4d1c3dea91727faf8b3d19cf4b9b972d6c0b89/logback-core-1.1.8.jar
7fdbd1e13000-7fdbd1e15000 r--s 00012000 08:03 5916922                    /home/sharmila/.gradle/caches/modules-2/files-2.1/net.minidev/accessors-smart/1.1/a527213f2fea112a04c9bdf0ec0264e34104cd08/accessors-smart-1.1.jar
7fdbd1e15000-7fdbd1e17000 r--s 00009000 08:03 5923902                    /home/sharmila/.gradle/caches/modules-2/files-2.1/org.apache.tomcat/tomcat-juli/8.5.6/83d2d1e3362ecca504f3bf8ed1bc4cc451754d24/tomcat-juli-8.5.6.jar
7fdbd1e17000-7fdbd1e20000 r--s 0002d000 08:03 5923903                    /home/sharmila/.gradle/caches/modules-2/files-2.1/xml-apis/xml-apis/1.4.01/3789d9fada2d3d458c4ba2de349d48780f381ee3/xml-apis-1.4.01.jar
7fdbd1e20000-7fdbd1e22000 r--s 00004000 08:03 5923588                    /home/sharmila/.gradle/caches/modules-2/files-2.1/org.slf4j/log4j-over-slf4j/1.7.22/a527c37e9ca6c3d19ba298edd4aa344ca751a203/log4j-over-slf4j-1.7.22.jar
7fdbd1e22000-7fdbd1e24000 r--s 00000000 08:03 5923587                    /home/sharmila/.gradle/caches/modules-2/files-2.1/org.slf4j/jul-to-slf4j/1.7.22/b0429e950b3d2bc2c39c1bacafac753edbe3781c/jul-to-slf4j-1.7.22.jar
7fdbd1e24000-7fdbd1e2a000 r--s 00045000 08:03 5923585                    /home/sharmila/.gradle/caches/modules-2/files-2.1/ch.qos.logback/logback-classic/1.1.8/e54f49a227611976642f81cf2106b81c1ece8bf5/logback-classic-1.1.8.jar
7fdbd1e2a000-7fdbd1e2b000 r--s 0000f000 08:03 5916909                    /home/sharmila/.gradle/caches/modules-2/files-2.1/org.json/json/20140107/d1ffca6e2482b002702c6a576166fd685e3370e3/json-20140107.jar
7fdbd1e2b000-7fdbd1e2d000 r--s 00009000 08:03 5916921                    /home/sharmila/.gradle/caches/modules-2/files-2.1/org.objenesis/objenesis/2.1/87c0ea803b69252868d09308b4618f766f135a96/objenesis-2.1.jar
7fdbd1e2d000-7fdbd1e30000 r--s 0001b000 08:03 5916920                    /home/sharmila/.gradle/caches/modules-2/files-2.1/net.minidev/json-smart/2.2.1/5b9e5df7a62d1279b70dc882b041d249c4f0b002/json-smart-2.2.1.jar
7fdbd1e30000-7fdbd1e32000 r--s 00003000 08:03 5923586                    /home/sharmila/.gradle/caches/modules-2/files-2.1/org.slf4j/jcl-over-slf4j/1.7.22/86ceac14535af5a42c8fb0d06d79b925dd3cb263/jcl-over-slf4j-1.7.22.jar
7fdbd1e32000-7fdbd1e34000 r--s 00009000 08:03 5923584                    /home/sharmila/.gradle/caches/modules-2/files-2.1/org.slf4j/slf4j-api/1.7.22/a1c83373863cec7ae8d89dc1c5722d8cb6ec0309/slf4j-api-1.7.22.jar
7fdbd1e34000-7fdbd1e3c000 r--s 0003a000 08:03 5923901                    /home/sharmila/.gradle/caches/modules-2/files-2.1/org.springframework/spring-tx/4.3.5.RELEASE/296d8ae21fadc0f115dae7d1e8d5c4f8c7de2c3e/spring-tx-4.3.5.RELEASE.jar
7fdbd1e3c000-7fdbd1e46000 r--s 0006b000 08:03 5923900                    /home/sharmila/.gradle/caches/modules-2/files-2.1/org.springframework/spring-orm/4.3.5.RELEASE/64c29d310b69bcc6e1fd5a738fa3629bdedb2d3f/spring-orm-4.3.5.RELEASE.jar
7fdbd1e46000-7fdbd1e56000 r--s 0009a000 08:03 5923899                    /home/sharmila/.gradle/caches/modules-2/files-2.1/org.springframework.data/spring-data-commons/1.12.6.RELEASE/b6403dcfce33e89613f364d80d653d7540279c47/spring-data-commons-1.12.6.RELEASE.jar
7fdbd1e56000-7fdbd1e60000 r--s 0005f000 08:03 5923898                    /home/sharmila/.gradle/caches/modules-2/files-2.1/org.springframework/spring-jdbc/4.3.5.RELEASE/7c09e38b6f6e0b178973dea06bb8fdc6d19aa596/spring-jdbc-4.3.5.RELEASE.jar
7fdbd1e60000-7fdbd1e63000 r--s 00020000 08:03 5923897                    /home/sharmila/.gradle/caches/modules-2/files-2.1/org.apache.tomcat/tomcat-jdbc/8.5.6/feb10a9e22f70565c7556f327b0481dba8587bbc/tomcat-jdbc-8.5.6.jar
7fdbd1e63000-7fdbd1e7c000 r--s 001af000 08:03 5923896                    /home/sharmila/.gradle/caches/modules-2/files-2.1/org.aspectj/aspectjweaver/1.8.9/db28774f477f07220eac18d5ec9c4e01f48589d7/aspectjweaver-1.8.9.jar
7fdbd1e7c000-7fdbd1e7f000 r--s 00010000 08:03 5923833                    /home/sharmila/.gradle/caches/modules-2/files-2.1/org.hibernate.common/hibernate-commons-annotations/5.0.1.Final/71e1cff3fcb20d3b3af4f3363c3ddb24d33c6879/hibernate-commons-annotations-5.0.1.Final.jar
7fdbd1e7f000-7fdbd1e84000 r--s 00048000 08:03 5923832                    /home/sharmila/.gradle/caches/modules-2/files-2.1/dom4j/dom4j/1.6.1/5d3ccc056b6f056dbf0dddfdf43894b9065a8f94/dom4j-1.6.1.jar
7fdbd1e84000-7fdbd1e87000 r--s 0002b000 08:03 5923433                    /home/sharmila/.gradle/caches/modules-2/files-2.1/org.jboss/jandex/2.0.0.Final/3e899258936f94649c777193e1be846387ed54b3/jandex-2.0.0.Final.jar
7fdbd1e87000-7fdbd1e88000 r--s 00003000 08:03 5923830                    /home/sharmila/.gradle/caches/modules-2/files-2.1/org.apache.geronimo.specs/geronimo-jta_1.1_spec/1.1.1/aabab3165b8ea936b9360abbf448459c0d04a5a4/geronimo-jta_1.1_spec-1.1.1.jar
7fdbd1e88000-7fdbd1e8d000 r--s 00068000 08:03 5923829                    /home/sharmila/.gradle/caches/modules-2/files-2.1/antlr/antlr/2.7.7/83cd2cd674a217ade95a4bb83a8a14f351f48bd0/antlr-2.7.7.jar
7fdbd1e8d000-7fdbd1e92000 r--s 0003c000 08:03 5923583                    /home/sharmila/.gradle/caches/modules-2/files-2.1/org.springframework/spring-expression/4.3.5.RELEASE/3689dc6c5b942ecde4122eac889ed87977d6f287/spring-expression-4.3.5.RELEASE.jar
7fdbd1e92000-7fdbd1eac000 r--s 000fc000 08:03 5923582                    /home/sharmila/.gradle/caches/modules-2/files-2.1/org.springframework/spring-context/4.3.5.RELEASE/ca3391c0e17d0138335ba51b51371661d20d56a8/spring-context-4.3.5.RELEASE.jar
7fdbd1eac000-7fdbd1eb9000 r--s 000ad000 08:03 5923581                    /home/sharmila/.gradle/caches/modules-2/files-2.1/org.springframework/spring-beans/4.3.5.RELEASE/e12bbc3277da28e2e2608a187f83091dc6c300bf/spring-beans-4.3.5.RELEASE.jar
7fdbd1eb9000-7fdbd1ec2000 r--s 00054000 08:03 5923580                    /home/sharmila/.gradle/caches/modules-2/files-2.1/org.springframework/spring-aop/4.3.5.RELEASE/4f113218af716bd8d174c411f19b26418b5a70f6/spring-aop-4.3.5.RELEASE.jar
7fdbd1ec2000-7fdbd1ec6000 r--s 00041000 08:03 5923579                    /home/sharmila/.gradle/caches/modules-2/files-2.1/com.fasterxml.jackson.core/jackson-core/2.8.5/60d059f5d2930ccd1ef03535b713fd9f933d1ba7/jackson-core-2.8.5.jar
7fdbd1ec6000-7fdbd1ec9000 r--s 0000b000 08:03 5923578                    /home/sharmila/.gradle/caches/modules-2/files-2.1/com.fasterxml.jackson.core/jackson-annotations/2.8.5/9d82ff47bc2c2d3b5b6a6618fe636782bbcd5b07/jackson-annotations-2.8.5.jar
7fdbd1ec9000-7fdbd1ecb000 r--s 0000e000 08:03 5917543                    /home/sharmila/.gradle/caches/modules-2/files-2.1/com.fasterxml/classmate/1.3.3/864c8e370a691e343210cc7c532fc198cee460d8/classmate-1.3.3.jar
7fdbd1ecb000-7fdbd1ecf000 r--s 0000c000 08:03 5916766                    /home/sharmila/.gradle/caches/modules-2/files-2.1/javax.validation/validation-api/1.1.0.Final/8613ae82954779d518631e05daa73a6a954817d5/validation-api-1.1.0.Final.jar
7fdbd1ecf000-7fdbd1ed4000 r--s 00036000 08:03 5917542                    /home/sharmila/.gradle/caches/modules-2/files-2.1/org.apache.tomcat.embed/tomcat-embed-websocket/8.5.6/6f6940a216b380ea8506530c374fcfeef820ba54/tomcat-embed-websocket-8.5.6.jar
7fdbd1ed4000-7fdbd1ed5000 r--s 00000000 08:03 5923577                    /home/sharmila/.gradle/caches/modules-2/files-2.1/org.springframework.boot/spring-boot-starter-logging/1.4.3.RELEASE/1c58783c0694abf695babfd39829922d2d501ec2/spring-boot-starter-logging-1.4.3.RELEASE.jar
7fdbd1ed5000-7fdbd1ef3000 r--s 000d0000 08:03 5923576                    /home/sharmila/.gradle/caches/modules-2/files-2.1/org.springframework.boot/spring-boot-autoconfigure/1.4.3.RELEASE/41df1bfbdd4ae4e8499ebe1a4bc613bda316d6e1/spring-boot-autoconfigure-1.4.3.RELEASE.jar
7fdbd1ef3000-7fdbd1f03000 r--s 00092000 08:03 5923575                    /home/sharmila/.gradle/caches/modules-2/files-2.1/org.springframework.boot/spring-boot/1.4.3.RELEASE/17f94def4460075afdfba6bf8f897cd1fc95bf77/spring-boot-1.4.3.RELEASE.jar
7fdbd1f03000-7fdbd1f12000 r--s 00084000 08:03 5923574                    /home/sharmila/.gradle/caches/modules-2/files-2.1/org.springframework/spring-test/4.3.5.RELEASE/a1965127e07b469d8e5bb3d2b0ff850423b66be4/spring-test-4.3.5.RELEASE.jar
7fdbd1f12000-7fdbd1f28000 r--s 000fa000 08:03 5923530                    /home/sharmila/.gradle/caches/modules-2/files-2.1/org.springframework/spring-core/4.3.5.RELEASE/80299e3f80e8c6d5c076db2ba6adf44a4b52f578/spring-core-4.3.5.RELEASE.jar
7fdbd1f28000-7fdbd1f29000 r--s 00006000 08:03 5916915                    /home/sharmila/.gradle/caches/modules-2/files-2.1/org.skyscreamer/jsonassert/1.3.0/d5c250eb122496866de36dc84f98e2945845ecdd/jsonassert-1.3.0.jar
7fdbd1f29000-7fdbd1f2a000 r--s 0000c000 08:03 5916912                    /home/sharmila/.gradle/caches/modules-2/files-2.1/org.hamcrest/hamcrest-library/1.3/4785a3c21320980282f9f33d0d1264a69040538f/hamcrest-library-1.3.jar
7fdbd1f2a000-7fdbd1f2c000 r--s 00009000 08:03 5913472                    /home/sharmila/.gradle/caches/modules-2/files-2.1/org.hamcrest/hamcrest-core/1.3/42a25dc3219429f0e5d060061f71acb49bf010a0/hamcrest-core-1.3.jar
7fdbd1f2c000-7fdbd1f48000 r--s 00103000 08:03 5916914                    /home/sharmila/.gradle/caches/modules-2/files-2.1/org.mockito/mockito-core/1.10.19/e8546f5bef4e061d8dd73895b4e8f40e3fe6effe/mockito-core-1.10.19.jar
7fdbd1f48000-7fdbd1f5b000 r--s 000d2000 08:03 5916913                    /home/sharmila/.gradle/caches/modules-2/files-2.1/org.assertj/assertj-core/2.5.0/fcd21db4c5f33e5dcac69bf1816415fe0647582f/assertj-core-2.5.0.jar
7fdbd1f5b000-7fdbd1f60000 r--s 0002e000 08:03 5916911                    /home/sharmila/.gradle/caches/modules-2/files-2.1/com.jayway.jsonpath/json-path/2.2.0/22290d17944bd239fabf5ac69005a60a7ecbbbcb/json-path-2.2.0.jar
7fdbd1f60000-7fdbd1f65000 r--s 00017000 08:03 5923573                    /home/sharmila/.gradle/caches/modules-2/files-2.1/org.springframework.boot/spring-boot-test-autoconfigure/1.4.3.RELEASE/1a7587605e981a58104a501ab1896e2eb7a76686/spring-boot-test-autoconfigure-1.4.3.RELEASE.jar
7fdbd1f65000-7fdbd1f6a000 r--s 00021000 08:03 5923572                    /home/sharmila/.gradle/caches/modules-2/files-2.1/org.springframework.boot/spring-boot-test/1.4.3.RELEASE/2d76638f0f13b33859bf3b927c232ff0f8a4ffbf/spring-boot-test-1.4.3.RELEASE.jar
7fdbd1f6a000-7fdbd1f70000 r--s 0003d000 08:03 5916762                    /home/sharmila/.gradle/caches/modules-2/files-2.1/org.yaml/snakeyaml/1.17/7a27ea250c5130b2922b86dea63cbb1cc10a660c/snakeyaml-1.17.jar
7fdbd1f70000-7fdbd1f72000 r--s 00006000 08:03 5923638                    /home/sharmila/.gradle/caches/modules-2/files-2.1/com.beust/jcommander/1.12/7409692b48022f9eca7445861defbcdb9ee3c2a8/jcommander-1.12.jar
7fdbd1f72000-7fdbd1f77000 r--s 00040000 08:03 5923637                    /home/sharmila/.gradle/caches/modules-2/files-2.1/org.beanshell/bsh/2.0b4/a05f0a0feefa8d8467ac80e16e7de071489f0d9c/bsh-2.0b4.jar
7fdbd1f77000-7fdbd1f7f000 r--s 00045000 08:03 5913471                    /home/sharmila/.gradle/caches/modules-2/files-2.1/junit/junit/4.12/2973d150c0dc1fefe998f834810d68f278ea58ec/junit-4.12.jar
7fdbd1f7f000-7fdbd1f82000 r--s 0000c000 08:03 5923895                    /home/sharmila/.gradle/caches/modules-2/files-2.1/org.springframework/spring-aspects/4.3.5.RELEASE/8c00c15865a1da0a1ba143a50622a8436a56e097/spring-aspects-4.3.5.RELEASE.jar
7fdbd1f82000-7fdbd1f88000 r--s 0003f000 08:03 5923894                    /home/sharmila/.gradle/caches/modules-2/files-2.1/org.springframework.data/spring-data-jpa/1.10.6.RELEASE/5d478860b24a493845248c1c336c33a657567bd3/spring-data-jpa-1.10.6.RELEASE.jar
7fdbd1f88000-7fdbd1f8a000 r--s 00006000 08:03 5923893                    /home/sharmila/.gradle/caches/modules-2/files-2.1/javax.transaction/javax.transaction-api/1.2/d81aff979d603edd90dcd8db2abc1f4ce6479e3e/javax.transaction-api-1.2.jar
7fdbd1f8a000-7fdbd1f97000 r--s 00089000 08:03 5923892                    /home/sharmila/.gradle/caches/modules-2/files-2.1/org.hibernate/hibernate-entitymanager/5.0.11.Final/549565caed4e0bcb816843693e66ff7b04ce025f/hibernate-entitymanager-5.0.11.Final.jar
7fdbd1f97000-7fdbd1f98000 r--s 00000000 08:03 5923891                    /home/sharmila/.gradle/caches/modules-2/files-2.1/org.springframework.boot/spring-boot-starter-jdbc/1.4.3.RELEASE/7ce66cf27ea731189248be7af2ab84ba189e1151/spring-boot-starter-jdbc-1.4.3.RELEASE.jar
7fdbd1f98000-7fdbd1f99000 r--s 00000000 08:03 5923890                    /home/sharmila/.gradle/caches/modules-2/files-2.1/org.springframework.boot/spring-boot-starter-aop/1.4.3.RELEASE/30b11b6455bed446d3b4a1a49fab529b2cfac454/spring-boot-starter-aop-1.4.3.RELEASE.jar
7fdbd1f99000-7fdbd1fa3000 r--s 000ae000 08:03 5916958                    /home/sharmila/.gradle/caches/modules-2/files-2.1/org.javassist/javassist/3.20.0-GA/a9cbcdfb7e9f86fbc74d3afae65f2248bfbf82a0/javassist-3.20.0-GA.jar
7fdbd1fa3000-7fdbd1fa8000 r--s 00017000 08:03 5923828                    /home/sharmila/.gradle/caches/modules-2/files-2.1/org.hibernate.javax.persistence/hibernate-jpa-2.1-api/1.0.0.Final/5e731d961297e5a07290bfaf3db1fbc8bbbf405a/hibernate-jpa-2.1-api-1.0.0.Final.jar
7fdbd1fa8000-7fdbd2011000 r--s 004f3000 08:03 5923432                    /home/sharmila/.gradle/caches/modules-2/files-2.1/org.hibernate/hibernate-core/5.0.11.Final/c2487fb72a2217a7cec9ab478d4c21a36fc09977/hibernate-core-5.0.11.Final.jar
7fdbd2011000-7fdbd2024000 r--s 00236000 08:03 5916949                    /home/sharmila/.gradle/caches/modules-2/files-2.1/org.eclipse.jdt.core.compiler/ecj/4.5.1/bee1367ac12fb6a20b422ff8711ebeb4f0a42316/ecj-4.5.1.jar
7fdbd2024000-7fdbd2029000 r--s 00036000 08:03 5917541                    /home/sharmila/.gradle/caches/modules-2/files-2.1/org.apache.tomcat.embed/tomcat-embed-el/8.5.6/a102298d8dc72f4065533d5962953d753b172602/tomcat-embed-el-8.5.6.jar
7fdbd2029000-7fdbd2052000 r--s 002b2000 08:03 5917540                    /home/sharmila/.gradle/caches/modules-2/files-2.1/org.apache.tomcat.embed/tomcat-embed-core/8.5.6/960834b5abc6b2135250487abf6c060a0fa5a22e/tomcat-embed-core-8.5.6.jar
7fdbd2052000-7fdbd2063000 r--s 000cf000 08:03 5923571                    /home/sharmila/.gradle/caches/modules-2/files-2.1/org.springframework/spring-webmvc/4.3.5.RELEASE/c624659217edab07d8279fb0f90462136f089220/spring-webmvc-4.3.5.RELEASE.jar
7fdbd2063000-7fdbd2075000 r--s 000b6000 08:03 5923570                    /home/sharmila/.gradle/caches/modules-2/files-2.1/org.springframework/spring-web/4.3.5.RELEASE/6641daccf2fddafc8358144f3a4f999130fdf144/spring-web-4.3.5.RELEASE.jar
7fdbd2075000-7fdbd2086000 r--s 0011d000 08:03 5923569                    /home/sharmila/.gradle/caches/modules-2/files-2.1/com.fasterxml.jackson.core/jackson-databind/2.8.5/b3035f37e674c04dafe36a660c3815cc59f764e2/jackson-databind-2.8.5.jar
7fdbd2086000-7fdbd2096000 r--s 0009c000 08:03 5916756                    /home/sharmila/.gradle/caches/modules-2/files-2.1/org.hibernate/hibernate-validator/5.2.4.Final/fb18766b576aa6632bcfe9a20a023cbd52bf9769/hibernate-validator-5.2.4.Final.jar
7fdbd2096000-7fdbd20a2000 r--s 000a4000 08:03 5923636                    /home/sharmila/.gradle/caches/modules-2/files-2.1/org.testng/testng/6.5.2/5069d2e72356ed87645c5fc3622b0bbb5e0667c9/testng-6.5.2.jar
7fdbd20a2000-7fdbd20a3000 ---p 00000000 00:00 0 
7fdbd20a3000-7fdbd21a3000 rw-p 00000000 00:00 0                          [stack:5709]
7fdbd21a3000-7fdbd21a6000 ---p 00000000 00:00 0 
7fdbd21a6000-7fdbd22a4000 rw-p 00000000 00:00 0                          [stack:5708]
7fdbd22a4000-7fdbd22a7000 ---p 00000000 00:00 0 
7fdbd22a7000-7fdbd23a5000 rw-p 00000000 00:00 0                          [stack:5707]
7fdbd23a5000-7fdbd23a8000 ---p 00000000 00:00 0 
7fdbd23a8000-7fdbd24a6000 rw-p 00000000 00:00 0                          [stack:5706]
7fdbd24a6000-7fdbd24a9000 ---p 00000000 00:00 0 
7fdbd24a9000-7fdbd25a7000 rw-p 00000000 00:00 0                          [stack:5705]
7fdbd25a7000-7fdbd25aa000 ---p 00000000 00:00 0 
7fdbd25aa000-7fdbd26a8000 rw-p 00000000 00:00 0                          [stack:5704]
7fdbd26a8000-7fdbd2d8b000 r--p 00000000 08:03 3152909                    /usr/lib/locale/locale-archive
7fdbd2d8b000-7fdbd2d8e000 ---p 00000000 00:00 0 
7fdbd2d8e000-7fdbd2e8c000 rw-p 00000000 00:00 0                          [stack:5703]
7fdbd2e8c000-7fdbd2e8f000 ---p 00000000 00:00 0 
7fdbd2e8f000-7fdbd2f8d000 rw-p 00000000 00:00 0                          [stack:5702]
7fdbd2f8d000-7fdbd2f8e000 ---p 00000000 00:00 0 
7fdbd2f8e000-7fdbd4000000 rw-p 00000000 00:00 0                          [stack:5701]
7fdbd4000000-7fdbd4021000 rw-p 00000000 00:00 0 
7fdbd4021000-7fdbd8000000 ---p 00000000 00:00 0 
7fdbd8000000-7fdbd8021000 rw-p 00000000 00:00 0 
7fdbd8021000-7fdbdc000000 ---p 00000000 00:00 0 
7fdbdc000000-7fdbdc021000 rw-p 00000000 00:00 0 
7fdbdc021000-7fdbe0000000 ---p 00000000 00:00 0 
7fdbe0000000-7fdbe0022000 rw-p 00000000 00:00 0 
7fdbe0022000-7fdbe4000000 ---p 00000000 00:00 0 
7fdbe4000000-7fdbed000000 rw-p 00000000 00:00 0 
7fdbed000000-7fdbedc80000 rwxp 00000000 00:00 0 
7fdbedc80000-7fdbfc000000 ---p 00000000 00:00 0 
7fdbfc000000-7fdbfd871000 rw-p 00000000 00:00 0 
7fdbfd871000-7fdc00000000 ---p 00000000 00:00 0 
7fdc00000000-7fdc00002000 r--s 0000f000 08:03 5916917                    /home/sharmila/.gradle/caches/modules-2/files-2.1/org.jboss.logging/jboss-logging/3.3.0.Final/3616bb87707910296e2c195dc016287080bba5af/jboss-logging-3.3.0.Final.jar
7fdc00002000-7fdc00003000 r--s 00000000 08:03 5923568                    /home/sharmila/.gradle/caches/modules-2/files-2.1/org.springframework.boot/spring-boot-starter-tomcat/1.4.3.RELEASE/61c48035a7a3b06b42fdd07b7109e562077b3792/spring-boot-starter-tomcat-1.4.3.RELEASE.jar
7fdc00003000-7fdc00094000 rw-p 00000000 00:00 0 
7fdc00094000-7fdc0026d000 r--s 03d3e000 08:03 3569606                    /usr/lib/jvm/java-8-oracle/jre/lib/rt.jar
7fdc0026d000-7fdc002e3000 rw-p 00000000 00:00 0 
7fdc002e3000-7fdc002e4000 ---p 00000000 00:00 0 
7fdc002e4000-7fdc003e4000 rw-p 00000000 00:00 0                          [stack:5700]
7fdc003e4000-7fdc003e5000 ---p 00000000 00:00 0 
7fdc003e5000-7fdc004e5000 rw-p 00000000 00:00 0                          [stack:5699]
7fdc004e5000-7fdc004e6000 ---p 00000000 00:00 0 
7fdc004e6000-7fdc005e6000 rw-p 00000000 00:00 0                          [stack:5698]
7fdc005e6000-7fdc005e7000 ---p 00000000 00:00 0 
7fdc005e7000-7fdc00857000 rw-p 00000000 00:00 0                          [stack:5697]
7fdc00857000-7fdc00c3d000 ---p 00000000 00:00 0 
7fdc00c3d000-7fdc00dad000 rw-p 00000000 00:00 0 
7fdc00dad000-7fdc01192000 ---p 00000000 00:00 0 
7fdc01192000-7fdc0126d000 rw-p 00000000 00:00 0 
7fdc0126d000-7fdc0143d000 ---p 00000000 00:00 0 
7fdc0143d000-7fdc01470000 rw-p 00000000 00:00 0 
7fdc01470000-7fdc017fe000 ---p 00000000 00:00 0 
7fdc017fe000-7fdc01818000 r-xp 00000000 08:03 4870864                    /usr/lib/jvm/java-8-oracle/jre/lib/amd64/libzip.so
7fdc01818000-7fdc01a18000 ---p 0001a000 08:03 4870864                    /usr/lib/jvm/java-8-oracle/jre/lib/amd64/libzip.so
7fdc01a18000-7fdc01a19000 rw-p 0001a000 08:03 4870864                    /usr/lib/jvm/java-8-oracle/jre/lib/amd64/libzip.so
7fdc01a19000-7fdc01a23000 r-xp 00000000 08:03 4070135                    /lib/x86_64-linux-gnu/libnss_files-2.19.so
7fdc01a23000-7fdc01c22000 ---p 0000a000 08:03 4070135                    /lib/x86_64-linux-gnu/libnss_files-2.19.so
7fdc01c22000-7fdc01c23000 r--p 00009000 08:03 4070135                    /lib/x86_64-linux-gnu/libnss_files-2.19.so
7fdc01c23000-7fdc01c24000 rw-p 0000a000 08:03 4070135                    /lib/x86_64-linux-gnu/libnss_files-2.19.so
7fdc01c24000-7fdc01c2f000 r-xp 00000000 08:03 4070127                    /lib/x86_64-linux-gnu/libnss_nis-2.19.so
7fdc01c2f000-7fdc01e2e000 ---p 0000b000 08:03 4070127                    /lib/x86_64-linux-gnu/libnss_nis-2.19.so
7fdc01e2e000-7fdc01e2f000 r--p 0000a000 08:03 4070127                    /lib/x86_64-linux-gnu/libnss_nis-2.19.so
7fdc01e2f000-7fdc01e30000 rw-p 0000b000 08:03 4070127                    /lib/x86_64-linux-gnu/libnss_nis-2.19.so
7fdc01e30000-7fdc01e47000 r-xp 00000000 08:03 4070123                    /lib/x86_64-linux-gnu/libnsl-2.19.so
7fdc01e47000-7fdc02046000 ---p 00017000 08:03 4070123                    /lib/x86_64-linux-gnu/libnsl-2.19.so
7fdc02046000-7fdc02047000 r--p 00016000 08:03 4070123                    /lib/x86_64-linux-gnu/libnsl-2.19.so
7fdc02047000-7fdc02048000 rw-p 00017000 08:03 4070123                    /lib/x86_64-linux-gnu/libnsl-2.19.so
7fdc02048000-7fdc0204a000 rw-p 00000000 00:00 0 
7fdc0204a000-7fdc02053000 r-xp 00000000 08:03 4070122                    /lib/x86_64-linux-gnu/libnss_compat-2.19.so
7fdc02053000-7fdc02252000 ---p 00009000 08:03 4070122                    /lib/x86_64-linux-gnu/libnss_compat-2.19.so
7fdc02252000-7fdc02253000 r--p 00008000 08:03 4070122                    /lib/x86_64-linux-gnu/libnss_compat-2.19.so
7fdc02253000-7fdc02254000 rw-p 00009000 08:03 4070122                    /lib/x86_64-linux-gnu/libnss_compat-2.19.so
7fdc02254000-7fdc0227f000 r-xp 00000000 08:03 4870782                    /usr/lib/jvm/java-8-oracle/jre/lib/amd64/libjava.so
7fdc0227f000-7fdc0247e000 ---p 0002b000 08:03 4870782                    /usr/lib/jvm/java-8-oracle/jre/lib/amd64/libjava.so
7fdc0247e000-7fdc02480000 rw-p 0002a000 08:03 4870782                    /usr/lib/jvm/java-8-oracle/jre/lib/amd64/libjava.so
7fdc02480000-7fdc0248d000 r-xp 00000000 08:03 4870821                    /usr/lib/jvm/java-8-oracle/jre/lib/amd64/libverify.so
7fdc0248d000-7fdc0268c000 ---p 0000d000 08:03 4870821                    /usr/lib/jvm/java-8-oracle/jre/lib/amd64/libverify.so
7fdc0268c000-7fdc0268e000 rw-p 0000c000 08:03 4870821                    /usr/lib/jvm/java-8-oracle/jre/lib/amd64/libverify.so
7fdc0268e000-7fdc02695000 r-xp 00000000 08:03 4070131                    /lib/x86_64-linux-gnu/librt-2.19.so
7fdc02695000-7fdc02894000 ---p 00007000 08:03 4070131                    /lib/x86_64-linux-gnu/librt-2.19.so
7fdc02894000-7fdc02895000 r--p 00006000 08:03 4070131                    /lib/x86_64-linux-gnu/librt-2.19.so
7fdc02895000-7fdc02896000 rw-p 00007000 08:03 4070131                    /lib/x86_64-linux-gnu/librt-2.19.so
7fdc02896000-7fdc0299b000 r-xp 00000000 08:03 4070117                    /lib/x86_64-linux-gnu/libm-2.19.so
7fdc0299b000-7fdc02b9a000 ---p 00105000 08:03 4070117                    /lib/x86_64-linux-gnu/libm-2.19.so
7fdc02b9a000-7fdc02b9b000 r--p 00104000 08:03 4070117                    /lib/x86_64-linux-gnu/libm-2.19.so
7fdc02b9b000-7fdc02b9c000 rw-p 00105000 08:03 4070117                    /lib/x86_64-linux-gnu/libm-2.19.so
7fdc02b9c000-7fdc0386a000 r-xp 00000000 08:03 5260205                    /usr/lib/jvm/java-8-oracle/jre/lib/amd64/server/libjvm.so
7fdc0386a000-7fdc03a6a000 ---p 00cce000 08:03 5260205                    /usr/lib/jvm/java-8-oracle/jre/lib/amd64/server/libjvm.so
7fdc03a6a000-7fdc03b43000 rw-p 00cce000 08:03 5260205                    /usr/lib/jvm/java-8-oracle/jre/lib/amd64/server/libjvm.so
7fdc03b43000-7fdc03b8e000 rw-p 00000000 00:00 0 
7fdc03b8e000-7fdc03d48000 r-xp 00000000 08:03 4070132                    /lib/x86_64-linux-gnu/libc-2.19.so
7fdc03d48000-7fdc03f48000 ---p 001ba000 08:03 4070132                    /lib/x86_64-linux-gnu/libc-2.19.so
7fdc03f48000-7fdc03f4c000 r--p 001ba000 08:03 4070132                    /lib/x86_64-linux-gnu/libc-2.19.so
7fdc03f4c000-7fdc03f4e000 rw-p 001be000 08:03 4070132                    /lib/x86_64-linux-gnu/libc-2.19.so
7fdc03f4e000-7fdc03f53000 rw-p 00000000 00:00 0 
7fdc03f53000-7fdc03f56000 r-xp 00000000 08:03 4070119                    /lib/x86_64-linux-gnu/libdl-2.19.so
7fdc03f56000-7fdc04155000 ---p 00003000 08:03 4070119                    /lib/x86_64-linux-gnu/libdl-2.19.so
7fdc04155000-7fdc04156000 r--p 00002000 08:03 4070119                    /lib/x86_64-linux-gnu/libdl-2.19.so
7fdc04156000-7fdc04157000 rw-p 00003000 08:03 4070119                    /lib/x86_64-linux-gnu/libdl-2.19.so
7fdc04157000-7fdc0416c000 r-xp 00000000 08:03 3555343                    /usr/lib/jvm/java-8-oracle/lib/amd64/jli/libjli.so
7fdc0416c000-7fdc0436c000 ---p 00015000 08:03 3555343                    /usr/lib/jvm/java-8-oracle/lib/amd64/jli/libjli.so
7fdc0436c000-7fdc0436d000 rw-p 00015000 08:03 3555343                    /usr/lib/jvm/java-8-oracle/lib/amd64/jli/libjli.so
7fdc0436d000-7fdc04386000 r-xp 00000000 08:03 4070124                    /lib/x86_64-linux-gnu/libpthread-2.19.so
7fdc04386000-7fdc04585000 ---p 00019000 08:03 4070124                    /lib/x86_64-linux-gnu/libpthread-2.19.so
7fdc04585000-7fdc04586000 r--p 00018000 08:03 4070124                    /lib/x86_64-linux-gnu/libpthread-2.19.so
7fdc04586000-7fdc04587000 rw-p 00019000 08:03 4070124                    /lib/x86_64-linux-gnu/libpthread-2.19.so
7fdc04587000-7fdc0458b000 rw-p 00000000 00:00 0 
7fdc0458b000-7fdc045ae000 r-xp 00000000 08:03 4070125                    /lib/x86_64-linux-gnu/ld-2.19.so
7fdc045ae000-7fdc045af000 r--s 00000000 08:03 5923567                    /home/sharmila/.gradle/caches/modules-2/files-2.1/org.springframework.boot/spring-boot-starter/1.4.3.RELEASE/c99bad104719e947b3f9aa2b7569583805e4c5d5/spring-boot-starter-1.4.3.RELEASE.jar
7fdc045af000-7fdc045b0000 r--s 00000000 08:03 5923566                    /home/sharmila/.gradle/caches/modules-2/files-2.1/org.springframework.boot/spring-boot-starter-test/1.4.3.RELEASE/6e9f1dbd3f68299c0183630ef07ca430de160050/spring-boot-starter-test-1.4.3.RELEASE.jar
7fdc045b0000-7fdc045b1000 r--s 00000000 08:03 5923889                    /home/sharmila/.gradle/caches/modules-2/files-2.1/org.springframework.boot/spring-boot-starter-data-jpa/1.4.3.RELEASE/ffda06c2144d10239014407333c223a237b73ad7/spring-boot-starter-data-jpa-1.4.3.RELEASE.jar
7fdc045b1000-7fdc04684000 rw-p 00000000 00:00 0 
7fdc04684000-7fdc04687000 ---p 00000000 00:00 0 
7fdc04687000-7fdc04789000 rw-p 00000000 00:00 0                          [stack:5693]
7fdc04789000-7fdc0478a000 r--s 00003000 08:03 5923431                    /home/sharmila/.gradle/caches/modules-2/files-2.1/org.hibernate/hibernate-gradle-plugin/5.2.3.Final/db2ad8695e48a03a566b74fb5fc07c1732c1f5e5/hibernate-gradle-plugin-5.2.3.Final.jar
7fdc0478a000-7fdc0478f000 r--s 00309000 08:03 5923826                    /home/sharmila/.gradle/caches/modules-2/files-2.1/org.xerial/sqlite-jdbc/3.7.2/7a3d67f00508d3881650579f7f228c61bfc1b196/sqlite-jdbc-3.7.2.jar
7fdc0478f000-7fdc04798000 r--s 00095000 08:03 5913393                    /home/sharmila/.gradle/caches/modules-2/files-2.1/org.apache.tomcat.embed/tomcat-embed-jasper/9.0.0.M11/e2cd5a7038094195c3163532e01daf051d9265fe/tomcat-embed-jasper-9.0.0.M11.jar
7fdc04798000-7fdc04799000 r--s 00000000 08:03 5923565                    /home/sharmila/.gradle/caches/modules-2/files-2.1/org.springframework.boot/spring-boot-starter-web/1.4.3.RELEASE/a0dcc919eda8e8ecb6f13f52a30e6afbb8266103/spring-boot-starter-web-1.4.3.RELEASE.jar
7fdc04799000-7fdc047a1000 r--s 00046000 08:03 2759763                    /home/sharmila/Downloads/sts 3.6.4/sts-bundle/sts-3.6.4.RELEASE/plugins/org.testng.eclipse_6.10.0.201612030230/lib/testng-remote.jar
7fdc047a1000-7fdc047a9000 rw-s 00000000 08:03 5917816                    /tmp/hsperfdata_sharmila/5691
7fdc047a9000-7fdc047aa000 rw-p 00000000 00:00 0 
7fdc047aa000-7fdc047ab000 r--p 00000000 00:00 0 
7fdc047ab000-7fdc047ad000 rw-p 00000000 00:00 0 
7fdc047ad000-7fdc047ae000 r--p 00022000 08:03 4070125                    /lib/x86_64-linux-gnu/ld-2.19.so
7fdc047ae000-7fdc047af000 rw-p 00023000 08:03 4070125                    /lib/x86_64-linux-gnu/ld-2.19.so
7fdc047af000-7fdc047b0000 rw-p 00000000 00:00 0 
7ffd82e57000-7ffd82e7b000 rw-p 00000000 00:00 0                          [stack]
7ffd82ea6000-7ffd82ea8000 r-xp 00000000 00:00 0                          [vdso]
ffffffffff600000-ffffffffff601000 r-xp 00000000 00:00 0                  [vsyscall]

VM Arguments:
jvm_args: -ea -Xms1024m -Xmx4096m -Dfile.encoding=UTF-8 
java_command: org.testng.remote.RemoteTestNG -serport 38124 -protocol json -d /home/sharmila/Documents/work-office/TestNG_Project/test-output /tmp/testng-eclipse--84581107/testng-customsuite.xml
java_class_path (initial): /home/sharmila/Downloads/sts 3.6.4/sts-bundle/sts-3.6.4.RELEASE/plugins/org.testng.eclipse_6.10.0.201612030230/lib/testng-remote.jar:/home/sharmila/Documents/work-office/TestNG_Project/bin:/home/sharmila/.gradle/caches/modules-2/files-2.1/org.springframework.boot/spring-boot-starter-web/1.4.3.RELEASE/a0dcc919eda8e8ecb6f13f52a30e6afbb8266103/spring-boot-starter-web-1.4.3.RELEASE.jar:/home/sharmila/.gradle/caches/modules-2/files-2.1/org.apache.tomcat.embed/tomcat-embed-jasper/9.0.0.M11/e2cd5a7038094195c3163532e01daf051d9265fe/tomcat-embed-jasper-9.0.0.M11.jar:/home/sharmila/.gradle/caches/modules-2/files-2.1/org.xerial/sqlite-jdbc/3.7.2/7a3d67f00508d3881650579f7f228c61bfc1b196/sqlite-jdbc-3.7.2.jar:/home/sharmila/.gradle/caches/modules-2/files-2.1/org.hibernate/hibernate-gradle-plugin/5.2.3.Final/db2ad8695e48a03a566b74fb5fc07c1732c1f5e5/hibernate-gradle-plugin-5.2.3.Final.jar:/home/sharmila/.gradle/caches/modules-2/files-2.1/org.springframework.boot/spring-boot-starter-data-jpa/1.4.3.RELEASE/ffda06c2144d10239014407333c223a237b73ad7/spring-boot-starter-data-jpa-1.4.3.RELEASE.jar:/home/sharmila/.gradle/caches/modules-2/files-2.1/org.testng/testng/6.5.2/5069d2e72356ed87645c5fc3622b0bbb5e0667c9/testng-6.5.2.jar:/home/sharmila/.gradle/caches/modules-2/files-2.1/org.springframework.boot/spring-boot-starter-test/1.4.3.RELEASE/6e9f1dbd3f68299c0183630ef07ca430de160050/spring-boot-starter-test-1.4.3.RELEASE.jar:/home/sharmila/.gradle/caches/modules-2/files-2.1/org.springframework.boot/spring-boot-starter/1.4.3.RELEASE/c99bad104719e947b3f9aa2b7569583805e4c5d5/spring-boot-starter-1.4.3.RELEASE.jar:/home/sharmila/.gradle/caches/modules-2/files-2.1/org.springframework.boot/spring-boot-starter-tomcat/1.4.3.RELEASE/61c48035a7a3b06b42fdd07b7109e562077b3792/spring-boot-starter-tomcat-1.4.3.RELEASE.jar:/home/sharmila/.gradle/caches/modules-2/files-2.1/org.hibernate/hibernate-validator/5.2.4.Final/fb18766b576aa6632bcfe9a20a023cbd52bf9769/hibernate-validator-5
Launcher Type: SUN_STANDARD

Environment Variables:
JAVA_HOME=/usr/lib/jvm/java-8-oracle
PATH=/usr/local/sbin:/usr/local/bin:/usr/sbin:/usr/bin:/sbin:/bin:/usr/games:/usr/local/games:/usr/lib/jvm/java-8-oracle/bin:/usr/lib/jvm/java-8-oracle/db/bin:/usr/lib/jvm/java-8-oracle/jre/bin
SHELL=/bin/bash
DISPLAY=:0.0

Signal Handlers:
SIGSEGV: [libjvm.so+0xac78c0], sa_mask[0]=11111111011111111101111111111110, sa_flags=SA_RESTART|SA_SIGINFO
SIGBUS: [libjvm.so+0xac78c0], sa_mask[0]=11111111011111111101111111111110, sa_flags=SA_RESTART|SA_SIGINFO
SIGFPE: [libjvm.so+0x920ac0], sa_mask[0]=11111111011111111101111111111110, sa_flags=SA_RESTART|SA_SIGINFO
SIGPIPE: [libjvm.so+0x920ac0], sa_mask[0]=11111111011111111101111111111110, sa_flags=SA_RESTART|SA_SIGINFO
SIGXFSZ: [libjvm.so+0x920ac0], sa_mask[0]=11111111011111111101111111111110, sa_flags=SA_RESTART|SA_SIGINFO
SIGILL: [libjvm.so+0x920ac0], sa_mask[0]=11111111011111111101111111111110, sa_flags=SA_RESTART|SA_SIGINFO
SIGUSR1: SIG_DFL, sa_mask[0]=00000000000000000000000000000000, sa_flags=none
SIGUSR2: [libjvm.so+0x922300], sa_mask[0]=00100000000000000000000000000000, sa_flags=SA_RESTART|SA_SIGINFO
SIGHUP: [libjvm.so+0x923700], sa_mask[0]=11111111011111111101111111111110, sa_flags=SA_RESTART|SA_SIGINFO
SIGINT: [libjvm.so+0x923700], sa_mask[0]=11111111011111111101111111111110, sa_flags=SA_RESTART|SA_SIGINFO
SIGTERM: [libjvm.so+0x923700], sa_mask[0]=11111111011111111101111111111110, sa_flags=SA_RESTART|SA_SIGINFO
SIGQUIT: [libjvm.so+0x923700], sa_mask[0]=11111111011111111101111111111110, sa_flags=SA_RESTART|SA_SIGINFO


---------------  S Y S T E M  ---------------

OS:DISTRIB_ID=Ubuntu
DISTRIB_RELEASE=14.04
DISTRIB_CODENAME=trusty
DISTRIB_DESCRIPTION="Ubuntu 14.04.5 LTS"

uname:Linux 3.13.0-107-generic #154-Ubuntu SMP Tue Dec 20 09:57:27 UTC 2016 x86_64
libc:glibc 2.19 NPTL 2.19 
rlimit: STACK 8192k, CORE 0k, NPROC 30712, NOFILE 4096, AS infinity
load average:1.01 0.68 0.64

/proc/meminfo:
MemTotal:        3953548 kB
MemFree:          342656 kB
Buffers:           45044 kB
Cached:           998484 kB
SwapCached:          344 kB
Active:          2217084 kB
Inactive:        1151196 kB
Active(anon):    1760292 kB
Inactive(anon):   924344 kB
Active(file):     456792 kB
Inactive(file):   226852 kB
Unevictable:         208 kB
Mlocked:             208 kB
SwapTotal:       7999484 kB
SwapFree:        7993936 kB
Dirty:              1492 kB
Writeback:             0 kB
AnonPages:       2324664 kB
Mapped:           300416 kB
Shmem:            359884 kB
Slab:             119916 kB
SReclaimable:      81236 kB
SUnreclaim:        38680 kB
KernelStack:        5336 kB
PageTables:        47756 kB
NFS_Unstable:          0 kB
Bounce:                0 kB
WritebackTmp:          0 kB
CommitLimit:     9976256 kB
Committed_AS:    8318368 kB
VmallocTotal:   34359738367 kB
VmallocUsed:      400992 kB
VmallocChunk:   34359328252 kB
HardwareCorrupted:     0 kB
AnonHugePages:    956416 kB
HugePages_Total:       0
HugePages_Free:        0
HugePages_Rsvd:        0
HugePages_Surp:        0
Hugepagesize:       2048 kB
DirectMap4k:       86188 kB
DirectMap2M:     2965504 kB
DirectMap1G:     1048576 kB


CPU:total 4 (2 cores per cpu, 2 threads per core) family 6 model 69 stepping 1, cmov, cx8, fxsr, mmx, sse, sse2, sse3, ssse3, sse4.1, sse4.2, popcnt, avx, avx2, aes, clmul, erms, lzcnt, ht, tsc, tscinvbit, bmi1, bmi2

/proc/cpuinfo:
processor	: 0
vendor_id	: GenuineIntel
cpu family	: 6
model		: 69
model name	: Intel(R) Core(TM) i5-4200U CPU @ 1.60GHz
stepping	: 1
microcode	: 0x17
cpu MHz		: 759.000
cache size	: 3072 KB
physical id	: 0
siblings	: 4
core id		: 0
cpu cores	: 2
apicid		: 0
initial apicid	: 0
fpu		: yes
fpu_exception	: yes
cpuid level	: 13
wp		: yes
flags		: fpu vme de pse tsc msr pae mce cx8 apic sep mtrr pge mca cmov pat pse36 clflush dts acpi mmx fxsr sse sse2 ss ht tm pbe syscall nx pdpe1gb rdtscp lm constant_tsc arch_perfmon pebs bts rep_good nopl xtopology nonstop_tsc aperfmperf eagerfpu pni pclmulqdq dtes64 monitor ds_cpl vmx est tm2 ssse3 fma cx16 xtpr pdcm pcid sse4_1 sse4_2 movbe popcnt tsc_deadline_timer aes xsave avx f16c rdrand lahf_lm abm ida arat epb xsaveopt pln pts dtherm tpr_shadow vnmi flexpriority ept vpid fsgsbase tsc_adjust bmi1 avx2 smep bmi2 erms invpcid
bogomips	: 4589.35
clflush size	: 64
cache_alignment	: 64
address sizes	: 39 bits physical, 48 bits virtual
power management:

processor	: 1
vendor_id	: GenuineIntel
cpu family	: 6
model		: 69
model name	: Intel(R) Core(TM) i5-4200U CPU @ 1.60GHz
stepping	: 1
microcode	: 0x17
cpu MHz		: 1600.000
cache size	: 3072 KB
physical id	: 0
siblings	: 4
core id		: 0
cpu cores	: 2
apicid		: 1
initial apicid	: 1
fpu		: yes
fpu_exception	: yes
cpuid level	: 13
wp		: yes
flags		: fpu vme de pse tsc msr pae mce cx8 apic sep mtrr pge mca cmov pat pse36 clflush dts acpi mmx fxsr sse sse2 ss ht tm pbe syscall nx pdpe1gb rdtscp lm constant_tsc arch_perfmon pebs bts rep_good nopl xtopology nonstop_tsc aperfmperf eagerfpu pni pclmulqdq dtes64 monitor ds_cpl vmx est tm2 ssse3 fma cx16 xtpr pdcm pcid sse4_1 sse4_2 movbe popcnt tsc_deadline_timer aes xsave avx f16c rdrand lahf_lm abm ida arat epb xsaveopt pln pts dtherm tpr_shadow vnmi flexpriority ept vpid fsgsbase tsc_adjust bmi1 avx2 smep bmi2 erms invpcid
bogomips	: 4589.35
clflush size	: 64
cache_alignment	: 64
address sizes	: 39 bits physical, 48 bits virtual
power management:

processor	: 2
vendor_id	: GenuineIntel
cpu family	: 6
model		: 69
model name	: Intel(R) Core(TM) i5-4200U CPU @ 1.60GHz
stepping	: 1
microcode	: 0x17
cpu MHz		: 1600.000
cache size	: 3072 KB
physical id	: 0
siblings	: 4
core id		: 1
cpu cores	: 2
apicid		: 2
initial apicid	: 2
fpu		: yes
fpu_exception	: yes
cpuid level	: 13
wp		: yes
flags		: fpu vme de pse tsc msr pae mce cx8 apic sep mtrr pge mca cmov pat pse36 clflush dts acpi mmx fxsr sse sse2 ss ht tm pbe syscall nx pdpe1gb rdtscp lm constant_tsc arch_perfmon pebs bts rep_good nopl xtopology nonstop_tsc aperfmperf eagerfpu pni pclmulqdq dtes64 monitor ds_cpl vmx est tm2 ssse3 fma cx16 xtpr pdcm pcid sse4_1 sse4_2 movbe popcnt tsc_deadline_timer aes xsave avx f16c rdrand lahf_lm abm ida arat epb xsaveopt pln pts dtherm tpr_shadow vnmi flexpriority ept vpid fsgsbase tsc_adjust bmi1 avx2 smep bmi2 erms invpcid
bogomips	: 4589.35
clflush size	: 64
cache_alignment	: 64
address sizes	: 39 bits physical, 48 bits virtual
power management:

processor	: 3
vendor_id	: GenuineIntel
cpu family	: 6
model		: 69
model name	: Intel(R) Core(TM) i5-4200U CPU @ 1.60GHz
stepping	: 1
microcode	: 0x17
cpu MHz		: 1600.000
cache size	: 3072 KB
physical id	: 0
siblings	: 4
core id		: 1
cpu cores	: 2
apicid		: 3
initial apicid	: 3
fpu		: yes
fpu_exception	: yes
cpuid level	: 13
wp		: yes
flags		: fpu vme de pse tsc msr pae mce cx8 apic sep mtrr pge mca cmov pat pse36 clflush dts acpi mmx fxsr sse sse2 ss ht tm pbe syscall nx pdpe1gb rdtscp lm constant_tsc arch_perfmon pebs bts rep_good nopl xtopology nonstop_tsc aperfmperf eagerfpu pni pclmulqdq dtes64 monitor ds_cpl vmx est tm2 ssse3 fma cx16 xtpr pdcm pcid sse4_1 sse4_2 movbe popcnt tsc_deadline_timer aes xsave avx f16c rdrand lahf_lm abm ida arat epb xsaveopt pln pts dtherm tpr_shadow vnmi flexpriority ept vpid fsgsbase tsc_adjust bmi1 avx2 smep bmi2 erms invpcid
bogomips	: 4589.35
clflush size	: 64
cache_alignment	: 64
address sizes	: 39 bits physical, 48 bits virtual
power management:



Memory: 4k page, physical 3953548k(342656k free), swap 7999484k(7993936k free)

vm_info: Java HotSpot(TM) 64-Bit Server VM (25.121-b13) for linux-amd64 JRE (1.8.0_121-b13), built on Dec 12 2016 16:36:53 by "java_re" with gcc 4.3.0 20080428 (Red Hat 4.3.0-8)

time: Mon Jan 23 17:47:22 2017
elapsed time: 8 seconds (0d 0h 0m 8s)

