#
# A fatal error has been detected by the Java Runtime Environment:
#
#  SIGSEGV (0xb) at pc=0x00007f7c0f51f118, pid=3799, tid=0x00007f7c10a25700
#
# JRE version: Java(TM) SE Runtime Environment (8.0_121-b13) (build 1.8.0_121-b13)
# Java VM: Java HotSpot(TM) 64-Bit Server VM (25.121-b13 mixed mode linux-amd64 compressed oops)
# Problematic frame:
# V  [libjvm.so+0x6e2118]  jni_GetStringUTFChars+0xb8
#
# Failed to write core dump. Core dumps have been disabled. To enable core dumping, try "ulimit -c unlimited" before starting Java again
#
# If you would like to submit a bug report, please visit:
#   http://bugreport.java.com/bugreport/crash.jsp
#

---------------  T H R E A D  ---------------

Current thread (0x00007f7c08010000):  JavaThread "main" [_thread_in_vm, id=3805, stack(0x00007f7c10925000,0x00007f7c10a26000)]

siginfo: si_signo: 11 (SIGSEGV), si_code: 1 (SEGV_MAPERR), si_addr: 0x0000000000000000

Registers:
RAX=0x00007f7c0fdf4550, RBX=0x0000000000000000, RCX=0x00000000f94fe9d0, RDX=0x00007f7c0fe029e0
RSP=0x00007f7c10a1fa60, RBP=0x00007f7c10a1fb00, RSI=0x00007f7c08010000, RDI=0x00007f7c10a1faa0
R8 =0x00007f7bf9012c80, R9 =0x00000000f94fe9d0, R10=0x000000000000017a, R11=0x00007f7c0fe029e8
R12=0x00007f7c08010000, R13=0x0000000000000000, R14=0x00007f7c10a1fbd8, R15=0x00007f7c10a1faa0
RIP=0x00007f7c0f51f118, EFLAGS=0x0000000000010246, CSGSFS=0x0000000000000033, ERR=0x0000000000000004
  TRAPNO=0x000000000000000e

Top of Stack: (sp=0x00007f7c10a1fa60)
0x00007f7c10a1fa60:   00007f7c10a1fb28 0000000000000000
0x00007f7c10a1fa70:   00007f7bf91103c0 00007f7c0fe04800
0x00007f7c10a1fa80:   00007f7c10a200f8 00007f7bf9012c80
0x00007f7c10a1fa90:   00000000edec6130 0000000050200030
0x00007f7c10a1faa0:   00007f7c08010000 0000000000000000
0x00007f7c10a1fab0:   00007f7c0c5d2480 00007f7bf90082bd
0x00007f7c10a1fac0:   00007f7c08010000 00000000edec6130
0x00007f7c10a1fad0:   00007f7c10a1fb70 00007f7bead54680
0x00007f7c10a1fae0:   00007f7c08dd7898 0000000000000000
0x00007f7c10a1faf0:   00007f7c10a1fbd8 00007f7c08010000
0x00007f7c10a1fb00:   00007f7c080101f8 00007f7beaabc2b0
0x00007f7c10a1fb10:   00007f7c10a1fb70 00007f7bf90082bd
0x00007f7c10a1fb20:   00007f7bead54680 00007f7c10a1fbb0
0x00007f7c10a1fb30:   0000000000000000 00007f7bead54678
0x00007f7c10a1fb40:   00007f7c10a1fbd8 00007f7bf90184cf
0x00007f7c10a1fb50:   0000000000000000 00007f7bead63af0
0x00007f7c10a1fb60:   0000000000000000 00000000f94fe9d0
0x00007f7c10a1fb70:   00007f7c10a1fb60 0000000000000000
0x00007f7c10a1fb80:   00007f7c10a1fbd8 00007f7bead5abd0
0x00007f7c10a1fb90:   0000000000000000 00007f7bead54680
0x00007f7c10a1fba0:   0000000000000000 00007f7c10a1fbd0
0x00007f7c10a1fbb0:   00007f7c10a1fc38 00007f7bf9007dd0
0x00007f7c10a1fbc0:   0000000000000000 00007f7bf9011537
0x00007f7c10a1fbd0:   0000000000000000 00000000f94fe9d0
0x00007f7c10a1fbe0:   00000000edec60d0 00000000edec6130
0x00007f7c10a1fbf0:   00000000f94fe9d0 00007f7c10a1fbe8
0x00007f7c10a1fc00:   00007f7bead57b8d 00007f7c10a1fc50
0x00007f7c10a1fc10:   00007f7bead5a420 0000000000000000
0x00007f7c10a1fc20:   00007f7bead57bd8 00007f7c10a1fbd0
0x00007f7c10a1fc30:   00007f7c10a1fc48 00007f7c10a1fc98
0x00007f7c10a1fc40:   00007f7bf90082bd 00000000edec60d0
0x00007f7c10a1fc50:   00000000f94fe9d0 00007f7c10a1fc58 

Instructions: (pc=0x00007f7c0f51f118)
0x00007f7c0f51f0f8:   84 24 70 02 00 00 06 00 00 00 4c 89 e6 4c 89 65
0x00007f7c0f51f108:   c0 4c 89 ff e8 1f 01 01 00 48 8b 05 18 d0 88 00
0x00007f7c0f51f118:   4c 8b 2b 8b 10 48 8b 05 44 fc 88 00 80 38 00 0f
0x00007f7c0f51f128:   84 2b 01 00 00 48 63 c2 41 8b 54 05 00 85 d2 0f 

Register to memory mapping:

RAX=0x00007f7c0fdf4550: <offset 0xfb7550> in /usr/lib/jvm/java-8-oracle/jre/lib/amd64/server/libjvm.so at 0x00007f7c0ee3d000
RBX=0x0000000000000000 is an unknown value
RCX=0x00000000f94fe9d0 is an oop
org.sqlite.NativeDB 
 - klass: 'org/sqlite/NativeDB'
RDX=0x00007f7c0fe029e0: <offset 0xfc59e0> in /usr/lib/jvm/java-8-oracle/jre/lib/amd64/server/libjvm.so at 0x00007f7c0ee3d000
RSP=0x00007f7c10a1fa60 is pointing into the stack for thread: 0x00007f7c08010000
RBP=0x00007f7c10a1fb00 is pointing into the stack for thread: 0x00007f7c08010000
RSI=0x00007f7c08010000 is a thread
RDI=0x00007f7c10a1faa0 is pointing into the stack for thread: 0x00007f7c08010000
R8 =0x00007f7bf9012c80 is at code_begin+0 in an Interpreter codelet
method entry point (kind = zerolocals)  [0x00007f7bf9012c80, 0x00007f7bf9013100]  1152 bytes
R9 =0x00000000f94fe9d0 is an oop
org.sqlite.NativeDB 
 - klass: 'org/sqlite/NativeDB'
R10=0x000000000000017a is an unknown value
R11=0x00007f7c0fe029e8: <offset 0xfc59e8> in /usr/lib/jvm/java-8-oracle/jre/lib/amd64/server/libjvm.so at 0x00007f7c0ee3d000
R12=0x00007f7c08010000 is a thread
R13=0x0000000000000000 is an unknown value
R14=0x00007f7c10a1fbd8 is pointing into the stack for thread: 0x00007f7c08010000
R15=0x00007f7c10a1faa0 is pointing into the stack for thread: 0x00007f7c08010000


Stack: [0x00007f7c10925000,0x00007f7c10a26000],  sp=0x00007f7c10a1fa60,  free space=1002k
Native frames: (J=compiled Java code, j=interpreted, Vv=VM code, C=native code)
V  [libjvm.so+0x6e2118]  jni_GetStringUTFChars+0xb8
C  [sqlite-3.7.2-libsqlitejdbc.so+0xd2b0]  Java_org_sqlite_NativeDB_prepare+0x2f

Java frames: (J=compiled Java code, j=interpreted, Vv=VM code)
j  org.sqlite.NativeDB.prepare(Ljava/lang/String;)J+0
j  org.sqlite.DB.prepare(Lorg/sqlite/Stmt;)V+21
j  org.sqlite.PrepStmt.<init>(Lorg/sqlite/Conn;Ljava/lang/String;)V+15
j  org.sqlite.Conn.prepareStatement(Ljava/lang/String;III)Ljava/sql/PreparedStatement;+14
j  org.sqlite.Conn.prepareStatement(Ljava/lang/String;II)Ljava/sql/PreparedStatement;+5
j  org.sqlite.Conn.prepareStatement(Ljava/lang/String;)Ljava/sql/PreparedStatement;+8
v  ~StubRoutines::call_stub
J 1216  sun.reflect.NativeMethodAccessorImpl.invoke0(Ljava/lang/reflect/Method;Ljava/lang/Object;[Ljava/lang/Object;)Ljava/lang/Object; (0 bytes) @ 0x00007f7bf94310f7 [0x00007f7bf9431080+0x77]
J 1215 C1 sun.reflect.NativeMethodAccessorImpl.invoke(Ljava/lang/Object;[Ljava/lang/Object;)Ljava/lang/Object; (104 bytes) @ 0x00007f7bf948edac [0x00007f7bf948dc40+0x116c]
J 1133 C1 sun.reflect.DelegatingMethodAccessorImpl.invoke(Ljava/lang/Object;[Ljava/lang/Object;)Ljava/lang/Object; (10 bytes) @ 0x00007f7bf93deb44 [0x00007f7bf93dea40+0x104]
J 3516 C1 java.lang.reflect.Method.invoke(Ljava/lang/Object;[Ljava/lang/Object;)Ljava/lang/Object; (62 bytes) @ 0x00007f7bf910b8fc [0x00007f7bf910b7e0+0x11c]
j  org.apache.tomcat.jdbc.pool.ProxyConnection.invoke(Ljava/lang/Object;Ljava/lang/reflect/Method;[Ljava/lang/Object;)Ljava/lang/Object;+237
j  org.apache.tomcat.jdbc.pool.JdbcInterceptor.invoke(Ljava/lang/Object;Ljava/lang/reflect/Method;[Ljava/lang/Object;)Ljava/lang/Object;+14
j  org.apache.tomcat.jdbc.pool.DisposableConnectionFacade.invoke(Ljava/lang/Object;Ljava/lang/reflect/Method;[Ljava/lang/Object;)Ljava/lang/Object;+93
j  com.sun.proxy.$Proxy81.prepareStatement(Ljava/lang/String;)Ljava/sql/PreparedStatement;+16
j  org.hibernate.engine.jdbc.internal.StatementPreparerImpl$1.doPrepare()Ljava/sql/PreparedStatement;+37
j  org.hibernate.engine.jdbc.internal.StatementPreparerImpl$StatementPreparationTemplate.prepareStatement()Ljava/sql/PreparedStatement;+45
j  org.hibernate.engine.jdbc.internal.StatementPreparerImpl.prepareStatement(Ljava/lang/String;)Ljava/sql/PreparedStatement;+6
j  org.hibernate.id.SequenceGenerator.generateHolder(Lorg/hibernate/engine/spi/SessionImplementor;)Lorg/hibernate/id/IntegralDataTypeHolder;+15
j  org.hibernate.id.SequenceHiLoGenerator$1.getNextValue()Lorg/hibernate/id/IntegralDataTypeHolder;+8
j  org.hibernate.id.enhanced.LegacyHiLoAlgorithmOptimizer.generate(Lorg/hibernate/id/enhanced/AccessCallback;)Ljava/io/Serializable;+25
j  org.hibernate.id.SequenceHiLoGenerator.generate(Lorg/hibernate/engine/spi/SessionImplementor;Ljava/lang/Object;)Ljava/io/Serializable;+53
j  org.hibernate.event.internal.AbstractSaveEventListener.saveWithGeneratedId(Ljava/lang/Object;Ljava/lang/String;Ljava/lang/Object;Lorg/hibernate/event/spi/EventSource;Z)Ljava/io/Serializable;+21
j  org.hibernate.jpa.event.internal.core.JpaPersistEventListener.saveWithGeneratedId(Ljava/lang/Object;Ljava/lang/String;Ljava/lang/Object;Lorg/hibernate/event/spi/EventSource;Z)Ljava/io/Serializable;+18
j  org.hibernate.event.internal.DefaultPersistEventListener.entityIsTransient(Lorg/hibernate/event/spi/PersistEvent;Ljava/util/Map;)V+55
j  org.hibernate.event.internal.DefaultPersistEventListener.onPersist(Lorg/hibernate/event/spi/PersistEvent;Ljava/util/Map;)V+324
j  org.hibernate.event.internal.DefaultPersistEventListener.onPersist(Lorg/hibernate/event/spi/PersistEvent;)V+11
j  org.hibernate.internal.SessionImpl.firePersist(Lorg/hibernate/event/spi/PersistEvent;)V+46
j  org.hibernate.internal.SessionImpl.persist(Ljava/lang/String;Ljava/lang/Object;)V+11
j  org.hibernate.internal.SessionImpl.persist(Ljava/lang/Object;)V+3
j  org.hibernate.jpa.spi.AbstractEntityManagerImpl.persist(Ljava/lang/Object;)V+9
v  ~StubRoutines::call_stub
J 1216  sun.reflect.NativeMethodAccessorImpl.invoke0(Ljava/lang/reflect/Method;Ljava/lang/Object;[Ljava/lang/Object;)Ljava/lang/Object; (0 bytes) @ 0x00007f7bf94310f7 [0x00007f7bf9431080+0x77]
J 1215 C1 sun.reflect.NativeMethodAccessorImpl.invoke(Ljava/lang/Object;[Ljava/lang/Object;)Ljava/lang/Object; (104 bytes) @ 0x00007f7bf948edac [0x00007f7bf948dc40+0x116c]
J 1133 C1 sun.reflect.DelegatingMethodAccessorImpl.invoke(Ljava/lang/Object;[Ljava/lang/Object;)Ljava/lang/Object; (10 bytes) @ 0x00007f7bf93deb44 [0x00007f7bf93dea40+0x104]
J 3516 C1 java.lang.reflect.Method.invoke(Ljava/lang/Object;[Ljava/lang/Object;)Ljava/lang/Object; (62 bytes) @ 0x00007f7bf910b8fc [0x00007f7bf910b7e0+0x11c]
j  org.springframework.orm.jpa.SharedEntityManagerCreator$SharedEntityManagerInvocationHandler.invoke(Ljava/lang/Object;Ljava/lang/reflect/Method;[Ljava/lang/Object;)Ljava/lang/Object;+495
j  com.sun.proxy.$Proxy92.persist(Ljava/lang/Object;)V+16
j  org.springframework.data.jpa.repository.support.SimpleJpaRepository.save(Ljava/lang/Object;)Ljava/lang/Object;+18
v  ~StubRoutines::call_stub
J 1216  sun.reflect.NativeMethodAccessorImpl.invoke0(Ljava/lang/reflect/Method;Ljava/lang/Object;[Ljava/lang/Object;)Ljava/lang/Object; (0 bytes) @ 0x00007f7bf94310f7 [0x00007f7bf9431080+0x77]
J 1215 C1 sun.reflect.NativeMethodAccessorImpl.invoke(Ljava/lang/Object;[Ljava/lang/Object;)Ljava/lang/Object; (104 bytes) @ 0x00007f7bf948edac [0x00007f7bf948dc40+0x116c]
J 1133 C1 sun.reflect.DelegatingMethodAccessorImpl.invoke(Ljava/lang/Object;[Ljava/lang/Object;)Ljava/lang/Object; (10 bytes) @ 0x00007f7bf93deb44 [0x00007f7bf93dea40+0x104]
J 3516 C1 java.lang.reflect.Method.invoke(Ljava/lang/Object;[Ljava/lang/Object;)Ljava/lang/Object; (62 bytes) @ 0x00007f7bf910b8fc [0x00007f7bf910b7e0+0x11c]
j  org.springframework.data.repository.core.support.RepositoryFactorySupport$QueryExecutorMethodInterceptor.executeMethodOn(Ljava/lang/Object;Ljava/lang/reflect/Method;[Ljava/lang/Object;)Ljava/lang/Object;+3
j  org.springframework.data.repository.core.support.RepositoryFactorySupport$QueryExecutorMethodInterceptor.doInvoke(Lorg/aopalliance/intercept/MethodInvocation;)Ljava/lang/Object;+94
j  org.springframework.data.repository.core.support.RepositoryFactorySupport$QueryExecutorMethodInterceptor.invoke(Lorg/aopalliance/intercept/MethodInvocation;)Ljava/lang/Object;+2
j  org.springframework.aop.framework.ReflectiveMethodInvocation.proceed()Ljava/lang/Object;+101
j  org.springframework.data.projection.DefaultMethodInvokingMethodInterceptor.invoke(Lorg/aopalliance/intercept/MethodInvocation;)Ljava/lang/Object;+15
j  org.springframework.aop.framework.ReflectiveMethodInvocation.proceed()Ljava/lang/Object;+101
j  org.springframework.transaction.interceptor.TransactionInterceptor$1.proceedWithInvocation()Ljava/lang/Object;+4
j  org.springframework.transaction.interceptor.TransactionAspectSupport.invokeWithinTransaction(Ljava/lang/reflect/Method;Ljava/lang/Class;Lorg/springframework/transaction/interceptor/TransactionAspectSupport$InvocationCallback;)Ljava/lang/Object;+60
j  org.springframework.transaction.interceptor.TransactionInterceptor.invoke(Lorg/aopalliance/intercept/MethodInvocation;)Ljava/lang/Object;+40
j  org.springframework.aop.framework.ReflectiveMethodInvocation.proceed()Ljava/lang/Object;+101
j  org.springframework.dao.support.PersistenceExceptionTranslationInterceptor.invoke(Lorg/aopalliance/intercept/MethodInvocation;)Ljava/lang/Object;+1
j  org.springframework.aop.framework.ReflectiveMethodInvocation.proceed()Ljava/lang/Object;+101
j  org.springframework.data.jpa.repository.support.CrudMethodMetadataPostProcessor$CrudMethodMetadataPopulatingMethodInterceptor.invoke(Lorg/aopalliance/intercept/MethodInvocation;)Ljava/lang/Object;+89
j  org.springframework.aop.framework.ReflectiveMethodInvocation.proceed()Ljava/lang/Object;+101
j  org.springframework.aop.interceptor.ExposeInvocationInterceptor.invoke(Lorg/aopalliance/intercept/MethodInvocation;)Ljava/lang/Object;+18
j  org.springframework.aop.framework.ReflectiveMethodInvocation.proceed()Ljava/lang/Object;+101
j  org.springframework.aop.framework.JdkDynamicAopProxy.invoke(Ljava/lang/Object;Ljava/lang/reflect/Method;[Ljava/lang/Object;)Ljava/lang/Object;+385
j  com.sun.proxy.$Proxy94.save(Ljava/lang/Object;)Ljava/lang/Object;+16
j  com.example.api.service.BookService.save(Lcom/example/entity/Book;)Lcom/example/entity/Book;+5
j  com.example.crudtest.CRUDTest.insertOperation()V+19
v  ~StubRoutines::call_stub
J 1216  sun.reflect.NativeMethodAccessorImpl.invoke0(Ljava/lang/reflect/Method;Ljava/lang/Object;[Ljava/lang/Object;)Ljava/lang/Object; (0 bytes) @ 0x00007f7bf94310f7 [0x00007f7bf9431080+0x77]
J 1215 C1 sun.reflect.NativeMethodAccessorImpl.invoke(Ljava/lang/Object;[Ljava/lang/Object;)Ljava/lang/Object; (104 bytes) @ 0x00007f7bf948edac [0x00007f7bf948dc40+0x116c]
J 1133 C1 sun.reflect.DelegatingMethodAccessorImpl.invoke(Ljava/lang/Object;[Ljava/lang/Object;)Ljava/lang/Object; (10 bytes) @ 0x00007f7bf93deb44 [0x00007f7bf93dea40+0x104]
J 3516 C1 java.lang.reflect.Method.invoke(Ljava/lang/Object;[Ljava/lang/Object;)Ljava/lang/Object; (62 bytes) @ 0x00007f7bf910b8fc [0x00007f7bf910b7e0+0x11c]
j  org.testng.internal.MethodInvocationHelper.invokeMethod(Ljava/lang/reflect/Method;Ljava/lang/Object;[Ljava/lang/Object;)Ljava/lang/Object;+242
j  org.testng.internal.MethodInvocationHelper$1.runTestMethod(Lorg/testng/ITestResult;)V+12
j  org.springframework.test.context.testng.AbstractTestNGSpringContextTests.run(Lorg/testng/IHookCallBack;Lorg/testng/ITestResult;)V+2
v  ~StubRoutines::call_stub
J 1216  sun.reflect.NativeMethodAccessorImpl.invoke0(Ljava/lang/reflect/Method;Ljava/lang/Object;[Ljava/lang/Object;)Ljava/lang/Object; (0 bytes) @ 0x00007f7bf94310f7 [0x00007f7bf9431080+0x77]
J 1215 C1 sun.reflect.NativeMethodAccessorImpl.invoke(Ljava/lang/Object;[Ljava/lang/Object;)Ljava/lang/Object; (104 bytes) @ 0x00007f7bf948edac [0x00007f7bf948dc40+0x116c]
J 1133 C1 sun.reflect.DelegatingMethodAccessorImpl.invoke(Ljava/lang/Object;[Ljava/lang/Object;)Ljava/lang/Object; (10 bytes) @ 0x00007f7bf93deb44 [0x00007f7bf93dea40+0x104]
J 3516 C1 java.lang.reflect.Method.invoke(Ljava/lang/Object;[Ljava/lang/Object;)Ljava/lang/Object; (62 bytes) @ 0x00007f7bf910b8fc [0x00007f7bf910b7e0+0x11c]
j  org.testng.internal.MethodInvocationHelper.invokeHookable(Ljava/lang/Object;[Ljava/lang/Object;Ljava/lang/Object;Ljava/lang/reflect/Method;Lorg/testng/internal/TestResult;)V+64
j  org.testng.internal.Invoker.invokeMethod([Ljava/lang/Object;ILorg/testng/ITestNGMethod;[Ljava/lang/Object;ILorg/testng/xml/XmlSuite;Ljava/util/Map;Lorg/testng/ITestClass;[Lorg/testng/ITestNGMethod;[Lorg/testng/ITestNGMethod;Lorg/testng/internal/ConfigurationGroupMethods;)Lorg/testng/ITestResult;+280
j  org.testng.internal.Invoker.invokeTestMethod([Ljava/lang/Object;Lorg/testng/ITestNGMethod;[Ljava/lang/Object;ILorg/testng/xml/XmlSuite;Ljava/util/Map;Lorg/testng/ITestClass;[Lorg/testng/ITestNGMethod;[Lorg/testng/ITestNGMethod;Lorg/testng/internal/ConfigurationGroupMethods;)Ljava/util/List;+46
j  org.testng.internal.Invoker.invokeTestMethods(Lorg/testng/ITestNGMethod;[Lorg/testng/ITestNGMethod;ILorg/testng/xml/XmlSuite;Ljava/util/Map;Lorg/testng/internal/ConfigurationGroupMethods;[Ljava/lang/Object;Lorg/testng/ITestContext;)Ljava/util/List;+705
j  org.testng.internal.TestMethodWorker.invokeTestMethods(Lorg/testng/ITestNGMethod;[Ljava/lang/Object;Lorg/testng/ITestContext;)V+32
j  org.testng.internal.TestMethodWorker.run()V+60
j  org.testng.TestRunner.privateRun(Lorg/testng/xml/XmlTest;)V+349
j  org.testng.TestRunner.run()V+26
j  org.testng.SuiteRunner.runTest(Lorg/testng/TestRunner;)V+1
j  org.testng.SuiteRunner.runSequentially()V+31
j  org.testng.SuiteRunner.privateRun()V+281
j  org.testng.SuiteRunner.run()V+6
j  org.testng.SuiteRunnerWorker.runSuite(Lorg/testng/internal/SuiteRunnerMap;Lorg/testng/xml/XmlSuite;)V+96
j  org.testng.SuiteRunnerWorker.run()V+12
j  org.testng.TestNG.runSuitesSequentially(Lorg/testng/xml/XmlSuite;Lorg/testng/internal/SuiteRunnerMap;ILjava/lang/String;)V+66
j  org.testng.TestNG.runSuitesLocally()Ljava/util/List;+117
j  org.testng.TestNG.run()V+77
j  org.testng.remote.AbstractRemoteTestNG.run()V+163
j  org.testng.remote.RemoteTestNG.initAndRun(Lorg/testng/remote/IRemoteTestNG;[Ljava/lang/String;Lorg/testng/CommandLineArgs;Lorg/testng/remote/RemoteArgs;)V+184
j  org.testng.remote.RemoteTestNG.main([Ljava/lang/String;)V+218
v  ~StubRoutines::call_stub

---------------  P R O C E S S  ---------------

Java Threads: ( => current thread )
  0x00007f7c0a087000 JavaThread "http-nio-auto-1-35650-AsyncTimeout" daemon [_thread_blocked, id=3832, stack(0x00007f7be9daa000,0x00007f7be9eab000)]
  0x00007f7c0a085800 JavaThread "http-nio-auto-1-Acceptor-0" daemon [_thread_in_native, id=3831, stack(0x00007f7be9eab000,0x00007f7be9fac000)]
  0x00007f7c0a083800 JavaThread "http-nio-auto-1-ClientPoller-1" daemon [_thread_in_native, id=3830, stack(0x00007f7be9fac000,0x00007f7bea0ad000)]
  0x00007f7c0a075800 JavaThread "http-nio-auto-1-ClientPoller-0" daemon [_thread_in_native, id=3829, stack(0x00007f7bea0ad000,0x00007f7bea1ae000)]
  0x00007f7c0a053800 JavaThread "NioBlockingSelector.BlockPoller-1" daemon [_thread_in_native, id=3828, stack(0x00007f7bea1ae000,0x00007f7bea2af000)]
  0x00007f7c090b2000 JavaThread "Tomcat JDBC Pool Cleaner[865113938:1485167028817]" daemon [_thread_blocked, id=3827, stack(0x00007f7beaf37000,0x00007f7beb038000)]
  0x00007f7c0933a000 JavaThread "container-0" [_thread_blocked, id=3826, stack(0x00007f7beb238000,0x00007f7beb339000)]
  0x00007f7c09339000 JavaThread "ContainerBackgroundProcessor[StandardEngine[Tomcat]]" daemon [_thread_blocked, id=3825, stack(0x00007f7beb7fe000,0x00007f7beb8ff000)]
  0x00007f7bb825e800 JavaThread "localhost-startStop-1" daemon [_thread_blocked, id=3824, stack(0x00007f7beb8ff000,0x00007f7beba00000)]
  0x00007f7c09337800 JavaThread "Tomcat-startStop-1" daemon [_thread_blocked, id=3823, stack(0x00007f7bf06de000,0x00007f7bf07df000)]
  0x00007f7c084f3800 JavaThread "ReaderThread" [_thread_in_native, id=3820, stack(0x00007f7bf0fec000,0x00007f7bf10ed000)]
  0x00007f7c080c7000 JavaThread "Service Thread" daemon [_thread_blocked, id=3817, stack(0x00007f7bf15e8000,0x00007f7bf16e9000)]
  0x00007f7c080c4000 JavaThread "C1 CompilerThread2" daemon [_thread_blocked, id=3816, stack(0x00007f7bf16e9000,0x00007f7bf17ea000)]
  0x00007f7c080c2000 JavaThread "C2 CompilerThread1" daemon [_thread_in_native, id=3815, stack(0x00007f7bf17ea000,0x00007f7bf18eb000)]
  0x00007f7c080bf000 JavaThread "C2 CompilerThread0" daemon [_thread_in_native, id=3814, stack(0x00007f7bf18eb000,0x00007f7bf19ec000)]
  0x00007f7c080be000 JavaThread "Signal Dispatcher" daemon [_thread_blocked, id=3813, stack(0x00007f7bf19ec000,0x00007f7bf1aed000)]
  0x00007f7c0808a000 JavaThread "Finalizer" daemon [_thread_blocked, id=3812, stack(0x00007f7bf80af000,0x00007f7bf81b0000)]
  0x00007f7c08085800 JavaThread "Reference Handler" daemon [_thread_blocked, id=3811, stack(0x00007f7bf81b0000,0x00007f7bf82b1000)]
=>0x00007f7c08010000 JavaThread "main" [_thread_in_vm, id=3805, stack(0x00007f7c10925000,0x00007f7c10a26000)]

Other Threads:
  0x00007f7c0807e000 VMThread [stack: 0x00007f7bf82b1000,0x00007f7bf83b2000] [id=3810]
  0x00007f7c080ca000 WatcherThread [stack: 0x00007f7bf14e7000,0x00007f7bf15e8000] [id=3818]

VM state:not at safepoint (normal execution)

VM Mutex/Monitor currently owned by a thread: None

Heap:
 PSYoungGen      total 182272K, used 48644K [0x00000000ebe00000, 0x00000000f9c80000, 0x0000000100000000)
  eden space 168448K, 20% used [0x00000000ebe00000,0x00000000ee00d468,0x00000000f6280000)
  from space 13824K, 99% used [0x00000000f8f00000,0x00000000f9c73c50,0x00000000f9c80000)
  to   space 16384K, 0% used [0x00000000f7c80000,0x00000000f7c80000,0x00000000f8c80000)
 ParOldGen       total 70144K, used 22367K [0x00000000c3a00000, 0x00000000c7e80000, 0x00000000ebe00000)
  object space 70144K, 31% used [0x00000000c3a00000,0x00000000c4fd7f48,0x00000000c7e80000)
 Metaspace       used 45059K, capacity 45404K, committed 45696K, reserved 1089536K
  class space    used 5898K, capacity 5997K, committed 6016K, reserved 1048576K

Card table byte_map: [0x00007f7c0d4fb000,0x00007f7c0d6df000] byte_map_base: 0x00007f7c0cede000

Marking Bits: (ParMarkBitMap*) 0x00007f7c0fe01c80
 Begin Bits: [0x00007f7bf21d0000, 0x00007f7bf30e8000)
 End Bits:   [0x00007f7bf30e8000, 0x00007f7bf4000000)

Polling page: 0x00007f7c10a4b000

CodeCache: size=245760Kb used=11948Kb max_used=11964Kb free=233811Kb
 bounds [0x00007f7bf9000000, 0x00007f7bf9bd0000, 0x00007f7c08000000]
 total_blobs=3945 nmethods=3473 adapters=384
 compilation: enabled

Compilation events (10 events):
Event: 8.684 Thread 0x00007f7c080c4000 3982       3       java.io.BufferedWriter::ensureOpen (18 bytes)
Event: 8.684 Thread 0x00007f7c080c4000 nmethod 3982 0x00007f7bf969f990 code [0x00007f7bf969fb00, 0x00007f7bf969fd48]
Event: 8.686 Thread 0x00007f7c080bf000 nmethod 3856 0x00007f7bf96d0690 code [0x00007f7bf96d08c0, 0x00007f7bf96d16f0]
Event: 8.686 Thread 0x00007f7c080bf000 3976       4       java.util.Arrays::hashCode (56 bytes)
Event: 8.688 Thread 0x00007f7c080bf000 nmethod 3976 0x00007f7bf969c850 code [0x00007f7bf969c9a0, 0x00007f7bf969caf8]
Event: 8.688 Thread 0x00007f7c080bf000 3970       4       org.springframework.core.SerializableTypeWrapper$2::getType (13 bytes)
Event: 8.708 Thread 0x00007f7c080c4000 3983       3       org.hibernate.service.internal.ConcurrentServiceBinding::hashKey (5 bytes)
Event: 8.708 Thread 0x00007f7c080c4000 nmethod 3983 0x00007f7bf969c4d0 code [0x00007f7bf969c640, 0x00007f7bf969c7c8]
Event: 8.710 Thread 0x00007f7c080bf000 nmethod 3970 0x00007f7bf969cf50 code [0x00007f7bf969d160, 0x00007f7bf969dba0]
Event: 8.710 Thread 0x00007f7c080bf000 3861       4       java.lang.Class::getAnnotations (11 bytes)

GC Heap History (10 events):
Event: 3.695 GC heap before
{Heap before GC invocations=8 (full 1):
 PSYoungGen      total 103424K, used 103329K [0x00000000ebe00000, 0x00000000f4700000, 0x0000000100000000)
  eden space 99840K, 100% used [0x00000000ebe00000,0x00000000f1f80000,0x00000000f1f80000)
  from space 3584K, 97% used [0x00000000f4380000,0x00000000f46e8750,0x00000000f4700000)
  to   space 9728K, 0% used [0x00000000f3400000,0x00000000f3400000,0x00000000f3d80000)
 ParOldGen       total 40960K, used 11022K [0x00000000c3a00000, 0x00000000c6200000, 0x00000000ebe00000)
  object space 40960K, 26% used [0x00000000c3a00000,0x00000000c44c3be8,0x00000000c6200000)
 Metaspace       used 26042K, capacity 26350K, committed 26752K, reserved 1073152K
  class space    used 3238K, capacity 3344K, committed 3456K, reserved 1048576K
Event: 3.712 GC heap after
Heap after GC invocations=8 (full 1):
 PSYoungGen      total 130560K, used 9431K [0x00000000ebe00000, 0x00000000f6980000, 0x0000000100000000)
  eden space 120832K, 0% used [0x00000000ebe00000,0x00000000ebe00000,0x00000000f3400000)
  from space 9728K, 96% used [0x00000000f3400000,0x00000000f3d35e28,0x00000000f3d80000)
  to   space 11264K, 0% used [0x00000000f5e80000,0x00000000f5e80000,0x00000000f6980000)
 ParOldGen       total 40960K, used 11030K [0x00000000c3a00000, 0x00000000c6200000, 0x00000000ebe00000)
  object space 40960K, 26% used [0x00000000c3a00000,0x00000000c44c5be8,0x00000000c6200000)
 Metaspace       used 26042K, capacity 26350K, committed 26752K, reserved 1073152K
  class space    used 3238K, capacity 3344K, committed 3456K, reserved 1048576K
}
Event: 4.644 GC heap before
{Heap before GC invocations=9 (full 1):
 PSYoungGen      total 130560K, used 130261K [0x00000000ebe00000, 0x00000000f6980000, 0x0000000100000000)
  eden space 120832K, 99% used [0x00000000ebe00000,0x00000000f33ff6a0,0x00000000f3400000)
  from space 9728K, 96% used [0x00000000f3400000,0x00000000f3d35e28,0x00000000f3d80000)
  to   space 11264K, 0% used [0x00000000f5e80000,0x00000000f5e80000,0x00000000f6980000)
 ParOldGen       total 40960K, used 11030K [0x00000000c3a00000, 0x00000000c6200000, 0x00000000ebe00000)
  object space 40960K, 26% used [0x00000000c3a00000,0x00000000c44c5be8,0x00000000c6200000)
 Metaspace       used 30059K, capacity 30368K, committed 30720K, reserved 1077248K
  class space    used 3734K, capacity 3827K, committed 3840K, reserved 1048576K
Event: 4.657 GC heap after
Heap after GC invocations=9 (full 1):
 PSYoungGen      total 163328K, used 9888K [0x00000000ebe00000, 0x00000000f8780000, 0x0000000100000000)
  eden space 152064K, 0% used [0x00000000ebe00000,0x00000000ebe00000,0x00000000f5280000)
  from space 11264K, 87% used [0x00000000f5e80000,0x00000000f6828368,0x00000000f6980000)
  to   space 12288K, 0% used [0x00000000f5280000,0x00000000f5280000,0x00000000f5e80000)
 ParOldGen       total 40960K, used 11038K [0x00000000c3a00000, 0x00000000c6200000, 0x00000000ebe00000)
  object space 40960K, 26% used [0x00000000c3a00000,0x00000000c44c7be8,0x00000000c6200000)
 Metaspace       used 30059K, capacity 30368K, committed 30720K, reserved 1077248K
  class space    used 3734K, capacity 3827K, committed 3840K, reserved 1048576K
}
Event: 5.640 GC heap before
{Heap before GC invocations=10 (full 1):
 PSYoungGen      total 163328K, used 103357K [0x00000000ebe00000, 0x00000000f8780000, 0x0000000100000000)
  eden space 152064K, 61% used [0x00000000ebe00000,0x00000000f1947440,0x00000000f5280000)
  from space 11264K, 87% used [0x00000000f5e80000,0x00000000f6828368,0x00000000f6980000)
  to   space 12288K, 0% used [0x00000000f5280000,0x00000000f5280000,0x00000000f5e80000)
 ParOldGen       total 40960K, used 11038K [0x00000000c3a00000, 0x00000000c6200000, 0x00000000ebe00000)
  object space 40960K, 26% used [0x00000000c3a00000,0x00000000c44c7be8,0x00000000c6200000)
 Metaspace       used 34963K, capacity 35232K, committed 35496K, reserved 1081344K
  class space    used 4490K, capacity 4579K, committed 4608K, reserved 1048576K
Event: 5.669 GC heap after
Heap after GC invocations=10 (full 1):
 PSYoungGen      total 164352K, used 12276K [0x00000000ebe00000, 0x00000000f9d00000, 0x0000000100000000)
  eden space 152064K, 0% used [0x00000000ebe00000,0x00000000ebe00000,0x00000000f5280000)
  from space 12288K, 99% used [0x00000000f5280000,0x00000000f5e7d3c8,0x00000000f5e80000)
  to   space 14336K, 0% used [0x00000000f8f00000,0x00000000f8f00000,0x00000000f9d00000)
 ParOldGen       total 40960K, used 12457K [0x00000000c3a00000, 0x00000000c6200000, 0x00000000ebe00000)
  object space 40960K, 30% used [0x00000000c3a00000,0x00000000c462a7c0,0x00000000c6200000)
 Metaspace       used 34963K, capacity 35232K, committed 35496K, reserved 1081344K
  class space    used 4490K, capacity 4579K, committed 4608K, reserved 1048576K
}
Event: 5.669 GC heap before
{Heap before GC invocations=11 (full 2):
 PSYoungGen      total 164352K, used 12276K [0x00000000ebe00000, 0x00000000f9d00000, 0x0000000100000000)
  eden space 152064K, 0% used [0x00000000ebe00000,0x00000000ebe00000,0x00000000f5280000)
  from space 12288K, 99% used [0x00000000f5280000,0x00000000f5e7d3c8,0x00000000f5e80000)
  to   space 14336K, 0% used [0x00000000f8f00000,0x00000000f8f00000,0x00000000f9d00000)
 ParOldGen       total 40960K, used 12457K [0x00000000c3a00000, 0x00000000c6200000, 0x00000000ebe00000)
  object space 40960K, 30% used [0x00000000c3a00000,0x00000000c462a7c0,0x00000000c6200000)
 Metaspace       used 34963K, capacity 35232K, committed 35496K, reserved 1081344K
  class space    used 4490K, capacity 4579K, committed 4608K, reserved 1048576K
Event: 6.432 GC heap after
Heap after GC invocations=11 (full 2):
 PSYoungGen      total 164352K, used 0K [0x00000000ebe00000, 0x00000000f9d00000, 0x0000000100000000)
  eden space 152064K, 0% used [0x00000000ebe00000,0x00000000ebe00000,0x00000000f5280000)
  from space 12288K, 0% used [0x00000000f5280000,0x00000000f5280000,0x00000000f5e80000)
  to   space 14336K, 0% used [0x00000000f8f00000,0x00000000f8f00000,0x00000000f9d00000)
 ParOldGen       total 70144K, used 22359K [0x00000000c3a00000, 0x00000000c7e80000, 0x00000000ebe00000)
  object space 70144K, 31% used [0x00000000c3a00000,0x00000000c4fd5f48,0x00000000c7e80000)
 Metaspace       used 34963K, capacity 35232K, committed 35496K, reserved 1081344K
  class space    used 4490K, capacity 4579K, committed 4608K, reserved 1048576K
}
Event: 8.347 GC heap before
{Heap before GC invocations=12 (full 2):
 PSYoungGen      total 164352K, used 152064K [0x00000000ebe00000, 0x00000000f9d00000, 0x0000000100000000)
  eden space 152064K, 100% used [0x00000000ebe00000,0x00000000f5280000,0x00000000f5280000)
  from space 12288K, 0% used [0x00000000f5280000,0x00000000f5280000,0x00000000f5e80000)
  to   space 14336K, 0% used [0x00000000f8f00000,0x00000000f8f00000,0x00000000f9d00000)
 ParOldGen       total 70144K, used 22359K [0x00000000c3a00000, 0x00000000c7e80000, 0x00000000ebe00000)
  object space 70144K, 31% used [0x00000000c3a00000,0x00000000c4fd5f48,0x00000000c7e80000)
 Metaspace       used 44173K, capacity 44522K, committed 44928K, reserved 1087488K
  class space    used 5783K, capacity 5898K, committed 6016K, reserved 1048576K
Event: 8.376 GC heap after
Heap after GC invocations=12 (full 2):
 PSYoungGen      total 182272K, used 13775K [0x00000000ebe00000, 0x00000000f9c80000, 0x0000000100000000)
  eden space 168448K, 0% used [0x00000000ebe00000,0x00000000ebe00000,0x00000000f6280000)
  from space 13824K, 99% used [0x00000000f8f00000,0x00000000f9c73c50,0x00000000f9c80000)
  to   space 16384K, 0% used [0x00000000f7c80000,0x00000000f7c80000,0x00000000f8c80000)
 ParOldGen       total 70144K, used 22367K [0x00000000c3a00000, 0x00000000c7e80000, 0x00000000ebe00000)
  object space 70144K, 31% used [0x00000000c3a00000,0x00000000c4fd7f48,0x00000000c7e80000)
 Metaspace       used 44173K, capacity 44522K, committed 44928K, reserved 1087488K
  class space    used 5783K, capacity 5898K, committed 6016K, reserved 1048576K
}

Deoptimization events (10 events):
Event: 7.505 Thread 0x00007f7c08010000 Uncommon trap: reason=null_check action=make_not_entrant pc=0x00007f7bf9911bc0 method=org.springframework.util.ClassUtils.isAssignable(Ljava/lang/Class;Ljava/lang/Class;)Z @ 14
Event: 7.523 Thread 0x00007f7c08010000 Uncommon trap: reason=bimorphic action=maybe_recompile pc=0x00007f7bf94c42b0 method=java.util.concurrent.ConcurrentHashMap.putVal(Ljava/lang/Object;Ljava/lang/Object;Z)Ljava/lang/Object; @ 192
Event: 7.523 Thread 0x00007f7c08010000 Uncommon trap: reason=bimorphic action=maybe_recompile pc=0x00007f7bf94c42b0 method=java.util.concurrent.ConcurrentHashMap.putVal(Ljava/lang/Object;Ljava/lang/Object;Z)Ljava/lang/Object; @ 192
Event: 7.523 Thread 0x00007f7c08010000 Uncommon trap: reason=bimorphic action=maybe_recompile pc=0x00007f7bf94c42b0 method=java.util.concurrent.ConcurrentHashMap.putVal(Ljava/lang/Object;Ljava/lang/Object;Z)Ljava/lang/Object; @ 192
Event: 7.523 Thread 0x00007f7c08010000 Uncommon trap: reason=bimorphic action=maybe_recompile pc=0x00007f7bf94c42b0 method=java.util.concurrent.ConcurrentHashMap.putVal(Ljava/lang/Object;Ljava/lang/Object;Z)Ljava/lang/Object; @ 192
Event: 7.758 Thread 0x00007f7c08010000 Uncommon trap: reason=class_check action=maybe_recompile pc=0x00007f7bf9702c08 method=java.util.regex.Pattern$Curly.match(Ljava/util/regex/Matcher;ILjava/lang/CharSequence;)Z @ 19
Event: 7.786 Thread 0x00007f7c08010000 Uncommon trap: reason=unstable_if action=reinterpret pc=0x00007f7bf92ae18c method=java.util.concurrent.ConcurrentHashMap.transfer([Ljava/util/concurrent/ConcurrentHashMap$Node;[Ljava/util/concurrent/ConcurrentHashMap$Node;)V @ 356
Event: 7.787 Thread 0x00007f7c08010000 Uncommon trap: reason=unstable_if action=reinterpret pc=0x00007f7bf98f3a4c method=java.util.concurrent.ConcurrentHashMap.transfer([Ljava/util/concurrent/ConcurrentHashMap$Node;[Ljava/util/concurrent/ConcurrentHashMap$Node;)V @ 356
Event: 7.793 Thread 0x00007f7c08010000 Uncommon trap: reason=unstable_if action=reinterpret pc=0x00007f7bf9ab8aa8 method=org.springframework.beans.factory.support.AbstractBeanFactory.isTypeMatch(Ljava/lang/String;Lorg/springframework/core/ResolvableType;)Z @ 56
Event: 8.561 Thread 0x00007f7c08010000 Uncommon trap: reason=unstable_if action=reinterpret pc=0x00007f7bf993a97c method=java.lang.Class$MethodArray.addIfNotPresent(Ljava/lang/reflect/Method;)V @ 19

Internal exceptions (10 events):
Event: 8.475 Thread 0x00007f7c08010000 Exception <a 'java/lang/ClassNotFoundException': org/springframework/boot/autoconfigure/web/WebClientAutoConfigurationCustomizer> (0x00000000ec9f69c0) thrown at [/HUDSON3/workspace/8-2-build-linux-amd64/jdk8u121/8372/hotspot/src/share/vm/classfile/systemD
Event: 8.475 Thread 0x00007f7c08010000 Exception <a 'java/lang/ClassNotFoundException': org/springframework/boot/autoconfigure/web/WebClientAutoConfiguration$$EnhancerBySpringCGLIB$$2c140284Customizer> (0x00000000eca1a318) thrown at [/HUDSON3/workspace/8-2-build-linux-amd64/jdk8u121/8372/hotsp
Event: 8.476 Thread 0x00007f7c08010000 Exception <a 'java/lang/ClassNotFoundException': org/springframework/context/annotation/ConfigurationClassEnhancer$EnhancedConfigurationCustomizer> (0x00000000eca3e6b0) thrown at [/HUDSON3/workspace/8-2-build-linux-amd64/jdk8u121/8372/hotspot/src/share/vm
Event: 8.663 Thread 0x00007f7c08010000 Exception <a 'java/lang/ClassNotFoundException': java/lang/ObjectCustomizer> (0x00000000eda6b730) thrown at [/HUDSON3/workspace/8-2-build-linux-amd64/jdk8u121/8372/hotspot/src/share/vm/classfile/systemDictionary.cpp, line 210]
Event: 8.664 Thread 0x00007f7c08010000 Exception <a 'java/lang/ClassNotFoundException': org/springframework/test/context/testng/AbstractTestNGSpringContextTestsCustomizer> (0x00000000eda894d8) thrown at [/HUDSON3/workspace/8-2-build-linux-amd64/jdk8u121/8372/hotspot/src/share/vm/classfile/syst
Event: 8.664 Thread 0x00007f7c08010000 Exception <a 'java/lang/ClassNotFoundException': com/example/crudtest/CRUDTestCustomizer> (0x00000000eda9c100) thrown at [/HUDSON3/workspace/8-2-build-linux-amd64/jdk8u121/8372/hotspot/src/share/vm/classfile/systemDictionary.cpp, line 210]
Event: 8.665 Thread 0x00007f7c08010000 Exception <a 'java/lang/ClassNotFoundException': org/testng/IHookableCustomizer> (0x00000000edaacb88) thrown at [/HUDSON3/workspace/8-2-build-linux-amd64/jdk8u121/8372/hotspot/src/share/vm/classfile/systemDictionary.cpp, line 210]
Event: 8.666 Thread 0x00007f7c08010000 Exception <a 'java/lang/ClassNotFoundException': org/springframework/context/ApplicationContextAwareCustomizer> (0x00000000edac2d88) thrown at [/HUDSON3/workspace/8-2-build-linux-amd64/jdk8u121/8372/hotspot/src/share/vm/classfile/systemDictionary.cpp, lin
Event: 8.714 Thread 0x00007f7c08010000 Exception <a 'java/lang/ClassNotFoundException': java/lang/ObjectCustomizer> (0x00000000ede44290) thrown at [/HUDSON3/workspace/8-2-build-linux-amd64/jdk8u121/8372/hotspot/src/share/vm/classfile/systemDictionary.cpp, line 210]
Event: 8.714 Thread 0x00007f7c08010000 Exception <a 'java/lang/ClassNotFoundException': com/example/entity/BookCustomizer> (0x00000000ede56c80) thrown at [/HUDSON3/workspace/8-2-build-linux-amd64/jdk8u121/8372/hotspot/src/share/vm/classfile/systemDictionary.cpp, line 210]

Events (10 events):
Event: 8.721 loading class org/hibernate/engine/jdbc/internal/FormatStyle
Event: 8.721 loading class org/hibernate/engine/jdbc/internal/FormatStyle done
Event: 8.721 loading class org/hibernate/engine/jdbc/internal/Formatter
Event: 8.721 loading class org/hibernate/engine/jdbc/internal/Formatter done
Event: 8.722 loading class org/hibernate/engine/jdbc/internal/BasicFormatterImpl
Event: 8.722 loading class org/hibernate/engine/jdbc/internal/BasicFormatterImpl done
Event: 8.722 loading class org/hibernate/engine/jdbc/internal/DDLFormatterImpl
Event: 8.722 loading class org/hibernate/engine/jdbc/internal/DDLFormatterImpl done
Event: 8.723 loading class org/hibernate/engine/jdbc/internal/FormatStyle$NoFormatImpl
Event: 8.723 loading class org/hibernate/engine/jdbc/internal/FormatStyle$NoFormatImpl done


Dynamic libraries:
00400000-00401000 r-xp 00000000 08:03 3554757                            /usr/lib/jvm/java-8-oracle/bin/java
00600000-00601000 rw-p 00000000 08:03 3554757                            /usr/lib/jvm/java-8-oracle/bin/java
01e24000-01e45000 rw-p 00000000 00:00 0                                  [heap]
c3a00000-c7e80000 rw-p 00000000 00:00 0 
c7e80000-ebe00000 ---p 00000000 00:00 0 
ebe00000-f9c80000 rw-p 00000000 00:00 0 
f9c80000-100000000 ---p 00000000 00:00 0 
100000000-1005e0000 rw-p 00000000 00:00 0 
1005e0000-140000000 ---p 00000000 00:00 0 
7f7b8c000000-7f7b8c021000 rw-p 00000000 00:00 0 
7f7b8c021000-7f7b90000000 ---p 00000000 00:00 0 
7f7b94000000-7f7b94021000 rw-p 00000000 00:00 0 
7f7b94021000-7f7b98000000 ---p 00000000 00:00 0 
7f7b98000000-7f7b98021000 rw-p 00000000 00:00 0 
7f7b98021000-7f7b9c000000 ---p 00000000 00:00 0 
7f7b9c000000-7f7b9c021000 rw-p 00000000 00:00 0 
7f7b9c021000-7f7ba0000000 ---p 00000000 00:00 0 
7f7ba0000000-7f7ba0021000 rw-p 00000000 00:00 0 
7f7ba0021000-7f7ba4000000 ---p 00000000 00:00 0 
7f7ba4000000-7f7ba4021000 rw-p 00000000 00:00 0 
7f7ba4021000-7f7ba8000000 ---p 00000000 00:00 0 
7f7ba8000000-7f7ba8021000 rw-p 00000000 00:00 0 
7f7ba8021000-7f7bac000000 ---p 00000000 00:00 0 
7f7bac000000-7f7bac2cc000 rw-p 00000000 00:00 0 
7f7bac2cc000-7f7bb0000000 ---p 00000000 00:00 0 
7f7bb0000000-7f7bb0021000 rw-p 00000000 00:00 0 
7f7bb0021000-7f7bb4000000 ---p 00000000 00:00 0 
7f7bb4000000-7f7bb4021000 rw-p 00000000 00:00 0 
7f7bb4021000-7f7bb8000000 ---p 00000000 00:00 0 
7f7bb8000000-7f7bb8267000 rw-p 00000000 00:00 0 
7f7bb8267000-7f7bbc000000 ---p 00000000 00:00 0 
7f7bbc000000-7f7bbc021000 rw-p 00000000 00:00 0 
7f7bbc021000-7f7bc0000000 ---p 00000000 00:00 0 
7f7bc0000000-7f7bc0021000 rw-p 00000000 00:00 0 
7f7bc0021000-7f7bc4000000 ---p 00000000 00:00 0 
7f7bc4000000-7f7bc5be0000 rw-p 00000000 00:00 0 
7f7bc5be0000-7f7bc8000000 ---p 00000000 00:00 0 
7f7bc8000000-7f7bc8d8c000 rw-p 00000000 00:00 0 
7f7bc8d8c000-7f7bcc000000 ---p 00000000 00:00 0 
7f7bcc000000-7f7bcc021000 rw-p 00000000 00:00 0 
7f7bcc021000-7f7bd0000000 ---p 00000000 00:00 0 
7f7bd0000000-7f7bd1b4a000 rw-p 00000000 00:00 0 
7f7bd1b4a000-7f7bd4000000 ---p 00000000 00:00 0 
7f7bd4000000-7f7bd4021000 rw-p 00000000 00:00 0 
7f7bd4021000-7f7bd8000000 ---p 00000000 00:00 0 
7f7bd8000000-7f7bd8021000 rw-p 00000000 00:00 0 
7f7bd8021000-7f7bdc000000 ---p 00000000 00:00 0 
7f7bdc000000-7f7bdc021000 rw-p 00000000 00:00 0 
7f7bdc021000-7f7be0000000 ---p 00000000 00:00 0 
7f7be0000000-7f7be00ba000 rw-p 00000000 00:00 0 
7f7be00ba000-7f7be4000000 ---p 00000000 00:00 0 
7f7be4000000-7f7be4021000 rw-p 00000000 00:00 0 
7f7be4021000-7f7be8000000 ---p 00000000 00:00 0 
7f7be9daa000-7f7be9dad000 ---p 00000000 00:00 0 
7f7be9dad000-7f7be9eab000 rw-p 00000000 00:00 0                          [stack:3832]
7f7be9eab000-7f7be9eae000 ---p 00000000 00:00 0 
7f7be9eae000-7f7be9fac000 rw-p 00000000 00:00 0                          [stack:3831]
7f7be9fac000-7f7be9faf000 ---p 00000000 00:00 0 
7f7be9faf000-7f7bea0ad000 rw-p 00000000 00:00 0                          [stack:3830]
7f7bea0ad000-7f7bea0b0000 ---p 00000000 00:00 0 
7f7bea0b0000-7f7bea1ae000 rw-p 00000000 00:00 0                          [stack:3829]
7f7bea1ae000-7f7bea1b1000 ---p 00000000 00:00 0 
7f7bea1b1000-7f7bea36f000 rw-p 00000000 00:00 0                          [stack:3828]
7f7bea36f000-7f7bea4af000 ---p 00000000 00:00 0 
7f7bea4af000-7f7bea6af000 rw-p 00000000 00:00 0 
7f7bea6af000-7f7bea8af000 rw-p 00000000 00:00 0 
7f7bea8af000-7f7beaaaf000 rw-p 00000000 00:00 0 
7f7beaaaf000-7f7beab33000 r-xp 00000000 08:03 5917604                    /tmp/sqlite-3.7.2-libsqlitejdbc.so
7f7beab33000-7f7bead33000 ---p 00084000 08:03 5917604                    /tmp/sqlite-3.7.2-libsqlitejdbc.so
7f7bead33000-7f7bead34000 r--p 00084000 08:03 5917604                    /tmp/sqlite-3.7.2-libsqlitejdbc.so
7f7bead34000-7f7bead37000 rw-p 00085000 08:03 5917604                    /tmp/sqlite-3.7.2-libsqlitejdbc.so
7f7bead37000-7f7beaf37000 rw-p 00000000 00:00 0 
7f7beaf37000-7f7beaf3a000 ---p 00000000 00:00 0 
7f7beaf3a000-7f7beb238000 rw-p 00000000 00:00 0                          [stack:3827]
7f7beb238000-7f7beb23b000 ---p 00000000 00:00 0 
7f7beb23b000-7f7beb539000 rw-p 00000000 00:00 0                          [stack:3826]
7f7beb539000-7f7beb739000 rw-p 00000000 00:00 0 
7f7beb7fe000-7f7beb801000 ---p 00000000 00:00 0 
7f7beb801000-7f7beb8ff000 rw-p 00000000 00:00 0                          [stack:3825]
7f7beb8ff000-7f7beb902000 ---p 00000000 00:00 0 
7f7beb902000-7f7bebc00000 rw-p 00000000 00:00 0                          [stack:3824]
7f7bebc00000-7f7bebe00000 rw-p 00000000 00:00 0 
7f7bebe00000-7f7bec000000 rw-p 00000000 00:00 0 
7f7bec000000-7f7bec031000 rw-p 00000000 00:00 0 
7f7bec031000-7f7bf0000000 ---p 00000000 00:00 0 
7f7bf001f000-7f7bf0020000 rw-p 00000000 00:00 0 
7f7bf0020000-7f7bf0033000 r--s 00345000 08:03 3569668                    /usr/lib/jvm/java-8-oracle/jre/lib/resources.jar
7f7bf0033000-7f7bf00c8000 r--s 01109000 08:03 3569596                    /usr/lib/jvm/java-8-oracle/jre/lib/ext/jfxrt.jar
7f7bf00c8000-7f7bf00d9000 r-xp 00000000 08:03 4870868                    /usr/lib/jvm/java-8-oracle/jre/lib/amd64/libnio.so
7f7bf00d9000-7f7bf02d8000 ---p 00011000 08:03 4870868                    /usr/lib/jvm/java-8-oracle/jre/lib/amd64/libnio.so
7f7bf02d8000-7f7bf02d9000 rw-p 00010000 08:03 4870868                    /usr/lib/jvm/java-8-oracle/jre/lib/amd64/libnio.so
7f7bf02d9000-7f7bf04d9000 rw-p 00000000 00:00 0 
7f7bf04d9000-7f7bf06d9000 rw-p 00000000 00:00 0 
7f7bf06d9000-7f7bf06de000 r--s 002f9000 08:03 3569547                    /usr/lib/jvm/java-8-oracle/jre/lib/charsets.jar
7f7bf06de000-7f7bf06e1000 ---p 00000000 00:00 0 
7f7bf06e1000-7f7bf07df000 rw-p 00000000 00:00 0                          [stack:3823]
7f7bf07df000-7f7bf07e8000 r-xp 00000000 08:03 4870832                    /usr/lib/jvm/java-8-oracle/jre/lib/amd64/libmanagement.so
7f7bf07e8000-7f7bf09e7000 ---p 00009000 08:03 4870832                    /usr/lib/jvm/java-8-oracle/jre/lib/amd64/libmanagement.so
7f7bf09e7000-7f7bf09e8000 rw-p 00008000 08:03 4870832                    /usr/lib/jvm/java-8-oracle/jre/lib/amd64/libmanagement.so
7f7bf09e8000-7f7bf0be8000 rw-p 00000000 00:00 0 
7f7bf0be8000-7f7bf0de8000 rw-p 00000000 00:00 0 
7f7bf0de8000-7f7bf0fe8000 rw-p 00000000 00:00 0 
7f7bf0fe8000-7f7bf0fec000 r--s 0009a000 08:03 3569602                    /usr/lib/jvm/java-8-oracle/jre/lib/jsse.jar
7f7bf0fec000-7f7bf0fef000 ---p 00000000 00:00 0 
7f7bf0fef000-7f7bf10ed000 rw-p 00000000 00:00 0                          [stack:3820]
7f7bf10ed000-7f7bf1103000 r-xp 00000000 08:03 4870893                    /usr/lib/jvm/java-8-oracle/jre/lib/amd64/libnet.so
7f7bf1103000-7f7bf1303000 ---p 00016000 08:03 4870893                    /usr/lib/jvm/java-8-oracle/jre/lib/amd64/libnet.so
7f7bf1303000-7f7bf1304000 rw-p 00016000 08:03 4870893                    /usr/lib/jvm/java-8-oracle/jre/lib/amd64/libnet.so
7f7bf1304000-7f7bf1305000 r--s 0000c000 08:03 5916924                    /home/sharmila/.gradle/caches/modules-2/files-2.1/org.ow2.asm/asm/5.0.3/dcc2193db20e19e1feca8b1240dbbc4e190824fa/asm-5.0.3.jar
7f7bf1305000-7f7bf130f000 r--s 00069000 08:03 5923589                    /home/sharmila/.gradle/caches/modules-2/files-2.1/ch.qos.logback/logback-core/1.1.8/b4d1c3dea91727faf8b3d19cf4b9b972d6c0b89/logback-core-1.1.8.jar
7f7bf130f000-7f7bf1311000 r--s 00012000 08:03 5916922                    /home/sharmila/.gradle/caches/modules-2/files-2.1/net.minidev/accessors-smart/1.1/a527213f2fea112a04c9bdf0ec0264e34104cd08/accessors-smart-1.1.jar
7f7bf1311000-7f7bf1313000 r--s 00009000 08:03 5923902                    /home/sharmila/.gradle/caches/modules-2/files-2.1/org.apache.tomcat/tomcat-juli/8.5.6/83d2d1e3362ecca504f3bf8ed1bc4cc451754d24/tomcat-juli-8.5.6.jar
7f7bf1313000-7f7bf131c000 r--s 0002d000 08:03 5923903                    /home/sharmila/.gradle/caches/modules-2/files-2.1/xml-apis/xml-apis/1.4.01/3789d9fada2d3d458c4ba2de349d48780f381ee3/xml-apis-1.4.01.jar
7f7bf131c000-7f7bf131e000 r--s 00004000 08:03 5923588                    /home/sharmila/.gradle/caches/modules-2/files-2.1/org.slf4j/log4j-over-slf4j/1.7.22/a527c37e9ca6c3d19ba298edd4aa344ca751a203/log4j-over-slf4j-1.7.22.jar
7f7bf131e000-7f7bf1320000 r--s 00000000 08:03 5923587                    /home/sharmila/.gradle/caches/modules-2/files-2.1/org.slf4j/jul-to-slf4j/1.7.22/b0429e950b3d2bc2c39c1bacafac753edbe3781c/jul-to-slf4j-1.7.22.jar
7f7bf1320000-7f7bf1326000 r--s 00045000 08:03 5923585                    /home/sharmila/.gradle/caches/modules-2/files-2.1/ch.qos.logback/logback-classic/1.1.8/e54f49a227611976642f81cf2106b81c1ece8bf5/logback-classic-1.1.8.jar
7f7bf1326000-7f7bf1327000 r--s 0000f000 08:03 5916909                    /home/sharmila/.gradle/caches/modules-2/files-2.1/org.json/json/20140107/d1ffca6e2482b002702c6a576166fd685e3370e3/json-20140107.jar
7f7bf1327000-7f7bf1329000 r--s 00009000 08:03 5916921                    /home/sharmila/.gradle/caches/modules-2/files-2.1/org.objenesis/objenesis/2.1/87c0ea803b69252868d09308b4618f766f135a96/objenesis-2.1.jar
7f7bf1329000-7f7bf132c000 r--s 0001b000 08:03 5916920                    /home/sharmila/.gradle/caches/modules-2/files-2.1/net.minidev/json-smart/2.2.1/5b9e5df7a62d1279b70dc882b041d249c4f0b002/json-smart-2.2.1.jar
7f7bf132c000-7f7bf132e000 r--s 00003000 08:03 5923586                    /home/sharmila/.gradle/caches/modules-2/files-2.1/org.slf4j/jcl-over-slf4j/1.7.22/86ceac14535af5a42c8fb0d06d79b925dd3cb263/jcl-over-slf4j-1.7.22.jar
7f7bf132e000-7f7bf1330000 r--s 00009000 08:03 5923584                    /home/sharmila/.gradle/caches/modules-2/files-2.1/org.slf4j/slf4j-api/1.7.22/a1c83373863cec7ae8d89dc1c5722d8cb6ec0309/slf4j-api-1.7.22.jar
7f7bf1330000-7f7bf1338000 r--s 0003a000 08:03 5923901                    /home/sharmila/.gradle/caches/modules-2/files-2.1/org.springframework/spring-tx/4.3.5.RELEASE/296d8ae21fadc0f115dae7d1e8d5c4f8c7de2c3e/spring-tx-4.3.5.RELEASE.jar
7f7bf1338000-7f7bf1342000 r--s 0006b000 08:03 5923900                    /home/sharmila/.gradle/caches/modules-2/files-2.1/org.springframework/spring-orm/4.3.5.RELEASE/64c29d310b69bcc6e1fd5a738fa3629bdedb2d3f/spring-orm-4.3.5.RELEASE.jar
7f7bf1342000-7f7bf1352000 r--s 0009a000 08:03 5923899                    /home/sharmila/.gradle/caches/modules-2/files-2.1/org.springframework.data/spring-data-commons/1.12.6.RELEASE/b6403dcfce33e89613f364d80d653d7540279c47/spring-data-commons-1.12.6.RELEASE.jar
7f7bf1352000-7f7bf135c000 r--s 0005f000 08:03 5923898                    /home/sharmila/.gradle/caches/modules-2/files-2.1/org.springframework/spring-jdbc/4.3.5.RELEASE/7c09e38b6f6e0b178973dea06bb8fdc6d19aa596/spring-jdbc-4.3.5.RELEASE.jar
7f7bf135c000-7f7bf135f000 r--s 00020000 08:03 5923897                    /home/sharmila/.gradle/caches/modules-2/files-2.1/org.apache.tomcat/tomcat-jdbc/8.5.6/feb10a9e22f70565c7556f327b0481dba8587bbc/tomcat-jdbc-8.5.6.jar
7f7bf135f000-7f7bf1378000 r--s 001af000 08:03 5923896                    /home/sharmila/.gradle/caches/modules-2/files-2.1/org.aspectj/aspectjweaver/1.8.9/db28774f477f07220eac18d5ec9c4e01f48589d7/aspectjweaver-1.8.9.jar
7f7bf1378000-7f7bf137b000 r--s 00010000 08:03 5923833                    /home/sharmila/.gradle/caches/modules-2/files-2.1/org.hibernate.common/hibernate-commons-annotations/5.0.1.Final/71e1cff3fcb20d3b3af4f3363c3ddb24d33c6879/hibernate-commons-annotations-5.0.1.Final.jar
7f7bf137b000-7f7bf1380000 r--s 00048000 08:03 5923832                    /home/sharmila/.gradle/caches/modules-2/files-2.1/dom4j/dom4j/1.6.1/5d3ccc056b6f056dbf0dddfdf43894b9065a8f94/dom4j-1.6.1.jar
7f7bf1380000-7f7bf1383000 r--s 0002b000 08:03 5923433                    /home/sharmila/.gradle/caches/modules-2/files-2.1/org.jboss/jandex/2.0.0.Final/3e899258936f94649c777193e1be846387ed54b3/jandex-2.0.0.Final.jar
7f7bf1383000-7f7bf1384000 r--s 00003000 08:03 5923830                    /home/sharmila/.gradle/caches/modules-2/files-2.1/org.apache.geronimo.specs/geronimo-jta_1.1_spec/1.1.1/aabab3165b8ea936b9360abbf448459c0d04a5a4/geronimo-jta_1.1_spec-1.1.1.jar
7f7bf1384000-7f7bf1389000 r--s 00068000 08:03 5923829                    /home/sharmila/.gradle/caches/modules-2/files-2.1/antlr/antlr/2.7.7/83cd2cd674a217ade95a4bb83a8a14f351f48bd0/antlr-2.7.7.jar
7f7bf1389000-7f7bf138e000 r--s 0003c000 08:03 5923583                    /home/sharmila/.gradle/caches/modules-2/files-2.1/org.springframework/spring-expression/4.3.5.RELEASE/3689dc6c5b942ecde4122eac889ed87977d6f287/spring-expression-4.3.5.RELEASE.jar
7f7bf138e000-7f7bf13a8000 r--s 000fc000 08:03 5923582                    /home/sharmila/.gradle/caches/modules-2/files-2.1/org.springframework/spring-context/4.3.5.RELEASE/ca3391c0e17d0138335ba51b51371661d20d56a8/spring-context-4.3.5.RELEASE.jar
7f7bf13a8000-7f7bf13b5000 r--s 000ad000 08:03 5923581                    /home/sharmila/.gradle/caches/modules-2/files-2.1/org.springframework/spring-beans/4.3.5.RELEASE/e12bbc3277da28e2e2608a187f83091dc6c300bf/spring-beans-4.3.5.RELEASE.jar
7f7bf13b5000-7f7bf13be000 r--s 00054000 08:03 5923580                    /home/sharmila/.gradle/caches/modules-2/files-2.1/org.springframework/spring-aop/4.3.5.RELEASE/4f113218af716bd8d174c411f19b26418b5a70f6/spring-aop-4.3.5.RELEASE.jar
7f7bf13be000-7f7bf13c2000 r--s 00041000 08:03 5923579                    /home/sharmila/.gradle/caches/modules-2/files-2.1/com.fasterxml.jackson.core/jackson-core/2.8.5/60d059f5d2930ccd1ef03535b713fd9f933d1ba7/jackson-core-2.8.5.jar
7f7bf13c2000-7f7bf13c5000 r--s 0000b000 08:03 5923578                    /home/sharmila/.gradle/caches/modules-2/files-2.1/com.fasterxml.jackson.core/jackson-annotations/2.8.5/9d82ff47bc2c2d3b5b6a6618fe636782bbcd5b07/jackson-annotations-2.8.5.jar
7f7bf13c5000-7f7bf13c7000 r--s 0000e000 08:03 5917543                    /home/sharmila/.gradle/caches/modules-2/files-2.1/com.fasterxml/classmate/1.3.3/864c8e370a691e343210cc7c532fc198cee460d8/classmate-1.3.3.jar
7f7bf13c7000-7f7bf13cb000 r--s 0000c000 08:03 5916766                    /home/sharmila/.gradle/caches/modules-2/files-2.1/javax.validation/validation-api/1.1.0.Final/8613ae82954779d518631e05daa73a6a954817d5/validation-api-1.1.0.Final.jar
7f7bf13cb000-7f7bf13d0000 r--s 00036000 08:03 5917542                    /home/sharmila/.gradle/caches/modules-2/files-2.1/org.apache.tomcat.embed/tomcat-embed-websocket/8.5.6/6f6940a216b380ea8506530c374fcfeef820ba54/tomcat-embed-websocket-8.5.6.jar
7f7bf13d0000-7f7bf13d1000 r--s 00000000 08:03 5923577                    /home/sharmila/.gradle/caches/modules-2/files-2.1/org.springframework.boot/spring-boot-starter-logging/1.4.3.RELEASE/1c58783c0694abf695babfd39829922d2d501ec2/spring-boot-starter-logging-1.4.3.RELEASE.jar
7f7bf13d1000-7f7bf13ef000 r--s 000d0000 08:03 5923576                    /home/sharmila/.gradle/caches/modules-2/files-2.1/org.springframework.boot/spring-boot-autoconfigure/1.4.3.RELEASE/41df1bfbdd4ae4e8499ebe1a4bc613bda316d6e1/spring-boot-autoconfigure-1.4.3.RELEASE.jar
7f7bf13ef000-7f7bf13ff000 r--s 00092000 08:03 5923575                    /home/sharmila/.gradle/caches/modules-2/files-2.1/org.springframework.boot/spring-boot/1.4.3.RELEASE/17f94def4460075afdfba6bf8f897cd1fc95bf77/spring-boot-1.4.3.RELEASE.jar
7f7bf13ff000-7f7bf140e000 r--s 00084000 08:03 5923574                    /home/sharmila/.gradle/caches/modules-2/files-2.1/org.springframework/spring-test/4.3.5.RELEASE/a1965127e07b469d8e5bb3d2b0ff850423b66be4/spring-test-4.3.5.RELEASE.jar
7f7bf140e000-7f7bf1424000 r--s 000fa000 08:03 5923530                    /home/sharmila/.gradle/caches/modules-2/files-2.1/org.springframework/spring-core/4.3.5.RELEASE/80299e3f80e8c6d5c076db2ba6adf44a4b52f578/spring-core-4.3.5.RELEASE.jar
7f7bf1424000-7f7bf1425000 r--s 00006000 08:03 5916915                    /home/sharmila/.gradle/caches/modules-2/files-2.1/org.skyscreamer/jsonassert/1.3.0/d5c250eb122496866de36dc84f98e2945845ecdd/jsonassert-1.3.0.jar
7f7bf1425000-7f7bf1427000 r--s 00009000 08:03 5913472                    /home/sharmila/.gradle/caches/modules-2/files-2.1/org.hamcrest/hamcrest-core/1.3/42a25dc3219429f0e5d060061f71acb49bf010a0/hamcrest-core-1.3.jar
7f7bf1427000-7f7bf1443000 r--s 00103000 08:03 5916914                    /home/sharmila/.gradle/caches/modules-2/files-2.1/org.mockito/mockito-core/1.10.19/e8546f5bef4e061d8dd73895b4e8f40e3fe6effe/mockito-core-1.10.19.jar
7f7bf1443000-7f7bf1456000 r--s 000d2000 08:03 5916913                    /home/sharmila/.gradle/caches/modules-2/files-2.1/org.assertj/assertj-core/2.5.0/fcd21db4c5f33e5dcac69bf1816415fe0647582f/assertj-core-2.5.0.jar
7f7bf1456000-7f7bf145b000 r--s 0002e000 08:03 5916911                    /home/sharmila/.gradle/caches/modules-2/files-2.1/com.jayway.jsonpath/json-path/2.2.0/22290d17944bd239fabf5ac69005a60a7ecbbbcb/json-path-2.2.0.jar
7f7bf145b000-7f7bf1460000 r--s 00017000 08:03 5923573                    /home/sharmila/.gradle/caches/modules-2/files-2.1/org.springframework.boot/spring-boot-test-autoconfigure/1.4.3.RELEASE/1a7587605e981a58104a501ab1896e2eb7a76686/spring-boot-test-autoconfigure-1.4.3.RELEASE.jar
7f7bf1460000-7f7bf1465000 r--s 00021000 08:03 5923572                    /home/sharmila/.gradle/caches/modules-2/files-2.1/org.springframework.boot/spring-boot-test/1.4.3.RELEASE/2d76638f0f13b33859bf3b927c232ff0f8a4ffbf/spring-boot-test-1.4.3.RELEASE.jar
7f7bf1465000-7f7bf146b000 r--s 0003d000 08:03 5916762                    /home/sharmila/.gradle/caches/modules-2/files-2.1/org.yaml/snakeyaml/1.17/7a27ea250c5130b2922b86dea63cbb1cc10a660c/snakeyaml-1.17.jar
7f7bf146b000-7f7bf1470000 r--s 00040000 08:03 5923637                    /home/sharmila/.gradle/caches/modules-2/files-2.1/org.beanshell/bsh/2.0b4/a05f0a0feefa8d8467ac80e16e7de071489f0d9c/bsh-2.0b4.jar
7f7bf1470000-7f7bf1478000 r--s 00045000 08:03 5913471                    /home/sharmila/.gradle/caches/modules-2/files-2.1/junit/junit/4.12/2973d150c0dc1fefe998f834810d68f278ea58ec/junit-4.12.jar
7f7bf1478000-7f7bf147e000 r--s 0003f000 08:03 5923894                    /home/sharmila/.gradle/caches/modules-2/files-2.1/org.springframework.data/spring-data-jpa/1.10.6.RELEASE/5d478860b24a493845248c1c336c33a657567bd3/spring-data-jpa-1.10.6.RELEASE.jar
7f7bf147e000-7f7bf14e7000 r--s 004f3000 08:03 5923432                    /home/sharmila/.gradle/caches/modules-2/files-2.1/org.hibernate/hibernate-core/5.0.11.Final/c2487fb72a2217a7cec9ab478d4c21a36fc09977/hibernate-core-5.0.11.Final.jar
7f7bf14e7000-7f7bf14e8000 ---p 00000000 00:00 0 
7f7bf14e8000-7f7bf15e8000 rw-p 00000000 00:00 0                          [stack:3818]
7f7bf15e8000-7f7bf15eb000 ---p 00000000 00:00 0 
7f7bf15eb000-7f7bf16e9000 rw-p 00000000 00:00 0                          [stack:3817]
7f7bf16e9000-7f7bf16ec000 ---p 00000000 00:00 0 
7f7bf16ec000-7f7bf17ea000 rw-p 00000000 00:00 0                          [stack:3816]
7f7bf17ea000-7f7bf17ed000 ---p 00000000 00:00 0 
7f7bf17ed000-7f7bf18eb000 rw-p 00000000 00:00 0                          [stack:3815]
7f7bf18eb000-7f7bf18ee000 ---p 00000000 00:00 0 
7f7bf18ee000-7f7bf19ec000 rw-p 00000000 00:00 0                          [stack:3814]
7f7bf19ec000-7f7bf19ef000 ---p 00000000 00:00 0 
7f7bf19ef000-7f7bf1aed000 rw-p 00000000 00:00 0                          [stack:3813]
7f7bf1aed000-7f7bf21d0000 r--p 00000000 08:03 3152909                    /usr/lib/locale/locale-archive
7f7bf21d0000-7f7bf4000000 rw-p 00000000 00:00 0 
7f7bf4000000-7f7bf4025000 rw-p 00000000 00:00 0 
7f7bf4025000-7f7bf8000000 ---p 00000000 00:00 0 
7f7bf8000000-7f7bf8002000 r--s 00006000 08:03 5923638                    /home/sharmila/.gradle/caches/modules-2/files-2.1/com.beust/jcommander/1.12/7409692b48022f9eca7445861defbcdb9ee3c2a8/jcommander-1.12.jar
7f7bf8002000-7f7bf8005000 r--s 0000c000 08:03 5923895                    /home/sharmila/.gradle/caches/modules-2/files-2.1/org.springframework/spring-aspects/4.3.5.RELEASE/8c00c15865a1da0a1ba143a50622a8436a56e097/spring-aspects-4.3.5.RELEASE.jar
7f7bf8005000-7f7bf8007000 r--s 00006000 08:03 5923893                    /home/sharmila/.gradle/caches/modules-2/files-2.1/javax.transaction/javax.transaction-api/1.2/d81aff979d603edd90dcd8db2abc1f4ce6479e3e/javax.transaction-api-1.2.jar
7f7bf8007000-7f7bf8014000 r--s 00089000 08:03 5923892                    /home/sharmila/.gradle/caches/modules-2/files-2.1/org.hibernate/hibernate-entitymanager/5.0.11.Final/549565caed4e0bcb816843693e66ff7b04ce025f/hibernate-entitymanager-5.0.11.Final.jar
7f7bf8014000-7f7bf801e000 r--s 000ae000 08:03 5916958                    /home/sharmila/.gradle/caches/modules-2/files-2.1/org.javassist/javassist/3.20.0-GA/a9cbcdfb7e9f86fbc74d3afae65f2248bfbf82a0/javassist-3.20.0-GA.jar
7f7bf801e000-7f7bf8023000 r--s 00017000 08:03 5923828                    /home/sharmila/.gradle/caches/modules-2/files-2.1/org.hibernate.javax.persistence/hibernate-jpa-2.1-api/1.0.0.Final/5e731d961297e5a07290bfaf3db1fbc8bbbf405a/hibernate-jpa-2.1-api-1.0.0.Final.jar
7f7bf8023000-7f7bf8036000 r--s 00236000 08:03 5916949                    /home/sharmila/.gradle/caches/modules-2/files-2.1/org.eclipse.jdt.core.compiler/ecj/4.5.1/bee1367ac12fb6a20b422ff8711ebeb4f0a42316/ecj-4.5.1.jar
7f7bf8036000-7f7bf805f000 r--s 002b2000 08:03 5917540                    /home/sharmila/.gradle/caches/modules-2/files-2.1/org.apache.tomcat.embed/tomcat-embed-core/8.5.6/960834b5abc6b2135250487abf6c060a0fa5a22e/tomcat-embed-core-8.5.6.jar
7f7bf805f000-7f7bf8070000 r--s 000cf000 08:03 5923571                    /home/sharmila/.gradle/caches/modules-2/files-2.1/org.springframework/spring-webmvc/4.3.5.RELEASE/c624659217edab07d8279fb0f90462136f089220/spring-webmvc-4.3.5.RELEASE.jar
7f7bf8070000-7f7bf8082000 r--s 000b6000 08:03 5923570                    /home/sharmila/.gradle/caches/modules-2/files-2.1/org.springframework/spring-web/4.3.5.RELEASE/6641daccf2fddafc8358144f3a4f999130fdf144/spring-web-4.3.5.RELEASE.jar
7f7bf8082000-7f7bf8093000 r--s 0011d000 08:03 5923569                    /home/sharmila/.gradle/caches/modules-2/files-2.1/com.fasterxml.jackson.core/jackson-databind/2.8.5/b3035f37e674c04dafe36a660c3815cc59f764e2/jackson-databind-2.8.5.jar
7f7bf8093000-7f7bf80a3000 r--s 0009c000 08:03 5916756                    /home/sharmila/.gradle/caches/modules-2/files-2.1/org.hibernate/hibernate-validator/5.2.4.Final/fb18766b576aa6632bcfe9a20a023cbd52bf9769/hibernate-validator-5.2.4.Final.jar
7f7bf80a3000-7f7bf80af000 r--s 000a4000 08:03 5923636                    /home/sharmila/.gradle/caches/modules-2/files-2.1/org.testng/testng/6.5.2/5069d2e72356ed87645c5fc3622b0bbb5e0667c9/testng-6.5.2.jar
7f7bf80af000-7f7bf80b2000 ---p 00000000 00:00 0 
7f7bf80b2000-7f7bf81b0000 rw-p 00000000 00:00 0                          [stack:3812]
7f7bf81b0000-7f7bf81b3000 ---p 00000000 00:00 0 
7f7bf81b3000-7f7bf82b1000 rw-p 00000000 00:00 0                          [stack:3811]
7f7bf82b1000-7f7bf82b2000 ---p 00000000 00:00 0 
7f7bf82b2000-7f7bf9000000 rw-p 00000000 00:00 0                          [stack:3810]
7f7bf9000000-7f7bf9bd0000 rwxp 00000000 00:00 0 
7f7bf9bd0000-7f7c08000000 ---p 00000000 00:00 0 
7f7c08000000-7f7c0a330000 rw-p 00000000 00:00 0 
7f7c0a330000-7f7c0c000000 ---p 00000000 00:00 0 
7f7c0c000000-7f7c0c001000 r--s 0000c000 08:03 5916912                    /home/sharmila/.gradle/caches/modules-2/files-2.1/org.hamcrest/hamcrest-library/1.3/4785a3c21320980282f9f33d0d1264a69040538f/hamcrest-library-1.3.jar
7f7c0c001000-7f7c0c002000 r--s 00000000 08:03 5923891                    /home/sharmila/.gradle/caches/modules-2/files-2.1/org.springframework.boot/spring-boot-starter-jdbc/1.4.3.RELEASE/7ce66cf27ea731189248be7af2ab84ba189e1151/spring-boot-starter-jdbc-1.4.3.RELEASE.jar
7f7c0c002000-7f7c0c007000 r--s 00036000 08:03 5917541                    /home/sharmila/.gradle/caches/modules-2/files-2.1/org.apache.tomcat.embed/tomcat-embed-el/8.5.6/a102298d8dc72f4065533d5962953d753b172602/tomcat-embed-el-8.5.6.jar
7f7c0c007000-7f7c0c00c000 r--s 00309000 08:03 5923826                    /home/sharmila/.gradle/caches/modules-2/files-2.1/org.xerial/sqlite-jdbc/3.7.2/7a3d67f00508d3881650579f7f228c61bfc1b196/sqlite-jdbc-3.7.2.jar
7f7c0c00c000-7f7c0c015000 r--s 00095000 08:03 5913393                    /home/sharmila/.gradle/caches/modules-2/files-2.1/org.apache.tomcat.embed/tomcat-embed-jasper/9.0.0.M11/e2cd5a7038094195c3163532e01daf051d9265fe/tomcat-embed-jasper-9.0.0.M11.jar
7f7c0c015000-7f7c0c01d000 r--s 00046000 08:03 2759763                    /home/sharmila/Downloads/sts 3.6.4/sts-bundle/sts-3.6.4.RELEASE/plugins/org.testng.eclipse_6.10.0.201612030230/lib/testng-remote.jar
7f7c0c01d000-7f7c0c383000 rw-p 00000000 00:00 0 
7f7c0c383000-7f7c0c55c000 r--s 03d3e000 08:03 3569606                    /usr/lib/jvm/java-8-oracle/jre/lib/rt.jar
7f7c0c55c000-7f7c0cfb5000 rw-p 00000000 00:00 0 
7f7c0cfb5000-7f7c0cfb6000 ---p 00000000 00:00 0 
7f7c0cfb6000-7f7c0d0b6000 rw-p 00000000 00:00 0                          [stack:3809]
7f7c0d0b6000-7f7c0d0b7000 ---p 00000000 00:00 0 
7f7c0d0b7000-7f7c0d1b7000 rw-p 00000000 00:00 0                          [stack:3808]
7f7c0d1b7000-7f7c0d1b8000 ---p 00000000 00:00 0 
7f7c0d1b8000-7f7c0d2b8000 rw-p 00000000 00:00 0                          [stack:3807]
7f7c0d2b8000-7f7c0d2b9000 ---p 00000000 00:00 0 
7f7c0d2b9000-7f7c0d3dc000 rw-p 00000000 00:00 0                          [stack:3806]
7f7c0d3dc000-7f7c0d4fb000 ---p 00000000 00:00 0 
7f7c0d4fb000-7f7c0d51e000 rw-p 00000000 00:00 0 
7f7c0d51e000-7f7c0d63d000 ---p 00000000 00:00 0 
7f7c0d63d000-7f7c0d6ad000 rw-p 00000000 00:00 0 
7f7c0d6ad000-7f7c0d6de000 ---p 00000000 00:00 0 
7f7c0d6de000-7f7c0d70f000 rw-p 00000000 00:00 0 
7f7c0d70f000-7f7c0da9f000 ---p 00000000 00:00 0 
7f7c0da9f000-7f7c0dab9000 r-xp 00000000 08:03 4870864                    /usr/lib/jvm/java-8-oracle/jre/lib/amd64/libzip.so
7f7c0dab9000-7f7c0dcb9000 ---p 0001a000 08:03 4870864                    /usr/lib/jvm/java-8-oracle/jre/lib/amd64/libzip.so
7f7c0dcb9000-7f7c0dcba000 rw-p 0001a000 08:03 4870864                    /usr/lib/jvm/java-8-oracle/jre/lib/amd64/libzip.so
7f7c0dcba000-7f7c0dcc4000 r-xp 00000000 08:03 4070135                    /lib/x86_64-linux-gnu/libnss_files-2.19.so
7f7c0dcc4000-7f7c0dec3000 ---p 0000a000 08:03 4070135                    /lib/x86_64-linux-gnu/libnss_files-2.19.so
7f7c0dec3000-7f7c0dec4000 r--p 00009000 08:03 4070135                    /lib/x86_64-linux-gnu/libnss_files-2.19.so
7f7c0dec4000-7f7c0dec5000 rw-p 0000a000 08:03 4070135                    /lib/x86_64-linux-gnu/libnss_files-2.19.so
7f7c0dec5000-7f7c0ded0000 r-xp 00000000 08:03 4070127                    /lib/x86_64-linux-gnu/libnss_nis-2.19.so
7f7c0ded0000-7f7c0e0cf000 ---p 0000b000 08:03 4070127                    /lib/x86_64-linux-gnu/libnss_nis-2.19.so
7f7c0e0cf000-7f7c0e0d0000 r--p 0000a000 08:03 4070127                    /lib/x86_64-linux-gnu/libnss_nis-2.19.so
7f7c0e0d0000-7f7c0e0d1000 rw-p 0000b000 08:03 4070127                    /lib/x86_64-linux-gnu/libnss_nis-2.19.so
7f7c0e0d1000-7f7c0e0e8000 r-xp 00000000 08:03 4070123                    /lib/x86_64-linux-gnu/libnsl-2.19.so
7f7c0e0e8000-7f7c0e2e7000 ---p 00017000 08:03 4070123                    /lib/x86_64-linux-gnu/libnsl-2.19.so
7f7c0e2e7000-7f7c0e2e8000 r--p 00016000 08:03 4070123                    /lib/x86_64-linux-gnu/libnsl-2.19.so
7f7c0e2e8000-7f7c0e2e9000 rw-p 00017000 08:03 4070123                    /lib/x86_64-linux-gnu/libnsl-2.19.so
7f7c0e2e9000-7f7c0e2eb000 rw-p 00000000 00:00 0 
7f7c0e2eb000-7f7c0e2f4000 r-xp 00000000 08:03 4070122                    /lib/x86_64-linux-gnu/libnss_compat-2.19.so
7f7c0e2f4000-7f7c0e4f3000 ---p 00009000 08:03 4070122                    /lib/x86_64-linux-gnu/libnss_compat-2.19.so
7f7c0e4f3000-7f7c0e4f4000 r--p 00008000 08:03 4070122                    /lib/x86_64-linux-gnu/libnss_compat-2.19.so
7f7c0e4f4000-7f7c0e4f5000 rw-p 00009000 08:03 4070122                    /lib/x86_64-linux-gnu/libnss_compat-2.19.so
7f7c0e4f5000-7f7c0e520000 r-xp 00000000 08:03 4870782                    /usr/lib/jvm/java-8-oracle/jre/lib/amd64/libjava.so
7f7c0e520000-7f7c0e71f000 ---p 0002b000 08:03 4870782                    /usr/lib/jvm/java-8-oracle/jre/lib/amd64/libjava.so
7f7c0e71f000-7f7c0e721000 rw-p 0002a000 08:03 4870782                    /usr/lib/jvm/java-8-oracle/jre/lib/amd64/libjava.so
7f7c0e721000-7f7c0e72e000 r-xp 00000000 08:03 4870821                    /usr/lib/jvm/java-8-oracle/jre/lib/amd64/libverify.so
7f7c0e72e000-7f7c0e92d000 ---p 0000d000 08:03 4870821                    /usr/lib/jvm/java-8-oracle/jre/lib/amd64/libverify.so
7f7c0e92d000-7f7c0e92f000 rw-p 0000c000 08:03 4870821                    /usr/lib/jvm/java-8-oracle/jre/lib/amd64/libverify.so
7f7c0e92f000-7f7c0e936000 r-xp 00000000 08:03 4070131                    /lib/x86_64-linux-gnu/librt-2.19.so
7f7c0e936000-7f7c0eb35000 ---p 00007000 08:03 4070131                    /lib/x86_64-linux-gnu/librt-2.19.so
7f7c0eb35000-7f7c0eb36000 r--p 00006000 08:03 4070131                    /lib/x86_64-linux-gnu/librt-2.19.so
7f7c0eb36000-7f7c0eb37000 rw-p 00007000 08:03 4070131                    /lib/x86_64-linux-gnu/librt-2.19.so
7f7c0eb37000-7f7c0ec3c000 r-xp 00000000 08:03 4070117                    /lib/x86_64-linux-gnu/libm-2.19.so
7f7c0ec3c000-7f7c0ee3b000 ---p 00105000 08:03 4070117                    /lib/x86_64-linux-gnu/libm-2.19.so
7f7c0ee3b000-7f7c0ee3c000 r--p 00104000 08:03 4070117                    /lib/x86_64-linux-gnu/libm-2.19.so
7f7c0ee3c000-7f7c0ee3d000 rw-p 00105000 08:03 4070117                    /lib/x86_64-linux-gnu/libm-2.19.so
7f7c0ee3d000-7f7c0fb0b000 r-xp 00000000 08:03 5260205                    /usr/lib/jvm/java-8-oracle/jre/lib/amd64/server/libjvm.so
7f7c0fb0b000-7f7c0fd0b000 ---p 00cce000 08:03 5260205                    /usr/lib/jvm/java-8-oracle/jre/lib/amd64/server/libjvm.so
7f7c0fd0b000-7f7c0fde4000 rw-p 00cce000 08:03 5260205                    /usr/lib/jvm/java-8-oracle/jre/lib/amd64/server/libjvm.so
7f7c0fde4000-7f7c0fe2f000 rw-p 00000000 00:00 0 
7f7c0fe2f000-7f7c0ffe9000 r-xp 00000000 08:03 4070132                    /lib/x86_64-linux-gnu/libc-2.19.so
7f7c0ffe9000-7f7c101e9000 ---p 001ba000 08:03 4070132                    /lib/x86_64-linux-gnu/libc-2.19.so
7f7c101e9000-7f7c101ed000 r--p 001ba000 08:03 4070132                    /lib/x86_64-linux-gnu/libc-2.19.so
7f7c101ed000-7f7c101ef000 rw-p 001be000 08:03 4070132                    /lib/x86_64-linux-gnu/libc-2.19.so
7f7c101ef000-7f7c101f4000 rw-p 00000000 00:00 0 
7f7c101f4000-7f7c101f7000 r-xp 00000000 08:03 4070119                    /lib/x86_64-linux-gnu/libdl-2.19.so
7f7c101f7000-7f7c103f6000 ---p 00003000 08:03 4070119                    /lib/x86_64-linux-gnu/libdl-2.19.so
7f7c103f6000-7f7c103f7000 r--p 00002000 08:03 4070119                    /lib/x86_64-linux-gnu/libdl-2.19.so
7f7c103f7000-7f7c103f8000 rw-p 00003000 08:03 4070119                    /lib/x86_64-linux-gnu/libdl-2.19.so
7f7c103f8000-7f7c1040d000 r-xp 00000000 08:03 3555343                    /usr/lib/jvm/java-8-oracle/lib/amd64/jli/libjli.so
7f7c1040d000-7f7c1060d000 ---p 00015000 08:03 3555343                    /usr/lib/jvm/java-8-oracle/lib/amd64/jli/libjli.so
7f7c1060d000-7f7c1060e000 rw-p 00015000 08:03 3555343                    /usr/lib/jvm/java-8-oracle/lib/amd64/jli/libjli.so
7f7c1060e000-7f7c10627000 r-xp 00000000 08:03 4070124                    /lib/x86_64-linux-gnu/libpthread-2.19.so
7f7c10627000-7f7c10826000 ---p 00019000 08:03 4070124                    /lib/x86_64-linux-gnu/libpthread-2.19.so
7f7c10826000-7f7c10827000 r--p 00018000 08:03 4070124                    /lib/x86_64-linux-gnu/libpthread-2.19.so
7f7c10827000-7f7c10828000 rw-p 00019000 08:03 4070124                    /lib/x86_64-linux-gnu/libpthread-2.19.so
7f7c10828000-7f7c1082c000 rw-p 00000000 00:00 0 
7f7c1082c000-7f7c1084f000 r-xp 00000000 08:03 4070125                    /lib/x86_64-linux-gnu/ld-2.19.so
7f7c1084f000-7f7c10850000 r--s 00000000 08:03 5923890                    /home/sharmila/.gradle/caches/modules-2/files-2.1/org.springframework.boot/spring-boot-starter-aop/1.4.3.RELEASE/30b11b6455bed446d3b4a1a49fab529b2cfac454/spring-boot-starter-aop-1.4.3.RELEASE.jar
7f7c10850000-7f7c10852000 r--s 0000f000 08:03 5916917                    /home/sharmila/.gradle/caches/modules-2/files-2.1/org.jboss.logging/jboss-logging/3.3.0.Final/3616bb87707910296e2c195dc016287080bba5af/jboss-logging-3.3.0.Final.jar
7f7c10852000-7f7c10853000 r--s 00000000 08:03 5923568                    /home/sharmila/.gradle/caches/modules-2/files-2.1/org.springframework.boot/spring-boot-starter-tomcat/1.4.3.RELEASE/61c48035a7a3b06b42fdd07b7109e562077b3792/spring-boot-starter-tomcat-1.4.3.RELEASE.jar
7f7c10853000-7f7c10925000 rw-p 00000000 00:00 0 
7f7c10925000-7f7c10928000 ---p 00000000 00:00 0 
7f7c10928000-7f7c10a2a000 rw-p 00000000 00:00 0                          [stack:3805]
7f7c10a2a000-7f7c10a2b000 r--s 00000000 08:03 5923567                    /home/sharmila/.gradle/caches/modules-2/files-2.1/org.springframework.boot/spring-boot-starter/1.4.3.RELEASE/c99bad104719e947b3f9aa2b7569583805e4c5d5/spring-boot-starter-1.4.3.RELEASE.jar
7f7c10a2b000-7f7c10a2c000 r--s 00000000 08:03 5923566                    /home/sharmila/.gradle/caches/modules-2/files-2.1/org.springframework.boot/spring-boot-starter-test/1.4.3.RELEASE/6e9f1dbd3f68299c0183630ef07ca430de160050/spring-boot-starter-test-1.4.3.RELEASE.jar
7f7c10a2c000-7f7c10a2d000 r--s 00000000 08:03 5923889                    /home/sharmila/.gradle/caches/modules-2/files-2.1/org.springframework.boot/spring-boot-starter-data-jpa/1.4.3.RELEASE/ffda06c2144d10239014407333c223a237b73ad7/spring-boot-starter-data-jpa-1.4.3.RELEASE.jar
7f7c10a2d000-7f7c10a2e000 r--s 00003000 08:03 5923431                    /home/sharmila/.gradle/caches/modules-2/files-2.1/org.hibernate/hibernate-gradle-plugin/5.2.3.Final/db2ad8695e48a03a566b74fb5fc07c1732c1f5e5/hibernate-gradle-plugin-5.2.3.Final.jar
7f7c10a2e000-7f7c10a2f000 r--s 00000000 08:03 5923565                    /home/sharmila/.gradle/caches/modules-2/files-2.1/org.springframework.boot/spring-boot-starter-web/1.4.3.RELEASE/a0dcc919eda8e8ecb6f13f52a30e6afbb8266103/spring-boot-starter-web-1.4.3.RELEASE.jar
7f7c10a2f000-7f7c10a42000 rw-p 00000000 00:00 0 
7f7c10a42000-7f7c10a4a000 rw-s 00000000 08:03 545610                     /tmp/hsperfdata_sharmila/3799
7f7c10a4a000-7f7c10a4b000 rw-p 00000000 00:00 0 
7f7c10a4b000-7f7c10a4c000 r--p 00000000 00:00 0 
7f7c10a4c000-7f7c10a4e000 rw-p 00000000 00:00 0 
7f7c10a4e000-7f7c10a4f000 r--p 00022000 08:03 4070125                    /lib/x86_64-linux-gnu/ld-2.19.so
7f7c10a4f000-7f7c10a50000 rw-p 00023000 08:03 4070125                    /lib/x86_64-linux-gnu/ld-2.19.so
7f7c10a50000-7f7c10a51000 rw-p 00000000 00:00 0 
7fff6f087000-7fff6f0ab000 rw-p 00000000 00:00 0                          [stack]
7fff6f1da000-7fff6f1dc000 r-xp 00000000 00:00 0                          [vdso]
ffffffffff600000-ffffffffff601000 r-xp 00000000 00:00 0                  [vsyscall]

VM Arguments:
jvm_args: -ea -Dfile.encoding=UTF-8 
java_command: org.testng.remote.RemoteTestNG -serport 34306 -protocol json -d /home/sharmila/Documents/work-office/TestNG_Project/test-output /tmp/testng-eclipse--303248995/testng-customsuite.xml
java_class_path (initial): /home/sharmila/Downloads/sts 3.6.4/sts-bundle/sts-3.6.4.RELEASE/plugins/org.testng.eclipse_6.10.0.201612030230/lib/testng-remote.jar:/home/sharmila/Documents/work-office/TestNG_Project/bin:/home/sharmila/.gradle/caches/modules-2/files-2.1/org.springframework.boot/spring-boot-starter-web/1.4.3.RELEASE/a0dcc919eda8e8ecb6f13f52a30e6afbb8266103/spring-boot-starter-web-1.4.3.RELEASE.jar:/home/sharmila/.gradle/caches/modules-2/files-2.1/org.apache.tomcat.embed/tomcat-embed-jasper/9.0.0.M11/e2cd5a7038094195c3163532e01daf051d9265fe/tomcat-embed-jasper-9.0.0.M11.jar:/home/sharmila/.gradle/caches/modules-2/files-2.1/org.xerial/sqlite-jdbc/3.7.2/7a3d67f00508d3881650579f7f228c61bfc1b196/sqlite-jdbc-3.7.2.jar:/home/sharmila/.gradle/caches/modules-2/files-2.1/org.hibernate/hibernate-gradle-plugin/5.2.3.Final/db2ad8695e48a03a566b74fb5fc07c1732c1f5e5/hibernate-gradle-plugin-5.2.3.Final.jar:/home/sharmila/.gradle/caches/modules-2/files-2.1/org.springframework.boot/spring-boot-starter-data-jpa/1.4.3.RELEASE/ffda06c2144d10239014407333c223a237b73ad7/spring-boot-starter-data-jpa-1.4.3.RELEASE.jar:/home/sharmila/.gradle/caches/modules-2/files-2.1/org.testng/testng/6.5.2/5069d2e72356ed87645c5fc3622b0bbb5e0667c9/testng-6.5.2.jar:/home/sharmila/.gradle/caches/modules-2/files-2.1/org.springframework.boot/spring-boot-starter-test/1.4.3.RELEASE/6e9f1dbd3f68299c0183630ef07ca430de160050/spring-boot-starter-test-1.4.3.RELEASE.jar:/home/sharmila/.gradle/caches/modules-2/files-2.1/org.springframework.boot/spring-boot-starter/1.4.3.RELEASE/c99bad104719e947b3f9aa2b7569583805e4c5d5/spring-boot-starter-1.4.3.RELEASE.jar:/home/sharmila/.gradle/caches/modules-2/files-2.1/org.springframework.boot/spring-boot-starter-tomcat/1.4.3.RELEASE/61c48035a7a3b06b42fdd07b7109e562077b3792/spring-boot-starter-tomcat-1.4.3.RELEASE.jar:/home/sharmila/.gradle/caches/modules-2/files-2.1/org.hibernate/hibernate-validator/5.2.4.Final/fb18766b576aa6632bcfe9a20a023cbd52bf9769/hibernate-validator-5
Launcher Type: SUN_STANDARD

Environment Variables:
JAVA_HOME=/usr/lib/jvm/java-8-oracle
PATH=/usr/local/sbin:/usr/local/bin:/usr/sbin:/usr/bin:/sbin:/bin:/usr/games:/usr/local/games:/usr/lib/jvm/java-8-oracle/bin:/usr/lib/jvm/java-8-oracle/db/bin:/usr/lib/jvm/java-8-oracle/jre/bin
SHELL=/bin/bash
DISPLAY=:0.0

Signal Handlers:
SIGSEGV: [libjvm.so+0xac78c0], sa_mask[0]=11111111011111111101111111111110, sa_flags=SA_RESTART|SA_SIGINFO
SIGBUS: [libjvm.so+0xac78c0], sa_mask[0]=11111111011111111101111111111110, sa_flags=SA_RESTART|SA_SIGINFO
SIGFPE: [libjvm.so+0x920ac0], sa_mask[0]=11111111011111111101111111111110, sa_flags=SA_RESTART|SA_SIGINFO
SIGPIPE: [libjvm.so+0x920ac0], sa_mask[0]=11111111011111111101111111111110, sa_flags=SA_RESTART|SA_SIGINFO
SIGXFSZ: [libjvm.so+0x920ac0], sa_mask[0]=11111111011111111101111111111110, sa_flags=SA_RESTART|SA_SIGINFO
SIGILL: [libjvm.so+0x920ac0], sa_mask[0]=11111111011111111101111111111110, sa_flags=SA_RESTART|SA_SIGINFO
SIGUSR1: SIG_DFL, sa_mask[0]=00000000000000000000000000000000, sa_flags=none
SIGUSR2: [libjvm.so+0x922300], sa_mask[0]=00100000000000000000000000000000, sa_flags=SA_RESTART|SA_SIGINFO
SIGHUP: [libjvm.so+0x923700], sa_mask[0]=11111111011111111101111111111110, sa_flags=SA_RESTART|SA_SIGINFO
SIGINT: [libjvm.so+0x923700], sa_mask[0]=11111111011111111101111111111110, sa_flags=SA_RESTART|SA_SIGINFO
SIGTERM: [libjvm.so+0x923700], sa_mask[0]=11111111011111111101111111111110, sa_flags=SA_RESTART|SA_SIGINFO
SIGQUIT: [libjvm.so+0x923700], sa_mask[0]=11111111011111111101111111111110, sa_flags=SA_RESTART|SA_SIGINFO


---------------  S Y S T E M  ---------------

OS:DISTRIB_ID=Ubuntu
DISTRIB_RELEASE=14.04
DISTRIB_CODENAME=trusty
DISTRIB_DESCRIPTION="Ubuntu 14.04.5 LTS"

uname:Linux 3.13.0-107-generic #154-Ubuntu SMP Tue Dec 20 09:57:27 UTC 2016 x86_64
libc:glibc 2.19 NPTL 2.19 
rlimit: STACK 8192k, CORE 0k, NPROC 30712, NOFILE 4096, AS infinity
load average:2.01 1.42 0.72

/proc/meminfo:
MemTotal:        3953548 kB
MemFree:          131840 kB
Buffers:           35624 kB
Cached:           934624 kB
SwapCached:           24 kB
Active:          2486468 kB
Inactive:        1106388 kB
Active(anon):    2194624 kB
Inactive(anon):   815260 kB
Active(file):     291844 kB
Inactive(file):   291128 kB
Unevictable:         208 kB
Mlocked:             208 kB
SwapTotal:       7999484 kB
SwapFree:        7999088 kB
Dirty:              4168 kB
Writeback:             0 kB
AnonPages:       2622644 kB
Mapped:           456276 kB
Shmem:            387276 kB
Slab:             107832 kB
SReclaimable:      70496 kB
SUnreclaim:        37336 kB
KernelStack:        5488 kB
PageTables:        47388 kB
NFS_Unstable:          0 kB
Bounce:                0 kB
WritebackTmp:          0 kB
CommitLimit:     9976256 kB
Committed_AS:    7567184 kB
VmallocTotal:   34359738367 kB
VmallocUsed:      400960 kB
VmallocChunk:   34359326204 kB
HardwareCorrupted:     0 kB
AnonHugePages:    819200 kB
HugePages_Total:       0
HugePages_Free:        0
HugePages_Rsvd:        0
HugePages_Surp:        0
Hugepagesize:       2048 kB
DirectMap4k:       82092 kB
DirectMap2M:     2969600 kB
DirectMap1G:     1048576 kB


CPU:total 4 (2 cores per cpu, 2 threads per core) family 6 model 69 stepping 1, cmov, cx8, fxsr, mmx, sse, sse2, sse3, ssse3, sse4.1, sse4.2, popcnt, avx, avx2, aes, clmul, erms, lzcnt, ht, tsc, tscinvbit, bmi1, bmi2

/proc/cpuinfo:
processor	: 0
vendor_id	: GenuineIntel
cpu family	: 6
model		: 69
model name	: Intel(R) Core(TM) i5-4200U CPU @ 1.60GHz
stepping	: 1
microcode	: 0x17
cpu MHz		: 1600.000
cache size	: 3072 KB
physical id	: 0
siblings	: 4
core id		: 0
cpu cores	: 2
apicid		: 0
initial apicid	: 0
fpu		: yes
fpu_exception	: yes
cpuid level	: 13
wp		: yes
flags		: fpu vme de pse tsc msr pae mce cx8 apic sep mtrr pge mca cmov pat pse36 clflush dts acpi mmx fxsr sse sse2 ss ht tm pbe syscall nx pdpe1gb rdtscp lm constant_tsc arch_perfmon pebs bts rep_good nopl xtopology nonstop_tsc aperfmperf eagerfpu pni pclmulqdq dtes64 monitor ds_cpl vmx est tm2 ssse3 fma cx16 xtpr pdcm pcid sse4_1 sse4_2 movbe popcnt tsc_deadline_timer aes xsave avx f16c rdrand lahf_lm abm ida arat epb xsaveopt pln pts dtherm tpr_shadow vnmi flexpriority ept vpid fsgsbase tsc_adjust bmi1 avx2 smep bmi2 erms invpcid
bogomips	: 4589.43
clflush size	: 64
cache_alignment	: 64
address sizes	: 39 bits physical, 48 bits virtual
power management:

processor	: 1
vendor_id	: GenuineIntel
cpu family	: 6
model		: 69
model name	: Intel(R) Core(TM) i5-4200U CPU @ 1.60GHz
stepping	: 1
microcode	: 0x17
cpu MHz		: 1600.000
cache size	: 3072 KB
physical id	: 0
siblings	: 4
core id		: 0
cpu cores	: 2
apicid		: 1
initial apicid	: 1
fpu		: yes
fpu_exception	: yes
cpuid level	: 13
wp		: yes
flags		: fpu vme de pse tsc msr pae mce cx8 apic sep mtrr pge mca cmov pat pse36 clflush dts acpi mmx fxsr sse sse2 ss ht tm pbe syscall nx pdpe1gb rdtscp lm constant_tsc arch_perfmon pebs bts rep_good nopl xtopology nonstop_tsc aperfmperf eagerfpu pni pclmulqdq dtes64 monitor ds_cpl vmx est tm2 ssse3 fma cx16 xtpr pdcm pcid sse4_1 sse4_2 movbe popcnt tsc_deadline_timer aes xsave avx f16c rdrand lahf_lm abm ida arat epb xsaveopt pln pts dtherm tpr_shadow vnmi flexpriority ept vpid fsgsbase tsc_adjust bmi1 avx2 smep bmi2 erms invpcid
bogomips	: 4589.43
clflush size	: 64
cache_alignment	: 64
address sizes	: 39 bits physical, 48 bits virtual
power management:

processor	: 2
vendor_id	: GenuineIntel
cpu family	: 6
model		: 69
model name	: Intel(R) Core(TM) i5-4200U CPU @ 1.60GHz
stepping	: 1
microcode	: 0x17
cpu MHz		: 1600.000
cache size	: 3072 KB
physical id	: 0
siblings	: 4
core id		: 1
cpu cores	: 2
apicid		: 2
initial apicid	: 2
fpu		: yes
fpu_exception	: yes
cpuid level	: 13
wp		: yes
flags		: fpu vme de pse tsc msr pae mce cx8 apic sep mtrr pge mca cmov pat pse36 clflush dts acpi mmx fxsr sse sse2 ss ht tm pbe syscall nx pdpe1gb rdtscp lm constant_tsc arch_perfmon pebs bts rep_good nopl xtopology nonstop_tsc aperfmperf eagerfpu pni pclmulqdq dtes64 monitor ds_cpl vmx est tm2 ssse3 fma cx16 xtpr pdcm pcid sse4_1 sse4_2 movbe popcnt tsc_deadline_timer aes xsave avx f16c rdrand lahf_lm abm ida arat epb xsaveopt pln pts dtherm tpr_shadow vnmi flexpriority ept vpid fsgsbase tsc_adjust bmi1 avx2 smep bmi2 erms invpcid
bogomips	: 4589.43
clflush size	: 64
cache_alignment	: 64
address sizes	: 39 bits physical, 48 bits virtual
power management:

processor	: 3
vendor_id	: GenuineIntel
cpu family	: 6
model		: 69
model name	: Intel(R) Core(TM) i5-4200U CPU @ 1.60GHz
stepping	: 1
microcode	: 0x17
cpu MHz		: 1600.000
cache size	: 3072 KB
physical id	: 0
siblings	: 4
core id		: 1
cpu cores	: 2
apicid		: 3
initial apicid	: 3
fpu		: yes
fpu_exception	: yes
cpuid level	: 13
wp		: yes
flags		: fpu vme de pse tsc msr pae mce cx8 apic sep mtrr pge mca cmov pat pse36 clflush dts acpi mmx fxsr sse sse2 ss ht tm pbe syscall nx pdpe1gb rdtscp lm constant_tsc arch_perfmon pebs bts rep_good nopl xtopology nonstop_tsc aperfmperf eagerfpu pni pclmulqdq dtes64 monitor ds_cpl vmx est tm2 ssse3 fma cx16 xtpr pdcm pcid sse4_1 sse4_2 movbe popcnt tsc_deadline_timer aes xsave avx f16c rdrand lahf_lm abm ida arat epb xsaveopt pln pts dtherm tpr_shadow vnmi flexpriority ept vpid fsgsbase tsc_adjust bmi1 avx2 smep bmi2 erms invpcid
bogomips	: 4589.43
clflush size	: 64
cache_alignment	: 64
address sizes	: 39 bits physical, 48 bits virtual
power management:



Memory: 4k page, physical 3953548k(131840k free), swap 7999484k(7999088k free)

vm_info: Java HotSpot(TM) 64-Bit Server VM (25.121-b13) for linux-amd64 JRE (1.8.0_121-b13), built on Dec 12 2016 16:36:53 by "java_re" with gcc 4.3.0 20080428 (Red Hat 4.3.0-8)

time: Mon Jan 23 16:08:51 2017
elapsed time: 8 seconds (0d 0h 0m 8s)

