#
# A fatal error has been detected by the Java Runtime Environment:
#
#  SIGSEGV (0xb) at pc=0x00007f155c976118, pid=3818, tid=0x00007f155de7c700
#
# JRE version: Java(TM) SE Runtime Environment (8.0_121-b13) (build 1.8.0_121-b13)
# Java VM: Java HotSpot(TM) 64-Bit Server VM (25.121-b13 mixed mode linux-amd64 compressed oops)
# Problematic frame:
# V  [libjvm.so+0x6e2118]  jni_GetStringUTFChars+0xb8
#
# Failed to write core dump. Core dumps have been disabled. To enable core dumping, try "ulimit -c unlimited" before starting Java again
#
# If you would like to submit a bug report, please visit:
#   http://bugreport.java.com/bugreport/crash.jsp
#

---------------  T H R E A D  ---------------

Current thread (0x00007f1554010000):  JavaThread "main" [_thread_in_vm, id=3824, stack(0x00007f155dd7c000,0x00007f155de7d000)]

siginfo: si_signo: 11 (SIGSEGV), si_code: 1 (SEGV_MAPERR), si_addr: 0x0000000000000000

Registers:
RAX=0x00007f155d24b550, RBX=0x0000000000000000, RCX=0x00000000f9077e08, RDX=0x00007f155d2599e0
RSP=0x00007f155de76a60, RBP=0x00007f155de76b00, RSI=0x00007f1554010000, RDI=0x00007f155de76aa0
R8 =0x00007f1545012c80, R9 =0x00000000f9077e08, R10=0x000000000000016c, R11=0x00007f155d2599e8
R12=0x00007f1554010000, R13=0x0000000000000000, R14=0x00007f155de76bd8, R15=0x00007f155de76aa0
RIP=0x00007f155c976118, EFLAGS=0x0000000000010246, CSGSFS=0x0000000000000033, ERR=0x0000000000000004
  TRAPNO=0x000000000000000e

Top of Stack: (sp=0x00007f155de76a60)
0x00007f155de76a60:   00007f155de76b28 0000000000000000
0x00007f155de76a70:   00007f154510fcc0 00007f155d25b800
0x00007f155de76a80:   00007f155de770f8 00007f1545012c80
0x00007f155de76a90:   00000000ee311720 0000000050200030
0x00007f155de76aa0:   00007f1554010000 0000000000000000
0x00007f155de76ab0:   00007f1544800480 00007f15450082bd
0x00007f155de76ac0:   00007f1554010000 00000000ee311720
0x00007f155de76ad0:   00007f155de76b70 00007f15306b5a80
0x00007f155de76ae0:   00007f1554d9e8d8 0000000000000000
0x00007f155de76af0:   00007f155de76bd8 00007f1554010000
0x00007f155de76b00:   00007f15540101f8 00007f14f3d852b0
0x00007f155de76b10:   00007f155de76b70 00007f15450082bd
0x00007f155de76b20:   00007f15306b5a80 00007f155de76bb0
0x00007f155de76b30:   0000000000000000 00007f15306b5a78
0x00007f155de76b40:   00007f155de76bd8 00007f15450184cf
0x00007f155de76b50:   0000000000000000 00007f15301e3ed0
0x00007f155de76b60:   0000000000000000 00000000f9077e08
0x00007f155de76b70:   00007f155de76b60 0000000000000000
0x00007f155de76b80:   00007f155de76bd8 00007f15301dafb0
0x00007f155de76b90:   0000000000000000 00007f15306b5a80
0x00007f155de76ba0:   0000000000000000 00007f155de76bd0
0x00007f155de76bb0:   00007f155de76c38 00007f1545007dd0
0x00007f155de76bc0:   0000000000000000 00007f1545011537
0x00007f155de76bd0:   0000000000000000 00000000f9077e08
0x00007f155de76be0:   00000000ee3116c0 00000000ee311720
0x00007f155de76bf0:   00000000f9077e08 00007f155de76be8
0x00007f155de76c00:   00007f15301d7f6d 00007f155de76c50
0x00007f155de76c10:   00007f15301da800 0000000000000000
0x00007f155de76c20:   00007f15301d7fb8 00007f155de76bd0
0x00007f155de76c30:   00007f155de76c48 00007f155de76c98
0x00007f155de76c40:   00007f15450082bd 00000000ee3116c0
0x00007f155de76c50:   00000000f9077e08 00007f155de76c58 

Instructions: (pc=0x00007f155c976118)
0x00007f155c9760f8:   84 24 70 02 00 00 06 00 00 00 4c 89 e6 4c 89 65
0x00007f155c976108:   c0 4c 89 ff e8 1f 01 01 00 48 8b 05 18 d0 88 00
0x00007f155c976118:   4c 8b 2b 8b 10 48 8b 05 44 fc 88 00 80 38 00 0f
0x00007f155c976128:   84 2b 01 00 00 48 63 c2 41 8b 54 05 00 85 d2 0f 

Register to memory mapping:

RAX=0x00007f155d24b550: <offset 0xfb7550> in /usr/lib/jvm/java-8-oracle/jre/lib/amd64/server/libjvm.so at 0x00007f155c294000
RBX=0x0000000000000000 is an unknown value
RCX=0x00000000f9077e08 is an oop
org.sqlite.NativeDB 
 - klass: 'org/sqlite/NativeDB'
RDX=0x00007f155d2599e0: <offset 0xfc59e0> in /usr/lib/jvm/java-8-oracle/jre/lib/amd64/server/libjvm.so at 0x00007f155c294000
RSP=0x00007f155de76a60 is pointing into the stack for thread: 0x00007f1554010000
RBP=0x00007f155de76b00 is pointing into the stack for thread: 0x00007f1554010000
RSI=0x00007f1554010000 is a thread
RDI=0x00007f155de76aa0 is pointing into the stack for thread: 0x00007f1554010000
R8 =0x00007f1545012c80 is at code_begin+0 in an Interpreter codelet
method entry point (kind = zerolocals)  [0x00007f1545012c80, 0x00007f1545013100]  1152 bytes
R9 =0x00000000f9077e08 is an oop
org.sqlite.NativeDB 
 - klass: 'org/sqlite/NativeDB'
R10=0x000000000000016c is an unknown value
R11=0x00007f155d2599e8: <offset 0xfc59e8> in /usr/lib/jvm/java-8-oracle/jre/lib/amd64/server/libjvm.so at 0x00007f155c294000
R12=0x00007f1554010000 is a thread
R13=0x0000000000000000 is an unknown value
R14=0x00007f155de76bd8 is pointing into the stack for thread: 0x00007f1554010000
R15=0x00007f155de76aa0 is pointing into the stack for thread: 0x00007f1554010000


Stack: [0x00007f155dd7c000,0x00007f155de7d000],  sp=0x00007f155de76a60,  free space=1002k
Native frames: (J=compiled Java code, j=interpreted, Vv=VM code, C=native code)
V  [libjvm.so+0x6e2118]  jni_GetStringUTFChars+0xb8
C  [sqlite-3.7.2-libsqlitejdbc.so+0xd2b0]  Java_org_sqlite_NativeDB_prepare+0x2f

Java frames: (J=compiled Java code, j=interpreted, Vv=VM code)
j  org.sqlite.NativeDB.prepare(Ljava/lang/String;)J+0
j  org.sqlite.DB.prepare(Lorg/sqlite/Stmt;)V+21
j  org.sqlite.PrepStmt.<init>(Lorg/sqlite/Conn;Ljava/lang/String;)V+15
j  org.sqlite.Conn.prepareStatement(Ljava/lang/String;III)Ljava/sql/PreparedStatement;+14
j  org.sqlite.Conn.prepareStatement(Ljava/lang/String;II)Ljava/sql/PreparedStatement;+5
j  org.sqlite.Conn.prepareStatement(Ljava/lang/String;)Ljava/sql/PreparedStatement;+8
v  ~StubRoutines::call_stub
J 1205  sun.reflect.NativeMethodAccessorImpl.invoke0(Ljava/lang/reflect/Method;Ljava/lang/Object;[Ljava/lang/Object;)Ljava/lang/Object; (0 bytes) @ 0x00007f15454241b7 [0x00007f1545424140+0x77]
J 1203 C1 sun.reflect.NativeMethodAccessorImpl.invoke(Ljava/lang/Object;[Ljava/lang/Object;)Ljava/lang/Object; (104 bytes) @ 0x00007f1545425b0c [0x00007f1545424980+0x118c]
J 1128 C1 sun.reflect.DelegatingMethodAccessorImpl.invoke(Ljava/lang/Object;[Ljava/lang/Object;)Ljava/lang/Object; (10 bytes) @ 0x00007f15453f6204 [0x00007f15453f6100+0x104]
J 1196 C1 java.lang.reflect.Method.invoke(Ljava/lang/Object;[Ljava/lang/Object;)Ljava/lang/Object; (62 bytes) @ 0x00007f1545420d8c [0x00007f15454209a0+0x3ec]
j  org.apache.tomcat.jdbc.pool.ProxyConnection.invoke(Ljava/lang/Object;Ljava/lang/reflect/Method;[Ljava/lang/Object;)Ljava/lang/Object;+237
j  org.apache.tomcat.jdbc.pool.JdbcInterceptor.invoke(Ljava/lang/Object;Ljava/lang/reflect/Method;[Ljava/lang/Object;)Ljava/lang/Object;+14
j  org.apache.tomcat.jdbc.pool.DisposableConnectionFacade.invoke(Ljava/lang/Object;Ljava/lang/reflect/Method;[Ljava/lang/Object;)Ljava/lang/Object;+93
j  com.sun.proxy.$Proxy81.prepareStatement(Ljava/lang/String;)Ljava/sql/PreparedStatement;+16
j  org.hibernate.engine.jdbc.internal.StatementPreparerImpl$1.doPrepare()Ljava/sql/PreparedStatement;+37
j  org.hibernate.engine.jdbc.internal.StatementPreparerImpl$StatementPreparationTemplate.prepareStatement()Ljava/sql/PreparedStatement;+45
j  org.hibernate.engine.jdbc.internal.StatementPreparerImpl.prepareStatement(Ljava/lang/String;)Ljava/sql/PreparedStatement;+6
j  org.hibernate.id.SequenceGenerator.generateHolder(Lorg/hibernate/engine/spi/SessionImplementor;)Lorg/hibernate/id/IntegralDataTypeHolder;+15
j  org.hibernate.id.SequenceHiLoGenerator$1.getNextValue()Lorg/hibernate/id/IntegralDataTypeHolder;+8
j  org.hibernate.id.enhanced.LegacyHiLoAlgorithmOptimizer.generate(Lorg/hibernate/id/enhanced/AccessCallback;)Ljava/io/Serializable;+25
j  org.hibernate.id.SequenceHiLoGenerator.generate(Lorg/hibernate/engine/spi/SessionImplementor;Ljava/lang/Object;)Ljava/io/Serializable;+53
j  org.hibernate.event.internal.AbstractSaveEventListener.saveWithGeneratedId(Ljava/lang/Object;Ljava/lang/String;Ljava/lang/Object;Lorg/hibernate/event/spi/EventSource;Z)Ljava/io/Serializable;+21
j  org.hibernate.jpa.event.internal.core.JpaPersistEventListener.saveWithGeneratedId(Ljava/lang/Object;Ljava/lang/String;Ljava/lang/Object;Lorg/hibernate/event/spi/EventSource;Z)Ljava/io/Serializable;+18
j  org.hibernate.event.internal.DefaultPersistEventListener.entityIsTransient(Lorg/hibernate/event/spi/PersistEvent;Ljava/util/Map;)V+55
j  org.hibernate.event.internal.DefaultPersistEventListener.onPersist(Lorg/hibernate/event/spi/PersistEvent;Ljava/util/Map;)V+324
j  org.hibernate.event.internal.DefaultPersistEventListener.onPersist(Lorg/hibernate/event/spi/PersistEvent;)V+11
j  org.hibernate.internal.SessionImpl.firePersist(Lorg/hibernate/event/spi/PersistEvent;)V+46
j  org.hibernate.internal.SessionImpl.persist(Ljava/lang/String;Ljava/lang/Object;)V+11
j  org.hibernate.internal.SessionImpl.persist(Ljava/lang/Object;)V+3
j  org.hibernate.jpa.spi.AbstractEntityManagerImpl.persist(Ljava/lang/Object;)V+9
v  ~StubRoutines::call_stub
J 1205  sun.reflect.NativeMethodAccessorImpl.invoke0(Ljava/lang/reflect/Method;Ljava/lang/Object;[Ljava/lang/Object;)Ljava/lang/Object; (0 bytes) @ 0x00007f15454241b7 [0x00007f1545424140+0x77]
J 1203 C1 sun.reflect.NativeMethodAccessorImpl.invoke(Ljava/lang/Object;[Ljava/lang/Object;)Ljava/lang/Object; (104 bytes) @ 0x00007f1545425b0c [0x00007f1545424980+0x118c]
J 1128 C1 sun.reflect.DelegatingMethodAccessorImpl.invoke(Ljava/lang/Object;[Ljava/lang/Object;)Ljava/lang/Object; (10 bytes) @ 0x00007f15453f6204 [0x00007f15453f6100+0x104]
J 1196 C1 java.lang.reflect.Method.invoke(Ljava/lang/Object;[Ljava/lang/Object;)Ljava/lang/Object; (62 bytes) @ 0x00007f1545420d8c [0x00007f15454209a0+0x3ec]
j  org.springframework.orm.jpa.SharedEntityManagerCreator$SharedEntityManagerInvocationHandler.invoke(Ljava/lang/Object;Ljava/lang/reflect/Method;[Ljava/lang/Object;)Ljava/lang/Object;+495
j  com.sun.proxy.$Proxy92.persist(Ljava/lang/Object;)V+16
j  org.springframework.data.jpa.repository.support.SimpleJpaRepository.save(Ljava/lang/Object;)Ljava/lang/Object;+18
v  ~StubRoutines::call_stub
J 1205  sun.reflect.NativeMethodAccessorImpl.invoke0(Ljava/lang/reflect/Method;Ljava/lang/Object;[Ljava/lang/Object;)Ljava/lang/Object; (0 bytes) @ 0x00007f15454241b7 [0x00007f1545424140+0x77]
J 1203 C1 sun.reflect.NativeMethodAccessorImpl.invoke(Ljava/lang/Object;[Ljava/lang/Object;)Ljava/lang/Object; (104 bytes) @ 0x00007f1545425b0c [0x00007f1545424980+0x118c]
J 1128 C1 sun.reflect.DelegatingMethodAccessorImpl.invoke(Ljava/lang/Object;[Ljava/lang/Object;)Ljava/lang/Object; (10 bytes) @ 0x00007f15453f6204 [0x00007f15453f6100+0x104]
J 1196 C1 java.lang.reflect.Method.invoke(Ljava/lang/Object;[Ljava/lang/Object;)Ljava/lang/Object; (62 bytes) @ 0x00007f1545420d8c [0x00007f15454209a0+0x3ec]
j  org.springframework.data.repository.core.support.RepositoryFactorySupport$QueryExecutorMethodInterceptor.executeMethodOn(Ljava/lang/Object;Ljava/lang/reflect/Method;[Ljava/lang/Object;)Ljava/lang/Object;+3
j  org.springframework.data.repository.core.support.RepositoryFactorySupport$QueryExecutorMethodInterceptor.doInvoke(Lorg/aopalliance/intercept/MethodInvocation;)Ljava/lang/Object;+94
j  org.springframework.data.repository.core.support.RepositoryFactorySupport$QueryExecutorMethodInterceptor.invoke(Lorg/aopalliance/intercept/MethodInvocation;)Ljava/lang/Object;+2
j  org.springframework.aop.framework.ReflectiveMethodInvocation.proceed()Ljava/lang/Object;+101
j  org.springframework.data.projection.DefaultMethodInvokingMethodInterceptor.invoke(Lorg/aopalliance/intercept/MethodInvocation;)Ljava/lang/Object;+15
j  org.springframework.aop.framework.ReflectiveMethodInvocation.proceed()Ljava/lang/Object;+101
j  org.springframework.transaction.interceptor.TransactionInterceptor$1.proceedWithInvocation()Ljava/lang/Object;+4
j  org.springframework.transaction.interceptor.TransactionAspectSupport.invokeWithinTransaction(Ljava/lang/reflect/Method;Ljava/lang/Class;Lorg/springframework/transaction/interceptor/TransactionAspectSupport$InvocationCallback;)Ljava/lang/Object;+60
j  org.springframework.transaction.interceptor.TransactionInterceptor.invoke(Lorg/aopalliance/intercept/MethodInvocation;)Ljava/lang/Object;+40
j  org.springframework.aop.framework.ReflectiveMethodInvocation.proceed()Ljava/lang/Object;+101
j  org.springframework.dao.support.PersistenceExceptionTranslationInterceptor.invoke(Lorg/aopalliance/intercept/MethodInvocation;)Ljava/lang/Object;+1
j  org.springframework.aop.framework.ReflectiveMethodInvocation.proceed()Ljava/lang/Object;+101
j  org.springframework.data.jpa.repository.support.CrudMethodMetadataPostProcessor$CrudMethodMetadataPopulatingMethodInterceptor.invoke(Lorg/aopalliance/intercept/MethodInvocation;)Ljava/lang/Object;+89
j  org.springframework.aop.framework.ReflectiveMethodInvocation.proceed()Ljava/lang/Object;+101
j  org.springframework.aop.interceptor.ExposeInvocationInterceptor.invoke(Lorg/aopalliance/intercept/MethodInvocation;)Ljava/lang/Object;+18
j  org.springframework.aop.framework.ReflectiveMethodInvocation.proceed()Ljava/lang/Object;+101
j  org.springframework.aop.framework.JdkDynamicAopProxy.invoke(Ljava/lang/Object;Ljava/lang/reflect/Method;[Ljava/lang/Object;)Ljava/lang/Object;+385
j  com.sun.proxy.$Proxy94.save(Ljava/lang/Object;)Ljava/lang/Object;+16
j  com.example.api.service.BookService.save(Lcom/example/entity/Book;)Lcom/example/entity/Book;+5
j  com.example.crudtest.CRUDTest.insertOperation()V+19
v  ~StubRoutines::call_stub
J 1205  sun.reflect.NativeMethodAccessorImpl.invoke0(Ljava/lang/reflect/Method;Ljava/lang/Object;[Ljava/lang/Object;)Ljava/lang/Object; (0 bytes) @ 0x00007f15454241b7 [0x00007f1545424140+0x77]
J 1203 C1 sun.reflect.NativeMethodAccessorImpl.invoke(Ljava/lang/Object;[Ljava/lang/Object;)Ljava/lang/Object; (104 bytes) @ 0x00007f1545425b0c [0x00007f1545424980+0x118c]
J 1128 C1 sun.reflect.DelegatingMethodAccessorImpl.invoke(Ljava/lang/Object;[Ljava/lang/Object;)Ljava/lang/Object; (10 bytes) @ 0x00007f15453f6204 [0x00007f15453f6100+0x104]
J 1196 C1 java.lang.reflect.Method.invoke(Ljava/lang/Object;[Ljava/lang/Object;)Ljava/lang/Object; (62 bytes) @ 0x00007f1545420d8c [0x00007f15454209a0+0x3ec]
j  org.testng.internal.MethodInvocationHelper.invokeMethod(Ljava/lang/reflect/Method;Ljava/lang/Object;[Ljava/lang/Object;)Ljava/lang/Object;+242
j  org.testng.internal.MethodInvocationHelper$1.runTestMethod(Lorg/testng/ITestResult;)V+12
j  org.springframework.test.context.testng.AbstractTestNGSpringContextTests.run(Lorg/testng/IHookCallBack;Lorg/testng/ITestResult;)V+2
v  ~StubRoutines::call_stub
J 1205  sun.reflect.NativeMethodAccessorImpl.invoke0(Ljava/lang/reflect/Method;Ljava/lang/Object;[Ljava/lang/Object;)Ljava/lang/Object; (0 bytes) @ 0x00007f15454241b7 [0x00007f1545424140+0x77]
J 1203 C1 sun.reflect.NativeMethodAccessorImpl.invoke(Ljava/lang/Object;[Ljava/lang/Object;)Ljava/lang/Object; (104 bytes) @ 0x00007f1545425b0c [0x00007f1545424980+0x118c]
J 1128 C1 sun.reflect.DelegatingMethodAccessorImpl.invoke(Ljava/lang/Object;[Ljava/lang/Object;)Ljava/lang/Object; (10 bytes) @ 0x00007f15453f6204 [0x00007f15453f6100+0x104]
J 1196 C1 java.lang.reflect.Method.invoke(Ljava/lang/Object;[Ljava/lang/Object;)Ljava/lang/Object; (62 bytes) @ 0x00007f1545420d8c [0x00007f15454209a0+0x3ec]
j  org.testng.internal.MethodInvocationHelper.invokeHookable(Ljava/lang/Object;[Ljava/lang/Object;Ljava/lang/Object;Ljava/lang/reflect/Method;Lorg/testng/internal/TestResult;)V+64
j  org.testng.internal.Invoker.invokeMethod([Ljava/lang/Object;ILorg/testng/ITestNGMethod;[Ljava/lang/Object;ILorg/testng/xml/XmlSuite;Ljava/util/Map;Lorg/testng/ITestClass;[Lorg/testng/ITestNGMethod;[Lorg/testng/ITestNGMethod;Lorg/testng/internal/ConfigurationGroupMethods;)Lorg/testng/ITestResult;+280
j  org.testng.internal.Invoker.invokeTestMethod([Ljava/lang/Object;Lorg/testng/ITestNGMethod;[Ljava/lang/Object;ILorg/testng/xml/XmlSuite;Ljava/util/Map;Lorg/testng/ITestClass;[Lorg/testng/ITestNGMethod;[Lorg/testng/ITestNGMethod;Lorg/testng/internal/ConfigurationGroupMethods;)Ljava/util/List;+46
j  org.testng.internal.Invoker.invokeTestMethods(Lorg/testng/ITestNGMethod;[Lorg/testng/ITestNGMethod;ILorg/testng/xml/XmlSuite;Ljava/util/Map;Lorg/testng/internal/ConfigurationGroupMethods;[Ljava/lang/Object;Lorg/testng/ITestContext;)Ljava/util/List;+705
j  org.testng.internal.TestMethodWorker.invokeTestMethods(Lorg/testng/ITestNGMethod;[Ljava/lang/Object;Lorg/testng/ITestContext;)V+32
j  org.testng.internal.TestMethodWorker.run()V+60
j  org.testng.TestRunner.privateRun(Lorg/testng/xml/XmlTest;)V+349
j  org.testng.TestRunner.run()V+26
j  org.testng.SuiteRunner.runTest(Lorg/testng/TestRunner;)V+1
j  org.testng.SuiteRunner.runSequentially()V+31
j  org.testng.SuiteRunner.privateRun()V+281
j  org.testng.SuiteRunner.run()V+6
j  org.testng.SuiteRunnerWorker.runSuite(Lorg/testng/internal/SuiteRunnerMap;Lorg/testng/xml/XmlSuite;)V+96
j  org.testng.SuiteRunnerWorker.run()V+12
j  org.testng.TestNG.runSuitesSequentially(Lorg/testng/xml/XmlSuite;Lorg/testng/internal/SuiteRunnerMap;ILjava/lang/String;)V+66
j  org.testng.TestNG.runSuitesLocally()Ljava/util/List;+117
j  org.testng.TestNG.run()V+77
j  org.testng.remote.AbstractRemoteTestNG.run()V+163
j  org.testng.remote.RemoteTestNG.initAndRun(Lorg/testng/remote/IRemoteTestNG;[Ljava/lang/String;Lorg/testng/CommandLineArgs;Lorg/testng/remote/RemoteArgs;)V+184
j  org.testng.remote.RemoteTestNG.main([Ljava/lang/String;)V+218
v  ~StubRoutines::call_stub

---------------  P R O C E S S  ---------------

Java Threads: ( => current thread )
  0x00007f1556157000 JavaThread "http-nio-auto-1-55268-AsyncTimeout" daemon [_thread_blocked, id=3850, stack(0x00007f14f314d000,0x00007f14f324e000)]
  0x00007f1556155800 JavaThread "http-nio-auto-1-Acceptor-0" daemon [_thread_in_native, id=3849, stack(0x00007f14f3475000,0x00007f14f3576000)]
  0x00007f1556153000 JavaThread "http-nio-auto-1-ClientPoller-1" daemon [_thread_in_native, id=3848, stack(0x00007f14f3576000,0x00007f14f3677000)]
  0x00007f1556135800 JavaThread "http-nio-auto-1-ClientPoller-0" daemon [_thread_in_native, id=3847, stack(0x00007f14f3677000,0x00007f14f3778000)]
  0x00007f1556133000 JavaThread "NioBlockingSelector.BlockPoller-1" daemon [_thread_in_native, id=3846, stack(0x00007f15300d4000,0x00007f15301d5000)]
  0x00007f1554618800 JavaThread "Tomcat JDBC Pool Cleaner[865113938:1485169605895]" daemon [_thread_blocked, id=3845, stack(0x00007f15303d5000,0x00007f15304d6000)]
  0x00007f1554f3a800 JavaThread "container-0" [_thread_blocked, id=3844, stack(0x00007f15306d6000,0x00007f15307d7000)]
  0x00007f1554f39000 JavaThread "ContainerBackgroundProcessor[StandardEngine[Tomcat]]" daemon [_thread_blocked, id=3843, stack(0x00007f15307d7000,0x00007f15308d8000)]
  0x00007f1508054800 JavaThread "localhost-startStop-1" daemon [_thread_blocked, id=3842, stack(0x00007f1530f76000,0x00007f1531077000)]
  0x00007f1554f38000 JavaThread "Tomcat-startStop-1" daemon [_thread_blocked, id=3841, stack(0x00007f1531b35000,0x00007f1531c36000)]
  0x00007f15544e1800 JavaThread "ReaderThread" [_thread_in_native, id=3839, stack(0x00007f1532443000,0x00007f1532544000)]
  0x00007f15540d9000 JavaThread "Service Thread" daemon [_thread_blocked, id=3836, stack(0x00007f1532a0e000,0x00007f1532b0f000)]
  0x00007f15540c4000 JavaThread "C1 CompilerThread2" daemon [_thread_blocked, id=3835, stack(0x00007f1532b0f000,0x00007f1532c10000)]
  0x00007f15540c2000 JavaThread "C2 CompilerThread1" daemon [_thread_in_native, id=3834, stack(0x00007f1532c10000,0x00007f1532d11000)]
  0x00007f15540bf000 JavaThread "C2 CompilerThread0" daemon [_thread_in_native, id=3833, stack(0x00007f1532d11000,0x00007f1532e12000)]
  0x00007f15540be000 JavaThread "Signal Dispatcher" daemon [_thread_blocked, id=3832, stack(0x00007f1532e12000,0x00007f1532f13000)]
  0x00007f155408a000 JavaThread "Finalizer" daemon [_thread_blocked, id=3831, stack(0x00007f15335f6000,0x00007f15336f7000)]
  0x00007f1554085800 JavaThread "Reference Handler" daemon [_thread_blocked, id=3830, stack(0x00007f15336f7000,0x00007f15337f8000)]
=>0x00007f1554010000 JavaThread "main" [_thread_in_vm, id=3824, stack(0x00007f155dd7c000,0x00007f155de7d000)]

Other Threads:
  0x00007f155407e000 VMThread [stack: 0x00007f15337f8000,0x00007f15338f9000] [id=3829]
  0x00007f15540dc000 WatcherThread [stack: 0x00007f153290d000,0x00007f1532a0e000] [id=3837]

VM state:not at safepoint (normal execution)

VM Mutex/Monitor currently owned by a thread: None

Heap:
 PSYoungGen      total 206848K, used 53609K [0x00000000ebe00000, 0x00000000f9b00000, 0x0000000100000000)
  eden space 193024K, 20% used [0x00000000ebe00000,0x00000000ee537ea0,0x00000000f7a80000)
  from space 13824K, 97% used [0x00000000f8d80000,0x00000000f9aa2800,0x00000000f9b00000)
  to   space 15360K, 0% used [0x00000000f7d00000,0x00000000f7d00000,0x00000000f8c00000)
 ParOldGen       total 65024K, used 21906K [0x00000000c3a00000, 0x00000000c7980000, 0x00000000ebe00000)
  object space 65024K, 33% used [0x00000000c3a00000,0x00000000c4f649e8,0x00000000c7980000)
 Metaspace       used 45044K, capacity 45400K, committed 45696K, reserved 1089536K
  class space    used 5896K, capacity 5997K, committed 6016K, reserved 1048576K

Card table byte_map: [0x00007f155a952000,0x00007f155ab36000] byte_map_base: 0x00007f155a335000

Marking Bits: (ParMarkBitMap*) 0x00007f155d258c80
 Begin Bits: [0x00007f15585dc000, 0x00007f15594f4000)
 End Bits:   [0x00007f15594f4000, 0x00007f155a40c000)

Polling page: 0x00007f155dea2000

CodeCache: size=245760Kb used=12419Kb max_used=12441Kb free=233340Kb
 bounds [0x00007f1545000000, 0x00007f1545c40000, 0x00007f1554000000]
 total_blobs=3865 nmethods=3394 adapters=384
 compilation: enabled

Compilation events (10 events):
Event: 7.208 Thread 0x00007f15540c4000 3963       1       java.util.Collections$SingletonList::size (2 bytes)
Event: 7.208 Thread 0x00007f15540c4000 nmethod 3963 0x00007f154571d310 code [0x00007f154571d460, 0x00007f154571d570]
Event: 7.208 Thread 0x00007f15540c4000 3965       3       java.lang.reflect.Field::getGenericType (20 bytes)
Event: 7.209 Thread 0x00007f15540c4000 nmethod 3965 0x00007f154571b7d0 code [0x00007f154571ba20, 0x00007f154571c788]
Event: 7.209 Thread 0x00007f15540c4000 3966       1       org.testng.shaded.com.google.gson.reflect.TypeToken::hashCode (5 bytes)
Event: 7.209 Thread 0x00007f15540c4000 nmethod 3966 0x00007f154571b510 code [0x00007f154571b660, 0x00007f154571b770]
Event: 7.209 Thread 0x00007f15540c4000 3967       3       java.io.BufferedWriter::ensureOpen (18 bytes)
Event: 7.210 Thread 0x00007f15540c4000 nmethod 3967 0x00007f154571b090 code [0x00007f154571b200, 0x00007f154571b448]
Event: 7.223 Thread 0x00007f15540c4000 3969       3       org.hibernate.service.internal.ConcurrentServiceBinding::hashKey (5 bytes)
Event: 7.223 Thread 0x00007f15540c4000 nmethod 3969 0x00007f154571ad10 code [0x00007f154571ae80, 0x00007f154571b008]

GC Heap History (10 events):
Event: 3.490 GC heap before
{Heap before GC invocations=8 (full 1):
 PSYoungGen      total 102400K, used 102139K [0x00000000ebe00000, 0x00000000f4880000, 0x0000000100000000)
  eden space 97792K, 100% used [0x00000000ebe00000,0x00000000f1d80000,0x00000000f1d80000)
  from space 4608K, 94% used [0x00000000f4400000,0x00000000f483efc0,0x00000000f4880000)
  to   space 9728K, 0% used [0x00000000f3580000,0x00000000f3580000,0x00000000f3f00000)
 ParOldGen       total 43008K, used 11318K [0x00000000c3a00000, 0x00000000c6400000, 0x00000000ebe00000)
  object space 43008K, 26% used [0x00000000c3a00000,0x00000000c450d9e0,0x00000000c6400000)
 Metaspace       used 26200K, capacity 26512K, committed 26752K, reserved 1073152K
  class space    used 3266K, capacity 3377K, committed 3456K, reserved 1048576K
Event: 3.509 GC heap after
Heap after GC invocations=8 (full 1):
 PSYoungGen      total 132096K, used 8672K [0x00000000ebe00000, 0x00000000f6500000, 0x0000000100000000)
  eden space 122368K, 0% used [0x00000000ebe00000,0x00000000ebe00000,0x00000000f3580000)
  from space 9728K, 89% used [0x00000000f3580000,0x00000000f3df8298,0x00000000f3f00000)
  to   space 10752K, 0% used [0x00000000f5a80000,0x00000000f5a80000,0x00000000f6500000)
 ParOldGen       total 43008K, used 11326K [0x00000000c3a00000, 0x00000000c6400000, 0x00000000ebe00000)
  object space 43008K, 26% used [0x00000000c3a00000,0x00000000c450f9e0,0x00000000c6400000)
 Metaspace       used 26200K, capacity 26512K, committed 26752K, reserved 1073152K
  class space    used 3266K, capacity 3377K, committed 3456K, reserved 1048576K
}
Event: 4.299 GC heap before
{Heap before GC invocations=9 (full 1):
 PSYoungGen      total 132096K, used 131040K [0x00000000ebe00000, 0x00000000f6500000, 0x0000000100000000)
  eden space 122368K, 100% used [0x00000000ebe00000,0x00000000f3580000,0x00000000f3580000)
  from space 9728K, 89% used [0x00000000f3580000,0x00000000f3df8298,0x00000000f3f00000)
  to   space 10752K, 0% used [0x00000000f5a80000,0x00000000f5a80000,0x00000000f6500000)
 ParOldGen       total 43008K, used 11326K [0x00000000c3a00000, 0x00000000c6400000, 0x00000000ebe00000)
  object space 43008K, 26% used [0x00000000c3a00000,0x00000000c450f9e0,0x00000000c6400000)
 Metaspace       used 30200K, capacity 30524K, committed 30848K, reserved 1077248K
  class space    used 3760K, capacity 3859K, committed 3968K, reserved 1048576K
Event: 4.329 GC heap after
Heap after GC invocations=9 (full 1):
 PSYoungGen      total 158720K, used 10654K [0x00000000ebe00000, 0x00000000f9180000, 0x0000000100000000)
  eden space 147968K, 0% used [0x00000000ebe00000,0x00000000ebe00000,0x00000000f4e80000)
  from space 10752K, 99% used [0x00000000f5a80000,0x00000000f64e7bf8,0x00000000f6500000)
  to   space 12288K, 0% used [0x00000000f4e80000,0x00000000f4e80000,0x00000000f5a80000)
 ParOldGen       total 43008K, used 11334K [0x00000000c3a00000, 0x00000000c6400000, 0x00000000ebe00000)
  object space 43008K, 26% used [0x00000000c3a00000,0x00000000c45119e0,0x00000000c6400000)
 Metaspace       used 30200K, capacity 30524K, committed 30848K, reserved 1077248K
  class space    used 3760K, capacity 3859K, committed 3968K, reserved 1048576K
}
Event: 5.310 GC heap before
{Heap before GC invocations=10 (full 1):
 PSYoungGen      total 158720K, used 93582K [0x00000000ebe00000, 0x00000000f9180000, 0x0000000100000000)
  eden space 147968K, 56% used [0x00000000ebe00000,0x00000000f0efbed0,0x00000000f4e80000)
  from space 10752K, 99% used [0x00000000f5a80000,0x00000000f64e7bf8,0x00000000f6500000)
  to   space 12288K, 0% used [0x00000000f4e80000,0x00000000f4e80000,0x00000000f5a80000)
 ParOldGen       total 43008K, used 11334K [0x00000000c3a00000, 0x00000000c6400000, 0x00000000ebe00000)
  object space 43008K, 26% used [0x00000000c3a00000,0x00000000c45119e0,0x00000000c6400000)
 Metaspace       used 34998K, capacity 35292K, committed 35496K, reserved 1081344K
  class space    used 4501K, capacity 4579K, committed 4608K, reserved 1048576K
Event: 5.337 GC heap after
Heap after GC invocations=10 (full 1):
 PSYoungGen      total 160256K, used 12052K [0x00000000ebe00000, 0x00000000f9b00000, 0x0000000100000000)
  eden space 147968K, 0% used [0x00000000ebe00000,0x00000000ebe00000,0x00000000f4e80000)
  from space 12288K, 98% used [0x00000000f4e80000,0x00000000f5a450b0,0x00000000f5a80000)
  to   space 13824K, 0% used [0x00000000f8d80000,0x00000000f8d80000,0x00000000f9b00000)
 ParOldGen       total 43008K, used 12381K [0x00000000c3a00000, 0x00000000c6400000, 0x00000000ebe00000)
  object space 43008K, 28% used [0x00000000c3a00000,0x00000000c4617528,0x00000000c6400000)
 Metaspace       used 34998K, capacity 35292K, committed 35496K, reserved 1081344K
  class space    used 4501K, capacity 4579K, committed 4608K, reserved 1048576K
}
Event: 5.337 GC heap before
{Heap before GC invocations=11 (full 2):
 PSYoungGen      total 160256K, used 12052K [0x00000000ebe00000, 0x00000000f9b00000, 0x0000000100000000)
  eden space 147968K, 0% used [0x00000000ebe00000,0x00000000ebe00000,0x00000000f4e80000)
  from space 12288K, 98% used [0x00000000f4e80000,0x00000000f5a450b0,0x00000000f5a80000)
  to   space 13824K, 0% used [0x00000000f8d80000,0x00000000f8d80000,0x00000000f9b00000)
 ParOldGen       total 43008K, used 12381K [0x00000000c3a00000, 0x00000000c6400000, 0x00000000ebe00000)
  object space 43008K, 28% used [0x00000000c3a00000,0x00000000c4617528,0x00000000c6400000)
 Metaspace       used 34998K, capacity 35292K, committed 35496K, reserved 1081344K
  class space    used 4501K, capacity 4579K, committed 4608K, reserved 1048576K
Event: 5.445 GC heap after
Heap after GC invocations=11 (full 2):
 PSYoungGen      total 160256K, used 0K [0x00000000ebe00000, 0x00000000f9b00000, 0x0000000100000000)
  eden space 147968K, 0% used [0x00000000ebe00000,0x00000000ebe00000,0x00000000f4e80000)
  from space 12288K, 0% used [0x00000000f4e80000,0x00000000f4e80000,0x00000000f5a80000)
  to   space 13824K, 0% used [0x00000000f8d80000,0x00000000f8d80000,0x00000000f9b00000)
 ParOldGen       total 65024K, used 21898K [0x00000000c3a00000, 0x00000000c7980000, 0x00000000ebe00000)
  object space 65024K, 33% used [0x00000000c3a00000,0x00000000c4f629e8,0x00000000c7980000)
 Metaspace       used 34998K, capacity 35292K, committed 35496K, reserved 1081344K
  class space    used 4501K, capacity 4579K, committed 4608K, reserved 1048576K
}
Event: 6.871 GC heap before
{Heap before GC invocations=12 (full 2):
 PSYoungGen      total 160256K, used 147968K [0x00000000ebe00000, 0x00000000f9b00000, 0x0000000100000000)
  eden space 147968K, 100% used [0x00000000ebe00000,0x00000000f4e80000,0x00000000f4e80000)
  from space 12288K, 0% used [0x00000000f4e80000,0x00000000f4e80000,0x00000000f5a80000)
  to   space 13824K, 0% used [0x00000000f8d80000,0x00000000f8d80000,0x00000000f9b00000)
 ParOldGen       total 65024K, used 21898K [0x00000000c3a00000, 0x00000000c7980000, 0x00000000ebe00000)
  object space 65024K, 33% used [0x00000000c3a00000,0x00000000c4f629e8,0x00000000c7980000)
 Metaspace       used 44084K, capacity 44422K, committed 44800K, reserved 1087488K
  class space    used 5772K, capacity 5866K, committed 5888K, reserved 1048576K
Event: 6.917 GC heap after
Heap after GC invocations=12 (full 2):
 PSYoungGen      total 206848K, used 13450K [0x00000000ebe00000, 0x00000000f9b00000, 0x0000000100000000)
  eden space 193024K, 0% used [0x00000000ebe00000,0x00000000ebe00000,0x00000000f7a80000)
  from space 13824K, 97% used [0x00000000f8d80000,0x00000000f9aa2800,0x00000000f9b00000)
  to   space 15360K, 0% used [0x00000000f7d00000,0x00000000f7d00000,0x00000000f8c00000)
 ParOldGen       total 65024K, used 21906K [0x00000000c3a00000, 0x00000000c7980000, 0x00000000ebe00000)
  object space 65024K, 33% used [0x00000000c3a00000,0x00000000c4f649e8,0x00000000c7980000)
 Metaspace       used 44084K, capacity 44422K, committed 44800K, reserved 1087488K
  class space    used 5772K, capacity 5866K, committed 5888K, reserved 1048576K
}

Deoptimization events (10 events):
Event: 6.249 Thread 0x00007f1554010000 Uncommon trap: reason=null_check action=make_not_entrant pc=0x00007f1545107d60 method=org.springframework.util.ClassUtils.isAssignable(Ljava/lang/Class;Ljava/lang/Class;)Z @ 14
Event: 6.452 Thread 0x00007f1554010000 Uncommon trap: reason=class_check action=maybe_recompile pc=0x00007f15457baa18 method=java.util.regex.Pattern$Curly.match0(Ljava/util/regex/Matcher;IILjava/lang/CharSequence;)Z @ 77
Event: 6.452 Thread 0x00007f1554010000 Uncommon trap: reason=class_check action=maybe_recompile pc=0x00007f1545795458 method=java.util.regex.Pattern$Curly.match(Ljava/util/regex/Matcher;ILjava/lang/CharSequence;)Z @ 19
Event: 6.478 Thread 0x00007f1554010000 Uncommon trap: reason=unstable_if action=reinterpret pc=0x00007f15459ef960 method=java.util.concurrent.ConcurrentHashMap.transfer([Ljava/util/concurrent/ConcurrentHashMap$Node;[Ljava/util/concurrent/ConcurrentHashMap$Node;)V @ 356
Event: 6.478 Thread 0x00007f1554010000 Uncommon trap: reason=unstable_if action=reinterpret pc=0x00007f154575a9c8 method=java.util.concurrent.ConcurrentHashMap.transfer([Ljava/util/concurrent/ConcurrentHashMap$Node;[Ljava/util/concurrent/ConcurrentHashMap$Node;)V @ 356
Event: 7.102 Thread 0x00007f1554010000 Uncommon trap: reason=unstable_if action=reinterpret pc=0x00007f1545a9d0fc method=java.lang.Class$MethodArray.addIfNotPresent(Ljava/lang/reflect/Method;)V @ 19
Event: 7.121 Thread 0x00007f1554010000 Uncommon trap: reason=unstable_if action=reinterpret pc=0x00007f15459aaff4 method=org.springframework.util.ConcurrentReferenceHashMap$Segment.clear()V @ 4
Event: 7.130 Thread 0x00007f1554010000 Uncommon trap: reason=class_check action=maybe_recompile pc=0x00007f15457bb674 method=java.util.regex.Pattern$Curly.match0(Ljava/util/regex/Matcher;IILjava/lang/CharSequence;)Z @ 170
Event: 7.187 Thread 0x00007f1554010000 Uncommon trap: reason=bimorphic action=maybe_recompile pc=0x00007f1545aa97b0 method=java.util.Hashtable.get(Ljava/lang/Object;)Ljava/lang/Object; @ 6
Event: 7.187 Thread 0x00007f1554010000 Uncommon trap: reason=bimorphic action=maybe_recompile pc=0x00007f1545aa97b0 method=java.util.Hashtable.get(Ljava/lang/Object;)Ljava/lang/Object; @ 6

Internal exceptions (10 events):
Event: 7.024 Thread 0x00007f1554010000 Exception <a 'java/lang/ClassNotFoundException': org/springframework/boot/autoconfigure/web/WebClientAutoConfigurationCustomizer> (0x00000000ece13cc0) thrown at [/HUDSON3/workspace/8-2-build-linux-amd64/jdk8u121/8372/hotspot/src/share/vm/classfile/systemD
Event: 7.024 Thread 0x00007f1554010000 Exception <a 'java/lang/ClassNotFoundException': org/springframework/boot/autoconfigure/web/WebClientAutoConfiguration$$EnhancerBySpringCGLIB$$2c140284Customizer> (0x00000000ece37cd8) thrown at [/HUDSON3/workspace/8-2-build-linux-amd64/jdk8u121/8372/hotsp
Event: 7.025 Thread 0x00007f1554010000 Exception <a 'java/lang/ClassNotFoundException': org/springframework/context/annotation/ConfigurationClassEnhancer$EnhancedConfigurationCustomizer> (0x00000000ece5c730) thrown at [/HUDSON3/workspace/8-2-build-linux-amd64/jdk8u121/8372/hotspot/src/share/vm
Event: 7.194 Thread 0x00007f1554010000 Exception <a 'java/lang/ClassNotFoundException': java/lang/ObjectCustomizer> (0x00000000ede8c018) thrown at [/HUDSON3/workspace/8-2-build-linux-amd64/jdk8u121/8372/hotspot/src/share/vm/classfile/systemDictionary.cpp, line 210]
Event: 7.195 Thread 0x00007f1554010000 Exception <a 'java/lang/ClassNotFoundException': org/springframework/test/context/testng/AbstractTestNGSpringContextTestsCustomizer> (0x00000000edea9d60) thrown at [/HUDSON3/workspace/8-2-build-linux-amd64/jdk8u121/8372/hotspot/src/share/vm/classfile/syst
Event: 7.195 Thread 0x00007f1554010000 Exception <a 'java/lang/ClassNotFoundException': com/example/crudtest/CRUDTestCustomizer> (0x00000000edebc928) thrown at [/HUDSON3/workspace/8-2-build-linux-amd64/jdk8u121/8372/hotspot/src/share/vm/classfile/systemDictionary.cpp, line 210]
Event: 7.196 Thread 0x00007f1554010000 Exception <a 'java/lang/ClassNotFoundException': org/testng/IHookableCustomizer> (0x00000000edecd350) thrown at [/HUDSON3/workspace/8-2-build-linux-amd64/jdk8u121/8372/hotspot/src/share/vm/classfile/systemDictionary.cpp, line 210]
Event: 7.196 Thread 0x00007f1554010000 Exception <a 'java/lang/ClassNotFoundException': org/springframework/context/ApplicationContextAwareCustomizer> (0x00000000edee34f0) thrown at [/HUDSON3/workspace/8-2-build-linux-amd64/jdk8u121/8372/hotspot/src/share/vm/classfile/systemDictionary.cpp, lin
Event: 7.225 Thread 0x00007f1554010000 Exception <a 'java/lang/ClassNotFoundException': java/lang/ObjectCustomizer> (0x00000000ee2981c0) thrown at [/HUDSON3/workspace/8-2-build-linux-amd64/jdk8u121/8372/hotspot/src/share/vm/classfile/systemDictionary.cpp, line 210]
Event: 7.225 Thread 0x00007f1554010000 Exception <a 'java/lang/ClassNotFoundException': com/example/entity/BookCustomizer> (0x00000000ee2aab50) thrown at [/HUDSON3/workspace/8-2-build-linux-amd64/jdk8u121/8372/hotspot/src/share/vm/classfile/systemDictionary.cpp, line 210]

Events (10 events):
Event: 7.230 loading class org/hibernate/engine/jdbc/internal/FormatStyle
Event: 7.230 loading class org/hibernate/engine/jdbc/internal/FormatStyle done
Event: 7.230 loading class org/hibernate/engine/jdbc/internal/Formatter
Event: 7.230 loading class org/hibernate/engine/jdbc/internal/Formatter done
Event: 7.230 loading class org/hibernate/engine/jdbc/internal/BasicFormatterImpl
Event: 7.230 loading class org/hibernate/engine/jdbc/internal/BasicFormatterImpl done
Event: 7.231 loading class org/hibernate/engine/jdbc/internal/DDLFormatterImpl
Event: 7.231 loading class org/hibernate/engine/jdbc/internal/DDLFormatterImpl done
Event: 7.231 loading class org/hibernate/engine/jdbc/internal/FormatStyle$NoFormatImpl
Event: 7.231 loading class org/hibernate/engine/jdbc/internal/FormatStyle$NoFormatImpl done


Dynamic libraries:
00400000-00401000 r-xp 00000000 08:03 3554757                            /usr/lib/jvm/java-8-oracle/bin/java
00600000-00601000 rw-p 00000000 08:03 3554757                            /usr/lib/jvm/java-8-oracle/bin/java
0070b000-0072c000 rw-p 00000000 00:00 0                                  [heap]
c3a00000-c7980000 rw-p 00000000 00:00 0 
c7980000-ebe00000 ---p 00000000 00:00 0 
ebe00000-f9b00000 rw-p 00000000 00:00 0 
f9b00000-100000000 ---p 00000000 00:00 0 
100000000-1005e0000 rw-p 00000000 00:00 0 
1005e0000-140000000 ---p 00000000 00:00 0 
7f14dc000000-7f14dc021000 rw-p 00000000 00:00 0 
7f14dc021000-7f14e0000000 ---p 00000000 00:00 0 
7f14e0000000-7f14e0021000 rw-p 00000000 00:00 0 
7f14e0021000-7f14e4000000 ---p 00000000 00:00 0 
7f14e4000000-7f14e4021000 rw-p 00000000 00:00 0 
7f14e4021000-7f14e8000000 ---p 00000000 00:00 0 
7f14e8000000-7f14e8021000 rw-p 00000000 00:00 0 
7f14e8021000-7f14ec000000 ---p 00000000 00:00 0 
7f14ec000000-7f14ec021000 rw-p 00000000 00:00 0 
7f14ec021000-7f14f0000000 ---p 00000000 00:00 0 
7f14f314d000-7f14f3150000 ---p 00000000 00:00 0 
7f14f3150000-7f14f344e000 rw-p 00000000 00:00 0                          [stack:3850]
7f14f3475000-7f14f3478000 ---p 00000000 00:00 0 
7f14f3478000-7f14f3576000 rw-p 00000000 00:00 0                          [stack:3849]
7f14f3576000-7f14f3579000 ---p 00000000 00:00 0 
7f14f3579000-7f14f3677000 rw-p 00000000 00:00 0                          [stack:3848]
7f14f3677000-7f14f367a000 ---p 00000000 00:00 0 
7f14f367a000-7f14f3838000 rw-p 00000000 00:00 0                          [stack:3847]
7f14f3838000-7f14f3978000 ---p 00000000 00:00 0 
7f14f3978000-7f14f3b78000 rw-p 00000000 00:00 0 
7f14f3b78000-7f14f3d78000 rw-p 00000000 00:00 0 
7f14f3d78000-7f14f3dfc000 r-xp 00000000 08:03 5917606                    /tmp/sqlite-3.7.2-libsqlitejdbc.so
7f14f3dfc000-7f14f3ffc000 ---p 00084000 08:03 5917606                    /tmp/sqlite-3.7.2-libsqlitejdbc.so
7f14f3ffc000-7f14f3ffd000 r--p 00084000 08:03 5917606                    /tmp/sqlite-3.7.2-libsqlitejdbc.so
7f14f3ffd000-7f14f4000000 rw-p 00085000 08:03 5917606                    /tmp/sqlite-3.7.2-libsqlitejdbc.so
7f14f4000000-7f14f4021000 rw-p 00000000 00:00 0 
7f14f4021000-7f14f8000000 ---p 00000000 00:00 0 
7f14f8000000-7f14f8021000 rw-p 00000000 00:00 0 
7f14f8021000-7f14fc000000 ---p 00000000 00:00 0 
7f14fc000000-7f14fc072000 rw-p 00000000 00:00 0 
7f14fc072000-7f1500000000 ---p 00000000 00:00 0 
7f1500000000-7f1500021000 rw-p 00000000 00:00 0 
7f1500021000-7f1504000000 ---p 00000000 00:00 0 
7f1504000000-7f1504021000 rw-p 00000000 00:00 0 
7f1504021000-7f1508000000 ---p 00000000 00:00 0 
7f1508000000-7f15083a7000 rw-p 00000000 00:00 0 
7f15083a7000-7f150c000000 ---p 00000000 00:00 0 
7f150c000000-7f150ccec000 rw-p 00000000 00:00 0 
7f150ccec000-7f1510000000 ---p 00000000 00:00 0 
7f1510000000-7f1510021000 rw-p 00000000 00:00 0 
7f1510021000-7f1514000000 ---p 00000000 00:00 0 
7f1514000000-7f1515d82000 rw-p 00000000 00:00 0 
7f1515d82000-7f1518000000 ---p 00000000 00:00 0 
7f1518000000-7f1518021000 rw-p 00000000 00:00 0 
7f1518021000-7f151c000000 ---p 00000000 00:00 0 
7f151c000000-7f151c021000 rw-p 00000000 00:00 0 
7f151c021000-7f1520000000 ---p 00000000 00:00 0 
7f1520000000-7f1521691000 rw-p 00000000 00:00 0 
7f1521691000-7f1524000000 ---p 00000000 00:00 0 
7f1524000000-7f1524021000 rw-p 00000000 00:00 0 
7f1524021000-7f1528000000 ---p 00000000 00:00 0 
7f1528000000-7f1528021000 rw-p 00000000 00:00 0 
7f1528021000-7f152c000000 ---p 00000000 00:00 0 
7f152c000000-7f152c06b000 rw-p 00000000 00:00 0 
7f152c06b000-7f1530000000 ---p 00000000 00:00 0 
7f15300d4000-7f15300d7000 ---p 00000000 00:00 0 
7f15300d7000-7f15303d5000 rw-p 00000000 00:00 0                          [stack:3846]
7f15303d5000-7f15303d8000 ---p 00000000 00:00 0 
7f15303d8000-7f15306d6000 rw-p 00000000 00:00 0                          [stack:3845]
7f15306d6000-7f15306d9000 ---p 00000000 00:00 0 
7f15306d9000-7f15307d7000 rw-p 00000000 00:00 0                          [stack:3844]
7f15307d7000-7f15307da000 ---p 00000000 00:00 0 
7f15307da000-7f1530ad8000 rw-p 00000000 00:00 0                          [stack:3843]
7f1530ad8000-7f1530cd8000 rw-p 00000000 00:00 0 
7f1530cd8000-7f1530ed8000 rw-p 00000000 00:00 0 
7f1530f75000-7f1530f76000 rw-p 00000000 00:00 0 
7f1530f76000-7f1530f79000 ---p 00000000 00:00 0 
7f1530f79000-7f1531077000 rw-p 00000000 00:00 0                          [stack:3842]
7f1531077000-7f153108a000 r--s 00345000 08:03 3569668                    /usr/lib/jvm/java-8-oracle/jre/lib/resources.jar
7f153108a000-7f153128a000 rw-p 00000000 00:00 0 
7f153128a000-7f153148a000 rw-p 00000000 00:00 0 
7f153148a000-7f153151f000 r--s 01109000 08:03 3569596                    /usr/lib/jvm/java-8-oracle/jre/lib/ext/jfxrt.jar
7f153151f000-7f1531530000 r-xp 00000000 08:03 4870868                    /usr/lib/jvm/java-8-oracle/jre/lib/amd64/libnio.so
7f1531530000-7f153172f000 ---p 00011000 08:03 4870868                    /usr/lib/jvm/java-8-oracle/jre/lib/amd64/libnio.so
7f153172f000-7f1531730000 rw-p 00010000 08:03 4870868                    /usr/lib/jvm/java-8-oracle/jre/lib/amd64/libnio.so
7f1531730000-7f1531930000 rw-p 00000000 00:00 0 
7f1531930000-7f1531b30000 rw-p 00000000 00:00 0 
7f1531b30000-7f1531b35000 r--s 002f9000 08:03 3569547                    /usr/lib/jvm/java-8-oracle/jre/lib/charsets.jar
7f1531b35000-7f1531b38000 ---p 00000000 00:00 0 
7f1531b38000-7f1531c36000 rw-p 00000000 00:00 0                          [stack:3841]
7f1531c36000-7f1531c3f000 r-xp 00000000 08:03 4870832                    /usr/lib/jvm/java-8-oracle/jre/lib/amd64/libmanagement.so
7f1531c3f000-7f1531e3e000 ---p 00009000 08:03 4870832                    /usr/lib/jvm/java-8-oracle/jre/lib/amd64/libmanagement.so
7f1531e3e000-7f1531e3f000 rw-p 00008000 08:03 4870832                    /usr/lib/jvm/java-8-oracle/jre/lib/amd64/libmanagement.so
7f1531e3f000-7f153203f000 rw-p 00000000 00:00 0 
7f153203f000-7f153223f000 rw-p 00000000 00:00 0 
7f153223f000-7f153243f000 rw-p 00000000 00:00 0 
7f153243f000-7f1532443000 r--s 0009a000 08:03 3569602                    /usr/lib/jvm/java-8-oracle/jre/lib/jsse.jar
7f1532443000-7f1532446000 ---p 00000000 00:00 0 
7f1532446000-7f1532544000 rw-p 00000000 00:00 0                          [stack:3839]
7f1532544000-7f153255a000 r-xp 00000000 08:03 4870893                    /usr/lib/jvm/java-8-oracle/jre/lib/amd64/libnet.so
7f153255a000-7f153275a000 ---p 00016000 08:03 4870893                    /usr/lib/jvm/java-8-oracle/jre/lib/amd64/libnet.so
7f153275a000-7f153275b000 rw-p 00016000 08:03 4870893                    /usr/lib/jvm/java-8-oracle/jre/lib/amd64/libnet.so
7f153275b000-7f153275c000 r--s 0000c000 08:03 5916924                    /home/sharmila/.gradle/caches/modules-2/files-2.1/org.ow2.asm/asm/5.0.3/dcc2193db20e19e1feca8b1240dbbc4e190824fa/asm-5.0.3.jar
7f153275c000-7f1532766000 r--s 00069000 08:03 5923589                    /home/sharmila/.gradle/caches/modules-2/files-2.1/ch.qos.logback/logback-core/1.1.8/b4d1c3dea91727faf8b3d19cf4b9b972d6c0b89/logback-core-1.1.8.jar
7f1532766000-7f1532768000 r--s 00012000 08:03 5916922                    /home/sharmila/.gradle/caches/modules-2/files-2.1/net.minidev/accessors-smart/1.1/a527213f2fea112a04c9bdf0ec0264e34104cd08/accessors-smart-1.1.jar
7f1532768000-7f153276a000 r--s 00009000 08:03 5923902                    /home/sharmila/.gradle/caches/modules-2/files-2.1/org.apache.tomcat/tomcat-juli/8.5.6/83d2d1e3362ecca504f3bf8ed1bc4cc451754d24/tomcat-juli-8.5.6.jar
7f153276a000-7f1532773000 r--s 0002d000 08:03 5923903                    /home/sharmila/.gradle/caches/modules-2/files-2.1/xml-apis/xml-apis/1.4.01/3789d9fada2d3d458c4ba2de349d48780f381ee3/xml-apis-1.4.01.jar
7f1532773000-7f1532775000 r--s 00004000 08:03 5923588                    /home/sharmila/.gradle/caches/modules-2/files-2.1/org.slf4j/log4j-over-slf4j/1.7.22/a527c37e9ca6c3d19ba298edd4aa344ca751a203/log4j-over-slf4j-1.7.22.jar
7f1532775000-7f1532777000 r--s 00000000 08:03 5923587                    /home/sharmila/.gradle/caches/modules-2/files-2.1/org.slf4j/jul-to-slf4j/1.7.22/b0429e950b3d2bc2c39c1bacafac753edbe3781c/jul-to-slf4j-1.7.22.jar
7f1532777000-7f153277d000 r--s 00045000 08:03 5923585                    /home/sharmila/.gradle/caches/modules-2/files-2.1/ch.qos.logback/logback-classic/1.1.8/e54f49a227611976642f81cf2106b81c1ece8bf5/logback-classic-1.1.8.jar
7f153277d000-7f153277e000 r--s 0000f000 08:03 5916909                    /home/sharmila/.gradle/caches/modules-2/files-2.1/org.json/json/20140107/d1ffca6e2482b002702c6a576166fd685e3370e3/json-20140107.jar
7f153277e000-7f1532780000 r--s 00009000 08:03 5916921                    /home/sharmila/.gradle/caches/modules-2/files-2.1/org.objenesis/objenesis/2.1/87c0ea803b69252868d09308b4618f766f135a96/objenesis-2.1.jar
7f1532780000-7f1532783000 r--s 0001b000 08:03 5916920                    /home/sharmila/.gradle/caches/modules-2/files-2.1/net.minidev/json-smart/2.2.1/5b9e5df7a62d1279b70dc882b041d249c4f0b002/json-smart-2.2.1.jar
7f1532783000-7f1532785000 r--s 00003000 08:03 5923586                    /home/sharmila/.gradle/caches/modules-2/files-2.1/org.slf4j/jcl-over-slf4j/1.7.22/86ceac14535af5a42c8fb0d06d79b925dd3cb263/jcl-over-slf4j-1.7.22.jar
7f1532785000-7f1532787000 r--s 00009000 08:03 5923584                    /home/sharmila/.gradle/caches/modules-2/files-2.1/org.slf4j/slf4j-api/1.7.22/a1c83373863cec7ae8d89dc1c5722d8cb6ec0309/slf4j-api-1.7.22.jar
7f1532787000-7f153278f000 r--s 0003a000 08:03 5923901                    /home/sharmila/.gradle/caches/modules-2/files-2.1/org.springframework/spring-tx/4.3.5.RELEASE/296d8ae21fadc0f115dae7d1e8d5c4f8c7de2c3e/spring-tx-4.3.5.RELEASE.jar
7f153278f000-7f1532799000 r--s 0006b000 08:03 5923900                    /home/sharmila/.gradle/caches/modules-2/files-2.1/org.springframework/spring-orm/4.3.5.RELEASE/64c29d310b69bcc6e1fd5a738fa3629bdedb2d3f/spring-orm-4.3.5.RELEASE.jar
7f1532799000-7f15327a9000 r--s 0009a000 08:03 5923899                    /home/sharmila/.gradle/caches/modules-2/files-2.1/org.springframework.data/spring-data-commons/1.12.6.RELEASE/b6403dcfce33e89613f364d80d653d7540279c47/spring-data-commons-1.12.6.RELEASE.jar
7f15327a9000-7f15327b3000 r--s 0005f000 08:03 5923898                    /home/sharmila/.gradle/caches/modules-2/files-2.1/org.springframework/spring-jdbc/4.3.5.RELEASE/7c09e38b6f6e0b178973dea06bb8fdc6d19aa596/spring-jdbc-4.3.5.RELEASE.jar
7f15327b3000-7f15327b6000 r--s 00020000 08:03 5923897                    /home/sharmila/.gradle/caches/modules-2/files-2.1/org.apache.tomcat/tomcat-jdbc/8.5.6/feb10a9e22f70565c7556f327b0481dba8587bbc/tomcat-jdbc-8.5.6.jar
7f15327b6000-7f15327cf000 r--s 001af000 08:03 5923896                    /home/sharmila/.gradle/caches/modules-2/files-2.1/org.aspectj/aspectjweaver/1.8.9/db28774f477f07220eac18d5ec9c4e01f48589d7/aspectjweaver-1.8.9.jar
7f15327cf000-7f15327d2000 r--s 00010000 08:03 5923833                    /home/sharmila/.gradle/caches/modules-2/files-2.1/org.hibernate.common/hibernate-commons-annotations/5.0.1.Final/71e1cff3fcb20d3b3af4f3363c3ddb24d33c6879/hibernate-commons-annotations-5.0.1.Final.jar
7f15327d2000-7f15327d7000 r--s 00048000 08:03 5923832                    /home/sharmila/.gradle/caches/modules-2/files-2.1/dom4j/dom4j/1.6.1/5d3ccc056b6f056dbf0dddfdf43894b9065a8f94/dom4j-1.6.1.jar
7f15327d7000-7f15327da000 r--s 0002b000 08:03 5923433                    /home/sharmila/.gradle/caches/modules-2/files-2.1/org.jboss/jandex/2.0.0.Final/3e899258936f94649c777193e1be846387ed54b3/jandex-2.0.0.Final.jar
7f15327da000-7f15327db000 r--s 00003000 08:03 5923830                    /home/sharmila/.gradle/caches/modules-2/files-2.1/org.apache.geronimo.specs/geronimo-jta_1.1_spec/1.1.1/aabab3165b8ea936b9360abbf448459c0d04a5a4/geronimo-jta_1.1_spec-1.1.1.jar
7f15327db000-7f15327e0000 r--s 00068000 08:03 5923829                    /home/sharmila/.gradle/caches/modules-2/files-2.1/antlr/antlr/2.7.7/83cd2cd674a217ade95a4bb83a8a14f351f48bd0/antlr-2.7.7.jar
7f15327e0000-7f15327e5000 r--s 0003c000 08:03 5923583                    /home/sharmila/.gradle/caches/modules-2/files-2.1/org.springframework/spring-expression/4.3.5.RELEASE/3689dc6c5b942ecde4122eac889ed87977d6f287/spring-expression-4.3.5.RELEASE.jar
7f15327e5000-7f15327ff000 r--s 000fc000 08:03 5923582                    /home/sharmila/.gradle/caches/modules-2/files-2.1/org.springframework/spring-context/4.3.5.RELEASE/ca3391c0e17d0138335ba51b51371661d20d56a8/spring-context-4.3.5.RELEASE.jar
7f15327ff000-7f153280c000 r--s 000ad000 08:03 5923581                    /home/sharmila/.gradle/caches/modules-2/files-2.1/org.springframework/spring-beans/4.3.5.RELEASE/e12bbc3277da28e2e2608a187f83091dc6c300bf/spring-beans-4.3.5.RELEASE.jar
7f153280c000-7f1532815000 r--s 00054000 08:03 5923580                    /home/sharmila/.gradle/caches/modules-2/files-2.1/org.springframework/spring-aop/4.3.5.RELEASE/4f113218af716bd8d174c411f19b26418b5a70f6/spring-aop-4.3.5.RELEASE.jar
7f1532815000-7f1532819000 r--s 00041000 08:03 5923579                    /home/sharmila/.gradle/caches/modules-2/files-2.1/com.fasterxml.jackson.core/jackson-core/2.8.5/60d059f5d2930ccd1ef03535b713fd9f933d1ba7/jackson-core-2.8.5.jar
7f1532819000-7f153281c000 r--s 0000b000 08:03 5923578                    /home/sharmila/.gradle/caches/modules-2/files-2.1/com.fasterxml.jackson.core/jackson-annotations/2.8.5/9d82ff47bc2c2d3b5b6a6618fe636782bbcd5b07/jackson-annotations-2.8.5.jar
7f153281c000-7f153281e000 r--s 0000e000 08:03 5917543                    /home/sharmila/.gradle/caches/modules-2/files-2.1/com.fasterxml/classmate/1.3.3/864c8e370a691e343210cc7c532fc198cee460d8/classmate-1.3.3.jar
7f153281e000-7f1532822000 r--s 0000c000 08:03 5916766                    /home/sharmila/.gradle/caches/modules-2/files-2.1/javax.validation/validation-api/1.1.0.Final/8613ae82954779d518631e05daa73a6a954817d5/validation-api-1.1.0.Final.jar
7f1532822000-7f1532840000 r--s 000d0000 08:03 5923576                    /home/sharmila/.gradle/caches/modules-2/files-2.1/org.springframework.boot/spring-boot-autoconfigure/1.4.3.RELEASE/41df1bfbdd4ae4e8499ebe1a4bc613bda316d6e1/spring-boot-autoconfigure-1.4.3.RELEASE.jar
7f1532840000-7f1532850000 r--s 00092000 08:03 5923575                    /home/sharmila/.gradle/caches/modules-2/files-2.1/org.springframework.boot/spring-boot/1.4.3.RELEASE/17f94def4460075afdfba6bf8f897cd1fc95bf77/spring-boot-1.4.3.RELEASE.jar
7f1532850000-7f153285f000 r--s 00084000 08:03 5923574                    /home/sharmila/.gradle/caches/modules-2/files-2.1/org.springframework/spring-test/4.3.5.RELEASE/a1965127e07b469d8e5bb3d2b0ff850423b66be4/spring-test-4.3.5.RELEASE.jar
7f153285f000-7f1532875000 r--s 000fa000 08:03 5923530                    /home/sharmila/.gradle/caches/modules-2/files-2.1/org.springframework/spring-core/4.3.5.RELEASE/80299e3f80e8c6d5c076db2ba6adf44a4b52f578/spring-core-4.3.5.RELEASE.jar
7f1532875000-7f1532891000 r--s 00103000 08:03 5916914                    /home/sharmila/.gradle/caches/modules-2/files-2.1/org.mockito/mockito-core/1.10.19/e8546f5bef4e061d8dd73895b4e8f40e3fe6effe/mockito-core-1.10.19.jar
7f1532891000-7f15328a4000 r--s 000d2000 08:03 5916913                    /home/sharmila/.gradle/caches/modules-2/files-2.1/org.assertj/assertj-core/2.5.0/fcd21db4c5f33e5dcac69bf1816415fe0647582f/assertj-core-2.5.0.jar
7f15328a4000-7f153290d000 r--s 004f3000 08:03 5923432                    /home/sharmila/.gradle/caches/modules-2/files-2.1/org.hibernate/hibernate-core/5.0.11.Final/c2487fb72a2217a7cec9ab478d4c21a36fc09977/hibernate-core-5.0.11.Final.jar
7f153290d000-7f153290e000 ---p 00000000 00:00 0 
7f153290e000-7f1532a0e000 rw-p 00000000 00:00 0                          [stack:3837]
7f1532a0e000-7f1532a11000 ---p 00000000 00:00 0 
7f1532a11000-7f1532b0f000 rw-p 00000000 00:00 0                          [stack:3836]
7f1532b0f000-7f1532b12000 ---p 00000000 00:00 0 
7f1532b12000-7f1532c10000 rw-p 00000000 00:00 0                          [stack:3835]
7f1532c10000-7f1532c13000 ---p 00000000 00:00 0 
7f1532c13000-7f1532d11000 rw-p 00000000 00:00 0                          [stack:3834]
7f1532d11000-7f1532d14000 ---p 00000000 00:00 0 
7f1532d14000-7f1532e12000 rw-p 00000000 00:00 0                          [stack:3833]
7f1532e12000-7f1532e15000 ---p 00000000 00:00 0 
7f1532e15000-7f1532f13000 rw-p 00000000 00:00 0                          [stack:3832]
7f1532f13000-7f15335f6000 r--p 00000000 08:03 3152909                    /usr/lib/locale/locale-archive
7f15335f6000-7f15335f9000 ---p 00000000 00:00 0 
7f15335f9000-7f15336f7000 rw-p 00000000 00:00 0                          [stack:3831]
7f15336f7000-7f15336fa000 ---p 00000000 00:00 0 
7f15336fa000-7f15337f8000 rw-p 00000000 00:00 0                          [stack:3830]
7f15337f8000-7f15337f9000 ---p 00000000 00:00 0 
7f15337f9000-7f1534000000 rw-p 00000000 00:00 0                          [stack:3829]
7f1534000000-7f1534021000 rw-p 00000000 00:00 0 
7f1534021000-7f1538000000 ---p 00000000 00:00 0 
7f1538000000-7f1538021000 rw-p 00000000 00:00 0 
7f1538021000-7f153c000000 ---p 00000000 00:00 0 
7f153c000000-7f153c024000 rw-p 00000000 00:00 0 
7f153c024000-7f1540000000 ---p 00000000 00:00 0 
7f1540000000-7f1540021000 rw-p 00000000 00:00 0 
7f1540021000-7f1544000000 ---p 00000000 00:00 0 
7f1544000000-7f1544005000 r--s 00036000 08:03 5917542                    /home/sharmila/.gradle/caches/modules-2/files-2.1/org.apache.tomcat.embed/tomcat-embed-websocket/8.5.6/6f6940a216b380ea8506530c374fcfeef820ba54/tomcat-embed-websocket-8.5.6.jar
7f1544005000-7f1544006000 r--s 00000000 08:03 5923577                    /home/sharmila/.gradle/caches/modules-2/files-2.1/org.springframework.boot/spring-boot-starter-logging/1.4.3.RELEASE/1c58783c0694abf695babfd39829922d2d501ec2/spring-boot-starter-logging-1.4.3.RELEASE.jar
7f1544006000-7f1544007000 r--s 00006000 08:03 5916915                    /home/sharmila/.gradle/caches/modules-2/files-2.1/org.skyscreamer/jsonassert/1.3.0/d5c250eb122496866de36dc84f98e2945845ecdd/jsonassert-1.3.0.jar
7f1544007000-7f1544009000 r--s 00009000 08:03 5913472                    /home/sharmila/.gradle/caches/modules-2/files-2.1/org.hamcrest/hamcrest-core/1.3/42a25dc3219429f0e5d060061f71acb49bf010a0/hamcrest-core-1.3.jar
7f1544009000-7f154400e000 r--s 0002e000 08:03 5916911                    /home/sharmila/.gradle/caches/modules-2/files-2.1/com.jayway.jsonpath/json-path/2.2.0/22290d17944bd239fabf5ac69005a60a7ecbbbcb/json-path-2.2.0.jar
7f154400e000-7f1544013000 r--s 00017000 08:03 5923573                    /home/sharmila/.gradle/caches/modules-2/files-2.1/org.springframework.boot/spring-boot-test-autoconfigure/1.4.3.RELEASE/1a7587605e981a58104a501ab1896e2eb7a76686/spring-boot-test-autoconfigure-1.4.3.RELEASE.jar
7f1544013000-7f1544018000 r--s 00021000 08:03 5923572                    /home/sharmila/.gradle/caches/modules-2/files-2.1/org.springframework.boot/spring-boot-test/1.4.3.RELEASE/2d76638f0f13b33859bf3b927c232ff0f8a4ffbf/spring-boot-test-1.4.3.RELEASE.jar
7f1544018000-7f154401e000 r--s 0003d000 08:03 5916762                    /home/sharmila/.gradle/caches/modules-2/files-2.1/org.yaml/snakeyaml/1.17/7a27ea250c5130b2922b86dea63cbb1cc10a660c/snakeyaml-1.17.jar
7f154401e000-7f1544020000 r--s 00006000 08:03 5923638                    /home/sharmila/.gradle/caches/modules-2/files-2.1/com.beust/jcommander/1.12/7409692b48022f9eca7445861defbcdb9ee3c2a8/jcommander-1.12.jar
7f1544020000-7f1544025000 r--s 00040000 08:03 5923637                    /home/sharmila/.gradle/caches/modules-2/files-2.1/org.beanshell/bsh/2.0b4/a05f0a0feefa8d8467ac80e16e7de071489f0d9c/bsh-2.0b4.jar
7f1544025000-7f154402d000 r--s 00045000 08:03 5913471                    /home/sharmila/.gradle/caches/modules-2/files-2.1/junit/junit/4.12/2973d150c0dc1fefe998f834810d68f278ea58ec/junit-4.12.jar
7f154402d000-7f1544030000 r--s 0000c000 08:03 5923895                    /home/sharmila/.gradle/caches/modules-2/files-2.1/org.springframework/spring-aspects/4.3.5.RELEASE/8c00c15865a1da0a1ba143a50622a8436a56e097/spring-aspects-4.3.5.RELEASE.jar
7f1544030000-7f1544036000 r--s 0003f000 08:03 5923894                    /home/sharmila/.gradle/caches/modules-2/files-2.1/org.springframework.data/spring-data-jpa/1.10.6.RELEASE/5d478860b24a493845248c1c336c33a657567bd3/spring-data-jpa-1.10.6.RELEASE.jar
7f1544036000-7f1544043000 r--s 00089000 08:03 5923892                    /home/sharmila/.gradle/caches/modules-2/files-2.1/org.hibernate/hibernate-entitymanager/5.0.11.Final/549565caed4e0bcb816843693e66ff7b04ce025f/hibernate-entitymanager-5.0.11.Final.jar
7f1544043000-7f154404d000 r--s 000ae000 08:03 5916958                    /home/sharmila/.gradle/caches/modules-2/files-2.1/org.javassist/javassist/3.20.0-GA/a9cbcdfb7e9f86fbc74d3afae65f2248bfbf82a0/javassist-3.20.0-GA.jar
7f154404d000-7f1544052000 r--s 00017000 08:03 5923828                    /home/sharmila/.gradle/caches/modules-2/files-2.1/org.hibernate.javax.persistence/hibernate-jpa-2.1-api/1.0.0.Final/5e731d961297e5a07290bfaf3db1fbc8bbbf405a/hibernate-jpa-2.1-api-1.0.0.Final.jar
7f1544052000-7f1544065000 r--s 00236000 08:03 5916949                    /home/sharmila/.gradle/caches/modules-2/files-2.1/org.eclipse.jdt.core.compiler/ecj/4.5.1/bee1367ac12fb6a20b422ff8711ebeb4f0a42316/ecj-4.5.1.jar
7f1544065000-7f154406a000 r--s 00036000 08:03 5917541                    /home/sharmila/.gradle/caches/modules-2/files-2.1/org.apache.tomcat.embed/tomcat-embed-el/8.5.6/a102298d8dc72f4065533d5962953d753b172602/tomcat-embed-el-8.5.6.jar
7f154406a000-7f1544093000 r--s 002b2000 08:03 5917540                    /home/sharmila/.gradle/caches/modules-2/files-2.1/org.apache.tomcat.embed/tomcat-embed-core/8.5.6/960834b5abc6b2135250487abf6c060a0fa5a22e/tomcat-embed-core-8.5.6.jar
7f1544093000-7f15440a4000 r--s 000cf000 08:03 5923571                    /home/sharmila/.gradle/caches/modules-2/files-2.1/org.springframework/spring-webmvc/4.3.5.RELEASE/c624659217edab07d8279fb0f90462136f089220/spring-webmvc-4.3.5.RELEASE.jar
7f15440a4000-7f15440b6000 r--s 000b6000 08:03 5923570                    /home/sharmila/.gradle/caches/modules-2/files-2.1/org.springframework/spring-web/4.3.5.RELEASE/6641daccf2fddafc8358144f3a4f999130fdf144/spring-web-4.3.5.RELEASE.jar
7f15440b6000-7f15440c7000 r--s 0011d000 08:03 5923569                    /home/sharmila/.gradle/caches/modules-2/files-2.1/com.fasterxml.jackson.core/jackson-databind/2.8.5/b3035f37e674c04dafe36a660c3815cc59f764e2/jackson-databind-2.8.5.jar
7f15440c7000-7f15440d7000 r--s 0009c000 08:03 5916756                    /home/sharmila/.gradle/caches/modules-2/files-2.1/org.hibernate/hibernate-validator/5.2.4.Final/fb18766b576aa6632bcfe9a20a023cbd52bf9769/hibernate-validator-5.2.4.Final.jar
7f15440d7000-7f15440e3000 r--s 000a4000 08:03 5923636                    /home/sharmila/.gradle/caches/modules-2/files-2.1/org.testng/testng/6.5.2/5069d2e72356ed87645c5fc3622b0bbb5e0667c9/testng-6.5.2.jar
7f15440e3000-7f15440e8000 r--s 00309000 08:03 5923826                    /home/sharmila/.gradle/caches/modules-2/files-2.1/org.xerial/sqlite-jdbc/3.7.2/7a3d67f00508d3881650579f7f228c61bfc1b196/sqlite-jdbc-3.7.2.jar
7f15440e8000-7f15440f1000 r--s 00095000 08:03 5913393                    /home/sharmila/.gradle/caches/modules-2/files-2.1/org.apache.tomcat.embed/tomcat-embed-jasper/9.0.0.M11/e2cd5a7038094195c3163532e01daf051d9265fe/tomcat-embed-jasper-9.0.0.M11.jar
7f15440f1000-7f15440f9000 r--s 00046000 08:03 2759763                    /home/sharmila/Downloads/sts 3.6.4/sts-bundle/sts-3.6.4.RELEASE/plugins/org.testng.eclipse_6.10.0.201612030230/lib/testng-remote.jar
7f15440f9000-7f1545000000 rw-p 00000000 00:00 0 
7f1545000000-7f1545c40000 rwxp 00000000 00:00 0 
7f1545c40000-7f1554000000 ---p 00000000 00:00 0 
7f1554000000-7f15563ff000 rw-p 00000000 00:00 0 
7f15563ff000-7f1558000000 ---p 00000000 00:00 0 
7f1558000000-7f1558001000 r--s 0000c000 08:03 5916912                    /home/sharmila/.gradle/caches/modules-2/files-2.1/org.hamcrest/hamcrest-library/1.3/4785a3c21320980282f9f33d0d1264a69040538f/hamcrest-library-1.3.jar
7f1558001000-7f1558003000 r--s 00006000 08:03 5923893                    /home/sharmila/.gradle/caches/modules-2/files-2.1/javax.transaction/javax.transaction-api/1.2/d81aff979d603edd90dcd8db2abc1f4ce6479e3e/javax.transaction-api-1.2.jar
7f1558003000-7f1558004000 r--s 00000000 08:03 5923891                    /home/sharmila/.gradle/caches/modules-2/files-2.1/org.springframework.boot/spring-boot-starter-jdbc/1.4.3.RELEASE/7ce66cf27ea731189248be7af2ab84ba189e1151/spring-boot-starter-jdbc-1.4.3.RELEASE.jar
7f1558004000-7f15581aa000 rw-p 00000000 00:00 0 
7f15581aa000-7f1558383000 r--s 03d3e000 08:03 3569606                    /usr/lib/jvm/java-8-oracle/jre/lib/rt.jar
7f1558383000-7f155a40c000 rw-p 00000000 00:00 0 
7f155a40c000-7f155a40d000 ---p 00000000 00:00 0 
7f155a40d000-7f155a50d000 rw-p 00000000 00:00 0                          [stack:3828]
7f155a50d000-7f155a50e000 ---p 00000000 00:00 0 
7f155a50e000-7f155a60e000 rw-p 00000000 00:00 0                          [stack:3827]
7f155a60e000-7f155a60f000 ---p 00000000 00:00 0 
7f155a60f000-7f155a70f000 rw-p 00000000 00:00 0                          [stack:3826]
7f155a70f000-7f155a710000 ---p 00000000 00:00 0 
7f155a710000-7f155a830000 rw-p 00000000 00:00 0                          [stack:3825]
7f155a830000-7f155a952000 ---p 00000000 00:00 0 
7f155a952000-7f155a972000 rw-p 00000000 00:00 0 
7f155a972000-7f155aa94000 ---p 00000000 00:00 0 
7f155aa94000-7f155ab03000 rw-p 00000000 00:00 0 
7f155ab03000-7f155ab35000 ---p 00000000 00:00 0 
7f155ab35000-7f155ab67000 rw-p 00000000 00:00 0 
7f155ab67000-7f155aef6000 ---p 00000000 00:00 0 
7f155aef6000-7f155af10000 r-xp 00000000 08:03 4870864                    /usr/lib/jvm/java-8-oracle/jre/lib/amd64/libzip.so
7f155af10000-7f155b110000 ---p 0001a000 08:03 4870864                    /usr/lib/jvm/java-8-oracle/jre/lib/amd64/libzip.so
7f155b110000-7f155b111000 rw-p 0001a000 08:03 4870864                    /usr/lib/jvm/java-8-oracle/jre/lib/amd64/libzip.so
7f155b111000-7f155b11b000 r-xp 00000000 08:03 4070135                    /lib/x86_64-linux-gnu/libnss_files-2.19.so
7f155b11b000-7f155b31a000 ---p 0000a000 08:03 4070135                    /lib/x86_64-linux-gnu/libnss_files-2.19.so
7f155b31a000-7f155b31b000 r--p 00009000 08:03 4070135                    /lib/x86_64-linux-gnu/libnss_files-2.19.so
7f155b31b000-7f155b31c000 rw-p 0000a000 08:03 4070135                    /lib/x86_64-linux-gnu/libnss_files-2.19.so
7f155b31c000-7f155b327000 r-xp 00000000 08:03 4070127                    /lib/x86_64-linux-gnu/libnss_nis-2.19.so
7f155b327000-7f155b526000 ---p 0000b000 08:03 4070127                    /lib/x86_64-linux-gnu/libnss_nis-2.19.so
7f155b526000-7f155b527000 r--p 0000a000 08:03 4070127                    /lib/x86_64-linux-gnu/libnss_nis-2.19.so
7f155b527000-7f155b528000 rw-p 0000b000 08:03 4070127                    /lib/x86_64-linux-gnu/libnss_nis-2.19.so
7f155b528000-7f155b53f000 r-xp 00000000 08:03 4070123                    /lib/x86_64-linux-gnu/libnsl-2.19.so
7f155b53f000-7f155b73e000 ---p 00017000 08:03 4070123                    /lib/x86_64-linux-gnu/libnsl-2.19.so
7f155b73e000-7f155b73f000 r--p 00016000 08:03 4070123                    /lib/x86_64-linux-gnu/libnsl-2.19.so
7f155b73f000-7f155b740000 rw-p 00017000 08:03 4070123                    /lib/x86_64-linux-gnu/libnsl-2.19.so
7f155b740000-7f155b742000 rw-p 00000000 00:00 0 
7f155b742000-7f155b74b000 r-xp 00000000 08:03 4070122                    /lib/x86_64-linux-gnu/libnss_compat-2.19.so
7f155b74b000-7f155b94a000 ---p 00009000 08:03 4070122                    /lib/x86_64-linux-gnu/libnss_compat-2.19.so
7f155b94a000-7f155b94b000 r--p 00008000 08:03 4070122                    /lib/x86_64-linux-gnu/libnss_compat-2.19.so
7f155b94b000-7f155b94c000 rw-p 00009000 08:03 4070122                    /lib/x86_64-linux-gnu/libnss_compat-2.19.so
7f155b94c000-7f155b977000 r-xp 00000000 08:03 4870782                    /usr/lib/jvm/java-8-oracle/jre/lib/amd64/libjava.so
7f155b977000-7f155bb76000 ---p 0002b000 08:03 4870782                    /usr/lib/jvm/java-8-oracle/jre/lib/amd64/libjava.so
7f155bb76000-7f155bb78000 rw-p 0002a000 08:03 4870782                    /usr/lib/jvm/java-8-oracle/jre/lib/amd64/libjava.so
7f155bb78000-7f155bb85000 r-xp 00000000 08:03 4870821                    /usr/lib/jvm/java-8-oracle/jre/lib/amd64/libverify.so
7f155bb85000-7f155bd84000 ---p 0000d000 08:03 4870821                    /usr/lib/jvm/java-8-oracle/jre/lib/amd64/libverify.so
7f155bd84000-7f155bd86000 rw-p 0000c000 08:03 4870821                    /usr/lib/jvm/java-8-oracle/jre/lib/amd64/libverify.so
7f155bd86000-7f155bd8d000 r-xp 00000000 08:03 4070131                    /lib/x86_64-linux-gnu/librt-2.19.so
7f155bd8d000-7f155bf8c000 ---p 00007000 08:03 4070131                    /lib/x86_64-linux-gnu/librt-2.19.so
7f155bf8c000-7f155bf8d000 r--p 00006000 08:03 4070131                    /lib/x86_64-linux-gnu/librt-2.19.so
7f155bf8d000-7f155bf8e000 rw-p 00007000 08:03 4070131                    /lib/x86_64-linux-gnu/librt-2.19.so
7f155bf8e000-7f155c093000 r-xp 00000000 08:03 4070117                    /lib/x86_64-linux-gnu/libm-2.19.so
7f155c093000-7f155c292000 ---p 00105000 08:03 4070117                    /lib/x86_64-linux-gnu/libm-2.19.so
7f155c292000-7f155c293000 r--p 00104000 08:03 4070117                    /lib/x86_64-linux-gnu/libm-2.19.so
7f155c293000-7f155c294000 rw-p 00105000 08:03 4070117                    /lib/x86_64-linux-gnu/libm-2.19.so
7f155c294000-7f155cf62000 r-xp 00000000 08:03 5260205                    /usr/lib/jvm/java-8-oracle/jre/lib/amd64/server/libjvm.so
7f155cf62000-7f155d162000 ---p 00cce000 08:03 5260205                    /usr/lib/jvm/java-8-oracle/jre/lib/amd64/server/libjvm.so
7f155d162000-7f155d23b000 rw-p 00cce000 08:03 5260205                    /usr/lib/jvm/java-8-oracle/jre/lib/amd64/server/libjvm.so
7f155d23b000-7f155d286000 rw-p 00000000 00:00 0 
7f155d286000-7f155d440000 r-xp 00000000 08:03 4070132                    /lib/x86_64-linux-gnu/libc-2.19.so
7f155d440000-7f155d640000 ---p 001ba000 08:03 4070132                    /lib/x86_64-linux-gnu/libc-2.19.so
7f155d640000-7f155d644000 r--p 001ba000 08:03 4070132                    /lib/x86_64-linux-gnu/libc-2.19.so
7f155d644000-7f155d646000 rw-p 001be000 08:03 4070132                    /lib/x86_64-linux-gnu/libc-2.19.so
7f155d646000-7f155d64b000 rw-p 00000000 00:00 0 
7f155d64b000-7f155d64e000 r-xp 00000000 08:03 4070119                    /lib/x86_64-linux-gnu/libdl-2.19.so
7f155d64e000-7f155d84d000 ---p 00003000 08:03 4070119                    /lib/x86_64-linux-gnu/libdl-2.19.so
7f155d84d000-7f155d84e000 r--p 00002000 08:03 4070119                    /lib/x86_64-linux-gnu/libdl-2.19.so
7f155d84e000-7f155d84f000 rw-p 00003000 08:03 4070119                    /lib/x86_64-linux-gnu/libdl-2.19.so
7f155d84f000-7f155d864000 r-xp 00000000 08:03 3555343                    /usr/lib/jvm/java-8-oracle/lib/amd64/jli/libjli.so
7f155d864000-7f155da64000 ---p 00015000 08:03 3555343                    /usr/lib/jvm/java-8-oracle/lib/amd64/jli/libjli.so
7f155da64000-7f155da65000 rw-p 00015000 08:03 3555343                    /usr/lib/jvm/java-8-oracle/lib/amd64/jli/libjli.so
7f155da65000-7f155da7e000 r-xp 00000000 08:03 4070124                    /lib/x86_64-linux-gnu/libpthread-2.19.so
7f155da7e000-7f155dc7d000 ---p 00019000 08:03 4070124                    /lib/x86_64-linux-gnu/libpthread-2.19.so
7f155dc7d000-7f155dc7e000 r--p 00018000 08:03 4070124                    /lib/x86_64-linux-gnu/libpthread-2.19.so
7f155dc7e000-7f155dc7f000 rw-p 00019000 08:03 4070124                    /lib/x86_64-linux-gnu/libpthread-2.19.so
7f155dc7f000-7f155dc83000 rw-p 00000000 00:00 0 
7f155dc83000-7f155dca6000 r-xp 00000000 08:03 4070125                    /lib/x86_64-linux-gnu/ld-2.19.so
7f155dca6000-7f155dca7000 r--s 00000000 08:03 5923890                    /home/sharmila/.gradle/caches/modules-2/files-2.1/org.springframework.boot/spring-boot-starter-aop/1.4.3.RELEASE/30b11b6455bed446d3b4a1a49fab529b2cfac454/spring-boot-starter-aop-1.4.3.RELEASE.jar
7f155dca7000-7f155dca9000 r--s 0000f000 08:03 5916917                    /home/sharmila/.gradle/caches/modules-2/files-2.1/org.jboss.logging/jboss-logging/3.3.0.Final/3616bb87707910296e2c195dc016287080bba5af/jboss-logging-3.3.0.Final.jar
7f155dca9000-7f155dcaa000 r--s 00000000 08:03 5923568                    /home/sharmila/.gradle/caches/modules-2/files-2.1/org.springframework.boot/spring-boot-starter-tomcat/1.4.3.RELEASE/61c48035a7a3b06b42fdd07b7109e562077b3792/spring-boot-starter-tomcat-1.4.3.RELEASE.jar
7f155dcaa000-7f155dd7c000 rw-p 00000000 00:00 0 
7f155dd7c000-7f155dd7f000 ---p 00000000 00:00 0 
7f155dd7f000-7f155de81000 rw-p 00000000 00:00 0                          [stack:3824]
7f155de81000-7f155de82000 r--s 00000000 08:03 5923567                    /home/sharmila/.gradle/caches/modules-2/files-2.1/org.springframework.boot/spring-boot-starter/1.4.3.RELEASE/c99bad104719e947b3f9aa2b7569583805e4c5d5/spring-boot-starter-1.4.3.RELEASE.jar
7f155de82000-7f155de83000 r--s 00000000 08:03 5923566                    /home/sharmila/.gradle/caches/modules-2/files-2.1/org.springframework.boot/spring-boot-starter-test/1.4.3.RELEASE/6e9f1dbd3f68299c0183630ef07ca430de160050/spring-boot-starter-test-1.4.3.RELEASE.jar
7f155de83000-7f155de84000 r--s 00000000 08:03 5923889                    /home/sharmila/.gradle/caches/modules-2/files-2.1/org.springframework.boot/spring-boot-starter-data-jpa/1.4.3.RELEASE/ffda06c2144d10239014407333c223a237b73ad7/spring-boot-starter-data-jpa-1.4.3.RELEASE.jar
7f155de84000-7f155de85000 r--s 00003000 08:03 5923431                    /home/sharmila/.gradle/caches/modules-2/files-2.1/org.hibernate/hibernate-gradle-plugin/5.2.3.Final/db2ad8695e48a03a566b74fb5fc07c1732c1f5e5/hibernate-gradle-plugin-5.2.3.Final.jar
7f155de85000-7f155de86000 r--s 00000000 08:03 5923565                    /home/sharmila/.gradle/caches/modules-2/files-2.1/org.springframework.boot/spring-boot-starter-web/1.4.3.RELEASE/a0dcc919eda8e8ecb6f13f52a30e6afbb8266103/spring-boot-starter-web-1.4.3.RELEASE.jar
7f155de86000-7f155de99000 rw-p 00000000 00:00 0 
7f155de99000-7f155dea1000 rw-s 00000000 08:03 5917607                    /tmp/hsperfdata_sharmila/3818
7f155dea1000-7f155dea2000 rw-p 00000000 00:00 0 
7f155dea2000-7f155dea3000 r--p 00000000 00:00 0 
7f155dea3000-7f155dea5000 rw-p 00000000 00:00 0 
7f155dea5000-7f155dea6000 r--p 00022000 08:03 4070125                    /lib/x86_64-linux-gnu/ld-2.19.so
7f155dea6000-7f155dea7000 rw-p 00023000 08:03 4070125                    /lib/x86_64-linux-gnu/ld-2.19.so
7f155dea7000-7f155dea8000 rw-p 00000000 00:00 0 
7ffd9b666000-7ffd9b68a000 rw-p 00000000 00:00 0                          [stack]
7ffd9b727000-7ffd9b729000 r-xp 00000000 00:00 0                          [vdso]
ffffffffff600000-ffffffffff601000 r-xp 00000000 00:00 0                  [vsyscall]

VM Arguments:
jvm_args: -ea -Dfile.encoding=UTF-8 
java_command: org.testng.remote.RemoteTestNG -serport 48160 -protocol json -d /home/sharmila/Documents/work-office/TestNG_Project/test-output /tmp/testng-eclipse--616265216/testng-customsuite.xml
java_class_path (initial): /home/sharmila/Downloads/sts 3.6.4/sts-bundle/sts-3.6.4.RELEASE/plugins/org.testng.eclipse_6.10.0.201612030230/lib/testng-remote.jar:/home/sharmila/Documents/work-office/TestNG_Project/bin:/home/sharmila/.gradle/caches/modules-2/files-2.1/org.springframework.boot/spring-boot-starter-web/1.4.3.RELEASE/a0dcc919eda8e8ecb6f13f52a30e6afbb8266103/spring-boot-starter-web-1.4.3.RELEASE.jar:/home/sharmila/.gradle/caches/modules-2/files-2.1/org.apache.tomcat.embed/tomcat-embed-jasper/9.0.0.M11/e2cd5a7038094195c3163532e01daf051d9265fe/tomcat-embed-jasper-9.0.0.M11.jar:/home/sharmila/.gradle/caches/modules-2/files-2.1/org.xerial/sqlite-jdbc/3.7.2/7a3d67f00508d3881650579f7f228c61bfc1b196/sqlite-jdbc-3.7.2.jar:/home/sharmila/.gradle/caches/modules-2/files-2.1/org.hibernate/hibernate-gradle-plugin/5.2.3.Final/db2ad8695e48a03a566b74fb5fc07c1732c1f5e5/hibernate-gradle-plugin-5.2.3.Final.jar:/home/sharmila/.gradle/caches/modules-2/files-2.1/org.springframework.boot/spring-boot-starter-data-jpa/1.4.3.RELEASE/ffda06c2144d10239014407333c223a237b73ad7/spring-boot-starter-data-jpa-1.4.3.RELEASE.jar:/home/sharmila/.gradle/caches/modules-2/files-2.1/org.testng/testng/6.5.2/5069d2e72356ed87645c5fc3622b0bbb5e0667c9/testng-6.5.2.jar:/home/sharmila/.gradle/caches/modules-2/files-2.1/org.springframework.boot/spring-boot-starter-test/1.4.3.RELEASE/6e9f1dbd3f68299c0183630ef07ca430de160050/spring-boot-starter-test-1.4.3.RELEASE.jar:/home/sharmila/.gradle/caches/modules-2/files-2.1/org.springframework.boot/spring-boot-starter/1.4.3.RELEASE/c99bad104719e947b3f9aa2b7569583805e4c5d5/spring-boot-starter-1.4.3.RELEASE.jar:/home/sharmila/.gradle/caches/modules-2/files-2.1/org.springframework.boot/spring-boot-starter-tomcat/1.4.3.RELEASE/61c48035a7a3b06b42fdd07b7109e562077b3792/spring-boot-starter-tomcat-1.4.3.RELEASE.jar:/home/sharmila/.gradle/caches/modules-2/files-2.1/org.hibernate/hibernate-validator/5.2.4.Final/fb18766b576aa6632bcfe9a20a023cbd52bf9769/hibernate-validator-5
Launcher Type: SUN_STANDARD

Environment Variables:
JAVA_HOME=/usr/lib/jvm/java-8-oracle
PATH=/usr/local/sbin:/usr/local/bin:/usr/sbin:/usr/bin:/sbin:/bin:/usr/games:/usr/local/games:/usr/lib/jvm/java-8-oracle/bin:/usr/lib/jvm/java-8-oracle/db/bin:/usr/lib/jvm/java-8-oracle/jre/bin
SHELL=/bin/bash
DISPLAY=:0.0

Signal Handlers:
SIGSEGV: [libjvm.so+0xac78c0], sa_mask[0]=11111111011111111101111111111110, sa_flags=SA_RESTART|SA_SIGINFO
SIGBUS: [libjvm.so+0xac78c0], sa_mask[0]=11111111011111111101111111111110, sa_flags=SA_RESTART|SA_SIGINFO
SIGFPE: [libjvm.so+0x920ac0], sa_mask[0]=11111111011111111101111111111110, sa_flags=SA_RESTART|SA_SIGINFO
SIGPIPE: [libjvm.so+0x920ac0], sa_mask[0]=11111111011111111101111111111110, sa_flags=SA_RESTART|SA_SIGINFO
SIGXFSZ: [libjvm.so+0x920ac0], sa_mask[0]=11111111011111111101111111111110, sa_flags=SA_RESTART|SA_SIGINFO
SIGILL: [libjvm.so+0x920ac0], sa_mask[0]=11111111011111111101111111111110, sa_flags=SA_RESTART|SA_SIGINFO
SIGUSR1: SIG_DFL, sa_mask[0]=00000000000000000000000000000000, sa_flags=none
SIGUSR2: [libjvm.so+0x922300], sa_mask[0]=00100000000000000000000000000000, sa_flags=SA_RESTART|SA_SIGINFO
SIGHUP: [libjvm.so+0x923700], sa_mask[0]=11111111011111111101111111111110, sa_flags=SA_RESTART|SA_SIGINFO
SIGINT: [libjvm.so+0x923700], sa_mask[0]=11111111011111111101111111111110, sa_flags=SA_RESTART|SA_SIGINFO
SIGTERM: [libjvm.so+0x923700], sa_mask[0]=11111111011111111101111111111110, sa_flags=SA_RESTART|SA_SIGINFO
SIGQUIT: [libjvm.so+0x923700], sa_mask[0]=11111111011111111101111111111110, sa_flags=SA_RESTART|SA_SIGINFO


---------------  S Y S T E M  ---------------

OS:DISTRIB_ID=Ubuntu
DISTRIB_RELEASE=14.04
DISTRIB_CODENAME=trusty
DISTRIB_DESCRIPTION="Ubuntu 14.04.5 LTS"

uname:Linux 3.13.0-107-generic #154-Ubuntu SMP Tue Dec 20 09:57:27 UTC 2016 x86_64
libc:glibc 2.19 NPTL 2.19 
rlimit: STACK 8192k, CORE 0k, NPROC 30712, NOFILE 4096, AS infinity
load average:1.10 0.79 0.52

/proc/meminfo:
MemTotal:        3953548 kB
MemFree:          129624 kB
Buffers:           51168 kB
Cached:          1025220 kB
SwapCached:            0 kB
Active:          2518336 kB
Inactive:        1086620 kB
Active(anon):    2111804 kB
Inactive(anon):   649148 kB
Active(file):     406532 kB
Inactive(file):   437472 kB
Unevictable:         208 kB
Mlocked:             208 kB
SwapTotal:       7999484 kB
SwapFree:        7999456 kB
Dirty:               244 kB
Writeback:             0 kB
AnonPages:       2528788 kB
Mapped:           309900 kB
Shmem:            232412 kB
Slab:              99884 kB
SReclaimable:      62880 kB
SUnreclaim:        37004 kB
KernelStack:        5528 kB
PageTables:        46360 kB
NFS_Unstable:          0 kB
Bounce:                0 kB
WritebackTmp:          0 kB
CommitLimit:     9976256 kB
Committed_AS:    7272684 kB
VmallocTotal:   34359738367 kB
VmallocUsed:      400992 kB
VmallocChunk:   34359328252 kB
HardwareCorrupted:     0 kB
AnonHugePages:    931840 kB
HugePages_Total:       0
HugePages_Free:        0
HugePages_Rsvd:        0
HugePages_Surp:        0
Hugepagesize:       2048 kB
DirectMap4k:       86188 kB
DirectMap2M:     2965504 kB
DirectMap1G:     1048576 kB


CPU:total 4 (2 cores per cpu, 2 threads per core) family 6 model 69 stepping 1, cmov, cx8, fxsr, mmx, sse, sse2, sse3, ssse3, sse4.1, sse4.2, popcnt, avx, avx2, aes, clmul, erms, lzcnt, ht, tsc, tscinvbit, bmi1, bmi2

/proc/cpuinfo:
processor	: 0
vendor_id	: GenuineIntel
cpu family	: 6
model		: 69
model name	: Intel(R) Core(TM) i5-4200U CPU @ 1.60GHz
stepping	: 1
microcode	: 0x17
cpu MHz		: 1600.000
cache size	: 3072 KB
physical id	: 0
siblings	: 4
core id		: 0
cpu cores	: 2
apicid		: 0
initial apicid	: 0
fpu		: yes
fpu_exception	: yes
cpuid level	: 13
wp		: yes
flags		: fpu vme de pse tsc msr pae mce cx8 apic sep mtrr pge mca cmov pat pse36 clflush dts acpi mmx fxsr sse sse2 ss ht tm pbe syscall nx pdpe1gb rdtscp lm constant_tsc arch_perfmon pebs bts rep_good nopl xtopology nonstop_tsc aperfmperf eagerfpu pni pclmulqdq dtes64 monitor ds_cpl vmx est tm2 ssse3 fma cx16 xtpr pdcm pcid sse4_1 sse4_2 movbe popcnt tsc_deadline_timer aes xsave avx f16c rdrand lahf_lm abm ida arat epb xsaveopt pln pts dtherm tpr_shadow vnmi flexpriority ept vpid fsgsbase tsc_adjust bmi1 avx2 smep bmi2 erms invpcid
bogomips	: 4589.35
clflush size	: 64
cache_alignment	: 64
address sizes	: 39 bits physical, 48 bits virtual
power management:

processor	: 1
vendor_id	: GenuineIntel
cpu family	: 6
model		: 69
model name	: Intel(R) Core(TM) i5-4200U CPU @ 1.60GHz
stepping	: 1
microcode	: 0x17
cpu MHz		: 1600.000
cache size	: 3072 KB
physical id	: 0
siblings	: 4
core id		: 0
cpu cores	: 2
apicid		: 1
initial apicid	: 1
fpu		: yes
fpu_exception	: yes
cpuid level	: 13
wp		: yes
flags		: fpu vme de pse tsc msr pae mce cx8 apic sep mtrr pge mca cmov pat pse36 clflush dts acpi mmx fxsr sse sse2 ss ht tm pbe syscall nx pdpe1gb rdtscp lm constant_tsc arch_perfmon pebs bts rep_good nopl xtopology nonstop_tsc aperfmperf eagerfpu pni pclmulqdq dtes64 monitor ds_cpl vmx est tm2 ssse3 fma cx16 xtpr pdcm pcid sse4_1 sse4_2 movbe popcnt tsc_deadline_timer aes xsave avx f16c rdrand lahf_lm abm ida arat epb xsaveopt pln pts dtherm tpr_shadow vnmi flexpriority ept vpid fsgsbase tsc_adjust bmi1 avx2 smep bmi2 erms invpcid
bogomips	: 4589.35
clflush size	: 64
cache_alignment	: 64
address sizes	: 39 bits physical, 48 bits virtual
power management:

processor	: 2
vendor_id	: GenuineIntel
cpu family	: 6
model		: 69
model name	: Intel(R) Core(TM) i5-4200U CPU @ 1.60GHz
stepping	: 1
microcode	: 0x17
cpu MHz		: 1600.000
cache size	: 3072 KB
physical id	: 0
siblings	: 4
core id		: 1
cpu cores	: 2
apicid		: 2
initial apicid	: 2
fpu		: yes
fpu_exception	: yes
cpuid level	: 13
wp		: yes
flags		: fpu vme de pse tsc msr pae mce cx8 apic sep mtrr pge mca cmov pat pse36 clflush dts acpi mmx fxsr sse sse2 ss ht tm pbe syscall nx pdpe1gb rdtscp lm constant_tsc arch_perfmon pebs bts rep_good nopl xtopology nonstop_tsc aperfmperf eagerfpu pni pclmulqdq dtes64 monitor ds_cpl vmx est tm2 ssse3 fma cx16 xtpr pdcm pcid sse4_1 sse4_2 movbe popcnt tsc_deadline_timer aes xsave avx f16c rdrand lahf_lm abm ida arat epb xsaveopt pln pts dtherm tpr_shadow vnmi flexpriority ept vpid fsgsbase tsc_adjust bmi1 avx2 smep bmi2 erms invpcid
bogomips	: 4589.35
clflush size	: 64
cache_alignment	: 64
address sizes	: 39 bits physical, 48 bits virtual
power management:

processor	: 3
vendor_id	: GenuineIntel
cpu family	: 6
model		: 69
model name	: Intel(R) Core(TM) i5-4200U CPU @ 1.60GHz
stepping	: 1
microcode	: 0x17
cpu MHz		: 1600.000
cache size	: 3072 KB
physical id	: 0
siblings	: 4
core id		: 1
cpu cores	: 2
apicid		: 3
initial apicid	: 3
fpu		: yes
fpu_exception	: yes
cpuid level	: 13
wp		: yes
flags		: fpu vme de pse tsc msr pae mce cx8 apic sep mtrr pge mca cmov pat pse36 clflush dts acpi mmx fxsr sse sse2 ss ht tm pbe syscall nx pdpe1gb rdtscp lm constant_tsc arch_perfmon pebs bts rep_good nopl xtopology nonstop_tsc aperfmperf eagerfpu pni pclmulqdq dtes64 monitor ds_cpl vmx est tm2 ssse3 fma cx16 xtpr pdcm pcid sse4_1 sse4_2 movbe popcnt tsc_deadline_timer aes xsave avx f16c rdrand lahf_lm abm ida arat epb xsaveopt pln pts dtherm tpr_shadow vnmi flexpriority ept vpid fsgsbase tsc_adjust bmi1 avx2 smep bmi2 erms invpcid
bogomips	: 4589.35
clflush size	: 64
cache_alignment	: 64
address sizes	: 39 bits physical, 48 bits virtual
power management:



Memory: 4k page, physical 3953548k(129624k free), swap 7999484k(7999456k free)

vm_info: Java HotSpot(TM) 64-Bit Server VM (25.121-b13) for linux-amd64 JRE (1.8.0_121-b13), built on Dec 12 2016 16:36:53 by "java_re" with gcc 4.3.0 20080428 (Red Hat 4.3.0-8)

time: Mon Jan 23 16:51:47 2017
elapsed time: 7 seconds (0d 0h 0m 7s)

