#
# A fatal error has been detected by the Java Runtime Environment:
#
#  SIGSEGV (0xb) at pc=0x00007ff8baa90118, pid=3869, tid=0x00007ff8bbf96700
#
# JRE version: Java(TM) SE Runtime Environment (8.0_121-b13) (build 1.8.0_121-b13)
# Java VM: Java HotSpot(TM) 64-Bit Server VM (25.121-b13 mixed mode linux-amd64 compressed oops)
# Problematic frame:
# V  [libjvm.so+0x6e2118]  jni_GetStringUTFChars+0xb8
#
# Failed to write core dump. Core dumps have been disabled. To enable core dumping, try "ulimit -c unlimited" before starting Java again
#
# If you would like to submit a bug report, please visit:
#   http://bugreport.java.com/bugreport/crash.jsp
#

---------------  T H R E A D  ---------------

Current thread (0x00007ff8b4010000):  JavaThread "main" [_thread_in_vm, id=3875, stack(0x00007ff8bbe96000,0x00007ff8bbf97000)]

siginfo: si_signo: 11 (SIGSEGV), si_code: 1 (SEGV_MAPERR), si_addr: 0x0000000000000000

Registers:
RAX=0x00007ff8bb365550, RBX=0x0000000000000000, RCX=0x000000076aba5570, RDX=0x00007ff8bb3739e0
RSP=0x00007ff8bbf90b00, RBP=0x00007ff8bbf90ba0, RSI=0x00007ff8b4010000, RDI=0x00007ff8bbf90b40
R8 =0x00007ff8a5012c80, R9 =0x000000076aba5570, R10=0x0000000000000288, R11=0x00007ff8bb3739e8
R12=0x00007ff8b4010000, R13=0x0000000000000000, R14=0x00007ff8bbf90c78, R15=0x00007ff8bbf90b40
RIP=0x00007ff8baa90118, EFLAGS=0x0000000000010246, CSGSFS=0x0000000000000033, ERR=0x0000000000000004
  TRAPNO=0x000000000000000e

Top of Stack: (sp=0x00007ff8bbf90b00)
0x00007ff8bbf90b00:   00007ff8bbf90bc8 0000000000000000
0x00007ff8bbf90b10:   00007ff8a5111680 00007ff8bb375800
0x00007ff8bbf90b20:   00007ff8bbf91198 00007ff8a5012c80
0x00007ff8bbf90b30:   0000000775c99c90 0000000050200030
0x00007ff8bbf90b40:   00007ff8b4010000 0000000000000000
0x00007ff8bbf90b50:   00007ff89f800480 00007ff8a50082bd
0x00007ff8bbf90b60:   00007ff8b4010000 0000000775c99c90
0x00007ff8bbf90b70:   00007ff8bbf90c10 00007ff897075b38
0x00007ff8bbf90b80:   00007ff8b552fc38 0000000000000000
0x00007ff8bbf90b90:   00007ff8bbf90c78 00007ff8b4010000
0x00007ff8bbf90ba0:   00007ff8b40101f8 00007ff896ddf2b0
0x00007ff8bbf90bb0:   00007ff8bbf90c10 00007ff8a50082bd
0x00007ff8bbf90bc0:   00007ff897075b38 00007ff8bbf90c50
0x00007ff8bbf90bd0:   0000000000000000 00007ff897075b30
0x00007ff8bbf90be0:   00007ff8bbf90c78 00007ff8a50184cf
0x00007ff8bbf90bf0:   0000000000000000 00007ff897084ff0
0x00007ff8bbf90c00:   0000000000000000 000000076aba5570
0x00007ff8bbf90c10:   00007ff8bbf90c00 0000000000000000
0x00007ff8bbf90c20:   00007ff8bbf90c78 00007ff89707c480
0x00007ff8bbf90c30:   0000000000000000 00007ff897075b38
0x00007ff8bbf90c40:   0000000000000000 00007ff8bbf90c70
0x00007ff8bbf90c50:   00007ff8bbf90cd8 00007ff8a5007dd0
0x00007ff8bbf90c60:   0000000000000000 00007ff8a5011537
0x00007ff8bbf90c70:   0000000000000000 000000076aba5570
0x00007ff8bbf90c80:   0000000775c99c30 0000000775c99c90
0x00007ff8bbf90c90:   000000076aba5570 00007ff8bbf90c88
0x00007ff8bbf90ca0:   00007ff8970793fd 00007ff8bbf90cf0
0x00007ff8bbf90cb0:   00007ff89707bcd0 0000000000000000
0x00007ff8bbf90cc0:   00007ff897079448 00007ff8bbf90c70
0x00007ff8bbf90cd0:   00007ff8bbf90ce8 00007ff8bbf90d38
0x00007ff8bbf90ce0:   00007ff8a50082bd 0000000775c99c30
0x00007ff8bbf90cf0:   000000076aba5570 00007ff8bbf90cf8 

Instructions: (pc=0x00007ff8baa90118)
0x00007ff8baa900f8:   84 24 70 02 00 00 06 00 00 00 4c 89 e6 4c 89 65
0x00007ff8baa90108:   c0 4c 89 ff e8 1f 01 01 00 48 8b 05 18 d0 88 00
0x00007ff8baa90118:   4c 8b 2b 8b 10 48 8b 05 44 fc 88 00 80 38 00 0f
0x00007ff8baa90128:   84 2b 01 00 00 48 63 c2 41 8b 54 05 00 85 d2 0f 

Register to memory mapping:

RAX=0x00007ff8bb365550: <offset 0xfb7550> in /usr/lib/jvm/java-8-oracle/jre/lib/amd64/server/libjvm.so at 0x00007ff8ba3ae000
RBX=0x0000000000000000 is an unknown value
RCX=0x000000076aba5570 is an oop
org.sqlite.NativeDB 
 - klass: 'org/sqlite/NativeDB'
RDX=0x00007ff8bb3739e0: <offset 0xfc59e0> in /usr/lib/jvm/java-8-oracle/jre/lib/amd64/server/libjvm.so at 0x00007ff8ba3ae000
RSP=0x00007ff8bbf90b00 is pointing into the stack for thread: 0x00007ff8b4010000
RBP=0x00007ff8bbf90ba0 is pointing into the stack for thread: 0x00007ff8b4010000
RSI=0x00007ff8b4010000 is a thread
RDI=0x00007ff8bbf90b40 is pointing into the stack for thread: 0x00007ff8b4010000
R8 =0x00007ff8a5012c80 is at code_begin+0 in an Interpreter codelet
method entry point (kind = zerolocals)  [0x00007ff8a5012c80, 0x00007ff8a5013100]  1152 bytes
R9 =0x000000076aba5570 is an oop
org.sqlite.NativeDB 
 - klass: 'org/sqlite/NativeDB'
R10=0x0000000000000288 is an unknown value
R11=0x00007ff8bb3739e8: <offset 0xfc59e8> in /usr/lib/jvm/java-8-oracle/jre/lib/amd64/server/libjvm.so at 0x00007ff8ba3ae000
R12=0x00007ff8b4010000 is a thread
R13=0x0000000000000000 is an unknown value
R14=0x00007ff8bbf90c78 is pointing into the stack for thread: 0x00007ff8b4010000
R15=0x00007ff8bbf90b40 is pointing into the stack for thread: 0x00007ff8b4010000


Stack: [0x00007ff8bbe96000,0x00007ff8bbf97000],  sp=0x00007ff8bbf90b00,  free space=1002k
Native frames: (J=compiled Java code, j=interpreted, Vv=VM code, C=native code)
V  [libjvm.so+0x6e2118]  jni_GetStringUTFChars+0xb8
C  [sqlite-3.7.2-libsqlitejdbc.so+0xd2b0]  Java_org_sqlite_NativeDB_prepare+0x2f

Java frames: (J=compiled Java code, j=interpreted, Vv=VM code)
j  org.sqlite.NativeDB.prepare(Ljava/lang/String;)J+0
j  org.sqlite.DB.prepare(Lorg/sqlite/Stmt;)V+21
j  org.sqlite.PrepStmt.<init>(Lorg/sqlite/Conn;Ljava/lang/String;)V+15
j  org.sqlite.Conn.prepareStatement(Ljava/lang/String;III)Ljava/sql/PreparedStatement;+14
j  org.sqlite.Conn.prepareStatement(Ljava/lang/String;II)Ljava/sql/PreparedStatement;+5
j  org.sqlite.Conn.prepareStatement(Ljava/lang/String;)Ljava/sql/PreparedStatement;+8
v  ~StubRoutines::call_stub
J 2309  sun.reflect.NativeMethodAccessorImpl.invoke0(Ljava/lang/reflect/Method;Ljava/lang/Object;[Ljava/lang/Object;)Ljava/lang/Object; (0 bytes) @ 0x00007ff8a576a437 [0x00007ff8a576a3c0+0x77]
J 1319 C1 sun.reflect.NativeMethodAccessorImpl.invoke(Ljava/lang/Object;[Ljava/lang/Object;)Ljava/lang/Object; (104 bytes) @ 0x00007ff8a5476954 [0x00007ff8a5475780+0x11d4]
J 1521 C2 sun.reflect.DelegatingMethodAccessorImpl.invoke(Ljava/lang/Object;[Ljava/lang/Object;)Ljava/lang/Object; (10 bytes) @ 0x00007ff8a5541b28 [0x00007ff8a5541ae0+0x48]
J 3678 C1 java.lang.reflect.Method.invoke(Ljava/lang/Object;[Ljava/lang/Object;)Ljava/lang/Object; (62 bytes) @ 0x00007ff8a5b4da5c [0x00007ff8a5b4d660+0x3fc]
j  org.apache.tomcat.jdbc.pool.ProxyConnection.invoke(Ljava/lang/Object;Ljava/lang/reflect/Method;[Ljava/lang/Object;)Ljava/lang/Object;+237
j  org.apache.tomcat.jdbc.pool.JdbcInterceptor.invoke(Ljava/lang/Object;Ljava/lang/reflect/Method;[Ljava/lang/Object;)Ljava/lang/Object;+14
j  org.apache.tomcat.jdbc.pool.DisposableConnectionFacade.invoke(Ljava/lang/Object;Ljava/lang/reflect/Method;[Ljava/lang/Object;)Ljava/lang/Object;+93
j  com.sun.proxy.$Proxy83.prepareStatement(Ljava/lang/String;)Ljava/sql/PreparedStatement;+16
j  org.hibernate.engine.jdbc.internal.StatementPreparerImpl$1.doPrepare()Ljava/sql/PreparedStatement;+37
j  org.hibernate.engine.jdbc.internal.StatementPreparerImpl$StatementPreparationTemplate.prepareStatement()Ljava/sql/PreparedStatement;+45
j  org.hibernate.engine.jdbc.internal.StatementPreparerImpl.prepareStatement(Ljava/lang/String;)Ljava/sql/PreparedStatement;+6
j  org.hibernate.id.SequenceGenerator.generateHolder(Lorg/hibernate/engine/spi/SessionImplementor;)Lorg/hibernate/id/IntegralDataTypeHolder;+15
j  org.hibernate.id.SequenceHiLoGenerator$1.getNextValue()Lorg/hibernate/id/IntegralDataTypeHolder;+8
j  org.hibernate.id.enhanced.LegacyHiLoAlgorithmOptimizer.generate(Lorg/hibernate/id/enhanced/AccessCallback;)Ljava/io/Serializable;+25
j  org.hibernate.id.SequenceHiLoGenerator.generate(Lorg/hibernate/engine/spi/SessionImplementor;Ljava/lang/Object;)Ljava/io/Serializable;+53
j  org.hibernate.event.internal.AbstractSaveEventListener.saveWithGeneratedId(Ljava/lang/Object;Ljava/lang/String;Ljava/lang/Object;Lorg/hibernate/event/spi/EventSource;Z)Ljava/io/Serializable;+21
j  org.hibernate.jpa.event.internal.core.JpaPersistEventListener.saveWithGeneratedId(Ljava/lang/Object;Ljava/lang/String;Ljava/lang/Object;Lorg/hibernate/event/spi/EventSource;Z)Ljava/io/Serializable;+18
j  org.hibernate.event.internal.DefaultPersistEventListener.entityIsTransient(Lorg/hibernate/event/spi/PersistEvent;Ljava/util/Map;)V+55
j  org.hibernate.event.internal.DefaultPersistEventListener.onPersist(Lorg/hibernate/event/spi/PersistEvent;Ljava/util/Map;)V+324
j  org.hibernate.event.internal.DefaultPersistEventListener.onPersist(Lorg/hibernate/event/spi/PersistEvent;)V+11
j  org.hibernate.internal.SessionImpl.firePersist(Lorg/hibernate/event/spi/PersistEvent;)V+46
j  org.hibernate.internal.SessionImpl.persist(Ljava/lang/String;Ljava/lang/Object;)V+11
j  org.hibernate.internal.SessionImpl.persist(Ljava/lang/Object;)V+3
j  org.hibernate.jpa.spi.AbstractEntityManagerImpl.persist(Ljava/lang/Object;)V+9
v  ~StubRoutines::call_stub
J 2309  sun.reflect.NativeMethodAccessorImpl.invoke0(Ljava/lang/reflect/Method;Ljava/lang/Object;[Ljava/lang/Object;)Ljava/lang/Object; (0 bytes) @ 0x00007ff8a576a437 [0x00007ff8a576a3c0+0x77]
J 1319 C1 sun.reflect.NativeMethodAccessorImpl.invoke(Ljava/lang/Object;[Ljava/lang/Object;)Ljava/lang/Object; (104 bytes) @ 0x00007ff8a5476954 [0x00007ff8a5475780+0x11d4]
J 1521 C2 sun.reflect.DelegatingMethodAccessorImpl.invoke(Ljava/lang/Object;[Ljava/lang/Object;)Ljava/lang/Object; (10 bytes) @ 0x00007ff8a5541b28 [0x00007ff8a5541ae0+0x48]
J 3678 C1 java.lang.reflect.Method.invoke(Ljava/lang/Object;[Ljava/lang/Object;)Ljava/lang/Object; (62 bytes) @ 0x00007ff8a5b4da5c [0x00007ff8a5b4d660+0x3fc]
j  org.springframework.orm.jpa.SharedEntityManagerCreator$SharedEntityManagerInvocationHandler.invoke(Ljava/lang/Object;Ljava/lang/reflect/Method;[Ljava/lang/Object;)Ljava/lang/Object;+495
j  com.sun.proxy.$Proxy92.persist(Ljava/lang/Object;)V+16
j  org.springframework.data.jpa.repository.support.SimpleJpaRepository.save(Ljava/lang/Object;)Ljava/lang/Object;+18
v  ~StubRoutines::call_stub
J 2309  sun.reflect.NativeMethodAccessorImpl.invoke0(Ljava/lang/reflect/Method;Ljava/lang/Object;[Ljava/lang/Object;)Ljava/lang/Object; (0 bytes) @ 0x00007ff8a576a437 [0x00007ff8a576a3c0+0x77]
J 1319 C1 sun.reflect.NativeMethodAccessorImpl.invoke(Ljava/lang/Object;[Ljava/lang/Object;)Ljava/lang/Object; (104 bytes) @ 0x00007ff8a5476954 [0x00007ff8a5475780+0x11d4]
J 1521 C2 sun.reflect.DelegatingMethodAccessorImpl.invoke(Ljava/lang/Object;[Ljava/lang/Object;)Ljava/lang/Object; (10 bytes) @ 0x00007ff8a5541b28 [0x00007ff8a5541ae0+0x48]
J 3678 C1 java.lang.reflect.Method.invoke(Ljava/lang/Object;[Ljava/lang/Object;)Ljava/lang/Object; (62 bytes) @ 0x00007ff8a5b4da5c [0x00007ff8a5b4d660+0x3fc]
j  org.springframework.data.repository.core.support.RepositoryFactorySupport$QueryExecutorMethodInterceptor.executeMethodOn(Ljava/lang/Object;Ljava/lang/reflect/Method;[Ljava/lang/Object;)Ljava/lang/Object;+3
j  org.springframework.data.repository.core.support.RepositoryFactorySupport$QueryExecutorMethodInterceptor.doInvoke(Lorg/aopalliance/intercept/MethodInvocation;)Ljava/lang/Object;+94
j  org.springframework.data.repository.core.support.RepositoryFactorySupport$QueryExecutorMethodInterceptor.invoke(Lorg/aopalliance/intercept/MethodInvocation;)Ljava/lang/Object;+2
j  org.springframework.aop.framework.ReflectiveMethodInvocation.proceed()Ljava/lang/Object;+101
j  org.springframework.data.projection.DefaultMethodInvokingMethodInterceptor.invoke(Lorg/aopalliance/intercept/MethodInvocation;)Ljava/lang/Object;+15
j  org.springframework.aop.framework.ReflectiveMethodInvocation.proceed()Ljava/lang/Object;+101
j  org.springframework.transaction.interceptor.TransactionInterceptor$1.proceedWithInvocation()Ljava/lang/Object;+4
j  org.springframework.transaction.interceptor.TransactionAspectSupport.invokeWithinTransaction(Ljava/lang/reflect/Method;Ljava/lang/Class;Lorg/springframework/transaction/interceptor/TransactionAspectSupport$InvocationCallback;)Ljava/lang/Object;+60
j  org.springframework.transaction.interceptor.TransactionInterceptor.invoke(Lorg/aopalliance/intercept/MethodInvocation;)Ljava/lang/Object;+40
j  org.springframework.aop.framework.ReflectiveMethodInvocation.proceed()Ljava/lang/Object;+101
j  org.springframework.dao.support.PersistenceExceptionTranslationInterceptor.invoke(Lorg/aopalliance/intercept/MethodInvocation;)Ljava/lang/Object;+1
j  org.springframework.aop.framework.ReflectiveMethodInvocation.proceed()Ljava/lang/Object;+101
j  org.springframework.data.jpa.repository.support.CrudMethodMetadataPostProcessor$CrudMethodMetadataPopulatingMethodInterceptor.invoke(Lorg/aopalliance/intercept/MethodInvocation;)Ljava/lang/Object;+89
j  org.springframework.aop.framework.ReflectiveMethodInvocation.proceed()Ljava/lang/Object;+101
j  org.springframework.aop.interceptor.ExposeInvocationInterceptor.invoke(Lorg/aopalliance/intercept/MethodInvocation;)Ljava/lang/Object;+18
j  org.springframework.aop.framework.ReflectiveMethodInvocation.proceed()Ljava/lang/Object;+101
j  org.springframework.aop.framework.JdkDynamicAopProxy.invoke(Ljava/lang/Object;Ljava/lang/reflect/Method;[Ljava/lang/Object;)Ljava/lang/Object;+385
j  com.sun.proxy.$Proxy94.save(Ljava/lang/Object;)Ljava/lang/Object;+16
j  com.example.api.service.BookService.save(Lcom/example/entity/Book;)Lcom/example/entity/Book;+5
j  com.example.crudtest.CRUDTest.insertOperation()V+19
v  ~StubRoutines::call_stub
J 2309  sun.reflect.NativeMethodAccessorImpl.invoke0(Ljava/lang/reflect/Method;Ljava/lang/Object;[Ljava/lang/Object;)Ljava/lang/Object; (0 bytes) @ 0x00007ff8a576a437 [0x00007ff8a576a3c0+0x77]
J 1319 C1 sun.reflect.NativeMethodAccessorImpl.invoke(Ljava/lang/Object;[Ljava/lang/Object;)Ljava/lang/Object; (104 bytes) @ 0x00007ff8a5476954 [0x00007ff8a5475780+0x11d4]
J 1521 C2 sun.reflect.DelegatingMethodAccessorImpl.invoke(Ljava/lang/Object;[Ljava/lang/Object;)Ljava/lang/Object; (10 bytes) @ 0x00007ff8a5541b28 [0x00007ff8a5541ae0+0x48]
J 3678 C1 java.lang.reflect.Method.invoke(Ljava/lang/Object;[Ljava/lang/Object;)Ljava/lang/Object; (62 bytes) @ 0x00007ff8a5b4da5c [0x00007ff8a5b4d660+0x3fc]
j  org.testng.internal.MethodInvocationHelper.invokeMethod(Ljava/lang/reflect/Method;Ljava/lang/Object;[Ljava/lang/Object;)Ljava/lang/Object;+242
j  org.testng.internal.MethodInvocationHelper$1.runTestMethod(Lorg/testng/ITestResult;)V+12
j  org.springframework.test.context.testng.AbstractTestNGSpringContextTests.run(Lorg/testng/IHookCallBack;Lorg/testng/ITestResult;)V+2
v  ~StubRoutines::call_stub
J 2309  sun.reflect.NativeMethodAccessorImpl.invoke0(Ljava/lang/reflect/Method;Ljava/lang/Object;[Ljava/lang/Object;)Ljava/lang/Object; (0 bytes) @ 0x00007ff8a576a437 [0x00007ff8a576a3c0+0x77]
J 1319 C1 sun.reflect.NativeMethodAccessorImpl.invoke(Ljava/lang/Object;[Ljava/lang/Object;)Ljava/lang/Object; (104 bytes) @ 0x00007ff8a5476954 [0x00007ff8a5475780+0x11d4]
J 1521 C2 sun.reflect.DelegatingMethodAccessorImpl.invoke(Ljava/lang/Object;[Ljava/lang/Object;)Ljava/lang/Object; (10 bytes) @ 0x00007ff8a5541b28 [0x00007ff8a5541ae0+0x48]
J 3678 C1 java.lang.reflect.Method.invoke(Ljava/lang/Object;[Ljava/lang/Object;)Ljava/lang/Object; (62 bytes) @ 0x00007ff8a5b4da5c [0x00007ff8a5b4d660+0x3fc]
j  org.testng.internal.MethodInvocationHelper.invokeHookable(Ljava/lang/Object;[Ljava/lang/Object;Ljava/lang/Object;Ljava/lang/reflect/Method;Lorg/testng/internal/TestResult;)V+64
j  org.testng.internal.Invoker.invokeMethod([Ljava/lang/Object;ILorg/testng/ITestNGMethod;[Ljava/lang/Object;ILorg/testng/xml/XmlSuite;Ljava/util/Map;Lorg/testng/ITestClass;[Lorg/testng/ITestNGMethod;[Lorg/testng/ITestNGMethod;Lorg/testng/internal/ConfigurationGroupMethods;)Lorg/testng/ITestResult;+280
j  org.testng.internal.Invoker.invokeTestMethod([Ljava/lang/Object;Lorg/testng/ITestNGMethod;[Ljava/lang/Object;ILorg/testng/xml/XmlSuite;Ljava/util/Map;Lorg/testng/ITestClass;[Lorg/testng/ITestNGMethod;[Lorg/testng/ITestNGMethod;Lorg/testng/internal/ConfigurationGroupMethods;)Ljava/util/List;+46
j  org.testng.internal.Invoker.invokeTestMethods(Lorg/testng/ITestNGMethod;[Lorg/testng/ITestNGMethod;ILorg/testng/xml/XmlSuite;Ljava/util/Map;Lorg/testng/internal/ConfigurationGroupMethods;[Ljava/lang/Object;Lorg/testng/ITestContext;)Ljava/util/List;+705
j  org.testng.internal.TestMethodWorker.invokeTestMethods(Lorg/testng/ITestNGMethod;[Ljava/lang/Object;Lorg/testng/ITestContext;)V+32
j  org.testng.internal.TestMethodWorker.run()V+60
j  org.testng.TestRunner.privateRun(Lorg/testng/xml/XmlTest;)V+349
j  org.testng.TestRunner.run()V+26
j  org.testng.SuiteRunner.runTest(Lorg/testng/TestRunner;)V+1
j  org.testng.SuiteRunner.runSequentially()V+31
j  org.testng.SuiteRunner.privateRun()V+281
j  org.testng.SuiteRunner.run()V+6
j  org.testng.SuiteRunnerWorker.runSuite(Lorg/testng/internal/SuiteRunnerMap;Lorg/testng/xml/XmlSuite;)V+96
j  org.testng.SuiteRunnerWorker.run()V+12
j  org.testng.TestNG.runSuitesSequentially(Lorg/testng/xml/XmlSuite;Lorg/testng/internal/SuiteRunnerMap;ILjava/lang/String;)V+66
j  org.testng.TestNG.runSuitesLocally()Ljava/util/List;+117
j  org.testng.TestNG.run()V+77
j  org.testng.remote.AbstractRemoteTestNG.run()V+163
j  org.testng.remote.RemoteTestNG.initAndRun(Lorg/testng/remote/IRemoteTestNG;[Ljava/lang/String;Lorg/testng/CommandLineArgs;Lorg/testng/remote/RemoteArgs;)V+184
j  org.testng.remote.RemoteTestNG.main([Ljava/lang/String;)V+218
v  ~StubRoutines::call_stub

---------------  P R O C E S S  ---------------

Java Threads: ( => current thread )
  0x00007ff8b5228000 JavaThread "http-nio-auto-1-51590-AsyncTimeout" daemon [_thread_blocked, id=3913, stack(0x00007ff8960cd000,0x00007ff8961ce000)]
  0x00007ff8b5226800 JavaThread "http-nio-auto-1-Acceptor-0" daemon [_thread_in_native, id=3912, stack(0x00007ff8961ce000,0x00007ff8962cf000)]
  0x00007ff8b5224000 JavaThread "http-nio-auto-1-ClientPoller-1" daemon [_thread_in_native, id=3911, stack(0x00007ff8962cf000,0x00007ff8963d0000)]
  0x00007ff8b5222800 JavaThread "http-nio-auto-1-ClientPoller-0" daemon [_thread_in_native, id=3910, stack(0x00007ff8963d0000,0x00007ff8964d1000)]
  0x00007ff8b51eb800 JavaThread "NioBlockingSelector.BlockPoller-1" daemon [_thread_in_native, id=3909, stack(0x00007ff8964d1000,0x00007ff8965d2000)]
  0x00007ff8b54a3800 JavaThread "process reaper" daemon [_thread_blocked, id=3908, stack(0x00007ff8977c5000,0x00007ff8977fe000)]
  0x00007ff8b5499800 JavaThread "Tomcat JDBC Pool Cleaner[865113938:1485268826280]" daemon [_thread_blocked, id=3906, stack(0x00007ff89725a000,0x00007ff89735b000)]
  0x00007ff8b5378000 JavaThread "container-0" [_thread_blocked, id=3903, stack(0x00007ff8977fe000,0x00007ff8978ff000)]
  0x00007ff8b5374800 JavaThread "ContainerBackgroundProcessor[StandardEngine[Tomcat]]" daemon [_thread_blocked, id=3902, stack(0x00007ff8978ff000,0x00007ff897a00000)]
  0x00007ff85c209000 JavaThread "localhost-startStop-1" daemon [_thread_blocked, id=3900, stack(0x00007ff89c035000,0x00007ff89c136000)]
  0x00007ff8b5373800 JavaThread "Tomcat-startStop-1" daemon [_thread_blocked, id=3899, stack(0x00007ff89c9f4000,0x00007ff89caf5000)]
  0x00007ff8b4496800 JavaThread "ReaderThread" [_thread_in_native, id=3889, stack(0x00007ff89d302000,0x00007ff89d403000)]
  0x00007ff8b40c7000 JavaThread "Service Thread" daemon [_thread_blocked, id=3887, stack(0x00007ff89d9a3000,0x00007ff89daa4000)]
  0x00007ff8b40c4000 JavaThread "C1 CompilerThread2" daemon [_thread_blocked, id=3886, stack(0x00007ff89daa4000,0x00007ff89dba5000)]
  0x00007ff8b40c2000 JavaThread "C2 CompilerThread1" daemon [_thread_in_native, id=3885, stack(0x00007ff89dba5000,0x00007ff89dca6000)]
  0x00007ff8b40bf000 JavaThread "C2 CompilerThread0" daemon [_thread_in_native, id=3884, stack(0x00007ff89dca6000,0x00007ff89dda7000)]
  0x00007ff8b40be000 JavaThread "Signal Dispatcher" daemon [_thread_blocked, id=3883, stack(0x00007ff89dda7000,0x00007ff89dea8000)]
  0x00007ff8b408a000 JavaThread "Finalizer" daemon [_thread_blocked, id=3882, stack(0x00007ff89e58b000,0x00007ff89e68c000)]
  0x00007ff8b4085800 JavaThread "Reference Handler" daemon [_thread_blocked, id=3881, stack(0x00007ff89e68c000,0x00007ff89e78d000)]
=>0x00007ff8b4010000 JavaThread "main" [_thread_in_vm, id=3875, stack(0x00007ff8bbe96000,0x00007ff8bbf97000)]

Other Threads:
  0x00007ff8b407e000 VMThread [stack: 0x00007ff89e78d000,0x00007ff89e88e000] [id=3880]
  0x00007ff8b40c9800 WatcherThread [stack: 0x00007ff89d8a2000,0x00007ff89d9a3000] [id=3888]

VM state:not at safepoint (normal execution)

VM Mutex/Monitor currently owned by a thread: None

Heap:
 PSYoungGen      total 305664K, used 186352K [0x000000076ab00000, 0x0000000787700000, 0x00000007c0000000)
  eden space 262144K, 71% used [0x000000076ab00000,0x00000007760fc130,0x000000077ab00000)
  from space 43520K, 0% used [0x000000077ab00000,0x000000077ab00000,0x000000077d580000)
  to   space 43520K, 0% used [0x0000000784c80000,0x0000000784c80000,0x0000000787700000)
 ParOldGen       total 748032K, used 22881K [0x00000006c0000000, 0x00000006eda80000, 0x000000076ab00000)
  object space 748032K, 3% used [0x00000006c0000000,0x00000006c16586c8,0x00000006eda80000)
 Metaspace       used 45157K, capacity 45540K, committed 45824K, reserved 1089536K
  class space    used 5916K, capacity 6041K, committed 6144K, reserved 1048576K

Card table byte_map: [0x00007ff8b844f000,0x00007ff8b8c50000] byte_map_base: 0x00007ff8b4e4f000

Marking Bits: (ParMarkBitMap*) 0x00007ff8bb372c80
 Begin Bits: [0x00007ff880000000, 0x00007ff884000000)
 End Bits:   [0x00007ff884000000, 0x00007ff888000000)

Polling page: 0x00007ff8bbfbc000

CodeCache: size=245760Kb used=13190Kb max_used=13256Kb free=232569Kb
 bounds [0x00007ff8a5000000, 0x00007ff8a5d00000, 0x00007ff8b4000000]
 total_blobs=4033 nmethods=3560 adapters=385
 compilation: enabled

Compilation events (10 events):
Event: 17.001 Thread 0x00007ff8b40c4000 4162       2       java.io.BufferedWriter::ensureOpen (18 bytes)
Event: 17.002 Thread 0x00007ff8b40c4000 nmethod 4162 0x00007ff8a5434d90 code [0x00007ff8a5434f00, 0x00007ff8a5435108]
Event: 17.020 Thread 0x00007ff8b40c4000 4163   !   2       java.io.BufferedReader::readLine (304 bytes)
Event: 17.024 Thread 0x00007ff8b40c4000 nmethod 4163 0x00007ff8a547d5d0 code [0x00007ff8a547d800, 0x00007ff8a547e6a8]
Event: 17.024 Thread 0x00007ff8b40c4000 4164       2       sun.reflect.NativeMethodAccessorImpl::<init> (10 bytes)
Event: 17.025 Thread 0x00007ff8b40c4000 nmethod 4164 0x00007ff8a537d510 code [0x00007ff8a537d660, 0x00007ff8a537d7d0]
Event: 17.026 Thread 0x00007ff8b40c4000 4165       2       sun.reflect.DelegatingMethodAccessorImpl::<init> (10 bytes)
Event: 17.026 Thread 0x00007ff8b40c4000 nmethod 4165 0x00007ff8a5225350 code [0x00007ff8a52254a0, 0x00007ff8a5225610]
Event: 17.026 Thread 0x00007ff8b40c4000 4166       2       sun.reflect.NativeMethodAccessorImpl::setParent (6 bytes)
Event: 17.026 Thread 0x00007ff8b40c4000 nmethod 4166 0x00007ff8a5842f90 code [0x00007ff8a58430e0, 0x00007ff8a5843250]

GC Heap History (10 events):
Event: 8.041 GC heap before
{Heap before GC invocations=1 (full 0):
 PSYoungGen      total 305664K, used 183654K [0x000000076ab00000, 0x0000000780000000, 0x00000007c0000000)
  eden space 262144K, 70% used [0x000000076ab00000,0x0000000775e59aa0,0x000000077ab00000)
  from space 43520K, 0% used [0x000000077d580000,0x000000077d580000,0x0000000780000000)
  to   space 43520K, 0% used [0x000000077ab00000,0x000000077ab00000,0x000000077d580000)
 ParOldGen       total 699392K, used 0K [0x00000006c0000000, 0x00000006eab00000, 0x000000076ab00000)
  object space 699392K, 0% used [0x00000006c0000000,0x00000006c0000000,0x00000006eab00000)
 Metaspace       used 21032K, capacity 21196K, committed 21296K, reserved 1069056K
  class space    used 2583K, capacity 2640K, committed 2688K, reserved 1048576K
Event: 8.071 GC heap after
Heap after GC invocations=1 (full 0):
 PSYoungGen      total 305664K, used 20896K [0x000000076ab00000, 0x0000000780000000, 0x00000007c0000000)
  eden space 262144K, 0% used [0x000000076ab00000,0x000000076ab00000,0x000000077ab00000)
  from space 43520K, 48% used [0x000000077ab00000,0x000000077bf68158,0x000000077d580000)
  to   space 43520K, 0% used [0x000000077d580000,0x000000077d580000,0x0000000780000000)
 ParOldGen       total 699392K, used 80K [0x00000006c0000000, 0x00000006eab00000, 0x000000076ab00000)
  object space 699392K, 0% used [0x00000006c0000000,0x00000006c0014010,0x00000006eab00000)
 Metaspace       used 21032K, capacity 21196K, committed 21296K, reserved 1069056K
  class space    used 2583K, capacity 2640K, committed 2688K, reserved 1048576K
}
Event: 8.071 GC heap before
{Heap before GC invocations=2 (full 1):
 PSYoungGen      total 305664K, used 20896K [0x000000076ab00000, 0x0000000780000000, 0x00000007c0000000)
  eden space 262144K, 0% used [0x000000076ab00000,0x000000076ab00000,0x000000077ab00000)
  from space 43520K, 48% used [0x000000077ab00000,0x000000077bf68158,0x000000077d580000)
  to   space 43520K, 0% used [0x000000077d580000,0x000000077d580000,0x0000000780000000)
 ParOldGen       total 699392K, used 80K [0x00000006c0000000, 0x00000006eab00000, 0x000000076ab00000)
  object space 699392K, 0% used [0x00000006c0000000,0x00000006c0014010,0x00000006eab00000)
 Metaspace       used 21032K, capacity 21196K, committed 21296K, reserved 1069056K
  class space    used 2583K, capacity 2640K, committed 2688K, reserved 1048576K
Event: 8.138 GC heap after
Heap after GC invocations=2 (full 1):
 PSYoungGen      total 305664K, used 0K [0x000000076ab00000, 0x0000000780000000, 0x00000007c0000000)
  eden space 262144K, 0% used [0x000000076ab00000,0x000000076ab00000,0x000000077ab00000)
  from space 43520K, 0% used [0x000000077ab00000,0x000000077ab00000,0x000000077d580000)
  to   space 43520K, 0% used [0x000000077d580000,0x000000077d580000,0x0000000780000000)
 ParOldGen       total 699392K, used 20111K [0x00000006c0000000, 0x00000006eab00000, 0x000000076ab00000)
  object space 699392K, 2% used [0x00000006c0000000,0x00000006c13a3d70,0x00000006eab00000)
 Metaspace       used 21032K, capacity 21196K, committed 21296K, reserved 1069056K
  class space    used 2583K, capacity 2640K, committed 2688K, reserved 1048576K
}
Event: 12.167 GC heap before
{Heap before GC invocations=3 (full 1):
 PSYoungGen      total 305664K, used 262144K [0x000000076ab00000, 0x0000000780000000, 0x00000007c0000000)
  eden space 262144K, 100% used [0x000000076ab00000,0x000000077ab00000,0x000000077ab00000)
  from space 43520K, 0% used [0x000000077ab00000,0x000000077ab00000,0x000000077d580000)
  to   space 43520K, 0% used [0x000000077d580000,0x000000077d580000,0x0000000780000000)
 ParOldGen       total 699392K, used 20111K [0x00000006c0000000, 0x00000006eab00000, 0x000000076ab00000)
  object space 699392K, 2% used [0x00000006c0000000,0x00000006c13a3d70,0x00000006eab00000)
 Metaspace       used 30378K, capacity 30658K, committed 30848K, reserved 1077248K
  class space    used 3767K, capacity 3860K, committed 3968K, reserved 1048576K
Event: 12.198 GC heap after
Heap after GC invocations=3 (full 1):
 PSYoungGen      total 305664K, used 17378K [0x000000076ab00000, 0x0000000786680000, 0x00000007c0000000)
  eden space 262144K, 0% used [0x000000076ab00000,0x000000076ab00000,0x000000077ab00000)
  from space 43520K, 39% used [0x000000077d580000,0x000000077e678b68,0x0000000780000000)
  to   space 43520K, 0% used [0x000000077ab00000,0x000000077ab00000,0x000000077d580000)
 ParOldGen       total 699392K, used 20119K [0x00000006c0000000, 0x00000006eab00000, 0x000000076ab00000)
  object space 699392K, 2% used [0x00000006c0000000,0x00000006c13a5d70,0x00000006eab00000)
 Metaspace       used 30378K, capacity 30658K, committed 30848K, reserved 1077248K
  class space    used 3767K, capacity 3860K, committed 3968K, reserved 1048576K
}
Event: 14.209 GC heap before
{Heap before GC invocations=4 (full 1):
 PSYoungGen      total 305664K, used 132419K [0x000000076ab00000, 0x0000000786680000, 0x00000007c0000000)
  eden space 262144K, 43% used [0x000000076ab00000,0x0000000771b58258,0x000000077ab00000)
  from space 43520K, 39% used [0x000000077d580000,0x000000077e678b68,0x0000000780000000)
  to   space 43520K, 0% used [0x000000077ab00000,0x000000077ab00000,0x000000077d580000)
 ParOldGen       total 699392K, used 20119K [0x00000006c0000000, 0x00000006eab00000, 0x000000076ab00000)
  object space 699392K, 2% used [0x00000006c0000000,0x00000006c13a5d70,0x00000006eab00000)
 Metaspace       used 35075K, capacity 35362K, committed 35496K, reserved 1081344K
  class space    used 4504K, capacity 4580K, committed 4608K, reserved 1048576K
Event: 14.230 GC heap after
Heap after GC invocations=4 (full 1):
 PSYoungGen      total 305664K, used 13611K [0x000000076ab00000, 0x0000000787700000, 0x00000007c0000000)
  eden space 262144K, 0% used [0x000000076ab00000,0x000000076ab00000,0x000000077ab00000)
  from space 43520K, 31% used [0x000000077ab00000,0x000000077b84af00,0x000000077d580000)
  to   space 43520K, 0% used [0x0000000784c80000,0x0000000784c80000,0x0000000787700000)
 ParOldGen       total 699392K, used 20119K [0x00000006c0000000, 0x00000006eab00000, 0x000000076ab00000)
  object space 699392K, 2% used [0x00000006c0000000,0x00000006c13a5d70,0x00000006eab00000)
 Metaspace       used 35075K, capacity 35362K, committed 35496K, reserved 1081344K
  class space    used 4504K, capacity 4580K, committed 4608K, reserved 1048576K
}
Event: 14.230 GC heap before
{Heap before GC invocations=5 (full 2):
 PSYoungGen      total 305664K, used 13611K [0x000000076ab00000, 0x0000000787700000, 0x00000007c0000000)
  eden space 262144K, 0% used [0x000000076ab00000,0x000000076ab00000,0x000000077ab00000)
  from space 43520K, 31% used [0x000000077ab00000,0x000000077b84af00,0x000000077d580000)
  to   space 43520K, 0% used [0x0000000784c80000,0x0000000784c80000,0x0000000787700000)
 ParOldGen       total 699392K, used 20119K [0x00000006c0000000, 0x00000006eab00000, 0x000000076ab00000)
  object space 699392K, 2% used [0x00000006c0000000,0x00000006c13a5d70,0x00000006eab00000)
 Metaspace       used 35075K, capacity 35362K, committed 35496K, reserved 1081344K
  class space    used 4504K, capacity 4580K, committed 4608K, reserved 1048576K
Event: 14.332 GC heap after
Heap after GC invocations=5 (full 2):
 PSYoungGen      total 305664K, used 0K [0x000000076ab00000, 0x0000000787700000, 0x00000007c0000000)
  eden space 262144K, 0% used [0x000000076ab00000,0x000000076ab00000,0x000000077ab00000)
  from space 43520K, 0% used [0x000000077ab00000,0x000000077ab00000,0x000000077d580000)
  to   space 43520K, 0% used [0x0000000784c80000,0x0000000784c80000,0x0000000787700000)
 ParOldGen       total 748032K, used 22881K [0x00000006c0000000, 0x00000006eda80000, 0x000000076ab00000)
  object space 748032K, 3% used [0x00000006c0000000,0x00000006c16586c8,0x00000006eda80000)
 Metaspace       used 35075K, capacity 35362K, committed 35496K, reserved 1081344K
  class space    used 4504K, capacity 4580K, committed 4608K, reserved 1048576K
}

Deoptimization events (10 events):
Event: 15.372 Thread 0x00007ff8b4010000 Uncommon trap: reason=unstable_if action=reinterpret pc=0x00007ff8a5a57580 method=java.util.concurrent.ConcurrentHashMap.putVal(Ljava/lang/Object;Ljava/lang/Object;Z)Ljava/lang/Object; @ 331
Event: 15.374 Thread 0x00007ff8b4010000 Uncommon trap: reason=unstable_if action=reinterpret pc=0x00007ff8a5116968 method=java.util.concurrent.ConcurrentHashMap.get(Ljava/lang/Object;)Ljava/lang/Object; @ 86
Event: 15.578 Thread 0x00007ff8b4010000 Uncommon trap: reason=null_check action=make_not_entrant pc=0x00007ff8a55e3478 method=org.springframework.util.ClassUtils.isAssignable(Ljava/lang/Class;Ljava/lang/Class;)Z @ 14
Event: 15.632 Thread 0x00007ff8b4010000 Uncommon trap: reason=unstable_if action=reinterpret pc=0x00007ff8a5b64970 method=sun.reflect.misc.ReflectUtil.isNonPublicProxyClass(Ljava/lang/Class;)Z @ 33
Event: 15.909 Thread 0x00007ff8b4010000 Uncommon trap: reason=class_check action=maybe_recompile pc=0x00007ff8a527614c method=java.util.regex.Pattern$Curly.match(Ljava/util/regex/Matcher;ILjava/lang/CharSequence;)Z @ 19
Event: 15.942 Thread 0x00007ff8b4010000 Uncommon trap: reason=unstable_if action=reinterpret pc=0x00007ff8a5b00fec method=java.util.concurrent.ConcurrentHashMap.transfer([Ljava/util/concurrent/ConcurrentHashMap$Node;[Ljava/util/concurrent/ConcurrentHashMap$Node;)V @ 356
Event: 16.288 Thread 0x00007ff8b4010000 Uncommon trap: reason=null_check action=make_not_entrant pc=0x00007ff8a5c365b0 method=org.springframework.core.annotation.AnnotatedElementUtils.searchWithGetSemanticsInAnnotations(Ljava/lang/reflect/AnnotatedElement;Ljava/util/List;Ljava/lang/Class;Ljava/
Event: 16.811 Thread 0x00007ff8b4010000 Uncommon trap: reason=unstable_if action=reinterpret pc=0x00007ff8a510d634 method=org.springframework.util.ConcurrentReferenceHashMap$Segment.clear()V @ 4
Event: 16.969 Thread 0x00007ff8b4010000 Uncommon trap: reason=bimorphic action=maybe_recompile pc=0x00007ff8a52226ac method=java.util.Hashtable.get(Ljava/lang/Object;)Ljava/lang/Object; @ 6
Event: 16.969 Thread 0x00007ff8b4010000 Uncommon trap: reason=bimorphic action=maybe_recompile pc=0x00007ff8a52226ac method=java.util.Hashtable.get(Ljava/lang/Object;)Ljava/lang/Object; @ 6

Internal exceptions (10 events):
Event: 16.703 Thread 0x00007ff8b4010000 Exception <a 'java/lang/ClassNotFoundException': org/springframework/boot/autoconfigure/web/WebClientAutoConfigurationCustomizer> (0x0000000774897a18) thrown at [/HUDSON3/workspace/8-2-build-linux-amd64/jdk8u121/8372/hotspot/src/share/vm/classfile/systemD
Event: 16.703 Thread 0x00007ff8b4010000 Exception <a 'java/lang/ClassNotFoundException': org/springframework/boot/autoconfigure/web/WebClientAutoConfiguration$$EnhancerBySpringCGLIB$$52d5929eCustomizer> (0x00000007748bba30) thrown at [/HUDSON3/workspace/8-2-build-linux-amd64/jdk8u121/8372/hotsp
Event: 16.704 Thread 0x00007ff8b4010000 Exception <a 'java/lang/ClassNotFoundException': org/springframework/context/annotation/ConfigurationClassEnhancer$EnhancedConfigurationCustomizer> (0x00000007748e0488) thrown at [/HUDSON3/workspace/8-2-build-linux-amd64/jdk8u121/8372/hotspot/src/share/vm
Event: 16.978 Thread 0x00007ff8b4010000 Exception <a 'java/lang/ClassNotFoundException': java/lang/ObjectCustomizer> (0x0000000775a35ff0) thrown at [/HUDSON3/workspace/8-2-build-linux-amd64/jdk8u121/8372/hotspot/src/share/vm/classfile/systemDictionary.cpp, line 210]
Event: 16.979 Thread 0x00007ff8b4010000 Exception <a 'java/lang/ClassNotFoundException': org/springframework/test/context/testng/AbstractTestNGSpringContextTestsCustomizer> (0x0000000775a54458) thrown at [/HUDSON3/workspace/8-2-build-linux-amd64/jdk8u121/8372/hotspot/src/share/vm/classfile/syst
Event: 16.979 Thread 0x00007ff8b4010000 Exception <a 'java/lang/ClassNotFoundException': com/example/crudtest/CRUDTestCustomizer> (0x0000000775a67390) thrown at [/HUDSON3/workspace/8-2-build-linux-amd64/jdk8u121/8372/hotspot/src/share/vm/classfile/systemDictionary.cpp, line 210]
Event: 16.980 Thread 0x00007ff8b4010000 Exception <a 'java/lang/ClassNotFoundException': org/testng/IHookableCustomizer> (0x0000000775a78128) thrown at [/HUDSON3/workspace/8-2-build-linux-amd64/jdk8u121/8372/hotspot/src/share/vm/classfile/systemDictionary.cpp, line 210]
Event: 16.981 Thread 0x00007ff8b4010000 Exception <a 'java/lang/ClassNotFoundException': org/springframework/context/ApplicationContextAwareCustomizer> (0x0000000775a8e9e8) thrown at [/HUDSON3/workspace/8-2-build-linux-amd64/jdk8u121/8372/hotspot/src/share/vm/classfile/systemDictionary.cpp, lin
Event: 17.029 Thread 0x00007ff8b4010000 Exception <a 'java/lang/ClassNotFoundException': java/lang/ObjectCustomizer> (0x0000000775c1ddd0) thrown at [/HUDSON3/workspace/8-2-build-linux-amd64/jdk8u121/8372/hotspot/src/share/vm/classfile/systemDictionary.cpp, line 210]
Event: 17.029 Thread 0x00007ff8b4010000 Exception <a 'java/lang/ClassNotFoundException': com/example/entity/BookCustomizer> (0x0000000775c30ad0) thrown at [/HUDSON3/workspace/8-2-build-linux-amd64/jdk8u121/8372/hotspot/src/share/vm/classfile/systemDictionary.cpp, line 210]

Events (10 events):
Event: 17.036 loading class org/hibernate/engine/jdbc/internal/FormatStyle
Event: 17.036 loading class org/hibernate/engine/jdbc/internal/FormatStyle done
Event: 17.037 loading class org/hibernate/engine/jdbc/internal/Formatter
Event: 17.037 loading class org/hibernate/engine/jdbc/internal/Formatter done
Event: 17.037 loading class org/hibernate/engine/jdbc/internal/BasicFormatterImpl
Event: 17.037 loading class org/hibernate/engine/jdbc/internal/BasicFormatterImpl done
Event: 17.038 loading class org/hibernate/engine/jdbc/internal/DDLFormatterImpl
Event: 17.038 loading class org/hibernate/engine/jdbc/internal/DDLFormatterImpl done
Event: 17.038 loading class org/hibernate/engine/jdbc/internal/FormatStyle$NoFormatImpl
Event: 17.038 loading class org/hibernate/engine/jdbc/internal/FormatStyle$NoFormatImpl done


Dynamic libraries:
00400000-00401000 r-xp 00000000 08:03 5260258                            /usr/lib/jvm/java-8-oracle/bin/java
00600000-00601000 rw-p 00000000 08:03 5260258                            /usr/lib/jvm/java-8-oracle/bin/java
01891000-018b2000 rw-p 00000000 00:00 0                                  [heap]
6c0000000-6eda80000 rw-p 00000000 00:00 0 
6eda80000-76ab00000 ---p 00000000 00:00 0 
76ab00000-787700000 rw-p 00000000 00:00 0 
787700000-7c0000000 ---p 00000000 00:00 0 
7c0000000-7c0600000 rw-p 00000000 00:00 0 
7c0600000-800000000 ---p 00000000 00:00 0 
7ff830000000-7ff830021000 rw-p 00000000 00:00 0 
7ff830021000-7ff834000000 ---p 00000000 00:00 0 
7ff834000000-7ff834021000 rw-p 00000000 00:00 0 
7ff834021000-7ff838000000 ---p 00000000 00:00 0 
7ff838000000-7ff838021000 rw-p 00000000 00:00 0 
7ff838021000-7ff83c000000 ---p 00000000 00:00 0 
7ff83c000000-7ff83c021000 rw-p 00000000 00:00 0 
7ff83c021000-7ff840000000 ---p 00000000 00:00 0 
7ff840000000-7ff840021000 rw-p 00000000 00:00 0 
7ff840021000-7ff844000000 ---p 00000000 00:00 0 
7ff844000000-7ff844021000 rw-p 00000000 00:00 0 
7ff844021000-7ff848000000 ---p 00000000 00:00 0 
7ff848000000-7ff848021000 rw-p 00000000 00:00 0 
7ff848021000-7ff84c000000 ---p 00000000 00:00 0 
7ff84c000000-7ff84c021000 rw-p 00000000 00:00 0 
7ff84c021000-7ff850000000 ---p 00000000 00:00 0 
7ff850000000-7ff8500d6000 rw-p 00000000 00:00 0 
7ff8500d6000-7ff854000000 ---p 00000000 00:00 0 
7ff854000000-7ff854021000 rw-p 00000000 00:00 0 
7ff854021000-7ff858000000 ---p 00000000 00:00 0 
7ff858000000-7ff858021000 rw-p 00000000 00:00 0 
7ff858021000-7ff85c000000 ---p 00000000 00:00 0 
7ff85c000000-7ff85c213000 rw-p 00000000 00:00 0 
7ff85c213000-7ff860000000 ---p 00000000 00:00 0 
7ff860000000-7ff860021000 rw-p 00000000 00:00 0 
7ff860021000-7ff864000000 ---p 00000000 00:00 0 
7ff864000000-7ff864021000 rw-p 00000000 00:00 0 
7ff864021000-7ff868000000 ---p 00000000 00:00 0 
7ff868000000-7ff869569000 rw-p 00000000 00:00 0 
7ff869569000-7ff86c000000 ---p 00000000 00:00 0 
7ff86c000000-7ff86d282000 rw-p 00000000 00:00 0 
7ff86d282000-7ff870000000 ---p 00000000 00:00 0 
7ff870000000-7ff870021000 rw-p 00000000 00:00 0 
7ff870021000-7ff874000000 ---p 00000000 00:00 0 
7ff874000000-7ff875cde000 rw-p 00000000 00:00 0 
7ff875cde000-7ff878000000 ---p 00000000 00:00 0 
7ff878000000-7ff878021000 rw-p 00000000 00:00 0 
7ff878021000-7ff87c000000 ---p 00000000 00:00 0 
7ff87c000000-7ff87c021000 rw-p 00000000 00:00 0 
7ff87c021000-7ff880000000 ---p 00000000 00:00 0 
7ff880000000-7ff888000000 rw-p 00000000 00:00 0 
7ff888000000-7ff888021000 rw-p 00000000 00:00 0 
7ff888021000-7ff88c000000 ---p 00000000 00:00 0 
7ff88c000000-7ff88c021000 rw-p 00000000 00:00 0 
7ff88c021000-7ff890000000 ---p 00000000 00:00 0 
7ff890000000-7ff890021000 rw-p 00000000 00:00 0 
7ff890021000-7ff894000000 ---p 00000000 00:00 0 
7ff8960cd000-7ff8960d0000 ---p 00000000 00:00 0 
7ff8960d0000-7ff8961ce000 rw-p 00000000 00:00 0                          [stack:3913]
7ff8961ce000-7ff8961d1000 ---p 00000000 00:00 0 
7ff8961d1000-7ff8962cf000 rw-p 00000000 00:00 0                          [stack:3912]
7ff8962cf000-7ff8962d2000 ---p 00000000 00:00 0 
7ff8962d2000-7ff8963d0000 rw-p 00000000 00:00 0                          [stack:3911]
7ff8963d0000-7ff8963d3000 ---p 00000000 00:00 0 
7ff8963d3000-7ff8964d1000 rw-p 00000000 00:00 0                          [stack:3910]
7ff8964d1000-7ff8964d4000 ---p 00000000 00:00 0 
7ff8964d4000-7ff896692000 rw-p 00000000 00:00 0                          [stack:3909]
7ff896692000-7ff8967d2000 ---p 00000000 00:00 0 
7ff8967d2000-7ff8969d2000 rw-p 00000000 00:00 0 
7ff8969d2000-7ff896bd2000 rw-p 00000000 00:00 0 
7ff896bd2000-7ff896dd2000 rw-p 00000000 00:00 0 
7ff896dd2000-7ff896e56000 r-xp 00000000 08:03 5917288                    /tmp/sqlite-3.7.2-libsqlitejdbc.so
7ff896e56000-7ff897056000 ---p 00084000 08:03 5917288                    /tmp/sqlite-3.7.2-libsqlitejdbc.so
7ff897056000-7ff897057000 r--p 00084000 08:03 5917288                    /tmp/sqlite-3.7.2-libsqlitejdbc.so
7ff897057000-7ff89705a000 rw-p 00085000 08:03 5917288                    /tmp/sqlite-3.7.2-libsqlitejdbc.so
7ff89705a000-7ff89725a000 rw-p 00000000 00:00 0 
7ff89725a000-7ff89725d000 ---p 00000000 00:00 0 
7ff89725d000-7ff89755b000 rw-p 00000000 00:00 0                          [stack:3906]
7ff89755b000-7ff89775b000 rw-p 00000000 00:00 0 
7ff8977c5000-7ff8977c8000 ---p 00000000 00:00 0 
7ff8977c8000-7ff8977fe000 rw-p 00000000 00:00 0                          [stack:3908]
7ff8977fe000-7ff897801000 ---p 00000000 00:00 0 
7ff897801000-7ff8978ff000 rw-p 00000000 00:00 0                          [stack:3903]
7ff8978ff000-7ff897902000 ---p 00000000 00:00 0 
7ff897902000-7ff897c00000 rw-p 00000000 00:00 0                          [stack:3902]
7ff897c00000-7ff897e00000 rw-p 00000000 00:00 0 
7ff897e00000-7ff898000000 rw-p 00000000 00:00 0 
7ff898000000-7ff898021000 rw-p 00000000 00:00 0 
7ff898021000-7ff89c000000 ---p 00000000 00:00 0 
7ff89c034000-7ff89c035000 rw-p 00000000 00:00 0 
7ff89c035000-7ff89c038000 ---p 00000000 00:00 0 
7ff89c038000-7ff89c136000 rw-p 00000000 00:00 0                          [stack:3900]
7ff89c136000-7ff89c149000 r--s 00345000 08:03 1192818                    /usr/lib/jvm/java-8-oracle/jre/lib/resources.jar
7ff89c149000-7ff89c1de000 r--s 01109000 08:03 5004536                    /usr/lib/jvm/java-8-oracle/jre/lib/ext/jfxrt.jar
7ff89c1de000-7ff89c3de000 rw-p 00000000 00:00 0 
7ff89c3de000-7ff89c3ef000 r-xp 00000000 08:03 1192784                    /usr/lib/jvm/java-8-oracle/jre/lib/amd64/libnio.so
7ff89c3ef000-7ff89c5ee000 ---p 00011000 08:03 1192784                    /usr/lib/jvm/java-8-oracle/jre/lib/amd64/libnio.so
7ff89c5ee000-7ff89c5ef000 rw-p 00010000 08:03 1192784                    /usr/lib/jvm/java-8-oracle/jre/lib/amd64/libnio.so
7ff89c5ef000-7ff89c7ef000 rw-p 00000000 00:00 0 
7ff89c7ef000-7ff89c7f4000 r--s 002f9000 08:03 1192722                    /usr/lib/jvm/java-8-oracle/jre/lib/charsets.jar
7ff89c7f4000-7ff89c9f4000 rw-p 00000000 00:00 0 
7ff89c9f4000-7ff89c9f7000 ---p 00000000 00:00 0 
7ff89c9f7000-7ff89caf5000 rw-p 00000000 00:00 0                          [stack:3899]
7ff89caf5000-7ff89cafe000 r-xp 00000000 08:03 1192768                    /usr/lib/jvm/java-8-oracle/jre/lib/amd64/libmanagement.so
7ff89cafe000-7ff89ccfd000 ---p 00009000 08:03 1192768                    /usr/lib/jvm/java-8-oracle/jre/lib/amd64/libmanagement.so
7ff89ccfd000-7ff89ccfe000 rw-p 00008000 08:03 1192768                    /usr/lib/jvm/java-8-oracle/jre/lib/amd64/libmanagement.so
7ff89ccfe000-7ff89cefe000 rw-p 00000000 00:00 0 
7ff89cefe000-7ff89d0fe000 rw-p 00000000 00:00 0 
7ff89d0fe000-7ff89d2fe000 rw-p 00000000 00:00 0 
7ff89d2fe000-7ff89d302000 r--s 0009a000 08:03 1192726                    /usr/lib/jvm/java-8-oracle/jre/lib/jsse.jar
7ff89d302000-7ff89d305000 ---p 00000000 00:00 0 
7ff89d305000-7ff89d403000 rw-p 00000000 00:00 0                          [stack:3889]
7ff89d403000-7ff89d419000 r-xp 00000000 08:03 1192796                    /usr/lib/jvm/java-8-oracle/jre/lib/amd64/libnet.so
7ff89d419000-7ff89d619000 ---p 00016000 08:03 1192796                    /usr/lib/jvm/java-8-oracle/jre/lib/amd64/libnet.so
7ff89d619000-7ff89d61a000 rw-p 00016000 08:03 1192796                    /usr/lib/jvm/java-8-oracle/jre/lib/amd64/libnet.so
7ff89d61a000-7ff89d61b000 r--s 0000c000 08:03 5916924                    /home/sharmila/.gradle/caches/modules-2/files-2.1/org.ow2.asm/asm/5.0.3/dcc2193db20e19e1feca8b1240dbbc4e190824fa/asm-5.0.3.jar
7ff89d61b000-7ff89d625000 r--s 00069000 08:03 5923589                    /home/sharmila/.gradle/caches/modules-2/files-2.1/ch.qos.logback/logback-core/1.1.8/b4d1c3dea91727faf8b3d19cf4b9b972d6c0b89/logback-core-1.1.8.jar
7ff89d625000-7ff89d627000 r--s 00012000 08:03 5916922                    /home/sharmila/.gradle/caches/modules-2/files-2.1/net.minidev/accessors-smart/1.1/a527213f2fea112a04c9bdf0ec0264e34104cd08/accessors-smart-1.1.jar
7ff89d627000-7ff89d629000 r--s 00009000 08:03 5923902                    /home/sharmila/.gradle/caches/modules-2/files-2.1/org.apache.tomcat/tomcat-juli/8.5.6/83d2d1e3362ecca504f3bf8ed1bc4cc451754d24/tomcat-juli-8.5.6.jar
7ff89d629000-7ff89d632000 r--s 0002d000 08:03 5923903                    /home/sharmila/.gradle/caches/modules-2/files-2.1/xml-apis/xml-apis/1.4.01/3789d9fada2d3d458c4ba2de349d48780f381ee3/xml-apis-1.4.01.jar
7ff89d632000-7ff89d634000 r--s 00004000 08:03 5923588                    /home/sharmila/.gradle/caches/modules-2/files-2.1/org.slf4j/log4j-over-slf4j/1.7.22/a527c37e9ca6c3d19ba298edd4aa344ca751a203/log4j-over-slf4j-1.7.22.jar
7ff89d634000-7ff89d636000 r--s 00000000 08:03 5923587                    /home/sharmila/.gradle/caches/modules-2/files-2.1/org.slf4j/jul-to-slf4j/1.7.22/b0429e950b3d2bc2c39c1bacafac753edbe3781c/jul-to-slf4j-1.7.22.jar
7ff89d636000-7ff89d63c000 r--s 00045000 08:03 5923585                    /home/sharmila/.gradle/caches/modules-2/files-2.1/ch.qos.logback/logback-classic/1.1.8/e54f49a227611976642f81cf2106b81c1ece8bf5/logback-classic-1.1.8.jar
7ff89d63c000-7ff89d63d000 r--s 0000f000 08:03 5916909                    /home/sharmila/.gradle/caches/modules-2/files-2.1/org.json/json/20140107/d1ffca6e2482b002702c6a576166fd685e3370e3/json-20140107.jar
7ff89d63d000-7ff89d63f000 r--s 00009000 08:03 5916921                    /home/sharmila/.gradle/caches/modules-2/files-2.1/org.objenesis/objenesis/2.1/87c0ea803b69252868d09308b4618f766f135a96/objenesis-2.1.jar
7ff89d63f000-7ff89d642000 r--s 0001b000 08:03 5916920                    /home/sharmila/.gradle/caches/modules-2/files-2.1/net.minidev/json-smart/2.2.1/5b9e5df7a62d1279b70dc882b041d249c4f0b002/json-smart-2.2.1.jar
7ff89d642000-7ff89d644000 r--s 00003000 08:03 5923586                    /home/sharmila/.gradle/caches/modules-2/files-2.1/org.slf4j/jcl-over-slf4j/1.7.22/86ceac14535af5a42c8fb0d06d79b925dd3cb263/jcl-over-slf4j-1.7.22.jar
7ff89d644000-7ff89d646000 r--s 00009000 08:03 5923584                    /home/sharmila/.gradle/caches/modules-2/files-2.1/org.slf4j/slf4j-api/1.7.22/a1c83373863cec7ae8d89dc1c5722d8cb6ec0309/slf4j-api-1.7.22.jar
7ff89d646000-7ff89d64e000 r--s 0003a000 08:03 5923901                    /home/sharmila/.gradle/caches/modules-2/files-2.1/org.springframework/spring-tx/4.3.5.RELEASE/296d8ae21fadc0f115dae7d1e8d5c4f8c7de2c3e/spring-tx-4.3.5.RELEASE.jar
7ff89d64e000-7ff89d658000 r--s 0006b000 08:03 5923900                    /home/sharmila/.gradle/caches/modules-2/files-2.1/org.springframework/spring-orm/4.3.5.RELEASE/64c29d310b69bcc6e1fd5a738fa3629bdedb2d3f/spring-orm-4.3.5.RELEASE.jar
7ff89d658000-7ff89d668000 r--s 0009a000 08:03 5923899                    /home/sharmila/.gradle/caches/modules-2/files-2.1/org.springframework.data/spring-data-commons/1.12.6.RELEASE/b6403dcfce33e89613f364d80d653d7540279c47/spring-data-commons-1.12.6.RELEASE.jar
7ff89d668000-7ff89d672000 r--s 0005f000 08:03 5923898                    /home/sharmila/.gradle/caches/modules-2/files-2.1/org.springframework/spring-jdbc/4.3.5.RELEASE/7c09e38b6f6e0b178973dea06bb8fdc6d19aa596/spring-jdbc-4.3.5.RELEASE.jar
7ff89d672000-7ff89d675000 r--s 00020000 08:03 5923897                    /home/sharmila/.gradle/caches/modules-2/files-2.1/org.apache.tomcat/tomcat-jdbc/8.5.6/feb10a9e22f70565c7556f327b0481dba8587bbc/tomcat-jdbc-8.5.6.jar
7ff89d675000-7ff89d68e000 r--s 001af000 08:03 5923896                    /home/sharmila/.gradle/caches/modules-2/files-2.1/org.aspectj/aspectjweaver/1.8.9/db28774f477f07220eac18d5ec9c4e01f48589d7/aspectjweaver-1.8.9.jar
7ff89d68e000-7ff89d691000 r--s 00010000 08:03 5923833                    /home/sharmila/.gradle/caches/modules-2/files-2.1/org.hibernate.common/hibernate-commons-annotations/5.0.1.Final/71e1cff3fcb20d3b3af4f3363c3ddb24d33c6879/hibernate-commons-annotations-5.0.1.Final.jar
7ff89d691000-7ff89d696000 r--s 00048000 08:03 5923832                    /home/sharmila/.gradle/caches/modules-2/files-2.1/dom4j/dom4j/1.6.1/5d3ccc056b6f056dbf0dddfdf43894b9065a8f94/dom4j-1.6.1.jar
7ff89d696000-7ff89d699000 r--s 0002b000 08:03 5923433                    /home/sharmila/.gradle/caches/modules-2/files-2.1/org.jboss/jandex/2.0.0.Final/3e899258936f94649c777193e1be846387ed54b3/jandex-2.0.0.Final.jar
7ff89d699000-7ff89d69a000 r--s 00003000 08:03 5923830                    /home/sharmila/.gradle/caches/modules-2/files-2.1/org.apache.geronimo.specs/geronimo-jta_1.1_spec/1.1.1/aabab3165b8ea936b9360abbf448459c0d04a5a4/geronimo-jta_1.1_spec-1.1.1.jar
7ff89d69a000-7ff89d69f000 r--s 00068000 08:03 5923829                    /home/sharmila/.gradle/caches/modules-2/files-2.1/antlr/antlr/2.7.7/83cd2cd674a217ade95a4bb83a8a14f351f48bd0/antlr-2.7.7.jar
7ff89d69f000-7ff89d6a4000 r--s 0003c000 08:03 5923583                    /home/sharmila/.gradle/caches/modules-2/files-2.1/org.springframework/spring-expression/4.3.5.RELEASE/3689dc6c5b942ecde4122eac889ed87977d6f287/spring-expression-4.3.5.RELEASE.jar
7ff89d6a4000-7ff89d6be000 r--s 000fc000 08:03 5923582                    /home/sharmila/.gradle/caches/modules-2/files-2.1/org.springframework/spring-context/4.3.5.RELEASE/ca3391c0e17d0138335ba51b51371661d20d56a8/spring-context-4.3.5.RELEASE.jar
7ff89d6be000-7ff89d6cb000 r--s 000ad000 08:03 5923581                    /home/sharmila/.gradle/caches/modules-2/files-2.1/org.springframework/spring-beans/4.3.5.RELEASE/e12bbc3277da28e2e2608a187f83091dc6c300bf/spring-beans-4.3.5.RELEASE.jar
7ff89d6cb000-7ff89d6d4000 r--s 00054000 08:03 5923580                    /home/sharmila/.gradle/caches/modules-2/files-2.1/org.springframework/spring-aop/4.3.5.RELEASE/4f113218af716bd8d174c411f19b26418b5a70f6/spring-aop-4.3.5.RELEASE.jar
7ff89d6d4000-7ff89d6d8000 r--s 00041000 08:03 5923579                    /home/sharmila/.gradle/caches/modules-2/files-2.1/com.fasterxml.jackson.core/jackson-core/2.8.5/60d059f5d2930ccd1ef03535b713fd9f933d1ba7/jackson-core-2.8.5.jar
7ff89d6d8000-7ff89d6db000 r--s 0000b000 08:03 5923578                    /home/sharmila/.gradle/caches/modules-2/files-2.1/com.fasterxml.jackson.core/jackson-annotations/2.8.5/9d82ff47bc2c2d3b5b6a6618fe636782bbcd5b07/jackson-annotations-2.8.5.jar
7ff89d6db000-7ff89d6dd000 r--s 0000e000 08:03 5917543                    /home/sharmila/.gradle/caches/modules-2/files-2.1/com.fasterxml/classmate/1.3.3/864c8e370a691e343210cc7c532fc198cee460d8/classmate-1.3.3.jar
7ff89d6dd000-7ff89d6e1000 r--s 0000c000 08:03 5916766                    /home/sharmila/.gradle/caches/modules-2/files-2.1/javax.validation/validation-api/1.1.0.Final/8613ae82954779d518631e05daa73a6a954817d5/validation-api-1.1.0.Final.jar
7ff89d6e1000-7ff89d6e6000 r--s 00036000 08:03 5917542                    /home/sharmila/.gradle/caches/modules-2/files-2.1/org.apache.tomcat.embed/tomcat-embed-websocket/8.5.6/6f6940a216b380ea8506530c374fcfeef820ba54/tomcat-embed-websocket-8.5.6.jar
7ff89d6e6000-7ff89d6e7000 r--s 00000000 08:03 5923577                    /home/sharmila/.gradle/caches/modules-2/files-2.1/org.springframework.boot/spring-boot-starter-logging/1.4.3.RELEASE/1c58783c0694abf695babfd39829922d2d501ec2/spring-boot-starter-logging-1.4.3.RELEASE.jar
7ff89d6e7000-7ff89d705000 r--s 000d0000 08:03 5923576                    /home/sharmila/.gradle/caches/modules-2/files-2.1/org.springframework.boot/spring-boot-autoconfigure/1.4.3.RELEASE/41df1bfbdd4ae4e8499ebe1a4bc613bda316d6e1/spring-boot-autoconfigure-1.4.3.RELEASE.jar
7ff89d705000-7ff89d715000 r--s 00092000 08:03 5923575                    /home/sharmila/.gradle/caches/modules-2/files-2.1/org.springframework.boot/spring-boot/1.4.3.RELEASE/17f94def4460075afdfba6bf8f897cd1fc95bf77/spring-boot-1.4.3.RELEASE.jar
7ff89d715000-7ff89d724000 r--s 00084000 08:03 5923574                    /home/sharmila/.gradle/caches/modules-2/files-2.1/org.springframework/spring-test/4.3.5.RELEASE/a1965127e07b469d8e5bb3d2b0ff850423b66be4/spring-test-4.3.5.RELEASE.jar
7ff89d724000-7ff89d73a000 r--s 000fa000 08:03 5923530                    /home/sharmila/.gradle/caches/modules-2/files-2.1/org.springframework/spring-core/4.3.5.RELEASE/80299e3f80e8c6d5c076db2ba6adf44a4b52f578/spring-core-4.3.5.RELEASE.jar
7ff89d73a000-7ff89d73b000 r--s 00006000 08:03 5916915                    /home/sharmila/.gradle/caches/modules-2/files-2.1/org.skyscreamer/jsonassert/1.3.0/d5c250eb122496866de36dc84f98e2945845ecdd/jsonassert-1.3.0.jar
7ff89d73b000-7ff89d73c000 r--s 0000c000 08:03 5916912                    /home/sharmila/.gradle/caches/modules-2/files-2.1/org.hamcrest/hamcrest-library/1.3/4785a3c21320980282f9f33d0d1264a69040538f/hamcrest-library-1.3.jar
7ff89d73c000-7ff89d73e000 r--s 00009000 08:03 5913472                    /home/sharmila/.gradle/caches/modules-2/files-2.1/org.hamcrest/hamcrest-core/1.3/42a25dc3219429f0e5d060061f71acb49bf010a0/hamcrest-core-1.3.jar
7ff89d73e000-7ff89d75a000 r--s 00103000 08:03 5916914                    /home/sharmila/.gradle/caches/modules-2/files-2.1/org.mockito/mockito-core/1.10.19/e8546f5bef4e061d8dd73895b4e8f40e3fe6effe/mockito-core-1.10.19.jar
7ff89d75a000-7ff89d76d000 r--s 000d2000 08:03 5916913                    /home/sharmila/.gradle/caches/modules-2/files-2.1/org.assertj/assertj-core/2.5.0/fcd21db4c5f33e5dcac69bf1816415fe0647582f/assertj-core-2.5.0.jar
7ff89d76d000-7ff89d772000 r--s 0002e000 08:03 5916911                    /home/sharmila/.gradle/caches/modules-2/files-2.1/com.jayway.jsonpath/json-path/2.2.0/22290d17944bd239fabf5ac69005a60a7ecbbbcb/json-path-2.2.0.jar
7ff89d772000-7ff89d777000 r--s 00017000 08:03 5923573                    /home/sharmila/.gradle/caches/modules-2/files-2.1/org.springframework.boot/spring-boot-test-autoconfigure/1.4.3.RELEASE/1a7587605e981a58104a501ab1896e2eb7a76686/spring-boot-test-autoconfigure-1.4.3.RELEASE.jar
7ff89d777000-7ff89d77c000 r--s 00021000 08:03 5923572                    /home/sharmila/.gradle/caches/modules-2/files-2.1/org.springframework.boot/spring-boot-test/1.4.3.RELEASE/2d76638f0f13b33859bf3b927c232ff0f8a4ffbf/spring-boot-test-1.4.3.RELEASE.jar
7ff89d77c000-7ff89d782000 r--s 0003d000 08:03 5916762                    /home/sharmila/.gradle/caches/modules-2/files-2.1/org.yaml/snakeyaml/1.17/7a27ea250c5130b2922b86dea63cbb1cc10a660c/snakeyaml-1.17.jar
7ff89d782000-7ff89d784000 r--s 00006000 08:03 5923638                    /home/sharmila/.gradle/caches/modules-2/files-2.1/com.beust/jcommander/1.12/7409692b48022f9eca7445861defbcdb9ee3c2a8/jcommander-1.12.jar
7ff89d784000-7ff89d789000 r--s 00040000 08:03 5923637                    /home/sharmila/.gradle/caches/modules-2/files-2.1/org.beanshell/bsh/2.0b4/a05f0a0feefa8d8467ac80e16e7de071489f0d9c/bsh-2.0b4.jar
7ff89d789000-7ff89d791000 r--s 00045000 08:03 5913471                    /home/sharmila/.gradle/caches/modules-2/files-2.1/junit/junit/4.12/2973d150c0dc1fefe998f834810d68f278ea58ec/junit-4.12.jar
7ff89d791000-7ff89d794000 r--s 0000c000 08:03 5923895                    /home/sharmila/.gradle/caches/modules-2/files-2.1/org.springframework/spring-aspects/4.3.5.RELEASE/8c00c15865a1da0a1ba143a50622a8436a56e097/spring-aspects-4.3.5.RELEASE.jar
7ff89d794000-7ff89d79a000 r--s 0003f000 08:03 5923894                    /home/sharmila/.gradle/caches/modules-2/files-2.1/org.springframework.data/spring-data-jpa/1.10.6.RELEASE/5d478860b24a493845248c1c336c33a657567bd3/spring-data-jpa-1.10.6.RELEASE.jar
7ff89d79a000-7ff89d79c000 r--s 00006000 08:03 5923893                    /home/sharmila/.gradle/caches/modules-2/files-2.1/javax.transaction/javax.transaction-api/1.2/d81aff979d603edd90dcd8db2abc1f4ce6479e3e/javax.transaction-api-1.2.jar
7ff89d79c000-7ff89d7a9000 r--s 00089000 08:03 5923892                    /home/sharmila/.gradle/caches/modules-2/files-2.1/org.hibernate/hibernate-entitymanager/5.0.11.Final/549565caed4e0bcb816843693e66ff7b04ce025f/hibernate-entitymanager-5.0.11.Final.jar
7ff89d7a9000-7ff89d7aa000 r--s 00000000 08:03 5923891                    /home/sharmila/.gradle/caches/modules-2/files-2.1/org.springframework.boot/spring-boot-starter-jdbc/1.4.3.RELEASE/7ce66cf27ea731189248be7af2ab84ba189e1151/spring-boot-starter-jdbc-1.4.3.RELEASE.jar
7ff89d7aa000-7ff89d7b4000 r--s 000ae000 08:03 5916958                    /home/sharmila/.gradle/caches/modules-2/files-2.1/org.javassist/javassist/3.20.0-GA/a9cbcdfb7e9f86fbc74d3afae65f2248bfbf82a0/javassist-3.20.0-GA.jar
7ff89d7b4000-7ff89d7b9000 r--s 00017000 08:03 5923828                    /home/sharmila/.gradle/caches/modules-2/files-2.1/org.hibernate.javax.persistence/hibernate-jpa-2.1-api/1.0.0.Final/5e731d961297e5a07290bfaf3db1fbc8bbbf405a/hibernate-jpa-2.1-api-1.0.0.Final.jar
7ff89d7b9000-7ff89d822000 r--s 004f3000 08:03 5923432                    /home/sharmila/.gradle/caches/modules-2/files-2.1/org.hibernate/hibernate-core/5.0.11.Final/c2487fb72a2217a7cec9ab478d4c21a36fc09977/hibernate-core-5.0.11.Final.jar
7ff89d822000-7ff89d835000 r--s 00236000 08:03 5916949                    /home/sharmila/.gradle/caches/modules-2/files-2.1/org.eclipse.jdt.core.compiler/ecj/4.5.1/bee1367ac12fb6a20b422ff8711ebeb4f0a42316/ecj-4.5.1.jar
7ff89d835000-7ff89d85e000 r--s 002b2000 08:03 5917540                    /home/sharmila/.gradle/caches/modules-2/files-2.1/org.apache.tomcat.embed/tomcat-embed-core/8.5.6/960834b5abc6b2135250487abf6c060a0fa5a22e/tomcat-embed-core-8.5.6.jar
7ff89d85e000-7ff89d86f000 r--s 000cf000 08:03 5923571                    /home/sharmila/.gradle/caches/modules-2/files-2.1/org.springframework/spring-webmvc/4.3.5.RELEASE/c624659217edab07d8279fb0f90462136f089220/spring-webmvc-4.3.5.RELEASE.jar
7ff89d86f000-7ff89d881000 r--s 000b6000 08:03 5923570                    /home/sharmila/.gradle/caches/modules-2/files-2.1/org.springframework/spring-web/4.3.5.RELEASE/6641daccf2fddafc8358144f3a4f999130fdf144/spring-web-4.3.5.RELEASE.jar
7ff89d881000-7ff89d892000 r--s 0011d000 08:03 5923569                    /home/sharmila/.gradle/caches/modules-2/files-2.1/com.fasterxml.jackson.core/jackson-databind/2.8.5/b3035f37e674c04dafe36a660c3815cc59f764e2/jackson-databind-2.8.5.jar
7ff89d892000-7ff89d8a2000 r--s 0009c000 08:03 5916756                    /home/sharmila/.gradle/caches/modules-2/files-2.1/org.hibernate/hibernate-validator/5.2.4.Final/fb18766b576aa6632bcfe9a20a023cbd52bf9769/hibernate-validator-5.2.4.Final.jar
7ff89d8a2000-7ff89d8a3000 ---p 00000000 00:00 0 
7ff89d8a3000-7ff89d9a3000 rw-p 00000000 00:00 0                          [stack:3888]
7ff89d9a3000-7ff89d9a6000 ---p 00000000 00:00 0 
7ff89d9a6000-7ff89daa4000 rw-p 00000000 00:00 0                          [stack:3887]
7ff89daa4000-7ff89daa7000 ---p 00000000 00:00 0 
7ff89daa7000-7ff89dba5000 rw-p 00000000 00:00 0                          [stack:3886]
7ff89dba5000-7ff89dba8000 ---p 00000000 00:00 0 
7ff89dba8000-7ff89dca6000 rw-p 00000000 00:00 0                          [stack:3885]
7ff89dca6000-7ff89dca9000 ---p 00000000 00:00 0 
7ff89dca9000-7ff89dda7000 rw-p 00000000 00:00 0                          [stack:3884]
7ff89dda7000-7ff89ddaa000 ---p 00000000 00:00 0 
7ff89ddaa000-7ff89dea8000 rw-p 00000000 00:00 0                          [stack:3883]
7ff89dea8000-7ff89e58b000 r--p 00000000 08:03 3152909                    /usr/lib/locale/locale-archive
7ff89e58b000-7ff89e58e000 ---p 00000000 00:00 0 
7ff89e58e000-7ff89e68c000 rw-p 00000000 00:00 0                          [stack:3882]
7ff89e68c000-7ff89e68f000 ---p 00000000 00:00 0 
7ff89e68f000-7ff89e78d000 rw-p 00000000 00:00 0                          [stack:3881]
7ff89e78d000-7ff89e78e000 ---p 00000000 00:00 0 
7ff89e78e000-7ff8a0000000 rw-p 00000000 00:00 0                          [stack:3880]
7ff8a0000000-7ff8a0021000 rw-p 00000000 00:00 0 
7ff8a0021000-7ff8a4000000 ---p 00000000 00:00 0 
7ff8a4000000-7ff8a400c000 r--s 000a4000 08:03 5923636                    /home/sharmila/.gradle/caches/modules-2/files-2.1/org.testng/testng/6.5.2/5069d2e72356ed87645c5fc3622b0bbb5e0667c9/testng-6.5.2.jar
7ff8a400c000-7ff8a405b000 rw-p 00000000 00:00 0 
7ff8a405b000-7ff8a4234000 r--s 03d3e000 08:03 1192730                    /usr/lib/jvm/java-8-oracle/jre/lib/rt.jar
7ff8a4234000-7ff8a4c18000 rw-p 00000000 00:00 0 
7ff8a4c18000-7ff8a5000000 ---p 00000000 00:00 0 
7ff8a5000000-7ff8a5d00000 rwxp 00000000 00:00 0 
7ff8a5d00000-7ff8b4000000 ---p 00000000 00:00 0 
7ff8b4000000-7ff8b5a61000 rw-p 00000000 00:00 0 
7ff8b5a61000-7ff8b8000000 ---p 00000000 00:00 0 
7ff8b8000000-7ff8b8001000 r--s 00000000 08:03 5923890                    /home/sharmila/.gradle/caches/modules-2/files-2.1/org.springframework.boot/spring-boot-starter-aop/1.4.3.RELEASE/30b11b6455bed446d3b4a1a49fab529b2cfac454/spring-boot-starter-aop-1.4.3.RELEASE.jar
7ff8b8001000-7ff8b8003000 r--s 0000f000 08:03 5916917                    /home/sharmila/.gradle/caches/modules-2/files-2.1/org.jboss.logging/jboss-logging/3.3.0.Final/3616bb87707910296e2c195dc016287080bba5af/jboss-logging-3.3.0.Final.jar
7ff8b8003000-7ff8b8008000 r--s 00036000 08:03 5917541                    /home/sharmila/.gradle/caches/modules-2/files-2.1/org.apache.tomcat.embed/tomcat-embed-el/8.5.6/a102298d8dc72f4065533d5962953d753b172602/tomcat-embed-el-8.5.6.jar
7ff8b8008000-7ff8b8009000 r--s 00000000 08:03 5923568                    /home/sharmila/.gradle/caches/modules-2/files-2.1/org.springframework.boot/spring-boot-starter-tomcat/1.4.3.RELEASE/61c48035a7a3b06b42fdd07b7109e562077b3792/spring-boot-starter-tomcat-1.4.3.RELEASE.jar
7ff8b8009000-7ff8b804b000 rw-p 00000000 00:00 0 
7ff8b804b000-7ff8b804c000 ---p 00000000 00:00 0 
7ff8b804c000-7ff8b814c000 rw-p 00000000 00:00 0                          [stack:3879]
7ff8b814c000-7ff8b814d000 ---p 00000000 00:00 0 
7ff8b814d000-7ff8b824d000 rw-p 00000000 00:00 0                          [stack:3878]
7ff8b824d000-7ff8b824e000 ---p 00000000 00:00 0 
7ff8b824e000-7ff8b834e000 rw-p 00000000 00:00 0                          [stack:3877]
7ff8b834e000-7ff8b834f000 ---p 00000000 00:00 0 
7ff8b834f000-7ff8b85bd000 rw-p 00000000 00:00 0                          [stack:3876]
7ff8b85bd000-7ff8b89a4000 ---p 00000000 00:00 0 
7ff8b89a4000-7ff8b8a8b000 rw-p 00000000 00:00 0 
7ff8b8a8b000-7ff8b8c4f000 ---p 00000000 00:00 0 
7ff8b8c4f000-7ff8b8c84000 rw-p 00000000 00:00 0 
7ff8b8c84000-7ff8b9010000 ---p 00000000 00:00 0 
7ff8b9010000-7ff8b902a000 r-xp 00000000 08:03 1192782                    /usr/lib/jvm/java-8-oracle/jre/lib/amd64/libzip.so
7ff8b902a000-7ff8b922a000 ---p 0001a000 08:03 1192782                    /usr/lib/jvm/java-8-oracle/jre/lib/amd64/libzip.so
7ff8b922a000-7ff8b922b000 rw-p 0001a000 08:03 1192782                    /usr/lib/jvm/java-8-oracle/jre/lib/amd64/libzip.so
7ff8b922b000-7ff8b9235000 r-xp 00000000 08:03 4070135                    /lib/x86_64-linux-gnu/libnss_files-2.19.so
7ff8b9235000-7ff8b9434000 ---p 0000a000 08:03 4070135                    /lib/x86_64-linux-gnu/libnss_files-2.19.so
7ff8b9434000-7ff8b9435000 r--p 00009000 08:03 4070135                    /lib/x86_64-linux-gnu/libnss_files-2.19.so
7ff8b9435000-7ff8b9436000 rw-p 0000a000 08:03 4070135                    /lib/x86_64-linux-gnu/libnss_files-2.19.so
7ff8b9436000-7ff8b9441000 r-xp 00000000 08:03 4070127                    /lib/x86_64-linux-gnu/libnss_nis-2.19.so
7ff8b9441000-7ff8b9640000 ---p 0000b000 08:03 4070127                    /lib/x86_64-linux-gnu/libnss_nis-2.19.so
7ff8b9640000-7ff8b9641000 r--p 0000a000 08:03 4070127                    /lib/x86_64-linux-gnu/libnss_nis-2.19.so
7ff8b9641000-7ff8b9642000 rw-p 0000b000 08:03 4070127                    /lib/x86_64-linux-gnu/libnss_nis-2.19.so
7ff8b9642000-7ff8b9659000 r-xp 00000000 08:03 4070123                    /lib/x86_64-linux-gnu/libnsl-2.19.so
7ff8b9659000-7ff8b9858000 ---p 00017000 08:03 4070123                    /lib/x86_64-linux-gnu/libnsl-2.19.so
7ff8b9858000-7ff8b9859000 r--p 00016000 08:03 4070123                    /lib/x86_64-linux-gnu/libnsl-2.19.so
7ff8b9859000-7ff8b985a000 rw-p 00017000 08:03 4070123                    /lib/x86_64-linux-gnu/libnsl-2.19.so
7ff8b985a000-7ff8b985c000 rw-p 00000000 00:00 0 
7ff8b985c000-7ff8b9865000 r-xp 00000000 08:03 4070122                    /lib/x86_64-linux-gnu/libnss_compat-2.19.so
7ff8b9865000-7ff8b9a64000 ---p 00009000 08:03 4070122                    /lib/x86_64-linux-gnu/libnss_compat-2.19.so
7ff8b9a64000-7ff8b9a65000 r--p 00008000 08:03 4070122                    /lib/x86_64-linux-gnu/libnss_compat-2.19.so
7ff8b9a65000-7ff8b9a66000 rw-p 00009000 08:03 4070122                    /lib/x86_64-linux-gnu/libnss_compat-2.19.so
7ff8b9a66000-7ff8b9a91000 r-xp 00000000 08:03 1192746                    /usr/lib/jvm/java-8-oracle/jre/lib/amd64/libjava.so
7ff8b9a91000-7ff8b9c90000 ---p 0002b000 08:03 1192746                    /usr/lib/jvm/java-8-oracle/jre/lib/amd64/libjava.so
7ff8b9c90000-7ff8b9c92000 rw-p 0002a000 08:03 1192746                    /usr/lib/jvm/java-8-oracle/jre/lib/amd64/libjava.so
7ff8b9c92000-7ff8b9c9f000 r-xp 00000000 08:03 1192763                    /usr/lib/jvm/java-8-oracle/jre/lib/amd64/libverify.so
7ff8b9c9f000-7ff8b9e9e000 ---p 0000d000 08:03 1192763                    /usr/lib/jvm/java-8-oracle/jre/lib/amd64/libverify.so
7ff8b9e9e000-7ff8b9ea0000 rw-p 0000c000 08:03 1192763                    /usr/lib/jvm/java-8-oracle/jre/lib/amd64/libverify.so
7ff8b9ea0000-7ff8b9ea7000 r-xp 00000000 08:03 4070131                    /lib/x86_64-linux-gnu/librt-2.19.so
7ff8b9ea7000-7ff8ba0a6000 ---p 00007000 08:03 4070131                    /lib/x86_64-linux-gnu/librt-2.19.so
7ff8ba0a6000-7ff8ba0a7000 r--p 00006000 08:03 4070131                    /lib/x86_64-linux-gnu/librt-2.19.so
7ff8ba0a7000-7ff8ba0a8000 rw-p 00007000 08:03 4070131                    /lib/x86_64-linux-gnu/librt-2.19.so
7ff8ba0a8000-7ff8ba1ad000 r-xp 00000000 08:03 4070117                    /lib/x86_64-linux-gnu/libm-2.19.so
7ff8ba1ad000-7ff8ba3ac000 ---p 00105000 08:03 4070117                    /lib/x86_64-linux-gnu/libm-2.19.so
7ff8ba3ac000-7ff8ba3ad000 r--p 00104000 08:03 4070117                    /lib/x86_64-linux-gnu/libm-2.19.so
7ff8ba3ad000-7ff8ba3ae000 rw-p 00105000 08:03 4070117                    /lib/x86_64-linux-gnu/libm-2.19.so
7ff8ba3ae000-7ff8bb07c000 r-xp 00000000 08:03 1192803                    /usr/lib/jvm/java-8-oracle/jre/lib/amd64/server/libjvm.so
7ff8bb07c000-7ff8bb27c000 ---p 00cce000 08:03 1192803                    /usr/lib/jvm/java-8-oracle/jre/lib/amd64/server/libjvm.so
7ff8bb27c000-7ff8bb355000 rw-p 00cce000 08:03 1192803                    /usr/lib/jvm/java-8-oracle/jre/lib/amd64/server/libjvm.so
7ff8bb355000-7ff8bb3a0000 rw-p 00000000 00:00 0 
7ff8bb3a0000-7ff8bb55a000 r-xp 00000000 08:03 4070132                    /lib/x86_64-linux-gnu/libc-2.19.so
7ff8bb55a000-7ff8bb75a000 ---p 001ba000 08:03 4070132                    /lib/x86_64-linux-gnu/libc-2.19.so
7ff8bb75a000-7ff8bb75e000 r--p 001ba000 08:03 4070132                    /lib/x86_64-linux-gnu/libc-2.19.so
7ff8bb75e000-7ff8bb760000 rw-p 001be000 08:03 4070132                    /lib/x86_64-linux-gnu/libc-2.19.so
7ff8bb760000-7ff8bb765000 rw-p 00000000 00:00 0 
7ff8bb765000-7ff8bb768000 r-xp 00000000 08:03 4070119                    /lib/x86_64-linux-gnu/libdl-2.19.so
7ff8bb768000-7ff8bb967000 ---p 00003000 08:03 4070119                    /lib/x86_64-linux-gnu/libdl-2.19.so
7ff8bb967000-7ff8bb968000 r--p 00002000 08:03 4070119                    /lib/x86_64-linux-gnu/libdl-2.19.so
7ff8bb968000-7ff8bb969000 rw-p 00003000 08:03 4070119                    /lib/x86_64-linux-gnu/libdl-2.19.so
7ff8bb969000-7ff8bb97e000 r-xp 00000000 08:03 1610979                    /usr/lib/jvm/java-8-oracle/lib/amd64/jli/libjli.so
7ff8bb97e000-7ff8bbb7e000 ---p 00015000 08:03 1610979                    /usr/lib/jvm/java-8-oracle/lib/amd64/jli/libjli.so
7ff8bbb7e000-7ff8bbb7f000 rw-p 00015000 08:03 1610979                    /usr/lib/jvm/java-8-oracle/lib/amd64/jli/libjli.so
7ff8bbb7f000-7ff8bbb98000 r-xp 00000000 08:03 4070124                    /lib/x86_64-linux-gnu/libpthread-2.19.so
7ff8bbb98000-7ff8bbd97000 ---p 00019000 08:03 4070124                    /lib/x86_64-linux-gnu/libpthread-2.19.so
7ff8bbd97000-7ff8bbd98000 r--p 00018000 08:03 4070124                    /lib/x86_64-linux-gnu/libpthread-2.19.so
7ff8bbd98000-7ff8bbd99000 rw-p 00019000 08:03 4070124                    /lib/x86_64-linux-gnu/libpthread-2.19.so
7ff8bbd99000-7ff8bbd9d000 rw-p 00000000 00:00 0 
7ff8bbd9d000-7ff8bbdc0000 r-xp 00000000 08:03 4070125                    /lib/x86_64-linux-gnu/ld-2.19.so
7ff8bbdc0000-7ff8bbdc1000 r--s 00000000 08:03 5923567                    /home/sharmila/.gradle/caches/modules-2/files-2.1/org.springframework.boot/spring-boot-starter/1.4.3.RELEASE/c99bad104719e947b3f9aa2b7569583805e4c5d5/spring-boot-starter-1.4.3.RELEASE.jar
7ff8bbdc1000-7ff8bbdc2000 r--s 00000000 08:03 5923566                    /home/sharmila/.gradle/caches/modules-2/files-2.1/org.springframework.boot/spring-boot-starter-test/1.4.3.RELEASE/6e9f1dbd3f68299c0183630ef07ca430de160050/spring-boot-starter-test-1.4.3.RELEASE.jar
7ff8bbdc2000-7ff8bbdc3000 r--s 00000000 08:03 5923889                    /home/sharmila/.gradle/caches/modules-2/files-2.1/org.springframework.boot/spring-boot-starter-data-jpa/1.4.3.RELEASE/ffda06c2144d10239014407333c223a237b73ad7/spring-boot-starter-data-jpa-1.4.3.RELEASE.jar
7ff8bbdc3000-7ff8bbe96000 rw-p 00000000 00:00 0 
7ff8bbe96000-7ff8bbe99000 ---p 00000000 00:00 0 
7ff8bbe99000-7ff8bbf9b000 rw-p 00000000 00:00 0                          [stack:3875]
7ff8bbf9b000-7ff8bbf9c000 r--s 00003000 08:03 5923431                    /home/sharmila/.gradle/caches/modules-2/files-2.1/org.hibernate/hibernate-gradle-plugin/5.2.3.Final/db2ad8695e48a03a566b74fb5fc07c1732c1f5e5/hibernate-gradle-plugin-5.2.3.Final.jar
7ff8bbf9c000-7ff8bbfa1000 r--s 00309000 08:03 5923826                    /home/sharmila/.gradle/caches/modules-2/files-2.1/org.xerial/sqlite-jdbc/3.7.2/7a3d67f00508d3881650579f7f228c61bfc1b196/sqlite-jdbc-3.7.2.jar
7ff8bbfa1000-7ff8bbfaa000 r--s 00095000 08:03 5913393                    /home/sharmila/.gradle/caches/modules-2/files-2.1/org.apache.tomcat.embed/tomcat-embed-jasper/9.0.0.M11/e2cd5a7038094195c3163532e01daf051d9265fe/tomcat-embed-jasper-9.0.0.M11.jar
7ff8bbfaa000-7ff8bbfab000 r--s 00000000 08:03 5923565                    /home/sharmila/.gradle/caches/modules-2/files-2.1/org.springframework.boot/spring-boot-starter-web/1.4.3.RELEASE/a0dcc919eda8e8ecb6f13f52a30e6afbb8266103/spring-boot-starter-web-1.4.3.RELEASE.jar
7ff8bbfab000-7ff8bbfb3000 r--s 00046000 08:03 3828792                    /home/sharmila/Downloads/IDE/sts 3.6.4/sts-bundle/sts-3.6.4.RELEASE/plugins/org.testng.eclipse_6.10.0.201612030230/lib/testng-remote.jar
7ff8bbfb3000-7ff8bbfbb000 rw-s 00000000 08:03 5913944                    /tmp/hsperfdata_sharmila/3869
7ff8bbfbb000-7ff8bbfbc000 rw-p 00000000 00:00 0 
7ff8bbfbc000-7ff8bbfbd000 r--p 00000000 00:00 0 
7ff8bbfbd000-7ff8bbfbf000 rw-p 00000000 00:00 0 
7ff8bbfbf000-7ff8bbfc0000 r--p 00022000 08:03 4070125                    /lib/x86_64-linux-gnu/ld-2.19.so
7ff8bbfc0000-7ff8bbfc1000 rw-p 00023000 08:03 4070125                    /lib/x86_64-linux-gnu/ld-2.19.so
7ff8bbfc1000-7ff8bbfc2000 rw-p 00000000 00:00 0 
7fff7ac6c000-7fff7ac90000 rw-p 00000000 00:00 0                          [stack]
7fff7ad02000-7fff7ad04000 r-xp 00000000 00:00 0                          [vdso]
ffffffffff600000-ffffffffff601000 r-xp 00000000 00:00 0                  [vsyscall]

VM Arguments:
jvm_args: -ea -Xms1024m -Xmx4096m -Dfile.encoding=UTF-8 
java_command: org.testng.remote.RemoteTestNG -serport 48926 -protocol json -d /home/sharmila/Documents/work-office/TestNG_Project/test-output /tmp/testng-eclipse--1471650284/testng-customsuite.xml
java_class_path (initial): /home/sharmila/Downloads/IDE/sts 3.6.4/sts-bundle/sts-3.6.4.RELEASE/plugins/org.testng.eclipse_6.10.0.201612030230/lib/testng-remote.jar:/home/sharmila/Documents/work-office/TestNG_Project/bin:/home/sharmila/.gradle/caches/modules-2/files-2.1/org.springframework.boot/spring-boot-starter-web/1.4.3.RELEASE/a0dcc919eda8e8ecb6f13f52a30e6afbb8266103/spring-boot-starter-web-1.4.3.RELEASE.jar:/home/sharmila/.gradle/caches/modules-2/files-2.1/org.apache.tomcat.embed/tomcat-embed-jasper/9.0.0.M11/e2cd5a7038094195c3163532e01daf051d9265fe/tomcat-embed-jasper-9.0.0.M11.jar:/home/sharmila/.gradle/caches/modules-2/files-2.1/org.xerial/sqlite-jdbc/3.7.2/7a3d67f00508d3881650579f7f228c61bfc1b196/sqlite-jdbc-3.7.2.jar:/home/sharmila/.gradle/caches/modules-2/files-2.1/org.hibernate/hibernate-gradle-plugin/5.2.3.Final/db2ad8695e48a03a566b74fb5fc07c1732c1f5e5/hibernate-gradle-plugin-5.2.3.Final.jar:/home/sharmila/.gradle/caches/modules-2/files-2.1/org.springframework.boot/spring-boot-starter-data-jpa/1.4.3.RELEASE/ffda06c2144d10239014407333c223a237b73ad7/spring-boot-starter-data-jpa-1.4.3.RELEASE.jar:/home/sharmila/.gradle/caches/modules-2/files-2.1/org.testng/testng/6.5.2/5069d2e72356ed87645c5fc3622b0bbb5e0667c9/testng-6.5.2.jar:/home/sharmila/.gradle/caches/modules-2/files-2.1/org.springframework.boot/spring-boot-starter-test/1.4.3.RELEASE/6e9f1dbd3f68299c0183630ef07ca430de160050/spring-boot-starter-test-1.4.3.RELEASE.jar:/home/sharmila/.gradle/caches/modules-2/files-2.1/org.springframework.boot/spring-boot-starter/1.4.3.RELEASE/c99bad104719e947b3f9aa2b7569583805e4c5d5/spring-boot-starter-1.4.3.RELEASE.jar:/home/sharmila/.gradle/caches/modules-2/files-2.1/org.springframework.boot/spring-boot-starter-tomcat/1.4.3.RELEASE/61c48035a7a3b06b42fdd07b7109e562077b3792/spring-boot-starter-tomcat-1.4.3.RELEASE.jar:/home/sharmila/.gradle/caches/modules-2/files-2.1/org.hibernate/hibernate-validator/5.2.4.Final/fb18766b576aa6632bcfe9a20a023cbd52bf9769/hibernate-validat
Launcher Type: SUN_STANDARD

Environment Variables:
JAVA_HOME=/usr/lib/jvm/java-8-oracle
PATH=/usr/local/sbin:/usr/local/bin:/usr/sbin:/usr/bin:/sbin:/bin:/usr/games:/usr/local/games:/usr/lib/jvm/java-8-oracle/bin:/usr/lib/jvm/java-8-oracle/db/bin:/usr/lib/jvm/java-8-oracle/jre/bin
SHELL=/bin/bash
DISPLAY=:0.0

Signal Handlers:
SIGSEGV: [libjvm.so+0xac78c0], sa_mask[0]=11111111011111111101111111111110, sa_flags=SA_RESTART|SA_SIGINFO
SIGBUS: [libjvm.so+0xac78c0], sa_mask[0]=11111111011111111101111111111110, sa_flags=SA_RESTART|SA_SIGINFO
SIGFPE: [libjvm.so+0x920ac0], sa_mask[0]=11111111011111111101111111111110, sa_flags=SA_RESTART|SA_SIGINFO
SIGPIPE: [libjvm.so+0x920ac0], sa_mask[0]=11111111011111111101111111111110, sa_flags=SA_RESTART|SA_SIGINFO
SIGXFSZ: [libjvm.so+0x920ac0], sa_mask[0]=11111111011111111101111111111110, sa_flags=SA_RESTART|SA_SIGINFO
SIGILL: [libjvm.so+0x920ac0], sa_mask[0]=11111111011111111101111111111110, sa_flags=SA_RESTART|SA_SIGINFO
SIGUSR1: SIG_DFL, sa_mask[0]=00000000000000000000000000000000, sa_flags=none
SIGUSR2: [libjvm.so+0x922300], sa_mask[0]=00100000000000000000000000000000, sa_flags=SA_RESTART|SA_SIGINFO
SIGHUP: [libjvm.so+0x923700], sa_mask[0]=11111111011111111101111111111110, sa_flags=SA_RESTART|SA_SIGINFO
SIGINT: [libjvm.so+0x923700], sa_mask[0]=11111111011111111101111111111110, sa_flags=SA_RESTART|SA_SIGINFO
SIGTERM: [libjvm.so+0x923700], sa_mask[0]=11111111011111111101111111111110, sa_flags=SA_RESTART|SA_SIGINFO
SIGQUIT: [libjvm.so+0x923700], sa_mask[0]=11111111011111111101111111111110, sa_flags=SA_RESTART|SA_SIGINFO


---------------  S Y S T E M  ---------------

OS:DISTRIB_ID=Ubuntu
DISTRIB_RELEASE=14.04
DISTRIB_CODENAME=trusty
DISTRIB_DESCRIPTION="Ubuntu 14.04.5 LTS"

uname:Linux 3.13.0-107-generic #154-Ubuntu SMP Tue Dec 20 09:57:27 UTC 2016 x86_64
libc:glibc 2.19 NPTL 2.19 
rlimit: STACK 8192k, CORE 0k, NPROC 30712, NOFILE 4096, AS infinity
load average:2.05 1.32 0.75

/proc/meminfo:
MemTotal:        3953548 kB
MemFree:          159988 kB
Buffers:          159656 kB
Cached:          1323840 kB
SwapCached:            0 kB
Active:          2423364 kB
Inactive:        1146300 kB
Active(anon):    2088736 kB
Inactive(anon):   313080 kB
Active(file):     334628 kB
Inactive(file):   833220 kB
Unevictable:         208 kB
Mlocked:             208 kB
SwapTotal:       7999484 kB
SwapFree:        7999484 kB
Dirty:              3248 kB
Writeback:             0 kB
AnonPages:       2086416 kB
Mapped:           405900 kB
Shmem:            315584 kB
Slab:             108556 kB
SReclaimable:      72716 kB
SUnreclaim:        35840 kB
KernelStack:        5024 kB
PageTables:        42900 kB
NFS_Unstable:          0 kB
Bounce:                0 kB
WritebackTmp:          0 kB
CommitLimit:     9976256 kB
Committed_AS:    7467224 kB
VmallocTotal:   34359738367 kB
VmallocUsed:      400928 kB
VmallocChunk:   34359328252 kB
HardwareCorrupted:     0 kB
AnonHugePages:    948224 kB
HugePages_Total:       0
HugePages_Free:        0
HugePages_Rsvd:        0
HugePages_Surp:        0
Hugepagesize:       2048 kB
DirectMap4k:       90284 kB
DirectMap2M:     2961408 kB
DirectMap1G:     1048576 kB


CPU:total 4 (2 cores per cpu, 2 threads per core) family 6 model 69 stepping 1, cmov, cx8, fxsr, mmx, sse, sse2, sse3, ssse3, sse4.1, sse4.2, popcnt, avx, avx2, aes, clmul, erms, lzcnt, ht, tsc, tscinvbit, bmi1, bmi2

/proc/cpuinfo:
processor	: 0
vendor_id	: GenuineIntel
cpu family	: 6
model		: 69
model name	: Intel(R) Core(TM) i5-4200U CPU @ 1.60GHz
stepping	: 1
microcode	: 0x17
cpu MHz		: 1400.000
cache size	: 3072 KB
physical id	: 0
siblings	: 4
core id		: 0
cpu cores	: 2
apicid		: 0
initial apicid	: 0
fpu		: yes
fpu_exception	: yes
cpuid level	: 13
wp		: yes
flags		: fpu vme de pse tsc msr pae mce cx8 apic sep mtrr pge mca cmov pat pse36 clflush dts acpi mmx fxsr sse sse2 ss ht tm pbe syscall nx pdpe1gb rdtscp lm constant_tsc arch_perfmon pebs bts rep_good nopl xtopology nonstop_tsc aperfmperf eagerfpu pni pclmulqdq dtes64 monitor ds_cpl vmx est tm2 ssse3 fma cx16 xtpr pdcm pcid sse4_1 sse4_2 movbe popcnt tsc_deadline_timer aes xsave avx f16c rdrand lahf_lm abm ida arat epb xsaveopt pln pts dtherm tpr_shadow vnmi flexpriority ept vpid fsgsbase tsc_adjust bmi1 avx2 smep bmi2 erms invpcid
bogomips	: 4589.74
clflush size	: 64
cache_alignment	: 64
address sizes	: 39 bits physical, 48 bits virtual
power management:

processor	: 1
vendor_id	: GenuineIntel
cpu family	: 6
model		: 69
model name	: Intel(R) Core(TM) i5-4200U CPU @ 1.60GHz
stepping	: 1
microcode	: 0x17
cpu MHz		: 1600.000
cache size	: 3072 KB
physical id	: 0
siblings	: 4
core id		: 0
cpu cores	: 2
apicid		: 1
initial apicid	: 1
fpu		: yes
fpu_exception	: yes
cpuid level	: 13
wp		: yes
flags		: fpu vme de pse tsc msr pae mce cx8 apic sep mtrr pge mca cmov pat pse36 clflush dts acpi mmx fxsr sse sse2 ss ht tm pbe syscall nx pdpe1gb rdtscp lm constant_tsc arch_perfmon pebs bts rep_good nopl xtopology nonstop_tsc aperfmperf eagerfpu pni pclmulqdq dtes64 monitor ds_cpl vmx est tm2 ssse3 fma cx16 xtpr pdcm pcid sse4_1 sse4_2 movbe popcnt tsc_deadline_timer aes xsave avx f16c rdrand lahf_lm abm ida arat epb xsaveopt pln pts dtherm tpr_shadow vnmi flexpriority ept vpid fsgsbase tsc_adjust bmi1 avx2 smep bmi2 erms invpcid
bogomips	: 4589.74
clflush size	: 64
cache_alignment	: 64
address sizes	: 39 bits physical, 48 bits virtual
power management:

processor	: 2
vendor_id	: GenuineIntel
cpu family	: 6
model		: 69
model name	: Intel(R) Core(TM) i5-4200U CPU @ 1.60GHz
stepping	: 1
microcode	: 0x17
cpu MHz		: 1600.000
cache size	: 3072 KB
physical id	: 0
siblings	: 4
core id		: 1
cpu cores	: 2
apicid		: 2
initial apicid	: 2
fpu		: yes
fpu_exception	: yes
cpuid level	: 13
wp		: yes
flags		: fpu vme de pse tsc msr pae mce cx8 apic sep mtrr pge mca cmov pat pse36 clflush dts acpi mmx fxsr sse sse2 ss ht tm pbe syscall nx pdpe1gb rdtscp lm constant_tsc arch_perfmon pebs bts rep_good nopl xtopology nonstop_tsc aperfmperf eagerfpu pni pclmulqdq dtes64 monitor ds_cpl vmx est tm2 ssse3 fma cx16 xtpr pdcm pcid sse4_1 sse4_2 movbe popcnt tsc_deadline_timer aes xsave avx f16c rdrand lahf_lm abm ida arat epb xsaveopt pln pts dtherm tpr_shadow vnmi flexpriority ept vpid fsgsbase tsc_adjust bmi1 avx2 smep bmi2 erms invpcid
bogomips	: 4589.74
clflush size	: 64
cache_alignment	: 64
address sizes	: 39 bits physical, 48 bits virtual
power management:

processor	: 3
vendor_id	: GenuineIntel
cpu family	: 6
model		: 69
model name	: Intel(R) Core(TM) i5-4200U CPU @ 1.60GHz
stepping	: 1
microcode	: 0x17
cpu MHz		: 1600.000
cache size	: 3072 KB
physical id	: 0
siblings	: 4
core id		: 1
cpu cores	: 2
apicid		: 3
initial apicid	: 3
fpu		: yes
fpu_exception	: yes
cpuid level	: 13
wp		: yes
flags		: fpu vme de pse tsc msr pae mce cx8 apic sep mtrr pge mca cmov pat pse36 clflush dts acpi mmx fxsr sse sse2 ss ht tm pbe syscall nx pdpe1gb rdtscp lm constant_tsc arch_perfmon pebs bts rep_good nopl xtopology nonstop_tsc aperfmperf eagerfpu pni pclmulqdq dtes64 monitor ds_cpl vmx est tm2 ssse3 fma cx16 xtpr pdcm pcid sse4_1 sse4_2 movbe popcnt tsc_deadline_timer aes xsave avx f16c rdrand lahf_lm abm ida arat epb xsaveopt pln pts dtherm tpr_shadow vnmi flexpriority ept vpid fsgsbase tsc_adjust bmi1 avx2 smep bmi2 erms invpcid
bogomips	: 4589.74
clflush size	: 64
cache_alignment	: 64
address sizes	: 39 bits physical, 48 bits virtual
power management:



Memory: 4k page, physical 3953548k(159988k free), swap 7999484k(7999484k free)

vm_info: Java HotSpot(TM) 64-Bit Server VM (25.121-b13) for linux-amd64 JRE (1.8.0_121-b13), built on Dec 12 2016 16:36:53 by "java_re" with gcc 4.3.0 20080428 (Red Hat 4.3.0-8)

time: Tue Jan 24 20:25:29 2017
elapsed time: 17 seconds (0d 0h 0m 17s)

