#
# A fatal error has been detected by the Java Runtime Environment:
#
#  SIGSEGV (0xb) at pc=0x00007ff045543118, pid=3946, tid=0x00007ff046a49700
#
# JRE version: Java(TM) SE Runtime Environment (8.0_121-b13) (build 1.8.0_121-b13)
# Java VM: Java HotSpot(TM) 64-Bit Server VM (25.121-b13 mixed mode linux-amd64 compressed oops)
# Problematic frame:
# V  [libjvm.so+0x6e2118]  jni_GetStringUTFChars+0xb8
#
# Failed to write core dump. Core dumps have been disabled. To enable core dumping, try "ulimit -c unlimited" before starting Java again
#
# If you would like to submit a bug report, please visit:
#   http://bugreport.java.com/bugreport/crash.jsp
#

---------------  T H R E A D  ---------------

Current thread (0x00007ff040010000):  JavaThread "main" [_thread_in_vm, id=3952, stack(0x00007ff046949000,0x00007ff046a4a000)]

siginfo: si_signo: 11 (SIGSEGV), si_code: 1 (SEGV_MAPERR), si_addr: 0x0000000000000000

Registers:
RAX=0x00007ff045e18550, RBX=0x0000000000000000, RCX=0x000000076abc3170, RDX=0x00007ff045e269e0
RSP=0x00007ff046a43b00, RBP=0x00007ff046a43ba0, RSI=0x00007ff040010000, RDI=0x00007ff046a43b40
R8 =0x00007ff0309e0c80, R9 =0x000000076abc3170, R10=0x0000000000000268, R11=0x00007ff045e269e8
R12=0x00007ff040010000, R13=0x0000000000000000, R14=0x00007ff046a43c78, R15=0x00007ff046a43b40
RIP=0x00007ff045543118, EFLAGS=0x0000000000010246, CSGSFS=0x0000000000000033, ERR=0x0000000000000004
  TRAPNO=0x000000000000000e

Top of Stack: (sp=0x00007ff046a43b00)
0x00007ff046a43b00:   00007ff046a43bc8 0000000000000000
0x00007ff046a43b10:   00007ff030ad92c0 00007ff045e28800
0x00007ff046a43b20:   00007ff046a44198 00007ff0309e0c80
0x00007ff046a43b30:   0000000775e5ea60 0000000050200030
0x00007ff046a43b40:   00007ff040010000 0000000000000000
0x00007ff046a43b50:   00007ff0264b3480 00007ff0309d62bd
0x00007ff046a43b60:   00007ff040010000 0000000775e5ea60
0x00007ff046a43b70:   00007ff046a43c10 00007ff01dcfa0c8
0x00007ff046a43b80:   00007ff0411a7d28 0000000000000000
0x00007ff046a43b90:   00007ff046a43c78 00007ff040010000
0x00007ff046a43ba0:   00007ff0400101f8 00007ff01d94e2b0
0x00007ff046a43bb0:   00007ff046a43c10 00007ff0309d62bd
0x00007ff046a43bc0:   00007ff01dcfa0c8 00007ff046a43c50
0x00007ff046a43bd0:   0000000000000000 00007ff01dcfa0c0
0x00007ff046a43be0:   00007ff046a43c78 00007ff0309e64cf
0x00007ff046a43bf0:   0000000000000000 00007ff01dd098f0
0x00007ff046a43c00:   0000000000000000 000000076abc3170
0x00007ff046a43c10:   00007ff046a43c00 0000000000000000
0x00007ff046a43c20:   00007ff046a43c78 00007ff01dd009d0
0x00007ff046a43c30:   0000000000000000 00007ff01dcfa0c8
0x00007ff046a43c40:   0000000000000000 00007ff046a43c70
0x00007ff046a43c50:   00007ff046a43cd8 00007ff0309d5dd0
0x00007ff046a43c60:   0000000000000000 00007ff0309df537
0x00007ff046a43c70:   0000000000000000 000000076abc3170
0x00007ff046a43c80:   0000000775e5ea00 0000000775e5ea60
0x00007ff046a43c90:   000000076abc3170 00007ff046a43c88
0x00007ff046a43ca0:   00007ff01dcfd98d 00007ff046a43cf0
0x00007ff046a43cb0:   00007ff01dd00220 0000000000000000
0x00007ff046a43cc0:   00007ff01dcfd9d8 00007ff046a43c70
0x00007ff046a43cd0:   00007ff046a43ce8 00007ff046a43d38
0x00007ff046a43ce0:   00007ff0309d62bd 0000000775e5ea00
0x00007ff046a43cf0:   000000076abc3170 00007ff046a43cf8 

Instructions: (pc=0x00007ff045543118)
0x00007ff0455430f8:   84 24 70 02 00 00 06 00 00 00 4c 89 e6 4c 89 65
0x00007ff045543108:   c0 4c 89 ff e8 1f 01 01 00 48 8b 05 18 d0 88 00
0x00007ff045543118:   4c 8b 2b 8b 10 48 8b 05 44 fc 88 00 80 38 00 0f
0x00007ff045543128:   84 2b 01 00 00 48 63 c2 41 8b 54 05 00 85 d2 0f 

Register to memory mapping:

RAX=0x00007ff045e18550: <offset 0xfb7550> in /usr/lib/jvm/java-8-oracle/jre/lib/amd64/server/libjvm.so at 0x00007ff044e61000
RBX=0x0000000000000000 is an unknown value
RCX=0x000000076abc3170 is an oop
org.sqlite.NativeDB 
 - klass: 'org/sqlite/NativeDB'
RDX=0x00007ff045e269e0: <offset 0xfc59e0> in /usr/lib/jvm/java-8-oracle/jre/lib/amd64/server/libjvm.so at 0x00007ff044e61000
RSP=0x00007ff046a43b00 is pointing into the stack for thread: 0x00007ff040010000
RBP=0x00007ff046a43ba0 is pointing into the stack for thread: 0x00007ff040010000
RSI=0x00007ff040010000 is a thread
RDI=0x00007ff046a43b40 is pointing into the stack for thread: 0x00007ff040010000
R8 =0x00007ff0309e0c80 is at code_begin+0 in an Interpreter codelet
method entry point (kind = zerolocals)  [0x00007ff0309e0c80, 0x00007ff0309e1100]  1152 bytes
R9 =0x000000076abc3170 is an oop
org.sqlite.NativeDB 
 - klass: 'org/sqlite/NativeDB'
R10=0x0000000000000268 is an unknown value
R11=0x00007ff045e269e8: <offset 0xfc59e8> in /usr/lib/jvm/java-8-oracle/jre/lib/amd64/server/libjvm.so at 0x00007ff044e61000
R12=0x00007ff040010000 is a thread
R13=0x0000000000000000 is an unknown value
R14=0x00007ff046a43c78 is pointing into the stack for thread: 0x00007ff040010000
R15=0x00007ff046a43b40 is pointing into the stack for thread: 0x00007ff040010000


Stack: [0x00007ff046949000,0x00007ff046a4a000],  sp=0x00007ff046a43b00,  free space=1002k
Native frames: (J=compiled Java code, j=interpreted, Vv=VM code, C=native code)
V  [libjvm.so+0x6e2118]  jni_GetStringUTFChars+0xb8
C  [sqlite-3.7.2-libsqlitejdbc.so+0xd2b0]  Java_org_sqlite_NativeDB_prepare+0x2f

Java frames: (J=compiled Java code, j=interpreted, Vv=VM code)
j  org.sqlite.NativeDB.prepare(Ljava/lang/String;)J+0
j  org.sqlite.DB.prepare(Lorg/sqlite/Stmt;)V+21
j  org.sqlite.PrepStmt.<init>(Lorg/sqlite/Conn;Ljava/lang/String;)V+15
j  org.sqlite.Conn.prepareStatement(Ljava/lang/String;III)Ljava/sql/PreparedStatement;+14
j  org.sqlite.Conn.prepareStatement(Ljava/lang/String;II)Ljava/sql/PreparedStatement;+5
j  org.sqlite.Conn.prepareStatement(Ljava/lang/String;)Ljava/sql/PreparedStatement;+8
v  ~StubRoutines::call_stub
J 1241  sun.reflect.NativeMethodAccessorImpl.invoke0(Ljava/lang/reflect/Method;Ljava/lang/Object;[Ljava/lang/Object;)Ljava/lang/Object; (0 bytes) @ 0x00007ff030e0d277 [0x00007ff030e0d200+0x77]
J 1240 C1 sun.reflect.NativeMethodAccessorImpl.invoke(Ljava/lang/Object;[Ljava/lang/Object;)Ljava/lang/Object; (104 bytes) @ 0x00007ff030e0e894 [0x00007ff030e0d6c0+0x11d4]
J 1646 C2 sun.reflect.DelegatingMethodAccessorImpl.invoke(Ljava/lang/Object;[Ljava/lang/Object;)Ljava/lang/Object; (10 bytes) @ 0x00007ff030f748e8 [0x00007ff030f748a0+0x48]
J 3657 C1 java.lang.reflect.Method.invoke(Ljava/lang/Object;[Ljava/lang/Object;)Ljava/lang/Object; (62 bytes) @ 0x00007ff030eb0a5c [0x00007ff030eb0660+0x3fc]
j  org.apache.tomcat.jdbc.pool.ProxyConnection.invoke(Ljava/lang/Object;Ljava/lang/reflect/Method;[Ljava/lang/Object;)Ljava/lang/Object;+237
j  org.apache.tomcat.jdbc.pool.JdbcInterceptor.invoke(Ljava/lang/Object;Ljava/lang/reflect/Method;[Ljava/lang/Object;)Ljava/lang/Object;+14
j  org.apache.tomcat.jdbc.pool.DisposableConnectionFacade.invoke(Ljava/lang/Object;Ljava/lang/reflect/Method;[Ljava/lang/Object;)Ljava/lang/Object;+93
j  com.sun.proxy.$Proxy83.prepareStatement(Ljava/lang/String;)Ljava/sql/PreparedStatement;+16
j  org.hibernate.engine.jdbc.internal.StatementPreparerImpl$1.doPrepare()Ljava/sql/PreparedStatement;+37
j  org.hibernate.engine.jdbc.internal.StatementPreparerImpl$StatementPreparationTemplate.prepareStatement()Ljava/sql/PreparedStatement;+45
j  org.hibernate.engine.jdbc.internal.StatementPreparerImpl.prepareStatement(Ljava/lang/String;)Ljava/sql/PreparedStatement;+6
j  org.hibernate.id.SequenceGenerator.generateHolder(Lorg/hibernate/engine/spi/SessionImplementor;)Lorg/hibernate/id/IntegralDataTypeHolder;+15
j  org.hibernate.id.SequenceHiLoGenerator$1.getNextValue()Lorg/hibernate/id/IntegralDataTypeHolder;+8
j  org.hibernate.id.enhanced.LegacyHiLoAlgorithmOptimizer.generate(Lorg/hibernate/id/enhanced/AccessCallback;)Ljava/io/Serializable;+25
j  org.hibernate.id.SequenceHiLoGenerator.generate(Lorg/hibernate/engine/spi/SessionImplementor;Ljava/lang/Object;)Ljava/io/Serializable;+53
j  org.hibernate.event.internal.AbstractSaveEventListener.saveWithGeneratedId(Ljava/lang/Object;Ljava/lang/String;Ljava/lang/Object;Lorg/hibernate/event/spi/EventSource;Z)Ljava/io/Serializable;+21
j  org.hibernate.jpa.event.internal.core.JpaPersistEventListener.saveWithGeneratedId(Ljava/lang/Object;Ljava/lang/String;Ljava/lang/Object;Lorg/hibernate/event/spi/EventSource;Z)Ljava/io/Serializable;+18
j  org.hibernate.event.internal.DefaultPersistEventListener.entityIsTransient(Lorg/hibernate/event/spi/PersistEvent;Ljava/util/Map;)V+55
j  org.hibernate.event.internal.DefaultPersistEventListener.onPersist(Lorg/hibernate/event/spi/PersistEvent;Ljava/util/Map;)V+324
j  org.hibernate.event.internal.DefaultPersistEventListener.onPersist(Lorg/hibernate/event/spi/PersistEvent;)V+11
j  org.hibernate.internal.SessionImpl.firePersist(Lorg/hibernate/event/spi/PersistEvent;)V+46
j  org.hibernate.internal.SessionImpl.persist(Ljava/lang/String;Ljava/lang/Object;)V+11
j  org.hibernate.internal.SessionImpl.persist(Ljava/lang/Object;)V+3
j  org.hibernate.jpa.spi.AbstractEntityManagerImpl.persist(Ljava/lang/Object;)V+9
v  ~StubRoutines::call_stub
J 1241  sun.reflect.NativeMethodAccessorImpl.invoke0(Ljava/lang/reflect/Method;Ljava/lang/Object;[Ljava/lang/Object;)Ljava/lang/Object; (0 bytes) @ 0x00007ff030e0d277 [0x00007ff030e0d200+0x77]
J 1240 C1 sun.reflect.NativeMethodAccessorImpl.invoke(Ljava/lang/Object;[Ljava/lang/Object;)Ljava/lang/Object; (104 bytes) @ 0x00007ff030e0e894 [0x00007ff030e0d6c0+0x11d4]
J 1646 C2 sun.reflect.DelegatingMethodAccessorImpl.invoke(Ljava/lang/Object;[Ljava/lang/Object;)Ljava/lang/Object; (10 bytes) @ 0x00007ff030f748e8 [0x00007ff030f748a0+0x48]
J 3657 C1 java.lang.reflect.Method.invoke(Ljava/lang/Object;[Ljava/lang/Object;)Ljava/lang/Object; (62 bytes) @ 0x00007ff030eb0a5c [0x00007ff030eb0660+0x3fc]
j  org.springframework.orm.jpa.SharedEntityManagerCreator$SharedEntityManagerInvocationHandler.invoke(Ljava/lang/Object;Ljava/lang/reflect/Method;[Ljava/lang/Object;)Ljava/lang/Object;+495
j  com.sun.proxy.$Proxy92.persist(Ljava/lang/Object;)V+16
j  org.springframework.data.jpa.repository.support.SimpleJpaRepository.save(Ljava/lang/Object;)Ljava/lang/Object;+18
v  ~StubRoutines::call_stub
J 1241  sun.reflect.NativeMethodAccessorImpl.invoke0(Ljava/lang/reflect/Method;Ljava/lang/Object;[Ljava/lang/Object;)Ljava/lang/Object; (0 bytes) @ 0x00007ff030e0d277 [0x00007ff030e0d200+0x77]
J 1240 C1 sun.reflect.NativeMethodAccessorImpl.invoke(Ljava/lang/Object;[Ljava/lang/Object;)Ljava/lang/Object; (104 bytes) @ 0x00007ff030e0e894 [0x00007ff030e0d6c0+0x11d4]
J 1646 C2 sun.reflect.DelegatingMethodAccessorImpl.invoke(Ljava/lang/Object;[Ljava/lang/Object;)Ljava/lang/Object; (10 bytes) @ 0x00007ff030f748e8 [0x00007ff030f748a0+0x48]
J 3657 C1 java.lang.reflect.Method.invoke(Ljava/lang/Object;[Ljava/lang/Object;)Ljava/lang/Object; (62 bytes) @ 0x00007ff030eb0a5c [0x00007ff030eb0660+0x3fc]
j  org.springframework.data.repository.core.support.RepositoryFactorySupport$QueryExecutorMethodInterceptor.executeMethodOn(Ljava/lang/Object;Ljava/lang/reflect/Method;[Ljava/lang/Object;)Ljava/lang/Object;+3
j  org.springframework.data.repository.core.support.RepositoryFactorySupport$QueryExecutorMethodInterceptor.doInvoke(Lorg/aopalliance/intercept/MethodInvocation;)Ljava/lang/Object;+94
j  org.springframework.data.repository.core.support.RepositoryFactorySupport$QueryExecutorMethodInterceptor.invoke(Lorg/aopalliance/intercept/MethodInvocation;)Ljava/lang/Object;+2
j  org.springframework.aop.framework.ReflectiveMethodInvocation.proceed()Ljava/lang/Object;+101
j  org.springframework.data.projection.DefaultMethodInvokingMethodInterceptor.invoke(Lorg/aopalliance/intercept/MethodInvocation;)Ljava/lang/Object;+15
j  org.springframework.aop.framework.ReflectiveMethodInvocation.proceed()Ljava/lang/Object;+101
j  org.springframework.transaction.interceptor.TransactionInterceptor$1.proceedWithInvocation()Ljava/lang/Object;+4
j  org.springframework.transaction.interceptor.TransactionAspectSupport.invokeWithinTransaction(Ljava/lang/reflect/Method;Ljava/lang/Class;Lorg/springframework/transaction/interceptor/TransactionAspectSupport$InvocationCallback;)Ljava/lang/Object;+60
j  org.springframework.transaction.interceptor.TransactionInterceptor.invoke(Lorg/aopalliance/intercept/MethodInvocation;)Ljava/lang/Object;+40
j  org.springframework.aop.framework.ReflectiveMethodInvocation.proceed()Ljava/lang/Object;+101
j  org.springframework.dao.support.PersistenceExceptionTranslationInterceptor.invoke(Lorg/aopalliance/intercept/MethodInvocation;)Ljava/lang/Object;+1
j  org.springframework.aop.framework.ReflectiveMethodInvocation.proceed()Ljava/lang/Object;+101
j  org.springframework.data.jpa.repository.support.CrudMethodMetadataPostProcessor$CrudMethodMetadataPopulatingMethodInterceptor.invoke(Lorg/aopalliance/intercept/MethodInvocation;)Ljava/lang/Object;+89
j  org.springframework.aop.framework.ReflectiveMethodInvocation.proceed()Ljava/lang/Object;+101
j  org.springframework.aop.interceptor.ExposeInvocationInterceptor.invoke(Lorg/aopalliance/intercept/MethodInvocation;)Ljava/lang/Object;+18
j  org.springframework.aop.framework.ReflectiveMethodInvocation.proceed()Ljava/lang/Object;+101
j  org.springframework.aop.framework.JdkDynamicAopProxy.invoke(Ljava/lang/Object;Ljava/lang/reflect/Method;[Ljava/lang/Object;)Ljava/lang/Object;+385
j  com.sun.proxy.$Proxy94.save(Ljava/lang/Object;)Ljava/lang/Object;+16
j  com.example.api.service.BookService.save(Lcom/example/entity/Book;)Lcom/example/entity/Book;+5
j  com.example.crudtest.CRUDTest.insertOperation()V+19
v  ~StubRoutines::call_stub
J 1241  sun.reflect.NativeMethodAccessorImpl.invoke0(Ljava/lang/reflect/Method;Ljava/lang/Object;[Ljava/lang/Object;)Ljava/lang/Object; (0 bytes) @ 0x00007ff030e0d277 [0x00007ff030e0d200+0x77]
J 1240 C1 sun.reflect.NativeMethodAccessorImpl.invoke(Ljava/lang/Object;[Ljava/lang/Object;)Ljava/lang/Object; (104 bytes) @ 0x00007ff030e0e894 [0x00007ff030e0d6c0+0x11d4]
J 1646 C2 sun.reflect.DelegatingMethodAccessorImpl.invoke(Ljava/lang/Object;[Ljava/lang/Object;)Ljava/lang/Object; (10 bytes) @ 0x00007ff030f748e8 [0x00007ff030f748a0+0x48]
J 3657 C1 java.lang.reflect.Method.invoke(Ljava/lang/Object;[Ljava/lang/Object;)Ljava/lang/Object; (62 bytes) @ 0x00007ff030eb0a5c [0x00007ff030eb0660+0x3fc]
j  org.testng.internal.MethodInvocationHelper.invokeMethod(Ljava/lang/reflect/Method;Ljava/lang/Object;[Ljava/lang/Object;)Ljava/lang/Object;+242
j  org.testng.internal.MethodInvocationHelper$1.runTestMethod(Lorg/testng/ITestResult;)V+12
j  org.springframework.test.context.testng.AbstractTestNGSpringContextTests.run(Lorg/testng/IHookCallBack;Lorg/testng/ITestResult;)V+2
v  ~StubRoutines::call_stub
J 1241  sun.reflect.NativeMethodAccessorImpl.invoke0(Ljava/lang/reflect/Method;Ljava/lang/Object;[Ljava/lang/Object;)Ljava/lang/Object; (0 bytes) @ 0x00007ff030e0d277 [0x00007ff030e0d200+0x77]
J 1240 C1 sun.reflect.NativeMethodAccessorImpl.invoke(Ljava/lang/Object;[Ljava/lang/Object;)Ljava/lang/Object; (104 bytes) @ 0x00007ff030e0e894 [0x00007ff030e0d6c0+0x11d4]
J 1646 C2 sun.reflect.DelegatingMethodAccessorImpl.invoke(Ljava/lang/Object;[Ljava/lang/Object;)Ljava/lang/Object; (10 bytes) @ 0x00007ff030f748e8 [0x00007ff030f748a0+0x48]
J 3657 C1 java.lang.reflect.Method.invoke(Ljava/lang/Object;[Ljava/lang/Object;)Ljava/lang/Object; (62 bytes) @ 0x00007ff030eb0a5c [0x00007ff030eb0660+0x3fc]
j  org.testng.internal.MethodInvocationHelper.invokeHookable(Ljava/lang/Object;[Ljava/lang/Object;Ljava/lang/Object;Ljava/lang/reflect/Method;Lorg/testng/internal/TestResult;)V+64
j  org.testng.internal.Invoker.invokeMethod([Ljava/lang/Object;ILorg/testng/ITestNGMethod;[Ljava/lang/Object;ILorg/testng/xml/XmlSuite;Ljava/util/Map;Lorg/testng/ITestClass;[Lorg/testng/ITestNGMethod;[Lorg/testng/ITestNGMethod;Lorg/testng/internal/ConfigurationGroupMethods;)Lorg/testng/ITestResult;+280
j  org.testng.internal.Invoker.invokeTestMethod([Ljava/lang/Object;Lorg/testng/ITestNGMethod;[Ljava/lang/Object;ILorg/testng/xml/XmlSuite;Ljava/util/Map;Lorg/testng/ITestClass;[Lorg/testng/ITestNGMethod;[Lorg/testng/ITestNGMethod;Lorg/testng/internal/ConfigurationGroupMethods;)Ljava/util/List;+46
j  org.testng.internal.Invoker.invokeTestMethods(Lorg/testng/ITestNGMethod;[Lorg/testng/ITestNGMethod;ILorg/testng/xml/XmlSuite;Ljava/util/Map;Lorg/testng/internal/ConfigurationGroupMethods;[Ljava/lang/Object;Lorg/testng/ITestContext;)Ljava/util/List;+705
j  org.testng.internal.TestMethodWorker.invokeTestMethods(Lorg/testng/ITestNGMethod;[Ljava/lang/Object;Lorg/testng/ITestContext;)V+32
j  org.testng.internal.TestMethodWorker.run()V+60
j  org.testng.TestRunner.privateRun(Lorg/testng/xml/XmlTest;)V+349
j  org.testng.TestRunner.run()V+26
j  org.testng.SuiteRunner.runTest(Lorg/testng/TestRunner;)V+1
j  org.testng.SuiteRunner.runSequentially()V+31
j  org.testng.SuiteRunner.privateRun()V+281
j  org.testng.SuiteRunner.run()V+6
j  org.testng.SuiteRunnerWorker.runSuite(Lorg/testng/internal/SuiteRunnerMap;Lorg/testng/xml/XmlSuite;)V+96
j  org.testng.SuiteRunnerWorker.run()V+12
j  org.testng.TestNG.runSuitesSequentially(Lorg/testng/xml/XmlSuite;Lorg/testng/internal/SuiteRunnerMap;ILjava/lang/String;)V+66
j  org.testng.TestNG.runSuitesLocally()Ljava/util/List;+117
j  org.testng.TestNG.run()V+77
j  org.testng.remote.AbstractRemoteTestNG.run()V+163
j  org.testng.remote.RemoteTestNG.initAndRun(Lorg/testng/remote/IRemoteTestNG;[Ljava/lang/String;Lorg/testng/CommandLineArgs;Lorg/testng/remote/RemoteArgs;)V+184
j  org.testng.remote.RemoteTestNG.main([Ljava/lang/String;)V+218
v  ~StubRoutines::call_stub

---------------  P R O C E S S  ---------------

Java Threads: ( => current thread )
  0x00007ff040c82000 JavaThread "http-nio-auto-1-52049-AsyncTimeout" daemon [_thread_blocked, id=3998, stack(0x00007ff01cc3c000,0x00007ff01cd3d000)]
  0x00007ff0409f6800 JavaThread "http-nio-auto-1-Acceptor-0" daemon [_thread_in_native, id=3997, stack(0x00007ff01cd3d000,0x00007ff01ce3e000)]
  0x00007ff040aa9800 JavaThread "http-nio-auto-1-ClientPoller-1" daemon [_thread_in_native, id=3996, stack(0x00007ff01ce3e000,0x00007ff01cf3f000)]
  0x00007ff040aa7800 JavaThread "http-nio-auto-1-ClientPoller-0" daemon [_thread_in_native, id=3995, stack(0x00007ff01cf3f000,0x00007ff01d040000)]
  0x00007ff040fe1000 JavaThread "NioBlockingSelector.BlockPoller-1" daemon [_thread_in_native, id=3994, stack(0x00007ff01d040000,0x00007ff01d141000)]
  0x00007ff041120000 JavaThread "Tomcat JDBC Pool Cleaner[865113938:1485242437941]" daemon [_thread_blocked, id=3986, stack(0x00007ff01dbc9000,0x00007ff01dcca000)]
  0x00007ff040f7e000 JavaThread "container-0" [_thread_blocked, id=3985, stack(0x00007ff01e0ca000,0x00007ff01e1cb000)]
  0x00007ff040f95000 JavaThread "ContainerBackgroundProcessor[StandardEngine[Tomcat]]" daemon [_thread_blocked, id=3984, stack(0x00007ff01e1cb000,0x00007ff01e2cc000)]
  0x00007fefe40bc000 JavaThread "localhost-startStop-1" daemon [_thread_blocked, id=3983, stack(0x00007ff01e4cc000,0x00007ff01e5cd000)]
  0x00007ff040f92000 JavaThread "Tomcat-startStop-1" daemon [_thread_blocked, id=3982, stack(0x00007ff01f3de000,0x00007ff01f4df000)]
  0x00007ff0404a6000 JavaThread "ReaderThread" [_thread_in_native, id=3967, stack(0x00007ff01fce8000,0x00007ff01fde9000)]
  0x00007ff0400c7000 JavaThread "Service Thread" daemon [_thread_blocked, id=3964, stack(0x00007ff02445c000,0x00007ff02455d000)]
  0x00007ff0400c4000 JavaThread "C1 CompilerThread2" daemon [_thread_blocked, id=3963, stack(0x00007ff02455d000,0x00007ff02465e000)]
  0x00007ff0400c2000 JavaThread "C2 CompilerThread1" daemon [_thread_in_native, id=3962, stack(0x00007ff02465e000,0x00007ff02475f000)]
  0x00007ff0400bf000 JavaThread "C2 CompilerThread0" daemon [_thread_in_native, id=3961, stack(0x00007ff02475f000,0x00007ff024860000)]
  0x00007ff0400be000 JavaThread "Signal Dispatcher" daemon [_thread_blocked, id=3960, stack(0x00007ff024860000,0x00007ff024961000)]
  0x00007ff04008a000 JavaThread "Finalizer" daemon [_thread_blocked, id=3959, stack(0x00007ff025044000,0x00007ff025145000)]
  0x00007ff040085800 JavaThread "Reference Handler" daemon [_thread_blocked, id=3958, stack(0x00007ff025145000,0x00007ff025246000)]
=>0x00007ff040010000 JavaThread "main" [_thread_in_vm, id=3952, stack(0x00007ff046949000,0x00007ff046a4a000)]

Other Threads:
  0x00007ff04007e000 VMThread [stack: 0x00007ff025246000,0x00007ff025347000] [id=3957]
  0x00007ff0400ca000 WatcherThread [stack: 0x00007ff02435b000,0x00007ff02445c000] [id=3965]

VM state:not at safepoint (normal execution)

VM Mutex/Monitor currently owned by a thread: None

Heap:
 PSYoungGen      total 305664K, used 188522K [0x000000076ab00000, 0x0000000789100000, 0x00000007c0000000)
  eden space 262144K, 71% used [0x000000076ab00000,0x000000077631aba0,0x000000077ab00000)
  from space 43520K, 0% used [0x000000077ab00000,0x000000077ab00000,0x000000077d580000)
  to   space 43520K, 0% used [0x0000000786680000,0x0000000786680000,0x0000000789100000)
 ParOldGen       total 701440K, used 22800K [0x00000006c0000000, 0x00000006ead00000, 0x000000076ab00000)
  object space 701440K, 3% used [0x00000006c0000000,0x00000006c16442c8,0x00000006ead00000)
 Metaspace       used 45090K, capacity 45428K, committed 45824K, reserved 1089536K
  class space    used 5900K, capacity 6029K, committed 6144K, reserved 1048576K

Card table byte_map: [0x00007ff02fe0d000,0x00007ff03060e000] byte_map_base: 0x00007ff02c80d000

Marking Bits: (ParMarkBitMap*) 0x00007ff045e25c80
 Begin Bits: [0x00007ff0274b3000, 0x00007ff02b4b3000)
 End Bits:   [0x00007ff02b4b3000, 0x00007ff02f4b3000)

Polling page: 0x00007ff046a6f000

CodeCache: size=245760Kb used=13058Kb max_used=13078Kb free=232701Kb
 bounds [0x00007ff0309ce000, 0x00007ff0316ae000, 0x00007ff03f9ce000]
 total_blobs=3986 nmethods=3513 adapters=384
 compilation: enabled

Compilation events (10 events):
Event: 15.488 Thread 0x00007ff0400c4000 4094       2       sun.reflect.NativeMethodAccessorImpl::<init> (10 bytes)
Event: 15.488 Thread 0x00007ff0400c4000 nmethod 4094 0x00007ff031688b10 code [0x00007ff031688c60, 0x00007ff031688dd0]
Event: 15.488 Thread 0x00007ff0400c4000 4095       2       sun.reflect.DelegatingMethodAccessorImpl::<init> (10 bytes)
Event: 15.488 Thread 0x00007ff0400c4000 nmethod 4095 0x00007ff0316887d0 code [0x00007ff031688920, 0x00007ff031688a90]
Event: 15.489 Thread 0x00007ff0400c4000 4096       2       sun.reflect.NativeMethodAccessorImpl::setParent (6 bytes)
Event: 15.489 Thread 0x00007ff0400c4000 nmethod 4096 0x00007ff031688490 code [0x00007ff0316885e0, 0x00007ff031688750]
Event: 15.603 Thread 0x00007ff0400c2000 nmethod 4019 0x00007ff031146f90 code [0x00007ff031147560, 0x00007ff03114a740]
Event: 15.603 Thread 0x00007ff0400c2000 4054       4       org.springframework.util.ConcurrentReferenceHashMap::get (37 bytes)
Event: 15.611 Thread 0x00007ff0400c2000 nmethod 4054 0x00007ff0316863d0 code [0x00007ff031686560, 0x00007ff031686968]
Event: 15.611 Thread 0x00007ff0400c2000 3992       4       org.springframework.boot.bind.DefaultPropertyNamePatternsMatcher::matches (226 bytes)

GC Heap History (10 events):
Event: 7.409 GC heap before
{Heap before GC invocations=1 (full 0):
 PSYoungGen      total 305664K, used 183647K [0x000000076ab00000, 0x0000000780000000, 0x00000007c0000000)
  eden space 262144K, 70% used [0x000000076ab00000,0x0000000775e57f10,0x000000077ab00000)
  from space 43520K, 0% used [0x000000077d580000,0x000000077d580000,0x0000000780000000)
  to   space 43520K, 0% used [0x000000077ab00000,0x000000077ab00000,0x000000077d580000)
 ParOldGen       total 699392K, used 0K [0x00000006c0000000, 0x00000006eab00000, 0x000000076ab00000)
  object space 699392K, 0% used [0x00000006c0000000,0x00000006c0000000,0x00000006eab00000)
 Metaspace       used 21010K, capacity 21198K, committed 21296K, reserved 1069056K
  class space    used 2584K, capacity 2642K, committed 2688K, reserved 1048576K
Event: 7.448 GC heap after
Heap after GC invocations=1 (full 0):
 PSYoungGen      total 305664K, used 20909K [0x000000076ab00000, 0x0000000780000000, 0x00000007c0000000)
  eden space 262144K, 0% used [0x000000076ab00000,0x000000076ab00000,0x000000077ab00000)
  from space 43520K, 48% used [0x000000077ab00000,0x000000077bf6b760,0x000000077d580000)
  to   space 43520K, 0% used [0x000000077d580000,0x000000077d580000,0x0000000780000000)
 ParOldGen       total 699392K, used 80K [0x00000006c0000000, 0x00000006eab00000, 0x000000076ab00000)
  object space 699392K, 0% used [0x00000006c0000000,0x00000006c0014010,0x00000006eab00000)
 Metaspace       used 21010K, capacity 21198K, committed 21296K, reserved 1069056K
  class space    used 2584K, capacity 2642K, committed 2688K, reserved 1048576K
}
Event: 7.448 GC heap before
{Heap before GC invocations=2 (full 1):
 PSYoungGen      total 305664K, used 20909K [0x000000076ab00000, 0x0000000780000000, 0x00000007c0000000)
  eden space 262144K, 0% used [0x000000076ab00000,0x000000076ab00000,0x000000077ab00000)
  from space 43520K, 48% used [0x000000077ab00000,0x000000077bf6b760,0x000000077d580000)
  to   space 43520K, 0% used [0x000000077d580000,0x000000077d580000,0x0000000780000000)
 ParOldGen       total 699392K, used 80K [0x00000006c0000000, 0x00000006eab00000, 0x000000076ab00000)
  object space 699392K, 0% used [0x00000006c0000000,0x00000006c0014010,0x00000006eab00000)
 Metaspace       used 21010K, capacity 21198K, committed 21296K, reserved 1069056K
  class space    used 2584K, capacity 2642K, committed 2688K, reserved 1048576K
Event: 7.513 GC heap after
Heap after GC invocations=2 (full 1):
 PSYoungGen      total 305664K, used 0K [0x000000076ab00000, 0x0000000780000000, 0x00000007c0000000)
  eden space 262144K, 0% used [0x000000076ab00000,0x000000076ab00000,0x000000077ab00000)
  from space 43520K, 0% used [0x000000077ab00000,0x000000077ab00000,0x000000077d580000)
  to   space 43520K, 0% used [0x000000077d580000,0x000000077d580000,0x0000000780000000)
 ParOldGen       total 699392K, used 20126K [0x00000006c0000000, 0x00000006eab00000, 0x000000076ab00000)
  object space 699392K, 2% used [0x00000006c0000000,0x00000006c13a78e0,0x00000006eab00000)
 Metaspace       used 21010K, capacity 21198K, committed 21296K, reserved 1069056K
  class space    used 2584K, capacity 2642K, committed 2688K, reserved 1048576K
}
Event: 10.776 GC heap before
{Heap before GC invocations=3 (full 1):
 PSYoungGen      total 305664K, used 262144K [0x000000076ab00000, 0x0000000780000000, 0x00000007c0000000)
  eden space 262144K, 100% used [0x000000076ab00000,0x000000077ab00000,0x000000077ab00000)
  from space 43520K, 0% used [0x000000077ab00000,0x000000077ab00000,0x000000077d580000)
  to   space 43520K, 0% used [0x000000077d580000,0x000000077d580000,0x0000000780000000)
 ParOldGen       total 699392K, used 20126K [0x00000006c0000000, 0x00000006eab00000, 0x000000076ab00000)
  object space 699392K, 2% used [0x00000006c0000000,0x00000006c13a78e0,0x00000006eab00000)
 Metaspace       used 30387K, capacity 30654K, committed 30848K, reserved 1077248K
  class space    used 3768K, capacity 3860K, committed 3968K, reserved 1048576K
Event: 10.823 GC heap after
Heap after GC invocations=3 (full 1):
 PSYoungGen      total 305664K, used 17318K [0x000000076ab00000, 0x0000000788580000, 0x00000007c0000000)
  eden space 262144K, 0% used [0x000000076ab00000,0x000000076ab00000,0x000000077ab00000)
  from space 43520K, 39% used [0x000000077d580000,0x000000077e669a18,0x0000000780000000)
  to   space 43520K, 0% used [0x000000077ab00000,0x000000077ab00000,0x000000077d580000)
 ParOldGen       total 699392K, used 20134K [0x00000006c0000000, 0x00000006eab00000, 0x000000076ab00000)
  object space 699392K, 2% used [0x00000006c0000000,0x00000006c13a98e0,0x00000006eab00000)
 Metaspace       used 30387K, capacity 30654K, committed 30848K, reserved 1077248K
  class space    used 3768K, capacity 3860K, committed 3968K, reserved 1048576K
}
Event: 12.478 GC heap before
{Heap before GC invocations=4 (full 1):
 PSYoungGen      total 305664K, used 129848K [0x000000076ab00000, 0x0000000788580000, 0x00000007c0000000)
  eden space 262144K, 42% used [0x000000076ab00000,0x00000007718e4768,0x000000077ab00000)
  from space 43520K, 39% used [0x000000077d580000,0x000000077e669a18,0x0000000780000000)
  to   space 43520K, 0% used [0x000000077ab00000,0x000000077ab00000,0x000000077d580000)
 ParOldGen       total 699392K, used 20134K [0x00000006c0000000, 0x00000006eab00000, 0x000000076ab00000)
  object space 699392K, 2% used [0x00000006c0000000,0x00000006c13a98e0,0x00000006eab00000)
 Metaspace       used 35043K, capacity 35358K, committed 35496K, reserved 1081344K
  class space    used 4498K, capacity 4580K, committed 4608K, reserved 1048576K
Event: 12.504 GC heap after
Heap after GC invocations=4 (full 1):
 PSYoungGen      total 305664K, used 13562K [0x000000076ab00000, 0x0000000789100000, 0x00000007c0000000)
  eden space 262144K, 0% used [0x000000076ab00000,0x000000076ab00000,0x000000077ab00000)
  from space 43520K, 31% used [0x000000077ab00000,0x000000077b83e940,0x000000077d580000)
  to   space 43520K, 0% used [0x0000000786680000,0x0000000786680000,0x0000000789100000)
 ParOldGen       total 699392K, used 20142K [0x00000006c0000000, 0x00000006eab00000, 0x000000076ab00000)
  object space 699392K, 2% used [0x00000006c0000000,0x00000006c13ab8e0,0x00000006eab00000)
 Metaspace       used 35043K, capacity 35358K, committed 35496K, reserved 1081344K
  class space    used 4498K, capacity 4580K, committed 4608K, reserved 1048576K
}
Event: 12.504 GC heap before
{Heap before GC invocations=5 (full 2):
 PSYoungGen      total 305664K, used 13562K [0x000000076ab00000, 0x0000000789100000, 0x00000007c0000000)
  eden space 262144K, 0% used [0x000000076ab00000,0x000000076ab00000,0x000000077ab00000)
  from space 43520K, 31% used [0x000000077ab00000,0x000000077b83e940,0x000000077d580000)
  to   space 43520K, 0% used [0x0000000786680000,0x0000000786680000,0x0000000789100000)
 ParOldGen       total 699392K, used 20142K [0x00000006c0000000, 0x00000006eab00000, 0x000000076ab00000)
  object space 699392K, 2% used [0x00000006c0000000,0x00000006c13ab8e0,0x00000006eab00000)
 Metaspace       used 35043K, capacity 35358K, committed 35496K, reserved 1081344K
  class space    used 4498K, capacity 4580K, committed 4608K, reserved 1048576K
Event: 12.628 GC heap after
Heap after GC invocations=5 (full 2):
 PSYoungGen      total 305664K, used 0K [0x000000076ab00000, 0x0000000789100000, 0x00000007c0000000)
  eden space 262144K, 0% used [0x000000076ab00000,0x000000076ab00000,0x000000077ab00000)
  from space 43520K, 0% used [0x000000077ab00000,0x000000077ab00000,0x000000077d580000)
  to   space 43520K, 0% used [0x0000000786680000,0x0000000786680000,0x0000000789100000)
 ParOldGen       total 701440K, used 22800K [0x00000006c0000000, 0x00000006ead00000, 0x000000076ab00000)
  object space 701440K, 3% used [0x00000006c0000000,0x00000006c16442c8,0x00000006ead00000)
 Metaspace       used 35043K, capacity 35358K, committed 35496K, reserved 1081344K
  class space    used 4498K, capacity 4580K, committed 4608K, reserved 1048576K
}

Deoptimization events (10 events):
Event: 13.670 Thread 0x00007ff040010000 Uncommon trap: reason=unstable_if action=reinterpret pc=0x00007ff031316870 method=java.util.concurrent.ConcurrentHashMap.get(Ljava/lang/Object;)Ljava/lang/Object; @ 86
Event: 13.699 Thread 0x00007ff040010000 Uncommon trap: reason=unstable_if action=reinterpret pc=0x00007ff030bd4f4c method=java.util.WeakHashMap.put(Ljava/lang/Object;Ljava/lang/Object;)Ljava/lang/Object; @ 47
Event: 13.763 Thread 0x00007ff040010000 Uncommon trap: reason=null_check action=make_not_entrant pc=0x00007ff030e91e78 method=org.springframework.util.ClassUtils.isAssignable(Ljava/lang/Class;Ljava/lang/Class;)Z @ 14
Event: 13.769 Thread 0x00007ff040010000 Uncommon trap: reason=null_check action=make_not_entrant pc=0x00007ff031586798 method=org.springframework.core.annotation.AnnotatedElementUtils.searchWithGetSemanticsInAnnotations(Ljava/lang/reflect/AnnotatedElement;Ljava/util/List;Ljava/lang/Class;Ljava/
Event: 13.810 Thread 0x00007ff040010000 Uncommon trap: reason=unstable_if action=reinterpret pc=0x00007ff030efe830 method=sun.reflect.misc.ReflectUtil.isNonPublicProxyClass(Ljava/lang/Class;)Z @ 33
Event: 14.125 Thread 0x00007ff040010000 Uncommon trap: reason=class_check action=maybe_recompile pc=0x00007ff0311aabd4 method=java.util.regex.Pattern$Curly.match(Ljava/util/regex/Matcher;ILjava/lang/CharSequence;)Z @ 19
Event: 14.164 Thread 0x00007ff040010000 Uncommon trap: reason=unstable_if action=reinterpret pc=0x00007ff03104b86c method=java.util.concurrent.ConcurrentHashMap.transfer([Ljava/util/concurrent/ConcurrentHashMap$Node;[Ljava/util/concurrent/ConcurrentHashMap$Node;)V @ 356
Event: 15.183 Thread 0x00007ff040010000 Uncommon trap: reason=unstable_if action=reinterpret pc=0x00007ff030ae8bb4 method=org.springframework.util.ConcurrentReferenceHashMap$Segment.clear()V @ 4
Event: 15.380 Thread 0x00007ff040010000 Uncommon trap: reason=bimorphic action=maybe_recompile pc=0x00007ff0311b5050 method=java.util.Hashtable.get(Ljava/lang/Object;)Ljava/lang/Object; @ 6
Event: 15.380 Thread 0x00007ff040010000 Uncommon trap: reason=bimorphic action=maybe_recompile pc=0x00007ff0311b5050 method=java.util.Hashtable.get(Ljava/lang/Object;)Ljava/lang/Object; @ 6

Internal exceptions (10 events):
Event: 15.000 Thread 0x00007ff040010000 Exception <a 'java/lang/ClassNotFoundException': org/springframework/boot/autoconfigure/web/WebClientAutoConfigurationCustomizer> (0x0000000774a5ce08) thrown at [/HUDSON3/workspace/8-2-build-linux-amd64/jdk8u121/8372/hotspot/src/share/vm/classfile/systemD
Event: 15.000 Thread 0x00007ff040010000 Exception <a 'java/lang/ClassNotFoundException': org/springframework/boot/autoconfigure/web/WebClientAutoConfiguration$$EnhancerBySpringCGLIB$$52d5929eCustomizer> (0x0000000774a80e20) thrown at [/HUDSON3/workspace/8-2-build-linux-amd64/jdk8u121/8372/hotsp
Event: 15.001 Thread 0x00007ff040010000 Exception <a 'java/lang/ClassNotFoundException': org/springframework/context/annotation/ConfigurationClassEnhancer$EnhancedConfigurationCustomizer> (0x0000000774aa5878) thrown at [/HUDSON3/workspace/8-2-build-linux-amd64/jdk8u121/8372/hotspot/src/share/vm
Event: 15.395 Thread 0x00007ff040010000 Exception <a 'java/lang/ClassNotFoundException': java/lang/ObjectCustomizer> (0x00000007759ee840) thrown at [/HUDSON3/workspace/8-2-build-linux-amd64/jdk8u121/8372/hotspot/src/share/vm/classfile/systemDictionary.cpp, line 210]
Event: 15.396 Thread 0x00007ff040010000 Exception <a 'java/lang/ClassNotFoundException': org/springframework/test/context/testng/AbstractTestNGSpringContextTestsCustomizer> (0x0000000775a0cca8) thrown at [/HUDSON3/workspace/8-2-build-linux-amd64/jdk8u121/8372/hotspot/src/share/vm/classfile/syst
Event: 15.397 Thread 0x00007ff040010000 Exception <a 'java/lang/ClassNotFoundException': com/example/crudtest/CRUDTestCustomizer> (0x0000000775c2c160) thrown at [/HUDSON3/workspace/8-2-build-linux-amd64/jdk8u121/8372/hotspot/src/share/vm/classfile/systemDictionary.cpp, line 210]
Event: 15.397 Thread 0x00007ff040010000 Exception <a 'java/lang/ClassNotFoundException': org/testng/IHookableCustomizer> (0x0000000775c3cef8) thrown at [/HUDSON3/workspace/8-2-build-linux-amd64/jdk8u121/8372/hotspot/src/share/vm/classfile/systemDictionary.cpp, line 210]
Event: 15.398 Thread 0x00007ff040010000 Exception <a 'java/lang/ClassNotFoundException': org/springframework/context/ApplicationContextAwareCustomizer> (0x0000000775c537b8) thrown at [/HUDSON3/workspace/8-2-build-linux-amd64/jdk8u121/8372/hotspot/src/share/vm/classfile/systemDictionary.cpp, lin
Event: 15.505 Thread 0x00007ff040010000 Exception <a 'java/lang/ClassNotFoundException': java/lang/ObjectCustomizer> (0x0000000775de2ba0) thrown at [/HUDSON3/workspace/8-2-build-linux-amd64/jdk8u121/8372/hotspot/src/share/vm/classfile/systemDictionary.cpp, line 210]
Event: 15.506 Thread 0x00007ff040010000 Exception <a 'java/lang/ClassNotFoundException': com/example/entity/BookCustomizer> (0x0000000775df58a0) thrown at [/HUDSON3/workspace/8-2-build-linux-amd64/jdk8u121/8372/hotspot/src/share/vm/classfile/systemDictionary.cpp, line 210]

Events (10 events):
Event: 15.573 loading class org/hibernate/engine/jdbc/internal/FormatStyle
Event: 15.573 loading class org/hibernate/engine/jdbc/internal/FormatStyle done
Event: 15.615 loading class org/hibernate/engine/jdbc/internal/Formatter
Event: 15.615 loading class org/hibernate/engine/jdbc/internal/Formatter done
Event: 15.616 loading class org/hibernate/engine/jdbc/internal/BasicFormatterImpl
Event: 15.616 loading class org/hibernate/engine/jdbc/internal/BasicFormatterImpl done
Event: 15.617 loading class org/hibernate/engine/jdbc/internal/DDLFormatterImpl
Event: 15.617 loading class org/hibernate/engine/jdbc/internal/DDLFormatterImpl done
Event: 15.618 loading class org/hibernate/engine/jdbc/internal/FormatStyle$NoFormatImpl
Event: 15.618 loading class org/hibernate/engine/jdbc/internal/FormatStyle$NoFormatImpl done


Dynamic libraries:
00400000-00401000 r-xp 00000000 08:03 3554757                            /usr/lib/jvm/java-8-oracle/bin/java
00600000-00601000 rw-p 00000000 08:03 3554757                            /usr/lib/jvm/java-8-oracle/bin/java
02363000-02384000 rw-p 00000000 00:00 0                                  [heap]
6c0000000-6ead00000 rw-p 00000000 00:00 0 
6ead00000-76ab00000 ---p 00000000 00:00 0 
76ab00000-789100000 rw-p 00000000 00:00 0 
789100000-7c0000000 ---p 00000000 00:00 0 
7c0000000-7c0600000 rw-p 00000000 00:00 0 
7c0600000-800000000 ---p 00000000 00:00 0 
7fefb8000000-7fefb8021000 rw-p 00000000 00:00 0 
7fefb8021000-7fefbc000000 ---p 00000000 00:00 0 
7fefc0000000-7fefc0021000 rw-p 00000000 00:00 0 
7fefc0021000-7fefc4000000 ---p 00000000 00:00 0 
7fefc4000000-7fefc4021000 rw-p 00000000 00:00 0 
7fefc4021000-7fefc8000000 ---p 00000000 00:00 0 
7fefc8000000-7fefc8021000 rw-p 00000000 00:00 0 
7fefc8021000-7fefcc000000 ---p 00000000 00:00 0 
7fefcc000000-7fefcc021000 rw-p 00000000 00:00 0 
7fefcc021000-7fefd0000000 ---p 00000000 00:00 0 
7fefd0000000-7fefd0021000 rw-p 00000000 00:00 0 
7fefd0021000-7fefd4000000 ---p 00000000 00:00 0 
7fefd4000000-7fefd4021000 rw-p 00000000 00:00 0 
7fefd4021000-7fefd8000000 ---p 00000000 00:00 0 
7fefd8000000-7fefd80cb000 rw-p 00000000 00:00 0 
7fefd80cb000-7fefdc000000 ---p 00000000 00:00 0 
7fefdc000000-7fefdc021000 rw-p 00000000 00:00 0 
7fefdc021000-7fefe0000000 ---p 00000000 00:00 0 
7fefe0000000-7fefe0021000 rw-p 00000000 00:00 0 
7fefe0021000-7fefe4000000 ---p 00000000 00:00 0 
7fefe4000000-7fefe4312000 rw-p 00000000 00:00 0 
7fefe4312000-7fefe8000000 ---p 00000000 00:00 0 
7fefe8000000-7fefe8021000 rw-p 00000000 00:00 0 
7fefe8021000-7fefec000000 ---p 00000000 00:00 0 
7fefec000000-7fefec021000 rw-p 00000000 00:00 0 
7fefec021000-7feff0000000 ---p 00000000 00:00 0 
7feff0000000-7feff1773000 rw-p 00000000 00:00 0 
7feff1773000-7feff4000000 ---p 00000000 00:00 0 
7feff4000000-7feff4ada000 rw-p 00000000 00:00 0 
7feff4ada000-7feff8000000 ---p 00000000 00:00 0 
7feff8000000-7feff8021000 rw-p 00000000 00:00 0 
7feff8021000-7feffc000000 ---p 00000000 00:00 0 
7feffc000000-7feffcfb7000 rw-p 00000000 00:00 0 
7feffcfb7000-7ff000000000 ---p 00000000 00:00 0 
7ff000000000-7ff000021000 rw-p 00000000 00:00 0 
7ff000021000-7ff004000000 ---p 00000000 00:00 0 
7ff004000000-7ff004021000 rw-p 00000000 00:00 0 
7ff004021000-7ff008000000 ---p 00000000 00:00 0 
7ff008000000-7ff008021000 rw-p 00000000 00:00 0 
7ff008021000-7ff00c000000 ---p 00000000 00:00 0 
7ff00c000000-7ff00c021000 rw-p 00000000 00:00 0 
7ff00c021000-7ff010000000 ---p 00000000 00:00 0 
7ff010000000-7ff010021000 rw-p 00000000 00:00 0 
7ff010021000-7ff014000000 ---p 00000000 00:00 0 
7ff018000000-7ff018021000 rw-p 00000000 00:00 0 
7ff018021000-7ff01c000000 ---p 00000000 00:00 0 
7ff01cc3c000-7ff01cc3f000 ---p 00000000 00:00 0 
7ff01cc3f000-7ff01cd3d000 rw-p 00000000 00:00 0                          [stack:3998]
7ff01cd3d000-7ff01cd40000 ---p 00000000 00:00 0 
7ff01cd40000-7ff01ce3e000 rw-p 00000000 00:00 0                          [stack:3997]
7ff01ce3e000-7ff01ce41000 ---p 00000000 00:00 0 
7ff01ce41000-7ff01cf3f000 rw-p 00000000 00:00 0                          [stack:3996]
7ff01cf3f000-7ff01cf42000 ---p 00000000 00:00 0 
7ff01cf42000-7ff01d040000 rw-p 00000000 00:00 0                          [stack:3995]
7ff01d040000-7ff01d043000 ---p 00000000 00:00 0 
7ff01d043000-7ff01d201000 rw-p 00000000 00:00 0                          [stack:3994]
7ff01d201000-7ff01d341000 ---p 00000000 00:00 0 
7ff01d341000-7ff01d541000 rw-p 00000000 00:00 0 
7ff01d541000-7ff01d741000 rw-p 00000000 00:00 0 
7ff01d741000-7ff01d941000 rw-p 00000000 00:00 0 
7ff01d941000-7ff01d9c5000 r-xp 00000000 08:03 5917603                    /tmp/sqlite-3.7.2-libsqlitejdbc.so
7ff01d9c5000-7ff01dbc5000 ---p 00084000 08:03 5917603                    /tmp/sqlite-3.7.2-libsqlitejdbc.so
7ff01dbc5000-7ff01dbc6000 r--p 00084000 08:03 5917603                    /tmp/sqlite-3.7.2-libsqlitejdbc.so
7ff01dbc6000-7ff01dbc9000 rw-p 00085000 08:03 5917603                    /tmp/sqlite-3.7.2-libsqlitejdbc.so
7ff01dbc9000-7ff01dbcc000 ---p 00000000 00:00 0 
7ff01dbcc000-7ff01deca000 rw-p 00000000 00:00 0                          [stack:3986]
7ff01deca000-7ff01e0ca000 rw-p 00000000 00:00 0 
7ff01e0ca000-7ff01e0cd000 ---p 00000000 00:00 0 
7ff01e0cd000-7ff01e1cb000 rw-p 00000000 00:00 0                          [stack:3985]
7ff01e1cb000-7ff01e1ce000 ---p 00000000 00:00 0 
7ff01e1ce000-7ff01e4cc000 rw-p 00000000 00:00 0                          [stack:3984]
7ff01e4cc000-7ff01e4cf000 ---p 00000000 00:00 0 
7ff01e4cf000-7ff01e7cd000 rw-p 00000000 00:00 0                          [stack:3983]
7ff01e7cd000-7ff01e9cd000 rw-p 00000000 00:00 0 
7ff01e9cd000-7ff01ebcd000 rw-p 00000000 00:00 0 
7ff01ebcd000-7ff01edcd000 rw-p 00000000 00:00 0 
7ff01edcd000-7ff01edde000 r-xp 00000000 08:03 4870868                    /usr/lib/jvm/java-8-oracle/jre/lib/amd64/libnio.so
7ff01edde000-7ff01efdd000 ---p 00011000 08:03 4870868                    /usr/lib/jvm/java-8-oracle/jre/lib/amd64/libnio.so
7ff01efdd000-7ff01efde000 rw-p 00010000 08:03 4870868                    /usr/lib/jvm/java-8-oracle/jre/lib/amd64/libnio.so
7ff01efde000-7ff01f1de000 rw-p 00000000 00:00 0 
7ff01f1de000-7ff01f3de000 rw-p 00000000 00:00 0 
7ff01f3de000-7ff01f3e1000 ---p 00000000 00:00 0 
7ff01f3e1000-7ff01f4df000 rw-p 00000000 00:00 0                          [stack:3982]
7ff01f4df000-7ff01f4e8000 r-xp 00000000 08:03 4870832                    /usr/lib/jvm/java-8-oracle/jre/lib/amd64/libmanagement.so
7ff01f4e8000-7ff01f6e7000 ---p 00009000 08:03 4870832                    /usr/lib/jvm/java-8-oracle/jre/lib/amd64/libmanagement.so
7ff01f6e7000-7ff01f6e8000 rw-p 00008000 08:03 4870832                    /usr/lib/jvm/java-8-oracle/jre/lib/amd64/libmanagement.so
7ff01f6e8000-7ff01f8e8000 rw-p 00000000 00:00 0 
7ff01f8e8000-7ff01fae8000 rw-p 00000000 00:00 0 
7ff01fae8000-7ff01fce8000 rw-p 00000000 00:00 0 
7ff01fce8000-7ff01fceb000 ---p 00000000 00:00 0 
7ff01fceb000-7ff01fde9000 rw-p 00000000 00:00 0                          [stack:3967]
7ff01fde9000-7ff01fdff000 r-xp 00000000 08:03 4870893                    /usr/lib/jvm/java-8-oracle/jre/lib/amd64/libnet.so
7ff01fdff000-7ff01ffff000 ---p 00016000 08:03 4870893                    /usr/lib/jvm/java-8-oracle/jre/lib/amd64/libnet.so
7ff01ffff000-7ff020000000 rw-p 00016000 08:03 4870893                    /usr/lib/jvm/java-8-oracle/jre/lib/amd64/libnet.so
7ff020000000-7ff020021000 rw-p 00000000 00:00 0 
7ff020021000-7ff024000000 ---p 00000000 00:00 0 
7ff02401b000-7ff02401c000 rw-p 00000000 00:00 0 
7ff02401c000-7ff02402f000 r--s 00345000 08:03 3569668                    /usr/lib/jvm/java-8-oracle/jre/lib/resources.jar
7ff02402f000-7ff0240c4000 r--s 01109000 08:03 3569596                    /usr/lib/jvm/java-8-oracle/jre/lib/ext/jfxrt.jar
7ff0240c4000-7ff0240c9000 r--s 002f9000 08:03 3569547                    /usr/lib/jvm/java-8-oracle/jre/lib/charsets.jar
7ff0240c9000-7ff0240cd000 r--s 0009a000 08:03 3569602                    /usr/lib/jvm/java-8-oracle/jre/lib/jsse.jar
7ff0240cd000-7ff0240ce000 r--s 0000c000 08:03 5916924                    /home/sharmila/.gradle/caches/modules-2/files-2.1/org.ow2.asm/asm/5.0.3/dcc2193db20e19e1feca8b1240dbbc4e190824fa/asm-5.0.3.jar
7ff0240ce000-7ff0240d8000 r--s 00069000 08:03 5923589                    /home/sharmila/.gradle/caches/modules-2/files-2.1/ch.qos.logback/logback-core/1.1.8/b4d1c3dea91727faf8b3d19cf4b9b972d6c0b89/logback-core-1.1.8.jar
7ff0240d8000-7ff0240da000 r--s 00012000 08:03 5916922                    /home/sharmila/.gradle/caches/modules-2/files-2.1/net.minidev/accessors-smart/1.1/a527213f2fea112a04c9bdf0ec0264e34104cd08/accessors-smart-1.1.jar
7ff0240da000-7ff0240dc000 r--s 00009000 08:03 5923902                    /home/sharmila/.gradle/caches/modules-2/files-2.1/org.apache.tomcat/tomcat-juli/8.5.6/83d2d1e3362ecca504f3bf8ed1bc4cc451754d24/tomcat-juli-8.5.6.jar
7ff0240dc000-7ff0240e5000 r--s 0002d000 08:03 5923903                    /home/sharmila/.gradle/caches/modules-2/files-2.1/xml-apis/xml-apis/1.4.01/3789d9fada2d3d458c4ba2de349d48780f381ee3/xml-apis-1.4.01.jar
7ff0240e5000-7ff0240e7000 r--s 00004000 08:03 5923588                    /home/sharmila/.gradle/caches/modules-2/files-2.1/org.slf4j/log4j-over-slf4j/1.7.22/a527c37e9ca6c3d19ba298edd4aa344ca751a203/log4j-over-slf4j-1.7.22.jar
7ff0240e7000-7ff0240e9000 r--s 00000000 08:03 5923587                    /home/sharmila/.gradle/caches/modules-2/files-2.1/org.slf4j/jul-to-slf4j/1.7.22/b0429e950b3d2bc2c39c1bacafac753edbe3781c/jul-to-slf4j-1.7.22.jar
7ff0240e9000-7ff0240ef000 r--s 00045000 08:03 5923585                    /home/sharmila/.gradle/caches/modules-2/files-2.1/ch.qos.logback/logback-classic/1.1.8/e54f49a227611976642f81cf2106b81c1ece8bf5/logback-classic-1.1.8.jar
7ff0240ef000-7ff0240f0000 r--s 0000f000 08:03 5916909                    /home/sharmila/.gradle/caches/modules-2/files-2.1/org.json/json/20140107/d1ffca6e2482b002702c6a576166fd685e3370e3/json-20140107.jar
7ff0240f0000-7ff0240f2000 r--s 00009000 08:03 5916921                    /home/sharmila/.gradle/caches/modules-2/files-2.1/org.objenesis/objenesis/2.1/87c0ea803b69252868d09308b4618f766f135a96/objenesis-2.1.jar
7ff0240f2000-7ff0240f5000 r--s 0001b000 08:03 5916920                    /home/sharmila/.gradle/caches/modules-2/files-2.1/net.minidev/json-smart/2.2.1/5b9e5df7a62d1279b70dc882b041d249c4f0b002/json-smart-2.2.1.jar
7ff0240f5000-7ff0240f7000 r--s 00003000 08:03 5923586                    /home/sharmila/.gradle/caches/modules-2/files-2.1/org.slf4j/jcl-over-slf4j/1.7.22/86ceac14535af5a42c8fb0d06d79b925dd3cb263/jcl-over-slf4j-1.7.22.jar
7ff0240f7000-7ff0240f9000 r--s 00009000 08:03 5923584                    /home/sharmila/.gradle/caches/modules-2/files-2.1/org.slf4j/slf4j-api/1.7.22/a1c83373863cec7ae8d89dc1c5722d8cb6ec0309/slf4j-api-1.7.22.jar
7ff0240f9000-7ff024101000 r--s 0003a000 08:03 5923901                    /home/sharmila/.gradle/caches/modules-2/files-2.1/org.springframework/spring-tx/4.3.5.RELEASE/296d8ae21fadc0f115dae7d1e8d5c4f8c7de2c3e/spring-tx-4.3.5.RELEASE.jar
7ff024101000-7ff02410b000 r--s 0006b000 08:03 5923900                    /home/sharmila/.gradle/caches/modules-2/files-2.1/org.springframework/spring-orm/4.3.5.RELEASE/64c29d310b69bcc6e1fd5a738fa3629bdedb2d3f/spring-orm-4.3.5.RELEASE.jar
7ff02410b000-7ff02411b000 r--s 0009a000 08:03 5923899                    /home/sharmila/.gradle/caches/modules-2/files-2.1/org.springframework.data/spring-data-commons/1.12.6.RELEASE/b6403dcfce33e89613f364d80d653d7540279c47/spring-data-commons-1.12.6.RELEASE.jar
7ff02411b000-7ff024125000 r--s 0005f000 08:03 5923898                    /home/sharmila/.gradle/caches/modules-2/files-2.1/org.springframework/spring-jdbc/4.3.5.RELEASE/7c09e38b6f6e0b178973dea06bb8fdc6d19aa596/spring-jdbc-4.3.5.RELEASE.jar
7ff024125000-7ff024128000 r--s 00020000 08:03 5923897                    /home/sharmila/.gradle/caches/modules-2/files-2.1/org.apache.tomcat/tomcat-jdbc/8.5.6/feb10a9e22f70565c7556f327b0481dba8587bbc/tomcat-jdbc-8.5.6.jar
7ff024128000-7ff024141000 r--s 001af000 08:03 5923896                    /home/sharmila/.gradle/caches/modules-2/files-2.1/org.aspectj/aspectjweaver/1.8.9/db28774f477f07220eac18d5ec9c4e01f48589d7/aspectjweaver-1.8.9.jar
7ff024141000-7ff024144000 r--s 00010000 08:03 5923833                    /home/sharmila/.gradle/caches/modules-2/files-2.1/org.hibernate.common/hibernate-commons-annotations/5.0.1.Final/71e1cff3fcb20d3b3af4f3363c3ddb24d33c6879/hibernate-commons-annotations-5.0.1.Final.jar
7ff024144000-7ff024149000 r--s 00048000 08:03 5923832                    /home/sharmila/.gradle/caches/modules-2/files-2.1/dom4j/dom4j/1.6.1/5d3ccc056b6f056dbf0dddfdf43894b9065a8f94/dom4j-1.6.1.jar
7ff024149000-7ff02414c000 r--s 0002b000 08:03 5923433                    /home/sharmila/.gradle/caches/modules-2/files-2.1/org.jboss/jandex/2.0.0.Final/3e899258936f94649c777193e1be846387ed54b3/jandex-2.0.0.Final.jar
7ff02414c000-7ff02414d000 r--s 00003000 08:03 5923830                    /home/sharmila/.gradle/caches/modules-2/files-2.1/org.apache.geronimo.specs/geronimo-jta_1.1_spec/1.1.1/aabab3165b8ea936b9360abbf448459c0d04a5a4/geronimo-jta_1.1_spec-1.1.1.jar
7ff02414d000-7ff024152000 r--s 00068000 08:03 5923829                    /home/sharmila/.gradle/caches/modules-2/files-2.1/antlr/antlr/2.7.7/83cd2cd674a217ade95a4bb83a8a14f351f48bd0/antlr-2.7.7.jar
7ff024152000-7ff024157000 r--s 0003c000 08:03 5923583                    /home/sharmila/.gradle/caches/modules-2/files-2.1/org.springframework/spring-expression/4.3.5.RELEASE/3689dc6c5b942ecde4122eac889ed87977d6f287/spring-expression-4.3.5.RELEASE.jar
7ff024157000-7ff024171000 r--s 000fc000 08:03 5923582                    /home/sharmila/.gradle/caches/modules-2/files-2.1/org.springframework/spring-context/4.3.5.RELEASE/ca3391c0e17d0138335ba51b51371661d20d56a8/spring-context-4.3.5.RELEASE.jar
7ff024171000-7ff02417e000 r--s 000ad000 08:03 5923581                    /home/sharmila/.gradle/caches/modules-2/files-2.1/org.springframework/spring-beans/4.3.5.RELEASE/e12bbc3277da28e2e2608a187f83091dc6c300bf/spring-beans-4.3.5.RELEASE.jar
7ff02417e000-7ff024187000 r--s 00054000 08:03 5923580                    /home/sharmila/.gradle/caches/modules-2/files-2.1/org.springframework/spring-aop/4.3.5.RELEASE/4f113218af716bd8d174c411f19b26418b5a70f6/spring-aop-4.3.5.RELEASE.jar
7ff024187000-7ff02418b000 r--s 00041000 08:03 5923579                    /home/sharmila/.gradle/caches/modules-2/files-2.1/com.fasterxml.jackson.core/jackson-core/2.8.5/60d059f5d2930ccd1ef03535b713fd9f933d1ba7/jackson-core-2.8.5.jar
7ff02418b000-7ff02418e000 r--s 0000b000 08:03 5923578                    /home/sharmila/.gradle/caches/modules-2/files-2.1/com.fasterxml.jackson.core/jackson-annotations/2.8.5/9d82ff47bc2c2d3b5b6a6618fe636782bbcd5b07/jackson-annotations-2.8.5.jar
7ff02418e000-7ff024190000 r--s 0000e000 08:03 5917543                    /home/sharmila/.gradle/caches/modules-2/files-2.1/com.fasterxml/classmate/1.3.3/864c8e370a691e343210cc7c532fc198cee460d8/classmate-1.3.3.jar
7ff024190000-7ff024194000 r--s 0000c000 08:03 5916766                    /home/sharmila/.gradle/caches/modules-2/files-2.1/javax.validation/validation-api/1.1.0.Final/8613ae82954779d518631e05daa73a6a954817d5/validation-api-1.1.0.Final.jar
7ff024194000-7ff024199000 r--s 00036000 08:03 5917542                    /home/sharmila/.gradle/caches/modules-2/files-2.1/org.apache.tomcat.embed/tomcat-embed-websocket/8.5.6/6f6940a216b380ea8506530c374fcfeef820ba54/tomcat-embed-websocket-8.5.6.jar
7ff024199000-7ff02419a000 r--s 00000000 08:03 5923577                    /home/sharmila/.gradle/caches/modules-2/files-2.1/org.springframework.boot/spring-boot-starter-logging/1.4.3.RELEASE/1c58783c0694abf695babfd39829922d2d501ec2/spring-boot-starter-logging-1.4.3.RELEASE.jar
7ff02419a000-7ff0241b8000 r--s 000d0000 08:03 5923576                    /home/sharmila/.gradle/caches/modules-2/files-2.1/org.springframework.boot/spring-boot-autoconfigure/1.4.3.RELEASE/41df1bfbdd4ae4e8499ebe1a4bc613bda316d6e1/spring-boot-autoconfigure-1.4.3.RELEASE.jar
7ff0241b8000-7ff0241c8000 r--s 00092000 08:03 5923575                    /home/sharmila/.gradle/caches/modules-2/files-2.1/org.springframework.boot/spring-boot/1.4.3.RELEASE/17f94def4460075afdfba6bf8f897cd1fc95bf77/spring-boot-1.4.3.RELEASE.jar
7ff0241c8000-7ff0241d7000 r--s 00084000 08:03 5923574                    /home/sharmila/.gradle/caches/modules-2/files-2.1/org.springframework/spring-test/4.3.5.RELEASE/a1965127e07b469d8e5bb3d2b0ff850423b66be4/spring-test-4.3.5.RELEASE.jar
7ff0241d7000-7ff0241ed000 r--s 000fa000 08:03 5923530                    /home/sharmila/.gradle/caches/modules-2/files-2.1/org.springframework/spring-core/4.3.5.RELEASE/80299e3f80e8c6d5c076db2ba6adf44a4b52f578/spring-core-4.3.5.RELEASE.jar
7ff0241ed000-7ff0241ee000 r--s 00006000 08:03 5916915                    /home/sharmila/.gradle/caches/modules-2/files-2.1/org.skyscreamer/jsonassert/1.3.0/d5c250eb122496866de36dc84f98e2945845ecdd/jsonassert-1.3.0.jar
7ff0241ee000-7ff0241ef000 r--s 0000c000 08:03 5916912                    /home/sharmila/.gradle/caches/modules-2/files-2.1/org.hamcrest/hamcrest-library/1.3/4785a3c21320980282f9f33d0d1264a69040538f/hamcrest-library-1.3.jar
7ff0241ef000-7ff0241f1000 r--s 00009000 08:03 5913472                    /home/sharmila/.gradle/caches/modules-2/files-2.1/org.hamcrest/hamcrest-core/1.3/42a25dc3219429f0e5d060061f71acb49bf010a0/hamcrest-core-1.3.jar
7ff0241f1000-7ff02420d000 r--s 00103000 08:03 5916914                    /home/sharmila/.gradle/caches/modules-2/files-2.1/org.mockito/mockito-core/1.10.19/e8546f5bef4e061d8dd73895b4e8f40e3fe6effe/mockito-core-1.10.19.jar
7ff02420d000-7ff024220000 r--s 000d2000 08:03 5916913                    /home/sharmila/.gradle/caches/modules-2/files-2.1/org.assertj/assertj-core/2.5.0/fcd21db4c5f33e5dcac69bf1816415fe0647582f/assertj-core-2.5.0.jar
7ff024220000-7ff024225000 r--s 0002e000 08:03 5916911                    /home/sharmila/.gradle/caches/modules-2/files-2.1/com.jayway.jsonpath/json-path/2.2.0/22290d17944bd239fabf5ac69005a60a7ecbbbcb/json-path-2.2.0.jar
7ff024225000-7ff02422a000 r--s 00017000 08:03 5923573                    /home/sharmila/.gradle/caches/modules-2/files-2.1/org.springframework.boot/spring-boot-test-autoconfigure/1.4.3.RELEASE/1a7587605e981a58104a501ab1896e2eb7a76686/spring-boot-test-autoconfigure-1.4.3.RELEASE.jar
7ff02422a000-7ff02422f000 r--s 00021000 08:03 5923572                    /home/sharmila/.gradle/caches/modules-2/files-2.1/org.springframework.boot/spring-boot-test/1.4.3.RELEASE/2d76638f0f13b33859bf3b927c232ff0f8a4ffbf/spring-boot-test-1.4.3.RELEASE.jar
7ff02422f000-7ff024235000 r--s 0003d000 08:03 5916762                    /home/sharmila/.gradle/caches/modules-2/files-2.1/org.yaml/snakeyaml/1.17/7a27ea250c5130b2922b86dea63cbb1cc10a660c/snakeyaml-1.17.jar
7ff024235000-7ff024237000 r--s 00006000 08:03 5923638                    /home/sharmila/.gradle/caches/modules-2/files-2.1/com.beust/jcommander/1.12/7409692b48022f9eca7445861defbcdb9ee3c2a8/jcommander-1.12.jar
7ff024237000-7ff02423c000 r--s 00040000 08:03 5923637                    /home/sharmila/.gradle/caches/modules-2/files-2.1/org.beanshell/bsh/2.0b4/a05f0a0feefa8d8467ac80e16e7de071489f0d9c/bsh-2.0b4.jar
7ff02423c000-7ff024244000 r--s 00045000 08:03 5913471                    /home/sharmila/.gradle/caches/modules-2/files-2.1/junit/junit/4.12/2973d150c0dc1fefe998f834810d68f278ea58ec/junit-4.12.jar
7ff024244000-7ff024247000 r--s 0000c000 08:03 5923895                    /home/sharmila/.gradle/caches/modules-2/files-2.1/org.springframework/spring-aspects/4.3.5.RELEASE/8c00c15865a1da0a1ba143a50622a8436a56e097/spring-aspects-4.3.5.RELEASE.jar
7ff024247000-7ff02424d000 r--s 0003f000 08:03 5923894                    /home/sharmila/.gradle/caches/modules-2/files-2.1/org.springframework.data/spring-data-jpa/1.10.6.RELEASE/5d478860b24a493845248c1c336c33a657567bd3/spring-data-jpa-1.10.6.RELEASE.jar
7ff02424d000-7ff02424f000 r--s 00006000 08:03 5923893                    /home/sharmila/.gradle/caches/modules-2/files-2.1/javax.transaction/javax.transaction-api/1.2/d81aff979d603edd90dcd8db2abc1f4ce6479e3e/javax.transaction-api-1.2.jar
7ff02424f000-7ff02425c000 r--s 00089000 08:03 5923892                    /home/sharmila/.gradle/caches/modules-2/files-2.1/org.hibernate/hibernate-entitymanager/5.0.11.Final/549565caed4e0bcb816843693e66ff7b04ce025f/hibernate-entitymanager-5.0.11.Final.jar
7ff02425c000-7ff02425d000 r--s 00000000 08:03 5923891                    /home/sharmila/.gradle/caches/modules-2/files-2.1/org.springframework.boot/spring-boot-starter-jdbc/1.4.3.RELEASE/7ce66cf27ea731189248be7af2ab84ba189e1151/spring-boot-starter-jdbc-1.4.3.RELEASE.jar
7ff02425d000-7ff02425e000 r--s 00000000 08:03 5923890                    /home/sharmila/.gradle/caches/modules-2/files-2.1/org.springframework.boot/spring-boot-starter-aop/1.4.3.RELEASE/30b11b6455bed446d3b4a1a49fab529b2cfac454/spring-boot-starter-aop-1.4.3.RELEASE.jar
7ff02425e000-7ff024268000 r--s 000ae000 08:03 5916958                    /home/sharmila/.gradle/caches/modules-2/files-2.1/org.javassist/javassist/3.20.0-GA/a9cbcdfb7e9f86fbc74d3afae65f2248bfbf82a0/javassist-3.20.0-GA.jar
7ff024268000-7ff02426d000 r--s 00017000 08:03 5923828                    /home/sharmila/.gradle/caches/modules-2/files-2.1/org.hibernate.javax.persistence/hibernate-jpa-2.1-api/1.0.0.Final/5e731d961297e5a07290bfaf3db1fbc8bbbf405a/hibernate-jpa-2.1-api-1.0.0.Final.jar
7ff02426d000-7ff0242d6000 r--s 004f3000 08:03 5923432                    /home/sharmila/.gradle/caches/modules-2/files-2.1/org.hibernate/hibernate-core/5.0.11.Final/c2487fb72a2217a7cec9ab478d4c21a36fc09977/hibernate-core-5.0.11.Final.jar
7ff0242d6000-7ff0242e9000 r--s 00236000 08:03 5916949                    /home/sharmila/.gradle/caches/modules-2/files-2.1/org.eclipse.jdt.core.compiler/ecj/4.5.1/bee1367ac12fb6a20b422ff8711ebeb4f0a42316/ecj-4.5.1.jar
7ff0242e9000-7ff0242ee000 r--s 00036000 08:03 5917541                    /home/sharmila/.gradle/caches/modules-2/files-2.1/org.apache.tomcat.embed/tomcat-embed-el/8.5.6/a102298d8dc72f4065533d5962953d753b172602/tomcat-embed-el-8.5.6.jar
7ff0242ee000-7ff024317000 r--s 002b2000 08:03 5917540                    /home/sharmila/.gradle/caches/modules-2/files-2.1/org.apache.tomcat.embed/tomcat-embed-core/8.5.6/960834b5abc6b2135250487abf6c060a0fa5a22e/tomcat-embed-core-8.5.6.jar
7ff024317000-7ff024328000 r--s 000cf000 08:03 5923571                    /home/sharmila/.gradle/caches/modules-2/files-2.1/org.springframework/spring-webmvc/4.3.5.RELEASE/c624659217edab07d8279fb0f90462136f089220/spring-webmvc-4.3.5.RELEASE.jar
7ff024328000-7ff02433a000 r--s 000b6000 08:03 5923570                    /home/sharmila/.gradle/caches/modules-2/files-2.1/org.springframework/spring-web/4.3.5.RELEASE/6641daccf2fddafc8358144f3a4f999130fdf144/spring-web-4.3.5.RELEASE.jar
7ff02433a000-7ff02434b000 r--s 0011d000 08:03 5923569                    /home/sharmila/.gradle/caches/modules-2/files-2.1/com.fasterxml.jackson.core/jackson-databind/2.8.5/b3035f37e674c04dafe36a660c3815cc59f764e2/jackson-databind-2.8.5.jar
7ff02434b000-7ff02435b000 r--s 0009c000 08:03 5916756                    /home/sharmila/.gradle/caches/modules-2/files-2.1/org.hibernate/hibernate-validator/5.2.4.Final/fb18766b576aa6632bcfe9a20a023cbd52bf9769/hibernate-validator-5.2.4.Final.jar
7ff02435b000-7ff02435c000 ---p 00000000 00:00 0 
7ff02435c000-7ff02445c000 rw-p 00000000 00:00 0                          [stack:3965]
7ff02445c000-7ff02445f000 ---p 00000000 00:00 0 
7ff02445f000-7ff02455d000 rw-p 00000000 00:00 0                          [stack:3964]
7ff02455d000-7ff024560000 ---p 00000000 00:00 0 
7ff024560000-7ff02465e000 rw-p 00000000 00:00 0                          [stack:3963]
7ff02465e000-7ff024661000 ---p 00000000 00:00 0 
7ff024661000-7ff02475f000 rw-p 00000000 00:00 0                          [stack:3962]
7ff02475f000-7ff024762000 ---p 00000000 00:00 0 
7ff024762000-7ff024860000 rw-p 00000000 00:00 0                          [stack:3961]
7ff024860000-7ff024863000 ---p 00000000 00:00 0 
7ff024863000-7ff024961000 rw-p 00000000 00:00 0                          [stack:3960]
7ff024961000-7ff025044000 r--p 00000000 08:03 3152909                    /usr/lib/locale/locale-archive
7ff025044000-7ff025047000 ---p 00000000 00:00 0 
7ff025047000-7ff025145000 rw-p 00000000 00:00 0                          [stack:3959]
7ff025145000-7ff025148000 ---p 00000000 00:00 0 
7ff025148000-7ff025246000 rw-p 00000000 00:00 0                          [stack:3958]
7ff025246000-7ff025247000 ---p 00000000 00:00 0 
7ff025247000-7ff0262da000 rw-p 00000000 00:00 0                          [stack:3957]
7ff0262da000-7ff0264b3000 r--s 03d3e000 08:03 3569606                    /usr/lib/jvm/java-8-oracle/jre/lib/rt.jar
7ff0264b3000-7ff02f4b3000 rw-p 00000000 00:00 0 
7ff02f4b3000-7ff02f4b4000 ---p 00000000 00:00 0 
7ff02f4b4000-7ff02f5b4000 rw-p 00000000 00:00 0                          [stack:3956]
7ff02f5b4000-7ff02f5b5000 ---p 00000000 00:00 0 
7ff02f5b5000-7ff02f6b5000 rw-p 00000000 00:00 0                          [stack:3955]
7ff02f6b5000-7ff02f6b6000 ---p 00000000 00:00 0 
7ff02f6b6000-7ff02f7b6000 rw-p 00000000 00:00 0                          [stack:3954]
7ff02f7b6000-7ff02f7b7000 ---p 00000000 00:00 0 
7ff02f7b7000-7ff02fa0e000 rw-p 00000000 00:00 0                          [stack:3953]
7ff02fa0e000-7ff02fe0d000 ---p 00000000 00:00 0 
7ff02fe0d000-7ff02ff64000 rw-p 00000000 00:00 0 
7ff02ff64000-7ff030362000 ---p 00000000 00:00 0 
7ff030362000-7ff030456000 rw-p 00000000 00:00 0 
7ff030456000-7ff03060d000 ---p 00000000 00:00 0 
7ff03060d000-7ff030642000 rw-p 00000000 00:00 0 
7ff030642000-7ff0309ce000 ---p 00000000 00:00 0 
7ff0309ce000-7ff0316ae000 rwxp 00000000 00:00 0 
7ff0316ae000-7ff03f9ce000 ---p 00000000 00:00 0 
7ff03f9ce000-7ff03f9e8000 r-xp 00000000 08:03 4870864                    /usr/lib/jvm/java-8-oracle/jre/lib/amd64/libzip.so
7ff03f9e8000-7ff03fbe8000 ---p 0001a000 08:03 4870864                    /usr/lib/jvm/java-8-oracle/jre/lib/amd64/libzip.so
7ff03fbe8000-7ff03fbe9000 rw-p 0001a000 08:03 4870864                    /usr/lib/jvm/java-8-oracle/jre/lib/amd64/libzip.so
7ff03fbe9000-7ff03fbf3000 r-xp 00000000 08:03 4070135                    /lib/x86_64-linux-gnu/libnss_files-2.19.so
7ff03fbf3000-7ff03fdf2000 ---p 0000a000 08:03 4070135                    /lib/x86_64-linux-gnu/libnss_files-2.19.so
7ff03fdf2000-7ff03fdf3000 r--p 00009000 08:03 4070135                    /lib/x86_64-linux-gnu/libnss_files-2.19.so
7ff03fdf3000-7ff03fdf4000 rw-p 0000a000 08:03 4070135                    /lib/x86_64-linux-gnu/libnss_files-2.19.so
7ff03fdf4000-7ff03fdff000 r-xp 00000000 08:03 4070127                    /lib/x86_64-linux-gnu/libnss_nis-2.19.so
7ff03fdff000-7ff03fffe000 ---p 0000b000 08:03 4070127                    /lib/x86_64-linux-gnu/libnss_nis-2.19.so
7ff03fffe000-7ff03ffff000 r--p 0000a000 08:03 4070127                    /lib/x86_64-linux-gnu/libnss_nis-2.19.so
7ff03ffff000-7ff040000000 rw-p 0000b000 08:03 4070127                    /lib/x86_64-linux-gnu/libnss_nis-2.19.so
7ff040000000-7ff041715000 rw-p 00000000 00:00 0 
7ff041715000-7ff044000000 ---p 00000000 00:00 0 
7ff044000000-7ff044002000 r--s 0000f000 08:03 5916917                    /home/sharmila/.gradle/caches/modules-2/files-2.1/org.jboss.logging/jboss-logging/3.3.0.Final/3616bb87707910296e2c195dc016287080bba5af/jboss-logging-3.3.0.Final.jar
7ff044002000-7ff044003000 r--s 00000000 08:03 5923568                    /home/sharmila/.gradle/caches/modules-2/files-2.1/org.springframework.boot/spring-boot-starter-tomcat/1.4.3.RELEASE/61c48035a7a3b06b42fdd07b7109e562077b3792/spring-boot-starter-tomcat-1.4.3.RELEASE.jar
7ff044003000-7ff04400f000 r--s 000a4000 08:03 5923636                    /home/sharmila/.gradle/caches/modules-2/files-2.1/org.testng/testng/6.5.2/5069d2e72356ed87645c5fc3622b0bbb5e0667c9/testng-6.5.2.jar
7ff04400f000-7ff0440f5000 rw-p 00000000 00:00 0 
7ff0440f5000-7ff04410c000 r-xp 00000000 08:03 4070123                    /lib/x86_64-linux-gnu/libnsl-2.19.so
7ff04410c000-7ff04430b000 ---p 00017000 08:03 4070123                    /lib/x86_64-linux-gnu/libnsl-2.19.so
7ff04430b000-7ff04430c000 r--p 00016000 08:03 4070123                    /lib/x86_64-linux-gnu/libnsl-2.19.so
7ff04430c000-7ff04430d000 rw-p 00017000 08:03 4070123                    /lib/x86_64-linux-gnu/libnsl-2.19.so
7ff04430d000-7ff04430f000 rw-p 00000000 00:00 0 
7ff04430f000-7ff044318000 r-xp 00000000 08:03 4070122                    /lib/x86_64-linux-gnu/libnss_compat-2.19.so
7ff044318000-7ff044517000 ---p 00009000 08:03 4070122                    /lib/x86_64-linux-gnu/libnss_compat-2.19.so
7ff044517000-7ff044518000 r--p 00008000 08:03 4070122                    /lib/x86_64-linux-gnu/libnss_compat-2.19.so
7ff044518000-7ff044519000 rw-p 00009000 08:03 4070122                    /lib/x86_64-linux-gnu/libnss_compat-2.19.so
7ff044519000-7ff044544000 r-xp 00000000 08:03 4870782                    /usr/lib/jvm/java-8-oracle/jre/lib/amd64/libjava.so
7ff044544000-7ff044743000 ---p 0002b000 08:03 4870782                    /usr/lib/jvm/java-8-oracle/jre/lib/amd64/libjava.so
7ff044743000-7ff044745000 rw-p 0002a000 08:03 4870782                    /usr/lib/jvm/java-8-oracle/jre/lib/amd64/libjava.so
7ff044745000-7ff044752000 r-xp 00000000 08:03 4870821                    /usr/lib/jvm/java-8-oracle/jre/lib/amd64/libverify.so
7ff044752000-7ff044951000 ---p 0000d000 08:03 4870821                    /usr/lib/jvm/java-8-oracle/jre/lib/amd64/libverify.so
7ff044951000-7ff044953000 rw-p 0000c000 08:03 4870821                    /usr/lib/jvm/java-8-oracle/jre/lib/amd64/libverify.so
7ff044953000-7ff04495a000 r-xp 00000000 08:03 4070131                    /lib/x86_64-linux-gnu/librt-2.19.so
7ff04495a000-7ff044b59000 ---p 00007000 08:03 4070131                    /lib/x86_64-linux-gnu/librt-2.19.so
7ff044b59000-7ff044b5a000 r--p 00006000 08:03 4070131                    /lib/x86_64-linux-gnu/librt-2.19.so
7ff044b5a000-7ff044b5b000 rw-p 00007000 08:03 4070131                    /lib/x86_64-linux-gnu/librt-2.19.so
7ff044b5b000-7ff044c60000 r-xp 00000000 08:03 4070117                    /lib/x86_64-linux-gnu/libm-2.19.so
7ff044c60000-7ff044e5f000 ---p 00105000 08:03 4070117                    /lib/x86_64-linux-gnu/libm-2.19.so
7ff044e5f000-7ff044e60000 r--p 00104000 08:03 4070117                    /lib/x86_64-linux-gnu/libm-2.19.so
7ff044e60000-7ff044e61000 rw-p 00105000 08:03 4070117                    /lib/x86_64-linux-gnu/libm-2.19.so
7ff044e61000-7ff045b2f000 r-xp 00000000 08:03 5260205                    /usr/lib/jvm/java-8-oracle/jre/lib/amd64/server/libjvm.so
7ff045b2f000-7ff045d2f000 ---p 00cce000 08:03 5260205                    /usr/lib/jvm/java-8-oracle/jre/lib/amd64/server/libjvm.so
7ff045d2f000-7ff045e08000 rw-p 00cce000 08:03 5260205                    /usr/lib/jvm/java-8-oracle/jre/lib/amd64/server/libjvm.so
7ff045e08000-7ff045e53000 rw-p 00000000 00:00 0 
7ff045e53000-7ff04600d000 r-xp 00000000 08:03 4070132                    /lib/x86_64-linux-gnu/libc-2.19.so
7ff04600d000-7ff04620d000 ---p 001ba000 08:03 4070132                    /lib/x86_64-linux-gnu/libc-2.19.so
7ff04620d000-7ff046211000 r--p 001ba000 08:03 4070132                    /lib/x86_64-linux-gnu/libc-2.19.so
7ff046211000-7ff046213000 rw-p 001be000 08:03 4070132                    /lib/x86_64-linux-gnu/libc-2.19.so
7ff046213000-7ff046218000 rw-p 00000000 00:00 0 
7ff046218000-7ff04621b000 r-xp 00000000 08:03 4070119                    /lib/x86_64-linux-gnu/libdl-2.19.so
7ff04621b000-7ff04641a000 ---p 00003000 08:03 4070119                    /lib/x86_64-linux-gnu/libdl-2.19.so
7ff04641a000-7ff04641b000 r--p 00002000 08:03 4070119                    /lib/x86_64-linux-gnu/libdl-2.19.so
7ff04641b000-7ff04641c000 rw-p 00003000 08:03 4070119                    /lib/x86_64-linux-gnu/libdl-2.19.so
7ff04641c000-7ff046431000 r-xp 00000000 08:03 3555343                    /usr/lib/jvm/java-8-oracle/lib/amd64/jli/libjli.so
7ff046431000-7ff046631000 ---p 00015000 08:03 3555343                    /usr/lib/jvm/java-8-oracle/lib/amd64/jli/libjli.so
7ff046631000-7ff046632000 rw-p 00015000 08:03 3555343                    /usr/lib/jvm/java-8-oracle/lib/amd64/jli/libjli.so
7ff046632000-7ff04664b000 r-xp 00000000 08:03 4070124                    /lib/x86_64-linux-gnu/libpthread-2.19.so
7ff04664b000-7ff04684a000 ---p 00019000 08:03 4070124                    /lib/x86_64-linux-gnu/libpthread-2.19.so
7ff04684a000-7ff04684b000 r--p 00018000 08:03 4070124                    /lib/x86_64-linux-gnu/libpthread-2.19.so
7ff04684b000-7ff04684c000 rw-p 00019000 08:03 4070124                    /lib/x86_64-linux-gnu/libpthread-2.19.so
7ff04684c000-7ff046850000 rw-p 00000000 00:00 0 
7ff046850000-7ff046873000 r-xp 00000000 08:03 4070125                    /lib/x86_64-linux-gnu/ld-2.19.so
7ff046873000-7ff046874000 r--s 00000000 08:03 5923567                    /home/sharmila/.gradle/caches/modules-2/files-2.1/org.springframework.boot/spring-boot-starter/1.4.3.RELEASE/c99bad104719e947b3f9aa2b7569583805e4c5d5/spring-boot-starter-1.4.3.RELEASE.jar
7ff046874000-7ff046875000 r--s 00000000 08:03 5923566                    /home/sharmila/.gradle/caches/modules-2/files-2.1/org.springframework.boot/spring-boot-starter-test/1.4.3.RELEASE/6e9f1dbd3f68299c0183630ef07ca430de160050/spring-boot-starter-test-1.4.3.RELEASE.jar
7ff046875000-7ff046876000 r--s 00000000 08:03 5923889                    /home/sharmila/.gradle/caches/modules-2/files-2.1/org.springframework.boot/spring-boot-starter-data-jpa/1.4.3.RELEASE/ffda06c2144d10239014407333c223a237b73ad7/spring-boot-starter-data-jpa-1.4.3.RELEASE.jar
7ff046876000-7ff046949000 rw-p 00000000 00:00 0 
7ff046949000-7ff04694c000 ---p 00000000 00:00 0 
7ff04694c000-7ff046a4e000 rw-p 00000000 00:00 0                          [stack:3952]
7ff046a4e000-7ff046a4f000 r--s 00003000 08:03 5923431                    /home/sharmila/.gradle/caches/modules-2/files-2.1/org.hibernate/hibernate-gradle-plugin/5.2.3.Final/db2ad8695e48a03a566b74fb5fc07c1732c1f5e5/hibernate-gradle-plugin-5.2.3.Final.jar
7ff046a4f000-7ff046a54000 r--s 00309000 08:03 5923826                    /home/sharmila/.gradle/caches/modules-2/files-2.1/org.xerial/sqlite-jdbc/3.7.2/7a3d67f00508d3881650579f7f228c61bfc1b196/sqlite-jdbc-3.7.2.jar
7ff046a54000-7ff046a5d000 r--s 00095000 08:03 5913393                    /home/sharmila/.gradle/caches/modules-2/files-2.1/org.apache.tomcat.embed/tomcat-embed-jasper/9.0.0.M11/e2cd5a7038094195c3163532e01daf051d9265fe/tomcat-embed-jasper-9.0.0.M11.jar
7ff046a5d000-7ff046a5e000 r--s 00000000 08:03 5923565                    /home/sharmila/.gradle/caches/modules-2/files-2.1/org.springframework.boot/spring-boot-starter-web/1.4.3.RELEASE/a0dcc919eda8e8ecb6f13f52a30e6afbb8266103/spring-boot-starter-web-1.4.3.RELEASE.jar
7ff046a5e000-7ff046a66000 r--s 00046000 08:03 3828792                    /home/sharmila/Downloads/IDE/sts 3.6.4/sts-bundle/sts-3.6.4.RELEASE/plugins/org.testng.eclipse_6.10.0.201612030230/lib/testng-remote.jar
7ff046a66000-7ff046a6e000 rw-s 00000000 08:03 5917607                    /tmp/hsperfdata_sharmila/3946
7ff046a6e000-7ff046a6f000 rw-p 00000000 00:00 0 
7ff046a6f000-7ff046a70000 r--p 00000000 00:00 0 
7ff046a70000-7ff046a72000 rw-p 00000000 00:00 0 
7ff046a72000-7ff046a73000 r--p 00022000 08:03 4070125                    /lib/x86_64-linux-gnu/ld-2.19.so
7ff046a73000-7ff046a74000 rw-p 00023000 08:03 4070125                    /lib/x86_64-linux-gnu/ld-2.19.so
7ff046a74000-7ff046a75000 rw-p 00000000 00:00 0 
7ffd2802e000-7ffd28052000 rw-p 00000000 00:00 0                          [stack]
7ffd28184000-7ffd28186000 r-xp 00000000 00:00 0                          [vdso]
ffffffffff600000-ffffffffff601000 r-xp 00000000 00:00 0                  [vsyscall]

VM Arguments:
jvm_args: -ea -Xms1024m -Xmx4096m -Dfile.encoding=UTF-8 
java_command: org.testng.remote.RemoteTestNG -serport 42795 -protocol json -d /home/sharmila/Documents/work-office/TestNG_Project/test-output /tmp/testng-eclipse-130838220/testng-customsuite.xml
java_class_path (initial): /home/sharmila/Downloads/IDE/sts 3.6.4/sts-bundle/sts-3.6.4.RELEASE/plugins/org.testng.eclipse_6.10.0.201612030230/lib/testng-remote.jar:/home/sharmila/Documents/work-office/TestNG_Project/bin:/home/sharmila/.gradle/caches/modules-2/files-2.1/org.springframework.boot/spring-boot-starter-web/1.4.3.RELEASE/a0dcc919eda8e8ecb6f13f52a30e6afbb8266103/spring-boot-starter-web-1.4.3.RELEASE.jar:/home/sharmila/.gradle/caches/modules-2/files-2.1/org.apache.tomcat.embed/tomcat-embed-jasper/9.0.0.M11/e2cd5a7038094195c3163532e01daf051d9265fe/tomcat-embed-jasper-9.0.0.M11.jar:/home/sharmila/.gradle/caches/modules-2/files-2.1/org.xerial/sqlite-jdbc/3.7.2/7a3d67f00508d3881650579f7f228c61bfc1b196/sqlite-jdbc-3.7.2.jar:/home/sharmila/.gradle/caches/modules-2/files-2.1/org.hibernate/hibernate-gradle-plugin/5.2.3.Final/db2ad8695e48a03a566b74fb5fc07c1732c1f5e5/hibernate-gradle-plugin-5.2.3.Final.jar:/home/sharmila/.gradle/caches/modules-2/files-2.1/org.springframework.boot/spring-boot-starter-data-jpa/1.4.3.RELEASE/ffda06c2144d10239014407333c223a237b73ad7/spring-boot-starter-data-jpa-1.4.3.RELEASE.jar:/home/sharmila/.gradle/caches/modules-2/files-2.1/org.testng/testng/6.5.2/5069d2e72356ed87645c5fc3622b0bbb5e0667c9/testng-6.5.2.jar:/home/sharmila/.gradle/caches/modules-2/files-2.1/org.springframework.boot/spring-boot-starter-test/1.4.3.RELEASE/6e9f1dbd3f68299c0183630ef07ca430de160050/spring-boot-starter-test-1.4.3.RELEASE.jar:/home/sharmila/.gradle/caches/modules-2/files-2.1/org.springframework.boot/spring-boot-starter/1.4.3.RELEASE/c99bad104719e947b3f9aa2b7569583805e4c5d5/spring-boot-starter-1.4.3.RELEASE.jar:/home/sharmila/.gradle/caches/modules-2/files-2.1/org.springframework.boot/spring-boot-starter-tomcat/1.4.3.RELEASE/61c48035a7a3b06b42fdd07b7109e562077b3792/spring-boot-starter-tomcat-1.4.3.RELEASE.jar:/home/sharmila/.gradle/caches/modules-2/files-2.1/org.hibernate/hibernate-validator/5.2.4.Final/fb18766b576aa6632bcfe9a20a023cbd52bf9769/hibernate-validat
Launcher Type: SUN_STANDARD

Environment Variables:
JAVA_HOME=/usr/lib/jvm/java-8-oracle
PATH=/usr/local/sbin:/usr/local/bin:/usr/sbin:/usr/bin:/sbin:/bin:/usr/games:/usr/local/games:/usr/lib/jvm/java-8-oracle/bin:/usr/lib/jvm/java-8-oracle/db/bin:/usr/lib/jvm/java-8-oracle/jre/bin
SHELL=/bin/bash
DISPLAY=:0.0

Signal Handlers:
SIGSEGV: [libjvm.so+0xac78c0], sa_mask[0]=11111111011111111101111111111110, sa_flags=SA_RESTART|SA_SIGINFO
SIGBUS: [libjvm.so+0xac78c0], sa_mask[0]=11111111011111111101111111111110, sa_flags=SA_RESTART|SA_SIGINFO
SIGFPE: [libjvm.so+0x920ac0], sa_mask[0]=11111111011111111101111111111110, sa_flags=SA_RESTART|SA_SIGINFO
SIGPIPE: [libjvm.so+0x920ac0], sa_mask[0]=11111111011111111101111111111110, sa_flags=SA_RESTART|SA_SIGINFO
SIGXFSZ: [libjvm.so+0x920ac0], sa_mask[0]=11111111011111111101111111111110, sa_flags=SA_RESTART|SA_SIGINFO
SIGILL: [libjvm.so+0x920ac0], sa_mask[0]=11111111011111111101111111111110, sa_flags=SA_RESTART|SA_SIGINFO
SIGUSR1: SIG_DFL, sa_mask[0]=00000000000000000000000000000000, sa_flags=none
SIGUSR2: [libjvm.so+0x922300], sa_mask[0]=00100000000000000000000000000000, sa_flags=SA_RESTART|SA_SIGINFO
SIGHUP: [libjvm.so+0x923700], sa_mask[0]=11111111011111111101111111111110, sa_flags=SA_RESTART|SA_SIGINFO
SIGINT: [libjvm.so+0x923700], sa_mask[0]=11111111011111111101111111111110, sa_flags=SA_RESTART|SA_SIGINFO
SIGTERM: [libjvm.so+0x923700], sa_mask[0]=11111111011111111101111111111110, sa_flags=SA_RESTART|SA_SIGINFO
SIGQUIT: [libjvm.so+0x923700], sa_mask[0]=11111111011111111101111111111110, sa_flags=SA_RESTART|SA_SIGINFO


---------------  S Y S T E M  ---------------

OS:DISTRIB_ID=Ubuntu
DISTRIB_RELEASE=14.04
DISTRIB_CODENAME=trusty
DISTRIB_DESCRIPTION="Ubuntu 14.04.5 LTS"

uname:Linux 3.13.0-107-generic #154-Ubuntu SMP Tue Dec 20 09:57:27 UTC 2016 x86_64
libc:glibc 2.19 NPTL 2.19 
rlimit: STACK 8192k, CORE 0k, NPROC 30712, NOFILE 4096, AS infinity
load average:1.93 1.21 0.76

/proc/meminfo:
MemTotal:        3953548 kB
MemFree:          118492 kB
Buffers:           30324 kB
Cached:           737524 kB
SwapCached:          184 kB
Active:          2459844 kB
Inactive:        1144280 kB
Active(anon):    2234220 kB
Inactive(anon):   922068 kB
Active(file):     225624 kB
Inactive(file):   222212 kB
Unevictable:         208 kB
Mlocked:             208 kB
SwapTotal:       7999484 kB
SwapFree:        7991616 kB
Dirty:              4728 kB
Writeback:             0 kB
AnonPages:       2836744 kB
Mapped:           399260 kB
Shmem:            319732 kB
Slab:             107600 kB
SReclaimable:      69980 kB
SUnreclaim:        37620 kB
KernelStack:        5632 kB
PageTables:        48800 kB
NFS_Unstable:          0 kB
Bounce:                0 kB
WritebackTmp:          0 kB
CommitLimit:     9976256 kB
Committed_AS:    8886740 kB
VmallocTotal:   34359738367 kB
VmallocUsed:      400960 kB
VmallocChunk:   34359326172 kB
HardwareCorrupted:     0 kB
AnonHugePages:    993280 kB
HugePages_Total:       0
HugePages_Free:        0
HugePages_Rsvd:        0
HugePages_Surp:        0
Hugepagesize:       2048 kB
DirectMap4k:       92332 kB
DirectMap2M:     2959360 kB
DirectMap1G:     1048576 kB


CPU:total 4 (2 cores per cpu, 2 threads per core) family 6 model 69 stepping 1, cmov, cx8, fxsr, mmx, sse, sse2, sse3, ssse3, sse4.1, sse4.2, popcnt, avx, avx2, aes, clmul, erms, lzcnt, ht, tsc, tscinvbit, bmi1, bmi2

/proc/cpuinfo:
processor	: 0
vendor_id	: GenuineIntel
cpu family	: 6
model		: 69
model name	: Intel(R) Core(TM) i5-4200U CPU @ 1.60GHz
stepping	: 1
microcode	: 0x17
cpu MHz		: 1600.000
cache size	: 3072 KB
physical id	: 0
siblings	: 4
core id		: 0
cpu cores	: 2
apicid		: 0
initial apicid	: 0
fpu		: yes
fpu_exception	: yes
cpuid level	: 13
wp		: yes
flags		: fpu vme de pse tsc msr pae mce cx8 apic sep mtrr pge mca cmov pat pse36 clflush dts acpi mmx fxsr sse sse2 ss ht tm pbe syscall nx pdpe1gb rdtscp lm constant_tsc arch_perfmon pebs bts rep_good nopl xtopology nonstop_tsc aperfmperf eagerfpu pni pclmulqdq dtes64 monitor ds_cpl vmx est tm2 ssse3 fma cx16 xtpr pdcm pcid sse4_1 sse4_2 movbe popcnt tsc_deadline_timer aes xsave avx f16c rdrand lahf_lm abm ida arat epb xsaveopt pln pts dtherm tpr_shadow vnmi flexpriority ept vpid fsgsbase tsc_adjust bmi1 avx2 smep bmi2 erms invpcid
bogomips	: 4589.41
clflush size	: 64
cache_alignment	: 64
address sizes	: 39 bits physical, 48 bits virtual
power management:

processor	: 1
vendor_id	: GenuineIntel
cpu family	: 6
model		: 69
model name	: Intel(R) Core(TM) i5-4200U CPU @ 1.60GHz
stepping	: 1
microcode	: 0x17
cpu MHz		: 1600.000
cache size	: 3072 KB
physical id	: 0
siblings	: 4
core id		: 0
cpu cores	: 2
apicid		: 1
initial apicid	: 1
fpu		: yes
fpu_exception	: yes
cpuid level	: 13
wp		: yes
flags		: fpu vme de pse tsc msr pae mce cx8 apic sep mtrr pge mca cmov pat pse36 clflush dts acpi mmx fxsr sse sse2 ss ht tm pbe syscall nx pdpe1gb rdtscp lm constant_tsc arch_perfmon pebs bts rep_good nopl xtopology nonstop_tsc aperfmperf eagerfpu pni pclmulqdq dtes64 monitor ds_cpl vmx est tm2 ssse3 fma cx16 xtpr pdcm pcid sse4_1 sse4_2 movbe popcnt tsc_deadline_timer aes xsave avx f16c rdrand lahf_lm abm ida arat epb xsaveopt pln pts dtherm tpr_shadow vnmi flexpriority ept vpid fsgsbase tsc_adjust bmi1 avx2 smep bmi2 erms invpcid
bogomips	: 4589.41
clflush size	: 64
cache_alignment	: 64
address sizes	: 39 bits physical, 48 bits virtual
power management:

processor	: 2
vendor_id	: GenuineIntel
cpu family	: 6
model		: 69
model name	: Intel(R) Core(TM) i5-4200U CPU @ 1.60GHz
stepping	: 1
microcode	: 0x17
cpu MHz		: 1600.000
cache size	: 3072 KB
physical id	: 0
siblings	: 4
core id		: 1
cpu cores	: 2
apicid		: 2
initial apicid	: 2
fpu		: yes
fpu_exception	: yes
cpuid level	: 13
wp		: yes
flags		: fpu vme de pse tsc msr pae mce cx8 apic sep mtrr pge mca cmov pat pse36 clflush dts acpi mmx fxsr sse sse2 ss ht tm pbe syscall nx pdpe1gb rdtscp lm constant_tsc arch_perfmon pebs bts rep_good nopl xtopology nonstop_tsc aperfmperf eagerfpu pni pclmulqdq dtes64 monitor ds_cpl vmx est tm2 ssse3 fma cx16 xtpr pdcm pcid sse4_1 sse4_2 movbe popcnt tsc_deadline_timer aes xsave avx f16c rdrand lahf_lm abm ida arat epb xsaveopt pln pts dtherm tpr_shadow vnmi flexpriority ept vpid fsgsbase tsc_adjust bmi1 avx2 smep bmi2 erms invpcid
bogomips	: 4589.41
clflush size	: 64
cache_alignment	: 64
address sizes	: 39 bits physical, 48 bits virtual
power management:

processor	: 3
vendor_id	: GenuineIntel
cpu family	: 6
model		: 69
model name	: Intel(R) Core(TM) i5-4200U CPU @ 1.60GHz
stepping	: 1
microcode	: 0x17
cpu MHz		: 1600.000
cache size	: 3072 KB
physical id	: 0
siblings	: 4
core id		: 1
cpu cores	: 2
apicid		: 3
initial apicid	: 3
fpu		: yes
fpu_exception	: yes
cpuid level	: 13
wp		: yes
flags		: fpu vme de pse tsc msr pae mce cx8 apic sep mtrr pge mca cmov pat pse36 clflush dts acpi mmx fxsr sse sse2 ss ht tm pbe syscall nx pdpe1gb rdtscp lm constant_tsc arch_perfmon pebs bts rep_good nopl xtopology nonstop_tsc aperfmperf eagerfpu pni pclmulqdq dtes64 monitor ds_cpl vmx est tm2 ssse3 fma cx16 xtpr pdcm pcid sse4_1 sse4_2 movbe popcnt tsc_deadline_timer aes xsave avx f16c rdrand lahf_lm abm ida arat epb xsaveopt pln pts dtherm tpr_shadow vnmi flexpriority ept vpid fsgsbase tsc_adjust bmi1 avx2 smep bmi2 erms invpcid
bogomips	: 4589.41
clflush size	: 64
cache_alignment	: 64
address sizes	: 39 bits physical, 48 bits virtual
power management:



Memory: 4k page, physical 3953548k(118492k free), swap 7999484k(7991616k free)

vm_info: Java HotSpot(TM) 64-Bit Server VM (25.121-b13) for linux-amd64 JRE (1.8.0_121-b13), built on Dec 12 2016 16:36:53 by "java_re" with gcc 4.3.0 20080428 (Red Hat 4.3.0-8)

time: Tue Jan 24 13:05:41 2017
elapsed time: 15 seconds (0d 0h 0m 15s)

