#
# A fatal error has been detected by the Java Runtime Environment:
#
#  SIGSEGV (0xb) at pc=0x00007f07cedf6118, pid=4615, tid=0x00007f07d02fc700
#
# JRE version: Java(TM) SE Runtime Environment (8.0_121-b13) (build 1.8.0_121-b13)
# Java VM: Java HotSpot(TM) 64-Bit Server VM (25.121-b13 mixed mode linux-amd64 compressed oops)
# Problematic frame:
# V  [libjvm.so+0x6e2118]  jni_GetStringUTFChars+0xb8
#
# Failed to write core dump. Core dumps have been disabled. To enable core dumping, try "ulimit -c unlimited" before starting Java again
#
# If you would like to submit a bug report, please visit:
#   http://bugreport.java.com/bugreport/crash.jsp
#

---------------  T H R E A D  ---------------

Current thread (0x00007f07c8010000):  JavaThread "main" [_thread_in_vm, id=4616, stack(0x00007f07d01fc000,0x00007f07d02fd000)]

siginfo: si_signo: 11 (SIGSEGV), si_code: 1 (SEGV_MAPERR), si_addr: 0x0000000000000000

Registers:
RAX=0x00007f07cf6cb550, RBX=0x0000000000000000, RCX=0x00000000f77135c8, RDX=0x00007f07cf6d99e0
RSP=0x00007f07d02f6b00, RBP=0x00007f07d02f6ba0, RSI=0x00007f07c8010000, RDI=0x00007f07d02f6b40
R8 =0x00007f07b9012c80, R9 =0x00000000f77135c8, R10=0x00000000000001de, R11=0x00007f07cf6d99e8
R12=0x00007f07c8010000, R13=0x0000000000000000, R14=0x00007f07d02f6c78, R15=0x00007f07d02f6b40
RIP=0x00007f07cedf6118, EFLAGS=0x0000000000010246, CSGSFS=0x0000000000000033, ERR=0x0000000000000004
  TRAPNO=0x000000000000000e

Top of Stack: (sp=0x00007f07d02f6b00)
0x00007f07d02f6b00:   00007f07d02f6bc8 0000000000000000
0x00007f07d02f6b10:   00007f07b910ee40 00007f07cf6db800
0x00007f07d02f6b20:   00007f07d02f7198 00007f07b9012c80
0x00007f07d02f6b30:   00000000eed81cc0 0000000050200030
0x00007f07d02f6b40:   00007f07c8010000 0000000000000000
0x00007f07d02f6b50:   00007f07b8800480 00007f07b90082bd
0x00007f07d02f6b60:   00007f07c8010000 00000000eed81cc0
0x00007f07d02f6b70:   00007f07d02f6c10 00007f077a6fa960
0x00007f07d02f6b80:   00007f07c93fab88 0000000000000000
0x00007f07d02f6b90:   00007f07d02f6c78 00007f07c8010000
0x00007f07d02f6ba0:   00007f07c80101f8 00007f077a4642b0
0x00007f07d02f6bb0:   00007f07d02f6c10 00007f07b90082bd
0x00007f07d02f6bc0:   00007f077a6fa960 00007f07d02f6c50
0x00007f07d02f6bd0:   0000000000000000 00007f077a6fa958
0x00007f07d02f6be0:   00007f07d02f6c78 00007f07b90184cf
0x00007f07d02f6bf0:   0000000000000000 00007f077a70a1b8
0x00007f07d02f6c00:   0000000000000000 00000000f77135c8
0x00007f07d02f6c10:   00007f07d02f6c00 0000000000000000
0x00007f07d02f6c20:   00007f07d02f6c78 00007f077a701298
0x00007f07d02f6c30:   0000000000000000 00007f077a6fa960
0x00007f07d02f6c40:   0000000000000000 00007f07d02f6c70
0x00007f07d02f6c50:   00007f07d02f6cd8 00007f07b9007dd0
0x00007f07d02f6c60:   0000000000000000 00007f07b9011537
0x00007f07d02f6c70:   0000000000000000 00000000f77135c8
0x00007f07d02f6c80:   00000000eed81c60 00000000eed81cc0
0x00007f07d02f6c90:   00000000f77135c8 00007f07d02f6c88
0x00007f07d02f6ca0:   00007f077a6fe225 00007f07d02f6cf0
0x00007f07d02f6cb0:   00007f077a700ae8 0000000000000000
0x00007f07d02f6cc0:   00007f077a6fe270 00007f07d02f6c70
0x00007f07d02f6cd0:   00007f07d02f6ce8 00007f07d02f6d38
0x00007f07d02f6ce0:   00007f07b90082bd 00000000eed81c60
0x00007f07d02f6cf0:   00000000f77135c8 00007f07d02f6cf8 

Instructions: (pc=0x00007f07cedf6118)
0x00007f07cedf60f8:   84 24 70 02 00 00 06 00 00 00 4c 89 e6 4c 89 65
0x00007f07cedf6108:   c0 4c 89 ff e8 1f 01 01 00 48 8b 05 18 d0 88 00
0x00007f07cedf6118:   4c 8b 2b 8b 10 48 8b 05 44 fc 88 00 80 38 00 0f
0x00007f07cedf6128:   84 2b 01 00 00 48 63 c2 41 8b 54 05 00 85 d2 0f 

Register to memory mapping:

RAX=0x00007f07cf6cb550: <offset 0xfb7550> in /usr/lib/jvm/java-8-oracle/jre/lib/amd64/server/libjvm.so at 0x00007f07ce714000
RBX=0x0000000000000000 is an unknown value
RCX=0x00000000f77135c8 is an oop
org.sqlite.NativeDB 
 - klass: 'org/sqlite/NativeDB'
RDX=0x00007f07cf6d99e0: <offset 0xfc59e0> in /usr/lib/jvm/java-8-oracle/jre/lib/amd64/server/libjvm.so at 0x00007f07ce714000
RSP=0x00007f07d02f6b00 is pointing into the stack for thread: 0x00007f07c8010000
RBP=0x00007f07d02f6ba0 is pointing into the stack for thread: 0x00007f07c8010000
RSI=0x00007f07c8010000 is a thread
RDI=0x00007f07d02f6b40 is pointing into the stack for thread: 0x00007f07c8010000
R8 =0x00007f07b9012c80 is at code_begin+0 in an Interpreter codelet
method entry point (kind = zerolocals)  [0x00007f07b9012c80, 0x00007f07b9013100]  1152 bytes
R9 =0x00000000f77135c8 is an oop
org.sqlite.NativeDB 
 - klass: 'org/sqlite/NativeDB'
R10=0x00000000000001de is an unknown value
R11=0x00007f07cf6d99e8: <offset 0xfc59e8> in /usr/lib/jvm/java-8-oracle/jre/lib/amd64/server/libjvm.so at 0x00007f07ce714000
R12=0x00007f07c8010000 is a thread
R13=0x0000000000000000 is an unknown value
R14=0x00007f07d02f6c78 is pointing into the stack for thread: 0x00007f07c8010000
R15=0x00007f07d02f6b40 is pointing into the stack for thread: 0x00007f07c8010000


Stack: [0x00007f07d01fc000,0x00007f07d02fd000],  sp=0x00007f07d02f6b00,  free space=1002k
Native frames: (J=compiled Java code, j=interpreted, Vv=VM code, C=native code)
V  [libjvm.so+0x6e2118]  jni_GetStringUTFChars+0xb8
C  [sqlite-3.7.2-libsqlitejdbc.so+0xd2b0]  Java_org_sqlite_NativeDB_prepare+0x2f

Java frames: (J=compiled Java code, j=interpreted, Vv=VM code)
j  org.sqlite.NativeDB.prepare(Ljava/lang/String;)J+0
j  org.sqlite.DB.prepare(Lorg/sqlite/Stmt;)V+21
j  org.sqlite.PrepStmt.<init>(Lorg/sqlite/Conn;Ljava/lang/String;)V+15
j  org.sqlite.Conn.prepareStatement(Ljava/lang/String;III)Ljava/sql/PreparedStatement;+14
j  org.sqlite.Conn.prepareStatement(Ljava/lang/String;II)Ljava/sql/PreparedStatement;+5
j  org.sqlite.Conn.prepareStatement(Ljava/lang/String;)Ljava/sql/PreparedStatement;+8
v  ~StubRoutines::call_stub
J 2232  sun.reflect.NativeMethodAccessorImpl.invoke0(Ljava/lang/reflect/Method;Ljava/lang/Object;[Ljava/lang/Object;)Ljava/lang/Object; (0 bytes) @ 0x00007f07b97dc4f7 [0x00007f07b97dc480+0x77]
J 2231 C1 sun.reflect.NativeMethodAccessorImpl.invoke(Ljava/lang/Object;[Ljava/lang/Object;)Ljava/lang/Object; (104 bytes) @ 0x00007f07b97dcc3c [0x00007f07b97dc8a0+0x39c]
J 3119 C2 sun.reflect.DelegatingMethodAccessorImpl.invoke(Ljava/lang/Object;[Ljava/lang/Object;)Ljava/lang/Object; (10 bytes) @ 0x00007f07b9ab0324 [0x00007f07b9ab02e0+0x44]
J 1238 C1 java.lang.reflect.Method.invoke(Ljava/lang/Object;[Ljava/lang/Object;)Ljava/lang/Object; (62 bytes) @ 0x00007f07b9433c0c [0x00007f07b9433820+0x3ec]
j  org.apache.tomcat.jdbc.pool.ProxyConnection.invoke(Ljava/lang/Object;Ljava/lang/reflect/Method;[Ljava/lang/Object;)Ljava/lang/Object;+237
j  org.apache.tomcat.jdbc.pool.JdbcInterceptor.invoke(Ljava/lang/Object;Ljava/lang/reflect/Method;[Ljava/lang/Object;)Ljava/lang/Object;+14
j  org.apache.tomcat.jdbc.pool.DisposableConnectionFacade.invoke(Ljava/lang/Object;Ljava/lang/reflect/Method;[Ljava/lang/Object;)Ljava/lang/Object;+93
j  com.sun.proxy.$Proxy83.prepareStatement(Ljava/lang/String;)Ljava/sql/PreparedStatement;+16
j  org.hibernate.engine.jdbc.internal.StatementPreparerImpl$1.doPrepare()Ljava/sql/PreparedStatement;+37
j  org.hibernate.engine.jdbc.internal.StatementPreparerImpl$StatementPreparationTemplate.prepareStatement()Ljava/sql/PreparedStatement;+45
j  org.hibernate.engine.jdbc.internal.StatementPreparerImpl.prepareStatement(Ljava/lang/String;)Ljava/sql/PreparedStatement;+6
j  org.hibernate.id.SequenceGenerator.generateHolder(Lorg/hibernate/engine/spi/SessionImplementor;)Lorg/hibernate/id/IntegralDataTypeHolder;+15
j  org.hibernate.id.SequenceHiLoGenerator$1.getNextValue()Lorg/hibernate/id/IntegralDataTypeHolder;+8
j  org.hibernate.id.enhanced.LegacyHiLoAlgorithmOptimizer.generate(Lorg/hibernate/id/enhanced/AccessCallback;)Ljava/io/Serializable;+25
j  org.hibernate.id.SequenceHiLoGenerator.generate(Lorg/hibernate/engine/spi/SessionImplementor;Ljava/lang/Object;)Ljava/io/Serializable;+53
j  org.hibernate.event.internal.AbstractSaveEventListener.saveWithGeneratedId(Ljava/lang/Object;Ljava/lang/String;Ljava/lang/Object;Lorg/hibernate/event/spi/EventSource;Z)Ljava/io/Serializable;+21
j  org.hibernate.jpa.event.internal.core.JpaPersistEventListener.saveWithGeneratedId(Ljava/lang/Object;Ljava/lang/String;Ljava/lang/Object;Lorg/hibernate/event/spi/EventSource;Z)Ljava/io/Serializable;+18
j  org.hibernate.event.internal.DefaultPersistEventListener.entityIsTransient(Lorg/hibernate/event/spi/PersistEvent;Ljava/util/Map;)V+55
j  org.hibernate.event.internal.DefaultPersistEventListener.onPersist(Lorg/hibernate/event/spi/PersistEvent;Ljava/util/Map;)V+324
j  org.hibernate.event.internal.DefaultPersistEventListener.onPersist(Lorg/hibernate/event/spi/PersistEvent;)V+11
j  org.hibernate.internal.SessionImpl.firePersist(Lorg/hibernate/event/spi/PersistEvent;)V+46
j  org.hibernate.internal.SessionImpl.persist(Ljava/lang/String;Ljava/lang/Object;)V+11
j  org.hibernate.internal.SessionImpl.persist(Ljava/lang/Object;)V+3
j  org.hibernate.jpa.spi.AbstractEntityManagerImpl.persist(Ljava/lang/Object;)V+9
v  ~StubRoutines::call_stub
J 2232  sun.reflect.NativeMethodAccessorImpl.invoke0(Ljava/lang/reflect/Method;Ljava/lang/Object;[Ljava/lang/Object;)Ljava/lang/Object; (0 bytes) @ 0x00007f07b97dc4f7 [0x00007f07b97dc480+0x77]
J 2231 C1 sun.reflect.NativeMethodAccessorImpl.invoke(Ljava/lang/Object;[Ljava/lang/Object;)Ljava/lang/Object; (104 bytes) @ 0x00007f07b97dcc3c [0x00007f07b97dc8a0+0x39c]
J 3119 C2 sun.reflect.DelegatingMethodAccessorImpl.invoke(Ljava/lang/Object;[Ljava/lang/Object;)Ljava/lang/Object; (10 bytes) @ 0x00007f07b9ab0324 [0x00007f07b9ab02e0+0x44]
J 1238 C1 java.lang.reflect.Method.invoke(Ljava/lang/Object;[Ljava/lang/Object;)Ljava/lang/Object; (62 bytes) @ 0x00007f07b9433c0c [0x00007f07b9433820+0x3ec]
j  org.springframework.orm.jpa.SharedEntityManagerCreator$SharedEntityManagerInvocationHandler.invoke(Ljava/lang/Object;Ljava/lang/reflect/Method;[Ljava/lang/Object;)Ljava/lang/Object;+495
j  com.sun.proxy.$Proxy92.persist(Ljava/lang/Object;)V+16
j  org.springframework.data.jpa.repository.support.SimpleJpaRepository.save(Ljava/lang/Object;)Ljava/lang/Object;+18
v  ~StubRoutines::call_stub
J 2232  sun.reflect.NativeMethodAccessorImpl.invoke0(Ljava/lang/reflect/Method;Ljava/lang/Object;[Ljava/lang/Object;)Ljava/lang/Object; (0 bytes) @ 0x00007f07b97dc4f7 [0x00007f07b97dc480+0x77]
J 2231 C1 sun.reflect.NativeMethodAccessorImpl.invoke(Ljava/lang/Object;[Ljava/lang/Object;)Ljava/lang/Object; (104 bytes) @ 0x00007f07b97dcc3c [0x00007f07b97dc8a0+0x39c]
J 3119 C2 sun.reflect.DelegatingMethodAccessorImpl.invoke(Ljava/lang/Object;[Ljava/lang/Object;)Ljava/lang/Object; (10 bytes) @ 0x00007f07b9ab0324 [0x00007f07b9ab02e0+0x44]
J 1238 C1 java.lang.reflect.Method.invoke(Ljava/lang/Object;[Ljava/lang/Object;)Ljava/lang/Object; (62 bytes) @ 0x00007f07b9433c0c [0x00007f07b9433820+0x3ec]
j  org.springframework.data.repository.core.support.RepositoryFactorySupport$QueryExecutorMethodInterceptor.executeMethodOn(Ljava/lang/Object;Ljava/lang/reflect/Method;[Ljava/lang/Object;)Ljava/lang/Object;+3
j  org.springframework.data.repository.core.support.RepositoryFactorySupport$QueryExecutorMethodInterceptor.doInvoke(Lorg/aopalliance/intercept/MethodInvocation;)Ljava/lang/Object;+94
j  org.springframework.data.repository.core.support.RepositoryFactorySupport$QueryExecutorMethodInterceptor.invoke(Lorg/aopalliance/intercept/MethodInvocation;)Ljava/lang/Object;+2
j  org.springframework.aop.framework.ReflectiveMethodInvocation.proceed()Ljava/lang/Object;+101
j  org.springframework.data.projection.DefaultMethodInvokingMethodInterceptor.invoke(Lorg/aopalliance/intercept/MethodInvocation;)Ljava/lang/Object;+15
j  org.springframework.aop.framework.ReflectiveMethodInvocation.proceed()Ljava/lang/Object;+101
j  org.springframework.transaction.interceptor.TransactionInterceptor$1.proceedWithInvocation()Ljava/lang/Object;+4
j  org.springframework.transaction.interceptor.TransactionAspectSupport.invokeWithinTransaction(Ljava/lang/reflect/Method;Ljava/lang/Class;Lorg/springframework/transaction/interceptor/TransactionAspectSupport$InvocationCallback;)Ljava/lang/Object;+60
j  org.springframework.transaction.interceptor.TransactionInterceptor.invoke(Lorg/aopalliance/intercept/MethodInvocation;)Ljava/lang/Object;+40
j  org.springframework.aop.framework.ReflectiveMethodInvocation.proceed()Ljava/lang/Object;+101
j  org.springframework.dao.support.PersistenceExceptionTranslationInterceptor.invoke(Lorg/aopalliance/intercept/MethodInvocation;)Ljava/lang/Object;+1
j  org.springframework.aop.framework.ReflectiveMethodInvocation.proceed()Ljava/lang/Object;+101
j  org.springframework.data.jpa.repository.support.CrudMethodMetadataPostProcessor$CrudMethodMetadataPopulatingMethodInterceptor.invoke(Lorg/aopalliance/intercept/MethodInvocation;)Ljava/lang/Object;+89
j  org.springframework.aop.framework.ReflectiveMethodInvocation.proceed()Ljava/lang/Object;+101
j  org.springframework.aop.interceptor.ExposeInvocationInterceptor.invoke(Lorg/aopalliance/intercept/MethodInvocation;)Ljava/lang/Object;+18
j  org.springframework.aop.framework.ReflectiveMethodInvocation.proceed()Ljava/lang/Object;+101
j  org.springframework.aop.framework.JdkDynamicAopProxy.invoke(Ljava/lang/Object;Ljava/lang/reflect/Method;[Ljava/lang/Object;)Ljava/lang/Object;+385
j  com.sun.proxy.$Proxy94.save(Ljava/lang/Object;)Ljava/lang/Object;+16
j  com.example.api.service.BookService.save(Lcom/example/entity/Book;)Lcom/example/entity/Book;+5
j  com.example.crudtest.CRUDTest.insertOperation()V+19
v  ~StubRoutines::call_stub
J 2232  sun.reflect.NativeMethodAccessorImpl.invoke0(Ljava/lang/reflect/Method;Ljava/lang/Object;[Ljava/lang/Object;)Ljava/lang/Object; (0 bytes) @ 0x00007f07b97dc4f7 [0x00007f07b97dc480+0x77]
J 2231 C1 sun.reflect.NativeMethodAccessorImpl.invoke(Ljava/lang/Object;[Ljava/lang/Object;)Ljava/lang/Object; (104 bytes) @ 0x00007f07b97dcc3c [0x00007f07b97dc8a0+0x39c]
J 3119 C2 sun.reflect.DelegatingMethodAccessorImpl.invoke(Ljava/lang/Object;[Ljava/lang/Object;)Ljava/lang/Object; (10 bytes) @ 0x00007f07b9ab0324 [0x00007f07b9ab02e0+0x44]
J 1238 C1 java.lang.reflect.Method.invoke(Ljava/lang/Object;[Ljava/lang/Object;)Ljava/lang/Object; (62 bytes) @ 0x00007f07b9433c0c [0x00007f07b9433820+0x3ec]
j  org.testng.internal.MethodInvocationHelper.invokeMethod(Ljava/lang/reflect/Method;Ljava/lang/Object;[Ljava/lang/Object;)Ljava/lang/Object;+242
j  org.testng.internal.MethodInvocationHelper$1.runTestMethod(Lorg/testng/ITestResult;)V+12
j  org.springframework.test.context.testng.AbstractTestNGSpringContextTests.run(Lorg/testng/IHookCallBack;Lorg/testng/ITestResult;)V+2
v  ~StubRoutines::call_stub
J 2232  sun.reflect.NativeMethodAccessorImpl.invoke0(Ljava/lang/reflect/Method;Ljava/lang/Object;[Ljava/lang/Object;)Ljava/lang/Object; (0 bytes) @ 0x00007f07b97dc4f7 [0x00007f07b97dc480+0x77]
J 2231 C1 sun.reflect.NativeMethodAccessorImpl.invoke(Ljava/lang/Object;[Ljava/lang/Object;)Ljava/lang/Object; (104 bytes) @ 0x00007f07b97dcc3c [0x00007f07b97dc8a0+0x39c]
J 3119 C2 sun.reflect.DelegatingMethodAccessorImpl.invoke(Ljava/lang/Object;[Ljava/lang/Object;)Ljava/lang/Object; (10 bytes) @ 0x00007f07b9ab0324 [0x00007f07b9ab02e0+0x44]
J 1238 C1 java.lang.reflect.Method.invoke(Ljava/lang/Object;[Ljava/lang/Object;)Ljava/lang/Object; (62 bytes) @ 0x00007f07b9433c0c [0x00007f07b9433820+0x3ec]
j  org.testng.internal.MethodInvocationHelper.invokeHookable(Ljava/lang/Object;[Ljava/lang/Object;Ljava/lang/Object;Ljava/lang/reflect/Method;Lorg/testng/internal/TestResult;)V+64
j  org.testng.internal.Invoker.invokeMethod([Ljava/lang/Object;ILorg/testng/ITestNGMethod;[Ljava/lang/Object;ILorg/testng/xml/XmlSuite;Ljava/util/Map;Lorg/testng/ITestClass;[Lorg/testng/ITestNGMethod;[Lorg/testng/ITestNGMethod;Lorg/testng/internal/ConfigurationGroupMethods;)Lorg/testng/ITestResult;+280
j  org.testng.internal.Invoker.invokeTestMethod([Ljava/lang/Object;Lorg/testng/ITestNGMethod;[Ljava/lang/Object;ILorg/testng/xml/XmlSuite;Ljava/util/Map;Lorg/testng/ITestClass;[Lorg/testng/ITestNGMethod;[Lorg/testng/ITestNGMethod;Lorg/testng/internal/ConfigurationGroupMethods;)Ljava/util/List;+46
j  org.testng.internal.Invoker.invokeTestMethods(Lorg/testng/ITestNGMethod;[Lorg/testng/ITestNGMethod;ILorg/testng/xml/XmlSuite;Ljava/util/Map;Lorg/testng/internal/ConfigurationGroupMethods;[Ljava/lang/Object;Lorg/testng/ITestContext;)Ljava/util/List;+705
j  org.testng.internal.TestMethodWorker.invokeTestMethods(Lorg/testng/ITestNGMethod;[Ljava/lang/Object;Lorg/testng/ITestContext;)V+32
j  org.testng.internal.TestMethodWorker.run()V+60
j  org.testng.TestRunner.privateRun(Lorg/testng/xml/XmlTest;)V+349
j  org.testng.TestRunner.run()V+26
j  org.testng.SuiteRunner.runTest(Lorg/testng/TestRunner;)V+1
j  org.testng.SuiteRunner.runSequentially()V+31
j  org.testng.SuiteRunner.privateRun()V+281
j  org.testng.SuiteRunner.run()V+6
j  org.testng.SuiteRunnerWorker.runSuite(Lorg/testng/internal/SuiteRunnerMap;Lorg/testng/xml/XmlSuite;)V+96
j  org.testng.SuiteRunnerWorker.run()V+12
j  org.testng.TestNG.runSuitesSequentially(Lorg/testng/xml/XmlSuite;Lorg/testng/internal/SuiteRunnerMap;ILjava/lang/String;)V+66
j  org.testng.TestNG.runSuitesLocally()Ljava/util/List;+117
j  org.testng.TestNG.run()V+77
j  org.testng.remote.AbstractRemoteTestNG.run()V+163
j  org.testng.remote.RemoteTestNG.initAndRun(Lorg/testng/remote/IRemoteTestNG;[Ljava/lang/String;Lorg/testng/CommandLineArgs;Lorg/testng/remote/RemoteArgs;)V+184
j  org.testng.remote.RemoteTestNG.main([Ljava/lang/String;)V+218
v  ~StubRoutines::call_stub

---------------  P R O C E S S  ---------------

Java Threads: ( => current thread )
  0x00007f07ca0d4000 JavaThread "http-nio-auto-1-36775-AsyncTimeout" daemon [_thread_blocked, id=4658, stack(0x00007f0779752000,0x00007f0779853000)]
  0x00007f07ca0d2800 JavaThread "http-nio-auto-1-Acceptor-0" daemon [_thread_in_native, id=4657, stack(0x00007f0779853000,0x00007f0779954000)]
  0x00007f07ca0d0000 JavaThread "http-nio-auto-1-ClientPoller-1" daemon [_thread_in_native, id=4656, stack(0x00007f0779954000,0x00007f0779a55000)]
  0x00007f07ca0c1800 JavaThread "http-nio-auto-1-ClientPoller-0" daemon [_thread_in_native, id=4655, stack(0x00007f0779a55000,0x00007f0779b56000)]
  0x00007f07ca0af800 JavaThread "NioBlockingSelector.BlockPoller-1" daemon [_thread_in_native, id=4654, stack(0x00007f0779b56000,0x00007f0779c57000)]
  0x00007f07c92f8000 JavaThread "Tomcat JDBC Pool Cleaner[865113938:1485171279884]" daemon [_thread_blocked, id=4641, stack(0x00007f077a8df000,0x00007f077a9e0000)]
  0x00007f07c896f800 JavaThread "container-0" [_thread_blocked, id=4640, stack(0x00007f077abe0000,0x00007f077ace1000)]
  0x00007f07c8968000 JavaThread "ContainerBackgroundProcessor[StandardEngine[Tomcat]]" daemon [_thread_blocked, id=4639, stack(0x00007f077b0ec000,0x00007f077b1ed000)]
  0x00007f0774017000 JavaThread "localhost-startStop-1" daemon [_thread_blocked, id=4638, stack(0x00007f077b1ed000,0x00007f077b2ee000)]
  0x00007f07c8967800 JavaThread "Tomcat-startStop-1" daemon [_thread_blocked, id=4637, stack(0x00007f077beff000,0x00007f077c000000)]
  0x00007f07c84dd800 JavaThread "ReaderThread" [_thread_in_native, id=4635, stack(0x00007f07b08c3000,0x00007f07b09c4000)]
  0x00007f07c80c7000 JavaThread "Service Thread" daemon [_thread_blocked, id=4632, stack(0x00007f07b0ee1000,0x00007f07b0fe2000)]
  0x00007f07c80c4000 JavaThread "C1 CompilerThread2" daemon [_thread_blocked, id=4631, stack(0x00007f07b0fe2000,0x00007f07b10e3000)]
  0x00007f07c80c2000 JavaThread "C2 CompilerThread1" daemon [_thread_in_native, id=4630, stack(0x00007f07b10e3000,0x00007f07b11e4000)]
  0x00007f07c80bf000 JavaThread "C2 CompilerThread0" daemon [_thread_in_native, id=4629, stack(0x00007f07b11e4000,0x00007f07b12e5000)]
  0x00007f07c80be000 JavaThread "Signal Dispatcher" daemon [_thread_blocked, id=4628, stack(0x00007f07b12e5000,0x00007f07b13e6000)]
  0x00007f07c808a000 JavaThread "Finalizer" daemon [_thread_blocked, id=4627, stack(0x00007f07b1ac9000,0x00007f07b1bca000)]
  0x00007f07c8085800 JavaThread "Reference Handler" daemon [_thread_blocked, id=4626, stack(0x00007f07b1bca000,0x00007f07b1ccb000)]
=>0x00007f07c8010000 JavaThread "main" [_thread_in_vm, id=4616, stack(0x00007f07d01fc000,0x00007f07d02fd000)]

Other Threads:
  0x00007f07c807e000 VMThread [stack: 0x00007f07b1ccb000,0x00007f07b1dcc000] [id=4625]
  0x00007f07c80ca000 WatcherThread [stack: 0x00007f07b0de0000,0x00007f07b0ee1000] [id=4633]

VM state:not at safepoint (normal execution)

VM Mutex/Monitor currently owned by a thread: None

Heap:
 PSYoungGen      total 182272K, used 62849K [0x00000000ebe00000, 0x00000000f8280000, 0x0000000100000000)
  eden space 166400K, 30% used [0x00000000ebe00000,0x00000000eeed91f0,0x00000000f6080000)
  from space 15872K, 80% used [0x00000000f7300000,0x00000000f7f872a8,0x00000000f8280000)
  to   space 17408K, 0% used [0x00000000f6080000,0x00000000f6080000,0x00000000f7180000)
 ParOldGen       total 69120K, used 22374K [0x00000000c3a00000, 0x00000000c7d80000, 0x00000000ebe00000)
  object space 69120K, 32% used [0x00000000c3a00000,0x00000000c4fd9bb0,0x00000000c7d80000)
 Metaspace       used 45069K, capacity 45428K, committed 45824K, reserved 1089536K
  class space    used 5899K, capacity 6029K, committed 6144K, reserved 1048576K

Card table byte_map: [0x00007f07ccdd2000,0x00007f07ccfb6000] byte_map_base: 0x00007f07cc7b5000

Marking Bits: (ParMarkBitMap*) 0x00007f07cf6d8c80
 Begin Bits: [0x00007f07b21d0000, 0x00007f07b30e8000)
 End Bits:   [0x00007f07b30e8000, 0x00007f07b4000000)

Polling page: 0x00007f07d0322000

CodeCache: size=245760Kb used=12771Kb max_used=12771Kb free=232988Kb
 bounds [0x00007f07b9000000, 0x00007f07b9c90000, 0x00007f07c8000000]
 total_blobs=3917 nmethods=3446 adapters=384
 compilation: enabled

Compilation events (10 events):
Event: 9.306 Thread 0x00007f07c80c4000 4015       2       java.util.Collections$EmptyList::iterator (4 bytes)
Event: 9.306 Thread 0x00007f07c80c4000 nmethod 4015 0x00007f07b94a4f90 code [0x00007f07b94a50e0, 0x00007f07b94a5230]
Event: 9.306 Thread 0x00007f07c80c4000 4014       2       sun.reflect.ClassFileAssembler::opc_athrow (12 bytes)
Event: 9.306 Thread 0x00007f07c80c4000 nmethod 4014 0x00007f07b94a4b10 code [0x00007f07b94a4c80, 0x00007f07b94a4e68]
Event: 9.306 Thread 0x00007f07c80c4000 4016       1       org.testng.shaded.com.google.gson.reflect.TypeToken::hashCode (5 bytes)
Event: 9.306 Thread 0x00007f07c80c4000 nmethod 4016 0x00007f07b94a4850 code [0x00007f07b94a49a0, 0x00007f07b94a4ab0]
Event: 9.307 Thread 0x00007f07c80c4000 4017       2       java.io.BufferedWriter::ensureOpen (18 bytes)
Event: 9.314 Thread 0x00007f07c80c4000 nmethod 4017 0x00007f07b94a4350 code [0x00007f07b94a44c0, 0x00007f07b94a46c8]
Event: 9.325 Thread 0x00007f07c80c4000 4018       2       org.hibernate.service.internal.ConcurrentServiceBinding::hashKey (5 bytes)
Event: 9.325 Thread 0x00007f07c80c4000 nmethod 4018 0x00007f07b9c83090 code [0x00007f07b9c83200, 0x00007f07b9c83368]

GC Heap History (10 events):
Event: 4.281 GC heap before
{Heap before GC invocations=8 (full 1):
 PSYoungGen      total 96768K, used 96431K [0x00000000ebe00000, 0x00000000f4900000, 0x0000000100000000)
  eden space 93696K, 100% used [0x00000000ebe00000,0x00000000f1980000,0x00000000f1980000)
  from space 3072K, 89% used [0x00000000f4600000,0x00000000f48abd48,0x00000000f4900000)
  to   space 12288K, 0% used [0x00000000f3100000,0x00000000f3100000,0x00000000f3d00000)
 ParOldGen       total 46592K, used 12542K [0x00000000c3a00000, 0x00000000c6780000, 0x00000000ebe00000)
  object space 46592K, 26% used [0x00000000c3a00000,0x00000000c463f868,0x00000000c6780000)
 Metaspace       used 25603K, capacity 25876K, committed 26112K, reserved 1073152K
  class space    used 3175K, capacity 3277K, committed 3328K, reserved 1048576K
Event: 4.296 GC heap after
Heap after GC invocations=8 (full 1):
 PSYoungGen      total 130048K, used 8257K [0x00000000ebe00000, 0x00000000f5b80000, 0x0000000100000000)
  eden space 117760K, 0% used [0x00000000ebe00000,0x00000000ebe00000,0x00000000f3100000)
  from space 12288K, 67% used [0x00000000f3100000,0x00000000f3910498,0x00000000f3d00000)
  to   space 12800K, 0% used [0x00000000f4f00000,0x00000000f4f00000,0x00000000f5b80000)
 ParOldGen       total 46592K, used 12550K [0x00000000c3a00000, 0x00000000c6780000, 0x00000000ebe00000)
  object space 46592K, 26% used [0x00000000c3a00000,0x00000000c4641868,0x00000000c6780000)
 Metaspace       used 25603K, capacity 25876K, committed 26112K, reserved 1073152K
  class space    used 3175K, capacity 3277K, committed 3328K, reserved 1048576K
}
Event: 5.552 GC heap before
{Heap before GC invocations=9 (full 1):
 PSYoungGen      total 130048K, used 126017K [0x00000000ebe00000, 0x00000000f5b80000, 0x0000000100000000)
  eden space 117760K, 100% used [0x00000000ebe00000,0x00000000f3100000,0x00000000f3100000)
  from space 12288K, 67% used [0x00000000f3100000,0x00000000f3910498,0x00000000f3d00000)
  to   space 12800K, 0% used [0x00000000f4f00000,0x00000000f4f00000,0x00000000f5b80000)
 ParOldGen       total 46592K, used 12550K [0x00000000c3a00000, 0x00000000c6780000, 0x00000000ebe00000)
  object space 46592K, 26% used [0x00000000c3a00000,0x00000000c4641868,0x00000000c6780000)
 Metaspace       used 30356K, capacity 30654K, committed 30848K, reserved 1077248K
  class space    used 3766K, capacity 3860K, committed 3968K, reserved 1048576K
Event: 5.567 GC heap after
Heap after GC invocations=9 (full 1):
 PSYoungGen      total 147456K, used 10174K [0x00000000ebe00000, 0x00000000f7d00000, 0x0000000100000000)
  eden space 134656K, 0% used [0x00000000ebe00000,0x00000000ebe00000,0x00000000f4180000)
  from space 12800K, 79% used [0x00000000f4f00000,0x00000000f58efa20,0x00000000f5b80000)
  to   space 13824K, 0% used [0x00000000f4180000,0x00000000f4180000,0x00000000f4f00000)
 ParOldGen       total 46592K, used 12558K [0x00000000c3a00000, 0x00000000c6780000, 0x00000000ebe00000)
  object space 46592K, 26% used [0x00000000c3a00000,0x00000000c4643868,0x00000000c6780000)
 Metaspace       used 30356K, capacity 30654K, committed 30848K, reserved 1077248K
  class space    used 3766K, capacity 3860K, committed 3968K, reserved 1048576K
}
Event: 6.699 GC heap before
{Heap before GC invocations=10 (full 1):
 PSYoungGen      total 147456K, used 107942K [0x00000000ebe00000, 0x00000000f7d00000, 0x0000000100000000)
  eden space 134656K, 72% used [0x00000000ebe00000,0x00000000f1d7a070,0x00000000f4180000)
  from space 12800K, 79% used [0x00000000f4f00000,0x00000000f58efa20,0x00000000f5b80000)
  to   space 13824K, 0% used [0x00000000f4180000,0x00000000f4180000,0x00000000f4f00000)
 ParOldGen       total 46592K, used 12558K [0x00000000c3a00000, 0x00000000c6780000, 0x00000000ebe00000)
  object space 46592K, 26% used [0x00000000c3a00000,0x00000000c4643868,0x00000000c6780000)
 Metaspace       used 35070K, capacity 35358K, committed 35496K, reserved 1081344K
  class space    used 4503K, capacity 4580K, committed 4608K, reserved 1048576K
Event: 6.720 GC heap after
Heap after GC invocations=10 (full 1):
 PSYoungGen      total 148480K, used 13626K [0x00000000ebe00000, 0x00000000f8280000, 0x0000000100000000)
  eden space 134656K, 0% used [0x00000000ebe00000,0x00000000ebe00000,0x00000000f4180000)
  from space 13824K, 98% used [0x00000000f4180000,0x00000000f4ece940,0x00000000f4f00000)
  to   space 15872K, 0% used [0x00000000f7300000,0x00000000f7300000,0x00000000f8280000)
 ParOldGen       total 46592K, used 12566K [0x00000000c3a00000, 0x00000000c6780000, 0x00000000ebe00000)
  object space 46592K, 26% used [0x00000000c3a00000,0x00000000c4645868,0x00000000c6780000)
 Metaspace       used 35070K, capacity 35358K, committed 35496K, reserved 1081344K
  class space    used 4503K, capacity 4580K, committed 4608K, reserved 1048576K
}
Event: 6.720 GC heap before
{Heap before GC invocations=11 (full 2):
 PSYoungGen      total 148480K, used 13626K [0x00000000ebe00000, 0x00000000f8280000, 0x0000000100000000)
  eden space 134656K, 0% used [0x00000000ebe00000,0x00000000ebe00000,0x00000000f4180000)
  from space 13824K, 98% used [0x00000000f4180000,0x00000000f4ece940,0x00000000f4f00000)
  to   space 15872K, 0% used [0x00000000f7300000,0x00000000f7300000,0x00000000f8280000)
 ParOldGen       total 46592K, used 12566K [0x00000000c3a00000, 0x00000000c6780000, 0x00000000ebe00000)
  object space 46592K, 26% used [0x00000000c3a00000,0x00000000c4645868,0x00000000c6780000)
 Metaspace       used 35070K, capacity 35358K, committed 35496K, reserved 1081344K
  class space    used 4503K, capacity 4580K, committed 4608K, reserved 1048576K
Event: 6.821 GC heap after
Heap after GC invocations=11 (full 2):
 PSYoungGen      total 148480K, used 0K [0x00000000ebe00000, 0x00000000f8280000, 0x0000000100000000)
  eden space 134656K, 0% used [0x00000000ebe00000,0x00000000ebe00000,0x00000000f4180000)
  from space 13824K, 0% used [0x00000000f4180000,0x00000000f4180000,0x00000000f4f00000)
  to   space 15872K, 0% used [0x00000000f7300000,0x00000000f7300000,0x00000000f8280000)
 ParOldGen       total 69120K, used 22366K [0x00000000c3a00000, 0x00000000c7d80000, 0x00000000ebe00000)
  object space 69120K, 32% used [0x00000000c3a00000,0x00000000c4fd7bb0,0x00000000c7d80000)
 Metaspace       used 35070K, capacity 35358K, committed 35496K, reserved 1081344K
  class space    used 4503K, capacity 4580K, committed 4608K, reserved 1048576K
}
Event: 8.847 GC heap before
{Heap before GC invocations=12 (full 2):
 PSYoungGen      total 148480K, used 134656K [0x00000000ebe00000, 0x00000000f8280000, 0x0000000100000000)
  eden space 134656K, 100% used [0x00000000ebe00000,0x00000000f4180000,0x00000000f4180000)
  from space 13824K, 0% used [0x00000000f4180000,0x00000000f4180000,0x00000000f4f00000)
  to   space 15872K, 0% used [0x00000000f7300000,0x00000000f7300000,0x00000000f8280000)
 ParOldGen       total 69120K, used 22366K [0x00000000c3a00000, 0x00000000c7d80000, 0x00000000ebe00000)
  object space 69120K, 32% used [0x00000000c3a00000,0x00000000c4fd7bb0,0x00000000c7d80000)
 Metaspace       used 44052K, capacity 44418K, committed 44544K, reserved 1087488K
  class space    used 5768K, capacity 5866K, committed 5888K, reserved 1048576K
Event: 8.863 GC heap after
Heap after GC invocations=12 (full 2):
 PSYoungGen      total 182272K, used 12828K [0x00000000ebe00000, 0x00000000f8280000, 0x0000000100000000)
  eden space 166400K, 0% used [0x00000000ebe00000,0x00000000ebe00000,0x00000000f6080000)
  from space 15872K, 80% used [0x00000000f7300000,0x00000000f7f872a8,0x00000000f8280000)
  to   space 17408K, 0% used [0x00000000f6080000,0x00000000f6080000,0x00000000f7180000)
 ParOldGen       total 69120K, used 22374K [0x00000000c3a00000, 0x00000000c7d80000, 0x00000000ebe00000)
  object space 69120K, 32% used [0x00000000c3a00000,0x00000000c4fd9bb0,0x00000000c7d80000)
 Metaspace       used 44052K, capacity 44418K, committed 44544K, reserved 1087488K
  class space    used 5768K, capacity 5866K, committed 5888K, reserved 1048576K
}

Deoptimization events (10 events):
Event: 7.982 Thread 0x00007f07c8010000 Uncommon trap: reason=unstable_if action=reinterpret pc=0x00007f07b9a23554 method=java.util.concurrent.ConcurrentHashMap.get(Ljava/lang/Object;)Ljava/lang/Object; @ 86
Event: 8.138 Thread 0x00007f07c8010000 Uncommon trap: reason=null_check action=make_not_entrant pc=0x00007f07b94bd060 method=org.springframework.util.ClassUtils.isAssignable(Ljava/lang/Class;Ljava/lang/Class;)Z @ 14
Event: 8.191 Thread 0x00007f07c8010000 Uncommon trap: reason=unstable_if action=reinterpret pc=0x00007f07b96d1b78 method=java.lang.reflect.Proxy.isProxyClass(Ljava/lang/Class;)Z @ 16
Event: 8.193 Thread 0x00007f07c8010000 Uncommon trap: reason=unstable_if action=reinterpret pc=0x00007f07b94b0348 method=sun.reflect.misc.ReflectUtil.isNonPublicProxyClass(Ljava/lang/Class;)Z @ 33
Event: 8.423 Thread 0x00007f07c8010000 Uncommon trap: reason=class_check action=maybe_recompile pc=0x00007f07b9848284 method=java.util.regex.Pattern$Curly.match(Ljava/util/regex/Matcher;ILjava/lang/CharSequence;)Z @ 19
Event: 8.451 Thread 0x00007f07c8010000 Uncommon trap: reason=unstable_if action=reinterpret pc=0x00007f07b9626394 method=java.util.concurrent.ConcurrentHashMap.transfer([Ljava/util/concurrent/ConcurrentHashMap$Node;[Ljava/util/concurrent/ConcurrentHashMap$Node;)V @ 356
Event: 9.188 Thread 0x00007f07c8010000 Uncommon trap: reason=unstable_if action=reinterpret pc=0x00007f07b93ba934 method=org.springframework.util.ConcurrentReferenceHashMap$Segment.clear()V @ 4
Event: 9.275 Thread 0x00007f07c8010000 Uncommon trap: reason=bimorphic action=maybe_recompile pc=0x00007f07b95d5300 method=java.util.Hashtable.get(Ljava/lang/Object;)Ljava/lang/Object; @ 6
Event: 9.275 Thread 0x00007f07c8010000 Uncommon trap: reason=bimorphic action=maybe_recompile pc=0x00007f07b95d5300 method=java.util.Hashtable.get(Ljava/lang/Object;)Ljava/lang/Object; @ 6
Event: 9.294 Thread 0x00007f07c8010000 Uncommon trap: reason=unstable_if action=reinterpret pc=0x00007f07b933f0c0 method=org.testng.internal.annotations.JDK15AnnotationFinder$Pair.equals(Ljava/lang/Object;)Z @ 35

Internal exceptions (10 events):
Event: 9.068 Thread 0x00007f07c8010000 Exception <a 'java/lang/ClassNotFoundException': org/springframework/boot/autoconfigure/web/WebClientAutoConfigurationCustomizer> (0x00000000ed9416b8) thrown at [/HUDSON3/workspace/8-2-build-linux-amd64/jdk8u121/8372/hotspot/src/share/vm/classfile/systemD
Event: 9.068 Thread 0x00007f07c8010000 Exception <a 'java/lang/ClassNotFoundException': org/springframework/boot/autoconfigure/web/WebClientAutoConfiguration$$EnhancerBySpringCGLIB$$52d5929eCustomizer> (0x00000000ed9656d0) thrown at [/HUDSON3/workspace/8-2-build-linux-amd64/jdk8u121/8372/hotsp
Event: 9.069 Thread 0x00007f07c8010000 Exception <a 'java/lang/ClassNotFoundException': org/springframework/context/annotation/ConfigurationClassEnhancer$EnhancedConfigurationCustomizer> (0x00000000ed98a128) thrown at [/HUDSON3/workspace/8-2-build-linux-amd64/jdk8u121/8372/hotspot/src/share/vm
Event: 9.285 Thread 0x00007f07c8010000 Exception <a 'java/lang/ClassNotFoundException': java/lang/ObjectCustomizer> (0x00000000ee99dc18) thrown at [/HUDSON3/workspace/8-2-build-linux-amd64/jdk8u121/8372/hotspot/src/share/vm/classfile/systemDictionary.cpp, line 210]
Event: 9.285 Thread 0x00007f07c8010000 Exception <a 'java/lang/ClassNotFoundException': org/springframework/test/context/testng/AbstractTestNGSpringContextTestsCustomizer> (0x00000000ee9bc080) thrown at [/HUDSON3/workspace/8-2-build-linux-amd64/jdk8u121/8372/hotspot/src/share/vm/classfile/syst
Event: 9.286 Thread 0x00007f07c8010000 Exception <a 'java/lang/ClassNotFoundException': com/example/crudtest/CRUDTestCustomizer> (0x00000000ee9cefb8) thrown at [/HUDSON3/workspace/8-2-build-linux-amd64/jdk8u121/8372/hotspot/src/share/vm/classfile/systemDictionary.cpp, line 210]
Event: 9.287 Thread 0x00007f07c8010000 Exception <a 'java/lang/ClassNotFoundException': org/testng/IHookableCustomizer> (0x00000000ee9dfd50) thrown at [/HUDSON3/workspace/8-2-build-linux-amd64/jdk8u121/8372/hotspot/src/share/vm/classfile/systemDictionary.cpp, line 210]
Event: 9.287 Thread 0x00007f07c8010000 Exception <a 'java/lang/ClassNotFoundException': org/springframework/context/ApplicationContextAwareCustomizer> (0x00000000ee9f6610) thrown at [/HUDSON3/workspace/8-2-build-linux-amd64/jdk8u121/8372/hotspot/src/share/vm/classfile/systemDictionary.cpp, lin
Event: 9.328 Thread 0x00007f07c8010000 Exception <a 'java/lang/ClassNotFoundException': java/lang/ObjectCustomizer> (0x00000000eed057b8) thrown at [/HUDSON3/workspace/8-2-build-linux-amd64/jdk8u121/8372/hotspot/src/share/vm/classfile/systemDictionary.cpp, line 210]
Event: 9.328 Thread 0x00007f07c8010000 Exception <a 'java/lang/ClassNotFoundException': com/example/entity/BookCustomizer> (0x00000000eed184b8) thrown at [/HUDSON3/workspace/8-2-build-linux-amd64/jdk8u121/8372/hotspot/src/share/vm/classfile/systemDictionary.cpp, line 210]

Events (10 events):
Event: 9.334 loading class org/hibernate/engine/jdbc/internal/FormatStyle
Event: 9.334 loading class org/hibernate/engine/jdbc/internal/FormatStyle done
Event: 9.334 loading class org/hibernate/engine/jdbc/internal/Formatter
Event: 9.334 loading class org/hibernate/engine/jdbc/internal/Formatter done
Event: 9.335 loading class org/hibernate/engine/jdbc/internal/BasicFormatterImpl
Event: 9.335 loading class org/hibernate/engine/jdbc/internal/BasicFormatterImpl done
Event: 9.335 loading class org/hibernate/engine/jdbc/internal/DDLFormatterImpl
Event: 9.335 loading class org/hibernate/engine/jdbc/internal/DDLFormatterImpl done
Event: 9.336 loading class org/hibernate/engine/jdbc/internal/FormatStyle$NoFormatImpl
Event: 9.336 loading class org/hibernate/engine/jdbc/internal/FormatStyle$NoFormatImpl done


Dynamic libraries:
00400000-00401000 r-xp 00000000 08:03 3554757                            /usr/lib/jvm/java-8-oracle/bin/java
00600000-00601000 rw-p 00000000 08:03 3554757                            /usr/lib/jvm/java-8-oracle/bin/java
02436000-02457000 rw-p 00000000 00:00 0                                  [heap]
c3a00000-c7d80000 rw-p 00000000 00:00 0 
c7d80000-ebe00000 ---p 00000000 00:00 0 
ebe00000-f8280000 rw-p 00000000 00:00 0 
f8280000-100000000 ---p 00000000 00:00 0 
100000000-100600000 rw-p 00000000 00:00 0 
100600000-140000000 ---p 00000000 00:00 0 
7f074c000000-7f074c021000 rw-p 00000000 00:00 0 
7f074c021000-7f0750000000 ---p 00000000 00:00 0 
7f0754000000-7f0754021000 rw-p 00000000 00:00 0 
7f0754021000-7f0758000000 ---p 00000000 00:00 0 
7f0758000000-7f0758021000 rw-p 00000000 00:00 0 
7f0758021000-7f075c000000 ---p 00000000 00:00 0 
7f075c000000-7f075c021000 rw-p 00000000 00:00 0 
7f075c021000-7f0760000000 ---p 00000000 00:00 0 
7f0760000000-7f0760021000 rw-p 00000000 00:00 0 
7f0760021000-7f0764000000 ---p 00000000 00:00 0 
7f0764000000-7f0764021000 rw-p 00000000 00:00 0 
7f0764021000-7f0768000000 ---p 00000000 00:00 0 
7f0768000000-7f0768021000 rw-p 00000000 00:00 0 
7f0768021000-7f076c000000 ---p 00000000 00:00 0 
7f076c000000-7f076c2cd000 rw-p 00000000 00:00 0 
7f076c2cd000-7f0770000000 ---p 00000000 00:00 0 
7f0770000000-7f0770021000 rw-p 00000000 00:00 0 
7f0770021000-7f0774000000 ---p 00000000 00:00 0 
7f0774000000-7f0774274000 rw-p 00000000 00:00 0 
7f0774274000-7f0778000000 ---p 00000000 00:00 0 
7f0779752000-7f0779755000 ---p 00000000 00:00 0 
7f0779755000-7f0779853000 rw-p 00000000 00:00 0                          [stack:4658]
7f0779853000-7f0779856000 ---p 00000000 00:00 0 
7f0779856000-7f0779954000 rw-p 00000000 00:00 0                          [stack:4657]
7f0779954000-7f0779957000 ---p 00000000 00:00 0 
7f0779957000-7f0779a55000 rw-p 00000000 00:00 0                          [stack:4656]
7f0779a55000-7f0779a58000 ---p 00000000 00:00 0 
7f0779a58000-7f0779b56000 rw-p 00000000 00:00 0                          [stack:4655]
7f0779b56000-7f0779b59000 ---p 00000000 00:00 0 
7f0779b59000-7f0779d17000 rw-p 00000000 00:00 0                          [stack:4654]
7f0779d17000-7f0779e57000 ---p 00000000 00:00 0 
7f0779e57000-7f077a057000 rw-p 00000000 00:00 0 
7f077a057000-7f077a257000 rw-p 00000000 00:00 0 
7f077a257000-7f077a457000 rw-p 00000000 00:00 0 
7f077a457000-7f077a4db000 r-xp 00000000 08:03 5917606                    /tmp/sqlite-3.7.2-libsqlitejdbc.so
7f077a4db000-7f077a6db000 ---p 00084000 08:03 5917606                    /tmp/sqlite-3.7.2-libsqlitejdbc.so
7f077a6db000-7f077a6dc000 r--p 00084000 08:03 5917606                    /tmp/sqlite-3.7.2-libsqlitejdbc.so
7f077a6dc000-7f077a6df000 rw-p 00085000 08:03 5917606                    /tmp/sqlite-3.7.2-libsqlitejdbc.so
7f077a6df000-7f077a8df000 rw-p 00000000 00:00 0 
7f077a8df000-7f077a8e2000 ---p 00000000 00:00 0 
7f077a8e2000-7f077abe0000 rw-p 00000000 00:00 0                          [stack:4641]
7f077abe0000-7f077abe3000 ---p 00000000 00:00 0 
7f077abe3000-7f077aee1000 rw-p 00000000 00:00 0                          [stack:4640]
7f077aee1000-7f077b0e1000 rw-p 00000000 00:00 0 
7f077b0ec000-7f077b0ef000 ---p 00000000 00:00 0 
7f077b0ef000-7f077b1ed000 rw-p 00000000 00:00 0                          [stack:4639]
7f077b1ed000-7f077b1f0000 ---p 00000000 00:00 0 
7f077b1f0000-7f077b4ee000 rw-p 00000000 00:00 0                          [stack:4638]
7f077b4ee000-7f077b6ee000 rw-p 00000000 00:00 0 
7f077b6ee000-7f077b8ee000 rw-p 00000000 00:00 0 
7f077b8ee000-7f077b8ff000 r-xp 00000000 08:03 4870868                    /usr/lib/jvm/java-8-oracle/jre/lib/amd64/libnio.so
7f077b8ff000-7f077bafe000 ---p 00011000 08:03 4870868                    /usr/lib/jvm/java-8-oracle/jre/lib/amd64/libnio.so
7f077bafe000-7f077baff000 rw-p 00010000 08:03 4870868                    /usr/lib/jvm/java-8-oracle/jre/lib/amd64/libnio.so
7f077baff000-7f077bcff000 rw-p 00000000 00:00 0 
7f077bcff000-7f077beff000 rw-p 00000000 00:00 0 
7f077beff000-7f077bf02000 ---p 00000000 00:00 0 
7f077bf02000-7f077c000000 rw-p 00000000 00:00 0                          [stack:4637]
7f077c000000-7f077c021000 rw-p 00000000 00:00 0 
7f077c021000-7f0780000000 ---p 00000000 00:00 0 
7f0780000000-7f0780021000 rw-p 00000000 00:00 0 
7f0780021000-7f0784000000 ---p 00000000 00:00 0 
7f0784000000-7f0784c80000 rw-p 00000000 00:00 0 
7f0784c80000-7f0788000000 ---p 00000000 00:00 0 
7f0788000000-7f0788021000 rw-p 00000000 00:00 0 
7f0788021000-7f078c000000 ---p 00000000 00:00 0 
7f078c000000-7f078d97a000 rw-p 00000000 00:00 0 
7f078d97a000-7f0790000000 ---p 00000000 00:00 0 
7f0790000000-7f079184f000 rw-p 00000000 00:00 0 
7f079184f000-7f0794000000 ---p 00000000 00:00 0 
7f0794000000-7f0794021000 rw-p 00000000 00:00 0 
7f0794021000-7f0798000000 ---p 00000000 00:00 0 
7f0798000000-7f0798021000 rw-p 00000000 00:00 0 
7f0798021000-7f079c000000 ---p 00000000 00:00 0 
7f079c000000-7f079c03b000 rw-p 00000000 00:00 0 
7f079c03b000-7f07a0000000 ---p 00000000 00:00 0 
7f07a0000000-7f07a0021000 rw-p 00000000 00:00 0 
7f07a0021000-7f07a4000000 ---p 00000000 00:00 0 
7f07a4000000-7f07a4021000 rw-p 00000000 00:00 0 
7f07a4021000-7f07a8000000 ---p 00000000 00:00 0 
7f07a8000000-7f07a8028000 rw-p 00000000 00:00 0 
7f07a8028000-7f07ac000000 ---p 00000000 00:00 0 
7f07ac000000-7f07ac021000 rw-p 00000000 00:00 0 
7f07ac021000-7f07b0000000 ---p 00000000 00:00 0 
7f07b0008000-7f07b0009000 rw-p 00000000 00:00 0 
7f07b0009000-7f07b001c000 r--s 00345000 08:03 3569668                    /usr/lib/jvm/java-8-oracle/jre/lib/resources.jar
7f07b001c000-7f07b00b1000 r--s 01109000 08:03 3569596                    /usr/lib/jvm/java-8-oracle/jre/lib/ext/jfxrt.jar
7f07b00b1000-7f07b00b6000 r--s 002f9000 08:03 3569547                    /usr/lib/jvm/java-8-oracle/jre/lib/charsets.jar
7f07b00b6000-7f07b00bf000 r-xp 00000000 08:03 4870832                    /usr/lib/jvm/java-8-oracle/jre/lib/amd64/libmanagement.so
7f07b00bf000-7f07b02be000 ---p 00009000 08:03 4870832                    /usr/lib/jvm/java-8-oracle/jre/lib/amd64/libmanagement.so
7f07b02be000-7f07b02bf000 rw-p 00008000 08:03 4870832                    /usr/lib/jvm/java-8-oracle/jre/lib/amd64/libmanagement.so
7f07b02bf000-7f07b04bf000 rw-p 00000000 00:00 0 
7f07b04bf000-7f07b06bf000 rw-p 00000000 00:00 0 
7f07b06bf000-7f07b08bf000 rw-p 00000000 00:00 0 
7f07b08bf000-7f07b08c3000 r--s 0009a000 08:03 3569602                    /usr/lib/jvm/java-8-oracle/jre/lib/jsse.jar
7f07b08c3000-7f07b08c6000 ---p 00000000 00:00 0 
7f07b08c6000-7f07b09c4000 rw-p 00000000 00:00 0                          [stack:4635]
7f07b09c4000-7f07b09da000 r-xp 00000000 08:03 4870893                    /usr/lib/jvm/java-8-oracle/jre/lib/amd64/libnet.so
7f07b09da000-7f07b0bda000 ---p 00016000 08:03 4870893                    /usr/lib/jvm/java-8-oracle/jre/lib/amd64/libnet.so
7f07b0bda000-7f07b0bdb000 rw-p 00016000 08:03 4870893                    /usr/lib/jvm/java-8-oracle/jre/lib/amd64/libnet.so
7f07b0bdb000-7f07b0bdc000 r--s 0000c000 08:03 5916924                    /home/sharmila/.gradle/caches/modules-2/files-2.1/org.ow2.asm/asm/5.0.3/dcc2193db20e19e1feca8b1240dbbc4e190824fa/asm-5.0.3.jar
7f07b0bdc000-7f07b0be6000 r--s 00069000 08:03 5923589                    /home/sharmila/.gradle/caches/modules-2/files-2.1/ch.qos.logback/logback-core/1.1.8/b4d1c3dea91727faf8b3d19cf4b9b972d6c0b89/logback-core-1.1.8.jar
7f07b0be6000-7f07b0be8000 r--s 00012000 08:03 5916922                    /home/sharmila/.gradle/caches/modules-2/files-2.1/net.minidev/accessors-smart/1.1/a527213f2fea112a04c9bdf0ec0264e34104cd08/accessors-smart-1.1.jar
7f07b0be8000-7f07b0bea000 r--s 00009000 08:03 5923902                    /home/sharmila/.gradle/caches/modules-2/files-2.1/org.apache.tomcat/tomcat-juli/8.5.6/83d2d1e3362ecca504f3bf8ed1bc4cc451754d24/tomcat-juli-8.5.6.jar
7f07b0bea000-7f07b0bf3000 r--s 0002d000 08:03 5923903                    /home/sharmila/.gradle/caches/modules-2/files-2.1/xml-apis/xml-apis/1.4.01/3789d9fada2d3d458c4ba2de349d48780f381ee3/xml-apis-1.4.01.jar
7f07b0bf3000-7f07b0bf5000 r--s 00004000 08:03 5923588                    /home/sharmila/.gradle/caches/modules-2/files-2.1/org.slf4j/log4j-over-slf4j/1.7.22/a527c37e9ca6c3d19ba298edd4aa344ca751a203/log4j-over-slf4j-1.7.22.jar
7f07b0bf5000-7f07b0bf7000 r--s 00000000 08:03 5923587                    /home/sharmila/.gradle/caches/modules-2/files-2.1/org.slf4j/jul-to-slf4j/1.7.22/b0429e950b3d2bc2c39c1bacafac753edbe3781c/jul-to-slf4j-1.7.22.jar
7f07b0bf7000-7f07b0bfd000 r--s 00045000 08:03 5923585                    /home/sharmila/.gradle/caches/modules-2/files-2.1/ch.qos.logback/logback-classic/1.1.8/e54f49a227611976642f81cf2106b81c1ece8bf5/logback-classic-1.1.8.jar
7f07b0bfd000-7f07b0bfe000 r--s 0000f000 08:03 5916909                    /home/sharmila/.gradle/caches/modules-2/files-2.1/org.json/json/20140107/d1ffca6e2482b002702c6a576166fd685e3370e3/json-20140107.jar
7f07b0bfe000-7f07b0c00000 r--s 00009000 08:03 5916921                    /home/sharmila/.gradle/caches/modules-2/files-2.1/org.objenesis/objenesis/2.1/87c0ea803b69252868d09308b4618f766f135a96/objenesis-2.1.jar
7f07b0c00000-7f07b0c03000 r--s 0001b000 08:03 5916920                    /home/sharmila/.gradle/caches/modules-2/files-2.1/net.minidev/json-smart/2.2.1/5b9e5df7a62d1279b70dc882b041d249c4f0b002/json-smart-2.2.1.jar
7f07b0c03000-7f07b0c05000 r--s 00003000 08:03 5923586                    /home/sharmila/.gradle/caches/modules-2/files-2.1/org.slf4j/jcl-over-slf4j/1.7.22/86ceac14535af5a42c8fb0d06d79b925dd3cb263/jcl-over-slf4j-1.7.22.jar
7f07b0c05000-7f07b0c07000 r--s 00009000 08:03 5923584                    /home/sharmila/.gradle/caches/modules-2/files-2.1/org.slf4j/slf4j-api/1.7.22/a1c83373863cec7ae8d89dc1c5722d8cb6ec0309/slf4j-api-1.7.22.jar
7f07b0c07000-7f07b0c0f000 r--s 0003a000 08:03 5923901                    /home/sharmila/.gradle/caches/modules-2/files-2.1/org.springframework/spring-tx/4.3.5.RELEASE/296d8ae21fadc0f115dae7d1e8d5c4f8c7de2c3e/spring-tx-4.3.5.RELEASE.jar
7f07b0c0f000-7f07b0c19000 r--s 0006b000 08:03 5923900                    /home/sharmila/.gradle/caches/modules-2/files-2.1/org.springframework/spring-orm/4.3.5.RELEASE/64c29d310b69bcc6e1fd5a738fa3629bdedb2d3f/spring-orm-4.3.5.RELEASE.jar
7f07b0c19000-7f07b0c29000 r--s 0009a000 08:03 5923899                    /home/sharmila/.gradle/caches/modules-2/files-2.1/org.springframework.data/spring-data-commons/1.12.6.RELEASE/b6403dcfce33e89613f364d80d653d7540279c47/spring-data-commons-1.12.6.RELEASE.jar
7f07b0c29000-7f07b0c33000 r--s 0005f000 08:03 5923898                    /home/sharmila/.gradle/caches/modules-2/files-2.1/org.springframework/spring-jdbc/4.3.5.RELEASE/7c09e38b6f6e0b178973dea06bb8fdc6d19aa596/spring-jdbc-4.3.5.RELEASE.jar
7f07b0c33000-7f07b0c36000 r--s 00020000 08:03 5923897                    /home/sharmila/.gradle/caches/modules-2/files-2.1/org.apache.tomcat/tomcat-jdbc/8.5.6/feb10a9e22f70565c7556f327b0481dba8587bbc/tomcat-jdbc-8.5.6.jar
7f07b0c36000-7f07b0c4f000 r--s 001af000 08:03 5923896                    /home/sharmila/.gradle/caches/modules-2/files-2.1/org.aspectj/aspectjweaver/1.8.9/db28774f477f07220eac18d5ec9c4e01f48589d7/aspectjweaver-1.8.9.jar
7f07b0c4f000-7f07b0c52000 r--s 00010000 08:03 5923833                    /home/sharmila/.gradle/caches/modules-2/files-2.1/org.hibernate.common/hibernate-commons-annotations/5.0.1.Final/71e1cff3fcb20d3b3af4f3363c3ddb24d33c6879/hibernate-commons-annotations-5.0.1.Final.jar
7f07b0c52000-7f07b0c57000 r--s 00048000 08:03 5923832                    /home/sharmila/.gradle/caches/modules-2/files-2.1/dom4j/dom4j/1.6.1/5d3ccc056b6f056dbf0dddfdf43894b9065a8f94/dom4j-1.6.1.jar
7f07b0c57000-7f07b0c5a000 r--s 0002b000 08:03 5923433                    /home/sharmila/.gradle/caches/modules-2/files-2.1/org.jboss/jandex/2.0.0.Final/3e899258936f94649c777193e1be846387ed54b3/jandex-2.0.0.Final.jar
7f07b0c5a000-7f07b0c5b000 r--s 00003000 08:03 5923830                    /home/sharmila/.gradle/caches/modules-2/files-2.1/org.apache.geronimo.specs/geronimo-jta_1.1_spec/1.1.1/aabab3165b8ea936b9360abbf448459c0d04a5a4/geronimo-jta_1.1_spec-1.1.1.jar
7f07b0c5b000-7f07b0c60000 r--s 00068000 08:03 5923829                    /home/sharmila/.gradle/caches/modules-2/files-2.1/antlr/antlr/2.7.7/83cd2cd674a217ade95a4bb83a8a14f351f48bd0/antlr-2.7.7.jar
7f07b0c60000-7f07b0c65000 r--s 0003c000 08:03 5923583                    /home/sharmila/.gradle/caches/modules-2/files-2.1/org.springframework/spring-expression/4.3.5.RELEASE/3689dc6c5b942ecde4122eac889ed87977d6f287/spring-expression-4.3.5.RELEASE.jar
7f07b0c65000-7f07b0c7f000 r--s 000fc000 08:03 5923582                    /home/sharmila/.gradle/caches/modules-2/files-2.1/org.springframework/spring-context/4.3.5.RELEASE/ca3391c0e17d0138335ba51b51371661d20d56a8/spring-context-4.3.5.RELEASE.jar
7f07b0c7f000-7f07b0c8c000 r--s 000ad000 08:03 5923581                    /home/sharmila/.gradle/caches/modules-2/files-2.1/org.springframework/spring-beans/4.3.5.RELEASE/e12bbc3277da28e2e2608a187f83091dc6c300bf/spring-beans-4.3.5.RELEASE.jar
7f07b0c8c000-7f07b0c95000 r--s 00054000 08:03 5923580                    /home/sharmila/.gradle/caches/modules-2/files-2.1/org.springframework/spring-aop/4.3.5.RELEASE/4f113218af716bd8d174c411f19b26418b5a70f6/spring-aop-4.3.5.RELEASE.jar
7f07b0c95000-7f07b0c99000 r--s 00041000 08:03 5923579                    /home/sharmila/.gradle/caches/modules-2/files-2.1/com.fasterxml.jackson.core/jackson-core/2.8.5/60d059f5d2930ccd1ef03535b713fd9f933d1ba7/jackson-core-2.8.5.jar
7f07b0c99000-7f07b0c9c000 r--s 0000b000 08:03 5923578                    /home/sharmila/.gradle/caches/modules-2/files-2.1/com.fasterxml.jackson.core/jackson-annotations/2.8.5/9d82ff47bc2c2d3b5b6a6618fe636782bbcd5b07/jackson-annotations-2.8.5.jar
7f07b0c9c000-7f07b0c9e000 r--s 0000e000 08:03 5917543                    /home/sharmila/.gradle/caches/modules-2/files-2.1/com.fasterxml/classmate/1.3.3/864c8e370a691e343210cc7c532fc198cee460d8/classmate-1.3.3.jar
7f07b0c9e000-7f07b0ca2000 r--s 0000c000 08:03 5916766                    /home/sharmila/.gradle/caches/modules-2/files-2.1/javax.validation/validation-api/1.1.0.Final/8613ae82954779d518631e05daa73a6a954817d5/validation-api-1.1.0.Final.jar
7f07b0ca2000-7f07b0ca7000 r--s 00036000 08:03 5917542                    /home/sharmila/.gradle/caches/modules-2/files-2.1/org.apache.tomcat.embed/tomcat-embed-websocket/8.5.6/6f6940a216b380ea8506530c374fcfeef820ba54/tomcat-embed-websocket-8.5.6.jar
7f07b0ca7000-7f07b0ca8000 r--s 00000000 08:03 5923577                    /home/sharmila/.gradle/caches/modules-2/files-2.1/org.springframework.boot/spring-boot-starter-logging/1.4.3.RELEASE/1c58783c0694abf695babfd39829922d2d501ec2/spring-boot-starter-logging-1.4.3.RELEASE.jar
7f07b0ca8000-7f07b0cc6000 r--s 000d0000 08:03 5923576                    /home/sharmila/.gradle/caches/modules-2/files-2.1/org.springframework.boot/spring-boot-autoconfigure/1.4.3.RELEASE/41df1bfbdd4ae4e8499ebe1a4bc613bda316d6e1/spring-boot-autoconfigure-1.4.3.RELEASE.jar
7f07b0cc6000-7f07b0cd6000 r--s 00092000 08:03 5923575                    /home/sharmila/.gradle/caches/modules-2/files-2.1/org.springframework.boot/spring-boot/1.4.3.RELEASE/17f94def4460075afdfba6bf8f897cd1fc95bf77/spring-boot-1.4.3.RELEASE.jar
7f07b0cd6000-7f07b0ce5000 r--s 00084000 08:03 5923574                    /home/sharmila/.gradle/caches/modules-2/files-2.1/org.springframework/spring-test/4.3.5.RELEASE/a1965127e07b469d8e5bb3d2b0ff850423b66be4/spring-test-4.3.5.RELEASE.jar
7f07b0ce5000-7f07b0cfb000 r--s 000fa000 08:03 5923530                    /home/sharmila/.gradle/caches/modules-2/files-2.1/org.springframework/spring-core/4.3.5.RELEASE/80299e3f80e8c6d5c076db2ba6adf44a4b52f578/spring-core-4.3.5.RELEASE.jar
7f07b0cfb000-7f07b0cfc000 r--s 00006000 08:03 5916915                    /home/sharmila/.gradle/caches/modules-2/files-2.1/org.skyscreamer/jsonassert/1.3.0/d5c250eb122496866de36dc84f98e2945845ecdd/jsonassert-1.3.0.jar
7f07b0cfc000-7f07b0cfd000 r--s 0000c000 08:03 5916912                    /home/sharmila/.gradle/caches/modules-2/files-2.1/org.hamcrest/hamcrest-library/1.3/4785a3c21320980282f9f33d0d1264a69040538f/hamcrest-library-1.3.jar
7f07b0cfd000-7f07b0cff000 r--s 00009000 08:03 5913472                    /home/sharmila/.gradle/caches/modules-2/files-2.1/org.hamcrest/hamcrest-core/1.3/42a25dc3219429f0e5d060061f71acb49bf010a0/hamcrest-core-1.3.jar
7f07b0cff000-7f07b0d1b000 r--s 00103000 08:03 5916914                    /home/sharmila/.gradle/caches/modules-2/files-2.1/org.mockito/mockito-core/1.10.19/e8546f5bef4e061d8dd73895b4e8f40e3fe6effe/mockito-core-1.10.19.jar
7f07b0d1b000-7f07b0d2e000 r--s 000d2000 08:03 5916913                    /home/sharmila/.gradle/caches/modules-2/files-2.1/org.assertj/assertj-core/2.5.0/fcd21db4c5f33e5dcac69bf1816415fe0647582f/assertj-core-2.5.0.jar
7f07b0d2e000-7f07b0d33000 r--s 0002e000 08:03 5916911                    /home/sharmila/.gradle/caches/modules-2/files-2.1/com.jayway.jsonpath/json-path/2.2.0/22290d17944bd239fabf5ac69005a60a7ecbbbcb/json-path-2.2.0.jar
7f07b0d33000-7f07b0d38000 r--s 00017000 08:03 5923573                    /home/sharmila/.gradle/caches/modules-2/files-2.1/org.springframework.boot/spring-boot-test-autoconfigure/1.4.3.RELEASE/1a7587605e981a58104a501ab1896e2eb7a76686/spring-boot-test-autoconfigure-1.4.3.RELEASE.jar
7f07b0d38000-7f07b0d3d000 r--s 00021000 08:03 5923572                    /home/sharmila/.gradle/caches/modules-2/files-2.1/org.springframework.boot/spring-boot-test/1.4.3.RELEASE/2d76638f0f13b33859bf3b927c232ff0f8a4ffbf/spring-boot-test-1.4.3.RELEASE.jar
7f07b0d3d000-7f07b0d43000 r--s 0003d000 08:03 5916762                    /home/sharmila/.gradle/caches/modules-2/files-2.1/org.yaml/snakeyaml/1.17/7a27ea250c5130b2922b86dea63cbb1cc10a660c/snakeyaml-1.17.jar
7f07b0d43000-7f07b0d45000 r--s 00006000 08:03 5923638                    /home/sharmila/.gradle/caches/modules-2/files-2.1/com.beust/jcommander/1.12/7409692b48022f9eca7445861defbcdb9ee3c2a8/jcommander-1.12.jar
7f07b0d45000-7f07b0d4a000 r--s 00040000 08:03 5923637                    /home/sharmila/.gradle/caches/modules-2/files-2.1/org.beanshell/bsh/2.0b4/a05f0a0feefa8d8467ac80e16e7de071489f0d9c/bsh-2.0b4.jar
7f07b0d4a000-7f07b0d52000 r--s 00045000 08:03 5913471                    /home/sharmila/.gradle/caches/modules-2/files-2.1/junit/junit/4.12/2973d150c0dc1fefe998f834810d68f278ea58ec/junit-4.12.jar
7f07b0d52000-7f07b0d55000 r--s 0000c000 08:03 5923895                    /home/sharmila/.gradle/caches/modules-2/files-2.1/org.springframework/spring-aspects/4.3.5.RELEASE/8c00c15865a1da0a1ba143a50622a8436a56e097/spring-aspects-4.3.5.RELEASE.jar
7f07b0d55000-7f07b0d5b000 r--s 0003f000 08:03 5923894                    /home/sharmila/.gradle/caches/modules-2/files-2.1/org.springframework.data/spring-data-jpa/1.10.6.RELEASE/5d478860b24a493845248c1c336c33a657567bd3/spring-data-jpa-1.10.6.RELEASE.jar
7f07b0d5b000-7f07b0d68000 r--s 00089000 08:03 5923892                    /home/sharmila/.gradle/caches/modules-2/files-2.1/org.hibernate/hibernate-entitymanager/5.0.11.Final/549565caed4e0bcb816843693e66ff7b04ce025f/hibernate-entitymanager-5.0.11.Final.jar
7f07b0d68000-7f07b0d72000 r--s 000ae000 08:03 5916958                    /home/sharmila/.gradle/caches/modules-2/files-2.1/org.javassist/javassist/3.20.0-GA/a9cbcdfb7e9f86fbc74d3afae65f2248bfbf82a0/javassist-3.20.0-GA.jar
7f07b0d72000-7f07b0d77000 r--s 00017000 08:03 5923828                    /home/sharmila/.gradle/caches/modules-2/files-2.1/org.hibernate.javax.persistence/hibernate-jpa-2.1-api/1.0.0.Final/5e731d961297e5a07290bfaf3db1fbc8bbbf405a/hibernate-jpa-2.1-api-1.0.0.Final.jar
7f07b0d77000-7f07b0de0000 r--s 004f3000 08:03 5923432                    /home/sharmila/.gradle/caches/modules-2/files-2.1/org.hibernate/hibernate-core/5.0.11.Final/c2487fb72a2217a7cec9ab478d4c21a36fc09977/hibernate-core-5.0.11.Final.jar
7f07b0de0000-7f07b0de1000 ---p 00000000 00:00 0 
7f07b0de1000-7f07b0ee1000 rw-p 00000000 00:00 0                          [stack:4633]
7f07b0ee1000-7f07b0ee4000 ---p 00000000 00:00 0 
7f07b0ee4000-7f07b0fe2000 rw-p 00000000 00:00 0                          [stack:4632]
7f07b0fe2000-7f07b0fe5000 ---p 00000000 00:00 0 
7f07b0fe5000-7f07b10e3000 rw-p 00000000 00:00 0                          [stack:4631]
7f07b10e3000-7f07b10e6000 ---p 00000000 00:00 0 
7f07b10e6000-7f07b11e4000 rw-p 00000000 00:00 0                          [stack:4630]
7f07b11e4000-7f07b11e7000 ---p 00000000 00:00 0 
7f07b11e7000-7f07b12e5000 rw-p 00000000 00:00 0                          [stack:4629]
7f07b12e5000-7f07b12e8000 ---p 00000000 00:00 0 
7f07b12e8000-7f07b13e6000 rw-p 00000000 00:00 0                          [stack:4628]
7f07b13e6000-7f07b1ac9000 r--p 00000000 08:03 3152909                    /usr/lib/locale/locale-archive
7f07b1ac9000-7f07b1acc000 ---p 00000000 00:00 0 
7f07b1acc000-7f07b1bca000 rw-p 00000000 00:00 0                          [stack:4627]
7f07b1bca000-7f07b1bcd000 ---p 00000000 00:00 0 
7f07b1bcd000-7f07b1ccb000 rw-p 00000000 00:00 0                          [stack:4626]
7f07b1ccb000-7f07b1ccc000 ---p 00000000 00:00 0 
7f07b1ccc000-7f07b4000000 rw-p 00000000 00:00 0                          [stack:4625]
7f07b4000000-7f07b4021000 rw-p 00000000 00:00 0 
7f07b4021000-7f07b8000000 ---p 00000000 00:00 0 
7f07b8000000-7f07b8013000 r--s 00236000 08:03 5916949                    /home/sharmila/.gradle/caches/modules-2/files-2.1/org.eclipse.jdt.core.compiler/ecj/4.5.1/bee1367ac12fb6a20b422ff8711ebeb4f0a42316/ecj-4.5.1.jar
7f07b8013000-7f07b8018000 r--s 00036000 08:03 5917541                    /home/sharmila/.gradle/caches/modules-2/files-2.1/org.apache.tomcat.embed/tomcat-embed-el/8.5.6/a102298d8dc72f4065533d5962953d753b172602/tomcat-embed-el-8.5.6.jar
7f07b8018000-7f07b8041000 r--s 002b2000 08:03 5917540                    /home/sharmila/.gradle/caches/modules-2/files-2.1/org.apache.tomcat.embed/tomcat-embed-core/8.5.6/960834b5abc6b2135250487abf6c060a0fa5a22e/tomcat-embed-core-8.5.6.jar
7f07b8041000-7f07b8052000 r--s 000cf000 08:03 5923571                    /home/sharmila/.gradle/caches/modules-2/files-2.1/org.springframework/spring-webmvc/4.3.5.RELEASE/c624659217edab07d8279fb0f90462136f089220/spring-webmvc-4.3.5.RELEASE.jar
7f07b8052000-7f07b8064000 r--s 000b6000 08:03 5923570                    /home/sharmila/.gradle/caches/modules-2/files-2.1/org.springframework/spring-web/4.3.5.RELEASE/6641daccf2fddafc8358144f3a4f999130fdf144/spring-web-4.3.5.RELEASE.jar
7f07b8064000-7f07b8075000 r--s 0011d000 08:03 5923569                    /home/sharmila/.gradle/caches/modules-2/files-2.1/com.fasterxml.jackson.core/jackson-databind/2.8.5/b3035f37e674c04dafe36a660c3815cc59f764e2/jackson-databind-2.8.5.jar
7f07b8075000-7f07b8085000 r--s 0009c000 08:03 5916756                    /home/sharmila/.gradle/caches/modules-2/files-2.1/org.hibernate/hibernate-validator/5.2.4.Final/fb18766b576aa6632bcfe9a20a023cbd52bf9769/hibernate-validator-5.2.4.Final.jar
7f07b8085000-7f07b8091000 r--s 000a4000 08:03 5923636                    /home/sharmila/.gradle/caches/modules-2/files-2.1/org.testng/testng/6.5.2/5069d2e72356ed87645c5fc3622b0bbb5e0667c9/testng-6.5.2.jar
7f07b8091000-7f07b8096000 r--s 00309000 08:03 5923826                    /home/sharmila/.gradle/caches/modules-2/files-2.1/org.xerial/sqlite-jdbc/3.7.2/7a3d67f00508d3881650579f7f228c61bfc1b196/sqlite-jdbc-3.7.2.jar
7f07b8096000-7f07b9000000 rw-p 00000000 00:00 0 
7f07b9000000-7f07b9c90000 rwxp 00000000 00:00 0 
7f07b9c90000-7f07c8000000 ---p 00000000 00:00 0 
7f07c8000000-7f07ca37a000 rw-p 00000000 00:00 0 
7f07ca37a000-7f07cc000000 ---p 00000000 00:00 0 
7f07cc000000-7f07cc002000 r--s 00006000 08:03 5923893                    /home/sharmila/.gradle/caches/modules-2/files-2.1/javax.transaction/javax.transaction-api/1.2/d81aff979d603edd90dcd8db2abc1f4ce6479e3e/javax.transaction-api-1.2.jar
7f07cc002000-7f07cc003000 r--s 00000000 08:03 5923891                    /home/sharmila/.gradle/caches/modules-2/files-2.1/org.springframework.boot/spring-boot-starter-jdbc/1.4.3.RELEASE/7ce66cf27ea731189248be7af2ab84ba189e1151/spring-boot-starter-jdbc-1.4.3.RELEASE.jar
7f07cc003000-7f07cc00c000 r--s 00095000 08:03 5913393                    /home/sharmila/.gradle/caches/modules-2/files-2.1/org.apache.tomcat.embed/tomcat-embed-jasper/9.0.0.M11/e2cd5a7038094195c3163532e01daf051d9265fe/tomcat-embed-jasper-9.0.0.M11.jar
7f07cc00c000-7f07cc014000 r--s 00046000 08:03 2759763                    /home/sharmila/Downloads/sts 3.6.4/sts-bundle/sts-3.6.4.RELEASE/plugins/org.testng.eclipse_6.10.0.201612030230/lib/testng-remote.jar
7f07cc014000-7f07cc45a000 rw-p 00000000 00:00 0 
7f07cc45a000-7f07cc633000 r--s 03d3e000 08:03 3569606                    /usr/lib/jvm/java-8-oracle/jre/lib/rt.jar
7f07cc633000-7f07cc88c000 rw-p 00000000 00:00 0 
7f07cc88c000-7f07cc88d000 ---p 00000000 00:00 0 
7f07cc88d000-7f07cc98d000 rw-p 00000000 00:00 0                          [stack:4622]
7f07cc98d000-7f07cc98e000 ---p 00000000 00:00 0 
7f07cc98e000-7f07cca8e000 rw-p 00000000 00:00 0                          [stack:4620]
7f07cca8e000-7f07cca8f000 ---p 00000000 00:00 0 
7f07cca8f000-7f07ccb8f000 rw-p 00000000 00:00 0                          [stack:4619]
7f07ccb8f000-7f07ccb90000 ---p 00000000 00:00 0 
7f07ccb90000-7f07cccb2000 rw-p 00000000 00:00 0                          [stack:4618]
7f07cccb2000-7f07ccdd2000 ---p 00000000 00:00 0 
7f07ccdd2000-7f07ccdf4000 rw-p 00000000 00:00 0 
7f07ccdf4000-7f07ccf14000 ---p 00000000 00:00 0 
7f07ccf14000-7f07ccf77000 rw-p 00000000 00:00 0 
7f07ccf77000-7f07ccfb5000 ---p 00000000 00:00 0 
7f07ccfb5000-7f07ccfe9000 rw-p 00000000 00:00 0 
7f07ccfe9000-7f07cd376000 ---p 00000000 00:00 0 
7f07cd376000-7f07cd390000 r-xp 00000000 08:03 4870864                    /usr/lib/jvm/java-8-oracle/jre/lib/amd64/libzip.so
7f07cd390000-7f07cd590000 ---p 0001a000 08:03 4870864                    /usr/lib/jvm/java-8-oracle/jre/lib/amd64/libzip.so
7f07cd590000-7f07cd591000 rw-p 0001a000 08:03 4870864                    /usr/lib/jvm/java-8-oracle/jre/lib/amd64/libzip.so
7f07cd591000-7f07cd59b000 r-xp 00000000 08:03 4070135                    /lib/x86_64-linux-gnu/libnss_files-2.19.so
7f07cd59b000-7f07cd79a000 ---p 0000a000 08:03 4070135                    /lib/x86_64-linux-gnu/libnss_files-2.19.so
7f07cd79a000-7f07cd79b000 r--p 00009000 08:03 4070135                    /lib/x86_64-linux-gnu/libnss_files-2.19.so
7f07cd79b000-7f07cd79c000 rw-p 0000a000 08:03 4070135                    /lib/x86_64-linux-gnu/libnss_files-2.19.so
7f07cd79c000-7f07cd7a7000 r-xp 00000000 08:03 4070127                    /lib/x86_64-linux-gnu/libnss_nis-2.19.so
7f07cd7a7000-7f07cd9a6000 ---p 0000b000 08:03 4070127                    /lib/x86_64-linux-gnu/libnss_nis-2.19.so
7f07cd9a6000-7f07cd9a7000 r--p 0000a000 08:03 4070127                    /lib/x86_64-linux-gnu/libnss_nis-2.19.so
7f07cd9a7000-7f07cd9a8000 rw-p 0000b000 08:03 4070127                    /lib/x86_64-linux-gnu/libnss_nis-2.19.so
7f07cd9a8000-7f07cd9bf000 r-xp 00000000 08:03 4070123                    /lib/x86_64-linux-gnu/libnsl-2.19.so
7f07cd9bf000-7f07cdbbe000 ---p 00017000 08:03 4070123                    /lib/x86_64-linux-gnu/libnsl-2.19.so
7f07cdbbe000-7f07cdbbf000 r--p 00016000 08:03 4070123                    /lib/x86_64-linux-gnu/libnsl-2.19.so
7f07cdbbf000-7f07cdbc0000 rw-p 00017000 08:03 4070123                    /lib/x86_64-linux-gnu/libnsl-2.19.so
7f07cdbc0000-7f07cdbc2000 rw-p 00000000 00:00 0 
7f07cdbc2000-7f07cdbcb000 r-xp 00000000 08:03 4070122                    /lib/x86_64-linux-gnu/libnss_compat-2.19.so
7f07cdbcb000-7f07cddca000 ---p 00009000 08:03 4070122                    /lib/x86_64-linux-gnu/libnss_compat-2.19.so
7f07cddca000-7f07cddcb000 r--p 00008000 08:03 4070122                    /lib/x86_64-linux-gnu/libnss_compat-2.19.so
7f07cddcb000-7f07cddcc000 rw-p 00009000 08:03 4070122                    /lib/x86_64-linux-gnu/libnss_compat-2.19.so
7f07cddcc000-7f07cddf7000 r-xp 00000000 08:03 4870782                    /usr/lib/jvm/java-8-oracle/jre/lib/amd64/libjava.so
7f07cddf7000-7f07cdff6000 ---p 0002b000 08:03 4870782                    /usr/lib/jvm/java-8-oracle/jre/lib/amd64/libjava.so
7f07cdff6000-7f07cdff8000 rw-p 0002a000 08:03 4870782                    /usr/lib/jvm/java-8-oracle/jre/lib/amd64/libjava.so
7f07cdff8000-7f07ce005000 r-xp 00000000 08:03 4870821                    /usr/lib/jvm/java-8-oracle/jre/lib/amd64/libverify.so
7f07ce005000-7f07ce204000 ---p 0000d000 08:03 4870821                    /usr/lib/jvm/java-8-oracle/jre/lib/amd64/libverify.so
7f07ce204000-7f07ce206000 rw-p 0000c000 08:03 4870821                    /usr/lib/jvm/java-8-oracle/jre/lib/amd64/libverify.so
7f07ce206000-7f07ce20d000 r-xp 00000000 08:03 4070131                    /lib/x86_64-linux-gnu/librt-2.19.so
7f07ce20d000-7f07ce40c000 ---p 00007000 08:03 4070131                    /lib/x86_64-linux-gnu/librt-2.19.so
7f07ce40c000-7f07ce40d000 r--p 00006000 08:03 4070131                    /lib/x86_64-linux-gnu/librt-2.19.so
7f07ce40d000-7f07ce40e000 rw-p 00007000 08:03 4070131                    /lib/x86_64-linux-gnu/librt-2.19.so
7f07ce40e000-7f07ce513000 r-xp 00000000 08:03 4070117                    /lib/x86_64-linux-gnu/libm-2.19.so
7f07ce513000-7f07ce712000 ---p 00105000 08:03 4070117                    /lib/x86_64-linux-gnu/libm-2.19.so
7f07ce712000-7f07ce713000 r--p 00104000 08:03 4070117                    /lib/x86_64-linux-gnu/libm-2.19.so
7f07ce713000-7f07ce714000 rw-p 00105000 08:03 4070117                    /lib/x86_64-linux-gnu/libm-2.19.so
7f07ce714000-7f07cf3e2000 r-xp 00000000 08:03 5260205                    /usr/lib/jvm/java-8-oracle/jre/lib/amd64/server/libjvm.so
7f07cf3e2000-7f07cf5e2000 ---p 00cce000 08:03 5260205                    /usr/lib/jvm/java-8-oracle/jre/lib/amd64/server/libjvm.so
7f07cf5e2000-7f07cf6bb000 rw-p 00cce000 08:03 5260205                    /usr/lib/jvm/java-8-oracle/jre/lib/amd64/server/libjvm.so
7f07cf6bb000-7f07cf706000 rw-p 00000000 00:00 0 
7f07cf706000-7f07cf8c0000 r-xp 00000000 08:03 4070132                    /lib/x86_64-linux-gnu/libc-2.19.so
7f07cf8c0000-7f07cfac0000 ---p 001ba000 08:03 4070132                    /lib/x86_64-linux-gnu/libc-2.19.so
7f07cfac0000-7f07cfac4000 r--p 001ba000 08:03 4070132                    /lib/x86_64-linux-gnu/libc-2.19.so
7f07cfac4000-7f07cfac6000 rw-p 001be000 08:03 4070132                    /lib/x86_64-linux-gnu/libc-2.19.so
7f07cfac6000-7f07cfacb000 rw-p 00000000 00:00 0 
7f07cfacb000-7f07cface000 r-xp 00000000 08:03 4070119                    /lib/x86_64-linux-gnu/libdl-2.19.so
7f07cface000-7f07cfccd000 ---p 00003000 08:03 4070119                    /lib/x86_64-linux-gnu/libdl-2.19.so
7f07cfccd000-7f07cfcce000 r--p 00002000 08:03 4070119                    /lib/x86_64-linux-gnu/libdl-2.19.so
7f07cfcce000-7f07cfccf000 rw-p 00003000 08:03 4070119                    /lib/x86_64-linux-gnu/libdl-2.19.so
7f07cfccf000-7f07cfce4000 r-xp 00000000 08:03 3555343                    /usr/lib/jvm/java-8-oracle/lib/amd64/jli/libjli.so
7f07cfce4000-7f07cfee4000 ---p 00015000 08:03 3555343                    /usr/lib/jvm/java-8-oracle/lib/amd64/jli/libjli.so
7f07cfee4000-7f07cfee5000 rw-p 00015000 08:03 3555343                    /usr/lib/jvm/java-8-oracle/lib/amd64/jli/libjli.so
7f07cfee5000-7f07cfefe000 r-xp 00000000 08:03 4070124                    /lib/x86_64-linux-gnu/libpthread-2.19.so
7f07cfefe000-7f07d00fd000 ---p 00019000 08:03 4070124                    /lib/x86_64-linux-gnu/libpthread-2.19.so
7f07d00fd000-7f07d00fe000 r--p 00018000 08:03 4070124                    /lib/x86_64-linux-gnu/libpthread-2.19.so
7f07d00fe000-7f07d00ff000 rw-p 00019000 08:03 4070124                    /lib/x86_64-linux-gnu/libpthread-2.19.so
7f07d00ff000-7f07d0103000 rw-p 00000000 00:00 0 
7f07d0103000-7f07d0126000 r-xp 00000000 08:03 4070125                    /lib/x86_64-linux-gnu/ld-2.19.so
7f07d0126000-7f07d0127000 r--s 00000000 08:03 5923890                    /home/sharmila/.gradle/caches/modules-2/files-2.1/org.springframework.boot/spring-boot-starter-aop/1.4.3.RELEASE/30b11b6455bed446d3b4a1a49fab529b2cfac454/spring-boot-starter-aop-1.4.3.RELEASE.jar
7f07d0127000-7f07d0129000 r--s 0000f000 08:03 5916917                    /home/sharmila/.gradle/caches/modules-2/files-2.1/org.jboss.logging/jboss-logging/3.3.0.Final/3616bb87707910296e2c195dc016287080bba5af/jboss-logging-3.3.0.Final.jar
7f07d0129000-7f07d012a000 r--s 00000000 08:03 5923568                    /home/sharmila/.gradle/caches/modules-2/files-2.1/org.springframework.boot/spring-boot-starter-tomcat/1.4.3.RELEASE/61c48035a7a3b06b42fdd07b7109e562077b3792/spring-boot-starter-tomcat-1.4.3.RELEASE.jar
7f07d012a000-7f07d01fc000 rw-p 00000000 00:00 0 
7f07d01fc000-7f07d01ff000 ---p 00000000 00:00 0 
7f07d01ff000-7f07d0301000 rw-p 00000000 00:00 0                          [stack:4616]
7f07d0301000-7f07d0302000 r--s 00000000 08:03 5923567                    /home/sharmila/.gradle/caches/modules-2/files-2.1/org.springframework.boot/spring-boot-starter/1.4.3.RELEASE/c99bad104719e947b3f9aa2b7569583805e4c5d5/spring-boot-starter-1.4.3.RELEASE.jar
7f07d0302000-7f07d0303000 r--s 00000000 08:03 5923566                    /home/sharmila/.gradle/caches/modules-2/files-2.1/org.springframework.boot/spring-boot-starter-test/1.4.3.RELEASE/6e9f1dbd3f68299c0183630ef07ca430de160050/spring-boot-starter-test-1.4.3.RELEASE.jar
7f07d0303000-7f07d0304000 r--s 00000000 08:03 5923889                    /home/sharmila/.gradle/caches/modules-2/files-2.1/org.springframework.boot/spring-boot-starter-data-jpa/1.4.3.RELEASE/ffda06c2144d10239014407333c223a237b73ad7/spring-boot-starter-data-jpa-1.4.3.RELEASE.jar
7f07d0304000-7f07d0305000 r--s 00003000 08:03 5923431                    /home/sharmila/.gradle/caches/modules-2/files-2.1/org.hibernate/hibernate-gradle-plugin/5.2.3.Final/db2ad8695e48a03a566b74fb5fc07c1732c1f5e5/hibernate-gradle-plugin-5.2.3.Final.jar
7f07d0305000-7f07d0306000 r--s 00000000 08:03 5923565                    /home/sharmila/.gradle/caches/modules-2/files-2.1/org.springframework.boot/spring-boot-starter-web/1.4.3.RELEASE/a0dcc919eda8e8ecb6f13f52a30e6afbb8266103/spring-boot-starter-web-1.4.3.RELEASE.jar
7f07d0306000-7f07d0319000 rw-p 00000000 00:00 0 
7f07d0319000-7f07d0321000 rw-s 00000000 08:03 5917607                    /tmp/hsperfdata_sharmila/4615
7f07d0321000-7f07d0322000 rw-p 00000000 00:00 0 
7f07d0322000-7f07d0323000 r--p 00000000 00:00 0 
7f07d0323000-7f07d0325000 rw-p 00000000 00:00 0 
7f07d0325000-7f07d0326000 r--p 00022000 08:03 4070125                    /lib/x86_64-linux-gnu/ld-2.19.so
7f07d0326000-7f07d0327000 rw-p 00023000 08:03 4070125                    /lib/x86_64-linux-gnu/ld-2.19.so
7f07d0327000-7f07d0328000 rw-p 00000000 00:00 0 
7ffdf9f2e000-7ffdf9f52000 rw-p 00000000 00:00 0                          [stack]
7ffdf9f6b000-7ffdf9f6d000 r-xp 00000000 00:00 0                          [vdso]
ffffffffff600000-ffffffffff601000 r-xp 00000000 00:00 0                  [vsyscall]

VM Arguments:
jvm_args: -ea -Dfile.encoding=UTF-8 
java_command: org.testng.remote.RemoteTestNG -serport 42008 -protocol json -d /home/sharmila/Documents/work-office/TestNG_Project/test-output /tmp/testng-eclipse-1839036988/testng-customsuite.xml
java_class_path (initial): /home/sharmila/Downloads/sts 3.6.4/sts-bundle/sts-3.6.4.RELEASE/plugins/org.testng.eclipse_6.10.0.201612030230/lib/testng-remote.jar:/home/sharmila/Documents/work-office/TestNG_Project/bin:/home/sharmila/.gradle/caches/modules-2/files-2.1/org.springframework.boot/spring-boot-starter-web/1.4.3.RELEASE/a0dcc919eda8e8ecb6f13f52a30e6afbb8266103/spring-boot-starter-web-1.4.3.RELEASE.jar:/home/sharmila/.gradle/caches/modules-2/files-2.1/org.apache.tomcat.embed/tomcat-embed-jasper/9.0.0.M11/e2cd5a7038094195c3163532e01daf051d9265fe/tomcat-embed-jasper-9.0.0.M11.jar:/home/sharmila/.gradle/caches/modules-2/files-2.1/org.xerial/sqlite-jdbc/3.7.2/7a3d67f00508d3881650579f7f228c61bfc1b196/sqlite-jdbc-3.7.2.jar:/home/sharmila/.gradle/caches/modules-2/files-2.1/org.hibernate/hibernate-gradle-plugin/5.2.3.Final/db2ad8695e48a03a566b74fb5fc07c1732c1f5e5/hibernate-gradle-plugin-5.2.3.Final.jar:/home/sharmila/.gradle/caches/modules-2/files-2.1/org.springframework.boot/spring-boot-starter-data-jpa/1.4.3.RELEASE/ffda06c2144d10239014407333c223a237b73ad7/spring-boot-starter-data-jpa-1.4.3.RELEASE.jar:/home/sharmila/.gradle/caches/modules-2/files-2.1/org.testng/testng/6.5.2/5069d2e72356ed87645c5fc3622b0bbb5e0667c9/testng-6.5.2.jar:/home/sharmila/.gradle/caches/modules-2/files-2.1/org.springframework.boot/spring-boot-starter-test/1.4.3.RELEASE/6e9f1dbd3f68299c0183630ef07ca430de160050/spring-boot-starter-test-1.4.3.RELEASE.jar:/home/sharmila/.gradle/caches/modules-2/files-2.1/org.springframework.boot/spring-boot-starter/1.4.3.RELEASE/c99bad104719e947b3f9aa2b7569583805e4c5d5/spring-boot-starter-1.4.3.RELEASE.jar:/home/sharmila/.gradle/caches/modules-2/files-2.1/org.springframework.boot/spring-boot-starter-tomcat/1.4.3.RELEASE/61c48035a7a3b06b42fdd07b7109e562077b3792/spring-boot-starter-tomcat-1.4.3.RELEASE.jar:/home/sharmila/.gradle/caches/modules-2/files-2.1/org.hibernate/hibernate-validator/5.2.4.Final/fb18766b576aa6632bcfe9a20a023cbd52bf9769/hibernate-validator-5
Launcher Type: SUN_STANDARD

Environment Variables:
JAVA_HOME=/usr/lib/jvm/java-8-oracle
PATH=/usr/local/sbin:/usr/local/bin:/usr/sbin:/usr/bin:/sbin:/bin:/usr/games:/usr/local/games:/usr/lib/jvm/java-8-oracle/bin:/usr/lib/jvm/java-8-oracle/db/bin:/usr/lib/jvm/java-8-oracle/jre/bin
SHELL=/bin/bash
DISPLAY=:0.0

Signal Handlers:
SIGSEGV: [libjvm.so+0xac78c0], sa_mask[0]=11111111011111111101111111111110, sa_flags=SA_RESTART|SA_SIGINFO
SIGBUS: [libjvm.so+0xac78c0], sa_mask[0]=11111111011111111101111111111110, sa_flags=SA_RESTART|SA_SIGINFO
SIGFPE: [libjvm.so+0x920ac0], sa_mask[0]=11111111011111111101111111111110, sa_flags=SA_RESTART|SA_SIGINFO
SIGPIPE: [libjvm.so+0x920ac0], sa_mask[0]=11111111011111111101111111111110, sa_flags=SA_RESTART|SA_SIGINFO
SIGXFSZ: [libjvm.so+0x920ac0], sa_mask[0]=11111111011111111101111111111110, sa_flags=SA_RESTART|SA_SIGINFO
SIGILL: [libjvm.so+0x920ac0], sa_mask[0]=11111111011111111101111111111110, sa_flags=SA_RESTART|SA_SIGINFO
SIGUSR1: SIG_DFL, sa_mask[0]=00000000000000000000000000000000, sa_flags=none
SIGUSR2: [libjvm.so+0x922300], sa_mask[0]=00100000000000000000000000000000, sa_flags=SA_RESTART|SA_SIGINFO
SIGHUP: [libjvm.so+0x923700], sa_mask[0]=11111111011111111101111111111110, sa_flags=SA_RESTART|SA_SIGINFO
SIGINT: [libjvm.so+0x923700], sa_mask[0]=11111111011111111101111111111110, sa_flags=SA_RESTART|SA_SIGINFO
SIGTERM: [libjvm.so+0x923700], sa_mask[0]=11111111011111111101111111111110, sa_flags=SA_RESTART|SA_SIGINFO
SIGQUIT: [libjvm.so+0x923700], sa_mask[0]=11111111011111111101111111111110, sa_flags=SA_RESTART|SA_SIGINFO


---------------  S Y S T E M  ---------------

OS:DISTRIB_ID=Ubuntu
DISTRIB_RELEASE=14.04
DISTRIB_CODENAME=trusty
DISTRIB_DESCRIPTION="Ubuntu 14.04.5 LTS"

uname:Linux 3.13.0-107-generic #154-Ubuntu SMP Tue Dec 20 09:57:27 UTC 2016 x86_64
libc:glibc 2.19 NPTL 2.19 
rlimit: STACK 8192k, CORE 0k, NPROC 30712, NOFILE 4096, AS infinity
load average:1.59 0.62 0.51

/proc/meminfo:
MemTotal:        3953548 kB
MemFree:          425728 kB
Buffers:           63568 kB
Cached:          1077224 kB
SwapCached:            0 kB
Active:          2318900 kB
Inactive:         978444 kB
Active(anon):    1790544 kB
Inactive(anon):   670788 kB
Active(file):     528356 kB
Inactive(file):   307656 kB
Unevictable:         208 kB
Mlocked:             208 kB
SwapTotal:       7999484 kB
SwapFree:        7999188 kB
Dirty:               132 kB
Writeback:             0 kB
AnonPages:       2156804 kB
Mapped:           351260 kB
Shmem:            304788 kB
Slab:             107648 kB
SReclaimable:      69496 kB
SUnreclaim:        38152 kB
KernelStack:        5416 kB
PageTables:        47768 kB
NFS_Unstable:          0 kB
Bounce:                0 kB
WritebackTmp:          0 kB
CommitLimit:     9976256 kB
Committed_AS:    7254752 kB
VmallocTotal:   34359738367 kB
VmallocUsed:      400992 kB
VmallocChunk:   34359328252 kB
HardwareCorrupted:     0 kB
AnonHugePages:    815104 kB
HugePages_Total:       0
HugePages_Free:        0
HugePages_Rsvd:        0
HugePages_Surp:        0
Hugepagesize:       2048 kB
DirectMap4k:       86188 kB
DirectMap2M:     2965504 kB
DirectMap1G:     1048576 kB


CPU:total 4 (2 cores per cpu, 2 threads per core) family 6 model 69 stepping 1, cmov, cx8, fxsr, mmx, sse, sse2, sse3, ssse3, sse4.1, sse4.2, popcnt, avx, avx2, aes, clmul, erms, lzcnt, ht, tsc, tscinvbit, bmi1, bmi2

/proc/cpuinfo:
processor	: 0
vendor_id	: GenuineIntel
cpu family	: 6
model		: 69
model name	: Intel(R) Core(TM) i5-4200U CPU @ 1.60GHz
stepping	: 1
microcode	: 0x17
cpu MHz		: 1600.000
cache size	: 3072 KB
physical id	: 0
siblings	: 4
core id		: 0
cpu cores	: 2
apicid		: 0
initial apicid	: 0
fpu		: yes
fpu_exception	: yes
cpuid level	: 13
wp		: yes
flags		: fpu vme de pse tsc msr pae mce cx8 apic sep mtrr pge mca cmov pat pse36 clflush dts acpi mmx fxsr sse sse2 ss ht tm pbe syscall nx pdpe1gb rdtscp lm constant_tsc arch_perfmon pebs bts rep_good nopl xtopology nonstop_tsc aperfmperf eagerfpu pni pclmulqdq dtes64 monitor ds_cpl vmx est tm2 ssse3 fma cx16 xtpr pdcm pcid sse4_1 sse4_2 movbe popcnt tsc_deadline_timer aes xsave avx f16c rdrand lahf_lm abm ida arat epb xsaveopt pln pts dtherm tpr_shadow vnmi flexpriority ept vpid fsgsbase tsc_adjust bmi1 avx2 smep bmi2 erms invpcid
bogomips	: 4589.35
clflush size	: 64
cache_alignment	: 64
address sizes	: 39 bits physical, 48 bits virtual
power management:

processor	: 1
vendor_id	: GenuineIntel
cpu family	: 6
model		: 69
model name	: Intel(R) Core(TM) i5-4200U CPU @ 1.60GHz
stepping	: 1
microcode	: 0x17
cpu MHz		: 759.000
cache size	: 3072 KB
physical id	: 0
siblings	: 4
core id		: 0
cpu cores	: 2
apicid		: 1
initial apicid	: 1
fpu		: yes
fpu_exception	: yes
cpuid level	: 13
wp		: yes
flags		: fpu vme de pse tsc msr pae mce cx8 apic sep mtrr pge mca cmov pat pse36 clflush dts acpi mmx fxsr sse sse2 ss ht tm pbe syscall nx pdpe1gb rdtscp lm constant_tsc arch_perfmon pebs bts rep_good nopl xtopology nonstop_tsc aperfmperf eagerfpu pni pclmulqdq dtes64 monitor ds_cpl vmx est tm2 ssse3 fma cx16 xtpr pdcm pcid sse4_1 sse4_2 movbe popcnt tsc_deadline_timer aes xsave avx f16c rdrand lahf_lm abm ida arat epb xsaveopt pln pts dtherm tpr_shadow vnmi flexpriority ept vpid fsgsbase tsc_adjust bmi1 avx2 smep bmi2 erms invpcid
bogomips	: 4589.35
clflush size	: 64
cache_alignment	: 64
address sizes	: 39 bits physical, 48 bits virtual
power management:

processor	: 2
vendor_id	: GenuineIntel
cpu family	: 6
model		: 69
model name	: Intel(R) Core(TM) i5-4200U CPU @ 1.60GHz
stepping	: 1
microcode	: 0x17
cpu MHz		: 1600.000
cache size	: 3072 KB
physical id	: 0
siblings	: 4
core id		: 1
cpu cores	: 2
apicid		: 2
initial apicid	: 2
fpu		: yes
fpu_exception	: yes
cpuid level	: 13
wp		: yes
flags		: fpu vme de pse tsc msr pae mce cx8 apic sep mtrr pge mca cmov pat pse36 clflush dts acpi mmx fxsr sse sse2 ss ht tm pbe syscall nx pdpe1gb rdtscp lm constant_tsc arch_perfmon pebs bts rep_good nopl xtopology nonstop_tsc aperfmperf eagerfpu pni pclmulqdq dtes64 monitor ds_cpl vmx est tm2 ssse3 fma cx16 xtpr pdcm pcid sse4_1 sse4_2 movbe popcnt tsc_deadline_timer aes xsave avx f16c rdrand lahf_lm abm ida arat epb xsaveopt pln pts dtherm tpr_shadow vnmi flexpriority ept vpid fsgsbase tsc_adjust bmi1 avx2 smep bmi2 erms invpcid
bogomips	: 4589.35
clflush size	: 64
cache_alignment	: 64
address sizes	: 39 bits physical, 48 bits virtual
power management:

processor	: 3
vendor_id	: GenuineIntel
cpu family	: 6
model		: 69
model name	: Intel(R) Core(TM) i5-4200U CPU @ 1.60GHz
stepping	: 1
microcode	: 0x17
cpu MHz		: 1600.000
cache size	: 3072 KB
physical id	: 0
siblings	: 4
core id		: 1
cpu cores	: 2
apicid		: 3
initial apicid	: 3
fpu		: yes
fpu_exception	: yes
cpuid level	: 13
wp		: yes
flags		: fpu vme de pse tsc msr pae mce cx8 apic sep mtrr pge mca cmov pat pse36 clflush dts acpi mmx fxsr sse sse2 ss ht tm pbe syscall nx pdpe1gb rdtscp lm constant_tsc arch_perfmon pebs bts rep_good nopl xtopology nonstop_tsc aperfmperf eagerfpu pni pclmulqdq dtes64 monitor ds_cpl vmx est tm2 ssse3 fma cx16 xtpr pdcm pcid sse4_1 sse4_2 movbe popcnt tsc_deadline_timer aes xsave avx f16c rdrand lahf_lm abm ida arat epb xsaveopt pln pts dtherm tpr_shadow vnmi flexpriority ept vpid fsgsbase tsc_adjust bmi1 avx2 smep bmi2 erms invpcid
bogomips	: 4589.35
clflush size	: 64
cache_alignment	: 64
address sizes	: 39 bits physical, 48 bits virtual
power management:



Memory: 4k page, physical 3953548k(425728k free), swap 7999484k(7999188k free)

vm_info: Java HotSpot(TM) 64-Bit Server VM (25.121-b13) for linux-amd64 JRE (1.8.0_121-b13), built on Dec 12 2016 16:36:53 by "java_re" with gcc 4.3.0 20080428 (Red Hat 4.3.0-8)

time: Mon Jan 23 17:19:42 2017
elapsed time: 9 seconds (0d 0h 0m 9s)

