#
# A fatal error has been detected by the Java Runtime Environment:
#
#  SIGSEGV (0xb) at pc=0x00007effc17cc118, pid=9617, tid=0x00007effc2cd2700
#
# JRE version: Java(TM) SE Runtime Environment (8.0_121-b13) (build 1.8.0_121-b13)
# Java VM: Java HotSpot(TM) 64-Bit Server VM (25.121-b13 mixed mode linux-amd64 compressed oops)
# Problematic frame:
# V  [libjvm.so+0x6e2118]  jni_GetStringUTFChars+0xb8
#
# Failed to write core dump. Core dumps have been disabled. To enable core dumping, try "ulimit -c unlimited" before starting Java again
#
# If you would like to submit a bug report, please visit:
#   http://bugreport.java.com/bugreport/crash.jsp
#

---------------  T H R E A D  ---------------

Current thread (0x00007effbc010000):  JavaThread "main" [_thread_in_vm, id=9622, stack(0x00007effc2bd2000,0x00007effc2cd3000)]

siginfo: si_signo: 11 (SIGSEGV), si_code: 1 (SEGV_MAPERR), si_addr: 0x0000000000000000

Registers:
RAX=0x00007effc20a1550, RBX=0x0000000000000000, RCX=0x000000076ab92940, RDX=0x00007effc20af9e0
RSP=0x00007effc2ccca60, RBP=0x00007effc2cccb00, RSI=0x00007effbc010000, RDI=0x00007effc2cccaa0
R8 =0x00007effacbecc80, R9 =0x000000076ab92940, R10=0x000000000000019c, R11=0x00007effc20af9e8
R12=0x00007effbc010000, R13=0x0000000000000000, R14=0x00007effc2cccbd8, R15=0x00007effc2cccaa0
RIP=0x00007effc17cc118, EFLAGS=0x0000000000010246, CSGSFS=0x0000000000000033, ERR=0x0000000000000004
  TRAPNO=0x000000000000000e

Top of Stack: (sp=0x00007effc2ccca60)
0x00007effc2ccca60:   00007effc2cccb28 0000000000000000
0x00007effc2ccca70:   00007effacce6cc0 00007effc20b1800
0x00007effc2ccca80:   00007effc2ccd0f8 00007effacbecc80
0x00007effc2ccca90:   00000007766332c8 0000000050200030
0x00007effc2cccaa0:   00007effbc010000 0000000000000000
0x00007effc2cccab0:   00007effaa7c0480 00007effacbe22bd
0x00007effc2cccac0:   00007effbc010000 00000007766332c8
0x00007effc2cccad0:   00007effc2cccb70 00007effa1e3a4d0
0x00007effc2cccae0:   00007effbd2649c8 0000000000000000
0x00007effc2cccaf0:   00007effc2cccbd8 00007effbc010000
0x00007effc2cccb00:   00007effbc0101f8 00007effa1b992b0
0x00007effc2cccb10:   00007effc2cccb70 00007effacbe22bd
0x00007effc2cccb20:   00007effa1e3a4d0 00007effc2cccbb0
0x00007effc2cccb30:   0000000000000000 00007effa1e3a4c8
0x00007effc2cccb40:   00007effc2cccbd8 00007effacbf24cf
0x00007effc2cccb50:   0000000000000000 00007effa1e49d60
0x00007effc2cccb60:   0000000000000000 000000076ab92940
0x00007effc2cccb70:   00007effc2cccb60 0000000000000000
0x00007effc2cccb80:   00007effc2cccbd8 00007effa1e40dd8
0x00007effc2cccb90:   0000000000000000 00007effa1e3a4d0
0x00007effc2cccba0:   0000000000000000 00007effc2cccbd0
0x00007effc2cccbb0:   00007effc2cccc38 00007effacbe1dd0
0x00007effc2cccbc0:   0000000000000000 00007effacbeb537
0x00007effc2cccbd0:   0000000000000000 000000076ab92940
0x00007effc2cccbe0:   0000000776633268 00000007766332c8
0x00007effc2cccbf0:   000000076ab92940 00007effc2cccbe8
0x00007effc2cccc00:   00007effa1e3dd95 00007effc2cccc50
0x00007effc2cccc10:   00007effa1e40628 0000000000000000
0x00007effc2cccc20:   00007effa1e3dde0 00007effc2cccbd0
0x00007effc2cccc30:   00007effc2cccc48 00007effc2cccc98
0x00007effc2cccc40:   00007effacbe22bd 0000000776633268
0x00007effc2cccc50:   000000076ab92940 00007effc2cccc58 

Instructions: (pc=0x00007effc17cc118)
0x00007effc17cc0f8:   84 24 70 02 00 00 06 00 00 00 4c 89 e6 4c 89 65
0x00007effc17cc108:   c0 4c 89 ff e8 1f 01 01 00 48 8b 05 18 d0 88 00
0x00007effc17cc118:   4c 8b 2b 8b 10 48 8b 05 44 fc 88 00 80 38 00 0f
0x00007effc17cc128:   84 2b 01 00 00 48 63 c2 41 8b 54 05 00 85 d2 0f 

Register to memory mapping:

RAX=0x00007effc20a1550: <offset 0xfb7550> in /usr/lib/jvm/java-8-oracle/jre/lib/amd64/server/libjvm.so at 0x00007effc10ea000
RBX=0x0000000000000000 is an unknown value
RCX=0x000000076ab92940 is an oop
org.sqlite.NativeDB 
 - klass: 'org/sqlite/NativeDB'
RDX=0x00007effc20af9e0: <offset 0xfc59e0> in /usr/lib/jvm/java-8-oracle/jre/lib/amd64/server/libjvm.so at 0x00007effc10ea000
RSP=0x00007effc2ccca60 is pointing into the stack for thread: 0x00007effbc010000
RBP=0x00007effc2cccb00 is pointing into the stack for thread: 0x00007effbc010000
RSI=0x00007effbc010000 is a thread
RDI=0x00007effc2cccaa0 is pointing into the stack for thread: 0x00007effbc010000
R8 =0x00007effacbecc80 is at code_begin+0 in an Interpreter codelet
method entry point (kind = zerolocals)  [0x00007effacbecc80, 0x00007effacbed100]  1152 bytes
R9 =0x000000076ab92940 is an oop
org.sqlite.NativeDB 
 - klass: 'org/sqlite/NativeDB'
R10=0x000000000000019c is an unknown value
R11=0x00007effc20af9e8: <offset 0xfc59e8> in /usr/lib/jvm/java-8-oracle/jre/lib/amd64/server/libjvm.so at 0x00007effc10ea000
R12=0x00007effbc010000 is a thread
R13=0x0000000000000000 is an unknown value
R14=0x00007effc2cccbd8 is pointing into the stack for thread: 0x00007effbc010000
R15=0x00007effc2cccaa0 is pointing into the stack for thread: 0x00007effbc010000


Stack: [0x00007effc2bd2000,0x00007effc2cd3000],  sp=0x00007effc2ccca60,  free space=1002k
Native frames: (J=compiled Java code, j=interpreted, Vv=VM code, C=native code)
V  [libjvm.so+0x6e2118]  jni_GetStringUTFChars+0xb8
C  [sqlite-3.7.2-libsqlitejdbc.so+0xd2b0]  Java_org_sqlite_NativeDB_prepare+0x2f

Java frames: (J=compiled Java code, j=interpreted, Vv=VM code)
j  org.sqlite.NativeDB.prepare(Ljava/lang/String;)J+0
j  org.sqlite.DB.prepare(Lorg/sqlite/Stmt;)V+21
j  org.sqlite.PrepStmt.<init>(Lorg/sqlite/Conn;Ljava/lang/String;)V+15
j  org.sqlite.Conn.prepareStatement(Ljava/lang/String;III)Ljava/sql/PreparedStatement;+14
j  org.sqlite.Conn.prepareStatement(Ljava/lang/String;II)Ljava/sql/PreparedStatement;+5
j  org.sqlite.Conn.prepareStatement(Ljava/lang/String;)Ljava/sql/PreparedStatement;+8
v  ~StubRoutines::call_stub
J 2280  sun.reflect.NativeMethodAccessorImpl.invoke0(Ljava/lang/reflect/Method;Ljava/lang/Object;[Ljava/lang/Object;)Ljava/lang/Object; (0 bytes) @ 0x00007effad357df7 [0x00007effad357d80+0x77]
J 1223 C1 sun.reflect.NativeMethodAccessorImpl.invoke(Ljava/lang/Object;[Ljava/lang/Object;)Ljava/lang/Object; (104 bytes) @ 0x00007effad00b294 [0x00007effad00a0c0+0x11d4]
J 1227 C1 sun.reflect.DelegatingMethodAccessorImpl.invoke(Ljava/lang/Object;[Ljava/lang/Object;)Ljava/lang/Object; (10 bytes) @ 0x00007effad006e8c [0x00007effad006d80+0x10c]
J 3662 C1 java.lang.reflect.Method.invoke(Ljava/lang/Object;[Ljava/lang/Object;)Ljava/lang/Object; (62 bytes) @ 0x00007effad6c679c [0x00007effad6c63a0+0x3fc]
j  org.apache.tomcat.jdbc.pool.ProxyConnection.invoke(Ljava/lang/Object;Ljava/lang/reflect/Method;[Ljava/lang/Object;)Ljava/lang/Object;+237
j  org.apache.tomcat.jdbc.pool.JdbcInterceptor.invoke(Ljava/lang/Object;Ljava/lang/reflect/Method;[Ljava/lang/Object;)Ljava/lang/Object;+14
j  org.apache.tomcat.jdbc.pool.DisposableConnectionFacade.invoke(Ljava/lang/Object;Ljava/lang/reflect/Method;[Ljava/lang/Object;)Ljava/lang/Object;+93
j  com.sun.proxy.$Proxy83.prepareStatement(Ljava/lang/String;)Ljava/sql/PreparedStatement;+16
j  org.hibernate.engine.jdbc.internal.StatementPreparerImpl$1.doPrepare()Ljava/sql/PreparedStatement;+37
j  org.hibernate.engine.jdbc.internal.StatementPreparerImpl$StatementPreparationTemplate.prepareStatement()Ljava/sql/PreparedStatement;+45
j  org.hibernate.engine.jdbc.internal.StatementPreparerImpl.prepareStatement(Ljava/lang/String;)Ljava/sql/PreparedStatement;+6
j  org.hibernate.id.SequenceGenerator.generateHolder(Lorg/hibernate/engine/spi/SessionImplementor;)Lorg/hibernate/id/IntegralDataTypeHolder;+15
j  org.hibernate.id.SequenceHiLoGenerator$1.getNextValue()Lorg/hibernate/id/IntegralDataTypeHolder;+8
j  org.hibernate.id.enhanced.LegacyHiLoAlgorithmOptimizer.generate(Lorg/hibernate/id/enhanced/AccessCallback;)Ljava/io/Serializable;+25
j  org.hibernate.id.SequenceHiLoGenerator.generate(Lorg/hibernate/engine/spi/SessionImplementor;Ljava/lang/Object;)Ljava/io/Serializable;+53
j  org.hibernate.event.internal.AbstractSaveEventListener.saveWithGeneratedId(Ljava/lang/Object;Ljava/lang/String;Ljava/lang/Object;Lorg/hibernate/event/spi/EventSource;Z)Ljava/io/Serializable;+21
j  org.hibernate.jpa.event.internal.core.JpaPersistEventListener.saveWithGeneratedId(Ljava/lang/Object;Ljava/lang/String;Ljava/lang/Object;Lorg/hibernate/event/spi/EventSource;Z)Ljava/io/Serializable;+18
j  org.hibernate.event.internal.DefaultPersistEventListener.entityIsTransient(Lorg/hibernate/event/spi/PersistEvent;Ljava/util/Map;)V+55
j  org.hibernate.event.internal.DefaultPersistEventListener.onPersist(Lorg/hibernate/event/spi/PersistEvent;Ljava/util/Map;)V+324
j  org.hibernate.event.internal.DefaultPersistEventListener.onPersist(Lorg/hibernate/event/spi/PersistEvent;)V+11
j  org.hibernate.internal.SessionImpl.firePersist(Lorg/hibernate/event/spi/PersistEvent;)V+46
j  org.hibernate.internal.SessionImpl.persist(Ljava/lang/String;Ljava/lang/Object;)V+11
j  org.hibernate.internal.SessionImpl.persist(Ljava/lang/Object;)V+3
j  org.hibernate.jpa.spi.AbstractEntityManagerImpl.persist(Ljava/lang/Object;)V+9
v  ~StubRoutines::call_stub
J 2280  sun.reflect.NativeMethodAccessorImpl.invoke0(Ljava/lang/reflect/Method;Ljava/lang/Object;[Ljava/lang/Object;)Ljava/lang/Object; (0 bytes) @ 0x00007effad357df7 [0x00007effad357d80+0x77]
J 1223 C1 sun.reflect.NativeMethodAccessorImpl.invoke(Ljava/lang/Object;[Ljava/lang/Object;)Ljava/lang/Object; (104 bytes) @ 0x00007effad00b294 [0x00007effad00a0c0+0x11d4]
J 1227 C1 sun.reflect.DelegatingMethodAccessorImpl.invoke(Ljava/lang/Object;[Ljava/lang/Object;)Ljava/lang/Object; (10 bytes) @ 0x00007effad006e8c [0x00007effad006d80+0x10c]
J 3662 C1 java.lang.reflect.Method.invoke(Ljava/lang/Object;[Ljava/lang/Object;)Ljava/lang/Object; (62 bytes) @ 0x00007effad6c679c [0x00007effad6c63a0+0x3fc]
j  org.springframework.orm.jpa.SharedEntityManagerCreator$SharedEntityManagerInvocationHandler.invoke(Ljava/lang/Object;Ljava/lang/reflect/Method;[Ljava/lang/Object;)Ljava/lang/Object;+495
j  com.sun.proxy.$Proxy92.persist(Ljava/lang/Object;)V+16
j  org.springframework.data.jpa.repository.support.SimpleJpaRepository.save(Ljava/lang/Object;)Ljava/lang/Object;+18
v  ~StubRoutines::call_stub
J 2280  sun.reflect.NativeMethodAccessorImpl.invoke0(Ljava/lang/reflect/Method;Ljava/lang/Object;[Ljava/lang/Object;)Ljava/lang/Object; (0 bytes) @ 0x00007effad357df7 [0x00007effad357d80+0x77]
J 1223 C1 sun.reflect.NativeMethodAccessorImpl.invoke(Ljava/lang/Object;[Ljava/lang/Object;)Ljava/lang/Object; (104 bytes) @ 0x00007effad00b294 [0x00007effad00a0c0+0x11d4]
J 1227 C1 sun.reflect.DelegatingMethodAccessorImpl.invoke(Ljava/lang/Object;[Ljava/lang/Object;)Ljava/lang/Object; (10 bytes) @ 0x00007effad006e8c [0x00007effad006d80+0x10c]
J 3662 C1 java.lang.reflect.Method.invoke(Ljava/lang/Object;[Ljava/lang/Object;)Ljava/lang/Object; (62 bytes) @ 0x00007effad6c679c [0x00007effad6c63a0+0x3fc]
j  org.springframework.data.repository.core.support.RepositoryFactorySupport$QueryExecutorMethodInterceptor.executeMethodOn(Ljava/lang/Object;Ljava/lang/reflect/Method;[Ljava/lang/Object;)Ljava/lang/Object;+3
j  org.springframework.data.repository.core.support.RepositoryFactorySupport$QueryExecutorMethodInterceptor.doInvoke(Lorg/aopalliance/intercept/MethodInvocation;)Ljava/lang/Object;+94
j  org.springframework.data.repository.core.support.RepositoryFactorySupport$QueryExecutorMethodInterceptor.invoke(Lorg/aopalliance/intercept/MethodInvocation;)Ljava/lang/Object;+2
j  org.springframework.aop.framework.ReflectiveMethodInvocation.proceed()Ljava/lang/Object;+101
j  org.springframework.data.projection.DefaultMethodInvokingMethodInterceptor.invoke(Lorg/aopalliance/intercept/MethodInvocation;)Ljava/lang/Object;+15
j  org.springframework.aop.framework.ReflectiveMethodInvocation.proceed()Ljava/lang/Object;+101
j  org.springframework.transaction.interceptor.TransactionInterceptor$1.proceedWithInvocation()Ljava/lang/Object;+4
j  org.springframework.transaction.interceptor.TransactionAspectSupport.invokeWithinTransaction(Ljava/lang/reflect/Method;Ljava/lang/Class;Lorg/springframework/transaction/interceptor/TransactionAspectSupport$InvocationCallback;)Ljava/lang/Object;+60
j  org.springframework.transaction.interceptor.TransactionInterceptor.invoke(Lorg/aopalliance/intercept/MethodInvocation;)Ljava/lang/Object;+40
j  org.springframework.aop.framework.ReflectiveMethodInvocation.proceed()Ljava/lang/Object;+101
j  org.springframework.dao.support.PersistenceExceptionTranslationInterceptor.invoke(Lorg/aopalliance/intercept/MethodInvocation;)Ljava/lang/Object;+1
j  org.springframework.aop.framework.ReflectiveMethodInvocation.proceed()Ljava/lang/Object;+101
j  org.springframework.data.jpa.repository.support.CrudMethodMetadataPostProcessor$CrudMethodMetadataPopulatingMethodInterceptor.invoke(Lorg/aopalliance/intercept/MethodInvocation;)Ljava/lang/Object;+89
j  org.springframework.aop.framework.ReflectiveMethodInvocation.proceed()Ljava/lang/Object;+101
j  org.springframework.aop.interceptor.ExposeInvocationInterceptor.invoke(Lorg/aopalliance/intercept/MethodInvocation;)Ljava/lang/Object;+18
j  org.springframework.aop.framework.ReflectiveMethodInvocation.proceed()Ljava/lang/Object;+101
j  org.springframework.aop.framework.JdkDynamicAopProxy.invoke(Ljava/lang/Object;Ljava/lang/reflect/Method;[Ljava/lang/Object;)Ljava/lang/Object;+385
j  com.sun.proxy.$Proxy94.save(Ljava/lang/Object;)Ljava/lang/Object;+16
j  com.example.api.service.BookService.save(Lcom/example/entity/Book;)Lcom/example/entity/Book;+5
j  com.example.crudtest.CRUDTest.insertOperation()V+19
v  ~StubRoutines::call_stub
J 2280  sun.reflect.NativeMethodAccessorImpl.invoke0(Ljava/lang/reflect/Method;Ljava/lang/Object;[Ljava/lang/Object;)Ljava/lang/Object; (0 bytes) @ 0x00007effad357df7 [0x00007effad357d80+0x77]
J 1223 C1 sun.reflect.NativeMethodAccessorImpl.invoke(Ljava/lang/Object;[Ljava/lang/Object;)Ljava/lang/Object; (104 bytes) @ 0x00007effad00b294 [0x00007effad00a0c0+0x11d4]
J 1227 C1 sun.reflect.DelegatingMethodAccessorImpl.invoke(Ljava/lang/Object;[Ljava/lang/Object;)Ljava/lang/Object; (10 bytes) @ 0x00007effad006e8c [0x00007effad006d80+0x10c]
J 3662 C1 java.lang.reflect.Method.invoke(Ljava/lang/Object;[Ljava/lang/Object;)Ljava/lang/Object; (62 bytes) @ 0x00007effad6c679c [0x00007effad6c63a0+0x3fc]
j  org.testng.internal.MethodInvocationHelper.invokeMethod(Ljava/lang/reflect/Method;Ljava/lang/Object;[Ljava/lang/Object;)Ljava/lang/Object;+242
j  org.testng.internal.MethodInvocationHelper$1.runTestMethod(Lorg/testng/ITestResult;)V+12
j  org.springframework.test.context.testng.AbstractTestNGSpringContextTests.run(Lorg/testng/IHookCallBack;Lorg/testng/ITestResult;)V+2
v  ~StubRoutines::call_stub
J 2280  sun.reflect.NativeMethodAccessorImpl.invoke0(Ljava/lang/reflect/Method;Ljava/lang/Object;[Ljava/lang/Object;)Ljava/lang/Object; (0 bytes) @ 0x00007effad357df7 [0x00007effad357d80+0x77]
J 1223 C1 sun.reflect.NativeMethodAccessorImpl.invoke(Ljava/lang/Object;[Ljava/lang/Object;)Ljava/lang/Object; (104 bytes) @ 0x00007effad00b294 [0x00007effad00a0c0+0x11d4]
J 1227 C1 sun.reflect.DelegatingMethodAccessorImpl.invoke(Ljava/lang/Object;[Ljava/lang/Object;)Ljava/lang/Object; (10 bytes) @ 0x00007effad006e8c [0x00007effad006d80+0x10c]
J 3662 C1 java.lang.reflect.Method.invoke(Ljava/lang/Object;[Ljava/lang/Object;)Ljava/lang/Object; (62 bytes) @ 0x00007effad6c679c [0x00007effad6c63a0+0x3fc]
j  org.testng.internal.MethodInvocationHelper.invokeHookable(Ljava/lang/Object;[Ljava/lang/Object;Ljava/lang/Object;Ljava/lang/reflect/Method;Lorg/testng/internal/TestResult;)V+64
j  org.testng.internal.Invoker.invokeMethod([Ljava/lang/Object;ILorg/testng/ITestNGMethod;[Ljava/lang/Object;ILorg/testng/xml/XmlSuite;Ljava/util/Map;Lorg/testng/ITestClass;[Lorg/testng/ITestNGMethod;[Lorg/testng/ITestNGMethod;Lorg/testng/internal/ConfigurationGroupMethods;)Lorg/testng/ITestResult;+280
j  org.testng.internal.Invoker.invokeTestMethod([Ljava/lang/Object;Lorg/testng/ITestNGMethod;[Ljava/lang/Object;ILorg/testng/xml/XmlSuite;Ljava/util/Map;Lorg/testng/ITestClass;[Lorg/testng/ITestNGMethod;[Lorg/testng/ITestNGMethod;Lorg/testng/internal/ConfigurationGroupMethods;)Ljava/util/List;+46
j  org.testng.internal.Invoker.invokeTestMethods(Lorg/testng/ITestNGMethod;[Lorg/testng/ITestNGMethod;ILorg/testng/xml/XmlSuite;Ljava/util/Map;Lorg/testng/internal/ConfigurationGroupMethods;[Ljava/lang/Object;Lorg/testng/ITestContext;)Ljava/util/List;+705
j  org.testng.internal.TestMethodWorker.invokeTestMethods(Lorg/testng/ITestNGMethod;[Ljava/lang/Object;Lorg/testng/ITestContext;)V+32
j  org.testng.internal.TestMethodWorker.run()V+60
j  org.testng.TestRunner.privateRun(Lorg/testng/xml/XmlTest;)V+349
j  org.testng.TestRunner.run()V+26
j  org.testng.SuiteRunner.runTest(Lorg/testng/TestRunner;)V+1
j  org.testng.SuiteRunner.runSequentially()V+31
j  org.testng.SuiteRunner.privateRun()V+281
j  org.testng.SuiteRunner.run()V+6
j  org.testng.SuiteRunnerWorker.runSuite(Lorg/testng/internal/SuiteRunnerMap;Lorg/testng/xml/XmlSuite;)V+96
j  org.testng.SuiteRunnerWorker.run()V+12
j  org.testng.TestNG.runSuitesSequentially(Lorg/testng/xml/XmlSuite;Lorg/testng/internal/SuiteRunnerMap;ILjava/lang/String;)V+66
j  org.testng.TestNG.runSuitesLocally()Ljava/util/List;+117
j  org.testng.TestNG.run()V+77
j  org.testng.remote.AbstractRemoteTestNG.run()V+163
j  org.testng.remote.RemoteTestNG.initAndRun(Lorg/testng/remote/IRemoteTestNG;[Ljava/lang/String;Lorg/testng/CommandLineArgs;Lorg/testng/remote/RemoteArgs;)V+184
j  org.testng.remote.RemoteTestNG.main([Ljava/lang/String;)V+218
v  ~StubRoutines::call_stub

---------------  P R O C E S S  ---------------

Java Threads: ( => current thread )
  0x00007effbd22b800 JavaThread "http-nio-auto-1-44472-AsyncTimeout" daemon [_thread_blocked, id=9653, stack(0x00007effa0e87000,0x00007effa0f88000)]
  0x00007effbd229800 JavaThread "http-nio-auto-1-Acceptor-0" daemon [_thread_in_native, id=9652, stack(0x00007effa0f88000,0x00007effa1089000)]
  0x00007effbd227000 JavaThread "http-nio-auto-1-ClientPoller-1" daemon [_thread_in_native, id=9651, stack(0x00007effa1089000,0x00007effa118a000)]
  0x00007effbd225800 JavaThread "http-nio-auto-1-ClientPoller-0" daemon [_thread_in_native, id=9650, stack(0x00007effa118a000,0x00007effa128b000)]
  0x00007effbd222800 JavaThread "NioBlockingSelector.BlockPoller-1" daemon [_thread_in_native, id=9649, stack(0x00007effa128b000,0x00007effa138c000)]
  0x00007effbc9e4000 JavaThread "Tomcat JDBC Pool Cleaner[865113938:1485257917345]" daemon [_thread_blocked, id=9647, stack(0x00007effa2014000,0x00007effa2115000)]
  0x00007effbce81000 JavaThread "container-0" [_thread_blocked, id=9646, stack(0x00007effa2315000,0x00007effa2416000)]
  0x00007effbce7e000 JavaThread "ContainerBackgroundProcessor[StandardEngine[Tomcat]]" daemon [_thread_blocked, id=9645, stack(0x00007effa284e000,0x00007effa294f000)]
  0x00007eff5c1d2000 JavaThread "localhost-startStop-1" daemon [_thread_blocked, id=9640, stack(0x00007effa2b4f000,0x00007effa2c50000)]
  0x00007effbd325800 JavaThread "Tomcat-startStop-1" daemon [_thread_blocked, id=9639, stack(0x00007effa36f6000,0x00007effa37f7000)]
  0x00007effbc4d1000 JavaThread "ReaderThread" [_thread_in_native, id=9637, stack(0x00007effa803e000,0x00007effa813f000)]
  0x00007effbc0c7000 JavaThread "Service Thread" daemon [_thread_blocked, id=9634, stack(0x00007effa86f3000,0x00007effa87f4000)]
  0x00007effbc0c4000 JavaThread "C1 CompilerThread2" daemon [_thread_blocked, id=9633, stack(0x00007effa87f4000,0x00007effa88f5000)]
  0x00007effbc0c2000 JavaThread "C2 CompilerThread1" daemon [_thread_in_native, id=9632, stack(0x00007effa88f5000,0x00007effa89f6000)]
  0x00007effbc0bf000 JavaThread "C2 CompilerThread0" daemon [_thread_in_native, id=9631, stack(0x00007effa89f6000,0x00007effa8af7000)]
  0x00007effbc0be000 JavaThread "Signal Dispatcher" daemon [_thread_blocked, id=9630, stack(0x00007effa8af7000,0x00007effa8bf8000)]
  0x00007effbc08a000 JavaThread "Finalizer" daemon [_thread_blocked, id=9629, stack(0x00007effa92db000,0x00007effa93dc000)]
  0x00007effbc085800 JavaThread "Reference Handler" daemon [_thread_blocked, id=9628, stack(0x00007effa93dc000,0x00007effa94dd000)]
=>0x00007effbc010000 JavaThread "main" [_thread_in_vm, id=9622, stack(0x00007effc2bd2000,0x00007effc2cd3000)]

Other Threads:
  0x00007effbc07e000 VMThread [stack: 0x00007effa94dd000,0x00007effa95de000] [id=9627]
  0x00007effbc0ca000 WatcherThread [stack: 0x00007effa85f2000,0x00007effa86f3000] [id=9635]

VM state:not at safepoint (normal execution)

VM Mutex/Monitor currently owned by a thread: None

Heap:
 PSYoungGen      total 541696K, used 203533K [0x000000076ab00000, 0x000000078fd80000, 0x00000007c0000000)
  eden space 498176K, 40% used [0x000000076ab00000,0x00000007771c3650,0x0000000789180000)
  from space 43520K, 0% used [0x0000000789180000,0x0000000789180000,0x000000078bc00000)
  to   space 43520K, 0% used [0x000000078d300000,0x000000078d300000,0x000000078fd80000)
 ParOldGen       total 699392K, used 22845K [0x00000006c0000000, 0x00000006eab00000, 0x000000076ab00000)
  object space 699392K, 3% used [0x00000006c0000000,0x00000006c164f500,0x00000006eab00000)
 Metaspace       used 45079K, capacity 45436K, committed 45824K, reserved 1089536K
  class space    used 5900K, capacity 6029K, committed 6144K, reserved 1048576K

Card table byte_map: [0x00007effac019000,0x00007effac81a000] byte_map_base: 0x00007effa8a19000

Marking Bits: (ParMarkBitMap*) 0x00007effc20aec80
 Begin Bits: [0x00007eff8c000000, 0x00007eff90000000)
 End Bits:   [0x00007eff90000000, 0x00007eff94000000)

Polling page: 0x00007effc2cf8000

CodeCache: size=245760Kb used=13114Kb max_used=13222Kb free=232645Kb
 bounds [0x00007effacbda000, 0x00007effad8ea000, 0x00007effbbbda000]
 total_blobs=4113 nmethods=3642 adapters=384
 compilation: enabled

Compilation events (10 events):
Event: 9.440 Thread 0x00007effbc0c4000 4158       3       sun.reflect.ClassFileAssembler::opc_athrow (12 bytes)
Event: 9.441 Thread 0x00007effbc0c4000 nmethod 4158 0x00007effaceea850 code [0x00007effaceea9e0, 0x00007effaceeace8]
Event: 9.441 Thread 0x00007effbc0c4000 4159       3       java.util.Collections$EmptyList::iterator (4 bytes)
Event: 9.441 Thread 0x00007effbc0c4000 nmethod 4159 0x00007effacd78a10 code [0x00007effacd78b80, 0x00007effacd78d30]
Event: 9.442 Thread 0x00007effbc0c4000 4160       1       org.testng.shaded.com.google.gson.reflect.TypeToken::hashCode (5 bytes)
Event: 9.443 Thread 0x00007effbc0c4000 nmethod 4160 0x00007effacd78750 code [0x00007effacd788a0, 0x00007effacd789b0]
Event: 9.444 Thread 0x00007effbc0c4000 4161       3       java.io.BufferedWriter::ensureOpen (18 bytes)
Event: 9.444 Thread 0x00007effbc0c4000 nmethod 4161 0x00007effacd782d0 code [0x00007effacd78440, 0x00007effacd78688]
Event: 9.461 Thread 0x00007effbc0c4000 4162       3       org.hibernate.service.internal.ConcurrentServiceBinding::hashKey (5 bytes)
Event: 9.462 Thread 0x00007effbc0c4000 nmethod 4162 0x00007effad410550 code [0x00007effad4106c0, 0x00007effad410848]

GC Heap History (10 events):
Event: 2.494 GC heap before
{Heap before GC invocations=1 (full 0):
 PSYoungGen      total 305664K, used 183647K [0x000000076ab00000, 0x0000000780000000, 0x00000007c0000000)
  eden space 262144K, 70% used [0x000000076ab00000,0x0000000775e57f38,0x000000077ab00000)
  from space 43520K, 0% used [0x000000077d580000,0x000000077d580000,0x0000000780000000)
  to   space 43520K, 0% used [0x000000077ab00000,0x000000077ab00000,0x000000077d580000)
 ParOldGen       total 699392K, used 0K [0x00000006c0000000, 0x00000006eab00000, 0x000000076ab00000)
  object space 699392K, 0% used [0x00000006c0000000,0x00000006c0000000,0x00000006eab00000)
 Metaspace       used 21013K, capacity 21200K, committed 21296K, reserved 1069056K
  class space    used 2582K, capacity 2640K, committed 2688K, reserved 1048576K
Event: 2.537 GC heap after
Heap after GC invocations=1 (full 0):
 PSYoungGen      total 305664K, used 20934K [0x000000076ab00000, 0x0000000790000000, 0x00000007c0000000)
  eden space 262144K, 0% used [0x000000076ab00000,0x000000076ab00000,0x000000077ab00000)
  from space 43520K, 48% used [0x000000077ab00000,0x000000077bf719b8,0x000000077d580000)
  to   space 43520K, 0% used [0x000000078d580000,0x000000078d580000,0x0000000790000000)
 ParOldGen       total 699392K, used 80K [0x00000006c0000000, 0x00000006eab00000, 0x000000076ab00000)
  object space 699392K, 0% used [0x00000006c0000000,0x00000006c0014010,0x00000006eab00000)
 Metaspace       used 21013K, capacity 21200K, committed 21296K, reserved 1069056K
  class space    used 2582K, capacity 2640K, committed 2688K, reserved 1048576K
}
Event: 2.537 GC heap before
{Heap before GC invocations=2 (full 1):
 PSYoungGen      total 305664K, used 20934K [0x000000076ab00000, 0x0000000790000000, 0x00000007c0000000)
  eden space 262144K, 0% used [0x000000076ab00000,0x000000076ab00000,0x000000077ab00000)
  from space 43520K, 48% used [0x000000077ab00000,0x000000077bf719b8,0x000000077d580000)
  to   space 43520K, 0% used [0x000000078d580000,0x000000078d580000,0x0000000790000000)
 ParOldGen       total 699392K, used 80K [0x00000006c0000000, 0x00000006eab00000, 0x000000076ab00000)
  object space 699392K, 0% used [0x00000006c0000000,0x00000006c0014010,0x00000006eab00000)
 Metaspace       used 21013K, capacity 21200K, committed 21296K, reserved 1069056K
  class space    used 2582K, capacity 2640K, committed 2688K, reserved 1048576K
Event: 2.582 GC heap after
Heap after GC invocations=2 (full 1):
 PSYoungGen      total 305664K, used 0K [0x000000076ab00000, 0x0000000790000000, 0x00000007c0000000)
  eden space 262144K, 0% used [0x000000076ab00000,0x000000076ab00000,0x000000077ab00000)
  from space 43520K, 0% used [0x000000077ab00000,0x000000077ab00000,0x000000077d580000)
  to   space 43520K, 0% used [0x000000078d580000,0x000000078d580000,0x0000000790000000)
 ParOldGen       total 699392K, used 20102K [0x00000006c0000000, 0x00000006eab00000, 0x000000076ab00000)
  object space 699392K, 2% used [0x00000006c0000000,0x00000006c13a18b0,0x00000006eab00000)
 Metaspace       used 21013K, capacity 21200K, committed 21296K, reserved 1069056K
  class space    used 2582K, capacity 2640K, committed 2688K, reserved 1048576K
}
Event: 5.501 GC heap before
{Heap before GC invocations=3 (full 1):
 PSYoungGen      total 305664K, used 262144K [0x000000076ab00000, 0x0000000790000000, 0x00000007c0000000)
  eden space 262144K, 100% used [0x000000076ab00000,0x000000077ab00000,0x000000077ab00000)
  from space 43520K, 0% used [0x000000077ab00000,0x000000077ab00000,0x000000077d580000)
  to   space 43520K, 0% used [0x000000078d580000,0x000000078d580000,0x0000000790000000)
 ParOldGen       total 699392K, used 20102K [0x00000006c0000000, 0x00000006eab00000, 0x000000076ab00000)
  object space 699392K, 2% used [0x00000006c0000000,0x00000006c13a18b0,0x00000006eab00000)
 Metaspace       used 30337K, capacity 30598K, committed 30848K, reserved 1077248K
  class space    used 3768K, capacity 3860K, committed 3968K, reserved 1048576K
Event: 5.526 GC heap after
Heap after GC invocations=3 (full 1):
 PSYoungGen      total 389120K, used 17394K [0x000000076ab00000, 0x000000078e680000, 0x00000007c0000000)
  eden space 371712K, 0% used [0x000000076ab00000,0x000000076ab00000,0x0000000781600000)
  from space 17408K, 99% used [0x000000078d580000,0x000000078e67c8b0,0x000000078e680000)
  to   space 43520K, 0% used [0x0000000789180000,0x0000000789180000,0x000000078bc00000)
 ParOldGen       total 699392K, used 20110K [0x00000006c0000000, 0x00000006eab00000, 0x000000076ab00000)
  object space 699392K, 2% used [0x00000006c0000000,0x00000006c13a38b0,0x00000006eab00000)
 Metaspace       used 30337K, capacity 30598K, committed 30848K, reserved 1077248K
  class space    used 3768K, capacity 3860K, committed 3968K, reserved 1048576K
}
Event: 6.988 GC heap before
{Heap before GC invocations=4 (full 1):
 PSYoungGen      total 389120K, used 128662K [0x000000076ab00000, 0x000000078e680000, 0x00000007c0000000)
  eden space 371712K, 29% used [0x000000076ab00000,0x00000007717a8ff0,0x0000000781600000)
  from space 17408K, 99% used [0x000000078d580000,0x000000078e67c8b0,0x000000078e680000)
  to   space 43520K, 0% used [0x0000000789180000,0x0000000789180000,0x000000078bc00000)
 ParOldGen       total 699392K, used 20110K [0x00000006c0000000, 0x00000006eab00000, 0x000000076ab00000)
  object space 699392K, 2% used [0x00000006c0000000,0x00000006c13a38b0,0x00000006eab00000)
 Metaspace       used 35055K, capacity 35366K, committed 35496K, reserved 1081344K
  class space    used 4504K, capacity 4580K, committed 4608K, reserved 1048576K
Event: 7.004 GC heap after
Heap after GC invocations=4 (full 1):
 PSYoungGen      total 541696K, used 13621K [0x000000076ab00000, 0x000000078fd80000, 0x00000007c0000000)
  eden space 498176K, 0% used [0x000000076ab00000,0x000000076ab00000,0x0000000789180000)
  from space 43520K, 31% used [0x0000000789180000,0x0000000789ecd520,0x000000078bc00000)
  to   space 43520K, 0% used [0x000000078d300000,0x000000078d300000,0x000000078fd80000)
 ParOldGen       total 699392K, used 20118K [0x00000006c0000000, 0x00000006eab00000, 0x000000076ab00000)
  object space 699392K, 2% used [0x00000006c0000000,0x00000006c13a58b0,0x00000006eab00000)
 Metaspace       used 35055K, capacity 35366K, committed 35496K, reserved 1081344K
  class space    used 4504K, capacity 4580K, committed 4608K, reserved 1048576K
}
Event: 7.004 GC heap before
{Heap before GC invocations=5 (full 2):
 PSYoungGen      total 541696K, used 13621K [0x000000076ab00000, 0x000000078fd80000, 0x00000007c0000000)
  eden space 498176K, 0% used [0x000000076ab00000,0x000000076ab00000,0x0000000789180000)
  from space 43520K, 31% used [0x0000000789180000,0x0000000789ecd520,0x000000078bc00000)
  to   space 43520K, 0% used [0x000000078d300000,0x000000078d300000,0x000000078fd80000)
 ParOldGen       total 699392K, used 20118K [0x00000006c0000000, 0x00000006eab00000, 0x000000076ab00000)
  object space 699392K, 2% used [0x00000006c0000000,0x00000006c13a58b0,0x00000006eab00000)
 Metaspace       used 35055K, capacity 35366K, committed 35496K, reserved 1081344K
  class space    used 4504K, capacity 4580K, committed 4608K, reserved 1048576K
Event: 7.090 GC heap after
Heap after GC invocations=5 (full 2):
 PSYoungGen      total 541696K, used 0K [0x000000076ab00000, 0x000000078fd80000, 0x00000007c0000000)
  eden space 498176K, 0% used [0x000000076ab00000,0x000000076ab00000,0x0000000789180000)
  from space 43520K, 0% used [0x0000000789180000,0x0000000789180000,0x000000078bc00000)
  to   space 43520K, 0% used [0x000000078d300000,0x000000078d300000,0x000000078fd80000)
 ParOldGen       total 699392K, used 22845K [0x00000006c0000000, 0x00000006eab00000, 0x000000076ab00000)
  object space 699392K, 3% used [0x00000006c0000000,0x00000006c164f500,0x00000006eab00000)
 Metaspace       used 35055K, capacity 35366K, committed 35496K, reserved 1081344K
  class space    used 4504K, capacity 4580K, committed 4608K, reserved 1048576K
}

Deoptimization events (10 events):
Event: 8.154 Thread 0x00007effbc010000 Uncommon trap: reason=unstable_if action=reinterpret pc=0x00007effad2e5c9c method=java.util.concurrent.ConcurrentHashMap.putVal(Ljava/lang/Object;Ljava/lang/Object;Z)Ljava/lang/Object; @ 331
Event: 8.178 Thread 0x00007effbc010000 Uncommon trap: reason=unstable_if action=reinterpret pc=0x00007effad56d2c0 method=java.util.concurrent.ConcurrentHashMap.get(Ljava/lang/Object;)Ljava/lang/Object; @ 86
Event: 8.263 Thread 0x00007effbc010000 Uncommon trap: reason=null_check action=make_not_entrant pc=0x00007effad6bfcf8 method=org.springframework.util.ClassUtils.isAssignable(Ljava/lang/Class;Ljava/lang/Class;)Z @ 14
Event: 8.516 Thread 0x00007effbc010000 Uncommon trap: reason=bimorphic action=maybe_recompile pc=0x00007effacfddaa0 method=java.util.regex.Pattern$Curly.match(Ljava/util/regex/Matcher;ILjava/lang/CharSequence;)Z @ 19
Event: 8.569 Thread 0x00007effbc010000 Uncommon trap: reason=unstable_if action=reinterpret pc=0x00007effad332320 method=java.util.concurrent.ConcurrentHashMap.transfer([Ljava/util/concurrent/ConcurrentHashMap$Node;[Ljava/util/concurrent/ConcurrentHashMap$Node;)V @ 356
Event: 8.570 Thread 0x00007effbc010000 Uncommon trap: reason=unstable_if action=reinterpret pc=0x00007effacf8282c method=java.util.concurrent.ConcurrentHashMap.transfer([Ljava/util/concurrent/ConcurrentHashMap$Node;[Ljava/util/concurrent/ConcurrentHashMap$Node;)V @ 356
Event: 9.073 Thread 0x00007effbc010000 Uncommon trap: reason=predicate action=maybe_recompile pc=0x00007effad7ecb60 method=org.springframework.core.annotation.AnnotatedElementUtils.searchWithGetSemanticsInAnnotations(Ljava/lang/reflect/AnnotatedElement;Ljava/util/List;Ljava/lang/Class;Ljava/la
Event: 9.276 Thread 0x00007effbc010000 Uncommon trap: reason=unstable_if action=reinterpret pc=0x00007effad5ee4f4 method=org.springframework.util.ConcurrentReferenceHashMap$Segment.clear()V @ 4
Event: 9.417 Thread 0x00007effbc010000 Uncommon trap: reason=bimorphic action=maybe_recompile pc=0x00007effad6517cc method=java.util.Hashtable.get(Ljava/lang/Object;)Ljava/lang/Object; @ 6
Event: 9.418 Thread 0x00007effbc010000 Uncommon trap: reason=bimorphic action=maybe_recompile pc=0x00007effad6517cc method=java.util.Hashtable.get(Ljava/lang/Object;)Ljava/lang/Object; @ 6

Internal exceptions (10 events):
Event: 9.163 Thread 0x00007effbc010000 Exception <a 'java/lang/ClassNotFoundException': org/springframework/boot/autoconfigure/web/WebClientAutoConfigurationCustomizer> (0x0000000774f76968) thrown at [/HUDSON3/workspace/8-2-build-linux-amd64/jdk8u121/8372/hotspot/src/share/vm/classfile/systemD
Event: 9.164 Thread 0x00007effbc010000 Exception <a 'java/lang/ClassNotFoundException': org/springframework/boot/autoconfigure/web/WebClientAutoConfiguration$$EnhancerBySpringCGLIB$$52d5929eCustomizer> (0x0000000774f9a260) thrown at [/HUDSON3/workspace/8-2-build-linux-amd64/jdk8u121/8372/hotsp
Event: 9.165 Thread 0x00007effbc010000 Exception <a 'java/lang/ClassNotFoundException': org/springframework/context/annotation/ConfigurationClassEnhancer$EnhancedConfigurationCustomizer> (0x0000000774fbe598) thrown at [/HUDSON3/workspace/8-2-build-linux-amd64/jdk8u121/8372/hotspot/src/share/vm
Event: 9.428 Thread 0x00007effbc010000 Exception <a 'java/lang/ClassNotFoundException': java/lang/ObjectCustomizer> (0x0000000775efbf68) thrown at [/HUDSON3/workspace/8-2-build-linux-amd64/jdk8u121/8372/hotspot/src/share/vm/classfile/systemDictionary.cpp, line 210]
Event: 9.428 Thread 0x00007effbc010000 Exception <a 'java/lang/ClassNotFoundException': org/springframework/test/context/testng/AbstractTestNGSpringContextTestsCustomizer> (0x0000000775f19cb0) thrown at [/HUDSON3/workspace/8-2-build-linux-amd64/jdk8u121/8372/hotspot/src/share/vm/classfile/syst
Event: 9.429 Thread 0x00007effbc010000 Exception <a 'java/lang/ClassNotFoundException': com/example/crudtest/CRUDTestCustomizer> (0x0000000775f2c878) thrown at [/HUDSON3/workspace/8-2-build-linux-amd64/jdk8u121/8372/hotspot/src/share/vm/classfile/systemDictionary.cpp, line 210]
Event: 9.429 Thread 0x00007effbc010000 Exception <a 'java/lang/ClassNotFoundException': org/testng/IHookableCustomizer> (0x0000000775f3d2a0) thrown at [/HUDSON3/workspace/8-2-build-linux-amd64/jdk8u121/8372/hotspot/src/share/vm/classfile/systemDictionary.cpp, line 210]
Event: 9.430 Thread 0x00007effbc010000 Exception <a 'java/lang/ClassNotFoundException': org/springframework/context/ApplicationContextAwareCustomizer> (0x0000000775f53440) thrown at [/HUDSON3/workspace/8-2-build-linux-amd64/jdk8u121/8372/hotspot/src/share/vm/classfile/systemDictionary.cpp, lin
Event: 9.464 Thread 0x00007effbc010000 Exception <a 'java/lang/ClassNotFoundException': java/lang/ObjectCustomizer> (0x00000007765ba3b0) thrown at [/HUDSON3/workspace/8-2-build-linux-amd64/jdk8u121/8372/hotspot/src/share/vm/classfile/systemDictionary.cpp, line 210]
Event: 9.464 Thread 0x00007effbc010000 Exception <a 'java/lang/ClassNotFoundException': com/example/entity/BookCustomizer> (0x00000007765ccd40) thrown at [/HUDSON3/workspace/8-2-build-linux-amd64/jdk8u121/8372/hotspot/src/share/vm/classfile/systemDictionary.cpp, line 210]

Events (10 events):
Event: 9.469 loading class org/hibernate/engine/jdbc/internal/FormatStyle
Event: 9.469 loading class org/hibernate/engine/jdbc/internal/FormatStyle done
Event: 9.469 loading class org/hibernate/engine/jdbc/internal/Formatter
Event: 9.469 loading class org/hibernate/engine/jdbc/internal/Formatter done
Event: 9.469 loading class org/hibernate/engine/jdbc/internal/BasicFormatterImpl
Event: 9.469 loading class org/hibernate/engine/jdbc/internal/BasicFormatterImpl done
Event: 9.470 loading class org/hibernate/engine/jdbc/internal/DDLFormatterImpl
Event: 9.470 loading class org/hibernate/engine/jdbc/internal/DDLFormatterImpl done
Event: 9.470 loading class org/hibernate/engine/jdbc/internal/FormatStyle$NoFormatImpl
Event: 9.470 loading class org/hibernate/engine/jdbc/internal/FormatStyle$NoFormatImpl done


Dynamic libraries:
00400000-00401000 r-xp 00000000 08:03 3554757                            /usr/lib/jvm/java-8-oracle/bin/java
00600000-00601000 rw-p 00000000 08:03 3554757                            /usr/lib/jvm/java-8-oracle/bin/java
01575000-01596000 rw-p 00000000 00:00 0                                  [heap]
6c0000000-6eab00000 rw-p 00000000 00:00 0 
6eab00000-76ab00000 ---p 00000000 00:00 0 
76ab00000-78fd80000 rw-p 00000000 00:00 0 
78fd80000-7c0000000 ---p 00000000 00:00 0 
7c0000000-7c0600000 rw-p 00000000 00:00 0 
7c0600000-800000000 ---p 00000000 00:00 0 
7eff3c000000-7eff3c021000 rw-p 00000000 00:00 0 
7eff3c021000-7eff40000000 ---p 00000000 00:00 0 
7eff40000000-7eff40021000 rw-p 00000000 00:00 0 
7eff40021000-7eff44000000 ---p 00000000 00:00 0 
7eff44000000-7eff44021000 rw-p 00000000 00:00 0 
7eff44021000-7eff48000000 ---p 00000000 00:00 0 
7eff48000000-7eff48021000 rw-p 00000000 00:00 0 
7eff48021000-7eff4c000000 ---p 00000000 00:00 0 
7eff4c000000-7eff4c021000 rw-p 00000000 00:00 0 
7eff4c021000-7eff50000000 ---p 00000000 00:00 0 
7eff50000000-7eff50021000 rw-p 00000000 00:00 0 
7eff50021000-7eff54000000 ---p 00000000 00:00 0 
7eff54000000-7eff54021000 rw-p 00000000 00:00 0 
7eff54021000-7eff58000000 ---p 00000000 00:00 0 
7eff58000000-7eff58021000 rw-p 00000000 00:00 0 
7eff58021000-7eff5c000000 ---p 00000000 00:00 0 
7eff5c000000-7eff5c1d5000 rw-p 00000000 00:00 0 
7eff5c1d5000-7eff60000000 ---p 00000000 00:00 0 
7eff60000000-7eff600ab000 rw-p 00000000 00:00 0 
7eff600ab000-7eff64000000 ---p 00000000 00:00 0 
7eff64000000-7eff64021000 rw-p 00000000 00:00 0 
7eff64021000-7eff68000000 ---p 00000000 00:00 0 
7eff68000000-7eff68021000 rw-p 00000000 00:00 0 
7eff68021000-7eff6c000000 ---p 00000000 00:00 0 
7eff6c000000-7eff6d236000 rw-p 00000000 00:00 0 
7eff6d236000-7eff70000000 ---p 00000000 00:00 0 
7eff70000000-7eff70021000 rw-p 00000000 00:00 0 
7eff70021000-7eff74000000 ---p 00000000 00:00 0 
7eff74000000-7eff750b8000 rw-p 00000000 00:00 0 
7eff750b8000-7eff78000000 ---p 00000000 00:00 0 
7eff78000000-7eff796c3000 rw-p 00000000 00:00 0 
7eff796c3000-7eff7c000000 ---p 00000000 00:00 0 
7eff7c000000-7eff7c021000 rw-p 00000000 00:00 0 
7eff7c021000-7eff80000000 ---p 00000000 00:00 0 
7eff80000000-7eff80021000 rw-p 00000000 00:00 0 
7eff80021000-7eff84000000 ---p 00000000 00:00 0 
7eff84000000-7eff8405b000 rw-p 00000000 00:00 0 
7eff8405b000-7eff88000000 ---p 00000000 00:00 0 
7eff88000000-7eff88021000 rw-p 00000000 00:00 0 
7eff88021000-7eff8c000000 ---p 00000000 00:00 0 
7eff8c000000-7eff94000000 rw-p 00000000 00:00 0 
7eff94000000-7eff94021000 rw-p 00000000 00:00 0 
7eff94021000-7eff98000000 ---p 00000000 00:00 0 
7eff98000000-7eff98021000 rw-p 00000000 00:00 0 
7eff98021000-7eff9c000000 ---p 00000000 00:00 0 
7eff9c000000-7eff9c021000 rw-p 00000000 00:00 0 
7eff9c021000-7effa0000000 ---p 00000000 00:00 0 
7effa0e87000-7effa0e8a000 ---p 00000000 00:00 0 
7effa0e8a000-7effa0f88000 rw-p 00000000 00:00 0                          [stack:9653]
7effa0f88000-7effa0f8b000 ---p 00000000 00:00 0 
7effa0f8b000-7effa1089000 rw-p 00000000 00:00 0                          [stack:9652]
7effa1089000-7effa108c000 ---p 00000000 00:00 0 
7effa108c000-7effa118a000 rw-p 00000000 00:00 0                          [stack:9651]
7effa118a000-7effa118d000 ---p 00000000 00:00 0 
7effa118d000-7effa128b000 rw-p 00000000 00:00 0                          [stack:9650]
7effa128b000-7effa128e000 ---p 00000000 00:00 0 
7effa128e000-7effa144c000 rw-p 00000000 00:00 0                          [stack:9649]
7effa144c000-7effa158c000 ---p 00000000 00:00 0 
7effa158c000-7effa178c000 rw-p 00000000 00:00 0 
7effa178c000-7effa198c000 rw-p 00000000 00:00 0 
7effa198c000-7effa1b8c000 rw-p 00000000 00:00 0 
7effa1b8c000-7effa1c10000 r-xp 00000000 08:03 5917603                    /tmp/sqlite-3.7.2-libsqlitejdbc.so
7effa1c10000-7effa1e10000 ---p 00084000 08:03 5917603                    /tmp/sqlite-3.7.2-libsqlitejdbc.so
7effa1e10000-7effa1e11000 r--p 00084000 08:03 5917603                    /tmp/sqlite-3.7.2-libsqlitejdbc.so
7effa1e11000-7effa1e14000 rw-p 00085000 08:03 5917603                    /tmp/sqlite-3.7.2-libsqlitejdbc.so
7effa1e14000-7effa2014000 rw-p 00000000 00:00 0 
7effa2014000-7effa2017000 ---p 00000000 00:00 0 
7effa2017000-7effa2315000 rw-p 00000000 00:00 0                          [stack:9647]
7effa2315000-7effa2318000 ---p 00000000 00:00 0 
7effa2318000-7effa2616000 rw-p 00000000 00:00 0                          [stack:9646]
7effa2616000-7effa2816000 rw-p 00000000 00:00 0 
7effa284e000-7effa2851000 ---p 00000000 00:00 0 
7effa2851000-7effa2b4f000 rw-p 00000000 00:00 0                          [stack:9645]
7effa2b4f000-7effa2b52000 ---p 00000000 00:00 0 
7effa2b52000-7effa2e50000 rw-p 00000000 00:00 0                          [stack:9640]
7effa2e50000-7effa2ee5000 r--s 01109000 08:03 3569596                    /usr/lib/jvm/java-8-oracle/jre/lib/ext/jfxrt.jar
7effa2ee5000-7effa30e5000 rw-p 00000000 00:00 0 
7effa30e5000-7effa30f6000 r-xp 00000000 08:03 4870868                    /usr/lib/jvm/java-8-oracle/jre/lib/amd64/libnio.so
7effa30f6000-7effa32f5000 ---p 00011000 08:03 4870868                    /usr/lib/jvm/java-8-oracle/jre/lib/amd64/libnio.so
7effa32f5000-7effa32f6000 rw-p 00010000 08:03 4870868                    /usr/lib/jvm/java-8-oracle/jre/lib/amd64/libnio.so
7effa32f6000-7effa34f6000 rw-p 00000000 00:00 0 
7effa34f6000-7effa36f6000 rw-p 00000000 00:00 0 
7effa36f6000-7effa36f9000 ---p 00000000 00:00 0 
7effa36f9000-7effa37f7000 rw-p 00000000 00:00 0                          [stack:9639]
7effa37f7000-7effa3800000 r-xp 00000000 08:03 4870832                    /usr/lib/jvm/java-8-oracle/jre/lib/amd64/libmanagement.so
7effa3800000-7effa39ff000 ---p 00009000 08:03 4870832                    /usr/lib/jvm/java-8-oracle/jre/lib/amd64/libmanagement.so
7effa39ff000-7effa3a00000 rw-p 00008000 08:03 4870832                    /usr/lib/jvm/java-8-oracle/jre/lib/amd64/libmanagement.so
7effa3a00000-7effa3c00000 rw-p 00000000 00:00 0 
7effa3c00000-7effa3e00000 rw-p 00000000 00:00 0 
7effa3e00000-7effa4000000 rw-p 00000000 00:00 0 
7effa4000000-7effa4021000 rw-p 00000000 00:00 0 
7effa4021000-7effa8000000 ---p 00000000 00:00 0 
7effa8021000-7effa8022000 rw-p 00000000 00:00 0 
7effa8022000-7effa8035000 r--s 00345000 08:03 3569668                    /usr/lib/jvm/java-8-oracle/jre/lib/resources.jar
7effa8035000-7effa803a000 r--s 002f9000 08:03 3569547                    /usr/lib/jvm/java-8-oracle/jre/lib/charsets.jar
7effa803a000-7effa803e000 r--s 0009a000 08:03 3569602                    /usr/lib/jvm/java-8-oracle/jre/lib/jsse.jar
7effa803e000-7effa8041000 ---p 00000000 00:00 0 
7effa8041000-7effa813f000 rw-p 00000000 00:00 0                          [stack:9637]
7effa813f000-7effa8155000 r-xp 00000000 08:03 4870893                    /usr/lib/jvm/java-8-oracle/jre/lib/amd64/libnet.so
7effa8155000-7effa8355000 ---p 00016000 08:03 4870893                    /usr/lib/jvm/java-8-oracle/jre/lib/amd64/libnet.so
7effa8355000-7effa8356000 rw-p 00016000 08:03 4870893                    /usr/lib/jvm/java-8-oracle/jre/lib/amd64/libnet.so
7effa8356000-7effa8357000 r--s 0000c000 08:03 5916924                    /home/sharmila/.gradle/caches/modules-2/files-2.1/org.ow2.asm/asm/5.0.3/dcc2193db20e19e1feca8b1240dbbc4e190824fa/asm-5.0.3.jar
7effa8357000-7effa8361000 r--s 00069000 08:03 5923589                    /home/sharmila/.gradle/caches/modules-2/files-2.1/ch.qos.logback/logback-core/1.1.8/b4d1c3dea91727faf8b3d19cf4b9b972d6c0b89/logback-core-1.1.8.jar
7effa8361000-7effa8363000 r--s 00012000 08:03 5916922                    /home/sharmila/.gradle/caches/modules-2/files-2.1/net.minidev/accessors-smart/1.1/a527213f2fea112a04c9bdf0ec0264e34104cd08/accessors-smart-1.1.jar
7effa8363000-7effa8365000 r--s 00009000 08:03 5923902                    /home/sharmila/.gradle/caches/modules-2/files-2.1/org.apache.tomcat/tomcat-juli/8.5.6/83d2d1e3362ecca504f3bf8ed1bc4cc451754d24/tomcat-juli-8.5.6.jar
7effa8365000-7effa836e000 r--s 0002d000 08:03 5923903                    /home/sharmila/.gradle/caches/modules-2/files-2.1/xml-apis/xml-apis/1.4.01/3789d9fada2d3d458c4ba2de349d48780f381ee3/xml-apis-1.4.01.jar
7effa836e000-7effa8370000 r--s 00004000 08:03 5923588                    /home/sharmila/.gradle/caches/modules-2/files-2.1/org.slf4j/log4j-over-slf4j/1.7.22/a527c37e9ca6c3d19ba298edd4aa344ca751a203/log4j-over-slf4j-1.7.22.jar
7effa8370000-7effa8372000 r--s 00000000 08:03 5923587                    /home/sharmila/.gradle/caches/modules-2/files-2.1/org.slf4j/jul-to-slf4j/1.7.22/b0429e950b3d2bc2c39c1bacafac753edbe3781c/jul-to-slf4j-1.7.22.jar
7effa8372000-7effa8378000 r--s 00045000 08:03 5923585                    /home/sharmila/.gradle/caches/modules-2/files-2.1/ch.qos.logback/logback-classic/1.1.8/e54f49a227611976642f81cf2106b81c1ece8bf5/logback-classic-1.1.8.jar
7effa8378000-7effa8379000 r--s 0000f000 08:03 5916909                    /home/sharmila/.gradle/caches/modules-2/files-2.1/org.json/json/20140107/d1ffca6e2482b002702c6a576166fd685e3370e3/json-20140107.jar
7effa8379000-7effa837b000 r--s 00009000 08:03 5916921                    /home/sharmila/.gradle/caches/modules-2/files-2.1/org.objenesis/objenesis/2.1/87c0ea803b69252868d09308b4618f766f135a96/objenesis-2.1.jar
7effa837b000-7effa837e000 r--s 0001b000 08:03 5916920                    /home/sharmila/.gradle/caches/modules-2/files-2.1/net.minidev/json-smart/2.2.1/5b9e5df7a62d1279b70dc882b041d249c4f0b002/json-smart-2.2.1.jar
7effa837e000-7effa8380000 r--s 00003000 08:03 5923586                    /home/sharmila/.gradle/caches/modules-2/files-2.1/org.slf4j/jcl-over-slf4j/1.7.22/86ceac14535af5a42c8fb0d06d79b925dd3cb263/jcl-over-slf4j-1.7.22.jar
7effa8380000-7effa8382000 r--s 00009000 08:03 5923584                    /home/sharmila/.gradle/caches/modules-2/files-2.1/org.slf4j/slf4j-api/1.7.22/a1c83373863cec7ae8d89dc1c5722d8cb6ec0309/slf4j-api-1.7.22.jar
7effa8382000-7effa838a000 r--s 0003a000 08:03 5923901                    /home/sharmila/.gradle/caches/modules-2/files-2.1/org.springframework/spring-tx/4.3.5.RELEASE/296d8ae21fadc0f115dae7d1e8d5c4f8c7de2c3e/spring-tx-4.3.5.RELEASE.jar
7effa838a000-7effa8394000 r--s 0006b000 08:03 5923900                    /home/sharmila/.gradle/caches/modules-2/files-2.1/org.springframework/spring-orm/4.3.5.RELEASE/64c29d310b69bcc6e1fd5a738fa3629bdedb2d3f/spring-orm-4.3.5.RELEASE.jar
7effa8394000-7effa83a4000 r--s 0009a000 08:03 5923899                    /home/sharmila/.gradle/caches/modules-2/files-2.1/org.springframework.data/spring-data-commons/1.12.6.RELEASE/b6403dcfce33e89613f364d80d653d7540279c47/spring-data-commons-1.12.6.RELEASE.jar
7effa83a4000-7effa83ae000 r--s 0005f000 08:03 5923898                    /home/sharmila/.gradle/caches/modules-2/files-2.1/org.springframework/spring-jdbc/4.3.5.RELEASE/7c09e38b6f6e0b178973dea06bb8fdc6d19aa596/spring-jdbc-4.3.5.RELEASE.jar
7effa83ae000-7effa83b1000 r--s 00020000 08:03 5923897                    /home/sharmila/.gradle/caches/modules-2/files-2.1/org.apache.tomcat/tomcat-jdbc/8.5.6/feb10a9e22f70565c7556f327b0481dba8587bbc/tomcat-jdbc-8.5.6.jar
7effa83b1000-7effa83ca000 r--s 001af000 08:03 5923896                    /home/sharmila/.gradle/caches/modules-2/files-2.1/org.aspectj/aspectjweaver/1.8.9/db28774f477f07220eac18d5ec9c4e01f48589d7/aspectjweaver-1.8.9.jar
7effa83ca000-7effa83cd000 r--s 00010000 08:03 5923833                    /home/sharmila/.gradle/caches/modules-2/files-2.1/org.hibernate.common/hibernate-commons-annotations/5.0.1.Final/71e1cff3fcb20d3b3af4f3363c3ddb24d33c6879/hibernate-commons-annotations-5.0.1.Final.jar
7effa83cd000-7effa83d2000 r--s 00048000 08:03 5923832                    /home/sharmila/.gradle/caches/modules-2/files-2.1/dom4j/dom4j/1.6.1/5d3ccc056b6f056dbf0dddfdf43894b9065a8f94/dom4j-1.6.1.jar
7effa83d2000-7effa83d5000 r--s 0002b000 08:03 5923433                    /home/sharmila/.gradle/caches/modules-2/files-2.1/org.jboss/jandex/2.0.0.Final/3e899258936f94649c777193e1be846387ed54b3/jandex-2.0.0.Final.jar
7effa83d5000-7effa83d6000 r--s 00003000 08:03 5923830                    /home/sharmila/.gradle/caches/modules-2/files-2.1/org.apache.geronimo.specs/geronimo-jta_1.1_spec/1.1.1/aabab3165b8ea936b9360abbf448459c0d04a5a4/geronimo-jta_1.1_spec-1.1.1.jar
7effa83d6000-7effa83db000 r--s 00068000 08:03 5923829                    /home/sharmila/.gradle/caches/modules-2/files-2.1/antlr/antlr/2.7.7/83cd2cd674a217ade95a4bb83a8a14f351f48bd0/antlr-2.7.7.jar
7effa83db000-7effa83e0000 r--s 0003c000 08:03 5923583                    /home/sharmila/.gradle/caches/modules-2/files-2.1/org.springframework/spring-expression/4.3.5.RELEASE/3689dc6c5b942ecde4122eac889ed87977d6f287/spring-expression-4.3.5.RELEASE.jar
7effa83e0000-7effa83fa000 r--s 000fc000 08:03 5923582                    /home/sharmila/.gradle/caches/modules-2/files-2.1/org.springframework/spring-context/4.3.5.RELEASE/ca3391c0e17d0138335ba51b51371661d20d56a8/spring-context-4.3.5.RELEASE.jar
7effa83fa000-7effa8407000 r--s 000ad000 08:03 5923581                    /home/sharmila/.gradle/caches/modules-2/files-2.1/org.springframework/spring-beans/4.3.5.RELEASE/e12bbc3277da28e2e2608a187f83091dc6c300bf/spring-beans-4.3.5.RELEASE.jar
7effa8407000-7effa8410000 r--s 00054000 08:03 5923580                    /home/sharmila/.gradle/caches/modules-2/files-2.1/org.springframework/spring-aop/4.3.5.RELEASE/4f113218af716bd8d174c411f19b26418b5a70f6/spring-aop-4.3.5.RELEASE.jar
7effa8410000-7effa8414000 r--s 00041000 08:03 5923579                    /home/sharmila/.gradle/caches/modules-2/files-2.1/com.fasterxml.jackson.core/jackson-core/2.8.5/60d059f5d2930ccd1ef03535b713fd9f933d1ba7/jackson-core-2.8.5.jar
7effa8414000-7effa8417000 r--s 0000b000 08:03 5923578                    /home/sharmila/.gradle/caches/modules-2/files-2.1/com.fasterxml.jackson.core/jackson-annotations/2.8.5/9d82ff47bc2c2d3b5b6a6618fe636782bbcd5b07/jackson-annotations-2.8.5.jar
7effa8417000-7effa8419000 r--s 0000e000 08:03 5917543                    /home/sharmila/.gradle/caches/modules-2/files-2.1/com.fasterxml/classmate/1.3.3/864c8e370a691e343210cc7c532fc198cee460d8/classmate-1.3.3.jar
7effa8419000-7effa841d000 r--s 0000c000 08:03 5916766                    /home/sharmila/.gradle/caches/modules-2/files-2.1/javax.validation/validation-api/1.1.0.Final/8613ae82954779d518631e05daa73a6a954817d5/validation-api-1.1.0.Final.jar
7effa841d000-7effa8422000 r--s 00036000 08:03 5917542                    /home/sharmila/.gradle/caches/modules-2/files-2.1/org.apache.tomcat.embed/tomcat-embed-websocket/8.5.6/6f6940a216b380ea8506530c374fcfeef820ba54/tomcat-embed-websocket-8.5.6.jar
7effa8422000-7effa8423000 r--s 00000000 08:03 5923577                    /home/sharmila/.gradle/caches/modules-2/files-2.1/org.springframework.boot/spring-boot-starter-logging/1.4.3.RELEASE/1c58783c0694abf695babfd39829922d2d501ec2/spring-boot-starter-logging-1.4.3.RELEASE.jar
7effa8423000-7effa8441000 r--s 000d0000 08:03 5923576                    /home/sharmila/.gradle/caches/modules-2/files-2.1/org.springframework.boot/spring-boot-autoconfigure/1.4.3.RELEASE/41df1bfbdd4ae4e8499ebe1a4bc613bda316d6e1/spring-boot-autoconfigure-1.4.3.RELEASE.jar
7effa8441000-7effa8451000 r--s 00092000 08:03 5923575                    /home/sharmila/.gradle/caches/modules-2/files-2.1/org.springframework.boot/spring-boot/1.4.3.RELEASE/17f94def4460075afdfba6bf8f897cd1fc95bf77/spring-boot-1.4.3.RELEASE.jar
7effa8451000-7effa8460000 r--s 00084000 08:03 5923574                    /home/sharmila/.gradle/caches/modules-2/files-2.1/org.springframework/spring-test/4.3.5.RELEASE/a1965127e07b469d8e5bb3d2b0ff850423b66be4/spring-test-4.3.5.RELEASE.jar
7effa8460000-7effa8476000 r--s 000fa000 08:03 5923530                    /home/sharmila/.gradle/caches/modules-2/files-2.1/org.springframework/spring-core/4.3.5.RELEASE/80299e3f80e8c6d5c076db2ba6adf44a4b52f578/spring-core-4.3.5.RELEASE.jar
7effa8476000-7effa8477000 r--s 00006000 08:03 5916915                    /home/sharmila/.gradle/caches/modules-2/files-2.1/org.skyscreamer/jsonassert/1.3.0/d5c250eb122496866de36dc84f98e2945845ecdd/jsonassert-1.3.0.jar
7effa8477000-7effa8478000 r--s 0000c000 08:03 5916912                    /home/sharmila/.gradle/caches/modules-2/files-2.1/org.hamcrest/hamcrest-library/1.3/4785a3c21320980282f9f33d0d1264a69040538f/hamcrest-library-1.3.jar
7effa8478000-7effa847a000 r--s 00009000 08:03 5913472                    /home/sharmila/.gradle/caches/modules-2/files-2.1/org.hamcrest/hamcrest-core/1.3/42a25dc3219429f0e5d060061f71acb49bf010a0/hamcrest-core-1.3.jar
7effa847a000-7effa8496000 r--s 00103000 08:03 5916914                    /home/sharmila/.gradle/caches/modules-2/files-2.1/org.mockito/mockito-core/1.10.19/e8546f5bef4e061d8dd73895b4e8f40e3fe6effe/mockito-core-1.10.19.jar
7effa8496000-7effa84a9000 r--s 000d2000 08:03 5916913                    /home/sharmila/.gradle/caches/modules-2/files-2.1/org.assertj/assertj-core/2.5.0/fcd21db4c5f33e5dcac69bf1816415fe0647582f/assertj-core-2.5.0.jar
7effa84a9000-7effa84ae000 r--s 0002e000 08:03 5916911                    /home/sharmila/.gradle/caches/modules-2/files-2.1/com.jayway.jsonpath/json-path/2.2.0/22290d17944bd239fabf5ac69005a60a7ecbbbcb/json-path-2.2.0.jar
7effa84ae000-7effa84b3000 r--s 00017000 08:03 5923573                    /home/sharmila/.gradle/caches/modules-2/files-2.1/org.springframework.boot/spring-boot-test-autoconfigure/1.4.3.RELEASE/1a7587605e981a58104a501ab1896e2eb7a76686/spring-boot-test-autoconfigure-1.4.3.RELEASE.jar
7effa84b3000-7effa84b8000 r--s 00021000 08:03 5923572                    /home/sharmila/.gradle/caches/modules-2/files-2.1/org.springframework.boot/spring-boot-test/1.4.3.RELEASE/2d76638f0f13b33859bf3b927c232ff0f8a4ffbf/spring-boot-test-1.4.3.RELEASE.jar
7effa84b8000-7effa84be000 r--s 0003d000 08:03 5916762                    /home/sharmila/.gradle/caches/modules-2/files-2.1/org.yaml/snakeyaml/1.17/7a27ea250c5130b2922b86dea63cbb1cc10a660c/snakeyaml-1.17.jar
7effa84be000-7effa84c0000 r--s 00006000 08:03 5923638                    /home/sharmila/.gradle/caches/modules-2/files-2.1/com.beust/jcommander/1.12/7409692b48022f9eca7445861defbcdb9ee3c2a8/jcommander-1.12.jar
7effa84c0000-7effa84c5000 r--s 00040000 08:03 5923637                    /home/sharmila/.gradle/caches/modules-2/files-2.1/org.beanshell/bsh/2.0b4/a05f0a0feefa8d8467ac80e16e7de071489f0d9c/bsh-2.0b4.jar
7effa84c5000-7effa84cd000 r--s 00045000 08:03 5913471                    /home/sharmila/.gradle/caches/modules-2/files-2.1/junit/junit/4.12/2973d150c0dc1fefe998f834810d68f278ea58ec/junit-4.12.jar
7effa84cd000-7effa84d0000 r--s 0000c000 08:03 5923895                    /home/sharmila/.gradle/caches/modules-2/files-2.1/org.springframework/spring-aspects/4.3.5.RELEASE/8c00c15865a1da0a1ba143a50622a8436a56e097/spring-aspects-4.3.5.RELEASE.jar
7effa84d0000-7effa84d6000 r--s 0003f000 08:03 5923894                    /home/sharmila/.gradle/caches/modules-2/files-2.1/org.springframework.data/spring-data-jpa/1.10.6.RELEASE/5d478860b24a493845248c1c336c33a657567bd3/spring-data-jpa-1.10.6.RELEASE.jar
7effa84d6000-7effa84d8000 r--s 00006000 08:03 5923893                    /home/sharmila/.gradle/caches/modules-2/files-2.1/javax.transaction/javax.transaction-api/1.2/d81aff979d603edd90dcd8db2abc1f4ce6479e3e/javax.transaction-api-1.2.jar
7effa84d8000-7effa84e5000 r--s 00089000 08:03 5923892                    /home/sharmila/.gradle/caches/modules-2/files-2.1/org.hibernate/hibernate-entitymanager/5.0.11.Final/549565caed4e0bcb816843693e66ff7b04ce025f/hibernate-entitymanager-5.0.11.Final.jar
7effa84e5000-7effa84e6000 r--s 00000000 08:03 5923891                    /home/sharmila/.gradle/caches/modules-2/files-2.1/org.springframework.boot/spring-boot-starter-jdbc/1.4.3.RELEASE/7ce66cf27ea731189248be7af2ab84ba189e1151/spring-boot-starter-jdbc-1.4.3.RELEASE.jar
7effa84e6000-7effa84e7000 r--s 00000000 08:03 5923890                    /home/sharmila/.gradle/caches/modules-2/files-2.1/org.springframework.boot/spring-boot-starter-aop/1.4.3.RELEASE/30b11b6455bed446d3b4a1a49fab529b2cfac454/spring-boot-starter-aop-1.4.3.RELEASE.jar
7effa84e7000-7effa84f1000 r--s 000ae000 08:03 5916958                    /home/sharmila/.gradle/caches/modules-2/files-2.1/org.javassist/javassist/3.20.0-GA/a9cbcdfb7e9f86fbc74d3afae65f2248bfbf82a0/javassist-3.20.0-GA.jar
7effa84f1000-7effa84f6000 r--s 00017000 08:03 5923828                    /home/sharmila/.gradle/caches/modules-2/files-2.1/org.hibernate.javax.persistence/hibernate-jpa-2.1-api/1.0.0.Final/5e731d961297e5a07290bfaf3db1fbc8bbbf405a/hibernate-jpa-2.1-api-1.0.0.Final.jar
7effa84f6000-7effa855f000 r--s 004f3000 08:03 5923432                    /home/sharmila/.gradle/caches/modules-2/files-2.1/org.hibernate/hibernate-core/5.0.11.Final/c2487fb72a2217a7cec9ab478d4c21a36fc09977/hibernate-core-5.0.11.Final.jar
7effa855f000-7effa8561000 r--s 0000f000 08:03 5916917                    /home/sharmila/.gradle/caches/modules-2/files-2.1/org.jboss.logging/jboss-logging/3.3.0.Final/3616bb87707910296e2c195dc016287080bba5af/jboss-logging-3.3.0.Final.jar
7effa8561000-7effa8574000 r--s 00236000 08:03 5916949                    /home/sharmila/.gradle/caches/modules-2/files-2.1/org.eclipse.jdt.core.compiler/ecj/4.5.1/bee1367ac12fb6a20b422ff8711ebeb4f0a42316/ecj-4.5.1.jar
7effa8574000-7effa8579000 r--s 00036000 08:03 5917541                    /home/sharmila/.gradle/caches/modules-2/files-2.1/org.apache.tomcat.embed/tomcat-embed-el/8.5.6/a102298d8dc72f4065533d5962953d753b172602/tomcat-embed-el-8.5.6.jar
7effa8579000-7effa85a2000 r--s 002b2000 08:03 5917540                    /home/sharmila/.gradle/caches/modules-2/files-2.1/org.apache.tomcat.embed/tomcat-embed-core/8.5.6/960834b5abc6b2135250487abf6c060a0fa5a22e/tomcat-embed-core-8.5.6.jar
7effa85a2000-7effa85b3000 r--s 000cf000 08:03 5923571                    /home/sharmila/.gradle/caches/modules-2/files-2.1/org.springframework/spring-webmvc/4.3.5.RELEASE/c624659217edab07d8279fb0f90462136f089220/spring-webmvc-4.3.5.RELEASE.jar
7effa85b3000-7effa85c5000 r--s 000b6000 08:03 5923570                    /home/sharmila/.gradle/caches/modules-2/files-2.1/org.springframework/spring-web/4.3.5.RELEASE/6641daccf2fddafc8358144f3a4f999130fdf144/spring-web-4.3.5.RELEASE.jar
7effa85c5000-7effa85d6000 r--s 0011d000 08:03 5923569                    /home/sharmila/.gradle/caches/modules-2/files-2.1/com.fasterxml.jackson.core/jackson-databind/2.8.5/b3035f37e674c04dafe36a660c3815cc59f764e2/jackson-databind-2.8.5.jar
7effa85d6000-7effa85e6000 r--s 0009c000 08:03 5916756                    /home/sharmila/.gradle/caches/modules-2/files-2.1/org.hibernate/hibernate-validator/5.2.4.Final/fb18766b576aa6632bcfe9a20a023cbd52bf9769/hibernate-validator-5.2.4.Final.jar
7effa85e6000-7effa85f2000 r--s 000a4000 08:03 5923636                    /home/sharmila/.gradle/caches/modules-2/files-2.1/org.testng/testng/6.5.2/5069d2e72356ed87645c5fc3622b0bbb5e0667c9/testng-6.5.2.jar
7effa85f2000-7effa85f3000 ---p 00000000 00:00 0 
7effa85f3000-7effa86f3000 rw-p 00000000 00:00 0                          [stack:9635]
7effa86f3000-7effa86f6000 ---p 00000000 00:00 0 
7effa86f6000-7effa87f4000 rw-p 00000000 00:00 0                          [stack:9634]
7effa87f4000-7effa87f7000 ---p 00000000 00:00 0 
7effa87f7000-7effa88f5000 rw-p 00000000 00:00 0                          [stack:9633]
7effa88f5000-7effa88f8000 ---p 00000000 00:00 0 
7effa88f8000-7effa89f6000 rw-p 00000000 00:00 0                          [stack:9632]
7effa89f6000-7effa89f9000 ---p 00000000 00:00 0 
7effa89f9000-7effa8af7000 rw-p 00000000 00:00 0                          [stack:9631]
7effa8af7000-7effa8afa000 ---p 00000000 00:00 0 
7effa8afa000-7effa8bf8000 rw-p 00000000 00:00 0                          [stack:9630]
7effa8bf8000-7effa92db000 r--p 00000000 08:03 3152909                    /usr/lib/locale/locale-archive
7effa92db000-7effa92de000 ---p 00000000 00:00 0 
7effa92de000-7effa93dc000 rw-p 00000000 00:00 0                          [stack:9629]
7effa93dc000-7effa93df000 ---p 00000000 00:00 0 
7effa93df000-7effa94dd000 rw-p 00000000 00:00 0                          [stack:9628]
7effa94dd000-7effa94de000 ---p 00000000 00:00 0 
7effa94de000-7effaa571000 rw-p 00000000 00:00 0                          [stack:9627]
7effaa571000-7effaa74a000 r--s 03d3e000 08:03 3569606                    /usr/lib/jvm/java-8-oracle/jre/lib/rt.jar
7effaa74a000-7effab7c0000 rw-p 00000000 00:00 0 
7effab7c0000-7effab7c1000 ---p 00000000 00:00 0 
7effab7c1000-7effab8c1000 rw-p 00000000 00:00 0                          [stack:9626]
7effab8c1000-7effab8c2000 ---p 00000000 00:00 0 
7effab8c2000-7effab9c2000 rw-p 00000000 00:00 0                          [stack:9625]
7effab9c2000-7effab9c3000 ---p 00000000 00:00 0 
7effab9c3000-7effabc19000 rw-p 00000000 00:00 0                          [stack:9624]
7effabc19000-7effac019000 ---p 00000000 00:00 0 
7effac019000-7effac16f000 rw-p 00000000 00:00 0 
7effac16f000-7effac56e000 ---p 00000000 00:00 0 
7effac56e000-7effac698000 rw-p 00000000 00:00 0 
7effac698000-7effac819000 ---p 00000000 00:00 0 
7effac819000-7effac84f000 rw-p 00000000 00:00 0 
7effac84f000-7effacbda000 ---p 00000000 00:00 0 
7effacbda000-7effad8ea000 rwxp 00000000 00:00 0 
7effad8ea000-7effbbbda000 ---p 00000000 00:00 0 
7effbbbda000-7effbbbf4000 r-xp 00000000 08:03 4870864                    /usr/lib/jvm/java-8-oracle/jre/lib/amd64/libzip.so
7effbbbf4000-7effbbdf4000 ---p 0001a000 08:03 4870864                    /usr/lib/jvm/java-8-oracle/jre/lib/amd64/libzip.so
7effbbdf4000-7effbbdf5000 rw-p 0001a000 08:03 4870864                    /usr/lib/jvm/java-8-oracle/jre/lib/amd64/libzip.so
7effbbdf5000-7effbbdff000 r-xp 00000000 08:03 4070135                    /lib/x86_64-linux-gnu/libnss_files-2.19.so
7effbbdff000-7effbbffe000 ---p 0000a000 08:03 4070135                    /lib/x86_64-linux-gnu/libnss_files-2.19.so
7effbbffe000-7effbbfff000 r--p 00009000 08:03 4070135                    /lib/x86_64-linux-gnu/libnss_files-2.19.so
7effbbfff000-7effbc000000 rw-p 0000a000 08:03 4070135                    /lib/x86_64-linux-gnu/libnss_files-2.19.so
7effbc000000-7effbd5e8000 rw-p 00000000 00:00 0 
7effbd5e8000-7effc0000000 ---p 00000000 00:00 0 
7effc0000000-7effc0001000 r--s 00000000 08:03 5923568                    /home/sharmila/.gradle/caches/modules-2/files-2.1/org.springframework.boot/spring-boot-starter-tomcat/1.4.3.RELEASE/61c48035a7a3b06b42fdd07b7109e562077b3792/spring-boot-starter-tomcat-1.4.3.RELEASE.jar
7effc0001000-7effc0071000 rw-p 00000000 00:00 0 
7effc0071000-7effc0072000 ---p 00000000 00:00 0 
7effc0072000-7effc0172000 rw-p 00000000 00:00 0                          [stack:9623]
7effc0172000-7effc017d000 r-xp 00000000 08:03 4070127                    /lib/x86_64-linux-gnu/libnss_nis-2.19.so
7effc017d000-7effc037c000 ---p 0000b000 08:03 4070127                    /lib/x86_64-linux-gnu/libnss_nis-2.19.so
7effc037c000-7effc037d000 r--p 0000a000 08:03 4070127                    /lib/x86_64-linux-gnu/libnss_nis-2.19.so
7effc037d000-7effc037e000 rw-p 0000b000 08:03 4070127                    /lib/x86_64-linux-gnu/libnss_nis-2.19.so
7effc037e000-7effc0395000 r-xp 00000000 08:03 4070123                    /lib/x86_64-linux-gnu/libnsl-2.19.so
7effc0395000-7effc0594000 ---p 00017000 08:03 4070123                    /lib/x86_64-linux-gnu/libnsl-2.19.so
7effc0594000-7effc0595000 r--p 00016000 08:03 4070123                    /lib/x86_64-linux-gnu/libnsl-2.19.so
7effc0595000-7effc0596000 rw-p 00017000 08:03 4070123                    /lib/x86_64-linux-gnu/libnsl-2.19.so
7effc0596000-7effc0598000 rw-p 00000000 00:00 0 
7effc0598000-7effc05a1000 r-xp 00000000 08:03 4070122                    /lib/x86_64-linux-gnu/libnss_compat-2.19.so
7effc05a1000-7effc07a0000 ---p 00009000 08:03 4070122                    /lib/x86_64-linux-gnu/libnss_compat-2.19.so
7effc07a0000-7effc07a1000 r--p 00008000 08:03 4070122                    /lib/x86_64-linux-gnu/libnss_compat-2.19.so
7effc07a1000-7effc07a2000 rw-p 00009000 08:03 4070122                    /lib/x86_64-linux-gnu/libnss_compat-2.19.so
7effc07a2000-7effc07cd000 r-xp 00000000 08:03 4870782                    /usr/lib/jvm/java-8-oracle/jre/lib/amd64/libjava.so
7effc07cd000-7effc09cc000 ---p 0002b000 08:03 4870782                    /usr/lib/jvm/java-8-oracle/jre/lib/amd64/libjava.so
7effc09cc000-7effc09ce000 rw-p 0002a000 08:03 4870782                    /usr/lib/jvm/java-8-oracle/jre/lib/amd64/libjava.so
7effc09ce000-7effc09db000 r-xp 00000000 08:03 4870821                    /usr/lib/jvm/java-8-oracle/jre/lib/amd64/libverify.so
7effc09db000-7effc0bda000 ---p 0000d000 08:03 4870821                    /usr/lib/jvm/java-8-oracle/jre/lib/amd64/libverify.so
7effc0bda000-7effc0bdc000 rw-p 0000c000 08:03 4870821                    /usr/lib/jvm/java-8-oracle/jre/lib/amd64/libverify.so
7effc0bdc000-7effc0be3000 r-xp 00000000 08:03 4070131                    /lib/x86_64-linux-gnu/librt-2.19.so
7effc0be3000-7effc0de2000 ---p 00007000 08:03 4070131                    /lib/x86_64-linux-gnu/librt-2.19.so
7effc0de2000-7effc0de3000 r--p 00006000 08:03 4070131                    /lib/x86_64-linux-gnu/librt-2.19.so
7effc0de3000-7effc0de4000 rw-p 00007000 08:03 4070131                    /lib/x86_64-linux-gnu/librt-2.19.so
7effc0de4000-7effc0ee9000 r-xp 00000000 08:03 4070117                    /lib/x86_64-linux-gnu/libm-2.19.so
7effc0ee9000-7effc10e8000 ---p 00105000 08:03 4070117                    /lib/x86_64-linux-gnu/libm-2.19.so
7effc10e8000-7effc10e9000 r--p 00104000 08:03 4070117                    /lib/x86_64-linux-gnu/libm-2.19.so
7effc10e9000-7effc10ea000 rw-p 00105000 08:03 4070117                    /lib/x86_64-linux-gnu/libm-2.19.so
7effc10ea000-7effc1db8000 r-xp 00000000 08:03 5260205                    /usr/lib/jvm/java-8-oracle/jre/lib/amd64/server/libjvm.so
7effc1db8000-7effc1fb8000 ---p 00cce000 08:03 5260205                    /usr/lib/jvm/java-8-oracle/jre/lib/amd64/server/libjvm.so
7effc1fb8000-7effc2091000 rw-p 00cce000 08:03 5260205                    /usr/lib/jvm/java-8-oracle/jre/lib/amd64/server/libjvm.so
7effc2091000-7effc20dc000 rw-p 00000000 00:00 0 
7effc20dc000-7effc2296000 r-xp 00000000 08:03 4070132                    /lib/x86_64-linux-gnu/libc-2.19.so
7effc2296000-7effc2496000 ---p 001ba000 08:03 4070132                    /lib/x86_64-linux-gnu/libc-2.19.so
7effc2496000-7effc249a000 r--p 001ba000 08:03 4070132                    /lib/x86_64-linux-gnu/libc-2.19.so
7effc249a000-7effc249c000 rw-p 001be000 08:03 4070132                    /lib/x86_64-linux-gnu/libc-2.19.so
7effc249c000-7effc24a1000 rw-p 00000000 00:00 0 
7effc24a1000-7effc24a4000 r-xp 00000000 08:03 4070119                    /lib/x86_64-linux-gnu/libdl-2.19.so
7effc24a4000-7effc26a3000 ---p 00003000 08:03 4070119                    /lib/x86_64-linux-gnu/libdl-2.19.so
7effc26a3000-7effc26a4000 r--p 00002000 08:03 4070119                    /lib/x86_64-linux-gnu/libdl-2.19.so
7effc26a4000-7effc26a5000 rw-p 00003000 08:03 4070119                    /lib/x86_64-linux-gnu/libdl-2.19.so
7effc26a5000-7effc26ba000 r-xp 00000000 08:03 3555343                    /usr/lib/jvm/java-8-oracle/lib/amd64/jli/libjli.so
7effc26ba000-7effc28ba000 ---p 00015000 08:03 3555343                    /usr/lib/jvm/java-8-oracle/lib/amd64/jli/libjli.so
7effc28ba000-7effc28bb000 rw-p 00015000 08:03 3555343                    /usr/lib/jvm/java-8-oracle/lib/amd64/jli/libjli.so
7effc28bb000-7effc28d4000 r-xp 00000000 08:03 4070124                    /lib/x86_64-linux-gnu/libpthread-2.19.so
7effc28d4000-7effc2ad3000 ---p 00019000 08:03 4070124                    /lib/x86_64-linux-gnu/libpthread-2.19.so
7effc2ad3000-7effc2ad4000 r--p 00018000 08:03 4070124                    /lib/x86_64-linux-gnu/libpthread-2.19.so
7effc2ad4000-7effc2ad5000 rw-p 00019000 08:03 4070124                    /lib/x86_64-linux-gnu/libpthread-2.19.so
7effc2ad5000-7effc2ad9000 rw-p 00000000 00:00 0 
7effc2ad9000-7effc2afc000 r-xp 00000000 08:03 4070125                    /lib/x86_64-linux-gnu/ld-2.19.so
7effc2afc000-7effc2afd000 r--s 00000000 08:03 5923567                    /home/sharmila/.gradle/caches/modules-2/files-2.1/org.springframework.boot/spring-boot-starter/1.4.3.RELEASE/c99bad104719e947b3f9aa2b7569583805e4c5d5/spring-boot-starter-1.4.3.RELEASE.jar
7effc2afd000-7effc2afe000 r--s 00000000 08:03 5923566                    /home/sharmila/.gradle/caches/modules-2/files-2.1/org.springframework.boot/spring-boot-starter-test/1.4.3.RELEASE/6e9f1dbd3f68299c0183630ef07ca430de160050/spring-boot-starter-test-1.4.3.RELEASE.jar
7effc2afe000-7effc2aff000 r--s 00000000 08:03 5923889                    /home/sharmila/.gradle/caches/modules-2/files-2.1/org.springframework.boot/spring-boot-starter-data-jpa/1.4.3.RELEASE/ffda06c2144d10239014407333c223a237b73ad7/spring-boot-starter-data-jpa-1.4.3.RELEASE.jar
7effc2aff000-7effc2bd2000 rw-p 00000000 00:00 0 
7effc2bd2000-7effc2bd5000 ---p 00000000 00:00 0 
7effc2bd5000-7effc2cd7000 rw-p 00000000 00:00 0                          [stack:9622]
7effc2cd7000-7effc2cd8000 r--s 00003000 08:03 5923431                    /home/sharmila/.gradle/caches/modules-2/files-2.1/org.hibernate/hibernate-gradle-plugin/5.2.3.Final/db2ad8695e48a03a566b74fb5fc07c1732c1f5e5/hibernate-gradle-plugin-5.2.3.Final.jar
7effc2cd8000-7effc2cdd000 r--s 00309000 08:03 5923826                    /home/sharmila/.gradle/caches/modules-2/files-2.1/org.xerial/sqlite-jdbc/3.7.2/7a3d67f00508d3881650579f7f228c61bfc1b196/sqlite-jdbc-3.7.2.jar
7effc2cdd000-7effc2ce6000 r--s 00095000 08:03 5913393                    /home/sharmila/.gradle/caches/modules-2/files-2.1/org.apache.tomcat.embed/tomcat-embed-jasper/9.0.0.M11/e2cd5a7038094195c3163532e01daf051d9265fe/tomcat-embed-jasper-9.0.0.M11.jar
7effc2ce6000-7effc2ce7000 r--s 00000000 08:03 5923565                    /home/sharmila/.gradle/caches/modules-2/files-2.1/org.springframework.boot/spring-boot-starter-web/1.4.3.RELEASE/a0dcc919eda8e8ecb6f13f52a30e6afbb8266103/spring-boot-starter-web-1.4.3.RELEASE.jar
7effc2ce7000-7effc2cef000 r--s 00046000 08:03 3828792                    /home/sharmila/Downloads/IDE/sts 3.6.4/sts-bundle/sts-3.6.4.RELEASE/plugins/org.testng.eclipse_6.10.0.201612030230/lib/testng-remote.jar
7effc2cef000-7effc2cf7000 rw-s 00000000 08:03 5917607                    /tmp/hsperfdata_sharmila/9617
7effc2cf7000-7effc2cf8000 rw-p 00000000 00:00 0 
7effc2cf8000-7effc2cf9000 r--p 00000000 00:00 0 
7effc2cf9000-7effc2cfb000 rw-p 00000000 00:00 0 
7effc2cfb000-7effc2cfc000 r--p 00022000 08:03 4070125                    /lib/x86_64-linux-gnu/ld-2.19.so
7effc2cfc000-7effc2cfd000 rw-p 00023000 08:03 4070125                    /lib/x86_64-linux-gnu/ld-2.19.so
7effc2cfd000-7effc2cfe000 rw-p 00000000 00:00 0 
7ffdf7577000-7ffdf759b000 rw-p 00000000 00:00 0                          [stack]
7ffdf75ca000-7ffdf75cc000 r-xp 00000000 00:00 0                          [vdso]
ffffffffff600000-ffffffffff601000 r-xp 00000000 00:00 0                  [vsyscall]

VM Arguments:
jvm_args: -ea -Xms1024m -Xmx4096m -Dfile.encoding=UTF-8 
java_command: org.testng.remote.RemoteTestNG -serport 37130 -protocol json -d /home/sharmila/Documents/work-office/TestNG_Project/test-output /tmp/testng-eclipse-347074286/testng-customsuite.xml
java_class_path (initial): /home/sharmila/Downloads/IDE/sts 3.6.4/sts-bundle/sts-3.6.4.RELEASE/plugins/org.testng.eclipse_6.10.0.201612030230/lib/testng-remote.jar:/home/sharmila/Documents/work-office/TestNG_Project/bin:/home/sharmila/.gradle/caches/modules-2/files-2.1/org.springframework.boot/spring-boot-starter-web/1.4.3.RELEASE/a0dcc919eda8e8ecb6f13f52a30e6afbb8266103/spring-boot-starter-web-1.4.3.RELEASE.jar:/home/sharmila/.gradle/caches/modules-2/files-2.1/org.apache.tomcat.embed/tomcat-embed-jasper/9.0.0.M11/e2cd5a7038094195c3163532e01daf051d9265fe/tomcat-embed-jasper-9.0.0.M11.jar:/home/sharmila/.gradle/caches/modules-2/files-2.1/org.xerial/sqlite-jdbc/3.7.2/7a3d67f00508d3881650579f7f228c61bfc1b196/sqlite-jdbc-3.7.2.jar:/home/sharmila/.gradle/caches/modules-2/files-2.1/org.hibernate/hibernate-gradle-plugin/5.2.3.Final/db2ad8695e48a03a566b74fb5fc07c1732c1f5e5/hibernate-gradle-plugin-5.2.3.Final.jar:/home/sharmila/.gradle/caches/modules-2/files-2.1/org.springframework.boot/spring-boot-starter-data-jpa/1.4.3.RELEASE/ffda06c2144d10239014407333c223a237b73ad7/spring-boot-starter-data-jpa-1.4.3.RELEASE.jar:/home/sharmila/.gradle/caches/modules-2/files-2.1/org.testng/testng/6.5.2/5069d2e72356ed87645c5fc3622b0bbb5e0667c9/testng-6.5.2.jar:/home/sharmila/.gradle/caches/modules-2/files-2.1/org.springframework.boot/spring-boot-starter-test/1.4.3.RELEASE/6e9f1dbd3f68299c0183630ef07ca430de160050/spring-boot-starter-test-1.4.3.RELEASE.jar:/home/sharmila/.gradle/caches/modules-2/files-2.1/org.springframework.boot/spring-boot-starter/1.4.3.RELEASE/c99bad104719e947b3f9aa2b7569583805e4c5d5/spring-boot-starter-1.4.3.RELEASE.jar:/home/sharmila/.gradle/caches/modules-2/files-2.1/org.springframework.boot/spring-boot-starter-tomcat/1.4.3.RELEASE/61c48035a7a3b06b42fdd07b7109e562077b3792/spring-boot-starter-tomcat-1.4.3.RELEASE.jar:/home/sharmila/.gradle/caches/modules-2/files-2.1/org.hibernate/hibernate-validator/5.2.4.Final/fb18766b576aa6632bcfe9a20a023cbd52bf9769/hibernate-validat
Launcher Type: SUN_STANDARD

Environment Variables:
JAVA_HOME=/usr/lib/jvm/java-8-oracle
PATH=/usr/local/sbin:/usr/local/bin:/usr/sbin:/usr/bin:/sbin:/bin:/usr/games:/usr/local/games:/usr/lib/jvm/java-8-oracle/bin:/usr/lib/jvm/java-8-oracle/db/bin:/usr/lib/jvm/java-8-oracle/jre/bin
SHELL=/bin/bash
DISPLAY=:0.0

Signal Handlers:
SIGSEGV: [libjvm.so+0xac78c0], sa_mask[0]=11111111011111111101111111111110, sa_flags=SA_RESTART|SA_SIGINFO
SIGBUS: [libjvm.so+0xac78c0], sa_mask[0]=11111111011111111101111111111110, sa_flags=SA_RESTART|SA_SIGINFO
SIGFPE: [libjvm.so+0x920ac0], sa_mask[0]=11111111011111111101111111111110, sa_flags=SA_RESTART|SA_SIGINFO
SIGPIPE: [libjvm.so+0x920ac0], sa_mask[0]=11111111011111111101111111111110, sa_flags=SA_RESTART|SA_SIGINFO
SIGXFSZ: [libjvm.so+0x920ac0], sa_mask[0]=11111111011111111101111111111110, sa_flags=SA_RESTART|SA_SIGINFO
SIGILL: [libjvm.so+0x920ac0], sa_mask[0]=11111111011111111101111111111110, sa_flags=SA_RESTART|SA_SIGINFO
SIGUSR1: SIG_DFL, sa_mask[0]=00000000000000000000000000000000, sa_flags=none
SIGUSR2: [libjvm.so+0x922300], sa_mask[0]=00100000000000000000000000000000, sa_flags=SA_RESTART|SA_SIGINFO
SIGHUP: [libjvm.so+0x923700], sa_mask[0]=11111111011111111101111111111110, sa_flags=SA_RESTART|SA_SIGINFO
SIGINT: [libjvm.so+0x923700], sa_mask[0]=11111111011111111101111111111110, sa_flags=SA_RESTART|SA_SIGINFO
SIGTERM: [libjvm.so+0x923700], sa_mask[0]=11111111011111111101111111111110, sa_flags=SA_RESTART|SA_SIGINFO
SIGQUIT: [libjvm.so+0x923700], sa_mask[0]=11111111011111111101111111111110, sa_flags=SA_RESTART|SA_SIGINFO


---------------  S Y S T E M  ---------------

OS:DISTRIB_ID=Ubuntu
DISTRIB_RELEASE=14.04
DISTRIB_CODENAME=trusty
DISTRIB_DESCRIPTION="Ubuntu 14.04.5 LTS"

uname:Linux 3.13.0-107-generic #154-Ubuntu SMP Tue Dec 20 09:57:27 UTC 2016 x86_64
libc:glibc 2.19 NPTL 2.19 
rlimit: STACK 8192k, CORE 0k, NPROC 30712, NOFILE 4096, AS infinity
load average:3.40 1.77 0.86

/proc/meminfo:
MemTotal:        3953548 kB
MemFree:          184328 kB
Buffers:           12100 kB
Cached:           667448 kB
SwapCached:       126436 kB
Active:          2373440 kB
Inactive:        1090868 kB
Active(anon):    2237216 kB
Inactive(anon):   960884 kB
Active(file):     136224 kB
Inactive(file):   129984 kB
Unevictable:         224 kB
Mlocked:             224 kB
SwapTotal:       7999484 kB
SwapFree:        7334500 kB
Dirty:              7112 kB
Writeback:             0 kB
AnonPages:       2681936 kB
Mapped:           366060 kB
Shmem:            413196 kB
Slab:             174408 kB
SReclaimable:     133276 kB
SUnreclaim:        41132 kB
KernelStack:        6216 kB
PageTables:        52904 kB
NFS_Unstable:          0 kB
Bounce:                0 kB
WritebackTmp:          0 kB
CommitLimit:     9976256 kB
Committed_AS:   10020612 kB
VmallocTotal:   34359738367 kB
VmallocUsed:      401000 kB
VmallocChunk:   34359326172 kB
HardwareCorrupted:     0 kB
AnonHugePages:   1216512 kB
HugePages_Total:       0
HugePages_Free:        0
HugePages_Rsvd:        0
HugePages_Surp:        0
Hugepagesize:       2048 kB
DirectMap4k:      104620 kB
DirectMap2M:     3995648 kB
DirectMap1G:           0 kB


CPU:total 4 (2 cores per cpu, 2 threads per core) family 6 model 69 stepping 1, cmov, cx8, fxsr, mmx, sse, sse2, sse3, ssse3, sse4.1, sse4.2, popcnt, avx, avx2, aes, clmul, erms, lzcnt, ht, tsc, tscinvbit, bmi1, bmi2

/proc/cpuinfo:
processor	: 0
vendor_id	: GenuineIntel
cpu family	: 6
model		: 69
model name	: Intel(R) Core(TM) i5-4200U CPU @ 1.60GHz
stepping	: 1
microcode	: 0x17
cpu MHz		: 1600.000
cache size	: 3072 KB
physical id	: 0
siblings	: 4
core id		: 0
cpu cores	: 2
apicid		: 0
initial apicid	: 0
fpu		: yes
fpu_exception	: yes
cpuid level	: 13
wp		: yes
flags		: fpu vme de pse tsc msr pae mce cx8 apic sep mtrr pge mca cmov pat pse36 clflush dts acpi mmx fxsr sse sse2 ss ht tm pbe syscall nx pdpe1gb rdtscp lm constant_tsc arch_perfmon pebs bts rep_good nopl xtopology nonstop_tsc aperfmperf eagerfpu pni pclmulqdq dtes64 monitor ds_cpl vmx est tm2 ssse3 fma cx16 xtpr pdcm pcid sse4_1 sse4_2 movbe popcnt tsc_deadline_timer aes xsave avx f16c rdrand lahf_lm abm ida arat epb xsaveopt pln pts dtherm tpr_shadow vnmi flexpriority ept vpid fsgsbase tsc_adjust bmi1 avx2 smep bmi2 erms invpcid
bogomips	: 4589.41
clflush size	: 64
cache_alignment	: 64
address sizes	: 39 bits physical, 48 bits virtual
power management:

processor	: 1
vendor_id	: GenuineIntel
cpu family	: 6
model		: 69
model name	: Intel(R) Core(TM) i5-4200U CPU @ 1.60GHz
stepping	: 1
microcode	: 0x17
cpu MHz		: 1600.000
cache size	: 3072 KB
physical id	: 0
siblings	: 4
core id		: 0
cpu cores	: 2
apicid		: 1
initial apicid	: 1
fpu		: yes
fpu_exception	: yes
cpuid level	: 13
wp		: yes
flags		: fpu vme de pse tsc msr pae mce cx8 apic sep mtrr pge mca cmov pat pse36 clflush dts acpi mmx fxsr sse sse2 ss ht tm pbe syscall nx pdpe1gb rdtscp lm constant_tsc arch_perfmon pebs bts rep_good nopl xtopology nonstop_tsc aperfmperf eagerfpu pni pclmulqdq dtes64 monitor ds_cpl vmx est tm2 ssse3 fma cx16 xtpr pdcm pcid sse4_1 sse4_2 movbe popcnt tsc_deadline_timer aes xsave avx f16c rdrand lahf_lm abm ida arat epb xsaveopt pln pts dtherm tpr_shadow vnmi flexpriority ept vpid fsgsbase tsc_adjust bmi1 avx2 smep bmi2 erms invpcid
bogomips	: 4589.41
clflush size	: 64
cache_alignment	: 64
address sizes	: 39 bits physical, 48 bits virtual
power management:

processor	: 2
vendor_id	: GenuineIntel
cpu family	: 6
model		: 69
model name	: Intel(R) Core(TM) i5-4200U CPU @ 1.60GHz
stepping	: 1
microcode	: 0x17
cpu MHz		: 1600.000
cache size	: 3072 KB
physical id	: 0
siblings	: 4
core id		: 1
cpu cores	: 2
apicid		: 2
initial apicid	: 2
fpu		: yes
fpu_exception	: yes
cpuid level	: 13
wp		: yes
flags		: fpu vme de pse tsc msr pae mce cx8 apic sep mtrr pge mca cmov pat pse36 clflush dts acpi mmx fxsr sse sse2 ss ht tm pbe syscall nx pdpe1gb rdtscp lm constant_tsc arch_perfmon pebs bts rep_good nopl xtopology nonstop_tsc aperfmperf eagerfpu pni pclmulqdq dtes64 monitor ds_cpl vmx est tm2 ssse3 fma cx16 xtpr pdcm pcid sse4_1 sse4_2 movbe popcnt tsc_deadline_timer aes xsave avx f16c rdrand lahf_lm abm ida arat epb xsaveopt pln pts dtherm tpr_shadow vnmi flexpriority ept vpid fsgsbase tsc_adjust bmi1 avx2 smep bmi2 erms invpcid
bogomips	: 4589.41
clflush size	: 64
cache_alignment	: 64
address sizes	: 39 bits physical, 48 bits virtual
power management:

processor	: 3
vendor_id	: GenuineIntel
cpu family	: 6
model		: 69
model name	: Intel(R) Core(TM) i5-4200U CPU @ 1.60GHz
stepping	: 1
microcode	: 0x17
cpu MHz		: 1500.000
cache size	: 3072 KB
physical id	: 0
siblings	: 4
core id		: 1
cpu cores	: 2
apicid		: 3
initial apicid	: 3
fpu		: yes
fpu_exception	: yes
cpuid level	: 13
wp		: yes
flags		: fpu vme de pse tsc msr pae mce cx8 apic sep mtrr pge mca cmov pat pse36 clflush dts acpi mmx fxsr sse sse2 ss ht tm pbe syscall nx pdpe1gb rdtscp lm constant_tsc arch_perfmon pebs bts rep_good nopl xtopology nonstop_tsc aperfmperf eagerfpu pni pclmulqdq dtes64 monitor ds_cpl vmx est tm2 ssse3 fma cx16 xtpr pdcm pcid sse4_1 sse4_2 movbe popcnt tsc_deadline_timer aes xsave avx f16c rdrand lahf_lm abm ida arat epb xsaveopt pln pts dtherm tpr_shadow vnmi flexpriority ept vpid fsgsbase tsc_adjust bmi1 avx2 smep bmi2 erms invpcid
bogomips	: 4589.41
clflush size	: 64
cache_alignment	: 64
address sizes	: 39 bits physical, 48 bits virtual
power management:



Memory: 4k page, physical 3953548k(184328k free), swap 7999484k(7334500k free)

vm_info: Java HotSpot(TM) 64-Bit Server VM (25.121-b13) for linux-amd64 JRE (1.8.0_121-b13), built on Dec 12 2016 16:36:53 by "java_re" with gcc 4.3.0 20080428 (Red Hat 4.3.0-8)

time: Tue Jan 24 17:23:39 2017
elapsed time: 9 seconds (0d 0h 0m 9s)

