#
# A fatal error has been detected by the Java Runtime Environment:
#
#  SIGSEGV (0xb) at pc=0x00007f98454c7118, pid=5939, tid=0x00007f98469cd700
#
# JRE version: Java(TM) SE Runtime Environment (8.0_121-b13) (build 1.8.0_121-b13)
# Java VM: Java HotSpot(TM) 64-Bit Server VM (25.121-b13 mixed mode linux-amd64 compressed oops)
# Problematic frame:
# V  [libjvm.so+0x6e2118]  jni_GetStringUTFChars+0xb8
#
# Failed to write core dump. Core dumps have been disabled. To enable core dumping, try "ulimit -c unlimited" before starting Java again
#
# If you would like to submit a bug report, please visit:
#   http://bugreport.java.com/bugreport/crash.jsp
#

---------------  T H R E A D  ---------------

Current thread (0x00007f9840010000):  JavaThread "main" [_thread_in_vm, id=5955, stack(0x00007f98468cd000,0x00007f98469ce000)]

siginfo: si_signo: 11 (SIGSEGV), si_code: 1 (SEGV_MAPERR), si_addr: 0x0000000000000000

Registers:
RAX=0x00007f9845d9c550, RBX=0x0000000000000000, RCX=0x00000000f69e7ed0, RDX=0x00007f9845daa9e0
RSP=0x00007f98469c78e0, RBP=0x00007f98469c7980, RSI=0x00007f9840010000, RDI=0x00007f98469c7920
R8 =0x00007f98309e0c80, R9 =0x00000000f69e7ed0, R10=0x00000000000002a4, R11=0x00007f9845daa9e8
R12=0x00007f9840010000, R13=0x0000000000000000, R14=0x00007f98469c7a58, R15=0x00007f98469c7920
RIP=0x00007f98454c7118, EFLAGS=0x0000000000010246, CSGSFS=0x6e65000000000033, ERR=0x0000000000000004
  TRAPNO=0x000000000000000e

Top of Stack: (sp=0x00007f98469c78e0)
0x00007f98469c78e0:   00007f98469c79a8 0000000000000000
0x00007f98469c78f0:   00007f9830add100 00007f9845dac800
0x00007f98469c7900:   00007f98469c7f78 00007f98309e0c80
0x00007f98469c7910:   00000000ec6caab8 0000000050200030
0x00007f98469c7920:   00007f9840010000 0000000000000000
0x00007f98469c7930:   00007f982d6d1480 00007f98309d62bd
0x00007f98469c7940:   00007f9840010000 00000000ec6caab8
0x00007f98469c7950:   00007f98469c79f0 00007f9824eed7d0
0x00007f98469c7960:   00007f9840d88698 0000000000000000
0x00007f98469c7970:   00007f98469c7a58 00007f9840010000
0x00007f98469c7980:   00007f98400101f8 00007f9824b492b0
0x00007f98469c7990:   00007f98469c79f0 00007f98309d62bd
0x00007f98469c79a0:   00007f9824eed7d0 00007f98469c7a30
0x00007f98469c79b0:   0000000000000000 00007f9824eed7c8
0x00007f98469c79c0:   00007f98469c7a58 00007f98309e64cf
0x00007f98469c79d0:   0000000000000000 00007f9824efd058
0x00007f98469c79e0:   0000000000000000 00000000f69e7ed0
0x00007f98469c79f0:   00007f98469c79e0 0000000000000000
0x00007f98469c7a00:   00007f98469c7a58 00007f9824ef40d8
0x00007f98469c7a10:   0000000000000000 00007f9824eed7d0
0x00007f98469c7a20:   0000000000000000 00007f98469c7a50
0x00007f98469c7a30:   00007f98469c7ab8 00007f98309d5dd0
0x00007f98469c7a40:   0000000000000000 00007f98309df537
0x00007f98469c7a50:   0000000000000000 00000000f69e7ed0
0x00007f98469c7a60:   00000000ec6caa58 00000000ec6caab8
0x00007f98469c7a70:   00000000f69e7ed0 00007f98469c7a68
0x00007f98469c7a80:   00007f9824ef1095 00007f98469c7ad0
0x00007f98469c7a90:   00007f9824ef3928 0000000000000000
0x00007f98469c7aa0:   00007f9824ef10e0 00007f98469c7a50
0x00007f98469c7ab0:   00007f98469c7ac8 00007f98469c7b18
0x00007f98469c7ac0:   00007f98309d62bd 00000000ec6caa58
0x00007f98469c7ad0:   00000000f69e7ed0 00007f98469c7ad8 

Instructions: (pc=0x00007f98454c7118)
0x00007f98454c70f8:   84 24 70 02 00 00 06 00 00 00 4c 89 e6 4c 89 65
0x00007f98454c7108:   c0 4c 89 ff e8 1f 01 01 00 48 8b 05 18 d0 88 00
0x00007f98454c7118:   4c 8b 2b 8b 10 48 8b 05 44 fc 88 00 80 38 00 0f
0x00007f98454c7128:   84 2b 01 00 00 48 63 c2 41 8b 54 05 00 85 d2 0f 

Register to memory mapping:

RAX=0x00007f9845d9c550: <offset 0xfb7550> in /usr/lib/jvm/java-8-oracle/jre/lib/amd64/server/libjvm.so at 0x00007f9844de5000
RBX=0x0000000000000000 is an unknown value
RCX=0x00000000f69e7ed0 is an oop
org.sqlite.NativeDB 
 - klass: 'org/sqlite/NativeDB'
RDX=0x00007f9845daa9e0: <offset 0xfc59e0> in /usr/lib/jvm/java-8-oracle/jre/lib/amd64/server/libjvm.so at 0x00007f9844de5000
RSP=0x00007f98469c78e0 is pointing into the stack for thread: 0x00007f9840010000
RBP=0x00007f98469c7980 is pointing into the stack for thread: 0x00007f9840010000
RSI=0x00007f9840010000 is a thread
RDI=0x00007f98469c7920 is pointing into the stack for thread: 0x00007f9840010000
R8 =0x00007f98309e0c80 is at code_begin+0 in an Interpreter codelet
method entry point (kind = zerolocals)  [0x00007f98309e0c80, 0x00007f98309e1100]  1152 bytes
R9 =0x00000000f69e7ed0 is an oop
org.sqlite.NativeDB 
 - klass: 'org/sqlite/NativeDB'
R10=0x00000000000002a4 is an unknown value
R11=0x00007f9845daa9e8: <offset 0xfc59e8> in /usr/lib/jvm/java-8-oracle/jre/lib/amd64/server/libjvm.so at 0x00007f9844de5000
R12=0x00007f9840010000 is a thread
R13=0x0000000000000000 is an unknown value
R14=0x00007f98469c7a58 is pointing into the stack for thread: 0x00007f9840010000
R15=0x00007f98469c7920 is pointing into the stack for thread: 0x00007f9840010000


Stack: [0x00007f98468cd000,0x00007f98469ce000],  sp=0x00007f98469c78e0,  free space=1002k
Native frames: (J=compiled Java code, j=interpreted, Vv=VM code, C=native code)
V  [libjvm.so+0x6e2118]  jni_GetStringUTFChars+0xb8
C  [sqlite-3.7.2-libsqlitejdbc.so+0xd2b0]  Java_org_sqlite_NativeDB_prepare+0x2f

Java frames: (J=compiled Java code, j=interpreted, Vv=VM code)
j  org.sqlite.NativeDB.prepare(Ljava/lang/String;)J+0
j  org.sqlite.DB.prepare(Lorg/sqlite/Stmt;)V+21
j  org.sqlite.PrepStmt.<init>(Lorg/sqlite/Conn;Ljava/lang/String;)V+15
j  org.sqlite.Conn.prepareStatement(Ljava/lang/String;III)Ljava/sql/PreparedStatement;+14
j  org.sqlite.Conn.prepareStatement(Ljava/lang/String;II)Ljava/sql/PreparedStatement;+5
j  org.sqlite.Conn.prepareStatement(Ljava/lang/String;)Ljava/sql/PreparedStatement;+8
v  ~StubRoutines::call_stub
J 1251  sun.reflect.NativeMethodAccessorImpl.invoke0(Ljava/lang/reflect/Method;Ljava/lang/Object;[Ljava/lang/Object;)Ljava/lang/Object; (0 bytes) @ 0x00007f9830afba37 [0x00007f9830afb9c0+0x77]
J 1250 C1 sun.reflect.NativeMethodAccessorImpl.invoke(Ljava/lang/Object;[Ljava/lang/Object;)Ljava/lang/Object; (104 bytes) @ 0x00007f9830bddf0c [0x00007f9830bdcd80+0x118c]
J 1392 C1 sun.reflect.DelegatingMethodAccessorImpl.invoke(Ljava/lang/Object;[Ljava/lang/Object;)Ljava/lang/Object; (10 bytes) @ 0x00007f9830b29904 [0x00007f9830b29800+0x104]
J 3573 C1 java.lang.reflect.Method.invoke(Ljava/lang/Object;[Ljava/lang/Object;)Ljava/lang/Object; (62 bytes) @ 0x00007f9831518e8c [0x00007f9831518aa0+0x3ec]
j  org.apache.tomcat.jdbc.pool.ProxyConnection.invoke(Ljava/lang/Object;Ljava/lang/reflect/Method;[Ljava/lang/Object;)Ljava/lang/Object;+237
j  org.apache.tomcat.jdbc.pool.JdbcInterceptor.invoke(Ljava/lang/Object;Ljava/lang/reflect/Method;[Ljava/lang/Object;)Ljava/lang/Object;+14
j  org.apache.tomcat.jdbc.pool.DisposableConnectionFacade.invoke(Ljava/lang/Object;Ljava/lang/reflect/Method;[Ljava/lang/Object;)Ljava/lang/Object;+93
j  com.sun.proxy.$Proxy81.prepareStatement(Ljava/lang/String;)Ljava/sql/PreparedStatement;+16
j  org.hibernate.engine.jdbc.internal.StatementPreparerImpl$1.doPrepare()Ljava/sql/PreparedStatement;+37
j  org.hibernate.engine.jdbc.internal.StatementPreparerImpl$StatementPreparationTemplate.prepareStatement()Ljava/sql/PreparedStatement;+45
j  org.hibernate.engine.jdbc.internal.StatementPreparerImpl.prepareStatement(Ljava/lang/String;)Ljava/sql/PreparedStatement;+6
j  org.hibernate.id.SequenceGenerator.generateHolder(Lorg/hibernate/engine/spi/SessionImplementor;)Lorg/hibernate/id/IntegralDataTypeHolder;+15
j  org.hibernate.id.SequenceHiLoGenerator$1.getNextValue()Lorg/hibernate/id/IntegralDataTypeHolder;+8
j  org.hibernate.id.enhanced.LegacyHiLoAlgorithmOptimizer.generate(Lorg/hibernate/id/enhanced/AccessCallback;)Ljava/io/Serializable;+25
j  org.hibernate.id.SequenceHiLoGenerator.generate(Lorg/hibernate/engine/spi/SessionImplementor;Ljava/lang/Object;)Ljava/io/Serializable;+53
j  org.hibernate.event.internal.AbstractSaveEventListener.saveWithGeneratedId(Ljava/lang/Object;Ljava/lang/String;Ljava/lang/Object;Lorg/hibernate/event/spi/EventSource;Z)Ljava/io/Serializable;+21
j  org.hibernate.jpa.event.internal.core.JpaMergeEventListener.saveWithGeneratedId(Ljava/lang/Object;Ljava/lang/String;Ljava/lang/Object;Lorg/hibernate/event/spi/EventSource;Z)Ljava/io/Serializable;+18
j  org.hibernate.event.internal.DefaultMergeEventListener.saveTransientEntity(Ljava/lang/Object;Ljava/lang/String;Ljava/io/Serializable;Lorg/hibernate/event/spi/EventSource;Ljava/util/Map;)V+12
j  org.hibernate.event.internal.DefaultMergeEventListener.entityIsTransient(Lorg/hibernate/event/spi/MergeEvent;Ljava/util/Map;)V+163
j  org.hibernate.event.internal.DefaultMergeEventListener.entityIsDetached(Lorg/hibernate/event/spi/MergeEvent;Ljava/util/Map;)V+201
j  org.hibernate.event.internal.DefaultMergeEventListener.onMerge(Lorg/hibernate/event/spi/MergeEvent;Ljava/util/Map;)V+343
j  org.hibernate.event.internal.DefaultMergeEventListener.onMerge(Lorg/hibernate/event/spi/MergeEvent;)V+30
j  org.hibernate.internal.SessionImpl.fireMerge(Lorg/hibernate/event/spi/MergeEvent;)Ljava/lang/Object;+46
j  org.hibernate.internal.SessionImpl.merge(Ljava/lang/String;Ljava/lang/Object;)Ljava/lang/Object;+11
j  org.hibernate.internal.SessionImpl.merge(Ljava/lang/Object;)Ljava/lang/Object;+3
j  org.hibernate.jpa.spi.AbstractEntityManagerImpl.merge(Ljava/lang/Object;)Ljava/lang/Object;+9
v  ~StubRoutines::call_stub
J 1251  sun.reflect.NativeMethodAccessorImpl.invoke0(Ljava/lang/reflect/Method;Ljava/lang/Object;[Ljava/lang/Object;)Ljava/lang/Object; (0 bytes) @ 0x00007f9830afba37 [0x00007f9830afb9c0+0x77]
J 1250 C1 sun.reflect.NativeMethodAccessorImpl.invoke(Ljava/lang/Object;[Ljava/lang/Object;)Ljava/lang/Object; (104 bytes) @ 0x00007f9830bddf0c [0x00007f9830bdcd80+0x118c]
J 1392 C1 sun.reflect.DelegatingMethodAccessorImpl.invoke(Ljava/lang/Object;[Ljava/lang/Object;)Ljava/lang/Object; (10 bytes) @ 0x00007f9830b29904 [0x00007f9830b29800+0x104]
J 3573 C1 java.lang.reflect.Method.invoke(Ljava/lang/Object;[Ljava/lang/Object;)Ljava/lang/Object; (62 bytes) @ 0x00007f9831518e8c [0x00007f9831518aa0+0x3ec]
j  org.springframework.orm.jpa.SharedEntityManagerCreator$SharedEntityManagerInvocationHandler.invoke(Ljava/lang/Object;Ljava/lang/reflect/Method;[Ljava/lang/Object;)Ljava/lang/Object;+495
j  com.sun.proxy.$Proxy92.merge(Ljava/lang/Object;)Ljava/lang/Object;+16
j  org.springframework.data.jpa.repository.support.SimpleJpaRepository.save(Ljava/lang/Object;)Ljava/lang/Object;+30
v  ~StubRoutines::call_stub
J 1251  sun.reflect.NativeMethodAccessorImpl.invoke0(Ljava/lang/reflect/Method;Ljava/lang/Object;[Ljava/lang/Object;)Ljava/lang/Object; (0 bytes) @ 0x00007f9830afba37 [0x00007f9830afb9c0+0x77]
J 1250 C1 sun.reflect.NativeMethodAccessorImpl.invoke(Ljava/lang/Object;[Ljava/lang/Object;)Ljava/lang/Object; (104 bytes) @ 0x00007f9830bddf0c [0x00007f9830bdcd80+0x118c]
J 1392 C1 sun.reflect.DelegatingMethodAccessorImpl.invoke(Ljava/lang/Object;[Ljava/lang/Object;)Ljava/lang/Object; (10 bytes) @ 0x00007f9830b29904 [0x00007f9830b29800+0x104]
J 3573 C1 java.lang.reflect.Method.invoke(Ljava/lang/Object;[Ljava/lang/Object;)Ljava/lang/Object; (62 bytes) @ 0x00007f9831518e8c [0x00007f9831518aa0+0x3ec]
j  org.springframework.data.repository.core.support.RepositoryFactorySupport$QueryExecutorMethodInterceptor.executeMethodOn(Ljava/lang/Object;Ljava/lang/reflect/Method;[Ljava/lang/Object;)Ljava/lang/Object;+3
j  org.springframework.data.repository.core.support.RepositoryFactorySupport$QueryExecutorMethodInterceptor.doInvoke(Lorg/aopalliance/intercept/MethodInvocation;)Ljava/lang/Object;+94
j  org.springframework.data.repository.core.support.RepositoryFactorySupport$QueryExecutorMethodInterceptor.invoke(Lorg/aopalliance/intercept/MethodInvocation;)Ljava/lang/Object;+2
j  org.springframework.aop.framework.ReflectiveMethodInvocation.proceed()Ljava/lang/Object;+101
j  org.springframework.data.projection.DefaultMethodInvokingMethodInterceptor.invoke(Lorg/aopalliance/intercept/MethodInvocation;)Ljava/lang/Object;+15
j  org.springframework.aop.framework.ReflectiveMethodInvocation.proceed()Ljava/lang/Object;+101
j  org.springframework.transaction.interceptor.TransactionInterceptor$1.proceedWithInvocation()Ljava/lang/Object;+4
j  org.springframework.transaction.interceptor.TransactionAspectSupport.invokeWithinTransaction(Ljava/lang/reflect/Method;Ljava/lang/Class;Lorg/springframework/transaction/interceptor/TransactionAspectSupport$InvocationCallback;)Ljava/lang/Object;+60
j  org.springframework.transaction.interceptor.TransactionInterceptor.invoke(Lorg/aopalliance/intercept/MethodInvocation;)Ljava/lang/Object;+40
j  org.springframework.aop.framework.ReflectiveMethodInvocation.proceed()Ljava/lang/Object;+101
j  org.springframework.dao.support.PersistenceExceptionTranslationInterceptor.invoke(Lorg/aopalliance/intercept/MethodInvocation;)Ljava/lang/Object;+1
j  org.springframework.aop.framework.ReflectiveMethodInvocation.proceed()Ljava/lang/Object;+101
j  org.springframework.data.jpa.repository.support.CrudMethodMetadataPostProcessor$CrudMethodMetadataPopulatingMethodInterceptor.invoke(Lorg/aopalliance/intercept/MethodInvocation;)Ljava/lang/Object;+89
j  org.springframework.aop.framework.ReflectiveMethodInvocation.proceed()Ljava/lang/Object;+101
j  org.springframework.aop.interceptor.ExposeInvocationInterceptor.invoke(Lorg/aopalliance/intercept/MethodInvocation;)Ljava/lang/Object;+18
j  org.springframework.aop.framework.ReflectiveMethodInvocation.proceed()Ljava/lang/Object;+101
j  org.springframework.aop.framework.JdkDynamicAopProxy.invoke(Ljava/lang/Object;Ljava/lang/reflect/Method;[Ljava/lang/Object;)Ljava/lang/Object;+385
j  com.sun.proxy.$Proxy94.save(Ljava/lang/Object;)Ljava/lang/Object;+16
j  com.example.api.service.BookService.save(Lcom/example/entity/Book;)Lcom/example/entity/Book;+5
j  com.example.crudtest.CRUDTest.insertOperation()V+25
v  ~StubRoutines::call_stub
J 1251  sun.reflect.NativeMethodAccessorImpl.invoke0(Ljava/lang/reflect/Method;Ljava/lang/Object;[Ljava/lang/Object;)Ljava/lang/Object; (0 bytes) @ 0x00007f9830afba37 [0x00007f9830afb9c0+0x77]
J 1250 C1 sun.reflect.NativeMethodAccessorImpl.invoke(Ljava/lang/Object;[Ljava/lang/Object;)Ljava/lang/Object; (104 bytes) @ 0x00007f9830bddf0c [0x00007f9830bdcd80+0x118c]
J 1392 C1 sun.reflect.DelegatingMethodAccessorImpl.invoke(Ljava/lang/Object;[Ljava/lang/Object;)Ljava/lang/Object; (10 bytes) @ 0x00007f9830b29904 [0x00007f9830b29800+0x104]
J 3573 C1 java.lang.reflect.Method.invoke(Ljava/lang/Object;[Ljava/lang/Object;)Ljava/lang/Object; (62 bytes) @ 0x00007f9831518e8c [0x00007f9831518aa0+0x3ec]
j  org.testng.internal.MethodInvocationHelper.invokeMethod(Ljava/lang/reflect/Method;Ljava/lang/Object;[Ljava/lang/Object;)Ljava/lang/Object;+242
j  org.testng.internal.MethodInvocationHelper$1.runTestMethod(Lorg/testng/ITestResult;)V+12
j  org.springframework.test.context.testng.AbstractTestNGSpringContextTests.run(Lorg/testng/IHookCallBack;Lorg/testng/ITestResult;)V+2
v  ~StubRoutines::call_stub
J 1251  sun.reflect.NativeMethodAccessorImpl.invoke0(Ljava/lang/reflect/Method;Ljava/lang/Object;[Ljava/lang/Object;)Ljava/lang/Object; (0 bytes) @ 0x00007f9830afba37 [0x00007f9830afb9c0+0x77]
J 1250 C1 sun.reflect.NativeMethodAccessorImpl.invoke(Ljava/lang/Object;[Ljava/lang/Object;)Ljava/lang/Object; (104 bytes) @ 0x00007f9830bddf0c [0x00007f9830bdcd80+0x118c]
J 1392 C1 sun.reflect.DelegatingMethodAccessorImpl.invoke(Ljava/lang/Object;[Ljava/lang/Object;)Ljava/lang/Object; (10 bytes) @ 0x00007f9830b29904 [0x00007f9830b29800+0x104]
J 3573 C1 java.lang.reflect.Method.invoke(Ljava/lang/Object;[Ljava/lang/Object;)Ljava/lang/Object; (62 bytes) @ 0x00007f9831518e8c [0x00007f9831518aa0+0x3ec]
j  org.testng.internal.MethodInvocationHelper.invokeHookable(Ljava/lang/Object;[Ljava/lang/Object;Ljava/lang/Object;Ljava/lang/reflect/Method;Lorg/testng/internal/TestResult;)V+64
j  org.testng.internal.Invoker.invokeMethod([Ljava/lang/Object;ILorg/testng/ITestNGMethod;[Ljava/lang/Object;ILorg/testng/xml/XmlSuite;Ljava/util/Map;Lorg/testng/ITestClass;[Lorg/testng/ITestNGMethod;[Lorg/testng/ITestNGMethod;Lorg/testng/internal/ConfigurationGroupMethods;)Lorg/testng/ITestResult;+280
j  org.testng.internal.Invoker.invokeTestMethod([Ljava/lang/Object;Lorg/testng/ITestNGMethod;[Ljava/lang/Object;ILorg/testng/xml/XmlSuite;Ljava/util/Map;Lorg/testng/ITestClass;[Lorg/testng/ITestNGMethod;[Lorg/testng/ITestNGMethod;Lorg/testng/internal/ConfigurationGroupMethods;)Ljava/util/List;+46
j  org.testng.internal.Invoker.invokeTestMethods(Lorg/testng/ITestNGMethod;[Lorg/testng/ITestNGMethod;ILorg/testng/xml/XmlSuite;Ljava/util/Map;Lorg/testng/internal/ConfigurationGroupMethods;[Ljava/lang/Object;Lorg/testng/ITestContext;)Ljava/util/List;+705
j  org.testng.internal.TestMethodWorker.invokeTestMethods(Lorg/testng/ITestNGMethod;[Ljava/lang/Object;Lorg/testng/ITestContext;)V+32
j  org.testng.internal.TestMethodWorker.run()V+60
j  org.testng.TestRunner.privateRun(Lorg/testng/xml/XmlTest;)V+349
j  org.testng.TestRunner.run()V+26
j  org.testng.SuiteRunner.runTest(Lorg/testng/TestRunner;)V+1
j  org.testng.SuiteRunner.runSequentially()V+31
j  org.testng.SuiteRunner.privateRun()V+281
j  org.testng.SuiteRunner.run()V+6
j  org.testng.SuiteRunnerWorker.runSuite(Lorg/testng/internal/SuiteRunnerMap;Lorg/testng/xml/XmlSuite;)V+96
j  org.testng.SuiteRunnerWorker.run()V+12
j  org.testng.TestNG.runSuitesSequentially(Lorg/testng/xml/XmlSuite;Lorg/testng/internal/SuiteRunnerMap;ILjava/lang/String;)V+66
j  org.testng.TestNG.runSuitesLocally()Ljava/util/List;+117
j  org.testng.TestNG.run()V+77
j  org.testng.remote.AbstractRemoteTestNG.run()V+163
j  org.testng.remote.RemoteTestNG.initAndRun(Lorg/testng/remote/IRemoteTestNG;[Ljava/lang/String;Lorg/testng/CommandLineArgs;Lorg/testng/remote/RemoteArgs;)V+184
j  org.testng.remote.RemoteTestNG.main([Ljava/lang/String;)V+218
v  ~StubRoutines::call_stub

---------------  P R O C E S S  ---------------

Java Threads: ( => current thread )
  0x00007f9841446800 JavaThread "http-nio-auto-1-35416-AsyncTimeout" daemon [_thread_blocked, id=6016, stack(0x00007f981fafb000,0x00007f981fbfc000)]
  0x00007f9841445000 JavaThread "http-nio-auto-1-Acceptor-0" daemon [_thread_in_native, id=6015, stack(0x00007f981fbfc000,0x00007f981fcfd000)]
  0x00007f9841442800 JavaThread "http-nio-auto-1-ClientPoller-1" daemon [_thread_in_native, id=6014, stack(0x00007f981fcfd000,0x00007f981fdfe000)]
  0x00007f9841425000 JavaThread "http-nio-auto-1-ClientPoller-0" daemon [_thread_in_native, id=6013, stack(0x00007f981fdfe000,0x00007f981feff000)]
  0x00007f9841422000 JavaThread "NioBlockingSelector.BlockPoller-1" daemon [_thread_in_native, id=6012, stack(0x00007f981feff000,0x00007f9820000000)]
  0x00007f9840c88000 JavaThread "Tomcat JDBC Pool Cleaner[865113938:1485165984213]" daemon [_thread_blocked, id=6008, stack(0x00007f9824dc4000,0x00007f9824ec5000)]
  0x00007f9840cdb000 JavaThread "container-0" [_thread_blocked, id=6006, stack(0x00007f98252c5000,0x00007f98253c6000)]
  0x00007f9840cd9800 JavaThread "ContainerBackgroundProcessor[StandardEngine[Tomcat]]" daemon [_thread_blocked, id=6005, stack(0x00007f98253c6000,0x00007f98254c7000)]
  0x00007f97e0240000 JavaThread "localhost-startStop-1" daemon [_thread_blocked, id=5999, stack(0x00007f98256c7000,0x00007f98257c8000)]
  0x00007f9840cd8800 JavaThread "Tomcat-startStop-1" daemon [_thread_blocked, id=5998, stack(0x00007f9826686000,0x00007f9826787000)]
  0x00007f98404c4800 JavaThread "ReaderThread" [_thread_in_native, id=5990, stack(0x00007f9826f94000,0x00007f9827095000)]
  0x00007f98400c7000 JavaThread "Service Thread" daemon [_thread_blocked, id=5984, stack(0x00007f982761a000,0x00007f982771b000)]
  0x00007f98400c4000 JavaThread "C1 CompilerThread2" daemon [_thread_blocked, id=5983, stack(0x00007f982771b000,0x00007f982781c000)]
  0x00007f98400c2000 JavaThread "C2 CompilerThread1" daemon [_thread_blocked, id=5982, stack(0x00007f982781c000,0x00007f982791d000)]
  0x00007f98400bf000 JavaThread "C2 CompilerThread0" daemon [_thread_in_native, id=5981, stack(0x00007f982c03f000,0x00007f982c140000)]
  0x00007f98400be000 JavaThread "Signal Dispatcher" daemon [_thread_blocked, id=5980, stack(0x00007f982c140000,0x00007f982c241000)]
  0x00007f984008a000 JavaThread "Finalizer" daemon [_thread_blocked, id=5979, stack(0x00007f982c241000,0x00007f982c342000)]
  0x00007f9840085800 JavaThread "Reference Handler" daemon [_thread_blocked, id=5978, stack(0x00007f982c342000,0x00007f982c443000)]
=>0x00007f9840010000 JavaThread "main" [_thread_in_vm, id=5955, stack(0x00007f98468cd000,0x00007f98469ce000)]

Other Threads:
  0x00007f984007e000 VMThread [stack: 0x00007f982c443000,0x00007f982c544000] [id=5977]
  0x00007f98400ca000 WatcherThread [stack: 0x00007f9827519000,0x00007f982761a000] [id=5985]

VM state:not at safepoint (normal execution)

VM Mutex/Monitor currently owned by a thread: None

Heap:
 PSYoungGen      total 180224K, used 19110K [0x00000000ebe00000, 0x00000000fb180000, 0x0000000100000000)
  eden space 172032K, 6% used [0x00000000ebe00000,0x00000000ec8ac380,0x00000000f6600000)
  from space 8192K, 99% used [0x00000000f6600000,0x00000000f6dfd508,0x00000000f6e00000)
  to   space 11776K, 0% used [0x00000000fa600000,0x00000000fa600000,0x00000000fb180000)
 ParOldGen       total 44032K, used 25846K [0x00000000c3a00000, 0x00000000c6500000, 0x00000000ebe00000)
  object space 44032K, 58% used [0x00000000c3a00000,0x00000000c533d868,0x00000000c6500000)
 Metaspace       used 45277K, capacity 45612K, committed 46080K, reserved 1089536K
  class space    used 5917K, capacity 6029K, committed 6144K, reserved 1048576K

Card table byte_map: [0x00007f983042a000,0x00007f983060e000] byte_map_base: 0x00007f982fe0d000

Marking Bits: (ParMarkBitMap*) 0x00007f9845da9c80
 Begin Bits: [0x00007f982e0b4000, 0x00007f982efcc000)
 End Bits:   [0x00007f982efcc000, 0x00007f982fee4000)

Polling page: 0x00007f98469f3000

CodeCache: size=245760Kb used=13769Kb max_used=13815Kb free=231990Kb
 bounds [0x00007f98309ce000, 0x00007f983176e000, 0x00007f983f9ce000]
 total_blobs=4031 nmethods=3555 adapters=389
 compilation: enabled

Compilation events (10 events):
Event: 28.043 Thread 0x00007f98400c2000 4050       4       org.springframework.core.annotation.AnnotationUtils::isInJavaLangAnnotationPackage (25 bytes)
Event: 28.047 Thread 0x00007f98400c2000 nmethod 4050 0x00007f98312340d0 code [0x00007f9831234240, 0x00007f98312343c8]
Event: 28.047 Thread 0x00007f98400c2000 3998       4       java.beans.MethodRef::set (58 bytes)
Event: 28.051 Thread 0x00007f98400c2000 nmethod 3998 0x00007f9831337e90 code [0x00007f9831338000, 0x00007f98313382e8]
Event: 28.051 Thread 0x00007f98400c2000 4020       4       java.util.LinkedList::add (7 bytes)
Event: 28.053 Thread 0x00007f98400c2000 nmethod 4020 0x00007f9831337b50 code [0x00007f9831337ca0, 0x00007f9831337df8]
Event: 28.053 Thread 0x00007f98400c2000 4083       4       java.lang.reflect.Method::getGenericInfo (27 bytes)
Event: 28.054 Thread 0x00007f98400c2000 nmethod 4083 0x00007f9831337850 code [0x00007f98313379a0, 0x00007f9831337a78]
Event: 28.061 Thread 0x00007f98400c4000 4146       3       org.hibernate.service.internal.ConcurrentServiceBinding::hashKey (5 bytes)
Event: 28.061 Thread 0x00007f98400c4000 nmethod 4146 0x00007f98311f4d10 code [0x00007f98311f4e80, 0x00007f98311f5008]

GC Heap History (10 events):
Event: 18.252 GC heap before
{Heap before GC invocations=15 (full 1):
 PSYoungGen      total 81408K, used 79603K [0x00000000ebe00000, 0x00000000f3c80000, 0x0000000100000000)
  eden space 74240K, 99% used [0x00000000ebe00000,0x00000000f0679b08,0x00000000f0680000)
  from space 7168K, 75% used [0x00000000f0680000,0x00000000f0bc3120,0x00000000f0d80000)
  to   space 7168K, 0% used [0x00000000f3580000,0x00000000f3580000,0x00000000f3c80000)
 ParOldGen       total 30208K, used 11552K [0x00000000c3a00000, 0x00000000c5780000, 0x00000000ebe00000)
  object space 30208K, 38% used [0x00000000c3a00000,0x00000000c45481f8,0x00000000c5780000)
 Metaspace       used 30008K, capacity 30320K, committed 30464K, reserved 1075200K
  class space    used 3724K, capacity 3795K, committed 3840K, reserved 1048576K
Event: 18.293 GC heap after
Heap after GC invocations=15 (full 1):
 PSYoungGen      total 121344K, used 5335K [0x00000000ebe00000, 0x00000000f3c80000, 0x0000000100000000)
  eden space 114176K, 0% used [0x00000000ebe00000,0x00000000ebe00000,0x00000000f2d80000)
  from space 7168K, 74% used [0x00000000f3580000,0x00000000f3ab5da0,0x00000000f3c80000)
  to   space 7680K, 0% used [0x00000000f2d80000,0x00000000f2d80000,0x00000000f3500000)
 ParOldGen       total 30208K, used 13940K [0x00000000c3a00000, 0x00000000c5780000, 0x00000000ebe00000)
  object space 30208K, 46% used [0x00000000c3a00000,0x00000000c479d238,0x00000000c5780000)
 Metaspace       used 30008K, capacity 30320K, committed 30464K, reserved 1075200K
  class space    used 3724K, capacity 3795K, committed 3840K, reserved 1048576K
}
Event: 21.986 GC heap before
{Heap before GC invocations=16 (full 1):
 PSYoungGen      total 121344K, used 119511K [0x00000000ebe00000, 0x00000000f3c80000, 0x0000000100000000)
  eden space 114176K, 100% used [0x00000000ebe00000,0x00000000f2d80000,0x00000000f2d80000)
  from space 7168K, 74% used [0x00000000f3580000,0x00000000f3ab5da0,0x00000000f3c80000)
  to   space 7680K, 0% used [0x00000000f2d80000,0x00000000f2d80000,0x00000000f3500000)
 ParOldGen       total 30208K, used 13940K [0x00000000c3a00000, 0x00000000c5780000, 0x00000000ebe00000)
  object space 30208K, 46% used [0x00000000c3a00000,0x00000000c479d238,0x00000000c5780000)
 Metaspace       used 33541K, capacity 33904K, committed 34176K, reserved 1079296K
  class space    used 4238K, capacity 4355K, committed 4480K, reserved 1048576K
Event: 21.997 GC heap after
Heap after GC invocations=16 (full 1):
 PSYoungGen      total 121856K, used 6601K [0x00000000ebe00000, 0x00000000f7800000, 0x0000000100000000)
  eden space 114176K, 0% used [0x00000000ebe00000,0x00000000ebe00000,0x00000000f2d80000)
  from space 7680K, 85% used [0x00000000f2d80000,0x00000000f33f2650,0x00000000f3500000)
  to   space 8192K, 0% used [0x00000000f7000000,0x00000000f7000000,0x00000000f7800000)
 ParOldGen       total 30208K, used 16126K [0x00000000c3a00000, 0x00000000c5780000, 0x00000000ebe00000)
  object space 30208K, 53% used [0x00000000c3a00000,0x00000000c49bf970,0x00000000c5780000)
 Metaspace       used 33541K, capacity 33904K, committed 34176K, reserved 1079296K
  class space    used 4238K, capacity 4355K, committed 4480K, reserved 1048576K
}
Event: 22.640 GC heap before
{Heap before GC invocations=17 (full 1):
 PSYoungGen      total 121856K, used 19620K [0x00000000ebe00000, 0x00000000f7800000, 0x0000000100000000)
  eden space 114176K, 11% used [0x00000000ebe00000,0x00000000ecab6b80,0x00000000f2d80000)
  from space 7680K, 85% used [0x00000000f2d80000,0x00000000f33f2650,0x00000000f3500000)
  to   space 8192K, 0% used [0x00000000f7000000,0x00000000f7000000,0x00000000f7800000)
 ParOldGen       total 30208K, used 16126K [0x00000000c3a00000, 0x00000000c5780000, 0x00000000ebe00000)
  object space 30208K, 53% used [0x00000000c3a00000,0x00000000c49bf970,0x00000000c5780000)
 Metaspace       used 35013K, capacity 35280K, committed 35496K, reserved 1081344K
  class space    used 4484K, capacity 4579K, committed 4608K, reserved 1048576K
Event: 22.647 GC heap after
Heap after GC invocations=17 (full 1):
 PSYoungGen      total 178176K, used 1539K [0x00000000ebe00000, 0x00000000f7600000, 0x0000000100000000)
  eden space 172032K, 0% used [0x00000000ebe00000,0x00000000ebe00000,0x00000000f6600000)
  from space 6144K, 25% used [0x00000000f7000000,0x00000000f7180c00,0x00000000f7600000)
  to   space 8192K, 0% used [0x00000000f6600000,0x00000000f6600000,0x00000000f6e00000)
 ParOldGen       total 30208K, used 19188K [0x00000000c3a00000, 0x00000000c5780000, 0x00000000ebe00000)
  object space 30208K, 63% used [0x00000000c3a00000,0x00000000c4cbd278,0x00000000c5780000)
 Metaspace       used 35013K, capacity 35280K, committed 35496K, reserved 1081344K
  class space    used 4484K, capacity 4579K, committed 4608K, reserved 1048576K
}
Event: 22.647 GC heap before
{Heap before GC invocations=18 (full 2):
 PSYoungGen      total 178176K, used 1539K [0x00000000ebe00000, 0x00000000f7600000, 0x0000000100000000)
  eden space 172032K, 0% used [0x00000000ebe00000,0x00000000ebe00000,0x00000000f6600000)
  from space 6144K, 25% used [0x00000000f7000000,0x00000000f7180c00,0x00000000f7600000)
  to   space 8192K, 0% used [0x00000000f6600000,0x00000000f6600000,0x00000000f6e00000)
 ParOldGen       total 30208K, used 19188K [0x00000000c3a00000, 0x00000000c5780000, 0x00000000ebe00000)
  object space 30208K, 63% used [0x00000000c3a00000,0x00000000c4cbd278,0x00000000c5780000)
 Metaspace       used 35013K, capacity 35280K, committed 35496K, reserved 1081344K
  class space    used 4484K, capacity 4579K, committed 4608K, reserved 1048576K
Event: 22.778 GC heap after
Heap after GC invocations=18 (full 2):
 PSYoungGen      total 178176K, used 0K [0x00000000ebe00000, 0x00000000f7600000, 0x0000000100000000)
  eden space 172032K, 0% used [0x00000000ebe00000,0x00000000ebe00000,0x00000000f6600000)
  from space 6144K, 0% used [0x00000000f7000000,0x00000000f7000000,0x00000000f7600000)
  to   space 8192K, 0% used [0x00000000f6600000,0x00000000f6600000,0x00000000f6e00000)
 ParOldGen       total 44032K, used 19272K [0x00000000c3a00000, 0x00000000c6500000, 0x00000000ebe00000)
  object space 44032K, 43% used [0x00000000c3a00000,0x00000000c4cd20d8,0x00000000c6500000)
 Metaspace       used 35013K, capacity 35280K, committed 35496K, reserved 1081344K
  class space    used 4484K, capacity 4579K, committed 4608K, reserved 1048576K
}
Event: 27.670 GC heap before
{Heap before GC invocations=19 (full 2):
 PSYoungGen      total 178176K, used 172032K [0x00000000ebe00000, 0x00000000f7600000, 0x0000000100000000)
  eden space 172032K, 100% used [0x00000000ebe00000,0x00000000f6600000,0x00000000f6600000)
  from space 6144K, 0% used [0x00000000f7000000,0x00000000f7000000,0x00000000f7600000)
  to   space 8192K, 0% used [0x00000000f6600000,0x00000000f6600000,0x00000000f6e00000)
 ParOldGen       total 44032K, used 19272K [0x00000000c3a00000, 0x00000000c6500000, 0x00000000ebe00000)
  object space 44032K, 43% used [0x00000000c3a00000,0x00000000c4cd20d8,0x00000000c6500000)
 Metaspace       used 44437K, capacity 44762K, committed 45184K, reserved 1089536K
  class space    used 5808K, capacity 5898K, committed 6016K, reserved 1048576K
Event: 27.696 GC heap after
Heap after GC invocations=19 (full 2):
 PSYoungGen      total 180224K, used 8181K [0x00000000ebe00000, 0x00000000fb180000, 0x0000000100000000)
  eden space 172032K, 0% used [0x00000000ebe00000,0x00000000ebe00000,0x00000000f6600000)
  from space 8192K, 99% used [0x00000000f6600000,0x00000000f6dfd508,0x00000000f6e00000)
  to   space 11776K, 0% used [0x00000000fa600000,0x00000000fa600000,0x00000000fb180000)
 ParOldGen       total 44032K, used 25846K [0x00000000c3a00000, 0x00000000c6500000, 0x00000000ebe00000)
  object space 44032K, 58% used [0x00000000c3a00000,0x00000000c533d868,0x00000000c6500000)
 Metaspace       used 44437K, capacity 44762K, committed 45184K, reserved 1089536K
  class space    used 5808K, capacity 5898K, committed 6016K, reserved 1048576K
}

Deoptimization events (10 events):
Event: 26.202 Thread 0x00007f9840010000 Uncommon trap: reason=unstable_if action=reinterpret pc=0x00007f98314d231c method=java.util.concurrent.ConcurrentHashMap.transfer([Ljava/util/concurrent/ConcurrentHashMap$Node;[Ljava/util/concurrent/ConcurrentHashMap$Node;)V @ 356
Event: 26.202 Thread 0x00007f9840010000 Uncommon trap: reason=unstable_if action=reinterpret pc=0x00007f983133f788 method=java.util.concurrent.ConcurrentHashMap.transfer([Ljava/util/concurrent/ConcurrentHashMap$Node;[Ljava/util/concurrent/ConcurrentHashMap$Node;)V @ 356
Event: 26.641 Thread 0x00007f9840010000 Uncommon trap: reason=unstable_if action=reinterpret pc=0x00007f98314c18ac method=java.util.WeakHashMap.put(Ljava/lang/Object;Ljava/lang/Object;)Ljava/lang/Object; @ 47
Event: 26.664 Thread 0x00007f9840010000 Uncommon trap: reason=predicate action=maybe_recompile pc=0x00007f98315ec2a4 method=org.springframework.util.ReflectionUtils.doWithMethods(Ljava/lang/Class;Lorg/springframework/util/ReflectionUtils$MethodCallback;Lorg/springframework/util/ReflectionUtils$
Event: 27.403 Thread 0x00007f9840010000 Uncommon trap: reason=predicate action=maybe_recompile pc=0x00007f983168cc80 method=org.springframework.core.annotation.AnnotatedElementUtils.searchWithGetSemanticsInAnnotations(Ljava/lang/reflect/AnnotatedElement;Ljava/util/List;Ljava/lang/Class;Ljava/la
Event: 27.471 Thread 0x00007f9840010000 Uncommon trap: reason=unstable_if action=reinterpret pc=0x00007f98316927f4 method=java.lang.reflect.Modifier.toString(I)Ljava/lang/String; @ 123
Event: 27.610 Thread 0x00007f9840010000 Uncommon trap: reason=unstable_if action=reinterpret pc=0x00007f98313f9268 method=java.lang.Class$MethodArray.addIfNotPresent(Ljava/lang/reflect/Method;)V @ 19
Event: 27.638 Thread 0x00007f9840010000 Uncommon trap: reason=unstable_if action=reinterpret pc=0x00007f98310655f4 method=org.springframework.util.ConcurrentReferenceHashMap$Segment.clear()V @ 4
Event: 27.899 Thread 0x00007f9840010000 Uncommon trap: reason=bimorphic action=maybe_recompile pc=0x00007f9830caa0b4 method=java.util.Hashtable.get(Ljava/lang/Object;)Ljava/lang/Object; @ 6
Event: 27.900 Thread 0x00007f9840010000 Uncommon trap: reason=bimorphic action=maybe_recompile pc=0x00007f9830caa0b4 method=java.util.Hashtable.get(Ljava/lang/Object;)Ljava/lang/Object; @ 6

Internal exceptions (10 events):
Event: 27.508 Thread 0x00007f9840010000 Exception <a 'java/lang/ClassNotFoundException': org/springframework/boot/autoconfigure/web/WebClientAutoConfigurationCustomizer> (0x00000000f592c5a8) thrown at [/HUDSON3/workspace/8-2-build-linux-amd64/jdk8u121/8372/hotspot/src/share/vm/classfile/systemD
Event: 27.508 Thread 0x00007f9840010000 Exception <a 'java/lang/ClassNotFoundException': org/springframework/boot/autoconfigure/web/WebClientAutoConfiguration$$EnhancerBySpringCGLIB$$2c140284Customizer> (0x00000000f59506d0) thrown at [/HUDSON3/workspace/8-2-build-linux-amd64/jdk8u121/8372/hotsp
Event: 27.509 Thread 0x00007f9840010000 Exception <a 'java/lang/ClassNotFoundException': org/springframework/context/annotation/ConfigurationClassEnhancer$EnhancedConfigurationCustomizer> (0x00000000f5975128) thrown at [/HUDSON3/workspace/8-2-build-linux-amd64/jdk8u121/8372/hotspot/src/share/vm
Event: 27.943 Thread 0x00007f9840010000 Exception <a 'java/lang/ClassNotFoundException': java/lang/ObjectCustomizer> (0x00000000ec267818) thrown at [/HUDSON3/workspace/8-2-build-linux-amd64/jdk8u121/8372/hotspot/src/share/vm/classfile/systemDictionary.cpp, line 210]
Event: 27.944 Thread 0x00007f9840010000 Exception <a 'java/lang/ClassNotFoundException': org/springframework/test/context/testng/AbstractTestNGSpringContextTestsCustomizer> (0x00000000ec286850) thrown at [/HUDSON3/workspace/8-2-build-linux-amd64/jdk8u121/8372/hotspot/src/share/vm/classfile/syst
Event: 27.944 Thread 0x00007f9840010000 Exception <a 'java/lang/ClassNotFoundException': com/example/crudtest/CRUDTestCustomizer> (0x00000000ec299788) thrown at [/HUDSON3/workspace/8-2-build-linux-amd64/jdk8u121/8372/hotspot/src/share/vm/classfile/systemDictionary.cpp, line 210]
Event: 27.945 Thread 0x00007f9840010000 Exception <a 'java/lang/ClassNotFoundException': org/testng/IHookableCustomizer> (0x00000000ec2aa520) thrown at [/HUDSON3/workspace/8-2-build-linux-amd64/jdk8u121/8372/hotspot/src/share/vm/classfile/systemDictionary.cpp, line 210]
Event: 27.945 Thread 0x00007f9840010000 Exception <a 'java/lang/ClassNotFoundException': org/springframework/context/ApplicationContextAwareCustomizer> (0x00000000ec2c0de0) thrown at [/HUDSON3/workspace/8-2-build-linux-amd64/jdk8u121/8372/hotspot/src/share/vm/classfile/systemDictionary.cpp, lin
Event: 28.063 Thread 0x00007f9840010000 Exception <a 'java/lang/ClassNotFoundException': java/lang/ObjectCustomizer> (0x00000000ec450230) thrown at [/HUDSON3/workspace/8-2-build-linux-amd64/jdk8u121/8372/hotspot/src/share/vm/classfile/systemDictionary.cpp, line 210]
Event: 28.063 Thread 0x00007f9840010000 Exception <a 'java/lang/ClassNotFoundException': com/example/entity/BookCustomizer> (0x00000000ec462f30) thrown at [/HUDSON3/workspace/8-2-build-linux-amd64/jdk8u121/8372/hotspot/src/share/vm/classfile/systemDictionary.cpp, line 210]

Events (10 events):
Event: 28.123 loading class org/hibernate/type/TypeHelper
Event: 28.123 loading class org/hibernate/type/TypeHelper done
Event: 28.124 loading class org/hibernate/property/access/internal/PropertyAccessStrategyBackRefImpl
Event: 28.124 loading class org/hibernate/property/access/internal/PropertyAccessStrategyBackRefImpl done
Event: 28.124 loading class org/hibernate/property/access/internal/PropertyAccessStrategyBackRefImpl$1
Event: 28.124 loading class org/hibernate/property/access/internal/PropertyAccessStrategyBackRefImpl$1 done
Event: 28.125 loading class org/hibernate/id/SequenceHiLoGenerator$1
Event: 28.125 loading class org/hibernate/id/SequenceHiLoGenerator$1 done
Event: 28.125 loading class org/hibernate/id/enhanced/LegacyHiLoAlgorithmOptimizer$GenerationState
Event: 28.125 loading class org/hibernate/id/enhanced/LegacyHiLoAlgorithmOptimizer$GenerationState done


Dynamic libraries:
00400000-00401000 r-xp 00000000 08:03 3554757                            /usr/lib/jvm/java-8-oracle/bin/java
00600000-00601000 rw-p 00000000 08:03 3554757                            /usr/lib/jvm/java-8-oracle/bin/java
0168d000-016ae000 rw-p 00000000 00:00 0                                  [heap]
c3a00000-c6500000 rw-p 00000000 00:00 0 
c6500000-ebe00000 ---p 00000000 00:00 0 
ebe00000-fb180000 rw-p 00000000 00:00 0 
fb180000-100000000 ---p 00000000 00:00 0 
100000000-100600000 rw-p 00000000 00:00 0 
100600000-140000000 ---p 00000000 00:00 0 
7f97c0000000-7f97c0021000 rw-p 00000000 00:00 0 
7f97c0021000-7f97c4000000 ---p 00000000 00:00 0 
7f97c4000000-7f97c4021000 rw-p 00000000 00:00 0 
7f97c4021000-7f97c8000000 ---p 00000000 00:00 0 
7f97c8000000-7f97c8021000 rw-p 00000000 00:00 0 
7f97c8021000-7f97cc000000 ---p 00000000 00:00 0 
7f97cc000000-7f97cc021000 rw-p 00000000 00:00 0 
7f97cc021000-7f97d0000000 ---p 00000000 00:00 0 
7f97d0000000-7f97d0021000 rw-p 00000000 00:00 0 
7f97d0021000-7f97d4000000 ---p 00000000 00:00 0 
7f97d4000000-7f97d4021000 rw-p 00000000 00:00 0 
7f97d4021000-7f97d8000000 ---p 00000000 00:00 0 
7f97d8000000-7f97d8021000 rw-p 00000000 00:00 0 
7f97d8021000-7f97dc000000 ---p 00000000 00:00 0 
7f97dc000000-7f97dc021000 rw-p 00000000 00:00 0 
7f97dc021000-7f97e0000000 ---p 00000000 00:00 0 
7f97e0000000-7f97e0285000 rw-p 00000000 00:00 0 
7f97e0285000-7f97e4000000 ---p 00000000 00:00 0 
7f97e4000000-7f97e42a6000 rw-p 00000000 00:00 0 
7f97e42a6000-7f97e8000000 ---p 00000000 00:00 0 
7f97e8000000-7f97e8021000 rw-p 00000000 00:00 0 
7f97e8021000-7f97ec000000 ---p 00000000 00:00 0 
7f97ec000000-7f97ec021000 rw-p 00000000 00:00 0 
7f97ec021000-7f97f0000000 ---p 00000000 00:00 0 
7f97f0000000-7f97f0e2e000 rw-p 00000000 00:00 0 
7f97f0e2e000-7f97f4000000 ---p 00000000 00:00 0 
7f97f4000000-7f97f4021000 rw-p 00000000 00:00 0 
7f97f4021000-7f97f8000000 ---p 00000000 00:00 0 
7f97f8000000-7f97f9c0a000 rw-p 00000000 00:00 0 
7f97f9c0a000-7f97fc000000 ---p 00000000 00:00 0 
7f97fc000000-7f97fdade000 rw-p 00000000 00:00 0 
7f97fdade000-7f9800000000 ---p 00000000 00:00 0 
7f9800000000-7f9800021000 rw-p 00000000 00:00 0 
7f9800021000-7f9804000000 ---p 00000000 00:00 0 
7f9804000000-7f9804021000 rw-p 00000000 00:00 0 
7f9804021000-7f9808000000 ---p 00000000 00:00 0 
7f9808000000-7f9808023000 rw-p 00000000 00:00 0 
7f9808023000-7f980c000000 ---p 00000000 00:00 0 
7f980c000000-7f980c021000 rw-p 00000000 00:00 0 
7f980c021000-7f9810000000 ---p 00000000 00:00 0 
7f9810000000-7f981002c000 rw-p 00000000 00:00 0 
7f981002c000-7f9814000000 ---p 00000000 00:00 0 
7f9818000000-7f9818021000 rw-p 00000000 00:00 0 
7f9818021000-7f981c000000 ---p 00000000 00:00 0 
7f981fafb000-7f981fafe000 ---p 00000000 00:00 0 
7f981fafe000-7f981fbfc000 rw-p 00000000 00:00 0                          [stack:6016]
7f981fbfc000-7f981fbff000 ---p 00000000 00:00 0 
7f981fbff000-7f981fcfd000 rw-p 00000000 00:00 0                          [stack:6015]
7f981fcfd000-7f981fd00000 ---p 00000000 00:00 0 
7f981fd00000-7f981fdfe000 rw-p 00000000 00:00 0                          [stack:6014]
7f981fdfe000-7f981fe01000 ---p 00000000 00:00 0 
7f981fe01000-7f981feff000 rw-p 00000000 00:00 0                          [stack:6013]
7f981feff000-7f981ff02000 ---p 00000000 00:00 0 
7f981ff02000-7f9820000000 rw-p 00000000 00:00 0                          [stack:6012]
7f9820000000-7f9820021000 rw-p 00000000 00:00 0 
7f9820021000-7f9824000000 ---p 00000000 00:00 0 
7f982433b000-7f982443c000 rw-p 00000000 00:00 0 
7f982443c000-7f982453c000 ---p 00000000 00:00 0 
7f982453c000-7f982473c000 rw-p 00000000 00:00 0 
7f982473c000-7f982493c000 rw-p 00000000 00:00 0 
7f982493c000-7f9824b3c000 rw-p 00000000 00:00 0 
7f9824b3c000-7f9824bc0000 r-xp 00000000 08:03 5923863                    /tmp/sqlite-3.7.2-libsqlitejdbc.so
7f9824bc0000-7f9824dc0000 ---p 00084000 08:03 5923863                    /tmp/sqlite-3.7.2-libsqlitejdbc.so
7f9824dc0000-7f9824dc1000 r--p 00084000 08:03 5923863                    /tmp/sqlite-3.7.2-libsqlitejdbc.so
7f9824dc1000-7f9824dc4000 rw-p 00085000 08:03 5923863                    /tmp/sqlite-3.7.2-libsqlitejdbc.so
7f9824dc4000-7f9824dc7000 ---p 00000000 00:00 0 
7f9824dc7000-7f98250c5000 rw-p 00000000 00:00 0                          [stack:6008]
7f98250c5000-7f98252c5000 rw-p 00000000 00:00 0 
7f98252c5000-7f98252c8000 ---p 00000000 00:00 0 
7f98252c8000-7f98253c6000 rw-p 00000000 00:00 0                          [stack:6006]
7f98253c6000-7f98253c9000 ---p 00000000 00:00 0 
7f98253c9000-7f98256c7000 rw-p 00000000 00:00 0                          [stack:6005]
7f98256c7000-7f98256ca000 ---p 00000000 00:00 0 
7f98256ca000-7f98259c8000 rw-p 00000000 00:00 0                          [stack:5999]
7f98259c8000-7f98259db000 r--s 00345000 08:03 3569668                    /usr/lib/jvm/java-8-oracle/jre/lib/resources.jar
7f98259db000-7f9825bdb000 rw-p 00000000 00:00 0 
7f9825bdb000-7f9825ddb000 rw-p 00000000 00:00 0 
7f9825ddb000-7f9825e70000 r--s 01109000 08:03 3569596                    /usr/lib/jvm/java-8-oracle/jre/lib/ext/jfxrt.jar
7f9825e70000-7f9826070000 rw-p 00000000 00:00 0 
7f9826070000-7f9826081000 r-xp 00000000 08:03 4870868                    /usr/lib/jvm/java-8-oracle/jre/lib/amd64/libnio.so
7f9826081000-7f9826280000 ---p 00011000 08:03 4870868                    /usr/lib/jvm/java-8-oracle/jre/lib/amd64/libnio.so
7f9826280000-7f9826281000 rw-p 00010000 08:03 4870868                    /usr/lib/jvm/java-8-oracle/jre/lib/amd64/libnio.so
7f9826281000-7f9826481000 rw-p 00000000 00:00 0 
7f9826481000-7f9826681000 rw-p 00000000 00:00 0 
7f9826681000-7f9826686000 r--s 002f9000 08:03 3569547                    /usr/lib/jvm/java-8-oracle/jre/lib/charsets.jar
7f9826686000-7f9826689000 ---p 00000000 00:00 0 
7f9826689000-7f9826787000 rw-p 00000000 00:00 0                          [stack:5998]
7f9826787000-7f9826790000 r-xp 00000000 08:03 4870832                    /usr/lib/jvm/java-8-oracle/jre/lib/amd64/libmanagement.so
7f9826790000-7f982698f000 ---p 00009000 08:03 4870832                    /usr/lib/jvm/java-8-oracle/jre/lib/amd64/libmanagement.so
7f982698f000-7f9826990000 rw-p 00008000 08:03 4870832                    /usr/lib/jvm/java-8-oracle/jre/lib/amd64/libmanagement.so
7f9826990000-7f9826b90000 rw-p 00000000 00:00 0 
7f9826b90000-7f9826d90000 rw-p 00000000 00:00 0 
7f9826d90000-7f9826f90000 rw-p 00000000 00:00 0 
7f9826f90000-7f9826f94000 r--s 0009a000 08:03 3569602                    /usr/lib/jvm/java-8-oracle/jre/lib/jsse.jar
7f9826f94000-7f9826f97000 ---p 00000000 00:00 0 
7f9826f97000-7f9827095000 rw-p 00000000 00:00 0                          [stack:5990]
7f9827095000-7f98270ab000 r-xp 00000000 08:03 4870893                    /usr/lib/jvm/java-8-oracle/jre/lib/amd64/libnet.so
7f98270ab000-7f98272ab000 ---p 00016000 08:03 4870893                    /usr/lib/jvm/java-8-oracle/jre/lib/amd64/libnet.so
7f98272ab000-7f98272ac000 rw-p 00016000 08:03 4870893                    /usr/lib/jvm/java-8-oracle/jre/lib/amd64/libnet.so
7f98272ac000-7f98272ad000 r--s 0000c000 08:03 5916924                    /home/sharmila/.gradle/caches/modules-2/files-2.1/org.ow2.asm/asm/5.0.3/dcc2193db20e19e1feca8b1240dbbc4e190824fa/asm-5.0.3.jar
7f98272ad000-7f98272b7000 r--s 00069000 08:03 5923589                    /home/sharmila/.gradle/caches/modules-2/files-2.1/ch.qos.logback/logback-core/1.1.8/b4d1c3dea91727faf8b3d19cf4b9b972d6c0b89/logback-core-1.1.8.jar
7f98272b7000-7f98272b9000 r--s 00012000 08:03 5916922                    /home/sharmila/.gradle/caches/modules-2/files-2.1/net.minidev/accessors-smart/1.1/a527213f2fea112a04c9bdf0ec0264e34104cd08/accessors-smart-1.1.jar
7f98272b9000-7f98272bb000 r--s 00009000 08:03 5923902                    /home/sharmila/.gradle/caches/modules-2/files-2.1/org.apache.tomcat/tomcat-juli/8.5.6/83d2d1e3362ecca504f3bf8ed1bc4cc451754d24/tomcat-juli-8.5.6.jar
7f98272bb000-7f98272c4000 r--s 0002d000 08:03 5923903                    /home/sharmila/.gradle/caches/modules-2/files-2.1/xml-apis/xml-apis/1.4.01/3789d9fada2d3d458c4ba2de349d48780f381ee3/xml-apis-1.4.01.jar
7f98272c4000-7f98272c6000 r--s 00004000 08:03 5923588                    /home/sharmila/.gradle/caches/modules-2/files-2.1/org.slf4j/log4j-over-slf4j/1.7.22/a527c37e9ca6c3d19ba298edd4aa344ca751a203/log4j-over-slf4j-1.7.22.jar
7f98272c6000-7f98272c8000 r--s 00000000 08:03 5923587                    /home/sharmila/.gradle/caches/modules-2/files-2.1/org.slf4j/jul-to-slf4j/1.7.22/b0429e950b3d2bc2c39c1bacafac753edbe3781c/jul-to-slf4j-1.7.22.jar
7f98272c8000-7f98272ce000 r--s 00045000 08:03 5923585                    /home/sharmila/.gradle/caches/modules-2/files-2.1/ch.qos.logback/logback-classic/1.1.8/e54f49a227611976642f81cf2106b81c1ece8bf5/logback-classic-1.1.8.jar
7f98272ce000-7f98272cf000 r--s 0000f000 08:03 5916909                    /home/sharmila/.gradle/caches/modules-2/files-2.1/org.json/json/20140107/d1ffca6e2482b002702c6a576166fd685e3370e3/json-20140107.jar
7f98272cf000-7f98272d1000 r--s 00009000 08:03 5916921                    /home/sharmila/.gradle/caches/modules-2/files-2.1/org.objenesis/objenesis/2.1/87c0ea803b69252868d09308b4618f766f135a96/objenesis-2.1.jar
7f98272d1000-7f98272d4000 r--s 0001b000 08:03 5916920                    /home/sharmila/.gradle/caches/modules-2/files-2.1/net.minidev/json-smart/2.2.1/5b9e5df7a62d1279b70dc882b041d249c4f0b002/json-smart-2.2.1.jar
7f98272d4000-7f98272d6000 r--s 00003000 08:03 5923586                    /home/sharmila/.gradle/caches/modules-2/files-2.1/org.slf4j/jcl-over-slf4j/1.7.22/86ceac14535af5a42c8fb0d06d79b925dd3cb263/jcl-over-slf4j-1.7.22.jar
7f98272d6000-7f98272d8000 r--s 00009000 08:03 5923584                    /home/sharmila/.gradle/caches/modules-2/files-2.1/org.slf4j/slf4j-api/1.7.22/a1c83373863cec7ae8d89dc1c5722d8cb6ec0309/slf4j-api-1.7.22.jar
7f98272d8000-7f98272e0000 r--s 0003a000 08:03 5923901                    /home/sharmila/.gradle/caches/modules-2/files-2.1/org.springframework/spring-tx/4.3.5.RELEASE/296d8ae21fadc0f115dae7d1e8d5c4f8c7de2c3e/spring-tx-4.3.5.RELEASE.jar
7f98272e0000-7f98272ea000 r--s 0006b000 08:03 5923900                    /home/sharmila/.gradle/caches/modules-2/files-2.1/org.springframework/spring-orm/4.3.5.RELEASE/64c29d310b69bcc6e1fd5a738fa3629bdedb2d3f/spring-orm-4.3.5.RELEASE.jar
7f98272ea000-7f98272fa000 r--s 0009a000 08:03 5923899                    /home/sharmila/.gradle/caches/modules-2/files-2.1/org.springframework.data/spring-data-commons/1.12.6.RELEASE/b6403dcfce33e89613f364d80d653d7540279c47/spring-data-commons-1.12.6.RELEASE.jar
7f98272fa000-7f9827304000 r--s 0005f000 08:03 5923898                    /home/sharmila/.gradle/caches/modules-2/files-2.1/org.springframework/spring-jdbc/4.3.5.RELEASE/7c09e38b6f6e0b178973dea06bb8fdc6d19aa596/spring-jdbc-4.3.5.RELEASE.jar
7f9827304000-7f9827307000 r--s 00020000 08:03 5923897                    /home/sharmila/.gradle/caches/modules-2/files-2.1/org.apache.tomcat/tomcat-jdbc/8.5.6/feb10a9e22f70565c7556f327b0481dba8587bbc/tomcat-jdbc-8.5.6.jar
7f9827307000-7f9827320000 r--s 001af000 08:03 5923896                    /home/sharmila/.gradle/caches/modules-2/files-2.1/org.aspectj/aspectjweaver/1.8.9/db28774f477f07220eac18d5ec9c4e01f48589d7/aspectjweaver-1.8.9.jar
7f9827320000-7f9827323000 r--s 00010000 08:03 5923833                    /home/sharmila/.gradle/caches/modules-2/files-2.1/org.hibernate.common/hibernate-commons-annotations/5.0.1.Final/71e1cff3fcb20d3b3af4f3363c3ddb24d33c6879/hibernate-commons-annotations-5.0.1.Final.jar
7f9827323000-7f9827328000 r--s 00048000 08:03 5923832                    /home/sharmila/.gradle/caches/modules-2/files-2.1/dom4j/dom4j/1.6.1/5d3ccc056b6f056dbf0dddfdf43894b9065a8f94/dom4j-1.6.1.jar
7f9827328000-7f982732b000 r--s 0002b000 08:03 5923433                    /home/sharmila/.gradle/caches/modules-2/files-2.1/org.jboss/jandex/2.0.0.Final/3e899258936f94649c777193e1be846387ed54b3/jandex-2.0.0.Final.jar
7f982732b000-7f982732c000 r--s 00003000 08:03 5923830                    /home/sharmila/.gradle/caches/modules-2/files-2.1/org.apache.geronimo.specs/geronimo-jta_1.1_spec/1.1.1/aabab3165b8ea936b9360abbf448459c0d04a5a4/geronimo-jta_1.1_spec-1.1.1.jar
7f982732c000-7f9827331000 r--s 00068000 08:03 5923829                    /home/sharmila/.gradle/caches/modules-2/files-2.1/antlr/antlr/2.7.7/83cd2cd674a217ade95a4bb83a8a14f351f48bd0/antlr-2.7.7.jar
7f9827331000-7f9827336000 r--s 0003c000 08:03 5923583                    /home/sharmila/.gradle/caches/modules-2/files-2.1/org.springframework/spring-expression/4.3.5.RELEASE/3689dc6c5b942ecde4122eac889ed87977d6f287/spring-expression-4.3.5.RELEASE.jar
7f9827336000-7f9827350000 r--s 000fc000 08:03 5923582                    /home/sharmila/.gradle/caches/modules-2/files-2.1/org.springframework/spring-context/4.3.5.RELEASE/ca3391c0e17d0138335ba51b51371661d20d56a8/spring-context-4.3.5.RELEASE.jar
7f9827350000-7f982735d000 r--s 000ad000 08:03 5923581                    /home/sharmila/.gradle/caches/modules-2/files-2.1/org.springframework/spring-beans/4.3.5.RELEASE/e12bbc3277da28e2e2608a187f83091dc6c300bf/spring-beans-4.3.5.RELEASE.jar
7f982735d000-7f9827366000 r--s 00054000 08:03 5923580                    /home/sharmila/.gradle/caches/modules-2/files-2.1/org.springframework/spring-aop/4.3.5.RELEASE/4f113218af716bd8d174c411f19b26418b5a70f6/spring-aop-4.3.5.RELEASE.jar
7f9827366000-7f982736a000 r--s 00041000 08:03 5923579                    /home/sharmila/.gradle/caches/modules-2/files-2.1/com.fasterxml.jackson.core/jackson-core/2.8.5/60d059f5d2930ccd1ef03535b713fd9f933d1ba7/jackson-core-2.8.5.jar
7f982736a000-7f982736d000 r--s 0000b000 08:03 5923578                    /home/sharmila/.gradle/caches/modules-2/files-2.1/com.fasterxml.jackson.core/jackson-annotations/2.8.5/9d82ff47bc2c2d3b5b6a6618fe636782bbcd5b07/jackson-annotations-2.8.5.jar
7f982736d000-7f982736f000 r--s 0000e000 08:03 5917543                    /home/sharmila/.gradle/caches/modules-2/files-2.1/com.fasterxml/classmate/1.3.3/864c8e370a691e343210cc7c532fc198cee460d8/classmate-1.3.3.jar
7f982736f000-7f9827373000 r--s 0000c000 08:03 5916766                    /home/sharmila/.gradle/caches/modules-2/files-2.1/javax.validation/validation-api/1.1.0.Final/8613ae82954779d518631e05daa73a6a954817d5/validation-api-1.1.0.Final.jar
7f9827373000-7f9827378000 r--s 00036000 08:03 5917542                    /home/sharmila/.gradle/caches/modules-2/files-2.1/org.apache.tomcat.embed/tomcat-embed-websocket/8.5.6/6f6940a216b380ea8506530c374fcfeef820ba54/tomcat-embed-websocket-8.5.6.jar
7f9827378000-7f9827379000 r--s 00000000 08:03 5923577                    /home/sharmila/.gradle/caches/modules-2/files-2.1/org.springframework.boot/spring-boot-starter-logging/1.4.3.RELEASE/1c58783c0694abf695babfd39829922d2d501ec2/spring-boot-starter-logging-1.4.3.RELEASE.jar
7f9827379000-7f9827397000 r--s 000d0000 08:03 5923576                    /home/sharmila/.gradle/caches/modules-2/files-2.1/org.springframework.boot/spring-boot-autoconfigure/1.4.3.RELEASE/41df1bfbdd4ae4e8499ebe1a4bc613bda316d6e1/spring-boot-autoconfigure-1.4.3.RELEASE.jar
7f9827397000-7f98273a7000 r--s 00092000 08:03 5923575                    /home/sharmila/.gradle/caches/modules-2/files-2.1/org.springframework.boot/spring-boot/1.4.3.RELEASE/17f94def4460075afdfba6bf8f897cd1fc95bf77/spring-boot-1.4.3.RELEASE.jar
7f98273a7000-7f98273b6000 r--s 00084000 08:03 5923574                    /home/sharmila/.gradle/caches/modules-2/files-2.1/org.springframework/spring-test/4.3.5.RELEASE/a1965127e07b469d8e5bb3d2b0ff850423b66be4/spring-test-4.3.5.RELEASE.jar
7f98273b6000-7f98273cc000 r--s 000fa000 08:03 5923530                    /home/sharmila/.gradle/caches/modules-2/files-2.1/org.springframework/spring-core/4.3.5.RELEASE/80299e3f80e8c6d5c076db2ba6adf44a4b52f578/spring-core-4.3.5.RELEASE.jar
7f98273cc000-7f98273cd000 r--s 00006000 08:03 5916915                    /home/sharmila/.gradle/caches/modules-2/files-2.1/org.skyscreamer/jsonassert/1.3.0/d5c250eb122496866de36dc84f98e2945845ecdd/jsonassert-1.3.0.jar
7f98273cd000-7f98273ce000 r--s 0000c000 08:03 5916912                    /home/sharmila/.gradle/caches/modules-2/files-2.1/org.hamcrest/hamcrest-library/1.3/4785a3c21320980282f9f33d0d1264a69040538f/hamcrest-library-1.3.jar
7f98273ce000-7f98273d0000 r--s 00009000 08:03 5913472                    /home/sharmila/.gradle/caches/modules-2/files-2.1/org.hamcrest/hamcrest-core/1.3/42a25dc3219429f0e5d060061f71acb49bf010a0/hamcrest-core-1.3.jar
7f98273d0000-7f98273ec000 r--s 00103000 08:03 5916914                    /home/sharmila/.gradle/caches/modules-2/files-2.1/org.mockito/mockito-core/1.10.19/e8546f5bef4e061d8dd73895b4e8f40e3fe6effe/mockito-core-1.10.19.jar
7f98273ec000-7f98273ff000 r--s 000d2000 08:03 5916913                    /home/sharmila/.gradle/caches/modules-2/files-2.1/org.assertj/assertj-core/2.5.0/fcd21db4c5f33e5dcac69bf1816415fe0647582f/assertj-core-2.5.0.jar
7f98273ff000-7f9827404000 r--s 0002e000 08:03 5916911                    /home/sharmila/.gradle/caches/modules-2/files-2.1/com.jayway.jsonpath/json-path/2.2.0/22290d17944bd239fabf5ac69005a60a7ecbbbcb/json-path-2.2.0.jar
7f9827404000-7f9827409000 r--s 00017000 08:03 5923573                    /home/sharmila/.gradle/caches/modules-2/files-2.1/org.springframework.boot/spring-boot-test-autoconfigure/1.4.3.RELEASE/1a7587605e981a58104a501ab1896e2eb7a76686/spring-boot-test-autoconfigure-1.4.3.RELEASE.jar
7f9827409000-7f982740e000 r--s 00021000 08:03 5923572                    /home/sharmila/.gradle/caches/modules-2/files-2.1/org.springframework.boot/spring-boot-test/1.4.3.RELEASE/2d76638f0f13b33859bf3b927c232ff0f8a4ffbf/spring-boot-test-1.4.3.RELEASE.jar
7f982740e000-7f9827414000 r--s 0003d000 08:03 5916762                    /home/sharmila/.gradle/caches/modules-2/files-2.1/org.yaml/snakeyaml/1.17/7a27ea250c5130b2922b86dea63cbb1cc10a660c/snakeyaml-1.17.jar
7f9827414000-7f9827416000 r--s 00006000 08:03 5923638                    /home/sharmila/.gradle/caches/modules-2/files-2.1/com.beust/jcommander/1.12/7409692b48022f9eca7445861defbcdb9ee3c2a8/jcommander-1.12.jar
7f9827416000-7f982741b000 r--s 00040000 08:03 5923637                    /home/sharmila/.gradle/caches/modules-2/files-2.1/org.beanshell/bsh/2.0b4/a05f0a0feefa8d8467ac80e16e7de071489f0d9c/bsh-2.0b4.jar
7f982741b000-7f9827423000 r--s 00045000 08:03 5913471                    /home/sharmila/.gradle/caches/modules-2/files-2.1/junit/junit/4.12/2973d150c0dc1fefe998f834810d68f278ea58ec/junit-4.12.jar
7f9827423000-7f9827429000 r--s 0003f000 08:03 5923894                    /home/sharmila/.gradle/caches/modules-2/files-2.1/org.springframework.data/spring-data-jpa/1.10.6.RELEASE/5d478860b24a493845248c1c336c33a657567bd3/spring-data-jpa-1.10.6.RELEASE.jar
7f9827429000-7f9827436000 r--s 00089000 08:03 5923892                    /home/sharmila/.gradle/caches/modules-2/files-2.1/org.hibernate/hibernate-entitymanager/5.0.11.Final/549565caed4e0bcb816843693e66ff7b04ce025f/hibernate-entitymanager-5.0.11.Final.jar
7f9827436000-7f9827440000 r--s 000ae000 08:03 5916958                    /home/sharmila/.gradle/caches/modules-2/files-2.1/org.javassist/javassist/3.20.0-GA/a9cbcdfb7e9f86fbc74d3afae65f2248bfbf82a0/javassist-3.20.0-GA.jar
7f9827440000-7f98274a9000 r--s 004f3000 08:03 5923432                    /home/sharmila/.gradle/caches/modules-2/files-2.1/org.hibernate/hibernate-core/5.0.11.Final/c2487fb72a2217a7cec9ab478d4c21a36fc09977/hibernate-core-5.0.11.Final.jar
7f98274a9000-7f98274bc000 r--s 00236000 08:03 5916949                    /home/sharmila/.gradle/caches/modules-2/files-2.1/org.eclipse.jdt.core.compiler/ecj/4.5.1/bee1367ac12fb6a20b422ff8711ebeb4f0a42316/ecj-4.5.1.jar
7f98274bc000-7f98274e5000 r--s 002b2000 08:03 5917540                    /home/sharmila/.gradle/caches/modules-2/files-2.1/org.apache.tomcat.embed/tomcat-embed-core/8.5.6/960834b5abc6b2135250487abf6c060a0fa5a22e/tomcat-embed-core-8.5.6.jar
7f98274e5000-7f98274f6000 r--s 000cf000 08:03 5923571                    /home/sharmila/.gradle/caches/modules-2/files-2.1/org.springframework/spring-webmvc/4.3.5.RELEASE/c624659217edab07d8279fb0f90462136f089220/spring-webmvc-4.3.5.RELEASE.jar
7f98274f6000-7f9827508000 r--s 000b6000 08:03 5923570                    /home/sharmila/.gradle/caches/modules-2/files-2.1/org.springframework/spring-web/4.3.5.RELEASE/6641daccf2fddafc8358144f3a4f999130fdf144/spring-web-4.3.5.RELEASE.jar
7f9827508000-7f9827519000 r--s 0011d000 08:03 5923569                    /home/sharmila/.gradle/caches/modules-2/files-2.1/com.fasterxml.jackson.core/jackson-databind/2.8.5/b3035f37e674c04dafe36a660c3815cc59f764e2/jackson-databind-2.8.5.jar
7f9827519000-7f982751a000 ---p 00000000 00:00 0 
7f982751a000-7f982761a000 rw-p 00000000 00:00 0                          [stack:5985]
7f982761a000-7f982761d000 ---p 00000000 00:00 0 
7f982761d000-7f982771b000 rw-p 00000000 00:00 0                          [stack:5984]
7f982771b000-7f982771e000 ---p 00000000 00:00 0 
7f982771e000-7f982781c000 rw-p 00000000 00:00 0                          [stack:5983]
7f982781c000-7f982781f000 ---p 00000000 00:00 0 
7f982781f000-7f982791d000 rw-p 00000000 00:00 0                          [stack:5982]
7f982791d000-7f9828000000 r--p 00000000 08:03 3152909                    /usr/lib/locale/locale-archive
7f9828000000-7f9828021000 rw-p 00000000 00:00 0 
7f9828021000-7f982c000000 ---p 00000000 00:00 0 
7f982c000000-7f982c003000 r--s 0000c000 08:03 5923895                    /home/sharmila/.gradle/caches/modules-2/files-2.1/org.springframework/spring-aspects/4.3.5.RELEASE/8c00c15865a1da0a1ba143a50622a8436a56e097/spring-aspects-4.3.5.RELEASE.jar
7f982c003000-7f982c008000 r--s 00017000 08:03 5923828                    /home/sharmila/.gradle/caches/modules-2/files-2.1/org.hibernate.javax.persistence/hibernate-jpa-2.1-api/1.0.0.Final/5e731d961297e5a07290bfaf3db1fbc8bbbf405a/hibernate-jpa-2.1-api-1.0.0.Final.jar
7f982c008000-7f982c00d000 r--s 00036000 08:03 5917541                    /home/sharmila/.gradle/caches/modules-2/files-2.1/org.apache.tomcat.embed/tomcat-embed-el/8.5.6/a102298d8dc72f4065533d5962953d753b172602/tomcat-embed-el-8.5.6.jar
7f982c00d000-7f982c01d000 r--s 0009c000 08:03 5916756                    /home/sharmila/.gradle/caches/modules-2/files-2.1/org.hibernate/hibernate-validator/5.2.4.Final/fb18766b576aa6632bcfe9a20a023cbd52bf9769/hibernate-validator-5.2.4.Final.jar
7f982c01d000-7f982c029000 r--s 000a4000 08:03 5923636                    /home/sharmila/.gradle/caches/modules-2/files-2.1/org.testng/testng/6.5.2/5069d2e72356ed87645c5fc3622b0bbb5e0667c9/testng-6.5.2.jar
7f982c029000-7f982c02e000 r--s 00309000 08:03 5923826                    /home/sharmila/.gradle/caches/modules-2/files-2.1/org.xerial/sqlite-jdbc/3.7.2/7a3d67f00508d3881650579f7f228c61bfc1b196/sqlite-jdbc-3.7.2.jar
7f982c02e000-7f982c037000 r--s 00095000 08:03 5913393                    /home/sharmila/.gradle/caches/modules-2/files-2.1/org.apache.tomcat.embed/tomcat-embed-jasper/9.0.0.M11/e2cd5a7038094195c3163532e01daf051d9265fe/tomcat-embed-jasper-9.0.0.M11.jar
7f982c037000-7f982c03f000 r--s 00046000 08:03 2759763                    /home/sharmila/Downloads/sts 3.6.4/sts-bundle/sts-3.6.4.RELEASE/plugins/org.testng.eclipse_6.10.0.201612030230/lib/testng-remote.jar
7f982c03f000-7f982c042000 ---p 00000000 00:00 0 
7f982c042000-7f982c140000 rw-p 00000000 00:00 0                          [stack:5981]
7f982c140000-7f982c143000 ---p 00000000 00:00 0 
7f982c143000-7f982c241000 rw-p 00000000 00:00 0                          [stack:5980]
7f982c241000-7f982c244000 ---p 00000000 00:00 0 
7f982c244000-7f982c342000 rw-p 00000000 00:00 0                          [stack:5979]
7f982c342000-7f982c345000 ---p 00000000 00:00 0 
7f982c345000-7f982c443000 rw-p 00000000 00:00 0                          [stack:5978]
7f982c443000-7f982c444000 ---p 00000000 00:00 0 
7f982c444000-7f982d4f8000 rw-p 00000000 00:00 0                          [stack:5977]
7f982d4f8000-7f982d6d1000 r--s 03d3e000 08:03 3569606                    /usr/lib/jvm/java-8-oracle/jre/lib/rt.jar
7f982d6d1000-7f982fee4000 rw-p 00000000 00:00 0 
7f982fee4000-7f982fee5000 ---p 00000000 00:00 0 
7f982fee5000-7f982ffe5000 rw-p 00000000 00:00 0                          [stack:5975]
7f982ffe5000-7f982ffe6000 ---p 00000000 00:00 0 
7f982ffe6000-7f98300e6000 rw-p 00000000 00:00 0                          [stack:5974]
7f98300e6000-7f98300e7000 ---p 00000000 00:00 0 
7f98300e7000-7f98301e7000 rw-p 00000000 00:00 0                          [stack:5973]
7f98301e7000-7f98301e8000 ---p 00000000 00:00 0 
7f98301e8000-7f98302fe000 rw-p 00000000 00:00 0                          [stack:5972]
7f98302fe000-7f983042a000 ---p 00000000 00:00 0 
7f983042a000-7f9830440000 rw-p 00000000 00:00 0 
7f9830440000-7f983056c000 ---p 00000000 00:00 0 
7f983056c000-7f98305e6000 rw-p 00000000 00:00 0 
7f98305e6000-7f983060d000 ---p 00000000 00:00 0 
7f983060d000-7f9830645000 rw-p 00000000 00:00 0 
7f9830645000-7f98309ce000 ---p 00000000 00:00 0 
7f98309ce000-7f983176e000 rwxp 00000000 00:00 0 
7f983176e000-7f983f9ce000 ---p 00000000 00:00 0 
7f983f9ce000-7f983f9e8000 r-xp 00000000 08:03 4870864                    /usr/lib/jvm/java-8-oracle/jre/lib/amd64/libzip.so
7f983f9e8000-7f983fbe8000 ---p 0001a000 08:03 4870864                    /usr/lib/jvm/java-8-oracle/jre/lib/amd64/libzip.so
7f983fbe8000-7f983fbe9000 rw-p 0001a000 08:03 4870864                    /usr/lib/jvm/java-8-oracle/jre/lib/amd64/libzip.so
7f983fbe9000-7f983fbf3000 r-xp 00000000 08:03 4070135                    /lib/x86_64-linux-gnu/libnss_files-2.19.so
7f983fbf3000-7f983fdf2000 ---p 0000a000 08:03 4070135                    /lib/x86_64-linux-gnu/libnss_files-2.19.so
7f983fdf2000-7f983fdf3000 r--p 00009000 08:03 4070135                    /lib/x86_64-linux-gnu/libnss_files-2.19.so
7f983fdf3000-7f983fdf4000 rw-p 0000a000 08:03 4070135                    /lib/x86_64-linux-gnu/libnss_files-2.19.so
7f983fdf4000-7f983fdff000 r-xp 00000000 08:03 4070127                    /lib/x86_64-linux-gnu/libnss_nis-2.19.so
7f983fdff000-7f983fffe000 ---p 0000b000 08:03 4070127                    /lib/x86_64-linux-gnu/libnss_nis-2.19.so
7f983fffe000-7f983ffff000 r--p 0000a000 08:03 4070127                    /lib/x86_64-linux-gnu/libnss_nis-2.19.so
7f983ffff000-7f9840000000 rw-p 0000b000 08:03 4070127                    /lib/x86_64-linux-gnu/libnss_nis-2.19.so
7f9840000000-7f98416fc000 rw-p 00000000 00:00 0 
7f98416fc000-7f9844000000 ---p 00000000 00:00 0 
7f9844000000-7f9844002000 r--s 00006000 08:03 5923893                    /home/sharmila/.gradle/caches/modules-2/files-2.1/javax.transaction/javax.transaction-api/1.2/d81aff979d603edd90dcd8db2abc1f4ce6479e3e/javax.transaction-api-1.2.jar
7f9844002000-7f9844003000 r--s 00000000 08:03 5923891                    /home/sharmila/.gradle/caches/modules-2/files-2.1/org.springframework.boot/spring-boot-starter-jdbc/1.4.3.RELEASE/7ce66cf27ea731189248be7af2ab84ba189e1151/spring-boot-starter-jdbc-1.4.3.RELEASE.jar
7f9844003000-7f9844079000 rw-p 00000000 00:00 0 
7f9844079000-7f9844090000 r-xp 00000000 08:03 4070123                    /lib/x86_64-linux-gnu/libnsl-2.19.so
7f9844090000-7f984428f000 ---p 00017000 08:03 4070123                    /lib/x86_64-linux-gnu/libnsl-2.19.so
7f984428f000-7f9844290000 r--p 00016000 08:03 4070123                    /lib/x86_64-linux-gnu/libnsl-2.19.so
7f9844290000-7f9844291000 rw-p 00017000 08:03 4070123                    /lib/x86_64-linux-gnu/libnsl-2.19.so
7f9844291000-7f9844293000 rw-p 00000000 00:00 0 
7f9844293000-7f984429c000 r-xp 00000000 08:03 4070122                    /lib/x86_64-linux-gnu/libnss_compat-2.19.so
7f984429c000-7f984449b000 ---p 00009000 08:03 4070122                    /lib/x86_64-linux-gnu/libnss_compat-2.19.so
7f984449b000-7f984449c000 r--p 00008000 08:03 4070122                    /lib/x86_64-linux-gnu/libnss_compat-2.19.so
7f984449c000-7f984449d000 rw-p 00009000 08:03 4070122                    /lib/x86_64-linux-gnu/libnss_compat-2.19.so
7f984449d000-7f98444c8000 r-xp 00000000 08:03 4870782                    /usr/lib/jvm/java-8-oracle/jre/lib/amd64/libjava.so
7f98444c8000-7f98446c7000 ---p 0002b000 08:03 4870782                    /usr/lib/jvm/java-8-oracle/jre/lib/amd64/libjava.so
7f98446c7000-7f98446c9000 rw-p 0002a000 08:03 4870782                    /usr/lib/jvm/java-8-oracle/jre/lib/amd64/libjava.so
7f98446c9000-7f98446d6000 r-xp 00000000 08:03 4870821                    /usr/lib/jvm/java-8-oracle/jre/lib/amd64/libverify.so
7f98446d6000-7f98448d5000 ---p 0000d000 08:03 4870821                    /usr/lib/jvm/java-8-oracle/jre/lib/amd64/libverify.so
7f98448d5000-7f98448d7000 rw-p 0000c000 08:03 4870821                    /usr/lib/jvm/java-8-oracle/jre/lib/amd64/libverify.so
7f98448d7000-7f98448de000 r-xp 00000000 08:03 4070131                    /lib/x86_64-linux-gnu/librt-2.19.so
7f98448de000-7f9844add000 ---p 00007000 08:03 4070131                    /lib/x86_64-linux-gnu/librt-2.19.so
7f9844add000-7f9844ade000 r--p 00006000 08:03 4070131                    /lib/x86_64-linux-gnu/librt-2.19.so
7f9844ade000-7f9844adf000 rw-p 00007000 08:03 4070131                    /lib/x86_64-linux-gnu/librt-2.19.so
7f9844adf000-7f9844be4000 r-xp 00000000 08:03 4070117                    /lib/x86_64-linux-gnu/libm-2.19.so
7f9844be4000-7f9844de3000 ---p 00105000 08:03 4070117                    /lib/x86_64-linux-gnu/libm-2.19.so
7f9844de3000-7f9844de4000 r--p 00104000 08:03 4070117                    /lib/x86_64-linux-gnu/libm-2.19.so
7f9844de4000-7f9844de5000 rw-p 00105000 08:03 4070117                    /lib/x86_64-linux-gnu/libm-2.19.so
7f9844de5000-7f9845ab3000 r-xp 00000000 08:03 5260205                    /usr/lib/jvm/java-8-oracle/jre/lib/amd64/server/libjvm.so
7f9845ab3000-7f9845cb3000 ---p 00cce000 08:03 5260205                    /usr/lib/jvm/java-8-oracle/jre/lib/amd64/server/libjvm.so
7f9845cb3000-7f9845d8c000 rw-p 00cce000 08:03 5260205                    /usr/lib/jvm/java-8-oracle/jre/lib/amd64/server/libjvm.so
7f9845d8c000-7f9845dd7000 rw-p 00000000 00:00 0 
7f9845dd7000-7f9845f91000 r-xp 00000000 08:03 4070132                    /lib/x86_64-linux-gnu/libc-2.19.so
7f9845f91000-7f9846191000 ---p 001ba000 08:03 4070132                    /lib/x86_64-linux-gnu/libc-2.19.so
7f9846191000-7f9846195000 r--p 001ba000 08:03 4070132                    /lib/x86_64-linux-gnu/libc-2.19.so
7f9846195000-7f9846197000 rw-p 001be000 08:03 4070132                    /lib/x86_64-linux-gnu/libc-2.19.so
7f9846197000-7f984619c000 rw-p 00000000 00:00 0 
7f984619c000-7f984619f000 r-xp 00000000 08:03 4070119                    /lib/x86_64-linux-gnu/libdl-2.19.so
7f984619f000-7f984639e000 ---p 00003000 08:03 4070119                    /lib/x86_64-linux-gnu/libdl-2.19.so
7f984639e000-7f984639f000 r--p 00002000 08:03 4070119                    /lib/x86_64-linux-gnu/libdl-2.19.so
7f984639f000-7f98463a0000 rw-p 00003000 08:03 4070119                    /lib/x86_64-linux-gnu/libdl-2.19.so
7f98463a0000-7f98463b5000 r-xp 00000000 08:03 3555343                    /usr/lib/jvm/java-8-oracle/lib/amd64/jli/libjli.so
7f98463b5000-7f98465b5000 ---p 00015000 08:03 3555343                    /usr/lib/jvm/java-8-oracle/lib/amd64/jli/libjli.so
7f98465b5000-7f98465b6000 rw-p 00015000 08:03 3555343                    /usr/lib/jvm/java-8-oracle/lib/amd64/jli/libjli.so
7f98465b6000-7f98465cf000 r-xp 00000000 08:03 4070124                    /lib/x86_64-linux-gnu/libpthread-2.19.so
7f98465cf000-7f98467ce000 ---p 00019000 08:03 4070124                    /lib/x86_64-linux-gnu/libpthread-2.19.so
7f98467ce000-7f98467cf000 r--p 00018000 08:03 4070124                    /lib/x86_64-linux-gnu/libpthread-2.19.so
7f98467cf000-7f98467d0000 rw-p 00019000 08:03 4070124                    /lib/x86_64-linux-gnu/libpthread-2.19.so
7f98467d0000-7f98467d4000 rw-p 00000000 00:00 0 
7f98467d4000-7f98467f7000 r-xp 00000000 08:03 4070125                    /lib/x86_64-linux-gnu/ld-2.19.so
7f98467f7000-7f98467f8000 r--s 00000000 08:03 5923890                    /home/sharmila/.gradle/caches/modules-2/files-2.1/org.springframework.boot/spring-boot-starter-aop/1.4.3.RELEASE/30b11b6455bed446d3b4a1a49fab529b2cfac454/spring-boot-starter-aop-1.4.3.RELEASE.jar
7f98467f8000-7f98467fa000 r--s 0000f000 08:03 5916917                    /home/sharmila/.gradle/caches/modules-2/files-2.1/org.jboss.logging/jboss-logging/3.3.0.Final/3616bb87707910296e2c195dc016287080bba5af/jboss-logging-3.3.0.Final.jar
7f98467fa000-7f98467fb000 r--s 00000000 08:03 5923568                    /home/sharmila/.gradle/caches/modules-2/files-2.1/org.springframework.boot/spring-boot-starter-tomcat/1.4.3.RELEASE/61c48035a7a3b06b42fdd07b7109e562077b3792/spring-boot-starter-tomcat-1.4.3.RELEASE.jar
7f98467fb000-7f98468cd000 rw-p 00000000 00:00 0 
7f98468cd000-7f98468d0000 ---p 00000000 00:00 0 
7f98468d0000-7f98469d2000 rw-p 00000000 00:00 0                          [stack:5955]
7f98469d2000-7f98469d3000 r--s 00000000 08:03 5923567                    /home/sharmila/.gradle/caches/modules-2/files-2.1/org.springframework.boot/spring-boot-starter/1.4.3.RELEASE/c99bad104719e947b3f9aa2b7569583805e4c5d5/spring-boot-starter-1.4.3.RELEASE.jar
7f98469d3000-7f98469d4000 r--s 00000000 08:03 5923566                    /home/sharmila/.gradle/caches/modules-2/files-2.1/org.springframework.boot/spring-boot-starter-test/1.4.3.RELEASE/6e9f1dbd3f68299c0183630ef07ca430de160050/spring-boot-starter-test-1.4.3.RELEASE.jar
7f98469d4000-7f98469d5000 r--s 00000000 08:03 5923889                    /home/sharmila/.gradle/caches/modules-2/files-2.1/org.springframework.boot/spring-boot-starter-data-jpa/1.4.3.RELEASE/ffda06c2144d10239014407333c223a237b73ad7/spring-boot-starter-data-jpa-1.4.3.RELEASE.jar
7f98469d5000-7f98469d6000 r--s 00003000 08:03 5923431                    /home/sharmila/.gradle/caches/modules-2/files-2.1/org.hibernate/hibernate-gradle-plugin/5.2.3.Final/db2ad8695e48a03a566b74fb5fc07c1732c1f5e5/hibernate-gradle-plugin-5.2.3.Final.jar
7f98469d6000-7f98469d7000 r--s 00000000 08:03 5923565                    /home/sharmila/.gradle/caches/modules-2/files-2.1/org.springframework.boot/spring-boot-starter-web/1.4.3.RELEASE/a0dcc919eda8e8ecb6f13f52a30e6afbb8266103/spring-boot-starter-web-1.4.3.RELEASE.jar
7f98469d7000-7f98469ea000 rw-p 00000000 00:00 0 
7f98469ea000-7f98469f2000 rw-s 00000000 08:03 5923990                    /tmp/hsperfdata_sharmila/5939
7f98469f2000-7f98469f3000 rw-p 00000000 00:00 0 
7f98469f3000-7f98469f4000 r--p 00000000 00:00 0 
7f98469f4000-7f98469f6000 rw-p 00000000 00:00 0 
7f98469f6000-7f98469f7000 r--p 00022000 08:03 4070125                    /lib/x86_64-linux-gnu/ld-2.19.so
7f98469f7000-7f98469f8000 rw-p 00023000 08:03 4070125                    /lib/x86_64-linux-gnu/ld-2.19.so
7f98469f8000-7f98469f9000 rw-p 00000000 00:00 0 
7ffd71f2d000-7ffd71f51000 rw-p 00000000 00:00 0                          [stack]
7ffd71fb4000-7ffd71fb6000 r-xp 00000000 00:00 0                          [vdso]
ffffffffff600000-ffffffffff601000 r-xp 00000000 00:00 0                  [vsyscall]

VM Arguments:
jvm_args: -ea -Dfile.encoding=UTF-8 
java_command: org.testng.remote.RemoteTestNG -serport 39602 -protocol json -d /home/sharmila/Documents/work-office/TestNG_Project/test-output /tmp/testng-eclipse-1659256621/testng-customsuite.xml
java_class_path (initial): /home/sharmila/Downloads/sts 3.6.4/sts-bundle/sts-3.6.4.RELEASE/plugins/org.testng.eclipse_6.10.0.201612030230/lib/testng-remote.jar:/home/sharmila/Documents/work-office/TestNG_Project/bin:/home/sharmila/.gradle/caches/modules-2/files-2.1/org.springframework.boot/spring-boot-starter-web/1.4.3.RELEASE/a0dcc919eda8e8ecb6f13f52a30e6afbb8266103/spring-boot-starter-web-1.4.3.RELEASE.jar:/home/sharmila/.gradle/caches/modules-2/files-2.1/org.apache.tomcat.embed/tomcat-embed-jasper/9.0.0.M11/e2cd5a7038094195c3163532e01daf051d9265fe/tomcat-embed-jasper-9.0.0.M11.jar:/home/sharmila/.gradle/caches/modules-2/files-2.1/org.xerial/sqlite-jdbc/3.7.2/7a3d67f00508d3881650579f7f228c61bfc1b196/sqlite-jdbc-3.7.2.jar:/home/sharmila/.gradle/caches/modules-2/files-2.1/org.hibernate/hibernate-gradle-plugin/5.2.3.Final/db2ad8695e48a03a566b74fb5fc07c1732c1f5e5/hibernate-gradle-plugin-5.2.3.Final.jar:/home/sharmila/.gradle/caches/modules-2/files-2.1/org.springframework.boot/spring-boot-starter-data-jpa/1.4.3.RELEASE/ffda06c2144d10239014407333c223a237b73ad7/spring-boot-starter-data-jpa-1.4.3.RELEASE.jar:/home/sharmila/.gradle/caches/modules-2/files-2.1/org.testng/testng/6.5.2/5069d2e72356ed87645c5fc3622b0bbb5e0667c9/testng-6.5.2.jar:/home/sharmila/.gradle/caches/modules-2/files-2.1/org.springframework.boot/spring-boot-starter-test/1.4.3.RELEASE/6e9f1dbd3f68299c0183630ef07ca430de160050/spring-boot-starter-test-1.4.3.RELEASE.jar:/home/sharmila/.gradle/caches/modules-2/files-2.1/org.springframework.boot/spring-boot-starter/1.4.3.RELEASE/c99bad104719e947b3f9aa2b7569583805e4c5d5/spring-boot-starter-1.4.3.RELEASE.jar:/home/sharmila/.gradle/caches/modules-2/files-2.1/org.springframework.boot/spring-boot-starter-tomcat/1.4.3.RELEASE/61c48035a7a3b06b42fdd07b7109e562077b3792/spring-boot-starter-tomcat-1.4.3.RELEASE.jar:/home/sharmila/.gradle/caches/modules-2/files-2.1/org.hibernate/hibernate-validator/5.2.4.Final/fb18766b576aa6632bcfe9a20a023cbd52bf9769/hibernate-validator-5
Launcher Type: SUN_STANDARD

Environment Variables:
JAVA_HOME=/usr/lib/jvm/java-8-oracle
PATH=/usr/local/sbin:/usr/local/bin:/usr/sbin:/usr/bin:/sbin:/bin:/usr/games:/usr/local/games:/usr/lib/jvm/java-8-oracle/bin:/usr/lib/jvm/java-8-oracle/db/bin:/usr/lib/jvm/java-8-oracle/jre/bin
SHELL=/bin/bash
DISPLAY=:0.0

Signal Handlers:
SIGSEGV: [libjvm.so+0xac78c0], sa_mask[0]=11111111011111111101111111111110, sa_flags=SA_RESTART|SA_SIGINFO
SIGBUS: [libjvm.so+0xac78c0], sa_mask[0]=11111111011111111101111111111110, sa_flags=SA_RESTART|SA_SIGINFO
SIGFPE: [libjvm.so+0x920ac0], sa_mask[0]=11111111011111111101111111111110, sa_flags=SA_RESTART|SA_SIGINFO
SIGPIPE: [libjvm.so+0x920ac0], sa_mask[0]=11111111011111111101111111111110, sa_flags=SA_RESTART|SA_SIGINFO
SIGXFSZ: [libjvm.so+0x920ac0], sa_mask[0]=11111111011111111101111111111110, sa_flags=SA_RESTART|SA_SIGINFO
SIGILL: [libjvm.so+0x920ac0], sa_mask[0]=11111111011111111101111111111110, sa_flags=SA_RESTART|SA_SIGINFO
SIGUSR1: SIG_DFL, sa_mask[0]=00000000000000000000000000000000, sa_flags=none
SIGUSR2: [libjvm.so+0x922300], sa_mask[0]=00100000000000000000000000000000, sa_flags=SA_RESTART|SA_SIGINFO
SIGHUP: [libjvm.so+0x923700], sa_mask[0]=11111111011111111101111111111110, sa_flags=SA_RESTART|SA_SIGINFO
SIGINT: [libjvm.so+0x923700], sa_mask[0]=11111111011111111101111111111110, sa_flags=SA_RESTART|SA_SIGINFO
SIGTERM: [libjvm.so+0x923700], sa_mask[0]=11111111011111111101111111111110, sa_flags=SA_RESTART|SA_SIGINFO
SIGQUIT: [libjvm.so+0x923700], sa_mask[0]=11111111011111111101111111111110, sa_flags=SA_RESTART|SA_SIGINFO


---------------  S Y S T E M  ---------------

OS:DISTRIB_ID=Ubuntu
DISTRIB_RELEASE=14.04
DISTRIB_CODENAME=trusty
DISTRIB_DESCRIPTION="Ubuntu 14.04.5 LTS"

uname:Linux 3.13.0-107-generic #154-Ubuntu SMP Tue Dec 20 09:57:27 UTC 2016 x86_64
libc:glibc 2.19 NPTL 2.19 
rlimit: STACK 8192k, CORE 0k, NPROC 30712, NOFILE 4096, AS infinity
load average:22.18 11.17 4.68

/proc/meminfo:
MemTotal:        3953548 kB
MemFree:          380644 kB
Buffers:            1492 kB
Cached:           507680 kB
SwapCached:        29656 kB
Active:          2309808 kB
Inactive:        1036196 kB
Active(anon):    2190124 kB
Inactive(anon):   998752 kB
Active(file):     119684 kB
Inactive(file):    37444 kB
Unevictable:         208 kB
Mlocked:             208 kB
SwapTotal:       7999484 kB
SwapFree:        7788912 kB
Dirty:               340 kB
Writeback:             0 kB
AnonPages:       2807684 kB
Mapped:           281924 kB
Shmem:            352084 kB
Slab:              99056 kB
SReclaimable:      60988 kB
SUnreclaim:        38068 kB
KernelStack:        5512 kB
PageTables:        48148 kB
NFS_Unstable:          0 kB
Bounce:                0 kB
WritebackTmp:          0 kB
CommitLimit:     9976256 kB
Committed_AS:    8037464 kB
VmallocTotal:   34359738367 kB
VmallocUsed:      400960 kB
VmallocChunk:   34359328188 kB
HardwareCorrupted:     0 kB
AnonHugePages:   1314816 kB
HugePages_Total:       0
HugePages_Free:        0
HugePages_Rsvd:        0
HugePages_Surp:        0
Hugepagesize:       2048 kB
DirectMap4k:       94380 kB
DirectMap2M:     2957312 kB
DirectMap1G:     1048576 kB


CPU:total 4 (2 cores per cpu, 2 threads per core) family 6 model 69 stepping 1, cmov, cx8, fxsr, mmx, sse, sse2, sse3, ssse3, sse4.1, sse4.2, popcnt, avx, avx2, aes, clmul, erms, lzcnt, ht, tsc, tscinvbit, bmi1, bmi2

/proc/cpuinfo:
processor	: 0
vendor_id	: GenuineIntel
cpu family	: 6
model		: 69
model name	: Intel(R) Core(TM) i5-4200U CPU @ 1.60GHz
stepping	: 1
microcode	: 0x17
cpu MHz		: 1600.000
cache size	: 3072 KB
physical id	: 0
siblings	: 4
core id		: 0
cpu cores	: 2
apicid		: 0
initial apicid	: 0
fpu		: yes
fpu_exception	: yes
cpuid level	: 13
wp		: yes
flags		: fpu vme de pse tsc msr pae mce cx8 apic sep mtrr pge mca cmov pat pse36 clflush dts acpi mmx fxsr sse sse2 ss ht tm pbe syscall nx pdpe1gb rdtscp lm constant_tsc arch_perfmon pebs bts rep_good nopl xtopology nonstop_tsc aperfmperf eagerfpu pni pclmulqdq dtes64 monitor ds_cpl vmx est tm2 ssse3 fma cx16 xtpr pdcm pcid sse4_1 sse4_2 movbe popcnt tsc_deadline_timer aes xsave avx f16c rdrand lahf_lm abm ida arat epb xsaveopt pln pts dtherm tpr_shadow vnmi flexpriority ept vpid fsgsbase tsc_adjust bmi1 avx2 smep bmi2 erms invpcid
bogomips	: 4589.54
clflush size	: 64
cache_alignment	: 64
address sizes	: 39 bits physical, 48 bits virtual
power management:

processor	: 1
vendor_id	: GenuineIntel
cpu family	: 6
model		: 69
model name	: Intel(R) Core(TM) i5-4200U CPU @ 1.60GHz
stepping	: 1
microcode	: 0x17
cpu MHz		: 1600.000
cache size	: 3072 KB
physical id	: 0
siblings	: 4
core id		: 0
cpu cores	: 2
apicid		: 1
initial apicid	: 1
fpu		: yes
fpu_exception	: yes
cpuid level	: 13
wp		: yes
flags		: fpu vme de pse tsc msr pae mce cx8 apic sep mtrr pge mca cmov pat pse36 clflush dts acpi mmx fxsr sse sse2 ss ht tm pbe syscall nx pdpe1gb rdtscp lm constant_tsc arch_perfmon pebs bts rep_good nopl xtopology nonstop_tsc aperfmperf eagerfpu pni pclmulqdq dtes64 monitor ds_cpl vmx est tm2 ssse3 fma cx16 xtpr pdcm pcid sse4_1 sse4_2 movbe popcnt tsc_deadline_timer aes xsave avx f16c rdrand lahf_lm abm ida arat epb xsaveopt pln pts dtherm tpr_shadow vnmi flexpriority ept vpid fsgsbase tsc_adjust bmi1 avx2 smep bmi2 erms invpcid
bogomips	: 4589.54
clflush size	: 64
cache_alignment	: 64
address sizes	: 39 bits physical, 48 bits virtual
power management:

processor	: 2
vendor_id	: GenuineIntel
cpu family	: 6
model		: 69
model name	: Intel(R) Core(TM) i5-4200U CPU @ 1.60GHz
stepping	: 1
microcode	: 0x17
cpu MHz		: 759.000
cache size	: 3072 KB
physical id	: 0
siblings	: 4
core id		: 1
cpu cores	: 2
apicid		: 2
initial apicid	: 2
fpu		: yes
fpu_exception	: yes
cpuid level	: 13
wp		: yes
flags		: fpu vme de pse tsc msr pae mce cx8 apic sep mtrr pge mca cmov pat pse36 clflush dts acpi mmx fxsr sse sse2 ss ht tm pbe syscall nx pdpe1gb rdtscp lm constant_tsc arch_perfmon pebs bts rep_good nopl xtopology nonstop_tsc aperfmperf eagerfpu pni pclmulqdq dtes64 monitor ds_cpl vmx est tm2 ssse3 fma cx16 xtpr pdcm pcid sse4_1 sse4_2 movbe popcnt tsc_deadline_timer aes xsave avx f16c rdrand lahf_lm abm ida arat epb xsaveopt pln pts dtherm tpr_shadow vnmi flexpriority ept vpid fsgsbase tsc_adjust bmi1 avx2 smep bmi2 erms invpcid
bogomips	: 4589.54
clflush size	: 64
cache_alignment	: 64
address sizes	: 39 bits physical, 48 bits virtual
power management:

processor	: 3
vendor_id	: GenuineIntel
cpu family	: 6
model		: 69
model name	: Intel(R) Core(TM) i5-4200U CPU @ 1.60GHz
stepping	: 1
microcode	: 0x17
cpu MHz		: 1600.000
cache size	: 3072 KB
physical id	: 0
siblings	: 4
core id		: 1
cpu cores	: 2
apicid		: 3
initial apicid	: 3
fpu		: yes
fpu_exception	: yes
cpuid level	: 13
wp		: yes
flags		: fpu vme de pse tsc msr pae mce cx8 apic sep mtrr pge mca cmov pat pse36 clflush dts acpi mmx fxsr sse sse2 ss ht tm pbe syscall nx pdpe1gb rdtscp lm constant_tsc arch_perfmon pebs bts rep_good nopl xtopology nonstop_tsc aperfmperf eagerfpu pni pclmulqdq dtes64 monitor ds_cpl vmx est tm2 ssse3 fma cx16 xtpr pdcm pcid sse4_1 sse4_2 movbe popcnt tsc_deadline_timer aes xsave avx f16c rdrand lahf_lm abm ida arat epb xsaveopt pln pts dtherm tpr_shadow vnmi flexpriority ept vpid fsgsbase tsc_adjust bmi1 avx2 smep bmi2 erms invpcid
bogomips	: 4589.54
clflush size	: 64
cache_alignment	: 64
address sizes	: 39 bits physical, 48 bits virtual
power management:



Memory: 4k page, physical 3953548k(380644k free), swap 7999484k(7788912k free)

vm_info: Java HotSpot(TM) 64-Bit Server VM (25.121-b13) for linux-amd64 JRE (1.8.0_121-b13), built on Dec 12 2016 16:36:53 by "java_re" with gcc 4.3.0 20080428 (Red Hat 4.3.0-8)

time: Mon Jan 23 15:51:29 2017
elapsed time: 28 seconds (0d 0h 0m 28s)

