#
# A fatal error has been detected by the Java Runtime Environment:
#
#  SIGSEGV (0xb) at pc=0x00007f3b4395f118, pid=5344, tid=0x00007f3b44e65700
#
# JRE version: Java(TM) SE Runtime Environment (8.0_121-b13) (build 1.8.0_121-b13)
# Java VM: Java HotSpot(TM) 64-Bit Server VM (25.121-b13 mixed mode linux-amd64 compressed oops)
# Problematic frame:
# V  [libjvm.so+0x6e2118]  jni_GetStringUTFChars+0xb8
#
# Failed to write core dump. Core dumps have been disabled. To enable core dumping, try "ulimit -c unlimited" before starting Java again
#
# If you would like to submit a bug report, please visit:
#   http://bugreport.java.com/bugreport/crash.jsp
#

---------------  T H R E A D  ---------------

Current thread (0x00007f3b3c010000):  JavaThread "main" [_thread_in_vm, id=5346, stack(0x00007f3b44d65000,0x00007f3b44e66000)]

siginfo: si_signo: 11 (SIGSEGV), si_code: 1 (SEGV_MAPERR), si_addr: 0x0000000000000000

Registers:
RAX=0x00007f3b44234550, RBX=0x0000000000000000, RCX=0x000000076abcec68, RDX=0x00007f3b442429e0
RSP=0x00007f3b44e5fa60, RBP=0x00007f3b44e5fb00, RSI=0x00007f3b3c010000, RDI=0x00007f3b44e5faa0
R8 =0x00007f3b2d012c80, R9 =0x000000076abcec68, R10=0x0000000000000176, R11=0x00007f3b442429e8
R12=0x00007f3b3c010000, R13=0x0000000000000000, R14=0x00007f3b44e5fbd8, R15=0x00007f3b44e5faa0
RIP=0x00007f3b4395f118, EFLAGS=0x0000000000010246, CSGSFS=0x0000000000000033, ERR=0x0000000000000004
  TRAPNO=0x000000000000000e

Top of Stack: (sp=0x00007f3b44e5fa60)
0x00007f3b44e5fa60:   00007f3b44e5fb28 0000000000000000
0x00007f3b44e5fa70:   00007f3b2d108380 00007f3b44244800
0x00007f3b44e5fa80:   00007f3b44e600f8 00007f3b2d012c80
0x00007f3b44e5fa90:   0000000776a964b0 0000000050200030
0x00007f3b44e5faa0:   00007f3b3c010000 0000000000000000
0x00007f3b44e5fab0:   00007f3b2c800480 00007f3b2d0082bd
0x00007f3b44e5fac0:   00007f3b3c010000 0000000776a964b0
0x00007f3b44e5fad0:   00007f3b44e5fb70 00007f3b24099cb8
0x00007f3b44e5fae0:   00007f3b3cbafc28 0000000000000000
0x00007f3b44e5faf0:   00007f3b44e5fbd8 00007f3b3c010000
0x00007f3b44e5fb00:   00007f3b3c0101f8 00007f3b1fc842b0
0x00007f3b44e5fb10:   00007f3b44e5fb70 00007f3b2d0082bd
0x00007f3b44e5fb20:   00007f3b24099cb8 00007f3b44e5fbb0
0x00007f3b44e5fb30:   0000000000000000 00007f3b24099cb0
0x00007f3b44e5fb40:   00007f3b44e5fbd8 00007f3b2d0184cf
0x00007f3b44e5fb50:   0000000000000000 00007f3b240b9508
0x00007f3b44e5fb60:   0000000000000000 000000076abcec68
0x00007f3b44e5fb70:   00007f3b44e5fb60 0000000000000000
0x00007f3b44e5fb80:   00007f3b44e5fbd8 00007f3b240a05c0
0x00007f3b44e5fb90:   0000000000000000 00007f3b24099cb8
0x00007f3b44e5fba0:   0000000000000000 00007f3b44e5fbd0
0x00007f3b44e5fbb0:   00007f3b44e5fc38 00007f3b2d007dd0
0x00007f3b44e5fbc0:   0000000000000000 00007f3b2d011537
0x00007f3b44e5fbd0:   0000000000000000 000000076abcec68
0x00007f3b44e5fbe0:   0000000776a96450 0000000776a964b0
0x00007f3b44e5fbf0:   000000076abcec68 00007f3b44e5fbe8
0x00007f3b44e5fc00:   00007f3b2409d57d 00007f3b44e5fc50
0x00007f3b44e5fc10:   00007f3b2409fe10 0000000000000000
0x00007f3b44e5fc20:   00007f3b2409d5c8 00007f3b44e5fbd0
0x00007f3b44e5fc30:   00007f3b44e5fc48 00007f3b44e5fc98
0x00007f3b44e5fc40:   00007f3b2d0082bd 0000000776a96450
0x00007f3b44e5fc50:   000000076abcec68 00007f3b44e5fc58 

Instructions: (pc=0x00007f3b4395f118)
0x00007f3b4395f0f8:   84 24 70 02 00 00 06 00 00 00 4c 89 e6 4c 89 65
0x00007f3b4395f108:   c0 4c 89 ff e8 1f 01 01 00 48 8b 05 18 d0 88 00
0x00007f3b4395f118:   4c 8b 2b 8b 10 48 8b 05 44 fc 88 00 80 38 00 0f
0x00007f3b4395f128:   84 2b 01 00 00 48 63 c2 41 8b 54 05 00 85 d2 0f 

Register to memory mapping:

RAX=0x00007f3b44234550: <offset 0xfb7550> in /usr/lib/jvm/java-8-oracle/jre/lib/amd64/server/libjvm.so at 0x00007f3b4327d000
RBX=0x0000000000000000 is an unknown value
RCX=0x000000076abcec68 is an oop
org.sqlite.NativeDB 
 - klass: 'org/sqlite/NativeDB'
RDX=0x00007f3b442429e0: <offset 0xfc59e0> in /usr/lib/jvm/java-8-oracle/jre/lib/amd64/server/libjvm.so at 0x00007f3b4327d000
RSP=0x00007f3b44e5fa60 is pointing into the stack for thread: 0x00007f3b3c010000
RBP=0x00007f3b44e5fb00 is pointing into the stack for thread: 0x00007f3b3c010000
RSI=0x00007f3b3c010000 is a thread
RDI=0x00007f3b44e5faa0 is pointing into the stack for thread: 0x00007f3b3c010000
R8 =0x00007f3b2d012c80 is at code_begin+0 in an Interpreter codelet
method entry point (kind = zerolocals)  [0x00007f3b2d012c80, 0x00007f3b2d013100]  1152 bytes
R9 =0x000000076abcec68 is an oop
org.sqlite.NativeDB 
 - klass: 'org/sqlite/NativeDB'
R10=0x0000000000000176 is an unknown value
R11=0x00007f3b442429e8: <offset 0xfc59e8> in /usr/lib/jvm/java-8-oracle/jre/lib/amd64/server/libjvm.so at 0x00007f3b4327d000
R12=0x00007f3b3c010000 is a thread
R13=0x0000000000000000 is an unknown value
R14=0x00007f3b44e5fbd8 is pointing into the stack for thread: 0x00007f3b3c010000
R15=0x00007f3b44e5faa0 is pointing into the stack for thread: 0x00007f3b3c010000


Stack: [0x00007f3b44d65000,0x00007f3b44e66000],  sp=0x00007f3b44e5fa60,  free space=1002k
Native frames: (J=compiled Java code, j=interpreted, Vv=VM code, C=native code)
V  [libjvm.so+0x6e2118]  jni_GetStringUTFChars+0xb8
C  [sqlite-3.7.2-libsqlitejdbc.so+0xd2b0]  Java_org_sqlite_NativeDB_prepare+0x2f

Java frames: (J=compiled Java code, j=interpreted, Vv=VM code)
j  org.sqlite.NativeDB.prepare(Ljava/lang/String;)J+0
j  org.sqlite.DB.prepare(Lorg/sqlite/Stmt;)V+21
j  org.sqlite.PrepStmt.<init>(Lorg/sqlite/Conn;Ljava/lang/String;)V+15
j  org.sqlite.Conn.prepareStatement(Ljava/lang/String;III)Ljava/sql/PreparedStatement;+14
j  org.sqlite.Conn.prepareStatement(Ljava/lang/String;II)Ljava/sql/PreparedStatement;+5
j  org.sqlite.Conn.prepareStatement(Ljava/lang/String;)Ljava/sql/PreparedStatement;+8
v  ~StubRoutines::call_stub
J 1343  sun.reflect.NativeMethodAccessorImpl.invoke0(Ljava/lang/reflect/Method;Ljava/lang/Object;[Ljava/lang/Object;)Ljava/lang/Object; (0 bytes) @ 0x00007f3b2d4d2177 [0x00007f3b2d4d2100+0x77]
J 1342 C1 sun.reflect.NativeMethodAccessorImpl.invoke(Ljava/lang/Object;[Ljava/lang/Object;)Ljava/lang/Object; (104 bytes) @ 0x00007f3b2d4da914 [0x00007f3b2d4d9740+0x11d4]
J 1191 C1 sun.reflect.DelegatingMethodAccessorImpl.invoke(Ljava/lang/Object;[Ljava/lang/Object;)Ljava/lang/Object; (10 bytes) @ 0x00007f3b2d4163cc [0x00007f3b2d4162c0+0x10c]
J 1203 C1 java.lang.reflect.Method.invoke(Ljava/lang/Object;[Ljava/lang/Object;)Ljava/lang/Object; (62 bytes) @ 0x00007f3b2d432e1c [0x00007f3b2d432a20+0x3fc]
j  org.apache.tomcat.jdbc.pool.ProxyConnection.invoke(Ljava/lang/Object;Ljava/lang/reflect/Method;[Ljava/lang/Object;)Ljava/lang/Object;+237
j  org.apache.tomcat.jdbc.pool.JdbcInterceptor.invoke(Ljava/lang/Object;Ljava/lang/reflect/Method;[Ljava/lang/Object;)Ljava/lang/Object;+14
j  org.apache.tomcat.jdbc.pool.DisposableConnectionFacade.invoke(Ljava/lang/Object;Ljava/lang/reflect/Method;[Ljava/lang/Object;)Ljava/lang/Object;+93
j  com.sun.proxy.$Proxy83.prepareStatement(Ljava/lang/String;)Ljava/sql/PreparedStatement;+16
j  org.hibernate.engine.jdbc.internal.StatementPreparerImpl$1.doPrepare()Ljava/sql/PreparedStatement;+37
j  org.hibernate.engine.jdbc.internal.StatementPreparerImpl$StatementPreparationTemplate.prepareStatement()Ljava/sql/PreparedStatement;+45
j  org.hibernate.engine.jdbc.internal.StatementPreparerImpl.prepareStatement(Ljava/lang/String;)Ljava/sql/PreparedStatement;+6
j  org.hibernate.id.SequenceGenerator.generateHolder(Lorg/hibernate/engine/spi/SessionImplementor;)Lorg/hibernate/id/IntegralDataTypeHolder;+15
j  org.hibernate.id.SequenceHiLoGenerator$1.getNextValue()Lorg/hibernate/id/IntegralDataTypeHolder;+8
j  org.hibernate.id.enhanced.LegacyHiLoAlgorithmOptimizer.generate(Lorg/hibernate/id/enhanced/AccessCallback;)Ljava/io/Serializable;+25
j  org.hibernate.id.SequenceHiLoGenerator.generate(Lorg/hibernate/engine/spi/SessionImplementor;Ljava/lang/Object;)Ljava/io/Serializable;+53
j  org.hibernate.event.internal.AbstractSaveEventListener.saveWithGeneratedId(Ljava/lang/Object;Ljava/lang/String;Ljava/lang/Object;Lorg/hibernate/event/spi/EventSource;Z)Ljava/io/Serializable;+21
j  org.hibernate.jpa.event.internal.core.JpaPersistEventListener.saveWithGeneratedId(Ljava/lang/Object;Ljava/lang/String;Ljava/lang/Object;Lorg/hibernate/event/spi/EventSource;Z)Ljava/io/Serializable;+18
j  org.hibernate.event.internal.DefaultPersistEventListener.entityIsTransient(Lorg/hibernate/event/spi/PersistEvent;Ljava/util/Map;)V+55
j  org.hibernate.event.internal.DefaultPersistEventListener.onPersist(Lorg/hibernate/event/spi/PersistEvent;Ljava/util/Map;)V+324
j  org.hibernate.event.internal.DefaultPersistEventListener.onPersist(Lorg/hibernate/event/spi/PersistEvent;)V+11
j  org.hibernate.internal.SessionImpl.firePersist(Lorg/hibernate/event/spi/PersistEvent;)V+46
j  org.hibernate.internal.SessionImpl.persist(Ljava/lang/String;Ljava/lang/Object;)V+11
j  org.hibernate.internal.SessionImpl.persist(Ljava/lang/Object;)V+3
j  org.hibernate.jpa.spi.AbstractEntityManagerImpl.persist(Ljava/lang/Object;)V+9
v  ~StubRoutines::call_stub
J 1343  sun.reflect.NativeMethodAccessorImpl.invoke0(Ljava/lang/reflect/Method;Ljava/lang/Object;[Ljava/lang/Object;)Ljava/lang/Object; (0 bytes) @ 0x00007f3b2d4d2177 [0x00007f3b2d4d2100+0x77]
J 1342 C1 sun.reflect.NativeMethodAccessorImpl.invoke(Ljava/lang/Object;[Ljava/lang/Object;)Ljava/lang/Object; (104 bytes) @ 0x00007f3b2d4da914 [0x00007f3b2d4d9740+0x11d4]
J 1191 C1 sun.reflect.DelegatingMethodAccessorImpl.invoke(Ljava/lang/Object;[Ljava/lang/Object;)Ljava/lang/Object; (10 bytes) @ 0x00007f3b2d4163cc [0x00007f3b2d4162c0+0x10c]
J 1203 C1 java.lang.reflect.Method.invoke(Ljava/lang/Object;[Ljava/lang/Object;)Ljava/lang/Object; (62 bytes) @ 0x00007f3b2d432e1c [0x00007f3b2d432a20+0x3fc]
j  org.springframework.orm.jpa.SharedEntityManagerCreator$SharedEntityManagerInvocationHandler.invoke(Ljava/lang/Object;Ljava/lang/reflect/Method;[Ljava/lang/Object;)Ljava/lang/Object;+495
j  com.sun.proxy.$Proxy92.persist(Ljava/lang/Object;)V+16
j  org.springframework.data.jpa.repository.support.SimpleJpaRepository.save(Ljava/lang/Object;)Ljava/lang/Object;+18
v  ~StubRoutines::call_stub
J 1343  sun.reflect.NativeMethodAccessorImpl.invoke0(Ljava/lang/reflect/Method;Ljava/lang/Object;[Ljava/lang/Object;)Ljava/lang/Object; (0 bytes) @ 0x00007f3b2d4d2177 [0x00007f3b2d4d2100+0x77]
J 1342 C1 sun.reflect.NativeMethodAccessorImpl.invoke(Ljava/lang/Object;[Ljava/lang/Object;)Ljava/lang/Object; (104 bytes) @ 0x00007f3b2d4da914 [0x00007f3b2d4d9740+0x11d4]
J 1191 C1 sun.reflect.DelegatingMethodAccessorImpl.invoke(Ljava/lang/Object;[Ljava/lang/Object;)Ljava/lang/Object; (10 bytes) @ 0x00007f3b2d4163cc [0x00007f3b2d4162c0+0x10c]
J 1203 C1 java.lang.reflect.Method.invoke(Ljava/lang/Object;[Ljava/lang/Object;)Ljava/lang/Object; (62 bytes) @ 0x00007f3b2d432e1c [0x00007f3b2d432a20+0x3fc]
j  org.springframework.data.repository.core.support.RepositoryFactorySupport$QueryExecutorMethodInterceptor.executeMethodOn(Ljava/lang/Object;Ljava/lang/reflect/Method;[Ljava/lang/Object;)Ljava/lang/Object;+3
j  org.springframework.data.repository.core.support.RepositoryFactorySupport$QueryExecutorMethodInterceptor.doInvoke(Lorg/aopalliance/intercept/MethodInvocation;)Ljava/lang/Object;+94
j  org.springframework.data.repository.core.support.RepositoryFactorySupport$QueryExecutorMethodInterceptor.invoke(Lorg/aopalliance/intercept/MethodInvocation;)Ljava/lang/Object;+2
j  org.springframework.aop.framework.ReflectiveMethodInvocation.proceed()Ljava/lang/Object;+101
j  org.springframework.data.projection.DefaultMethodInvokingMethodInterceptor.invoke(Lorg/aopalliance/intercept/MethodInvocation;)Ljava/lang/Object;+15
j  org.springframework.aop.framework.ReflectiveMethodInvocation.proceed()Ljava/lang/Object;+101
j  org.springframework.transaction.interceptor.TransactionInterceptor$1.proceedWithInvocation()Ljava/lang/Object;+4
j  org.springframework.transaction.interceptor.TransactionAspectSupport.invokeWithinTransaction(Ljava/lang/reflect/Method;Ljava/lang/Class;Lorg/springframework/transaction/interceptor/TransactionAspectSupport$InvocationCallback;)Ljava/lang/Object;+60
j  org.springframework.transaction.interceptor.TransactionInterceptor.invoke(Lorg/aopalliance/intercept/MethodInvocation;)Ljava/lang/Object;+40
j  org.springframework.aop.framework.ReflectiveMethodInvocation.proceed()Ljava/lang/Object;+101
j  org.springframework.dao.support.PersistenceExceptionTranslationInterceptor.invoke(Lorg/aopalliance/intercept/MethodInvocation;)Ljava/lang/Object;+1
j  org.springframework.aop.framework.ReflectiveMethodInvocation.proceed()Ljava/lang/Object;+101
j  org.springframework.data.jpa.repository.support.CrudMethodMetadataPostProcessor$CrudMethodMetadataPopulatingMethodInterceptor.invoke(Lorg/aopalliance/intercept/MethodInvocation;)Ljava/lang/Object;+89
j  org.springframework.aop.framework.ReflectiveMethodInvocation.proceed()Ljava/lang/Object;+101
j  org.springframework.aop.interceptor.ExposeInvocationInterceptor.invoke(Lorg/aopalliance/intercept/MethodInvocation;)Ljava/lang/Object;+18
j  org.springframework.aop.framework.ReflectiveMethodInvocation.proceed()Ljava/lang/Object;+101
j  org.springframework.aop.framework.JdkDynamicAopProxy.invoke(Ljava/lang/Object;Ljava/lang/reflect/Method;[Ljava/lang/Object;)Ljava/lang/Object;+385
j  com.sun.proxy.$Proxy94.save(Ljava/lang/Object;)Ljava/lang/Object;+16
j  com.example.api.service.BookService.save(Lcom/example/entity/Book;)Lcom/example/entity/Book;+5
j  com.example.crudtest.CRUDTest.insertOperation()V+19
v  ~StubRoutines::call_stub
J 1343  sun.reflect.NativeMethodAccessorImpl.invoke0(Ljava/lang/reflect/Method;Ljava/lang/Object;[Ljava/lang/Object;)Ljava/lang/Object; (0 bytes) @ 0x00007f3b2d4d2177 [0x00007f3b2d4d2100+0x77]
J 1342 C1 sun.reflect.NativeMethodAccessorImpl.invoke(Ljava/lang/Object;[Ljava/lang/Object;)Ljava/lang/Object; (104 bytes) @ 0x00007f3b2d4da914 [0x00007f3b2d4d9740+0x11d4]
J 1191 C1 sun.reflect.DelegatingMethodAccessorImpl.invoke(Ljava/lang/Object;[Ljava/lang/Object;)Ljava/lang/Object; (10 bytes) @ 0x00007f3b2d4163cc [0x00007f3b2d4162c0+0x10c]
J 1203 C1 java.lang.reflect.Method.invoke(Ljava/lang/Object;[Ljava/lang/Object;)Ljava/lang/Object; (62 bytes) @ 0x00007f3b2d432e1c [0x00007f3b2d432a20+0x3fc]
j  org.testng.internal.MethodInvocationHelper.invokeMethod(Ljava/lang/reflect/Method;Ljava/lang/Object;[Ljava/lang/Object;)Ljava/lang/Object;+242
j  org.testng.internal.MethodInvocationHelper$1.runTestMethod(Lorg/testng/ITestResult;)V+12
j  org.springframework.test.context.testng.AbstractTestNGSpringContextTests.run(Lorg/testng/IHookCallBack;Lorg/testng/ITestResult;)V+2
v  ~StubRoutines::call_stub
J 1343  sun.reflect.NativeMethodAccessorImpl.invoke0(Ljava/lang/reflect/Method;Ljava/lang/Object;[Ljava/lang/Object;)Ljava/lang/Object; (0 bytes) @ 0x00007f3b2d4d2177 [0x00007f3b2d4d2100+0x77]
J 1342 C1 sun.reflect.NativeMethodAccessorImpl.invoke(Ljava/lang/Object;[Ljava/lang/Object;)Ljava/lang/Object; (104 bytes) @ 0x00007f3b2d4da914 [0x00007f3b2d4d9740+0x11d4]
J 1191 C1 sun.reflect.DelegatingMethodAccessorImpl.invoke(Ljava/lang/Object;[Ljava/lang/Object;)Ljava/lang/Object; (10 bytes) @ 0x00007f3b2d4163cc [0x00007f3b2d4162c0+0x10c]
J 1203 C1 java.lang.reflect.Method.invoke(Ljava/lang/Object;[Ljava/lang/Object;)Ljava/lang/Object; (62 bytes) @ 0x00007f3b2d432e1c [0x00007f3b2d432a20+0x3fc]
j  org.testng.internal.MethodInvocationHelper.invokeHookable(Ljava/lang/Object;[Ljava/lang/Object;Ljava/lang/Object;Ljava/lang/reflect/Method;Lorg/testng/internal/TestResult;)V+64
j  org.testng.internal.Invoker.invokeMethod([Ljava/lang/Object;ILorg/testng/ITestNGMethod;[Ljava/lang/Object;ILorg/testng/xml/XmlSuite;Ljava/util/Map;Lorg/testng/ITestClass;[Lorg/testng/ITestNGMethod;[Lorg/testng/ITestNGMethod;Lorg/testng/internal/ConfigurationGroupMethods;)Lorg/testng/ITestResult;+280
j  org.testng.internal.Invoker.invokeTestMethod([Ljava/lang/Object;Lorg/testng/ITestNGMethod;[Ljava/lang/Object;ILorg/testng/xml/XmlSuite;Ljava/util/Map;Lorg/testng/ITestClass;[Lorg/testng/ITestNGMethod;[Lorg/testng/ITestNGMethod;Lorg/testng/internal/ConfigurationGroupMethods;)Ljava/util/List;+46
j  org.testng.internal.Invoker.invokeTestMethods(Lorg/testng/ITestNGMethod;[Lorg/testng/ITestNGMethod;ILorg/testng/xml/XmlSuite;Ljava/util/Map;Lorg/testng/internal/ConfigurationGroupMethods;[Ljava/lang/Object;Lorg/testng/ITestContext;)Ljava/util/List;+705
j  org.testng.internal.TestMethodWorker.invokeTestMethods(Lorg/testng/ITestNGMethod;[Ljava/lang/Object;Lorg/testng/ITestContext;)V+32
j  org.testng.internal.TestMethodWorker.run()V+60
j  org.testng.TestRunner.privateRun(Lorg/testng/xml/XmlTest;)V+349
j  org.testng.TestRunner.run()V+26
j  org.testng.SuiteRunner.runTest(Lorg/testng/TestRunner;)V+1
j  org.testng.SuiteRunner.runSequentially()V+31
j  org.testng.SuiteRunner.privateRun()V+281
j  org.testng.SuiteRunner.run()V+6
j  org.testng.SuiteRunnerWorker.runSuite(Lorg/testng/internal/SuiteRunnerMap;Lorg/testng/xml/XmlSuite;)V+96
j  org.testng.SuiteRunnerWorker.run()V+12
j  org.testng.TestNG.runSuitesSequentially(Lorg/testng/xml/XmlSuite;Lorg/testng/internal/SuiteRunnerMap;ILjava/lang/String;)V+66
j  org.testng.TestNG.runSuitesLocally()Ljava/util/List;+117
j  org.testng.TestNG.run()V+77
j  org.testng.remote.AbstractRemoteTestNG.run()V+163
j  org.testng.remote.RemoteTestNG.initAndRun(Lorg/testng/remote/IRemoteTestNG;[Ljava/lang/String;Lorg/testng/CommandLineArgs;Lorg/testng/remote/RemoteArgs;)V+184
j  org.testng.remote.RemoteTestNG.main([Ljava/lang/String;)V+218
v  ~StubRoutines::call_stub

---------------  P R O C E S S  ---------------

Java Threads: ( => current thread )
  0x00007f3b3d5e2000 JavaThread "http-nio-auto-1-59425-AsyncTimeout" daemon [_thread_blocked, id=5375, stack(0x00007f3b1ef72000,0x00007f3b1f073000)]
  0x00007f3b3d5e0800 JavaThread "http-nio-auto-1-Acceptor-0" daemon [_thread_in_native, id=5374, stack(0x00007f3b1f073000,0x00007f3b1f174000)]
  0x00007f3b3d5de800 JavaThread "http-nio-auto-1-ClientPoller-1" daemon [_thread_in_native, id=5373, stack(0x00007f3b1f174000,0x00007f3b1f275000)]
  0x00007f3b3d5cf800 JavaThread "http-nio-auto-1-ClientPoller-0" daemon [_thread_in_native, id=5372, stack(0x00007f3b1f275000,0x00007f3b1f376000)]
  0x00007f3b3d5be800 JavaThread "NioBlockingSelector.BlockPoller-1" daemon [_thread_in_native, id=5371, stack(0x00007f3b1f376000,0x00007f3b1f477000)]
  0x00007f3b3c9ad000 JavaThread "Tomcat JDBC Pool Cleaner[865113938:1485172086287]" daemon [_thread_blocked, id=5370, stack(0x00007f3b1feff000,0x00007f3b20000000)]
  0x00007f3b3cf8c800 JavaThread "container-0" [_thread_blocked, id=5369, stack(0x00007f3b24268000,0x00007f3b24369000)]
  0x00007f3b3cf89000 JavaThread "ContainerBackgroundProcessor[StandardEngine[Tomcat]]" daemon [_thread_blocked, id=5368, stack(0x00007f3b24369000,0x00007f3b2446a000)]
  0x00007f3ae4173800 JavaThread "localhost-startStop-1" daemon [_thread_blocked, id=5367, stack(0x00007f3b248fe000,0x00007f3b249ff000)]
  0x00007f3b3d328800 JavaThread "Tomcat-startStop-1" daemon [_thread_blocked, id=5366, stack(0x00007f3b258c3000,0x00007f3b259c4000)]
  0x00007f3b3c4aa800 JavaThread "ReaderThread" [_thread_in_native, id=5364, stack(0x00007f3b261d1000,0x00007f3b262d2000)]
  0x00007f3b3c0c7000 JavaThread "Service Thread" daemon [_thread_blocked, id=5361, stack(0x00007f3b2680c000,0x00007f3b2690d000)]
  0x00007f3b3c0c4000 JavaThread "C1 CompilerThread2" daemon [_thread_blocked, id=5360, stack(0x00007f3b2690d000,0x00007f3b26a0e000)]
  0x00007f3b3c0c2000 JavaThread "C2 CompilerThread1" daemon [_thread_blocked, id=5359, stack(0x00007f3b26a0e000,0x00007f3b26b0f000)]
  0x00007f3b3c0bf000 JavaThread "C2 CompilerThread0" daemon [_thread_blocked, id=5358, stack(0x00007f3b26b0f000,0x00007f3b26c10000)]
  0x00007f3b3c0be000 JavaThread "Signal Dispatcher" daemon [_thread_blocked, id=5357, stack(0x00007f3b26c10000,0x00007f3b26d11000)]
  0x00007f3b3c08a000 JavaThread "Finalizer" daemon [_thread_blocked, id=5356, stack(0x00007f3b273f4000,0x00007f3b274f5000)]
  0x00007f3b3c085800 JavaThread "Reference Handler" daemon [_thread_blocked, id=5355, stack(0x00007f3b274f5000,0x00007f3b275f6000)]
=>0x00007f3b3c010000 JavaThread "main" [_thread_in_vm, id=5346, stack(0x00007f3b44d65000,0x00007f3b44e66000)]

Other Threads:
  0x00007f3b3c07e000 VMThread [stack: 0x00007f3b275f6000,0x00007f3b276f7000] [id=5354]
  0x00007f3b3c0ca000 WatcherThread [stack: 0x00007f3b2670b000,0x00007f3b2680c000] [id=5362]

VM state:not at safepoint (normal execution)

VM Mutex/Monitor currently owned by a thread: None

Heap:
 PSYoungGen      total 504320K, used 203225K [0x000000076ab00000, 0x000000078de80000, 0x00000007c0000000)
  eden space 489984K, 41% used [0x000000076ab00000,0x0000000777176538,0x0000000788980000)
  from space 14336K, 0% used [0x0000000789200000,0x0000000789200000,0x000000078a000000)
  to   space 43520K, 0% used [0x000000078b400000,0x000000078b400000,0x000000078de80000)
 ParOldGen       total 729600K, used 23061K [0x00000006c0000000, 0x00000006ec880000, 0x000000076ab00000)
  object space 729600K, 3% used [0x00000006c0000000,0x00000006c16854e8,0x00000006ec880000)
 Metaspace       used 45069K, capacity 45432K, committed 45824K, reserved 1089536K
  class space    used 5899K, capacity 6029K, committed 6144K, reserved 1048576K

Card table byte_map: [0x00007f3b4131e000,0x00007f3b41b1f000] byte_map_base: 0x00007f3b3dd1e000

Marking Bits: (ParMarkBitMap*) 0x00007f3b44241c80
 Begin Bits: [0x00007f3b08000000, 0x00007f3b0c000000)
 End Bits:   [0x00007f3b0c000000, 0x00007f3b10000000)

Polling page: 0x00007f3b44e8b000

CodeCache: size=245760Kb used=12670Kb max_used=12681Kb free=233089Kb
 bounds [0x00007f3b2d000000, 0x00007f3b2dc70000, 0x00007f3b3c000000]
 total_blobs=4022 nmethods=3551 adapters=384
 compilation: enabled

Compilation events (10 events):
Event: 7.735 Thread 0x00007f3b3c0c2000 nmethod 3740 0x00007f3b2dc64710 code [0x00007f3b2dc64860, 0x00007f3b2dc649b8]
Event: 7.735 Thread 0x00007f3b3c0c2000 3759       4       java.util.LinkedList::<init> (10 bytes)
Event: 7.736 Thread 0x00007f3b3c0c2000 nmethod 3759 0x00007f3b2dc30c10 code [0x00007f3b2dc30d60, 0x00007f3b2dc30db8]
Event: 7.736 Thread 0x00007f3b3c0c2000 3778       4       java.util.LinkedList::listIterator (15 bytes)
Event: 7.737 Thread 0x00007f3b3c0bf000 nmethod 3903 0x00007f3b2dc6b9d0 code [0x00007f3b2dc6bc40, 0x00007f3b2dc6c780]
Event: 7.737 Thread 0x00007f3b3c0bf000 3779       4       java.util.LinkedList$ListItr::<init> (47 bytes)
Event: 7.739 Thread 0x00007f3b3c0c2000 nmethod 3778 0x00007f3b2dc63810 code [0x00007f3b2dc63960, 0x00007f3b2dc63b38]
Event: 7.739 Thread 0x00007f3b3c0c2000 3780       4       java.util.AbstractSequentialList::iterator (5 bytes)
Event: 7.740 Thread 0x00007f3b3c0bf000 nmethod 3779 0x00007f3b2dc69e10 code [0x00007f3b2dc69f60, 0x00007f3b2dc6a098]
Event: 7.741 Thread 0x00007f3b3c0c2000 nmethod 3780 0x00007f3b2dc68110 code [0x00007f3b2dc68260, 0x00007f3b2dc683d8]

GC Heap History (10 events):
Event: 2.185 GC heap before
{Heap before GC invocations=1 (full 0):
 PSYoungGen      total 305664K, used 162703K [0x000000076ab00000, 0x0000000780000000, 0x00000007c0000000)
  eden space 262144K, 62% used [0x000000076ab00000,0x00000007749e3c30,0x000000077ab00000)
  from space 43520K, 0% used [0x000000077d580000,0x000000077d580000,0x0000000780000000)
  to   space 43520K, 0% used [0x000000077ab00000,0x000000077ab00000,0x000000077d580000)
 ParOldGen       total 699392K, used 0K [0x00000006c0000000, 0x00000006eab00000, 0x000000076ab00000)
  object space 699392K, 0% used [0x00000006c0000000,0x00000006c0000000,0x00000006eab00000)
 Metaspace       used 20985K, capacity 21136K, committed 21296K, reserved 1069056K
  class space    used 2587K, capacity 2641K, committed 2688K, reserved 1048576K
Event: 2.207 GC heap after
Heap after GC invocations=1 (full 0):
 PSYoungGen      total 305664K, used 20283K [0x000000076ab00000, 0x0000000790000000, 0x00000007c0000000)
  eden space 262144K, 0% used [0x000000076ab00000,0x000000076ab00000,0x000000077ab00000)
  from space 43520K, 46% used [0x000000077ab00000,0x000000077becef20,0x000000077d580000)
  to   space 43520K, 0% used [0x000000078d580000,0x000000078d580000,0x0000000790000000)
 ParOldGen       total 699392K, used 80K [0x00000006c0000000, 0x00000006eab00000, 0x000000076ab00000)
  object space 699392K, 0% used [0x00000006c0000000,0x00000006c0014010,0x00000006eab00000)
 Metaspace       used 20985K, capacity 21136K, committed 21296K, reserved 1069056K
  class space    used 2587K, capacity 2641K, committed 2688K, reserved 1048576K
}
Event: 2.207 GC heap before
{Heap before GC invocations=2 (full 1):
 PSYoungGen      total 305664K, used 20283K [0x000000076ab00000, 0x0000000790000000, 0x00000007c0000000)
  eden space 262144K, 0% used [0x000000076ab00000,0x000000076ab00000,0x000000077ab00000)
  from space 43520K, 46% used [0x000000077ab00000,0x000000077becef20,0x000000077d580000)
  to   space 43520K, 0% used [0x000000078d580000,0x000000078d580000,0x0000000790000000)
 ParOldGen       total 699392K, used 80K [0x00000006c0000000, 0x00000006eab00000, 0x000000076ab00000)
  object space 699392K, 0% used [0x00000006c0000000,0x00000006c0014010,0x00000006eab00000)
 Metaspace       used 20985K, capacity 21136K, committed 21296K, reserved 1069056K
  class space    used 2587K, capacity 2641K, committed 2688K, reserved 1048576K
Event: 2.253 GC heap after
Heap after GC invocations=2 (full 1):
 PSYoungGen      total 305664K, used 0K [0x000000076ab00000, 0x0000000790000000, 0x00000007c0000000)
  eden space 262144K, 0% used [0x000000076ab00000,0x000000076ab00000,0x000000077ab00000)
  from space 43520K, 0% used [0x000000077ab00000,0x000000077ab00000,0x000000077d580000)
  to   space 43520K, 0% used [0x000000078d580000,0x000000078d580000,0x0000000790000000)
 ParOldGen       total 699392K, used 19449K [0x00000006c0000000, 0x00000006eab00000, 0x000000076ab00000)
  object space 699392K, 2% used [0x00000006c0000000,0x00000006c12fe548,0x00000006eab00000)
 Metaspace       used 20985K, capacity 21136K, committed 21296K, reserved 1069056K
  class space    used 2587K, capacity 2641K, committed 2688K, reserved 1048576K
}
Event: 4.642 GC heap before
{Heap before GC invocations=3 (full 1):
 PSYoungGen      total 305664K, used 262113K [0x000000076ab00000, 0x0000000790000000, 0x00000007c0000000)
  eden space 262144K, 99% used [0x000000076ab00000,0x000000077aaf8428,0x000000077ab00000)
  from space 43520K, 0% used [0x000000077ab00000,0x000000077ab00000,0x000000077d580000)
  to   space 43520K, 0% used [0x000000078d580000,0x000000078d580000,0x0000000790000000)
 ParOldGen       total 699392K, used 19449K [0x00000006c0000000, 0x00000006eab00000, 0x000000076ab00000)
  object space 699392K, 2% used [0x00000006c0000000,0x00000006c12fe548,0x00000006eab00000)
 Metaspace       used 30238K, capacity 30562K, committed 30720K, reserved 1077248K
  class space    used 3749K, capacity 3828K, committed 3840K, reserved 1048576K
Event: 4.672 GC heap after
Heap after GC invocations=3 (full 1):
 PSYoungGen      total 372224K, used 17603K [0x000000076ab00000, 0x000000078e700000, 0x00000007c0000000)
  eden space 354304K, 0% used [0x000000076ab00000,0x000000076ab00000,0x0000000780500000)
  from space 17920K, 98% used [0x000000078d580000,0x000000078e6b0d28,0x000000078e700000)
  to   space 43520K, 0% used [0x0000000789200000,0x0000000789200000,0x000000078bc80000)
 ParOldGen       total 699392K, used 19457K [0x00000006c0000000, 0x00000006eab00000, 0x000000076ab00000)
  object space 699392K, 2% used [0x00000006c0000000,0x00000006c1300548,0x00000006eab00000)
 Metaspace       used 30238K, capacity 30562K, committed 30720K, reserved 1077248K
  class space    used 3749K, capacity 3828K, committed 3840K, reserved 1048576K
}
Event: 5.662 GC heap before
{Heap before GC invocations=4 (full 1):
 PSYoungGen      total 372224K, used 144553K [0x000000076ab00000, 0x000000078e700000, 0x00000007c0000000)
  eden space 354304K, 35% used [0x000000076ab00000,0x00000007726f9a88,0x0000000780500000)
  from space 17920K, 98% used [0x000000078d580000,0x000000078e6b0d28,0x000000078e700000)
  to   space 43520K, 0% used [0x0000000789200000,0x0000000789200000,0x000000078bc80000)
 ParOldGen       total 699392K, used 19457K [0x00000006c0000000, 0x00000006eab00000, 0x000000076ab00000)
  object space 699392K, 2% used [0x00000006c0000000,0x00000006c1300548,0x00000006eab00000)
 Metaspace       used 35018K, capacity 35298K, committed 35496K, reserved 1081344K
  class space    used 4495K, capacity 4580K, committed 4608K, reserved 1048576K
Event: 5.679 GC heap after
Heap after GC invocations=4 (full 1):
 PSYoungGen      total 504320K, used 14335K [0x000000076ab00000, 0x000000078de80000, 0x00000007c0000000)
  eden space 489984K, 0% used [0x000000076ab00000,0x000000076ab00000,0x0000000788980000)
  from space 14336K, 99% used [0x0000000789200000,0x0000000789ffff28,0x000000078a000000)
  to   space 43520K, 0% used [0x000000078b400000,0x000000078b400000,0x000000078de80000)
 ParOldGen       total 699392K, used 19465K [0x00000006c0000000, 0x00000006eab00000, 0x000000076ab00000)
  object space 699392K, 2% used [0x00000006c0000000,0x00000006c1302548,0x00000006eab00000)
 Metaspace       used 35018K, capacity 35298K, committed 35496K, reserved 1081344K
  class space    used 4495K, capacity 4580K, committed 4608K, reserved 1048576K
}
Event: 5.679 GC heap before
{Heap before GC invocations=5 (full 2):
 PSYoungGen      total 504320K, used 14335K [0x000000076ab00000, 0x000000078de80000, 0x00000007c0000000)
  eden space 489984K, 0% used [0x000000076ab00000,0x000000076ab00000,0x0000000788980000)
  from space 14336K, 99% used [0x0000000789200000,0x0000000789ffff28,0x000000078a000000)
  to   space 43520K, 0% used [0x000000078b400000,0x000000078b400000,0x000000078de80000)
 ParOldGen       total 699392K, used 19465K [0x00000006c0000000, 0x00000006eab00000, 0x000000076ab00000)
  object space 699392K, 2% used [0x00000006c0000000,0x00000006c1302548,0x00000006eab00000)
 Metaspace       used 35018K, capacity 35298K, committed 35496K, reserved 1081344K
  class space    used 4495K, capacity 4580K, committed 4608K, reserved 1048576K
Event: 5.746 GC heap after
Heap after GC invocations=5 (full 2):
 PSYoungGen      total 504320K, used 0K [0x000000076ab00000, 0x000000078de80000, 0x00000007c0000000)
  eden space 489984K, 0% used [0x000000076ab00000,0x000000076ab00000,0x0000000788980000)
  from space 14336K, 0% used [0x0000000789200000,0x0000000789200000,0x000000078a000000)
  to   space 43520K, 0% used [0x000000078b400000,0x000000078b400000,0x000000078de80000)
 ParOldGen       total 729600K, used 23061K [0x00000006c0000000, 0x00000006ec880000, 0x000000076ab00000)
  object space 729600K, 3% used [0x00000006c0000000,0x00000006c16854e8,0x00000006ec880000)
 Metaspace       used 35018K, capacity 35298K, committed 35496K, reserved 1081344K
  class space    used 4495K, capacity 4580K, committed 4608K, reserved 1048576K
}

Deoptimization events (10 events):
Event: 6.582 Thread 0x00007f3b3c010000 Uncommon trap: reason=unstable_if action=reinterpret pc=0x00007f3b2d783b70 method=java.util.concurrent.ConcurrentHashMap.putVal(Ljava/lang/Object;Ljava/lang/Object;Z)Ljava/lang/Object; @ 331
Event: 6.582 Thread 0x00007f3b3c010000 Uncommon trap: reason=unstable_if action=reinterpret pc=0x00007f3b2daa555c method=java.util.concurrent.ConcurrentHashMap.get(Ljava/lang/Object;)Ljava/lang/Object; @ 86
Event: 6.702 Thread 0x00007f3b3c010000 Uncommon trap: reason=null_check action=make_not_entrant pc=0x00007f3b2d73bd38 method=org.springframework.util.ClassUtils.isAssignable(Ljava/lang/Class;Ljava/lang/Class;)Z @ 14
Event: 6.739 Thread 0x00007f3b3c010000 Uncommon trap: reason=unstable_if action=reinterpret pc=0x00007f3b2d15bbe8 method=java.lang.reflect.Proxy.isProxyClass(Ljava/lang/Class;)Z @ 16
Event: 6.741 Thread 0x00007f3b3c010000 Uncommon trap: reason=unstable_if action=reinterpret pc=0x00007f3b2d398814 method=sun.reflect.misc.ReflectUtil.isNonPublicProxyClass(Ljava/lang/Class;)Z @ 33
Event: 6.970 Thread 0x00007f3b3c010000 Uncommon trap: reason=class_check action=maybe_recompile pc=0x00007f3b2d885e64 method=java.util.regex.Pattern$Curly.match(Ljava/util/regex/Matcher;ILjava/lang/CharSequence;)Z @ 19
Event: 7.006 Thread 0x00007f3b3c010000 Uncommon trap: reason=unstable_if action=reinterpret pc=0x00007f3b2d311520 method=java.util.concurrent.ConcurrentHashMap.transfer([Ljava/util/concurrent/ConcurrentHashMap$Node;[Ljava/util/concurrent/ConcurrentHashMap$Node;)V @ 356
Event: 7.006 Thread 0x00007f3b3c010000 Uncommon trap: reason=unstable_if action=reinterpret pc=0x00007f3b2d150cac method=java.util.concurrent.ConcurrentHashMap.transfer([Ljava/util/concurrent/ConcurrentHashMap$Node;[Ljava/util/concurrent/ConcurrentHashMap$Node;)V @ 356
Event: 7.106 Thread 0x00007f3b3c010000 Uncommon trap: reason=unstable_if action=reinterpret pc=0x00007f3b2d24a290 method=java.util.WeakHashMap.put(Ljava/lang/Object;Ljava/lang/Object;)Ljava/lang/Object; @ 47
Event: 7.642 Thread 0x00007f3b3c010000 Uncommon trap: reason=unstable_if action=reinterpret pc=0x00007f3b2dbc93b4 method=org.springframework.util.ConcurrentReferenceHashMap$Segment.clear()V @ 4

Internal exceptions (10 events):
Event: 7.580 Thread 0x00007f3b3c010000 Exception <a 'java/lang/ClassNotFoundException': org/springframework/boot/autoconfigure/web/WebClientAutoConfigurationCustomizer> (0x0000000774f2d3c0) thrown at [/HUDSON3/workspace/8-2-build-linux-amd64/jdk8u121/8372/hotspot/src/share/vm/classfile/systemD
Event: 7.580 Thread 0x00007f3b3c010000 Exception <a 'java/lang/ClassNotFoundException': org/springframework/boot/autoconfigure/web/WebClientAutoConfiguration$$EnhancerBySpringCGLIB$$52d5929eCustomizer> (0x0000000774f50cb8) thrown at [/HUDSON3/workspace/8-2-build-linux-amd64/jdk8u121/8372/hotsp
Event: 7.581 Thread 0x00007f3b3c010000 Exception <a 'java/lang/ClassNotFoundException': org/springframework/context/annotation/ConfigurationClassEnhancer$EnhancedConfigurationCustomizer> (0x0000000774f74ff0) thrown at [/HUDSON3/workspace/8-2-build-linux-amd64/jdk8u121/8372/hotspot/src/share/vm
Event: 7.701 Thread 0x00007f3b3c010000 Exception <a 'java/lang/ClassNotFoundException': java/lang/ObjectCustomizer> (0x0000000775eaab60) thrown at [/HUDSON3/workspace/8-2-build-linux-amd64/jdk8u121/8372/hotspot/src/share/vm/classfile/systemDictionary.cpp, line 210]
Event: 7.702 Thread 0x00007f3b3c010000 Exception <a 'java/lang/ClassNotFoundException': org/springframework/test/context/testng/AbstractTestNGSpringContextTestsCustomizer> (0x0000000775ec88a8) thrown at [/HUDSON3/workspace/8-2-build-linux-amd64/jdk8u121/8372/hotspot/src/share/vm/classfile/syst
Event: 7.703 Thread 0x00007f3b3c010000 Exception <a 'java/lang/ClassNotFoundException': com/example/crudtest/CRUDTestCustomizer> (0x0000000775edb470) thrown at [/HUDSON3/workspace/8-2-build-linux-amd64/jdk8u121/8372/hotspot/src/share/vm/classfile/systemDictionary.cpp, line 210]
Event: 7.703 Thread 0x00007f3b3c010000 Exception <a 'java/lang/ClassNotFoundException': org/testng/IHookableCustomizer> (0x0000000775eebe98) thrown at [/HUDSON3/workspace/8-2-build-linux-amd64/jdk8u121/8372/hotspot/src/share/vm/classfile/systemDictionary.cpp, line 210]
Event: 7.704 Thread 0x00007f3b3c010000 Exception <a 'java/lang/ClassNotFoundException': org/springframework/context/ApplicationContextAwareCustomizer> (0x0000000775f02038) thrown at [/HUDSON3/workspace/8-2-build-linux-amd64/jdk8u121/8372/hotspot/src/share/vm/classfile/systemDictionary.cpp, lin
Event: 7.735 Thread 0x00007f3b3c010000 Exception <a 'java/lang/ClassNotFoundException': java/lang/ObjectCustomizer> (0x0000000776a1d598) thrown at [/HUDSON3/workspace/8-2-build-linux-amd64/jdk8u121/8372/hotspot/src/share/vm/classfile/systemDictionary.cpp, line 210]
Event: 7.736 Thread 0x00007f3b3c010000 Exception <a 'java/lang/ClassNotFoundException': com/example/entity/BookCustomizer> (0x0000000776a2ff28) thrown at [/HUDSON3/workspace/8-2-build-linux-amd64/jdk8u121/8372/hotspot/src/share/vm/classfile/systemDictionary.cpp, line 210]

Events (10 events):
Event: 7.741 loading class org/hibernate/engine/jdbc/internal/FormatStyle
Event: 7.741 loading class org/hibernate/engine/jdbc/internal/FormatStyle done
Event: 7.741 loading class org/hibernate/engine/jdbc/internal/Formatter
Event: 7.741 loading class org/hibernate/engine/jdbc/internal/Formatter done
Event: 7.742 loading class org/hibernate/engine/jdbc/internal/BasicFormatterImpl
Event: 7.742 loading class org/hibernate/engine/jdbc/internal/BasicFormatterImpl done
Event: 7.742 loading class org/hibernate/engine/jdbc/internal/DDLFormatterImpl
Event: 7.742 loading class org/hibernate/engine/jdbc/internal/DDLFormatterImpl done
Event: 7.742 loading class org/hibernate/engine/jdbc/internal/FormatStyle$NoFormatImpl
Event: 7.742 loading class org/hibernate/engine/jdbc/internal/FormatStyle$NoFormatImpl done


Dynamic libraries:
00400000-00401000 r-xp 00000000 08:03 3554757                            /usr/lib/jvm/java-8-oracle/bin/java
00600000-00601000 rw-p 00000000 08:03 3554757                            /usr/lib/jvm/java-8-oracle/bin/java
01bb7000-01bd8000 rw-p 00000000 00:00 0                                  [heap]
6c0000000-6ec880000 rw-p 00000000 00:00 0 
6ec880000-76ab00000 ---p 00000000 00:00 0 
76ab00000-78de80000 rw-p 00000000 00:00 0 
78de80000-7c0000000 ---p 00000000 00:00 0 
7c0000000-7c0600000 rw-p 00000000 00:00 0 
7c0600000-800000000 ---p 00000000 00:00 0 
7f3ab8000000-7f3ab8021000 rw-p 00000000 00:00 0 
7f3ab8021000-7f3abc000000 ---p 00000000 00:00 0 
7f3ac0000000-7f3ac0021000 rw-p 00000000 00:00 0 
7f3ac0021000-7f3ac4000000 ---p 00000000 00:00 0 
7f3ac4000000-7f3ac4021000 rw-p 00000000 00:00 0 
7f3ac4021000-7f3ac8000000 ---p 00000000 00:00 0 
7f3ac8000000-7f3ac8021000 rw-p 00000000 00:00 0 
7f3ac8021000-7f3acc000000 ---p 00000000 00:00 0 
7f3acc000000-7f3acc021000 rw-p 00000000 00:00 0 
7f3acc021000-7f3ad0000000 ---p 00000000 00:00 0 
7f3ad0000000-7f3ad0021000 rw-p 00000000 00:00 0 
7f3ad0021000-7f3ad4000000 ---p 00000000 00:00 0 
7f3ad4000000-7f3ad4021000 rw-p 00000000 00:00 0 
7f3ad4021000-7f3ad8000000 ---p 00000000 00:00 0 
7f3ad8000000-7f3ad80cb000 rw-p 00000000 00:00 0 
7f3ad80cb000-7f3adc000000 ---p 00000000 00:00 0 
7f3adc000000-7f3adc021000 rw-p 00000000 00:00 0 
7f3adc021000-7f3ae0000000 ---p 00000000 00:00 0 
7f3ae0000000-7f3ae0021000 rw-p 00000000 00:00 0 
7f3ae0021000-7f3ae4000000 ---p 00000000 00:00 0 
7f3ae4000000-7f3ae4206000 rw-p 00000000 00:00 0 
7f3ae4206000-7f3ae8000000 ---p 00000000 00:00 0 
7f3ae8000000-7f3ae8021000 rw-p 00000000 00:00 0 
7f3ae8021000-7f3aec000000 ---p 00000000 00:00 0 
7f3aec000000-7f3aec021000 rw-p 00000000 00:00 0 
7f3aec021000-7f3af0000000 ---p 00000000 00:00 0 
7f3af0000000-7f3af1297000 rw-p 00000000 00:00 0 
7f3af1297000-7f3af4000000 ---p 00000000 00:00 0 
7f3af4000000-7f3af523d000 rw-p 00000000 00:00 0 
7f3af523d000-7f3af8000000 ---p 00000000 00:00 0 
7f3af8000000-7f3af8021000 rw-p 00000000 00:00 0 
7f3af8021000-7f3afc000000 ---p 00000000 00:00 0 
7f3afc000000-7f3afd4db000 rw-p 00000000 00:00 0 
7f3afd4db000-7f3b00000000 ---p 00000000 00:00 0 
7f3b00000000-7f3b00021000 rw-p 00000000 00:00 0 
7f3b00021000-7f3b04000000 ---p 00000000 00:00 0 
7f3b04000000-7f3b04021000 rw-p 00000000 00:00 0 
7f3b04021000-7f3b08000000 ---p 00000000 00:00 0 
7f3b08000000-7f3b10000000 rw-p 00000000 00:00 0 
7f3b10000000-7f3b10021000 rw-p 00000000 00:00 0 
7f3b10021000-7f3b14000000 ---p 00000000 00:00 0 
7f3b14000000-7f3b14021000 rw-p 00000000 00:00 0 
7f3b14021000-7f3b18000000 ---p 00000000 00:00 0 
7f3b18000000-7f3b18021000 rw-p 00000000 00:00 0 
7f3b18021000-7f3b1c000000 ---p 00000000 00:00 0 
7f3b1ef72000-7f3b1ef75000 ---p 00000000 00:00 0 
7f3b1ef75000-7f3b1f073000 rw-p 00000000 00:00 0                          [stack:5375]
7f3b1f073000-7f3b1f076000 ---p 00000000 00:00 0 
7f3b1f076000-7f3b1f174000 rw-p 00000000 00:00 0                          [stack:5374]
7f3b1f174000-7f3b1f177000 ---p 00000000 00:00 0 
7f3b1f177000-7f3b1f275000 rw-p 00000000 00:00 0                          [stack:5373]
7f3b1f275000-7f3b1f278000 ---p 00000000 00:00 0 
7f3b1f278000-7f3b1f376000 rw-p 00000000 00:00 0                          [stack:5372]
7f3b1f376000-7f3b1f379000 ---p 00000000 00:00 0 
7f3b1f379000-7f3b1f537000 rw-p 00000000 00:00 0                          [stack:5371]
7f3b1f537000-7f3b1f677000 ---p 00000000 00:00 0 
7f3b1f677000-7f3b1f877000 rw-p 00000000 00:00 0 
7f3b1f877000-7f3b1fa77000 rw-p 00000000 00:00 0 
7f3b1fa77000-7f3b1fc77000 rw-p 00000000 00:00 0 
7f3b1fc77000-7f3b1fcfb000 r-xp 00000000 08:03 5917606                    /tmp/sqlite-3.7.2-libsqlitejdbc.so
7f3b1fcfb000-7f3b1fefb000 ---p 00084000 08:03 5917606                    /tmp/sqlite-3.7.2-libsqlitejdbc.so
7f3b1fefb000-7f3b1fefc000 r--p 00084000 08:03 5917606                    /tmp/sqlite-3.7.2-libsqlitejdbc.so
7f3b1fefc000-7f3b1feff000 rw-p 00085000 08:03 5917606                    /tmp/sqlite-3.7.2-libsqlitejdbc.so
7f3b1feff000-7f3b1ff02000 ---p 00000000 00:00 0 
7f3b1ff02000-7f3b20000000 rw-p 00000000 00:00 0                          [stack:5370]
7f3b20000000-7f3b20021000 rw-p 00000000 00:00 0 
7f3b20021000-7f3b24000000 ---p 00000000 00:00 0 
7f3b24068000-7f3b24268000 rw-p 00000000 00:00 0 
7f3b24268000-7f3b2426b000 ---p 00000000 00:00 0 
7f3b2426b000-7f3b24369000 rw-p 00000000 00:00 0                          [stack:5369]
7f3b24369000-7f3b2436c000 ---p 00000000 00:00 0 
7f3b2436c000-7f3b2446a000 rw-p 00000000 00:00 0                          [stack:5368]
7f3b244fe000-7f3b246fe000 rw-p 00000000 00:00 0 
7f3b246fe000-7f3b248fe000 rw-p 00000000 00:00 0 
7f3b248fe000-7f3b24901000 ---p 00000000 00:00 0 
7f3b24901000-7f3b249ff000 rw-p 00000000 00:00 0                          [stack:5367]
7f3b249ff000-7f3b24a12000 r--s 00345000 08:03 3569668                    /usr/lib/jvm/java-8-oracle/jre/lib/resources.jar
7f3b24a12000-7f3b24c12000 rw-p 00000000 00:00 0 
7f3b24c17000-7f3b24e18000 rw-p 00000000 00:00 0 
7f3b24e18000-7f3b25018000 rw-p 00000000 00:00 0 
7f3b25018000-7f3b250ad000 r--s 01109000 08:03 3569596                    /usr/lib/jvm/java-8-oracle/jre/lib/ext/jfxrt.jar
7f3b250ad000-7f3b252ad000 rw-p 00000000 00:00 0 
7f3b252ad000-7f3b252be000 r-xp 00000000 08:03 4870868                    /usr/lib/jvm/java-8-oracle/jre/lib/amd64/libnio.so
7f3b252be000-7f3b254bd000 ---p 00011000 08:03 4870868                    /usr/lib/jvm/java-8-oracle/jre/lib/amd64/libnio.so
7f3b254bd000-7f3b254be000 rw-p 00010000 08:03 4870868                    /usr/lib/jvm/java-8-oracle/jre/lib/amd64/libnio.so
7f3b254be000-7f3b256be000 rw-p 00000000 00:00 0 
7f3b256be000-7f3b256c3000 r--s 002f9000 08:03 3569547                    /usr/lib/jvm/java-8-oracle/jre/lib/charsets.jar
7f3b256c3000-7f3b258c3000 rw-p 00000000 00:00 0 
7f3b258c3000-7f3b258c6000 ---p 00000000 00:00 0 
7f3b258c6000-7f3b259c4000 rw-p 00000000 00:00 0                          [stack:5366]
7f3b259c4000-7f3b259cd000 r-xp 00000000 08:03 4870832                    /usr/lib/jvm/java-8-oracle/jre/lib/amd64/libmanagement.so
7f3b259cd000-7f3b25bcc000 ---p 00009000 08:03 4870832                    /usr/lib/jvm/java-8-oracle/jre/lib/amd64/libmanagement.so
7f3b25bcc000-7f3b25bcd000 rw-p 00008000 08:03 4870832                    /usr/lib/jvm/java-8-oracle/jre/lib/amd64/libmanagement.so
7f3b25bcd000-7f3b25dcd000 rw-p 00000000 00:00 0 
7f3b25dcd000-7f3b25fcd000 rw-p 00000000 00:00 0 
7f3b25fcd000-7f3b261cd000 rw-p 00000000 00:00 0 
7f3b261cd000-7f3b261d1000 r--s 0009a000 08:03 3569602                    /usr/lib/jvm/java-8-oracle/jre/lib/jsse.jar
7f3b261d1000-7f3b261d4000 ---p 00000000 00:00 0 
7f3b261d4000-7f3b262d2000 rw-p 00000000 00:00 0                          [stack:5364]
7f3b262d2000-7f3b262e8000 r-xp 00000000 08:03 4870893                    /usr/lib/jvm/java-8-oracle/jre/lib/amd64/libnet.so
7f3b262e8000-7f3b264e8000 ---p 00016000 08:03 4870893                    /usr/lib/jvm/java-8-oracle/jre/lib/amd64/libnet.so
7f3b264e8000-7f3b264e9000 rw-p 00016000 08:03 4870893                    /usr/lib/jvm/java-8-oracle/jre/lib/amd64/libnet.so
7f3b264e9000-7f3b264ea000 r--s 0000c000 08:03 5916924                    /home/sharmila/.gradle/caches/modules-2/files-2.1/org.ow2.asm/asm/5.0.3/dcc2193db20e19e1feca8b1240dbbc4e190824fa/asm-5.0.3.jar
7f3b264ea000-7f3b264f4000 r--s 00069000 08:03 5923589                    /home/sharmila/.gradle/caches/modules-2/files-2.1/ch.qos.logback/logback-core/1.1.8/b4d1c3dea91727faf8b3d19cf4b9b972d6c0b89/logback-core-1.1.8.jar
7f3b264f4000-7f3b264f6000 r--s 00012000 08:03 5916922                    /home/sharmila/.gradle/caches/modules-2/files-2.1/net.minidev/accessors-smart/1.1/a527213f2fea112a04c9bdf0ec0264e34104cd08/accessors-smart-1.1.jar
7f3b264f6000-7f3b264f8000 r--s 00009000 08:03 5923902                    /home/sharmila/.gradle/caches/modules-2/files-2.1/org.apache.tomcat/tomcat-juli/8.5.6/83d2d1e3362ecca504f3bf8ed1bc4cc451754d24/tomcat-juli-8.5.6.jar
7f3b264f8000-7f3b26501000 r--s 0002d000 08:03 5923903                    /home/sharmila/.gradle/caches/modules-2/files-2.1/xml-apis/xml-apis/1.4.01/3789d9fada2d3d458c4ba2de349d48780f381ee3/xml-apis-1.4.01.jar
7f3b26501000-7f3b26503000 r--s 00004000 08:03 5923588                    /home/sharmila/.gradle/caches/modules-2/files-2.1/org.slf4j/log4j-over-slf4j/1.7.22/a527c37e9ca6c3d19ba298edd4aa344ca751a203/log4j-over-slf4j-1.7.22.jar
7f3b26503000-7f3b26505000 r--s 00000000 08:03 5923587                    /home/sharmila/.gradle/caches/modules-2/files-2.1/org.slf4j/jul-to-slf4j/1.7.22/b0429e950b3d2bc2c39c1bacafac753edbe3781c/jul-to-slf4j-1.7.22.jar
7f3b26505000-7f3b2650b000 r--s 00045000 08:03 5923585                    /home/sharmila/.gradle/caches/modules-2/files-2.1/ch.qos.logback/logback-classic/1.1.8/e54f49a227611976642f81cf2106b81c1ece8bf5/logback-classic-1.1.8.jar
7f3b2650b000-7f3b2650c000 r--s 0000f000 08:03 5916909                    /home/sharmila/.gradle/caches/modules-2/files-2.1/org.json/json/20140107/d1ffca6e2482b002702c6a576166fd685e3370e3/json-20140107.jar
7f3b2650c000-7f3b2650e000 r--s 00009000 08:03 5916921                    /home/sharmila/.gradle/caches/modules-2/files-2.1/org.objenesis/objenesis/2.1/87c0ea803b69252868d09308b4618f766f135a96/objenesis-2.1.jar
7f3b2650e000-7f3b26511000 r--s 0001b000 08:03 5916920                    /home/sharmila/.gradle/caches/modules-2/files-2.1/net.minidev/json-smart/2.2.1/5b9e5df7a62d1279b70dc882b041d249c4f0b002/json-smart-2.2.1.jar
7f3b26511000-7f3b26513000 r--s 00003000 08:03 5923586                    /home/sharmila/.gradle/caches/modules-2/files-2.1/org.slf4j/jcl-over-slf4j/1.7.22/86ceac14535af5a42c8fb0d06d79b925dd3cb263/jcl-over-slf4j-1.7.22.jar
7f3b26513000-7f3b26515000 r--s 00009000 08:03 5923584                    /home/sharmila/.gradle/caches/modules-2/files-2.1/org.slf4j/slf4j-api/1.7.22/a1c83373863cec7ae8d89dc1c5722d8cb6ec0309/slf4j-api-1.7.22.jar
7f3b26515000-7f3b2651d000 r--s 0003a000 08:03 5923901                    /home/sharmila/.gradle/caches/modules-2/files-2.1/org.springframework/spring-tx/4.3.5.RELEASE/296d8ae21fadc0f115dae7d1e8d5c4f8c7de2c3e/spring-tx-4.3.5.RELEASE.jar
7f3b2651d000-7f3b26527000 r--s 0006b000 08:03 5923900                    /home/sharmila/.gradle/caches/modules-2/files-2.1/org.springframework/spring-orm/4.3.5.RELEASE/64c29d310b69bcc6e1fd5a738fa3629bdedb2d3f/spring-orm-4.3.5.RELEASE.jar
7f3b26527000-7f3b26537000 r--s 0009a000 08:03 5923899                    /home/sharmila/.gradle/caches/modules-2/files-2.1/org.springframework.data/spring-data-commons/1.12.6.RELEASE/b6403dcfce33e89613f364d80d653d7540279c47/spring-data-commons-1.12.6.RELEASE.jar
7f3b26537000-7f3b26541000 r--s 0005f000 08:03 5923898                    /home/sharmila/.gradle/caches/modules-2/files-2.1/org.springframework/spring-jdbc/4.3.5.RELEASE/7c09e38b6f6e0b178973dea06bb8fdc6d19aa596/spring-jdbc-4.3.5.RELEASE.jar
7f3b26541000-7f3b26544000 r--s 00020000 08:03 5923897                    /home/sharmila/.gradle/caches/modules-2/files-2.1/org.apache.tomcat/tomcat-jdbc/8.5.6/feb10a9e22f70565c7556f327b0481dba8587bbc/tomcat-jdbc-8.5.6.jar
7f3b26544000-7f3b2655d000 r--s 001af000 08:03 5923896                    /home/sharmila/.gradle/caches/modules-2/files-2.1/org.aspectj/aspectjweaver/1.8.9/db28774f477f07220eac18d5ec9c4e01f48589d7/aspectjweaver-1.8.9.jar
7f3b2655d000-7f3b26560000 r--s 00010000 08:03 5923833                    /home/sharmila/.gradle/caches/modules-2/files-2.1/org.hibernate.common/hibernate-commons-annotations/5.0.1.Final/71e1cff3fcb20d3b3af4f3363c3ddb24d33c6879/hibernate-commons-annotations-5.0.1.Final.jar
7f3b26560000-7f3b26565000 r--s 00048000 08:03 5923832                    /home/sharmila/.gradle/caches/modules-2/files-2.1/dom4j/dom4j/1.6.1/5d3ccc056b6f056dbf0dddfdf43894b9065a8f94/dom4j-1.6.1.jar
7f3b26565000-7f3b26568000 r--s 0002b000 08:03 5923433                    /home/sharmila/.gradle/caches/modules-2/files-2.1/org.jboss/jandex/2.0.0.Final/3e899258936f94649c777193e1be846387ed54b3/jandex-2.0.0.Final.jar
7f3b26568000-7f3b26569000 r--s 00003000 08:03 5923830                    /home/sharmila/.gradle/caches/modules-2/files-2.1/org.apache.geronimo.specs/geronimo-jta_1.1_spec/1.1.1/aabab3165b8ea936b9360abbf448459c0d04a5a4/geronimo-jta_1.1_spec-1.1.1.jar
7f3b26569000-7f3b2656e000 r--s 00068000 08:03 5923829                    /home/sharmila/.gradle/caches/modules-2/files-2.1/antlr/antlr/2.7.7/83cd2cd674a217ade95a4bb83a8a14f351f48bd0/antlr-2.7.7.jar
7f3b2656e000-7f3b26573000 r--s 0003c000 08:03 5923583                    /home/sharmila/.gradle/caches/modules-2/files-2.1/org.springframework/spring-expression/4.3.5.RELEASE/3689dc6c5b942ecde4122eac889ed87977d6f287/spring-expression-4.3.5.RELEASE.jar
7f3b26573000-7f3b2658d000 r--s 000fc000 08:03 5923582                    /home/sharmila/.gradle/caches/modules-2/files-2.1/org.springframework/spring-context/4.3.5.RELEASE/ca3391c0e17d0138335ba51b51371661d20d56a8/spring-context-4.3.5.RELEASE.jar
7f3b2658d000-7f3b2659a000 r--s 000ad000 08:03 5923581                    /home/sharmila/.gradle/caches/modules-2/files-2.1/org.springframework/spring-beans/4.3.5.RELEASE/e12bbc3277da28e2e2608a187f83091dc6c300bf/spring-beans-4.3.5.RELEASE.jar
7f3b2659a000-7f3b265a3000 r--s 00054000 08:03 5923580                    /home/sharmila/.gradle/caches/modules-2/files-2.1/org.springframework/spring-aop/4.3.5.RELEASE/4f113218af716bd8d174c411f19b26418b5a70f6/spring-aop-4.3.5.RELEASE.jar
7f3b265a3000-7f3b265a7000 r--s 00041000 08:03 5923579                    /home/sharmila/.gradle/caches/modules-2/files-2.1/com.fasterxml.jackson.core/jackson-core/2.8.5/60d059f5d2930ccd1ef03535b713fd9f933d1ba7/jackson-core-2.8.5.jar
7f3b265a7000-7f3b265aa000 r--s 0000b000 08:03 5923578                    /home/sharmila/.gradle/caches/modules-2/files-2.1/com.fasterxml.jackson.core/jackson-annotations/2.8.5/9d82ff47bc2c2d3b5b6a6618fe636782bbcd5b07/jackson-annotations-2.8.5.jar
7f3b265aa000-7f3b265ac000 r--s 0000e000 08:03 5917543                    /home/sharmila/.gradle/caches/modules-2/files-2.1/com.fasterxml/classmate/1.3.3/864c8e370a691e343210cc7c532fc198cee460d8/classmate-1.3.3.jar
7f3b265ac000-7f3b265b0000 r--s 0000c000 08:03 5916766                    /home/sharmila/.gradle/caches/modules-2/files-2.1/javax.validation/validation-api/1.1.0.Final/8613ae82954779d518631e05daa73a6a954817d5/validation-api-1.1.0.Final.jar
7f3b265b0000-7f3b265b5000 r--s 00036000 08:03 5917542                    /home/sharmila/.gradle/caches/modules-2/files-2.1/org.apache.tomcat.embed/tomcat-embed-websocket/8.5.6/6f6940a216b380ea8506530c374fcfeef820ba54/tomcat-embed-websocket-8.5.6.jar
7f3b265b5000-7f3b265b6000 r--s 00000000 08:03 5923577                    /home/sharmila/.gradle/caches/modules-2/files-2.1/org.springframework.boot/spring-boot-starter-logging/1.4.3.RELEASE/1c58783c0694abf695babfd39829922d2d501ec2/spring-boot-starter-logging-1.4.3.RELEASE.jar
7f3b265b6000-7f3b265d4000 r--s 000d0000 08:03 5923576                    /home/sharmila/.gradle/caches/modules-2/files-2.1/org.springframework.boot/spring-boot-autoconfigure/1.4.3.RELEASE/41df1bfbdd4ae4e8499ebe1a4bc613bda316d6e1/spring-boot-autoconfigure-1.4.3.RELEASE.jar
7f3b265d4000-7f3b265e4000 r--s 00092000 08:03 5923575                    /home/sharmila/.gradle/caches/modules-2/files-2.1/org.springframework.boot/spring-boot/1.4.3.RELEASE/17f94def4460075afdfba6bf8f897cd1fc95bf77/spring-boot-1.4.3.RELEASE.jar
7f3b265e4000-7f3b265f3000 r--s 00084000 08:03 5923574                    /home/sharmila/.gradle/caches/modules-2/files-2.1/org.springframework/spring-test/4.3.5.RELEASE/a1965127e07b469d8e5bb3d2b0ff850423b66be4/spring-test-4.3.5.RELEASE.jar
7f3b265f3000-7f3b26609000 r--s 000fa000 08:03 5923530                    /home/sharmila/.gradle/caches/modules-2/files-2.1/org.springframework/spring-core/4.3.5.RELEASE/80299e3f80e8c6d5c076db2ba6adf44a4b52f578/spring-core-4.3.5.RELEASE.jar
7f3b26609000-7f3b2660a000 r--s 00006000 08:03 5916915                    /home/sharmila/.gradle/caches/modules-2/files-2.1/org.skyscreamer/jsonassert/1.3.0/d5c250eb122496866de36dc84f98e2945845ecdd/jsonassert-1.3.0.jar
7f3b2660a000-7f3b2660c000 r--s 00009000 08:03 5913472                    /home/sharmila/.gradle/caches/modules-2/files-2.1/org.hamcrest/hamcrest-core/1.3/42a25dc3219429f0e5d060061f71acb49bf010a0/hamcrest-core-1.3.jar
7f3b2660c000-7f3b26628000 r--s 00103000 08:03 5916914                    /home/sharmila/.gradle/caches/modules-2/files-2.1/org.mockito/mockito-core/1.10.19/e8546f5bef4e061d8dd73895b4e8f40e3fe6effe/mockito-core-1.10.19.jar
7f3b26628000-7f3b2663b000 r--s 000d2000 08:03 5916913                    /home/sharmila/.gradle/caches/modules-2/files-2.1/org.assertj/assertj-core/2.5.0/fcd21db4c5f33e5dcac69bf1816415fe0647582f/assertj-core-2.5.0.jar
7f3b2663b000-7f3b26640000 r--s 0002e000 08:03 5916911                    /home/sharmila/.gradle/caches/modules-2/files-2.1/com.jayway.jsonpath/json-path/2.2.0/22290d17944bd239fabf5ac69005a60a7ecbbbcb/json-path-2.2.0.jar
7f3b26640000-7f3b26645000 r--s 00017000 08:03 5923573                    /home/sharmila/.gradle/caches/modules-2/files-2.1/org.springframework.boot/spring-boot-test-autoconfigure/1.4.3.RELEASE/1a7587605e981a58104a501ab1896e2eb7a76686/spring-boot-test-autoconfigure-1.4.3.RELEASE.jar
7f3b26645000-7f3b2664a000 r--s 00021000 08:03 5923572                    /home/sharmila/.gradle/caches/modules-2/files-2.1/org.springframework.boot/spring-boot-test/1.4.3.RELEASE/2d76638f0f13b33859bf3b927c232ff0f8a4ffbf/spring-boot-test-1.4.3.RELEASE.jar
7f3b2664a000-7f3b26650000 r--s 0003d000 08:03 5916762                    /home/sharmila/.gradle/caches/modules-2/files-2.1/org.yaml/snakeyaml/1.17/7a27ea250c5130b2922b86dea63cbb1cc10a660c/snakeyaml-1.17.jar
7f3b26650000-7f3b26652000 r--s 00006000 08:03 5923638                    /home/sharmila/.gradle/caches/modules-2/files-2.1/com.beust/jcommander/1.12/7409692b48022f9eca7445861defbcdb9ee3c2a8/jcommander-1.12.jar
7f3b26652000-7f3b26657000 r--s 00040000 08:03 5923637                    /home/sharmila/.gradle/caches/modules-2/files-2.1/org.beanshell/bsh/2.0b4/a05f0a0feefa8d8467ac80e16e7de071489f0d9c/bsh-2.0b4.jar
7f3b26657000-7f3b2665f000 r--s 00045000 08:03 5913471                    /home/sharmila/.gradle/caches/modules-2/files-2.1/junit/junit/4.12/2973d150c0dc1fefe998f834810d68f278ea58ec/junit-4.12.jar
7f3b2665f000-7f3b26662000 r--s 0000c000 08:03 5923895                    /home/sharmila/.gradle/caches/modules-2/files-2.1/org.springframework/spring-aspects/4.3.5.RELEASE/8c00c15865a1da0a1ba143a50622a8436a56e097/spring-aspects-4.3.5.RELEASE.jar
7f3b26662000-7f3b2666f000 r--s 00089000 08:03 5923892                    /home/sharmila/.gradle/caches/modules-2/files-2.1/org.hibernate/hibernate-entitymanager/5.0.11.Final/549565caed4e0bcb816843693e66ff7b04ce025f/hibernate-entitymanager-5.0.11.Final.jar
7f3b2666f000-7f3b26679000 r--s 000ae000 08:03 5916958                    /home/sharmila/.gradle/caches/modules-2/files-2.1/org.javassist/javassist/3.20.0-GA/a9cbcdfb7e9f86fbc74d3afae65f2248bfbf82a0/javassist-3.20.0-GA.jar
7f3b26679000-7f3b266e2000 r--s 004f3000 08:03 5923432                    /home/sharmila/.gradle/caches/modules-2/files-2.1/org.hibernate/hibernate-core/5.0.11.Final/c2487fb72a2217a7cec9ab478d4c21a36fc09977/hibernate-core-5.0.11.Final.jar
7f3b266e2000-7f3b2670b000 r--s 002b2000 08:03 5917540                    /home/sharmila/.gradle/caches/modules-2/files-2.1/org.apache.tomcat.embed/tomcat-embed-core/8.5.6/960834b5abc6b2135250487abf6c060a0fa5a22e/tomcat-embed-core-8.5.6.jar
7f3b2670b000-7f3b2670c000 ---p 00000000 00:00 0 
7f3b2670c000-7f3b2680c000 rw-p 00000000 00:00 0                          [stack:5362]
7f3b2680c000-7f3b2680f000 ---p 00000000 00:00 0 
7f3b2680f000-7f3b2690d000 rw-p 00000000 00:00 0                          [stack:5361]
7f3b2690d000-7f3b26910000 ---p 00000000 00:00 0 
7f3b26910000-7f3b26a0e000 rw-p 00000000 00:00 0                          [stack:5360]
7f3b26a0e000-7f3b26a11000 ---p 00000000 00:00 0 
7f3b26a11000-7f3b26b0f000 rw-p 00000000 00:00 0                          [stack:5359]
7f3b26b0f000-7f3b26b12000 ---p 00000000 00:00 0 
7f3b26b12000-7f3b26c10000 rw-p 00000000 00:00 0                          [stack:5358]
7f3b26c10000-7f3b26c13000 ---p 00000000 00:00 0 
7f3b26c13000-7f3b26d11000 rw-p 00000000 00:00 0                          [stack:5357]
7f3b26d11000-7f3b273f4000 r--p 00000000 08:03 3152909                    /usr/lib/locale/locale-archive
7f3b273f4000-7f3b273f7000 ---p 00000000 00:00 0 
7f3b273f7000-7f3b274f5000 rw-p 00000000 00:00 0                          [stack:5356]
7f3b274f5000-7f3b274f8000 ---p 00000000 00:00 0 
7f3b274f8000-7f3b275f6000 rw-p 00000000 00:00 0                          [stack:5355]
7f3b275f6000-7f3b275f7000 ---p 00000000 00:00 0 
7f3b275f7000-7f3b28000000 rw-p 00000000 00:00 0                          [stack:5354]
7f3b28000000-7f3b28021000 rw-p 00000000 00:00 0 
7f3b28021000-7f3b2c000000 ---p 00000000 00:00 0 
7f3b2c000000-7f3b2c001000 r--s 0000c000 08:03 5916912                    /home/sharmila/.gradle/caches/modules-2/files-2.1/org.hamcrest/hamcrest-library/1.3/4785a3c21320980282f9f33d0d1264a69040538f/hamcrest-library-1.3.jar
7f3b2c001000-7f3b2c007000 r--s 0003f000 08:03 5923894                    /home/sharmila/.gradle/caches/modules-2/files-2.1/org.springframework.data/spring-data-jpa/1.10.6.RELEASE/5d478860b24a493845248c1c336c33a657567bd3/spring-data-jpa-1.10.6.RELEASE.jar
7f3b2c007000-7f3b2c009000 r--s 00006000 08:03 5923893                    /home/sharmila/.gradle/caches/modules-2/files-2.1/javax.transaction/javax.transaction-api/1.2/d81aff979d603edd90dcd8db2abc1f4ce6479e3e/javax.transaction-api-1.2.jar
7f3b2c009000-7f3b2c00e000 r--s 00017000 08:03 5923828                    /home/sharmila/.gradle/caches/modules-2/files-2.1/org.hibernate.javax.persistence/hibernate-jpa-2.1-api/1.0.0.Final/5e731d961297e5a07290bfaf3db1fbc8bbbf405a/hibernate-jpa-2.1-api-1.0.0.Final.jar
7f3b2c00e000-7f3b2c021000 r--s 00236000 08:03 5916949                    /home/sharmila/.gradle/caches/modules-2/files-2.1/org.eclipse.jdt.core.compiler/ecj/4.5.1/bee1367ac12fb6a20b422ff8711ebeb4f0a42316/ecj-4.5.1.jar
7f3b2c021000-7f3b2c627000 rw-p 00000000 00:00 0 
7f3b2c627000-7f3b2c800000 r--s 03d3e000 08:03 3569606                    /usr/lib/jvm/java-8-oracle/jre/lib/rt.jar
7f3b2c800000-7f3b2d000000 rw-p 00000000 00:00 0 
7f3b2d000000-7f3b2dc70000 rwxp 00000000 00:00 0 
7f3b2dc70000-7f3b3c000000 ---p 00000000 00:00 0 
7f3b3c000000-7f3b3d88a000 rw-p 00000000 00:00 0 
7f3b3d88a000-7f3b40000000 ---p 00000000 00:00 0 
7f3b40000000-7f3b40001000 r--s 00000000 08:03 5923891                    /home/sharmila/.gradle/caches/modules-2/files-2.1/org.springframework.boot/spring-boot-starter-jdbc/1.4.3.RELEASE/7ce66cf27ea731189248be7af2ab84ba189e1151/spring-boot-starter-jdbc-1.4.3.RELEASE.jar
7f3b40001000-7f3b40002000 r--s 00000000 08:03 5923890                    /home/sharmila/.gradle/caches/modules-2/files-2.1/org.springframework.boot/spring-boot-starter-aop/1.4.3.RELEASE/30b11b6455bed446d3b4a1a49fab529b2cfac454/spring-boot-starter-aop-1.4.3.RELEASE.jar
7f3b40002000-7f3b40004000 r--s 0000f000 08:03 5916917                    /home/sharmila/.gradle/caches/modules-2/files-2.1/org.jboss.logging/jboss-logging/3.3.0.Final/3616bb87707910296e2c195dc016287080bba5af/jboss-logging-3.3.0.Final.jar
7f3b40004000-7f3b40009000 r--s 00036000 08:03 5917541                    /home/sharmila/.gradle/caches/modules-2/files-2.1/org.apache.tomcat.embed/tomcat-embed-el/8.5.6/a102298d8dc72f4065533d5962953d753b172602/tomcat-embed-el-8.5.6.jar
7f3b40009000-7f3b4001a000 r--s 000cf000 08:03 5923571                    /home/sharmila/.gradle/caches/modules-2/files-2.1/org.springframework/spring-webmvc/4.3.5.RELEASE/c624659217edab07d8279fb0f90462136f089220/spring-webmvc-4.3.5.RELEASE.jar
7f3b4001a000-7f3b4002c000 r--s 000b6000 08:03 5923570                    /home/sharmila/.gradle/caches/modules-2/files-2.1/org.springframework/spring-web/4.3.5.RELEASE/6641daccf2fddafc8358144f3a4f999130fdf144/spring-web-4.3.5.RELEASE.jar
7f3b4002c000-7f3b4003d000 r--s 0011d000 08:03 5923569                    /home/sharmila/.gradle/caches/modules-2/files-2.1/com.fasterxml.jackson.core/jackson-databind/2.8.5/b3035f37e674c04dafe36a660c3815cc59f764e2/jackson-databind-2.8.5.jar
7f3b4003d000-7f3b4004d000 r--s 0009c000 08:03 5916756                    /home/sharmila/.gradle/caches/modules-2/files-2.1/org.hibernate/hibernate-validator/5.2.4.Final/fb18766b576aa6632bcfe9a20a023cbd52bf9769/hibernate-validator-5.2.4.Final.jar
7f3b4004d000-7f3b4004e000 r--s 00000000 08:03 5923568                    /home/sharmila/.gradle/caches/modules-2/files-2.1/org.springframework.boot/spring-boot-starter-tomcat/1.4.3.RELEASE/61c48035a7a3b06b42fdd07b7109e562077b3792/spring-boot-starter-tomcat-1.4.3.RELEASE.jar
7f3b4004e000-7f3b4005a000 r--s 000a4000 08:03 5923636                    /home/sharmila/.gradle/caches/modules-2/files-2.1/org.testng/testng/6.5.2/5069d2e72356ed87645c5fc3622b0bbb5e0667c9/testng-6.5.2.jar
7f3b4005a000-7f3b409c4000 rw-p 00000000 00:00 0 
7f3b409c4000-7f3b409c5000 ---p 00000000 00:00 0 
7f3b409c5000-7f3b40ac5000 rw-p 00000000 00:00 0                          [stack:5353]
7f3b40ac5000-7f3b40ac6000 ---p 00000000 00:00 0 
7f3b40ac6000-7f3b40bc6000 rw-p 00000000 00:00 0                          [stack:5352]
7f3b40bc6000-7f3b40bc7000 ---p 00000000 00:00 0 
7f3b40bc7000-7f3b40cc7000 rw-p 00000000 00:00 0                          [stack:5351]
7f3b40cc7000-7f3b40cc8000 ---p 00000000 00:00 0 
7f3b40cc8000-7f3b40f2d000 rw-p 00000000 00:00 0                          [stack:5349]
7f3b40f2d000-7f3b4131e000 ---p 00000000 00:00 0 
7f3b4131e000-7f3b41483000 rw-p 00000000 00:00 0 
7f3b41483000-7f3b41873000 ---p 00000000 00:00 0 
7f3b41873000-7f3b4198e000 rw-p 00000000 00:00 0 
7f3b4198e000-7f3b41b1e000 ---p 00000000 00:00 0 
7f3b41b1e000-7f3b41b51000 rw-p 00000000 00:00 0 
7f3b41b51000-7f3b41edf000 ---p 00000000 00:00 0 
7f3b41edf000-7f3b41ef9000 r-xp 00000000 08:03 4870864                    /usr/lib/jvm/java-8-oracle/jre/lib/amd64/libzip.so
7f3b41ef9000-7f3b420f9000 ---p 0001a000 08:03 4870864                    /usr/lib/jvm/java-8-oracle/jre/lib/amd64/libzip.so
7f3b420f9000-7f3b420fa000 rw-p 0001a000 08:03 4870864                    /usr/lib/jvm/java-8-oracle/jre/lib/amd64/libzip.so
7f3b420fa000-7f3b42104000 r-xp 00000000 08:03 4070135                    /lib/x86_64-linux-gnu/libnss_files-2.19.so
7f3b42104000-7f3b42303000 ---p 0000a000 08:03 4070135                    /lib/x86_64-linux-gnu/libnss_files-2.19.so
7f3b42303000-7f3b42304000 r--p 00009000 08:03 4070135                    /lib/x86_64-linux-gnu/libnss_files-2.19.so
7f3b42304000-7f3b42305000 rw-p 0000a000 08:03 4070135                    /lib/x86_64-linux-gnu/libnss_files-2.19.so
7f3b42305000-7f3b42310000 r-xp 00000000 08:03 4070127                    /lib/x86_64-linux-gnu/libnss_nis-2.19.so
7f3b42310000-7f3b4250f000 ---p 0000b000 08:03 4070127                    /lib/x86_64-linux-gnu/libnss_nis-2.19.so
7f3b4250f000-7f3b42510000 r--p 0000a000 08:03 4070127                    /lib/x86_64-linux-gnu/libnss_nis-2.19.so
7f3b42510000-7f3b42511000 rw-p 0000b000 08:03 4070127                    /lib/x86_64-linux-gnu/libnss_nis-2.19.so
7f3b42511000-7f3b42528000 r-xp 00000000 08:03 4070123                    /lib/x86_64-linux-gnu/libnsl-2.19.so
7f3b42528000-7f3b42727000 ---p 00017000 08:03 4070123                    /lib/x86_64-linux-gnu/libnsl-2.19.so
7f3b42727000-7f3b42728000 r--p 00016000 08:03 4070123                    /lib/x86_64-linux-gnu/libnsl-2.19.so
7f3b42728000-7f3b42729000 rw-p 00017000 08:03 4070123                    /lib/x86_64-linux-gnu/libnsl-2.19.so
7f3b42729000-7f3b4272b000 rw-p 00000000 00:00 0 
7f3b4272b000-7f3b42734000 r-xp 00000000 08:03 4070122                    /lib/x86_64-linux-gnu/libnss_compat-2.19.so
7f3b42734000-7f3b42933000 ---p 00009000 08:03 4070122                    /lib/x86_64-linux-gnu/libnss_compat-2.19.so
7f3b42933000-7f3b42934000 r--p 00008000 08:03 4070122                    /lib/x86_64-linux-gnu/libnss_compat-2.19.so
7f3b42934000-7f3b42935000 rw-p 00009000 08:03 4070122                    /lib/x86_64-linux-gnu/libnss_compat-2.19.so
7f3b42935000-7f3b42960000 r-xp 00000000 08:03 4870782                    /usr/lib/jvm/java-8-oracle/jre/lib/amd64/libjava.so
7f3b42960000-7f3b42b5f000 ---p 0002b000 08:03 4870782                    /usr/lib/jvm/java-8-oracle/jre/lib/amd64/libjava.so
7f3b42b5f000-7f3b42b61000 rw-p 0002a000 08:03 4870782                    /usr/lib/jvm/java-8-oracle/jre/lib/amd64/libjava.so
7f3b42b61000-7f3b42b6e000 r-xp 00000000 08:03 4870821                    /usr/lib/jvm/java-8-oracle/jre/lib/amd64/libverify.so
7f3b42b6e000-7f3b42d6d000 ---p 0000d000 08:03 4870821                    /usr/lib/jvm/java-8-oracle/jre/lib/amd64/libverify.so
7f3b42d6d000-7f3b42d6f000 rw-p 0000c000 08:03 4870821                    /usr/lib/jvm/java-8-oracle/jre/lib/amd64/libverify.so
7f3b42d6f000-7f3b42d76000 r-xp 00000000 08:03 4070131                    /lib/x86_64-linux-gnu/librt-2.19.so
7f3b42d76000-7f3b42f75000 ---p 00007000 08:03 4070131                    /lib/x86_64-linux-gnu/librt-2.19.so
7f3b42f75000-7f3b42f76000 r--p 00006000 08:03 4070131                    /lib/x86_64-linux-gnu/librt-2.19.so
7f3b42f76000-7f3b42f77000 rw-p 00007000 08:03 4070131                    /lib/x86_64-linux-gnu/librt-2.19.so
7f3b42f77000-7f3b4307c000 r-xp 00000000 08:03 4070117                    /lib/x86_64-linux-gnu/libm-2.19.so
7f3b4307c000-7f3b4327b000 ---p 00105000 08:03 4070117                    /lib/x86_64-linux-gnu/libm-2.19.so
7f3b4327b000-7f3b4327c000 r--p 00104000 08:03 4070117                    /lib/x86_64-linux-gnu/libm-2.19.so
7f3b4327c000-7f3b4327d000 rw-p 00105000 08:03 4070117                    /lib/x86_64-linux-gnu/libm-2.19.so
7f3b4327d000-7f3b43f4b000 r-xp 00000000 08:03 5260205                    /usr/lib/jvm/java-8-oracle/jre/lib/amd64/server/libjvm.so
7f3b43f4b000-7f3b4414b000 ---p 00cce000 08:03 5260205                    /usr/lib/jvm/java-8-oracle/jre/lib/amd64/server/libjvm.so
7f3b4414b000-7f3b44224000 rw-p 00cce000 08:03 5260205                    /usr/lib/jvm/java-8-oracle/jre/lib/amd64/server/libjvm.so
7f3b44224000-7f3b4426f000 rw-p 00000000 00:00 0 
7f3b4426f000-7f3b44429000 r-xp 00000000 08:03 4070132                    /lib/x86_64-linux-gnu/libc-2.19.so
7f3b44429000-7f3b44629000 ---p 001ba000 08:03 4070132                    /lib/x86_64-linux-gnu/libc-2.19.so
7f3b44629000-7f3b4462d000 r--p 001ba000 08:03 4070132                    /lib/x86_64-linux-gnu/libc-2.19.so
7f3b4462d000-7f3b4462f000 rw-p 001be000 08:03 4070132                    /lib/x86_64-linux-gnu/libc-2.19.so
7f3b4462f000-7f3b44634000 rw-p 00000000 00:00 0 
7f3b44634000-7f3b44637000 r-xp 00000000 08:03 4070119                    /lib/x86_64-linux-gnu/libdl-2.19.so
7f3b44637000-7f3b44836000 ---p 00003000 08:03 4070119                    /lib/x86_64-linux-gnu/libdl-2.19.so
7f3b44836000-7f3b44837000 r--p 00002000 08:03 4070119                    /lib/x86_64-linux-gnu/libdl-2.19.so
7f3b44837000-7f3b44838000 rw-p 00003000 08:03 4070119                    /lib/x86_64-linux-gnu/libdl-2.19.so
7f3b44838000-7f3b4484d000 r-xp 00000000 08:03 3555343                    /usr/lib/jvm/java-8-oracle/lib/amd64/jli/libjli.so
7f3b4484d000-7f3b44a4d000 ---p 00015000 08:03 3555343                    /usr/lib/jvm/java-8-oracle/lib/amd64/jli/libjli.so
7f3b44a4d000-7f3b44a4e000 rw-p 00015000 08:03 3555343                    /usr/lib/jvm/java-8-oracle/lib/amd64/jli/libjli.so
7f3b44a4e000-7f3b44a67000 r-xp 00000000 08:03 4070124                    /lib/x86_64-linux-gnu/libpthread-2.19.so
7f3b44a67000-7f3b44c66000 ---p 00019000 08:03 4070124                    /lib/x86_64-linux-gnu/libpthread-2.19.so
7f3b44c66000-7f3b44c67000 r--p 00018000 08:03 4070124                    /lib/x86_64-linux-gnu/libpthread-2.19.so
7f3b44c67000-7f3b44c68000 rw-p 00019000 08:03 4070124                    /lib/x86_64-linux-gnu/libpthread-2.19.so
7f3b44c68000-7f3b44c6c000 rw-p 00000000 00:00 0 
7f3b44c6c000-7f3b44c8f000 r-xp 00000000 08:03 4070125                    /lib/x86_64-linux-gnu/ld-2.19.so
7f3b44c8f000-7f3b44c90000 r--s 00000000 08:03 5923567                    /home/sharmila/.gradle/caches/modules-2/files-2.1/org.springframework.boot/spring-boot-starter/1.4.3.RELEASE/c99bad104719e947b3f9aa2b7569583805e4c5d5/spring-boot-starter-1.4.3.RELEASE.jar
7f3b44c90000-7f3b44c91000 r--s 00000000 08:03 5923566                    /home/sharmila/.gradle/caches/modules-2/files-2.1/org.springframework.boot/spring-boot-starter-test/1.4.3.RELEASE/6e9f1dbd3f68299c0183630ef07ca430de160050/spring-boot-starter-test-1.4.3.RELEASE.jar
7f3b44c91000-7f3b44c92000 r--s 00000000 08:03 5923889                    /home/sharmila/.gradle/caches/modules-2/files-2.1/org.springframework.boot/spring-boot-starter-data-jpa/1.4.3.RELEASE/ffda06c2144d10239014407333c223a237b73ad7/spring-boot-starter-data-jpa-1.4.3.RELEASE.jar
7f3b44c92000-7f3b44d65000 rw-p 00000000 00:00 0 
7f3b44d65000-7f3b44d68000 ---p 00000000 00:00 0 
7f3b44d68000-7f3b44e6a000 rw-p 00000000 00:00 0                          [stack:5346]
7f3b44e6a000-7f3b44e6b000 r--s 00003000 08:03 5923431                    /home/sharmila/.gradle/caches/modules-2/files-2.1/org.hibernate/hibernate-gradle-plugin/5.2.3.Final/db2ad8695e48a03a566b74fb5fc07c1732c1f5e5/hibernate-gradle-plugin-5.2.3.Final.jar
7f3b44e6b000-7f3b44e70000 r--s 00309000 08:03 5923826                    /home/sharmila/.gradle/caches/modules-2/files-2.1/org.xerial/sqlite-jdbc/3.7.2/7a3d67f00508d3881650579f7f228c61bfc1b196/sqlite-jdbc-3.7.2.jar
7f3b44e70000-7f3b44e79000 r--s 00095000 08:03 5913393                    /home/sharmila/.gradle/caches/modules-2/files-2.1/org.apache.tomcat.embed/tomcat-embed-jasper/9.0.0.M11/e2cd5a7038094195c3163532e01daf051d9265fe/tomcat-embed-jasper-9.0.0.M11.jar
7f3b44e79000-7f3b44e7a000 r--s 00000000 08:03 5923565                    /home/sharmila/.gradle/caches/modules-2/files-2.1/org.springframework.boot/spring-boot-starter-web/1.4.3.RELEASE/a0dcc919eda8e8ecb6f13f52a30e6afbb8266103/spring-boot-starter-web-1.4.3.RELEASE.jar
7f3b44e7a000-7f3b44e82000 r--s 00046000 08:03 2759763                    /home/sharmila/Downloads/sts 3.6.4/sts-bundle/sts-3.6.4.RELEASE/plugins/org.testng.eclipse_6.10.0.201612030230/lib/testng-remote.jar
7f3b44e82000-7f3b44e8a000 rw-s 00000000 08:03 5917624                    /tmp/hsperfdata_sharmila/5344
7f3b44e8a000-7f3b44e8b000 rw-p 00000000 00:00 0 
7f3b44e8b000-7f3b44e8c000 r--p 00000000 00:00 0 
7f3b44e8c000-7f3b44e8e000 rw-p 00000000 00:00 0 
7f3b44e8e000-7f3b44e8f000 r--p 00022000 08:03 4070125                    /lib/x86_64-linux-gnu/ld-2.19.so
7f3b44e8f000-7f3b44e90000 rw-p 00023000 08:03 4070125                    /lib/x86_64-linux-gnu/ld-2.19.so
7f3b44e90000-7f3b44e91000 rw-p 00000000 00:00 0 
7ffdc8ec4000-7ffdc8ee8000 rw-p 00000000 00:00 0                          [stack]
7ffdc8f66000-7ffdc8f68000 r-xp 00000000 00:00 0                          [vdso]
ffffffffff600000-ffffffffff601000 r-xp 00000000 00:00 0                  [vsyscall]

VM Arguments:
jvm_args: -ea -Xms1024m -Xmx4096m -Dfile.encoding=UTF-8 
java_command: org.testng.remote.RemoteTestNG -serport 42376 -protocol json -d /home/sharmila/Documents/work-office/TestNG_Project/test-output /tmp/testng-eclipse--143837371/testng-customsuite.xml
java_class_path (initial): /home/sharmila/Downloads/sts 3.6.4/sts-bundle/sts-3.6.4.RELEASE/plugins/org.testng.eclipse_6.10.0.201612030230/lib/testng-remote.jar:/home/sharmila/Documents/work-office/TestNG_Project/bin:/home/sharmila/.gradle/caches/modules-2/files-2.1/org.springframework.boot/spring-boot-starter-web/1.4.3.RELEASE/a0dcc919eda8e8ecb6f13f52a30e6afbb8266103/spring-boot-starter-web-1.4.3.RELEASE.jar:/home/sharmila/.gradle/caches/modules-2/files-2.1/org.apache.tomcat.embed/tomcat-embed-jasper/9.0.0.M11/e2cd5a7038094195c3163532e01daf051d9265fe/tomcat-embed-jasper-9.0.0.M11.jar:/home/sharmila/.gradle/caches/modules-2/files-2.1/org.xerial/sqlite-jdbc/3.7.2/7a3d67f00508d3881650579f7f228c61bfc1b196/sqlite-jdbc-3.7.2.jar:/home/sharmila/.gradle/caches/modules-2/files-2.1/org.hibernate/hibernate-gradle-plugin/5.2.3.Final/db2ad8695e48a03a566b74fb5fc07c1732c1f5e5/hibernate-gradle-plugin-5.2.3.Final.jar:/home/sharmila/.gradle/caches/modules-2/files-2.1/org.springframework.boot/spring-boot-starter-data-jpa/1.4.3.RELEASE/ffda06c2144d10239014407333c223a237b73ad7/spring-boot-starter-data-jpa-1.4.3.RELEASE.jar:/home/sharmila/.gradle/caches/modules-2/files-2.1/org.testng/testng/6.5.2/5069d2e72356ed87645c5fc3622b0bbb5e0667c9/testng-6.5.2.jar:/home/sharmila/.gradle/caches/modules-2/files-2.1/org.springframework.boot/spring-boot-starter-test/1.4.3.RELEASE/6e9f1dbd3f68299c0183630ef07ca430de160050/spring-boot-starter-test-1.4.3.RELEASE.jar:/home/sharmila/.gradle/caches/modules-2/files-2.1/org.springframework.boot/spring-boot-starter/1.4.3.RELEASE/c99bad104719e947b3f9aa2b7569583805e4c5d5/spring-boot-starter-1.4.3.RELEASE.jar:/home/sharmila/.gradle/caches/modules-2/files-2.1/org.springframework.boot/spring-boot-starter-tomcat/1.4.3.RELEASE/61c48035a7a3b06b42fdd07b7109e562077b3792/spring-boot-starter-tomcat-1.4.3.RELEASE.jar:/home/sharmila/.gradle/caches/modules-2/files-2.1/org.hibernate/hibernate-validator/5.2.4.Final/fb18766b576aa6632bcfe9a20a023cbd52bf9769/hibernate-validator-5
Launcher Type: SUN_STANDARD

Environment Variables:
JAVA_HOME=/usr/lib/jvm/java-8-oracle
PATH=/usr/local/sbin:/usr/local/bin:/usr/sbin:/usr/bin:/sbin:/bin:/usr/games:/usr/local/games:/usr/lib/jvm/java-8-oracle/bin:/usr/lib/jvm/java-8-oracle/db/bin:/usr/lib/jvm/java-8-oracle/jre/bin
SHELL=/bin/bash
DISPLAY=:0.0

Signal Handlers:
SIGSEGV: [libjvm.so+0xac78c0], sa_mask[0]=11111111011111111101111111111110, sa_flags=SA_RESTART|SA_SIGINFO
SIGBUS: [libjvm.so+0xac78c0], sa_mask[0]=11111111011111111101111111111110, sa_flags=SA_RESTART|SA_SIGINFO
SIGFPE: [libjvm.so+0x920ac0], sa_mask[0]=11111111011111111101111111111110, sa_flags=SA_RESTART|SA_SIGINFO
SIGPIPE: [libjvm.so+0x920ac0], sa_mask[0]=11111111011111111101111111111110, sa_flags=SA_RESTART|SA_SIGINFO
SIGXFSZ: [libjvm.so+0x920ac0], sa_mask[0]=11111111011111111101111111111110, sa_flags=SA_RESTART|SA_SIGINFO
SIGILL: [libjvm.so+0x920ac0], sa_mask[0]=11111111011111111101111111111110, sa_flags=SA_RESTART|SA_SIGINFO
SIGUSR1: SIG_DFL, sa_mask[0]=00000000000000000000000000000000, sa_flags=none
SIGUSR2: [libjvm.so+0x922300], sa_mask[0]=00100000000000000000000000000000, sa_flags=SA_RESTART|SA_SIGINFO
SIGHUP: [libjvm.so+0x923700], sa_mask[0]=11111111011111111101111111111110, sa_flags=SA_RESTART|SA_SIGINFO
SIGINT: [libjvm.so+0x923700], sa_mask[0]=11111111011111111101111111111110, sa_flags=SA_RESTART|SA_SIGINFO
SIGTERM: [libjvm.so+0x923700], sa_mask[0]=11111111011111111101111111111110, sa_flags=SA_RESTART|SA_SIGINFO
SIGQUIT: [libjvm.so+0x923700], sa_mask[0]=11111111011111111101111111111110, sa_flags=SA_RESTART|SA_SIGINFO


---------------  S Y S T E M  ---------------

OS:DISTRIB_ID=Ubuntu
DISTRIB_RELEASE=14.04
DISTRIB_CODENAME=trusty
DISTRIB_DESCRIPTION="Ubuntu 14.04.5 LTS"

uname:Linux 3.13.0-107-generic #154-Ubuntu SMP Tue Dec 20 09:57:27 UTC 2016 x86_64
libc:glibc 2.19 NPTL 2.19 
rlimit: STACK 8192k, CORE 0k, NPROC 30712, NOFILE 4096, AS infinity
load average:1.74 0.99 0.79

/proc/meminfo:
MemTotal:        3953548 kB
MemFree:          139996 kB
Buffers:           70436 kB
Cached:          1184952 kB
SwapCached:            0 kB
Active:          2334368 kB
Inactive:        1238260 kB
Active(anon):    1843520 kB
Inactive(anon):   831704 kB
Active(file):     490848 kB
Inactive(file):   406556 kB
Unevictable:         208 kB
Mlocked:             208 kB
SwapTotal:       7999484 kB
SwapFree:        7999172 kB
Dirty:               216 kB
Writeback:             0 kB
AnonPages:       2317532 kB
Mapped:           361212 kB
Shmem:            357992 kB
Slab:             118248 kB
SReclaimable:      79452 kB
SUnreclaim:        38796 kB
KernelStack:        5376 kB
PageTables:        48148 kB
NFS_Unstable:          0 kB
Bounce:                0 kB
WritebackTmp:          0 kB
CommitLimit:     9976256 kB
Committed_AS:    8492144 kB
VmallocTotal:   34359738367 kB
VmallocUsed:      400992 kB
VmallocChunk:   34359328252 kB
HardwareCorrupted:     0 kB
AnonHugePages:    870400 kB
HugePages_Total:       0
HugePages_Free:        0
HugePages_Rsvd:        0
HugePages_Surp:        0
Hugepagesize:       2048 kB
DirectMap4k:       86188 kB
DirectMap2M:     2965504 kB
DirectMap1G:     1048576 kB


CPU:total 4 (2 cores per cpu, 2 threads per core) family 6 model 69 stepping 1, cmov, cx8, fxsr, mmx, sse, sse2, sse3, ssse3, sse4.1, sse4.2, popcnt, avx, avx2, aes, clmul, erms, lzcnt, ht, tsc, tscinvbit, bmi1, bmi2

/proc/cpuinfo:
processor	: 0
vendor_id	: GenuineIntel
cpu family	: 6
model		: 69
model name	: Intel(R) Core(TM) i5-4200U CPU @ 1.60GHz
stepping	: 1
microcode	: 0x17
cpu MHz		: 1600.000
cache size	: 3072 KB
physical id	: 0
siblings	: 4
core id		: 0
cpu cores	: 2
apicid		: 0
initial apicid	: 0
fpu		: yes
fpu_exception	: yes
cpuid level	: 13
wp		: yes
flags		: fpu vme de pse tsc msr pae mce cx8 apic sep mtrr pge mca cmov pat pse36 clflush dts acpi mmx fxsr sse sse2 ss ht tm pbe syscall nx pdpe1gb rdtscp lm constant_tsc arch_perfmon pebs bts rep_good nopl xtopology nonstop_tsc aperfmperf eagerfpu pni pclmulqdq dtes64 monitor ds_cpl vmx est tm2 ssse3 fma cx16 xtpr pdcm pcid sse4_1 sse4_2 movbe popcnt tsc_deadline_timer aes xsave avx f16c rdrand lahf_lm abm ida arat epb xsaveopt pln pts dtherm tpr_shadow vnmi flexpriority ept vpid fsgsbase tsc_adjust bmi1 avx2 smep bmi2 erms invpcid
bogomips	: 4589.35
clflush size	: 64
cache_alignment	: 64
address sizes	: 39 bits physical, 48 bits virtual
power management:

processor	: 1
vendor_id	: GenuineIntel
cpu family	: 6
model		: 69
model name	: Intel(R) Core(TM) i5-4200U CPU @ 1.60GHz
stepping	: 1
microcode	: 0x17
cpu MHz		: 759.000
cache size	: 3072 KB
physical id	: 0
siblings	: 4
core id		: 0
cpu cores	: 2
apicid		: 1
initial apicid	: 1
fpu		: yes
fpu_exception	: yes
cpuid level	: 13
wp		: yes
flags		: fpu vme de pse tsc msr pae mce cx8 apic sep mtrr pge mca cmov pat pse36 clflush dts acpi mmx fxsr sse sse2 ss ht tm pbe syscall nx pdpe1gb rdtscp lm constant_tsc arch_perfmon pebs bts rep_good nopl xtopology nonstop_tsc aperfmperf eagerfpu pni pclmulqdq dtes64 monitor ds_cpl vmx est tm2 ssse3 fma cx16 xtpr pdcm pcid sse4_1 sse4_2 movbe popcnt tsc_deadline_timer aes xsave avx f16c rdrand lahf_lm abm ida arat epb xsaveopt pln pts dtherm tpr_shadow vnmi flexpriority ept vpid fsgsbase tsc_adjust bmi1 avx2 smep bmi2 erms invpcid
bogomips	: 4589.35
clflush size	: 64
cache_alignment	: 64
address sizes	: 39 bits physical, 48 bits virtual
power management:

processor	: 2
vendor_id	: GenuineIntel
cpu family	: 6
model		: 69
model name	: Intel(R) Core(TM) i5-4200U CPU @ 1.60GHz
stepping	: 1
microcode	: 0x17
cpu MHz		: 1500.000
cache size	: 3072 KB
physical id	: 0
siblings	: 4
core id		: 1
cpu cores	: 2
apicid		: 2
initial apicid	: 2
fpu		: yes
fpu_exception	: yes
cpuid level	: 13
wp		: yes
flags		: fpu vme de pse tsc msr pae mce cx8 apic sep mtrr pge mca cmov pat pse36 clflush dts acpi mmx fxsr sse sse2 ss ht tm pbe syscall nx pdpe1gb rdtscp lm constant_tsc arch_perfmon pebs bts rep_good nopl xtopology nonstop_tsc aperfmperf eagerfpu pni pclmulqdq dtes64 monitor ds_cpl vmx est tm2 ssse3 fma cx16 xtpr pdcm pcid sse4_1 sse4_2 movbe popcnt tsc_deadline_timer aes xsave avx f16c rdrand lahf_lm abm ida arat epb xsaveopt pln pts dtherm tpr_shadow vnmi flexpriority ept vpid fsgsbase tsc_adjust bmi1 avx2 smep bmi2 erms invpcid
bogomips	: 4589.35
clflush size	: 64
cache_alignment	: 64
address sizes	: 39 bits physical, 48 bits virtual
power management:

processor	: 3
vendor_id	: GenuineIntel
cpu family	: 6
model		: 69
model name	: Intel(R) Core(TM) i5-4200U CPU @ 1.60GHz
stepping	: 1
microcode	: 0x17
cpu MHz		: 1600.000
cache size	: 3072 KB
physical id	: 0
siblings	: 4
core id		: 1
cpu cores	: 2
apicid		: 3
initial apicid	: 3
fpu		: yes
fpu_exception	: yes
cpuid level	: 13
wp		: yes
flags		: fpu vme de pse tsc msr pae mce cx8 apic sep mtrr pge mca cmov pat pse36 clflush dts acpi mmx fxsr sse sse2 ss ht tm pbe syscall nx pdpe1gb rdtscp lm constant_tsc arch_perfmon pebs bts rep_good nopl xtopology nonstop_tsc aperfmperf eagerfpu pni pclmulqdq dtes64 monitor ds_cpl vmx est tm2 ssse3 fma cx16 xtpr pdcm pcid sse4_1 sse4_2 movbe popcnt tsc_deadline_timer aes xsave avx f16c rdrand lahf_lm abm ida arat epb xsaveopt pln pts dtherm tpr_shadow vnmi flexpriority ept vpid fsgsbase tsc_adjust bmi1 avx2 smep bmi2 erms invpcid
bogomips	: 4589.35
clflush size	: 64
cache_alignment	: 64
address sizes	: 39 bits physical, 48 bits virtual
power management:



Memory: 4k page, physical 3953548k(139996k free), swap 7999484k(7999172k free)

vm_info: Java HotSpot(TM) 64-Bit Server VM (25.121-b13) for linux-amd64 JRE (1.8.0_121-b13), built on Dec 12 2016 16:36:53 by "java_re" with gcc 4.3.0 20080428 (Red Hat 4.3.0-8)

time: Mon Jan 23 17:33:08 2017
elapsed time: 7 seconds (0d 0h 0m 7s)

