#
# A fatal error has been detected by the Java Runtime Environment:
#
#  SIGSEGV (0xb) at pc=0x00007fdb8ee28118, pid=5447, tid=0x00007fdb9032e700
#
# JRE version: Java(TM) SE Runtime Environment (8.0_121-b13) (build 1.8.0_121-b13)
# Java VM: Java HotSpot(TM) 64-Bit Server VM (25.121-b13 mixed mode linux-amd64 compressed oops)
# Problematic frame:
# V  [libjvm.so+0x6e2118]  jni_GetStringUTFChars+0xb8
#
# Failed to write core dump. Core dumps have been disabled. To enable core dumping, try "ulimit -c unlimited" before starting Java again
#
# If you would like to submit a bug report, please visit:
#   http://bugreport.java.com/bugreport/crash.jsp
#

---------------  T H R E A D  ---------------

Current thread (0x00007fdb88010000):  JavaThread "main" [_thread_in_vm, id=5453, stack(0x00007fdb9022e000,0x00007fdb9032f000)]

siginfo: si_signo: 11 (SIGSEGV), si_code: 1 (SEGV_MAPERR), si_addr: 0x0000000000000000

Registers:
RAX=0x00007fdb8f6fd550, RBX=0x0000000000000000, RCX=0x000000076ab7f290, RDX=0x00007fdb8f70b9e0
RSP=0x00007fdb90328b00, RBP=0x00007fdb90328ba0, RSI=0x00007fdb88010000, RDI=0x00007fdb90328b40
R8 =0x00007fdb79012c80, R9 =0x000000076ab7f290, R10=0x0000000000000170, R11=0x00007fdb8f70b9e8
R12=0x00007fdb88010000, R13=0x0000000000000000, R14=0x00007fdb90328c78, R15=0x00007fdb90328b40
RIP=0x00007fdb8ee28118, EFLAGS=0x0000000000010246, CSGSFS=0x0000000000000033, ERR=0x0000000000000004
  TRAPNO=0x000000000000000e

Top of Stack: (sp=0x00007fdb90328b00)
0x00007fdb90328b00:   00007fdb90328bc8 0000000000000000
0x00007fdb90328b10:   00007fdb7910d4c0 00007fdb8f70d800
0x00007fdb90328b20:   00007fdb90329198 00007fdb79012c80
0x00007fdb90328b30:   000000077649b8d0 0000000050200030
0x00007fdb90328b40:   00007fdb88010000 0000000000000000
0x00007fdb90328b50:   00007fdb73800480 00007fdb790082bd
0x00007fdb90328b60:   00007fdb88010000 000000077649b8d0
0x00007fdb90328b70:   00007fdb90328c10 00007fdb33406090
0x00007fdb90328b80:   00007fdb89046928 0000000000000000
0x00007fdb90328b90:   00007fdb90328c78 00007fdb88010000
0x00007fdb90328ba0:   00007fdb880101f8 00007fdb331702b0
0x00007fdb90328bb0:   00007fdb90328c10 00007fdb790082bd
0x00007fdb90328bc0:   00007fdb33406090 00007fdb90328c50
0x00007fdb90328bd0:   0000000000000000 00007fdb33406088
0x00007fdb90328be0:   00007fdb90328c78 00007fdb790184cf
0x00007fdb90328bf0:   0000000000000000 00007fdb334158f0
0x00007fdb90328c00:   0000000000000000 000000076ab7f290
0x00007fdb90328c10:   00007fdb90328c00 0000000000000000
0x00007fdb90328c20:   00007fdb90328c78 00007fdb3340c9d0
0x00007fdb90328c30:   0000000000000000 00007fdb33406090
0x00007fdb90328c40:   0000000000000000 00007fdb90328c70
0x00007fdb90328c50:   00007fdb90328cd8 00007fdb79007dd0
0x00007fdb90328c60:   0000000000000000 00007fdb79011537
0x00007fdb90328c70:   0000000000000000 000000076ab7f290
0x00007fdb90328c80:   000000077649b870 000000077649b8d0
0x00007fdb90328c90:   000000076ab7f290 00007fdb90328c88
0x00007fdb90328ca0:   00007fdb33409955 00007fdb90328cf0
0x00007fdb90328cb0:   00007fdb3340c220 0000000000000000
0x00007fdb90328cc0:   00007fdb334099a0 00007fdb90328c70
0x00007fdb90328cd0:   00007fdb90328ce8 00007fdb90328d38
0x00007fdb90328ce0:   00007fdb790082bd 000000077649b870
0x00007fdb90328cf0:   000000076ab7f290 00007fdb90328cf8 

Instructions: (pc=0x00007fdb8ee28118)
0x00007fdb8ee280f8:   84 24 70 02 00 00 06 00 00 00 4c 89 e6 4c 89 65
0x00007fdb8ee28108:   c0 4c 89 ff e8 1f 01 01 00 48 8b 05 18 d0 88 00
0x00007fdb8ee28118:   4c 8b 2b 8b 10 48 8b 05 44 fc 88 00 80 38 00 0f
0x00007fdb8ee28128:   84 2b 01 00 00 48 63 c2 41 8b 54 05 00 85 d2 0f 

Register to memory mapping:

RAX=0x00007fdb8f6fd550: <offset 0xfb7550> in /usr/lib/jvm/java-8-oracle/jre/lib/amd64/server/libjvm.so at 0x00007fdb8e746000
RBX=0x0000000000000000 is an unknown value
RCX=0x000000076ab7f290 is an oop
org.sqlite.NativeDB 
 - klass: 'org/sqlite/NativeDB'
RDX=0x00007fdb8f70b9e0: <offset 0xfc59e0> in /usr/lib/jvm/java-8-oracle/jre/lib/amd64/server/libjvm.so at 0x00007fdb8e746000
RSP=0x00007fdb90328b00 is pointing into the stack for thread: 0x00007fdb88010000
RBP=0x00007fdb90328ba0 is pointing into the stack for thread: 0x00007fdb88010000
RSI=0x00007fdb88010000 is a thread
RDI=0x00007fdb90328b40 is pointing into the stack for thread: 0x00007fdb88010000
R8 =0x00007fdb79012c80 is at code_begin+0 in an Interpreter codelet
method entry point (kind = zerolocals)  [0x00007fdb79012c80, 0x00007fdb79013100]  1152 bytes
R9 =0x000000076ab7f290 is an oop
org.sqlite.NativeDB 
 - klass: 'org/sqlite/NativeDB'
R10=0x0000000000000170 is an unknown value
R11=0x00007fdb8f70b9e8: <offset 0xfc59e8> in /usr/lib/jvm/java-8-oracle/jre/lib/amd64/server/libjvm.so at 0x00007fdb8e746000
R12=0x00007fdb88010000 is a thread
R13=0x0000000000000000 is an unknown value
R14=0x00007fdb90328c78 is pointing into the stack for thread: 0x00007fdb88010000
R15=0x00007fdb90328b40 is pointing into the stack for thread: 0x00007fdb88010000


Stack: [0x00007fdb9022e000,0x00007fdb9032f000],  sp=0x00007fdb90328b00,  free space=1002k
Native frames: (J=compiled Java code, j=interpreted, Vv=VM code, C=native code)
V  [libjvm.so+0x6e2118]  jni_GetStringUTFChars+0xb8
C  [sqlite-3.7.2-libsqlitejdbc.so+0xd2b0]  Java_org_sqlite_NativeDB_prepare+0x2f

Java frames: (J=compiled Java code, j=interpreted, Vv=VM code)
j  org.sqlite.NativeDB.prepare(Ljava/lang/String;)J+0
j  org.sqlite.DB.prepare(Lorg/sqlite/Stmt;)V+21
j  org.sqlite.PrepStmt.<init>(Lorg/sqlite/Conn;Ljava/lang/String;)V+15
j  org.sqlite.Conn.prepareStatement(Ljava/lang/String;III)Ljava/sql/PreparedStatement;+14
j  org.sqlite.Conn.prepareStatement(Ljava/lang/String;II)Ljava/sql/PreparedStatement;+5
j  org.sqlite.Conn.prepareStatement(Ljava/lang/String;)Ljava/sql/PreparedStatement;+8
v  ~StubRoutines::call_stub
J 2236  sun.reflect.NativeMethodAccessorImpl.invoke0(Ljava/lang/reflect/Method;Ljava/lang/Object;[Ljava/lang/Object;)Ljava/lang/Object; (0 bytes) @ 0x00007fdb79721737 [0x00007fdb797216c0+0x77]
J 2235 C1 sun.reflect.NativeMethodAccessorImpl.invoke(Ljava/lang/Object;[Ljava/lang/Object;)Ljava/lang/Object; (104 bytes) @ 0x00007fdb797240fc [0x00007fdb79723d20+0x3dc]
J 3579 C2 sun.reflect.DelegatingMethodAccessorImpl.invoke(Ljava/lang/Object;[Ljava/lang/Object;)Ljava/lang/Object; (10 bytes) @ 0x00007fdb791b2468 [0x00007fdb791b2420+0x48]
J 1209 C1 java.lang.reflect.Method.invoke(Ljava/lang/Object;[Ljava/lang/Object;)Ljava/lang/Object; (62 bytes) @ 0x00007fdb79428d9c [0x00007fdb794289a0+0x3fc]
j  org.apache.tomcat.jdbc.pool.ProxyConnection.invoke(Ljava/lang/Object;Ljava/lang/reflect/Method;[Ljava/lang/Object;)Ljava/lang/Object;+237
j  org.apache.tomcat.jdbc.pool.JdbcInterceptor.invoke(Ljava/lang/Object;Ljava/lang/reflect/Method;[Ljava/lang/Object;)Ljava/lang/Object;+14
j  org.apache.tomcat.jdbc.pool.DisposableConnectionFacade.invoke(Ljava/lang/Object;Ljava/lang/reflect/Method;[Ljava/lang/Object;)Ljava/lang/Object;+93
j  com.sun.proxy.$Proxy83.prepareStatement(Ljava/lang/String;)Ljava/sql/PreparedStatement;+16
j  org.hibernate.engine.jdbc.internal.StatementPreparerImpl$1.doPrepare()Ljava/sql/PreparedStatement;+37
j  org.hibernate.engine.jdbc.internal.StatementPreparerImpl$StatementPreparationTemplate.prepareStatement()Ljava/sql/PreparedStatement;+45
j  org.hibernate.engine.jdbc.internal.StatementPreparerImpl.prepareStatement(Ljava/lang/String;)Ljava/sql/PreparedStatement;+6
j  org.hibernate.id.SequenceGenerator.generateHolder(Lorg/hibernate/engine/spi/SessionImplementor;)Lorg/hibernate/id/IntegralDataTypeHolder;+15
j  org.hibernate.id.SequenceHiLoGenerator$1.getNextValue()Lorg/hibernate/id/IntegralDataTypeHolder;+8
j  org.hibernate.id.enhanced.LegacyHiLoAlgorithmOptimizer.generate(Lorg/hibernate/id/enhanced/AccessCallback;)Ljava/io/Serializable;+25
j  org.hibernate.id.SequenceHiLoGenerator.generate(Lorg/hibernate/engine/spi/SessionImplementor;Ljava/lang/Object;)Ljava/io/Serializable;+53
j  org.hibernate.event.internal.AbstractSaveEventListener.saveWithGeneratedId(Ljava/lang/Object;Ljava/lang/String;Ljava/lang/Object;Lorg/hibernate/event/spi/EventSource;Z)Ljava/io/Serializable;+21
j  org.hibernate.jpa.event.internal.core.JpaPersistEventListener.saveWithGeneratedId(Ljava/lang/Object;Ljava/lang/String;Ljava/lang/Object;Lorg/hibernate/event/spi/EventSource;Z)Ljava/io/Serializable;+18
j  org.hibernate.event.internal.DefaultPersistEventListener.entityIsTransient(Lorg/hibernate/event/spi/PersistEvent;Ljava/util/Map;)V+55
j  org.hibernate.event.internal.DefaultPersistEventListener.onPersist(Lorg/hibernate/event/spi/PersistEvent;Ljava/util/Map;)V+324
j  org.hibernate.event.internal.DefaultPersistEventListener.onPersist(Lorg/hibernate/event/spi/PersistEvent;)V+11
j  org.hibernate.internal.SessionImpl.firePersist(Lorg/hibernate/event/spi/PersistEvent;)V+46
j  org.hibernate.internal.SessionImpl.persist(Ljava/lang/String;Ljava/lang/Object;)V+11
j  org.hibernate.internal.SessionImpl.persist(Ljava/lang/Object;)V+3
j  org.hibernate.jpa.spi.AbstractEntityManagerImpl.persist(Ljava/lang/Object;)V+9
v  ~StubRoutines::call_stub
J 2236  sun.reflect.NativeMethodAccessorImpl.invoke0(Ljava/lang/reflect/Method;Ljava/lang/Object;[Ljava/lang/Object;)Ljava/lang/Object; (0 bytes) @ 0x00007fdb79721737 [0x00007fdb797216c0+0x77]
J 2235 C1 sun.reflect.NativeMethodAccessorImpl.invoke(Ljava/lang/Object;[Ljava/lang/Object;)Ljava/lang/Object; (104 bytes) @ 0x00007fdb797240fc [0x00007fdb79723d20+0x3dc]
J 3579 C2 sun.reflect.DelegatingMethodAccessorImpl.invoke(Ljava/lang/Object;[Ljava/lang/Object;)Ljava/lang/Object; (10 bytes) @ 0x00007fdb791b2468 [0x00007fdb791b2420+0x48]
J 1209 C1 java.lang.reflect.Method.invoke(Ljava/lang/Object;[Ljava/lang/Object;)Ljava/lang/Object; (62 bytes) @ 0x00007fdb79428d9c [0x00007fdb794289a0+0x3fc]
j  org.springframework.orm.jpa.SharedEntityManagerCreator$SharedEntityManagerInvocationHandler.invoke(Ljava/lang/Object;Ljava/lang/reflect/Method;[Ljava/lang/Object;)Ljava/lang/Object;+495
j  com.sun.proxy.$Proxy92.persist(Ljava/lang/Object;)V+16
j  org.springframework.data.jpa.repository.support.SimpleJpaRepository.save(Ljava/lang/Object;)Ljava/lang/Object;+18
v  ~StubRoutines::call_stub
J 2236  sun.reflect.NativeMethodAccessorImpl.invoke0(Ljava/lang/reflect/Method;Ljava/lang/Object;[Ljava/lang/Object;)Ljava/lang/Object; (0 bytes) @ 0x00007fdb79721737 [0x00007fdb797216c0+0x77]
J 2235 C1 sun.reflect.NativeMethodAccessorImpl.invoke(Ljava/lang/Object;[Ljava/lang/Object;)Ljava/lang/Object; (104 bytes) @ 0x00007fdb797240fc [0x00007fdb79723d20+0x3dc]
J 3579 C2 sun.reflect.DelegatingMethodAccessorImpl.invoke(Ljava/lang/Object;[Ljava/lang/Object;)Ljava/lang/Object; (10 bytes) @ 0x00007fdb791b2468 [0x00007fdb791b2420+0x48]
J 1209 C1 java.lang.reflect.Method.invoke(Ljava/lang/Object;[Ljava/lang/Object;)Ljava/lang/Object; (62 bytes) @ 0x00007fdb79428d9c [0x00007fdb794289a0+0x3fc]
j  org.springframework.data.repository.core.support.RepositoryFactorySupport$QueryExecutorMethodInterceptor.executeMethodOn(Ljava/lang/Object;Ljava/lang/reflect/Method;[Ljava/lang/Object;)Ljava/lang/Object;+3
j  org.springframework.data.repository.core.support.RepositoryFactorySupport$QueryExecutorMethodInterceptor.doInvoke(Lorg/aopalliance/intercept/MethodInvocation;)Ljava/lang/Object;+94
j  org.springframework.data.repository.core.support.RepositoryFactorySupport$QueryExecutorMethodInterceptor.invoke(Lorg/aopalliance/intercept/MethodInvocation;)Ljava/lang/Object;+2
j  org.springframework.aop.framework.ReflectiveMethodInvocation.proceed()Ljava/lang/Object;+101
j  org.springframework.data.projection.DefaultMethodInvokingMethodInterceptor.invoke(Lorg/aopalliance/intercept/MethodInvocation;)Ljava/lang/Object;+15
j  org.springframework.aop.framework.ReflectiveMethodInvocation.proceed()Ljava/lang/Object;+101
j  org.springframework.transaction.interceptor.TransactionInterceptor$1.proceedWithInvocation()Ljava/lang/Object;+4
j  org.springframework.transaction.interceptor.TransactionAspectSupport.invokeWithinTransaction(Ljava/lang/reflect/Method;Ljava/lang/Class;Lorg/springframework/transaction/interceptor/TransactionAspectSupport$InvocationCallback;)Ljava/lang/Object;+60
j  org.springframework.transaction.interceptor.TransactionInterceptor.invoke(Lorg/aopalliance/intercept/MethodInvocation;)Ljava/lang/Object;+40
j  org.springframework.aop.framework.ReflectiveMethodInvocation.proceed()Ljava/lang/Object;+101
j  org.springframework.dao.support.PersistenceExceptionTranslationInterceptor.invoke(Lorg/aopalliance/intercept/MethodInvocation;)Ljava/lang/Object;+1
j  org.springframework.aop.framework.ReflectiveMethodInvocation.proceed()Ljava/lang/Object;+101
j  org.springframework.data.jpa.repository.support.CrudMethodMetadataPostProcessor$CrudMethodMetadataPopulatingMethodInterceptor.invoke(Lorg/aopalliance/intercept/MethodInvocation;)Ljava/lang/Object;+89
j  org.springframework.aop.framework.ReflectiveMethodInvocation.proceed()Ljava/lang/Object;+101
j  org.springframework.aop.interceptor.ExposeInvocationInterceptor.invoke(Lorg/aopalliance/intercept/MethodInvocation;)Ljava/lang/Object;+18
j  org.springframework.aop.framework.ReflectiveMethodInvocation.proceed()Ljava/lang/Object;+101
j  org.springframework.aop.framework.JdkDynamicAopProxy.invoke(Ljava/lang/Object;Ljava/lang/reflect/Method;[Ljava/lang/Object;)Ljava/lang/Object;+385
j  com.sun.proxy.$Proxy94.save(Ljava/lang/Object;)Ljava/lang/Object;+16
j  com.example.api.service.BookService.save(Lcom/example/entity/Book;)Lcom/example/entity/Book;+5
j  com.example.crudtest.CRUDTest.insertOperation()V+19
v  ~StubRoutines::call_stub
J 2236  sun.reflect.NativeMethodAccessorImpl.invoke0(Ljava/lang/reflect/Method;Ljava/lang/Object;[Ljava/lang/Object;)Ljava/lang/Object; (0 bytes) @ 0x00007fdb79721737 [0x00007fdb797216c0+0x77]
J 2235 C1 sun.reflect.NativeMethodAccessorImpl.invoke(Ljava/lang/Object;[Ljava/lang/Object;)Ljava/lang/Object; (104 bytes) @ 0x00007fdb797240fc [0x00007fdb79723d20+0x3dc]
J 3579 C2 sun.reflect.DelegatingMethodAccessorImpl.invoke(Ljava/lang/Object;[Ljava/lang/Object;)Ljava/lang/Object; (10 bytes) @ 0x00007fdb791b2468 [0x00007fdb791b2420+0x48]
J 1209 C1 java.lang.reflect.Method.invoke(Ljava/lang/Object;[Ljava/lang/Object;)Ljava/lang/Object; (62 bytes) @ 0x00007fdb79428d9c [0x00007fdb794289a0+0x3fc]
j  org.testng.internal.MethodInvocationHelper.invokeMethod(Ljava/lang/reflect/Method;Ljava/lang/Object;[Ljava/lang/Object;)Ljava/lang/Object;+242
j  org.testng.internal.MethodInvocationHelper$1.runTestMethod(Lorg/testng/ITestResult;)V+12
j  org.springframework.test.context.testng.AbstractTestNGSpringContextTests.run(Lorg/testng/IHookCallBack;Lorg/testng/ITestResult;)V+2
v  ~StubRoutines::call_stub
J 2236  sun.reflect.NativeMethodAccessorImpl.invoke0(Ljava/lang/reflect/Method;Ljava/lang/Object;[Ljava/lang/Object;)Ljava/lang/Object; (0 bytes) @ 0x00007fdb79721737 [0x00007fdb797216c0+0x77]
J 2235 C1 sun.reflect.NativeMethodAccessorImpl.invoke(Ljava/lang/Object;[Ljava/lang/Object;)Ljava/lang/Object; (104 bytes) @ 0x00007fdb797240fc [0x00007fdb79723d20+0x3dc]
J 3579 C2 sun.reflect.DelegatingMethodAccessorImpl.invoke(Ljava/lang/Object;[Ljava/lang/Object;)Ljava/lang/Object; (10 bytes) @ 0x00007fdb791b2468 [0x00007fdb791b2420+0x48]
J 1209 C1 java.lang.reflect.Method.invoke(Ljava/lang/Object;[Ljava/lang/Object;)Ljava/lang/Object; (62 bytes) @ 0x00007fdb79428d9c [0x00007fdb794289a0+0x3fc]
j  org.testng.internal.MethodInvocationHelper.invokeHookable(Ljava/lang/Object;[Ljava/lang/Object;Ljava/lang/Object;Ljava/lang/reflect/Method;Lorg/testng/internal/TestResult;)V+64
j  org.testng.internal.Invoker.invokeMethod([Ljava/lang/Object;ILorg/testng/ITestNGMethod;[Ljava/lang/Object;ILorg/testng/xml/XmlSuite;Ljava/util/Map;Lorg/testng/ITestClass;[Lorg/testng/ITestNGMethod;[Lorg/testng/ITestNGMethod;Lorg/testng/internal/ConfigurationGroupMethods;)Lorg/testng/ITestResult;+280
j  org.testng.internal.Invoker.invokeTestMethod([Ljava/lang/Object;Lorg/testng/ITestNGMethod;[Ljava/lang/Object;ILorg/testng/xml/XmlSuite;Ljava/util/Map;Lorg/testng/ITestClass;[Lorg/testng/ITestNGMethod;[Lorg/testng/ITestNGMethod;Lorg/testng/internal/ConfigurationGroupMethods;)Ljava/util/List;+46
j  org.testng.internal.Invoker.invokeTestMethods(Lorg/testng/ITestNGMethod;[Lorg/testng/ITestNGMethod;ILorg/testng/xml/XmlSuite;Ljava/util/Map;Lorg/testng/internal/ConfigurationGroupMethods;[Ljava/lang/Object;Lorg/testng/ITestContext;)Ljava/util/List;+705
j  org.testng.internal.TestMethodWorker.invokeTestMethods(Lorg/testng/ITestNGMethod;[Ljava/lang/Object;Lorg/testng/ITestContext;)V+32
j  org.testng.internal.TestMethodWorker.run()V+60
j  org.testng.TestRunner.privateRun(Lorg/testng/xml/XmlTest;)V+349
j  org.testng.TestRunner.run()V+26
j  org.testng.SuiteRunner.runTest(Lorg/testng/TestRunner;)V+1
j  org.testng.SuiteRunner.runSequentially()V+31
j  org.testng.SuiteRunner.privateRun()V+281
j  org.testng.SuiteRunner.run()V+6
j  org.testng.SuiteRunnerWorker.runSuite(Lorg/testng/internal/SuiteRunnerMap;Lorg/testng/xml/XmlSuite;)V+96
j  org.testng.SuiteRunnerWorker.run()V+12
j  org.testng.TestNG.runSuitesSequentially(Lorg/testng/xml/XmlSuite;Lorg/testng/internal/SuiteRunnerMap;ILjava/lang/String;)V+66
j  org.testng.TestNG.runSuitesLocally()Ljava/util/List;+117
j  org.testng.TestNG.run()V+77
j  org.testng.remote.AbstractRemoteTestNG.run()V+163
j  org.testng.remote.RemoteTestNG.initAndRun(Lorg/testng/remote/IRemoteTestNG;[Ljava/lang/String;Lorg/testng/CommandLineArgs;Lorg/testng/remote/RemoteArgs;)V+184
j  org.testng.remote.RemoteTestNG.main([Ljava/lang/String;)V+218
v  ~StubRoutines::call_stub

---------------  P R O C E S S  ---------------

Java Threads: ( => current thread )
  0x00007fdb89c1a800 JavaThread "http-nio-auto-1-34935-AsyncTimeout" daemon [_thread_blocked, id=5479, stack(0x00007fdb3245e000,0x00007fdb3255f000)]
  0x00007fdb89c19000 JavaThread "http-nio-auto-1-Acceptor-0" daemon [_thread_in_native, id=5478, stack(0x00007fdb3255f000,0x00007fdb32660000)]
  0x00007fdb89c16800 JavaThread "http-nio-auto-1-ClientPoller-1" daemon [_thread_in_native, id=5477, stack(0x00007fdb32660000,0x00007fdb32761000)]
  0x00007fdb89c07800 JavaThread "http-nio-auto-1-ClientPoller-0" daemon [_thread_in_native, id=5476, stack(0x00007fdb32761000,0x00007fdb32862000)]
  0x00007fdb89bf6000 JavaThread "NioBlockingSelector.BlockPoller-1" daemon [_thread_in_native, id=5475, stack(0x00007fdb32862000,0x00007fdb32963000)]
  0x00007fdb892fe800 JavaThread "Tomcat JDBC Pool Cleaner[865113938:1485172430202]" daemon [_thread_blocked, id=5474, stack(0x00007fdb335eb000,0x00007fdb336ec000)]
  0x00007fdb8940a800 JavaThread "container-0" [_thread_blocked, id=5473, stack(0x00007fdb338ec000,0x00007fdb339ed000)]
  0x00007fdb89407800 JavaThread "ContainerBackgroundProcessor[StandardEngine[Tomcat]]" daemon [_thread_blocked, id=5472, stack(0x00007fdb700df000,0x00007fdb701e0000)]
  0x00007fdb2c210000 JavaThread "localhost-startStop-1" daemon [_thread_blocked, id=5471, stack(0x00007fdb701e0000,0x00007fdb702e1000)]
  0x00007fdb89402000 JavaThread "Tomcat-startStop-1" daemon [_thread_blocked, id=5470, stack(0x00007fdb70d8c000,0x00007fdb70e8d000)]
  0x00007fdb884d9000 JavaThread "ReaderThread" [_thread_in_native, id=5468, stack(0x00007fdb7169a000,0x00007fdb7179b000)]
  0x00007fdb880e1000 JavaThread "Service Thread" daemon [_thread_blocked, id=5465, stack(0x00007fdb71d09000,0x00007fdb71e0a000)]
  0x00007fdb880c4000 JavaThread "C1 CompilerThread2" daemon [_thread_blocked, id=5464, stack(0x00007fdb71e0a000,0x00007fdb71f0b000)]
  0x00007fdb880c2000 JavaThread "C2 CompilerThread1" daemon [_thread_in_native, id=5463, stack(0x00007fdb71f0b000,0x00007fdb7200c000)]
  0x00007fdb880bf000 JavaThread "C2 CompilerThread0" daemon [_thread_in_native, id=5462, stack(0x00007fdb7200c000,0x00007fdb7210d000)]
  0x00007fdb880be000 JavaThread "Signal Dispatcher" daemon [_thread_blocked, id=5461, stack(0x00007fdb7210d000,0x00007fdb7220e000)]
  0x00007fdb8808a000 JavaThread "Finalizer" daemon [_thread_blocked, id=5460, stack(0x00007fdb728f1000,0x00007fdb729f2000)]
  0x00007fdb88085800 JavaThread "Reference Handler" daemon [_thread_blocked, id=5459, stack(0x00007fdb729f2000,0x00007fdb72af3000)]
=>0x00007fdb88010000 JavaThread "main" [_thread_in_vm, id=5453, stack(0x00007fdb9022e000,0x00007fdb9032f000)]

Other Threads:
  0x00007fdb8807e000 VMThread [stack: 0x00007fdb72af3000,0x00007fdb72bf4000] [id=5458]
  0x00007fdb880e4000 WatcherThread [stack: 0x00007fdb71c08000,0x00007fdb71d09000] [id=5466]

VM state:not at safepoint (normal execution)

VM Mutex/Monitor currently owned by a thread: None

Heap:
 PSYoungGen      total 482816K, used 200019K [0x000000076ab00000, 0x000000078d600000, 0x00000007c0000000)
  eden space 468992K, 42% used [0x000000076ab00000,0x0000000776e54e30,0x0000000787500000)
  from space 13824K, 0% used [0x0000000789180000,0x0000000789180000,0x0000000789f00000)
  to   space 43520K, 0% used [0x000000078ab80000,0x000000078ab80000,0x000000078d600000)
 ParOldGen       total 723456K, used 22929K [0x00000006c0000000, 0x00000006ec280000, 0x000000076ab00000)
  object space 723456K, 3% used [0x00000006c0000000,0x00000006c1664480,0x00000006ec280000)
 Metaspace       used 45064K, capacity 45432K, committed 45824K, reserved 1089536K
  class space    used 5899K, capacity 6029K, committed 6144K, reserved 1048576K

Card table byte_map: [0x00007fdb8c7e7000,0x00007fdb8cfe8000] byte_map_base: 0x00007fdb891e7000

Marking Bits: (ParMarkBitMap*) 0x00007fdb8f70ac80
 Begin Bits: [0x00007fdb5c000000, 0x00007fdb60000000)
 End Bits:   [0x00007fdb60000000, 0x00007fdb64000000)

Polling page: 0x00007fdb90354000

CodeCache: size=245760Kb used=12388Kb max_used=12698Kb free=233371Kb
 bounds [0x00007fdb79000000, 0x00007fdb79c80000, 0x00007fdb88000000]
 total_blobs=4092 nmethods=3621 adapters=384
 compilation: enabled

Compilation events (10 events):
Event: 7.871 Thread 0x00007fdb880c4000 4103       3       sun.reflect.DelegatingMethodAccessorImpl::<init> (10 bytes)
Event: 7.871 Thread 0x00007fdb880c4000 nmethod 4103 0x00007fdb79202ad0 code [0x00007fdb79202c60, 0x00007fdb79202f50]
Event: 7.871 Thread 0x00007fdb880c4000 4104       3       sun.reflect.NativeMethodAccessorImpl::setParent (6 bytes)
Event: 7.871 Thread 0x00007fdb880c4000 nmethod 4104 0x00007fdb79202790 code [0x00007fdb792028e0, 0x00007fdb79202a50]
Event: 7.872 Thread 0x00007fdb880bf000 nmethod 3780 0x00007fdb7964d690 code [0x00007fdb7964d7e0, 0x00007fdb7964d878]
Event: 7.872 Thread 0x00007fdb880bf000 3900       4       java.lang.ClassNotFoundException::<init> (7 bytes)
Event: 7.875 Thread 0x00007fdb880bf000 nmethod 3900 0x00007fdb79818890 code [0x00007fdb79818a00, 0x00007fdb79818d88]
Event: 7.875 Thread 0x00007fdb880bf000 3975       4       java.util.concurrent.ConcurrentHashMap::putIfAbsent (8 bytes)
Event: 7.875 Thread 0x00007fdb880bf000 nmethod 3975 0x00007fdb79202510 code [0x00007fdb79202660, 0x00007fdb792026e8]
Event: 7.875 Thread 0x00007fdb880bf000 3865       4       java.lang.Class::getDeclaredAnnotations (11 bytes)

GC Heap History (10 events):
Event: 2.219 GC heap before
{Heap before GC invocations=1 (full 0):
 PSYoungGen      total 305664K, used 178408K [0x000000076ab00000, 0x0000000780000000, 0x00000007c0000000)
  eden space 262144K, 68% used [0x000000076ab00000,0x000000077593a1f8,0x000000077ab00000)
  from space 43520K, 0% used [0x000000077d580000,0x000000077d580000,0x0000000780000000)
  to   space 43520K, 0% used [0x000000077ab00000,0x000000077ab00000,0x000000077d580000)
 ParOldGen       total 699392K, used 0K [0x00000006c0000000, 0x00000006eab00000, 0x000000076ab00000)
  object space 699392K, 0% used [0x00000006c0000000,0x00000006c0000000,0x00000006eab00000)
 Metaspace       used 21085K, capacity 21206K, committed 21296K, reserved 1069056K
  class space    used 2598K, capacity 2642K, committed 2688K, reserved 1048576K
Event: 2.258 GC heap after
Heap after GC invocations=1 (full 0):
 PSYoungGen      total 305664K, used 21031K [0x000000076ab00000, 0x0000000790000000, 0x00000007c0000000)
  eden space 262144K, 0% used [0x000000076ab00000,0x000000076ab00000,0x000000077ab00000)
  from space 43520K, 48% used [0x000000077ab00000,0x000000077bf89c40,0x000000077d580000)
  to   space 43520K, 0% used [0x000000078d580000,0x000000078d580000,0x0000000790000000)
 ParOldGen       total 699392K, used 80K [0x00000006c0000000, 0x00000006eab00000, 0x000000076ab00000)
  object space 699392K, 0% used [0x00000006c0000000,0x00000006c0014010,0x00000006eab00000)
 Metaspace       used 21085K, capacity 21206K, committed 21296K, reserved 1069056K
  class space    used 2598K, capacity 2642K, committed 2688K, reserved 1048576K
}
Event: 2.258 GC heap before
{Heap before GC invocations=2 (full 1):
 PSYoungGen      total 305664K, used 21031K [0x000000076ab00000, 0x0000000790000000, 0x00000007c0000000)
  eden space 262144K, 0% used [0x000000076ab00000,0x000000076ab00000,0x000000077ab00000)
  from space 43520K, 48% used [0x000000077ab00000,0x000000077bf89c40,0x000000077d580000)
  to   space 43520K, 0% used [0x000000078d580000,0x000000078d580000,0x0000000790000000)
 ParOldGen       total 699392K, used 80K [0x00000006c0000000, 0x00000006eab00000, 0x000000076ab00000)
  object space 699392K, 0% used [0x00000006c0000000,0x00000006c0014010,0x00000006eab00000)
 Metaspace       used 21085K, capacity 21206K, committed 21296K, reserved 1069056K
  class space    used 2598K, capacity 2642K, committed 2688K, reserved 1048576K
Event: 2.323 GC heap after
Heap after GC invocations=2 (full 1):
 PSYoungGen      total 305664K, used 0K [0x000000076ab00000, 0x0000000790000000, 0x00000007c0000000)
  eden space 262144K, 0% used [0x000000076ab00000,0x000000076ab00000,0x000000077ab00000)
  from space 43520K, 0% used [0x000000077ab00000,0x000000077ab00000,0x000000077d580000)
  to   space 43520K, 0% used [0x000000078d580000,0x000000078d580000,0x0000000790000000)
 ParOldGen       total 699392K, used 20253K [0x00000006c0000000, 0x00000006eab00000, 0x000000076ab00000)
  object space 699392K, 2% used [0x00000006c0000000,0x00000006c13c74d0,0x00000006eab00000)
 Metaspace       used 21085K, capacity 21206K, committed 21296K, reserved 1069056K
  class space    used 2598K, capacity 2642K, committed 2688K, reserved 1048576K
}
Event: 4.632 GC heap before
{Heap before GC invocations=3 (full 1):
 PSYoungGen      total 305664K, used 262144K [0x000000076ab00000, 0x0000000790000000, 0x00000007c0000000)
  eden space 262144K, 100% used [0x000000076ab00000,0x000000077ab00000,0x000000077ab00000)
  from space 43520K, 0% used [0x000000077ab00000,0x000000077ab00000,0x000000077d580000)
  to   space 43520K, 0% used [0x000000078d580000,0x000000078d580000,0x0000000790000000)
 ParOldGen       total 699392K, used 20253K [0x00000006c0000000, 0x00000006eab00000, 0x000000076ab00000)
  object space 699392K, 2% used [0x00000006c0000000,0x00000006c13c74d0,0x00000006eab00000)
 Metaspace       used 30403K, capacity 30722K, committed 31104K, reserved 1077248K
  class space    used 3766K, capacity 3860K, committed 3968K, reserved 1048576K
Event: 4.656 GC heap after
Heap after GC invocations=3 (full 1):
 PSYoungGen      total 363520K, used 16950K [0x000000076ab00000, 0x000000078e680000, 0x00000007c0000000)
  eden space 346112K, 0% used [0x000000076ab00000,0x000000076ab00000,0x000000077fd00000)
  from space 17408K, 97% used [0x000000078d580000,0x000000078e60dab8,0x000000078e680000)
  to   space 43520K, 0% used [0x0000000789180000,0x0000000789180000,0x000000078bc00000)
 ParOldGen       total 699392K, used 20261K [0x00000006c0000000, 0x00000006eab00000, 0x000000076ab00000)
  object space 699392K, 2% used [0x00000006c0000000,0x00000006c13c94d0,0x00000006eab00000)
 Metaspace       used 30403K, capacity 30722K, committed 31104K, reserved 1077248K
  class space    used 3766K, capacity 3860K, committed 3968K, reserved 1048576K
}
Event: 5.662 GC heap before
{Heap before GC invocations=4 (full 1):
 PSYoungGen      total 363520K, used 134142K [0x000000076ab00000, 0x000000078e680000, 0x00000007c0000000)
  eden space 346112K, 33% used [0x000000076ab00000,0x0000000771d71f08,0x000000077fd00000)
  from space 17408K, 97% used [0x000000078d580000,0x000000078e60dab8,0x000000078e680000)
  to   space 43520K, 0% used [0x0000000789180000,0x0000000789180000,0x000000078bc00000)
 ParOldGen       total 699392K, used 20261K [0x00000006c0000000, 0x00000006eab00000, 0x000000076ab00000)
  object space 699392K, 2% used [0x00000006c0000000,0x00000006c13c94d0,0x00000006eab00000)
 Metaspace       used 35069K, capacity 35362K, committed 35496K, reserved 1081344K
  class space    used 4503K, capacity 4580K, committed 4608K, reserved 1048576K
Event: 5.684 GC heap after
Heap after GC invocations=4 (full 1):
 PSYoungGen      total 482816K, used 13703K [0x000000076ab00000, 0x000000078d600000, 0x00000007c0000000)
  eden space 468992K, 0% used [0x000000076ab00000,0x000000076ab00000,0x0000000787500000)
  from space 13824K, 99% used [0x0000000789180000,0x0000000789ee1ce8,0x0000000789f00000)
  to   space 43520K, 0% used [0x000000078ab80000,0x000000078ab80000,0x000000078d600000)
 ParOldGen       total 699392K, used 20269K [0x00000006c0000000, 0x00000006eab00000, 0x000000076ab00000)
  object space 699392K, 2% used [0x00000006c0000000,0x00000006c13cb4d0,0x00000006eab00000)
 Metaspace       used 35069K, capacity 35362K, committed 35496K, reserved 1081344K
  class space    used 4503K, capacity 4580K, committed 4608K, reserved 1048576K
}
Event: 5.684 GC heap before
{Heap before GC invocations=5 (full 2):
 PSYoungGen      total 482816K, used 13703K [0x000000076ab00000, 0x000000078d600000, 0x00000007c0000000)
  eden space 468992K, 0% used [0x000000076ab00000,0x000000076ab00000,0x0000000787500000)
  from space 13824K, 99% used [0x0000000789180000,0x0000000789ee1ce8,0x0000000789f00000)
  to   space 43520K, 0% used [0x000000078ab80000,0x000000078ab80000,0x000000078d600000)
 ParOldGen       total 699392K, used 20269K [0x00000006c0000000, 0x00000006eab00000, 0x000000076ab00000)
  object space 699392K, 2% used [0x00000006c0000000,0x00000006c13cb4d0,0x00000006eab00000)
 Metaspace       used 35069K, capacity 35362K, committed 35496K, reserved 1081344K
  class space    used 4503K, capacity 4580K, committed 4608K, reserved 1048576K
Event: 5.776 GC heap after
Heap after GC invocations=5 (full 2):
 PSYoungGen      total 482816K, used 0K [0x000000076ab00000, 0x000000078d600000, 0x00000007c0000000)
  eden space 468992K, 0% used [0x000000076ab00000,0x000000076ab00000,0x0000000787500000)
  from space 13824K, 0% used [0x0000000789180000,0x0000000789180000,0x0000000789f00000)
  to   space 43520K, 0% used [0x000000078ab80000,0x000000078ab80000,0x000000078d600000)
 ParOldGen       total 723456K, used 22929K [0x00000006c0000000, 0x00000006ec280000, 0x000000076ab00000)
  object space 723456K, 3% used [0x00000006c0000000,0x00000006c1664480,0x00000006ec280000)
 Metaspace       used 35069K, capacity 35362K, committed 35496K, reserved 1081344K
  class space    used 4503K, capacity 4580K, committed 4608K, reserved 1048576K
}

Deoptimization events (10 events):
Event: 6.475 Thread 0x00007fdb88010000 Uncommon trap: reason=unstable_if action=reinterpret pc=0x00007fdb79318a04 method=java.util.HashMap.resize()[Ljava/util/HashMap$Node; @ 206
Event: 6.475 Thread 0x00007fdb88010000 Uncommon trap: reason=unstable_if action=reinterpret pc=0x00007fdb793f6364 method=java.util.HashMap.getNode(ILjava/lang/Object;)Ljava/util/HashMap$Node; @ 84
Event: 6.475 Thread 0x00007fdb88010000 Uncommon trap: reason=unstable_if action=reinterpret pc=0x00007fdb79228308 method=java.util.HashMap.getNode(ILjava/lang/Object;)Ljava/util/HashMap$Node; @ 84
Event: 6.799 Thread 0x00007fdb88010000 Uncommon trap: reason=unstable_if action=reinterpret pc=0x00007fdb79accdd4 method=java.util.concurrent.ConcurrentHashMap.putVal(Ljava/lang/Object;Ljava/lang/Object;Z)Ljava/lang/Object; @ 331
Event: 6.810 Thread 0x00007fdb88010000 Uncommon trap: reason=unstable_if action=reinterpret pc=0x00007fdb79216660 method=java.util.concurrent.ConcurrentHashMap.get(Ljava/lang/Object;)Ljava/lang/Object; @ 86
Event: 7.133 Thread 0x00007fdb88010000 Uncommon trap: reason=bimorphic action=maybe_recompile pc=0x00007fdb7916ed10 method=java.util.regex.Pattern$Curly.match(Ljava/util/regex/Matcher;ILjava/lang/CharSequence;)Z @ 19
Event: 7.162 Thread 0x00007fdb88010000 Uncommon trap: reason=unstable_if action=reinterpret pc=0x00007fdb791b10f0 method=java.util.concurrent.ConcurrentHashMap.transfer([Ljava/util/concurrent/ConcurrentHashMap$Node;[Ljava/util/concurrent/ConcurrentHashMap$Node;)V @ 356
Event: 7.773 Thread 0x00007fdb88010000 Uncommon trap: reason=unstable_if action=reinterpret pc=0x00007fdb79b1d6f4 method=org.springframework.util.ConcurrentReferenceHashMap$Segment.clear()V @ 4
Event: 7.831 Thread 0x00007fdb88010000 Uncommon trap: reason=bimorphic action=maybe_recompile pc=0x00007fdb79965c64 method=java.util.Hashtable.get(Ljava/lang/Object;)Ljava/lang/Object; @ 6
Event: 7.833 Thread 0x00007fdb88010000 Uncommon trap: reason=bimorphic action=maybe_recompile pc=0x00007fdb79965c64 method=java.util.Hashtable.get(Ljava/lang/Object;)Ljava/lang/Object; @ 6

Internal exceptions (10 events):
Event: 7.708 Thread 0x00007fdb88010000 Exception <a 'java/lang/ClassNotFoundException': org/springframework/boot/autoconfigure/web/WebClientAutoConfigurationCustomizer> (0x0000000774e220e0) thrown at [/HUDSON3/workspace/8-2-build-linux-amd64/jdk8u121/8372/hotspot/src/share/vm/classfile/systemD
Event: 7.708 Thread 0x00007fdb88010000 Exception <a 'java/lang/ClassNotFoundException': org/springframework/boot/autoconfigure/web/WebClientAutoConfiguration$$EnhancerBySpringCGLIB$$52d5929eCustomizer> (0x0000000774e45a38) thrown at [/HUDSON3/workspace/8-2-build-linux-amd64/jdk8u121/8372/hotsp
Event: 7.709 Thread 0x00007fdb88010000 Exception <a 'java/lang/ClassNotFoundException': org/springframework/context/annotation/ConfigurationClassEnhancer$EnhancedConfigurationCustomizer> (0x0000000774e69dd0) thrown at [/HUDSON3/workspace/8-2-build-linux-amd64/jdk8u121/8372/hotspot/src/share/vm
Event: 7.842 Thread 0x00007fdb88010000 Exception <a 'java/lang/ClassNotFoundException': java/lang/ObjectCustomizer> (0x000000077623eea8) thrown at [/HUDSON3/workspace/8-2-build-linux-amd64/jdk8u121/8372/hotspot/src/share/vm/classfile/systemDictionary.cpp, line 210]
Event: 7.843 Thread 0x00007fdb88010000 Exception <a 'java/lang/ClassNotFoundException': org/springframework/test/context/testng/AbstractTestNGSpringContextTestsCustomizer> (0x000000077625cc50) thrown at [/HUDSON3/workspace/8-2-build-linux-amd64/jdk8u121/8372/hotspot/src/share/vm/classfile/syst
Event: 7.843 Thread 0x00007fdb88010000 Exception <a 'java/lang/ClassNotFoundException': com/example/crudtest/CRUDTestCustomizer> (0x000000077626f878) thrown at [/HUDSON3/workspace/8-2-build-linux-amd64/jdk8u121/8372/hotspot/src/share/vm/classfile/systemDictionary.cpp, line 210]
Event: 7.843 Thread 0x00007fdb88010000 Exception <a 'java/lang/ClassNotFoundException': org/testng/IHookableCustomizer> (0x0000000776280300) thrown at [/HUDSON3/workspace/8-2-build-linux-amd64/jdk8u121/8372/hotspot/src/share/vm/classfile/systemDictionary.cpp, line 210]
Event: 7.844 Thread 0x00007fdb88010000 Exception <a 'java/lang/ClassNotFoundException': org/springframework/context/ApplicationContextAwareCustomizer> (0x0000000776296500) thrown at [/HUDSON3/workspace/8-2-build-linux-amd64/jdk8u121/8372/hotspot/src/share/vm/classfile/systemDictionary.cpp, lin
Event: 7.873 Thread 0x00007fdb88010000 Exception <a 'java/lang/ClassNotFoundException': java/lang/ObjectCustomizer> (0x0000000776422688) thrown at [/HUDSON3/workspace/8-2-build-linux-amd64/jdk8u121/8372/hotspot/src/share/vm/classfile/systemDictionary.cpp, line 210]
Event: 7.873 Thread 0x00007fdb88010000 Exception <a 'java/lang/ClassNotFoundException': com/example/entity/BookCustomizer> (0x0000000776435078) thrown at [/HUDSON3/workspace/8-2-build-linux-amd64/jdk8u121/8372/hotspot/src/share/vm/classfile/systemDictionary.cpp, line 210]

Events (10 events):
Event: 7.878 loading class org/hibernate/engine/jdbc/internal/FormatStyle
Event: 7.878 loading class org/hibernate/engine/jdbc/internal/FormatStyle done
Event: 7.878 loading class org/hibernate/engine/jdbc/internal/Formatter
Event: 7.878 loading class org/hibernate/engine/jdbc/internal/Formatter done
Event: 7.878 loading class org/hibernate/engine/jdbc/internal/BasicFormatterImpl
Event: 7.878 loading class org/hibernate/engine/jdbc/internal/BasicFormatterImpl done
Event: 7.878 loading class org/hibernate/engine/jdbc/internal/DDLFormatterImpl
Event: 7.878 loading class org/hibernate/engine/jdbc/internal/DDLFormatterImpl done
Event: 7.879 loading class org/hibernate/engine/jdbc/internal/FormatStyle$NoFormatImpl
Event: 7.879 loading class org/hibernate/engine/jdbc/internal/FormatStyle$NoFormatImpl done


Dynamic libraries:
00400000-00401000 r-xp 00000000 08:03 3554757                            /usr/lib/jvm/java-8-oracle/bin/java
00600000-00601000 rw-p 00000000 08:03 3554757                            /usr/lib/jvm/java-8-oracle/bin/java
00695000-006b6000 rw-p 00000000 00:00 0                                  [heap]
6c0000000-6ec280000 rw-p 00000000 00:00 0 
6ec280000-76ab00000 ---p 00000000 00:00 0 
76ab00000-78d600000 rw-p 00000000 00:00 0 
78d600000-7c0000000 ---p 00000000 00:00 0 
7c0000000-7c0600000 rw-p 00000000 00:00 0 
7c0600000-800000000 ---p 00000000 00:00 0 
7fdb08000000-7fdb08021000 rw-p 00000000 00:00 0 
7fdb08021000-7fdb0c000000 ---p 00000000 00:00 0 
7fdb0c000000-7fdb0c021000 rw-p 00000000 00:00 0 
7fdb0c021000-7fdb10000000 ---p 00000000 00:00 0 
7fdb10000000-7fdb10021000 rw-p 00000000 00:00 0 
7fdb10021000-7fdb14000000 ---p 00000000 00:00 0 
7fdb14000000-7fdb14021000 rw-p 00000000 00:00 0 
7fdb14021000-7fdb18000000 ---p 00000000 00:00 0 
7fdb18000000-7fdb18021000 rw-p 00000000 00:00 0 
7fdb18021000-7fdb1c000000 ---p 00000000 00:00 0 
7fdb1c000000-7fdb1c021000 rw-p 00000000 00:00 0 
7fdb1c021000-7fdb20000000 ---p 00000000 00:00 0 
7fdb20000000-7fdb20021000 rw-p 00000000 00:00 0 
7fdb20021000-7fdb24000000 ---p 00000000 00:00 0 
7fdb24000000-7fdb24021000 rw-p 00000000 00:00 0 
7fdb24021000-7fdb28000000 ---p 00000000 00:00 0 
7fdb28000000-7fdb2806c000 rw-p 00000000 00:00 0 
7fdb2806c000-7fdb2c000000 ---p 00000000 00:00 0 
7fdb2c000000-7fdb2c218000 rw-p 00000000 00:00 0 
7fdb2c218000-7fdb30000000 ---p 00000000 00:00 0 
7fdb3245e000-7fdb32461000 ---p 00000000 00:00 0 
7fdb32461000-7fdb3255f000 rw-p 00000000 00:00 0                          [stack:5479]
7fdb3255f000-7fdb32562000 ---p 00000000 00:00 0 
7fdb32562000-7fdb32660000 rw-p 00000000 00:00 0                          [stack:5478]
7fdb32660000-7fdb32663000 ---p 00000000 00:00 0 
7fdb32663000-7fdb32761000 rw-p 00000000 00:00 0                          [stack:5477]
7fdb32761000-7fdb32764000 ---p 00000000 00:00 0 
7fdb32764000-7fdb32862000 rw-p 00000000 00:00 0                          [stack:5476]
7fdb32862000-7fdb32865000 ---p 00000000 00:00 0 
7fdb32865000-7fdb32a23000 rw-p 00000000 00:00 0                          [stack:5475]
7fdb32a23000-7fdb32b63000 ---p 00000000 00:00 0 
7fdb32b63000-7fdb32d63000 rw-p 00000000 00:00 0 
7fdb32d63000-7fdb32f63000 rw-p 00000000 00:00 0 
7fdb32f63000-7fdb33163000 rw-p 00000000 00:00 0 
7fdb33163000-7fdb331e7000 r-xp 00000000 08:03 5917606                    /tmp/sqlite-3.7.2-libsqlitejdbc.so
7fdb331e7000-7fdb333e7000 ---p 00084000 08:03 5917606                    /tmp/sqlite-3.7.2-libsqlitejdbc.so
7fdb333e7000-7fdb333e8000 r--p 00084000 08:03 5917606                    /tmp/sqlite-3.7.2-libsqlitejdbc.so
7fdb333e8000-7fdb333eb000 rw-p 00085000 08:03 5917606                    /tmp/sqlite-3.7.2-libsqlitejdbc.so
7fdb333eb000-7fdb335eb000 rw-p 00000000 00:00 0 
7fdb335eb000-7fdb335ee000 ---p 00000000 00:00 0 
7fdb335ee000-7fdb338ec000 rw-p 00000000 00:00 0                          [stack:5474]
7fdb338ec000-7fdb338ef000 ---p 00000000 00:00 0 
7fdb338ef000-7fdb33bed000 rw-p 00000000 00:00 0                          [stack:5473]
7fdb33bed000-7fdb33ded000 rw-p 00000000 00:00 0 
7fdb33ded000-7fdb33e00000 r--s 00345000 08:03 3569668                    /usr/lib/jvm/java-8-oracle/jre/lib/resources.jar
7fdb33e00000-7fdb34000000 rw-p 00000000 00:00 0 
7fdb34000000-7fdb34021000 rw-p 00000000 00:00 0 
7fdb34021000-7fdb38000000 ---p 00000000 00:00 0 
7fdb38000000-7fdb38021000 rw-p 00000000 00:00 0 
7fdb38021000-7fdb3c000000 ---p 00000000 00:00 0 
7fdb3c000000-7fdb3c021000 rw-p 00000000 00:00 0 
7fdb3c021000-7fdb40000000 ---p 00000000 00:00 0 
7fdb40000000-7fdb412d0000 rw-p 00000000 00:00 0 
7fdb412d0000-7fdb44000000 ---p 00000000 00:00 0 
7fdb44000000-7fdb45ab8000 rw-p 00000000 00:00 0 
7fdb45ab8000-7fdb48000000 ---p 00000000 00:00 0 
7fdb48000000-7fdb4a011000 rw-p 00000000 00:00 0 
7fdb4a011000-7fdb4c000000 ---p 00000000 00:00 0 
7fdb4c000000-7fdb4c021000 rw-p 00000000 00:00 0 
7fdb4c021000-7fdb50000000 ---p 00000000 00:00 0 
7fdb50000000-7fdb50021000 rw-p 00000000 00:00 0 
7fdb50021000-7fdb54000000 ---p 00000000 00:00 0 
7fdb54000000-7fdb5407b000 rw-p 00000000 00:00 0 
7fdb5407b000-7fdb58000000 ---p 00000000 00:00 0 
7fdb58000000-7fdb58021000 rw-p 00000000 00:00 0 
7fdb58021000-7fdb5c000000 ---p 00000000 00:00 0 
7fdb5c000000-7fdb64000000 rw-p 00000000 00:00 0 
7fdb64000000-7fdb64021000 rw-p 00000000 00:00 0 
7fdb64021000-7fdb68000000 ---p 00000000 00:00 0 
7fdb68000000-7fdb68021000 rw-p 00000000 00:00 0 
7fdb68021000-7fdb6c000000 ---p 00000000 00:00 0 
7fdb6c000000-7fdb6c021000 rw-p 00000000 00:00 0 
7fdb6c021000-7fdb70000000 ---p 00000000 00:00 0 
7fdb700de000-7fdb700df000 rw-p 00000000 00:00 0 
7fdb700df000-7fdb700e2000 ---p 00000000 00:00 0 
7fdb700e2000-7fdb701e0000 rw-p 00000000 00:00 0                          [stack:5472]
7fdb701e0000-7fdb701e3000 ---p 00000000 00:00 0 
7fdb701e3000-7fdb704e1000 rw-p 00000000 00:00 0                          [stack:5471]
7fdb704e1000-7fdb70576000 r--s 01109000 08:03 3569596                    /usr/lib/jvm/java-8-oracle/jre/lib/ext/jfxrt.jar
7fdb70576000-7fdb70776000 rw-p 00000000 00:00 0 
7fdb70776000-7fdb70787000 r-xp 00000000 08:03 4870868                    /usr/lib/jvm/java-8-oracle/jre/lib/amd64/libnio.so
7fdb70787000-7fdb70986000 ---p 00011000 08:03 4870868                    /usr/lib/jvm/java-8-oracle/jre/lib/amd64/libnio.so
7fdb70986000-7fdb70987000 rw-p 00010000 08:03 4870868                    /usr/lib/jvm/java-8-oracle/jre/lib/amd64/libnio.so
7fdb70987000-7fdb70b87000 rw-p 00000000 00:00 0 
7fdb70b87000-7fdb70b8c000 r--s 002f9000 08:03 3569547                    /usr/lib/jvm/java-8-oracle/jre/lib/charsets.jar
7fdb70b8c000-7fdb70d8c000 rw-p 00000000 00:00 0 
7fdb70d8c000-7fdb70d8f000 ---p 00000000 00:00 0 
7fdb70d8f000-7fdb70e8d000 rw-p 00000000 00:00 0                          [stack:5470]
7fdb70e8d000-7fdb70e96000 r-xp 00000000 08:03 4870832                    /usr/lib/jvm/java-8-oracle/jre/lib/amd64/libmanagement.so
7fdb70e96000-7fdb71095000 ---p 00009000 08:03 4870832                    /usr/lib/jvm/java-8-oracle/jre/lib/amd64/libmanagement.so
7fdb71095000-7fdb71096000 rw-p 00008000 08:03 4870832                    /usr/lib/jvm/java-8-oracle/jre/lib/amd64/libmanagement.so
7fdb71096000-7fdb71296000 rw-p 00000000 00:00 0 
7fdb71296000-7fdb71496000 rw-p 00000000 00:00 0 
7fdb71496000-7fdb71696000 rw-p 00000000 00:00 0 
7fdb71696000-7fdb7169a000 r--s 0009a000 08:03 3569602                    /usr/lib/jvm/java-8-oracle/jre/lib/jsse.jar
7fdb7169a000-7fdb7169d000 ---p 00000000 00:00 0 
7fdb7169d000-7fdb7179b000 rw-p 00000000 00:00 0                          [stack:5468]
7fdb7179b000-7fdb717b1000 r-xp 00000000 08:03 4870893                    /usr/lib/jvm/java-8-oracle/jre/lib/amd64/libnet.so
7fdb717b1000-7fdb719b1000 ---p 00016000 08:03 4870893                    /usr/lib/jvm/java-8-oracle/jre/lib/amd64/libnet.so
7fdb719b1000-7fdb719b2000 rw-p 00016000 08:03 4870893                    /usr/lib/jvm/java-8-oracle/jre/lib/amd64/libnet.so
7fdb719b2000-7fdb719b3000 r--s 0000c000 08:03 5916924                    /home/sharmila/.gradle/caches/modules-2/files-2.1/org.ow2.asm/asm/5.0.3/dcc2193db20e19e1feca8b1240dbbc4e190824fa/asm-5.0.3.jar
7fdb719b3000-7fdb719bd000 r--s 00069000 08:03 5923589                    /home/sharmila/.gradle/caches/modules-2/files-2.1/ch.qos.logback/logback-core/1.1.8/b4d1c3dea91727faf8b3d19cf4b9b972d6c0b89/logback-core-1.1.8.jar
7fdb719bd000-7fdb719bf000 r--s 00012000 08:03 5916922                    /home/sharmila/.gradle/caches/modules-2/files-2.1/net.minidev/accessors-smart/1.1/a527213f2fea112a04c9bdf0ec0264e34104cd08/accessors-smart-1.1.jar
7fdb719bf000-7fdb719c1000 r--s 00009000 08:03 5923902                    /home/sharmila/.gradle/caches/modules-2/files-2.1/org.apache.tomcat/tomcat-juli/8.5.6/83d2d1e3362ecca504f3bf8ed1bc4cc451754d24/tomcat-juli-8.5.6.jar
7fdb719c1000-7fdb719ca000 r--s 0002d000 08:03 5923903                    /home/sharmila/.gradle/caches/modules-2/files-2.1/xml-apis/xml-apis/1.4.01/3789d9fada2d3d458c4ba2de349d48780f381ee3/xml-apis-1.4.01.jar
7fdb719ca000-7fdb719cc000 r--s 00004000 08:03 5923588                    /home/sharmila/.gradle/caches/modules-2/files-2.1/org.slf4j/log4j-over-slf4j/1.7.22/a527c37e9ca6c3d19ba298edd4aa344ca751a203/log4j-over-slf4j-1.7.22.jar
7fdb719cc000-7fdb719ce000 r--s 00000000 08:03 5923587                    /home/sharmila/.gradle/caches/modules-2/files-2.1/org.slf4j/jul-to-slf4j/1.7.22/b0429e950b3d2bc2c39c1bacafac753edbe3781c/jul-to-slf4j-1.7.22.jar
7fdb719ce000-7fdb719d4000 r--s 00045000 08:03 5923585                    /home/sharmila/.gradle/caches/modules-2/files-2.1/ch.qos.logback/logback-classic/1.1.8/e54f49a227611976642f81cf2106b81c1ece8bf5/logback-classic-1.1.8.jar
7fdb719d4000-7fdb719d5000 r--s 0000f000 08:03 5916909                    /home/sharmila/.gradle/caches/modules-2/files-2.1/org.json/json/20140107/d1ffca6e2482b002702c6a576166fd685e3370e3/json-20140107.jar
7fdb719d5000-7fdb719d7000 r--s 00009000 08:03 5916921                    /home/sharmila/.gradle/caches/modules-2/files-2.1/org.objenesis/objenesis/2.1/87c0ea803b69252868d09308b4618f766f135a96/objenesis-2.1.jar
7fdb719d7000-7fdb719da000 r--s 0001b000 08:03 5916920                    /home/sharmila/.gradle/caches/modules-2/files-2.1/net.minidev/json-smart/2.2.1/5b9e5df7a62d1279b70dc882b041d249c4f0b002/json-smart-2.2.1.jar
7fdb719da000-7fdb719dc000 r--s 00003000 08:03 5923586                    /home/sharmila/.gradle/caches/modules-2/files-2.1/org.slf4j/jcl-over-slf4j/1.7.22/86ceac14535af5a42c8fb0d06d79b925dd3cb263/jcl-over-slf4j-1.7.22.jar
7fdb719dc000-7fdb719de000 r--s 00009000 08:03 5923584                    /home/sharmila/.gradle/caches/modules-2/files-2.1/org.slf4j/slf4j-api/1.7.22/a1c83373863cec7ae8d89dc1c5722d8cb6ec0309/slf4j-api-1.7.22.jar
7fdb719de000-7fdb719e6000 r--s 0003a000 08:03 5923901                    /home/sharmila/.gradle/caches/modules-2/files-2.1/org.springframework/spring-tx/4.3.5.RELEASE/296d8ae21fadc0f115dae7d1e8d5c4f8c7de2c3e/spring-tx-4.3.5.RELEASE.jar
7fdb719e6000-7fdb719f0000 r--s 0006b000 08:03 5923900                    /home/sharmila/.gradle/caches/modules-2/files-2.1/org.springframework/spring-orm/4.3.5.RELEASE/64c29d310b69bcc6e1fd5a738fa3629bdedb2d3f/spring-orm-4.3.5.RELEASE.jar
7fdb719f0000-7fdb71a00000 r--s 0009a000 08:03 5923899                    /home/sharmila/.gradle/caches/modules-2/files-2.1/org.springframework.data/spring-data-commons/1.12.6.RELEASE/b6403dcfce33e89613f364d80d653d7540279c47/spring-data-commons-1.12.6.RELEASE.jar
7fdb71a00000-7fdb71a0a000 r--s 0005f000 08:03 5923898                    /home/sharmila/.gradle/caches/modules-2/files-2.1/org.springframework/spring-jdbc/4.3.5.RELEASE/7c09e38b6f6e0b178973dea06bb8fdc6d19aa596/spring-jdbc-4.3.5.RELEASE.jar
7fdb71a0a000-7fdb71a0d000 r--s 00020000 08:03 5923897                    /home/sharmila/.gradle/caches/modules-2/files-2.1/org.apache.tomcat/tomcat-jdbc/8.5.6/feb10a9e22f70565c7556f327b0481dba8587bbc/tomcat-jdbc-8.5.6.jar
7fdb71a0d000-7fdb71a26000 r--s 001af000 08:03 5923896                    /home/sharmila/.gradle/caches/modules-2/files-2.1/org.aspectj/aspectjweaver/1.8.9/db28774f477f07220eac18d5ec9c4e01f48589d7/aspectjweaver-1.8.9.jar
7fdb71a26000-7fdb71a29000 r--s 00010000 08:03 5923833                    /home/sharmila/.gradle/caches/modules-2/files-2.1/org.hibernate.common/hibernate-commons-annotations/5.0.1.Final/71e1cff3fcb20d3b3af4f3363c3ddb24d33c6879/hibernate-commons-annotations-5.0.1.Final.jar
7fdb71a29000-7fdb71a2e000 r--s 00048000 08:03 5923832                    /home/sharmila/.gradle/caches/modules-2/files-2.1/dom4j/dom4j/1.6.1/5d3ccc056b6f056dbf0dddfdf43894b9065a8f94/dom4j-1.6.1.jar
7fdb71a2e000-7fdb71a31000 r--s 0002b000 08:03 5923433                    /home/sharmila/.gradle/caches/modules-2/files-2.1/org.jboss/jandex/2.0.0.Final/3e899258936f94649c777193e1be846387ed54b3/jandex-2.0.0.Final.jar
7fdb71a31000-7fdb71a32000 r--s 00003000 08:03 5923830                    /home/sharmila/.gradle/caches/modules-2/files-2.1/org.apache.geronimo.specs/geronimo-jta_1.1_spec/1.1.1/aabab3165b8ea936b9360abbf448459c0d04a5a4/geronimo-jta_1.1_spec-1.1.1.jar
7fdb71a32000-7fdb71a37000 r--s 00068000 08:03 5923829                    /home/sharmila/.gradle/caches/modules-2/files-2.1/antlr/antlr/2.7.7/83cd2cd674a217ade95a4bb83a8a14f351f48bd0/antlr-2.7.7.jar
7fdb71a37000-7fdb71a3c000 r--s 0003c000 08:03 5923583                    /home/sharmila/.gradle/caches/modules-2/files-2.1/org.springframework/spring-expression/4.3.5.RELEASE/3689dc6c5b942ecde4122eac889ed87977d6f287/spring-expression-4.3.5.RELEASE.jar
7fdb71a3c000-7fdb71a56000 r--s 000fc000 08:03 5923582                    /home/sharmila/.gradle/caches/modules-2/files-2.1/org.springframework/spring-context/4.3.5.RELEASE/ca3391c0e17d0138335ba51b51371661d20d56a8/spring-context-4.3.5.RELEASE.jar
7fdb71a56000-7fdb71a63000 r--s 000ad000 08:03 5923581                    /home/sharmila/.gradle/caches/modules-2/files-2.1/org.springframework/spring-beans/4.3.5.RELEASE/e12bbc3277da28e2e2608a187f83091dc6c300bf/spring-beans-4.3.5.RELEASE.jar
7fdb71a63000-7fdb71a6c000 r--s 00054000 08:03 5923580                    /home/sharmila/.gradle/caches/modules-2/files-2.1/org.springframework/spring-aop/4.3.5.RELEASE/4f113218af716bd8d174c411f19b26418b5a70f6/spring-aop-4.3.5.RELEASE.jar
7fdb71a6c000-7fdb71a70000 r--s 00041000 08:03 5923579                    /home/sharmila/.gradle/caches/modules-2/files-2.1/com.fasterxml.jackson.core/jackson-core/2.8.5/60d059f5d2930ccd1ef03535b713fd9f933d1ba7/jackson-core-2.8.5.jar
7fdb71a70000-7fdb71a73000 r--s 0000b000 08:03 5923578                    /home/sharmila/.gradle/caches/modules-2/files-2.1/com.fasterxml.jackson.core/jackson-annotations/2.8.5/9d82ff47bc2c2d3b5b6a6618fe636782bbcd5b07/jackson-annotations-2.8.5.jar
7fdb71a73000-7fdb71a75000 r--s 0000e000 08:03 5917543                    /home/sharmila/.gradle/caches/modules-2/files-2.1/com.fasterxml/classmate/1.3.3/864c8e370a691e343210cc7c532fc198cee460d8/classmate-1.3.3.jar
7fdb71a75000-7fdb71a79000 r--s 0000c000 08:03 5916766                    /home/sharmila/.gradle/caches/modules-2/files-2.1/javax.validation/validation-api/1.1.0.Final/8613ae82954779d518631e05daa73a6a954817d5/validation-api-1.1.0.Final.jar
7fdb71a79000-7fdb71a7e000 r--s 00036000 08:03 5917542                    /home/sharmila/.gradle/caches/modules-2/files-2.1/org.apache.tomcat.embed/tomcat-embed-websocket/8.5.6/6f6940a216b380ea8506530c374fcfeef820ba54/tomcat-embed-websocket-8.5.6.jar
7fdb71a7e000-7fdb71a7f000 r--s 00000000 08:03 5923577                    /home/sharmila/.gradle/caches/modules-2/files-2.1/org.springframework.boot/spring-boot-starter-logging/1.4.3.RELEASE/1c58783c0694abf695babfd39829922d2d501ec2/spring-boot-starter-logging-1.4.3.RELEASE.jar
7fdb71a7f000-7fdb71a9d000 r--s 000d0000 08:03 5923576                    /home/sharmila/.gradle/caches/modules-2/files-2.1/org.springframework.boot/spring-boot-autoconfigure/1.4.3.RELEASE/41df1bfbdd4ae4e8499ebe1a4bc613bda316d6e1/spring-boot-autoconfigure-1.4.3.RELEASE.jar
7fdb71a9d000-7fdb71aad000 r--s 00092000 08:03 5923575                    /home/sharmila/.gradle/caches/modules-2/files-2.1/org.springframework.boot/spring-boot/1.4.3.RELEASE/17f94def4460075afdfba6bf8f897cd1fc95bf77/spring-boot-1.4.3.RELEASE.jar
7fdb71aad000-7fdb71abc000 r--s 00084000 08:03 5923574                    /home/sharmila/.gradle/caches/modules-2/files-2.1/org.springframework/spring-test/4.3.5.RELEASE/a1965127e07b469d8e5bb3d2b0ff850423b66be4/spring-test-4.3.5.RELEASE.jar
7fdb71abc000-7fdb71ad2000 r--s 000fa000 08:03 5923530                    /home/sharmila/.gradle/caches/modules-2/files-2.1/org.springframework/spring-core/4.3.5.RELEASE/80299e3f80e8c6d5c076db2ba6adf44a4b52f578/spring-core-4.3.5.RELEASE.jar
7fdb71ad2000-7fdb71ad3000 r--s 00006000 08:03 5916915                    /home/sharmila/.gradle/caches/modules-2/files-2.1/org.skyscreamer/jsonassert/1.3.0/d5c250eb122496866de36dc84f98e2945845ecdd/jsonassert-1.3.0.jar
7fdb71ad3000-7fdb71ad5000 r--s 00009000 08:03 5913472                    /home/sharmila/.gradle/caches/modules-2/files-2.1/org.hamcrest/hamcrest-core/1.3/42a25dc3219429f0e5d060061f71acb49bf010a0/hamcrest-core-1.3.jar
7fdb71ad5000-7fdb71af1000 r--s 00103000 08:03 5916914                    /home/sharmila/.gradle/caches/modules-2/files-2.1/org.mockito/mockito-core/1.10.19/e8546f5bef4e061d8dd73895b4e8f40e3fe6effe/mockito-core-1.10.19.jar
7fdb71af1000-7fdb71b04000 r--s 000d2000 08:03 5916913                    /home/sharmila/.gradle/caches/modules-2/files-2.1/org.assertj/assertj-core/2.5.0/fcd21db4c5f33e5dcac69bf1816415fe0647582f/assertj-core-2.5.0.jar
7fdb71b04000-7fdb71b09000 r--s 0002e000 08:03 5916911                    /home/sharmila/.gradle/caches/modules-2/files-2.1/com.jayway.jsonpath/json-path/2.2.0/22290d17944bd239fabf5ac69005a60a7ecbbbcb/json-path-2.2.0.jar
7fdb71b09000-7fdb71b0e000 r--s 00017000 08:03 5923573                    /home/sharmila/.gradle/caches/modules-2/files-2.1/org.springframework.boot/spring-boot-test-autoconfigure/1.4.3.RELEASE/1a7587605e981a58104a501ab1896e2eb7a76686/spring-boot-test-autoconfigure-1.4.3.RELEASE.jar
7fdb71b0e000-7fdb71b13000 r--s 00021000 08:03 5923572                    /home/sharmila/.gradle/caches/modules-2/files-2.1/org.springframework.boot/spring-boot-test/1.4.3.RELEASE/2d76638f0f13b33859bf3b927c232ff0f8a4ffbf/spring-boot-test-1.4.3.RELEASE.jar
7fdb71b13000-7fdb71b19000 r--s 0003d000 08:03 5916762                    /home/sharmila/.gradle/caches/modules-2/files-2.1/org.yaml/snakeyaml/1.17/7a27ea250c5130b2922b86dea63cbb1cc10a660c/snakeyaml-1.17.jar
7fdb71b19000-7fdb71b1b000 r--s 00006000 08:03 5923638                    /home/sharmila/.gradle/caches/modules-2/files-2.1/com.beust/jcommander/1.12/7409692b48022f9eca7445861defbcdb9ee3c2a8/jcommander-1.12.jar
7fdb71b1b000-7fdb71b20000 r--s 00040000 08:03 5923637                    /home/sharmila/.gradle/caches/modules-2/files-2.1/org.beanshell/bsh/2.0b4/a05f0a0feefa8d8467ac80e16e7de071489f0d9c/bsh-2.0b4.jar
7fdb71b20000-7fdb71b28000 r--s 00045000 08:03 5913471                    /home/sharmila/.gradle/caches/modules-2/files-2.1/junit/junit/4.12/2973d150c0dc1fefe998f834810d68f278ea58ec/junit-4.12.jar
7fdb71b28000-7fdb71b2b000 r--s 0000c000 08:03 5923895                    /home/sharmila/.gradle/caches/modules-2/files-2.1/org.springframework/spring-aspects/4.3.5.RELEASE/8c00c15865a1da0a1ba143a50622a8436a56e097/spring-aspects-4.3.5.RELEASE.jar
7fdb71b2b000-7fdb71b31000 r--s 0003f000 08:03 5923894                    /home/sharmila/.gradle/caches/modules-2/files-2.1/org.springframework.data/spring-data-jpa/1.10.6.RELEASE/5d478860b24a493845248c1c336c33a657567bd3/spring-data-jpa-1.10.6.RELEASE.jar
7fdb71b31000-7fdb71b33000 r--s 00006000 08:03 5923893                    /home/sharmila/.gradle/caches/modules-2/files-2.1/javax.transaction/javax.transaction-api/1.2/d81aff979d603edd90dcd8db2abc1f4ce6479e3e/javax.transaction-api-1.2.jar
7fdb71b33000-7fdb71b40000 r--s 00089000 08:03 5923892                    /home/sharmila/.gradle/caches/modules-2/files-2.1/org.hibernate/hibernate-entitymanager/5.0.11.Final/549565caed4e0bcb816843693e66ff7b04ce025f/hibernate-entitymanager-5.0.11.Final.jar
7fdb71b40000-7fdb71ba9000 r--s 004f3000 08:03 5923432                    /home/sharmila/.gradle/caches/modules-2/files-2.1/org.hibernate/hibernate-core/5.0.11.Final/c2487fb72a2217a7cec9ab478d4c21a36fc09977/hibernate-core-5.0.11.Final.jar
7fdb71ba9000-7fdb71bbc000 r--s 00236000 08:03 5916949                    /home/sharmila/.gradle/caches/modules-2/files-2.1/org.eclipse.jdt.core.compiler/ecj/4.5.1/bee1367ac12fb6a20b422ff8711ebeb4f0a42316/ecj-4.5.1.jar
7fdb71bbc000-7fdb71be5000 r--s 002b2000 08:03 5917540                    /home/sharmila/.gradle/caches/modules-2/files-2.1/org.apache.tomcat.embed/tomcat-embed-core/8.5.6/960834b5abc6b2135250487abf6c060a0fa5a22e/tomcat-embed-core-8.5.6.jar
7fdb71be5000-7fdb71bf6000 r--s 000cf000 08:03 5923571                    /home/sharmila/.gradle/caches/modules-2/files-2.1/org.springframework/spring-webmvc/4.3.5.RELEASE/c624659217edab07d8279fb0f90462136f089220/spring-webmvc-4.3.5.RELEASE.jar
7fdb71bf6000-7fdb71c08000 r--s 000b6000 08:03 5923570                    /home/sharmila/.gradle/caches/modules-2/files-2.1/org.springframework/spring-web/4.3.5.RELEASE/6641daccf2fddafc8358144f3a4f999130fdf144/spring-web-4.3.5.RELEASE.jar
7fdb71c08000-7fdb71c09000 ---p 00000000 00:00 0 
7fdb71c09000-7fdb71d09000 rw-p 00000000 00:00 0                          [stack:5466]
7fdb71d09000-7fdb71d0c000 ---p 00000000 00:00 0 
7fdb71d0c000-7fdb71e0a000 rw-p 00000000 00:00 0                          [stack:5465]
7fdb71e0a000-7fdb71e0d000 ---p 00000000 00:00 0 
7fdb71e0d000-7fdb71f0b000 rw-p 00000000 00:00 0                          [stack:5464]
7fdb71f0b000-7fdb71f0e000 ---p 00000000 00:00 0 
7fdb71f0e000-7fdb7200c000 rw-p 00000000 00:00 0                          [stack:5463]
7fdb7200c000-7fdb7200f000 ---p 00000000 00:00 0 
7fdb7200f000-7fdb7210d000 rw-p 00000000 00:00 0                          [stack:5462]
7fdb7210d000-7fdb72110000 ---p 00000000 00:00 0 
7fdb72110000-7fdb7220e000 rw-p 00000000 00:00 0                          [stack:5461]
7fdb7220e000-7fdb728f1000 r--p 00000000 08:03 3152909                    /usr/lib/locale/locale-archive
7fdb728f1000-7fdb728f4000 ---p 00000000 00:00 0 
7fdb728f4000-7fdb729f2000 rw-p 00000000 00:00 0                          [stack:5460]
7fdb729f2000-7fdb729f5000 ---p 00000000 00:00 0 
7fdb729f5000-7fdb72af3000 rw-p 00000000 00:00 0                          [stack:5459]
7fdb72af3000-7fdb72af4000 ---p 00000000 00:00 0 
7fdb72af4000-7fdb74000000 rw-p 00000000 00:00 0                          [stack:5458]
7fdb74000000-7fdb74021000 rw-p 00000000 00:00 0 
7fdb74021000-7fdb78000000 ---p 00000000 00:00 0 
7fdb78000000-7fdb78001000 r--s 0000c000 08:03 5916912                    /home/sharmila/.gradle/caches/modules-2/files-2.1/org.hamcrest/hamcrest-library/1.3/4785a3c21320980282f9f33d0d1264a69040538f/hamcrest-library-1.3.jar
7fdb78001000-7fdb78002000 r--s 00000000 08:03 5923891                    /home/sharmila/.gradle/caches/modules-2/files-2.1/org.springframework.boot/spring-boot-starter-jdbc/1.4.3.RELEASE/7ce66cf27ea731189248be7af2ab84ba189e1151/spring-boot-starter-jdbc-1.4.3.RELEASE.jar
7fdb78002000-7fdb78003000 r--s 00000000 08:03 5923890                    /home/sharmila/.gradle/caches/modules-2/files-2.1/org.springframework.boot/spring-boot-starter-aop/1.4.3.RELEASE/30b11b6455bed446d3b4a1a49fab529b2cfac454/spring-boot-starter-aop-1.4.3.RELEASE.jar
7fdb78003000-7fdb7800d000 r--s 000ae000 08:03 5916958                    /home/sharmila/.gradle/caches/modules-2/files-2.1/org.javassist/javassist/3.20.0-GA/a9cbcdfb7e9f86fbc74d3afae65f2248bfbf82a0/javassist-3.20.0-GA.jar
7fdb7800d000-7fdb7801e000 r--s 0011d000 08:03 5923569                    /home/sharmila/.gradle/caches/modules-2/files-2.1/com.fasterxml.jackson.core/jackson-databind/2.8.5/b3035f37e674c04dafe36a660c3815cc59f764e2/jackson-databind-2.8.5.jar
7fdb7801e000-7fdb7802e000 r--s 0009c000 08:03 5916756                    /home/sharmila/.gradle/caches/modules-2/files-2.1/org.hibernate/hibernate-validator/5.2.4.Final/fb18766b576aa6632bcfe9a20a023cbd52bf9769/hibernate-validator-5.2.4.Final.jar
7fdb7802e000-7fdb78425000 rw-p 00000000 00:00 0 
7fdb78425000-7fdb785fe000 r--s 03d3e000 08:03 3569606                    /usr/lib/jvm/java-8-oracle/jre/lib/rt.jar
7fdb785fe000-7fdb78dfe000 rw-p 00000000 00:00 0 
7fdb78dfe000-7fdb78dff000 ---p 00000000 00:00 0 
7fdb78dff000-7fdb78eff000 rw-p 00000000 00:00 0                          [stack:5457]
7fdb78eff000-7fdb78f00000 ---p 00000000 00:00 0 
7fdb78f00000-7fdb79000000 rw-p 00000000 00:00 0                          [stack:5456]
7fdb79000000-7fdb79c80000 rwxp 00000000 00:00 0 
7fdb79c80000-7fdb88000000 ---p 00000000 00:00 0 
7fdb88000000-7fdb89ec3000 rw-p 00000000 00:00 0 
7fdb89ec3000-7fdb8c000000 ---p 00000000 00:00 0 
7fdb8c000000-7fdb8c005000 r--s 00017000 08:03 5923828                    /home/sharmila/.gradle/caches/modules-2/files-2.1/org.hibernate.javax.persistence/hibernate-jpa-2.1-api/1.0.0.Final/5e731d961297e5a07290bfaf3db1fbc8bbbf405a/hibernate-jpa-2.1-api-1.0.0.Final.jar
7fdb8c005000-7fdb8c007000 r--s 0000f000 08:03 5916917                    /home/sharmila/.gradle/caches/modules-2/files-2.1/org.jboss.logging/jboss-logging/3.3.0.Final/3616bb87707910296e2c195dc016287080bba5af/jboss-logging-3.3.0.Final.jar
7fdb8c007000-7fdb8c00c000 r--s 00036000 08:03 5917541                    /home/sharmila/.gradle/caches/modules-2/files-2.1/org.apache.tomcat.embed/tomcat-embed-el/8.5.6/a102298d8dc72f4065533d5962953d753b172602/tomcat-embed-el-8.5.6.jar
7fdb8c00c000-7fdb8c00d000 r--s 00000000 08:03 5923568                    /home/sharmila/.gradle/caches/modules-2/files-2.1/org.springframework.boot/spring-boot-starter-tomcat/1.4.3.RELEASE/61c48035a7a3b06b42fdd07b7109e562077b3792/spring-boot-starter-tomcat-1.4.3.RELEASE.jar
7fdb8c00d000-7fdb8c019000 r--s 000a4000 08:03 5923636                    /home/sharmila/.gradle/caches/modules-2/files-2.1/org.testng/testng/6.5.2/5069d2e72356ed87645c5fc3622b0bbb5e0667c9/testng-6.5.2.jar
7fdb8c019000-7fdb8c08f000 rw-p 00000000 00:00 0 
7fdb8c08f000-7fdb8c090000 ---p 00000000 00:00 0 
7fdb8c090000-7fdb8c190000 rw-p 00000000 00:00 0                          [stack:5455]
7fdb8c190000-7fdb8c191000 ---p 00000000 00:00 0 
7fdb8c191000-7fdb8c3f3000 rw-p 00000000 00:00 0                          [stack:5454]
7fdb8c3f3000-7fdb8c7e7000 ---p 00000000 00:00 0 
7fdb8c7e7000-7fdb8c949000 rw-p 00000000 00:00 0 
7fdb8c949000-7fdb8cd3c000 ---p 00000000 00:00 0 
7fdb8cd3c000-7fdb8ce52000 rw-p 00000000 00:00 0 
7fdb8ce52000-7fdb8cfe7000 ---p 00000000 00:00 0 
7fdb8cfe7000-7fdb8d01a000 rw-p 00000000 00:00 0 
7fdb8d01a000-7fdb8d3a8000 ---p 00000000 00:00 0 
7fdb8d3a8000-7fdb8d3c2000 r-xp 00000000 08:03 4870864                    /usr/lib/jvm/java-8-oracle/jre/lib/amd64/libzip.so
7fdb8d3c2000-7fdb8d5c2000 ---p 0001a000 08:03 4870864                    /usr/lib/jvm/java-8-oracle/jre/lib/amd64/libzip.so
7fdb8d5c2000-7fdb8d5c3000 rw-p 0001a000 08:03 4870864                    /usr/lib/jvm/java-8-oracle/jre/lib/amd64/libzip.so
7fdb8d5c3000-7fdb8d5cd000 r-xp 00000000 08:03 4070135                    /lib/x86_64-linux-gnu/libnss_files-2.19.so
7fdb8d5cd000-7fdb8d7cc000 ---p 0000a000 08:03 4070135                    /lib/x86_64-linux-gnu/libnss_files-2.19.so
7fdb8d7cc000-7fdb8d7cd000 r--p 00009000 08:03 4070135                    /lib/x86_64-linux-gnu/libnss_files-2.19.so
7fdb8d7cd000-7fdb8d7ce000 rw-p 0000a000 08:03 4070135                    /lib/x86_64-linux-gnu/libnss_files-2.19.so
7fdb8d7ce000-7fdb8d7d9000 r-xp 00000000 08:03 4070127                    /lib/x86_64-linux-gnu/libnss_nis-2.19.so
7fdb8d7d9000-7fdb8d9d8000 ---p 0000b000 08:03 4070127                    /lib/x86_64-linux-gnu/libnss_nis-2.19.so
7fdb8d9d8000-7fdb8d9d9000 r--p 0000a000 08:03 4070127                    /lib/x86_64-linux-gnu/libnss_nis-2.19.so
7fdb8d9d9000-7fdb8d9da000 rw-p 0000b000 08:03 4070127                    /lib/x86_64-linux-gnu/libnss_nis-2.19.so
7fdb8d9da000-7fdb8d9f1000 r-xp 00000000 08:03 4070123                    /lib/x86_64-linux-gnu/libnsl-2.19.so
7fdb8d9f1000-7fdb8dbf0000 ---p 00017000 08:03 4070123                    /lib/x86_64-linux-gnu/libnsl-2.19.so
7fdb8dbf0000-7fdb8dbf1000 r--p 00016000 08:03 4070123                    /lib/x86_64-linux-gnu/libnsl-2.19.so
7fdb8dbf1000-7fdb8dbf2000 rw-p 00017000 08:03 4070123                    /lib/x86_64-linux-gnu/libnsl-2.19.so
7fdb8dbf2000-7fdb8dbf4000 rw-p 00000000 00:00 0 
7fdb8dbf4000-7fdb8dbfd000 r-xp 00000000 08:03 4070122                    /lib/x86_64-linux-gnu/libnss_compat-2.19.so
7fdb8dbfd000-7fdb8ddfc000 ---p 00009000 08:03 4070122                    /lib/x86_64-linux-gnu/libnss_compat-2.19.so
7fdb8ddfc000-7fdb8ddfd000 r--p 00008000 08:03 4070122                    /lib/x86_64-linux-gnu/libnss_compat-2.19.so
7fdb8ddfd000-7fdb8ddfe000 rw-p 00009000 08:03 4070122                    /lib/x86_64-linux-gnu/libnss_compat-2.19.so
7fdb8ddfe000-7fdb8de29000 r-xp 00000000 08:03 4870782                    /usr/lib/jvm/java-8-oracle/jre/lib/amd64/libjava.so
7fdb8de29000-7fdb8e028000 ---p 0002b000 08:03 4870782                    /usr/lib/jvm/java-8-oracle/jre/lib/amd64/libjava.so
7fdb8e028000-7fdb8e02a000 rw-p 0002a000 08:03 4870782                    /usr/lib/jvm/java-8-oracle/jre/lib/amd64/libjava.so
7fdb8e02a000-7fdb8e037000 r-xp 00000000 08:03 4870821                    /usr/lib/jvm/java-8-oracle/jre/lib/amd64/libverify.so
7fdb8e037000-7fdb8e236000 ---p 0000d000 08:03 4870821                    /usr/lib/jvm/java-8-oracle/jre/lib/amd64/libverify.so
7fdb8e236000-7fdb8e238000 rw-p 0000c000 08:03 4870821                    /usr/lib/jvm/java-8-oracle/jre/lib/amd64/libverify.so
7fdb8e238000-7fdb8e23f000 r-xp 00000000 08:03 4070131                    /lib/x86_64-linux-gnu/librt-2.19.so
7fdb8e23f000-7fdb8e43e000 ---p 00007000 08:03 4070131                    /lib/x86_64-linux-gnu/librt-2.19.so
7fdb8e43e000-7fdb8e43f000 r--p 00006000 08:03 4070131                    /lib/x86_64-linux-gnu/librt-2.19.so
7fdb8e43f000-7fdb8e440000 rw-p 00007000 08:03 4070131                    /lib/x86_64-linux-gnu/librt-2.19.so
7fdb8e440000-7fdb8e545000 r-xp 00000000 08:03 4070117                    /lib/x86_64-linux-gnu/libm-2.19.so
7fdb8e545000-7fdb8e744000 ---p 00105000 08:03 4070117                    /lib/x86_64-linux-gnu/libm-2.19.so
7fdb8e744000-7fdb8e745000 r--p 00104000 08:03 4070117                    /lib/x86_64-linux-gnu/libm-2.19.so
7fdb8e745000-7fdb8e746000 rw-p 00105000 08:03 4070117                    /lib/x86_64-linux-gnu/libm-2.19.so
7fdb8e746000-7fdb8f414000 r-xp 00000000 08:03 5260205                    /usr/lib/jvm/java-8-oracle/jre/lib/amd64/server/libjvm.so
7fdb8f414000-7fdb8f614000 ---p 00cce000 08:03 5260205                    /usr/lib/jvm/java-8-oracle/jre/lib/amd64/server/libjvm.so
7fdb8f614000-7fdb8f6ed000 rw-p 00cce000 08:03 5260205                    /usr/lib/jvm/java-8-oracle/jre/lib/amd64/server/libjvm.so
7fdb8f6ed000-7fdb8f738000 rw-p 00000000 00:00 0 
7fdb8f738000-7fdb8f8f2000 r-xp 00000000 08:03 4070132                    /lib/x86_64-linux-gnu/libc-2.19.so
7fdb8f8f2000-7fdb8faf2000 ---p 001ba000 08:03 4070132                    /lib/x86_64-linux-gnu/libc-2.19.so
7fdb8faf2000-7fdb8faf6000 r--p 001ba000 08:03 4070132                    /lib/x86_64-linux-gnu/libc-2.19.so
7fdb8faf6000-7fdb8faf8000 rw-p 001be000 08:03 4070132                    /lib/x86_64-linux-gnu/libc-2.19.so
7fdb8faf8000-7fdb8fafd000 rw-p 00000000 00:00 0 
7fdb8fafd000-7fdb8fb00000 r-xp 00000000 08:03 4070119                    /lib/x86_64-linux-gnu/libdl-2.19.so
7fdb8fb00000-7fdb8fcff000 ---p 00003000 08:03 4070119                    /lib/x86_64-linux-gnu/libdl-2.19.so
7fdb8fcff000-7fdb8fd00000 r--p 00002000 08:03 4070119                    /lib/x86_64-linux-gnu/libdl-2.19.so
7fdb8fd00000-7fdb8fd01000 rw-p 00003000 08:03 4070119                    /lib/x86_64-linux-gnu/libdl-2.19.so
7fdb8fd01000-7fdb8fd16000 r-xp 00000000 08:03 3555343                    /usr/lib/jvm/java-8-oracle/lib/amd64/jli/libjli.so
7fdb8fd16000-7fdb8ff16000 ---p 00015000 08:03 3555343                    /usr/lib/jvm/java-8-oracle/lib/amd64/jli/libjli.so
7fdb8ff16000-7fdb8ff17000 rw-p 00015000 08:03 3555343                    /usr/lib/jvm/java-8-oracle/lib/amd64/jli/libjli.so
7fdb8ff17000-7fdb8ff30000 r-xp 00000000 08:03 4070124                    /lib/x86_64-linux-gnu/libpthread-2.19.so
7fdb8ff30000-7fdb9012f000 ---p 00019000 08:03 4070124                    /lib/x86_64-linux-gnu/libpthread-2.19.so
7fdb9012f000-7fdb90130000 r--p 00018000 08:03 4070124                    /lib/x86_64-linux-gnu/libpthread-2.19.so
7fdb90130000-7fdb90131000 rw-p 00019000 08:03 4070124                    /lib/x86_64-linux-gnu/libpthread-2.19.so
7fdb90131000-7fdb90135000 rw-p 00000000 00:00 0 
7fdb90135000-7fdb90158000 r-xp 00000000 08:03 4070125                    /lib/x86_64-linux-gnu/ld-2.19.so
7fdb90158000-7fdb90159000 r--s 00000000 08:03 5923567                    /home/sharmila/.gradle/caches/modules-2/files-2.1/org.springframework.boot/spring-boot-starter/1.4.3.RELEASE/c99bad104719e947b3f9aa2b7569583805e4c5d5/spring-boot-starter-1.4.3.RELEASE.jar
7fdb90159000-7fdb9015a000 r--s 00000000 08:03 5923566                    /home/sharmila/.gradle/caches/modules-2/files-2.1/org.springframework.boot/spring-boot-starter-test/1.4.3.RELEASE/6e9f1dbd3f68299c0183630ef07ca430de160050/spring-boot-starter-test-1.4.3.RELEASE.jar
7fdb9015a000-7fdb9015b000 r--s 00000000 08:03 5923889                    /home/sharmila/.gradle/caches/modules-2/files-2.1/org.springframework.boot/spring-boot-starter-data-jpa/1.4.3.RELEASE/ffda06c2144d10239014407333c223a237b73ad7/spring-boot-starter-data-jpa-1.4.3.RELEASE.jar
7fdb9015b000-7fdb9022e000 rw-p 00000000 00:00 0 
7fdb9022e000-7fdb90231000 ---p 00000000 00:00 0 
7fdb90231000-7fdb90333000 rw-p 00000000 00:00 0                          [stack:5453]
7fdb90333000-7fdb90334000 r--s 00003000 08:03 5923431                    /home/sharmila/.gradle/caches/modules-2/files-2.1/org.hibernate/hibernate-gradle-plugin/5.2.3.Final/db2ad8695e48a03a566b74fb5fc07c1732c1f5e5/hibernate-gradle-plugin-5.2.3.Final.jar
7fdb90334000-7fdb90339000 r--s 00309000 08:03 5923826                    /home/sharmila/.gradle/caches/modules-2/files-2.1/org.xerial/sqlite-jdbc/3.7.2/7a3d67f00508d3881650579f7f228c61bfc1b196/sqlite-jdbc-3.7.2.jar
7fdb90339000-7fdb90342000 r--s 00095000 08:03 5913393                    /home/sharmila/.gradle/caches/modules-2/files-2.1/org.apache.tomcat.embed/tomcat-embed-jasper/9.0.0.M11/e2cd5a7038094195c3163532e01daf051d9265fe/tomcat-embed-jasper-9.0.0.M11.jar
7fdb90342000-7fdb90343000 r--s 00000000 08:03 5923565                    /home/sharmila/.gradle/caches/modules-2/files-2.1/org.springframework.boot/spring-boot-starter-web/1.4.3.RELEASE/a0dcc919eda8e8ecb6f13f52a30e6afbb8266103/spring-boot-starter-web-1.4.3.RELEASE.jar
7fdb90343000-7fdb9034b000 r--s 00046000 08:03 2759763                    /home/sharmila/Downloads/sts 3.6.4/sts-bundle/sts-3.6.4.RELEASE/plugins/org.testng.eclipse_6.10.0.201612030230/lib/testng-remote.jar
7fdb9034b000-7fdb90353000 rw-s 00000000 08:03 5917625                    /tmp/hsperfdata_sharmila/5447
7fdb90353000-7fdb90354000 rw-p 00000000 00:00 0 
7fdb90354000-7fdb90355000 r--p 00000000 00:00 0 
7fdb90355000-7fdb90357000 rw-p 00000000 00:00 0 
7fdb90357000-7fdb90358000 r--p 00022000 08:03 4070125                    /lib/x86_64-linux-gnu/ld-2.19.so
7fdb90358000-7fdb90359000 rw-p 00023000 08:03 4070125                    /lib/x86_64-linux-gnu/ld-2.19.so
7fdb90359000-7fdb9035a000 rw-p 00000000 00:00 0 
7ffedc782000-7ffedc7a6000 rw-p 00000000 00:00 0                          [stack]
7ffedc7ad000-7ffedc7af000 r-xp 00000000 00:00 0                          [vdso]
ffffffffff600000-ffffffffff601000 r-xp 00000000 00:00 0                  [vsyscall]

VM Arguments:
jvm_args: -ea -Xms1024m -Xmx4096m -Dfile.encoding=UTF-8 
java_command: org.testng.remote.RemoteTestNG -serport 34064 -protocol json -d /home/sharmila/Documents/work-office/TestNG_Project/test-output /tmp/testng-eclipse--369443077/testng-customsuite.xml
java_class_path (initial): /home/sharmila/Downloads/sts 3.6.4/sts-bundle/sts-3.6.4.RELEASE/plugins/org.testng.eclipse_6.10.0.201612030230/lib/testng-remote.jar:/home/sharmila/Documents/work-office/TestNG_Project/bin:/home/sharmila/.gradle/caches/modules-2/files-2.1/org.springframework.boot/spring-boot-starter-web/1.4.3.RELEASE/a0dcc919eda8e8ecb6f13f52a30e6afbb8266103/spring-boot-starter-web-1.4.3.RELEASE.jar:/home/sharmila/.gradle/caches/modules-2/files-2.1/org.apache.tomcat.embed/tomcat-embed-jasper/9.0.0.M11/e2cd5a7038094195c3163532e01daf051d9265fe/tomcat-embed-jasper-9.0.0.M11.jar:/home/sharmila/.gradle/caches/modules-2/files-2.1/org.xerial/sqlite-jdbc/3.7.2/7a3d67f00508d3881650579f7f228c61bfc1b196/sqlite-jdbc-3.7.2.jar:/home/sharmila/.gradle/caches/modules-2/files-2.1/org.hibernate/hibernate-gradle-plugin/5.2.3.Final/db2ad8695e48a03a566b74fb5fc07c1732c1f5e5/hibernate-gradle-plugin-5.2.3.Final.jar:/home/sharmila/.gradle/caches/modules-2/files-2.1/org.springframework.boot/spring-boot-starter-data-jpa/1.4.3.RELEASE/ffda06c2144d10239014407333c223a237b73ad7/spring-boot-starter-data-jpa-1.4.3.RELEASE.jar:/home/sharmila/.gradle/caches/modules-2/files-2.1/org.testng/testng/6.5.2/5069d2e72356ed87645c5fc3622b0bbb5e0667c9/testng-6.5.2.jar:/home/sharmila/.gradle/caches/modules-2/files-2.1/org.springframework.boot/spring-boot-starter-test/1.4.3.RELEASE/6e9f1dbd3f68299c0183630ef07ca430de160050/spring-boot-starter-test-1.4.3.RELEASE.jar:/home/sharmila/.gradle/caches/modules-2/files-2.1/org.springframework.boot/spring-boot-starter/1.4.3.RELEASE/c99bad104719e947b3f9aa2b7569583805e4c5d5/spring-boot-starter-1.4.3.RELEASE.jar:/home/sharmila/.gradle/caches/modules-2/files-2.1/org.springframework.boot/spring-boot-starter-tomcat/1.4.3.RELEASE/61c48035a7a3b06b42fdd07b7109e562077b3792/spring-boot-starter-tomcat-1.4.3.RELEASE.jar:/home/sharmila/.gradle/caches/modules-2/files-2.1/org.hibernate/hibernate-validator/5.2.4.Final/fb18766b576aa6632bcfe9a20a023cbd52bf9769/hibernate-validator-5
Launcher Type: SUN_STANDARD

Environment Variables:
JAVA_HOME=/usr/lib/jvm/java-8-oracle
PATH=/usr/local/sbin:/usr/local/bin:/usr/sbin:/usr/bin:/sbin:/bin:/usr/games:/usr/local/games:/usr/lib/jvm/java-8-oracle/bin:/usr/lib/jvm/java-8-oracle/db/bin:/usr/lib/jvm/java-8-oracle/jre/bin
SHELL=/bin/bash
DISPLAY=:0.0

Signal Handlers:
SIGSEGV: [libjvm.so+0xac78c0], sa_mask[0]=11111111011111111101111111111110, sa_flags=SA_RESTART|SA_SIGINFO
SIGBUS: [libjvm.so+0xac78c0], sa_mask[0]=11111111011111111101111111111110, sa_flags=SA_RESTART|SA_SIGINFO
SIGFPE: [libjvm.so+0x920ac0], sa_mask[0]=11111111011111111101111111111110, sa_flags=SA_RESTART|SA_SIGINFO
SIGPIPE: [libjvm.so+0x920ac0], sa_mask[0]=11111111011111111101111111111110, sa_flags=SA_RESTART|SA_SIGINFO
SIGXFSZ: [libjvm.so+0x920ac0], sa_mask[0]=11111111011111111101111111111110, sa_flags=SA_RESTART|SA_SIGINFO
SIGILL: [libjvm.so+0x920ac0], sa_mask[0]=11111111011111111101111111111110, sa_flags=SA_RESTART|SA_SIGINFO
SIGUSR1: SIG_DFL, sa_mask[0]=00000000000000000000000000000000, sa_flags=none
SIGUSR2: [libjvm.so+0x922300], sa_mask[0]=00100000000000000000000000000000, sa_flags=SA_RESTART|SA_SIGINFO
SIGHUP: [libjvm.so+0x923700], sa_mask[0]=11111111011111111101111111111110, sa_flags=SA_RESTART|SA_SIGINFO
SIGINT: [libjvm.so+0x923700], sa_mask[0]=11111111011111111101111111111110, sa_flags=SA_RESTART|SA_SIGINFO
SIGTERM: [libjvm.so+0x923700], sa_mask[0]=11111111011111111101111111111110, sa_flags=SA_RESTART|SA_SIGINFO
SIGQUIT: [libjvm.so+0x923700], sa_mask[0]=11111111011111111101111111111110, sa_flags=SA_RESTART|SA_SIGINFO


---------------  S Y S T E M  ---------------

OS:DISTRIB_ID=Ubuntu
DISTRIB_RELEASE=14.04
DISTRIB_CODENAME=trusty
DISTRIB_DESCRIPTION="Ubuntu 14.04.5 LTS"

uname:Linux 3.13.0-107-generic #154-Ubuntu SMP Tue Dec 20 09:57:27 UTC 2016 x86_64
libc:glibc 2.19 NPTL 2.19 
rlimit: STACK 8192k, CORE 0k, NPROC 30712, NOFILE 4096, AS infinity
load average:0.82 0.72 0.73

/proc/meminfo:
MemTotal:        3953548 kB
MemFree:          118936 kB
Buffers:           49084 kB
Cached:           989692 kB
SwapCached:          384 kB
Active:          2298420 kB
Inactive:        1293580 kB
Active(anon):    1943832 kB
Inactive(anon):   965268 kB
Active(file):     354588 kB
Inactive(file):   328312 kB
Unevictable:         208 kB
Mlocked:             208 kB
SwapTotal:       7999484 kB
SwapFree:        7993932 kB
Dirty:              1620 kB
Writeback:             0 kB
AnonPages:       2552888 kB
Mapped:           346068 kB
Shmem:            355876 kB
Slab:             119684 kB
SReclaimable:      80936 kB
SUnreclaim:        38748 kB
KernelStack:        5344 kB
PageTables:        48560 kB
NFS_Unstable:          0 kB
Bounce:                0 kB
WritebackTmp:          0 kB
CommitLimit:     9976256 kB
Committed_AS:    8649572 kB
VmallocTotal:   34359738367 kB
VmallocUsed:      400992 kB
VmallocChunk:   34359328252 kB
HardwareCorrupted:     0 kB
AnonHugePages:   1189888 kB
HugePages_Total:       0
HugePages_Free:        0
HugePages_Rsvd:        0
HugePages_Surp:        0
Hugepagesize:       2048 kB
DirectMap4k:       86188 kB
DirectMap2M:     2965504 kB
DirectMap1G:     1048576 kB


CPU:total 4 (2 cores per cpu, 2 threads per core) family 6 model 69 stepping 1, cmov, cx8, fxsr, mmx, sse, sse2, sse3, ssse3, sse4.1, sse4.2, popcnt, avx, avx2, aes, clmul, erms, lzcnt, ht, tsc, tscinvbit, bmi1, bmi2

/proc/cpuinfo:
processor	: 0
vendor_id	: GenuineIntel
cpu family	: 6
model		: 69
model name	: Intel(R) Core(TM) i5-4200U CPU @ 1.60GHz
stepping	: 1
microcode	: 0x17
cpu MHz		: 1600.000
cache size	: 3072 KB
physical id	: 0
siblings	: 4
core id		: 0
cpu cores	: 2
apicid		: 0
initial apicid	: 0
fpu		: yes
fpu_exception	: yes
cpuid level	: 13
wp		: yes
flags		: fpu vme de pse tsc msr pae mce cx8 apic sep mtrr pge mca cmov pat pse36 clflush dts acpi mmx fxsr sse sse2 ss ht tm pbe syscall nx pdpe1gb rdtscp lm constant_tsc arch_perfmon pebs bts rep_good nopl xtopology nonstop_tsc aperfmperf eagerfpu pni pclmulqdq dtes64 monitor ds_cpl vmx est tm2 ssse3 fma cx16 xtpr pdcm pcid sse4_1 sse4_2 movbe popcnt tsc_deadline_timer aes xsave avx f16c rdrand lahf_lm abm ida arat epb xsaveopt pln pts dtherm tpr_shadow vnmi flexpriority ept vpid fsgsbase tsc_adjust bmi1 avx2 smep bmi2 erms invpcid
bogomips	: 4589.35
clflush size	: 64
cache_alignment	: 64
address sizes	: 39 bits physical, 48 bits virtual
power management:

processor	: 1
vendor_id	: GenuineIntel
cpu family	: 6
model		: 69
model name	: Intel(R) Core(TM) i5-4200U CPU @ 1.60GHz
stepping	: 1
microcode	: 0x17
cpu MHz		: 1600.000
cache size	: 3072 KB
physical id	: 0
siblings	: 4
core id		: 0
cpu cores	: 2
apicid		: 1
initial apicid	: 1
fpu		: yes
fpu_exception	: yes
cpuid level	: 13
wp		: yes
flags		: fpu vme de pse tsc msr pae mce cx8 apic sep mtrr pge mca cmov pat pse36 clflush dts acpi mmx fxsr sse sse2 ss ht tm pbe syscall nx pdpe1gb rdtscp lm constant_tsc arch_perfmon pebs bts rep_good nopl xtopology nonstop_tsc aperfmperf eagerfpu pni pclmulqdq dtes64 monitor ds_cpl vmx est tm2 ssse3 fma cx16 xtpr pdcm pcid sse4_1 sse4_2 movbe popcnt tsc_deadline_timer aes xsave avx f16c rdrand lahf_lm abm ida arat epb xsaveopt pln pts dtherm tpr_shadow vnmi flexpriority ept vpid fsgsbase tsc_adjust bmi1 avx2 smep bmi2 erms invpcid
bogomips	: 4589.35
clflush size	: 64
cache_alignment	: 64
address sizes	: 39 bits physical, 48 bits virtual
power management:

processor	: 2
vendor_id	: GenuineIntel
cpu family	: 6
model		: 69
model name	: Intel(R) Core(TM) i5-4200U CPU @ 1.60GHz
stepping	: 1
microcode	: 0x17
cpu MHz		: 1600.000
cache size	: 3072 KB
physical id	: 0
siblings	: 4
core id		: 1
cpu cores	: 2
apicid		: 2
initial apicid	: 2
fpu		: yes
fpu_exception	: yes
cpuid level	: 13
wp		: yes
flags		: fpu vme de pse tsc msr pae mce cx8 apic sep mtrr pge mca cmov pat pse36 clflush dts acpi mmx fxsr sse sse2 ss ht tm pbe syscall nx pdpe1gb rdtscp lm constant_tsc arch_perfmon pebs bts rep_good nopl xtopology nonstop_tsc aperfmperf eagerfpu pni pclmulqdq dtes64 monitor ds_cpl vmx est tm2 ssse3 fma cx16 xtpr pdcm pcid sse4_1 sse4_2 movbe popcnt tsc_deadline_timer aes xsave avx f16c rdrand lahf_lm abm ida arat epb xsaveopt pln pts dtherm tpr_shadow vnmi flexpriority ept vpid fsgsbase tsc_adjust bmi1 avx2 smep bmi2 erms invpcid
bogomips	: 4589.35
clflush size	: 64
cache_alignment	: 64
address sizes	: 39 bits physical, 48 bits virtual
power management:

processor	: 3
vendor_id	: GenuineIntel
cpu family	: 6
model		: 69
model name	: Intel(R) Core(TM) i5-4200U CPU @ 1.60GHz
stepping	: 1
microcode	: 0x17
cpu MHz		: 1600.000
cache size	: 3072 KB
physical id	: 0
siblings	: 4
core id		: 1
cpu cores	: 2
apicid		: 3
initial apicid	: 3
fpu		: yes
fpu_exception	: yes
cpuid level	: 13
wp		: yes
flags		: fpu vme de pse tsc msr pae mce cx8 apic sep mtrr pge mca cmov pat pse36 clflush dts acpi mmx fxsr sse sse2 ss ht tm pbe syscall nx pdpe1gb rdtscp lm constant_tsc arch_perfmon pebs bts rep_good nopl xtopology nonstop_tsc aperfmperf eagerfpu pni pclmulqdq dtes64 monitor ds_cpl vmx est tm2 ssse3 fma cx16 xtpr pdcm pcid sse4_1 sse4_2 movbe popcnt tsc_deadline_timer aes xsave avx f16c rdrand lahf_lm abm ida arat epb xsaveopt pln pts dtherm tpr_shadow vnmi flexpriority ept vpid fsgsbase tsc_adjust bmi1 avx2 smep bmi2 erms invpcid
bogomips	: 4589.35
clflush size	: 64
cache_alignment	: 64
address sizes	: 39 bits physical, 48 bits virtual
power management:



Memory: 4k page, physical 3953548k(118936k free), swap 7999484k(7993932k free)

vm_info: Java HotSpot(TM) 64-Bit Server VM (25.121-b13) for linux-amd64 JRE (1.8.0_121-b13), built on Dec 12 2016 16:36:53 by "java_re" with gcc 4.3.0 20080428 (Red Hat 4.3.0-8)

time: Mon Jan 23 17:38:52 2017
elapsed time: 7 seconds (0d 0h 0m 7s)

