#
# A fatal error has been detected by the Java Runtime Environment:
#
#  SIGSEGV (0xb) at pc=0x00007fd50d146118, pid=5761, tid=0x00007fd50e64c700
#
# JRE version: Java(TM) SE Runtime Environment (8.0_121-b13) (build 1.8.0_121-b13)
# Java VM: Java HotSpot(TM) 64-Bit Server VM (25.121-b13 mixed mode linux-amd64 compressed oops)
# Problematic frame:
# V  [libjvm.so+0x6e2118]  jni_GetStringUTFChars+0xb8
#
# Failed to write core dump. Core dumps have been disabled. To enable core dumping, try "ulimit -c unlimited" before starting Java again
#
# If you would like to submit a bug report, please visit:
#   http://bugreport.java.com/bugreport/crash.jsp
#

---------------  T H R E A D  ---------------

Current thread (0x00007fd508010000):  JavaThread "main" [_thread_in_vm, id=5767, stack(0x00007fd50e54c000,0x00007fd50e64d000)]

siginfo: si_signo: 11 (SIGSEGV), si_code: 1 (SEGV_MAPERR), si_addr: 0x0000000000000000

Registers:
RAX=0x00007fd50da1b550, RBX=0x0000000000000000, RCX=0x00000000f8e77648, RDX=0x00007fd50da299e0
RSP=0x00007fd50e6468e0, RBP=0x00007fd50e646980, RSI=0x00007fd508010000, RDI=0x00007fd50e646920
R8 =0x00007fd4f85bcc80, R9 =0x00000000f8e77648, R10=0x00000000000002b2, R11=0x00007fd50da299e8
R12=0x00007fd508010000, R13=0x0000000000000000, R14=0x00007fd50e646a58, R15=0x00007fd50e646920
RIP=0x00007fd50d146118, EFLAGS=0x0000000000010246, CSGSFS=0x6e65000000000033, ERR=0x0000000000000004
  TRAPNO=0x000000000000000e

Top of Stack: (sp=0x00007fd50e6468e0)
0x00007fd50e6468e0:   00007fd50e6469a8 0000000000000000
0x00007fd50e6468f0:   00007fd4f86b45c0 00007fd50da2b800
0x00007fd50e646900:   00007fd50e646f78 00007fd4f85bcc80
0x00007fd50e646910:   00000000ee6b3a38 0000000050200030
0x00007fd50e646920:   00007fd508010000 0000000000000000
0x00007fd50e646930:   00007fd4f53ae480 00007fd4f85b22bd
0x00007fd50e646940:   00007fd508010000 00000000ee6b3a38
0x00007fd50e646950:   00007fd50e6469f0 00007fd4ecb74328
0x00007fd50e646960:   00007fd5089ce9d8 0000000000000000
0x00007fd50e646970:   00007fd50e646a58 00007fd508010000
0x00007fd50e646980:   00007fd5080101f8 00007fd4ec7c82b0
0x00007fd50e646990:   00007fd50e6469f0 00007fd4f85b22bd
0x00007fd50e6469a0:   00007fd4ecb74328 00007fd50e646a30
0x00007fd50e6469b0:   0000000000000000 00007fd4ecb74320
0x00007fd50e6469c0:   00007fd50e646a58 00007fd4f85c24cf
0x00007fd50e6469d0:   0000000000000000 00007fd4ecb83b50
0x00007fd50e6469e0:   0000000000000000 00000000f8e77648
0x00007fd50e6469f0:   00007fd50e6469e0 0000000000000000
0x00007fd50e646a00:   00007fd50e646a58 00007fd4ecb7ac30
0x00007fd50e646a10:   0000000000000000 00007fd4ecb74328
0x00007fd50e646a20:   0000000000000000 00007fd50e646a50
0x00007fd50e646a30:   00007fd50e646ab8 00007fd4f85b1dd0
0x00007fd50e646a40:   0000000000000000 00007fd4f85bb537
0x00007fd50e646a50:   0000000000000000 00000000f8e77648
0x00007fd50e646a60:   00000000ee6b39d8 00000000ee6b3a38
0x00007fd50e646a70:   00000000f8e77648 00007fd50e646a68
0x00007fd50e646a80:   00007fd4ecb77bed 00007fd50e646ad0
0x00007fd50e646a90:   00007fd4ecb7a480 0000000000000000
0x00007fd50e646aa0:   00007fd4ecb77c38 00007fd50e646a50
0x00007fd50e646ab0:   00007fd50e646ac8 00007fd50e646b18
0x00007fd50e646ac0:   00007fd4f85b22bd 00000000ee6b39d8
0x00007fd50e646ad0:   00000000f8e77648 00007fd50e646ad8 

Instructions: (pc=0x00007fd50d146118)
0x00007fd50d1460f8:   84 24 70 02 00 00 06 00 00 00 4c 89 e6 4c 89 65
0x00007fd50d146108:   c0 4c 89 ff e8 1f 01 01 00 48 8b 05 18 d0 88 00
0x00007fd50d146118:   4c 8b 2b 8b 10 48 8b 05 44 fc 88 00 80 38 00 0f
0x00007fd50d146128:   84 2b 01 00 00 48 63 c2 41 8b 54 05 00 85 d2 0f 

Register to memory mapping:

RAX=0x00007fd50da1b550: <offset 0xfb7550> in /usr/lib/jvm/java-8-oracle/jre/lib/amd64/server/libjvm.so at 0x00007fd50ca64000
RBX=0x0000000000000000 is an unknown value
RCX=0x00000000f8e77648 is an oop
org.sqlite.NativeDB 
 - klass: 'org/sqlite/NativeDB'
RDX=0x00007fd50da299e0: <offset 0xfc59e0> in /usr/lib/jvm/java-8-oracle/jre/lib/amd64/server/libjvm.so at 0x00007fd50ca64000
RSP=0x00007fd50e6468e0 is pointing into the stack for thread: 0x00007fd508010000
RBP=0x00007fd50e646980 is pointing into the stack for thread: 0x00007fd508010000
RSI=0x00007fd508010000 is a thread
RDI=0x00007fd50e646920 is pointing into the stack for thread: 0x00007fd508010000
R8 =0x00007fd4f85bcc80 is at code_begin+0 in an Interpreter codelet
method entry point (kind = zerolocals)  [0x00007fd4f85bcc80, 0x00007fd4f85bd100]  1152 bytes
R9 =0x00000000f8e77648 is an oop
org.sqlite.NativeDB 
 - klass: 'org/sqlite/NativeDB'
R10=0x00000000000002b2 is an unknown value
R11=0x00007fd50da299e8: <offset 0xfc59e8> in /usr/lib/jvm/java-8-oracle/jre/lib/amd64/server/libjvm.so at 0x00007fd50ca64000
R12=0x00007fd508010000 is a thread
R13=0x0000000000000000 is an unknown value
R14=0x00007fd50e646a58 is pointing into the stack for thread: 0x00007fd508010000
R15=0x00007fd50e646920 is pointing into the stack for thread: 0x00007fd508010000


Stack: [0x00007fd50e54c000,0x00007fd50e64d000],  sp=0x00007fd50e6468e0,  free space=1002k
Native frames: (J=compiled Java code, j=interpreted, Vv=VM code, C=native code)
V  [libjvm.so+0x6e2118]  jni_GetStringUTFChars+0xb8
C  [sqlite-3.7.2-libsqlitejdbc.so+0xd2b0]  Java_org_sqlite_NativeDB_prepare+0x2f

Java frames: (J=compiled Java code, j=interpreted, Vv=VM code)
j  org.sqlite.NativeDB.prepare(Ljava/lang/String;)J+0
j  org.sqlite.DB.prepare(Lorg/sqlite/Stmt;)V+21
j  org.sqlite.PrepStmt.<init>(Lorg/sqlite/Conn;Ljava/lang/String;)V+15
j  org.sqlite.Conn.prepareStatement(Ljava/lang/String;III)Ljava/sql/PreparedStatement;+14
j  org.sqlite.Conn.prepareStatement(Ljava/lang/String;II)Ljava/sql/PreparedStatement;+5
j  org.sqlite.Conn.prepareStatement(Ljava/lang/String;)Ljava/sql/PreparedStatement;+8
v  ~StubRoutines::call_stub
J 1602  sun.reflect.NativeMethodAccessorImpl.invoke0(Ljava/lang/reflect/Method;Ljava/lang/Object;[Ljava/lang/Object;)Ljava/lang/Object; (0 bytes) @ 0x00007fd4f8b32bf7 [0x00007fd4f8b32b80+0x77]
J 1601 C1 sun.reflect.NativeMethodAccessorImpl.invoke(Ljava/lang/Object;[Ljava/lang/Object;)Ljava/lang/Object; (104 bytes) @ 0x00007fd4f8b3638c [0x00007fd4f8b35200+0x118c]
J 1163 C1 sun.reflect.DelegatingMethodAccessorImpl.invoke(Ljava/lang/Object;[Ljava/lang/Object;)Ljava/lang/Object; (10 bytes) @ 0x00007fd4f86eae44 [0x00007fd4f86ead40+0x104]
J 3706 C1 java.lang.reflect.Method.invoke(Ljava/lang/Object;[Ljava/lang/Object;)Ljava/lang/Object; (62 bytes) @ 0x00007fd4f8da82cc [0x00007fd4f8da7ee0+0x3ec]
j  org.apache.tomcat.jdbc.pool.ProxyConnection.invoke(Ljava/lang/Object;Ljava/lang/reflect/Method;[Ljava/lang/Object;)Ljava/lang/Object;+237
j  org.apache.tomcat.jdbc.pool.JdbcInterceptor.invoke(Ljava/lang/Object;Ljava/lang/reflect/Method;[Ljava/lang/Object;)Ljava/lang/Object;+14
j  org.apache.tomcat.jdbc.pool.DisposableConnectionFacade.invoke(Ljava/lang/Object;Ljava/lang/reflect/Method;[Ljava/lang/Object;)Ljava/lang/Object;+93
j  com.sun.proxy.$Proxy83.prepareStatement(Ljava/lang/String;)Ljava/sql/PreparedStatement;+16
j  org.hibernate.engine.jdbc.internal.StatementPreparerImpl$1.doPrepare()Ljava/sql/PreparedStatement;+37
j  org.hibernate.engine.jdbc.internal.StatementPreparerImpl$StatementPreparationTemplate.prepareStatement()Ljava/sql/PreparedStatement;+45
j  org.hibernate.engine.jdbc.internal.StatementPreparerImpl.prepareStatement(Ljava/lang/String;)Ljava/sql/PreparedStatement;+6
j  org.hibernate.id.SequenceGenerator.generateHolder(Lorg/hibernate/engine/spi/SessionImplementor;)Lorg/hibernate/id/IntegralDataTypeHolder;+15
j  org.hibernate.id.SequenceHiLoGenerator$1.getNextValue()Lorg/hibernate/id/IntegralDataTypeHolder;+8
j  org.hibernate.id.enhanced.LegacyHiLoAlgorithmOptimizer.generate(Lorg/hibernate/id/enhanced/AccessCallback;)Ljava/io/Serializable;+25
j  org.hibernate.id.SequenceHiLoGenerator.generate(Lorg/hibernate/engine/spi/SessionImplementor;Ljava/lang/Object;)Ljava/io/Serializable;+53
j  org.hibernate.event.internal.AbstractSaveEventListener.saveWithGeneratedId(Ljava/lang/Object;Ljava/lang/String;Ljava/lang/Object;Lorg/hibernate/event/spi/EventSource;Z)Ljava/io/Serializable;+21
j  org.hibernate.jpa.event.internal.core.JpaMergeEventListener.saveWithGeneratedId(Ljava/lang/Object;Ljava/lang/String;Ljava/lang/Object;Lorg/hibernate/event/spi/EventSource;Z)Ljava/io/Serializable;+18
j  org.hibernate.event.internal.DefaultMergeEventListener.saveTransientEntity(Ljava/lang/Object;Ljava/lang/String;Ljava/io/Serializable;Lorg/hibernate/event/spi/EventSource;Ljava/util/Map;)V+12
j  org.hibernate.event.internal.DefaultMergeEventListener.entityIsTransient(Lorg/hibernate/event/spi/MergeEvent;Ljava/util/Map;)V+163
j  org.hibernate.event.internal.DefaultMergeEventListener.entityIsDetached(Lorg/hibernate/event/spi/MergeEvent;Ljava/util/Map;)V+201
j  org.hibernate.event.internal.DefaultMergeEventListener.onMerge(Lorg/hibernate/event/spi/MergeEvent;Ljava/util/Map;)V+343
j  org.hibernate.event.internal.DefaultMergeEventListener.onMerge(Lorg/hibernate/event/spi/MergeEvent;)V+30
j  org.hibernate.internal.SessionImpl.fireMerge(Lorg/hibernate/event/spi/MergeEvent;)Ljava/lang/Object;+46
j  org.hibernate.internal.SessionImpl.merge(Ljava/lang/String;Ljava/lang/Object;)Ljava/lang/Object;+11
j  org.hibernate.internal.SessionImpl.merge(Ljava/lang/Object;)Ljava/lang/Object;+3
j  org.hibernate.jpa.spi.AbstractEntityManagerImpl.merge(Ljava/lang/Object;)Ljava/lang/Object;+9
v  ~StubRoutines::call_stub
J 1602  sun.reflect.NativeMethodAccessorImpl.invoke0(Ljava/lang/reflect/Method;Ljava/lang/Object;[Ljava/lang/Object;)Ljava/lang/Object; (0 bytes) @ 0x00007fd4f8b32bf7 [0x00007fd4f8b32b80+0x77]
J 1601 C1 sun.reflect.NativeMethodAccessorImpl.invoke(Ljava/lang/Object;[Ljava/lang/Object;)Ljava/lang/Object; (104 bytes) @ 0x00007fd4f8b3638c [0x00007fd4f8b35200+0x118c]
J 1163 C1 sun.reflect.DelegatingMethodAccessorImpl.invoke(Ljava/lang/Object;[Ljava/lang/Object;)Ljava/lang/Object; (10 bytes) @ 0x00007fd4f86eae44 [0x00007fd4f86ead40+0x104]
J 3706 C1 java.lang.reflect.Method.invoke(Ljava/lang/Object;[Ljava/lang/Object;)Ljava/lang/Object; (62 bytes) @ 0x00007fd4f8da82cc [0x00007fd4f8da7ee0+0x3ec]
j  org.springframework.orm.jpa.SharedEntityManagerCreator$SharedEntityManagerInvocationHandler.invoke(Ljava/lang/Object;Ljava/lang/reflect/Method;[Ljava/lang/Object;)Ljava/lang/Object;+495
j  com.sun.proxy.$Proxy92.merge(Ljava/lang/Object;)Ljava/lang/Object;+16
j  org.springframework.data.jpa.repository.support.SimpleJpaRepository.save(Ljava/lang/Object;)Ljava/lang/Object;+30
v  ~StubRoutines::call_stub
J 1602  sun.reflect.NativeMethodAccessorImpl.invoke0(Ljava/lang/reflect/Method;Ljava/lang/Object;[Ljava/lang/Object;)Ljava/lang/Object; (0 bytes) @ 0x00007fd4f8b32bf7 [0x00007fd4f8b32b80+0x77]
J 1601 C1 sun.reflect.NativeMethodAccessorImpl.invoke(Ljava/lang/Object;[Ljava/lang/Object;)Ljava/lang/Object; (104 bytes) @ 0x00007fd4f8b3638c [0x00007fd4f8b35200+0x118c]
J 1163 C1 sun.reflect.DelegatingMethodAccessorImpl.invoke(Ljava/lang/Object;[Ljava/lang/Object;)Ljava/lang/Object; (10 bytes) @ 0x00007fd4f86eae44 [0x00007fd4f86ead40+0x104]
J 3706 C1 java.lang.reflect.Method.invoke(Ljava/lang/Object;[Ljava/lang/Object;)Ljava/lang/Object; (62 bytes) @ 0x00007fd4f8da82cc [0x00007fd4f8da7ee0+0x3ec]
j  org.springframework.data.repository.core.support.RepositoryFactorySupport$QueryExecutorMethodInterceptor.executeMethodOn(Ljava/lang/Object;Ljava/lang/reflect/Method;[Ljava/lang/Object;)Ljava/lang/Object;+3
j  org.springframework.data.repository.core.support.RepositoryFactorySupport$QueryExecutorMethodInterceptor.doInvoke(Lorg/aopalliance/intercept/MethodInvocation;)Ljava/lang/Object;+94
j  org.springframework.data.repository.core.support.RepositoryFactorySupport$QueryExecutorMethodInterceptor.invoke(Lorg/aopalliance/intercept/MethodInvocation;)Ljava/lang/Object;+2
j  org.springframework.aop.framework.ReflectiveMethodInvocation.proceed()Ljava/lang/Object;+101
j  org.springframework.data.projection.DefaultMethodInvokingMethodInterceptor.invoke(Lorg/aopalliance/intercept/MethodInvocation;)Ljava/lang/Object;+15
j  org.springframework.aop.framework.ReflectiveMethodInvocation.proceed()Ljava/lang/Object;+101
j  org.springframework.transaction.interceptor.TransactionInterceptor$1.proceedWithInvocation()Ljava/lang/Object;+4
j  org.springframework.transaction.interceptor.TransactionAspectSupport.invokeWithinTransaction(Ljava/lang/reflect/Method;Ljava/lang/Class;Lorg/springframework/transaction/interceptor/TransactionAspectSupport$InvocationCallback;)Ljava/lang/Object;+60
j  org.springframework.transaction.interceptor.TransactionInterceptor.invoke(Lorg/aopalliance/intercept/MethodInvocation;)Ljava/lang/Object;+40
j  org.springframework.aop.framework.ReflectiveMethodInvocation.proceed()Ljava/lang/Object;+101
j  org.springframework.dao.support.PersistenceExceptionTranslationInterceptor.invoke(Lorg/aopalliance/intercept/MethodInvocation;)Ljava/lang/Object;+1
j  org.springframework.aop.framework.ReflectiveMethodInvocation.proceed()Ljava/lang/Object;+101
j  org.springframework.data.jpa.repository.support.CrudMethodMetadataPostProcessor$CrudMethodMetadataPopulatingMethodInterceptor.invoke(Lorg/aopalliance/intercept/MethodInvocation;)Ljava/lang/Object;+89
j  org.springframework.aop.framework.ReflectiveMethodInvocation.proceed()Ljava/lang/Object;+101
j  org.springframework.aop.interceptor.ExposeInvocationInterceptor.invoke(Lorg/aopalliance/intercept/MethodInvocation;)Ljava/lang/Object;+18
j  org.springframework.aop.framework.ReflectiveMethodInvocation.proceed()Ljava/lang/Object;+101
j  org.springframework.aop.framework.JdkDynamicAopProxy.invoke(Ljava/lang/Object;Ljava/lang/reflect/Method;[Ljava/lang/Object;)Ljava/lang/Object;+385
j  com.sun.proxy.$Proxy94.save(Ljava/lang/Object;)Ljava/lang/Object;+16
j  com.example.api.service.BookService.save(Lcom/example/entity/Book;)Lcom/example/entity/Book;+5
j  com.example.crudtest.CRUDTest.insertOperation()V+25
v  ~StubRoutines::call_stub
J 1602  sun.reflect.NativeMethodAccessorImpl.invoke0(Ljava/lang/reflect/Method;Ljava/lang/Object;[Ljava/lang/Object;)Ljava/lang/Object; (0 bytes) @ 0x00007fd4f8b32bf7 [0x00007fd4f8b32b80+0x77]
J 1601 C1 sun.reflect.NativeMethodAccessorImpl.invoke(Ljava/lang/Object;[Ljava/lang/Object;)Ljava/lang/Object; (104 bytes) @ 0x00007fd4f8b3638c [0x00007fd4f8b35200+0x118c]
J 1163 C1 sun.reflect.DelegatingMethodAccessorImpl.invoke(Ljava/lang/Object;[Ljava/lang/Object;)Ljava/lang/Object; (10 bytes) @ 0x00007fd4f86eae44 [0x00007fd4f86ead40+0x104]
J 3706 C1 java.lang.reflect.Method.invoke(Ljava/lang/Object;[Ljava/lang/Object;)Ljava/lang/Object; (62 bytes) @ 0x00007fd4f8da82cc [0x00007fd4f8da7ee0+0x3ec]
j  org.testng.internal.MethodInvocationHelper.invokeMethod(Ljava/lang/reflect/Method;Ljava/lang/Object;[Ljava/lang/Object;)Ljava/lang/Object;+242
j  org.testng.internal.MethodInvocationHelper$1.runTestMethod(Lorg/testng/ITestResult;)V+12
j  org.springframework.test.context.testng.AbstractTestNGSpringContextTests.run(Lorg/testng/IHookCallBack;Lorg/testng/ITestResult;)V+2
v  ~StubRoutines::call_stub
J 1602  sun.reflect.NativeMethodAccessorImpl.invoke0(Ljava/lang/reflect/Method;Ljava/lang/Object;[Ljava/lang/Object;)Ljava/lang/Object; (0 bytes) @ 0x00007fd4f8b32bf7 [0x00007fd4f8b32b80+0x77]
J 1601 C1 sun.reflect.NativeMethodAccessorImpl.invoke(Ljava/lang/Object;[Ljava/lang/Object;)Ljava/lang/Object; (104 bytes) @ 0x00007fd4f8b3638c [0x00007fd4f8b35200+0x118c]
J 1163 C1 sun.reflect.DelegatingMethodAccessorImpl.invoke(Ljava/lang/Object;[Ljava/lang/Object;)Ljava/lang/Object; (10 bytes) @ 0x00007fd4f86eae44 [0x00007fd4f86ead40+0x104]
J 3706 C1 java.lang.reflect.Method.invoke(Ljava/lang/Object;[Ljava/lang/Object;)Ljava/lang/Object; (62 bytes) @ 0x00007fd4f8da82cc [0x00007fd4f8da7ee0+0x3ec]
j  org.testng.internal.MethodInvocationHelper.invokeHookable(Ljava/lang/Object;[Ljava/lang/Object;Ljava/lang/Object;Ljava/lang/reflect/Method;Lorg/testng/internal/TestResult;)V+64
j  org.testng.internal.Invoker.invokeMethod([Ljava/lang/Object;ILorg/testng/ITestNGMethod;[Ljava/lang/Object;ILorg/testng/xml/XmlSuite;Ljava/util/Map;Lorg/testng/ITestClass;[Lorg/testng/ITestNGMethod;[Lorg/testng/ITestNGMethod;Lorg/testng/internal/ConfigurationGroupMethods;)Lorg/testng/ITestResult;+280
j  org.testng.internal.Invoker.invokeTestMethod([Ljava/lang/Object;Lorg/testng/ITestNGMethod;[Ljava/lang/Object;ILorg/testng/xml/XmlSuite;Ljava/util/Map;Lorg/testng/ITestClass;[Lorg/testng/ITestNGMethod;[Lorg/testng/ITestNGMethod;Lorg/testng/internal/ConfigurationGroupMethods;)Ljava/util/List;+46
j  org.testng.internal.Invoker.invokeTestMethods(Lorg/testng/ITestNGMethod;[Lorg/testng/ITestNGMethod;ILorg/testng/xml/XmlSuite;Ljava/util/Map;Lorg/testng/internal/ConfigurationGroupMethods;[Ljava/lang/Object;Lorg/testng/ITestContext;)Ljava/util/List;+705
j  org.testng.internal.TestMethodWorker.invokeTestMethods(Lorg/testng/ITestNGMethod;[Ljava/lang/Object;Lorg/testng/ITestContext;)V+32
j  org.testng.internal.TestMethodWorker.run()V+60
j  org.testng.TestRunner.privateRun(Lorg/testng/xml/XmlTest;)V+349
j  org.testng.TestRunner.run()V+26
j  org.testng.SuiteRunner.runTest(Lorg/testng/TestRunner;)V+1
j  org.testng.SuiteRunner.runSequentially()V+31
j  org.testng.SuiteRunner.privateRun()V+281
j  org.testng.SuiteRunner.run()V+6
j  org.testng.SuiteRunnerWorker.runSuite(Lorg/testng/internal/SuiteRunnerMap;Lorg/testng/xml/XmlSuite;)V+96
j  org.testng.SuiteRunnerWorker.run()V+12
j  org.testng.TestNG.runSuitesSequentially(Lorg/testng/xml/XmlSuite;Lorg/testng/internal/SuiteRunnerMap;ILjava/lang/String;)V+66
j  org.testng.TestNG.runSuitesLocally()Ljava/util/List;+117
j  org.testng.TestNG.run()V+77
j  org.testng.remote.AbstractRemoteTestNG.run()V+163
j  org.testng.remote.RemoteTestNG.initAndRun(Lorg/testng/remote/IRemoteTestNG;[Ljava/lang/String;Lorg/testng/CommandLineArgs;Lorg/testng/remote/RemoteArgs;)V+184
j  org.testng.remote.RemoteTestNG.main([Ljava/lang/String;)V+218
v  ~StubRoutines::call_stub

---------------  P R O C E S S  ---------------

Java Threads: ( => current thread )
  0x00007fd508dff000 JavaThread "http-nio-auto-1-60773-AsyncTimeout" daemon [_thread_blocked, id=6004, stack(0x00007fd4a7bfe000,0x00007fd4a7cff000)]
  0x00007fd508dfe000 JavaThread "http-nio-auto-1-Acceptor-0" daemon [_thread_in_native, id=6003, stack(0x00007fd4a7cff000,0x00007fd4a7e00000)]
  0x00007fd508e33800 JavaThread "http-nio-auto-1-ClientPoller-1" daemon [_thread_in_native, id=6002, stack(0x00007fd4ec0ba000,0x00007fd4ec1bb000)]
  0x00007fd508e32800 JavaThread "http-nio-auto-1-ClientPoller-0" daemon [_thread_in_native, id=6001, stack(0x00007fd4ee305000,0x00007fd4ee406000)]
  0x00007fd509415000 JavaThread "NioBlockingSelector.BlockPoller-1" daemon [_thread_in_native, id=6000, stack(0x00007fd4ed346000,0x00007fd4ed447000)]
  0x00007fd508cea800 JavaThread "Tomcat JDBC Pool Cleaner[865113938:1485165974082]" daemon [_thread_blocked, id=5996, stack(0x00007fd4eca43000,0x00007fd4ecb44000)]
  0x00007fd508992800 JavaThread "container-0" [_thread_blocked, id=5994, stack(0x00007fd4ecf44000,0x00007fd4ed045000)]
  0x00007fd50898e800 JavaThread "ContainerBackgroundProcessor[StandardEngine[Tomcat]]" daemon [_thread_blocked, id=5993, stack(0x00007fd4ed045000,0x00007fd4ed146000)]
  0x00007fd5084c2800 JavaThread "ReaderThread" [_thread_in_native, id=5785, stack(0x00007fd4eec13000,0x00007fd4eed14000)]
  0x00007fd5080c7000 JavaThread "Service Thread" daemon [_thread_blocked, id=5780, stack(0x00007fd4ef216000,0x00007fd4ef317000)]
  0x00007fd5080c4000 JavaThread "C1 CompilerThread2" daemon [_thread_blocked, id=5779, stack(0x00007fd4ef317000,0x00007fd4ef418000)]
  0x00007fd5080c2000 JavaThread "C2 CompilerThread1" daemon [_thread_in_native, id=5778, stack(0x00007fd4ef418000,0x00007fd4ef519000)]
  0x00007fd5080bf000 JavaThread "C2 CompilerThread0" daemon [_thread_in_native, id=5777, stack(0x00007fd4ef519000,0x00007fd4ef61a000)]
  0x00007fd5080be000 JavaThread "Signal Dispatcher" daemon [_thread_blocked, id=5776, stack(0x00007fd4ef61a000,0x00007fd4ef71b000)]
  0x00007fd50808a000 JavaThread "Finalizer" daemon [_thread_blocked, id=5775, stack(0x00007fd4efdfe000,0x00007fd4efeff000)]
  0x00007fd508085800 JavaThread "Reference Handler" daemon [_thread_blocked, id=5773, stack(0x00007fd4efeff000,0x00007fd4f0000000)]
=>0x00007fd508010000 JavaThread "main" [_thread_in_vm, id=5767, stack(0x00007fd50e54c000,0x00007fd50e64d000)]

Other Threads:
  0x00007fd50807e000 VMThread [stack: 0x00007fd4f40aa000,0x00007fd4f41ab000] [id=5772]
  0x00007fd5080ca000 WatcherThread [stack: 0x00007fd4ef115000,0x00007fd4ef216000] [id=5781]

VM state:not at safepoint (normal execution)

VM Mutex/Monitor currently owned by a thread: None

Heap:
 PSYoungGen      total 187904K, used 53617K [0x00000000ebe00000, 0x00000000f9500000, 0x0000000100000000)
  eden space 178176K, 24% used [0x00000000ebe00000,0x00000000ee8dd580,0x00000000f6c00000)
  from space 9728K, 99% used [0x00000000f8b80000,0x00000000f94feef0,0x00000000f9500000)
  to   space 12288K, 0% used [0x00000000f7d00000,0x00000000f7d00000,0x00000000f8900000)
 ParOldGen       total 53248K, used 25646K [0x00000000c3a00000, 0x00000000c6e00000, 0x00000000ebe00000)
  object space 53248K, 48% used [0x00000000c3a00000,0x00000000c530bab0,0x00000000c6e00000)
 Metaspace       used 45252K, capacity 45612K, committed 46080K, reserved 1089536K
  class space    used 5917K, capacity 6029K, committed 6144K, reserved 1048576K

Card table byte_map: [0x00007fd4f8006000,0x00007fd4f81ea000] byte_map_base: 0x00007fd4f79e9000

Marking Bits: (ParMarkBitMap*) 0x00007fd50da28c80
 Begin Bits: [0x00007fd4f5d91000, 0x00007fd4f6ca9000)
 End Bits:   [0x00007fd4f6ca9000, 0x00007fd4f7bc1000)

Polling page: 0x00007fd50e672000

CodeCache: size=245760Kb used=13759Kb max_used=13809Kb free=232000Kb
 bounds [0x00007fd4f85aa000, 0x00007fd4f933a000, 0x00007fd5075aa000]
 total_blobs=4004 nmethods=3528 adapters=389
 compilation: enabled

Compilation events (10 events):
Event: 37.918 Thread 0x00007fd5080c4000 4162       1       org.testng.shaded.com.google.gson.reflect.TypeToken::hashCode (5 bytes)
Event: 37.919 Thread 0x00007fd5080c4000 nmethod 4162 0x00007fd4f92fb410 code [0x00007fd4f92fb560, 0x00007fd4f92fb670]
Event: 37.920 Thread 0x00007fd5080c4000 4163       3       java.io.BufferedWriter::ensureOpen (18 bytes)
Event: 37.920 Thread 0x00007fd5080c4000 nmethod 4163 0x00007fd4f92fb6d0 code [0x00007fd4f92fb840, 0x00007fd4f92fba88]
Event: 37.949 Thread 0x00007fd5080c4000 4164 % !   3       java.util.concurrent.ConcurrentHashMap::transfer @ 99 (832 bytes)
Event: 37.954 Thread 0x00007fd5080c4000 nmethod 4164% 0x00007fd4f92fbb50 code [0x00007fd4f92fbec0, 0x00007fd4f92fe608]
Event: 37.954 Thread 0x00007fd5080c4000 4165   !   3       java.util.concurrent.ConcurrentHashMap::transfer (832 bytes)
Event: 37.959 Thread 0x00007fd5080c4000 nmethod 4165 0x00007fd4f9300150 code [0x00007fd4f93004a0, 0x00007fd4f9302a48]
Event: 37.994 Thread 0x00007fd5080c4000 4166       3       org.hibernate.service.internal.ConcurrentServiceBinding::hashKey (5 bytes)
Event: 37.994 Thread 0x00007fd5080c4000 nmethod 4166 0x00007fd4f9304490 code [0x00007fd4f9304600, 0x00007fd4f9304788]

GC Heap History (10 events):
Event: 22.674 GC heap before
{Heap before GC invocations=12 (full 1):
 PSYoungGen      total 98816K, used 98615K [0x00000000ebe00000, 0x00000000f2c80000, 0x0000000100000000)
  eden space 93184K, 100% used [0x00000000ebe00000,0x00000000f1900000,0x00000000f1900000)
  from space 5632K, 96% used [0x00000000f2700000,0x00000000f2c4df18,0x00000000f2c80000)
  to   space 9216K, 0% used [0x00000000f1a80000,0x00000000f1a80000,0x00000000f2380000)
 ParOldGen       total 31744K, used 10460K [0x00000000c3a00000, 0x00000000c5900000, 0x00000000ebe00000)
  object space 31744K, 32% used [0x00000000c3a00000,0x00000000c4437360,0x00000000c5900000)
 Metaspace       used 26704K, capacity 27050K, committed 27264K, reserved 1073152K
  class space    used 3314K, capacity 3410K, committed 3456K, reserved 1048576K
Event: 22.684 GC heap after
Heap after GC invocations=12 (full 1):
 PSYoungGen      total 103936K, used 6868K [0x00000000ebe00000, 0x00000000f5800000, 0x0000000100000000)
  eden space 94720K, 0% used [0x00000000ebe00000,0x00000000ebe00000,0x00000000f1a80000)
  from space 9216K, 74% used [0x00000000f1a80000,0x00000000f2135390,0x00000000f2380000)
  to   space 9216K, 0% used [0x00000000f4f00000,0x00000000f4f00000,0x00000000f5800000)
 ParOldGen       total 31744K, used 11336K [0x00000000c3a00000, 0x00000000c5900000, 0x00000000ebe00000)
  object space 31744K, 35% used [0x00000000c3a00000,0x00000000c4512020,0x00000000c5900000)
 Metaspace       used 26704K, capacity 27050K, committed 27264K, reserved 1073152K
  class space    used 3314K, capacity 3410K, committed 3456K, reserved 1048576K
}
Event: 25.680 GC heap before
{Heap before GC invocations=13 (full 1):
 PSYoungGen      total 103936K, used 101588K [0x00000000ebe00000, 0x00000000f5800000, 0x0000000100000000)
  eden space 94720K, 100% used [0x00000000ebe00000,0x00000000f1a80000,0x00000000f1a80000)
  from space 9216K, 74% used [0x00000000f1a80000,0x00000000f2135390,0x00000000f2380000)
  to   space 9216K, 0% used [0x00000000f4f00000,0x00000000f4f00000,0x00000000f5800000)
 ParOldGen       total 31744K, used 11336K [0x00000000c3a00000, 0x00000000c5900000, 0x00000000ebe00000)
  object space 31744K, 35% used [0x00000000c3a00000,0x00000000c4512020,0x00000000c5900000)
 Metaspace       used 30399K, capacity 30710K, committed 31104K, reserved 1077248K
  class space    used 3767K, capacity 3860K, committed 3968K, reserved 1048576K
Event: 25.692 GC heap after
Heap after GC invocations=13 (full 1):
 PSYoungGen      total 147968K, used 6482K [0x00000000ebe00000, 0x00000000f5880000, 0x0000000100000000)
  eden space 138752K, 0% used [0x00000000ebe00000,0x00000000ebe00000,0x00000000f4580000)
  from space 9216K, 70% used [0x00000000f4f00000,0x00000000f55548e8,0x00000000f5800000)
  to   space 9728K, 0% used [0x00000000f4580000,0x00000000f4580000,0x00000000f4f00000)
 ParOldGen       total 31744K, used 13940K [0x00000000c3a00000, 0x00000000c5900000, 0x00000000ebe00000)
  object space 31744K, 43% used [0x00000000c3a00000,0x00000000c479d050,0x00000000c5900000)
 Metaspace       used 30399K, capacity 30710K, committed 31104K, reserved 1077248K
  class space    used 3767K, capacity 3860K, committed 3968K, reserved 1048576K
}
Event: 30.572 GC heap before
{Heap before GC invocations=14 (full 1):
 PSYoungGen      total 147968K, used 94089K [0x00000000ebe00000, 0x00000000f5880000, 0x0000000100000000)
  eden space 138752K, 63% used [0x00000000ebe00000,0x00000000f138dbf0,0x00000000f4580000)
  from space 9216K, 70% used [0x00000000f4f00000,0x00000000f55548e8,0x00000000f5800000)
  to   space 9728K, 0% used [0x00000000f4580000,0x00000000f4580000,0x00000000f4f00000)
 ParOldGen       total 31744K, used 13940K [0x00000000c3a00000, 0x00000000c5900000, 0x00000000ebe00000)
  object space 31744K, 43% used [0x00000000c3a00000,0x00000000c479d050,0x00000000c5900000)
 Metaspace       used 35054K, capacity 35350K, committed 35496K, reserved 1081344K
  class space    used 4496K, capacity 4580K, committed 4608K, reserved 1048576K
Event: 30.595 GC heap after
Heap after GC invocations=14 (full 1):
 PSYoungGen      total 148480K, used 6772K [0x00000000ebe00000, 0x00000000f9500000, 0x0000000100000000)
  eden space 138752K, 0% used [0x00000000ebe00000,0x00000000ebe00000,0x00000000f4580000)
  from space 9728K, 69% used [0x00000000f4580000,0x00000000f4c1d3d0,0x00000000f4f00000)
  to   space 9728K, 0% used [0x00000000f8b80000,0x00000000f8b80000,0x00000000f9500000)
 ParOldGen       total 31744K, used 16754K [0x00000000c3a00000, 0x00000000c5900000, 0x00000000ebe00000)
  object space 31744K, 52% used [0x00000000c3a00000,0x00000000c4a5cb80,0x00000000c5900000)
 Metaspace       used 35054K, capacity 35350K, committed 35496K, reserved 1081344K
  class space    used 4496K, capacity 4580K, committed 4608K, reserved 1048576K
}
Event: 30.595 GC heap before
{Heap before GC invocations=15 (full 2):
 PSYoungGen      total 148480K, used 6772K [0x00000000ebe00000, 0x00000000f9500000, 0x0000000100000000)
  eden space 138752K, 0% used [0x00000000ebe00000,0x00000000ebe00000,0x00000000f4580000)
  from space 9728K, 69% used [0x00000000f4580000,0x00000000f4c1d3d0,0x00000000f4f00000)
  to   space 9728K, 0% used [0x00000000f8b80000,0x00000000f8b80000,0x00000000f9500000)
 ParOldGen       total 31744K, used 16754K [0x00000000c3a00000, 0x00000000c5900000, 0x00000000ebe00000)
  object space 31744K, 52% used [0x00000000c3a00000,0x00000000c4a5cb80,0x00000000c5900000)
 Metaspace       used 35054K, capacity 35350K, committed 35496K, reserved 1081344K
  class space    used 4496K, capacity 4580K, committed 4608K, reserved 1048576K
Event: 30.886 GC heap after
Heap after GC invocations=15 (full 2):
 PSYoungGen      total 148480K, used 0K [0x00000000ebe00000, 0x00000000f9500000, 0x0000000100000000)
  eden space 138752K, 0% used [0x00000000ebe00000,0x00000000ebe00000,0x00000000f4580000)
  from space 9728K, 0% used [0x00000000f4580000,0x00000000f4580000,0x00000000f4f00000)
  to   space 9728K, 0% used [0x00000000f8b80000,0x00000000f8b80000,0x00000000f9500000)
 ParOldGen       total 53248K, used 22033K [0x00000000c3a00000, 0x00000000c6e00000, 0x00000000ebe00000)
  object space 53248K, 41% used [0x00000000c3a00000,0x00000000c4f84738,0x00000000c6e00000)
 Metaspace       used 35054K, capacity 35350K, committed 35496K, reserved 1081344K
  class space    used 4496K, capacity 4580K, committed 4608K, reserved 1048576K
}
Event: 36.633 GC heap before
{Heap before GC invocations=16 (full 2):
 PSYoungGen      total 148480K, used 138752K [0x00000000ebe00000, 0x00000000f9500000, 0x0000000100000000)
  eden space 138752K, 100% used [0x00000000ebe00000,0x00000000f4580000,0x00000000f4580000)
  from space 9728K, 0% used [0x00000000f4580000,0x00000000f4580000,0x00000000f4f00000)
  to   space 9728K, 0% used [0x00000000f8b80000,0x00000000f8b80000,0x00000000f9500000)
 ParOldGen       total 53248K, used 22033K [0x00000000c3a00000, 0x00000000c6e00000, 0x00000000ebe00000)
  object space 53248K, 41% used [0x00000000c3a00000,0x00000000c4f84738,0x00000000c6e00000)
 Metaspace       used 44135K, capacity 44474K, committed 44800K, reserved 1087488K
  class space    used 5772K, capacity 5866K, committed 5888K, reserved 1048576K
Event: 36.663 GC heap after
Heap after GC invocations=16 (full 2):
 PSYoungGen      total 187904K, used 9723K [0x00000000ebe00000, 0x00000000f9500000, 0x0000000100000000)
  eden space 178176K, 0% used [0x00000000ebe00000,0x00000000ebe00000,0x00000000f6c00000)
  from space 9728K, 99% used [0x00000000f8b80000,0x00000000f94feef0,0x00000000f9500000)
  to   space 12288K, 0% used [0x00000000f7d00000,0x00000000f7d00000,0x00000000f8900000)
 ParOldGen       total 53248K, used 25646K [0x00000000c3a00000, 0x00000000c6e00000, 0x00000000ebe00000)
  object space 53248K, 48% used [0x00000000c3a00000,0x00000000c530bab0,0x00000000c6e00000)
 Metaspace       used 44135K, capacity 44474K, committed 44800K, reserved 1087488K
  class space    used 5772K, capacity 5866K, committed 5888K, reserved 1048576K
}

Deoptimization events (10 events):
Event: 34.793 Thread 0x00007fd508010000 Uncommon trap: reason=class_check action=maybe_recompile pc=0x00007fd4f8dcd330 method=java.util.regex.Pattern$Curly.match(Ljava/util/regex/Matcher;ILjava/lang/CharSequence;)Z @ 19
Event: 34.831 Thread 0x00007fd508010000 Uncommon trap: reason=unstable_if action=reinterpret pc=0x00007fd4f8c6d4c8 method=java.util.concurrent.ConcurrentHashMap.transfer([Ljava/util/concurrent/ConcurrentHashMap$Node;[Ljava/util/concurrent/ConcurrentHashMap$Node;)V @ 356
Event: 34.832 Thread 0x00007fd508010000 Uncommon trap: reason=unstable_if action=reinterpret pc=0x00007fd4f8c5dad4 method=java.util.concurrent.ConcurrentHashMap.transfer([Ljava/util/concurrent/ConcurrentHashMap$Node;[Ljava/util/concurrent/ConcurrentHashMap$Node;)V @ 356
Event: 35.551 Thread 0x00007fd508010000 Uncommon trap: reason=unstable_if action=reinterpret pc=0x00007fd4f91ec6d4 method=java.util.WeakHashMap.eq(Ljava/lang/Object;Ljava/lang/Object;)Z @ 10
Event: 35.552 Thread 0x00007fd508010000 Uncommon trap: reason=unstable_if action=reinterpret pc=0x00007fd4f89ea42c method=java.util.WeakHashMap.put(Ljava/lang/Object;Ljava/lang/Object;)Ljava/lang/Object; @ 47
Event: 36.835 Thread 0x00007fd508010000 Uncommon trap: reason=null_check action=make_not_entrant pc=0x00007fd4f92adbc0 method=org.springframework.core.annotation.AnnotatedElementUtils.searchWithGetSemanticsInAnnotations(Ljava/lang/reflect/AnnotatedElement;Ljava/util/List;Ljava/lang/Class;Ljava/
Event: 37.165 Thread 0x00007fd508010000 Uncommon trap: reason=unstable_if action=reinterpret pc=0x00007fd4f884a574 method=org.springframework.util.ConcurrentReferenceHashMap$Segment.clear()V @ 4
Event: 37.215 Thread 0x00007fd508010000 Uncommon trap: reason=class_check action=maybe_recompile pc=0x00007fd4f8dd2764 method=java.util.regex.Pattern$Curly.match0(Ljava/util/regex/Matcher;IILjava/lang/CharSequence;)Z @ 170
Event: 37.861 Thread 0x00007fd508010000 Uncommon trap: reason=bimorphic action=maybe_recompile pc=0x00007fd4f8beb900 method=java.util.Hashtable.get(Ljava/lang/Object;)Ljava/lang/Object; @ 6
Event: 37.862 Thread 0x00007fd508010000 Uncommon trap: reason=bimorphic action=maybe_recompile pc=0x00007fd4f8beb900 method=java.util.Hashtable.get(Ljava/lang/Object;)Ljava/lang/Object; @ 6

Internal exceptions (10 events):
Event: 37.035 Thread 0x00007fd508010000 Exception <a 'java/lang/ClassNotFoundException': org/springframework/boot/autoconfigure/web/WebClientAutoConfigurationCustomizer> (0x00000000ed160720) thrown at [/HUDSON3/workspace/8-2-build-linux-amd64/jdk8u121/8372/hotspot/src/share/vm/classfile/systemD
Event: 37.036 Thread 0x00007fd508010000 Exception <a 'java/lang/ClassNotFoundException': org/springframework/boot/autoconfigure/web/WebClientAutoConfiguration$$EnhancerBySpringCGLIB$$52d5929eCustomizer> (0x00000000ed184738) thrown at [/HUDSON3/workspace/8-2-build-linux-amd64/jdk8u121/8372/hotsp
Event: 37.037 Thread 0x00007fd508010000 Exception <a 'java/lang/ClassNotFoundException': org/springframework/context/annotation/ConfigurationClassEnhancer$EnhancedConfigurationCustomizer> (0x00000000ed1a9190) thrown at [/HUDSON3/workspace/8-2-build-linux-amd64/jdk8u121/8372/hotspot/src/share/vm
Event: 37.886 Thread 0x00007fd508010000 Exception <a 'java/lang/ClassNotFoundException': java/lang/ObjectCustomizer> (0x00000000ee0ef788) thrown at [/HUDSON3/workspace/8-2-build-linux-amd64/jdk8u121/8372/hotspot/src/share/vm/classfile/systemDictionary.cpp, line 210]
Event: 37.887 Thread 0x00007fd508010000 Exception <a 'java/lang/ClassNotFoundException': org/springframework/test/context/testng/AbstractTestNGSpringContextTestsCustomizer> (0x00000000ee2cb3c0) thrown at [/HUDSON3/workspace/8-2-build-linux-amd64/jdk8u121/8372/hotspot/src/share/vm/classfile/syst
Event: 37.887 Thread 0x00007fd508010000 Exception <a 'java/lang/ClassNotFoundException': com/example/crudtest/CRUDTestCustomizer> (0x00000000ee2de2f8) thrown at [/HUDSON3/workspace/8-2-build-linux-amd64/jdk8u121/8372/hotspot/src/share/vm/classfile/systemDictionary.cpp, line 210]
Event: 37.888 Thread 0x00007fd508010000 Exception <a 'java/lang/ClassNotFoundException': org/testng/IHookableCustomizer> (0x00000000ee2ef090) thrown at [/HUDSON3/workspace/8-2-build-linux-amd64/jdk8u121/8372/hotspot/src/share/vm/classfile/systemDictionary.cpp, line 210]
Event: 37.889 Thread 0x00007fd508010000 Exception <a 'java/lang/ClassNotFoundException': org/springframework/context/ApplicationContextAwareCustomizer> (0x00000000ee305950) thrown at [/HUDSON3/workspace/8-2-build-linux-amd64/jdk8u121/8372/hotspot/src/share/vm/classfile/systemDictionary.cpp, lin
Event: 37.997 Thread 0x00007fd508010000 Exception <a 'java/lang/ClassNotFoundException': java/lang/ObjectCustomizer> (0x00000000ee494da0) thrown at [/HUDSON3/workspace/8-2-build-linux-amd64/jdk8u121/8372/hotspot/src/share/vm/classfile/systemDictionary.cpp, line 210]
Event: 37.997 Thread 0x00007fd508010000 Exception <a 'java/lang/ClassNotFoundException': com/example/entity/BookCustomizer> (0x00000000ee4a7aa0) thrown at [/HUDSON3/workspace/8-2-build-linux-amd64/jdk8u121/8372/hotspot/src/share/vm/classfile/systemDictionary.cpp, line 210]

Events (10 events):
Event: 38.146 loading class org/hibernate/type/TypeHelper
Event: 38.146 loading class org/hibernate/type/TypeHelper done
Event: 38.161 loading class org/hibernate/property/access/internal/PropertyAccessStrategyBackRefImpl
Event: 38.161 loading class org/hibernate/property/access/internal/PropertyAccessStrategyBackRefImpl done
Event: 38.161 loading class org/hibernate/property/access/internal/PropertyAccessStrategyBackRefImpl$1
Event: 38.161 loading class org/hibernate/property/access/internal/PropertyAccessStrategyBackRefImpl$1 done
Event: 38.206 loading class org/hibernate/id/SequenceHiLoGenerator$1
Event: 38.206 loading class org/hibernate/id/SequenceHiLoGenerator$1 done
Event: 38.206 loading class org/hibernate/id/enhanced/LegacyHiLoAlgorithmOptimizer$GenerationState
Event: 38.206 loading class org/hibernate/id/enhanced/LegacyHiLoAlgorithmOptimizer$GenerationState done


Dynamic libraries:
00400000-00401000 r-xp 00000000 08:03 3554757                            /usr/lib/jvm/java-8-oracle/bin/java
00600000-00601000 rw-p 00000000 08:03 3554757                            /usr/lib/jvm/java-8-oracle/bin/java
010cf000-010f0000 rw-p 00000000 00:00 0                                  [heap]
c3a00000-c6e00000 rw-p 00000000 00:00 0 
c6e00000-ebe00000 ---p 00000000 00:00 0 
ebe00000-f9500000 rw-p 00000000 00:00 0 
f9500000-100000000 ---p 00000000 00:00 0 
100000000-100600000 rw-p 00000000 00:00 0 
100600000-140000000 ---p 00000000 00:00 0 
7fd494000000-7fd494021000 rw-p 00000000 00:00 0 
7fd494021000-7fd498000000 ---p 00000000 00:00 0 
7fd498000000-7fd498021000 rw-p 00000000 00:00 0 
7fd498021000-7fd49c000000 ---p 00000000 00:00 0 
7fd49c000000-7fd49c021000 rw-p 00000000 00:00 0 
7fd49c021000-7fd4a0000000 ---p 00000000 00:00 0 
7fd4a0000000-7fd4a0021000 rw-p 00000000 00:00 0 
7fd4a0021000-7fd4a4000000 ---p 00000000 00:00 0 
7fd4a7bfe000-7fd4a7c01000 ---p 00000000 00:00 0 
7fd4a7c01000-7fd4a7cff000 rw-p 00000000 00:00 0                          [stack:6004]
7fd4a7cff000-7fd4a7d02000 ---p 00000000 00:00 0 
7fd4a7d02000-7fd4a7f00000 rw-p 00000000 00:00 0                          [stack:6003]
7fd4a7f00000-7fd4a8000000 ---p 00000000 00:00 0 
7fd4a8000000-7fd4a8021000 rw-p 00000000 00:00 0 
7fd4a8021000-7fd4ac000000 ---p 00000000 00:00 0 
7fd4ac000000-7fd4ac021000 rw-p 00000000 00:00 0 
7fd4ac021000-7fd4b0000000 ---p 00000000 00:00 0 
7fd4b0000000-7fd4b02b0000 rw-p 00000000 00:00 0 
7fd4b02b0000-7fd4b4000000 ---p 00000000 00:00 0 
7fd4b4000000-7fd4b40cd000 rw-p 00000000 00:00 0 
7fd4b40cd000-7fd4b8000000 ---p 00000000 00:00 0 
7fd4b8000000-7fd4b8021000 rw-p 00000000 00:00 0 
7fd4b8021000-7fd4bc000000 ---p 00000000 00:00 0 
7fd4bc000000-7fd4bc021000 rw-p 00000000 00:00 0 
7fd4bc021000-7fd4c0000000 ---p 00000000 00:00 0 
7fd4c0000000-7fd4c0b5d000 rw-p 00000000 00:00 0 
7fd4c0b5d000-7fd4c4000000 ---p 00000000 00:00 0 
7fd4c4000000-7fd4c4021000 rw-p 00000000 00:00 0 
7fd4c4021000-7fd4c8000000 ---p 00000000 00:00 0 
7fd4c8000000-7fd4c9b06000 rw-p 00000000 00:00 0 
7fd4c9b06000-7fd4cc000000 ---p 00000000 00:00 0 
7fd4cc000000-7fd4ce5d1000 rw-p 00000000 00:00 0 
7fd4ce5d1000-7fd4d0000000 ---p 00000000 00:00 0 
7fd4d0000000-7fd4d0021000 rw-p 00000000 00:00 0 
7fd4d0021000-7fd4d4000000 ---p 00000000 00:00 0 
7fd4d4000000-7fd4d4021000 rw-p 00000000 00:00 0 
7fd4d4021000-7fd4d8000000 ---p 00000000 00:00 0 
7fd4d8000000-7fd4d803a000 rw-p 00000000 00:00 0 
7fd4d803a000-7fd4dc000000 ---p 00000000 00:00 0 
7fd4dc000000-7fd4dc021000 rw-p 00000000 00:00 0 
7fd4dc021000-7fd4e0000000 ---p 00000000 00:00 0 
7fd4e0000000-7fd4e0021000 rw-p 00000000 00:00 0 
7fd4e0021000-7fd4e4000000 ---p 00000000 00:00 0 
7fd4e4000000-7fd4e4021000 rw-p 00000000 00:00 0 
7fd4e4021000-7fd4e8000000 ---p 00000000 00:00 0 
7fd4e8000000-7fd4e802d000 rw-p 00000000 00:00 0 
7fd4e802d000-7fd4ec000000 ---p 00000000 00:00 0 
7fd4ec0b9000-7fd4ec0ba000 rw-p 00000000 00:00 0 
7fd4ec0ba000-7fd4ec0bd000 ---p 00000000 00:00 0 
7fd4ec0bd000-7fd4ec3bb000 rw-p 00000000 00:00 0                          [stack:6002]
7fd4ec3bb000-7fd4ec5bb000 rw-p 00000000 00:00 0 
7fd4ec5bb000-7fd4ec7bb000 rw-p 00000000 00:00 0 
7fd4ec7bb000-7fd4ec83f000 r-xp 00000000 08:03 5923863                    /tmp/sqlite-3.7.2-libsqlitejdbc.so
7fd4ec83f000-7fd4eca3f000 ---p 00084000 08:03 5923863                    /tmp/sqlite-3.7.2-libsqlitejdbc.so
7fd4eca3f000-7fd4eca40000 r--p 00084000 08:03 5923863                    /tmp/sqlite-3.7.2-libsqlitejdbc.so
7fd4eca40000-7fd4eca43000 rw-p 00085000 08:03 5923863                    /tmp/sqlite-3.7.2-libsqlitejdbc.so
7fd4eca43000-7fd4eca46000 ---p 00000000 00:00 0 
7fd4eca46000-7fd4ecd44000 rw-p 00000000 00:00 0                          [stack:5996]
7fd4ecd44000-7fd4ecf44000 rw-p 00000000 00:00 0 
7fd4ecf44000-7fd4ecf47000 ---p 00000000 00:00 0 
7fd4ecf47000-7fd4ed045000 rw-p 00000000 00:00 0                          [stack:5994]
7fd4ed045000-7fd4ed048000 ---p 00000000 00:00 0 
7fd4ed048000-7fd4ed346000 rw-p 00000000 00:00 0                          [stack:5993]
7fd4ed346000-7fd4ed349000 ---p 00000000 00:00 0 
7fd4ed349000-7fd4ed447000 rw-p 00000000 00:00 0                          [stack:6000]
7fd4ed447000-7fd4ed45a000 r--s 00345000 08:03 3569668                    /usr/lib/jvm/java-8-oracle/jre/lib/resources.jar
7fd4ed45a000-7fd4ed65a000 rw-p 00000000 00:00 0 
7fd4ed65a000-7fd4ed85a000 rw-p 00000000 00:00 0 
7fd4ed85a000-7fd4eda5a000 rw-p 00000000 00:00 0 
7fd4eda5a000-7fd4edaef000 r--s 01109000 08:03 3569596                    /usr/lib/jvm/java-8-oracle/jre/lib/ext/jfxrt.jar
7fd4edaef000-7fd4edb00000 r-xp 00000000 08:03 4870868                    /usr/lib/jvm/java-8-oracle/jre/lib/amd64/libnio.so
7fd4edb00000-7fd4edcff000 ---p 00011000 08:03 4870868                    /usr/lib/jvm/java-8-oracle/jre/lib/amd64/libnio.so
7fd4edcff000-7fd4edd00000 rw-p 00010000 08:03 4870868                    /usr/lib/jvm/java-8-oracle/jre/lib/amd64/libnio.so
7fd4edd00000-7fd4edf00000 rw-p 00000000 00:00 0 
7fd4edf00000-7fd4ee100000 rw-p 00000000 00:00 0 
7fd4ee100000-7fd4ee105000 r--s 002f9000 08:03 3569547                    /usr/lib/jvm/java-8-oracle/jre/lib/charsets.jar
7fd4ee105000-7fd4ee305000 rw-p 00000000 00:00 0 
7fd4ee305000-7fd4ee308000 ---p 00000000 00:00 0 
7fd4ee308000-7fd4ee406000 rw-p 00000000 00:00 0                          [stack:6001]
7fd4ee406000-7fd4ee40f000 r-xp 00000000 08:03 4870832                    /usr/lib/jvm/java-8-oracle/jre/lib/amd64/libmanagement.so
7fd4ee40f000-7fd4ee60e000 ---p 00009000 08:03 4870832                    /usr/lib/jvm/java-8-oracle/jre/lib/amd64/libmanagement.so
7fd4ee60e000-7fd4ee60f000 rw-p 00008000 08:03 4870832                    /usr/lib/jvm/java-8-oracle/jre/lib/amd64/libmanagement.so
7fd4ee60f000-7fd4ee80f000 rw-p 00000000 00:00 0 
7fd4ee80f000-7fd4eea0f000 rw-p 00000000 00:00 0 
7fd4eea0f000-7fd4eec0f000 rw-p 00000000 00:00 0 
7fd4eec0f000-7fd4eec13000 r--s 0009a000 08:03 3569602                    /usr/lib/jvm/java-8-oracle/jre/lib/jsse.jar
7fd4eec13000-7fd4eec16000 ---p 00000000 00:00 0 
7fd4eec16000-7fd4eed14000 rw-p 00000000 00:00 0                          [stack:5785]
7fd4eed14000-7fd4eed2a000 r-xp 00000000 08:03 4870893                    /usr/lib/jvm/java-8-oracle/jre/lib/amd64/libnet.so
7fd4eed2a000-7fd4eef2a000 ---p 00016000 08:03 4870893                    /usr/lib/jvm/java-8-oracle/jre/lib/amd64/libnet.so
7fd4eef2a000-7fd4eef2b000 rw-p 00016000 08:03 4870893                    /usr/lib/jvm/java-8-oracle/jre/lib/amd64/libnet.so
7fd4eef2b000-7fd4eef2c000 r--s 0000c000 08:03 5916924                    /home/sharmila/.gradle/caches/modules-2/files-2.1/org.ow2.asm/asm/5.0.3/dcc2193db20e19e1feca8b1240dbbc4e190824fa/asm-5.0.3.jar
7fd4eef2c000-7fd4eef36000 r--s 00069000 08:03 5923589                    /home/sharmila/.gradle/caches/modules-2/files-2.1/ch.qos.logback/logback-core/1.1.8/b4d1c3dea91727faf8b3d19cf4b9b972d6c0b89/logback-core-1.1.8.jar
7fd4eef36000-7fd4eef38000 r--s 00012000 08:03 5916922                    /home/sharmila/.gradle/caches/modules-2/files-2.1/net.minidev/accessors-smart/1.1/a527213f2fea112a04c9bdf0ec0264e34104cd08/accessors-smart-1.1.jar
7fd4eef38000-7fd4eef3a000 r--s 00009000 08:03 5923902                    /home/sharmila/.gradle/caches/modules-2/files-2.1/org.apache.tomcat/tomcat-juli/8.5.6/83d2d1e3362ecca504f3bf8ed1bc4cc451754d24/tomcat-juli-8.5.6.jar
7fd4eef3a000-7fd4eef43000 r--s 0002d000 08:03 5923903                    /home/sharmila/.gradle/caches/modules-2/files-2.1/xml-apis/xml-apis/1.4.01/3789d9fada2d3d458c4ba2de349d48780f381ee3/xml-apis-1.4.01.jar
7fd4eef43000-7fd4eef45000 r--s 00004000 08:03 5923588                    /home/sharmila/.gradle/caches/modules-2/files-2.1/org.slf4j/log4j-over-slf4j/1.7.22/a527c37e9ca6c3d19ba298edd4aa344ca751a203/log4j-over-slf4j-1.7.22.jar
7fd4eef45000-7fd4eef47000 r--s 00000000 08:03 5923587                    /home/sharmila/.gradle/caches/modules-2/files-2.1/org.slf4j/jul-to-slf4j/1.7.22/b0429e950b3d2bc2c39c1bacafac753edbe3781c/jul-to-slf4j-1.7.22.jar
7fd4eef47000-7fd4eef4d000 r--s 00045000 08:03 5923585                    /home/sharmila/.gradle/caches/modules-2/files-2.1/ch.qos.logback/logback-classic/1.1.8/e54f49a227611976642f81cf2106b81c1ece8bf5/logback-classic-1.1.8.jar
7fd4eef4d000-7fd4eef4e000 r--s 0000f000 08:03 5916909                    /home/sharmila/.gradle/caches/modules-2/files-2.1/org.json/json/20140107/d1ffca6e2482b002702c6a576166fd685e3370e3/json-20140107.jar
7fd4eef4e000-7fd4eef50000 r--s 00009000 08:03 5916921                    /home/sharmila/.gradle/caches/modules-2/files-2.1/org.objenesis/objenesis/2.1/87c0ea803b69252868d09308b4618f766f135a96/objenesis-2.1.jar
7fd4eef50000-7fd4eef53000 r--s 0001b000 08:03 5916920                    /home/sharmila/.gradle/caches/modules-2/files-2.1/net.minidev/json-smart/2.2.1/5b9e5df7a62d1279b70dc882b041d249c4f0b002/json-smart-2.2.1.jar
7fd4eef53000-7fd4eef55000 r--s 00003000 08:03 5923586                    /home/sharmila/.gradle/caches/modules-2/files-2.1/org.slf4j/jcl-over-slf4j/1.7.22/86ceac14535af5a42c8fb0d06d79b925dd3cb263/jcl-over-slf4j-1.7.22.jar
7fd4eef55000-7fd4eef57000 r--s 00009000 08:03 5923584                    /home/sharmila/.gradle/caches/modules-2/files-2.1/org.slf4j/slf4j-api/1.7.22/a1c83373863cec7ae8d89dc1c5722d8cb6ec0309/slf4j-api-1.7.22.jar
7fd4eef57000-7fd4eef5f000 r--s 0003a000 08:03 5923901                    /home/sharmila/.gradle/caches/modules-2/files-2.1/org.springframework/spring-tx/4.3.5.RELEASE/296d8ae21fadc0f115dae7d1e8d5c4f8c7de2c3e/spring-tx-4.3.5.RELEASE.jar
7fd4eef5f000-7fd4eef69000 r--s 0006b000 08:03 5923900                    /home/sharmila/.gradle/caches/modules-2/files-2.1/org.springframework/spring-orm/4.3.5.RELEASE/64c29d310b69bcc6e1fd5a738fa3629bdedb2d3f/spring-orm-4.3.5.RELEASE.jar
7fd4eef69000-7fd4eef79000 r--s 0009a000 08:03 5923899                    /home/sharmila/.gradle/caches/modules-2/files-2.1/org.springframework.data/spring-data-commons/1.12.6.RELEASE/b6403dcfce33e89613f364d80d653d7540279c47/spring-data-commons-1.12.6.RELEASE.jar
7fd4eef79000-7fd4eef83000 r--s 0005f000 08:03 5923898                    /home/sharmila/.gradle/caches/modules-2/files-2.1/org.springframework/spring-jdbc/4.3.5.RELEASE/7c09e38b6f6e0b178973dea06bb8fdc6d19aa596/spring-jdbc-4.3.5.RELEASE.jar
7fd4eef83000-7fd4eef86000 r--s 00020000 08:03 5923897                    /home/sharmila/.gradle/caches/modules-2/files-2.1/org.apache.tomcat/tomcat-jdbc/8.5.6/feb10a9e22f70565c7556f327b0481dba8587bbc/tomcat-jdbc-8.5.6.jar
7fd4eef86000-7fd4eef9f000 r--s 001af000 08:03 5923896                    /home/sharmila/.gradle/caches/modules-2/files-2.1/org.aspectj/aspectjweaver/1.8.9/db28774f477f07220eac18d5ec9c4e01f48589d7/aspectjweaver-1.8.9.jar
7fd4eef9f000-7fd4eefa2000 r--s 00010000 08:03 5923833                    /home/sharmila/.gradle/caches/modules-2/files-2.1/org.hibernate.common/hibernate-commons-annotations/5.0.1.Final/71e1cff3fcb20d3b3af4f3363c3ddb24d33c6879/hibernate-commons-annotations-5.0.1.Final.jar
7fd4eefa2000-7fd4eefa7000 r--s 00048000 08:03 5923832                    /home/sharmila/.gradle/caches/modules-2/files-2.1/dom4j/dom4j/1.6.1/5d3ccc056b6f056dbf0dddfdf43894b9065a8f94/dom4j-1.6.1.jar
7fd4eefa7000-7fd4eefaa000 r--s 0002b000 08:03 5923433                    /home/sharmila/.gradle/caches/modules-2/files-2.1/org.jboss/jandex/2.0.0.Final/3e899258936f94649c777193e1be846387ed54b3/jandex-2.0.0.Final.jar
7fd4eefaa000-7fd4eefab000 r--s 00003000 08:03 5923830                    /home/sharmila/.gradle/caches/modules-2/files-2.1/org.apache.geronimo.specs/geronimo-jta_1.1_spec/1.1.1/aabab3165b8ea936b9360abbf448459c0d04a5a4/geronimo-jta_1.1_spec-1.1.1.jar
7fd4eefab000-7fd4eefb0000 r--s 00068000 08:03 5923829                    /home/sharmila/.gradle/caches/modules-2/files-2.1/antlr/antlr/2.7.7/83cd2cd674a217ade95a4bb83a8a14f351f48bd0/antlr-2.7.7.jar
7fd4eefb0000-7fd4eefb5000 r--s 0003c000 08:03 5923583                    /home/sharmila/.gradle/caches/modules-2/files-2.1/org.springframework/spring-expression/4.3.5.RELEASE/3689dc6c5b942ecde4122eac889ed87977d6f287/spring-expression-4.3.5.RELEASE.jar
7fd4eefb5000-7fd4eefcf000 r--s 000fc000 08:03 5923582                    /home/sharmila/.gradle/caches/modules-2/files-2.1/org.springframework/spring-context/4.3.5.RELEASE/ca3391c0e17d0138335ba51b51371661d20d56a8/spring-context-4.3.5.RELEASE.jar
7fd4eefcf000-7fd4eefdc000 r--s 000ad000 08:03 5923581                    /home/sharmila/.gradle/caches/modules-2/files-2.1/org.springframework/spring-beans/4.3.5.RELEASE/e12bbc3277da28e2e2608a187f83091dc6c300bf/spring-beans-4.3.5.RELEASE.jar
7fd4eefdc000-7fd4eefe5000 r--s 00054000 08:03 5923580                    /home/sharmila/.gradle/caches/modules-2/files-2.1/org.springframework/spring-aop/4.3.5.RELEASE/4f113218af716bd8d174c411f19b26418b5a70f6/spring-aop-4.3.5.RELEASE.jar
7fd4eefe5000-7fd4eefe9000 r--s 00041000 08:03 5923579                    /home/sharmila/.gradle/caches/modules-2/files-2.1/com.fasterxml.jackson.core/jackson-core/2.8.5/60d059f5d2930ccd1ef03535b713fd9f933d1ba7/jackson-core-2.8.5.jar
7fd4eefe9000-7fd4eefec000 r--s 0000b000 08:03 5923578                    /home/sharmila/.gradle/caches/modules-2/files-2.1/com.fasterxml.jackson.core/jackson-annotations/2.8.5/9d82ff47bc2c2d3b5b6a6618fe636782bbcd5b07/jackson-annotations-2.8.5.jar
7fd4eefec000-7fd4eefee000 r--s 0000e000 08:03 5917543                    /home/sharmila/.gradle/caches/modules-2/files-2.1/com.fasterxml/classmate/1.3.3/864c8e370a691e343210cc7c532fc198cee460d8/classmate-1.3.3.jar
7fd4eefee000-7fd4eeff2000 r--s 0000c000 08:03 5916766                    /home/sharmila/.gradle/caches/modules-2/files-2.1/javax.validation/validation-api/1.1.0.Final/8613ae82954779d518631e05daa73a6a954817d5/validation-api-1.1.0.Final.jar
7fd4eeff2000-7fd4eeff7000 r--s 00036000 08:03 5917542                    /home/sharmila/.gradle/caches/modules-2/files-2.1/org.apache.tomcat.embed/tomcat-embed-websocket/8.5.6/6f6940a216b380ea8506530c374fcfeef820ba54/tomcat-embed-websocket-8.5.6.jar
7fd4eeff7000-7fd4eeff8000 r--s 00000000 08:03 5923577                    /home/sharmila/.gradle/caches/modules-2/files-2.1/org.springframework.boot/spring-boot-starter-logging/1.4.3.RELEASE/1c58783c0694abf695babfd39829922d2d501ec2/spring-boot-starter-logging-1.4.3.RELEASE.jar
7fd4eeff8000-7fd4ef016000 r--s 000d0000 08:03 5923576                    /home/sharmila/.gradle/caches/modules-2/files-2.1/org.springframework.boot/spring-boot-autoconfigure/1.4.3.RELEASE/41df1bfbdd4ae4e8499ebe1a4bc613bda316d6e1/spring-boot-autoconfigure-1.4.3.RELEASE.jar
7fd4ef016000-7fd4ef026000 r--s 00092000 08:03 5923575                    /home/sharmila/.gradle/caches/modules-2/files-2.1/org.springframework.boot/spring-boot/1.4.3.RELEASE/17f94def4460075afdfba6bf8f897cd1fc95bf77/spring-boot-1.4.3.RELEASE.jar
7fd4ef026000-7fd4ef035000 r--s 00084000 08:03 5923574                    /home/sharmila/.gradle/caches/modules-2/files-2.1/org.springframework/spring-test/4.3.5.RELEASE/a1965127e07b469d8e5bb3d2b0ff850423b66be4/spring-test-4.3.5.RELEASE.jar
7fd4ef035000-7fd4ef04b000 r--s 000fa000 08:03 5923530                    /home/sharmila/.gradle/caches/modules-2/files-2.1/org.springframework/spring-core/4.3.5.RELEASE/80299e3f80e8c6d5c076db2ba6adf44a4b52f578/spring-core-4.3.5.RELEASE.jar
7fd4ef04b000-7fd4ef04c000 r--s 00006000 08:03 5916915                    /home/sharmila/.gradle/caches/modules-2/files-2.1/org.skyscreamer/jsonassert/1.3.0/d5c250eb122496866de36dc84f98e2945845ecdd/jsonassert-1.3.0.jar
7fd4ef04c000-7fd4ef04e000 r--s 00009000 08:03 5913472                    /home/sharmila/.gradle/caches/modules-2/files-2.1/org.hamcrest/hamcrest-core/1.3/42a25dc3219429f0e5d060061f71acb49bf010a0/hamcrest-core-1.3.jar
7fd4ef04e000-7fd4ef06a000 r--s 00103000 08:03 5916914                    /home/sharmila/.gradle/caches/modules-2/files-2.1/org.mockito/mockito-core/1.10.19/e8546f5bef4e061d8dd73895b4e8f40e3fe6effe/mockito-core-1.10.19.jar
7fd4ef06a000-7fd4ef07d000 r--s 000d2000 08:03 5916913                    /home/sharmila/.gradle/caches/modules-2/files-2.1/org.assertj/assertj-core/2.5.0/fcd21db4c5f33e5dcac69bf1816415fe0647582f/assertj-core-2.5.0.jar
7fd4ef07d000-7fd4ef082000 r--s 0002e000 08:03 5916911                    /home/sharmila/.gradle/caches/modules-2/files-2.1/com.jayway.jsonpath/json-path/2.2.0/22290d17944bd239fabf5ac69005a60a7ecbbbcb/json-path-2.2.0.jar
7fd4ef082000-7fd4ef087000 r--s 00017000 08:03 5923573                    /home/sharmila/.gradle/caches/modules-2/files-2.1/org.springframework.boot/spring-boot-test-autoconfigure/1.4.3.RELEASE/1a7587605e981a58104a501ab1896e2eb7a76686/spring-boot-test-autoconfigure-1.4.3.RELEASE.jar
7fd4ef087000-7fd4ef08c000 r--s 00021000 08:03 5923572                    /home/sharmila/.gradle/caches/modules-2/files-2.1/org.springframework.boot/spring-boot-test/1.4.3.RELEASE/2d76638f0f13b33859bf3b927c232ff0f8a4ffbf/spring-boot-test-1.4.3.RELEASE.jar
7fd4ef08c000-7fd4ef092000 r--s 0003d000 08:03 5916762                    /home/sharmila/.gradle/caches/modules-2/files-2.1/org.yaml/snakeyaml/1.17/7a27ea250c5130b2922b86dea63cbb1cc10a660c/snakeyaml-1.17.jar
7fd4ef092000-7fd4ef094000 r--s 00006000 08:03 5923638                    /home/sharmila/.gradle/caches/modules-2/files-2.1/com.beust/jcommander/1.12/7409692b48022f9eca7445861defbcdb9ee3c2a8/jcommander-1.12.jar
7fd4ef094000-7fd4ef099000 r--s 00040000 08:03 5923637                    /home/sharmila/.gradle/caches/modules-2/files-2.1/org.beanshell/bsh/2.0b4/a05f0a0feefa8d8467ac80e16e7de071489f0d9c/bsh-2.0b4.jar
7fd4ef099000-7fd4ef0a1000 r--s 00045000 08:03 5913471                    /home/sharmila/.gradle/caches/modules-2/files-2.1/junit/junit/4.12/2973d150c0dc1fefe998f834810d68f278ea58ec/junit-4.12.jar
7fd4ef0a1000-7fd4ef0a4000 r--s 0000c000 08:03 5923895                    /home/sharmila/.gradle/caches/modules-2/files-2.1/org.springframework/spring-aspects/4.3.5.RELEASE/8c00c15865a1da0a1ba143a50622a8436a56e097/spring-aspects-4.3.5.RELEASE.jar
7fd4ef0a4000-7fd4ef0aa000 r--s 0003f000 08:03 5923894                    /home/sharmila/.gradle/caches/modules-2/files-2.1/org.springframework.data/spring-data-jpa/1.10.6.RELEASE/5d478860b24a493845248c1c336c33a657567bd3/spring-data-jpa-1.10.6.RELEASE.jar
7fd4ef0aa000-7fd4ef0ac000 r--s 00006000 08:03 5923893                    /home/sharmila/.gradle/caches/modules-2/files-2.1/javax.transaction/javax.transaction-api/1.2/d81aff979d603edd90dcd8db2abc1f4ce6479e3e/javax.transaction-api-1.2.jar
7fd4ef0ac000-7fd4ef115000 r--s 004f3000 08:03 5923432                    /home/sharmila/.gradle/caches/modules-2/files-2.1/org.hibernate/hibernate-core/5.0.11.Final/c2487fb72a2217a7cec9ab478d4c21a36fc09977/hibernate-core-5.0.11.Final.jar
7fd4ef115000-7fd4ef116000 ---p 00000000 00:00 0 
7fd4ef116000-7fd4ef216000 rw-p 00000000 00:00 0                          [stack:5781]
7fd4ef216000-7fd4ef219000 ---p 00000000 00:00 0 
7fd4ef219000-7fd4ef317000 rw-p 00000000 00:00 0                          [stack:5780]
7fd4ef317000-7fd4ef31a000 ---p 00000000 00:00 0 
7fd4ef31a000-7fd4ef418000 rw-p 00000000 00:00 0                          [stack:5779]
7fd4ef418000-7fd4ef41b000 ---p 00000000 00:00 0 
7fd4ef41b000-7fd4ef519000 rw-p 00000000 00:00 0                          [stack:5778]
7fd4ef519000-7fd4ef51c000 ---p 00000000 00:00 0 
7fd4ef51c000-7fd4ef61a000 rw-p 00000000 00:00 0                          [stack:5777]
7fd4ef61a000-7fd4ef61d000 ---p 00000000 00:00 0 
7fd4ef61d000-7fd4ef71b000 rw-p 00000000 00:00 0                          [stack:5776]
7fd4ef71b000-7fd4efdfe000 r--p 00000000 08:03 3152909                    /usr/lib/locale/locale-archive
7fd4efdfe000-7fd4efe01000 ---p 00000000 00:00 0 
7fd4efe01000-7fd4efeff000 rw-p 00000000 00:00 0                          [stack:5775]
7fd4efeff000-7fd4eff02000 ---p 00000000 00:00 0 
7fd4eff02000-7fd4f0000000 rw-p 00000000 00:00 0                          [stack:5773]
7fd4f0000000-7fd4f0021000 rw-p 00000000 00:00 0 
7fd4f0021000-7fd4f4000000 ---p 00000000 00:00 0 
7fd4f4000000-7fd4f4001000 r--s 0000c000 08:03 5916912                    /home/sharmila/.gradle/caches/modules-2/files-2.1/org.hamcrest/hamcrest-library/1.3/4785a3c21320980282f9f33d0d1264a69040538f/hamcrest-library-1.3.jar
7fd4f4001000-7fd4f400e000 r--s 00089000 08:03 5923892                    /home/sharmila/.gradle/caches/modules-2/files-2.1/org.hibernate/hibernate-entitymanager/5.0.11.Final/549565caed4e0bcb816843693e66ff7b04ce025f/hibernate-entitymanager-5.0.11.Final.jar
7fd4f400e000-7fd4f400f000 r--s 00000000 08:03 5923891                    /home/sharmila/.gradle/caches/modules-2/files-2.1/org.springframework.boot/spring-boot-starter-jdbc/1.4.3.RELEASE/7ce66cf27ea731189248be7af2ab84ba189e1151/spring-boot-starter-jdbc-1.4.3.RELEASE.jar
7fd4f400f000-7fd4f4019000 r--s 000ae000 08:03 5916958                    /home/sharmila/.gradle/caches/modules-2/files-2.1/org.javassist/javassist/3.20.0-GA/a9cbcdfb7e9f86fbc74d3afae65f2248bfbf82a0/javassist-3.20.0-GA.jar
7fd4f4019000-7fd4f401e000 r--s 00017000 08:03 5923828                    /home/sharmila/.gradle/caches/modules-2/files-2.1/org.hibernate.javax.persistence/hibernate-jpa-2.1-api/1.0.0.Final/5e731d961297e5a07290bfaf3db1fbc8bbbf405a/hibernate-jpa-2.1-api-1.0.0.Final.jar
7fd4f401e000-7fd4f4031000 r--s 00236000 08:03 5916949                    /home/sharmila/.gradle/caches/modules-2/files-2.1/org.eclipse.jdt.core.compiler/ecj/4.5.1/bee1367ac12fb6a20b422ff8711ebeb4f0a42316/ecj-4.5.1.jar
7fd4f4031000-7fd4f405a000 r--s 002b2000 08:03 5917540                    /home/sharmila/.gradle/caches/modules-2/files-2.1/org.apache.tomcat.embed/tomcat-embed-core/8.5.6/960834b5abc6b2135250487abf6c060a0fa5a22e/tomcat-embed-core-8.5.6.jar
7fd4f405a000-7fd4f406b000 r--s 000cf000 08:03 5923571                    /home/sharmila/.gradle/caches/modules-2/files-2.1/org.springframework/spring-webmvc/4.3.5.RELEASE/c624659217edab07d8279fb0f90462136f089220/spring-webmvc-4.3.5.RELEASE.jar
7fd4f406b000-7fd4f407d000 r--s 000b6000 08:03 5923570                    /home/sharmila/.gradle/caches/modules-2/files-2.1/org.springframework/spring-web/4.3.5.RELEASE/6641daccf2fddafc8358144f3a4f999130fdf144/spring-web-4.3.5.RELEASE.jar
7fd4f407d000-7fd4f408e000 r--s 0011d000 08:03 5923569                    /home/sharmila/.gradle/caches/modules-2/files-2.1/com.fasterxml.jackson.core/jackson-databind/2.8.5/b3035f37e674c04dafe36a660c3815cc59f764e2/jackson-databind-2.8.5.jar
7fd4f408e000-7fd4f409e000 r--s 0009c000 08:03 5916756                    /home/sharmila/.gradle/caches/modules-2/files-2.1/org.hibernate/hibernate-validator/5.2.4.Final/fb18766b576aa6632bcfe9a20a023cbd52bf9769/hibernate-validator-5.2.4.Final.jar
7fd4f409e000-7fd4f40aa000 r--s 000a4000 08:03 5923636                    /home/sharmila/.gradle/caches/modules-2/files-2.1/org.testng/testng/6.5.2/5069d2e72356ed87645c5fc3622b0bbb5e0667c9/testng-6.5.2.jar
7fd4f40aa000-7fd4f40ab000 ---p 00000000 00:00 0 
7fd4f40ab000-7fd4f515f000 rw-p 00000000 00:00 0                          [stack:5772]
7fd4f515f000-7fd4f5338000 r--s 03d3e000 08:03 3569606                    /usr/lib/jvm/java-8-oracle/jre/lib/rt.jar
7fd4f5338000-7fd4f7bc1000 rw-p 00000000 00:00 0 
7fd4f7bc1000-7fd4f7bc2000 ---p 00000000 00:00 0 
7fd4f7bc2000-7fd4f7cc2000 rw-p 00000000 00:00 0                          [stack:5771]
7fd4f7cc2000-7fd4f7cc3000 ---p 00000000 00:00 0 
7fd4f7cc3000-7fd4f7dc3000 rw-p 00000000 00:00 0                          [stack:5770]
7fd4f7dc3000-7fd4f7dc4000 ---p 00000000 00:00 0 
7fd4f7dc4000-7fd4f7ede000 rw-p 00000000 00:00 0                          [stack:5769]
7fd4f7ede000-7fd4f8006000 ---p 00000000 00:00 0 
7fd4f8006000-7fd4f8020000 rw-p 00000000 00:00 0 
7fd4f8020000-7fd4f8148000 ---p 00000000 00:00 0 
7fd4f8148000-7fd4f81b4000 rw-p 00000000 00:00 0 
7fd4f81b4000-7fd4f81e9000 ---p 00000000 00:00 0 
7fd4f81e9000-7fd4f8221000 rw-p 00000000 00:00 0 
7fd4f8221000-7fd4f85aa000 ---p 00000000 00:00 0 
7fd4f85aa000-7fd4f933a000 rwxp 00000000 00:00 0 
7fd4f933a000-7fd5075aa000 ---p 00000000 00:00 0 
7fd5075aa000-7fd5075c4000 r-xp 00000000 08:03 4870864                    /usr/lib/jvm/java-8-oracle/jre/lib/amd64/libzip.so
7fd5075c4000-7fd5077c4000 ---p 0001a000 08:03 4870864                    /usr/lib/jvm/java-8-oracle/jre/lib/amd64/libzip.so
7fd5077c4000-7fd5077c5000 rw-p 0001a000 08:03 4870864                    /usr/lib/jvm/java-8-oracle/jre/lib/amd64/libzip.so
7fd5077c5000-7fd5077cf000 r-xp 00000000 08:03 4070135                    /lib/x86_64-linux-gnu/libnss_files-2.19.so
7fd5077cf000-7fd5079ce000 ---p 0000a000 08:03 4070135                    /lib/x86_64-linux-gnu/libnss_files-2.19.so
7fd5079ce000-7fd5079cf000 r--p 00009000 08:03 4070135                    /lib/x86_64-linux-gnu/libnss_files-2.19.so
7fd5079cf000-7fd5079d0000 rw-p 0000a000 08:03 4070135                    /lib/x86_64-linux-gnu/libnss_files-2.19.so
7fd5079d0000-7fd5079db000 r-xp 00000000 08:03 4070127                    /lib/x86_64-linux-gnu/libnss_nis-2.19.so
7fd5079db000-7fd507bda000 ---p 0000b000 08:03 4070127                    /lib/x86_64-linux-gnu/libnss_nis-2.19.so
7fd507bda000-7fd507bdb000 r--p 0000a000 08:03 4070127                    /lib/x86_64-linux-gnu/libnss_nis-2.19.so
7fd507bdb000-7fd507bdc000 rw-p 0000b000 08:03 4070127                    /lib/x86_64-linux-gnu/libnss_nis-2.19.so
7fd507bdc000-7fd507bf3000 r-xp 00000000 08:03 4070123                    /lib/x86_64-linux-gnu/libnsl-2.19.so
7fd507bf3000-7fd507df2000 ---p 00017000 08:03 4070123                    /lib/x86_64-linux-gnu/libnsl-2.19.so
7fd507df2000-7fd507df3000 r--p 00016000 08:03 4070123                    /lib/x86_64-linux-gnu/libnsl-2.19.so
7fd507df3000-7fd507df4000 rw-p 00017000 08:03 4070123                    /lib/x86_64-linux-gnu/libnsl-2.19.so
7fd507df4000-7fd507df6000 rw-p 00000000 00:00 0 
7fd507df6000-7fd507dff000 r-xp 00000000 08:03 4070122                    /lib/x86_64-linux-gnu/libnss_compat-2.19.so
7fd507dff000-7fd507ffe000 ---p 00009000 08:03 4070122                    /lib/x86_64-linux-gnu/libnss_compat-2.19.so
7fd507ffe000-7fd507fff000 r--p 00008000 08:03 4070122                    /lib/x86_64-linux-gnu/libnss_compat-2.19.so
7fd507fff000-7fd508000000 rw-p 00009000 08:03 4070122                    /lib/x86_64-linux-gnu/libnss_compat-2.19.so
7fd508000000-7fd509739000 rw-p 00000000 00:00 0 
7fd509739000-7fd50c000000 ---p 00000000 00:00 0 
7fd50c000000-7fd50c005000 r--s 00036000 08:03 5917541                    /home/sharmila/.gradle/caches/modules-2/files-2.1/org.apache.tomcat.embed/tomcat-embed-el/8.5.6/a102298d8dc72f4065533d5962953d753b172602/tomcat-embed-el-8.5.6.jar
7fd50c005000-7fd50c00a000 r--s 00309000 08:03 5923826                    /home/sharmila/.gradle/caches/modules-2/files-2.1/org.xerial/sqlite-jdbc/3.7.2/7a3d67f00508d3881650579f7f228c61bfc1b196/sqlite-jdbc-3.7.2.jar
7fd50c00a000-7fd50c013000 r--s 00095000 08:03 5913393                    /home/sharmila/.gradle/caches/modules-2/files-2.1/org.apache.tomcat.embed/tomcat-embed-jasper/9.0.0.M11/e2cd5a7038094195c3163532e01daf051d9265fe/tomcat-embed-jasper-9.0.0.M11.jar
7fd50c013000-7fd50c01b000 r--s 00046000 08:03 2759763                    /home/sharmila/Downloads/sts 3.6.4/sts-bundle/sts-3.6.4.RELEASE/plugins/org.testng.eclipse_6.10.0.201612030230/lib/testng-remote.jar
7fd50c01b000-7fd50c01c000 ---p 00000000 00:00 0 
7fd50c01c000-7fd50c11c000 rw-p 00000000 00:00 0                          [stack:5768]
7fd50c11c000-7fd50c147000 r-xp 00000000 08:03 4870782                    /usr/lib/jvm/java-8-oracle/jre/lib/amd64/libjava.so
7fd50c147000-7fd50c346000 ---p 0002b000 08:03 4870782                    /usr/lib/jvm/java-8-oracle/jre/lib/amd64/libjava.so
7fd50c346000-7fd50c348000 rw-p 0002a000 08:03 4870782                    /usr/lib/jvm/java-8-oracle/jre/lib/amd64/libjava.so
7fd50c348000-7fd50c355000 r-xp 00000000 08:03 4870821                    /usr/lib/jvm/java-8-oracle/jre/lib/amd64/libverify.so
7fd50c355000-7fd50c554000 ---p 0000d000 08:03 4870821                    /usr/lib/jvm/java-8-oracle/jre/lib/amd64/libverify.so
7fd50c554000-7fd50c556000 rw-p 0000c000 08:03 4870821                    /usr/lib/jvm/java-8-oracle/jre/lib/amd64/libverify.so
7fd50c556000-7fd50c55d000 r-xp 00000000 08:03 4070131                    /lib/x86_64-linux-gnu/librt-2.19.so
7fd50c55d000-7fd50c75c000 ---p 00007000 08:03 4070131                    /lib/x86_64-linux-gnu/librt-2.19.so
7fd50c75c000-7fd50c75d000 r--p 00006000 08:03 4070131                    /lib/x86_64-linux-gnu/librt-2.19.so
7fd50c75d000-7fd50c75e000 rw-p 00007000 08:03 4070131                    /lib/x86_64-linux-gnu/librt-2.19.so
7fd50c75e000-7fd50c863000 r-xp 00000000 08:03 4070117                    /lib/x86_64-linux-gnu/libm-2.19.so
7fd50c863000-7fd50ca62000 ---p 00105000 08:03 4070117                    /lib/x86_64-linux-gnu/libm-2.19.so
7fd50ca62000-7fd50ca63000 r--p 00104000 08:03 4070117                    /lib/x86_64-linux-gnu/libm-2.19.so
7fd50ca63000-7fd50ca64000 rw-p 00105000 08:03 4070117                    /lib/x86_64-linux-gnu/libm-2.19.so
7fd50ca64000-7fd50d732000 r-xp 00000000 08:03 5260205                    /usr/lib/jvm/java-8-oracle/jre/lib/amd64/server/libjvm.so
7fd50d732000-7fd50d932000 ---p 00cce000 08:03 5260205                    /usr/lib/jvm/java-8-oracle/jre/lib/amd64/server/libjvm.so
7fd50d932000-7fd50da0b000 rw-p 00cce000 08:03 5260205                    /usr/lib/jvm/java-8-oracle/jre/lib/amd64/server/libjvm.so
7fd50da0b000-7fd50da56000 rw-p 00000000 00:00 0 
7fd50da56000-7fd50dc10000 r-xp 00000000 08:03 4070132                    /lib/x86_64-linux-gnu/libc-2.19.so
7fd50dc10000-7fd50de10000 ---p 001ba000 08:03 4070132                    /lib/x86_64-linux-gnu/libc-2.19.so
7fd50de10000-7fd50de14000 r--p 001ba000 08:03 4070132                    /lib/x86_64-linux-gnu/libc-2.19.so
7fd50de14000-7fd50de16000 rw-p 001be000 08:03 4070132                    /lib/x86_64-linux-gnu/libc-2.19.so
7fd50de16000-7fd50de1b000 rw-p 00000000 00:00 0 
7fd50de1b000-7fd50de1e000 r-xp 00000000 08:03 4070119                    /lib/x86_64-linux-gnu/libdl-2.19.so
7fd50de1e000-7fd50e01d000 ---p 00003000 08:03 4070119                    /lib/x86_64-linux-gnu/libdl-2.19.so
7fd50e01d000-7fd50e01e000 r--p 00002000 08:03 4070119                    /lib/x86_64-linux-gnu/libdl-2.19.so
7fd50e01e000-7fd50e01f000 rw-p 00003000 08:03 4070119                    /lib/x86_64-linux-gnu/libdl-2.19.so
7fd50e01f000-7fd50e034000 r-xp 00000000 08:03 3555343                    /usr/lib/jvm/java-8-oracle/lib/amd64/jli/libjli.so
7fd50e034000-7fd50e234000 ---p 00015000 08:03 3555343                    /usr/lib/jvm/java-8-oracle/lib/amd64/jli/libjli.so
7fd50e234000-7fd50e235000 rw-p 00015000 08:03 3555343                    /usr/lib/jvm/java-8-oracle/lib/amd64/jli/libjli.so
7fd50e235000-7fd50e24e000 r-xp 00000000 08:03 4070124                    /lib/x86_64-linux-gnu/libpthread-2.19.so
7fd50e24e000-7fd50e44d000 ---p 00019000 08:03 4070124                    /lib/x86_64-linux-gnu/libpthread-2.19.so
7fd50e44d000-7fd50e44e000 r--p 00018000 08:03 4070124                    /lib/x86_64-linux-gnu/libpthread-2.19.so
7fd50e44e000-7fd50e44f000 rw-p 00019000 08:03 4070124                    /lib/x86_64-linux-gnu/libpthread-2.19.so
7fd50e44f000-7fd50e453000 rw-p 00000000 00:00 0 
7fd50e453000-7fd50e476000 r-xp 00000000 08:03 4070125                    /lib/x86_64-linux-gnu/ld-2.19.so
7fd50e476000-7fd50e477000 r--s 00000000 08:03 5923890                    /home/sharmila/.gradle/caches/modules-2/files-2.1/org.springframework.boot/spring-boot-starter-aop/1.4.3.RELEASE/30b11b6455bed446d3b4a1a49fab529b2cfac454/spring-boot-starter-aop-1.4.3.RELEASE.jar
7fd50e477000-7fd50e479000 r--s 0000f000 08:03 5916917                    /home/sharmila/.gradle/caches/modules-2/files-2.1/org.jboss.logging/jboss-logging/3.3.0.Final/3616bb87707910296e2c195dc016287080bba5af/jboss-logging-3.3.0.Final.jar
7fd50e479000-7fd50e47a000 r--s 00000000 08:03 5923568                    /home/sharmila/.gradle/caches/modules-2/files-2.1/org.springframework.boot/spring-boot-starter-tomcat/1.4.3.RELEASE/61c48035a7a3b06b42fdd07b7109e562077b3792/spring-boot-starter-tomcat-1.4.3.RELEASE.jar
7fd50e47a000-7fd50e54c000 rw-p 00000000 00:00 0 
7fd50e54c000-7fd50e54f000 ---p 00000000 00:00 0 
7fd50e54f000-7fd50e651000 rw-p 00000000 00:00 0                          [stack:5767]
7fd50e651000-7fd50e652000 r--s 00000000 08:03 5923567                    /home/sharmila/.gradle/caches/modules-2/files-2.1/org.springframework.boot/spring-boot-starter/1.4.3.RELEASE/c99bad104719e947b3f9aa2b7569583805e4c5d5/spring-boot-starter-1.4.3.RELEASE.jar
7fd50e652000-7fd50e653000 r--s 00000000 08:03 5923566                    /home/sharmila/.gradle/caches/modules-2/files-2.1/org.springframework.boot/spring-boot-starter-test/1.4.3.RELEASE/6e9f1dbd3f68299c0183630ef07ca430de160050/spring-boot-starter-test-1.4.3.RELEASE.jar
7fd50e653000-7fd50e654000 r--s 00000000 08:03 5923889                    /home/sharmila/.gradle/caches/modules-2/files-2.1/org.springframework.boot/spring-boot-starter-data-jpa/1.4.3.RELEASE/ffda06c2144d10239014407333c223a237b73ad7/spring-boot-starter-data-jpa-1.4.3.RELEASE.jar
7fd50e654000-7fd50e655000 r--s 00003000 08:03 5923431                    /home/sharmila/.gradle/caches/modules-2/files-2.1/org.hibernate/hibernate-gradle-plugin/5.2.3.Final/db2ad8695e48a03a566b74fb5fc07c1732c1f5e5/hibernate-gradle-plugin-5.2.3.Final.jar
7fd50e655000-7fd50e656000 r--s 00000000 08:03 5923565                    /home/sharmila/.gradle/caches/modules-2/files-2.1/org.springframework.boot/spring-boot-starter-web/1.4.3.RELEASE/a0dcc919eda8e8ecb6f13f52a30e6afbb8266103/spring-boot-starter-web-1.4.3.RELEASE.jar
7fd50e656000-7fd50e669000 rw-p 00000000 00:00 0 
7fd50e669000-7fd50e671000 rw-s 00000000 08:03 5923989                    /tmp/hsperfdata_sharmila/5761
7fd50e671000-7fd50e672000 rw-p 00000000 00:00 0 
7fd50e672000-7fd50e673000 r--p 00000000 00:00 0 
7fd50e673000-7fd50e675000 rw-p 00000000 00:00 0 
7fd50e675000-7fd50e676000 r--p 00022000 08:03 4070125                    /lib/x86_64-linux-gnu/ld-2.19.so
7fd50e676000-7fd50e677000 rw-p 00023000 08:03 4070125                    /lib/x86_64-linux-gnu/ld-2.19.so
7fd50e677000-7fd50e678000 rw-p 00000000 00:00 0 
7ffd59262000-7ffd59286000 rw-p 00000000 00:00 0                          [stack]
7ffd59349000-7ffd5934b000 r-xp 00000000 00:00 0                          [vdso]
ffffffffff600000-ffffffffff601000 r-xp 00000000 00:00 0                  [vsyscall]

VM Arguments:
jvm_args: -ea -Dfile.encoding=UTF-8 
java_command: org.testng.remote.RemoteTestNG -serport 42793 -protocol json -d /home/sharmila/Documents/work-office/TestNG_Project/test-output /tmp/testng-eclipse-1755966513/testng-customsuite.xml
java_class_path (initial): /home/sharmila/Downloads/sts 3.6.4/sts-bundle/sts-3.6.4.RELEASE/plugins/org.testng.eclipse_6.10.0.201612030230/lib/testng-remote.jar:/home/sharmila/Documents/work-office/TestNG_Project/bin:/home/sharmila/.gradle/caches/modules-2/files-2.1/org.springframework.boot/spring-boot-starter-web/1.4.3.RELEASE/a0dcc919eda8e8ecb6f13f52a30e6afbb8266103/spring-boot-starter-web-1.4.3.RELEASE.jar:/home/sharmila/.gradle/caches/modules-2/files-2.1/org.apache.tomcat.embed/tomcat-embed-jasper/9.0.0.M11/e2cd5a7038094195c3163532e01daf051d9265fe/tomcat-embed-jasper-9.0.0.M11.jar:/home/sharmila/.gradle/caches/modules-2/files-2.1/org.xerial/sqlite-jdbc/3.7.2/7a3d67f00508d3881650579f7f228c61bfc1b196/sqlite-jdbc-3.7.2.jar:/home/sharmila/.gradle/caches/modules-2/files-2.1/org.hibernate/hibernate-gradle-plugin/5.2.3.Final/db2ad8695e48a03a566b74fb5fc07c1732c1f5e5/hibernate-gradle-plugin-5.2.3.Final.jar:/home/sharmila/.gradle/caches/modules-2/files-2.1/org.springframework.boot/spring-boot-starter-data-jpa/1.4.3.RELEASE/ffda06c2144d10239014407333c223a237b73ad7/spring-boot-starter-data-jpa-1.4.3.RELEASE.jar:/home/sharmila/.gradle/caches/modules-2/files-2.1/org.testng/testng/6.5.2/5069d2e72356ed87645c5fc3622b0bbb5e0667c9/testng-6.5.2.jar:/home/sharmila/.gradle/caches/modules-2/files-2.1/org.springframework.boot/spring-boot-starter-test/1.4.3.RELEASE/6e9f1dbd3f68299c0183630ef07ca430de160050/spring-boot-starter-test-1.4.3.RELEASE.jar:/home/sharmila/.gradle/caches/modules-2/files-2.1/org.springframework.boot/spring-boot-starter/1.4.3.RELEASE/c99bad104719e947b3f9aa2b7569583805e4c5d5/spring-boot-starter-1.4.3.RELEASE.jar:/home/sharmila/.gradle/caches/modules-2/files-2.1/org.springframework.boot/spring-boot-starter-tomcat/1.4.3.RELEASE/61c48035a7a3b06b42fdd07b7109e562077b3792/spring-boot-starter-tomcat-1.4.3.RELEASE.jar:/home/sharmila/.gradle/caches/modules-2/files-2.1/org.hibernate/hibernate-validator/5.2.4.Final/fb18766b576aa6632bcfe9a20a023cbd52bf9769/hibernate-validator-5
Launcher Type: SUN_STANDARD

Environment Variables:
JAVA_HOME=/usr/lib/jvm/java-8-oracle
PATH=/usr/local/sbin:/usr/local/bin:/usr/sbin:/usr/bin:/sbin:/bin:/usr/games:/usr/local/games:/usr/lib/jvm/java-8-oracle/bin:/usr/lib/jvm/java-8-oracle/db/bin:/usr/lib/jvm/java-8-oracle/jre/bin
SHELL=/bin/bash
DISPLAY=:0.0

Signal Handlers:
SIGSEGV: [libjvm.so+0xac78c0], sa_mask[0]=11111111011111111101111111111110, sa_flags=SA_RESTART|SA_SIGINFO
SIGBUS: [libjvm.so+0xac78c0], sa_mask[0]=11111111011111111101111111111110, sa_flags=SA_RESTART|SA_SIGINFO
SIGFPE: [libjvm.so+0x920ac0], sa_mask[0]=11111111011111111101111111111110, sa_flags=SA_RESTART|SA_SIGINFO
SIGPIPE: [libjvm.so+0x920ac0], sa_mask[0]=11111111011111111101111111111110, sa_flags=SA_RESTART|SA_SIGINFO
SIGXFSZ: [libjvm.so+0x920ac0], sa_mask[0]=11111111011111111101111111111110, sa_flags=SA_RESTART|SA_SIGINFO
SIGILL: [libjvm.so+0x920ac0], sa_mask[0]=11111111011111111101111111111110, sa_flags=SA_RESTART|SA_SIGINFO
SIGUSR1: SIG_DFL, sa_mask[0]=00000000000000000000000000000000, sa_flags=none
SIGUSR2: [libjvm.so+0x922300], sa_mask[0]=00100000000000000000000000000000, sa_flags=SA_RESTART|SA_SIGINFO
SIGHUP: [libjvm.so+0x923700], sa_mask[0]=11111111011111111101111111111110, sa_flags=SA_RESTART|SA_SIGINFO
SIGINT: [libjvm.so+0x923700], sa_mask[0]=11111111011111111101111111111110, sa_flags=SA_RESTART|SA_SIGINFO
SIGTERM: [libjvm.so+0x923700], sa_mask[0]=11111111011111111101111111111110, sa_flags=SA_RESTART|SA_SIGINFO
SIGQUIT: [libjvm.so+0x923700], sa_mask[0]=11111111011111111101111111111110, sa_flags=SA_RESTART|SA_SIGINFO


---------------  S Y S T E M  ---------------

OS:DISTRIB_ID=Ubuntu
DISTRIB_RELEASE=14.04
DISTRIB_CODENAME=trusty
DISTRIB_DESCRIPTION="Ubuntu 14.04.5 LTS"

uname:Linux 3.13.0-107-generic #154-Ubuntu SMP Tue Dec 20 09:57:27 UTC 2016 x86_64
libc:glibc 2.19 NPTL 2.19 
rlimit: STACK 8192k, CORE 0k, NPROC 30712, NOFILE 4096, AS infinity
load average:20.70 10.52 4.40

/proc/meminfo:
MemTotal:        3953548 kB
MemFree:           99612 kB
Buffers:            2552 kB
Cached:           500660 kB
SwapCached:        15836 kB
Active:          2553612 kB
Inactive:        1069448 kB
Active(anon):    2478508 kB
Inactive(anon):   994520 kB
Active(file):      75104 kB
Inactive(file):    74928 kB
Unevictable:         208 kB
Mlocked:             208 kB
SwapTotal:       7999484 kB
SwapFree:        7837020 kB
Dirty:              6284 kB
Writeback:             0 kB
AnonPages:       3104948 kB
Mapped:           326588 kB
Shmem:            352604 kB
Slab:             100528 kB
SReclaimable:      62332 kB
SUnreclaim:        38196 kB
KernelStack:        5752 kB
PageTables:        49592 kB
NFS_Unstable:          0 kB
Bounce:                0 kB
WritebackTmp:          0 kB
CommitLimit:     9976256 kB
Committed_AS:    8378016 kB
VmallocTotal:   34359738367 kB
VmallocUsed:      400992 kB
VmallocChunk:   34359328052 kB
HardwareCorrupted:     0 kB
AnonHugePages:   1417216 kB
HugePages_Total:       0
HugePages_Free:        0
HugePages_Rsvd:        0
HugePages_Surp:        0
Hugepagesize:       2048 kB
DirectMap4k:       94380 kB
DirectMap2M:     2957312 kB
DirectMap1G:     1048576 kB


CPU:total 4 (2 cores per cpu, 2 threads per core) family 6 model 69 stepping 1, cmov, cx8, fxsr, mmx, sse, sse2, sse3, ssse3, sse4.1, sse4.2, popcnt, avx, avx2, aes, clmul, erms, lzcnt, ht, tsc, tscinvbit, bmi1, bmi2

/proc/cpuinfo:
processor	: 0
vendor_id	: GenuineIntel
cpu family	: 6
model		: 69
model name	: Intel(R) Core(TM) i5-4200U CPU @ 1.60GHz
stepping	: 1
microcode	: 0x17
cpu MHz		: 1600.000
cache size	: 3072 KB
physical id	: 0
siblings	: 4
core id		: 0
cpu cores	: 2
apicid		: 0
initial apicid	: 0
fpu		: yes
fpu_exception	: yes
cpuid level	: 13
wp		: yes
flags		: fpu vme de pse tsc msr pae mce cx8 apic sep mtrr pge mca cmov pat pse36 clflush dts acpi mmx fxsr sse sse2 ss ht tm pbe syscall nx pdpe1gb rdtscp lm constant_tsc arch_perfmon pebs bts rep_good nopl xtopology nonstop_tsc aperfmperf eagerfpu pni pclmulqdq dtes64 monitor ds_cpl vmx est tm2 ssse3 fma cx16 xtpr pdcm pcid sse4_1 sse4_2 movbe popcnt tsc_deadline_timer aes xsave avx f16c rdrand lahf_lm abm ida arat epb xsaveopt pln pts dtherm tpr_shadow vnmi flexpriority ept vpid fsgsbase tsc_adjust bmi1 avx2 smep bmi2 erms invpcid
bogomips	: 4589.54
clflush size	: 64
cache_alignment	: 64
address sizes	: 39 bits physical, 48 bits virtual
power management:

processor	: 1
vendor_id	: GenuineIntel
cpu family	: 6
model		: 69
model name	: Intel(R) Core(TM) i5-4200U CPU @ 1.60GHz
stepping	: 1
microcode	: 0x17
cpu MHz		: 1600.000
cache size	: 3072 KB
physical id	: 0
siblings	: 4
core id		: 0
cpu cores	: 2
apicid		: 1
initial apicid	: 1
fpu		: yes
fpu_exception	: yes
cpuid level	: 13
wp		: yes
flags		: fpu vme de pse tsc msr pae mce cx8 apic sep mtrr pge mca cmov pat pse36 clflush dts acpi mmx fxsr sse sse2 ss ht tm pbe syscall nx pdpe1gb rdtscp lm constant_tsc arch_perfmon pebs bts rep_good nopl xtopology nonstop_tsc aperfmperf eagerfpu pni pclmulqdq dtes64 monitor ds_cpl vmx est tm2 ssse3 fma cx16 xtpr pdcm pcid sse4_1 sse4_2 movbe popcnt tsc_deadline_timer aes xsave avx f16c rdrand lahf_lm abm ida arat epb xsaveopt pln pts dtherm tpr_shadow vnmi flexpriority ept vpid fsgsbase tsc_adjust bmi1 avx2 smep bmi2 erms invpcid
bogomips	: 4589.54
clflush size	: 64
cache_alignment	: 64
address sizes	: 39 bits physical, 48 bits virtual
power management:

processor	: 2
vendor_id	: GenuineIntel
cpu family	: 6
model		: 69
model name	: Intel(R) Core(TM) i5-4200U CPU @ 1.60GHz
stepping	: 1
microcode	: 0x17
cpu MHz		: 1600.000
cache size	: 3072 KB
physical id	: 0
siblings	: 4
core id		: 1
cpu cores	: 2
apicid		: 2
initial apicid	: 2
fpu		: yes
fpu_exception	: yes
cpuid level	: 13
wp		: yes
flags		: fpu vme de pse tsc msr pae mce cx8 apic sep mtrr pge mca cmov pat pse36 clflush dts acpi mmx fxsr sse sse2 ss ht tm pbe syscall nx pdpe1gb rdtscp lm constant_tsc arch_perfmon pebs bts rep_good nopl xtopology nonstop_tsc aperfmperf eagerfpu pni pclmulqdq dtes64 monitor ds_cpl vmx est tm2 ssse3 fma cx16 xtpr pdcm pcid sse4_1 sse4_2 movbe popcnt tsc_deadline_timer aes xsave avx f16c rdrand lahf_lm abm ida arat epb xsaveopt pln pts dtherm tpr_shadow vnmi flexpriority ept vpid fsgsbase tsc_adjust bmi1 avx2 smep bmi2 erms invpcid
bogomips	: 4589.54
clflush size	: 64
cache_alignment	: 64
address sizes	: 39 bits physical, 48 bits virtual
power management:

processor	: 3
vendor_id	: GenuineIntel
cpu family	: 6
model		: 69
model name	: Intel(R) Core(TM) i5-4200U CPU @ 1.60GHz
stepping	: 1
microcode	: 0x17
cpu MHz		: 1600.000
cache size	: 3072 KB
physical id	: 0
siblings	: 4
core id		: 1
cpu cores	: 2
apicid		: 3
initial apicid	: 3
fpu		: yes
fpu_exception	: yes
cpuid level	: 13
wp		: yes
flags		: fpu vme de pse tsc msr pae mce cx8 apic sep mtrr pge mca cmov pat pse36 clflush dts acpi mmx fxsr sse sse2 ss ht tm pbe syscall nx pdpe1gb rdtscp lm constant_tsc arch_perfmon pebs bts rep_good nopl xtopology nonstop_tsc aperfmperf eagerfpu pni pclmulqdq dtes64 monitor ds_cpl vmx est tm2 ssse3 fma cx16 xtpr pdcm pcid sse4_1 sse4_2 movbe popcnt tsc_deadline_timer aes xsave avx f16c rdrand lahf_lm abm ida arat epb xsaveopt pln pts dtherm tpr_shadow vnmi flexpriority ept vpid fsgsbase tsc_adjust bmi1 avx2 smep bmi2 erms invpcid
bogomips	: 4589.54
clflush size	: 64
cache_alignment	: 64
address sizes	: 39 bits physical, 48 bits virtual
power management:



Memory: 4k page, physical 3953548k(99488k free), swap 7999484k(7837020k free)

vm_info: Java HotSpot(TM) 64-Bit Server VM (25.121-b13) for linux-amd64 JRE (1.8.0_121-b13), built on Dec 12 2016 16:36:53 by "java_re" with gcc 4.3.0 20080428 (Red Hat 4.3.0-8)

time: Mon Jan 23 15:51:22 2017
elapsed time: 38 seconds (0d 0h 0m 38s)

