#
# A fatal error has been detected by the Java Runtime Environment:
#
#  SIGSEGV (0xb) at pc=0x00007efec8eb5118, pid=4037, tid=0x00007efeca3bb700
#
# JRE version: Java(TM) SE Runtime Environment (8.0_121-b13) (build 1.8.0_121-b13)
# Java VM: Java HotSpot(TM) 64-Bit Server VM (25.121-b13 mixed mode linux-amd64 compressed oops)
# Problematic frame:
# V  [libjvm.so+0x6e2118]  jni_GetStringUTFChars+0xb8
#
# Failed to write core dump. Core dumps have been disabled. To enable core dumping, try "ulimit -c unlimited" before starting Java again
#
# If you would like to submit a bug report, please visit:
#   http://bugreport.java.com/bugreport/crash.jsp
#

---------------  T H R E A D  ---------------

Current thread (0x00007efec4010000):  JavaThread "main" [_thread_in_vm, id=4038, stack(0x00007efeca2bb000,0x00007efeca3bc000)]

siginfo: si_signo: 11 (SIGSEGV), si_code: 1 (SEGV_MAPERR), si_addr: 0x0000000000000000

Registers:
RAX=0x00007efec978a550, RBX=0x0000000000000000, RCX=0x00000000ebeb6490, RDX=0x00007efec97989e0
RSP=0x00007efeca3b5b00, RBP=0x00007efeca3b5ba0, RSI=0x00007efec4010000, RDI=0x00007efeca3b5b40
R8 =0x00007efeb4390c80, R9 =0x00000000ebeb6490, R10=0x000000000000017e, R11=0x00007efec97989e8
R12=0x00007efec4010000, R13=0x0000000000000000, R14=0x00007efeca3b5c78, R15=0x00007efeca3b5b40
RIP=0x00007efec8eb5118, EFLAGS=0x0000000000010246, CSGSFS=0x0000000000000033, ERR=0x0000000000000004
  TRAPNO=0x000000000000000e

Top of Stack: (sp=0x00007efeca3b5b00)
0x00007efeca3b5b00:   00007efeca3b5bc8 0000000000000000
0x00007efeca3b5b10:   00007efeb448ad00 00007efec979a800
0x00007efeca3b5b20:   00007efeca3b6198 00007efeb4390c80
0x00007efeca3b5b30:   00000000f6d5ab78 0000000050200030
0x00007efeca3b5b40:   00007efec4010000 0000000000000000
0x00007efeca3b5b50:   00007efeb1081480 00007efeb43862bd
0x00007efeca3b5b60:   00007efec4010000 00000000f6d5ab78
0x00007efeca3b5b70:   00007efeca3b5c10 00007efea8a4f610
0x00007efeca3b5b80:   00007efec4bce3a8 0000000000000000
0x00007efeca3b5b90:   00007efeca3b5c78 00007efec4010000
0x00007efeca3b5ba0:   00007efec40101f8 00007efea84662b0
0x00007efeca3b5bb0:   00007efeca3b5c10 00007efeb43862bd
0x00007efeca3b5bc0:   00007efea8a4f610 00007efeca3b5c50
0x00007efeca3b5bd0:   0000000000000000 00007efea8a4f608
0x00007efeca3b5be0:   00007efeca3b5c78 00007efeb43964cf
0x00007efeca3b5bf0:   0000000000000000 00007efea8a5eea8
0x00007efeca3b5c00:   0000000000000000 00000000ebeb6490
0x00007efeca3b5c10:   00007efeca3b5c00 0000000000000000
0x00007efeca3b5c20:   00007efeca3b5c78 00007efea8a55f18
0x00007efeca3b5c30:   0000000000000000 00007efea8a4f610
0x00007efeca3b5c40:   0000000000000000 00007efeca3b5c70
0x00007efeca3b5c50:   00007efeca3b5cd8 00007efeb4385dd0
0x00007efeca3b5c60:   0000000000000000 00007efeb438f537
0x00007efeca3b5c70:   0000000000000000 00000000ebeb6490
0x00007efeca3b5c80:   00000000f6d5ab18 00000000f6d5ab78
0x00007efeca3b5c90:   00000000ebeb6490 00007efeca3b5c88
0x00007efeca3b5ca0:   00007efea8a52ed5 00007efeca3b5cf0
0x00007efeca3b5cb0:   00007efea8a55768 0000000000000000
0x00007efeca3b5cc0:   00007efea8a52f20 00007efeca3b5c70
0x00007efeca3b5cd0:   00007efeca3b5ce8 00007efeca3b5d38
0x00007efeca3b5ce0:   00007efeb43862bd 00000000f6d5ab18
0x00007efeca3b5cf0:   00000000ebeb6490 00007efeca3b5cf8 

Instructions: (pc=0x00007efec8eb5118)
0x00007efec8eb50f8:   84 24 70 02 00 00 06 00 00 00 4c 89 e6 4c 89 65
0x00007efec8eb5108:   c0 4c 89 ff e8 1f 01 01 00 48 8b 05 18 d0 88 00
0x00007efec8eb5118:   4c 8b 2b 8b 10 48 8b 05 44 fc 88 00 80 38 00 0f
0x00007efec8eb5128:   84 2b 01 00 00 48 63 c2 41 8b 54 05 00 85 d2 0f 

Register to memory mapping:

RAX=0x00007efec978a550: <offset 0xfb7550> in /usr/lib/jvm/java-8-oracle/jre/lib/amd64/server/libjvm.so at 0x00007efec87d3000
RBX=0x0000000000000000 is an unknown value
RCX=0x00000000ebeb6490 is an oop
org.sqlite.NativeDB 
 - klass: 'org/sqlite/NativeDB'
RDX=0x00007efec97989e0: <offset 0xfc59e0> in /usr/lib/jvm/java-8-oracle/jre/lib/amd64/server/libjvm.so at 0x00007efec87d3000
RSP=0x00007efeca3b5b00 is pointing into the stack for thread: 0x00007efec4010000
RBP=0x00007efeca3b5ba0 is pointing into the stack for thread: 0x00007efec4010000
RSI=0x00007efec4010000 is a thread
RDI=0x00007efeca3b5b40 is pointing into the stack for thread: 0x00007efec4010000
R8 =0x00007efeb4390c80 is at code_begin+0 in an Interpreter codelet
method entry point (kind = zerolocals)  [0x00007efeb4390c80, 0x00007efeb4391100]  1152 bytes
R9 =0x00000000ebeb6490 is an oop
org.sqlite.NativeDB 
 - klass: 'org/sqlite/NativeDB'
R10=0x000000000000017e is an unknown value
R11=0x00007efec97989e8: <offset 0xfc59e8> in /usr/lib/jvm/java-8-oracle/jre/lib/amd64/server/libjvm.so at 0x00007efec87d3000
R12=0x00007efec4010000 is a thread
R13=0x0000000000000000 is an unknown value
R14=0x00007efeca3b5c78 is pointing into the stack for thread: 0x00007efec4010000
R15=0x00007efeca3b5b40 is pointing into the stack for thread: 0x00007efec4010000


Stack: [0x00007efeca2bb000,0x00007efeca3bc000],  sp=0x00007efeca3b5b00,  free space=1002k
Native frames: (J=compiled Java code, j=interpreted, Vv=VM code, C=native code)
V  [libjvm.so+0x6e2118]  jni_GetStringUTFChars+0xb8
C  [sqlite-3.7.2-libsqlitejdbc.so+0xd2b0]  Java_org_sqlite_NativeDB_prepare+0x2f

Java frames: (J=compiled Java code, j=interpreted, Vv=VM code)
j  org.sqlite.NativeDB.prepare(Ljava/lang/String;)J+0
j  org.sqlite.DB.prepare(Lorg/sqlite/Stmt;)V+21
j  org.sqlite.PrepStmt.<init>(Lorg/sqlite/Conn;Ljava/lang/String;)V+15
j  org.sqlite.Conn.prepareStatement(Ljava/lang/String;III)Ljava/sql/PreparedStatement;+14
j  org.sqlite.Conn.prepareStatement(Ljava/lang/String;II)Ljava/sql/PreparedStatement;+5
j  org.sqlite.Conn.prepareStatement(Ljava/lang/String;)Ljava/sql/PreparedStatement;+8
v  ~StubRoutines::call_stub
J 2258  sun.reflect.NativeMethodAccessorImpl.invoke0(Ljava/lang/reflect/Method;Ljava/lang/Object;[Ljava/lang/Object;)Ljava/lang/Object; (0 bytes) @ 0x00007efeb4b4bbb7 [0x00007efeb4b4bb40+0x77]
J 2257 C1 sun.reflect.NativeMethodAccessorImpl.invoke(Ljava/lang/Object;[Ljava/lang/Object;)Ljava/lang/Object; (104 bytes) @ 0x00007efeb4b4c8bc [0x00007efeb4b4c520+0x39c]
J 3335 C2 sun.reflect.DelegatingMethodAccessorImpl.invoke(Ljava/lang/Object;[Ljava/lang/Object;)Ljava/lang/Object; (10 bytes) @ 0x00007efeb4721aa4 [0x00007efeb4721a60+0x44]
J 1241 C1 java.lang.reflect.Method.invoke(Ljava/lang/Object;[Ljava/lang/Object;)Ljava/lang/Object; (62 bytes) @ 0x00007efeb47bc90c [0x00007efeb47bc520+0x3ec]
j  org.apache.tomcat.jdbc.pool.ProxyConnection.invoke(Ljava/lang/Object;Ljava/lang/reflect/Method;[Ljava/lang/Object;)Ljava/lang/Object;+237
j  org.apache.tomcat.jdbc.pool.JdbcInterceptor.invoke(Ljava/lang/Object;Ljava/lang/reflect/Method;[Ljava/lang/Object;)Ljava/lang/Object;+14
j  org.apache.tomcat.jdbc.pool.DisposableConnectionFacade.invoke(Ljava/lang/Object;Ljava/lang/reflect/Method;[Ljava/lang/Object;)Ljava/lang/Object;+93
j  com.sun.proxy.$Proxy83.prepareStatement(Ljava/lang/String;)Ljava/sql/PreparedStatement;+16
j  org.hibernate.engine.jdbc.internal.StatementPreparerImpl$1.doPrepare()Ljava/sql/PreparedStatement;+37
j  org.hibernate.engine.jdbc.internal.StatementPreparerImpl$StatementPreparationTemplate.prepareStatement()Ljava/sql/PreparedStatement;+45
j  org.hibernate.engine.jdbc.internal.StatementPreparerImpl.prepareStatement(Ljava/lang/String;)Ljava/sql/PreparedStatement;+6
j  org.hibernate.id.SequenceGenerator.generateHolder(Lorg/hibernate/engine/spi/SessionImplementor;)Lorg/hibernate/id/IntegralDataTypeHolder;+15
j  org.hibernate.id.SequenceHiLoGenerator$1.getNextValue()Lorg/hibernate/id/IntegralDataTypeHolder;+8
j  org.hibernate.id.enhanced.LegacyHiLoAlgorithmOptimizer.generate(Lorg/hibernate/id/enhanced/AccessCallback;)Ljava/io/Serializable;+25
j  org.hibernate.id.SequenceHiLoGenerator.generate(Lorg/hibernate/engine/spi/SessionImplementor;Ljava/lang/Object;)Ljava/io/Serializable;+53
j  org.hibernate.event.internal.AbstractSaveEventListener.saveWithGeneratedId(Ljava/lang/Object;Ljava/lang/String;Ljava/lang/Object;Lorg/hibernate/event/spi/EventSource;Z)Ljava/io/Serializable;+21
j  org.hibernate.jpa.event.internal.core.JpaPersistEventListener.saveWithGeneratedId(Ljava/lang/Object;Ljava/lang/String;Ljava/lang/Object;Lorg/hibernate/event/spi/EventSource;Z)Ljava/io/Serializable;+18
j  org.hibernate.event.internal.DefaultPersistEventListener.entityIsTransient(Lorg/hibernate/event/spi/PersistEvent;Ljava/util/Map;)V+55
j  org.hibernate.event.internal.DefaultPersistEventListener.onPersist(Lorg/hibernate/event/spi/PersistEvent;Ljava/util/Map;)V+324
j  org.hibernate.event.internal.DefaultPersistEventListener.onPersist(Lorg/hibernate/event/spi/PersistEvent;)V+11
j  org.hibernate.internal.SessionImpl.firePersist(Lorg/hibernate/event/spi/PersistEvent;)V+46
j  org.hibernate.internal.SessionImpl.persist(Ljava/lang/String;Ljava/lang/Object;)V+11
j  org.hibernate.internal.SessionImpl.persist(Ljava/lang/Object;)V+3
j  org.hibernate.jpa.spi.AbstractEntityManagerImpl.persist(Ljava/lang/Object;)V+9
v  ~StubRoutines::call_stub
J 2258  sun.reflect.NativeMethodAccessorImpl.invoke0(Ljava/lang/reflect/Method;Ljava/lang/Object;[Ljava/lang/Object;)Ljava/lang/Object; (0 bytes) @ 0x00007efeb4b4bbb7 [0x00007efeb4b4bb40+0x77]
J 2257 C1 sun.reflect.NativeMethodAccessorImpl.invoke(Ljava/lang/Object;[Ljava/lang/Object;)Ljava/lang/Object; (104 bytes) @ 0x00007efeb4b4c8bc [0x00007efeb4b4c520+0x39c]
J 3335 C2 sun.reflect.DelegatingMethodAccessorImpl.invoke(Ljava/lang/Object;[Ljava/lang/Object;)Ljava/lang/Object; (10 bytes) @ 0x00007efeb4721aa4 [0x00007efeb4721a60+0x44]
J 1241 C1 java.lang.reflect.Method.invoke(Ljava/lang/Object;[Ljava/lang/Object;)Ljava/lang/Object; (62 bytes) @ 0x00007efeb47bc90c [0x00007efeb47bc520+0x3ec]
j  org.springframework.orm.jpa.SharedEntityManagerCreator$SharedEntityManagerInvocationHandler.invoke(Ljava/lang/Object;Ljava/lang/reflect/Method;[Ljava/lang/Object;)Ljava/lang/Object;+495
j  com.sun.proxy.$Proxy92.persist(Ljava/lang/Object;)V+16
j  org.springframework.data.jpa.repository.support.SimpleJpaRepository.save(Ljava/lang/Object;)Ljava/lang/Object;+18
v  ~StubRoutines::call_stub
J 2258  sun.reflect.NativeMethodAccessorImpl.invoke0(Ljava/lang/reflect/Method;Ljava/lang/Object;[Ljava/lang/Object;)Ljava/lang/Object; (0 bytes) @ 0x00007efeb4b4bbb7 [0x00007efeb4b4bb40+0x77]
J 2257 C1 sun.reflect.NativeMethodAccessorImpl.invoke(Ljava/lang/Object;[Ljava/lang/Object;)Ljava/lang/Object; (104 bytes) @ 0x00007efeb4b4c8bc [0x00007efeb4b4c520+0x39c]
J 3335 C2 sun.reflect.DelegatingMethodAccessorImpl.invoke(Ljava/lang/Object;[Ljava/lang/Object;)Ljava/lang/Object; (10 bytes) @ 0x00007efeb4721aa4 [0x00007efeb4721a60+0x44]
J 1241 C1 java.lang.reflect.Method.invoke(Ljava/lang/Object;[Ljava/lang/Object;)Ljava/lang/Object; (62 bytes) @ 0x00007efeb47bc90c [0x00007efeb47bc520+0x3ec]
j  org.springframework.data.repository.core.support.RepositoryFactorySupport$QueryExecutorMethodInterceptor.executeMethodOn(Ljava/lang/Object;Ljava/lang/reflect/Method;[Ljava/lang/Object;)Ljava/lang/Object;+3
j  org.springframework.data.repository.core.support.RepositoryFactorySupport$QueryExecutorMethodInterceptor.doInvoke(Lorg/aopalliance/intercept/MethodInvocation;)Ljava/lang/Object;+94
j  org.springframework.data.repository.core.support.RepositoryFactorySupport$QueryExecutorMethodInterceptor.invoke(Lorg/aopalliance/intercept/MethodInvocation;)Ljava/lang/Object;+2
j  org.springframework.aop.framework.ReflectiveMethodInvocation.proceed()Ljava/lang/Object;+101
j  org.springframework.data.projection.DefaultMethodInvokingMethodInterceptor.invoke(Lorg/aopalliance/intercept/MethodInvocation;)Ljava/lang/Object;+15
j  org.springframework.aop.framework.ReflectiveMethodInvocation.proceed()Ljava/lang/Object;+101
j  org.springframework.transaction.interceptor.TransactionInterceptor$1.proceedWithInvocation()Ljava/lang/Object;+4
j  org.springframework.transaction.interceptor.TransactionAspectSupport.invokeWithinTransaction(Ljava/lang/reflect/Method;Ljava/lang/Class;Lorg/springframework/transaction/interceptor/TransactionAspectSupport$InvocationCallback;)Ljava/lang/Object;+60
j  org.springframework.transaction.interceptor.TransactionInterceptor.invoke(Lorg/aopalliance/intercept/MethodInvocation;)Ljava/lang/Object;+40
j  org.springframework.aop.framework.ReflectiveMethodInvocation.proceed()Ljava/lang/Object;+101
j  org.springframework.dao.support.PersistenceExceptionTranslationInterceptor.invoke(Lorg/aopalliance/intercept/MethodInvocation;)Ljava/lang/Object;+1
j  org.springframework.aop.framework.ReflectiveMethodInvocation.proceed()Ljava/lang/Object;+101
j  org.springframework.data.jpa.repository.support.CrudMethodMetadataPostProcessor$CrudMethodMetadataPopulatingMethodInterceptor.invoke(Lorg/aopalliance/intercept/MethodInvocation;)Ljava/lang/Object;+89
j  org.springframework.aop.framework.ReflectiveMethodInvocation.proceed()Ljava/lang/Object;+101
j  org.springframework.aop.interceptor.ExposeInvocationInterceptor.invoke(Lorg/aopalliance/intercept/MethodInvocation;)Ljava/lang/Object;+18
j  org.springframework.aop.framework.ReflectiveMethodInvocation.proceed()Ljava/lang/Object;+101
j  org.springframework.aop.framework.JdkDynamicAopProxy.invoke(Ljava/lang/Object;Ljava/lang/reflect/Method;[Ljava/lang/Object;)Ljava/lang/Object;+385
j  com.sun.proxy.$Proxy94.save(Ljava/lang/Object;)Ljava/lang/Object;+16
j  com.example.api.service.BookService.save(Lcom/example/entity/Book;)Lcom/example/entity/Book;+5
j  com.example.crudtest.CRUDTest.insertOperation()V+19
v  ~StubRoutines::call_stub
J 2258  sun.reflect.NativeMethodAccessorImpl.invoke0(Ljava/lang/reflect/Method;Ljava/lang/Object;[Ljava/lang/Object;)Ljava/lang/Object; (0 bytes) @ 0x00007efeb4b4bbb7 [0x00007efeb4b4bb40+0x77]
J 2257 C1 sun.reflect.NativeMethodAccessorImpl.invoke(Ljava/lang/Object;[Ljava/lang/Object;)Ljava/lang/Object; (104 bytes) @ 0x00007efeb4b4c8bc [0x00007efeb4b4c520+0x39c]
J 3335 C2 sun.reflect.DelegatingMethodAccessorImpl.invoke(Ljava/lang/Object;[Ljava/lang/Object;)Ljava/lang/Object; (10 bytes) @ 0x00007efeb4721aa4 [0x00007efeb4721a60+0x44]
J 1241 C1 java.lang.reflect.Method.invoke(Ljava/lang/Object;[Ljava/lang/Object;)Ljava/lang/Object; (62 bytes) @ 0x00007efeb47bc90c [0x00007efeb47bc520+0x3ec]
j  org.testng.internal.MethodInvocationHelper.invokeMethod(Ljava/lang/reflect/Method;Ljava/lang/Object;[Ljava/lang/Object;)Ljava/lang/Object;+242
j  org.testng.internal.MethodInvocationHelper$1.runTestMethod(Lorg/testng/ITestResult;)V+12
j  org.springframework.test.context.testng.AbstractTestNGSpringContextTests.run(Lorg/testng/IHookCallBack;Lorg/testng/ITestResult;)V+2
v  ~StubRoutines::call_stub
J 2258  sun.reflect.NativeMethodAccessorImpl.invoke0(Ljava/lang/reflect/Method;Ljava/lang/Object;[Ljava/lang/Object;)Ljava/lang/Object; (0 bytes) @ 0x00007efeb4b4bbb7 [0x00007efeb4b4bb40+0x77]
J 2257 C1 sun.reflect.NativeMethodAccessorImpl.invoke(Ljava/lang/Object;[Ljava/lang/Object;)Ljava/lang/Object; (104 bytes) @ 0x00007efeb4b4c8bc [0x00007efeb4b4c520+0x39c]
J 3335 C2 sun.reflect.DelegatingMethodAccessorImpl.invoke(Ljava/lang/Object;[Ljava/lang/Object;)Ljava/lang/Object; (10 bytes) @ 0x00007efeb4721aa4 [0x00007efeb4721a60+0x44]
J 1241 C1 java.lang.reflect.Method.invoke(Ljava/lang/Object;[Ljava/lang/Object;)Ljava/lang/Object; (62 bytes) @ 0x00007efeb47bc90c [0x00007efeb47bc520+0x3ec]
j  org.testng.internal.MethodInvocationHelper.invokeHookable(Ljava/lang/Object;[Ljava/lang/Object;Ljava/lang/Object;Ljava/lang/reflect/Method;Lorg/testng/internal/TestResult;)V+64
j  org.testng.internal.Invoker.invokeMethod([Ljava/lang/Object;ILorg/testng/ITestNGMethod;[Ljava/lang/Object;ILorg/testng/xml/XmlSuite;Ljava/util/Map;Lorg/testng/ITestClass;[Lorg/testng/ITestNGMethod;[Lorg/testng/ITestNGMethod;Lorg/testng/internal/ConfigurationGroupMethods;)Lorg/testng/ITestResult;+280
j  org.testng.internal.Invoker.invokeTestMethod([Ljava/lang/Object;Lorg/testng/ITestNGMethod;[Ljava/lang/Object;ILorg/testng/xml/XmlSuite;Ljava/util/Map;Lorg/testng/ITestClass;[Lorg/testng/ITestNGMethod;[Lorg/testng/ITestNGMethod;Lorg/testng/internal/ConfigurationGroupMethods;)Ljava/util/List;+46
j  org.testng.internal.Invoker.invokeTestMethods(Lorg/testng/ITestNGMethod;[Lorg/testng/ITestNGMethod;ILorg/testng/xml/XmlSuite;Ljava/util/Map;Lorg/testng/internal/ConfigurationGroupMethods;[Ljava/lang/Object;Lorg/testng/ITestContext;)Ljava/util/List;+705
j  org.testng.internal.TestMethodWorker.invokeTestMethods(Lorg/testng/ITestNGMethod;[Ljava/lang/Object;Lorg/testng/ITestContext;)V+32
j  org.testng.internal.TestMethodWorker.run()V+60
j  org.testng.TestRunner.privateRun(Lorg/testng/xml/XmlTest;)V+349
j  org.testng.TestRunner.run()V+26
j  org.testng.SuiteRunner.runTest(Lorg/testng/TestRunner;)V+1
j  org.testng.SuiteRunner.runSequentially()V+31
j  org.testng.SuiteRunner.privateRun()V+281
j  org.testng.SuiteRunner.run()V+6
j  org.testng.SuiteRunnerWorker.runSuite(Lorg/testng/internal/SuiteRunnerMap;Lorg/testng/xml/XmlSuite;)V+96
j  org.testng.SuiteRunnerWorker.run()V+12
j  org.testng.TestNG.runSuitesSequentially(Lorg/testng/xml/XmlSuite;Lorg/testng/internal/SuiteRunnerMap;ILjava/lang/String;)V+66
j  org.testng.TestNG.runSuitesLocally()Ljava/util/List;+117
j  org.testng.TestNG.run()V+77
j  org.testng.remote.AbstractRemoteTestNG.run()V+163
j  org.testng.remote.RemoteTestNG.initAndRun(Lorg/testng/remote/IRemoteTestNG;[Ljava/lang/String;Lorg/testng/CommandLineArgs;Lorg/testng/remote/RemoteArgs;)V+184
j  org.testng.remote.RemoteTestNG.main([Ljava/lang/String;)V+218
v  ~StubRoutines::call_stub

---------------  P R O C E S S  ---------------

Java Threads: ( => current thread )
  0x00007efec5558800 JavaThread "http-nio-auto-1-48453-AsyncTimeout" daemon [_thread_blocked, id=4068, stack(0x00007efe636fb000,0x00007efe637fc000)]
  0x00007efec5557000 JavaThread "http-nio-auto-1-Acceptor-0" daemon [_thread_in_native, id=4067, stack(0x00007efe637fc000,0x00007efe638fd000)]
  0x00007efec554c800 JavaThread "http-nio-auto-1-ClientPoller-1" daemon [_thread_in_native, id=4066, stack(0x00007efe638fd000,0x00007efe639fe000)]
  0x00007efec553e000 JavaThread "http-nio-auto-1-ClientPoller-0" daemon [_thread_in_native, id=4065, stack(0x00007efe639fe000,0x00007efe63aff000)]
  0x00007efec5524000 JavaThread "NioBlockingSelector.BlockPoller-1" daemon [_thread_in_native, id=4064, stack(0x00007efe63aff000,0x00007efe63c00000)]
  0x00007efec52b1800 JavaThread "Tomcat JDBC Pool Cleaner[865113938:1485170018446]" daemon [_thread_blocked, id=4063, stack(0x00007efea86e1000,0x00007efea87e2000)]
  0x00007efec52ee800 JavaThread "container-0" [_thread_blocked, id=4062, stack(0x00007efea8e1e000,0x00007efea8f1f000)]
  0x00007efec52ed000 JavaThread "ContainerBackgroundProcessor[StandardEngine[Tomcat]]" daemon [_thread_blocked, id=4061, stack(0x00007efea8f1f000,0x00007efea9020000)]
  0x00007efe6c1ed800 JavaThread "localhost-startStop-1" daemon [_thread_blocked, id=4060, stack(0x00007efea94b5000,0x00007efea95b6000)]
  0x00007efec52ec800 JavaThread "Tomcat-startStop-1" daemon [_thread_blocked, id=4059, stack(0x00007efeaa074000,0x00007efeaa175000)]
  0x00007efec44b9800 JavaThread "ReaderThread" [_thread_in_native, id=4057, stack(0x00007efeaa982000,0x00007efeaaa83000)]
  0x00007efec40c7000 JavaThread "Service Thread" daemon [_thread_blocked, id=4054, stack(0x00007efeab014000,0x00007efeab115000)]
  0x00007efec40c4000 JavaThread "C1 CompilerThread2" daemon [_thread_blocked, id=4053, stack(0x00007efeab115000,0x00007efeab216000)]
  0x00007efec40c2000 JavaThread "C2 CompilerThread1" daemon [_thread_in_native, id=4052, stack(0x00007efeab216000,0x00007efeab317000)]
  0x00007efec40bf000 JavaThread "C2 CompilerThread0" daemon [_thread_in_native, id=4051, stack(0x00007efeab317000,0x00007efeab418000)]
  0x00007efec40be000 JavaThread "Signal Dispatcher" daemon [_thread_blocked, id=4050, stack(0x00007efeab418000,0x00007efeab519000)]
  0x00007efec408a000 JavaThread "Finalizer" daemon [_thread_blocked, id=4049, stack(0x00007efeabbfc000,0x00007efeabcfd000)]
  0x00007efec4085800 JavaThread "Reference Handler" daemon [_thread_blocked, id=4048, stack(0x00007efeabcfd000,0x00007efeabdfe000)]
=>0x00007efec4010000 JavaThread "main" [_thread_in_vm, id=4038, stack(0x00007efeca2bb000,0x00007efeca3bc000)]

Other Threads:
  0x00007efec407e000 VMThread [stack: 0x00007efeabdfe000,0x00007efeabeff000] [id=4047]
  0x00007efec40ca000 WatcherThread [stack: 0x00007efeaaf13000,0x00007efeab014000] [id=4055]

VM state:not at safepoint (normal execution)

VM Mutex/Monitor currently owned by a thread: None

Heap:
 PSYoungGen      total 222208K, used 181008K [0x00000000ebe00000, 0x00000000ff280000, 0x0000000100000000)
  eden space 207872K, 87% used [0x00000000ebe00000,0x00000000f6ec4358,0x00000000f8900000)
  from space 14336K, 0% used [0x00000000f8900000,0x00000000f8900000,0x00000000f9700000)
  to   space 16384K, 0% used [0x00000000fe280000,0x00000000fe280000,0x00000000ff280000)
 ParOldGen       total 60416K, used 22360K [0x00000000c3a00000, 0x00000000c7500000, 0x00000000ebe00000)
  object space 60416K, 37% used [0x00000000c3a00000,0x00000000c4fd6318,0x00000000c7500000)
 Metaspace       used 45083K, capacity 45436K, committed 45824K, reserved 1089536K
  class space    used 5900K, capacity 6029K, committed 6144K, reserved 1048576K

Card table byte_map: [0x00007efeb3dda000,0x00007efeb3fbe000] byte_map_base: 0x00007efeb37bd000

Marking Bits: (ParMarkBitMap*) 0x00007efec9797c80
 Begin Bits: [0x00007efeb1a64000, 0x00007efeb297c000)
 End Bits:   [0x00007efeb297c000, 0x00007efeb3894000)

Polling page: 0x00007efeca3e1000

CodeCache: size=245760Kb used=13183Kb max_used=13183Kb free=232576Kb
 bounds [0x00007efeb437e000, 0x00007efeb506e000, 0x00007efec337e000]
 total_blobs=4118 nmethods=3647 adapters=384
 compilation: enabled

Compilation events (10 events):
Event: 7.609 Thread 0x00007efec40c4000 4105       1       org.testng.shaded.com.google.gson.reflect.TypeToken::hashCode (5 bytes)
Event: 7.609 Thread 0x00007efec40c4000 nmethod 4105 0x00007efeb5064790 code [0x00007efeb50648e0, 0x00007efeb50649f0]
Event: 7.609 Thread 0x00007efec40c4000 4106       2       java.lang.reflect.Field::getGenericType (20 bytes)
Event: 7.610 Thread 0x00007efec40c4000 nmethod 4106 0x00007efeb5064a50 code [0x00007efeb5064be0, 0x00007efeb5065008]
Event: 7.610 Thread 0x00007efec40c4000 4107       2       java.io.BufferedWriter::ensureOpen (18 bytes)
Event: 7.610 Thread 0x00007efec40c4000 nmethod 4107 0x00007efeb5065410 code [0x00007efeb5065580, 0x00007efeb5065788]
Event: 7.632 Thread 0x00007efec40c4000 4108       2       org.hibernate.service.internal.ConcurrentServiceBinding::hashKey (5 bytes)
Event: 7.632 Thread 0x00007efec40c4000 nmethod 4108 0x00007efeb5065850 code [0x00007efeb50659c0, 0x00007efeb5065b28]
Event: 7.632 Thread 0x00007efec40c4000 4109       2       sun.reflect.NativeMethodAccessorImpl::setParent (6 bytes)
Event: 7.632 Thread 0x00007efec40c4000 nmethod 4109 0x00007efeb5065bd0 code [0x00007efeb5065d20, 0x00007efeb5065e90]

GC Heap History (10 events):
Event: 2.016 GC heap before
{Heap before GC invocations=7 (full 1):
 PSYoungGen      total 139264K, used 2773K [0x00000000ebe00000, 0x00000000f5200000, 0x0000000100000000)
  eden space 126976K, 0% used [0x00000000ebe00000,0x00000000ebe00000,0x00000000f3a00000)
  from space 12288K, 22% used [0x00000000f4600000,0x00000000f48b5728,0x00000000f5200000)
  to   space 12288K, 0% used [0x00000000f3a00000,0x00000000f3a00000,0x00000000f4600000)
 ParOldGen       total 42496K, used 16424K [0x00000000c3a00000, 0x00000000c6380000, 0x00000000ebe00000)
  object space 42496K, 38% used [0x00000000c3a00000,0x00000000c4a0a320,0x00000000c6380000)
 Metaspace       used 21026K, capacity 21206K, committed 21296K, reserved 1069056K
  class space    used 2584K, capacity 2642K, committed 2688K, reserved 1048576K
Event: 2.064 GC heap after
Heap after GC invocations=7 (full 1):
 PSYoungGen      total 139264K, used 0K [0x00000000ebe00000, 0x00000000f5200000, 0x0000000100000000)
  eden space 126976K, 0% used [0x00000000ebe00000,0x00000000ebe00000,0x00000000f3a00000)
  from space 12288K, 0% used [0x00000000f4600000,0x00000000f4600000,0x00000000f5200000)
  to   space 12288K, 0% used [0x00000000f3a00000,0x00000000f3a00000,0x00000000f4600000)
 ParOldGen       total 43008K, used 12499K [0x00000000c3a00000, 0x00000000c6400000, 0x00000000ebe00000)
  object space 43008K, 29% used [0x00000000c3a00000,0x00000000c4634d60,0x00000000c6400000)
 Metaspace       used 21026K, capacity 21206K, committed 21296K, reserved 1069056K
  class space    used 2584K, capacity 2642K, committed 2688K, reserved 1048576K
}
Event: 3.081 GC heap before
{Heap before GC invocations=8 (full 1):
 PSYoungGen      total 139264K, used 126976K [0x00000000ebe00000, 0x00000000f5200000, 0x0000000100000000)
  eden space 126976K, 100% used [0x00000000ebe00000,0x00000000f3a00000,0x00000000f3a00000)
  from space 12288K, 0% used [0x00000000f4600000,0x00000000f4600000,0x00000000f5200000)
  to   space 12288K, 0% used [0x00000000f3a00000,0x00000000f3a00000,0x00000000f4600000)
 ParOldGen       total 43008K, used 12499K [0x00000000c3a00000, 0x00000000c6400000, 0x00000000ebe00000)
  object space 43008K, 29% used [0x00000000c3a00000,0x00000000c4634d60,0x00000000c6400000)
 Metaspace       used 24508K, capacity 24816K, committed 24960K, reserved 1071104K
  class space    used 3029K, capacity 3115K, committed 3200K, reserved 1048576K
Event: 3.100 GC heap after
Heap after GC invocations=8 (full 1):
 PSYoungGen      total 139264K, used 8449K [0x00000000ebe00000, 0x00000000fa600000, 0x0000000100000000)
  eden space 126976K, 0% used [0x00000000ebe00000,0x00000000ebe00000,0x00000000f3a00000)
  from space 12288K, 68% used [0x00000000f3a00000,0x00000000f42405f8,0x00000000f4600000)
  to   space 12800K, 0% used [0x00000000f9980000,0x00000000f9980000,0x00000000fa600000)
 ParOldGen       total 43008K, used 12507K [0x00000000c3a00000, 0x00000000c6400000, 0x00000000ebe00000)
  object space 43008K, 29% used [0x00000000c3a00000,0x00000000c4636d60,0x00000000c6400000)
 Metaspace       used 24508K, capacity 24816K, committed 24960K, reserved 1071104K
  class space    used 3029K, capacity 3115K, committed 3200K, reserved 1048576K
}
Event: 4.578 GC heap before
{Heap before GC invocations=9 (full 1):
 PSYoungGen      total 139264K, used 135425K [0x00000000ebe00000, 0x00000000fa600000, 0x0000000100000000)
  eden space 126976K, 100% used [0x00000000ebe00000,0x00000000f3a00000,0x00000000f3a00000)
  from space 12288K, 68% used [0x00000000f3a00000,0x00000000f42405f8,0x00000000f4600000)
  to   space 12800K, 0% used [0x00000000f9980000,0x00000000f9980000,0x00000000fa600000)
 ParOldGen       total 43008K, used 12507K [0x00000000c3a00000, 0x00000000c6400000, 0x00000000ebe00000)
  object space 43008K, 29% used [0x00000000c3a00000,0x00000000c4636d60,0x00000000c6400000)
 Metaspace       used 30379K, capacity 30662K, committed 30848K, reserved 1077248K
  class space    used 3768K, capacity 3860K, committed 3968K, reserved 1048576K
Event: 4.610 GC heap after
Heap after GC invocations=9 (full 1):
 PSYoungGen      total 219648K, used 11072K [0x00000000ebe00000, 0x00000000fa500000, 0x0000000100000000)
  eden space 207872K, 0% used [0x00000000ebe00000,0x00000000ebe00000,0x00000000f8900000)
  from space 11776K, 94% used [0x00000000f9980000,0x00000000fa450168,0x00000000fa500000)
  to   space 14336K, 0% used [0x00000000f8900000,0x00000000f8900000,0x00000000f9700000)
 ParOldGen       total 43008K, used 12515K [0x00000000c3a00000, 0x00000000c6400000, 0x00000000ebe00000)
  object space 43008K, 29% used [0x00000000c3a00000,0x00000000c4638d60,0x00000000c6400000)
 Metaspace       used 30379K, capacity 30662K, committed 30848K, reserved 1077248K
  class space    used 3768K, capacity 3860K, committed 3968K, reserved 1048576K
}
Event: 5.590 GC heap before
{Heap before GC invocations=10 (full 1):
 PSYoungGen      total 219648K, used 120123K [0x00000000ebe00000, 0x00000000fa500000, 0x0000000100000000)
  eden space 207872K, 52% used [0x00000000ebe00000,0x00000000f287ecb8,0x00000000f8900000)
  from space 11776K, 94% used [0x00000000f9980000,0x00000000fa450168,0x00000000fa500000)
  to   space 14336K, 0% used [0x00000000f8900000,0x00000000f8900000,0x00000000f9700000)
 ParOldGen       total 43008K, used 12515K [0x00000000c3a00000, 0x00000000c6400000, 0x00000000ebe00000)
  object space 43008K, 29% used [0x00000000c3a00000,0x00000000c4638d60,0x00000000c6400000)
 Metaspace       used 35066K, capacity 35366K, committed 35496K, reserved 1081344K
  class space    used 4500K, capacity 4580K, committed 4608K, reserved 1048576K
Event: 5.610 GC heap after
Heap after GC invocations=10 (full 1):
 PSYoungGen      total 222208K, used 13494K [0x00000000ebe00000, 0x00000000ff280000, 0x0000000100000000)
  eden space 207872K, 0% used [0x00000000ebe00000,0x00000000ebe00000,0x00000000f8900000)
  from space 14336K, 94% used [0x00000000f8900000,0x00000000f962d868,0x00000000f9700000)
  to   space 16384K, 0% used [0x00000000fe280000,0x00000000fe280000,0x00000000ff280000)
 ParOldGen       total 43008K, used 12523K [0x00000000c3a00000, 0x00000000c6400000, 0x00000000ebe00000)
  object space 43008K, 29% used [0x00000000c3a00000,0x00000000c463ad60,0x00000000c6400000)
 Metaspace       used 35066K, capacity 35366K, committed 35496K, reserved 1081344K
  class space    used 4500K, capacity 4580K, committed 4608K, reserved 1048576K
}
Event: 5.610 GC heap before
{Heap before GC invocations=11 (full 2):
 PSYoungGen      total 222208K, used 13494K [0x00000000ebe00000, 0x00000000ff280000, 0x0000000100000000)
  eden space 207872K, 0% used [0x00000000ebe00000,0x00000000ebe00000,0x00000000f8900000)
  from space 14336K, 94% used [0x00000000f8900000,0x00000000f962d868,0x00000000f9700000)
  to   space 16384K, 0% used [0x00000000fe280000,0x00000000fe280000,0x00000000ff280000)
 ParOldGen       total 43008K, used 12523K [0x00000000c3a00000, 0x00000000c6400000, 0x00000000ebe00000)
  object space 43008K, 29% used [0x00000000c3a00000,0x00000000c463ad60,0x00000000c6400000)
 Metaspace       used 35066K, capacity 35366K, committed 35496K, reserved 1081344K
  class space    used 4500K, capacity 4580K, committed 4608K, reserved 1048576K
Event: 5.694 GC heap after
Heap after GC invocations=11 (full 2):
 PSYoungGen      total 222208K, used 0K [0x00000000ebe00000, 0x00000000ff280000, 0x0000000100000000)
  eden space 207872K, 0% used [0x00000000ebe00000,0x00000000ebe00000,0x00000000f8900000)
  from space 14336K, 0% used [0x00000000f8900000,0x00000000f8900000,0x00000000f9700000)
  to   space 16384K, 0% used [0x00000000fe280000,0x00000000fe280000,0x00000000ff280000)
 ParOldGen       total 60416K, used 22360K [0x00000000c3a00000, 0x00000000c7500000, 0x00000000ebe00000)
  object space 60416K, 37% used [0x00000000c3a00000,0x00000000c4fd6318,0x00000000c7500000)
 Metaspace       used 35066K, capacity 35366K, committed 35496K, reserved 1081344K
  class space    used 4500K, capacity 4580K, committed 4608K, reserved 1048576K
}

Deoptimization events (10 events):
Event: 6.135 Thread 0x00007efec4010000 Uncommon trap: reason=unstable_if action=reinterpret pc=0x00007efeb45c59ec method=java.util.HashMap.getNode(ILjava/lang/Object;)Ljava/util/HashMap$Node; @ 84
Event: 6.491 Thread 0x00007efec4010000 Uncommon trap: reason=unstable_if action=reinterpret pc=0x00007efeb4eae330 method=java.util.concurrent.ConcurrentHashMap.get(Ljava/lang/Object;)Ljava/lang/Object; @ 86
Event: 6.592 Thread 0x00007efec4010000 Uncommon trap: reason=null_check action=make_not_entrant pc=0x00007efeb4edbce0 method=org.springframework.util.ClassUtils.isAssignable(Ljava/lang/Class;Ljava/lang/Class;)Z @ 14
Event: 6.631 Thread 0x00007efec4010000 Uncommon trap: reason=unstable_if action=reinterpret pc=0x00007efeb4638900 method=sun.reflect.misc.ReflectUtil.isNonPublicProxyClass(Ljava/lang/Class;)Z @ 33
Event: 6.789 Thread 0x00007efec4010000 Uncommon trap: reason=bimorphic action=maybe_recompile pc=0x00007efeb44e852c method=java.util.regex.Pattern$Curly.match(Ljava/util/regex/Matcher;ILjava/lang/CharSequence;)Z @ 19
Event: 6.809 Thread 0x00007efec4010000 Uncommon trap: reason=unstable_if action=reinterpret pc=0x00007efeb4b949d0 method=java.util.concurrent.ConcurrentHashMap.transfer([Ljava/util/concurrent/ConcurrentHashMap$Node;[Ljava/util/concurrent/ConcurrentHashMap$Node;)V @ 356
Event: 6.809 Thread 0x00007efec4010000 Uncommon trap: reason=unstable_if action=reinterpret pc=0x00007efeb496fb0c method=java.util.concurrent.ConcurrentHashMap.transfer([Ljava/util/concurrent/ConcurrentHashMap$Node;[Ljava/util/concurrent/ConcurrentHashMap$Node;)V @ 356
Event: 7.350 Thread 0x00007efec4010000 Uncommon trap: reason=unstable_if action=reinterpret pc=0x00007efeb4f35cc4 method=java.lang.reflect.Modifier.toString(I)Ljava/lang/String; @ 123
Event: 7.500 Thread 0x00007efec4010000 Uncommon trap: reason=unstable_if action=reinterpret pc=0x00007efeb4f15a74 method=org.springframework.util.ConcurrentReferenceHashMap$Segment.clear()V @ 4
Event: 7.601 Thread 0x00007efec4010000 Uncommon trap: reason=unstable_if action=reinterpret pc=0x00007efeb46d8290 method=org.testng.internal.annotations.JDK15AnnotationFinder$Pair.equals(Ljava/lang/Object;)Z @ 35

Internal exceptions (10 events):
Event: 7.390 Thread 0x00007efec4010000 Exception <a 'java/lang/ClassNotFoundException': org/springframework/boot/autoconfigure/web/WebClientAutoConfigurationCustomizer> (0x00000000f58e8540) thrown at [/HUDSON3/workspace/8-2-build-linux-amd64/jdk8u121/8372/hotspot/src/share/vm/classfile/systemD
Event: 7.390 Thread 0x00007efec4010000 Exception <a 'java/lang/ClassNotFoundException': org/springframework/boot/autoconfigure/web/WebClientAutoConfiguration$$EnhancerBySpringCGLIB$$52d5929eCustomizer> (0x00000000f590be38) thrown at [/HUDSON3/workspace/8-2-build-linux-amd64/jdk8u121/8372/hotsp
Event: 7.391 Thread 0x00007efec4010000 Exception <a 'java/lang/ClassNotFoundException': org/springframework/context/annotation/ConfigurationClassEnhancer$EnhancedConfigurationCustomizer> (0x00000000f5930170) thrown at [/HUDSON3/workspace/8-2-build-linux-amd64/jdk8u121/8372/hotspot/src/share/vm
Event: 7.593 Thread 0x00007efec4010000 Exception <a 'java/lang/ClassNotFoundException': java/lang/ObjectCustomizer> (0x00000000f686a7d8) thrown at [/HUDSON3/workspace/8-2-build-linux-amd64/jdk8u121/8372/hotspot/src/share/vm/classfile/systemDictionary.cpp, line 210]
Event: 7.594 Thread 0x00007efec4010000 Exception <a 'java/lang/ClassNotFoundException': org/springframework/test/context/testng/AbstractTestNGSpringContextTestsCustomizer> (0x00000000f6888520) thrown at [/HUDSON3/workspace/8-2-build-linux-amd64/jdk8u121/8372/hotspot/src/share/vm/classfile/syst
Event: 7.594 Thread 0x00007efec4010000 Exception <a 'java/lang/ClassNotFoundException': com/example/crudtest/CRUDTestCustomizer> (0x00000000f689b0e8) thrown at [/HUDSON3/workspace/8-2-build-linux-amd64/jdk8u121/8372/hotspot/src/share/vm/classfile/systemDictionary.cpp, line 210]
Event: 7.595 Thread 0x00007efec4010000 Exception <a 'java/lang/ClassNotFoundException': org/testng/IHookableCustomizer> (0x00000000f68abb10) thrown at [/HUDSON3/workspace/8-2-build-linux-amd64/jdk8u121/8372/hotspot/src/share/vm/classfile/systemDictionary.cpp, line 210]
Event: 7.595 Thread 0x00007efec4010000 Exception <a 'java/lang/ClassNotFoundException': org/springframework/context/ApplicationContextAwareCustomizer> (0x00000000f68c1cb0) thrown at [/HUDSON3/workspace/8-2-build-linux-amd64/jdk8u121/8372/hotspot/src/share/vm/classfile/systemDictionary.cpp, lin
Event: 7.636 Thread 0x00007efec4010000 Exception <a 'java/lang/ClassNotFoundException': java/lang/ObjectCustomizer> (0x00000000f6ce1c60) thrown at [/HUDSON3/workspace/8-2-build-linux-amd64/jdk8u121/8372/hotspot/src/share/vm/classfile/systemDictionary.cpp, line 210]
Event: 7.636 Thread 0x00007efec4010000 Exception <a 'java/lang/ClassNotFoundException': com/example/entity/BookCustomizer> (0x00000000f6cf45f0) thrown at [/HUDSON3/workspace/8-2-build-linux-amd64/jdk8u121/8372/hotspot/src/share/vm/classfile/systemDictionary.cpp, line 210]

Events (10 events):
Event: 7.644 loading class org/hibernate/engine/jdbc/internal/FormatStyle
Event: 7.644 loading class org/hibernate/engine/jdbc/internal/FormatStyle done
Event: 7.644 loading class org/hibernate/engine/jdbc/internal/Formatter
Event: 7.644 loading class org/hibernate/engine/jdbc/internal/Formatter done
Event: 7.644 loading class org/hibernate/engine/jdbc/internal/BasicFormatterImpl
Event: 7.644 loading class org/hibernate/engine/jdbc/internal/BasicFormatterImpl done
Event: 7.645 loading class org/hibernate/engine/jdbc/internal/DDLFormatterImpl
Event: 7.645 loading class org/hibernate/engine/jdbc/internal/DDLFormatterImpl done
Event: 7.646 loading class org/hibernate/engine/jdbc/internal/FormatStyle$NoFormatImpl
Event: 7.646 loading class org/hibernate/engine/jdbc/internal/FormatStyle$NoFormatImpl done


Dynamic libraries:
00400000-00401000 r-xp 00000000 08:03 3554757                            /usr/lib/jvm/java-8-oracle/bin/java
00600000-00601000 rw-p 00000000 08:03 3554757                            /usr/lib/jvm/java-8-oracle/bin/java
01c85000-01ca6000 rw-p 00000000 00:00 0                                  [heap]
c3a00000-c7500000 rw-p 00000000 00:00 0 
c7500000-ebe00000 ---p 00000000 00:00 0 
ebe00000-ff280000 rw-p 00000000 00:00 0 
ff280000-100000000 ---p 00000000 00:00 0 
100000000-100600000 rw-p 00000000 00:00 0 
100600000-140000000 ---p 00000000 00:00 0 
7efe48000000-7efe48021000 rw-p 00000000 00:00 0 
7efe48021000-7efe4c000000 ---p 00000000 00:00 0 
7efe4c000000-7efe4c021000 rw-p 00000000 00:00 0 
7efe4c021000-7efe50000000 ---p 00000000 00:00 0 
7efe50000000-7efe50021000 rw-p 00000000 00:00 0 
7efe50021000-7efe54000000 ---p 00000000 00:00 0 
7efe54000000-7efe54021000 rw-p 00000000 00:00 0 
7efe54021000-7efe58000000 ---p 00000000 00:00 0 
7efe58000000-7efe58021000 rw-p 00000000 00:00 0 
7efe58021000-7efe5c000000 ---p 00000000 00:00 0 
7efe5c000000-7efe5c021000 rw-p 00000000 00:00 0 
7efe5c021000-7efe60000000 ---p 00000000 00:00 0 
7efe636fb000-7efe636fe000 ---p 00000000 00:00 0 
7efe636fe000-7efe637fc000 rw-p 00000000 00:00 0                          [stack:4068]
7efe637fc000-7efe637ff000 ---p 00000000 00:00 0 
7efe637ff000-7efe638fd000 rw-p 00000000 00:00 0                          [stack:4067]
7efe638fd000-7efe63900000 ---p 00000000 00:00 0 
7efe63900000-7efe639fe000 rw-p 00000000 00:00 0                          [stack:4066]
7efe639fe000-7efe63a01000 ---p 00000000 00:00 0 
7efe63a01000-7efe63aff000 rw-p 00000000 00:00 0                          [stack:4065]
7efe63aff000-7efe63b02000 ---p 00000000 00:00 0 
7efe63b02000-7efe63cc0000 rw-p 00000000 00:00 0                          [stack:4064]
7efe63cc0000-7efe63e00000 ---p 00000000 00:00 0 
7efe63e00000-7efe64000000 rw-p 00000000 00:00 0 
7efe64000000-7efe64021000 rw-p 00000000 00:00 0 
7efe64021000-7efe68000000 ---p 00000000 00:00 0 
7efe68000000-7efe68021000 rw-p 00000000 00:00 0 
7efe68021000-7efe6c000000 ---p 00000000 00:00 0 
7efe6c000000-7efe6c1f3000 rw-p 00000000 00:00 0 
7efe6c1f3000-7efe70000000 ---p 00000000 00:00 0 
7efe70000000-7efe700f5000 rw-p 00000000 00:00 0 
7efe700f5000-7efe74000000 ---p 00000000 00:00 0 
7efe74000000-7efe74021000 rw-p 00000000 00:00 0 
7efe74021000-7efe78000000 ---p 00000000 00:00 0 
7efe78000000-7efe78021000 rw-p 00000000 00:00 0 
7efe78021000-7efe7c000000 ---p 00000000 00:00 0 
7efe7c000000-7efe7d5ea000 rw-p 00000000 00:00 0 
7efe7d5ea000-7efe80000000 ---p 00000000 00:00 0 
7efe80000000-7efe80021000 rw-p 00000000 00:00 0 
7efe80021000-7efe84000000 ---p 00000000 00:00 0 
7efe84000000-7efe8542b000 rw-p 00000000 00:00 0 
7efe8542b000-7efe88000000 ---p 00000000 00:00 0 
7efe88000000-7efe89294000 rw-p 00000000 00:00 0 
7efe89294000-7efe8c000000 ---p 00000000 00:00 0 
7efe8c000000-7efe8c021000 rw-p 00000000 00:00 0 
7efe8c021000-7efe90000000 ---p 00000000 00:00 0 
7efe90000000-7efe90021000 rw-p 00000000 00:00 0 
7efe90021000-7efe94000000 ---p 00000000 00:00 0 
7efe94000000-7efe94032000 rw-p 00000000 00:00 0 
7efe94032000-7efe98000000 ---p 00000000 00:00 0 
7efe98000000-7efe98021000 rw-p 00000000 00:00 0 
7efe98021000-7efe9c000000 ---p 00000000 00:00 0 
7efe9c000000-7efe9c021000 rw-p 00000000 00:00 0 
7efe9c021000-7efea0000000 ---p 00000000 00:00 0 
7efea0000000-7efea0021000 rw-p 00000000 00:00 0 
7efea0021000-7efea4000000 ---p 00000000 00:00 0 
7efea4000000-7efea4021000 rw-p 00000000 00:00 0 
7efea4021000-7efea8000000 ---p 00000000 00:00 0 
7efea8059000-7efea8259000 rw-p 00000000 00:00 0 
7efea8259000-7efea8459000 rw-p 00000000 00:00 0 
7efea8459000-7efea84dd000 r-xp 00000000 08:03 5917606                    /tmp/sqlite-3.7.2-libsqlitejdbc.so
7efea84dd000-7efea86dd000 ---p 00084000 08:03 5917606                    /tmp/sqlite-3.7.2-libsqlitejdbc.so
7efea86dd000-7efea86de000 r--p 00084000 08:03 5917606                    /tmp/sqlite-3.7.2-libsqlitejdbc.so
7efea86de000-7efea86e1000 rw-p 00085000 08:03 5917606                    /tmp/sqlite-3.7.2-libsqlitejdbc.so
7efea86e1000-7efea86e4000 ---p 00000000 00:00 0 
7efea86e4000-7efea89e2000 rw-p 00000000 00:00 0                          [stack:4063]
7efea8a1e000-7efea8c1e000 rw-p 00000000 00:00 0 
7efea8c1e000-7efea8e1e000 rw-p 00000000 00:00 0 
7efea8e1e000-7efea8e21000 ---p 00000000 00:00 0 
7efea8e21000-7efea8f1f000 rw-p 00000000 00:00 0                          [stack:4062]
7efea8f1f000-7efea8f22000 ---p 00000000 00:00 0 
7efea8f22000-7efea9220000 rw-p 00000000 00:00 0                          [stack:4061]
7efea9220000-7efea9420000 rw-p 00000000 00:00 0 
7efea94b4000-7efea94b5000 rw-p 00000000 00:00 0 
7efea94b5000-7efea94b8000 ---p 00000000 00:00 0 
7efea94b8000-7efea95b6000 rw-p 00000000 00:00 0                          [stack:4060]
7efea95b6000-7efea95c9000 r--s 00345000 08:03 3569668                    /usr/lib/jvm/java-8-oracle/jre/lib/resources.jar
7efea95c9000-7efea97c9000 rw-p 00000000 00:00 0 
7efea97c9000-7efea985e000 r--s 01109000 08:03 3569596                    /usr/lib/jvm/java-8-oracle/jre/lib/ext/jfxrt.jar
7efea985e000-7efea9a5e000 rw-p 00000000 00:00 0 
7efea9a5e000-7efea9a6f000 r-xp 00000000 08:03 4870868                    /usr/lib/jvm/java-8-oracle/jre/lib/amd64/libnio.so
7efea9a6f000-7efea9c6e000 ---p 00011000 08:03 4870868                    /usr/lib/jvm/java-8-oracle/jre/lib/amd64/libnio.so
7efea9c6e000-7efea9c6f000 rw-p 00010000 08:03 4870868                    /usr/lib/jvm/java-8-oracle/jre/lib/amd64/libnio.so
7efea9c6f000-7efea9e6f000 rw-p 00000000 00:00 0 
7efea9e6f000-7efea9e74000 r--s 002f9000 08:03 3569547                    /usr/lib/jvm/java-8-oracle/jre/lib/charsets.jar
7efea9e74000-7efeaa074000 rw-p 00000000 00:00 0 
7efeaa074000-7efeaa077000 ---p 00000000 00:00 0 
7efeaa077000-7efeaa175000 rw-p 00000000 00:00 0                          [stack:4059]
7efeaa175000-7efeaa17e000 r-xp 00000000 08:03 4870832                    /usr/lib/jvm/java-8-oracle/jre/lib/amd64/libmanagement.so
7efeaa17e000-7efeaa37d000 ---p 00009000 08:03 4870832                    /usr/lib/jvm/java-8-oracle/jre/lib/amd64/libmanagement.so
7efeaa37d000-7efeaa37e000 rw-p 00008000 08:03 4870832                    /usr/lib/jvm/java-8-oracle/jre/lib/amd64/libmanagement.so
7efeaa37e000-7efeaa57e000 rw-p 00000000 00:00 0 
7efeaa57e000-7efeaa77e000 rw-p 00000000 00:00 0 
7efeaa77e000-7efeaa97e000 rw-p 00000000 00:00 0 
7efeaa97e000-7efeaa982000 r--s 0009a000 08:03 3569602                    /usr/lib/jvm/java-8-oracle/jre/lib/jsse.jar
7efeaa982000-7efeaa985000 ---p 00000000 00:00 0 
7efeaa985000-7efeaaa83000 rw-p 00000000 00:00 0                          [stack:4057]
7efeaaa83000-7efeaaa99000 r-xp 00000000 08:03 4870893                    /usr/lib/jvm/java-8-oracle/jre/lib/amd64/libnet.so
7efeaaa99000-7efeaac99000 ---p 00016000 08:03 4870893                    /usr/lib/jvm/java-8-oracle/jre/lib/amd64/libnet.so
7efeaac99000-7efeaac9a000 rw-p 00016000 08:03 4870893                    /usr/lib/jvm/java-8-oracle/jre/lib/amd64/libnet.so
7efeaac9a000-7efeaac9b000 r--s 0000c000 08:03 5916924                    /home/sharmila/.gradle/caches/modules-2/files-2.1/org.ow2.asm/asm/5.0.3/dcc2193db20e19e1feca8b1240dbbc4e190824fa/asm-5.0.3.jar
7efeaac9b000-7efeaaca5000 r--s 00069000 08:03 5923589                    /home/sharmila/.gradle/caches/modules-2/files-2.1/ch.qos.logback/logback-core/1.1.8/b4d1c3dea91727faf8b3d19cf4b9b972d6c0b89/logback-core-1.1.8.jar
7efeaaca5000-7efeaaca7000 r--s 00012000 08:03 5916922                    /home/sharmila/.gradle/caches/modules-2/files-2.1/net.minidev/accessors-smart/1.1/a527213f2fea112a04c9bdf0ec0264e34104cd08/accessors-smart-1.1.jar
7efeaaca7000-7efeaaca9000 r--s 00009000 08:03 5923902                    /home/sharmila/.gradle/caches/modules-2/files-2.1/org.apache.tomcat/tomcat-juli/8.5.6/83d2d1e3362ecca504f3bf8ed1bc4cc451754d24/tomcat-juli-8.5.6.jar
7efeaaca9000-7efeaacb2000 r--s 0002d000 08:03 5923903                    /home/sharmila/.gradle/caches/modules-2/files-2.1/xml-apis/xml-apis/1.4.01/3789d9fada2d3d458c4ba2de349d48780f381ee3/xml-apis-1.4.01.jar
7efeaacb2000-7efeaacb4000 r--s 00004000 08:03 5923588                    /home/sharmila/.gradle/caches/modules-2/files-2.1/org.slf4j/log4j-over-slf4j/1.7.22/a527c37e9ca6c3d19ba298edd4aa344ca751a203/log4j-over-slf4j-1.7.22.jar
7efeaacb4000-7efeaacb6000 r--s 00000000 08:03 5923587                    /home/sharmila/.gradle/caches/modules-2/files-2.1/org.slf4j/jul-to-slf4j/1.7.22/b0429e950b3d2bc2c39c1bacafac753edbe3781c/jul-to-slf4j-1.7.22.jar
7efeaacb6000-7efeaacbc000 r--s 00045000 08:03 5923585                    /home/sharmila/.gradle/caches/modules-2/files-2.1/ch.qos.logback/logback-classic/1.1.8/e54f49a227611976642f81cf2106b81c1ece8bf5/logback-classic-1.1.8.jar
7efeaacbc000-7efeaacbd000 r--s 0000f000 08:03 5916909                    /home/sharmila/.gradle/caches/modules-2/files-2.1/org.json/json/20140107/d1ffca6e2482b002702c6a576166fd685e3370e3/json-20140107.jar
7efeaacbd000-7efeaacbf000 r--s 00009000 08:03 5916921                    /home/sharmila/.gradle/caches/modules-2/files-2.1/org.objenesis/objenesis/2.1/87c0ea803b69252868d09308b4618f766f135a96/objenesis-2.1.jar
7efeaacbf000-7efeaacc2000 r--s 0001b000 08:03 5916920                    /home/sharmila/.gradle/caches/modules-2/files-2.1/net.minidev/json-smart/2.2.1/5b9e5df7a62d1279b70dc882b041d249c4f0b002/json-smart-2.2.1.jar
7efeaacc2000-7efeaacc4000 r--s 00003000 08:03 5923586                    /home/sharmila/.gradle/caches/modules-2/files-2.1/org.slf4j/jcl-over-slf4j/1.7.22/86ceac14535af5a42c8fb0d06d79b925dd3cb263/jcl-over-slf4j-1.7.22.jar
7efeaacc4000-7efeaacc6000 r--s 00009000 08:03 5923584                    /home/sharmila/.gradle/caches/modules-2/files-2.1/org.slf4j/slf4j-api/1.7.22/a1c83373863cec7ae8d89dc1c5722d8cb6ec0309/slf4j-api-1.7.22.jar
7efeaacc6000-7efeaacce000 r--s 0003a000 08:03 5923901                    /home/sharmila/.gradle/caches/modules-2/files-2.1/org.springframework/spring-tx/4.3.5.RELEASE/296d8ae21fadc0f115dae7d1e8d5c4f8c7de2c3e/spring-tx-4.3.5.RELEASE.jar
7efeaacce000-7efeaacd8000 r--s 0006b000 08:03 5923900                    /home/sharmila/.gradle/caches/modules-2/files-2.1/org.springframework/spring-orm/4.3.5.RELEASE/64c29d310b69bcc6e1fd5a738fa3629bdedb2d3f/spring-orm-4.3.5.RELEASE.jar
7efeaacd8000-7efeaace8000 r--s 0009a000 08:03 5923899                    /home/sharmila/.gradle/caches/modules-2/files-2.1/org.springframework.data/spring-data-commons/1.12.6.RELEASE/b6403dcfce33e89613f364d80d653d7540279c47/spring-data-commons-1.12.6.RELEASE.jar
7efeaace8000-7efeaacf2000 r--s 0005f000 08:03 5923898                    /home/sharmila/.gradle/caches/modules-2/files-2.1/org.springframework/spring-jdbc/4.3.5.RELEASE/7c09e38b6f6e0b178973dea06bb8fdc6d19aa596/spring-jdbc-4.3.5.RELEASE.jar
7efeaacf2000-7efeaacf5000 r--s 00020000 08:03 5923897                    /home/sharmila/.gradle/caches/modules-2/files-2.1/org.apache.tomcat/tomcat-jdbc/8.5.6/feb10a9e22f70565c7556f327b0481dba8587bbc/tomcat-jdbc-8.5.6.jar
7efeaacf5000-7efeaad0e000 r--s 001af000 08:03 5923896                    /home/sharmila/.gradle/caches/modules-2/files-2.1/org.aspectj/aspectjweaver/1.8.9/db28774f477f07220eac18d5ec9c4e01f48589d7/aspectjweaver-1.8.9.jar
7efeaad0e000-7efeaad11000 r--s 00010000 08:03 5923833                    /home/sharmila/.gradle/caches/modules-2/files-2.1/org.hibernate.common/hibernate-commons-annotations/5.0.1.Final/71e1cff3fcb20d3b3af4f3363c3ddb24d33c6879/hibernate-commons-annotations-5.0.1.Final.jar
7efeaad11000-7efeaad16000 r--s 00048000 08:03 5923832                    /home/sharmila/.gradle/caches/modules-2/files-2.1/dom4j/dom4j/1.6.1/5d3ccc056b6f056dbf0dddfdf43894b9065a8f94/dom4j-1.6.1.jar
7efeaad16000-7efeaad19000 r--s 0002b000 08:03 5923433                    /home/sharmila/.gradle/caches/modules-2/files-2.1/org.jboss/jandex/2.0.0.Final/3e899258936f94649c777193e1be846387ed54b3/jandex-2.0.0.Final.jar
7efeaad19000-7efeaad1a000 r--s 00003000 08:03 5923830                    /home/sharmila/.gradle/caches/modules-2/files-2.1/org.apache.geronimo.specs/geronimo-jta_1.1_spec/1.1.1/aabab3165b8ea936b9360abbf448459c0d04a5a4/geronimo-jta_1.1_spec-1.1.1.jar
7efeaad1a000-7efeaad1f000 r--s 00068000 08:03 5923829                    /home/sharmila/.gradle/caches/modules-2/files-2.1/antlr/antlr/2.7.7/83cd2cd674a217ade95a4bb83a8a14f351f48bd0/antlr-2.7.7.jar
7efeaad1f000-7efeaad24000 r--s 0003c000 08:03 5923583                    /home/sharmila/.gradle/caches/modules-2/files-2.1/org.springframework/spring-expression/4.3.5.RELEASE/3689dc6c5b942ecde4122eac889ed87977d6f287/spring-expression-4.3.5.RELEASE.jar
7efeaad24000-7efeaad3e000 r--s 000fc000 08:03 5923582                    /home/sharmila/.gradle/caches/modules-2/files-2.1/org.springframework/spring-context/4.3.5.RELEASE/ca3391c0e17d0138335ba51b51371661d20d56a8/spring-context-4.3.5.RELEASE.jar
7efeaad3e000-7efeaad4b000 r--s 000ad000 08:03 5923581                    /home/sharmila/.gradle/caches/modules-2/files-2.1/org.springframework/spring-beans/4.3.5.RELEASE/e12bbc3277da28e2e2608a187f83091dc6c300bf/spring-beans-4.3.5.RELEASE.jar
7efeaad4b000-7efeaad54000 r--s 00054000 08:03 5923580                    /home/sharmila/.gradle/caches/modules-2/files-2.1/org.springframework/spring-aop/4.3.5.RELEASE/4f113218af716bd8d174c411f19b26418b5a70f6/spring-aop-4.3.5.RELEASE.jar
7efeaad54000-7efeaad58000 r--s 00041000 08:03 5923579                    /home/sharmila/.gradle/caches/modules-2/files-2.1/com.fasterxml.jackson.core/jackson-core/2.8.5/60d059f5d2930ccd1ef03535b713fd9f933d1ba7/jackson-core-2.8.5.jar
7efeaad58000-7efeaad5b000 r--s 0000b000 08:03 5923578                    /home/sharmila/.gradle/caches/modules-2/files-2.1/com.fasterxml.jackson.core/jackson-annotations/2.8.5/9d82ff47bc2c2d3b5b6a6618fe636782bbcd5b07/jackson-annotations-2.8.5.jar
7efeaad5b000-7efeaad5d000 r--s 0000e000 08:03 5917543                    /home/sharmila/.gradle/caches/modules-2/files-2.1/com.fasterxml/classmate/1.3.3/864c8e370a691e343210cc7c532fc198cee460d8/classmate-1.3.3.jar
7efeaad5d000-7efeaad61000 r--s 0000c000 08:03 5916766                    /home/sharmila/.gradle/caches/modules-2/files-2.1/javax.validation/validation-api/1.1.0.Final/8613ae82954779d518631e05daa73a6a954817d5/validation-api-1.1.0.Final.jar
7efeaad61000-7efeaad66000 r--s 00036000 08:03 5917542                    /home/sharmila/.gradle/caches/modules-2/files-2.1/org.apache.tomcat.embed/tomcat-embed-websocket/8.5.6/6f6940a216b380ea8506530c374fcfeef820ba54/tomcat-embed-websocket-8.5.6.jar
7efeaad66000-7efeaad67000 r--s 00000000 08:03 5923577                    /home/sharmila/.gradle/caches/modules-2/files-2.1/org.springframework.boot/spring-boot-starter-logging/1.4.3.RELEASE/1c58783c0694abf695babfd39829922d2d501ec2/spring-boot-starter-logging-1.4.3.RELEASE.jar
7efeaad67000-7efeaad85000 r--s 000d0000 08:03 5923576                    /home/sharmila/.gradle/caches/modules-2/files-2.1/org.springframework.boot/spring-boot-autoconfigure/1.4.3.RELEASE/41df1bfbdd4ae4e8499ebe1a4bc613bda316d6e1/spring-boot-autoconfigure-1.4.3.RELEASE.jar
7efeaad85000-7efeaad95000 r--s 00092000 08:03 5923575                    /home/sharmila/.gradle/caches/modules-2/files-2.1/org.springframework.boot/spring-boot/1.4.3.RELEASE/17f94def4460075afdfba6bf8f897cd1fc95bf77/spring-boot-1.4.3.RELEASE.jar
7efeaad95000-7efeaada4000 r--s 00084000 08:03 5923574                    /home/sharmila/.gradle/caches/modules-2/files-2.1/org.springframework/spring-test/4.3.5.RELEASE/a1965127e07b469d8e5bb3d2b0ff850423b66be4/spring-test-4.3.5.RELEASE.jar
7efeaada4000-7efeaadba000 r--s 000fa000 08:03 5923530                    /home/sharmila/.gradle/caches/modules-2/files-2.1/org.springframework/spring-core/4.3.5.RELEASE/80299e3f80e8c6d5c076db2ba6adf44a4b52f578/spring-core-4.3.5.RELEASE.jar
7efeaadba000-7efeaadbb000 r--s 00006000 08:03 5916915                    /home/sharmila/.gradle/caches/modules-2/files-2.1/org.skyscreamer/jsonassert/1.3.0/d5c250eb122496866de36dc84f98e2945845ecdd/jsonassert-1.3.0.jar
7efeaadbb000-7efeaadbc000 r--s 0000c000 08:03 5916912                    /home/sharmila/.gradle/caches/modules-2/files-2.1/org.hamcrest/hamcrest-library/1.3/4785a3c21320980282f9f33d0d1264a69040538f/hamcrest-library-1.3.jar
7efeaadbc000-7efeaadbe000 r--s 00009000 08:03 5913472                    /home/sharmila/.gradle/caches/modules-2/files-2.1/org.hamcrest/hamcrest-core/1.3/42a25dc3219429f0e5d060061f71acb49bf010a0/hamcrest-core-1.3.jar
7efeaadbe000-7efeaadda000 r--s 00103000 08:03 5916914                    /home/sharmila/.gradle/caches/modules-2/files-2.1/org.mockito/mockito-core/1.10.19/e8546f5bef4e061d8dd73895b4e8f40e3fe6effe/mockito-core-1.10.19.jar
7efeaadda000-7efeaaded000 r--s 000d2000 08:03 5916913                    /home/sharmila/.gradle/caches/modules-2/files-2.1/org.assertj/assertj-core/2.5.0/fcd21db4c5f33e5dcac69bf1816415fe0647582f/assertj-core-2.5.0.jar
7efeaaded000-7efeaadf2000 r--s 0002e000 08:03 5916911                    /home/sharmila/.gradle/caches/modules-2/files-2.1/com.jayway.jsonpath/json-path/2.2.0/22290d17944bd239fabf5ac69005a60a7ecbbbcb/json-path-2.2.0.jar
7efeaadf2000-7efeaadf7000 r--s 00017000 08:03 5923573                    /home/sharmila/.gradle/caches/modules-2/files-2.1/org.springframework.boot/spring-boot-test-autoconfigure/1.4.3.RELEASE/1a7587605e981a58104a501ab1896e2eb7a76686/spring-boot-test-autoconfigure-1.4.3.RELEASE.jar
7efeaadf7000-7efeaadfc000 r--s 00021000 08:03 5923572                    /home/sharmila/.gradle/caches/modules-2/files-2.1/org.springframework.boot/spring-boot-test/1.4.3.RELEASE/2d76638f0f13b33859bf3b927c232ff0f8a4ffbf/spring-boot-test-1.4.3.RELEASE.jar
7efeaadfc000-7efeaae02000 r--s 0003d000 08:03 5916762                    /home/sharmila/.gradle/caches/modules-2/files-2.1/org.yaml/snakeyaml/1.17/7a27ea250c5130b2922b86dea63cbb1cc10a660c/snakeyaml-1.17.jar
7efeaae02000-7efeaae04000 r--s 00006000 08:03 5923638                    /home/sharmila/.gradle/caches/modules-2/files-2.1/com.beust/jcommander/1.12/7409692b48022f9eca7445861defbcdb9ee3c2a8/jcommander-1.12.jar
7efeaae04000-7efeaae09000 r--s 00040000 08:03 5923637                    /home/sharmila/.gradle/caches/modules-2/files-2.1/org.beanshell/bsh/2.0b4/a05f0a0feefa8d8467ac80e16e7de071489f0d9c/bsh-2.0b4.jar
7efeaae09000-7efeaae11000 r--s 00045000 08:03 5913471                    /home/sharmila/.gradle/caches/modules-2/files-2.1/junit/junit/4.12/2973d150c0dc1fefe998f834810d68f278ea58ec/junit-4.12.jar
7efeaae11000-7efeaae14000 r--s 0000c000 08:03 5923895                    /home/sharmila/.gradle/caches/modules-2/files-2.1/org.springframework/spring-aspects/4.3.5.RELEASE/8c00c15865a1da0a1ba143a50622a8436a56e097/spring-aspects-4.3.5.RELEASE.jar
7efeaae14000-7efeaae1a000 r--s 0003f000 08:03 5923894                    /home/sharmila/.gradle/caches/modules-2/files-2.1/org.springframework.data/spring-data-jpa/1.10.6.RELEASE/5d478860b24a493845248c1c336c33a657567bd3/spring-data-jpa-1.10.6.RELEASE.jar
7efeaae1a000-7efeaae1c000 r--s 00006000 08:03 5923893                    /home/sharmila/.gradle/caches/modules-2/files-2.1/javax.transaction/javax.transaction-api/1.2/d81aff979d603edd90dcd8db2abc1f4ce6479e3e/javax.transaction-api-1.2.jar
7efeaae1c000-7efeaae29000 r--s 00089000 08:03 5923892                    /home/sharmila/.gradle/caches/modules-2/files-2.1/org.hibernate/hibernate-entitymanager/5.0.11.Final/549565caed4e0bcb816843693e66ff7b04ce025f/hibernate-entitymanager-5.0.11.Final.jar
7efeaae29000-7efeaae2a000 r--s 00000000 08:03 5923891                    /home/sharmila/.gradle/caches/modules-2/files-2.1/org.springframework.boot/spring-boot-starter-jdbc/1.4.3.RELEASE/7ce66cf27ea731189248be7af2ab84ba189e1151/spring-boot-starter-jdbc-1.4.3.RELEASE.jar
7efeaae2a000-7efeaae93000 r--s 004f3000 08:03 5923432                    /home/sharmila/.gradle/caches/modules-2/files-2.1/org.hibernate/hibernate-core/5.0.11.Final/c2487fb72a2217a7cec9ab478d4c21a36fc09977/hibernate-core-5.0.11.Final.jar
7efeaae93000-7efeaaea6000 r--s 00236000 08:03 5916949                    /home/sharmila/.gradle/caches/modules-2/files-2.1/org.eclipse.jdt.core.compiler/ecj/4.5.1/bee1367ac12fb6a20b422ff8711ebeb4f0a42316/ecj-4.5.1.jar
7efeaaea6000-7efeaaecf000 r--s 002b2000 08:03 5917540                    /home/sharmila/.gradle/caches/modules-2/files-2.1/org.apache.tomcat.embed/tomcat-embed-core/8.5.6/960834b5abc6b2135250487abf6c060a0fa5a22e/tomcat-embed-core-8.5.6.jar
7efeaaecf000-7efeaaee0000 r--s 000cf000 08:03 5923571                    /home/sharmila/.gradle/caches/modules-2/files-2.1/org.springframework/spring-webmvc/4.3.5.RELEASE/c624659217edab07d8279fb0f90462136f089220/spring-webmvc-4.3.5.RELEASE.jar
7efeaaee0000-7efeaaef2000 r--s 000b6000 08:03 5923570                    /home/sharmila/.gradle/caches/modules-2/files-2.1/org.springframework/spring-web/4.3.5.RELEASE/6641daccf2fddafc8358144f3a4f999130fdf144/spring-web-4.3.5.RELEASE.jar
7efeaaef2000-7efeaaf03000 r--s 0011d000 08:03 5923569                    /home/sharmila/.gradle/caches/modules-2/files-2.1/com.fasterxml.jackson.core/jackson-databind/2.8.5/b3035f37e674c04dafe36a660c3815cc59f764e2/jackson-databind-2.8.5.jar
7efeaaf03000-7efeaaf13000 r--s 0009c000 08:03 5916756                    /home/sharmila/.gradle/caches/modules-2/files-2.1/org.hibernate/hibernate-validator/5.2.4.Final/fb18766b576aa6632bcfe9a20a023cbd52bf9769/hibernate-validator-5.2.4.Final.jar
7efeaaf13000-7efeaaf14000 ---p 00000000 00:00 0 
7efeaaf14000-7efeab014000 rw-p 00000000 00:00 0                          [stack:4055]
7efeab014000-7efeab017000 ---p 00000000 00:00 0 
7efeab017000-7efeab115000 rw-p 00000000 00:00 0                          [stack:4054]
7efeab115000-7efeab118000 ---p 00000000 00:00 0 
7efeab118000-7efeab216000 rw-p 00000000 00:00 0                          [stack:4053]
7efeab216000-7efeab219000 ---p 00000000 00:00 0 
7efeab219000-7efeab317000 rw-p 00000000 00:00 0                          [stack:4052]
7efeab317000-7efeab31a000 ---p 00000000 00:00 0 
7efeab31a000-7efeab418000 rw-p 00000000 00:00 0                          [stack:4051]
7efeab418000-7efeab41b000 ---p 00000000 00:00 0 
7efeab41b000-7efeab519000 rw-p 00000000 00:00 0                          [stack:4050]
7efeab519000-7efeabbfc000 r--p 00000000 08:03 3152909                    /usr/lib/locale/locale-archive
7efeabbfc000-7efeabbff000 ---p 00000000 00:00 0 
7efeabbff000-7efeabcfd000 rw-p 00000000 00:00 0                          [stack:4049]
7efeabcfd000-7efeabd00000 ---p 00000000 00:00 0 
7efeabd00000-7efeabdfe000 rw-p 00000000 00:00 0                          [stack:4048]
7efeabdfe000-7efeabdff000 ---p 00000000 00:00 0 
7efeabdff000-7efeac000000 rw-p 00000000 00:00 0                          [stack:4047]
7efeac000000-7efeac021000 rw-p 00000000 00:00 0 
7efeac021000-7efeb0000000 ---p 00000000 00:00 0 
7efeb0000000-7efeb000a000 r--s 000ae000 08:03 5916958                    /home/sharmila/.gradle/caches/modules-2/files-2.1/org.javassist/javassist/3.20.0-GA/a9cbcdfb7e9f86fbc74d3afae65f2248bfbf82a0/javassist-3.20.0-GA.jar
7efeb000a000-7efeb0016000 r--s 000a4000 08:03 5923636                    /home/sharmila/.gradle/caches/modules-2/files-2.1/org.testng/testng/6.5.2/5069d2e72356ed87645c5fc3622b0bbb5e0667c9/testng-6.5.2.jar
7efeb0016000-7efeb0ea8000 rw-p 00000000 00:00 0 
7efeb0ea8000-7efeb1081000 r--s 03d3e000 08:03 3569606                    /usr/lib/jvm/java-8-oracle/jre/lib/rt.jar
7efeb1081000-7efeb3894000 rw-p 00000000 00:00 0 
7efeb3894000-7efeb3895000 ---p 00000000 00:00 0 
7efeb3895000-7efeb3995000 rw-p 00000000 00:00 0                          [stack:4046]
7efeb3995000-7efeb3996000 ---p 00000000 00:00 0 
7efeb3996000-7efeb3a96000 rw-p 00000000 00:00 0                          [stack:4045]
7efeb3a96000-7efeb3a97000 ---p 00000000 00:00 0 
7efeb3a97000-7efeb3b97000 rw-p 00000000 00:00 0                          [stack:4044]
7efeb3b97000-7efeb3b98000 ---p 00000000 00:00 0 
7efeb3b98000-7efeb3cb6000 rw-p 00000000 00:00 0                          [stack:4043]
7efeb3cb6000-7efeb3dda000 ---p 00000000 00:00 0 
7efeb3dda000-7efeb3df8000 rw-p 00000000 00:00 0 
7efeb3df8000-7efeb3f1c000 ---p 00000000 00:00 0 
7efeb3f1c000-7efeb3fb7000 rw-p 00000000 00:00 0 
7efeb3fb7000-7efeb3fbd000 ---p 00000000 00:00 0 
7efeb3fbd000-7efeb3ff2000 rw-p 00000000 00:00 0 
7efeb3ff2000-7efeb437e000 ---p 00000000 00:00 0 
7efeb437e000-7efeb506e000 rwxp 00000000 00:00 0 
7efeb506e000-7efec337e000 ---p 00000000 00:00 0 
7efec337e000-7efec3398000 r-xp 00000000 08:03 4870864                    /usr/lib/jvm/java-8-oracle/jre/lib/amd64/libzip.so
7efec3398000-7efec3598000 ---p 0001a000 08:03 4870864                    /usr/lib/jvm/java-8-oracle/jre/lib/amd64/libzip.so
7efec3598000-7efec3599000 rw-p 0001a000 08:03 4870864                    /usr/lib/jvm/java-8-oracle/jre/lib/amd64/libzip.so
7efec3599000-7efec35a3000 r-xp 00000000 08:03 4070135                    /lib/x86_64-linux-gnu/libnss_files-2.19.so
7efec35a3000-7efec37a2000 ---p 0000a000 08:03 4070135                    /lib/x86_64-linux-gnu/libnss_files-2.19.so
7efec37a2000-7efec37a3000 r--p 00009000 08:03 4070135                    /lib/x86_64-linux-gnu/libnss_files-2.19.so
7efec37a3000-7efec37a4000 rw-p 0000a000 08:03 4070135                    /lib/x86_64-linux-gnu/libnss_files-2.19.so
7efec37a4000-7efec37af000 r-xp 00000000 08:03 4070127                    /lib/x86_64-linux-gnu/libnss_nis-2.19.so
7efec37af000-7efec39ae000 ---p 0000b000 08:03 4070127                    /lib/x86_64-linux-gnu/libnss_nis-2.19.so
7efec39ae000-7efec39af000 r--p 0000a000 08:03 4070127                    /lib/x86_64-linux-gnu/libnss_nis-2.19.so
7efec39af000-7efec39b0000 rw-p 0000b000 08:03 4070127                    /lib/x86_64-linux-gnu/libnss_nis-2.19.so
7efec39b0000-7efec39c7000 r-xp 00000000 08:03 4070123                    /lib/x86_64-linux-gnu/libnsl-2.19.so
7efec39c7000-7efec3bc6000 ---p 00017000 08:03 4070123                    /lib/x86_64-linux-gnu/libnsl-2.19.so
7efec3bc6000-7efec3bc7000 r--p 00016000 08:03 4070123                    /lib/x86_64-linux-gnu/libnsl-2.19.so
7efec3bc7000-7efec3bc8000 rw-p 00017000 08:03 4070123                    /lib/x86_64-linux-gnu/libnsl-2.19.so
7efec3bc8000-7efec3bca000 rw-p 00000000 00:00 0 
7efec3bca000-7efec3bd3000 r-xp 00000000 08:03 4070122                    /lib/x86_64-linux-gnu/libnss_compat-2.19.so
7efec3bd3000-7efec3dd2000 ---p 00009000 08:03 4070122                    /lib/x86_64-linux-gnu/libnss_compat-2.19.so
7efec3dd2000-7efec3dd3000 r--p 00008000 08:03 4070122                    /lib/x86_64-linux-gnu/libnss_compat-2.19.so
7efec3dd3000-7efec3dd4000 rw-p 00009000 08:03 4070122                    /lib/x86_64-linux-gnu/libnss_compat-2.19.so
7efec3dd4000-7efec3dff000 r-xp 00000000 08:03 4870782                    /usr/lib/jvm/java-8-oracle/jre/lib/amd64/libjava.so
7efec3dff000-7efec3ffe000 ---p 0002b000 08:03 4870782                    /usr/lib/jvm/java-8-oracle/jre/lib/amd64/libjava.so
7efec3ffe000-7efec4000000 rw-p 0002a000 08:03 4870782                    /usr/lib/jvm/java-8-oracle/jre/lib/amd64/libjava.so
7efec4000000-7efec5871000 rw-p 00000000 00:00 0 
7efec5871000-7efec8000000 ---p 00000000 00:00 0 
7efec8000000-7efec8005000 r--s 00017000 08:03 5923828                    /home/sharmila/.gradle/caches/modules-2/files-2.1/org.hibernate.javax.persistence/hibernate-jpa-2.1-api/1.0.0.Final/5e731d961297e5a07290bfaf3db1fbc8bbbf405a/hibernate-jpa-2.1-api-1.0.0.Final.jar
7efec8005000-7efec800a000 r--s 00036000 08:03 5917541                    /home/sharmila/.gradle/caches/modules-2/files-2.1/org.apache.tomcat.embed/tomcat-embed-el/8.5.6/a102298d8dc72f4065533d5962953d753b172602/tomcat-embed-el-8.5.6.jar
7efec800a000-7efec800f000 r--s 00309000 08:03 5923826                    /home/sharmila/.gradle/caches/modules-2/files-2.1/org.xerial/sqlite-jdbc/3.7.2/7a3d67f00508d3881650579f7f228c61bfc1b196/sqlite-jdbc-3.7.2.jar
7efec800f000-7efec8018000 r--s 00095000 08:03 5913393                    /home/sharmila/.gradle/caches/modules-2/files-2.1/org.apache.tomcat.embed/tomcat-embed-jasper/9.0.0.M11/e2cd5a7038094195c3163532e01daf051d9265fe/tomcat-embed-jasper-9.0.0.M11.jar
7efec8018000-7efec8020000 r--s 00046000 08:03 2759763                    /home/sharmila/Downloads/sts 3.6.4/sts-bundle/sts-3.6.4.RELEASE/plugins/org.testng.eclipse_6.10.0.201612030230/lib/testng-remote.jar
7efec8020000-7efec80b7000 rw-p 00000000 00:00 0 
7efec80b7000-7efec80c4000 r-xp 00000000 08:03 4870821                    /usr/lib/jvm/java-8-oracle/jre/lib/amd64/libverify.so
7efec80c4000-7efec82c3000 ---p 0000d000 08:03 4870821                    /usr/lib/jvm/java-8-oracle/jre/lib/amd64/libverify.so
7efec82c3000-7efec82c5000 rw-p 0000c000 08:03 4870821                    /usr/lib/jvm/java-8-oracle/jre/lib/amd64/libverify.so
7efec82c5000-7efec82cc000 r-xp 00000000 08:03 4070131                    /lib/x86_64-linux-gnu/librt-2.19.so
7efec82cc000-7efec84cb000 ---p 00007000 08:03 4070131                    /lib/x86_64-linux-gnu/librt-2.19.so
7efec84cb000-7efec84cc000 r--p 00006000 08:03 4070131                    /lib/x86_64-linux-gnu/librt-2.19.so
7efec84cc000-7efec84cd000 rw-p 00007000 08:03 4070131                    /lib/x86_64-linux-gnu/librt-2.19.so
7efec84cd000-7efec85d2000 r-xp 00000000 08:03 4070117                    /lib/x86_64-linux-gnu/libm-2.19.so
7efec85d2000-7efec87d1000 ---p 00105000 08:03 4070117                    /lib/x86_64-linux-gnu/libm-2.19.so
7efec87d1000-7efec87d2000 r--p 00104000 08:03 4070117                    /lib/x86_64-linux-gnu/libm-2.19.so
7efec87d2000-7efec87d3000 rw-p 00105000 08:03 4070117                    /lib/x86_64-linux-gnu/libm-2.19.so
7efec87d3000-7efec94a1000 r-xp 00000000 08:03 5260205                    /usr/lib/jvm/java-8-oracle/jre/lib/amd64/server/libjvm.so
7efec94a1000-7efec96a1000 ---p 00cce000 08:03 5260205                    /usr/lib/jvm/java-8-oracle/jre/lib/amd64/server/libjvm.so
7efec96a1000-7efec977a000 rw-p 00cce000 08:03 5260205                    /usr/lib/jvm/java-8-oracle/jre/lib/amd64/server/libjvm.so
7efec977a000-7efec97c5000 rw-p 00000000 00:00 0 
7efec97c5000-7efec997f000 r-xp 00000000 08:03 4070132                    /lib/x86_64-linux-gnu/libc-2.19.so
7efec997f000-7efec9b7f000 ---p 001ba000 08:03 4070132                    /lib/x86_64-linux-gnu/libc-2.19.so
7efec9b7f000-7efec9b83000 r--p 001ba000 08:03 4070132                    /lib/x86_64-linux-gnu/libc-2.19.so
7efec9b83000-7efec9b85000 rw-p 001be000 08:03 4070132                    /lib/x86_64-linux-gnu/libc-2.19.so
7efec9b85000-7efec9b8a000 rw-p 00000000 00:00 0 
7efec9b8a000-7efec9b8d000 r-xp 00000000 08:03 4070119                    /lib/x86_64-linux-gnu/libdl-2.19.so
7efec9b8d000-7efec9d8c000 ---p 00003000 08:03 4070119                    /lib/x86_64-linux-gnu/libdl-2.19.so
7efec9d8c000-7efec9d8d000 r--p 00002000 08:03 4070119                    /lib/x86_64-linux-gnu/libdl-2.19.so
7efec9d8d000-7efec9d8e000 rw-p 00003000 08:03 4070119                    /lib/x86_64-linux-gnu/libdl-2.19.so
7efec9d8e000-7efec9da3000 r-xp 00000000 08:03 3555343                    /usr/lib/jvm/java-8-oracle/lib/amd64/jli/libjli.so
7efec9da3000-7efec9fa3000 ---p 00015000 08:03 3555343                    /usr/lib/jvm/java-8-oracle/lib/amd64/jli/libjli.so
7efec9fa3000-7efec9fa4000 rw-p 00015000 08:03 3555343                    /usr/lib/jvm/java-8-oracle/lib/amd64/jli/libjli.so
7efec9fa4000-7efec9fbd000 r-xp 00000000 08:03 4070124                    /lib/x86_64-linux-gnu/libpthread-2.19.so
7efec9fbd000-7efeca1bc000 ---p 00019000 08:03 4070124                    /lib/x86_64-linux-gnu/libpthread-2.19.so
7efeca1bc000-7efeca1bd000 r--p 00018000 08:03 4070124                    /lib/x86_64-linux-gnu/libpthread-2.19.so
7efeca1bd000-7efeca1be000 rw-p 00019000 08:03 4070124                    /lib/x86_64-linux-gnu/libpthread-2.19.so
7efeca1be000-7efeca1c2000 rw-p 00000000 00:00 0 
7efeca1c2000-7efeca1e5000 r-xp 00000000 08:03 4070125                    /lib/x86_64-linux-gnu/ld-2.19.so
7efeca1e5000-7efeca1e6000 r--s 00000000 08:03 5923890                    /home/sharmila/.gradle/caches/modules-2/files-2.1/org.springframework.boot/spring-boot-starter-aop/1.4.3.RELEASE/30b11b6455bed446d3b4a1a49fab529b2cfac454/spring-boot-starter-aop-1.4.3.RELEASE.jar
7efeca1e6000-7efeca1e8000 r--s 0000f000 08:03 5916917                    /home/sharmila/.gradle/caches/modules-2/files-2.1/org.jboss.logging/jboss-logging/3.3.0.Final/3616bb87707910296e2c195dc016287080bba5af/jboss-logging-3.3.0.Final.jar
7efeca1e8000-7efeca1e9000 r--s 00000000 08:03 5923568                    /home/sharmila/.gradle/caches/modules-2/files-2.1/org.springframework.boot/spring-boot-starter-tomcat/1.4.3.RELEASE/61c48035a7a3b06b42fdd07b7109e562077b3792/spring-boot-starter-tomcat-1.4.3.RELEASE.jar
7efeca1e9000-7efeca2bb000 rw-p 00000000 00:00 0 
7efeca2bb000-7efeca2be000 ---p 00000000 00:00 0 
7efeca2be000-7efeca3c0000 rw-p 00000000 00:00 0                          [stack:4038]
7efeca3c0000-7efeca3c1000 r--s 00000000 08:03 5923567                    /home/sharmila/.gradle/caches/modules-2/files-2.1/org.springframework.boot/spring-boot-starter/1.4.3.RELEASE/c99bad104719e947b3f9aa2b7569583805e4c5d5/spring-boot-starter-1.4.3.RELEASE.jar
7efeca3c1000-7efeca3c2000 r--s 00000000 08:03 5923566                    /home/sharmila/.gradle/caches/modules-2/files-2.1/org.springframework.boot/spring-boot-starter-test/1.4.3.RELEASE/6e9f1dbd3f68299c0183630ef07ca430de160050/spring-boot-starter-test-1.4.3.RELEASE.jar
7efeca3c2000-7efeca3c3000 r--s 00000000 08:03 5923889                    /home/sharmila/.gradle/caches/modules-2/files-2.1/org.springframework.boot/spring-boot-starter-data-jpa/1.4.3.RELEASE/ffda06c2144d10239014407333c223a237b73ad7/spring-boot-starter-data-jpa-1.4.3.RELEASE.jar
7efeca3c3000-7efeca3c4000 r--s 00003000 08:03 5923431                    /home/sharmila/.gradle/caches/modules-2/files-2.1/org.hibernate/hibernate-gradle-plugin/5.2.3.Final/db2ad8695e48a03a566b74fb5fc07c1732c1f5e5/hibernate-gradle-plugin-5.2.3.Final.jar
7efeca3c4000-7efeca3c5000 r--s 00000000 08:03 5923565                    /home/sharmila/.gradle/caches/modules-2/files-2.1/org.springframework.boot/spring-boot-starter-web/1.4.3.RELEASE/a0dcc919eda8e8ecb6f13f52a30e6afbb8266103/spring-boot-starter-web-1.4.3.RELEASE.jar
7efeca3c5000-7efeca3d8000 rw-p 00000000 00:00 0 
7efeca3d8000-7efeca3e0000 rw-s 00000000 08:03 5917622                    /tmp/hsperfdata_sharmila/4037
7efeca3e0000-7efeca3e1000 rw-p 00000000 00:00 0 
7efeca3e1000-7efeca3e2000 r--p 00000000 00:00 0 
7efeca3e2000-7efeca3e4000 rw-p 00000000 00:00 0 
7efeca3e4000-7efeca3e5000 r--p 00022000 08:03 4070125                    /lib/x86_64-linux-gnu/ld-2.19.so
7efeca3e5000-7efeca3e6000 rw-p 00023000 08:03 4070125                    /lib/x86_64-linux-gnu/ld-2.19.so
7efeca3e6000-7efeca3e7000 rw-p 00000000 00:00 0 
7ffe382da000-7ffe382fe000 rw-p 00000000 00:00 0                          [stack]
7ffe38366000-7ffe38368000 r-xp 00000000 00:00 0                          [vdso]
ffffffffff600000-ffffffffff601000 r-xp 00000000 00:00 0                  [vsyscall]

VM Arguments:
jvm_args: -ea -Dfile.encoding=UTF-8 
java_command: org.testng.remote.RemoteTestNG -serport 32782 -protocol json -d /home/sharmila/Documents/work-office/TestNG_Project/test-output /tmp/testng-eclipse--923480373/testng-customsuite.xml
java_class_path (initial): /home/sharmila/Downloads/sts 3.6.4/sts-bundle/sts-3.6.4.RELEASE/plugins/org.testng.eclipse_6.10.0.201612030230/lib/testng-remote.jar:/home/sharmila/Documents/work-office/TestNG_Project/bin:/home/sharmila/.gradle/caches/modules-2/files-2.1/org.springframework.boot/spring-boot-starter-web/1.4.3.RELEASE/a0dcc919eda8e8ecb6f13f52a30e6afbb8266103/spring-boot-starter-web-1.4.3.RELEASE.jar:/home/sharmila/.gradle/caches/modules-2/files-2.1/org.apache.tomcat.embed/tomcat-embed-jasper/9.0.0.M11/e2cd5a7038094195c3163532e01daf051d9265fe/tomcat-embed-jasper-9.0.0.M11.jar:/home/sharmila/.gradle/caches/modules-2/files-2.1/org.xerial/sqlite-jdbc/3.7.2/7a3d67f00508d3881650579f7f228c61bfc1b196/sqlite-jdbc-3.7.2.jar:/home/sharmila/.gradle/caches/modules-2/files-2.1/org.hibernate/hibernate-gradle-plugin/5.2.3.Final/db2ad8695e48a03a566b74fb5fc07c1732c1f5e5/hibernate-gradle-plugin-5.2.3.Final.jar:/home/sharmila/.gradle/caches/modules-2/files-2.1/org.springframework.boot/spring-boot-starter-data-jpa/1.4.3.RELEASE/ffda06c2144d10239014407333c223a237b73ad7/spring-boot-starter-data-jpa-1.4.3.RELEASE.jar:/home/sharmila/.gradle/caches/modules-2/files-2.1/org.testng/testng/6.5.2/5069d2e72356ed87645c5fc3622b0bbb5e0667c9/testng-6.5.2.jar:/home/sharmila/.gradle/caches/modules-2/files-2.1/org.springframework.boot/spring-boot-starter-test/1.4.3.RELEASE/6e9f1dbd3f68299c0183630ef07ca430de160050/spring-boot-starter-test-1.4.3.RELEASE.jar:/home/sharmila/.gradle/caches/modules-2/files-2.1/org.springframework.boot/spring-boot-starter/1.4.3.RELEASE/c99bad104719e947b3f9aa2b7569583805e4c5d5/spring-boot-starter-1.4.3.RELEASE.jar:/home/sharmila/.gradle/caches/modules-2/files-2.1/org.springframework.boot/spring-boot-starter-tomcat/1.4.3.RELEASE/61c48035a7a3b06b42fdd07b7109e562077b3792/spring-boot-starter-tomcat-1.4.3.RELEASE.jar:/home/sharmila/.gradle/caches/modules-2/files-2.1/org.hibernate/hibernate-validator/5.2.4.Final/fb18766b576aa6632bcfe9a20a023cbd52bf9769/hibernate-validator-5
Launcher Type: SUN_STANDARD

Environment Variables:
JAVA_HOME=/usr/lib/jvm/java-8-oracle
PATH=/usr/local/sbin:/usr/local/bin:/usr/sbin:/usr/bin:/sbin:/bin:/usr/games:/usr/local/games:/usr/lib/jvm/java-8-oracle/bin:/usr/lib/jvm/java-8-oracle/db/bin:/usr/lib/jvm/java-8-oracle/jre/bin
SHELL=/bin/bash
DISPLAY=:0.0

Signal Handlers:
SIGSEGV: [libjvm.so+0xac78c0], sa_mask[0]=11111111011111111101111111111110, sa_flags=SA_RESTART|SA_SIGINFO
SIGBUS: [libjvm.so+0xac78c0], sa_mask[0]=11111111011111111101111111111110, sa_flags=SA_RESTART|SA_SIGINFO
SIGFPE: [libjvm.so+0x920ac0], sa_mask[0]=11111111011111111101111111111110, sa_flags=SA_RESTART|SA_SIGINFO
SIGPIPE: [libjvm.so+0x920ac0], sa_mask[0]=11111111011111111101111111111110, sa_flags=SA_RESTART|SA_SIGINFO
SIGXFSZ: [libjvm.so+0x920ac0], sa_mask[0]=11111111011111111101111111111110, sa_flags=SA_RESTART|SA_SIGINFO
SIGILL: [libjvm.so+0x920ac0], sa_mask[0]=11111111011111111101111111111110, sa_flags=SA_RESTART|SA_SIGINFO
SIGUSR1: SIG_DFL, sa_mask[0]=00000000000000000000000000000000, sa_flags=none
SIGUSR2: [libjvm.so+0x922300], sa_mask[0]=00100000000000000000000000000000, sa_flags=SA_RESTART|SA_SIGINFO
SIGHUP: [libjvm.so+0x923700], sa_mask[0]=11111111011111111101111111111110, sa_flags=SA_RESTART|SA_SIGINFO
SIGINT: [libjvm.so+0x923700], sa_mask[0]=11111111011111111101111111111110, sa_flags=SA_RESTART|SA_SIGINFO
SIGTERM: [libjvm.so+0x923700], sa_mask[0]=11111111011111111101111111111110, sa_flags=SA_RESTART|SA_SIGINFO
SIGQUIT: [libjvm.so+0x923700], sa_mask[0]=11111111011111111101111111111110, sa_flags=SA_RESTART|SA_SIGINFO


---------------  S Y S T E M  ---------------

OS:DISTRIB_ID=Ubuntu
DISTRIB_RELEASE=14.04
DISTRIB_CODENAME=trusty
DISTRIB_DESCRIPTION="Ubuntu 14.04.5 LTS"

uname:Linux 3.13.0-107-generic #154-Ubuntu SMP Tue Dec 20 09:57:27 UTC 2016 x86_64
libc:glibc 2.19 NPTL 2.19 
rlimit: STACK 8192k, CORE 0k, NPROC 30712, NOFILE 4096, AS infinity
load average:0.63 0.48 0.47

/proc/meminfo:
MemTotal:        3953548 kB
MemFree:          410384 kB
Buffers:           50836 kB
Cached:           943632 kB
SwapCached:            0 kB
Active:          2261176 kB
Inactive:        1063096 kB
Active(anon):    1839532 kB
Inactive(anon):   719428 kB
Active(file):     421644 kB
Inactive(file):   343668 kB
Unevictable:         208 kB
Mlocked:             208 kB
SwapTotal:       7999484 kB
SwapFree:        7999188 kB
Dirty:              1416 kB
Writeback:             0 kB
AnonPages:       2330116 kB
Mapped:           311096 kB
Shmem:            229144 kB
Slab:             100188 kB
SReclaimable:      63076 kB
SUnreclaim:        37112 kB
KernelStack:        5272 kB
PageTables:        45728 kB
NFS_Unstable:          0 kB
Bounce:                0 kB
WritebackTmp:          0 kB
CommitLimit:     9976256 kB
Committed_AS:    7085708 kB
VmallocTotal:   34359738367 kB
VmallocUsed:      400992 kB
VmallocChunk:   34359328252 kB
HardwareCorrupted:     0 kB
AnonHugePages:    888832 kB
HugePages_Total:       0
HugePages_Free:        0
HugePages_Rsvd:        0
HugePages_Surp:        0
Hugepagesize:       2048 kB
DirectMap4k:       86188 kB
DirectMap2M:     2965504 kB
DirectMap1G:     1048576 kB


CPU:total 4 (2 cores per cpu, 2 threads per core) family 6 model 69 stepping 1, cmov, cx8, fxsr, mmx, sse, sse2, sse3, ssse3, sse4.1, sse4.2, popcnt, avx, avx2, aes, clmul, erms, lzcnt, ht, tsc, tscinvbit, bmi1, bmi2

/proc/cpuinfo:
processor	: 0
vendor_id	: GenuineIntel
cpu family	: 6
model		: 69
model name	: Intel(R) Core(TM) i5-4200U CPU @ 1.60GHz
stepping	: 1
microcode	: 0x17
cpu MHz		: 1600.000
cache size	: 3072 KB
physical id	: 0
siblings	: 4
core id		: 0
cpu cores	: 2
apicid		: 0
initial apicid	: 0
fpu		: yes
fpu_exception	: yes
cpuid level	: 13
wp		: yes
flags		: fpu vme de pse tsc msr pae mce cx8 apic sep mtrr pge mca cmov pat pse36 clflush dts acpi mmx fxsr sse sse2 ss ht tm pbe syscall nx pdpe1gb rdtscp lm constant_tsc arch_perfmon pebs bts rep_good nopl xtopology nonstop_tsc aperfmperf eagerfpu pni pclmulqdq dtes64 monitor ds_cpl vmx est tm2 ssse3 fma cx16 xtpr pdcm pcid sse4_1 sse4_2 movbe popcnt tsc_deadline_timer aes xsave avx f16c rdrand lahf_lm abm ida arat epb xsaveopt pln pts dtherm tpr_shadow vnmi flexpriority ept vpid fsgsbase tsc_adjust bmi1 avx2 smep bmi2 erms invpcid
bogomips	: 4589.35
clflush size	: 64
cache_alignment	: 64
address sizes	: 39 bits physical, 48 bits virtual
power management:

processor	: 1
vendor_id	: GenuineIntel
cpu family	: 6
model		: 69
model name	: Intel(R) Core(TM) i5-4200U CPU @ 1.60GHz
stepping	: 1
microcode	: 0x17
cpu MHz		: 1600.000
cache size	: 3072 KB
physical id	: 0
siblings	: 4
core id		: 0
cpu cores	: 2
apicid		: 1
initial apicid	: 1
fpu		: yes
fpu_exception	: yes
cpuid level	: 13
wp		: yes
flags		: fpu vme de pse tsc msr pae mce cx8 apic sep mtrr pge mca cmov pat pse36 clflush dts acpi mmx fxsr sse sse2 ss ht tm pbe syscall nx pdpe1gb rdtscp lm constant_tsc arch_perfmon pebs bts rep_good nopl xtopology nonstop_tsc aperfmperf eagerfpu pni pclmulqdq dtes64 monitor ds_cpl vmx est tm2 ssse3 fma cx16 xtpr pdcm pcid sse4_1 sse4_2 movbe popcnt tsc_deadline_timer aes xsave avx f16c rdrand lahf_lm abm ida arat epb xsaveopt pln pts dtherm tpr_shadow vnmi flexpriority ept vpid fsgsbase tsc_adjust bmi1 avx2 smep bmi2 erms invpcid
bogomips	: 4589.35
clflush size	: 64
cache_alignment	: 64
address sizes	: 39 bits physical, 48 bits virtual
power management:

processor	: 2
vendor_id	: GenuineIntel
cpu family	: 6
model		: 69
model name	: Intel(R) Core(TM) i5-4200U CPU @ 1.60GHz
stepping	: 1
microcode	: 0x17
cpu MHz		: 1600.000
cache size	: 3072 KB
physical id	: 0
siblings	: 4
core id		: 1
cpu cores	: 2
apicid		: 2
initial apicid	: 2
fpu		: yes
fpu_exception	: yes
cpuid level	: 13
wp		: yes
flags		: fpu vme de pse tsc msr pae mce cx8 apic sep mtrr pge mca cmov pat pse36 clflush dts acpi mmx fxsr sse sse2 ss ht tm pbe syscall nx pdpe1gb rdtscp lm constant_tsc arch_perfmon pebs bts rep_good nopl xtopology nonstop_tsc aperfmperf eagerfpu pni pclmulqdq dtes64 monitor ds_cpl vmx est tm2 ssse3 fma cx16 xtpr pdcm pcid sse4_1 sse4_2 movbe popcnt tsc_deadline_timer aes xsave avx f16c rdrand lahf_lm abm ida arat epb xsaveopt pln pts dtherm tpr_shadow vnmi flexpriority ept vpid fsgsbase tsc_adjust bmi1 avx2 smep bmi2 erms invpcid
bogomips	: 4589.35
clflush size	: 64
cache_alignment	: 64
address sizes	: 39 bits physical, 48 bits virtual
power management:

processor	: 3
vendor_id	: GenuineIntel
cpu family	: 6
model		: 69
model name	: Intel(R) Core(TM) i5-4200U CPU @ 1.60GHz
stepping	: 1
microcode	: 0x17
cpu MHz		: 1600.000
cache size	: 3072 KB
physical id	: 0
siblings	: 4
core id		: 1
cpu cores	: 2
apicid		: 3
initial apicid	: 3
fpu		: yes
fpu_exception	: yes
cpuid level	: 13
wp		: yes
flags		: fpu vme de pse tsc msr pae mce cx8 apic sep mtrr pge mca cmov pat pse36 clflush dts acpi mmx fxsr sse sse2 ss ht tm pbe syscall nx pdpe1gb rdtscp lm constant_tsc arch_perfmon pebs bts rep_good nopl xtopology nonstop_tsc aperfmperf eagerfpu pni pclmulqdq dtes64 monitor ds_cpl vmx est tm2 ssse3 fma cx16 xtpr pdcm pcid sse4_1 sse4_2 movbe popcnt tsc_deadline_timer aes xsave avx f16c rdrand lahf_lm abm ida arat epb xsaveopt pln pts dtherm tpr_shadow vnmi flexpriority ept vpid fsgsbase tsc_adjust bmi1 avx2 smep bmi2 erms invpcid
bogomips	: 4589.35
clflush size	: 64
cache_alignment	: 64
address sizes	: 39 bits physical, 48 bits virtual
power management:



Memory: 4k page, physical 3953548k(410384k free), swap 7999484k(7999188k free)

vm_info: Java HotSpot(TM) 64-Bit Server VM (25.121-b13) for linux-amd64 JRE (1.8.0_121-b13), built on Dec 12 2016 16:36:53 by "java_re" with gcc 4.3.0 20080428 (Red Hat 4.3.0-8)

time: Mon Jan 23 16:58:40 2017
elapsed time: 7 seconds (0d 0h 0m 7s)

