#
# A fatal error has been detected by the Java Runtime Environment:
#
#  SIGSEGV (0xb) at pc=0x00007fc263d84118, pid=6392, tid=0x00007fc26528a700
#
# JRE version: Java(TM) SE Runtime Environment (8.0_121-b13) (build 1.8.0_121-b13)
# Java VM: Java HotSpot(TM) 64-Bit Server VM (25.121-b13 mixed mode linux-amd64 compressed oops)
# Problematic frame:
# V  [libjvm.so+0x6e2118]  jni_GetStringUTFChars+0xb8
#
# Failed to write core dump. Core dumps have been disabled. To enable core dumping, try "ulimit -c unlimited" before starting Java again
#
# If you would like to submit a bug report, please visit:
#   http://bugreport.java.com/bugreport/crash.jsp
#

---------------  T H R E A D  ---------------

Current thread (0x00007fc25c010000):  JavaThread "main" [_thread_in_vm, id=6398, stack(0x00007fc26518a000,0x00007fc26528b000)]

siginfo: si_signo: 11 (SIGSEGV), si_code: 1 (SEGV_MAPERR), si_addr: 0x0000000000000000

Registers:
RAX=0x00007fc264659550, RBX=0x0000000000000000, RCX=0x00000000f8ae24f8, RDX=0x00007fc2646679e0
RSP=0x00007fc265284a60, RBP=0x00007fc265284b00, RSI=0x00007fc25c010000, RDI=0x00007fc265284aa0
R8 =0x00007fc24d012c80, R9 =0x00000000f8ae24f8, R10=0x0000000000000298, R11=0x00007fc2646679e8
R12=0x00007fc25c010000, R13=0x0000000000000000, R14=0x00007fc265284bd8, R15=0x00007fc265284aa0
RIP=0x00007fc263d84118, EFLAGS=0x0000000000010246, CSGSFS=0x0000000000000033, ERR=0x0000000000000004
  TRAPNO=0x000000000000000e

Top of Stack: (sp=0x00007fc265284a60)
0x00007fc265284a60:   00007fc265284b28 0000000000000000
0x00007fc265284a70:   00007fc24d1009c0 00007fc264669800
0x00007fc265284a80:   00007fc2652850f8 00007fc24d012c80
0x00007fc265284a90:   00000000eec072d0 0000000050200030
0x00007fc265284aa0:   00007fc25c010000 0000000000000000
0x00007fc265284ab0:   00007fc260e37480 00007fc24d0082bd
0x00007fc265284ac0:   00007fc25c010000 00000000eec072d0
0x00007fc265284ad0:   00007fc265284b70 00007fc20b618758
0x00007fc265284ae0:   00007fc25cf7ded8 0000000000000000
0x00007fc265284af0:   00007fc265284bd8 00007fc25c010000
0x00007fc265284b00:   00007fc25c0101f8 00007fc20b3812b0
0x00007fc265284b10:   00007fc265284b70 00007fc24d0082bd
0x00007fc265284b20:   00007fc20b618758 00007fc265284bb0
0x00007fc265284b30:   0000000000000000 00007fc20b618750
0x00007fc265284b40:   00007fc265284bd8 00007fc24d0184cf
0x00007fc265284b50:   0000000000000000 00007fc20b627fd0
0x00007fc265284b60:   0000000000000000 00000000f8ae24f8
0x00007fc265284b70:   00007fc265284b60 0000000000000000
0x00007fc265284b80:   00007fc265284bd8 00007fc20b61f0b0
0x00007fc265284b90:   0000000000000000 00007fc20b618758
0x00007fc265284ba0:   0000000000000000 00007fc265284bd0
0x00007fc265284bb0:   00007fc265284c38 00007fc24d007dd0
0x00007fc265284bc0:   0000000000000000 00007fc24d011537
0x00007fc265284bd0:   0000000000000000 00000000f8ae24f8
0x00007fc265284be0:   00000000eec07270 00000000eec072d0
0x00007fc265284bf0:   00000000f8ae24f8 00007fc265284be8
0x00007fc265284c00:   00007fc20b61c06d 00007fc265284c50
0x00007fc265284c10:   00007fc20b61e900 0000000000000000
0x00007fc265284c20:   00007fc20b61c0b8 00007fc265284bd0
0x00007fc265284c30:   00007fc265284c48 00007fc265284c98
0x00007fc265284c40:   00007fc24d0082bd 00000000eec07270
0x00007fc265284c50:   00000000f8ae24f8 00007fc265284c58 

Instructions: (pc=0x00007fc263d84118)
0x00007fc263d840f8:   84 24 70 02 00 00 06 00 00 00 4c 89 e6 4c 89 65
0x00007fc263d84108:   c0 4c 89 ff e8 1f 01 01 00 48 8b 05 18 d0 88 00
0x00007fc263d84118:   4c 8b 2b 8b 10 48 8b 05 44 fc 88 00 80 38 00 0f
0x00007fc263d84128:   84 2b 01 00 00 48 63 c2 41 8b 54 05 00 85 d2 0f 

Register to memory mapping:

RAX=0x00007fc264659550: <offset 0xfb7550> in /usr/lib/jvm/java-8-oracle/jre/lib/amd64/server/libjvm.so at 0x00007fc2636a2000
RBX=0x0000000000000000 is an unknown value
RCX=0x00000000f8ae24f8 is an oop
org.sqlite.NativeDB 
 - klass: 'org/sqlite/NativeDB'
RDX=0x00007fc2646679e0: <offset 0xfc59e0> in /usr/lib/jvm/java-8-oracle/jre/lib/amd64/server/libjvm.so at 0x00007fc2636a2000
RSP=0x00007fc265284a60 is pointing into the stack for thread: 0x00007fc25c010000
RBP=0x00007fc265284b00 is pointing into the stack for thread: 0x00007fc25c010000
RSI=0x00007fc25c010000 is a thread
RDI=0x00007fc265284aa0 is pointing into the stack for thread: 0x00007fc25c010000
R8 =0x00007fc24d012c80 is at code_begin+0 in an Interpreter codelet
method entry point (kind = zerolocals)  [0x00007fc24d012c80, 0x00007fc24d013100]  1152 bytes
R9 =0x00000000f8ae24f8 is an oop
org.sqlite.NativeDB 
 - klass: 'org/sqlite/NativeDB'
R10=0x0000000000000298 is an unknown value
R11=0x00007fc2646679e8: <offset 0xfc59e8> in /usr/lib/jvm/java-8-oracle/jre/lib/amd64/server/libjvm.so at 0x00007fc2636a2000
R12=0x00007fc25c010000 is a thread
R13=0x0000000000000000 is an unknown value
R14=0x00007fc265284bd8 is pointing into the stack for thread: 0x00007fc25c010000
R15=0x00007fc265284aa0 is pointing into the stack for thread: 0x00007fc25c010000


Stack: [0x00007fc26518a000,0x00007fc26528b000],  sp=0x00007fc265284a60,  free space=1002k
Native frames: (J=compiled Java code, j=interpreted, Vv=VM code, C=native code)
V  [libjvm.so+0x6e2118]  jni_GetStringUTFChars+0xb8
C  [sqlite-3.7.2-libsqlitejdbc.so+0xd2b0]  Java_org_sqlite_NativeDB_prepare+0x2f

Java frames: (J=compiled Java code, j=interpreted, Vv=VM code)
j  org.sqlite.NativeDB.prepare(Ljava/lang/String;)J+0
j  org.sqlite.DB.prepare(Lorg/sqlite/Stmt;)V+21
j  org.sqlite.PrepStmt.<init>(Lorg/sqlite/Conn;Ljava/lang/String;)V+15
j  org.sqlite.Conn.prepareStatement(Ljava/lang/String;III)Ljava/sql/PreparedStatement;+14
j  org.sqlite.Conn.prepareStatement(Ljava/lang/String;II)Ljava/sql/PreparedStatement;+5
j  org.sqlite.Conn.prepareStatement(Ljava/lang/String;)Ljava/sql/PreparedStatement;+8
v  ~StubRoutines::call_stub
J 1248  sun.reflect.NativeMethodAccessorImpl.invoke0(Ljava/lang/reflect/Method;Ljava/lang/Object;[Ljava/lang/Object;)Ljava/lang/Object; (0 bytes) @ 0x00007fc24d200cb7 [0x00007fc24d200c40+0x77]
J 1245 C1 sun.reflect.NativeMethodAccessorImpl.invoke(Ljava/lang/Object;[Ljava/lang/Object;)Ljava/lang/Object; (104 bytes) @ 0x00007fc24d1fdb4c [0x00007fc24d1fc9c0+0x118c]
J 1205 C1 sun.reflect.DelegatingMethodAccessorImpl.invoke(Ljava/lang/Object;[Ljava/lang/Object;)Ljava/lang/Object; (10 bytes) @ 0x00007fc24d1b6d84 [0x00007fc24d1b6c80+0x104]
J 3650 C1 java.lang.reflect.Method.invoke(Ljava/lang/Object;[Ljava/lang/Object;)Ljava/lang/Object; (62 bytes) @ 0x00007fc24d7bfe0c [0x00007fc24d7bfa20+0x3ec]
j  org.apache.tomcat.jdbc.pool.ProxyConnection.invoke(Ljava/lang/Object;Ljava/lang/reflect/Method;[Ljava/lang/Object;)Ljava/lang/Object;+237
j  org.apache.tomcat.jdbc.pool.JdbcInterceptor.invoke(Ljava/lang/Object;Ljava/lang/reflect/Method;[Ljava/lang/Object;)Ljava/lang/Object;+14
j  org.apache.tomcat.jdbc.pool.DisposableConnectionFacade.invoke(Ljava/lang/Object;Ljava/lang/reflect/Method;[Ljava/lang/Object;)Ljava/lang/Object;+93
j  com.sun.proxy.$Proxy81.prepareStatement(Ljava/lang/String;)Ljava/sql/PreparedStatement;+16
j  org.hibernate.engine.jdbc.internal.StatementPreparerImpl$1.doPrepare()Ljava/sql/PreparedStatement;+37
j  org.hibernate.engine.jdbc.internal.StatementPreparerImpl$StatementPreparationTemplate.prepareStatement()Ljava/sql/PreparedStatement;+45
j  org.hibernate.engine.jdbc.internal.StatementPreparerImpl.prepareStatement(Ljava/lang/String;)Ljava/sql/PreparedStatement;+6
j  org.hibernate.id.SequenceGenerator.generateHolder(Lorg/hibernate/engine/spi/SessionImplementor;)Lorg/hibernate/id/IntegralDataTypeHolder;+15
j  org.hibernate.id.SequenceHiLoGenerator$1.getNextValue()Lorg/hibernate/id/IntegralDataTypeHolder;+8
j  org.hibernate.id.enhanced.LegacyHiLoAlgorithmOptimizer.generate(Lorg/hibernate/id/enhanced/AccessCallback;)Ljava/io/Serializable;+25
j  org.hibernate.id.SequenceHiLoGenerator.generate(Lorg/hibernate/engine/spi/SessionImplementor;Ljava/lang/Object;)Ljava/io/Serializable;+53
j  org.hibernate.event.internal.AbstractSaveEventListener.saveWithGeneratedId(Ljava/lang/Object;Ljava/lang/String;Ljava/lang/Object;Lorg/hibernate/event/spi/EventSource;Z)Ljava/io/Serializable;+21
j  org.hibernate.jpa.event.internal.core.JpaPersistEventListener.saveWithGeneratedId(Ljava/lang/Object;Ljava/lang/String;Ljava/lang/Object;Lorg/hibernate/event/spi/EventSource;Z)Ljava/io/Serializable;+18
j  org.hibernate.event.internal.DefaultPersistEventListener.entityIsTransient(Lorg/hibernate/event/spi/PersistEvent;Ljava/util/Map;)V+55
j  org.hibernate.event.internal.DefaultPersistEventListener.onPersist(Lorg/hibernate/event/spi/PersistEvent;Ljava/util/Map;)V+324
j  org.hibernate.event.internal.DefaultPersistEventListener.onPersist(Lorg/hibernate/event/spi/PersistEvent;)V+11
j  org.hibernate.internal.SessionImpl.firePersist(Lorg/hibernate/event/spi/PersistEvent;)V+46
j  org.hibernate.internal.SessionImpl.persist(Ljava/lang/String;Ljava/lang/Object;)V+11
j  org.hibernate.internal.SessionImpl.persist(Ljava/lang/Object;)V+3
j  org.hibernate.jpa.spi.AbstractEntityManagerImpl.persist(Ljava/lang/Object;)V+9
v  ~StubRoutines::call_stub
J 1248  sun.reflect.NativeMethodAccessorImpl.invoke0(Ljava/lang/reflect/Method;Ljava/lang/Object;[Ljava/lang/Object;)Ljava/lang/Object; (0 bytes) @ 0x00007fc24d200cb7 [0x00007fc24d200c40+0x77]
J 1245 C1 sun.reflect.NativeMethodAccessorImpl.invoke(Ljava/lang/Object;[Ljava/lang/Object;)Ljava/lang/Object; (104 bytes) @ 0x00007fc24d1fdb4c [0x00007fc24d1fc9c0+0x118c]
J 1205 C1 sun.reflect.DelegatingMethodAccessorImpl.invoke(Ljava/lang/Object;[Ljava/lang/Object;)Ljava/lang/Object; (10 bytes) @ 0x00007fc24d1b6d84 [0x00007fc24d1b6c80+0x104]
J 3650 C1 java.lang.reflect.Method.invoke(Ljava/lang/Object;[Ljava/lang/Object;)Ljava/lang/Object; (62 bytes) @ 0x00007fc24d7bfe0c [0x00007fc24d7bfa20+0x3ec]
j  org.springframework.orm.jpa.SharedEntityManagerCreator$SharedEntityManagerInvocationHandler.invoke(Ljava/lang/Object;Ljava/lang/reflect/Method;[Ljava/lang/Object;)Ljava/lang/Object;+495
j  com.sun.proxy.$Proxy92.persist(Ljava/lang/Object;)V+16
j  org.springframework.data.jpa.repository.support.SimpleJpaRepository.save(Ljava/lang/Object;)Ljava/lang/Object;+18
v  ~StubRoutines::call_stub
J 1248  sun.reflect.NativeMethodAccessorImpl.invoke0(Ljava/lang/reflect/Method;Ljava/lang/Object;[Ljava/lang/Object;)Ljava/lang/Object; (0 bytes) @ 0x00007fc24d200cb7 [0x00007fc24d200c40+0x77]
J 1245 C1 sun.reflect.NativeMethodAccessorImpl.invoke(Ljava/lang/Object;[Ljava/lang/Object;)Ljava/lang/Object; (104 bytes) @ 0x00007fc24d1fdb4c [0x00007fc24d1fc9c0+0x118c]
J 1205 C1 sun.reflect.DelegatingMethodAccessorImpl.invoke(Ljava/lang/Object;[Ljava/lang/Object;)Ljava/lang/Object; (10 bytes) @ 0x00007fc24d1b6d84 [0x00007fc24d1b6c80+0x104]
J 3650 C1 java.lang.reflect.Method.invoke(Ljava/lang/Object;[Ljava/lang/Object;)Ljava/lang/Object; (62 bytes) @ 0x00007fc24d7bfe0c [0x00007fc24d7bfa20+0x3ec]
j  org.springframework.data.repository.core.support.RepositoryFactorySupport$QueryExecutorMethodInterceptor.executeMethodOn(Ljava/lang/Object;Ljava/lang/reflect/Method;[Ljava/lang/Object;)Ljava/lang/Object;+3
j  org.springframework.data.repository.core.support.RepositoryFactorySupport$QueryExecutorMethodInterceptor.doInvoke(Lorg/aopalliance/intercept/MethodInvocation;)Ljava/lang/Object;+94
j  org.springframework.data.repository.core.support.RepositoryFactorySupport$QueryExecutorMethodInterceptor.invoke(Lorg/aopalliance/intercept/MethodInvocation;)Ljava/lang/Object;+2
j  org.springframework.aop.framework.ReflectiveMethodInvocation.proceed()Ljava/lang/Object;+101
j  org.springframework.data.projection.DefaultMethodInvokingMethodInterceptor.invoke(Lorg/aopalliance/intercept/MethodInvocation;)Ljava/lang/Object;+15
j  org.springframework.aop.framework.ReflectiveMethodInvocation.proceed()Ljava/lang/Object;+101
j  org.springframework.transaction.interceptor.TransactionInterceptor$1.proceedWithInvocation()Ljava/lang/Object;+4
j  org.springframework.transaction.interceptor.TransactionAspectSupport.invokeWithinTransaction(Ljava/lang/reflect/Method;Ljava/lang/Class;Lorg/springframework/transaction/interceptor/TransactionAspectSupport$InvocationCallback;)Ljava/lang/Object;+60
j  org.springframework.transaction.interceptor.TransactionInterceptor.invoke(Lorg/aopalliance/intercept/MethodInvocation;)Ljava/lang/Object;+40
j  org.springframework.aop.framework.ReflectiveMethodInvocation.proceed()Ljava/lang/Object;+101
j  org.springframework.dao.support.PersistenceExceptionTranslationInterceptor.invoke(Lorg/aopalliance/intercept/MethodInvocation;)Ljava/lang/Object;+1
j  org.springframework.aop.framework.ReflectiveMethodInvocation.proceed()Ljava/lang/Object;+101
j  org.springframework.data.jpa.repository.support.CrudMethodMetadataPostProcessor$CrudMethodMetadataPopulatingMethodInterceptor.invoke(Lorg/aopalliance/intercept/MethodInvocation;)Ljava/lang/Object;+89
j  org.springframework.aop.framework.ReflectiveMethodInvocation.proceed()Ljava/lang/Object;+101
j  org.springframework.aop.interceptor.ExposeInvocationInterceptor.invoke(Lorg/aopalliance/intercept/MethodInvocation;)Ljava/lang/Object;+18
j  org.springframework.aop.framework.ReflectiveMethodInvocation.proceed()Ljava/lang/Object;+101
j  org.springframework.aop.framework.JdkDynamicAopProxy.invoke(Ljava/lang/Object;Ljava/lang/reflect/Method;[Ljava/lang/Object;)Ljava/lang/Object;+385
j  com.sun.proxy.$Proxy94.save(Ljava/lang/Object;)Ljava/lang/Object;+16
j  com.example.api.service.BookService.save(Lcom/example/entity/Book;)Lcom/example/entity/Book;+5
j  com.example.crudtest.CRUDTest.insertOperation()V+19
v  ~StubRoutines::call_stub
J 1248  sun.reflect.NativeMethodAccessorImpl.invoke0(Ljava/lang/reflect/Method;Ljava/lang/Object;[Ljava/lang/Object;)Ljava/lang/Object; (0 bytes) @ 0x00007fc24d200cb7 [0x00007fc24d200c40+0x77]
J 1245 C1 sun.reflect.NativeMethodAccessorImpl.invoke(Ljava/lang/Object;[Ljava/lang/Object;)Ljava/lang/Object; (104 bytes) @ 0x00007fc24d1fdb4c [0x00007fc24d1fc9c0+0x118c]
J 1205 C1 sun.reflect.DelegatingMethodAccessorImpl.invoke(Ljava/lang/Object;[Ljava/lang/Object;)Ljava/lang/Object; (10 bytes) @ 0x00007fc24d1b6d84 [0x00007fc24d1b6c80+0x104]
J 3650 C1 java.lang.reflect.Method.invoke(Ljava/lang/Object;[Ljava/lang/Object;)Ljava/lang/Object; (62 bytes) @ 0x00007fc24d7bfe0c [0x00007fc24d7bfa20+0x3ec]
j  org.testng.internal.MethodInvocationHelper.invokeMethod(Ljava/lang/reflect/Method;Ljava/lang/Object;[Ljava/lang/Object;)Ljava/lang/Object;+242
j  org.testng.internal.MethodInvocationHelper$1.runTestMethod(Lorg/testng/ITestResult;)V+12
j  org.springframework.test.context.testng.AbstractTestNGSpringContextTests.run(Lorg/testng/IHookCallBack;Lorg/testng/ITestResult;)V+2
v  ~StubRoutines::call_stub
J 1248  sun.reflect.NativeMethodAccessorImpl.invoke0(Ljava/lang/reflect/Method;Ljava/lang/Object;[Ljava/lang/Object;)Ljava/lang/Object; (0 bytes) @ 0x00007fc24d200cb7 [0x00007fc24d200c40+0x77]
J 1245 C1 sun.reflect.NativeMethodAccessorImpl.invoke(Ljava/lang/Object;[Ljava/lang/Object;)Ljava/lang/Object; (104 bytes) @ 0x00007fc24d1fdb4c [0x00007fc24d1fc9c0+0x118c]
J 1205 C1 sun.reflect.DelegatingMethodAccessorImpl.invoke(Ljava/lang/Object;[Ljava/lang/Object;)Ljava/lang/Object; (10 bytes) @ 0x00007fc24d1b6d84 [0x00007fc24d1b6c80+0x104]
J 3650 C1 java.lang.reflect.Method.invoke(Ljava/lang/Object;[Ljava/lang/Object;)Ljava/lang/Object; (62 bytes) @ 0x00007fc24d7bfe0c [0x00007fc24d7bfa20+0x3ec]
j  org.testng.internal.MethodInvocationHelper.invokeHookable(Ljava/lang/Object;[Ljava/lang/Object;Ljava/lang/Object;Ljava/lang/reflect/Method;Lorg/testng/internal/TestResult;)V+64
j  org.testng.internal.Invoker.invokeMethod([Ljava/lang/Object;ILorg/testng/ITestNGMethod;[Ljava/lang/Object;ILorg/testng/xml/XmlSuite;Ljava/util/Map;Lorg/testng/ITestClass;[Lorg/testng/ITestNGMethod;[Lorg/testng/ITestNGMethod;Lorg/testng/internal/ConfigurationGroupMethods;)Lorg/testng/ITestResult;+280
j  org.testng.internal.Invoker.invokeTestMethod([Ljava/lang/Object;Lorg/testng/ITestNGMethod;[Ljava/lang/Object;ILorg/testng/xml/XmlSuite;Ljava/util/Map;Lorg/testng/ITestClass;[Lorg/testng/ITestNGMethod;[Lorg/testng/ITestNGMethod;Lorg/testng/internal/ConfigurationGroupMethods;)Ljava/util/List;+46
j  org.testng.internal.Invoker.invokeTestMethods(Lorg/testng/ITestNGMethod;[Lorg/testng/ITestNGMethod;ILorg/testng/xml/XmlSuite;Ljava/util/Map;Lorg/testng/internal/ConfigurationGroupMethods;[Ljava/lang/Object;Lorg/testng/ITestContext;)Ljava/util/List;+705
j  org.testng.internal.TestMethodWorker.invokeTestMethods(Lorg/testng/ITestNGMethod;[Ljava/lang/Object;Lorg/testng/ITestContext;)V+32
j  org.testng.internal.TestMethodWorker.run()V+60
j  org.testng.TestRunner.privateRun(Lorg/testng/xml/XmlTest;)V+349
j  org.testng.TestRunner.run()V+26
j  org.testng.SuiteRunner.runTest(Lorg/testng/TestRunner;)V+1
j  org.testng.SuiteRunner.runSequentially()V+31
j  org.testng.SuiteRunner.privateRun()V+281
j  org.testng.SuiteRunner.run()V+6
j  org.testng.SuiteRunnerWorker.runSuite(Lorg/testng/internal/SuiteRunnerMap;Lorg/testng/xml/XmlSuite;)V+96
j  org.testng.SuiteRunnerWorker.run()V+12
j  org.testng.TestNG.runSuitesSequentially(Lorg/testng/xml/XmlSuite;Lorg/testng/internal/SuiteRunnerMap;ILjava/lang/String;)V+66
j  org.testng.TestNG.runSuitesLocally()Ljava/util/List;+117
j  org.testng.TestNG.run()V+77
j  org.testng.remote.AbstractRemoteTestNG.run()V+163
j  org.testng.remote.RemoteTestNG.initAndRun(Lorg/testng/remote/IRemoteTestNG;[Ljava/lang/String;Lorg/testng/CommandLineArgs;Lorg/testng/remote/RemoteArgs;)V+184
j  org.testng.remote.RemoteTestNG.main([Ljava/lang/String;)V+218
v  ~StubRoutines::call_stub

---------------  P R O C E S S  ---------------

Java Threads: ( => current thread )
  0x00007fc25d568800 JavaThread "http-nio-auto-1-39098-AsyncTimeout" daemon [_thread_blocked, id=6424, stack(0x00007fc20a66f000,0x00007fc20a770000)]
  0x00007fc25d567000 JavaThread "http-nio-auto-1-Acceptor-0" daemon [_thread_in_native, id=6423, stack(0x00007fc20a770000,0x00007fc20a871000)]
  0x00007fc25d565000 JavaThread "http-nio-auto-1-ClientPoller-1" daemon [_thread_in_native, id=6422, stack(0x00007fc20a871000,0x00007fc20a972000)]
  0x00007fc25d547800 JavaThread "http-nio-auto-1-ClientPoller-0" daemon [_thread_in_native, id=6421, stack(0x00007fc20a972000,0x00007fc20aa73000)]
  0x00007fc25d545800 JavaThread "NioBlockingSelector.BlockPoller-1" daemon [_thread_in_native, id=6420, stack(0x00007fc20aa73000,0x00007fc20ab74000)]
  0x00007fc25cfeb800 JavaThread "Tomcat JDBC Pool Cleaner[865113938:1485166480980]" daemon [_thread_blocked, id=6419, stack(0x00007fc20b7fc000,0x00007fc20b8fd000)]
  0x00007fc25c5af800 JavaThread "container-0" [_thread_blocked, id=6418, stack(0x00007fc20bafd000,0x00007fc20bbfe000)]
  0x00007fc25c5ae000 JavaThread "ContainerBackgroundProcessor[StandardEngine[Tomcat]]" daemon [_thread_blocked, id=6417, stack(0x00007fc20bbfe000,0x00007fc20bcff000)]
  0x00007fc2100bd000 JavaThread "localhost-startStop-1" daemon [_thread_blocked, id=6416, stack(0x00007fc20beff000,0x00007fc20c000000)]
  0x00007fc25d332000 JavaThread "Tomcat-startStop-1" daemon [_thread_blocked, id=6415, stack(0x00007fc244f43000,0x00007fc245044000)]
  0x00007fc25c4ca800 JavaThread "ReaderThread" [_thread_in_native, id=6412, stack(0x00007fc245851000,0x00007fc245952000)]
  0x00007fc25c0c7000 JavaThread "Service Thread" daemon [_thread_blocked, id=6410, stack(0x00007fc245ecd000,0x00007fc245fce000)]
  0x00007fc25c0c4000 JavaThread "C1 CompilerThread2" daemon [_thread_blocked, id=6409, stack(0x00007fc245fce000,0x00007fc2460cf000)]
  0x00007fc25c0c2000 JavaThread "C2 CompilerThread1" daemon [_thread_in_native, id=6408, stack(0x00007fc2460cf000,0x00007fc2461d0000)]
  0x00007fc25c0bf000 JavaThread "C2 CompilerThread0" daemon [_thread_in_native, id=6407, stack(0x00007fc24c014000,0x00007fc24c115000)]
  0x00007fc25c0be000 JavaThread "Signal Dispatcher" daemon [_thread_blocked, id=6406, stack(0x00007fc24c115000,0x00007fc24c216000)]
  0x00007fc25c08a000 JavaThread "Finalizer" daemon [_thread_blocked, id=6405, stack(0x00007fc24c8f9000,0x00007fc24c9fa000)]
  0x00007fc25c085800 JavaThread "Reference Handler" daemon [_thread_blocked, id=6404, stack(0x00007fc24c9fa000,0x00007fc24cafb000)]
=>0x00007fc25c010000 JavaThread "main" [_thread_in_vm, id=6398, stack(0x00007fc26518a000,0x00007fc26528b000)]

Other Threads:
  0x00007fc25c07e000 VMThread [stack: 0x00007fc24cafb000,0x00007fc24cbfc000] [id=6403]
  0x00007fc25c0c9800 WatcherThread [stack: 0x00007fc245dcc000,0x00007fc245ecd000] [id=6411]

VM state:not at safepoint (normal execution)

VM Mutex/Monitor currently owned by a thread: None

Heap:
 PSYoungGen      total 179712K, used 59419K [0x00000000ebe00000, 0x00000000f8f80000, 0x0000000100000000)
  eden space 169984K, 29% used [0x00000000ebe00000,0x00000000eee8a948,0x00000000f6400000)
  from space 9728K, 99% used [0x00000000f8600000,0x00000000f8f7c5c8,0x00000000f8f80000)
  to   space 12288K, 0% used [0x00000000f7780000,0x00000000f7780000,0x00000000f8380000)
 ParOldGen       total 53248K, used 24904K [0x00000000c3a00000, 0x00000000c6e00000, 0x00000000ebe00000)
  object space 53248K, 46% used [0x00000000c3a00000,0x00000000c5252010,0x00000000c6e00000)
 Metaspace       used 45126K, capacity 45468K, committed 45952K, reserved 1089536K
  class space    used 5898K, capacity 5997K, committed 6016K, reserved 1048576K

Card table byte_map: [0x00007fc261d60000,0x00007fc261f44000] byte_map_base: 0x00007fc261743000

Marking Bits: (ParMarkBitMap*) 0x00007fc264666c80
 Begin Bits: [0x00007fc2461d0000, 0x00007fc2470e8000)
 End Bits:   [0x00007fc2470e8000, 0x00007fc248000000)

Polling page: 0x00007fc2652b0000

CodeCache: size=245760Kb used=13569Kb max_used=13569Kb free=232190Kb
 bounds [0x00007fc24d000000, 0x00007fc24dd50000, 0x00007fc25c000000]
 total_blobs=4152 nmethods=3681 adapters=384
 compilation: enabled

Compilation events (10 events):
Event: 13.502 Thread 0x00007fc25c0c4000 4150       1       java.util.Collections$SingletonList::size (2 bytes)
Event: 13.502 Thread 0x00007fc25c0c4000 nmethod 4150 0x00007fc24dd4a350 code [0x00007fc24dd4a4a0, 0x00007fc24dd4a5b0]
Event: 13.502 Thread 0x00007fc25c0c4000 4152       3       java.lang.reflect.Field::getGenericType (20 bytes)
Event: 13.503 Thread 0x00007fc25c0c4000 nmethod 4152 0x00007fc24dd4a610 code [0x00007fc24dd4a860, 0x00007fc24dd4b5c8]
Event: 13.503 Thread 0x00007fc25c0c4000 4153       1       org.testng.shaded.com.google.gson.reflect.TypeToken::hashCode (5 bytes)
Event: 13.503 Thread 0x00007fc25c0c4000 nmethod 4153 0x00007fc24dd4c150 code [0x00007fc24dd4c2a0, 0x00007fc24dd4c3b0]
Event: 13.504 Thread 0x00007fc25c0c4000 4154       3       java.io.BufferedWriter::ensureOpen (18 bytes)
Event: 13.504 Thread 0x00007fc25c0c4000 nmethod 4154 0x00007fc24dd4c410 code [0x00007fc24dd4c580, 0x00007fc24dd4c7c8]
Event: 13.520 Thread 0x00007fc25c0c4000 4155       3       org.hibernate.service.internal.ConcurrentServiceBinding::hashKey (5 bytes)
Event: 13.521 Thread 0x00007fc25c0c4000 nmethod 4155 0x00007fc24dd4c890 code [0x00007fc24dd4ca00, 0x00007fc24dd4cb88]

GC Heap History (10 events):
Event: 9.555 GC heap before
{Heap before GC invocations=12 (full 1):
 PSYoungGen      total 98816K, used 96898K [0x00000000ebe00000, 0x00000000f2800000, 0x0000000100000000)
  eden space 90112K, 99% used [0x00000000ebe00000,0x00000000f15f75e0,0x00000000f1600000)
  from space 8704K, 78% used [0x00000000f1f00000,0x00000000f25a9570,0x00000000f2780000)
  to   space 9216K, 0% used [0x00000000f1600000,0x00000000f1600000,0x00000000f1f00000)
 ParOldGen       total 30720K, used 9573K [0x00000000c3a00000, 0x00000000c5800000, 0x00000000ebe00000)
  object space 30720K, 31% used [0x00000000c3a00000,0x00000000c4359638,0x00000000c5800000)
 Metaspace       used 28070K, capacity 28352K, committed 28800K, reserved 1075200K
  class space    used 3511K, capacity 3603K, committed 3712K, reserved 1048576K
Event: 9.567 GC heap after
Heap after GC invocations=12 (full 1):
 PSYoungGen      total 99328K, used 6115K [0x00000000ebe00000, 0x00000000f5200000, 0x0000000100000000)
  eden space 90112K, 0% used [0x00000000ebe00000,0x00000000ebe00000,0x00000000f1600000)
  from space 9216K, 66% used [0x00000000f1600000,0x00000000f1bf8ff8,0x00000000f1f00000)
  to   space 9216K, 0% used [0x00000000f4900000,0x00000000f4900000,0x00000000f5200000)
 ParOldGen       total 30720K, used 11372K [0x00000000c3a00000, 0x00000000c5800000, 0x00000000ebe00000)
  object space 30720K, 37% used [0x00000000c3a00000,0x00000000c451b1a0,0x00000000c5800000)
 Metaspace       used 28070K, capacity 28352K, committed 28800K, reserved 1075200K
  class space    used 3511K, capacity 3603K, committed 3712K, reserved 1048576K
}
Event: 10.337 GC heap before
{Heap before GC invocations=13 (full 1):
 PSYoungGen      total 99328K, used 96227K [0x00000000ebe00000, 0x00000000f5200000, 0x0000000100000000)
  eden space 90112K, 100% used [0x00000000ebe00000,0x00000000f1600000,0x00000000f1600000)
  from space 9216K, 66% used [0x00000000f1600000,0x00000000f1bf8ff8,0x00000000f1f00000)
  to   space 9216K, 0% used [0x00000000f4900000,0x00000000f4900000,0x00000000f5200000)
 ParOldGen       total 30720K, used 11372K [0x00000000c3a00000, 0x00000000c5800000, 0x00000000ebe00000)
  object space 30720K, 37% used [0x00000000c3a00000,0x00000000c451b1a0,0x00000000c5800000)
 Metaspace       used 30322K, capacity 30656K, committed 31104K, reserved 1077248K
  class space    used 3762K, capacity 3859K, committed 3968K, reserved 1048576K
Event: 10.362 GC heap after
Heap after GC invocations=13 (full 1):
 PSYoungGen      total 141824K, used 8614K [0x00000000ebe00000, 0x00000000f5380000, 0x0000000100000000)
  eden space 132608K, 0% used [0x00000000ebe00000,0x00000000ebe00000,0x00000000f3f80000)
  from space 9216K, 93% used [0x00000000f4900000,0x00000000f5169b28,0x00000000f5200000)
  to   space 9728K, 0% used [0x00000000f3f80000,0x00000000f3f80000,0x00000000f4900000)
 ParOldGen       total 30720K, used 14224K [0x00000000c3a00000, 0x00000000c5800000, 0x00000000ebe00000)
  object space 30720K, 46% used [0x00000000c3a00000,0x00000000c47e41c0,0x00000000c5800000)
 Metaspace       used 30322K, capacity 30656K, committed 31104K, reserved 1077248K
  class space    used 3762K, capacity 3859K, committed 3968K, reserved 1048576K
}
Event: 11.382 GC heap before
{Heap before GC invocations=14 (full 1):
 PSYoungGen      total 141824K, used 85150K [0x00000000ebe00000, 0x00000000f5380000, 0x0000000100000000)
  eden space 132608K, 57% used [0x00000000ebe00000,0x00000000f08bdf68,0x00000000f3f80000)
  from space 9216K, 93% used [0x00000000f4900000,0x00000000f5169b28,0x00000000f5200000)
  to   space 9728K, 0% used [0x00000000f3f80000,0x00000000f3f80000,0x00000000f4900000)
 ParOldGen       total 30720K, used 14224K [0x00000000c3a00000, 0x00000000c5800000, 0x00000000ebe00000)
  object space 30720K, 46% used [0x00000000c3a00000,0x00000000c47e41c0,0x00000000c5800000)
 Metaspace       used 34909K, capacity 35232K, committed 35496K, reserved 1081344K
  class space    used 4481K, capacity 4579K, committed 4608K, reserved 1048576K
Event: 11.396 GC heap after
Heap after GC invocations=14 (full 1):
 PSYoungGen      total 142336K, used 6447K [0x00000000ebe00000, 0x00000000f8f80000, 0x0000000100000000)
  eden space 132608K, 0% used [0x00000000ebe00000,0x00000000ebe00000,0x00000000f3f80000)
  from space 9728K, 66% used [0x00000000f3f80000,0x00000000f45cbf90,0x00000000f4900000)
  to   space 9728K, 0% used [0x00000000f8600000,0x00000000f8600000,0x00000000f8f80000)
 ParOldGen       total 30720K, used 16363K [0x00000000c3a00000, 0x00000000c5800000, 0x00000000ebe00000)
  object space 30720K, 53% used [0x00000000c3a00000,0x00000000c49fafb8,0x00000000c5800000)
 Metaspace       used 34909K, capacity 35232K, committed 35496K, reserved 1081344K
  class space    used 4481K, capacity 4579K, committed 4608K, reserved 1048576K
}
Event: 11.396 GC heap before
{Heap before GC invocations=15 (full 2):
 PSYoungGen      total 142336K, used 6447K [0x00000000ebe00000, 0x00000000f8f80000, 0x0000000100000000)
  eden space 132608K, 0% used [0x00000000ebe00000,0x00000000ebe00000,0x00000000f3f80000)
  from space 9728K, 66% used [0x00000000f3f80000,0x00000000f45cbf90,0x00000000f4900000)
  to   space 9728K, 0% used [0x00000000f8600000,0x00000000f8600000,0x00000000f8f80000)
 ParOldGen       total 30720K, used 16363K [0x00000000c3a00000, 0x00000000c5800000, 0x00000000ebe00000)
  object space 30720K, 53% used [0x00000000c3a00000,0x00000000c49fafb8,0x00000000c5800000)
 Metaspace       used 34909K, capacity 35232K, committed 35496K, reserved 1081344K
  class space    used 4481K, capacity 4579K, committed 4608K, reserved 1048576K
Event: 11.543 GC heap after
Heap after GC invocations=15 (full 2):
 PSYoungGen      total 142336K, used 0K [0x00000000ebe00000, 0x00000000f8f80000, 0x0000000100000000)
  eden space 132608K, 0% used [0x00000000ebe00000,0x00000000ebe00000,0x00000000f3f80000)
  from space 9728K, 0% used [0x00000000f3f80000,0x00000000f3f80000,0x00000000f4900000)
  to   space 9728K, 0% used [0x00000000f8600000,0x00000000f8600000,0x00000000f8f80000)
 ParOldGen       total 53248K, used 21701K [0x00000000c3a00000, 0x00000000c6e00000, 0x00000000ebe00000)
  object space 53248K, 40% used [0x00000000c3a00000,0x00000000c4f31748,0x00000000c6e00000)
 Metaspace       used 34909K, capacity 35232K, committed 35496K, reserved 1081344K
  class space    used 4481K, capacity 4579K, committed 4608K, reserved 1048576K
}
Event: 13.097 GC heap before
{Heap before GC invocations=16 (full 2):
 PSYoungGen      total 142336K, used 132608K [0x00000000ebe00000, 0x00000000f8f80000, 0x0000000100000000)
  eden space 132608K, 100% used [0x00000000ebe00000,0x00000000f3f80000,0x00000000f3f80000)
  from space 9728K, 0% used [0x00000000f3f80000,0x00000000f3f80000,0x00000000f4900000)
  to   space 9728K, 0% used [0x00000000f8600000,0x00000000f8600000,0x00000000f8f80000)
 ParOldGen       total 53248K, used 21701K [0x00000000c3a00000, 0x00000000c6e00000, 0x00000000ebe00000)
  object space 53248K, 40% used [0x00000000c3a00000,0x00000000c4f31748,0x00000000c6e00000)
 Metaspace       used 44103K, capacity 44490K, committed 44800K, reserved 1087488K
  class space    used 5768K, capacity 5866K, committed 5888K, reserved 1048576K
Event: 13.113 GC heap after
Heap after GC invocations=16 (full 2):
 PSYoungGen      total 179712K, used 9713K [0x00000000ebe00000, 0x00000000f8f80000, 0x0000000100000000)
  eden space 169984K, 0% used [0x00000000ebe00000,0x00000000ebe00000,0x00000000f6400000)
  from space 9728K, 99% used [0x00000000f8600000,0x00000000f8f7c5c8,0x00000000f8f80000)
  to   space 12288K, 0% used [0x00000000f7780000,0x00000000f7780000,0x00000000f8380000)
 ParOldGen       total 53248K, used 24904K [0x00000000c3a00000, 0x00000000c6e00000, 0x00000000ebe00000)
  object space 53248K, 46% used [0x00000000c3a00000,0x00000000c5252010,0x00000000c6e00000)
 Metaspace       used 44103K, capacity 44490K, committed 44800K, reserved 1087488K
  class space    used 5768K, capacity 5866K, committed 5888K, reserved 1048576K
}

Deoptimization events (10 events):
Event: 12.471 Thread 0x00007fc25c010000 Uncommon trap: reason=null_check action=make_not_entrant pc=0x00007fc24d1db4dc method=org.springframework.util.ClassUtils.isAssignable(Ljava/lang/Class;Ljava/lang/Class;)Z @ 14
Event: 12.676 Thread 0x00007fc25c010000 Uncommon trap: reason=class_check action=maybe_recompile pc=0x00007fc24d7f5294 method=java.util.regex.Pattern$Curly.match(Ljava/util/regex/Matcher;ILjava/lang/CharSequence;)Z @ 19
Event: 12.701 Thread 0x00007fc25c010000 Uncommon trap: reason=unstable_if action=reinterpret pc=0x00007fc24d69e8a4 method=java.util.concurrent.ConcurrentHashMap.transfer([Ljava/util/concurrent/ConcurrentHashMap$Node;[Ljava/util/concurrent/ConcurrentHashMap$Node;)V @ 356
Event: 12.701 Thread 0x00007fc25c010000 Uncommon trap: reason=unstable_if action=reinterpret pc=0x00007fc24d64dc8c method=java.util.concurrent.ConcurrentHashMap.transfer([Ljava/util/concurrent/ConcurrentHashMap$Node;[Ljava/util/concurrent/ConcurrentHashMap$Node;)V @ 356
Event: 12.956 Thread 0x00007fc25c010000 Uncommon trap: reason=null_check action=make_not_entrant pc=0x00007fc24dc6ecec method=org.springframework.core.annotation.AnnotatedElementUtils.searchWithGetSemanticsInAnnotations(Ljava/lang/reflect/AnnotatedElement;Ljava/util/List;Ljava/lang/Class;Ljava/
Event: 13.387 Thread 0x00007fc25c010000 Uncommon trap: reason=unstable_if action=reinterpret pc=0x00007fc24d214bcc method=java.lang.Class$MethodArray.addIfNotPresent(Ljava/lang/reflect/Method;)V @ 19
Event: 13.397 Thread 0x00007fc25c010000 Uncommon trap: reason=unstable_if action=reinterpret pc=0x00007fc24db39fc8 method=java.util.concurrent.ConcurrentHashMap.isEmpty()Z @ 6
Event: 13.406 Thread 0x00007fc25c010000 Uncommon trap: reason=unstable_if action=reinterpret pc=0x00007fc24d3970f4 method=org.springframework.util.ConcurrentReferenceHashMap$Segment.clear()V @ 4
Event: 13.477 Thread 0x00007fc25c010000 Uncommon trap: reason=bimorphic action=maybe_recompile pc=0x00007fc24d14f5b4 method=java.util.Hashtable.get(Ljava/lang/Object;)Ljava/lang/Object; @ 6
Event: 13.477 Thread 0x00007fc25c010000 Uncommon trap: reason=bimorphic action=maybe_recompile pc=0x00007fc24d14f5b4 method=java.util.Hashtable.get(Ljava/lang/Object;)Ljava/lang/Object; @ 6

Internal exceptions (10 events):
Event: 13.311 Thread 0x00007fc25c010000 Exception <a 'java/lang/ClassNotFoundException': org/springframework/boot/autoconfigure/web/WebClientAutoConfigurationCustomizer> (0x00000000ed882540) thrown at [/HUDSON3/workspace/8-2-build-linux-amd64/jdk8u121/8372/hotspot/src/share/vm/classfile/systemD
Event: 13.312 Thread 0x00007fc25c010000 Exception <a 'java/lang/ClassNotFoundException': org/springframework/boot/autoconfigure/web/WebClientAutoConfiguration$$EnhancerBySpringCGLIB$$2c140284Customizer> (0x00000000ed8a5e38) thrown at [/HUDSON3/workspace/8-2-build-linux-amd64/jdk8u121/8372/hotsp
Event: 13.312 Thread 0x00007fc25c010000 Exception <a 'java/lang/ClassNotFoundException': org/springframework/context/annotation/ConfigurationClassEnhancer$EnhancedConfigurationCustomizer> (0x00000000ed8ca170) thrown at [/HUDSON3/workspace/8-2-build-linux-amd64/jdk8u121/8372/hotspot/src/share/vm
Event: 13.489 Thread 0x00007fc25c010000 Exception <a 'java/lang/ClassNotFoundException': java/lang/ObjectCustomizer> (0x00000000ee9ac728) thrown at [/HUDSON3/workspace/8-2-build-linux-amd64/jdk8u121/8372/hotspot/src/share/vm/classfile/systemDictionary.cpp, line 210]
Event: 13.490 Thread 0x00007fc25c010000 Exception <a 'java/lang/ClassNotFoundException': org/springframework/test/context/testng/AbstractTestNGSpringContextTestsCustomizer> (0x00000000ee9ca470) thrown at [/HUDSON3/workspace/8-2-build-linux-amd64/jdk8u121/8372/hotspot/src/share/vm/classfile/syst
Event: 13.490 Thread 0x00007fc25c010000 Exception <a 'java/lang/ClassNotFoundException': com/example/crudtest/CRUDTestCustomizer> (0x00000000ee9dd038) thrown at [/HUDSON3/workspace/8-2-build-linux-amd64/jdk8u121/8372/hotspot/src/share/vm/classfile/systemDictionary.cpp, line 210]
Event: 13.491 Thread 0x00007fc25c010000 Exception <a 'java/lang/ClassNotFoundException': org/testng/IHookableCustomizer> (0x00000000ee9eda60) thrown at [/HUDSON3/workspace/8-2-build-linux-amd64/jdk8u121/8372/hotspot/src/share/vm/classfile/systemDictionary.cpp, line 210]
Event: 13.491 Thread 0x00007fc25c010000 Exception <a 'java/lang/ClassNotFoundException': org/springframework/context/ApplicationContextAwareCustomizer> (0x00000000eea03c00) thrown at [/HUDSON3/workspace/8-2-build-linux-amd64/jdk8u121/8372/hotspot/src/share/vm/classfile/systemDictionary.cpp, lin
Event: 13.524 Thread 0x00007fc25c010000 Exception <a 'java/lang/ClassNotFoundException': java/lang/ObjectCustomizer> (0x00000000eeb8dd70) thrown at [/HUDSON3/workspace/8-2-build-linux-amd64/jdk8u121/8372/hotspot/src/share/vm/classfile/systemDictionary.cpp, line 210]
Event: 13.524 Thread 0x00007fc25c010000 Exception <a 'java/lang/ClassNotFoundException': com/example/entity/BookCustomizer> (0x00000000eeba0700) thrown at [/HUDSON3/workspace/8-2-build-linux-amd64/jdk8u121/8372/hotspot/src/share/vm/classfile/systemDictionary.cpp, line 210]

Events (10 events):
Event: 13.530 loading class org/hibernate/engine/jdbc/internal/FormatStyle
Event: 13.530 loading class org/hibernate/engine/jdbc/internal/FormatStyle done
Event: 13.531 loading class org/hibernate/engine/jdbc/internal/Formatter
Event: 13.531 loading class org/hibernate/engine/jdbc/internal/Formatter done
Event: 13.531 loading class org/hibernate/engine/jdbc/internal/BasicFormatterImpl
Event: 13.531 loading class org/hibernate/engine/jdbc/internal/BasicFormatterImpl done
Event: 13.532 loading class org/hibernate/engine/jdbc/internal/DDLFormatterImpl
Event: 13.532 loading class org/hibernate/engine/jdbc/internal/DDLFormatterImpl done
Event: 13.532 loading class org/hibernate/engine/jdbc/internal/FormatStyle$NoFormatImpl
Event: 13.532 loading class org/hibernate/engine/jdbc/internal/FormatStyle$NoFormatImpl done


Dynamic libraries:
00400000-00401000 r-xp 00000000 08:03 3554757                            /usr/lib/jvm/java-8-oracle/bin/java
00600000-00601000 rw-p 00000000 08:03 3554757                            /usr/lib/jvm/java-8-oracle/bin/java
011e2000-01203000 rw-p 00000000 00:00 0                                  [heap]
c3a00000-c6e00000 rw-p 00000000 00:00 0 
c6e00000-ebe00000 ---p 00000000 00:00 0 
ebe00000-f8f80000 rw-p 00000000 00:00 0 
f8f80000-100000000 ---p 00000000 00:00 0 
100000000-1005e0000 rw-p 00000000 00:00 0 
1005e0000-140000000 ---p 00000000 00:00 0 
7fc1e4000000-7fc1e4021000 rw-p 00000000 00:00 0 
7fc1e4021000-7fc1e8000000 ---p 00000000 00:00 0 
7fc1e8000000-7fc1e8021000 rw-p 00000000 00:00 0 
7fc1e8021000-7fc1ec000000 ---p 00000000 00:00 0 
7fc1ec000000-7fc1ec021000 rw-p 00000000 00:00 0 
7fc1ec021000-7fc1f0000000 ---p 00000000 00:00 0 
7fc1f0000000-7fc1f0021000 rw-p 00000000 00:00 0 
7fc1f0021000-7fc1f4000000 ---p 00000000 00:00 0 
7fc1f4000000-7fc1f4021000 rw-p 00000000 00:00 0 
7fc1f4021000-7fc1f8000000 ---p 00000000 00:00 0 
7fc1f8000000-7fc1f8021000 rw-p 00000000 00:00 0 
7fc1f8021000-7fc1fc000000 ---p 00000000 00:00 0 
7fc1fc000000-7fc1fc021000 rw-p 00000000 00:00 0 
7fc1fc021000-7fc200000000 ---p 00000000 00:00 0 
7fc200000000-7fc200021000 rw-p 00000000 00:00 0 
7fc200021000-7fc204000000 ---p 00000000 00:00 0 
7fc204000000-7fc204129000 rw-p 00000000 00:00 0 
7fc204129000-7fc208000000 ---p 00000000 00:00 0 
7fc20a66f000-7fc20a672000 ---p 00000000 00:00 0 
7fc20a672000-7fc20a770000 rw-p 00000000 00:00 0                          [stack:6424]
7fc20a770000-7fc20a773000 ---p 00000000 00:00 0 
7fc20a773000-7fc20a871000 rw-p 00000000 00:00 0                          [stack:6423]
7fc20a871000-7fc20a874000 ---p 00000000 00:00 0 
7fc20a874000-7fc20a972000 rw-p 00000000 00:00 0                          [stack:6422]
7fc20a972000-7fc20a975000 ---p 00000000 00:00 0 
7fc20a975000-7fc20aa73000 rw-p 00000000 00:00 0                          [stack:6421]
7fc20aa73000-7fc20aa76000 ---p 00000000 00:00 0 
7fc20aa76000-7fc20ac74000 rw-p 00000000 00:00 0                          [stack:6420]
7fc20ac74000-7fc20ad74000 ---p 00000000 00:00 0 
7fc20ad74000-7fc20af74000 rw-p 00000000 00:00 0 
7fc20af74000-7fc20b174000 rw-p 00000000 00:00 0 
7fc20b174000-7fc20b374000 rw-p 00000000 00:00 0 
7fc20b374000-7fc20b3f8000 r-xp 00000000 08:03 5923863                    /tmp/sqlite-3.7.2-libsqlitejdbc.so
7fc20b3f8000-7fc20b5f8000 ---p 00084000 08:03 5923863                    /tmp/sqlite-3.7.2-libsqlitejdbc.so
7fc20b5f8000-7fc20b5f9000 r--p 00084000 08:03 5923863                    /tmp/sqlite-3.7.2-libsqlitejdbc.so
7fc20b5f9000-7fc20b5fc000 rw-p 00085000 08:03 5923863                    /tmp/sqlite-3.7.2-libsqlitejdbc.so
7fc20b5fc000-7fc20b7fc000 rw-p 00000000 00:00 0 
7fc20b7fc000-7fc20b7ff000 ---p 00000000 00:00 0 
7fc20b7ff000-7fc20bafd000 rw-p 00000000 00:00 0                          [stack:6419]
7fc20bafd000-7fc20bb00000 ---p 00000000 00:00 0 
7fc20bb00000-7fc20bbfe000 rw-p 00000000 00:00 0                          [stack:6418]
7fc20bbfe000-7fc20bc01000 ---p 00000000 00:00 0 
7fc20bc01000-7fc20beff000 rw-p 00000000 00:00 0                          [stack:6417]
7fc20beff000-7fc20bf02000 ---p 00000000 00:00 0 
7fc20bf02000-7fc20c000000 rw-p 00000000 00:00 0                          [stack:6416]
7fc20c000000-7fc20c021000 rw-p 00000000 00:00 0 
7fc20c021000-7fc210000000 ---p 00000000 00:00 0 
7fc210000000-7fc210147000 rw-p 00000000 00:00 0 
7fc210147000-7fc214000000 ---p 00000000 00:00 0 
7fc214000000-7fc214021000 rw-p 00000000 00:00 0 
7fc214021000-7fc218000000 ---p 00000000 00:00 0 
7fc218000000-7fc218021000 rw-p 00000000 00:00 0 
7fc218021000-7fc21c000000 ---p 00000000 00:00 0 
7fc21c000000-7fc21d1d1000 rw-p 00000000 00:00 0 
7fc21d1d1000-7fc220000000 ---p 00000000 00:00 0 
7fc220000000-7fc220dca000 rw-p 00000000 00:00 0 
7fc220dca000-7fc224000000 ---p 00000000 00:00 0 
7fc224000000-7fc224021000 rw-p 00000000 00:00 0 
7fc224021000-7fc228000000 ---p 00000000 00:00 0 
7fc228000000-7fc229bbd000 rw-p 00000000 00:00 0 
7fc229bbd000-7fc22c000000 ---p 00000000 00:00 0 
7fc22c000000-7fc22c021000 rw-p 00000000 00:00 0 
7fc22c021000-7fc230000000 ---p 00000000 00:00 0 
7fc230000000-7fc230021000 rw-p 00000000 00:00 0 
7fc230021000-7fc234000000 ---p 00000000 00:00 0 
7fc234000000-7fc234021000 rw-p 00000000 00:00 0 
7fc234021000-7fc238000000 ---p 00000000 00:00 0 
7fc238000000-7fc238021000 rw-p 00000000 00:00 0 
7fc238021000-7fc23c000000 ---p 00000000 00:00 0 
7fc23c000000-7fc23c028000 rw-p 00000000 00:00 0 
7fc23c028000-7fc240000000 ---p 00000000 00:00 0 
7fc240000000-7fc240021000 rw-p 00000000 00:00 0 
7fc240021000-7fc244000000 ---p 00000000 00:00 0 
7fc244070000-7fc244270000 rw-p 00000000 00:00 0 
7fc244284000-7fc244485000 rw-p 00000000 00:00 0 
7fc244485000-7fc244498000 r--s 00345000 08:03 3569668                    /usr/lib/jvm/java-8-oracle/jre/lib/resources.jar
7fc244498000-7fc244698000 rw-p 00000000 00:00 0 
7fc244698000-7fc244898000 rw-p 00000000 00:00 0 
7fc244898000-7fc24492d000 r--s 01109000 08:03 3569596                    /usr/lib/jvm/java-8-oracle/jre/lib/ext/jfxrt.jar
7fc24492d000-7fc24493e000 r-xp 00000000 08:03 4870868                    /usr/lib/jvm/java-8-oracle/jre/lib/amd64/libnio.so
7fc24493e000-7fc244b3d000 ---p 00011000 08:03 4870868                    /usr/lib/jvm/java-8-oracle/jre/lib/amd64/libnio.so
7fc244b3d000-7fc244b3e000 rw-p 00010000 08:03 4870868                    /usr/lib/jvm/java-8-oracle/jre/lib/amd64/libnio.so
7fc244b3e000-7fc244d3e000 rw-p 00000000 00:00 0 
7fc244d3e000-7fc244f3e000 rw-p 00000000 00:00 0 
7fc244f3e000-7fc244f43000 r--s 002f9000 08:03 3569547                    /usr/lib/jvm/java-8-oracle/jre/lib/charsets.jar
7fc244f43000-7fc244f46000 ---p 00000000 00:00 0 
7fc244f46000-7fc245044000 rw-p 00000000 00:00 0                          [stack:6415]
7fc245044000-7fc24504d000 r-xp 00000000 08:03 4870832                    /usr/lib/jvm/java-8-oracle/jre/lib/amd64/libmanagement.so
7fc24504d000-7fc24524c000 ---p 00009000 08:03 4870832                    /usr/lib/jvm/java-8-oracle/jre/lib/amd64/libmanagement.so
7fc24524c000-7fc24524d000 rw-p 00008000 08:03 4870832                    /usr/lib/jvm/java-8-oracle/jre/lib/amd64/libmanagement.so
7fc24524d000-7fc24544d000 rw-p 00000000 00:00 0 
7fc24544d000-7fc24564d000 rw-p 00000000 00:00 0 
7fc24564d000-7fc24584d000 rw-p 00000000 00:00 0 
7fc24584d000-7fc245851000 r--s 0009a000 08:03 3569602                    /usr/lib/jvm/java-8-oracle/jre/lib/jsse.jar
7fc245851000-7fc245854000 ---p 00000000 00:00 0 
7fc245854000-7fc245952000 rw-p 00000000 00:00 0                          [stack:6412]
7fc245952000-7fc245968000 r-xp 00000000 08:03 4870893                    /usr/lib/jvm/java-8-oracle/jre/lib/amd64/libnet.so
7fc245968000-7fc245b68000 ---p 00016000 08:03 4870893                    /usr/lib/jvm/java-8-oracle/jre/lib/amd64/libnet.so
7fc245b68000-7fc245b69000 rw-p 00016000 08:03 4870893                    /usr/lib/jvm/java-8-oracle/jre/lib/amd64/libnet.so
7fc245b69000-7fc245b6a000 r--s 0000c000 08:03 5916924                    /home/sharmila/.gradle/caches/modules-2/files-2.1/org.ow2.asm/asm/5.0.3/dcc2193db20e19e1feca8b1240dbbc4e190824fa/asm-5.0.3.jar
7fc245b6a000-7fc245b74000 r--s 00069000 08:03 5923589                    /home/sharmila/.gradle/caches/modules-2/files-2.1/ch.qos.logback/logback-core/1.1.8/b4d1c3dea91727faf8b3d19cf4b9b972d6c0b89/logback-core-1.1.8.jar
7fc245b74000-7fc245b76000 r--s 00012000 08:03 5916922                    /home/sharmila/.gradle/caches/modules-2/files-2.1/net.minidev/accessors-smart/1.1/a527213f2fea112a04c9bdf0ec0264e34104cd08/accessors-smart-1.1.jar
7fc245b76000-7fc245b78000 r--s 00009000 08:03 5923902                    /home/sharmila/.gradle/caches/modules-2/files-2.1/org.apache.tomcat/tomcat-juli/8.5.6/83d2d1e3362ecca504f3bf8ed1bc4cc451754d24/tomcat-juli-8.5.6.jar
7fc245b78000-7fc245b81000 r--s 0002d000 08:03 5923903                    /home/sharmila/.gradle/caches/modules-2/files-2.1/xml-apis/xml-apis/1.4.01/3789d9fada2d3d458c4ba2de349d48780f381ee3/xml-apis-1.4.01.jar
7fc245b81000-7fc245b83000 r--s 00004000 08:03 5923588                    /home/sharmila/.gradle/caches/modules-2/files-2.1/org.slf4j/log4j-over-slf4j/1.7.22/a527c37e9ca6c3d19ba298edd4aa344ca751a203/log4j-over-slf4j-1.7.22.jar
7fc245b83000-7fc245b85000 r--s 00000000 08:03 5923587                    /home/sharmila/.gradle/caches/modules-2/files-2.1/org.slf4j/jul-to-slf4j/1.7.22/b0429e950b3d2bc2c39c1bacafac753edbe3781c/jul-to-slf4j-1.7.22.jar
7fc245b85000-7fc245b8b000 r--s 00045000 08:03 5923585                    /home/sharmila/.gradle/caches/modules-2/files-2.1/ch.qos.logback/logback-classic/1.1.8/e54f49a227611976642f81cf2106b81c1ece8bf5/logback-classic-1.1.8.jar
7fc245b8b000-7fc245b8c000 r--s 0000f000 08:03 5916909                    /home/sharmila/.gradle/caches/modules-2/files-2.1/org.json/json/20140107/d1ffca6e2482b002702c6a576166fd685e3370e3/json-20140107.jar
7fc245b8c000-7fc245b8e000 r--s 00009000 08:03 5916921                    /home/sharmila/.gradle/caches/modules-2/files-2.1/org.objenesis/objenesis/2.1/87c0ea803b69252868d09308b4618f766f135a96/objenesis-2.1.jar
7fc245b8e000-7fc245b91000 r--s 0001b000 08:03 5916920                    /home/sharmila/.gradle/caches/modules-2/files-2.1/net.minidev/json-smart/2.2.1/5b9e5df7a62d1279b70dc882b041d249c4f0b002/json-smart-2.2.1.jar
7fc245b91000-7fc245b93000 r--s 00003000 08:03 5923586                    /home/sharmila/.gradle/caches/modules-2/files-2.1/org.slf4j/jcl-over-slf4j/1.7.22/86ceac14535af5a42c8fb0d06d79b925dd3cb263/jcl-over-slf4j-1.7.22.jar
7fc245b93000-7fc245b95000 r--s 00009000 08:03 5923584                    /home/sharmila/.gradle/caches/modules-2/files-2.1/org.slf4j/slf4j-api/1.7.22/a1c83373863cec7ae8d89dc1c5722d8cb6ec0309/slf4j-api-1.7.22.jar
7fc245b95000-7fc245b9d000 r--s 0003a000 08:03 5923901                    /home/sharmila/.gradle/caches/modules-2/files-2.1/org.springframework/spring-tx/4.3.5.RELEASE/296d8ae21fadc0f115dae7d1e8d5c4f8c7de2c3e/spring-tx-4.3.5.RELEASE.jar
7fc245b9d000-7fc245ba7000 r--s 0006b000 08:03 5923900                    /home/sharmila/.gradle/caches/modules-2/files-2.1/org.springframework/spring-orm/4.3.5.RELEASE/64c29d310b69bcc6e1fd5a738fa3629bdedb2d3f/spring-orm-4.3.5.RELEASE.jar
7fc245ba7000-7fc245bb7000 r--s 0009a000 08:03 5923899                    /home/sharmila/.gradle/caches/modules-2/files-2.1/org.springframework.data/spring-data-commons/1.12.6.RELEASE/b6403dcfce33e89613f364d80d653d7540279c47/spring-data-commons-1.12.6.RELEASE.jar
7fc245bb7000-7fc245bc1000 r--s 0005f000 08:03 5923898                    /home/sharmila/.gradle/caches/modules-2/files-2.1/org.springframework/spring-jdbc/4.3.5.RELEASE/7c09e38b6f6e0b178973dea06bb8fdc6d19aa596/spring-jdbc-4.3.5.RELEASE.jar
7fc245bc1000-7fc245bc4000 r--s 00020000 08:03 5923897                    /home/sharmila/.gradle/caches/modules-2/files-2.1/org.apache.tomcat/tomcat-jdbc/8.5.6/feb10a9e22f70565c7556f327b0481dba8587bbc/tomcat-jdbc-8.5.6.jar
7fc245bc4000-7fc245bdd000 r--s 001af000 08:03 5923896                    /home/sharmila/.gradle/caches/modules-2/files-2.1/org.aspectj/aspectjweaver/1.8.9/db28774f477f07220eac18d5ec9c4e01f48589d7/aspectjweaver-1.8.9.jar
7fc245bdd000-7fc245be0000 r--s 00010000 08:03 5923833                    /home/sharmila/.gradle/caches/modules-2/files-2.1/org.hibernate.common/hibernate-commons-annotations/5.0.1.Final/71e1cff3fcb20d3b3af4f3363c3ddb24d33c6879/hibernate-commons-annotations-5.0.1.Final.jar
7fc245be0000-7fc245be5000 r--s 00048000 08:03 5923832                    /home/sharmila/.gradle/caches/modules-2/files-2.1/dom4j/dom4j/1.6.1/5d3ccc056b6f056dbf0dddfdf43894b9065a8f94/dom4j-1.6.1.jar
7fc245be5000-7fc245be8000 r--s 0002b000 08:03 5923433                    /home/sharmila/.gradle/caches/modules-2/files-2.1/org.jboss/jandex/2.0.0.Final/3e899258936f94649c777193e1be846387ed54b3/jandex-2.0.0.Final.jar
7fc245be8000-7fc245be9000 r--s 00003000 08:03 5923830                    /home/sharmila/.gradle/caches/modules-2/files-2.1/org.apache.geronimo.specs/geronimo-jta_1.1_spec/1.1.1/aabab3165b8ea936b9360abbf448459c0d04a5a4/geronimo-jta_1.1_spec-1.1.1.jar
7fc245be9000-7fc245bee000 r--s 00068000 08:03 5923829                    /home/sharmila/.gradle/caches/modules-2/files-2.1/antlr/antlr/2.7.7/83cd2cd674a217ade95a4bb83a8a14f351f48bd0/antlr-2.7.7.jar
7fc245bee000-7fc245bf3000 r--s 0003c000 08:03 5923583                    /home/sharmila/.gradle/caches/modules-2/files-2.1/org.springframework/spring-expression/4.3.5.RELEASE/3689dc6c5b942ecde4122eac889ed87977d6f287/spring-expression-4.3.5.RELEASE.jar
7fc245bf3000-7fc245c0d000 r--s 000fc000 08:03 5923582                    /home/sharmila/.gradle/caches/modules-2/files-2.1/org.springframework/spring-context/4.3.5.RELEASE/ca3391c0e17d0138335ba51b51371661d20d56a8/spring-context-4.3.5.RELEASE.jar
7fc245c0d000-7fc245c1a000 r--s 000ad000 08:03 5923581                    /home/sharmila/.gradle/caches/modules-2/files-2.1/org.springframework/spring-beans/4.3.5.RELEASE/e12bbc3277da28e2e2608a187f83091dc6c300bf/spring-beans-4.3.5.RELEASE.jar
7fc245c1a000-7fc245c23000 r--s 00054000 08:03 5923580                    /home/sharmila/.gradle/caches/modules-2/files-2.1/org.springframework/spring-aop/4.3.5.RELEASE/4f113218af716bd8d174c411f19b26418b5a70f6/spring-aop-4.3.5.RELEASE.jar
7fc245c23000-7fc245c27000 r--s 00041000 08:03 5923579                    /home/sharmila/.gradle/caches/modules-2/files-2.1/com.fasterxml.jackson.core/jackson-core/2.8.5/60d059f5d2930ccd1ef03535b713fd9f933d1ba7/jackson-core-2.8.5.jar
7fc245c27000-7fc245c2a000 r--s 0000b000 08:03 5923578                    /home/sharmila/.gradle/caches/modules-2/files-2.1/com.fasterxml.jackson.core/jackson-annotations/2.8.5/9d82ff47bc2c2d3b5b6a6618fe636782bbcd5b07/jackson-annotations-2.8.5.jar
7fc245c2a000-7fc245c2c000 r--s 0000e000 08:03 5917543                    /home/sharmila/.gradle/caches/modules-2/files-2.1/com.fasterxml/classmate/1.3.3/864c8e370a691e343210cc7c532fc198cee460d8/classmate-1.3.3.jar
7fc245c2c000-7fc245c30000 r--s 0000c000 08:03 5916766                    /home/sharmila/.gradle/caches/modules-2/files-2.1/javax.validation/validation-api/1.1.0.Final/8613ae82954779d518631e05daa73a6a954817d5/validation-api-1.1.0.Final.jar
7fc245c30000-7fc245c35000 r--s 00036000 08:03 5917542                    /home/sharmila/.gradle/caches/modules-2/files-2.1/org.apache.tomcat.embed/tomcat-embed-websocket/8.5.6/6f6940a216b380ea8506530c374fcfeef820ba54/tomcat-embed-websocket-8.5.6.jar
7fc245c35000-7fc245c36000 r--s 00000000 08:03 5923577                    /home/sharmila/.gradle/caches/modules-2/files-2.1/org.springframework.boot/spring-boot-starter-logging/1.4.3.RELEASE/1c58783c0694abf695babfd39829922d2d501ec2/spring-boot-starter-logging-1.4.3.RELEASE.jar
7fc245c36000-7fc245c54000 r--s 000d0000 08:03 5923576                    /home/sharmila/.gradle/caches/modules-2/files-2.1/org.springframework.boot/spring-boot-autoconfigure/1.4.3.RELEASE/41df1bfbdd4ae4e8499ebe1a4bc613bda316d6e1/spring-boot-autoconfigure-1.4.3.RELEASE.jar
7fc245c54000-7fc245c64000 r--s 00092000 08:03 5923575                    /home/sharmila/.gradle/caches/modules-2/files-2.1/org.springframework.boot/spring-boot/1.4.3.RELEASE/17f94def4460075afdfba6bf8f897cd1fc95bf77/spring-boot-1.4.3.RELEASE.jar
7fc245c64000-7fc245c73000 r--s 00084000 08:03 5923574                    /home/sharmila/.gradle/caches/modules-2/files-2.1/org.springframework/spring-test/4.3.5.RELEASE/a1965127e07b469d8e5bb3d2b0ff850423b66be4/spring-test-4.3.5.RELEASE.jar
7fc245c73000-7fc245c89000 r--s 000fa000 08:03 5923530                    /home/sharmila/.gradle/caches/modules-2/files-2.1/org.springframework/spring-core/4.3.5.RELEASE/80299e3f80e8c6d5c076db2ba6adf44a4b52f578/spring-core-4.3.5.RELEASE.jar
7fc245c89000-7fc245c8a000 r--s 00006000 08:03 5916915                    /home/sharmila/.gradle/caches/modules-2/files-2.1/org.skyscreamer/jsonassert/1.3.0/d5c250eb122496866de36dc84f98e2945845ecdd/jsonassert-1.3.0.jar
7fc245c8a000-7fc245c8c000 r--s 00009000 08:03 5913472                    /home/sharmila/.gradle/caches/modules-2/files-2.1/org.hamcrest/hamcrest-core/1.3/42a25dc3219429f0e5d060061f71acb49bf010a0/hamcrest-core-1.3.jar
7fc245c8c000-7fc245ca8000 r--s 00103000 08:03 5916914                    /home/sharmila/.gradle/caches/modules-2/files-2.1/org.mockito/mockito-core/1.10.19/e8546f5bef4e061d8dd73895b4e8f40e3fe6effe/mockito-core-1.10.19.jar
7fc245ca8000-7fc245cbb000 r--s 000d2000 08:03 5916913                    /home/sharmila/.gradle/caches/modules-2/files-2.1/org.assertj/assertj-core/2.5.0/fcd21db4c5f33e5dcac69bf1816415fe0647582f/assertj-core-2.5.0.jar
7fc245cbb000-7fc245cc0000 r--s 0002e000 08:03 5916911                    /home/sharmila/.gradle/caches/modules-2/files-2.1/com.jayway.jsonpath/json-path/2.2.0/22290d17944bd239fabf5ac69005a60a7ecbbbcb/json-path-2.2.0.jar
7fc245cc0000-7fc245cc5000 r--s 00017000 08:03 5923573                    /home/sharmila/.gradle/caches/modules-2/files-2.1/org.springframework.boot/spring-boot-test-autoconfigure/1.4.3.RELEASE/1a7587605e981a58104a501ab1896e2eb7a76686/spring-boot-test-autoconfigure-1.4.3.RELEASE.jar
7fc245cc5000-7fc245cca000 r--s 00021000 08:03 5923572                    /home/sharmila/.gradle/caches/modules-2/files-2.1/org.springframework.boot/spring-boot-test/1.4.3.RELEASE/2d76638f0f13b33859bf3b927c232ff0f8a4ffbf/spring-boot-test-1.4.3.RELEASE.jar
7fc245cca000-7fc245cd0000 r--s 0003d000 08:03 5916762                    /home/sharmila/.gradle/caches/modules-2/files-2.1/org.yaml/snakeyaml/1.17/7a27ea250c5130b2922b86dea63cbb1cc10a660c/snakeyaml-1.17.jar
7fc245cd0000-7fc245cd2000 r--s 00006000 08:03 5923638                    /home/sharmila/.gradle/caches/modules-2/files-2.1/com.beust/jcommander/1.12/7409692b48022f9eca7445861defbcdb9ee3c2a8/jcommander-1.12.jar
7fc245cd2000-7fc245cd7000 r--s 00040000 08:03 5923637                    /home/sharmila/.gradle/caches/modules-2/files-2.1/org.beanshell/bsh/2.0b4/a05f0a0feefa8d8467ac80e16e7de071489f0d9c/bsh-2.0b4.jar
7fc245cd7000-7fc245cdf000 r--s 00045000 08:03 5913471                    /home/sharmila/.gradle/caches/modules-2/files-2.1/junit/junit/4.12/2973d150c0dc1fefe998f834810d68f278ea58ec/junit-4.12.jar
7fc245cdf000-7fc245ce2000 r--s 0000c000 08:03 5923895                    /home/sharmila/.gradle/caches/modules-2/files-2.1/org.springframework/spring-aspects/4.3.5.RELEASE/8c00c15865a1da0a1ba143a50622a8436a56e097/spring-aspects-4.3.5.RELEASE.jar
7fc245ce2000-7fc245ce8000 r--s 0003f000 08:03 5923894                    /home/sharmila/.gradle/caches/modules-2/files-2.1/org.springframework.data/spring-data-jpa/1.10.6.RELEASE/5d478860b24a493845248c1c336c33a657567bd3/spring-data-jpa-1.10.6.RELEASE.jar
7fc245ce8000-7fc245cf5000 r--s 00089000 08:03 5923892                    /home/sharmila/.gradle/caches/modules-2/files-2.1/org.hibernate/hibernate-entitymanager/5.0.11.Final/549565caed4e0bcb816843693e66ff7b04ce025f/hibernate-entitymanager-5.0.11.Final.jar
7fc245cf5000-7fc245cff000 r--s 000ae000 08:03 5916958                    /home/sharmila/.gradle/caches/modules-2/files-2.1/org.javassist/javassist/3.20.0-GA/a9cbcdfb7e9f86fbc74d3afae65f2248bfbf82a0/javassist-3.20.0-GA.jar
7fc245cff000-7fc245d04000 r--s 00017000 08:03 5923828                    /home/sharmila/.gradle/caches/modules-2/files-2.1/org.hibernate.javax.persistence/hibernate-jpa-2.1-api/1.0.0.Final/5e731d961297e5a07290bfaf3db1fbc8bbbf405a/hibernate-jpa-2.1-api-1.0.0.Final.jar
7fc245d04000-7fc245d6d000 r--s 004f3000 08:03 5923432                    /home/sharmila/.gradle/caches/modules-2/files-2.1/org.hibernate/hibernate-core/5.0.11.Final/c2487fb72a2217a7cec9ab478d4c21a36fc09977/hibernate-core-5.0.11.Final.jar
7fc245d6d000-7fc245d80000 r--s 00236000 08:03 5916949                    /home/sharmila/.gradle/caches/modules-2/files-2.1/org.eclipse.jdt.core.compiler/ecj/4.5.1/bee1367ac12fb6a20b422ff8711ebeb4f0a42316/ecj-4.5.1.jar
7fc245d80000-7fc245da9000 r--s 002b2000 08:03 5917540                    /home/sharmila/.gradle/caches/modules-2/files-2.1/org.apache.tomcat.embed/tomcat-embed-core/8.5.6/960834b5abc6b2135250487abf6c060a0fa5a22e/tomcat-embed-core-8.5.6.jar
7fc245da9000-7fc245dba000 r--s 000cf000 08:03 5923571                    /home/sharmila/.gradle/caches/modules-2/files-2.1/org.springframework/spring-webmvc/4.3.5.RELEASE/c624659217edab07d8279fb0f90462136f089220/spring-webmvc-4.3.5.RELEASE.jar
7fc245dba000-7fc245dcc000 r--s 000b6000 08:03 5923570                    /home/sharmila/.gradle/caches/modules-2/files-2.1/org.springframework/spring-web/4.3.5.RELEASE/6641daccf2fddafc8358144f3a4f999130fdf144/spring-web-4.3.5.RELEASE.jar
7fc245dcc000-7fc245dcd000 ---p 00000000 00:00 0 
7fc245dcd000-7fc245ecd000 rw-p 00000000 00:00 0                          [stack:6411]
7fc245ecd000-7fc245ed0000 ---p 00000000 00:00 0 
7fc245ed0000-7fc245fce000 rw-p 00000000 00:00 0                          [stack:6410]
7fc245fce000-7fc245fd1000 ---p 00000000 00:00 0 
7fc245fd1000-7fc2460cf000 rw-p 00000000 00:00 0                          [stack:6409]
7fc2460cf000-7fc2460d2000 ---p 00000000 00:00 0 
7fc2460d2000-7fc248000000 rw-p 00000000 00:00 0                          [stack:6408]
7fc248000000-7fc248021000 rw-p 00000000 00:00 0 
7fc248021000-7fc24c000000 ---p 00000000 00:00 0 
7fc24c000000-7fc24c001000 r--s 0000c000 08:03 5916912                    /home/sharmila/.gradle/caches/modules-2/files-2.1/org.hamcrest/hamcrest-library/1.3/4785a3c21320980282f9f33d0d1264a69040538f/hamcrest-library-1.3.jar
7fc24c001000-7fc24c003000 r--s 00006000 08:03 5923893                    /home/sharmila/.gradle/caches/modules-2/files-2.1/javax.transaction/javax.transaction-api/1.2/d81aff979d603edd90dcd8db2abc1f4ce6479e3e/javax.transaction-api-1.2.jar
7fc24c003000-7fc24c014000 r--s 0011d000 08:03 5923569                    /home/sharmila/.gradle/caches/modules-2/files-2.1/com.fasterxml.jackson.core/jackson-databind/2.8.5/b3035f37e674c04dafe36a660c3815cc59f764e2/jackson-databind-2.8.5.jar
7fc24c014000-7fc24c017000 ---p 00000000 00:00 0 
7fc24c017000-7fc24c115000 rw-p 00000000 00:00 0                          [stack:6407]
7fc24c115000-7fc24c118000 ---p 00000000 00:00 0 
7fc24c118000-7fc24c216000 rw-p 00000000 00:00 0                          [stack:6406]
7fc24c216000-7fc24c8f9000 r--p 00000000 08:03 3152909                    /usr/lib/locale/locale-archive
7fc24c8f9000-7fc24c8fc000 ---p 00000000 00:00 0 
7fc24c8fc000-7fc24c9fa000 rw-p 00000000 00:00 0                          [stack:6405]
7fc24c9fa000-7fc24c9fd000 ---p 00000000 00:00 0 
7fc24c9fd000-7fc24cafb000 rw-p 00000000 00:00 0                          [stack:6404]
7fc24cafb000-7fc24cafc000 ---p 00000000 00:00 0 
7fc24cafc000-7fc24d000000 rw-p 00000000 00:00 0                          [stack:6403]
7fc24d000000-7fc24dd50000 rwxp 00000000 00:00 0 
7fc24dd50000-7fc25c000000 ---p 00000000 00:00 0 
7fc25c000000-7fc25d811000 rw-p 00000000 00:00 0 
7fc25d811000-7fc260000000 ---p 00000000 00:00 0 
7fc260000000-7fc260001000 r--s 00000000 08:03 5923891                    /home/sharmila/.gradle/caches/modules-2/files-2.1/org.springframework.boot/spring-boot-starter-jdbc/1.4.3.RELEASE/7ce66cf27ea731189248be7af2ab84ba189e1151/spring-boot-starter-jdbc-1.4.3.RELEASE.jar
7fc260001000-7fc260006000 r--s 00036000 08:03 5917541                    /home/sharmila/.gradle/caches/modules-2/files-2.1/org.apache.tomcat.embed/tomcat-embed-el/8.5.6/a102298d8dc72f4065533d5962953d753b172602/tomcat-embed-el-8.5.6.jar
7fc260006000-7fc260016000 r--s 0009c000 08:03 5916756                    /home/sharmila/.gradle/caches/modules-2/files-2.1/org.hibernate/hibernate-validator/5.2.4.Final/fb18766b576aa6632bcfe9a20a023cbd52bf9769/hibernate-validator-5.2.4.Final.jar
7fc260016000-7fc260022000 r--s 000a4000 08:03 5923636                    /home/sharmila/.gradle/caches/modules-2/files-2.1/org.testng/testng/6.5.2/5069d2e72356ed87645c5fc3622b0bbb5e0667c9/testng-6.5.2.jar
7fc260022000-7fc260027000 r--s 00309000 08:03 5923826                    /home/sharmila/.gradle/caches/modules-2/files-2.1/org.xerial/sqlite-jdbc/3.7.2/7a3d67f00508d3881650579f7f228c61bfc1b196/sqlite-jdbc-3.7.2.jar
7fc260027000-7fc260030000 r--s 00095000 08:03 5913393                    /home/sharmila/.gradle/caches/modules-2/files-2.1/org.apache.tomcat.embed/tomcat-embed-jasper/9.0.0.M11/e2cd5a7038094195c3163532e01daf051d9265fe/tomcat-embed-jasper-9.0.0.M11.jar
7fc260030000-7fc260038000 r--s 00046000 08:03 2759763                    /home/sharmila/Downloads/sts 3.6.4/sts-bundle/sts-3.6.4.RELEASE/plugins/org.testng.eclipse_6.10.0.201612030230/lib/testng-remote.jar
7fc260038000-7fc260be8000 rw-p 00000000 00:00 0 
7fc260be8000-7fc260dc1000 r--s 03d3e000 08:03 3569606                    /usr/lib/jvm/java-8-oracle/jre/lib/rt.jar
7fc260dc1000-7fc26181a000 rw-p 00000000 00:00 0 
7fc26181a000-7fc26181b000 ---p 00000000 00:00 0 
7fc26181b000-7fc26191b000 rw-p 00000000 00:00 0                          [stack:6402]
7fc26191b000-7fc26191c000 ---p 00000000 00:00 0 
7fc26191c000-7fc261a1c000 rw-p 00000000 00:00 0                          [stack:6401]
7fc261a1c000-7fc261a1d000 ---p 00000000 00:00 0 
7fc261a1d000-7fc261b1d000 rw-p 00000000 00:00 0                          [stack:6400]
7fc261b1d000-7fc261b1e000 ---p 00000000 00:00 0 
7fc261b1e000-7fc261c38000 rw-p 00000000 00:00 0                          [stack:6399]
7fc261c38000-7fc261d60000 ---p 00000000 00:00 0 
7fc261d60000-7fc261d7a000 rw-p 00000000 00:00 0 
7fc261d7a000-7fc261ea2000 ---p 00000000 00:00 0 
7fc261ea2000-7fc261f0b000 rw-p 00000000 00:00 0 
7fc261f0b000-7fc261f43000 ---p 00000000 00:00 0 
7fc261f43000-7fc261f7a000 rw-p 00000000 00:00 0 
7fc261f7a000-7fc262304000 ---p 00000000 00:00 0 
7fc262304000-7fc26231e000 r-xp 00000000 08:03 4870864                    /usr/lib/jvm/java-8-oracle/jre/lib/amd64/libzip.so
7fc26231e000-7fc26251e000 ---p 0001a000 08:03 4870864                    /usr/lib/jvm/java-8-oracle/jre/lib/amd64/libzip.so
7fc26251e000-7fc26251f000 rw-p 0001a000 08:03 4870864                    /usr/lib/jvm/java-8-oracle/jre/lib/amd64/libzip.so
7fc26251f000-7fc262529000 r-xp 00000000 08:03 4070135                    /lib/x86_64-linux-gnu/libnss_files-2.19.so
7fc262529000-7fc262728000 ---p 0000a000 08:03 4070135                    /lib/x86_64-linux-gnu/libnss_files-2.19.so
7fc262728000-7fc262729000 r--p 00009000 08:03 4070135                    /lib/x86_64-linux-gnu/libnss_files-2.19.so
7fc262729000-7fc26272a000 rw-p 0000a000 08:03 4070135                    /lib/x86_64-linux-gnu/libnss_files-2.19.so
7fc26272a000-7fc262735000 r-xp 00000000 08:03 4070127                    /lib/x86_64-linux-gnu/libnss_nis-2.19.so
7fc262735000-7fc262934000 ---p 0000b000 08:03 4070127                    /lib/x86_64-linux-gnu/libnss_nis-2.19.so
7fc262934000-7fc262935000 r--p 0000a000 08:03 4070127                    /lib/x86_64-linux-gnu/libnss_nis-2.19.so
7fc262935000-7fc262936000 rw-p 0000b000 08:03 4070127                    /lib/x86_64-linux-gnu/libnss_nis-2.19.so
7fc262936000-7fc26294d000 r-xp 00000000 08:03 4070123                    /lib/x86_64-linux-gnu/libnsl-2.19.so
7fc26294d000-7fc262b4c000 ---p 00017000 08:03 4070123                    /lib/x86_64-linux-gnu/libnsl-2.19.so
7fc262b4c000-7fc262b4d000 r--p 00016000 08:03 4070123                    /lib/x86_64-linux-gnu/libnsl-2.19.so
7fc262b4d000-7fc262b4e000 rw-p 00017000 08:03 4070123                    /lib/x86_64-linux-gnu/libnsl-2.19.so
7fc262b4e000-7fc262b50000 rw-p 00000000 00:00 0 
7fc262b50000-7fc262b59000 r-xp 00000000 08:03 4070122                    /lib/x86_64-linux-gnu/libnss_compat-2.19.so
7fc262b59000-7fc262d58000 ---p 00009000 08:03 4070122                    /lib/x86_64-linux-gnu/libnss_compat-2.19.so
7fc262d58000-7fc262d59000 r--p 00008000 08:03 4070122                    /lib/x86_64-linux-gnu/libnss_compat-2.19.so
7fc262d59000-7fc262d5a000 rw-p 00009000 08:03 4070122                    /lib/x86_64-linux-gnu/libnss_compat-2.19.so
7fc262d5a000-7fc262d85000 r-xp 00000000 08:03 4870782                    /usr/lib/jvm/java-8-oracle/jre/lib/amd64/libjava.so
7fc262d85000-7fc262f84000 ---p 0002b000 08:03 4870782                    /usr/lib/jvm/java-8-oracle/jre/lib/amd64/libjava.so
7fc262f84000-7fc262f86000 rw-p 0002a000 08:03 4870782                    /usr/lib/jvm/java-8-oracle/jre/lib/amd64/libjava.so
7fc262f86000-7fc262f93000 r-xp 00000000 08:03 4870821                    /usr/lib/jvm/java-8-oracle/jre/lib/amd64/libverify.so
7fc262f93000-7fc263192000 ---p 0000d000 08:03 4870821                    /usr/lib/jvm/java-8-oracle/jre/lib/amd64/libverify.so
7fc263192000-7fc263194000 rw-p 0000c000 08:03 4870821                    /usr/lib/jvm/java-8-oracle/jre/lib/amd64/libverify.so
7fc263194000-7fc26319b000 r-xp 00000000 08:03 4070131                    /lib/x86_64-linux-gnu/librt-2.19.so
7fc26319b000-7fc26339a000 ---p 00007000 08:03 4070131                    /lib/x86_64-linux-gnu/librt-2.19.so
7fc26339a000-7fc26339b000 r--p 00006000 08:03 4070131                    /lib/x86_64-linux-gnu/librt-2.19.so
7fc26339b000-7fc26339c000 rw-p 00007000 08:03 4070131                    /lib/x86_64-linux-gnu/librt-2.19.so
7fc26339c000-7fc2634a1000 r-xp 00000000 08:03 4070117                    /lib/x86_64-linux-gnu/libm-2.19.so
7fc2634a1000-7fc2636a0000 ---p 00105000 08:03 4070117                    /lib/x86_64-linux-gnu/libm-2.19.so
7fc2636a0000-7fc2636a1000 r--p 00104000 08:03 4070117                    /lib/x86_64-linux-gnu/libm-2.19.so
7fc2636a1000-7fc2636a2000 rw-p 00105000 08:03 4070117                    /lib/x86_64-linux-gnu/libm-2.19.so
7fc2636a2000-7fc264370000 r-xp 00000000 08:03 5260205                    /usr/lib/jvm/java-8-oracle/jre/lib/amd64/server/libjvm.so
7fc264370000-7fc264570000 ---p 00cce000 08:03 5260205                    /usr/lib/jvm/java-8-oracle/jre/lib/amd64/server/libjvm.so
7fc264570000-7fc264649000 rw-p 00cce000 08:03 5260205                    /usr/lib/jvm/java-8-oracle/jre/lib/amd64/server/libjvm.so
7fc264649000-7fc264694000 rw-p 00000000 00:00 0 
7fc264694000-7fc26484e000 r-xp 00000000 08:03 4070132                    /lib/x86_64-linux-gnu/libc-2.19.so
7fc26484e000-7fc264a4e000 ---p 001ba000 08:03 4070132                    /lib/x86_64-linux-gnu/libc-2.19.so
7fc264a4e000-7fc264a52000 r--p 001ba000 08:03 4070132                    /lib/x86_64-linux-gnu/libc-2.19.so
7fc264a52000-7fc264a54000 rw-p 001be000 08:03 4070132                    /lib/x86_64-linux-gnu/libc-2.19.so
7fc264a54000-7fc264a59000 rw-p 00000000 00:00 0 
7fc264a59000-7fc264a5c000 r-xp 00000000 08:03 4070119                    /lib/x86_64-linux-gnu/libdl-2.19.so
7fc264a5c000-7fc264c5b000 ---p 00003000 08:03 4070119                    /lib/x86_64-linux-gnu/libdl-2.19.so
7fc264c5b000-7fc264c5c000 r--p 00002000 08:03 4070119                    /lib/x86_64-linux-gnu/libdl-2.19.so
7fc264c5c000-7fc264c5d000 rw-p 00003000 08:03 4070119                    /lib/x86_64-linux-gnu/libdl-2.19.so
7fc264c5d000-7fc264c72000 r-xp 00000000 08:03 3555343                    /usr/lib/jvm/java-8-oracle/lib/amd64/jli/libjli.so
7fc264c72000-7fc264e72000 ---p 00015000 08:03 3555343                    /usr/lib/jvm/java-8-oracle/lib/amd64/jli/libjli.so
7fc264e72000-7fc264e73000 rw-p 00015000 08:03 3555343                    /usr/lib/jvm/java-8-oracle/lib/amd64/jli/libjli.so
7fc264e73000-7fc264e8c000 r-xp 00000000 08:03 4070124                    /lib/x86_64-linux-gnu/libpthread-2.19.so
7fc264e8c000-7fc26508b000 ---p 00019000 08:03 4070124                    /lib/x86_64-linux-gnu/libpthread-2.19.so
7fc26508b000-7fc26508c000 r--p 00018000 08:03 4070124                    /lib/x86_64-linux-gnu/libpthread-2.19.so
7fc26508c000-7fc26508d000 rw-p 00019000 08:03 4070124                    /lib/x86_64-linux-gnu/libpthread-2.19.so
7fc26508d000-7fc265091000 rw-p 00000000 00:00 0 
7fc265091000-7fc2650b4000 r-xp 00000000 08:03 4070125                    /lib/x86_64-linux-gnu/ld-2.19.so
7fc2650b4000-7fc2650b5000 r--s 00000000 08:03 5923890                    /home/sharmila/.gradle/caches/modules-2/files-2.1/org.springframework.boot/spring-boot-starter-aop/1.4.3.RELEASE/30b11b6455bed446d3b4a1a49fab529b2cfac454/spring-boot-starter-aop-1.4.3.RELEASE.jar
7fc2650b5000-7fc2650b7000 r--s 0000f000 08:03 5916917                    /home/sharmila/.gradle/caches/modules-2/files-2.1/org.jboss.logging/jboss-logging/3.3.0.Final/3616bb87707910296e2c195dc016287080bba5af/jboss-logging-3.3.0.Final.jar
7fc2650b7000-7fc2650b8000 r--s 00000000 08:03 5923568                    /home/sharmila/.gradle/caches/modules-2/files-2.1/org.springframework.boot/spring-boot-starter-tomcat/1.4.3.RELEASE/61c48035a7a3b06b42fdd07b7109e562077b3792/spring-boot-starter-tomcat-1.4.3.RELEASE.jar
7fc2650b8000-7fc26518a000 rw-p 00000000 00:00 0 
7fc26518a000-7fc26518d000 ---p 00000000 00:00 0 
7fc26518d000-7fc26528f000 rw-p 00000000 00:00 0                          [stack:6398]
7fc26528f000-7fc265290000 r--s 00000000 08:03 5923567                    /home/sharmila/.gradle/caches/modules-2/files-2.1/org.springframework.boot/spring-boot-starter/1.4.3.RELEASE/c99bad104719e947b3f9aa2b7569583805e4c5d5/spring-boot-starter-1.4.3.RELEASE.jar
7fc265290000-7fc265291000 r--s 00000000 08:03 5923566                    /home/sharmila/.gradle/caches/modules-2/files-2.1/org.springframework.boot/spring-boot-starter-test/1.4.3.RELEASE/6e9f1dbd3f68299c0183630ef07ca430de160050/spring-boot-starter-test-1.4.3.RELEASE.jar
7fc265291000-7fc265292000 r--s 00000000 08:03 5923889                    /home/sharmila/.gradle/caches/modules-2/files-2.1/org.springframework.boot/spring-boot-starter-data-jpa/1.4.3.RELEASE/ffda06c2144d10239014407333c223a237b73ad7/spring-boot-starter-data-jpa-1.4.3.RELEASE.jar
7fc265292000-7fc265293000 r--s 00003000 08:03 5923431                    /home/sharmila/.gradle/caches/modules-2/files-2.1/org.hibernate/hibernate-gradle-plugin/5.2.3.Final/db2ad8695e48a03a566b74fb5fc07c1732c1f5e5/hibernate-gradle-plugin-5.2.3.Final.jar
7fc265293000-7fc265294000 r--s 00000000 08:03 5923565                    /home/sharmila/.gradle/caches/modules-2/files-2.1/org.springframework.boot/spring-boot-starter-web/1.4.3.RELEASE/a0dcc919eda8e8ecb6f13f52a30e6afbb8266103/spring-boot-starter-web-1.4.3.RELEASE.jar
7fc265294000-7fc2652a7000 rw-p 00000000 00:00 0 
7fc2652a7000-7fc2652af000 rw-s 00000000 08:03 5923921                    /tmp/hsperfdata_sharmila/6392
7fc2652af000-7fc2652b0000 rw-p 00000000 00:00 0 
7fc2652b0000-7fc2652b1000 r--p 00000000 00:00 0 
7fc2652b1000-7fc2652b3000 rw-p 00000000 00:00 0 
7fc2652b3000-7fc2652b4000 r--p 00022000 08:03 4070125                    /lib/x86_64-linux-gnu/ld-2.19.so
7fc2652b4000-7fc2652b5000 rw-p 00023000 08:03 4070125                    /lib/x86_64-linux-gnu/ld-2.19.so
7fc2652b5000-7fc2652b6000 rw-p 00000000 00:00 0 
7ffd2db2d000-7ffd2db51000 rw-p 00000000 00:00 0                          [stack]
7ffd2dbe3000-7ffd2dbe5000 r-xp 00000000 00:00 0                          [vdso]
ffffffffff600000-ffffffffff601000 r-xp 00000000 00:00 0                  [vsyscall]

VM Arguments:
jvm_args: -ea -Dfile.encoding=UTF-8 
java_command: org.testng.remote.RemoteTestNG -serport 39435 -protocol json -d /home/sharmila/Documents/work-office/TestNG_Project/test-output /tmp/testng-eclipse-180198127/testng-customsuite.xml
java_class_path (initial): /home/sharmila/Downloads/sts 3.6.4/sts-bundle/sts-3.6.4.RELEASE/plugins/org.testng.eclipse_6.10.0.201612030230/lib/testng-remote.jar:/home/sharmila/Documents/work-office/TestNG_Project/bin:/home/sharmila/.gradle/caches/modules-2/files-2.1/org.springframework.boot/spring-boot-starter-web/1.4.3.RELEASE/a0dcc919eda8e8ecb6f13f52a30e6afbb8266103/spring-boot-starter-web-1.4.3.RELEASE.jar:/home/sharmila/.gradle/caches/modules-2/files-2.1/org.apache.tomcat.embed/tomcat-embed-jasper/9.0.0.M11/e2cd5a7038094195c3163532e01daf051d9265fe/tomcat-embed-jasper-9.0.0.M11.jar:/home/sharmila/.gradle/caches/modules-2/files-2.1/org.xerial/sqlite-jdbc/3.7.2/7a3d67f00508d3881650579f7f228c61bfc1b196/sqlite-jdbc-3.7.2.jar:/home/sharmila/.gradle/caches/modules-2/files-2.1/org.hibernate/hibernate-gradle-plugin/5.2.3.Final/db2ad8695e48a03a566b74fb5fc07c1732c1f5e5/hibernate-gradle-plugin-5.2.3.Final.jar:/home/sharmila/.gradle/caches/modules-2/files-2.1/org.springframework.boot/spring-boot-starter-data-jpa/1.4.3.RELEASE/ffda06c2144d10239014407333c223a237b73ad7/spring-boot-starter-data-jpa-1.4.3.RELEASE.jar:/home/sharmila/.gradle/caches/modules-2/files-2.1/org.testng/testng/6.5.2/5069d2e72356ed87645c5fc3622b0bbb5e0667c9/testng-6.5.2.jar:/home/sharmila/.gradle/caches/modules-2/files-2.1/org.springframework.boot/spring-boot-starter-test/1.4.3.RELEASE/6e9f1dbd3f68299c0183630ef07ca430de160050/spring-boot-starter-test-1.4.3.RELEASE.jar:/home/sharmila/.gradle/caches/modules-2/files-2.1/org.springframework.boot/spring-boot-starter/1.4.3.RELEASE/c99bad104719e947b3f9aa2b7569583805e4c5d5/spring-boot-starter-1.4.3.RELEASE.jar:/home/sharmila/.gradle/caches/modules-2/files-2.1/org.springframework.boot/spring-boot-starter-tomcat/1.4.3.RELEASE/61c48035a7a3b06b42fdd07b7109e562077b3792/spring-boot-starter-tomcat-1.4.3.RELEASE.jar:/home/sharmila/.gradle/caches/modules-2/files-2.1/org.hibernate/hibernate-validator/5.2.4.Final/fb18766b576aa6632bcfe9a20a023cbd52bf9769/hibernate-validator-5
Launcher Type: SUN_STANDARD

Environment Variables:
JAVA_HOME=/usr/lib/jvm/java-8-oracle
PATH=/usr/local/sbin:/usr/local/bin:/usr/sbin:/usr/bin:/sbin:/bin:/usr/games:/usr/local/games:/usr/lib/jvm/java-8-oracle/bin:/usr/lib/jvm/java-8-oracle/db/bin:/usr/lib/jvm/java-8-oracle/jre/bin
SHELL=/bin/bash
DISPLAY=:0.0

Signal Handlers:
SIGSEGV: [libjvm.so+0xac78c0], sa_mask[0]=11111111011111111101111111111110, sa_flags=SA_RESTART|SA_SIGINFO
SIGBUS: [libjvm.so+0xac78c0], sa_mask[0]=11111111011111111101111111111110, sa_flags=SA_RESTART|SA_SIGINFO
SIGFPE: [libjvm.so+0x920ac0], sa_mask[0]=11111111011111111101111111111110, sa_flags=SA_RESTART|SA_SIGINFO
SIGPIPE: [libjvm.so+0x920ac0], sa_mask[0]=11111111011111111101111111111110, sa_flags=SA_RESTART|SA_SIGINFO
SIGXFSZ: [libjvm.so+0x920ac0], sa_mask[0]=11111111011111111101111111111110, sa_flags=SA_RESTART|SA_SIGINFO
SIGILL: [libjvm.so+0x920ac0], sa_mask[0]=11111111011111111101111111111110, sa_flags=SA_RESTART|SA_SIGINFO
SIGUSR1: SIG_DFL, sa_mask[0]=00000000000000000000000000000000, sa_flags=none
SIGUSR2: [libjvm.so+0x922300], sa_mask[0]=00100000000000000000000000000000, sa_flags=SA_RESTART|SA_SIGINFO
SIGHUP: [libjvm.so+0x923700], sa_mask[0]=11111111011111111101111111111110, sa_flags=SA_RESTART|SA_SIGINFO
SIGINT: [libjvm.so+0x923700], sa_mask[0]=11111111011111111101111111111110, sa_flags=SA_RESTART|SA_SIGINFO
SIGTERM: [libjvm.so+0x923700], sa_mask[0]=11111111011111111101111111111110, sa_flags=SA_RESTART|SA_SIGINFO
SIGQUIT: [libjvm.so+0x923700], sa_mask[0]=11111111011111111101111111111110, sa_flags=SA_RESTART|SA_SIGINFO


---------------  S Y S T E M  ---------------

OS:DISTRIB_ID=Ubuntu
DISTRIB_RELEASE=14.04
DISTRIB_CODENAME=trusty
DISTRIB_DESCRIPTION="Ubuntu 14.04.5 LTS"

uname:Linux 3.13.0-107-generic #154-Ubuntu SMP Tue Dec 20 09:57:27 UTC 2016 x86_64
libc:glibc 2.19 NPTL 2.19 
rlimit: STACK 8192k, CORE 0k, NPROC 30712, NOFILE 4096, AS infinity
load average:0.88 2.69 3.06

/proc/meminfo:
MemTotal:        3953548 kB
MemFree:          443256 kB
Buffers:           29272 kB
Cached:           996412 kB
SwapCached:        40660 kB
Active:          2085676 kB
Inactive:        1200392 kB
Active(anon):    1838372 kB
Inactive(anon):   789684 kB
Active(file):     247304 kB
Inactive(file):   410708 kB
Unevictable:         208 kB
Mlocked:             208 kB
SwapTotal:       7999484 kB
SwapFree:        7810684 kB
Dirty:               240 kB
Writeback:             0 kB
AnonPages:       2223100 kB
Mapped:           344408 kB
Shmem:            367672 kB
Slab:              98640 kB
SReclaimable:      61000 kB
SUnreclaim:        37640 kB
KernelStack:        5248 kB
PageTables:        46860 kB
NFS_Unstable:          0 kB
Bounce:                0 kB
WritebackTmp:          0 kB
CommitLimit:     9976256 kB
Committed_AS:    7336016 kB
VmallocTotal:   34359738367 kB
VmallocUsed:      400960 kB
VmallocChunk:   34359328188 kB
HardwareCorrupted:     0 kB
AnonHugePages:    841728 kB
HugePages_Total:       0
HugePages_Free:        0
HugePages_Rsvd:        0
HugePages_Surp:        0
Hugepagesize:       2048 kB
DirectMap4k:       94380 kB
DirectMap2M:     2957312 kB
DirectMap1G:     1048576 kB


CPU:total 4 (2 cores per cpu, 2 threads per core) family 6 model 69 stepping 1, cmov, cx8, fxsr, mmx, sse, sse2, sse3, ssse3, sse4.1, sse4.2, popcnt, avx, avx2, aes, clmul, erms, lzcnt, ht, tsc, tscinvbit, bmi1, bmi2

/proc/cpuinfo:
processor	: 0
vendor_id	: GenuineIntel
cpu family	: 6
model		: 69
model name	: Intel(R) Core(TM) i5-4200U CPU @ 1.60GHz
stepping	: 1
microcode	: 0x17
cpu MHz		: 1600.000
cache size	: 3072 KB
physical id	: 0
siblings	: 4
core id		: 0
cpu cores	: 2
apicid		: 0
initial apicid	: 0
fpu		: yes
fpu_exception	: yes
cpuid level	: 13
wp		: yes
flags		: fpu vme de pse tsc msr pae mce cx8 apic sep mtrr pge mca cmov pat pse36 clflush dts acpi mmx fxsr sse sse2 ss ht tm pbe syscall nx pdpe1gb rdtscp lm constant_tsc arch_perfmon pebs bts rep_good nopl xtopology nonstop_tsc aperfmperf eagerfpu pni pclmulqdq dtes64 monitor ds_cpl vmx est tm2 ssse3 fma cx16 xtpr pdcm pcid sse4_1 sse4_2 movbe popcnt tsc_deadline_timer aes xsave avx f16c rdrand lahf_lm abm ida arat epb xsaveopt pln pts dtherm tpr_shadow vnmi flexpriority ept vpid fsgsbase tsc_adjust bmi1 avx2 smep bmi2 erms invpcid
bogomips	: 4589.54
clflush size	: 64
cache_alignment	: 64
address sizes	: 39 bits physical, 48 bits virtual
power management:

processor	: 1
vendor_id	: GenuineIntel
cpu family	: 6
model		: 69
model name	: Intel(R) Core(TM) i5-4200U CPU @ 1.60GHz
stepping	: 1
microcode	: 0x17
cpu MHz		: 1600.000
cache size	: 3072 KB
physical id	: 0
siblings	: 4
core id		: 0
cpu cores	: 2
apicid		: 1
initial apicid	: 1
fpu		: yes
fpu_exception	: yes
cpuid level	: 13
wp		: yes
flags		: fpu vme de pse tsc msr pae mce cx8 apic sep mtrr pge mca cmov pat pse36 clflush dts acpi mmx fxsr sse sse2 ss ht tm pbe syscall nx pdpe1gb rdtscp lm constant_tsc arch_perfmon pebs bts rep_good nopl xtopology nonstop_tsc aperfmperf eagerfpu pni pclmulqdq dtes64 monitor ds_cpl vmx est tm2 ssse3 fma cx16 xtpr pdcm pcid sse4_1 sse4_2 movbe popcnt tsc_deadline_timer aes xsave avx f16c rdrand lahf_lm abm ida arat epb xsaveopt pln pts dtherm tpr_shadow vnmi flexpriority ept vpid fsgsbase tsc_adjust bmi1 avx2 smep bmi2 erms invpcid
bogomips	: 4589.54
clflush size	: 64
cache_alignment	: 64
address sizes	: 39 bits physical, 48 bits virtual
power management:

processor	: 2
vendor_id	: GenuineIntel
cpu family	: 6
model		: 69
model name	: Intel(R) Core(TM) i5-4200U CPU @ 1.60GHz
stepping	: 1
microcode	: 0x17
cpu MHz		: 1600.000
cache size	: 3072 KB
physical id	: 0
siblings	: 4
core id		: 1
cpu cores	: 2
apicid		: 2
initial apicid	: 2
fpu		: yes
fpu_exception	: yes
cpuid level	: 13
wp		: yes
flags		: fpu vme de pse tsc msr pae mce cx8 apic sep mtrr pge mca cmov pat pse36 clflush dts acpi mmx fxsr sse sse2 ss ht tm pbe syscall nx pdpe1gb rdtscp lm constant_tsc arch_perfmon pebs bts rep_good nopl xtopology nonstop_tsc aperfmperf eagerfpu pni pclmulqdq dtes64 monitor ds_cpl vmx est tm2 ssse3 fma cx16 xtpr pdcm pcid sse4_1 sse4_2 movbe popcnt tsc_deadline_timer aes xsave avx f16c rdrand lahf_lm abm ida arat epb xsaveopt pln pts dtherm tpr_shadow vnmi flexpriority ept vpid fsgsbase tsc_adjust bmi1 avx2 smep bmi2 erms invpcid
bogomips	: 4589.54
clflush size	: 64
cache_alignment	: 64
address sizes	: 39 bits physical, 48 bits virtual
power management:

processor	: 3
vendor_id	: GenuineIntel
cpu family	: 6
model		: 69
model name	: Intel(R) Core(TM) i5-4200U CPU @ 1.60GHz
stepping	: 1
microcode	: 0x17
cpu MHz		: 1600.000
cache size	: 3072 KB
physical id	: 0
siblings	: 4
core id		: 1
cpu cores	: 2
apicid		: 3
initial apicid	: 3
fpu		: yes
fpu_exception	: yes
cpuid level	: 13
wp		: yes
flags		: fpu vme de pse tsc msr pae mce cx8 apic sep mtrr pge mca cmov pat pse36 clflush dts acpi mmx fxsr sse sse2 ss ht tm pbe syscall nx pdpe1gb rdtscp lm constant_tsc arch_perfmon pebs bts rep_good nopl xtopology nonstop_tsc aperfmperf eagerfpu pni pclmulqdq dtes64 monitor ds_cpl vmx est tm2 ssse3 fma cx16 xtpr pdcm pcid sse4_1 sse4_2 movbe popcnt tsc_deadline_timer aes xsave avx f16c rdrand lahf_lm abm ida arat epb xsaveopt pln pts dtherm tpr_shadow vnmi flexpriority ept vpid fsgsbase tsc_adjust bmi1 avx2 smep bmi2 erms invpcid
bogomips	: 4589.54
clflush size	: 64
cache_alignment	: 64
address sizes	: 39 bits physical, 48 bits virtual
power management:



Memory: 4k page, physical 3953548k(443256k free), swap 7999484k(7810684k free)

vm_info: Java HotSpot(TM) 64-Bit Server VM (25.121-b13) for linux-amd64 JRE (1.8.0_121-b13), built on Dec 12 2016 16:36:53 by "java_re" with gcc 4.3.0 20080428 (Red Hat 4.3.0-8)

time: Mon Jan 23 15:59:43 2017
elapsed time: 13 seconds (0d 0h 0m 13s)

