#
# A fatal error has been detected by the Java Runtime Environment:
#
#  SIGSEGV (0xb) at pc=0x00007f68e7328118, pid=6940, tid=0x00007f68e882e700
#
# JRE version: Java(TM) SE Runtime Environment (8.0_121-b13) (build 1.8.0_121-b13)
# Java VM: Java HotSpot(TM) 64-Bit Server VM (25.121-b13 mixed mode linux-amd64 compressed oops)
# Problematic frame:
# V  [libjvm.so+0x6e2118]  jni_GetStringUTFChars+0xb8
#
# Failed to write core dump. Core dumps have been disabled. To enable core dumping, try "ulimit -c unlimited" before starting Java again
#
# If you would like to submit a bug report, please visit:
#   http://bugreport.java.com/bugreport/crash.jsp
#

---------------  T H R E A D  ---------------

Current thread (0x00007f68e0010000):  JavaThread "main" [_thread_in_vm, id=6945, stack(0x00007f68e872e000,0x00007f68e882f000)]

siginfo: si_signo: 11 (SIGSEGV), si_code: 1 (SEGV_MAPERR), si_addr: 0x0000000000000000

Registers:
RAX=0x00007f68e7bfd550, RBX=0x0000000000000000, RCX=0x00000006c0ce50f8, RDX=0x00007f68e7c0b9e0
RSP=0x00007f68e8828d80, RBP=0x00007f68e8828e20, RSI=0x00007f68e0010000, RDI=0x00007f68e8828dc0
R8 =0x00007f68d1012c80, R9 =0x00000006c0ce50f8, R10=0x0000000000000204, R11=0x00007f68e7c0b9e8
R12=0x00007f68e0010000, R13=0x0000000000000000, R14=0x00007f68e8828ef8, R15=0x00007f68e8828dc0
RIP=0x00007f68e7328118, EFLAGS=0x0000000000010246, CSGSFS=0x0000000000000033, ERR=0x0000000000000004
  TRAPNO=0x000000000000000e

Top of Stack: (sp=0x00007f68e8828d80)
0x00007f68e8828d80:   00007f68e8828e48 0000000000000000
0x00007f68e8828d90:   00007f68d110ac00 00007f68e7c0d800
0x00007f68e8828da0:   00007f68e8829418 00007f68d1012c80
0x00007f68e8828db0:   0000000775f1e048 0000000050200030
0x00007f68e8828dc0:   00007f68e0010000 0000000000000000
0x00007f68e8828dd0:   00007f68c8000480 00007f68d10082bd
0x00007f68e8828de0:   00007f68e0010000 0000000775f1e048
0x00007f68e8828df0:   00007f68e8828e90 00007f6883926fa8
0x00007f68e8828e00:   00007f68e13de2d8 0000000000000000
0x00007f68e8828e10:   00007f68e8828ef8 00007f68e0010000
0x00007f68e8828e20:   00007f68e00101f8 00007f68836822b0
0x00007f68e8828e30:   00007f68e8828e90 00007f68d10082bd
0x00007f68e8828e40:   00007f6883926fa8 00007f68e8828ed0
0x00007f68e8828e50:   0000000000000000 00007f6883926fa0
0x00007f68e8828e60:   00007f68e8828ef8 00007f68d10184cf
0x00007f68e8828e70:   0000000000000000 00007f6883936898
0x00007f68e8828e80:   0000000000000000 00000006c0ce50f8
0x00007f68e8828e90:   00007f68e8828e80 0000000000000000
0x00007f68e8828ea0:   00007f68e8828ef8 00007f688392d978
0x00007f68e8828eb0:   0000000000000000 00007f6883926fa8
0x00007f68e8828ec0:   0000000000000000 00007f68e8828ef0
0x00007f68e8828ed0:   00007f68e8828f58 00007f68d1007dd0
0x00007f68e8828ee0:   0000000000000000 00007f68d1011537
0x00007f68e8828ef0:   0000000000000000 00000006c0ce50f8
0x00007f68e8828f00:   0000000775f1dfe8 0000000775f1e048
0x00007f68e8828f10:   00000006c0ce50f8 00007f68e8828f08
0x00007f68e8828f20:   00007f688392a86d 00007f68e8828f70
0x00007f68e8828f30:   00007f688392d1c8 0000000000000000
0x00007f68e8828f40:   00007f688392a8b8 00007f68e8828ef0
0x00007f68e8828f50:   00007f68e8828f68 00007f68e8828fb8
0x00007f68e8828f60:   00007f68d10082bd 0000000775f1dfe8
0x00007f68e8828f70:   00000006c0ce50f8 00007f68e8828f78 

Instructions: (pc=0x00007f68e7328118)
0x00007f68e73280f8:   84 24 70 02 00 00 06 00 00 00 4c 89 e6 4c 89 65
0x00007f68e7328108:   c0 4c 89 ff e8 1f 01 01 00 48 8b 05 18 d0 88 00
0x00007f68e7328118:   4c 8b 2b 8b 10 48 8b 05 44 fc 88 00 80 38 00 0f
0x00007f68e7328128:   84 2b 01 00 00 48 63 c2 41 8b 54 05 00 85 d2 0f 

Register to memory mapping:

RAX=0x00007f68e7bfd550: <offset 0xfb7550> in /usr/lib/jvm/java-8-oracle/jre/lib/amd64/server/libjvm.so at 0x00007f68e6c46000
RBX=0x0000000000000000 is an unknown value
RCX=0x00000006c0ce50f8 is an oop
org.sqlite.NativeDB 
 - klass: 'org/sqlite/NativeDB'
RDX=0x00007f68e7c0b9e0: <offset 0xfc59e0> in /usr/lib/jvm/java-8-oracle/jre/lib/amd64/server/libjvm.so at 0x00007f68e6c46000
RSP=0x00007f68e8828d80 is pointing into the stack for thread: 0x00007f68e0010000
RBP=0x00007f68e8828e20 is pointing into the stack for thread: 0x00007f68e0010000
RSI=0x00007f68e0010000 is a thread
RDI=0x00007f68e8828dc0 is pointing into the stack for thread: 0x00007f68e0010000
R8 =0x00007f68d1012c80 is at code_begin+0 in an Interpreter codelet
method entry point (kind = zerolocals)  [0x00007f68d1012c80, 0x00007f68d1013100]  1152 bytes
R9 =0x00000006c0ce50f8 is an oop
org.sqlite.NativeDB 
 - klass: 'org/sqlite/NativeDB'
R10=0x0000000000000204 is an unknown value
R11=0x00007f68e7c0b9e8: <offset 0xfc59e8> in /usr/lib/jvm/java-8-oracle/jre/lib/amd64/server/libjvm.so at 0x00007f68e6c46000
R12=0x00007f68e0010000 is a thread
R13=0x0000000000000000 is an unknown value
R14=0x00007f68e8828ef8 is pointing into the stack for thread: 0x00007f68e0010000
R15=0x00007f68e8828dc0 is pointing into the stack for thread: 0x00007f68e0010000


Stack: [0x00007f68e872e000,0x00007f68e882f000],  sp=0x00007f68e8828d80,  free space=1003k
Native frames: (J=compiled Java code, j=interpreted, Vv=VM code, C=native code)
V  [libjvm.so+0x6e2118]  jni_GetStringUTFChars+0xb8
C  [sqlite-3.7.2-libsqlitejdbc.so+0xd2b0]  Java_org_sqlite_NativeDB_prepare+0x2f

Java frames: (J=compiled Java code, j=interpreted, Vv=VM code)
j  org.sqlite.NativeDB.prepare(Ljava/lang/String;)J+0
j  org.sqlite.DB.prepare(Lorg/sqlite/Stmt;)V+21
j  org.sqlite.PrepStmt.<init>(Lorg/sqlite/Conn;Ljava/lang/String;)V+15
j  org.sqlite.Conn.prepareStatement(Ljava/lang/String;III)Ljava/sql/PreparedStatement;+14
j  org.sqlite.Conn.prepareStatement(Ljava/lang/String;II)Ljava/sql/PreparedStatement;+5
j  org.sqlite.Conn.prepareStatement(Ljava/lang/String;)Ljava/sql/PreparedStatement;+8
v  ~StubRoutines::call_stub
J 1314  sun.reflect.NativeMethodAccessorImpl.invoke0(Ljava/lang/reflect/Method;Ljava/lang/Object;[Ljava/lang/Object;)Ljava/lang/Object; (0 bytes) @ 0x00007f68d14815f7 [0x00007f68d1481580+0x77]
J 1313 C1 sun.reflect.NativeMethodAccessorImpl.invoke(Ljava/lang/Object;[Ljava/lang/Object;)Ljava/lang/Object; (104 bytes) @ 0x00007f68d14e58ac [0x00007f68d14e4700+0x11ac]
J 3400 C2 java.lang.reflect.Method.invoke(Ljava/lang/Object;[Ljava/lang/Object;)Ljava/lang/Object; (62 bytes) @ 0x00007f68d11b7994 [0x00007f68d11b78e0+0xb4]
j  org.apache.tomcat.jdbc.pool.ProxyConnection.invoke(Ljava/lang/Object;Ljava/lang/reflect/Method;[Ljava/lang/Object;)Ljava/lang/Object;+237
j  org.apache.tomcat.jdbc.pool.JdbcInterceptor.invoke(Ljava/lang/Object;Ljava/lang/reflect/Method;[Ljava/lang/Object;)Ljava/lang/Object;+14
j  org.apache.tomcat.jdbc.pool.DisposableConnectionFacade.invoke(Ljava/lang/Object;Ljava/lang/reflect/Method;[Ljava/lang/Object;)Ljava/lang/Object;+93
j  com.sun.proxy.$Proxy83.prepareStatement(Ljava/lang/String;)Ljava/sql/PreparedStatement;+16
j  org.hibernate.engine.jdbc.internal.StatementPreparerImpl$1.doPrepare()Ljava/sql/PreparedStatement;+37
j  org.hibernate.engine.jdbc.internal.StatementPreparerImpl$StatementPreparationTemplate.prepareStatement()Ljava/sql/PreparedStatement;+45
j  org.hibernate.engine.jdbc.internal.StatementPreparerImpl.prepareStatement(Ljava/lang/String;)Ljava/sql/PreparedStatement;+6
j  org.hibernate.id.SequenceGenerator.generateHolder(Lorg/hibernate/engine/spi/SessionImplementor;)Lorg/hibernate/id/IntegralDataTypeHolder;+15
j  org.hibernate.id.SequenceHiLoGenerator$1.getNextValue()Lorg/hibernate/id/IntegralDataTypeHolder;+8
j  org.hibernate.id.enhanced.LegacyHiLoAlgorithmOptimizer.generate(Lorg/hibernate/id/enhanced/AccessCallback;)Ljava/io/Serializable;+25
j  org.hibernate.id.SequenceHiLoGenerator.generate(Lorg/hibernate/engine/spi/SessionImplementor;Ljava/lang/Object;)Ljava/io/Serializable;+53
j  org.hibernate.event.internal.AbstractSaveEventListener.saveWithGeneratedId(Ljava/lang/Object;Ljava/lang/String;Ljava/lang/Object;Lorg/hibernate/event/spi/EventSource;Z)Ljava/io/Serializable;+21
j  org.hibernate.jpa.event.internal.core.JpaPersistEventListener.saveWithGeneratedId(Ljava/lang/Object;Ljava/lang/String;Ljava/lang/Object;Lorg/hibernate/event/spi/EventSource;Z)Ljava/io/Serializable;+18
j  org.hibernate.event.internal.DefaultPersistEventListener.entityIsTransient(Lorg/hibernate/event/spi/PersistEvent;Ljava/util/Map;)V+55
j  org.hibernate.event.internal.DefaultPersistEventListener.onPersist(Lorg/hibernate/event/spi/PersistEvent;Ljava/util/Map;)V+324
j  org.hibernate.event.internal.DefaultPersistEventListener.onPersist(Lorg/hibernate/event/spi/PersistEvent;)V+11
j  org.hibernate.internal.SessionImpl.firePersist(Lorg/hibernate/event/spi/PersistEvent;)V+46
j  org.hibernate.internal.SessionImpl.persist(Ljava/lang/String;Ljava/lang/Object;)V+11
j  org.hibernate.internal.SessionImpl.persist(Ljava/lang/Object;)V+3
j  org.hibernate.jpa.spi.AbstractEntityManagerImpl.persist(Ljava/lang/Object;)V+9
v  ~StubRoutines::call_stub
J 1314  sun.reflect.NativeMethodAccessorImpl.invoke0(Ljava/lang/reflect/Method;Ljava/lang/Object;[Ljava/lang/Object;)Ljava/lang/Object; (0 bytes) @ 0x00007f68d14815f7 [0x00007f68d1481580+0x77]
J 1313 C1 sun.reflect.NativeMethodAccessorImpl.invoke(Ljava/lang/Object;[Ljava/lang/Object;)Ljava/lang/Object; (104 bytes) @ 0x00007f68d14e58ac [0x00007f68d14e4700+0x11ac]
J 3400 C2 java.lang.reflect.Method.invoke(Ljava/lang/Object;[Ljava/lang/Object;)Ljava/lang/Object; (62 bytes) @ 0x00007f68d11b7994 [0x00007f68d11b78e0+0xb4]
j  org.springframework.orm.jpa.SharedEntityManagerCreator$SharedEntityManagerInvocationHandler.invoke(Ljava/lang/Object;Ljava/lang/reflect/Method;[Ljava/lang/Object;)Ljava/lang/Object;+495
j  com.sun.proxy.$Proxy92.persist(Ljava/lang/Object;)V+16
j  org.springframework.data.jpa.repository.support.SimpleJpaRepository.save(Ljava/lang/Object;)Ljava/lang/Object;+18
v  ~StubRoutines::call_stub
J 1314  sun.reflect.NativeMethodAccessorImpl.invoke0(Ljava/lang/reflect/Method;Ljava/lang/Object;[Ljava/lang/Object;)Ljava/lang/Object; (0 bytes) @ 0x00007f68d14815f7 [0x00007f68d1481580+0x77]
J 1313 C1 sun.reflect.NativeMethodAccessorImpl.invoke(Ljava/lang/Object;[Ljava/lang/Object;)Ljava/lang/Object; (104 bytes) @ 0x00007f68d14e58ac [0x00007f68d14e4700+0x11ac]
J 3400 C2 java.lang.reflect.Method.invoke(Ljava/lang/Object;[Ljava/lang/Object;)Ljava/lang/Object; (62 bytes) @ 0x00007f68d11b7994 [0x00007f68d11b78e0+0xb4]
j  org.springframework.data.repository.core.support.RepositoryFactorySupport$QueryExecutorMethodInterceptor.executeMethodOn(Ljava/lang/Object;Ljava/lang/reflect/Method;[Ljava/lang/Object;)Ljava/lang/Object;+3
j  org.springframework.data.repository.core.support.RepositoryFactorySupport$QueryExecutorMethodInterceptor.doInvoke(Lorg/aopalliance/intercept/MethodInvocation;)Ljava/lang/Object;+94
j  org.springframework.data.repository.core.support.RepositoryFactorySupport$QueryExecutorMethodInterceptor.invoke(Lorg/aopalliance/intercept/MethodInvocation;)Ljava/lang/Object;+2
j  org.springframework.aop.framework.ReflectiveMethodInvocation.proceed()Ljava/lang/Object;+101
j  org.springframework.data.projection.DefaultMethodInvokingMethodInterceptor.invoke(Lorg/aopalliance/intercept/MethodInvocation;)Ljava/lang/Object;+15
j  org.springframework.aop.framework.ReflectiveMethodInvocation.proceed()Ljava/lang/Object;+101
j  org.springframework.transaction.interceptor.TransactionInterceptor$1.proceedWithInvocation()Ljava/lang/Object;+4
j  org.springframework.transaction.interceptor.TransactionAspectSupport.invokeWithinTransaction(Ljava/lang/reflect/Method;Ljava/lang/Class;Lorg/springframework/transaction/interceptor/TransactionAspectSupport$InvocationCallback;)Ljava/lang/Object;+60
j  org.springframework.transaction.interceptor.TransactionInterceptor.invoke(Lorg/aopalliance/intercept/MethodInvocation;)Ljava/lang/Object;+40
j  org.springframework.aop.framework.ReflectiveMethodInvocation.proceed()Ljava/lang/Object;+101
j  org.springframework.dao.support.PersistenceExceptionTranslationInterceptor.invoke(Lorg/aopalliance/intercept/MethodInvocation;)Ljava/lang/Object;+1
j  org.springframework.aop.framework.ReflectiveMethodInvocation.proceed()Ljava/lang/Object;+101
j  org.springframework.data.jpa.repository.support.CrudMethodMetadataPostProcessor$CrudMethodMetadataPopulatingMethodInterceptor.invoke(Lorg/aopalliance/intercept/MethodInvocation;)Ljava/lang/Object;+89
j  org.springframework.aop.framework.ReflectiveMethodInvocation.proceed()Ljava/lang/Object;+101
j  org.springframework.aop.interceptor.ExposeInvocationInterceptor.invoke(Lorg/aopalliance/intercept/MethodInvocation;)Ljava/lang/Object;+18
j  org.springframework.aop.framework.ReflectiveMethodInvocation.proceed()Ljava/lang/Object;+101
j  org.springframework.aop.framework.JdkDynamicAopProxy.invoke(Ljava/lang/Object;Ljava/lang/reflect/Method;[Ljava/lang/Object;)Ljava/lang/Object;+385
j  com.sun.proxy.$Proxy94.save(Ljava/lang/Object;)Ljava/lang/Object;+16
j  com.example.api.service.BookService.save(Lcom/example/entity/Book;)Lcom/example/entity/Book;+5
j  com.example.crudtest.CRUDTest.insertOperation()V+19
v  ~StubRoutines::call_stub
J 1314  sun.reflect.NativeMethodAccessorImpl.invoke0(Ljava/lang/reflect/Method;Ljava/lang/Object;[Ljava/lang/Object;)Ljava/lang/Object; (0 bytes) @ 0x00007f68d14815f7 [0x00007f68d1481580+0x77]
J 1313 C1 sun.reflect.NativeMethodAccessorImpl.invoke(Ljava/lang/Object;[Ljava/lang/Object;)Ljava/lang/Object; (104 bytes) @ 0x00007f68d14e58ac [0x00007f68d14e4700+0x11ac]
J 3400 C2 java.lang.reflect.Method.invoke(Ljava/lang/Object;[Ljava/lang/Object;)Ljava/lang/Object; (62 bytes) @ 0x00007f68d11b7994 [0x00007f68d11b78e0+0xb4]
j  org.testng.internal.MethodInvocationHelper.invokeMethod(Ljava/lang/reflect/Method;Ljava/lang/Object;[Ljava/lang/Object;)Ljava/lang/Object;+242
j  org.testng.internal.MethodInvocationHelper$1.runTestMethod(Lorg/testng/ITestResult;)V+12
j  org.springframework.test.context.testng.AbstractTestNGSpringContextTests.run(Lorg/testng/IHookCallBack;Lorg/testng/ITestResult;)V+2
v  ~StubRoutines::call_stub
J 1314  sun.reflect.NativeMethodAccessorImpl.invoke0(Ljava/lang/reflect/Method;Ljava/lang/Object;[Ljava/lang/Object;)Ljava/lang/Object; (0 bytes) @ 0x00007f68d14815f7 [0x00007f68d1481580+0x77]
J 1313 C1 sun.reflect.NativeMethodAccessorImpl.invoke(Ljava/lang/Object;[Ljava/lang/Object;)Ljava/lang/Object; (104 bytes) @ 0x00007f68d14e58ac [0x00007f68d14e4700+0x11ac]
J 3400 C2 java.lang.reflect.Method.invoke(Ljava/lang/Object;[Ljava/lang/Object;)Ljava/lang/Object; (62 bytes) @ 0x00007f68d11b7994 [0x00007f68d11b78e0+0xb4]
j  org.testng.internal.MethodInvocationHelper.invokeHookable(Ljava/lang/Object;[Ljava/lang/Object;Ljava/lang/Object;Ljava/lang/reflect/Method;Lorg/testng/internal/TestResult;)V+64
j  org.testng.internal.Invoker.invokeMethod([Ljava/lang/Object;ILorg/testng/ITestNGMethod;[Ljava/lang/Object;ILorg/testng/xml/XmlSuite;Ljava/util/Map;Lorg/testng/ITestClass;[Lorg/testng/ITestNGMethod;[Lorg/testng/ITestNGMethod;Lorg/testng/internal/ConfigurationGroupMethods;)Lorg/testng/ITestResult;+280
j  org.testng.internal.Invoker.invokeTestMethod([Ljava/lang/Object;Lorg/testng/ITestNGMethod;[Ljava/lang/Object;ILorg/testng/xml/XmlSuite;Ljava/util/Map;Lorg/testng/ITestClass;[Lorg/testng/ITestNGMethod;[Lorg/testng/ITestNGMethod;Lorg/testng/internal/ConfigurationGroupMethods;)Ljava/util/List;+46
j  org.testng.internal.Invoker.invokeTestMethods(Lorg/testng/ITestNGMethod;[Lorg/testng/ITestNGMethod;ILorg/testng/xml/XmlSuite;Ljava/util/Map;Lorg/testng/internal/ConfigurationGroupMethods;[Ljava/lang/Object;Lorg/testng/ITestContext;)Ljava/util/List;+705
j  org.testng.internal.TestMethodWorker.invokeTestMethods(Lorg/testng/ITestNGMethod;[Ljava/lang/Object;Lorg/testng/ITestContext;)V+32
j  org.testng.internal.TestMethodWorker.run()V+60
j  org.testng.TestRunner.privateRun(Lorg/testng/xml/XmlTest;)V+349
j  org.testng.TestRunner.run()V+26
j  org.testng.SuiteRunner.runTest(Lorg/testng/TestRunner;)V+1
j  org.testng.SuiteRunner.runSequentially()V+31
j  org.testng.SuiteRunner.privateRun()V+281
j  org.testng.SuiteRunner.run()V+6
j  org.testng.SuiteRunnerWorker.runSuite(Lorg/testng/internal/SuiteRunnerMap;Lorg/testng/xml/XmlSuite;)V+96
j  org.testng.SuiteRunnerWorker.run()V+12
j  org.testng.TestNG.runSuitesSequentially(Lorg/testng/xml/XmlSuite;Lorg/testng/internal/SuiteRunnerMap;ILjava/lang/String;)V+66
j  org.testng.TestNG.runSuitesLocally()Ljava/util/List;+117
j  org.testng.TestNG.run()V+77
j  org.testng.remote.AbstractRemoteTestNG.run()V+163
j  org.testng.remote.RemoteTestNG.initAndRun(Lorg/testng/remote/IRemoteTestNG;[Ljava/lang/String;Lorg/testng/CommandLineArgs;Lorg/testng/remote/RemoteArgs;)V+184
j  org.testng.remote.RemoteTestNG.main([Ljava/lang/String;)V+218
v  ~StubRoutines::call_stub

---------------  P R O C E S S  ---------------

Java Threads: ( => current thread )
  0x00007f68e16f4000 JavaThread "http-nio-auto-1-56281-AsyncTimeout" daemon [_thread_blocked, id=6971, stack(0x00007f6882970000,0x00007f6882a71000)]
  0x00007f68e16f2800 JavaThread "http-nio-auto-1-Acceptor-0" daemon [_thread_in_native, id=6970, stack(0x00007f6882a71000,0x00007f6882b72000)]
  0x00007f68e16f0000 JavaThread "http-nio-auto-1-ClientPoller-1" daemon [_thread_in_native, id=6969, stack(0x00007f6882b72000,0x00007f6882c73000)]
  0x00007f68e16e1800 JavaThread "http-nio-auto-1-ClientPoller-0" daemon [_thread_in_native, id=6968, stack(0x00007f6882c73000,0x00007f6882d74000)]
  0x00007f68e16cf800 JavaThread "NioBlockingSelector.BlockPoller-1" daemon [_thread_in_native, id=6967, stack(0x00007f6882d74000,0x00007f6882e75000)]
  0x00007f68e1336000 JavaThread "Tomcat JDBC Pool Cleaner[865113938:1485186092685]" daemon [_thread_blocked, id=6966, stack(0x00007f6883afd000,0x00007f6883bfe000)]
  0x00007f68e102a800 JavaThread "container-0" [_thread_blocked, id=6965, stack(0x00007f6883dfe000,0x00007f6883eff000)]
  0x00007f68e1029800 JavaThread "ContainerBackgroundProcessor[StandardEngine[Tomcat]]" daemon [_thread_blocked, id=6964, stack(0x00007f6883eff000,0x00007f6884000000)]
  0x00007f688421c800 JavaThread "localhost-startStop-1" daemon [_thread_blocked, id=6963, stack(0x00007f68b829b000,0x00007f68b839c000)]
  0x00007f68e1028800 JavaThread "Tomcat-startStop-1" daemon [_thread_blocked, id=6962, stack(0x00007f68b928c000,0x00007f68b938d000)]
  0x00007f68e04c9800 JavaThread "ReaderThread" [_thread_in_native, id=6960, stack(0x00007f68b9b9a000,0x00007f68b9c9b000)]
  0x00007f68e00c7000 JavaThread "Service Thread" daemon [_thread_blocked, id=6957, stack(0x00007f68ba206000,0x00007f68ba307000)]
  0x00007f68e00c4000 JavaThread "C1 CompilerThread2" daemon [_thread_blocked, id=6956, stack(0x00007f68ba307000,0x00007f68ba408000)]
  0x00007f68e00c2000 JavaThread "C2 CompilerThread1" daemon [_thread_in_native, id=6955, stack(0x00007f68ba408000,0x00007f68ba509000)]
  0x00007f68e00bf000 JavaThread "C2 CompilerThread0" daemon [_thread_in_native, id=6954, stack(0x00007f68ba509000,0x00007f68ba60a000)]
  0x00007f68e00be000 JavaThread "Signal Dispatcher" daemon [_thread_blocked, id=6953, stack(0x00007f68ba60a000,0x00007f68ba70b000)]
  0x00007f68e008a000 JavaThread "Finalizer" daemon [_thread_blocked, id=6952, stack(0x00007f68badee000,0x00007f68baeef000)]
  0x00007f68e0085800 JavaThread "Reference Handler" daemon [_thread_blocked, id=6951, stack(0x00007f68baeef000,0x00007f68baff0000)]
=>0x00007f68e0010000 JavaThread "main" [_thread_in_vm, id=6945, stack(0x00007f68e872e000,0x00007f68e882f000)]

Other Threads:
  0x00007f68e007e000 VMThread [stack: 0x00007f68baff0000,0x00007f68bb0f1000] [id=6950]
  0x00007f68e00ca000 WatcherThread [stack: 0x00007f68ba105000,0x00007f68ba206000] [id=6958]

VM state:not at safepoint (normal execution)

VM Mutex/Monitor currently owned by a thread: None

Heap:
 PSYoungGen      total 522752K, used 197212K [0x000000076ab00000, 0x000000078da80000, 0x00000007c0000000)
  eden space 485888K, 40% used [0x000000076ab00000,0x0000000776b970d8,0x0000000788580000)
  from space 36864K, 0% used [0x000000078b680000,0x000000078b680000,0x000000078da80000)
  to   space 43520K, 0% used [0x0000000788580000,0x0000000788580000,0x000000078b000000)
 ParOldGen       total 699392K, used 22820K [0x00000006c0000000, 0x00000006eab00000, 0x000000076ab00000)
  object space 699392K, 3% used [0x00000006c0000000,0x00000006c16493c8,0x00000006eab00000)
 Metaspace       used 45055K, capacity 45420K, committed 45820K, reserved 1089536K
  class space    used 5899K, capacity 6029K, committed 6144K, reserved 1048576K

Card table byte_map: [0x00007f68e4ce7000,0x00007f68e54e8000] byte_map_base: 0x00007f68e16e7000

Marking Bits: (ParMarkBitMap*) 0x00007f68e7c0ac80
 Begin Bits: [0x00007f68c9000000, 0x00007f68cd000000)
 End Bits:   [0x00007f68cd000000, 0x00007f68d1000000)

Polling page: 0x00007f68e8854000

CodeCache: size=245760Kb used=12577Kb max_used=12581Kb free=233182Kb
 bounds [0x00007f68d1000000, 0x00007f68d1c60000, 0x00007f68e0000000]
 total_blobs=4076 nmethods=3604 adapters=384
 compilation: enabled

Compilation events (10 events):
Event: 10.280 Thread 0x00007f68e00c4000 4131       2       java.util.Collections$EmptyList::iterator (4 bytes)
Event: 10.280 Thread 0x00007f68e00c4000 nmethod 4131 0x00007f68d16b3490 code [0x00007f68d16b35e0, 0x00007f68d16b3730]
Event: 10.283 Thread 0x00007f68e00c4000 4132       1       org.testng.shaded.com.google.gson.reflect.TypeToken::hashCode (5 bytes)
Event: 10.283 Thread 0x00007f68e00c4000 nmethod 4132 0x00007f68d16b31d0 code [0x00007f68d16b3320, 0x00007f68d16b3430]
Event: 10.285 Thread 0x00007f68e00c4000 4133       2       java.io.BufferedWriter::ensureOpen (18 bytes)
Event: 10.285 Thread 0x00007f68e00c4000 nmethod 4133 0x00007f68d16b2d90 code [0x00007f68d16b2f00, 0x00007f68d16b3108]
Event: 10.301 Thread 0x00007f68e00c4000 4134       2       org.hibernate.service.internal.ConcurrentServiceBinding::hashKey (5 bytes)
Event: 10.302 Thread 0x00007f68e00c4000 nmethod 4134 0x00007f68d16b2a10 code [0x00007f68d16b2b80, 0x00007f68d16b2ce8]
Event: 10.303 Thread 0x00007f68e00c4000 4135       2       sun.reflect.ReflectionFactory::newMethodAccessor (79 bytes)
Event: 10.304 Thread 0x00007f68e00c4000 nmethod 4135 0x00007f68d18bda50 code [0x00007f68d18bdc20, 0x00007f68d18be258]

GC Heap History (10 events):
Event: 4.256 GC heap before
{Heap before GC invocations=2 (full 0):
 PSYoungGen      total 305664K, used 33720K [0x000000076ab00000, 0x0000000780000000, 0x00000007c0000000)
  eden space 262144K, 4% used [0x000000076ab00000,0x000000076b794378,0x000000077ab00000)
  from space 43520K, 47% used [0x000000077ab00000,0x000000077bf5a020,0x000000077d580000)
  to   space 43520K, 0% used [0x000000077d580000,0x000000077d580000,0x0000000780000000)
 ParOldGen       total 699392K, used 88K [0x00000006c0000000, 0x00000006eab00000, 0x000000076ab00000)
  object space 699392K, 0% used [0x00000006c0000000,0x00000006c0016010,0x00000006eab00000)
 Metaspace       used 21371K, capacity 21546K, committed 21628K, reserved 1069056K
  class space    used 2627K, capacity 2674K, committed 2688K, reserved 1048576K
Event: 4.281 GC heap after
Heap after GC invocations=2 (full 0):
 PSYoungGen      total 305664K, used 10084K [0x000000076ab00000, 0x0000000790000000, 0x00000007c0000000)
  eden space 262144K, 0% used [0x000000076ab00000,0x000000076ab00000,0x000000077ab00000)
  from space 43520K, 23% used [0x000000077d580000,0x000000077df592a0,0x0000000780000000)
  to   space 43520K, 0% used [0x000000077ab00000,0x000000077ab00000,0x000000077d580000)
 ParOldGen       total 699392K, used 96K [0x00000006c0000000, 0x00000006eab00000, 0x000000076ab00000)
  object space 699392K, 0% used [0x00000006c0000000,0x00000006c0018010,0x00000006eab00000)
 Metaspace       used 21371K, capacity 21546K, committed 21628K, reserved 1069056K
  class space    used 2627K, capacity 2674K, committed 2688K, reserved 1048576K
}
Event: 4.281 GC heap before
{Heap before GC invocations=3 (full 1):
 PSYoungGen      total 305664K, used 10084K [0x000000076ab00000, 0x0000000790000000, 0x00000007c0000000)
  eden space 262144K, 0% used [0x000000076ab00000,0x000000076ab00000,0x000000077ab00000)
  from space 43520K, 23% used [0x000000077d580000,0x000000077df592a0,0x0000000780000000)
  to   space 43520K, 0% used [0x000000077ab00000,0x000000077ab00000,0x000000077d580000)
 ParOldGen       total 699392K, used 96K [0x00000006c0000000, 0x00000006eab00000, 0x000000076ab00000)
  object space 699392K, 0% used [0x00000006c0000000,0x00000006c0018010,0x00000006eab00000)
 Metaspace       used 21371K, capacity 21546K, committed 21628K, reserved 1069056K
  class space    used 2627K, capacity 2674K, committed 2688K, reserved 1048576K
Event: 4.331 GC heap after
Heap after GC invocations=3 (full 1):
 PSYoungGen      total 305664K, used 0K [0x000000076ab00000, 0x0000000790000000, 0x00000007c0000000)
  eden space 262144K, 0% used [0x000000076ab00000,0x000000076ab00000,0x000000077ab00000)
  from space 43520K, 0% used [0x000000077d580000,0x000000077d580000,0x0000000780000000)
  to   space 43520K, 0% used [0x000000077ab00000,0x000000077ab00000,0x000000077d580000)
 ParOldGen       total 699392K, used 9915K [0x00000006c0000000, 0x00000006eab00000, 0x000000076ab00000)
  object space 699392K, 1% used [0x00000006c0000000,0x00000006c09aedd0,0x00000006eab00000)
 Metaspace       used 21371K, capacity 21546K, committed 21628K, reserved 1069056K
  class space    used 2627K, capacity 2674K, committed 2688K, reserved 1048576K
}
Event: 6.744 GC heap before
{Heap before GC invocations=4 (full 1):
 PSYoungGen      total 305664K, used 262144K [0x000000076ab00000, 0x0000000790000000, 0x00000007c0000000)
  eden space 262144K, 100% used [0x000000076ab00000,0x000000077ab00000,0x000000077ab00000)
  from space 43520K, 0% used [0x000000077d580000,0x000000077d580000,0x0000000780000000)
  to   space 43520K, 0% used [0x000000077ab00000,0x000000077ab00000,0x000000077d580000)
 ParOldGen       total 699392K, used 9915K [0x00000006c0000000, 0x00000006eab00000, 0x000000076ab00000)
  object space 699392K, 1% used [0x00000006c0000000,0x00000006c09aedd0,0x00000006eab00000)
 Metaspace       used 30344K, capacity 30646K, committed 30844K, reserved 1077248K
  class space    used 3766K, capacity 3860K, committed 3968K, reserved 1048576K
Event: 6.762 GC heap after
Heap after GC invocations=4 (full 1):
 PSYoungGen      total 305664K, used 16915K [0x000000076ab00000, 0x000000078e100000, 0x00000007c0000000)
  eden space 262144K, 0% used [0x000000076ab00000,0x000000076ab00000,0x000000077ab00000)
  from space 43520K, 38% used [0x000000077ab00000,0x000000077bb84e68,0x000000077d580000)
  to   space 43520K, 0% used [0x000000078b680000,0x000000078b680000,0x000000078e100000)
 ParOldGen       total 699392K, used 9923K [0x00000006c0000000, 0x00000006eab00000, 0x000000076ab00000)
  object space 699392K, 1% used [0x00000006c0000000,0x00000006c09b0dd0,0x00000006eab00000)
 Metaspace       used 30344K, capacity 30646K, committed 30844K, reserved 1077248K
  class space    used 3766K, capacity 3860K, committed 3968K, reserved 1048576K
}
Event: 7.861 GC heap before
{Heap before GC invocations=5 (full 1):
 PSYoungGen      total 305664K, used 119085K [0x000000076ab00000, 0x000000078e100000, 0x00000007c0000000)
  eden space 262144K, 38% used [0x000000076ab00000,0x0000000770ec6948,0x000000077ab00000)
  from space 43520K, 38% used [0x000000077ab00000,0x000000077bb84e68,0x000000077d580000)
  to   space 43520K, 0% used [0x000000078b680000,0x000000078b680000,0x000000078e100000)
 ParOldGen       total 699392K, used 9923K [0x00000006c0000000, 0x00000006eab00000, 0x000000076ab00000)
  object space 699392K, 1% used [0x00000006c0000000,0x00000006c09b0dd0,0x00000006eab00000)
 Metaspace       used 35597K, capacity 35862K, committed 36048K, reserved 1081344K
  class space    used 4570K, capacity 4644K, committed 4736K, reserved 1048576K
Event: 7.884 GC heap after
Heap after GC invocations=5 (full 1):
 PSYoungGen      total 522752K, used 13943K [0x000000076ab00000, 0x000000078da80000, 0x00000007c0000000)
  eden space 485888K, 0% used [0x000000076ab00000,0x000000076ab00000,0x0000000788580000)
  from space 36864K, 37% used [0x000000078b680000,0x000000078c41ddd8,0x000000078da80000)
  to   space 43520K, 0% used [0x0000000788580000,0x0000000788580000,0x000000078b000000)
 ParOldGen       total 699392K, used 9931K [0x00000006c0000000, 0x00000006eab00000, 0x000000076ab00000)
  object space 699392K, 1% used [0x00000006c0000000,0x00000006c09b2dd0,0x00000006eab00000)
 Metaspace       used 35597K, capacity 35862K, committed 36048K, reserved 1081344K
  class space    used 4570K, capacity 4644K, committed 4736K, reserved 1048576K
}
Event: 7.884 GC heap before
{Heap before GC invocations=6 (full 2):
 PSYoungGen      total 522752K, used 13943K [0x000000076ab00000, 0x000000078da80000, 0x00000007c0000000)
  eden space 485888K, 0% used [0x000000076ab00000,0x000000076ab00000,0x0000000788580000)
  from space 36864K, 37% used [0x000000078b680000,0x000000078c41ddd8,0x000000078da80000)
  to   space 43520K, 0% used [0x0000000788580000,0x0000000788580000,0x000000078b000000)
 ParOldGen       total 699392K, used 9931K [0x00000006c0000000, 0x00000006eab00000, 0x000000076ab00000)
  object space 699392K, 1% used [0x00000006c0000000,0x00000006c09b2dd0,0x00000006eab00000)
 Metaspace       used 35597K, capacity 35862K, committed 36048K, reserved 1081344K
  class space    used 4570K, capacity 4644K, committed 4736K, reserved 1048576K
Event: 8.005 GC heap after
Heap after GC invocations=6 (full 2):
 PSYoungGen      total 522752K, used 0K [0x000000076ab00000, 0x000000078da80000, 0x00000007c0000000)
  eden space 485888K, 0% used [0x000000076ab00000,0x000000076ab00000,0x0000000788580000)
  from space 36864K, 0% used [0x000000078b680000,0x000000078b680000,0x000000078da80000)
  to   space 43520K, 0% used [0x0000000788580000,0x0000000788580000,0x000000078b000000)
 ParOldGen       total 699392K, used 22820K [0x00000006c0000000, 0x00000006eab00000, 0x000000076ab00000)
  object space 699392K, 3% used [0x00000006c0000000,0x00000006c16493c8,0x00000006eab00000)
 Metaspace       used 35597K, capacity 35862K, committed 36048K, reserved 1081344K
  class space    used 4570K, capacity 4644K, committed 4736K, reserved 1048576K
}

Deoptimization events (10 events):
Event: 8.956 Thread 0x00007f68e0010000 Uncommon trap: reason=unstable_if action=reinterpret pc=0x00007f68d117ccf0 method=java.util.concurrent.ConcurrentHashMap.putVal(Ljava/lang/Object;Ljava/lang/Object;Z)Ljava/lang/Object; @ 331
Event: 8.957 Thread 0x00007f68e0010000 Uncommon trap: reason=unstable_if action=reinterpret pc=0x00007f68d198382c method=java.util.concurrent.ConcurrentHashMap.get(Ljava/lang/Object;)Ljava/lang/Object; @ 86
Event: 9.066 Thread 0x00007f68e0010000 Uncommon trap: reason=null_check action=make_not_entrant pc=0x00007f68d1143db8 method=org.springframework.util.ClassUtils.isAssignable(Ljava/lang/Class;Ljava/lang/Class;)Z @ 14
Event: 9.106 Thread 0x00007f68e0010000 Uncommon trap: reason=unstable_if action=reinterpret pc=0x00007f68d160b3c4 method=java.lang.reflect.Proxy.isProxyClass(Ljava/lang/Class;)Z @ 16
Event: 9.107 Thread 0x00007f68e0010000 Uncommon trap: reason=unstable_if action=reinterpret pc=0x00007f68d1224b24 method=sun.reflect.misc.ReflectUtil.isNonPublicProxyClass(Ljava/lang/Class;)Z @ 33
Event: 9.394 Thread 0x00007f68e0010000 Uncommon trap: reason=unstable_if action=reinterpret pc=0x00007f68d130f4a4 method=java.util.concurrent.ConcurrentHashMap.transfer([Ljava/util/concurrent/ConcurrentHashMap$Node;[Ljava/util/concurrent/ConcurrentHashMap$Node;)V @ 356
Event: 9.395 Thread 0x00007f68e0010000 Uncommon trap: reason=unstable_if action=reinterpret pc=0x00007f68d1258c2c method=java.util.concurrent.ConcurrentHashMap.transfer([Ljava/util/concurrent/ConcurrentHashMap$Node;[Ljava/util/concurrent/ConcurrentHashMap$Node;)V @ 356
Event: 10.030 Thread 0x00007f68e0010000 Uncommon trap: reason=null_check action=make_not_entrant pc=0x00007f68d1c04878 method=org.springframework.core.annotation.AnnotatedElementUtils.searchWithGetSemanticsInAnnotations(Ljava/lang/reflect/AnnotatedElement;Ljava/util/List;Ljava/lang/Class;Ljava/
Event: 10.152 Thread 0x00007f68e0010000 Uncommon trap: reason=unstable_if action=reinterpret pc=0x00007f68d1b7ac68 method=java.lang.Class.getGenericSuperclass()Ljava/lang/reflect/Type; @ 18
Event: 10.159 Thread 0x00007f68e0010000 Uncommon trap: reason=unstable_if action=reinterpret pc=0x00007f68d1609574 method=org.springframework.util.ConcurrentReferenceHashMap$Segment.clear()V @ 4

Internal exceptions (10 events):
Event: 10.048 Thread 0x00007f68e0010000 Exception <a 'java/lang/ClassNotFoundException': org/springframework/boot/autoconfigure/web/WebClientAutoConfigurationCustomizer> (0x0000000774d43888) thrown at [/HUDSON3/workspace/8-2-build-linux-amd64/jdk8u121/8372/hotspot/src/share/vm/classfile/systemD
Event: 10.049 Thread 0x00007f68e0010000 Exception <a 'java/lang/ClassNotFoundException': org/springframework/boot/autoconfigure/web/WebClientAutoConfiguration$$EnhancerBySpringCGLIB$$52d5929eCustomizer> (0x0000000774d67180) thrown at [/HUDSON3/workspace/8-2-build-linux-amd64/jdk8u121/8372/hotsp
Event: 10.049 Thread 0x00007f68e0010000 Exception <a 'java/lang/ClassNotFoundException': org/springframework/context/annotation/ConfigurationClassEnhancer$EnhancedConfigurationCustomizer> (0x0000000774d8b4b8) thrown at [/HUDSON3/workspace/8-2-build-linux-amd64/jdk8u121/8372/hotspot/src/share/vm
Event: 10.260 Thread 0x00007f68e0010000 Exception <a 'java/lang/ClassNotFoundException': java/lang/ObjectCustomizer> (0x0000000775cc4608) thrown at [/HUDSON3/workspace/8-2-build-linux-amd64/jdk8u121/8372/hotspot/src/share/vm/classfile/systemDictionary.cpp, line 210]
Event: 10.261 Thread 0x00007f68e0010000 Exception <a 'java/lang/ClassNotFoundException': org/springframework/test/context/testng/AbstractTestNGSpringContextTestsCustomizer> (0x0000000775ce2350) thrown at [/HUDSON3/workspace/8-2-build-linux-amd64/jdk8u121/8372/hotspot/src/share/vm/classfile/syst
Event: 10.261 Thread 0x00007f68e0010000 Exception <a 'java/lang/ClassNotFoundException': com/example/crudtest/CRUDTestCustomizer> (0x0000000775cf4f18) thrown at [/HUDSON3/workspace/8-2-build-linux-amd64/jdk8u121/8372/hotspot/src/share/vm/classfile/systemDictionary.cpp, line 210]
Event: 10.261 Thread 0x00007f68e0010000 Exception <a 'java/lang/ClassNotFoundException': org/testng/IHookableCustomizer> (0x0000000775d05940) thrown at [/HUDSON3/workspace/8-2-build-linux-amd64/jdk8u121/8372/hotspot/src/share/vm/classfile/systemDictionary.cpp, line 210]
Event: 10.261 Thread 0x00007f68e0010000 Exception <a 'java/lang/ClassNotFoundException': org/springframework/context/ApplicationContextAwareCustomizer> (0x0000000775d1bae0) thrown at [/HUDSON3/workspace/8-2-build-linux-amd64/jdk8u121/8372/hotspot/src/share/vm/classfile/systemDictionary.cpp, lin
Event: 10.307 Thread 0x00007f68e0010000 Exception <a 'java/lang/ClassNotFoundException': java/lang/ObjectCustomizer> (0x0000000775ea5130) thrown at [/HUDSON3/workspace/8-2-build-linux-amd64/jdk8u121/8372/hotspot/src/share/vm/classfile/systemDictionary.cpp, line 210]
Event: 10.307 Thread 0x00007f68e0010000 Exception <a 'java/lang/ClassNotFoundException': com/example/entity/BookCustomizer> (0x0000000775eb7ac0) thrown at [/HUDSON3/workspace/8-2-build-linux-amd64/jdk8u121/8372/hotspot/src/share/vm/classfile/systemDictionary.cpp, line 210]

Events (10 events):
Event: 10.331 loading class org/hibernate/engine/jdbc/internal/FormatStyle
Event: 10.331 loading class org/hibernate/engine/jdbc/internal/FormatStyle done
Event: 10.332 loading class org/hibernate/engine/jdbc/internal/Formatter
Event: 10.332 loading class org/hibernate/engine/jdbc/internal/Formatter done
Event: 10.332 loading class org/hibernate/engine/jdbc/internal/BasicFormatterImpl
Event: 10.332 loading class org/hibernate/engine/jdbc/internal/BasicFormatterImpl done
Event: 10.333 loading class org/hibernate/engine/jdbc/internal/DDLFormatterImpl
Event: 10.333 loading class org/hibernate/engine/jdbc/internal/DDLFormatterImpl done
Event: 10.333 loading class org/hibernate/engine/jdbc/internal/FormatStyle$NoFormatImpl
Event: 10.333 loading class org/hibernate/engine/jdbc/internal/FormatStyle$NoFormatImpl done


Dynamic libraries:
00400000-00401000 r-xp 00000000 08:03 3554757                            /usr/lib/jvm/java-8-oracle/bin/java
00600000-00601000 rw-p 00000000 08:03 3554757                            /usr/lib/jvm/java-8-oracle/bin/java
01dcc000-01ded000 rw-p 00000000 00:00 0                                  [heap]
6c0000000-6eab00000 rw-p 00000000 00:00 0 
6eab00000-76ab00000 ---p 00000000 00:00 0 
76ab00000-78da80000 rw-p 00000000 00:00 0 
78da80000-7c0000000 ---p 00000000 00:00 0 
7c0000000-7c0600000 rw-p 00000000 00:00 0 
7c0600000-800000000 ---p 00000000 00:00 0 
7f685c000000-7f685c021000 rw-p 00000000 00:00 0 
7f685c021000-7f6860000000 ---p 00000000 00:00 0 
7f6864000000-7f6864021000 rw-p 00000000 00:00 0 
7f6864021000-7f6868000000 ---p 00000000 00:00 0 
7f6868000000-7f6868021000 rw-p 00000000 00:00 0 
7f6868021000-7f686c000000 ---p 00000000 00:00 0 
7f686c000000-7f686c021000 rw-p 00000000 00:00 0 
7f686c021000-7f6870000000 ---p 00000000 00:00 0 
7f6870000000-7f6870021000 rw-p 00000000 00:00 0 
7f6870021000-7f6874000000 ---p 00000000 00:00 0 
7f6874000000-7f6874021000 rw-p 00000000 00:00 0 
7f6874021000-7f6878000000 ---p 00000000 00:00 0 
7f6878000000-7f6878021000 rw-p 00000000 00:00 0 
7f6878021000-7f687c000000 ---p 00000000 00:00 0 
7f687c000000-7f687c021000 rw-p 00000000 00:00 0 
7f687c021000-7f6880000000 ---p 00000000 00:00 0 
7f6882970000-7f6882973000 ---p 00000000 00:00 0 
7f6882973000-7f6882a71000 rw-p 00000000 00:00 0                          [stack:6971]
7f6882a71000-7f6882a74000 ---p 00000000 00:00 0 
7f6882a74000-7f6882b72000 rw-p 00000000 00:00 0                          [stack:6970]
7f6882b72000-7f6882b75000 ---p 00000000 00:00 0 
7f6882b75000-7f6882c73000 rw-p 00000000 00:00 0                          [stack:6969]
7f6882c73000-7f6882c76000 ---p 00000000 00:00 0 
7f6882c76000-7f6882d74000 rw-p 00000000 00:00 0                          [stack:6968]
7f6882d74000-7f6882d77000 ---p 00000000 00:00 0 
7f6882d77000-7f6882f35000 rw-p 00000000 00:00 0                          [stack:6967]
7f6882f35000-7f6883075000 ---p 00000000 00:00 0 
7f6883075000-7f6883275000 rw-p 00000000 00:00 0 
7f6883275000-7f6883475000 rw-p 00000000 00:00 0 
7f6883475000-7f6883675000 rw-p 00000000 00:00 0 
7f6883675000-7f68836f9000 r-xp 00000000 08:03 5917606                    /tmp/sqlite-3.7.2-libsqlitejdbc.so
7f68836f9000-7f68838f9000 ---p 00084000 08:03 5917606                    /tmp/sqlite-3.7.2-libsqlitejdbc.so
7f68838f9000-7f68838fa000 r--p 00084000 08:03 5917606                    /tmp/sqlite-3.7.2-libsqlitejdbc.so
7f68838fa000-7f68838fd000 rw-p 00085000 08:03 5917606                    /tmp/sqlite-3.7.2-libsqlitejdbc.so
7f68838fd000-7f6883afd000 rw-p 00000000 00:00 0 
7f6883afd000-7f6883b00000 ---p 00000000 00:00 0 
7f6883b00000-7f6883dfe000 rw-p 00000000 00:00 0                          [stack:6966]
7f6883dfe000-7f6883e01000 ---p 00000000 00:00 0 
7f6883e01000-7f6883eff000 rw-p 00000000 00:00 0                          [stack:6965]
7f6883eff000-7f6883f02000 ---p 00000000 00:00 0 
7f6883f02000-7f6884000000 rw-p 00000000 00:00 0                          [stack:6964]
7f6884000000-7f6884234000 rw-p 00000000 00:00 0 
7f6884234000-7f6888000000 ---p 00000000 00:00 0 
7f6888000000-7f688806b000 rw-p 00000000 00:00 0 
7f688806b000-7f688c000000 ---p 00000000 00:00 0 
7f688c000000-7f688c021000 rw-p 00000000 00:00 0 
7f688c021000-7f6890000000 ---p 00000000 00:00 0 
7f6890000000-7f6890021000 rw-p 00000000 00:00 0 
7f6890021000-7f6894000000 ---p 00000000 00:00 0 
7f6894000000-7f68954e8000 rw-p 00000000 00:00 0 
7f68954e8000-7f6898000000 ---p 00000000 00:00 0 
7f6898000000-7f6898021000 rw-p 00000000 00:00 0 
7f6898021000-7f689c000000 ---p 00000000 00:00 0 
7f689c000000-7f689dd3b000 rw-p 00000000 00:00 0 
7f689dd3b000-7f68a0000000 ---p 00000000 00:00 0 
7f68a0000000-7f68a16ef000 rw-p 00000000 00:00 0 
7f68a16ef000-7f68a4000000 ---p 00000000 00:00 0 
7f68a4000000-7f68a4021000 rw-p 00000000 00:00 0 
7f68a4021000-7f68a8000000 ---p 00000000 00:00 0 
7f68a8000000-7f68a8021000 rw-p 00000000 00:00 0 
7f68a8021000-7f68ac000000 ---p 00000000 00:00 0 
7f68ac000000-7f68ac0b3000 rw-p 00000000 00:00 0 
7f68ac0b3000-7f68b0000000 ---p 00000000 00:00 0 
7f68b0000000-7f68b0021000 rw-p 00000000 00:00 0 
7f68b0021000-7f68b4000000 ---p 00000000 00:00 0 
7f68b4000000-7f68b4021000 rw-p 00000000 00:00 0 
7f68b4021000-7f68b8000000 ---p 00000000 00:00 0 
7f68b809b000-7f68b829b000 rw-p 00000000 00:00 0 
7f68b829b000-7f68b829e000 ---p 00000000 00:00 0 
7f68b829e000-7f68b859c000 rw-p 00000000 00:00 0                          [stack:6963]
7f68b85cd000-7f68b87ce000 rw-p 00000000 00:00 0 
7f68b87ce000-7f68b87e1000 r--s 00345000 08:03 3569668                    /usr/lib/jvm/java-8-oracle/jre/lib/resources.jar
7f68b87e1000-7f68b89e1000 rw-p 00000000 00:00 0 
7f68b89e1000-7f68b8a76000 r--s 01109000 08:03 3569596                    /usr/lib/jvm/java-8-oracle/jre/lib/ext/jfxrt.jar
7f68b8a76000-7f68b8c75000 rw-p 00000000 00:00 0 
7f68b8c75000-7f68b8c76000 ---p 00000000 00:00 0 
7f68b8c76000-7f68b8c87000 r-xp 00000000 08:03 4870868                    /usr/lib/jvm/java-8-oracle/jre/lib/amd64/libnio.so
7f68b8c87000-7f68b8e86000 ---p 00011000 08:03 4870868                    /usr/lib/jvm/java-8-oracle/jre/lib/amd64/libnio.so
7f68b8e86000-7f68b8e87000 rw-p 00010000 08:03 4870868                    /usr/lib/jvm/java-8-oracle/jre/lib/amd64/libnio.so
7f68b8e87000-7f68b9087000 rw-p 00000000 00:00 0 
7f68b9087000-7f68b908c000 r--s 002f9000 08:03 3569547                    /usr/lib/jvm/java-8-oracle/jre/lib/charsets.jar
7f68b908c000-7f68b928c000 rw-p 00000000 00:00 0 
7f68b928c000-7f68b928f000 ---p 00000000 00:00 0 
7f68b928f000-7f68b938d000 rw-p 00000000 00:00 0                          [stack:6962]
7f68b938d000-7f68b9396000 r-xp 00000000 08:03 4870832                    /usr/lib/jvm/java-8-oracle/jre/lib/amd64/libmanagement.so
7f68b9396000-7f68b9595000 ---p 00009000 08:03 4870832                    /usr/lib/jvm/java-8-oracle/jre/lib/amd64/libmanagement.so
7f68b9595000-7f68b9596000 rw-p 00008000 08:03 4870832                    /usr/lib/jvm/java-8-oracle/jre/lib/amd64/libmanagement.so
7f68b9596000-7f68b9796000 rw-p 00000000 00:00 0 
7f68b9796000-7f68b9996000 rw-p 00000000 00:00 0 
7f68b9996000-7f68b9b96000 rw-p 00000000 00:00 0 
7f68b9b96000-7f68b9b9a000 r--s 0009a000 08:03 3569602                    /usr/lib/jvm/java-8-oracle/jre/lib/jsse.jar
7f68b9b9a000-7f68b9b9d000 ---p 00000000 00:00 0 
7f68b9b9d000-7f68b9c9b000 rw-p 00000000 00:00 0                          [stack:6960]
7f68b9c9b000-7f68b9cb1000 r-xp 00000000 08:03 4870893                    /usr/lib/jvm/java-8-oracle/jre/lib/amd64/libnet.so
7f68b9cb1000-7f68b9eb1000 ---p 00016000 08:03 4870893                    /usr/lib/jvm/java-8-oracle/jre/lib/amd64/libnet.so
7f68b9eb1000-7f68b9eb2000 rw-p 00016000 08:03 4870893                    /usr/lib/jvm/java-8-oracle/jre/lib/amd64/libnet.so
7f68b9eb2000-7f68b9eb3000 r--s 0000c000 08:03 5916924                    /home/sharmila/.gradle/caches/modules-2/files-2.1/org.ow2.asm/asm/5.0.3/dcc2193db20e19e1feca8b1240dbbc4e190824fa/asm-5.0.3.jar
7f68b9eb3000-7f68b9ebd000 r--s 00069000 08:03 5923589                    /home/sharmila/.gradle/caches/modules-2/files-2.1/ch.qos.logback/logback-core/1.1.8/b4d1c3dea91727faf8b3d19cf4b9b972d6c0b89/logback-core-1.1.8.jar
7f68b9ebd000-7f68b9ebf000 r--s 00012000 08:03 5916922                    /home/sharmila/.gradle/caches/modules-2/files-2.1/net.minidev/accessors-smart/1.1/a527213f2fea112a04c9bdf0ec0264e34104cd08/accessors-smart-1.1.jar
7f68b9ebf000-7f68b9ec1000 r--s 00009000 08:03 5923902                    /home/sharmila/.gradle/caches/modules-2/files-2.1/org.apache.tomcat/tomcat-juli/8.5.6/83d2d1e3362ecca504f3bf8ed1bc4cc451754d24/tomcat-juli-8.5.6.jar
7f68b9ec1000-7f68b9eca000 r--s 0002d000 08:03 5923903                    /home/sharmila/.gradle/caches/modules-2/files-2.1/xml-apis/xml-apis/1.4.01/3789d9fada2d3d458c4ba2de349d48780f381ee3/xml-apis-1.4.01.jar
7f68b9eca000-7f68b9ecc000 r--s 00004000 08:03 5923588                    /home/sharmila/.gradle/caches/modules-2/files-2.1/org.slf4j/log4j-over-slf4j/1.7.22/a527c37e9ca6c3d19ba298edd4aa344ca751a203/log4j-over-slf4j-1.7.22.jar
7f68b9ecc000-7f68b9ece000 r--s 00000000 08:03 5923587                    /home/sharmila/.gradle/caches/modules-2/files-2.1/org.slf4j/jul-to-slf4j/1.7.22/b0429e950b3d2bc2c39c1bacafac753edbe3781c/jul-to-slf4j-1.7.22.jar
7f68b9ece000-7f68b9ed4000 r--s 00045000 08:03 5923585                    /home/sharmila/.gradle/caches/modules-2/files-2.1/ch.qos.logback/logback-classic/1.1.8/e54f49a227611976642f81cf2106b81c1ece8bf5/logback-classic-1.1.8.jar
7f68b9ed4000-7f68b9ed5000 r--s 0000f000 08:03 5916909                    /home/sharmila/.gradle/caches/modules-2/files-2.1/org.json/json/20140107/d1ffca6e2482b002702c6a576166fd685e3370e3/json-20140107.jar
7f68b9ed5000-7f68b9ed7000 r--s 00009000 08:03 5916921                    /home/sharmila/.gradle/caches/modules-2/files-2.1/org.objenesis/objenesis/2.1/87c0ea803b69252868d09308b4618f766f135a96/objenesis-2.1.jar
7f68b9ed7000-7f68b9eda000 r--s 0001b000 08:03 5916920                    /home/sharmila/.gradle/caches/modules-2/files-2.1/net.minidev/json-smart/2.2.1/5b9e5df7a62d1279b70dc882b041d249c4f0b002/json-smart-2.2.1.jar
7f68b9eda000-7f68b9edc000 r--s 00003000 08:03 5923586                    /home/sharmila/.gradle/caches/modules-2/files-2.1/org.slf4j/jcl-over-slf4j/1.7.22/86ceac14535af5a42c8fb0d06d79b925dd3cb263/jcl-over-slf4j-1.7.22.jar
7f68b9edc000-7f68b9ede000 r--s 00009000 08:03 5923584                    /home/sharmila/.gradle/caches/modules-2/files-2.1/org.slf4j/slf4j-api/1.7.22/a1c83373863cec7ae8d89dc1c5722d8cb6ec0309/slf4j-api-1.7.22.jar
7f68b9ede000-7f68b9ee6000 r--s 0003a000 08:03 5923901                    /home/sharmila/.gradle/caches/modules-2/files-2.1/org.springframework/spring-tx/4.3.5.RELEASE/296d8ae21fadc0f115dae7d1e8d5c4f8c7de2c3e/spring-tx-4.3.5.RELEASE.jar
7f68b9ee6000-7f68b9ef0000 r--s 0006b000 08:03 5923900                    /home/sharmila/.gradle/caches/modules-2/files-2.1/org.springframework/spring-orm/4.3.5.RELEASE/64c29d310b69bcc6e1fd5a738fa3629bdedb2d3f/spring-orm-4.3.5.RELEASE.jar
7f68b9ef0000-7f68b9f00000 r--s 0009a000 08:03 5923899                    /home/sharmila/.gradle/caches/modules-2/files-2.1/org.springframework.data/spring-data-commons/1.12.6.RELEASE/b6403dcfce33e89613f364d80d653d7540279c47/spring-data-commons-1.12.6.RELEASE.jar
7f68b9f00000-7f68b9f0a000 r--s 0005f000 08:03 5923898                    /home/sharmila/.gradle/caches/modules-2/files-2.1/org.springframework/spring-jdbc/4.3.5.RELEASE/7c09e38b6f6e0b178973dea06bb8fdc6d19aa596/spring-jdbc-4.3.5.RELEASE.jar
7f68b9f0a000-7f68b9f0d000 r--s 00020000 08:03 5923897                    /home/sharmila/.gradle/caches/modules-2/files-2.1/org.apache.tomcat/tomcat-jdbc/8.5.6/feb10a9e22f70565c7556f327b0481dba8587bbc/tomcat-jdbc-8.5.6.jar
7f68b9f0d000-7f68b9f26000 r--s 001af000 08:03 5923896                    /home/sharmila/.gradle/caches/modules-2/files-2.1/org.aspectj/aspectjweaver/1.8.9/db28774f477f07220eac18d5ec9c4e01f48589d7/aspectjweaver-1.8.9.jar
7f68b9f26000-7f68b9f29000 r--s 00010000 08:03 5923833                    /home/sharmila/.gradle/caches/modules-2/files-2.1/org.hibernate.common/hibernate-commons-annotations/5.0.1.Final/71e1cff3fcb20d3b3af4f3363c3ddb24d33c6879/hibernate-commons-annotations-5.0.1.Final.jar
7f68b9f29000-7f68b9f2e000 r--s 00048000 08:03 5923832                    /home/sharmila/.gradle/caches/modules-2/files-2.1/dom4j/dom4j/1.6.1/5d3ccc056b6f056dbf0dddfdf43894b9065a8f94/dom4j-1.6.1.jar
7f68b9f2e000-7f68b9f31000 r--s 0002b000 08:03 5923433                    /home/sharmila/.gradle/caches/modules-2/files-2.1/org.jboss/jandex/2.0.0.Final/3e899258936f94649c777193e1be846387ed54b3/jandex-2.0.0.Final.jar
7f68b9f31000-7f68b9f32000 r--s 00003000 08:03 5923830                    /home/sharmila/.gradle/caches/modules-2/files-2.1/org.apache.geronimo.specs/geronimo-jta_1.1_spec/1.1.1/aabab3165b8ea936b9360abbf448459c0d04a5a4/geronimo-jta_1.1_spec-1.1.1.jar
7f68b9f32000-7f68b9f37000 r--s 00068000 08:03 5923829                    /home/sharmila/.gradle/caches/modules-2/files-2.1/antlr/antlr/2.7.7/83cd2cd674a217ade95a4bb83a8a14f351f48bd0/antlr-2.7.7.jar
7f68b9f37000-7f68b9f3c000 r--s 0003c000 08:03 5923583                    /home/sharmila/.gradle/caches/modules-2/files-2.1/org.springframework/spring-expression/4.3.5.RELEASE/3689dc6c5b942ecde4122eac889ed87977d6f287/spring-expression-4.3.5.RELEASE.jar
7f68b9f3c000-7f68b9f56000 r--s 000fc000 08:03 5923582                    /home/sharmila/.gradle/caches/modules-2/files-2.1/org.springframework/spring-context/4.3.5.RELEASE/ca3391c0e17d0138335ba51b51371661d20d56a8/spring-context-4.3.5.RELEASE.jar
7f68b9f56000-7f68b9f63000 r--s 000ad000 08:03 5923581                    /home/sharmila/.gradle/caches/modules-2/files-2.1/org.springframework/spring-beans/4.3.5.RELEASE/e12bbc3277da28e2e2608a187f83091dc6c300bf/spring-beans-4.3.5.RELEASE.jar
7f68b9f63000-7f68b9f6c000 r--s 00054000 08:03 5923580                    /home/sharmila/.gradle/caches/modules-2/files-2.1/org.springframework/spring-aop/4.3.5.RELEASE/4f113218af716bd8d174c411f19b26418b5a70f6/spring-aop-4.3.5.RELEASE.jar
7f68b9f6c000-7f68b9f70000 r--s 00041000 08:03 5923579                    /home/sharmila/.gradle/caches/modules-2/files-2.1/com.fasterxml.jackson.core/jackson-core/2.8.5/60d059f5d2930ccd1ef03535b713fd9f933d1ba7/jackson-core-2.8.5.jar
7f68b9f70000-7f68b9f73000 r--s 0000b000 08:03 5923578                    /home/sharmila/.gradle/caches/modules-2/files-2.1/com.fasterxml.jackson.core/jackson-annotations/2.8.5/9d82ff47bc2c2d3b5b6a6618fe636782bbcd5b07/jackson-annotations-2.8.5.jar
7f68b9f73000-7f68b9f75000 r--s 0000e000 08:03 5917543                    /home/sharmila/.gradle/caches/modules-2/files-2.1/com.fasterxml/classmate/1.3.3/864c8e370a691e343210cc7c532fc198cee460d8/classmate-1.3.3.jar
7f68b9f75000-7f68b9f79000 r--s 0000c000 08:03 5916766                    /home/sharmila/.gradle/caches/modules-2/files-2.1/javax.validation/validation-api/1.1.0.Final/8613ae82954779d518631e05daa73a6a954817d5/validation-api-1.1.0.Final.jar
7f68b9f79000-7f68b9f7e000 r--s 00036000 08:03 5917542                    /home/sharmila/.gradle/caches/modules-2/files-2.1/org.apache.tomcat.embed/tomcat-embed-websocket/8.5.6/6f6940a216b380ea8506530c374fcfeef820ba54/tomcat-embed-websocket-8.5.6.jar
7f68b9f7e000-7f68b9f7f000 r--s 00000000 08:03 5923577                    /home/sharmila/.gradle/caches/modules-2/files-2.1/org.springframework.boot/spring-boot-starter-logging/1.4.3.RELEASE/1c58783c0694abf695babfd39829922d2d501ec2/spring-boot-starter-logging-1.4.3.RELEASE.jar
7f68b9f7f000-7f68b9f9d000 r--s 000d0000 08:03 5923576                    /home/sharmila/.gradle/caches/modules-2/files-2.1/org.springframework.boot/spring-boot-autoconfigure/1.4.3.RELEASE/41df1bfbdd4ae4e8499ebe1a4bc613bda316d6e1/spring-boot-autoconfigure-1.4.3.RELEASE.jar
7f68b9f9d000-7f68b9fad000 r--s 00092000 08:03 5923575                    /home/sharmila/.gradle/caches/modules-2/files-2.1/org.springframework.boot/spring-boot/1.4.3.RELEASE/17f94def4460075afdfba6bf8f897cd1fc95bf77/spring-boot-1.4.3.RELEASE.jar
7f68b9fad000-7f68b9fbc000 r--s 00084000 08:03 5923574                    /home/sharmila/.gradle/caches/modules-2/files-2.1/org.springframework/spring-test/4.3.5.RELEASE/a1965127e07b469d8e5bb3d2b0ff850423b66be4/spring-test-4.3.5.RELEASE.jar
7f68b9fbc000-7f68b9fd2000 r--s 000fa000 08:03 5923530                    /home/sharmila/.gradle/caches/modules-2/files-2.1/org.springframework/spring-core/4.3.5.RELEASE/80299e3f80e8c6d5c076db2ba6adf44a4b52f578/spring-core-4.3.5.RELEASE.jar
7f68b9fd2000-7f68b9fd3000 r--s 00006000 08:03 5916915                    /home/sharmila/.gradle/caches/modules-2/files-2.1/org.skyscreamer/jsonassert/1.3.0/d5c250eb122496866de36dc84f98e2945845ecdd/jsonassert-1.3.0.jar
7f68b9fd3000-7f68b9fd5000 r--s 00009000 08:03 5913472                    /home/sharmila/.gradle/caches/modules-2/files-2.1/org.hamcrest/hamcrest-core/1.3/42a25dc3219429f0e5d060061f71acb49bf010a0/hamcrest-core-1.3.jar
7f68b9fd5000-7f68b9ff1000 r--s 00103000 08:03 5916914                    /home/sharmila/.gradle/caches/modules-2/files-2.1/org.mockito/mockito-core/1.10.19/e8546f5bef4e061d8dd73895b4e8f40e3fe6effe/mockito-core-1.10.19.jar
7f68b9ff1000-7f68ba004000 r--s 000d2000 08:03 5916913                    /home/sharmila/.gradle/caches/modules-2/files-2.1/org.assertj/assertj-core/2.5.0/fcd21db4c5f33e5dcac69bf1816415fe0647582f/assertj-core-2.5.0.jar
7f68ba004000-7f68ba009000 r--s 0002e000 08:03 5916911                    /home/sharmila/.gradle/caches/modules-2/files-2.1/com.jayway.jsonpath/json-path/2.2.0/22290d17944bd239fabf5ac69005a60a7ecbbbcb/json-path-2.2.0.jar
7f68ba009000-7f68ba00e000 r--s 00017000 08:03 5923573                    /home/sharmila/.gradle/caches/modules-2/files-2.1/org.springframework.boot/spring-boot-test-autoconfigure/1.4.3.RELEASE/1a7587605e981a58104a501ab1896e2eb7a76686/spring-boot-test-autoconfigure-1.4.3.RELEASE.jar
7f68ba00e000-7f68ba013000 r--s 00021000 08:03 5923572                    /home/sharmila/.gradle/caches/modules-2/files-2.1/org.springframework.boot/spring-boot-test/1.4.3.RELEASE/2d76638f0f13b33859bf3b927c232ff0f8a4ffbf/spring-boot-test-1.4.3.RELEASE.jar
7f68ba013000-7f68ba019000 r--s 0003d000 08:03 5916762                    /home/sharmila/.gradle/caches/modules-2/files-2.1/org.yaml/snakeyaml/1.17/7a27ea250c5130b2922b86dea63cbb1cc10a660c/snakeyaml-1.17.jar
7f68ba019000-7f68ba01b000 r--s 00006000 08:03 5923638                    /home/sharmila/.gradle/caches/modules-2/files-2.1/com.beust/jcommander/1.12/7409692b48022f9eca7445861defbcdb9ee3c2a8/jcommander-1.12.jar
7f68ba01b000-7f68ba020000 r--s 00040000 08:03 5923637                    /home/sharmila/.gradle/caches/modules-2/files-2.1/org.beanshell/bsh/2.0b4/a05f0a0feefa8d8467ac80e16e7de071489f0d9c/bsh-2.0b4.jar
7f68ba020000-7f68ba028000 r--s 00045000 08:03 5913471                    /home/sharmila/.gradle/caches/modules-2/files-2.1/junit/junit/4.12/2973d150c0dc1fefe998f834810d68f278ea58ec/junit-4.12.jar
7f68ba028000-7f68ba02b000 r--s 0000c000 08:03 5923895                    /home/sharmila/.gradle/caches/modules-2/files-2.1/org.springframework/spring-aspects/4.3.5.RELEASE/8c00c15865a1da0a1ba143a50622a8436a56e097/spring-aspects-4.3.5.RELEASE.jar
7f68ba02b000-7f68ba031000 r--s 0003f000 08:03 5923894                    /home/sharmila/.gradle/caches/modules-2/files-2.1/org.springframework.data/spring-data-jpa/1.10.6.RELEASE/5d478860b24a493845248c1c336c33a657567bd3/spring-data-jpa-1.10.6.RELEASE.jar
7f68ba031000-7f68ba033000 r--s 00006000 08:03 5923893                    /home/sharmila/.gradle/caches/modules-2/files-2.1/javax.transaction/javax.transaction-api/1.2/d81aff979d603edd90dcd8db2abc1f4ce6479e3e/javax.transaction-api-1.2.jar
7f68ba033000-7f68ba040000 r--s 00089000 08:03 5923892                    /home/sharmila/.gradle/caches/modules-2/files-2.1/org.hibernate/hibernate-entitymanager/5.0.11.Final/549565caed4e0bcb816843693e66ff7b04ce025f/hibernate-entitymanager-5.0.11.Final.jar
7f68ba040000-7f68ba04a000 r--s 000ae000 08:03 5916958                    /home/sharmila/.gradle/caches/modules-2/files-2.1/org.javassist/javassist/3.20.0-GA/a9cbcdfb7e9f86fbc74d3afae65f2248bfbf82a0/javassist-3.20.0-GA.jar
7f68ba04a000-7f68ba04f000 r--s 00017000 08:03 5923828                    /home/sharmila/.gradle/caches/modules-2/files-2.1/org.hibernate.javax.persistence/hibernate-jpa-2.1-api/1.0.0.Final/5e731d961297e5a07290bfaf3db1fbc8bbbf405a/hibernate-jpa-2.1-api-1.0.0.Final.jar
7f68ba04f000-7f68ba0b8000 r--s 004f3000 08:03 5923432                    /home/sharmila/.gradle/caches/modules-2/files-2.1/org.hibernate/hibernate-core/5.0.11.Final/c2487fb72a2217a7cec9ab478d4c21a36fc09977/hibernate-core-5.0.11.Final.jar
7f68ba0b8000-7f68ba0cb000 r--s 00236000 08:03 5916949                    /home/sharmila/.gradle/caches/modules-2/files-2.1/org.eclipse.jdt.core.compiler/ecj/4.5.1/bee1367ac12fb6a20b422ff8711ebeb4f0a42316/ecj-4.5.1.jar
7f68ba0cb000-7f68ba0f4000 r--s 002b2000 08:03 5917540                    /home/sharmila/.gradle/caches/modules-2/files-2.1/org.apache.tomcat.embed/tomcat-embed-core/8.5.6/960834b5abc6b2135250487abf6c060a0fa5a22e/tomcat-embed-core-8.5.6.jar
7f68ba0f4000-7f68ba105000 r--s 000cf000 08:03 5923571                    /home/sharmila/.gradle/caches/modules-2/files-2.1/org.springframework/spring-webmvc/4.3.5.RELEASE/c624659217edab07d8279fb0f90462136f089220/spring-webmvc-4.3.5.RELEASE.jar
7f68ba105000-7f68ba106000 ---p 00000000 00:00 0 
7f68ba106000-7f68ba206000 rw-p 00000000 00:00 0                          [stack:6958]
7f68ba206000-7f68ba209000 ---p 00000000 00:00 0 
7f68ba209000-7f68ba307000 rw-p 00000000 00:00 0                          [stack:6957]
7f68ba307000-7f68ba30a000 ---p 00000000 00:00 0 
7f68ba30a000-7f68ba408000 rw-p 00000000 00:00 0                          [stack:6956]
7f68ba408000-7f68ba40b000 ---p 00000000 00:00 0 
7f68ba40b000-7f68ba509000 rw-p 00000000 00:00 0                          [stack:6955]
7f68ba509000-7f68ba50c000 ---p 00000000 00:00 0 
7f68ba50c000-7f68ba60a000 rw-p 00000000 00:00 0                          [stack:6954]
7f68ba60a000-7f68ba60d000 ---p 00000000 00:00 0 
7f68ba60d000-7f68ba70b000 rw-p 00000000 00:00 0                          [stack:6953]
7f68ba70b000-7f68badee000 r--p 00000000 08:03 3152909                    /usr/lib/locale/locale-archive
7f68badee000-7f68badf1000 ---p 00000000 00:00 0 
7f68badf1000-7f68baeef000 rw-p 00000000 00:00 0                          [stack:6952]
7f68baeef000-7f68baef2000 ---p 00000000 00:00 0 
7f68baef2000-7f68baff0000 rw-p 00000000 00:00 0                          [stack:6951]
7f68baff0000-7f68baff1000 ---p 00000000 00:00 0 
7f68baff1000-7f68bc000000 rw-p 00000000 00:00 0                          [stack:6950]
7f68bc000000-7f68bc021000 rw-p 00000000 00:00 0 
7f68bc021000-7f68c0000000 ---p 00000000 00:00 0 
7f68c0000000-7f68c0021000 rw-p 00000000 00:00 0 
7f68c0021000-7f68c4000000 ---p 00000000 00:00 0 
7f68c4000000-7f68c4021000 rw-p 00000000 00:00 0 
7f68c4021000-7f68c8000000 ---p 00000000 00:00 0 
7f68c8000000-7f68d1000000 rw-p 00000000 00:00 0 
7f68d1000000-7f68d1c60000 rwxp 00000000 00:00 0 
7f68d1c60000-7f68e0000000 ---p 00000000 00:00 0 
7f68e0000000-7f68e198a000 rw-p 00000000 00:00 0 
7f68e198a000-7f68e4000000 ---p 00000000 00:00 0 
7f68e4000000-7f68e4001000 r--s 0000c000 08:03 5916912                    /home/sharmila/.gradle/caches/modules-2/files-2.1/org.hamcrest/hamcrest-library/1.3/4785a3c21320980282f9f33d0d1264a69040538f/hamcrest-library-1.3.jar
7f68e4001000-7f68e4002000 r--s 00000000 08:03 5923891                    /home/sharmila/.gradle/caches/modules-2/files-2.1/org.springframework.boot/spring-boot-starter-jdbc/1.4.3.RELEASE/7ce66cf27ea731189248be7af2ab84ba189e1151/spring-boot-starter-jdbc-1.4.3.RELEASE.jar
7f68e4002000-7f68e4003000 r--s 00000000 08:03 5923890                    /home/sharmila/.gradle/caches/modules-2/files-2.1/org.springframework.boot/spring-boot-starter-aop/1.4.3.RELEASE/30b11b6455bed446d3b4a1a49fab529b2cfac454/spring-boot-starter-aop-1.4.3.RELEASE.jar
7f68e4003000-7f68e4005000 r--s 0000f000 08:03 5916917                    /home/sharmila/.gradle/caches/modules-2/files-2.1/org.jboss.logging/jboss-logging/3.3.0.Final/3616bb87707910296e2c195dc016287080bba5af/jboss-logging-3.3.0.Final.jar
7f68e4005000-7f68e400a000 r--s 00036000 08:03 5917541                    /home/sharmila/.gradle/caches/modules-2/files-2.1/org.apache.tomcat.embed/tomcat-embed-el/8.5.6/a102298d8dc72f4065533d5962953d753b172602/tomcat-embed-el-8.5.6.jar
7f68e400a000-7f68e401c000 r--s 000b6000 08:03 5923570                    /home/sharmila/.gradle/caches/modules-2/files-2.1/org.springframework/spring-web/4.3.5.RELEASE/6641daccf2fddafc8358144f3a4f999130fdf144/spring-web-4.3.5.RELEASE.jar
7f68e401c000-7f68e402d000 r--s 0011d000 08:03 5923569                    /home/sharmila/.gradle/caches/modules-2/files-2.1/com.fasterxml.jackson.core/jackson-databind/2.8.5/b3035f37e674c04dafe36a660c3815cc59f764e2/jackson-databind-2.8.5.jar
7f68e402d000-7f68e403d000 r--s 0009c000 08:03 5916756                    /home/sharmila/.gradle/caches/modules-2/files-2.1/org.hibernate/hibernate-validator/5.2.4.Final/fb18766b576aa6632bcfe9a20a023cbd52bf9769/hibernate-validator-5.2.4.Final.jar
7f68e403d000-7f68e403e000 r--s 00000000 08:03 5923568                    /home/sharmila/.gradle/caches/modules-2/files-2.1/org.springframework.boot/spring-boot-starter-tomcat/1.4.3.RELEASE/61c48035a7a3b06b42fdd07b7109e562077b3792/spring-boot-starter-tomcat-1.4.3.RELEASE.jar
7f68e403e000-7f68e404a000 r--s 000a4000 08:03 5923636                    /home/sharmila/.gradle/caches/modules-2/files-2.1/org.testng/testng/6.5.2/5069d2e72356ed87645c5fc3622b0bbb5e0667c9/testng-6.5.2.jar
7f68e404a000-7f68e413e000 rw-p 00000000 00:00 0 
7f68e413e000-7f68e4317000 r--s 03d3e000 08:03 3569606                    /usr/lib/jvm/java-8-oracle/jre/lib/rt.jar
7f68e4317000-7f68e438d000 rw-p 00000000 00:00 0 
7f68e438d000-7f68e438e000 ---p 00000000 00:00 0 
7f68e438e000-7f68e448e000 rw-p 00000000 00:00 0                          [stack:6949]
7f68e448e000-7f68e448f000 ---p 00000000 00:00 0 
7f68e448f000-7f68e458f000 rw-p 00000000 00:00 0                          [stack:6948]
7f68e458f000-7f68e4590000 ---p 00000000 00:00 0 
7f68e4590000-7f68e4690000 rw-p 00000000 00:00 0                          [stack:6947]
7f68e4690000-7f68e4691000 ---p 00000000 00:00 0 
7f68e4691000-7f68e48e7000 rw-p 00000000 00:00 0                          [stack:6946]
7f68e48e7000-7f68e4ce7000 ---p 00000000 00:00 0 
7f68e4ce7000-7f68e4e3d000 rw-p 00000000 00:00 0 
7f68e4e3d000-7f68e523c000 ---p 00000000 00:00 0 
7f68e523c000-7f68e5355000 rw-p 00000000 00:00 0 
7f68e5355000-7f68e54e7000 ---p 00000000 00:00 0 
7f68e54e7000-7f68e551a000 rw-p 00000000 00:00 0 
7f68e551a000-7f68e58a8000 ---p 00000000 00:00 0 
7f68e58a8000-7f68e58c2000 r-xp 00000000 08:03 4870864                    /usr/lib/jvm/java-8-oracle/jre/lib/amd64/libzip.so
7f68e58c2000-7f68e5ac2000 ---p 0001a000 08:03 4870864                    /usr/lib/jvm/java-8-oracle/jre/lib/amd64/libzip.so
7f68e5ac2000-7f68e5ac3000 rw-p 0001a000 08:03 4870864                    /usr/lib/jvm/java-8-oracle/jre/lib/amd64/libzip.so
7f68e5ac3000-7f68e5acd000 r-xp 00000000 08:03 4070135                    /lib/x86_64-linux-gnu/libnss_files-2.19.so
7f68e5acd000-7f68e5ccc000 ---p 0000a000 08:03 4070135                    /lib/x86_64-linux-gnu/libnss_files-2.19.so
7f68e5ccc000-7f68e5ccd000 r--p 00009000 08:03 4070135                    /lib/x86_64-linux-gnu/libnss_files-2.19.so
7f68e5ccd000-7f68e5cce000 rw-p 0000a000 08:03 4070135                    /lib/x86_64-linux-gnu/libnss_files-2.19.so
7f68e5cce000-7f68e5cd9000 r-xp 00000000 08:03 4070127                    /lib/x86_64-linux-gnu/libnss_nis-2.19.so
7f68e5cd9000-7f68e5ed8000 ---p 0000b000 08:03 4070127                    /lib/x86_64-linux-gnu/libnss_nis-2.19.so
7f68e5ed8000-7f68e5ed9000 r--p 0000a000 08:03 4070127                    /lib/x86_64-linux-gnu/libnss_nis-2.19.so
7f68e5ed9000-7f68e5eda000 rw-p 0000b000 08:03 4070127                    /lib/x86_64-linux-gnu/libnss_nis-2.19.so
7f68e5eda000-7f68e5ef1000 r-xp 00000000 08:03 4070123                    /lib/x86_64-linux-gnu/libnsl-2.19.so
7f68e5ef1000-7f68e60f0000 ---p 00017000 08:03 4070123                    /lib/x86_64-linux-gnu/libnsl-2.19.so
7f68e60f0000-7f68e60f1000 r--p 00016000 08:03 4070123                    /lib/x86_64-linux-gnu/libnsl-2.19.so
7f68e60f1000-7f68e60f2000 rw-p 00017000 08:03 4070123                    /lib/x86_64-linux-gnu/libnsl-2.19.so
7f68e60f2000-7f68e60f4000 rw-p 00000000 00:00 0 
7f68e60f4000-7f68e60fd000 r-xp 00000000 08:03 4070122                    /lib/x86_64-linux-gnu/libnss_compat-2.19.so
7f68e60fd000-7f68e62fc000 ---p 00009000 08:03 4070122                    /lib/x86_64-linux-gnu/libnss_compat-2.19.so
7f68e62fc000-7f68e62fd000 r--p 00008000 08:03 4070122                    /lib/x86_64-linux-gnu/libnss_compat-2.19.so
7f68e62fd000-7f68e62fe000 rw-p 00009000 08:03 4070122                    /lib/x86_64-linux-gnu/libnss_compat-2.19.so
7f68e62fe000-7f68e6329000 r-xp 00000000 08:03 4870782                    /usr/lib/jvm/java-8-oracle/jre/lib/amd64/libjava.so
7f68e6329000-7f68e6528000 ---p 0002b000 08:03 4870782                    /usr/lib/jvm/java-8-oracle/jre/lib/amd64/libjava.so
7f68e6528000-7f68e652a000 rw-p 0002a000 08:03 4870782                    /usr/lib/jvm/java-8-oracle/jre/lib/amd64/libjava.so
7f68e652a000-7f68e6537000 r-xp 00000000 08:03 4870821                    /usr/lib/jvm/java-8-oracle/jre/lib/amd64/libverify.so
7f68e6537000-7f68e6736000 ---p 0000d000 08:03 4870821                    /usr/lib/jvm/java-8-oracle/jre/lib/amd64/libverify.so
7f68e6736000-7f68e6738000 rw-p 0000c000 08:03 4870821                    /usr/lib/jvm/java-8-oracle/jre/lib/amd64/libverify.so
7f68e6738000-7f68e673f000 r-xp 00000000 08:03 4070131                    /lib/x86_64-linux-gnu/librt-2.19.so
7f68e673f000-7f68e693e000 ---p 00007000 08:03 4070131                    /lib/x86_64-linux-gnu/librt-2.19.so
7f68e693e000-7f68e693f000 r--p 00006000 08:03 4070131                    /lib/x86_64-linux-gnu/librt-2.19.so
7f68e693f000-7f68e6940000 rw-p 00007000 08:03 4070131                    /lib/x86_64-linux-gnu/librt-2.19.so
7f68e6940000-7f68e6a45000 r-xp 00000000 08:03 4070117                    /lib/x86_64-linux-gnu/libm-2.19.so
7f68e6a45000-7f68e6c44000 ---p 00105000 08:03 4070117                    /lib/x86_64-linux-gnu/libm-2.19.so
7f68e6c44000-7f68e6c45000 r--p 00104000 08:03 4070117                    /lib/x86_64-linux-gnu/libm-2.19.so
7f68e6c45000-7f68e6c46000 rw-p 00105000 08:03 4070117                    /lib/x86_64-linux-gnu/libm-2.19.so
7f68e6c46000-7f68e7914000 r-xp 00000000 08:03 5260205                    /usr/lib/jvm/java-8-oracle/jre/lib/amd64/server/libjvm.so
7f68e7914000-7f68e7b14000 ---p 00cce000 08:03 5260205                    /usr/lib/jvm/java-8-oracle/jre/lib/amd64/server/libjvm.so
7f68e7b14000-7f68e7bed000 rw-p 00cce000 08:03 5260205                    /usr/lib/jvm/java-8-oracle/jre/lib/amd64/server/libjvm.so
7f68e7bed000-7f68e7c38000 rw-p 00000000 00:00 0 
7f68e7c38000-7f68e7df2000 r-xp 00000000 08:03 4070132                    /lib/x86_64-linux-gnu/libc-2.19.so
7f68e7df2000-7f68e7ff2000 ---p 001ba000 08:03 4070132                    /lib/x86_64-linux-gnu/libc-2.19.so
7f68e7ff2000-7f68e7ff6000 r--p 001ba000 08:03 4070132                    /lib/x86_64-linux-gnu/libc-2.19.so
7f68e7ff6000-7f68e7ff8000 rw-p 001be000 08:03 4070132                    /lib/x86_64-linux-gnu/libc-2.19.so
7f68e7ff8000-7f68e7ffd000 rw-p 00000000 00:00 0 
7f68e7ffd000-7f68e8000000 r-xp 00000000 08:03 4070119                    /lib/x86_64-linux-gnu/libdl-2.19.so
7f68e8000000-7f68e81ff000 ---p 00003000 08:03 4070119                    /lib/x86_64-linux-gnu/libdl-2.19.so
7f68e81ff000-7f68e8200000 r--p 00002000 08:03 4070119                    /lib/x86_64-linux-gnu/libdl-2.19.so
7f68e8200000-7f68e8201000 rw-p 00003000 08:03 4070119                    /lib/x86_64-linux-gnu/libdl-2.19.so
7f68e8201000-7f68e8216000 r-xp 00000000 08:03 3555343                    /usr/lib/jvm/java-8-oracle/lib/amd64/jli/libjli.so
7f68e8216000-7f68e8416000 ---p 00015000 08:03 3555343                    /usr/lib/jvm/java-8-oracle/lib/amd64/jli/libjli.so
7f68e8416000-7f68e8417000 rw-p 00015000 08:03 3555343                    /usr/lib/jvm/java-8-oracle/lib/amd64/jli/libjli.so
7f68e8417000-7f68e8430000 r-xp 00000000 08:03 4070124                    /lib/x86_64-linux-gnu/libpthread-2.19.so
7f68e8430000-7f68e862f000 ---p 00019000 08:03 4070124                    /lib/x86_64-linux-gnu/libpthread-2.19.so
7f68e862f000-7f68e8630000 r--p 00018000 08:03 4070124                    /lib/x86_64-linux-gnu/libpthread-2.19.so
7f68e8630000-7f68e8631000 rw-p 00019000 08:03 4070124                    /lib/x86_64-linux-gnu/libpthread-2.19.so
7f68e8631000-7f68e8635000 rw-p 00000000 00:00 0 
7f68e8635000-7f68e8658000 r-xp 00000000 08:03 4070125                    /lib/x86_64-linux-gnu/ld-2.19.so
7f68e8658000-7f68e8659000 r--s 00000000 08:03 5923567                    /home/sharmila/.gradle/caches/modules-2/files-2.1/org.springframework.boot/spring-boot-starter/1.4.3.RELEASE/c99bad104719e947b3f9aa2b7569583805e4c5d5/spring-boot-starter-1.4.3.RELEASE.jar
7f68e8659000-7f68e865a000 r--s 00000000 08:03 5923566                    /home/sharmila/.gradle/caches/modules-2/files-2.1/org.springframework.boot/spring-boot-starter-test/1.4.3.RELEASE/6e9f1dbd3f68299c0183630ef07ca430de160050/spring-boot-starter-test-1.4.3.RELEASE.jar
7f68e865a000-7f68e865b000 r--s 00000000 08:03 5923889                    /home/sharmila/.gradle/caches/modules-2/files-2.1/org.springframework.boot/spring-boot-starter-data-jpa/1.4.3.RELEASE/ffda06c2144d10239014407333c223a237b73ad7/spring-boot-starter-data-jpa-1.4.3.RELEASE.jar
7f68e865b000-7f68e872e000 rw-p 00000000 00:00 0 
7f68e872e000-7f68e8731000 ---p 00000000 00:00 0 
7f68e8731000-7f68e8833000 rw-p 00000000 00:00 0                          [stack:6945]
7f68e8833000-7f68e8834000 r--s 00003000 08:03 5923431                    /home/sharmila/.gradle/caches/modules-2/files-2.1/org.hibernate/hibernate-gradle-plugin/5.2.3.Final/db2ad8695e48a03a566b74fb5fc07c1732c1f5e5/hibernate-gradle-plugin-5.2.3.Final.jar
7f68e8834000-7f68e8839000 r--s 00309000 08:03 5923826                    /home/sharmila/.gradle/caches/modules-2/files-2.1/org.xerial/sqlite-jdbc/3.7.2/7a3d67f00508d3881650579f7f228c61bfc1b196/sqlite-jdbc-3.7.2.jar
7f68e8839000-7f68e8842000 r--s 00095000 08:03 5913393                    /home/sharmila/.gradle/caches/modules-2/files-2.1/org.apache.tomcat.embed/tomcat-embed-jasper/9.0.0.M11/e2cd5a7038094195c3163532e01daf051d9265fe/tomcat-embed-jasper-9.0.0.M11.jar
7f68e8842000-7f68e8843000 r--s 00000000 08:03 5923565                    /home/sharmila/.gradle/caches/modules-2/files-2.1/org.springframework.boot/spring-boot-starter-web/1.4.3.RELEASE/a0dcc919eda8e8ecb6f13f52a30e6afbb8266103/spring-boot-starter-web-1.4.3.RELEASE.jar
7f68e8843000-7f68e884b000 r--s 00046000 08:03 3828792                    /home/sharmila/Downloads/IDE/sts 3.6.4/sts-bundle/sts-3.6.4.RELEASE/plugins/org.testng.eclipse_6.10.0.201612030230/lib/testng-remote.jar
7f68e884b000-7f68e8853000 rw-s 00000000 08:03 5923498                    /tmp/hsperfdata_sharmila/6940
7f68e8853000-7f68e8854000 rw-p 00000000 00:00 0 
7f68e8854000-7f68e8855000 r--p 00000000 00:00 0 
7f68e8855000-7f68e8857000 rw-p 00000000 00:00 0 
7f68e8857000-7f68e8858000 r--p 00022000 08:03 4070125                    /lib/x86_64-linux-gnu/ld-2.19.so
7f68e8858000-7f68e8859000 rw-p 00023000 08:03 4070125                    /lib/x86_64-linux-gnu/ld-2.19.so
7f68e8859000-7f68e885a000 rw-p 00000000 00:00 0 
7ffda7cb6000-7ffda7cda000 rw-p 00000000 00:00 0                          [stack]
7ffda7d5b000-7ffda7d5d000 r-xp 00000000 00:00 0                          [vdso]
ffffffffff600000-ffffffffff601000 r-xp 00000000 00:00 0                  [vsyscall]

VM Arguments:
jvm_args: -ea -Xms1024m -Xmx4096m -Dfile.encoding=UTF-8 
java_command: org.testng.remote.RemoteTestNG -serport 54467 -protocol json -d /home/sharmila/Documents/work-office/TestNG_Project/test-output /tmp/testng-eclipse-416531501/testng-customsuite.xml
java_class_path (initial): /home/sharmila/Downloads/IDE/sts 3.6.4/sts-bundle/sts-3.6.4.RELEASE/plugins/org.testng.eclipse_6.10.0.201612030230/lib/testng-remote.jar:/home/sharmila/Documents/work-office/TestNG_Project/bin:/home/sharmila/.gradle/caches/modules-2/files-2.1/org.springframework.boot/spring-boot-starter-web/1.4.3.RELEASE/a0dcc919eda8e8ecb6f13f52a30e6afbb8266103/spring-boot-starter-web-1.4.3.RELEASE.jar:/home/sharmila/.gradle/caches/modules-2/files-2.1/org.apache.tomcat.embed/tomcat-embed-jasper/9.0.0.M11/e2cd5a7038094195c3163532e01daf051d9265fe/tomcat-embed-jasper-9.0.0.M11.jar:/home/sharmila/.gradle/caches/modules-2/files-2.1/org.xerial/sqlite-jdbc/3.7.2/7a3d67f00508d3881650579f7f228c61bfc1b196/sqlite-jdbc-3.7.2.jar:/home/sharmila/.gradle/caches/modules-2/files-2.1/org.hibernate/hibernate-gradle-plugin/5.2.3.Final/db2ad8695e48a03a566b74fb5fc07c1732c1f5e5/hibernate-gradle-plugin-5.2.3.Final.jar:/home/sharmila/.gradle/caches/modules-2/files-2.1/org.springframework.boot/spring-boot-starter-data-jpa/1.4.3.RELEASE/ffda06c2144d10239014407333c223a237b73ad7/spring-boot-starter-data-jpa-1.4.3.RELEASE.jar:/home/sharmila/.gradle/caches/modules-2/files-2.1/org.testng/testng/6.5.2/5069d2e72356ed87645c5fc3622b0bbb5e0667c9/testng-6.5.2.jar:/home/sharmila/.gradle/caches/modules-2/files-2.1/org.springframework.boot/spring-boot-starter-test/1.4.3.RELEASE/6e9f1dbd3f68299c0183630ef07ca430de160050/spring-boot-starter-test-1.4.3.RELEASE.jar:/home/sharmila/.gradle/caches/modules-2/files-2.1/org.springframework.boot/spring-boot-starter/1.4.3.RELEASE/c99bad104719e947b3f9aa2b7569583805e4c5d5/spring-boot-starter-1.4.3.RELEASE.jar:/home/sharmila/.gradle/caches/modules-2/files-2.1/org.springframework.boot/spring-boot-starter-tomcat/1.4.3.RELEASE/61c48035a7a3b06b42fdd07b7109e562077b3792/spring-boot-starter-tomcat-1.4.3.RELEASE.jar:/home/sharmila/.gradle/caches/modules-2/files-2.1/org.hibernate/hibernate-validator/5.2.4.Final/fb18766b576aa6632bcfe9a20a023cbd52bf9769/hibernate-validat
Launcher Type: SUN_STANDARD

Environment Variables:
JAVA_HOME=/usr/lib/jvm/java-8-oracle
PATH=/usr/local/sbin:/usr/local/bin:/usr/sbin:/usr/bin:/sbin:/bin:/usr/games:/usr/local/games:/usr/lib/jvm/java-8-oracle/bin:/usr/lib/jvm/java-8-oracle/db/bin:/usr/lib/jvm/java-8-oracle/jre/bin
SHELL=/bin/bash
DISPLAY=:0.0

Signal Handlers:
SIGSEGV: [libjvm.so+0xac78c0], sa_mask[0]=11111111011111111101111111111110, sa_flags=SA_RESTART|SA_SIGINFO
SIGBUS: [libjvm.so+0xac78c0], sa_mask[0]=11111111011111111101111111111110, sa_flags=SA_RESTART|SA_SIGINFO
SIGFPE: [libjvm.so+0x920ac0], sa_mask[0]=11111111011111111101111111111110, sa_flags=SA_RESTART|SA_SIGINFO
SIGPIPE: [libjvm.so+0x920ac0], sa_mask[0]=11111111011111111101111111111110, sa_flags=SA_RESTART|SA_SIGINFO
SIGXFSZ: [libjvm.so+0x920ac0], sa_mask[0]=11111111011111111101111111111110, sa_flags=SA_RESTART|SA_SIGINFO
SIGILL: [libjvm.so+0x920ac0], sa_mask[0]=11111111011111111101111111111110, sa_flags=SA_RESTART|SA_SIGINFO
SIGUSR1: SIG_DFL, sa_mask[0]=00000000000000000000000000000000, sa_flags=none
SIGUSR2: [libjvm.so+0x922300], sa_mask[0]=00100000000000000000000000000000, sa_flags=SA_RESTART|SA_SIGINFO
SIGHUP: [libjvm.so+0x923700], sa_mask[0]=11111111011111111101111111111110, sa_flags=SA_RESTART|SA_SIGINFO
SIGINT: [libjvm.so+0x923700], sa_mask[0]=11111111011111111101111111111110, sa_flags=SA_RESTART|SA_SIGINFO
SIGTERM: [libjvm.so+0x923700], sa_mask[0]=11111111011111111101111111111110, sa_flags=SA_RESTART|SA_SIGINFO
SIGQUIT: [libjvm.so+0x923700], sa_mask[0]=11111111011111111101111111111110, sa_flags=SA_RESTART|SA_SIGINFO


---------------  S Y S T E M  ---------------

OS:DISTRIB_ID=Ubuntu
DISTRIB_RELEASE=14.04
DISTRIB_CODENAME=trusty
DISTRIB_DESCRIPTION="Ubuntu 14.04.5 LTS"

uname:Linux 3.13.0-107-generic #154-Ubuntu SMP Tue Dec 20 09:57:27 UTC 2016 x86_64
libc:glibc 2.19 NPTL 2.19 
rlimit: STACK 8192k, CORE 0k, NPROC 30712, NOFILE 4096, AS infinity
load average:2.23 1.33 0.92

/proc/meminfo:
MemTotal:        3953548 kB
MemFree:          146888 kB
Buffers:            5828 kB
Cached:           552936 kB
SwapCached:       135288 kB
Active:          2456820 kB
Inactive:        1126684 kB
Active(anon):    2344428 kB
Inactive(anon):  1001576 kB
Active(file):     112392 kB
Inactive(file):   125108 kB
Unevictable:         208 kB
Mlocked:             208 kB
SwapTotal:       7999484 kB
SwapFree:        7551932 kB
Dirty:              3532 kB
Writeback:             0 kB
AnonPages:       2934148 kB
Mapped:           254944 kB
Shmem:            321216 kB
Slab:              94540 kB
SReclaimable:      54892 kB
SUnreclaim:        39648 kB
KernelStack:        5920 kB
PageTables:        51776 kB
NFS_Unstable:          0 kB
Bounce:                0 kB
WritebackTmp:          0 kB
CommitLimit:     9976256 kB
Committed_AS:    9467280 kB
VmallocTotal:   34359738367 kB
VmallocUsed:      401000 kB
VmallocChunk:   34359326684 kB
HardwareCorrupted:     0 kB
AnonHugePages:   1378304 kB
HugePages_Total:       0
HugePages_Free:        0
HugePages_Rsvd:        0
HugePages_Surp:        0
Hugepagesize:       2048 kB
DirectMap4k:       92332 kB
DirectMap2M:     2959360 kB
DirectMap1G:     1048576 kB


CPU:total 4 (2 cores per cpu, 2 threads per core) family 6 model 69 stepping 1, cmov, cx8, fxsr, mmx, sse, sse2, sse3, ssse3, sse4.1, sse4.2, popcnt, avx, avx2, aes, clmul, erms, lzcnt, ht, tsc, tscinvbit, bmi1, bmi2

/proc/cpuinfo:
processor	: 0
vendor_id	: GenuineIntel
cpu family	: 6
model		: 69
model name	: Intel(R) Core(TM) i5-4200U CPU @ 1.60GHz
stepping	: 1
microcode	: 0x17
cpu MHz		: 1600.000
cache size	: 3072 KB
physical id	: 0
siblings	: 4
core id		: 0
cpu cores	: 2
apicid		: 0
initial apicid	: 0
fpu		: yes
fpu_exception	: yes
cpuid level	: 13
wp		: yes
flags		: fpu vme de pse tsc msr pae mce cx8 apic sep mtrr pge mca cmov pat pse36 clflush dts acpi mmx fxsr sse sse2 ss ht tm pbe syscall nx pdpe1gb rdtscp lm constant_tsc arch_perfmon pebs bts rep_good nopl xtopology nonstop_tsc aperfmperf eagerfpu pni pclmulqdq dtes64 monitor ds_cpl vmx est tm2 ssse3 fma cx16 xtpr pdcm pcid sse4_1 sse4_2 movbe popcnt tsc_deadline_timer aes xsave avx f16c rdrand lahf_lm abm ida arat epb xsaveopt pln pts dtherm tpr_shadow vnmi flexpriority ept vpid fsgsbase tsc_adjust bmi1 avx2 smep bmi2 erms invpcid
bogomips	: 4589.73
clflush size	: 64
cache_alignment	: 64
address sizes	: 39 bits physical, 48 bits virtual
power management:

processor	: 1
vendor_id	: GenuineIntel
cpu family	: 6
model		: 69
model name	: Intel(R) Core(TM) i5-4200U CPU @ 1.60GHz
stepping	: 1
microcode	: 0x17
cpu MHz		: 1600.000
cache size	: 3072 KB
physical id	: 0
siblings	: 4
core id		: 0
cpu cores	: 2
apicid		: 1
initial apicid	: 1
fpu		: yes
fpu_exception	: yes
cpuid level	: 13
wp		: yes
flags		: fpu vme de pse tsc msr pae mce cx8 apic sep mtrr pge mca cmov pat pse36 clflush dts acpi mmx fxsr sse sse2 ss ht tm pbe syscall nx pdpe1gb rdtscp lm constant_tsc arch_perfmon pebs bts rep_good nopl xtopology nonstop_tsc aperfmperf eagerfpu pni pclmulqdq dtes64 monitor ds_cpl vmx est tm2 ssse3 fma cx16 xtpr pdcm pcid sse4_1 sse4_2 movbe popcnt tsc_deadline_timer aes xsave avx f16c rdrand lahf_lm abm ida arat epb xsaveopt pln pts dtherm tpr_shadow vnmi flexpriority ept vpid fsgsbase tsc_adjust bmi1 avx2 smep bmi2 erms invpcid
bogomips	: 4589.73
clflush size	: 64
cache_alignment	: 64
address sizes	: 39 bits physical, 48 bits virtual
power management:

processor	: 2
vendor_id	: GenuineIntel
cpu family	: 6
model		: 69
model name	: Intel(R) Core(TM) i5-4200U CPU @ 1.60GHz
stepping	: 1
microcode	: 0x17
cpu MHz		: 759.000
cache size	: 3072 KB
physical id	: 0
siblings	: 4
core id		: 1
cpu cores	: 2
apicid		: 2
initial apicid	: 2
fpu		: yes
fpu_exception	: yes
cpuid level	: 13
wp		: yes
flags		: fpu vme de pse tsc msr pae mce cx8 apic sep mtrr pge mca cmov pat pse36 clflush dts acpi mmx fxsr sse sse2 ss ht tm pbe syscall nx pdpe1gb rdtscp lm constant_tsc arch_perfmon pebs bts rep_good nopl xtopology nonstop_tsc aperfmperf eagerfpu pni pclmulqdq dtes64 monitor ds_cpl vmx est tm2 ssse3 fma cx16 xtpr pdcm pcid sse4_1 sse4_2 movbe popcnt tsc_deadline_timer aes xsave avx f16c rdrand lahf_lm abm ida arat epb xsaveopt pln pts dtherm tpr_shadow vnmi flexpriority ept vpid fsgsbase tsc_adjust bmi1 avx2 smep bmi2 erms invpcid
bogomips	: 4589.73
clflush size	: 64
cache_alignment	: 64
address sizes	: 39 bits physical, 48 bits virtual
power management:

processor	: 3
vendor_id	: GenuineIntel
cpu family	: 6
model		: 69
model name	: Intel(R) Core(TM) i5-4200U CPU @ 1.60GHz
stepping	: 1
microcode	: 0x17
cpu MHz		: 1600.000
cache size	: 3072 KB
physical id	: 0
siblings	: 4
core id		: 1
cpu cores	: 2
apicid		: 3
initial apicid	: 3
fpu		: yes
fpu_exception	: yes
cpuid level	: 13
wp		: yes
flags		: fpu vme de pse tsc msr pae mce cx8 apic sep mtrr pge mca cmov pat pse36 clflush dts acpi mmx fxsr sse sse2 ss ht tm pbe syscall nx pdpe1gb rdtscp lm constant_tsc arch_perfmon pebs bts rep_good nopl xtopology nonstop_tsc aperfmperf eagerfpu pni pclmulqdq dtes64 monitor ds_cpl vmx est tm2 ssse3 fma cx16 xtpr pdcm pcid sse4_1 sse4_2 movbe popcnt tsc_deadline_timer aes xsave avx f16c rdrand lahf_lm abm ida arat epb xsaveopt pln pts dtherm tpr_shadow vnmi flexpriority ept vpid fsgsbase tsc_adjust bmi1 avx2 smep bmi2 erms invpcid
bogomips	: 4589.73
clflush size	: 64
cache_alignment	: 64
address sizes	: 39 bits physical, 48 bits virtual
power management:



Memory: 4k page, physical 3953548k(146888k free), swap 7999484k(7551932k free)

vm_info: Java HotSpot(TM) 64-Bit Server VM (25.121-b13) for linux-amd64 JRE (1.8.0_121-b13), built on Dec 12 2016 16:36:53 by "java_re" with gcc 4.3.0 20080428 (Red Hat 4.3.0-8)

time: Mon Jan 23 21:26:35 2017
elapsed time: 10 seconds (0d 0h 0m 10s)

