#
# A fatal error has been detected by the Java Runtime Environment:
#
#  SIGSEGV (0xb) at pc=0x00007fe7ec1fa118, pid=3937, tid=0x00007fe7ed700700
#
# JRE version: Java(TM) SE Runtime Environment (8.0_121-b13) (build 1.8.0_121-b13)
# Java VM: Java HotSpot(TM) 64-Bit Server VM (25.121-b13 mixed mode linux-amd64 compressed oops)
# Problematic frame:
# V  [libjvm.so+0x6e2118]  jni_GetStringUTFChars+0xb8
#
# Failed to write core dump. Core dumps have been disabled. To enable core dumping, try "ulimit -c unlimited" before starting Java again
#
# If you would like to submit a bug report, please visit:
#   http://bugreport.java.com/bugreport/crash.jsp
#

---------------  T H R E A D  ---------------

Current thread (0x00007fe7e4010000):  JavaThread "main" [_thread_in_vm, id=3943, stack(0x00007fe7ed600000,0x00007fe7ed701000)]

siginfo: si_signo: 11 (SIGSEGV), si_code: 1 (SEGV_MAPERR), si_addr: 0x0000000000000000

Registers:
RAX=0x00007fe7ecacf550, RBX=0x0000000000000000, RCX=0x000000076ab81ac0, RDX=0x00007fe7ecadd9e0
RSP=0x00007fe7ed6fab00, RBP=0x00007fe7ed6faba0, RSI=0x00007fe7e4010000, RDI=0x00007fe7ed6fab40
R8 =0x00007fe7d5012c80, R9 =0x000000076ab81ac0, R10=0x0000000000000178, R11=0x00007fe7ecadd9e8
R12=0x00007fe7e4010000, R13=0x0000000000000000, R14=0x00007fe7ed6fac78, R15=0x00007fe7ed6fab40
RIP=0x00007fe7ec1fa118, EFLAGS=0x0000000000010246, CSGSFS=0x0000000000000033, ERR=0x0000000000000004
  TRAPNO=0x000000000000000e

Top of Stack: (sp=0x00007fe7ed6fab00)
0x00007fe7ed6fab00:   00007fe7ed6fabc8 0000000000000000
0x00007fe7ed6fab10:   00007fe7d510cbc0 00007fe7ecadf800
0x00007fe7ed6fab20:   00007fe7ed6fb198 00007fe7d5012c80
0x00007fe7ed6fab30:   0000000776a667a0 0000000050200030
0x00007fe7ed6fab40:   00007fe7e4010000 0000000000000000
0x00007fe7ed6fab50:   00007fe7e825f480 00007fe7d50082bd
0x00007fe7ed6fab60:   00007fe7e4010000 0000000776a667a0
0x00007fe7ed6fab70:   00007fe7ed6fac10 00007fe7bc883038
0x00007fe7ed6fab80:   00007fe7e4be9cf8 0000000000000000
0x00007fe7ed6fab90:   00007fe7ed6fac78 00007fe7e4010000
0x00007fe7ed6faba0:   00007fe7e40101f8 00007fe7bc5ec2b0
0x00007fe7ed6fabb0:   00007fe7ed6fac10 00007fe7d50082bd
0x00007fe7ed6fabc0:   00007fe7bc883038 00007fe7ed6fac50
0x00007fe7ed6fabd0:   0000000000000000 00007fe7bc883030
0x00007fe7ed6fabe0:   00007fe7ed6fac78 00007fe7d50184cf
0x00007fe7ed6fabf0:   0000000000000000 00007fe7bc8928b0
0x00007fe7ed6fac00:   0000000000000000 000000076ab81ac0
0x00007fe7ed6fac10:   00007fe7ed6fac00 0000000000000000
0x00007fe7ed6fac20:   00007fe7ed6fac78 00007fe7bc889990
0x00007fe7ed6fac30:   0000000000000000 00007fe7bc883038
0x00007fe7ed6fac40:   0000000000000000 00007fe7ed6fac70
0x00007fe7ed6fac50:   00007fe7ed6facd8 00007fe7d5007dd0
0x00007fe7ed6fac60:   0000000000000000 00007fe7d5011537
0x00007fe7ed6fac70:   0000000000000000 000000076ab81ac0
0x00007fe7ed6fac80:   0000000776a66740 0000000776a667a0
0x00007fe7ed6fac90:   000000076ab81ac0 00007fe7ed6fac88
0x00007fe7ed6faca0:   00007fe7bc8868fd 00007fe7ed6facf0
0x00007fe7ed6facb0:   00007fe7bc8891e0 0000000000000000
0x00007fe7ed6facc0:   00007fe7bc886948 00007fe7ed6fac70
0x00007fe7ed6facd0:   00007fe7ed6face8 00007fe7ed6fad38
0x00007fe7ed6face0:   00007fe7d50082bd 0000000776a66740
0x00007fe7ed6facf0:   000000076ab81ac0 00007fe7ed6facf8 

Instructions: (pc=0x00007fe7ec1fa118)
0x00007fe7ec1fa0f8:   84 24 70 02 00 00 06 00 00 00 4c 89 e6 4c 89 65
0x00007fe7ec1fa108:   c0 4c 89 ff e8 1f 01 01 00 48 8b 05 18 d0 88 00
0x00007fe7ec1fa118:   4c 8b 2b 8b 10 48 8b 05 44 fc 88 00 80 38 00 0f
0x00007fe7ec1fa128:   84 2b 01 00 00 48 63 c2 41 8b 54 05 00 85 d2 0f 

Register to memory mapping:

RAX=0x00007fe7ecacf550: <offset 0xfb7550> in /usr/lib/jvm/java-8-oracle/jre/lib/amd64/server/libjvm.so at 0x00007fe7ebb18000
RBX=0x0000000000000000 is an unknown value
RCX=0x000000076ab81ac0 is an oop
org.sqlite.NativeDB 
 - klass: 'org/sqlite/NativeDB'
RDX=0x00007fe7ecadd9e0: <offset 0xfc59e0> in /usr/lib/jvm/java-8-oracle/jre/lib/amd64/server/libjvm.so at 0x00007fe7ebb18000
RSP=0x00007fe7ed6fab00 is pointing into the stack for thread: 0x00007fe7e4010000
RBP=0x00007fe7ed6faba0 is pointing into the stack for thread: 0x00007fe7e4010000
RSI=0x00007fe7e4010000 is a thread
RDI=0x00007fe7ed6fab40 is pointing into the stack for thread: 0x00007fe7e4010000
R8 =0x00007fe7d5012c80 is at code_begin+0 in an Interpreter codelet
method entry point (kind = zerolocals)  [0x00007fe7d5012c80, 0x00007fe7d5013100]  1152 bytes
R9 =0x000000076ab81ac0 is an oop
org.sqlite.NativeDB 
 - klass: 'org/sqlite/NativeDB'
R10=0x0000000000000178 is an unknown value
R11=0x00007fe7ecadd9e8: <offset 0xfc59e8> in /usr/lib/jvm/java-8-oracle/jre/lib/amd64/server/libjvm.so at 0x00007fe7ebb18000
R12=0x00007fe7e4010000 is a thread
R13=0x0000000000000000 is an unknown value
R14=0x00007fe7ed6fac78 is pointing into the stack for thread: 0x00007fe7e4010000
R15=0x00007fe7ed6fab40 is pointing into the stack for thread: 0x00007fe7e4010000


Stack: [0x00007fe7ed600000,0x00007fe7ed701000],  sp=0x00007fe7ed6fab00,  free space=1002k
Native frames: (J=compiled Java code, j=interpreted, Vv=VM code, C=native code)
V  [libjvm.so+0x6e2118]  jni_GetStringUTFChars+0xb8
C  [sqlite-3.7.2-libsqlitejdbc.so+0xd2b0]  Java_org_sqlite_NativeDB_prepare+0x2f

Java frames: (J=compiled Java code, j=interpreted, Vv=VM code)
j  org.sqlite.NativeDB.prepare(Ljava/lang/String;)J+0
j  org.sqlite.DB.prepare(Lorg/sqlite/Stmt;)V+21
j  org.sqlite.PrepStmt.<init>(Lorg/sqlite/Conn;Ljava/lang/String;)V+15
j  org.sqlite.Conn.prepareStatement(Ljava/lang/String;III)Ljava/sql/PreparedStatement;+14
j  org.sqlite.Conn.prepareStatement(Ljava/lang/String;II)Ljava/sql/PreparedStatement;+5
j  org.sqlite.Conn.prepareStatement(Ljava/lang/String;)Ljava/sql/PreparedStatement;+8
v  ~StubRoutines::call_stub
J 1227  sun.reflect.NativeMethodAccessorImpl.invoke0(Ljava/lang/reflect/Method;Ljava/lang/Object;[Ljava/lang/Object;)Ljava/lang/Object; (0 bytes) @ 0x00007fe7d5438337 [0x00007fe7d54382c0+0x77]
J 1226 C1 sun.reflect.NativeMethodAccessorImpl.invoke(Ljava/lang/Object;[Ljava/lang/Object;)Ljava/lang/Object; (104 bytes) @ 0x00007fe7d54375d4 [0x00007fe7d5436400+0x11d4]
J 3644 C2 sun.reflect.DelegatingMethodAccessorImpl.invoke(Ljava/lang/Object;[Ljava/lang/Object;)Ljava/lang/Object; (10 bytes) @ 0x00007fe7d5567a28 [0x00007fe7d55679e0+0x48]
J 3614 C1 java.lang.reflect.Method.invoke(Ljava/lang/Object;[Ljava/lang/Object;)Ljava/lang/Object; (62 bytes) @ 0x00007fe7d538b51c [0x00007fe7d538b120+0x3fc]
j  org.apache.tomcat.jdbc.pool.ProxyConnection.invoke(Ljava/lang/Object;Ljava/lang/reflect/Method;[Ljava/lang/Object;)Ljava/lang/Object;+237
j  org.apache.tomcat.jdbc.pool.JdbcInterceptor.invoke(Ljava/lang/Object;Ljava/lang/reflect/Method;[Ljava/lang/Object;)Ljava/lang/Object;+14
j  org.apache.tomcat.jdbc.pool.DisposableConnectionFacade.invoke(Ljava/lang/Object;Ljava/lang/reflect/Method;[Ljava/lang/Object;)Ljava/lang/Object;+93
j  com.sun.proxy.$Proxy83.prepareStatement(Ljava/lang/String;)Ljava/sql/PreparedStatement;+16
j  org.hibernate.engine.jdbc.internal.StatementPreparerImpl$1.doPrepare()Ljava/sql/PreparedStatement;+37
j  org.hibernate.engine.jdbc.internal.StatementPreparerImpl$StatementPreparationTemplate.prepareStatement()Ljava/sql/PreparedStatement;+45
j  org.hibernate.engine.jdbc.internal.StatementPreparerImpl.prepareStatement(Ljava/lang/String;)Ljava/sql/PreparedStatement;+6
j  org.hibernate.id.SequenceGenerator.generateHolder(Lorg/hibernate/engine/spi/SessionImplementor;)Lorg/hibernate/id/IntegralDataTypeHolder;+15
j  org.hibernate.id.SequenceHiLoGenerator$1.getNextValue()Lorg/hibernate/id/IntegralDataTypeHolder;+8
j  org.hibernate.id.enhanced.LegacyHiLoAlgorithmOptimizer.generate(Lorg/hibernate/id/enhanced/AccessCallback;)Ljava/io/Serializable;+25
j  org.hibernate.id.SequenceHiLoGenerator.generate(Lorg/hibernate/engine/spi/SessionImplementor;Ljava/lang/Object;)Ljava/io/Serializable;+53
j  org.hibernate.event.internal.AbstractSaveEventListener.saveWithGeneratedId(Ljava/lang/Object;Ljava/lang/String;Ljava/lang/Object;Lorg/hibernate/event/spi/EventSource;Z)Ljava/io/Serializable;+21
j  org.hibernate.jpa.event.internal.core.JpaPersistEventListener.saveWithGeneratedId(Ljava/lang/Object;Ljava/lang/String;Ljava/lang/Object;Lorg/hibernate/event/spi/EventSource;Z)Ljava/io/Serializable;+18
j  org.hibernate.event.internal.DefaultPersistEventListener.entityIsTransient(Lorg/hibernate/event/spi/PersistEvent;Ljava/util/Map;)V+55
j  org.hibernate.event.internal.DefaultPersistEventListener.onPersist(Lorg/hibernate/event/spi/PersistEvent;Ljava/util/Map;)V+324
j  org.hibernate.event.internal.DefaultPersistEventListener.onPersist(Lorg/hibernate/event/spi/PersistEvent;)V+11
j  org.hibernate.internal.SessionImpl.firePersist(Lorg/hibernate/event/spi/PersistEvent;)V+46
j  org.hibernate.internal.SessionImpl.persist(Ljava/lang/String;Ljava/lang/Object;)V+11
j  org.hibernate.internal.SessionImpl.persist(Ljava/lang/Object;)V+3
j  org.hibernate.jpa.spi.AbstractEntityManagerImpl.persist(Ljava/lang/Object;)V+9
v  ~StubRoutines::call_stub
J 1227  sun.reflect.NativeMethodAccessorImpl.invoke0(Ljava/lang/reflect/Method;Ljava/lang/Object;[Ljava/lang/Object;)Ljava/lang/Object; (0 bytes) @ 0x00007fe7d5438337 [0x00007fe7d54382c0+0x77]
J 1226 C1 sun.reflect.NativeMethodAccessorImpl.invoke(Ljava/lang/Object;[Ljava/lang/Object;)Ljava/lang/Object; (104 bytes) @ 0x00007fe7d54375d4 [0x00007fe7d5436400+0x11d4]
J 3644 C2 sun.reflect.DelegatingMethodAccessorImpl.invoke(Ljava/lang/Object;[Ljava/lang/Object;)Ljava/lang/Object; (10 bytes) @ 0x00007fe7d5567a28 [0x00007fe7d55679e0+0x48]
J 3614 C1 java.lang.reflect.Method.invoke(Ljava/lang/Object;[Ljava/lang/Object;)Ljava/lang/Object; (62 bytes) @ 0x00007fe7d538b51c [0x00007fe7d538b120+0x3fc]
j  org.springframework.orm.jpa.SharedEntityManagerCreator$SharedEntityManagerInvocationHandler.invoke(Ljava/lang/Object;Ljava/lang/reflect/Method;[Ljava/lang/Object;)Ljava/lang/Object;+495
j  com.sun.proxy.$Proxy92.persist(Ljava/lang/Object;)V+16
j  org.springframework.data.jpa.repository.support.SimpleJpaRepository.save(Ljava/lang/Object;)Ljava/lang/Object;+18
v  ~StubRoutines::call_stub
J 1227  sun.reflect.NativeMethodAccessorImpl.invoke0(Ljava/lang/reflect/Method;Ljava/lang/Object;[Ljava/lang/Object;)Ljava/lang/Object; (0 bytes) @ 0x00007fe7d5438337 [0x00007fe7d54382c0+0x77]
J 1226 C1 sun.reflect.NativeMethodAccessorImpl.invoke(Ljava/lang/Object;[Ljava/lang/Object;)Ljava/lang/Object; (104 bytes) @ 0x00007fe7d54375d4 [0x00007fe7d5436400+0x11d4]
J 3644 C2 sun.reflect.DelegatingMethodAccessorImpl.invoke(Ljava/lang/Object;[Ljava/lang/Object;)Ljava/lang/Object; (10 bytes) @ 0x00007fe7d5567a28 [0x00007fe7d55679e0+0x48]
J 3614 C1 java.lang.reflect.Method.invoke(Ljava/lang/Object;[Ljava/lang/Object;)Ljava/lang/Object; (62 bytes) @ 0x00007fe7d538b51c [0x00007fe7d538b120+0x3fc]
j  org.springframework.data.repository.core.support.RepositoryFactorySupport$QueryExecutorMethodInterceptor.executeMethodOn(Ljava/lang/Object;Ljava/lang/reflect/Method;[Ljava/lang/Object;)Ljava/lang/Object;+3
j  org.springframework.data.repository.core.support.RepositoryFactorySupport$QueryExecutorMethodInterceptor.doInvoke(Lorg/aopalliance/intercept/MethodInvocation;)Ljava/lang/Object;+94
j  org.springframework.data.repository.core.support.RepositoryFactorySupport$QueryExecutorMethodInterceptor.invoke(Lorg/aopalliance/intercept/MethodInvocation;)Ljava/lang/Object;+2
j  org.springframework.aop.framework.ReflectiveMethodInvocation.proceed()Ljava/lang/Object;+101
j  org.springframework.data.projection.DefaultMethodInvokingMethodInterceptor.invoke(Lorg/aopalliance/intercept/MethodInvocation;)Ljava/lang/Object;+15
j  org.springframework.aop.framework.ReflectiveMethodInvocation.proceed()Ljava/lang/Object;+101
j  org.springframework.transaction.interceptor.TransactionInterceptor$1.proceedWithInvocation()Ljava/lang/Object;+4
j  org.springframework.transaction.interceptor.TransactionAspectSupport.invokeWithinTransaction(Ljava/lang/reflect/Method;Ljava/lang/Class;Lorg/springframework/transaction/interceptor/TransactionAspectSupport$InvocationCallback;)Ljava/lang/Object;+60
j  org.springframework.transaction.interceptor.TransactionInterceptor.invoke(Lorg/aopalliance/intercept/MethodInvocation;)Ljava/lang/Object;+40
j  org.springframework.aop.framework.ReflectiveMethodInvocation.proceed()Ljava/lang/Object;+101
j  org.springframework.dao.support.PersistenceExceptionTranslationInterceptor.invoke(Lorg/aopalliance/intercept/MethodInvocation;)Ljava/lang/Object;+1
j  org.springframework.aop.framework.ReflectiveMethodInvocation.proceed()Ljava/lang/Object;+101
j  org.springframework.data.jpa.repository.support.CrudMethodMetadataPostProcessor$CrudMethodMetadataPopulatingMethodInterceptor.invoke(Lorg/aopalliance/intercept/MethodInvocation;)Ljava/lang/Object;+89
j  org.springframework.aop.framework.ReflectiveMethodInvocation.proceed()Ljava/lang/Object;+101
j  org.springframework.aop.interceptor.ExposeInvocationInterceptor.invoke(Lorg/aopalliance/intercept/MethodInvocation;)Ljava/lang/Object;+18
j  org.springframework.aop.framework.ReflectiveMethodInvocation.proceed()Ljava/lang/Object;+101
j  org.springframework.aop.framework.JdkDynamicAopProxy.invoke(Ljava/lang/Object;Ljava/lang/reflect/Method;[Ljava/lang/Object;)Ljava/lang/Object;+385
j  com.sun.proxy.$Proxy94.save(Ljava/lang/Object;)Ljava/lang/Object;+16
j  com.example.api.service.BookService.save(Lcom/example/entity/Book;)Lcom/example/entity/Book;+5
j  com.example.crudtest.CRUDTest.insertOperation()V+19
v  ~StubRoutines::call_stub
J 1227  sun.reflect.NativeMethodAccessorImpl.invoke0(Ljava/lang/reflect/Method;Ljava/lang/Object;[Ljava/lang/Object;)Ljava/lang/Object; (0 bytes) @ 0x00007fe7d5438337 [0x00007fe7d54382c0+0x77]
J 1226 C1 sun.reflect.NativeMethodAccessorImpl.invoke(Ljava/lang/Object;[Ljava/lang/Object;)Ljava/lang/Object; (104 bytes) @ 0x00007fe7d54375d4 [0x00007fe7d5436400+0x11d4]
J 3644 C2 sun.reflect.DelegatingMethodAccessorImpl.invoke(Ljava/lang/Object;[Ljava/lang/Object;)Ljava/lang/Object; (10 bytes) @ 0x00007fe7d5567a28 [0x00007fe7d55679e0+0x48]
J 3614 C1 java.lang.reflect.Method.invoke(Ljava/lang/Object;[Ljava/lang/Object;)Ljava/lang/Object; (62 bytes) @ 0x00007fe7d538b51c [0x00007fe7d538b120+0x3fc]
j  org.testng.internal.MethodInvocationHelper.invokeMethod(Ljava/lang/reflect/Method;Ljava/lang/Object;[Ljava/lang/Object;)Ljava/lang/Object;+242
j  org.testng.internal.MethodInvocationHelper$1.runTestMethod(Lorg/testng/ITestResult;)V+12
j  org.springframework.test.context.testng.AbstractTestNGSpringContextTests.run(Lorg/testng/IHookCallBack;Lorg/testng/ITestResult;)V+2
v  ~StubRoutines::call_stub
J 1227  sun.reflect.NativeMethodAccessorImpl.invoke0(Ljava/lang/reflect/Method;Ljava/lang/Object;[Ljava/lang/Object;)Ljava/lang/Object; (0 bytes) @ 0x00007fe7d5438337 [0x00007fe7d54382c0+0x77]
J 1226 C1 sun.reflect.NativeMethodAccessorImpl.invoke(Ljava/lang/Object;[Ljava/lang/Object;)Ljava/lang/Object; (104 bytes) @ 0x00007fe7d54375d4 [0x00007fe7d5436400+0x11d4]
J 3644 C2 sun.reflect.DelegatingMethodAccessorImpl.invoke(Ljava/lang/Object;[Ljava/lang/Object;)Ljava/lang/Object; (10 bytes) @ 0x00007fe7d5567a28 [0x00007fe7d55679e0+0x48]
J 3614 C1 java.lang.reflect.Method.invoke(Ljava/lang/Object;[Ljava/lang/Object;)Ljava/lang/Object; (62 bytes) @ 0x00007fe7d538b51c [0x00007fe7d538b120+0x3fc]
j  org.testng.internal.MethodInvocationHelper.invokeHookable(Ljava/lang/Object;[Ljava/lang/Object;Ljava/lang/Object;Ljava/lang/reflect/Method;Lorg/testng/internal/TestResult;)V+64
j  org.testng.internal.Invoker.invokeMethod([Ljava/lang/Object;ILorg/testng/ITestNGMethod;[Ljava/lang/Object;ILorg/testng/xml/XmlSuite;Ljava/util/Map;Lorg/testng/ITestClass;[Lorg/testng/ITestNGMethod;[Lorg/testng/ITestNGMethod;Lorg/testng/internal/ConfigurationGroupMethods;)Lorg/testng/ITestResult;+280
j  org.testng.internal.Invoker.invokeTestMethod([Ljava/lang/Object;Lorg/testng/ITestNGMethod;[Ljava/lang/Object;ILorg/testng/xml/XmlSuite;Ljava/util/Map;Lorg/testng/ITestClass;[Lorg/testng/ITestNGMethod;[Lorg/testng/ITestNGMethod;Lorg/testng/internal/ConfigurationGroupMethods;)Ljava/util/List;+46
j  org.testng.internal.Invoker.invokeTestMethods(Lorg/testng/ITestNGMethod;[Lorg/testng/ITestNGMethod;ILorg/testng/xml/XmlSuite;Ljava/util/Map;Lorg/testng/internal/ConfigurationGroupMethods;[Ljava/lang/Object;Lorg/testng/ITestContext;)Ljava/util/List;+705
j  org.testng.internal.TestMethodWorker.invokeTestMethods(Lorg/testng/ITestNGMethod;[Ljava/lang/Object;Lorg/testng/ITestContext;)V+32
j  org.testng.internal.TestMethodWorker.run()V+60
j  org.testng.TestRunner.privateRun(Lorg/testng/xml/XmlTest;)V+349
j  org.testng.TestRunner.run()V+26
j  org.testng.SuiteRunner.runTest(Lorg/testng/TestRunner;)V+1
j  org.testng.SuiteRunner.runSequentially()V+31
j  org.testng.SuiteRunner.privateRun()V+281
j  org.testng.SuiteRunner.run()V+6
j  org.testng.SuiteRunnerWorker.runSuite(Lorg/testng/internal/SuiteRunnerMap;Lorg/testng/xml/XmlSuite;)V+96
j  org.testng.SuiteRunnerWorker.run()V+12
j  org.testng.TestNG.runSuitesSequentially(Lorg/testng/xml/XmlSuite;Lorg/testng/internal/SuiteRunnerMap;ILjava/lang/String;)V+66
j  org.testng.TestNG.runSuitesLocally()Ljava/util/List;+117
j  org.testng.TestNG.run()V+77
j  org.testng.remote.AbstractRemoteTestNG.run()V+163
j  org.testng.remote.RemoteTestNG.initAndRun(Lorg/testng/remote/IRemoteTestNG;[Ljava/lang/String;Lorg/testng/CommandLineArgs;Lorg/testng/remote/RemoteArgs;)V+184
j  org.testng.remote.RemoteTestNG.main([Ljava/lang/String;)V+218
v  ~StubRoutines::call_stub

---------------  P R O C E S S  ---------------

Java Threads: ( => current thread )
  0x00007fe7e54a5000 JavaThread "http-nio-auto-1-51061-AsyncTimeout" daemon [_thread_blocked, id=3969, stack(0x00007fe77b7fc000,0x00007fe77b8fd000)]
  0x00007fe7e54a3800 JavaThread "http-nio-auto-1-Acceptor-0" daemon [_thread_in_native, id=3968, stack(0x00007fe77b8fd000,0x00007fe77b9fe000)]
  0x00007fe7e54a1000 JavaThread "http-nio-auto-1-ClientPoller-1" daemon [_thread_in_native, id=3967, stack(0x00007fe77b9fe000,0x00007fe77baff000)]
  0x00007fe7e5492800 JavaThread "http-nio-auto-1-ClientPoller-0" daemon [_thread_in_native, id=3966, stack(0x00007fe77baff000,0x00007fe77bc00000)]
  0x00007fe7e5480800 JavaThread "NioBlockingSelector.BlockPoller-1" daemon [_thread_in_native, id=3965, stack(0x00007fe7bc0de000,0x00007fe7bc1df000)]
  0x00007fe7e49bd800 JavaThread "Tomcat JDBC Pool Cleaner[865113938:1485175524621]" daemon [_thread_blocked, id=3964, stack(0x00007fe7bca67000,0x00007fe7bcb68000)]
  0x00007fe7e4d72800 JavaThread "container-0" [_thread_blocked, id=3963, stack(0x00007fe7bcd68000,0x00007fe7bce69000)]
  0x00007fe7e4d6f800 JavaThread "ContainerBackgroundProcessor[StandardEngine[Tomcat]]" daemon [_thread_blocked, id=3962, stack(0x00007fe7bce69000,0x00007fe7bcf6a000)]
  0x00007fe790242800 JavaThread "localhost-startStop-1" daemon [_thread_blocked, id=3961, stack(0x00007fe7bd16a000,0x00007fe7bd26b000)]
  0x00007fe7e522d000 JavaThread "Tomcat-startStop-1" daemon [_thread_blocked, id=3960, stack(0x00007fe7be15e000,0x00007fe7be25f000)]
  0x00007fe7e44e1000 JavaThread "ReaderThread" [_thread_in_native, id=3958, stack(0x00007fe7bea6c000,0x00007fe7beb6d000)]
  0x00007fe7e40cf000 JavaThread "Service Thread" daemon [_thread_blocked, id=3955, stack(0x00007fe7bf014000,0x00007fe7bf115000)]
  0x00007fe7e40c4000 JavaThread "C1 CompilerThread2" daemon [_thread_blocked, id=3954, stack(0x00007fe7bf115000,0x00007fe7bf216000)]
  0x00007fe7e40c2000 JavaThread "C2 CompilerThread1" daemon [_thread_in_native, id=3953, stack(0x00007fe7bf216000,0x00007fe7bf317000)]
  0x00007fe7e40bf000 JavaThread "C2 CompilerThread0" daemon [_thread_in_native, id=3952, stack(0x00007fe7bf317000,0x00007fe7bf418000)]
  0x00007fe7e40be000 JavaThread "Signal Dispatcher" daemon [_thread_blocked, id=3951, stack(0x00007fe7bf418000,0x00007fe7bf519000)]
  0x00007fe7e408a000 JavaThread "Finalizer" daemon [_thread_blocked, id=3950, stack(0x00007fe7bfbfc000,0x00007fe7bfcfd000)]
  0x00007fe7e4085800 JavaThread "Reference Handler" daemon [_thread_blocked, id=3949, stack(0x00007fe7bfcfd000,0x00007fe7bfdfe000)]
=>0x00007fe7e4010000 JavaThread "main" [_thread_in_vm, id=3943, stack(0x00007fe7ed600000,0x00007fe7ed701000)]

Other Threads:
  0x00007fe7e407e000 VMThread [stack: 0x00007fe7bfdfe000,0x00007fe7bfeff000] [id=3948]
  0x00007fe7e40d2000 WatcherThread [stack: 0x00007fe7bef13000,0x00007fe7bf014000] [id=3956]

VM state:not at safepoint (normal execution)

VM Mutex/Monitor currently owned by a thread: None

Heap:
 PSYoungGen      total 541184K, used 206844K [0x000000076ab00000, 0x0000000790100000, 0x00000007c0000000)
  eden space 497664K, 41% used [0x000000076ab00000,0x00000007774ff210,0x0000000789100000)
  from space 43520K, 0% used [0x0000000789100000,0x0000000789100000,0x000000078bb80000)
  to   space 43520K, 0% used [0x000000078d680000,0x000000078d680000,0x0000000790100000)
 ParOldGen       total 699392K, used 23047K [0x00000006c0000000, 0x00000006eab00000, 0x000000076ab00000)
  object space 699392K, 3% used [0x00000006c0000000,0x00000006c1681f58,0x00000006eab00000)
 Metaspace       used 45091K, capacity 45496K, committed 45824K, reserved 1089536K
  class space    used 5899K, capacity 6029K, committed 6144K, reserved 1048576K

Card table byte_map: [0x00007fe7e9bb9000,0x00007fe7ea3ba000] byte_map_base: 0x00007fe7e65b9000

Marking Bits: (ParMarkBitMap*) 0x00007fe7ecadcc80
 Begin Bits: [0x00007fe7cd000000, 0x00007fe7d1000000)
 End Bits:   [0x00007fe7d1000000, 0x00007fe7d5000000)

Polling page: 0x00007fe7ed726000

CodeCache: size=245760Kb used=13200Kb max_used=13351Kb free=232559Kb
 bounds [0x00007fe7d5000000, 0x00007fe7d5d20000, 0x00007fe7e4000000]
 total_blobs=4049 nmethods=3578 adapters=384
 compilation: enabled

Compilation events (10 events):
Event: 8.747 Thread 0x00007fe7e40c4000 4106       1       org.testng.shaded.com.google.gson.reflect.TypeToken::hashCode (5 bytes)
Event: 8.747 Thread 0x00007fe7e40c4000 nmethod 4106 0x00007fe7d5661290 code [0x00007fe7d56613e0, 0x00007fe7d56614f0]
Event: 8.748 Thread 0x00007fe7e40c4000 4107       3       java.lang.reflect.Modifier::isSynthetic (14 bytes)
Event: 8.748 Thread 0x00007fe7e40c4000 nmethod 4107 0x00007fe7d5346750 code [0x00007fe7d53468c0, 0x00007fe7d5346a50]
Event: 8.749 Thread 0x00007fe7e40c4000 4108       3       java.io.BufferedWriter::ensureOpen (18 bytes)
Event: 8.750 Thread 0x00007fe7e40c4000 nmethod 4108 0x00007fe7d5793850 code [0x00007fe7d57939c0, 0x00007fe7d5793c08]
Event: 8.766 Thread 0x00007fe7e40c4000 4109       3       org.hibernate.service.internal.ConcurrentServiceBinding::hashKey (5 bytes)
Event: 8.766 Thread 0x00007fe7e40c4000 nmethod 4109 0x00007fe7d52e6410 code [0x00007fe7d52e6580, 0x00007fe7d52e6708]
Event: 8.767 Thread 0x00007fe7e40c4000 4110       3       sun.reflect.NativeMethodAccessorImpl::setParent (6 bytes)
Event: 8.767 Thread 0x00007fe7e40c4000 nmethod 4110 0x00007fe7d51b6b10 code [0x00007fe7d51b6c60, 0x00007fe7d51b6dd0]

GC Heap History (10 events):
Event: 2.129 GC heap before
{Heap before GC invocations=1 (full 0):
 PSYoungGen      total 305664K, used 173161K [0x000000076ab00000, 0x0000000780000000, 0x00000007c0000000)
  eden space 262144K, 66% used [0x000000076ab00000,0x000000077541a660,0x000000077ab00000)
  from space 43520K, 0% used [0x000000077d580000,0x000000077d580000,0x0000000780000000)
  to   space 43520K, 0% used [0x000000077ab00000,0x000000077ab00000,0x000000077d580000)
 ParOldGen       total 699392K, used 0K [0x00000006c0000000, 0x00000006eab00000, 0x000000076ab00000)
  object space 699392K, 0% used [0x00000006c0000000,0x00000006c0000000,0x00000006eab00000)
 Metaspace       used 21071K, capacity 21206K, committed 21296K, reserved 1069056K
  class space    used 2598K, capacity 2642K, committed 2688K, reserved 1048576K
Event: 2.159 GC heap after
Heap after GC invocations=1 (full 0):
 PSYoungGen      total 305664K, used 20963K [0x000000076ab00000, 0x0000000790000000, 0x00000007c0000000)
  eden space 262144K, 0% used [0x000000076ab00000,0x000000076ab00000,0x000000077ab00000)
  from space 43520K, 48% used [0x000000077ab00000,0x000000077bf78ce0,0x000000077d580000)
  to   space 43520K, 0% used [0x000000078d580000,0x000000078d580000,0x0000000790000000)
 ParOldGen       total 699392K, used 80K [0x00000006c0000000, 0x00000006eab00000, 0x000000076ab00000)
  object space 699392K, 0% used [0x00000006c0000000,0x00000006c0014010,0x00000006eab00000)
 Metaspace       used 21071K, capacity 21206K, committed 21296K, reserved 1069056K
  class space    used 2598K, capacity 2642K, committed 2688K, reserved 1048576K
}
Event: 2.159 GC heap before
{Heap before GC invocations=2 (full 1):
 PSYoungGen      total 305664K, used 20963K [0x000000076ab00000, 0x0000000790000000, 0x00000007c0000000)
  eden space 262144K, 0% used [0x000000076ab00000,0x000000076ab00000,0x000000077ab00000)
  from space 43520K, 48% used [0x000000077ab00000,0x000000077bf78ce0,0x000000077d580000)
  to   space 43520K, 0% used [0x000000078d580000,0x000000078d580000,0x0000000790000000)
 ParOldGen       total 699392K, used 80K [0x00000006c0000000, 0x00000006eab00000, 0x000000076ab00000)
  object space 699392K, 0% used [0x00000006c0000000,0x00000006c0014010,0x00000006eab00000)
 Metaspace       used 21071K, capacity 21206K, committed 21296K, reserved 1069056K
  class space    used 2598K, capacity 2642K, committed 2688K, reserved 1048576K
Event: 2.207 GC heap after
Heap after GC invocations=2 (full 1):
 PSYoungGen      total 305664K, used 0K [0x000000076ab00000, 0x0000000790000000, 0x00000007c0000000)
  eden space 262144K, 0% used [0x000000076ab00000,0x000000076ab00000,0x000000077ab00000)
  from space 43520K, 0% used [0x000000077ab00000,0x000000077ab00000,0x000000077d580000)
  to   space 43520K, 0% used [0x000000078d580000,0x000000078d580000,0x0000000790000000)
 ParOldGen       total 699392K, used 20251K [0x00000006c0000000, 0x00000006eab00000, 0x000000076ab00000)
  object space 699392K, 2% used [0x00000006c0000000,0x00000006c13c6ff8,0x00000006eab00000)
 Metaspace       used 21071K, capacity 21206K, committed 21296K, reserved 1069056K
  class space    used 2598K, capacity 2642K, committed 2688K, reserved 1048576K
}
Event: 4.976 GC heap before
{Heap before GC invocations=3 (full 1):
 PSYoungGen      total 305664K, used 262113K [0x000000076ab00000, 0x0000000790000000, 0x00000007c0000000)
  eden space 262144K, 99% used [0x000000076ab00000,0x000000077aaf87d0,0x000000077ab00000)
  from space 43520K, 0% used [0x000000077ab00000,0x000000077ab00000,0x000000077d580000)
  to   space 43520K, 0% used [0x000000078d580000,0x000000078d580000,0x0000000790000000)
 ParOldGen       total 699392K, used 20251K [0x00000006c0000000, 0x00000006eab00000, 0x000000076ab00000)
  object space 699392K, 2% used [0x00000006c0000000,0x00000006c13c6ff8,0x00000006eab00000)
 Metaspace       used 30231K, capacity 30498K, committed 30720K, reserved 1077248K
  class space    used 3752K, capacity 3828K, committed 3840K, reserved 1048576K
Event: 5.016 GC heap after
Heap after GC invocations=3 (full 1):
 PSYoungGen      total 382464K, used 16773K [0x000000076ab00000, 0x000000078e600000, 0x00000007c0000000)
  eden space 365568K, 0% used [0x000000076ab00000,0x000000076ab00000,0x0000000781000000)
  from space 16896K, 99% used [0x000000078d580000,0x000000078e5e1458,0x000000078e600000)
  to   space 43520K, 0% used [0x0000000789100000,0x0000000789100000,0x000000078bb80000)
 ParOldGen       total 699392K, used 20259K [0x00000006c0000000, 0x00000006eab00000, 0x000000076ab00000)
  object space 699392K, 2% used [0x00000006c0000000,0x00000006c13c8ff8,0x00000006eab00000)
 Metaspace       used 30231K, capacity 30498K, committed 30720K, reserved 1077248K
  class space    used 3752K, capacity 3828K, committed 3840K, reserved 1048576K
}
Event: 6.268 GC heap before
{Heap before GC invocations=4 (full 1):
 PSYoungGen      total 382464K, used 139533K [0x000000076ab00000, 0x000000078e600000, 0x00000007c0000000)
  eden space 365568K, 33% used [0x000000076ab00000,0x00000007722e22f0,0x0000000781000000)
  from space 16896K, 99% used [0x000000078d580000,0x000000078e5e1458,0x000000078e600000)
  to   space 43520K, 0% used [0x0000000789100000,0x0000000789100000,0x000000078bb80000)
 ParOldGen       total 699392K, used 20259K [0x00000006c0000000, 0x00000006eab00000, 0x000000076ab00000)
  object space 699392K, 2% used [0x00000006c0000000,0x00000006c13c8ff8,0x00000006eab00000)
 Metaspace       used 35074K, capacity 35362K, committed 35496K, reserved 1081344K
  class space    used 4503K, capacity 4580K, committed 4608K, reserved 1048576K
Event: 6.296 GC heap after
Heap after GC invocations=4 (full 1):
 PSYoungGen      total 541184K, used 13845K [0x000000076ab00000, 0x0000000790100000, 0x00000007c0000000)
  eden space 497664K, 0% used [0x000000076ab00000,0x000000076ab00000,0x0000000789100000)
  from space 43520K, 31% used [0x0000000789100000,0x0000000789e856e8,0x000000078bb80000)
  to   space 43520K, 0% used [0x000000078d680000,0x000000078d680000,0x0000000790100000)
 ParOldGen       total 699392K, used 20267K [0x00000006c0000000, 0x00000006eab00000, 0x000000076ab00000)
  object space 699392K, 2% used [0x00000006c0000000,0x00000006c13caff8,0x00000006eab00000)
 Metaspace       used 35074K, capacity 35362K, committed 35496K, reserved 1081344K
  class space    used 4503K, capacity 4580K, committed 4608K, reserved 1048576K
}
Event: 6.296 GC heap before
{Heap before GC invocations=5 (full 2):
 PSYoungGen      total 541184K, used 13845K [0x000000076ab00000, 0x0000000790100000, 0x00000007c0000000)
  eden space 497664K, 0% used [0x000000076ab00000,0x000000076ab00000,0x0000000789100000)
  from space 43520K, 31% used [0x0000000789100000,0x0000000789e856e8,0x000000078bb80000)
  to   space 43520K, 0% used [0x000000078d680000,0x000000078d680000,0x0000000790100000)
 ParOldGen       total 699392K, used 20267K [0x00000006c0000000, 0x00000006eab00000, 0x000000076ab00000)
  object space 699392K, 2% used [0x00000006c0000000,0x00000006c13caff8,0x00000006eab00000)
 Metaspace       used 35074K, capacity 35362K, committed 35496K, reserved 1081344K
  class space    used 4503K, capacity 4580K, committed 4608K, reserved 1048576K
Event: 6.366 GC heap after
Heap after GC invocations=5 (full 2):
 PSYoungGen      total 541184K, used 0K [0x000000076ab00000, 0x0000000790100000, 0x00000007c0000000)
  eden space 497664K, 0% used [0x000000076ab00000,0x000000076ab00000,0x0000000789100000)
  from space 43520K, 0% used [0x0000000789100000,0x0000000789100000,0x000000078bb80000)
  to   space 43520K, 0% used [0x000000078d680000,0x000000078d680000,0x0000000790100000)
 ParOldGen       total 699392K, used 23047K [0x00000006c0000000, 0x00000006eab00000, 0x000000076ab00000)
  object space 699392K, 3% used [0x00000006c0000000,0x00000006c1681f58,0x00000006eab00000)
 Metaspace       used 35074K, capacity 35362K, committed 35496K, reserved 1081344K
  class space    used 4503K, capacity 4580K, committed 4608K, reserved 1048576K
}

Deoptimization events (10 events):
Event: 6.888 Thread 0x00007fe7e4010000 Uncommon trap: reason=unstable_if action=reinterpret pc=0x00007fe7d53d3aa4 method=java.util.HashMap.getNode(ILjava/lang/Object;)Ljava/util/HashMap$Node; @ 84
Event: 6.888 Thread 0x00007fe7e4010000 Uncommon trap: reason=unstable_if action=reinterpret pc=0x00007fe7d521953c method=java.util.HashMap.getNode(ILjava/lang/Object;)Ljava/util/HashMap$Node; @ 84
Event: 7.277 Thread 0x00007fe7e4010000 Uncommon trap: reason=unstable_if action=reinterpret pc=0x00007fe7d512a480 method=java.util.concurrent.ConcurrentHashMap.putVal(Ljava/lang/Object;Ljava/lang/Object;Z)Ljava/lang/Object; @ 331
Event: 7.278 Thread 0x00007fe7e4010000 Uncommon trap: reason=unstable_if action=reinterpret pc=0x00007fe7d5a510ac method=java.util.concurrent.ConcurrentHashMap.get(Ljava/lang/Object;)Ljava/lang/Object; @ 86
Event: 7.409 Thread 0x00007fe7e4010000 Uncommon trap: reason=unstable_if action=reinterpret pc=0x00007fe7d5b9b744 method=java.lang.reflect.Proxy.isProxyClass(Ljava/lang/Class;)Z @ 16
Event: 7.411 Thread 0x00007fe7e4010000 Uncommon trap: reason=unstable_if action=reinterpret pc=0x00007fe7d52637ec method=sun.reflect.misc.ReflectUtil.isNonPublicProxyClass(Ljava/lang/Class;)Z @ 33
Event: 7.422 Thread 0x00007fe7e4010000 Uncommon trap: reason=unstable_if action=reinterpret pc=0x00007fe7d5b66a40 method=org.springframework.beans.factory.support.AbstractBeanFactory.isTypeMatch(Ljava/lang/String;Lorg/springframework/core/ResolvableType;)Z @ 56
Event: 7.720 Thread 0x00007fe7e4010000 Uncommon trap: reason=unstable_if action=reinterpret pc=0x00007fe7d57e5bf8 method=java.util.concurrent.ConcurrentHashMap.transfer([Ljava/util/concurrent/ConcurrentHashMap$Node;[Ljava/util/concurrent/ConcurrentHashMap$Node;)V @ 356
Event: 7.721 Thread 0x00007fe7e4010000 Uncommon trap: reason=unstable_if action=reinterpret pc=0x00007fe7d57ee430 method=java.util.concurrent.ConcurrentHashMap.transfer([Ljava/util/concurrent/ConcurrentHashMap$Node;[Ljava/util/concurrent/ConcurrentHashMap$Node;)V @ 356
Event: 8.545 Thread 0x00007fe7e4010000 Uncommon trap: reason=unstable_if action=reinterpret pc=0x00007fe7d5409fb4 method=org.springframework.util.ConcurrentReferenceHashMap$Segment.clear()V @ 4

Internal exceptions (10 events):
Event: 8.419 Thread 0x00007fe7e4010000 Exception <a 'java/lang/ClassNotFoundException': org/springframework/boot/autoconfigure/web/WebClientAutoConfigurationCustomizer> (0x000000077588c690) thrown at [/HUDSON3/workspace/8-2-build-linux-amd64/jdk8u121/8372/hotspot/src/share/vm/classfile/systemD
Event: 8.420 Thread 0x00007fe7e4010000 Exception <a 'java/lang/ClassNotFoundException': org/springframework/boot/autoconfigure/web/WebClientAutoConfiguration$$EnhancerBySpringCGLIB$$52d5929eCustomizer> (0x00000007758affe8) thrown at [/HUDSON3/workspace/8-2-build-linux-amd64/jdk8u121/8372/hotsp
Event: 8.420 Thread 0x00007fe7e4010000 Exception <a 'java/lang/ClassNotFoundException': org/springframework/context/annotation/ConfigurationClassEnhancer$EnhancedConfigurationCustomizer> (0x00000007758d4380) thrown at [/HUDSON3/workspace/8-2-build-linux-amd64/jdk8u121/8372/hotspot/src/share/vm
Event: 8.730 Thread 0x00007fe7e4010000 Exception <a 'java/lang/ClassNotFoundException': java/lang/ObjectCustomizer> (0x000000077680c2f8) thrown at [/HUDSON3/workspace/8-2-build-linux-amd64/jdk8u121/8372/hotspot/src/share/vm/classfile/systemDictionary.cpp, line 210]
Event: 8.730 Thread 0x00007fe7e4010000 Exception <a 'java/lang/ClassNotFoundException': org/springframework/test/context/testng/AbstractTestNGSpringContextTestsCustomizer> (0x000000077682a0a0) thrown at [/HUDSON3/workspace/8-2-build-linux-amd64/jdk8u121/8372/hotspot/src/share/vm/classfile/syst
Event: 8.731 Thread 0x00007fe7e4010000 Exception <a 'java/lang/ClassNotFoundException': com/example/crudtest/CRUDTestCustomizer> (0x000000077683ccc8) thrown at [/HUDSON3/workspace/8-2-build-linux-amd64/jdk8u121/8372/hotspot/src/share/vm/classfile/systemDictionary.cpp, line 210]
Event: 8.731 Thread 0x00007fe7e4010000 Exception <a 'java/lang/ClassNotFoundException': org/testng/IHookableCustomizer> (0x000000077684d750) thrown at [/HUDSON3/workspace/8-2-build-linux-amd64/jdk8u121/8372/hotspot/src/share/vm/classfile/systemDictionary.cpp, line 210]
Event: 8.732 Thread 0x00007fe7e4010000 Exception <a 'java/lang/ClassNotFoundException': org/springframework/context/ApplicationContextAwareCustomizer> (0x0000000776863950) thrown at [/HUDSON3/workspace/8-2-build-linux-amd64/jdk8u121/8372/hotspot/src/share/vm/classfile/systemDictionary.cpp, lin
Event: 8.771 Thread 0x00007fe7e4010000 Exception <a 'java/lang/ClassNotFoundException': java/lang/ObjectCustomizer> (0x00000007769ed558) thrown at [/HUDSON3/workspace/8-2-build-linux-amd64/jdk8u121/8372/hotspot/src/share/vm/classfile/systemDictionary.cpp, line 210]
Event: 8.772 Thread 0x00007fe7e4010000 Exception <a 'java/lang/ClassNotFoundException': com/example/entity/BookCustomizer> (0x00000007769fff48) thrown at [/HUDSON3/workspace/8-2-build-linux-amd64/jdk8u121/8372/hotspot/src/share/vm/classfile/systemDictionary.cpp, line 210]

Events (10 events):
Event: 8.778 loading class org/hibernate/engine/jdbc/internal/FormatStyle
Event: 8.778 loading class org/hibernate/engine/jdbc/internal/FormatStyle done
Event: 8.779 loading class org/hibernate/engine/jdbc/internal/Formatter
Event: 8.779 loading class org/hibernate/engine/jdbc/internal/Formatter done
Event: 8.779 loading class org/hibernate/engine/jdbc/internal/BasicFormatterImpl
Event: 8.779 loading class org/hibernate/engine/jdbc/internal/BasicFormatterImpl done
Event: 8.780 loading class org/hibernate/engine/jdbc/internal/DDLFormatterImpl
Event: 8.780 loading class org/hibernate/engine/jdbc/internal/DDLFormatterImpl done
Event: 8.780 loading class org/hibernate/engine/jdbc/internal/FormatStyle$NoFormatImpl
Event: 8.780 loading class org/hibernate/engine/jdbc/internal/FormatStyle$NoFormatImpl done


Dynamic libraries:
00400000-00401000 r-xp 00000000 08:03 3554757                            /usr/lib/jvm/java-8-oracle/bin/java
00600000-00601000 rw-p 00000000 08:03 3554757                            /usr/lib/jvm/java-8-oracle/bin/java
019c9000-019ea000 rw-p 00000000 00:00 0                                  [heap]
6c0000000-6eab00000 rw-p 00000000 00:00 0 
6eab00000-76ab00000 ---p 00000000 00:00 0 
76ab00000-790100000 rw-p 00000000 00:00 0 
790100000-7c0000000 ---p 00000000 00:00 0 
7c0000000-7c0600000 rw-p 00000000 00:00 0 
7c0600000-800000000 ---p 00000000 00:00 0 
7fe764000000-7fe764021000 rw-p 00000000 00:00 0 
7fe764021000-7fe768000000 ---p 00000000 00:00 0 
7fe768000000-7fe768021000 rw-p 00000000 00:00 0 
7fe768021000-7fe76c000000 ---p 00000000 00:00 0 
7fe76c000000-7fe76c021000 rw-p 00000000 00:00 0 
7fe76c021000-7fe770000000 ---p 00000000 00:00 0 
7fe770000000-7fe770021000 rw-p 00000000 00:00 0 
7fe770021000-7fe774000000 ---p 00000000 00:00 0 
7fe774000000-7fe774021000 rw-p 00000000 00:00 0 
7fe774021000-7fe778000000 ---p 00000000 00:00 0 
7fe77b7fc000-7fe77b7ff000 ---p 00000000 00:00 0 
7fe77b7ff000-7fe77b8fd000 rw-p 00000000 00:00 0                          [stack:3969]
7fe77b8fd000-7fe77b900000 ---p 00000000 00:00 0 
7fe77b900000-7fe77b9fe000 rw-p 00000000 00:00 0                          [stack:3968]
7fe77b9fe000-7fe77ba01000 ---p 00000000 00:00 0 
7fe77ba01000-7fe77baff000 rw-p 00000000 00:00 0                          [stack:3967]
7fe77baff000-7fe77bb02000 ---p 00000000 00:00 0 
7fe77bb02000-7fe77bcc0000 rw-p 00000000 00:00 0                          [stack:3966]
7fe77bcc0000-7fe77be00000 ---p 00000000 00:00 0 
7fe77be00000-7fe77c000000 rw-p 00000000 00:00 0 
7fe77c000000-7fe77c021000 rw-p 00000000 00:00 0 
7fe77c021000-7fe780000000 ---p 00000000 00:00 0 
7fe780000000-7fe780021000 rw-p 00000000 00:00 0 
7fe780021000-7fe784000000 ---p 00000000 00:00 0 
7fe784000000-7fe7842cb000 rw-p 00000000 00:00 0 
7fe7842cb000-7fe788000000 ---p 00000000 00:00 0 
7fe788000000-7fe788021000 rw-p 00000000 00:00 0 
7fe788021000-7fe78c000000 ---p 00000000 00:00 0 
7fe78c000000-7fe78c021000 rw-p 00000000 00:00 0 
7fe78c021000-7fe790000000 ---p 00000000 00:00 0 
7fe790000000-7fe79024a000 rw-p 00000000 00:00 0 
7fe79024a000-7fe794000000 ---p 00000000 00:00 0 
7fe794000000-7fe794021000 rw-p 00000000 00:00 0 
7fe794021000-7fe798000000 ---p 00000000 00:00 0 
7fe798000000-7fe798021000 rw-p 00000000 00:00 0 
7fe798021000-7fe79c000000 ---p 00000000 00:00 0 
7fe79c000000-7fe79d198000 rw-p 00000000 00:00 0 
7fe79d198000-7fe7a0000000 ---p 00000000 00:00 0 
7fe7a0000000-7fe7a16c1000 rw-p 00000000 00:00 0 
7fe7a16c1000-7fe7a4000000 ---p 00000000 00:00 0 
7fe7a4000000-7fe7a4021000 rw-p 00000000 00:00 0 
7fe7a4021000-7fe7a8000000 ---p 00000000 00:00 0 
7fe7a8000000-7fe7a985b000 rw-p 00000000 00:00 0 
7fe7a985b000-7fe7ac000000 ---p 00000000 00:00 0 
7fe7ac000000-7fe7ac021000 rw-p 00000000 00:00 0 
7fe7ac021000-7fe7b0000000 ---p 00000000 00:00 0 
7fe7b0000000-7fe7b0021000 rw-p 00000000 00:00 0 
7fe7b0021000-7fe7b4000000 ---p 00000000 00:00 0 
7fe7b4000000-7fe7b4021000 rw-p 00000000 00:00 0 
7fe7b4021000-7fe7b8000000 ---p 00000000 00:00 0 
7fe7b8000000-7fe7b8021000 rw-p 00000000 00:00 0 
7fe7b8021000-7fe7bc000000 ---p 00000000 00:00 0 
7fe7bc0de000-7fe7bc0e1000 ---p 00000000 00:00 0 
7fe7bc0e1000-7fe7bc3df000 rw-p 00000000 00:00 0                          [stack:3965]
7fe7bc3df000-7fe7bc5df000 rw-p 00000000 00:00 0 
7fe7bc5df000-7fe7bc663000 r-xp 00000000 08:03 5917606                    /tmp/sqlite-3.7.2-libsqlitejdbc.so
7fe7bc663000-7fe7bc863000 ---p 00084000 08:03 5917606                    /tmp/sqlite-3.7.2-libsqlitejdbc.so
7fe7bc863000-7fe7bc864000 r--p 00084000 08:03 5917606                    /tmp/sqlite-3.7.2-libsqlitejdbc.so
7fe7bc864000-7fe7bc867000 rw-p 00085000 08:03 5917606                    /tmp/sqlite-3.7.2-libsqlitejdbc.so
7fe7bc867000-7fe7bca67000 rw-p 00000000 00:00 0 
7fe7bca67000-7fe7bca6a000 ---p 00000000 00:00 0 
7fe7bca6a000-7fe7bcd68000 rw-p 00000000 00:00 0                          [stack:3964]
7fe7bcd68000-7fe7bcd6b000 ---p 00000000 00:00 0 
7fe7bcd6b000-7fe7bce69000 rw-p 00000000 00:00 0                          [stack:3963]
7fe7bce69000-7fe7bce6c000 ---p 00000000 00:00 0 
7fe7bce6c000-7fe7bd16a000 rw-p 00000000 00:00 0                          [stack:3962]
7fe7bd16a000-7fe7bd16d000 ---p 00000000 00:00 0 
7fe7bd16d000-7fe7bd46b000 rw-p 00000000 00:00 0                          [stack:3961]
7fe7bd49f000-7fe7bd6a0000 rw-p 00000000 00:00 0 
7fe7bd6a0000-7fe7bd6b3000 r--s 00345000 08:03 3569668                    /usr/lib/jvm/java-8-oracle/jre/lib/resources.jar
7fe7bd6b3000-7fe7bd8b3000 rw-p 00000000 00:00 0 
7fe7bd8b3000-7fe7bd948000 r--s 01109000 08:03 3569596                    /usr/lib/jvm/java-8-oracle/jre/lib/ext/jfxrt.jar
7fe7bd948000-7fe7bdb48000 rw-p 00000000 00:00 0 
7fe7bdb48000-7fe7bdb59000 r-xp 00000000 08:03 4870868                    /usr/lib/jvm/java-8-oracle/jre/lib/amd64/libnio.so
7fe7bdb59000-7fe7bdd58000 ---p 00011000 08:03 4870868                    /usr/lib/jvm/java-8-oracle/jre/lib/amd64/libnio.so
7fe7bdd58000-7fe7bdd59000 rw-p 00010000 08:03 4870868                    /usr/lib/jvm/java-8-oracle/jre/lib/amd64/libnio.so
7fe7bdd59000-7fe7bdf59000 rw-p 00000000 00:00 0 
7fe7bdf59000-7fe7bdf5e000 r--s 002f9000 08:03 3569547                    /usr/lib/jvm/java-8-oracle/jre/lib/charsets.jar
7fe7bdf5e000-7fe7be15e000 rw-p 00000000 00:00 0 
7fe7be15e000-7fe7be161000 ---p 00000000 00:00 0 
7fe7be161000-7fe7be25f000 rw-p 00000000 00:00 0                          [stack:3960]
7fe7be25f000-7fe7be268000 r-xp 00000000 08:03 4870832                    /usr/lib/jvm/java-8-oracle/jre/lib/amd64/libmanagement.so
7fe7be268000-7fe7be467000 ---p 00009000 08:03 4870832                    /usr/lib/jvm/java-8-oracle/jre/lib/amd64/libmanagement.so
7fe7be467000-7fe7be468000 rw-p 00008000 08:03 4870832                    /usr/lib/jvm/java-8-oracle/jre/lib/amd64/libmanagement.so
7fe7be468000-7fe7be668000 rw-p 00000000 00:00 0 
7fe7be668000-7fe7be868000 rw-p 00000000 00:00 0 
7fe7be868000-7fe7bea68000 rw-p 00000000 00:00 0 
7fe7bea68000-7fe7bea6c000 r--s 0009a000 08:03 3569602                    /usr/lib/jvm/java-8-oracle/jre/lib/jsse.jar
7fe7bea6c000-7fe7bea6f000 ---p 00000000 00:00 0 
7fe7bea6f000-7fe7beb6d000 rw-p 00000000 00:00 0                          [stack:3958]
7fe7beb6d000-7fe7beb83000 r-xp 00000000 08:03 4870893                    /usr/lib/jvm/java-8-oracle/jre/lib/amd64/libnet.so
7fe7beb83000-7fe7bed83000 ---p 00016000 08:03 4870893                    /usr/lib/jvm/java-8-oracle/jre/lib/amd64/libnet.so
7fe7bed83000-7fe7bed84000 rw-p 00016000 08:03 4870893                    /usr/lib/jvm/java-8-oracle/jre/lib/amd64/libnet.so
7fe7bed84000-7fe7bed85000 r--s 0000c000 08:03 5916924                    /home/sharmila/.gradle/caches/modules-2/files-2.1/org.ow2.asm/asm/5.0.3/dcc2193db20e19e1feca8b1240dbbc4e190824fa/asm-5.0.3.jar
7fe7bed85000-7fe7bed8f000 r--s 00069000 08:03 5923589                    /home/sharmila/.gradle/caches/modules-2/files-2.1/ch.qos.logback/logback-core/1.1.8/b4d1c3dea91727faf8b3d19cf4b9b972d6c0b89/logback-core-1.1.8.jar
7fe7bed8f000-7fe7bed91000 r--s 00012000 08:03 5916922                    /home/sharmila/.gradle/caches/modules-2/files-2.1/net.minidev/accessors-smart/1.1/a527213f2fea112a04c9bdf0ec0264e34104cd08/accessors-smart-1.1.jar
7fe7bed91000-7fe7bed93000 r--s 00009000 08:03 5923902                    /home/sharmila/.gradle/caches/modules-2/files-2.1/org.apache.tomcat/tomcat-juli/8.5.6/83d2d1e3362ecca504f3bf8ed1bc4cc451754d24/tomcat-juli-8.5.6.jar
7fe7bed93000-7fe7bed9c000 r--s 0002d000 08:03 5923903                    /home/sharmila/.gradle/caches/modules-2/files-2.1/xml-apis/xml-apis/1.4.01/3789d9fada2d3d458c4ba2de349d48780f381ee3/xml-apis-1.4.01.jar
7fe7bed9c000-7fe7bed9e000 r--s 00004000 08:03 5923588                    /home/sharmila/.gradle/caches/modules-2/files-2.1/org.slf4j/log4j-over-slf4j/1.7.22/a527c37e9ca6c3d19ba298edd4aa344ca751a203/log4j-over-slf4j-1.7.22.jar
7fe7bed9e000-7fe7beda0000 r--s 00000000 08:03 5923587                    /home/sharmila/.gradle/caches/modules-2/files-2.1/org.slf4j/jul-to-slf4j/1.7.22/b0429e950b3d2bc2c39c1bacafac753edbe3781c/jul-to-slf4j-1.7.22.jar
7fe7beda0000-7fe7beda6000 r--s 00045000 08:03 5923585                    /home/sharmila/.gradle/caches/modules-2/files-2.1/ch.qos.logback/logback-classic/1.1.8/e54f49a227611976642f81cf2106b81c1ece8bf5/logback-classic-1.1.8.jar
7fe7beda6000-7fe7beda7000 r--s 0000f000 08:03 5916909                    /home/sharmila/.gradle/caches/modules-2/files-2.1/org.json/json/20140107/d1ffca6e2482b002702c6a576166fd685e3370e3/json-20140107.jar
7fe7beda7000-7fe7beda9000 r--s 00009000 08:03 5916921                    /home/sharmila/.gradle/caches/modules-2/files-2.1/org.objenesis/objenesis/2.1/87c0ea803b69252868d09308b4618f766f135a96/objenesis-2.1.jar
7fe7beda9000-7fe7bedac000 r--s 0001b000 08:03 5916920                    /home/sharmila/.gradle/caches/modules-2/files-2.1/net.minidev/json-smart/2.2.1/5b9e5df7a62d1279b70dc882b041d249c4f0b002/json-smart-2.2.1.jar
7fe7bedac000-7fe7bedae000 r--s 00003000 08:03 5923586                    /home/sharmila/.gradle/caches/modules-2/files-2.1/org.slf4j/jcl-over-slf4j/1.7.22/86ceac14535af5a42c8fb0d06d79b925dd3cb263/jcl-over-slf4j-1.7.22.jar
7fe7bedae000-7fe7bedb0000 r--s 00009000 08:03 5923584                    /home/sharmila/.gradle/caches/modules-2/files-2.1/org.slf4j/slf4j-api/1.7.22/a1c83373863cec7ae8d89dc1c5722d8cb6ec0309/slf4j-api-1.7.22.jar
7fe7bedb0000-7fe7bedb8000 r--s 0003a000 08:03 5923901                    /home/sharmila/.gradle/caches/modules-2/files-2.1/org.springframework/spring-tx/4.3.5.RELEASE/296d8ae21fadc0f115dae7d1e8d5c4f8c7de2c3e/spring-tx-4.3.5.RELEASE.jar
7fe7bedb8000-7fe7bedc2000 r--s 0006b000 08:03 5923900                    /home/sharmila/.gradle/caches/modules-2/files-2.1/org.springframework/spring-orm/4.3.5.RELEASE/64c29d310b69bcc6e1fd5a738fa3629bdedb2d3f/spring-orm-4.3.5.RELEASE.jar
7fe7bedc2000-7fe7bedd2000 r--s 0009a000 08:03 5923899                    /home/sharmila/.gradle/caches/modules-2/files-2.1/org.springframework.data/spring-data-commons/1.12.6.RELEASE/b6403dcfce33e89613f364d80d653d7540279c47/spring-data-commons-1.12.6.RELEASE.jar
7fe7bedd2000-7fe7beddc000 r--s 0005f000 08:03 5923898                    /home/sharmila/.gradle/caches/modules-2/files-2.1/org.springframework/spring-jdbc/4.3.5.RELEASE/7c09e38b6f6e0b178973dea06bb8fdc6d19aa596/spring-jdbc-4.3.5.RELEASE.jar
7fe7beddc000-7fe7beddf000 r--s 00020000 08:03 5923897                    /home/sharmila/.gradle/caches/modules-2/files-2.1/org.apache.tomcat/tomcat-jdbc/8.5.6/feb10a9e22f70565c7556f327b0481dba8587bbc/tomcat-jdbc-8.5.6.jar
7fe7beddf000-7fe7bedf8000 r--s 001af000 08:03 5923896                    /home/sharmila/.gradle/caches/modules-2/files-2.1/org.aspectj/aspectjweaver/1.8.9/db28774f477f07220eac18d5ec9c4e01f48589d7/aspectjweaver-1.8.9.jar
7fe7bedf8000-7fe7bedfb000 r--s 00010000 08:03 5923833                    /home/sharmila/.gradle/caches/modules-2/files-2.1/org.hibernate.common/hibernate-commons-annotations/5.0.1.Final/71e1cff3fcb20d3b3af4f3363c3ddb24d33c6879/hibernate-commons-annotations-5.0.1.Final.jar
7fe7bedfb000-7fe7bee00000 r--s 00048000 08:03 5923832                    /home/sharmila/.gradle/caches/modules-2/files-2.1/dom4j/dom4j/1.6.1/5d3ccc056b6f056dbf0dddfdf43894b9065a8f94/dom4j-1.6.1.jar
7fe7bee00000-7fe7bee03000 r--s 0002b000 08:03 5923433                    /home/sharmila/.gradle/caches/modules-2/files-2.1/org.jboss/jandex/2.0.0.Final/3e899258936f94649c777193e1be846387ed54b3/jandex-2.0.0.Final.jar
7fe7bee03000-7fe7bee04000 r--s 00003000 08:03 5923830                    /home/sharmila/.gradle/caches/modules-2/files-2.1/org.apache.geronimo.specs/geronimo-jta_1.1_spec/1.1.1/aabab3165b8ea936b9360abbf448459c0d04a5a4/geronimo-jta_1.1_spec-1.1.1.jar
7fe7bee04000-7fe7bee09000 r--s 00068000 08:03 5923829                    /home/sharmila/.gradle/caches/modules-2/files-2.1/antlr/antlr/2.7.7/83cd2cd674a217ade95a4bb83a8a14f351f48bd0/antlr-2.7.7.jar
7fe7bee09000-7fe7bee0e000 r--s 0003c000 08:03 5923583                    /home/sharmila/.gradle/caches/modules-2/files-2.1/org.springframework/spring-expression/4.3.5.RELEASE/3689dc6c5b942ecde4122eac889ed87977d6f287/spring-expression-4.3.5.RELEASE.jar
7fe7bee0e000-7fe7bee28000 r--s 000fc000 08:03 5923582                    /home/sharmila/.gradle/caches/modules-2/files-2.1/org.springframework/spring-context/4.3.5.RELEASE/ca3391c0e17d0138335ba51b51371661d20d56a8/spring-context-4.3.5.RELEASE.jar
7fe7bee28000-7fe7bee35000 r--s 000ad000 08:03 5923581                    /home/sharmila/.gradle/caches/modules-2/files-2.1/org.springframework/spring-beans/4.3.5.RELEASE/e12bbc3277da28e2e2608a187f83091dc6c300bf/spring-beans-4.3.5.RELEASE.jar
7fe7bee35000-7fe7bee3e000 r--s 00054000 08:03 5923580                    /home/sharmila/.gradle/caches/modules-2/files-2.1/org.springframework/spring-aop/4.3.5.RELEASE/4f113218af716bd8d174c411f19b26418b5a70f6/spring-aop-4.3.5.RELEASE.jar
7fe7bee3e000-7fe7bee42000 r--s 00041000 08:03 5923579                    /home/sharmila/.gradle/caches/modules-2/files-2.1/com.fasterxml.jackson.core/jackson-core/2.8.5/60d059f5d2930ccd1ef03535b713fd9f933d1ba7/jackson-core-2.8.5.jar
7fe7bee42000-7fe7bee45000 r--s 0000b000 08:03 5923578                    /home/sharmila/.gradle/caches/modules-2/files-2.1/com.fasterxml.jackson.core/jackson-annotations/2.8.5/9d82ff47bc2c2d3b5b6a6618fe636782bbcd5b07/jackson-annotations-2.8.5.jar
7fe7bee45000-7fe7bee47000 r--s 0000e000 08:03 5917543                    /home/sharmila/.gradle/caches/modules-2/files-2.1/com.fasterxml/classmate/1.3.3/864c8e370a691e343210cc7c532fc198cee460d8/classmate-1.3.3.jar
7fe7bee47000-7fe7bee4b000 r--s 0000c000 08:03 5916766                    /home/sharmila/.gradle/caches/modules-2/files-2.1/javax.validation/validation-api/1.1.0.Final/8613ae82954779d518631e05daa73a6a954817d5/validation-api-1.1.0.Final.jar
7fe7bee4b000-7fe7bee50000 r--s 00036000 08:03 5917542                    /home/sharmila/.gradle/caches/modules-2/files-2.1/org.apache.tomcat.embed/tomcat-embed-websocket/8.5.6/6f6940a216b380ea8506530c374fcfeef820ba54/tomcat-embed-websocket-8.5.6.jar
7fe7bee50000-7fe7bee51000 r--s 00000000 08:03 5923577                    /home/sharmila/.gradle/caches/modules-2/files-2.1/org.springframework.boot/spring-boot-starter-logging/1.4.3.RELEASE/1c58783c0694abf695babfd39829922d2d501ec2/spring-boot-starter-logging-1.4.3.RELEASE.jar
7fe7bee51000-7fe7bee6f000 r--s 000d0000 08:03 5923576                    /home/sharmila/.gradle/caches/modules-2/files-2.1/org.springframework.boot/spring-boot-autoconfigure/1.4.3.RELEASE/41df1bfbdd4ae4e8499ebe1a4bc613bda316d6e1/spring-boot-autoconfigure-1.4.3.RELEASE.jar
7fe7bee6f000-7fe7bee7f000 r--s 00092000 08:03 5923575                    /home/sharmila/.gradle/caches/modules-2/files-2.1/org.springframework.boot/spring-boot/1.4.3.RELEASE/17f94def4460075afdfba6bf8f897cd1fc95bf77/spring-boot-1.4.3.RELEASE.jar
7fe7bee7f000-7fe7bee8e000 r--s 00084000 08:03 5923574                    /home/sharmila/.gradle/caches/modules-2/files-2.1/org.springframework/spring-test/4.3.5.RELEASE/a1965127e07b469d8e5bb3d2b0ff850423b66be4/spring-test-4.3.5.RELEASE.jar
7fe7bee8e000-7fe7beea4000 r--s 000fa000 08:03 5923530                    /home/sharmila/.gradle/caches/modules-2/files-2.1/org.springframework/spring-core/4.3.5.RELEASE/80299e3f80e8c6d5c076db2ba6adf44a4b52f578/spring-core-4.3.5.RELEASE.jar
7fe7beea4000-7fe7beea5000 r--s 00006000 08:03 5916915                    /home/sharmila/.gradle/caches/modules-2/files-2.1/org.skyscreamer/jsonassert/1.3.0/d5c250eb122496866de36dc84f98e2945845ecdd/jsonassert-1.3.0.jar
7fe7beea5000-7fe7beea6000 r--s 0000c000 08:03 5916912                    /home/sharmila/.gradle/caches/modules-2/files-2.1/org.hamcrest/hamcrest-library/1.3/4785a3c21320980282f9f33d0d1264a69040538f/hamcrest-library-1.3.jar
7fe7beea6000-7fe7beea8000 r--s 00009000 08:03 5913472                    /home/sharmila/.gradle/caches/modules-2/files-2.1/org.hamcrest/hamcrest-core/1.3/42a25dc3219429f0e5d060061f71acb49bf010a0/hamcrest-core-1.3.jar
7fe7beea8000-7fe7beec4000 r--s 00103000 08:03 5916914                    /home/sharmila/.gradle/caches/modules-2/files-2.1/org.mockito/mockito-core/1.10.19/e8546f5bef4e061d8dd73895b4e8f40e3fe6effe/mockito-core-1.10.19.jar
7fe7beec4000-7fe7beed7000 r--s 000d2000 08:03 5916913                    /home/sharmila/.gradle/caches/modules-2/files-2.1/org.assertj/assertj-core/2.5.0/fcd21db4c5f33e5dcac69bf1816415fe0647582f/assertj-core-2.5.0.jar
7fe7beed7000-7fe7beedc000 r--s 0002e000 08:03 5916911                    /home/sharmila/.gradle/caches/modules-2/files-2.1/com.jayway.jsonpath/json-path/2.2.0/22290d17944bd239fabf5ac69005a60a7ecbbbcb/json-path-2.2.0.jar
7fe7beedc000-7fe7beee1000 r--s 00017000 08:03 5923573                    /home/sharmila/.gradle/caches/modules-2/files-2.1/org.springframework.boot/spring-boot-test-autoconfigure/1.4.3.RELEASE/1a7587605e981a58104a501ab1896e2eb7a76686/spring-boot-test-autoconfigure-1.4.3.RELEASE.jar
7fe7beee1000-7fe7beee6000 r--s 00021000 08:03 5923572                    /home/sharmila/.gradle/caches/modules-2/files-2.1/org.springframework.boot/spring-boot-test/1.4.3.RELEASE/2d76638f0f13b33859bf3b927c232ff0f8a4ffbf/spring-boot-test-1.4.3.RELEASE.jar
7fe7beee6000-7fe7beeec000 r--s 0003d000 08:03 5916762                    /home/sharmila/.gradle/caches/modules-2/files-2.1/org.yaml/snakeyaml/1.17/7a27ea250c5130b2922b86dea63cbb1cc10a660c/snakeyaml-1.17.jar
7fe7beeec000-7fe7beeee000 r--s 00006000 08:03 5923638                    /home/sharmila/.gradle/caches/modules-2/files-2.1/com.beust/jcommander/1.12/7409692b48022f9eca7445861defbcdb9ee3c2a8/jcommander-1.12.jar
7fe7beeee000-7fe7beef3000 r--s 00040000 08:03 5923637                    /home/sharmila/.gradle/caches/modules-2/files-2.1/org.beanshell/bsh/2.0b4/a05f0a0feefa8d8467ac80e16e7de071489f0d9c/bsh-2.0b4.jar
7fe7beef3000-7fe7beefb000 r--s 00045000 08:03 5913471                    /home/sharmila/.gradle/caches/modules-2/files-2.1/junit/junit/4.12/2973d150c0dc1fefe998f834810d68f278ea58ec/junit-4.12.jar
7fe7beefb000-7fe7beefe000 r--s 0000c000 08:03 5923895                    /home/sharmila/.gradle/caches/modules-2/files-2.1/org.springframework/spring-aspects/4.3.5.RELEASE/8c00c15865a1da0a1ba143a50622a8436a56e097/spring-aspects-4.3.5.RELEASE.jar
7fe7beefe000-7fe7bef04000 r--s 0003f000 08:03 5923894                    /home/sharmila/.gradle/caches/modules-2/files-2.1/org.springframework.data/spring-data-jpa/1.10.6.RELEASE/5d478860b24a493845248c1c336c33a657567bd3/spring-data-jpa-1.10.6.RELEASE.jar
7fe7bef04000-7fe7bef06000 r--s 00006000 08:03 5923893                    /home/sharmila/.gradle/caches/modules-2/files-2.1/javax.transaction/javax.transaction-api/1.2/d81aff979d603edd90dcd8db2abc1f4ce6479e3e/javax.transaction-api-1.2.jar
7fe7bef06000-7fe7bef13000 r--s 00089000 08:03 5923892                    /home/sharmila/.gradle/caches/modules-2/files-2.1/org.hibernate/hibernate-entitymanager/5.0.11.Final/549565caed4e0bcb816843693e66ff7b04ce025f/hibernate-entitymanager-5.0.11.Final.jar
7fe7bef13000-7fe7bef14000 ---p 00000000 00:00 0 
7fe7bef14000-7fe7bf014000 rw-p 00000000 00:00 0                          [stack:3956]
7fe7bf014000-7fe7bf017000 ---p 00000000 00:00 0 
7fe7bf017000-7fe7bf115000 rw-p 00000000 00:00 0                          [stack:3955]
7fe7bf115000-7fe7bf118000 ---p 00000000 00:00 0 
7fe7bf118000-7fe7bf216000 rw-p 00000000 00:00 0                          [stack:3954]
7fe7bf216000-7fe7bf219000 ---p 00000000 00:00 0 
7fe7bf219000-7fe7bf317000 rw-p 00000000 00:00 0                          [stack:3953]
7fe7bf317000-7fe7bf31a000 ---p 00000000 00:00 0 
7fe7bf31a000-7fe7bf418000 rw-p 00000000 00:00 0                          [stack:3952]
7fe7bf418000-7fe7bf41b000 ---p 00000000 00:00 0 
7fe7bf41b000-7fe7bf519000 rw-p 00000000 00:00 0                          [stack:3951]
7fe7bf519000-7fe7bfbfc000 r--p 00000000 08:03 3152909                    /usr/lib/locale/locale-archive
7fe7bfbfc000-7fe7bfbff000 ---p 00000000 00:00 0 
7fe7bfbff000-7fe7bfcfd000 rw-p 00000000 00:00 0                          [stack:3950]
7fe7bfcfd000-7fe7bfd00000 ---p 00000000 00:00 0 
7fe7bfd00000-7fe7bfdfe000 rw-p 00000000 00:00 0                          [stack:3949]
7fe7bfdfe000-7fe7bfdff000 ---p 00000000 00:00 0 
7fe7bfdff000-7fe7c0000000 rw-p 00000000 00:00 0                          [stack:3948]
7fe7c0000000-7fe7c0021000 rw-p 00000000 00:00 0 
7fe7c0021000-7fe7c4000000 ---p 00000000 00:00 0 
7fe7c4000000-7fe7c4021000 rw-p 00000000 00:00 0 
7fe7c4021000-7fe7c8000000 ---p 00000000 00:00 0 
7fe7c8000000-7fe7c8021000 rw-p 00000000 00:00 0 
7fe7c8021000-7fe7cc000000 ---p 00000000 00:00 0 
7fe7cc000000-7fe7cc001000 r--s 00000000 08:03 5923891                    /home/sharmila/.gradle/caches/modules-2/files-2.1/org.springframework.boot/spring-boot-starter-jdbc/1.4.3.RELEASE/7ce66cf27ea731189248be7af2ab84ba189e1151/spring-boot-starter-jdbc-1.4.3.RELEASE.jar
7fe7cc001000-7fe7cc00b000 r--s 000ae000 08:03 5916958                    /home/sharmila/.gradle/caches/modules-2/files-2.1/org.javassist/javassist/3.20.0-GA/a9cbcdfb7e9f86fbc74d3afae65f2248bfbf82a0/javassist-3.20.0-GA.jar
7fe7cc00b000-7fe7cc010000 r--s 00017000 08:03 5923828                    /home/sharmila/.gradle/caches/modules-2/files-2.1/org.hibernate.javax.persistence/hibernate-jpa-2.1-api/1.0.0.Final/5e731d961297e5a07290bfaf3db1fbc8bbbf405a/hibernate-jpa-2.1-api-1.0.0.Final.jar
7fe7cc010000-7fe7cc079000 r--s 004f3000 08:03 5923432                    /home/sharmila/.gradle/caches/modules-2/files-2.1/org.hibernate/hibernate-core/5.0.11.Final/c2487fb72a2217a7cec9ab478d4c21a36fc09977/hibernate-core-5.0.11.Final.jar
7fe7cc079000-7fe7cc08c000 r--s 00236000 08:03 5916949                    /home/sharmila/.gradle/caches/modules-2/files-2.1/org.eclipse.jdt.core.compiler/ecj/4.5.1/bee1367ac12fb6a20b422ff8711ebeb4f0a42316/ecj-4.5.1.jar
7fe7cc08c000-7fe7cc091000 r--s 00036000 08:03 5917541                    /home/sharmila/.gradle/caches/modules-2/files-2.1/org.apache.tomcat.embed/tomcat-embed-el/8.5.6/a102298d8dc72f4065533d5962953d753b172602/tomcat-embed-el-8.5.6.jar
7fe7cc091000-7fe7cc0ba000 r--s 002b2000 08:03 5917540                    /home/sharmila/.gradle/caches/modules-2/files-2.1/org.apache.tomcat.embed/tomcat-embed-core/8.5.6/960834b5abc6b2135250487abf6c060a0fa5a22e/tomcat-embed-core-8.5.6.jar
7fe7cc0ba000-7fe7cc0cb000 r--s 000cf000 08:03 5923571                    /home/sharmila/.gradle/caches/modules-2/files-2.1/org.springframework/spring-webmvc/4.3.5.RELEASE/c624659217edab07d8279fb0f90462136f089220/spring-webmvc-4.3.5.RELEASE.jar
7fe7cc0cb000-7fe7cc0dd000 r--s 000b6000 08:03 5923570                    /home/sharmila/.gradle/caches/modules-2/files-2.1/org.springframework/spring-web/4.3.5.RELEASE/6641daccf2fddafc8358144f3a4f999130fdf144/spring-web-4.3.5.RELEASE.jar
7fe7cc0dd000-7fe7cc0ee000 r--s 0011d000 08:03 5923569                    /home/sharmila/.gradle/caches/modules-2/files-2.1/com.fasterxml.jackson.core/jackson-databind/2.8.5/b3035f37e674c04dafe36a660c3815cc59f764e2/jackson-databind-2.8.5.jar
7fe7cc0ee000-7fe7cc0fe000 r--s 0009c000 08:03 5916756                    /home/sharmila/.gradle/caches/modules-2/files-2.1/org.hibernate/hibernate-validator/5.2.4.Final/fb18766b576aa6632bcfe9a20a023cbd52bf9769/hibernate-validator-5.2.4.Final.jar
7fe7cc0fe000-7fe7d5000000 rw-p 00000000 00:00 0 
7fe7d5000000-7fe7d5d20000 rwxp 00000000 00:00 0 
7fe7d5d20000-7fe7e4000000 ---p 00000000 00:00 0 
7fe7e4000000-7fe7e574d000 rw-p 00000000 00:00 0 
7fe7e574d000-7fe7e8000000 ---p 00000000 00:00 0 
7fe7e8000000-7fe7e8001000 r--s 00000000 08:03 5923890                    /home/sharmila/.gradle/caches/modules-2/files-2.1/org.springframework.boot/spring-boot-starter-aop/1.4.3.RELEASE/30b11b6455bed446d3b4a1a49fab529b2cfac454/spring-boot-starter-aop-1.4.3.RELEASE.jar
7fe7e8001000-7fe7e8003000 r--s 0000f000 08:03 5916917                    /home/sharmila/.gradle/caches/modules-2/files-2.1/org.jboss.logging/jboss-logging/3.3.0.Final/3616bb87707910296e2c195dc016287080bba5af/jboss-logging-3.3.0.Final.jar
7fe7e8003000-7fe7e8004000 r--s 00000000 08:03 5923568                    /home/sharmila/.gradle/caches/modules-2/files-2.1/org.springframework.boot/spring-boot-starter-tomcat/1.4.3.RELEASE/61c48035a7a3b06b42fdd07b7109e562077b3792/spring-boot-starter-tomcat-1.4.3.RELEASE.jar
7fe7e8004000-7fe7e8010000 r--s 000a4000 08:03 5923636                    /home/sharmila/.gradle/caches/modules-2/files-2.1/org.testng/testng/6.5.2/5069d2e72356ed87645c5fc3622b0bbb5e0667c9/testng-6.5.2.jar
7fe7e8010000-7fe7e81e9000 r--s 03d3e000 08:03 3569606                    /usr/lib/jvm/java-8-oracle/jre/lib/rt.jar
7fe7e81e9000-7fe7e925f000 rw-p 00000000 00:00 0 
7fe7e925f000-7fe7e9260000 ---p 00000000 00:00 0 
7fe7e9260000-7fe7e9360000 rw-p 00000000 00:00 0                          [stack:3947]
7fe7e9360000-7fe7e9361000 ---p 00000000 00:00 0 
7fe7e9361000-7fe7e9461000 rw-p 00000000 00:00 0                          [stack:3946]
7fe7e9461000-7fe7e9462000 ---p 00000000 00:00 0 
7fe7e9462000-7fe7e9562000 rw-p 00000000 00:00 0                          [stack:3945]
7fe7e9562000-7fe7e9563000 ---p 00000000 00:00 0 
7fe7e9563000-7fe7e97b9000 rw-p 00000000 00:00 0                          [stack:3944]
7fe7e97b9000-7fe7e9bb9000 ---p 00000000 00:00 0 
7fe7e9bb9000-7fe7e9d0f000 rw-p 00000000 00:00 0 
7fe7e9d0f000-7fe7ea10e000 ---p 00000000 00:00 0 
7fe7ea10e000-7fe7ea23a000 rw-p 00000000 00:00 0 
7fe7ea23a000-7fe7ea3b9000 ---p 00000000 00:00 0 
7fe7ea3b9000-7fe7ea3ef000 rw-p 00000000 00:00 0 
7fe7ea3ef000-7fe7ea77a000 ---p 00000000 00:00 0 
7fe7ea77a000-7fe7ea794000 r-xp 00000000 08:03 4870864                    /usr/lib/jvm/java-8-oracle/jre/lib/amd64/libzip.so
7fe7ea794000-7fe7ea994000 ---p 0001a000 08:03 4870864                    /usr/lib/jvm/java-8-oracle/jre/lib/amd64/libzip.so
7fe7ea994000-7fe7ea995000 rw-p 0001a000 08:03 4870864                    /usr/lib/jvm/java-8-oracle/jre/lib/amd64/libzip.so
7fe7ea995000-7fe7ea99f000 r-xp 00000000 08:03 4070135                    /lib/x86_64-linux-gnu/libnss_files-2.19.so
7fe7ea99f000-7fe7eab9e000 ---p 0000a000 08:03 4070135                    /lib/x86_64-linux-gnu/libnss_files-2.19.so
7fe7eab9e000-7fe7eab9f000 r--p 00009000 08:03 4070135                    /lib/x86_64-linux-gnu/libnss_files-2.19.so
7fe7eab9f000-7fe7eaba0000 rw-p 0000a000 08:03 4070135                    /lib/x86_64-linux-gnu/libnss_files-2.19.so
7fe7eaba0000-7fe7eabab000 r-xp 00000000 08:03 4070127                    /lib/x86_64-linux-gnu/libnss_nis-2.19.so
7fe7eabab000-7fe7eadaa000 ---p 0000b000 08:03 4070127                    /lib/x86_64-linux-gnu/libnss_nis-2.19.so
7fe7eadaa000-7fe7eadab000 r--p 0000a000 08:03 4070127                    /lib/x86_64-linux-gnu/libnss_nis-2.19.so
7fe7eadab000-7fe7eadac000 rw-p 0000b000 08:03 4070127                    /lib/x86_64-linux-gnu/libnss_nis-2.19.so
7fe7eadac000-7fe7eadc3000 r-xp 00000000 08:03 4070123                    /lib/x86_64-linux-gnu/libnsl-2.19.so
7fe7eadc3000-7fe7eafc2000 ---p 00017000 08:03 4070123                    /lib/x86_64-linux-gnu/libnsl-2.19.so
7fe7eafc2000-7fe7eafc3000 r--p 00016000 08:03 4070123                    /lib/x86_64-linux-gnu/libnsl-2.19.so
7fe7eafc3000-7fe7eafc4000 rw-p 00017000 08:03 4070123                    /lib/x86_64-linux-gnu/libnsl-2.19.so
7fe7eafc4000-7fe7eafc6000 rw-p 00000000 00:00 0 
7fe7eafc6000-7fe7eafcf000 r-xp 00000000 08:03 4070122                    /lib/x86_64-linux-gnu/libnss_compat-2.19.so
7fe7eafcf000-7fe7eb1ce000 ---p 00009000 08:03 4070122                    /lib/x86_64-linux-gnu/libnss_compat-2.19.so
7fe7eb1ce000-7fe7eb1cf000 r--p 00008000 08:03 4070122                    /lib/x86_64-linux-gnu/libnss_compat-2.19.so
7fe7eb1cf000-7fe7eb1d0000 rw-p 00009000 08:03 4070122                    /lib/x86_64-linux-gnu/libnss_compat-2.19.so
7fe7eb1d0000-7fe7eb1fb000 r-xp 00000000 08:03 4870782                    /usr/lib/jvm/java-8-oracle/jre/lib/amd64/libjava.so
7fe7eb1fb000-7fe7eb3fa000 ---p 0002b000 08:03 4870782                    /usr/lib/jvm/java-8-oracle/jre/lib/amd64/libjava.so
7fe7eb3fa000-7fe7eb3fc000 rw-p 0002a000 08:03 4870782                    /usr/lib/jvm/java-8-oracle/jre/lib/amd64/libjava.so
7fe7eb3fc000-7fe7eb409000 r-xp 00000000 08:03 4870821                    /usr/lib/jvm/java-8-oracle/jre/lib/amd64/libverify.so
7fe7eb409000-7fe7eb608000 ---p 0000d000 08:03 4870821                    /usr/lib/jvm/java-8-oracle/jre/lib/amd64/libverify.so
7fe7eb608000-7fe7eb60a000 rw-p 0000c000 08:03 4870821                    /usr/lib/jvm/java-8-oracle/jre/lib/amd64/libverify.so
7fe7eb60a000-7fe7eb611000 r-xp 00000000 08:03 4070131                    /lib/x86_64-linux-gnu/librt-2.19.so
7fe7eb611000-7fe7eb810000 ---p 00007000 08:03 4070131                    /lib/x86_64-linux-gnu/librt-2.19.so
7fe7eb810000-7fe7eb811000 r--p 00006000 08:03 4070131                    /lib/x86_64-linux-gnu/librt-2.19.so
7fe7eb811000-7fe7eb812000 rw-p 00007000 08:03 4070131                    /lib/x86_64-linux-gnu/librt-2.19.so
7fe7eb812000-7fe7eb917000 r-xp 00000000 08:03 4070117                    /lib/x86_64-linux-gnu/libm-2.19.so
7fe7eb917000-7fe7ebb16000 ---p 00105000 08:03 4070117                    /lib/x86_64-linux-gnu/libm-2.19.so
7fe7ebb16000-7fe7ebb17000 r--p 00104000 08:03 4070117                    /lib/x86_64-linux-gnu/libm-2.19.so
7fe7ebb17000-7fe7ebb18000 rw-p 00105000 08:03 4070117                    /lib/x86_64-linux-gnu/libm-2.19.so
7fe7ebb18000-7fe7ec7e6000 r-xp 00000000 08:03 5260205                    /usr/lib/jvm/java-8-oracle/jre/lib/amd64/server/libjvm.so
7fe7ec7e6000-7fe7ec9e6000 ---p 00cce000 08:03 5260205                    /usr/lib/jvm/java-8-oracle/jre/lib/amd64/server/libjvm.so
7fe7ec9e6000-7fe7ecabf000 rw-p 00cce000 08:03 5260205                    /usr/lib/jvm/java-8-oracle/jre/lib/amd64/server/libjvm.so
7fe7ecabf000-7fe7ecb0a000 rw-p 00000000 00:00 0 
7fe7ecb0a000-7fe7eccc4000 r-xp 00000000 08:03 4070132                    /lib/x86_64-linux-gnu/libc-2.19.so
7fe7eccc4000-7fe7ecec4000 ---p 001ba000 08:03 4070132                    /lib/x86_64-linux-gnu/libc-2.19.so
7fe7ecec4000-7fe7ecec8000 r--p 001ba000 08:03 4070132                    /lib/x86_64-linux-gnu/libc-2.19.so
7fe7ecec8000-7fe7ececa000 rw-p 001be000 08:03 4070132                    /lib/x86_64-linux-gnu/libc-2.19.so
7fe7ececa000-7fe7ececf000 rw-p 00000000 00:00 0 
7fe7ececf000-7fe7eced2000 r-xp 00000000 08:03 4070119                    /lib/x86_64-linux-gnu/libdl-2.19.so
7fe7eced2000-7fe7ed0d1000 ---p 00003000 08:03 4070119                    /lib/x86_64-linux-gnu/libdl-2.19.so
7fe7ed0d1000-7fe7ed0d2000 r--p 00002000 08:03 4070119                    /lib/x86_64-linux-gnu/libdl-2.19.so
7fe7ed0d2000-7fe7ed0d3000 rw-p 00003000 08:03 4070119                    /lib/x86_64-linux-gnu/libdl-2.19.so
7fe7ed0d3000-7fe7ed0e8000 r-xp 00000000 08:03 3555343                    /usr/lib/jvm/java-8-oracle/lib/amd64/jli/libjli.so
7fe7ed0e8000-7fe7ed2e8000 ---p 00015000 08:03 3555343                    /usr/lib/jvm/java-8-oracle/lib/amd64/jli/libjli.so
7fe7ed2e8000-7fe7ed2e9000 rw-p 00015000 08:03 3555343                    /usr/lib/jvm/java-8-oracle/lib/amd64/jli/libjli.so
7fe7ed2e9000-7fe7ed302000 r-xp 00000000 08:03 4070124                    /lib/x86_64-linux-gnu/libpthread-2.19.so
7fe7ed302000-7fe7ed501000 ---p 00019000 08:03 4070124                    /lib/x86_64-linux-gnu/libpthread-2.19.so
7fe7ed501000-7fe7ed502000 r--p 00018000 08:03 4070124                    /lib/x86_64-linux-gnu/libpthread-2.19.so
7fe7ed502000-7fe7ed503000 rw-p 00019000 08:03 4070124                    /lib/x86_64-linux-gnu/libpthread-2.19.so
7fe7ed503000-7fe7ed507000 rw-p 00000000 00:00 0 
7fe7ed507000-7fe7ed52a000 r-xp 00000000 08:03 4070125                    /lib/x86_64-linux-gnu/ld-2.19.so
7fe7ed52a000-7fe7ed52b000 r--s 00000000 08:03 5923567                    /home/sharmila/.gradle/caches/modules-2/files-2.1/org.springframework.boot/spring-boot-starter/1.4.3.RELEASE/c99bad104719e947b3f9aa2b7569583805e4c5d5/spring-boot-starter-1.4.3.RELEASE.jar
7fe7ed52b000-7fe7ed52c000 r--s 00000000 08:03 5923566                    /home/sharmila/.gradle/caches/modules-2/files-2.1/org.springframework.boot/spring-boot-starter-test/1.4.3.RELEASE/6e9f1dbd3f68299c0183630ef07ca430de160050/spring-boot-starter-test-1.4.3.RELEASE.jar
7fe7ed52c000-7fe7ed52d000 r--s 00000000 08:03 5923889                    /home/sharmila/.gradle/caches/modules-2/files-2.1/org.springframework.boot/spring-boot-starter-data-jpa/1.4.3.RELEASE/ffda06c2144d10239014407333c223a237b73ad7/spring-boot-starter-data-jpa-1.4.3.RELEASE.jar
7fe7ed52d000-7fe7ed600000 rw-p 00000000 00:00 0 
7fe7ed600000-7fe7ed603000 ---p 00000000 00:00 0 
7fe7ed603000-7fe7ed705000 rw-p 00000000 00:00 0                          [stack:3943]
7fe7ed705000-7fe7ed706000 r--s 00003000 08:03 5923431                    /home/sharmila/.gradle/caches/modules-2/files-2.1/org.hibernate/hibernate-gradle-plugin/5.2.3.Final/db2ad8695e48a03a566b74fb5fc07c1732c1f5e5/hibernate-gradle-plugin-5.2.3.Final.jar
7fe7ed706000-7fe7ed70b000 r--s 00309000 08:03 5923826                    /home/sharmila/.gradle/caches/modules-2/files-2.1/org.xerial/sqlite-jdbc/3.7.2/7a3d67f00508d3881650579f7f228c61bfc1b196/sqlite-jdbc-3.7.2.jar
7fe7ed70b000-7fe7ed714000 r--s 00095000 08:03 5913393                    /home/sharmila/.gradle/caches/modules-2/files-2.1/org.apache.tomcat.embed/tomcat-embed-jasper/9.0.0.M11/e2cd5a7038094195c3163532e01daf051d9265fe/tomcat-embed-jasper-9.0.0.M11.jar
7fe7ed714000-7fe7ed715000 r--s 00000000 08:03 5923565                    /home/sharmila/.gradle/caches/modules-2/files-2.1/org.springframework.boot/spring-boot-starter-web/1.4.3.RELEASE/a0dcc919eda8e8ecb6f13f52a30e6afbb8266103/spring-boot-starter-web-1.4.3.RELEASE.jar
7fe7ed715000-7fe7ed71d000 r--s 00046000 08:03 2759763                    /home/sharmila/Downloads/sts 3.6.4/sts-bundle/sts-3.6.4.RELEASE/plugins/org.testng.eclipse_6.10.0.201612030230/lib/testng-remote.jar
7fe7ed71d000-7fe7ed725000 rw-s 00000000 08:03 5917622                    /tmp/hsperfdata_sharmila/3937
7fe7ed725000-7fe7ed726000 rw-p 00000000 00:00 0 
7fe7ed726000-7fe7ed727000 r--p 00000000 00:00 0 
7fe7ed727000-7fe7ed729000 rw-p 00000000 00:00 0 
7fe7ed729000-7fe7ed72a000 r--p 00022000 08:03 4070125                    /lib/x86_64-linux-gnu/ld-2.19.so
7fe7ed72a000-7fe7ed72b000 rw-p 00023000 08:03 4070125                    /lib/x86_64-linux-gnu/ld-2.19.so
7fe7ed72b000-7fe7ed72c000 rw-p 00000000 00:00 0 
7ffe28439000-7ffe2845d000 rw-p 00000000 00:00 0                          [stack]
7ffe285b1000-7ffe285b3000 r-xp 00000000 00:00 0                          [vdso]
ffffffffff600000-ffffffffff601000 r-xp 00000000 00:00 0                  [vsyscall]

VM Arguments:
jvm_args: -ea -Xms1024m -Xmx4096m -Dfile.encoding=UTF-8 
java_command: org.testng.remote.RemoteTestNG -serport 42383 -protocol json -d /home/sharmila/Documents/work-office/TestNG_Project/test-output /tmp/testng-eclipse-1973751056/testng-customsuite.xml
java_class_path (initial): /home/sharmila/Downloads/sts 3.6.4/sts-bundle/sts-3.6.4.RELEASE/plugins/org.testng.eclipse_6.10.0.201612030230/lib/testng-remote.jar:/home/sharmila/Documents/work-office/TestNG_Project/bin:/home/sharmila/.gradle/caches/modules-2/files-2.1/org.springframework.boot/spring-boot-starter-web/1.4.3.RELEASE/a0dcc919eda8e8ecb6f13f52a30e6afbb8266103/spring-boot-starter-web-1.4.3.RELEASE.jar:/home/sharmila/.gradle/caches/modules-2/files-2.1/org.apache.tomcat.embed/tomcat-embed-jasper/9.0.0.M11/e2cd5a7038094195c3163532e01daf051d9265fe/tomcat-embed-jasper-9.0.0.M11.jar:/home/sharmila/.gradle/caches/modules-2/files-2.1/org.xerial/sqlite-jdbc/3.7.2/7a3d67f00508d3881650579f7f228c61bfc1b196/sqlite-jdbc-3.7.2.jar:/home/sharmila/.gradle/caches/modules-2/files-2.1/org.hibernate/hibernate-gradle-plugin/5.2.3.Final/db2ad8695e48a03a566b74fb5fc07c1732c1f5e5/hibernate-gradle-plugin-5.2.3.Final.jar:/home/sharmila/.gradle/caches/modules-2/files-2.1/org.springframework.boot/spring-boot-starter-data-jpa/1.4.3.RELEASE/ffda06c2144d10239014407333c223a237b73ad7/spring-boot-starter-data-jpa-1.4.3.RELEASE.jar:/home/sharmila/.gradle/caches/modules-2/files-2.1/org.testng/testng/6.5.2/5069d2e72356ed87645c5fc3622b0bbb5e0667c9/testng-6.5.2.jar:/home/sharmila/.gradle/caches/modules-2/files-2.1/org.springframework.boot/spring-boot-starter-test/1.4.3.RELEASE/6e9f1dbd3f68299c0183630ef07ca430de160050/spring-boot-starter-test-1.4.3.RELEASE.jar:/home/sharmila/.gradle/caches/modules-2/files-2.1/org.springframework.boot/spring-boot-starter/1.4.3.RELEASE/c99bad104719e947b3f9aa2b7569583805e4c5d5/spring-boot-starter-1.4.3.RELEASE.jar:/home/sharmila/.gradle/caches/modules-2/files-2.1/org.springframework.boot/spring-boot-starter-tomcat/1.4.3.RELEASE/61c48035a7a3b06b42fdd07b7109e562077b3792/spring-boot-starter-tomcat-1.4.3.RELEASE.jar:/home/sharmila/.gradle/caches/modules-2/files-2.1/org.hibernate/hibernate-validator/5.2.4.Final/fb18766b576aa6632bcfe9a20a023cbd52bf9769/hibernate-validator-5
Launcher Type: SUN_STANDARD

Environment Variables:
JAVA_HOME=/usr/lib/jvm/java-8-oracle
PATH=/usr/local/sbin:/usr/local/bin:/usr/sbin:/usr/bin:/sbin:/bin:/usr/games:/usr/local/games:/usr/lib/jvm/java-8-oracle/bin:/usr/lib/jvm/java-8-oracle/db/bin:/usr/lib/jvm/java-8-oracle/jre/bin
SHELL=/bin/bash
DISPLAY=:0.0

Signal Handlers:
SIGSEGV: [libjvm.so+0xac78c0], sa_mask[0]=11111111011111111101111111111110, sa_flags=SA_RESTART|SA_SIGINFO
SIGBUS: [libjvm.so+0xac78c0], sa_mask[0]=11111111011111111101111111111110, sa_flags=SA_RESTART|SA_SIGINFO
SIGFPE: [libjvm.so+0x920ac0], sa_mask[0]=11111111011111111101111111111110, sa_flags=SA_RESTART|SA_SIGINFO
SIGPIPE: [libjvm.so+0x920ac0], sa_mask[0]=11111111011111111101111111111110, sa_flags=SA_RESTART|SA_SIGINFO
SIGXFSZ: [libjvm.so+0x920ac0], sa_mask[0]=11111111011111111101111111111110, sa_flags=SA_RESTART|SA_SIGINFO
SIGILL: [libjvm.so+0x920ac0], sa_mask[0]=11111111011111111101111111111110, sa_flags=SA_RESTART|SA_SIGINFO
SIGUSR1: SIG_DFL, sa_mask[0]=00000000000000000000000000000000, sa_flags=none
SIGUSR2: [libjvm.so+0x922300], sa_mask[0]=00100000000000000000000000000000, sa_flags=SA_RESTART|SA_SIGINFO
SIGHUP: [libjvm.so+0x923700], sa_mask[0]=11111111011111111101111111111110, sa_flags=SA_RESTART|SA_SIGINFO
SIGINT: [libjvm.so+0x923700], sa_mask[0]=11111111011111111101111111111110, sa_flags=SA_RESTART|SA_SIGINFO
SIGTERM: [libjvm.so+0x923700], sa_mask[0]=11111111011111111101111111111110, sa_flags=SA_RESTART|SA_SIGINFO
SIGQUIT: [libjvm.so+0x923700], sa_mask[0]=11111111011111111101111111111110, sa_flags=SA_RESTART|SA_SIGINFO


---------------  S Y S T E M  ---------------

OS:DISTRIB_ID=Ubuntu
DISTRIB_RELEASE=14.04
DISTRIB_CODENAME=trusty
DISTRIB_DESCRIPTION="Ubuntu 14.04.5 LTS"

uname:Linux 3.13.0-107-generic #154-Ubuntu SMP Tue Dec 20 09:57:27 UTC 2016 x86_64
libc:glibc 2.19 NPTL 2.19 
rlimit: STACK 8192k, CORE 0k, NPROC 30712, NOFILE 4096, AS infinity
load average:0.82 0.98 0.66

/proc/meminfo:
MemTotal:        3953548 kB
MemFree:          115476 kB
Buffers:           45080 kB
Cached:           799320 kB
SwapCached:           80 kB
Active:          2510088 kB
Inactive:        1108844 kB
Active(anon):    2200268 kB
Inactive(anon):   807576 kB
Active(file):     309820 kB
Inactive(file):   301268 kB
Unevictable:         208 kB
Mlocked:             208 kB
SwapTotal:       7999484 kB
SwapFree:        7998528 kB
Dirty:               392 kB
Writeback:             0 kB
AnonPages:       2774728 kB
Mapped:           307240 kB
Shmem:            233344 kB
Slab:             104200 kB
SReclaimable:      68380 kB
SUnreclaim:        35820 kB
KernelStack:        4944 kB
PageTables:        44260 kB
NFS_Unstable:          0 kB
Bounce:                0 kB
WritebackTmp:          0 kB
CommitLimit:     9976256 kB
Committed_AS:    9043716 kB
VmallocTotal:   34359738367 kB
VmallocUsed:      400960 kB
VmallocChunk:   34359326684 kB
HardwareCorrupted:     0 kB
AnonHugePages:   1398784 kB
HugePages_Total:       0
HugePages_Free:        0
HugePages_Rsvd:        0
HugePages_Surp:        0
Hugepagesize:       2048 kB
DirectMap4k:       92332 kB
DirectMap2M:     2959360 kB
DirectMap1G:     1048576 kB


CPU:total 4 (2 cores per cpu, 2 threads per core) family 6 model 69 stepping 1, cmov, cx8, fxsr, mmx, sse, sse2, sse3, ssse3, sse4.1, sse4.2, popcnt, avx, avx2, aes, clmul, erms, lzcnt, ht, tsc, tscinvbit, bmi1, bmi2

/proc/cpuinfo:
processor	: 0
vendor_id	: GenuineIntel
cpu family	: 6
model		: 69
model name	: Intel(R) Core(TM) i5-4200U CPU @ 1.60GHz
stepping	: 1
microcode	: 0x17
cpu MHz		: 1600.000
cache size	: 3072 KB
physical id	: 0
siblings	: 4
core id		: 0
cpu cores	: 2
apicid		: 0
initial apicid	: 0
fpu		: yes
fpu_exception	: yes
cpuid level	: 13
wp		: yes
flags		: fpu vme de pse tsc msr pae mce cx8 apic sep mtrr pge mca cmov pat pse36 clflush dts acpi mmx fxsr sse sse2 ss ht tm pbe syscall nx pdpe1gb rdtscp lm constant_tsc arch_perfmon pebs bts rep_good nopl xtopology nonstop_tsc aperfmperf eagerfpu pni pclmulqdq dtes64 monitor ds_cpl vmx est tm2 ssse3 fma cx16 xtpr pdcm pcid sse4_1 sse4_2 movbe popcnt tsc_deadline_timer aes xsave avx f16c rdrand lahf_lm abm ida arat epb xsaveopt pln pts dtherm tpr_shadow vnmi flexpriority ept vpid fsgsbase tsc_adjust bmi1 avx2 smep bmi2 erms invpcid
bogomips	: 4589.73
clflush size	: 64
cache_alignment	: 64
address sizes	: 39 bits physical, 48 bits virtual
power management:

processor	: 1
vendor_id	: GenuineIntel
cpu family	: 6
model		: 69
model name	: Intel(R) Core(TM) i5-4200U CPU @ 1.60GHz
stepping	: 1
microcode	: 0x17
cpu MHz		: 1600.000
cache size	: 3072 KB
physical id	: 0
siblings	: 4
core id		: 0
cpu cores	: 2
apicid		: 1
initial apicid	: 1
fpu		: yes
fpu_exception	: yes
cpuid level	: 13
wp		: yes
flags		: fpu vme de pse tsc msr pae mce cx8 apic sep mtrr pge mca cmov pat pse36 clflush dts acpi mmx fxsr sse sse2 ss ht tm pbe syscall nx pdpe1gb rdtscp lm constant_tsc arch_perfmon pebs bts rep_good nopl xtopology nonstop_tsc aperfmperf eagerfpu pni pclmulqdq dtes64 monitor ds_cpl vmx est tm2 ssse3 fma cx16 xtpr pdcm pcid sse4_1 sse4_2 movbe popcnt tsc_deadline_timer aes xsave avx f16c rdrand lahf_lm abm ida arat epb xsaveopt pln pts dtherm tpr_shadow vnmi flexpriority ept vpid fsgsbase tsc_adjust bmi1 avx2 smep bmi2 erms invpcid
bogomips	: 4589.73
clflush size	: 64
cache_alignment	: 64
address sizes	: 39 bits physical, 48 bits virtual
power management:

processor	: 2
vendor_id	: GenuineIntel
cpu family	: 6
model		: 69
model name	: Intel(R) Core(TM) i5-4200U CPU @ 1.60GHz
stepping	: 1
microcode	: 0x17
cpu MHz		: 759.000
cache size	: 3072 KB
physical id	: 0
siblings	: 4
core id		: 1
cpu cores	: 2
apicid		: 2
initial apicid	: 2
fpu		: yes
fpu_exception	: yes
cpuid level	: 13
wp		: yes
flags		: fpu vme de pse tsc msr pae mce cx8 apic sep mtrr pge mca cmov pat pse36 clflush dts acpi mmx fxsr sse sse2 ss ht tm pbe syscall nx pdpe1gb rdtscp lm constant_tsc arch_perfmon pebs bts rep_good nopl xtopology nonstop_tsc aperfmperf eagerfpu pni pclmulqdq dtes64 monitor ds_cpl vmx est tm2 ssse3 fma cx16 xtpr pdcm pcid sse4_1 sse4_2 movbe popcnt tsc_deadline_timer aes xsave avx f16c rdrand lahf_lm abm ida arat epb xsaveopt pln pts dtherm tpr_shadow vnmi flexpriority ept vpid fsgsbase tsc_adjust bmi1 avx2 smep bmi2 erms invpcid
bogomips	: 4589.73
clflush size	: 64
cache_alignment	: 64
address sizes	: 39 bits physical, 48 bits virtual
power management:

processor	: 3
vendor_id	: GenuineIntel
cpu family	: 6
model		: 69
model name	: Intel(R) Core(TM) i5-4200U CPU @ 1.60GHz
stepping	: 1
microcode	: 0x17
cpu MHz		: 1600.000
cache size	: 3072 KB
physical id	: 0
siblings	: 4
core id		: 1
cpu cores	: 2
apicid		: 3
initial apicid	: 3
fpu		: yes
fpu_exception	: yes
cpuid level	: 13
wp		: yes
flags		: fpu vme de pse tsc msr pae mce cx8 apic sep mtrr pge mca cmov pat pse36 clflush dts acpi mmx fxsr sse sse2 ss ht tm pbe syscall nx pdpe1gb rdtscp lm constant_tsc arch_perfmon pebs bts rep_good nopl xtopology nonstop_tsc aperfmperf eagerfpu pni pclmulqdq dtes64 monitor ds_cpl vmx est tm2 ssse3 fma cx16 xtpr pdcm pcid sse4_1 sse4_2 movbe popcnt tsc_deadline_timer aes xsave avx f16c rdrand lahf_lm abm ida arat epb xsaveopt pln pts dtherm tpr_shadow vnmi flexpriority ept vpid fsgsbase tsc_adjust bmi1 avx2 smep bmi2 erms invpcid
bogomips	: 4589.73
clflush size	: 64
cache_alignment	: 64
address sizes	: 39 bits physical, 48 bits virtual
power management:



Memory: 4k page, physical 3953548k(115476k free), swap 7999484k(7998528k free)

vm_info: Java HotSpot(TM) 64-Bit Server VM (25.121-b13) for linux-amd64 JRE (1.8.0_121-b13), built on Dec 12 2016 16:36:53 by "java_re" with gcc 4.3.0 20080428 (Red Hat 4.3.0-8)

time: Mon Jan 23 18:30:27 2017
elapsed time: 8 seconds (0d 0h 0m 8s)

