#
# A fatal error has been detected by the Java Runtime Environment:
#
#  SIGSEGV (0xb) at pc=0x00007fc817976118, pid=5654, tid=0x00007fc818e7c700
#
# JRE version: Java(TM) SE Runtime Environment (8.0_121-b13) (build 1.8.0_121-b13)
# Java VM: Java HotSpot(TM) 64-Bit Server VM (25.121-b13 mixed mode linux-amd64 compressed oops)
# Problematic frame:
# V  [libjvm.so+0x6e2118]  jni_GetStringUTFChars+0xb8
#
# Failed to write core dump. Core dumps have been disabled. To enable core dumping, try "ulimit -c unlimited" before starting Java again
#
# If you would like to submit a bug report, please visit:
#   http://bugreport.java.com/bugreport/crash.jsp
#

---------------  T H R E A D  ---------------

Current thread (0x00007fc810010000):  JavaThread "main" [_thread_in_vm, id=5659, stack(0x00007fc818d7c000,0x00007fc818e7d000)]

siginfo: si_signo: 11 (SIGSEGV), si_code: 1 (SEGV_MAPERR), si_addr: 0x0000000000000000

Registers:
RAX=0x00007fc81824b550, RBX=0x0000000000000000, RCX=0x00000000f5e8a2a8, RDX=0x00007fc8182599e0
RSP=0x00007fc818e76980, RBP=0x00007fc818e76a20, RSI=0x00007fc810010000, RDI=0x00007fc818e769c0
R8 =0x00007fc801012c80, R9 =0x00000000f5e8a2a8, R10=0x0000000000000250, R11=0x00007fc8182599e8
R12=0x00007fc810010000, R13=0x0000000000000000, R14=0x00007fc818e76af8, R15=0x00007fc818e769c0
RIP=0x00007fc817976118, EFLAGS=0x0000000000010246, CSGSFS=0x6e65000000000033, ERR=0x0000000000000004
  TRAPNO=0x000000000000000e

Top of Stack: (sp=0x00007fc818e76980)
0x00007fc818e76980:   00007fc818e76a48 0000000000000000
0x00007fc818e76990:   00007fc80110e2c0 00007fc81825b800
0x00007fc818e769a0:   00007fc818e77018 00007fc801012c80
0x00007fc818e769b0:   00000000f01c1dd0 0000000050200030
0x00007fc818e769c0:   00007fc810010000 0000000000000000
0x00007fc818e769d0:   00007fc814a29480 00007fc8010082bd
0x00007fc818e769e0:   00007fc810010000 00000000f01c1dd0
0x00007fc818e769f0:   00007fc818e76a90 00007fc7c332a708
0x00007fc818e76a00:   00007fc8109766d8 0000000000000000
0x00007fc818e76a10:   00007fc818e76af8 00007fc810010000
0x00007fc818e76a20:   00007fc8100101f8 00007fc7c2f812b0
0x00007fc818e76a30:   00007fc818e76a90 00007fc8010082bd
0x00007fc818e76a40:   00007fc7c332a708 00007fc818e76ad0
0x00007fc818e76a50:   0000000000000000 00007fc7c332a700
0x00007fc818e76a60:   00007fc818e76af8 00007fc8010184cf
0x00007fc818e76a70:   0000000000000000 00007fc7c333aae0
0x00007fc818e76a80:   0000000000000000 00000000f5e8a2a8
0x00007fc818e76a90:   00007fc818e76a80 0000000000000000
0x00007fc818e76aa0:   00007fc818e76af8 00007fc7c3331bc0
0x00007fc818e76ab0:   0000000000000000 00007fc7c332a708
0x00007fc818e76ac0:   0000000000000000 00007fc818e76af0
0x00007fc818e76ad0:   00007fc818e76b58 00007fc801007dd0
0x00007fc818e76ae0:   0000000000000000 00007fc801011537
0x00007fc818e76af0:   0000000000000000 00000000f5e8a2a8
0x00007fc818e76b00:   00000000f01c1d70 00000000f01c1dd0
0x00007fc818e76b10:   00000000f5e8a2a8 00007fc818e76b08
0x00007fc818e76b20:   00007fc7c332eb7d 00007fc818e76b70
0x00007fc818e76b30:   00007fc7c3331410 0000000000000000
0x00007fc818e76b40:   00007fc7c332ebc8 00007fc818e76af0
0x00007fc818e76b50:   00007fc818e76b68 00007fc818e76bb8
0x00007fc818e76b60:   00007fc8010082bd 00000000f01c1d70
0x00007fc818e76b70:   00000000f5e8a2a8 00007fc818e76b78 

Instructions: (pc=0x00007fc817976118)
0x00007fc8179760f8:   84 24 70 02 00 00 06 00 00 00 4c 89 e6 4c 89 65
0x00007fc817976108:   c0 4c 89 ff e8 1f 01 01 00 48 8b 05 18 d0 88 00
0x00007fc817976118:   4c 8b 2b 8b 10 48 8b 05 44 fc 88 00 80 38 00 0f
0x00007fc817976128:   84 2b 01 00 00 48 63 c2 41 8b 54 05 00 85 d2 0f 

Register to memory mapping:

RAX=0x00007fc81824b550: <offset 0xfb7550> in /usr/lib/jvm/java-8-oracle/jre/lib/amd64/server/libjvm.so at 0x00007fc817294000
RBX=0x0000000000000000 is an unknown value
RCX=0x00000000f5e8a2a8 is an oop
org.sqlite.NativeDB 
 - klass: 'org/sqlite/NativeDB'
RDX=0x00007fc8182599e0: <offset 0xfc59e0> in /usr/lib/jvm/java-8-oracle/jre/lib/amd64/server/libjvm.so at 0x00007fc817294000
RSP=0x00007fc818e76980 is pointing into the stack for thread: 0x00007fc810010000
RBP=0x00007fc818e76a20 is pointing into the stack for thread: 0x00007fc810010000
RSI=0x00007fc810010000 is a thread
RDI=0x00007fc818e769c0 is pointing into the stack for thread: 0x00007fc810010000
R8 =0x00007fc801012c80 is at code_begin+0 in an Interpreter codelet
method entry point (kind = zerolocals)  [0x00007fc801012c80, 0x00007fc801013100]  1152 bytes
R9 =0x00000000f5e8a2a8 is an oop
org.sqlite.NativeDB 
 - klass: 'org/sqlite/NativeDB'
R10=0x0000000000000250 is an unknown value
R11=0x00007fc8182599e8: <offset 0xfc59e8> in /usr/lib/jvm/java-8-oracle/jre/lib/amd64/server/libjvm.so at 0x00007fc817294000
R12=0x00007fc810010000 is a thread
R13=0x0000000000000000 is an unknown value
R14=0x00007fc818e76af8 is pointing into the stack for thread: 0x00007fc810010000
R15=0x00007fc818e769c0 is pointing into the stack for thread: 0x00007fc810010000


Stack: [0x00007fc818d7c000,0x00007fc818e7d000],  sp=0x00007fc818e76980,  free space=1002k
Native frames: (J=compiled Java code, j=interpreted, Vv=VM code, C=native code)
V  [libjvm.so+0x6e2118]  jni_GetStringUTFChars+0xb8
C  [sqlite-3.7.2-libsqlitejdbc.so+0xd2b0]  Java_org_sqlite_NativeDB_prepare+0x2f

Java frames: (J=compiled Java code, j=interpreted, Vv=VM code)
j  org.sqlite.NativeDB.prepare(Ljava/lang/String;)J+0
j  org.sqlite.DB.prepare(Lorg/sqlite/Stmt;)V+21
j  org.sqlite.PrepStmt.<init>(Lorg/sqlite/Conn;Ljava/lang/String;)V+15
j  org.sqlite.Conn.prepareStatement(Ljava/lang/String;III)Ljava/sql/PreparedStatement;+14
j  org.sqlite.Conn.prepareStatement(Ljava/lang/String;II)Ljava/sql/PreparedStatement;+5
j  org.sqlite.Conn.prepareStatement(Ljava/lang/String;)Ljava/sql/PreparedStatement;+8
v  ~StubRoutines::call_stub
J 1268  sun.reflect.NativeMethodAccessorImpl.invoke0(Ljava/lang/reflect/Method;Ljava/lang/Object;[Ljava/lang/Object;)Ljava/lang/Object; (0 bytes) @ 0x00007fc80146aa77 [0x00007fc80146aa00+0x77]
J 1267 C1 sun.reflect.NativeMethodAccessorImpl.invoke(Ljava/lang/Object;[Ljava/lang/Object;)Ljava/lang/Object; (104 bytes) @ 0x00007fc80146c04c [0x00007fc80146aec0+0x118c]
J 3671 C2 sun.reflect.DelegatingMethodAccessorImpl.invoke(Ljava/lang/Object;[Ljava/lang/Object;)Ljava/lang/Object; (10 bytes) @ 0x00007fc8017a8564 [0x00007fc8017a8520+0x44]
J 3690 C1 java.lang.reflect.Method.invoke(Ljava/lang/Object;[Ljava/lang/Object;)Ljava/lang/Object; (62 bytes) @ 0x00007fc801b8a70c [0x00007fc801b8a320+0x3ec]
j  org.apache.tomcat.jdbc.pool.ProxyConnection.invoke(Ljava/lang/Object;Ljava/lang/reflect/Method;[Ljava/lang/Object;)Ljava/lang/Object;+237
j  org.apache.tomcat.jdbc.pool.JdbcInterceptor.invoke(Ljava/lang/Object;Ljava/lang/reflect/Method;[Ljava/lang/Object;)Ljava/lang/Object;+14
j  org.apache.tomcat.jdbc.pool.DisposableConnectionFacade.invoke(Ljava/lang/Object;Ljava/lang/reflect/Method;[Ljava/lang/Object;)Ljava/lang/Object;+93
j  com.sun.proxy.$Proxy83.prepareStatement(Ljava/lang/String;)Ljava/sql/PreparedStatement;+16
j  org.hibernate.engine.jdbc.internal.StatementPreparerImpl$1.doPrepare()Ljava/sql/PreparedStatement;+37
j  org.hibernate.engine.jdbc.internal.StatementPreparerImpl$StatementPreparationTemplate.prepareStatement()Ljava/sql/PreparedStatement;+45
j  org.hibernate.engine.jdbc.internal.StatementPreparerImpl.prepareStatement(Ljava/lang/String;)Ljava/sql/PreparedStatement;+6
j  org.hibernate.id.SequenceGenerator.generateHolder(Lorg/hibernate/engine/spi/SessionImplementor;)Lorg/hibernate/id/IntegralDataTypeHolder;+15
j  org.hibernate.id.SequenceHiLoGenerator$1.getNextValue()Lorg/hibernate/id/IntegralDataTypeHolder;+8
j  org.hibernate.id.enhanced.LegacyHiLoAlgorithmOptimizer.generate(Lorg/hibernate/id/enhanced/AccessCallback;)Ljava/io/Serializable;+25
j  org.hibernate.id.SequenceHiLoGenerator.generate(Lorg/hibernate/engine/spi/SessionImplementor;Ljava/lang/Object;)Ljava/io/Serializable;+53
j  org.hibernate.event.internal.AbstractSaveEventListener.saveWithGeneratedId(Ljava/lang/Object;Ljava/lang/String;Ljava/lang/Object;Lorg/hibernate/event/spi/EventSource;Z)Ljava/io/Serializable;+21
j  org.hibernate.jpa.event.internal.core.JpaMergeEventListener.saveWithGeneratedId(Ljava/lang/Object;Ljava/lang/String;Ljava/lang/Object;Lorg/hibernate/event/spi/EventSource;Z)Ljava/io/Serializable;+18
j  org.hibernate.event.internal.DefaultMergeEventListener.saveTransientEntity(Ljava/lang/Object;Ljava/lang/String;Ljava/io/Serializable;Lorg/hibernate/event/spi/EventSource;Ljava/util/Map;)V+12
j  org.hibernate.event.internal.DefaultMergeEventListener.entityIsTransient(Lorg/hibernate/event/spi/MergeEvent;Ljava/util/Map;)V+163
j  org.hibernate.event.internal.DefaultMergeEventListener.entityIsDetached(Lorg/hibernate/event/spi/MergeEvent;Ljava/util/Map;)V+201
j  org.hibernate.event.internal.DefaultMergeEventListener.onMerge(Lorg/hibernate/event/spi/MergeEvent;Ljava/util/Map;)V+343
j  org.hibernate.event.internal.DefaultMergeEventListener.onMerge(Lorg/hibernate/event/spi/MergeEvent;)V+30
j  org.hibernate.internal.SessionImpl.fireMerge(Lorg/hibernate/event/spi/MergeEvent;)Ljava/lang/Object;+46
j  org.hibernate.internal.SessionImpl.merge(Ljava/lang/String;Ljava/lang/Object;)Ljava/lang/Object;+11
j  org.hibernate.internal.SessionImpl.merge(Ljava/lang/Object;)Ljava/lang/Object;+3
j  org.hibernate.jpa.spi.AbstractEntityManagerImpl.merge(Ljava/lang/Object;)Ljava/lang/Object;+9
v  ~StubRoutines::call_stub
J 1268  sun.reflect.NativeMethodAccessorImpl.invoke0(Ljava/lang/reflect/Method;Ljava/lang/Object;[Ljava/lang/Object;)Ljava/lang/Object; (0 bytes) @ 0x00007fc80146aa77 [0x00007fc80146aa00+0x77]
J 1267 C1 sun.reflect.NativeMethodAccessorImpl.invoke(Ljava/lang/Object;[Ljava/lang/Object;)Ljava/lang/Object; (104 bytes) @ 0x00007fc80146c04c [0x00007fc80146aec0+0x118c]
J 3671 C2 sun.reflect.DelegatingMethodAccessorImpl.invoke(Ljava/lang/Object;[Ljava/lang/Object;)Ljava/lang/Object; (10 bytes) @ 0x00007fc8017a8564 [0x00007fc8017a8520+0x44]
J 3690 C1 java.lang.reflect.Method.invoke(Ljava/lang/Object;[Ljava/lang/Object;)Ljava/lang/Object; (62 bytes) @ 0x00007fc801b8a70c [0x00007fc801b8a320+0x3ec]
j  org.springframework.orm.jpa.SharedEntityManagerCreator$SharedEntityManagerInvocationHandler.invoke(Ljava/lang/Object;Ljava/lang/reflect/Method;[Ljava/lang/Object;)Ljava/lang/Object;+495
j  com.sun.proxy.$Proxy92.merge(Ljava/lang/Object;)Ljava/lang/Object;+16
j  org.springframework.data.jpa.repository.support.SimpleJpaRepository.save(Ljava/lang/Object;)Ljava/lang/Object;+30
v  ~StubRoutines::call_stub
J 1268  sun.reflect.NativeMethodAccessorImpl.invoke0(Ljava/lang/reflect/Method;Ljava/lang/Object;[Ljava/lang/Object;)Ljava/lang/Object; (0 bytes) @ 0x00007fc80146aa77 [0x00007fc80146aa00+0x77]
J 1267 C1 sun.reflect.NativeMethodAccessorImpl.invoke(Ljava/lang/Object;[Ljava/lang/Object;)Ljava/lang/Object; (104 bytes) @ 0x00007fc80146c04c [0x00007fc80146aec0+0x118c]
J 3671 C2 sun.reflect.DelegatingMethodAccessorImpl.invoke(Ljava/lang/Object;[Ljava/lang/Object;)Ljava/lang/Object; (10 bytes) @ 0x00007fc8017a8564 [0x00007fc8017a8520+0x44]
J 3690 C1 java.lang.reflect.Method.invoke(Ljava/lang/Object;[Ljava/lang/Object;)Ljava/lang/Object; (62 bytes) @ 0x00007fc801b8a70c [0x00007fc801b8a320+0x3ec]
j  org.springframework.data.repository.core.support.RepositoryFactorySupport$QueryExecutorMethodInterceptor.executeMethodOn(Ljava/lang/Object;Ljava/lang/reflect/Method;[Ljava/lang/Object;)Ljava/lang/Object;+3
j  org.springframework.data.repository.core.support.RepositoryFactorySupport$QueryExecutorMethodInterceptor.doInvoke(Lorg/aopalliance/intercept/MethodInvocation;)Ljava/lang/Object;+94
j  org.springframework.data.repository.core.support.RepositoryFactorySupport$QueryExecutorMethodInterceptor.invoke(Lorg/aopalliance/intercept/MethodInvocation;)Ljava/lang/Object;+2
j  org.springframework.aop.framework.ReflectiveMethodInvocation.proceed()Ljava/lang/Object;+101
j  org.springframework.data.projection.DefaultMethodInvokingMethodInterceptor.invoke(Lorg/aopalliance/intercept/MethodInvocation;)Ljava/lang/Object;+15
j  org.springframework.aop.framework.ReflectiveMethodInvocation.proceed()Ljava/lang/Object;+101
j  org.springframework.transaction.interceptor.TransactionInterceptor$1.proceedWithInvocation()Ljava/lang/Object;+4
j  org.springframework.transaction.interceptor.TransactionAspectSupport.invokeWithinTransaction(Ljava/lang/reflect/Method;Ljava/lang/Class;Lorg/springframework/transaction/interceptor/TransactionAspectSupport$InvocationCallback;)Ljava/lang/Object;+60
j  org.springframework.transaction.interceptor.TransactionInterceptor.invoke(Lorg/aopalliance/intercept/MethodInvocation;)Ljava/lang/Object;+40
j  org.springframework.aop.framework.ReflectiveMethodInvocation.proceed()Ljava/lang/Object;+101
j  org.springframework.dao.support.PersistenceExceptionTranslationInterceptor.invoke(Lorg/aopalliance/intercept/MethodInvocation;)Ljava/lang/Object;+1
j  org.springframework.aop.framework.ReflectiveMethodInvocation.proceed()Ljava/lang/Object;+101
j  org.springframework.data.jpa.repository.support.CrudMethodMetadataPostProcessor$CrudMethodMetadataPopulatingMethodInterceptor.invoke(Lorg/aopalliance/intercept/MethodInvocation;)Ljava/lang/Object;+89
j  org.springframework.aop.framework.ReflectiveMethodInvocation.proceed()Ljava/lang/Object;+101
j  org.springframework.aop.interceptor.ExposeInvocationInterceptor.invoke(Lorg/aopalliance/intercept/MethodInvocation;)Ljava/lang/Object;+18
j  org.springframework.aop.framework.ReflectiveMethodInvocation.proceed()Ljava/lang/Object;+101
j  org.springframework.aop.framework.JdkDynamicAopProxy.invoke(Ljava/lang/Object;Ljava/lang/reflect/Method;[Ljava/lang/Object;)Ljava/lang/Object;+385
j  com.sun.proxy.$Proxy94.save(Ljava/lang/Object;)Ljava/lang/Object;+16
j  com.example.api.service.BookService.save(Lcom/example/entity/Book;)Lcom/example/entity/Book;+5
j  com.example.crudtest.CRUDTest.insertOperation()V+25
v  ~StubRoutines::call_stub
J 1268  sun.reflect.NativeMethodAccessorImpl.invoke0(Ljava/lang/reflect/Method;Ljava/lang/Object;[Ljava/lang/Object;)Ljava/lang/Object; (0 bytes) @ 0x00007fc80146aa77 [0x00007fc80146aa00+0x77]
J 1267 C1 sun.reflect.NativeMethodAccessorImpl.invoke(Ljava/lang/Object;[Ljava/lang/Object;)Ljava/lang/Object; (104 bytes) @ 0x00007fc80146c04c [0x00007fc80146aec0+0x118c]
J 3671 C2 sun.reflect.DelegatingMethodAccessorImpl.invoke(Ljava/lang/Object;[Ljava/lang/Object;)Ljava/lang/Object; (10 bytes) @ 0x00007fc8017a8564 [0x00007fc8017a8520+0x44]
J 3690 C1 java.lang.reflect.Method.invoke(Ljava/lang/Object;[Ljava/lang/Object;)Ljava/lang/Object; (62 bytes) @ 0x00007fc801b8a70c [0x00007fc801b8a320+0x3ec]
j  org.testng.internal.MethodInvocationHelper.invokeMethod(Ljava/lang/reflect/Method;Ljava/lang/Object;[Ljava/lang/Object;)Ljava/lang/Object;+242
j  org.testng.internal.MethodInvocationHelper$1.runTestMethod(Lorg/testng/ITestResult;)V+12
j  org.springframework.test.context.testng.AbstractTestNGSpringContextTests.run(Lorg/testng/IHookCallBack;Lorg/testng/ITestResult;)V+2
v  ~StubRoutines::call_stub
J 1268  sun.reflect.NativeMethodAccessorImpl.invoke0(Ljava/lang/reflect/Method;Ljava/lang/Object;[Ljava/lang/Object;)Ljava/lang/Object; (0 bytes) @ 0x00007fc80146aa77 [0x00007fc80146aa00+0x77]
J 1267 C1 sun.reflect.NativeMethodAccessorImpl.invoke(Ljava/lang/Object;[Ljava/lang/Object;)Ljava/lang/Object; (104 bytes) @ 0x00007fc80146c04c [0x00007fc80146aec0+0x118c]
J 3671 C2 sun.reflect.DelegatingMethodAccessorImpl.invoke(Ljava/lang/Object;[Ljava/lang/Object;)Ljava/lang/Object; (10 bytes) @ 0x00007fc8017a8564 [0x00007fc8017a8520+0x44]
J 3690 C1 java.lang.reflect.Method.invoke(Ljava/lang/Object;[Ljava/lang/Object;)Ljava/lang/Object; (62 bytes) @ 0x00007fc801b8a70c [0x00007fc801b8a320+0x3ec]
j  org.testng.internal.MethodInvocationHelper.invokeHookable(Ljava/lang/Object;[Ljava/lang/Object;Ljava/lang/Object;Ljava/lang/reflect/Method;Lorg/testng/internal/TestResult;)V+64
j  org.testng.internal.Invoker.invokeMethod([Ljava/lang/Object;ILorg/testng/ITestNGMethod;[Ljava/lang/Object;ILorg/testng/xml/XmlSuite;Ljava/util/Map;Lorg/testng/ITestClass;[Lorg/testng/ITestNGMethod;[Lorg/testng/ITestNGMethod;Lorg/testng/internal/ConfigurationGroupMethods;)Lorg/testng/ITestResult;+280
j  org.testng.internal.Invoker.invokeTestMethod([Ljava/lang/Object;Lorg/testng/ITestNGMethod;[Ljava/lang/Object;ILorg/testng/xml/XmlSuite;Ljava/util/Map;Lorg/testng/ITestClass;[Lorg/testng/ITestNGMethod;[Lorg/testng/ITestNGMethod;Lorg/testng/internal/ConfigurationGroupMethods;)Ljava/util/List;+46
j  org.testng.internal.Invoker.invokeTestMethods(Lorg/testng/ITestNGMethod;[Lorg/testng/ITestNGMethod;ILorg/testng/xml/XmlSuite;Ljava/util/Map;Lorg/testng/internal/ConfigurationGroupMethods;[Ljava/lang/Object;Lorg/testng/ITestContext;)Ljava/util/List;+705
j  org.testng.internal.TestMethodWorker.invokeTestMethods(Lorg/testng/ITestNGMethod;[Ljava/lang/Object;Lorg/testng/ITestContext;)V+32
j  org.testng.internal.TestMethodWorker.run()V+60
j  org.testng.TestRunner.privateRun(Lorg/testng/xml/XmlTest;)V+349
j  org.testng.TestRunner.run()V+26
j  org.testng.SuiteRunner.runTest(Lorg/testng/TestRunner;)V+1
j  org.testng.SuiteRunner.runSequentially()V+31
j  org.testng.SuiteRunner.privateRun()V+281
j  org.testng.SuiteRunner.run()V+6
j  org.testng.SuiteRunnerWorker.runSuite(Lorg/testng/internal/SuiteRunnerMap;Lorg/testng/xml/XmlSuite;)V+96
j  org.testng.SuiteRunnerWorker.run()V+12
j  org.testng.TestNG.runSuitesSequentially(Lorg/testng/xml/XmlSuite;Lorg/testng/internal/SuiteRunnerMap;ILjava/lang/String;)V+66
j  org.testng.TestNG.runSuitesLocally()Ljava/util/List;+117
j  org.testng.TestNG.run()V+77
j  org.testng.remote.AbstractRemoteTestNG.run()V+163
j  org.testng.remote.RemoteTestNG.initAndRun(Lorg/testng/remote/IRemoteTestNG;[Ljava/lang/String;Lorg/testng/CommandLineArgs;Lorg/testng/remote/RemoteArgs;)V+184
j  org.testng.remote.RemoteTestNG.main([Ljava/lang/String;)V+218
v  ~StubRoutines::call_stub

---------------  P R O C E S S  ---------------

Java Threads: ( => current thread )
  0x00007fc81154c000 JavaThread "http-nio-auto-1-33342-AsyncTimeout" daemon [_thread_blocked, id=5705, stack(0x00007fc7c226f000,0x00007fc7c2370000)]
  0x00007fc81154a000 JavaThread "http-nio-auto-1-Acceptor-0" daemon [_thread_in_native, id=5704, stack(0x00007fc7c2370000,0x00007fc7c2471000)]
  0x00007fc811547800 JavaThread "http-nio-auto-1-ClientPoller-1" daemon [_thread_in_native, id=5703, stack(0x00007fc7c2471000,0x00007fc7c2572000)]
  0x00007fc811539800 JavaThread "http-nio-auto-1-ClientPoller-0" daemon [_thread_in_native, id=5702, stack(0x00007fc7c2572000,0x00007fc7c2673000)]
  0x00007fc811527000 JavaThread "NioBlockingSelector.BlockPoller-1" daemon [_thread_in_native, id=5701, stack(0x00007fc7c2673000,0x00007fc7c2774000)]
  0x00007fc810cb5800 JavaThread "Tomcat JDBC Pool Cleaner[865113938:1485165886500]" daemon [_thread_blocked, id=5697, stack(0x00007fc7c31fc000,0x00007fc7c32fd000)]
  0x00007fc81094b000 JavaThread "container-0" [_thread_blocked, id=5695, stack(0x00007fc7c36fd000,0x00007fc7c37fe000)]
  0x00007fc810949800 JavaThread "ContainerBackgroundProcessor[StandardEngine[Tomcat]]" daemon [_thread_blocked, id=5694, stack(0x00007fc7c37fe000,0x00007fc7c38ff000)]
  0x00007fc7bc0a3000 JavaThread "localhost-startStop-1" daemon [_thread_blocked, id=5692, stack(0x00007fc7c3aff000,0x00007fc7c3c00000)]
  0x00007fc810948800 JavaThread "Tomcat-startStop-1" daemon [_thread_blocked, id=5691, stack(0x00007fc7f0b35000,0x00007fc7f0c36000)]
  0x00007fc8104b2800 JavaThread "ReaderThread" [_thread_in_native, id=5677, stack(0x00007fc7f1443000,0x00007fc7f1544000)]
  0x00007fc8100c7000 JavaThread "Service Thread" daemon [_thread_blocked, id=5674, stack(0x00007fc7f19ec000,0x00007fc7f1aed000)]
  0x00007fc8100c4000 JavaThread "C1 CompilerThread2" daemon [_thread_blocked, id=5673, stack(0x00007fc8000f1000,0x00007fc8001f2000)]
  0x00007fc8100c2000 JavaThread "C2 CompilerThread1" daemon [_thread_in_native, id=5672, stack(0x00007fc8001f2000,0x00007fc8002f3000)]
  0x00007fc8100bf000 JavaThread "C2 CompilerThread0" daemon [_thread_in_native, id=5671, stack(0x00007fc8002f3000,0x00007fc8003f4000)]
  0x00007fc8100be000 JavaThread "Signal Dispatcher" daemon [_thread_blocked, id=5670, stack(0x00007fc8003f4000,0x00007fc8004f5000)]
  0x00007fc81008a000 JavaThread "Finalizer" daemon [_thread_blocked, id=5669, stack(0x00007fc8004f5000,0x00007fc8005f6000)]
  0x00007fc810085800 JavaThread "Reference Handler" daemon [_thread_blocked, id=5668, stack(0x00007fc8005f6000,0x00007fc8006f7000)]
=>0x00007fc810010000 JavaThread "main" [_thread_in_vm, id=5659, stack(0x00007fc818d7c000,0x00007fc818e7d000)]

Other Threads:
  0x00007fc81007e000 VMThread [stack: 0x00007fc8006f7000,0x00007fc8007f8000] [id=5667]
  0x00007fc8100ca000 WatcherThread [stack: 0x00007fc7f18eb000,0x00007fc7f19ec000] [id=5675]

VM state:not at safepoint (normal execution)

VM Mutex/Monitor currently owned by a thread: None

Heap:
 PSYoungGen      total 156672K, used 80521K [0x00000000ebe00000, 0x00000000f6500000, 0x0000000100000000)
  eden space 146944K, 48% used [0x00000000ebe00000,0x00000000f032a458,0x00000000f4d80000)
  from space 9728K, 99% used [0x00000000f5b80000,0x00000000f64f82e8,0x00000000f6500000)
  to   space 11776K, 0% used [0x00000000f4e00000,0x00000000f4e00000,0x00000000f5980000)
 ParOldGen       total 59392K, used 23716K [0x00000000c3a00000, 0x00000000c7400000, 0x00000000ebe00000)
  object space 59392K, 39% used [0x00000000c3a00000,0x00000000c5129370,0x00000000c7400000)
 Metaspace       used 45262K, capacity 45624K, committed 46080K, reserved 1089536K
  class space    used 5918K, capacity 6029K, committed 6144K, reserved 1048576K

Card table byte_map: [0x00007fc815952000,0x00007fc815b36000] byte_map_base: 0x00007fc815335000

Marking Bits: (ParMarkBitMap*) 0x00007fc818258c80
 Begin Bits: [0x00007fc7f21d0000, 0x00007fc7f30e8000)
 End Bits:   [0x00007fc7f30e8000, 0x00007fc7f4000000)

Polling page: 0x00007fc818ea2000

CodeCache: size=245760Kb used=13651Kb max_used=13755Kb free=232109Kb
 bounds [0x00007fc801000000, 0x00007fc801d80000, 0x00007fc810000000]
 total_blobs=3968 nmethods=3492 adapters=389
 compilation: enabled

Compilation events (10 events):
Event: 18.652 Thread 0x00007fc8100c4000 4156       2       java.util.Collections$EmptyList::iterator (4 bytes)
Event: 18.653 Thread 0x00007fc8100c4000 nmethod 4156 0x00007fc8015a2d90 code [0x00007fc8015a2ee0, 0x00007fc8015a3030]
Event: 18.654 Thread 0x00007fc8100c4000 4157       1       org.testng.shaded.com.google.gson.reflect.TypeToken::hashCode (5 bytes)
Event: 18.654 Thread 0x00007fc8100c4000 nmethod 4157 0x00007fc80167b990 code [0x00007fc80167bae0, 0x00007fc80167bbf0]
Event: 18.656 Thread 0x00007fc8100c4000 4158       2       java.io.BufferedWriter::ensureOpen (18 bytes)
Event: 18.656 Thread 0x00007fc8100c4000 nmethod 4158 0x00007fc801559ed0 code [0x00007fc80155a040, 0x00007fc80155a248]
Event: 18.697 Thread 0x00007fc8100c4000 4159       2       org.hibernate.service.internal.ConcurrentServiceBinding::hashKey (5 bytes)
Event: 18.697 Thread 0x00007fc8100c4000 nmethod 4159 0x00007fc80174dad0 code [0x00007fc80174dc40, 0x00007fc80174dda8]
Event: 18.698 Thread 0x00007fc8100c4000 4160       2       sun.reflect.NativeMethodAccessorImpl::setParent (6 bytes)
Event: 18.698 Thread 0x00007fc8100c4000 nmethod 4160 0x00007fc8015e4c50 code [0x00007fc8015e4da0, 0x00007fc8015e4f10]

GC Heap History (10 events):
Event: 10.045 GC heap before
{Heap before GC invocations=12 (full 1):
 PSYoungGen      total 92672K, used 88502K [0x00000000ebe00000, 0x00000000f2380000, 0x0000000100000000)
  eden space 82944K, 100% used [0x00000000ebe00000,0x00000000f0f00000,0x00000000f0f00000)
  from space 9728K, 57% used [0x00000000f1880000,0x00000000f1ded9e0,0x00000000f2200000)
  to   space 9728K, 0% used [0x00000000f0f00000,0x00000000f0f00000,0x00000000f1880000)
 ParOldGen       total 38912K, used 12369K [0x00000000c3a00000, 0x00000000c6000000, 0x00000000ebe00000)
  object space 38912K, 31% used [0x00000000c3a00000,0x00000000c4614648,0x00000000c6000000)
 Metaspace       used 27696K, capacity 27970K, committed 28160K, reserved 1073152K
  class space    used 3451K, capacity 3540K, committed 3584K, reserved 1048576K
Event: 10.063 GC heap after
Heap after GC invocations=12 (full 1):
 PSYoungGen      total 92672K, used 6288K [0x00000000ebe00000, 0x00000000f3f80000, 0x0000000100000000)
  eden space 82944K, 0% used [0x00000000ebe00000,0x00000000ebe00000,0x00000000f0f00000)
  from space 9728K, 64% used [0x00000000f0f00000,0x00000000f15242c8,0x00000000f1880000)
  to   space 9728K, 0% used [0x00000000f3600000,0x00000000f3600000,0x00000000f3f80000)
 ParOldGen       total 38912K, used 13960K [0x00000000c3a00000, 0x00000000c6000000, 0x00000000ebe00000)
  object space 38912K, 35% used [0x00000000c3a00000,0x00000000c47a2190,0x00000000c6000000)
 Metaspace       used 27696K, capacity 27970K, committed 28160K, reserved 1073152K
  class space    used 3451K, capacity 3540K, committed 3584K, reserved 1048576K
}
Event: 11.758 GC heap before
{Heap before GC invocations=13 (full 1):
 PSYoungGen      total 92672K, used 89232K [0x00000000ebe00000, 0x00000000f3f80000, 0x0000000100000000)
  eden space 82944K, 100% used [0x00000000ebe00000,0x00000000f0f00000,0x00000000f0f00000)
  from space 9728K, 64% used [0x00000000f0f00000,0x00000000f15242c8,0x00000000f1880000)
  to   space 9728K, 0% used [0x00000000f3600000,0x00000000f3600000,0x00000000f3f80000)
 ParOldGen       total 38912K, used 13960K [0x00000000c3a00000, 0x00000000c6000000, 0x00000000ebe00000)
  object space 38912K, 35% used [0x00000000c3a00000,0x00000000c47a2190,0x00000000c6000000)
 Metaspace       used 30399K, capacity 30722K, committed 31104K, reserved 1077248K
  class space    used 3768K, capacity 3860K, committed 3968K, reserved 1048576K
Event: 11.778 GC heap after
Heap after GC invocations=13 (full 1):
 PSYoungGen      total 120832K, used 5244K [0x00000000ebe00000, 0x00000000f3e00000, 0x0000000100000000)
  eden space 112640K, 0% used [0x00000000ebe00000,0x00000000ebe00000,0x00000000f2c00000)
  from space 8192K, 64% used [0x00000000f3600000,0x00000000f3b1f2e0,0x00000000f3e00000)
  to   space 9216K, 0% used [0x00000000f2c00000,0x00000000f2c00000,0x00000000f3500000)
 ParOldGen       total 38912K, used 16724K [0x00000000c3a00000, 0x00000000c6000000, 0x00000000ebe00000)
  object space 38912K, 42% used [0x00000000c3a00000,0x00000000c4a551f0,0x00000000c6000000)
 Metaspace       used 30399K, capacity 30722K, committed 31104K, reserved 1077248K
  class space    used 3768K, capacity 3860K, committed 3968K, reserved 1048576K
}
Event: 14.304 GC heap before
{Heap before GC invocations=14 (full 1):
 PSYoungGen      total 120832K, used 87967K [0x00000000ebe00000, 0x00000000f3e00000, 0x0000000100000000)
  eden space 112640K, 73% used [0x00000000ebe00000,0x00000000f0ec8cd8,0x00000000f2c00000)
  from space 8192K, 64% used [0x00000000f3600000,0x00000000f3b1f2e0,0x00000000f3e00000)
  to   space 9216K, 0% used [0x00000000f2c00000,0x00000000f2c00000,0x00000000f3500000)
 ParOldGen       total 38912K, used 16724K [0x00000000c3a00000, 0x00000000c6000000, 0x00000000ebe00000)
  object space 38912K, 42% used [0x00000000c3a00000,0x00000000c4a551f0,0x00000000c6000000)
 Metaspace       used 35081K, capacity 35362K, committed 35496K, reserved 1081344K
  class space    used 4502K, capacity 4580K, committed 4608K, reserved 1048576K
Event: 14.328 GC heap after
Heap after GC invocations=14 (full 1):
 PSYoungGen      total 121856K, used 6703K [0x00000000ebe00000, 0x00000000f6500000, 0x0000000100000000)
  eden space 112640K, 0% used [0x00000000ebe00000,0x00000000ebe00000,0x00000000f2c00000)
  from space 9216K, 72% used [0x00000000f2c00000,0x00000000f328be18,0x00000000f3500000)
  to   space 9728K, 0% used [0x00000000f5b80000,0x00000000f5b80000,0x00000000f6500000)
 ParOldGen       total 38912K, used 19045K [0x00000000c3a00000, 0x00000000c6000000, 0x00000000ebe00000)
  object space 38912K, 48% used [0x00000000c3a00000,0x00000000c4c994f8,0x00000000c6000000)
 Metaspace       used 35081K, capacity 35362K, committed 35496K, reserved 1081344K
  class space    used 4502K, capacity 4580K, committed 4608K, reserved 1048576K
}
Event: 14.328 GC heap before
{Heap before GC invocations=15 (full 2):
 PSYoungGen      total 121856K, used 6703K [0x00000000ebe00000, 0x00000000f6500000, 0x0000000100000000)
  eden space 112640K, 0% used [0x00000000ebe00000,0x00000000ebe00000,0x00000000f2c00000)
  from space 9216K, 72% used [0x00000000f2c00000,0x00000000f328be18,0x00000000f3500000)
  to   space 9728K, 0% used [0x00000000f5b80000,0x00000000f5b80000,0x00000000f6500000)
 ParOldGen       total 38912K, used 19045K [0x00000000c3a00000, 0x00000000c6000000, 0x00000000ebe00000)
  object space 38912K, 48% used [0x00000000c3a00000,0x00000000c4c994f8,0x00000000c6000000)
 Metaspace       used 35081K, capacity 35362K, committed 35496K, reserved 1081344K
  class space    used 4502K, capacity 4580K, committed 4608K, reserved 1048576K
Event: 14.424 GC heap after
Heap after GC invocations=15 (full 2):
 PSYoungGen      total 121856K, used 0K [0x00000000ebe00000, 0x00000000f6500000, 0x0000000100000000)
  eden space 112640K, 0% used [0x00000000ebe00000,0x00000000ebe00000,0x00000000f2c00000)
  from space 9216K, 0% used [0x00000000f2c00000,0x00000000f2c00000,0x00000000f3500000)
  to   space 9728K, 0% used [0x00000000f5b80000,0x00000000f5b80000,0x00000000f6500000)
 ParOldGen       total 59392K, used 21983K [0x00000000c3a00000, 0x00000000c7400000, 0x00000000ebe00000)
  object space 59392K, 37% used [0x00000000c3a00000,0x00000000c4f77e58,0x00000000c7400000)
 Metaspace       used 35081K, capacity 35362K, committed 35496K, reserved 1081344K
  class space    used 4502K, capacity 4580K, committed 4608K, reserved 1048576K
}
Event: 17.624 GC heap before
{Heap before GC invocations=16 (full 2):
 PSYoungGen      total 121856K, used 112640K [0x00000000ebe00000, 0x00000000f6500000, 0x0000000100000000)
  eden space 112640K, 100% used [0x00000000ebe00000,0x00000000f2c00000,0x00000000f2c00000)
  from space 9216K, 0% used [0x00000000f2c00000,0x00000000f2c00000,0x00000000f3500000)
  to   space 9728K, 0% used [0x00000000f5b80000,0x00000000f5b80000,0x00000000f6500000)
 ParOldGen       total 59392K, used 21983K [0x00000000c3a00000, 0x00000000c7400000, 0x00000000ebe00000)
  object space 59392K, 37% used [0x00000000c3a00000,0x00000000c4f77e58,0x00000000c7400000)
 Metaspace       used 43462K, capacity 43764K, committed 44032K, reserved 1087488K
  class space    used 5688K, capacity 5799K, committed 5888K, reserved 1048576K
Event: 17.647 GC heap after
Heap after GC invocations=16 (full 2):
 PSYoungGen      total 156672K, used 9696K [0x00000000ebe00000, 0x00000000f6500000, 0x0000000100000000)
  eden space 146944K, 0% used [0x00000000ebe00000,0x00000000ebe00000,0x00000000f4d80000)
  from space 9728K, 99% used [0x00000000f5b80000,0x00000000f64f82e8,0x00000000f6500000)
  to   space 11776K, 0% used [0x00000000f4e00000,0x00000000f4e00000,0x00000000f5980000)
 ParOldGen       total 59392K, used 23716K [0x00000000c3a00000, 0x00000000c7400000, 0x00000000ebe00000)
  object space 59392K, 39% used [0x00000000c3a00000,0x00000000c5129370,0x00000000c7400000)
 Metaspace       used 43462K, capacity 43764K, committed 44032K, reserved 1087488K
  class space    used 5688K, capacity 5799K, committed 5888K, reserved 1048576K
}

Deoptimization events (10 events):
Event: 17.328 Thread 0x00007fc810010000 Uncommon trap: reason=unloaded action=reinterpret pc=0x00007fc801472094 method=java.util.regex.Pattern.compile()V @ 352
Event: 17.354 Thread 0x00007fc810010000 Uncommon trap: reason=bimorphic action=maybe_recompile pc=0x00007fc801af7348 method=java.util.regex.Pattern$Curly.match(Ljava/util/regex/Matcher;ILjava/lang/CharSequence;)Z @ 19
Event: 17.378 Thread 0x00007fc810010000 Uncommon trap: reason=unstable_if action=reinterpret pc=0x00007fc801b7c690 method=java.util.concurrent.ConcurrentHashMap.transfer([Ljava/util/concurrent/ConcurrentHashMap$Node;[Ljava/util/concurrent/ConcurrentHashMap$Node;)V @ 356
Event: 17.379 Thread 0x00007fc810010000 Uncommon trap: reason=unstable_if action=reinterpret pc=0x00007fc801b7ab8c method=java.util.concurrent.ConcurrentHashMap.transfer([Ljava/util/concurrent/ConcurrentHashMap$Node;[Ljava/util/concurrent/ConcurrentHashMap$Node;)V @ 356
Event: 17.724 Thread 0x00007fc810010000 Uncommon trap: reason=null_check action=make_not_entrant pc=0x00007fc8017e2210 method=org.springframework.core.annotation.AnnotatedElementUtils.searchWithGetSemanticsInAnnotations(Ljava/lang/reflect/AnnotatedElement;Ljava/util/List;Ljava/lang/Class;Ljava/
Event: 18.224 Thread 0x00007fc810010000 Uncommon trap: reason=unstable_if action=reinterpret pc=0x00007fc8017f3048 method=java.lang.reflect.Modifier.toString(I)Ljava/lang/String; @ 123
Event: 18.224 Thread 0x00007fc810010000 Uncommon trap: reason=unstable_if action=reinterpret pc=0x00007fc801cd0b04 method=java.lang.reflect.Modifier.toString(I)Ljava/lang/String; @ 123
Event: 18.404 Thread 0x00007fc810010000 Uncommon trap: reason=unstable_if action=reinterpret pc=0x00007fc80124e1f4 method=org.springframework.util.ConcurrentReferenceHashMap$Segment.clear()V @ 4
Event: 18.618 Thread 0x00007fc810010000 Uncommon trap: reason=bimorphic action=maybe_recompile pc=0x00007fc801a4b874 method=java.util.Hashtable.get(Ljava/lang/Object;)Ljava/lang/Object; @ 6
Event: 18.618 Thread 0x00007fc810010000 Uncommon trap: reason=bimorphic action=maybe_recompile pc=0x00007fc801a4b874 method=java.util.Hashtable.get(Ljava/lang/Object;)Ljava/lang/Object; @ 6

Internal exceptions (10 events):
Event: 18.262 Thread 0x00007fc810010000 Exception <a 'java/lang/ClassNotFoundException': org/springframework/boot/autoconfigure/web/WebClientAutoConfigurationCustomizer> (0x00000000eecdc9c0) thrown at [/HUDSON3/workspace/8-2-build-linux-amd64/jdk8u121/8372/hotspot/src/share/vm/classfile/systemD
Event: 18.263 Thread 0x00007fc810010000 Exception <a 'java/lang/ClassNotFoundException': org/springframework/boot/autoconfigure/web/WebClientAutoConfiguration$$EnhancerBySpringCGLIB$$52d5929eCustomizer> (0x00000000eed009d8) thrown at [/HUDSON3/workspace/8-2-build-linux-amd64/jdk8u121/8372/hotsp
Event: 18.263 Thread 0x00007fc810010000 Exception <a 'java/lang/ClassNotFoundException': org/springframework/context/annotation/ConfigurationClassEnhancer$EnhancedConfigurationCustomizer> (0x00000000eed25430) thrown at [/HUDSON3/workspace/8-2-build-linux-amd64/jdk8u121/8372/hotspot/src/share/vm
Event: 18.630 Thread 0x00007fc810010000 Exception <a 'java/lang/ClassNotFoundException': java/lang/ObjectCustomizer> (0x00000000efd24a20) thrown at [/HUDSON3/workspace/8-2-build-linux-amd64/jdk8u121/8372/hotspot/src/share/vm/classfile/systemDictionary.cpp, line 210]
Event: 18.631 Thread 0x00007fc810010000 Exception <a 'java/lang/ClassNotFoundException': org/springframework/test/context/testng/AbstractTestNGSpringContextTestsCustomizer> (0x00000000efd42e88) thrown at [/HUDSON3/workspace/8-2-build-linux-amd64/jdk8u121/8372/hotspot/src/share/vm/classfile/syst
Event: 18.631 Thread 0x00007fc810010000 Exception <a 'java/lang/ClassNotFoundException': com/example/crudtest/CRUDTestCustomizer> (0x00000000efd55dc0) thrown at [/HUDSON3/workspace/8-2-build-linux-amd64/jdk8u121/8372/hotspot/src/share/vm/classfile/systemDictionary.cpp, line 210]
Event: 18.632 Thread 0x00007fc810010000 Exception <a 'java/lang/ClassNotFoundException': org/testng/IHookableCustomizer> (0x00000000efd66b58) thrown at [/HUDSON3/workspace/8-2-build-linux-amd64/jdk8u121/8372/hotspot/src/share/vm/classfile/systemDictionary.cpp, line 210]
Event: 18.632 Thread 0x00007fc810010000 Exception <a 'java/lang/ClassNotFoundException': org/springframework/context/ApplicationContextAwareCustomizer> (0x00000000efd7d418) thrown at [/HUDSON3/workspace/8-2-build-linux-amd64/jdk8u121/8372/hotspot/src/share/vm/classfile/systemDictionary.cpp, lin
Event: 18.700 Thread 0x00007fc810010000 Exception <a 'java/lang/ClassNotFoundException': java/lang/ObjectCustomizer> (0x00000000effc42c8) thrown at [/HUDSON3/workspace/8-2-build-linux-amd64/jdk8u121/8372/hotspot/src/share/vm/classfile/systemDictionary.cpp, line 210]
Event: 18.700 Thread 0x00007fc810010000 Exception <a 'java/lang/ClassNotFoundException': com/example/entity/BookCustomizer> (0x00000000effd6fc8) thrown at [/HUDSON3/workspace/8-2-build-linux-amd64/jdk8u121/8372/hotspot/src/share/vm/classfile/systemDictionary.cpp, line 210]

Events (10 events):
Event: 18.778 loading class org/hibernate/type/TypeHelper
Event: 18.778 loading class org/hibernate/type/TypeHelper done
Event: 18.779 loading class org/hibernate/property/access/internal/PropertyAccessStrategyBackRefImpl
Event: 18.779 loading class org/hibernate/property/access/internal/PropertyAccessStrategyBackRefImpl done
Event: 18.779 loading class org/hibernate/property/access/internal/PropertyAccessStrategyBackRefImpl$1
Event: 18.779 loading class org/hibernate/property/access/internal/PropertyAccessStrategyBackRefImpl$1 done
Event: 18.787 loading class org/hibernate/id/SequenceHiLoGenerator$1
Event: 18.787 loading class org/hibernate/id/SequenceHiLoGenerator$1 done
Event: 18.788 loading class org/hibernate/id/enhanced/LegacyHiLoAlgorithmOptimizer$GenerationState
Event: 18.788 loading class org/hibernate/id/enhanced/LegacyHiLoAlgorithmOptimizer$GenerationState done


Dynamic libraries:
00400000-00401000 r-xp 00000000 08:03 3554757                            /usr/lib/jvm/java-8-oracle/bin/java
00600000-00601000 rw-p 00000000 08:03 3554757                            /usr/lib/jvm/java-8-oracle/bin/java
01fd4000-01ff5000 rw-p 00000000 00:00 0                                  [heap]
c3a00000-c7400000 rw-p 00000000 00:00 0 
c7400000-ebe00000 ---p 00000000 00:00 0 
ebe00000-f6500000 rw-p 00000000 00:00 0 
f6500000-100000000 ---p 00000000 00:00 0 
100000000-100600000 rw-p 00000000 00:00 0 
100600000-140000000 ---p 00000000 00:00 0 
7fc798000000-7fc798021000 rw-p 00000000 00:00 0 
7fc798021000-7fc79c000000 ---p 00000000 00:00 0 
7fc79c000000-7fc79c021000 rw-p 00000000 00:00 0 
7fc79c021000-7fc7a0000000 ---p 00000000 00:00 0 
7fc7a0000000-7fc7a0021000 rw-p 00000000 00:00 0 
7fc7a0021000-7fc7a4000000 ---p 00000000 00:00 0 
7fc7a4000000-7fc7a4021000 rw-p 00000000 00:00 0 
7fc7a4021000-7fc7a8000000 ---p 00000000 00:00 0 
7fc7a8000000-7fc7a8021000 rw-p 00000000 00:00 0 
7fc7a8021000-7fc7ac000000 ---p 00000000 00:00 0 
7fc7ac000000-7fc7ac021000 rw-p 00000000 00:00 0 
7fc7ac021000-7fc7b0000000 ---p 00000000 00:00 0 
7fc7b0000000-7fc7b0021000 rw-p 00000000 00:00 0 
7fc7b0021000-7fc7b4000000 ---p 00000000 00:00 0 
7fc7b4000000-7fc7b4021000 rw-p 00000000 00:00 0 
7fc7b4021000-7fc7b8000000 ---p 00000000 00:00 0 
7fc7b8000000-7fc7b8148000 rw-p 00000000 00:00 0 
7fc7b8148000-7fc7bc000000 ---p 00000000 00:00 0 
7fc7bc000000-7fc7bc23f000 rw-p 00000000 00:00 0 
7fc7bc23f000-7fc7c0000000 ---p 00000000 00:00 0 
7fc7c226f000-7fc7c2272000 ---p 00000000 00:00 0 
7fc7c2272000-7fc7c2370000 rw-p 00000000 00:00 0                          [stack:5705]
7fc7c2370000-7fc7c2373000 ---p 00000000 00:00 0 
7fc7c2373000-7fc7c2471000 rw-p 00000000 00:00 0                          [stack:5704]
7fc7c2471000-7fc7c2474000 ---p 00000000 00:00 0 
7fc7c2474000-7fc7c2572000 rw-p 00000000 00:00 0                          [stack:5703]
7fc7c2572000-7fc7c2575000 ---p 00000000 00:00 0 
7fc7c2575000-7fc7c2673000 rw-p 00000000 00:00 0                          [stack:5702]
7fc7c2673000-7fc7c2676000 ---p 00000000 00:00 0 
7fc7c2676000-7fc7c2874000 rw-p 00000000 00:00 0                          [stack:5701]
7fc7c2874000-7fc7c2974000 ---p 00000000 00:00 0 
7fc7c2974000-7fc7c2b74000 rw-p 00000000 00:00 0 
7fc7c2b74000-7fc7c2d74000 rw-p 00000000 00:00 0 
7fc7c2d74000-7fc7c2f74000 rw-p 00000000 00:00 0 
7fc7c2f74000-7fc7c2ff8000 r-xp 00000000 08:03 5923863                    /tmp/sqlite-3.7.2-libsqlitejdbc.so
7fc7c2ff8000-7fc7c31f8000 ---p 00084000 08:03 5923863                    /tmp/sqlite-3.7.2-libsqlitejdbc.so
7fc7c31f8000-7fc7c31f9000 r--p 00084000 08:03 5923863                    /tmp/sqlite-3.7.2-libsqlitejdbc.so
7fc7c31f9000-7fc7c31fc000 rw-p 00085000 08:03 5923863                    /tmp/sqlite-3.7.2-libsqlitejdbc.so
7fc7c31fc000-7fc7c31ff000 ---p 00000000 00:00 0 
7fc7c31ff000-7fc7c34fd000 rw-p 00000000 00:00 0                          [stack:5697]
7fc7c34fd000-7fc7c36fd000 rw-p 00000000 00:00 0 
7fc7c36fd000-7fc7c3700000 ---p 00000000 00:00 0 
7fc7c3700000-7fc7c37fe000 rw-p 00000000 00:00 0                          [stack:5695]
7fc7c37fe000-7fc7c3801000 ---p 00000000 00:00 0 
7fc7c3801000-7fc7c3aff000 rw-p 00000000 00:00 0                          [stack:5694]
7fc7c3aff000-7fc7c3b02000 ---p 00000000 00:00 0 
7fc7c3b02000-7fc7c3e00000 rw-p 00000000 00:00 0                          [stack:5692]
7fc7c3e00000-7fc7c4000000 rw-p 00000000 00:00 0 
7fc7c4000000-7fc7c4021000 rw-p 00000000 00:00 0 
7fc7c4021000-7fc7c8000000 ---p 00000000 00:00 0 
7fc7c8000000-7fc7c8021000 rw-p 00000000 00:00 0 
7fc7c8021000-7fc7cc000000 ---p 00000000 00:00 0 
7fc7cc000000-7fc7ccebb000 rw-p 00000000 00:00 0 
7fc7ccebb000-7fc7d0000000 ---p 00000000 00:00 0 
7fc7d0000000-7fc7d0021000 rw-p 00000000 00:00 0 
7fc7d0021000-7fc7d4000000 ---p 00000000 00:00 0 
7fc7d4000000-7fc7d5968000 rw-p 00000000 00:00 0 
7fc7d5968000-7fc7d8000000 ---p 00000000 00:00 0 
7fc7d8000000-7fc7d9637000 rw-p 00000000 00:00 0 
7fc7d9637000-7fc7dc000000 ---p 00000000 00:00 0 
7fc7dc000000-7fc7dc021000 rw-p 00000000 00:00 0 
7fc7dc021000-7fc7e0000000 ---p 00000000 00:00 0 
7fc7e0000000-7fc7e0021000 rw-p 00000000 00:00 0 
7fc7e0021000-7fc7e4000000 ---p 00000000 00:00 0 
7fc7e4000000-7fc7e405a000 rw-p 00000000 00:00 0 
7fc7e405a000-7fc7e8000000 ---p 00000000 00:00 0 
7fc7e8000000-7fc7e8021000 rw-p 00000000 00:00 0 
7fc7e8021000-7fc7ec000000 ---p 00000000 00:00 0 
7fc7ec000000-7fc7ec021000 rw-p 00000000 00:00 0 
7fc7ec021000-7fc7f0000000 ---p 00000000 00:00 0 
7fc7f0076000-7fc7f0077000 rw-p 00000000 00:00 0 
7fc7f0077000-7fc7f008a000 r--s 00345000 08:03 3569668                    /usr/lib/jvm/java-8-oracle/jre/lib/resources.jar
7fc7f008a000-7fc7f028a000 rw-p 00000000 00:00 0 
7fc7f028a000-7fc7f031f000 r--s 01109000 08:03 3569596                    /usr/lib/jvm/java-8-oracle/jre/lib/ext/jfxrt.jar
7fc7f031f000-7fc7f051f000 rw-p 00000000 00:00 0 
7fc7f051f000-7fc7f0530000 r-xp 00000000 08:03 4870868                    /usr/lib/jvm/java-8-oracle/jre/lib/amd64/libnio.so
7fc7f0530000-7fc7f072f000 ---p 00011000 08:03 4870868                    /usr/lib/jvm/java-8-oracle/jre/lib/amd64/libnio.so
7fc7f072f000-7fc7f0730000 rw-p 00010000 08:03 4870868                    /usr/lib/jvm/java-8-oracle/jre/lib/amd64/libnio.so
7fc7f0730000-7fc7f0930000 rw-p 00000000 00:00 0 
7fc7f0930000-7fc7f0935000 r--s 002f9000 08:03 3569547                    /usr/lib/jvm/java-8-oracle/jre/lib/charsets.jar
7fc7f0935000-7fc7f0b35000 rw-p 00000000 00:00 0 
7fc7f0b35000-7fc7f0b38000 ---p 00000000 00:00 0 
7fc7f0b38000-7fc7f0c36000 rw-p 00000000 00:00 0                          [stack:5691]
7fc7f0c36000-7fc7f0c3f000 r-xp 00000000 08:03 4870832                    /usr/lib/jvm/java-8-oracle/jre/lib/amd64/libmanagement.so
7fc7f0c3f000-7fc7f0e3e000 ---p 00009000 08:03 4870832                    /usr/lib/jvm/java-8-oracle/jre/lib/amd64/libmanagement.so
7fc7f0e3e000-7fc7f0e3f000 rw-p 00008000 08:03 4870832                    /usr/lib/jvm/java-8-oracle/jre/lib/amd64/libmanagement.so
7fc7f0e3f000-7fc7f103f000 rw-p 00000000 00:00 0 
7fc7f103f000-7fc7f123f000 rw-p 00000000 00:00 0 
7fc7f123f000-7fc7f143f000 rw-p 00000000 00:00 0 
7fc7f143f000-7fc7f1443000 r--s 0009a000 08:03 3569602                    /usr/lib/jvm/java-8-oracle/jre/lib/jsse.jar
7fc7f1443000-7fc7f1446000 ---p 00000000 00:00 0 
7fc7f1446000-7fc7f1544000 rw-p 00000000 00:00 0                          [stack:5677]
7fc7f1544000-7fc7f155a000 r-xp 00000000 08:03 4870893                    /usr/lib/jvm/java-8-oracle/jre/lib/amd64/libnet.so
7fc7f155a000-7fc7f175a000 ---p 00016000 08:03 4870893                    /usr/lib/jvm/java-8-oracle/jre/lib/amd64/libnet.so
7fc7f175a000-7fc7f175b000 rw-p 00016000 08:03 4870893                    /usr/lib/jvm/java-8-oracle/jre/lib/amd64/libnet.so
7fc7f175b000-7fc7f175c000 r--s 0000c000 08:03 5916924                    /home/sharmila/.gradle/caches/modules-2/files-2.1/org.ow2.asm/asm/5.0.3/dcc2193db20e19e1feca8b1240dbbc4e190824fa/asm-5.0.3.jar
7fc7f175c000-7fc7f1766000 r--s 00069000 08:03 5923589                    /home/sharmila/.gradle/caches/modules-2/files-2.1/ch.qos.logback/logback-core/1.1.8/b4d1c3dea91727faf8b3d19cf4b9b972d6c0b89/logback-core-1.1.8.jar
7fc7f1766000-7fc7f1768000 r--s 00012000 08:03 5916922                    /home/sharmila/.gradle/caches/modules-2/files-2.1/net.minidev/accessors-smart/1.1/a527213f2fea112a04c9bdf0ec0264e34104cd08/accessors-smart-1.1.jar
7fc7f1768000-7fc7f176a000 r--s 00009000 08:03 5923902                    /home/sharmila/.gradle/caches/modules-2/files-2.1/org.apache.tomcat/tomcat-juli/8.5.6/83d2d1e3362ecca504f3bf8ed1bc4cc451754d24/tomcat-juli-8.5.6.jar
7fc7f176a000-7fc7f1773000 r--s 0002d000 08:03 5923903                    /home/sharmila/.gradle/caches/modules-2/files-2.1/xml-apis/xml-apis/1.4.01/3789d9fada2d3d458c4ba2de349d48780f381ee3/xml-apis-1.4.01.jar
7fc7f1773000-7fc7f1775000 r--s 00004000 08:03 5923588                    /home/sharmila/.gradle/caches/modules-2/files-2.1/org.slf4j/log4j-over-slf4j/1.7.22/a527c37e9ca6c3d19ba298edd4aa344ca751a203/log4j-over-slf4j-1.7.22.jar
7fc7f1775000-7fc7f1777000 r--s 00000000 08:03 5923587                    /home/sharmila/.gradle/caches/modules-2/files-2.1/org.slf4j/jul-to-slf4j/1.7.22/b0429e950b3d2bc2c39c1bacafac753edbe3781c/jul-to-slf4j-1.7.22.jar
7fc7f1777000-7fc7f177d000 r--s 00045000 08:03 5923585                    /home/sharmila/.gradle/caches/modules-2/files-2.1/ch.qos.logback/logback-classic/1.1.8/e54f49a227611976642f81cf2106b81c1ece8bf5/logback-classic-1.1.8.jar
7fc7f177d000-7fc7f177e000 r--s 0000f000 08:03 5916909                    /home/sharmila/.gradle/caches/modules-2/files-2.1/org.json/json/20140107/d1ffca6e2482b002702c6a576166fd685e3370e3/json-20140107.jar
7fc7f177e000-7fc7f1780000 r--s 00009000 08:03 5916921                    /home/sharmila/.gradle/caches/modules-2/files-2.1/org.objenesis/objenesis/2.1/87c0ea803b69252868d09308b4618f766f135a96/objenesis-2.1.jar
7fc7f1780000-7fc7f1783000 r--s 0001b000 08:03 5916920                    /home/sharmila/.gradle/caches/modules-2/files-2.1/net.minidev/json-smart/2.2.1/5b9e5df7a62d1279b70dc882b041d249c4f0b002/json-smart-2.2.1.jar
7fc7f1783000-7fc7f1785000 r--s 00003000 08:03 5923586                    /home/sharmila/.gradle/caches/modules-2/files-2.1/org.slf4j/jcl-over-slf4j/1.7.22/86ceac14535af5a42c8fb0d06d79b925dd3cb263/jcl-over-slf4j-1.7.22.jar
7fc7f1785000-7fc7f1787000 r--s 00009000 08:03 5923584                    /home/sharmila/.gradle/caches/modules-2/files-2.1/org.slf4j/slf4j-api/1.7.22/a1c83373863cec7ae8d89dc1c5722d8cb6ec0309/slf4j-api-1.7.22.jar
7fc7f1787000-7fc7f178f000 r--s 0003a000 08:03 5923901                    /home/sharmila/.gradle/caches/modules-2/files-2.1/org.springframework/spring-tx/4.3.5.RELEASE/296d8ae21fadc0f115dae7d1e8d5c4f8c7de2c3e/spring-tx-4.3.5.RELEASE.jar
7fc7f178f000-7fc7f1799000 r--s 0006b000 08:03 5923900                    /home/sharmila/.gradle/caches/modules-2/files-2.1/org.springframework/spring-orm/4.3.5.RELEASE/64c29d310b69bcc6e1fd5a738fa3629bdedb2d3f/spring-orm-4.3.5.RELEASE.jar
7fc7f1799000-7fc7f17a9000 r--s 0009a000 08:03 5923899                    /home/sharmila/.gradle/caches/modules-2/files-2.1/org.springframework.data/spring-data-commons/1.12.6.RELEASE/b6403dcfce33e89613f364d80d653d7540279c47/spring-data-commons-1.12.6.RELEASE.jar
7fc7f17a9000-7fc7f17b3000 r--s 0005f000 08:03 5923898                    /home/sharmila/.gradle/caches/modules-2/files-2.1/org.springframework/spring-jdbc/4.3.5.RELEASE/7c09e38b6f6e0b178973dea06bb8fdc6d19aa596/spring-jdbc-4.3.5.RELEASE.jar
7fc7f17b3000-7fc7f17b6000 r--s 00020000 08:03 5923897                    /home/sharmila/.gradle/caches/modules-2/files-2.1/org.apache.tomcat/tomcat-jdbc/8.5.6/feb10a9e22f70565c7556f327b0481dba8587bbc/tomcat-jdbc-8.5.6.jar
7fc7f17b6000-7fc7f17cf000 r--s 001af000 08:03 5923896                    /home/sharmila/.gradle/caches/modules-2/files-2.1/org.aspectj/aspectjweaver/1.8.9/db28774f477f07220eac18d5ec9c4e01f48589d7/aspectjweaver-1.8.9.jar
7fc7f17cf000-7fc7f17d2000 r--s 00010000 08:03 5923833                    /home/sharmila/.gradle/caches/modules-2/files-2.1/org.hibernate.common/hibernate-commons-annotations/5.0.1.Final/71e1cff3fcb20d3b3af4f3363c3ddb24d33c6879/hibernate-commons-annotations-5.0.1.Final.jar
7fc7f17d2000-7fc7f17d7000 r--s 00048000 08:03 5923832                    /home/sharmila/.gradle/caches/modules-2/files-2.1/dom4j/dom4j/1.6.1/5d3ccc056b6f056dbf0dddfdf43894b9065a8f94/dom4j-1.6.1.jar
7fc7f17d7000-7fc7f17da000 r--s 0002b000 08:03 5923433                    /home/sharmila/.gradle/caches/modules-2/files-2.1/org.jboss/jandex/2.0.0.Final/3e899258936f94649c777193e1be846387ed54b3/jandex-2.0.0.Final.jar
7fc7f17da000-7fc7f17db000 r--s 00003000 08:03 5923830                    /home/sharmila/.gradle/caches/modules-2/files-2.1/org.apache.geronimo.specs/geronimo-jta_1.1_spec/1.1.1/aabab3165b8ea936b9360abbf448459c0d04a5a4/geronimo-jta_1.1_spec-1.1.1.jar
7fc7f17db000-7fc7f17e0000 r--s 00068000 08:03 5923829                    /home/sharmila/.gradle/caches/modules-2/files-2.1/antlr/antlr/2.7.7/83cd2cd674a217ade95a4bb83a8a14f351f48bd0/antlr-2.7.7.jar
7fc7f17e0000-7fc7f17e5000 r--s 0003c000 08:03 5923583                    /home/sharmila/.gradle/caches/modules-2/files-2.1/org.springframework/spring-expression/4.3.5.RELEASE/3689dc6c5b942ecde4122eac889ed87977d6f287/spring-expression-4.3.5.RELEASE.jar
7fc7f17e5000-7fc7f17ff000 r--s 000fc000 08:03 5923582                    /home/sharmila/.gradle/caches/modules-2/files-2.1/org.springframework/spring-context/4.3.5.RELEASE/ca3391c0e17d0138335ba51b51371661d20d56a8/spring-context-4.3.5.RELEASE.jar
7fc7f17ff000-7fc7f180c000 r--s 000ad000 08:03 5923581                    /home/sharmila/.gradle/caches/modules-2/files-2.1/org.springframework/spring-beans/4.3.5.RELEASE/e12bbc3277da28e2e2608a187f83091dc6c300bf/spring-beans-4.3.5.RELEASE.jar
7fc7f180c000-7fc7f1815000 r--s 00054000 08:03 5923580                    /home/sharmila/.gradle/caches/modules-2/files-2.1/org.springframework/spring-aop/4.3.5.RELEASE/4f113218af716bd8d174c411f19b26418b5a70f6/spring-aop-4.3.5.RELEASE.jar
7fc7f1815000-7fc7f1819000 r--s 00041000 08:03 5923579                    /home/sharmila/.gradle/caches/modules-2/files-2.1/com.fasterxml.jackson.core/jackson-core/2.8.5/60d059f5d2930ccd1ef03535b713fd9f933d1ba7/jackson-core-2.8.5.jar
7fc7f1819000-7fc7f181c000 r--s 0000b000 08:03 5923578                    /home/sharmila/.gradle/caches/modules-2/files-2.1/com.fasterxml.jackson.core/jackson-annotations/2.8.5/9d82ff47bc2c2d3b5b6a6618fe636782bbcd5b07/jackson-annotations-2.8.5.jar
7fc7f181c000-7fc7f181e000 r--s 0000e000 08:03 5917543                    /home/sharmila/.gradle/caches/modules-2/files-2.1/com.fasterxml/classmate/1.3.3/864c8e370a691e343210cc7c532fc198cee460d8/classmate-1.3.3.jar
7fc7f181e000-7fc7f1822000 r--s 0000c000 08:03 5916766                    /home/sharmila/.gradle/caches/modules-2/files-2.1/javax.validation/validation-api/1.1.0.Final/8613ae82954779d518631e05daa73a6a954817d5/validation-api-1.1.0.Final.jar
7fc7f1822000-7fc7f1827000 r--s 00036000 08:03 5917542                    /home/sharmila/.gradle/caches/modules-2/files-2.1/org.apache.tomcat.embed/tomcat-embed-websocket/8.5.6/6f6940a216b380ea8506530c374fcfeef820ba54/tomcat-embed-websocket-8.5.6.jar
7fc7f1827000-7fc7f1828000 r--s 00000000 08:03 5923577                    /home/sharmila/.gradle/caches/modules-2/files-2.1/org.springframework.boot/spring-boot-starter-logging/1.4.3.RELEASE/1c58783c0694abf695babfd39829922d2d501ec2/spring-boot-starter-logging-1.4.3.RELEASE.jar
7fc7f1828000-7fc7f1846000 r--s 000d0000 08:03 5923576                    /home/sharmila/.gradle/caches/modules-2/files-2.1/org.springframework.boot/spring-boot-autoconfigure/1.4.3.RELEASE/41df1bfbdd4ae4e8499ebe1a4bc613bda316d6e1/spring-boot-autoconfigure-1.4.3.RELEASE.jar
7fc7f1846000-7fc7f1856000 r--s 00092000 08:03 5923575                    /home/sharmila/.gradle/caches/modules-2/files-2.1/org.springframework.boot/spring-boot/1.4.3.RELEASE/17f94def4460075afdfba6bf8f897cd1fc95bf77/spring-boot-1.4.3.RELEASE.jar
7fc7f1856000-7fc7f1865000 r--s 00084000 08:03 5923574                    /home/sharmila/.gradle/caches/modules-2/files-2.1/org.springframework/spring-test/4.3.5.RELEASE/a1965127e07b469d8e5bb3d2b0ff850423b66be4/spring-test-4.3.5.RELEASE.jar
7fc7f1865000-7fc7f187b000 r--s 000fa000 08:03 5923530                    /home/sharmila/.gradle/caches/modules-2/files-2.1/org.springframework/spring-core/4.3.5.RELEASE/80299e3f80e8c6d5c076db2ba6adf44a4b52f578/spring-core-4.3.5.RELEASE.jar
7fc7f187b000-7fc7f187c000 r--s 00006000 08:03 5916915                    /home/sharmila/.gradle/caches/modules-2/files-2.1/org.skyscreamer/jsonassert/1.3.0/d5c250eb122496866de36dc84f98e2945845ecdd/jsonassert-1.3.0.jar
7fc7f187c000-7fc7f187e000 r--s 00009000 08:03 5913472                    /home/sharmila/.gradle/caches/modules-2/files-2.1/org.hamcrest/hamcrest-core/1.3/42a25dc3219429f0e5d060061f71acb49bf010a0/hamcrest-core-1.3.jar
7fc7f187e000-7fc7f189a000 r--s 00103000 08:03 5916914                    /home/sharmila/.gradle/caches/modules-2/files-2.1/org.mockito/mockito-core/1.10.19/e8546f5bef4e061d8dd73895b4e8f40e3fe6effe/mockito-core-1.10.19.jar
7fc7f189a000-7fc7f18ad000 r--s 000d2000 08:03 5916913                    /home/sharmila/.gradle/caches/modules-2/files-2.1/org.assertj/assertj-core/2.5.0/fcd21db4c5f33e5dcac69bf1816415fe0647582f/assertj-core-2.5.0.jar
7fc7f18ad000-7fc7f18b2000 r--s 0002e000 08:03 5916911                    /home/sharmila/.gradle/caches/modules-2/files-2.1/com.jayway.jsonpath/json-path/2.2.0/22290d17944bd239fabf5ac69005a60a7ecbbbcb/json-path-2.2.0.jar
7fc7f18b2000-7fc7f18b7000 r--s 00017000 08:03 5923573                    /home/sharmila/.gradle/caches/modules-2/files-2.1/org.springframework.boot/spring-boot-test-autoconfigure/1.4.3.RELEASE/1a7587605e981a58104a501ab1896e2eb7a76686/spring-boot-test-autoconfigure-1.4.3.RELEASE.jar
7fc7f18b7000-7fc7f18bc000 r--s 00021000 08:03 5923572                    /home/sharmila/.gradle/caches/modules-2/files-2.1/org.springframework.boot/spring-boot-test/1.4.3.RELEASE/2d76638f0f13b33859bf3b927c232ff0f8a4ffbf/spring-boot-test-1.4.3.RELEASE.jar
7fc7f18bc000-7fc7f18c2000 r--s 0003d000 08:03 5916762                    /home/sharmila/.gradle/caches/modules-2/files-2.1/org.yaml/snakeyaml/1.17/7a27ea250c5130b2922b86dea63cbb1cc10a660c/snakeyaml-1.17.jar
7fc7f18c2000-7fc7f18c4000 r--s 00006000 08:03 5923638                    /home/sharmila/.gradle/caches/modules-2/files-2.1/com.beust/jcommander/1.12/7409692b48022f9eca7445861defbcdb9ee3c2a8/jcommander-1.12.jar
7fc7f18c4000-7fc7f18c9000 r--s 00040000 08:03 5923637                    /home/sharmila/.gradle/caches/modules-2/files-2.1/org.beanshell/bsh/2.0b4/a05f0a0feefa8d8467ac80e16e7de071489f0d9c/bsh-2.0b4.jar
7fc7f18c9000-7fc7f18d1000 r--s 00045000 08:03 5913471                    /home/sharmila/.gradle/caches/modules-2/files-2.1/junit/junit/4.12/2973d150c0dc1fefe998f834810d68f278ea58ec/junit-4.12.jar
7fc7f18d1000-7fc7f18d4000 r--s 0000c000 08:03 5923895                    /home/sharmila/.gradle/caches/modules-2/files-2.1/org.springframework/spring-aspects/4.3.5.RELEASE/8c00c15865a1da0a1ba143a50622a8436a56e097/spring-aspects-4.3.5.RELEASE.jar
7fc7f18d4000-7fc7f18e1000 r--s 00089000 08:03 5923892                    /home/sharmila/.gradle/caches/modules-2/files-2.1/org.hibernate/hibernate-entitymanager/5.0.11.Final/549565caed4e0bcb816843693e66ff7b04ce025f/hibernate-entitymanager-5.0.11.Final.jar
7fc7f18e1000-7fc7f18eb000 r--s 000ae000 08:03 5916958                    /home/sharmila/.gradle/caches/modules-2/files-2.1/org.javassist/javassist/3.20.0-GA/a9cbcdfb7e9f86fbc74d3afae65f2248bfbf82a0/javassist-3.20.0-GA.jar
7fc7f18eb000-7fc7f18ec000 ---p 00000000 00:00 0 
7fc7f18ec000-7fc7f19ec000 rw-p 00000000 00:00 0                          [stack:5675]
7fc7f19ec000-7fc7f19ef000 ---p 00000000 00:00 0 
7fc7f19ef000-7fc7f1aed000 rw-p 00000000 00:00 0                          [stack:5674]
7fc7f1aed000-7fc7f21d0000 r--p 00000000 08:03 3152909                    /usr/lib/locale/locale-archive
7fc7f21d0000-7fc7f4000000 rw-p 00000000 00:00 0 
7fc7f4000000-7fc7f4021000 rw-p 00000000 00:00 0 
7fc7f4021000-7fc7f8000000 ---p 00000000 00:00 0 
7fc7f8000000-7fc7f8021000 rw-p 00000000 00:00 0 
7fc7f8021000-7fc7fc000000 ---p 00000000 00:00 0 
7fc7fc000000-7fc7fc035000 rw-p 00000000 00:00 0 
7fc7fc035000-7fc800000000 ---p 00000000 00:00 0 
7fc800000000-7fc800006000 r--s 0003f000 08:03 5923894                    /home/sharmila/.gradle/caches/modules-2/files-2.1/org.springframework.data/spring-data-jpa/1.10.6.RELEASE/5d478860b24a493845248c1c336c33a657567bd3/spring-data-jpa-1.10.6.RELEASE.jar
7fc800006000-7fc800008000 r--s 00006000 08:03 5923893                    /home/sharmila/.gradle/caches/modules-2/files-2.1/javax.transaction/javax.transaction-api/1.2/d81aff979d603edd90dcd8db2abc1f4ce6479e3e/javax.transaction-api-1.2.jar
7fc800008000-7fc800071000 r--s 004f3000 08:03 5923432                    /home/sharmila/.gradle/caches/modules-2/files-2.1/org.hibernate/hibernate-core/5.0.11.Final/c2487fb72a2217a7cec9ab478d4c21a36fc09977/hibernate-core-5.0.11.Final.jar
7fc800071000-7fc800084000 r--s 00236000 08:03 5916949                    /home/sharmila/.gradle/caches/modules-2/files-2.1/org.eclipse.jdt.core.compiler/ecj/4.5.1/bee1367ac12fb6a20b422ff8711ebeb4f0a42316/ecj-4.5.1.jar
7fc800084000-7fc8000ad000 r--s 002b2000 08:03 5917540                    /home/sharmila/.gradle/caches/modules-2/files-2.1/org.apache.tomcat.embed/tomcat-embed-core/8.5.6/960834b5abc6b2135250487abf6c060a0fa5a22e/tomcat-embed-core-8.5.6.jar
7fc8000ad000-7fc8000be000 r--s 000cf000 08:03 5923571                    /home/sharmila/.gradle/caches/modules-2/files-2.1/org.springframework/spring-webmvc/4.3.5.RELEASE/c624659217edab07d8279fb0f90462136f089220/spring-webmvc-4.3.5.RELEASE.jar
7fc8000be000-7fc8000d0000 r--s 000b6000 08:03 5923570                    /home/sharmila/.gradle/caches/modules-2/files-2.1/org.springframework/spring-web/4.3.5.RELEASE/6641daccf2fddafc8358144f3a4f999130fdf144/spring-web-4.3.5.RELEASE.jar
7fc8000d0000-7fc8000e1000 r--s 0011d000 08:03 5923569                    /home/sharmila/.gradle/caches/modules-2/files-2.1/com.fasterxml.jackson.core/jackson-databind/2.8.5/b3035f37e674c04dafe36a660c3815cc59f764e2/jackson-databind-2.8.5.jar
7fc8000e1000-7fc8000f1000 r--s 0009c000 08:03 5916756                    /home/sharmila/.gradle/caches/modules-2/files-2.1/org.hibernate/hibernate-validator/5.2.4.Final/fb18766b576aa6632bcfe9a20a023cbd52bf9769/hibernate-validator-5.2.4.Final.jar
7fc8000f1000-7fc8000f4000 ---p 00000000 00:00 0 
7fc8000f4000-7fc8001f2000 rw-p 00000000 00:00 0                          [stack:5673]
7fc8001f2000-7fc8001f5000 ---p 00000000 00:00 0 
7fc8001f5000-7fc8002f3000 rw-p 00000000 00:00 0                          [stack:5672]
7fc8002f3000-7fc8002f6000 ---p 00000000 00:00 0 
7fc8002f6000-7fc8003f4000 rw-p 00000000 00:00 0                          [stack:5671]
7fc8003f4000-7fc8003f7000 ---p 00000000 00:00 0 
7fc8003f7000-7fc8004f5000 rw-p 00000000 00:00 0                          [stack:5670]
7fc8004f5000-7fc8004f8000 ---p 00000000 00:00 0 
7fc8004f8000-7fc8005f6000 rw-p 00000000 00:00 0                          [stack:5669]
7fc8005f6000-7fc8005f9000 ---p 00000000 00:00 0 
7fc8005f9000-7fc8006f7000 rw-p 00000000 00:00 0                          [stack:5668]
7fc8006f7000-7fc8006f8000 ---p 00000000 00:00 0 
7fc8006f8000-7fc801000000 rw-p 00000000 00:00 0                          [stack:5667]
7fc801000000-7fc801d80000 rwxp 00000000 00:00 0 
7fc801d80000-7fc810000000 ---p 00000000 00:00 0 
7fc810000000-7fc8117fd000 rw-p 00000000 00:00 0 
7fc8117fd000-7fc814000000 ---p 00000000 00:00 0 
7fc814000000-7fc814001000 r--s 0000c000 08:03 5916912                    /home/sharmila/.gradle/caches/modules-2/files-2.1/org.hamcrest/hamcrest-library/1.3/4785a3c21320980282f9f33d0d1264a69040538f/hamcrest-library-1.3.jar
7fc814001000-7fc814002000 r--s 00000000 08:03 5923891                    /home/sharmila/.gradle/caches/modules-2/files-2.1/org.springframework.boot/spring-boot-starter-jdbc/1.4.3.RELEASE/7ce66cf27ea731189248be7af2ab84ba189e1151/spring-boot-starter-jdbc-1.4.3.RELEASE.jar
7fc814002000-7fc814007000 r--s 00017000 08:03 5923828                    /home/sharmila/.gradle/caches/modules-2/files-2.1/org.hibernate.javax.persistence/hibernate-jpa-2.1-api/1.0.0.Final/5e731d961297e5a07290bfaf3db1fbc8bbbf405a/hibernate-jpa-2.1-api-1.0.0.Final.jar
7fc814007000-7fc81400c000 r--s 00036000 08:03 5917541                    /home/sharmila/.gradle/caches/modules-2/files-2.1/org.apache.tomcat.embed/tomcat-embed-el/8.5.6/a102298d8dc72f4065533d5962953d753b172602/tomcat-embed-el-8.5.6.jar
7fc81400c000-7fc814018000 r--s 000a4000 08:03 5923636                    /home/sharmila/.gradle/caches/modules-2/files-2.1/org.testng/testng/6.5.2/5069d2e72356ed87645c5fc3622b0bbb5e0667c9/testng-6.5.2.jar
7fc814018000-7fc81401d000 r--s 00309000 08:03 5923826                    /home/sharmila/.gradle/caches/modules-2/files-2.1/org.xerial/sqlite-jdbc/3.7.2/7a3d67f00508d3881650579f7f228c61bfc1b196/sqlite-jdbc-3.7.2.jar
7fc81401d000-7fc814026000 r--s 00095000 08:03 5913393                    /home/sharmila/.gradle/caches/modules-2/files-2.1/org.apache.tomcat.embed/tomcat-embed-jasper/9.0.0.M11/e2cd5a7038094195c3163532e01daf051d9265fe/tomcat-embed-jasper-9.0.0.M11.jar
7fc814026000-7fc81402e000 r--s 00046000 08:03 2759763                    /home/sharmila/Downloads/sts 3.6.4/sts-bundle/sts-3.6.4.RELEASE/plugins/org.testng.eclipse_6.10.0.201612030230/lib/testng-remote.jar
7fc81402e000-7fc8147da000 rw-p 00000000 00:00 0 
7fc8147da000-7fc8149b3000 r--s 03d3e000 08:03 3569606                    /usr/lib/jvm/java-8-oracle/jre/lib/rt.jar
7fc8149b3000-7fc81540c000 rw-p 00000000 00:00 0 
7fc81540c000-7fc81540d000 ---p 00000000 00:00 0 
7fc81540d000-7fc81550d000 rw-p 00000000 00:00 0                          [stack:5665]
7fc81550d000-7fc81550e000 ---p 00000000 00:00 0 
7fc81550e000-7fc81560e000 rw-p 00000000 00:00 0                          [stack:5664]
7fc81560e000-7fc81560f000 ---p 00000000 00:00 0 
7fc81560f000-7fc81570f000 rw-p 00000000 00:00 0                          [stack:5663]
7fc81570f000-7fc815710000 ---p 00000000 00:00 0 
7fc815710000-7fc81582d000 rw-p 00000000 00:00 0                          [stack:5662]
7fc81582d000-7fc815952000 ---p 00000000 00:00 0 
7fc815952000-7fc81596f000 rw-p 00000000 00:00 0 
7fc81596f000-7fc815a94000 ---p 00000000 00:00 0 
7fc815a94000-7fc815ae8000 rw-p 00000000 00:00 0 
7fc815ae8000-7fc815b35000 ---p 00000000 00:00 0 
7fc815b35000-7fc815b6c000 rw-p 00000000 00:00 0 
7fc815b6c000-7fc815ef6000 ---p 00000000 00:00 0 
7fc815ef6000-7fc815f10000 r-xp 00000000 08:03 4870864                    /usr/lib/jvm/java-8-oracle/jre/lib/amd64/libzip.so
7fc815f10000-7fc816110000 ---p 0001a000 08:03 4870864                    /usr/lib/jvm/java-8-oracle/jre/lib/amd64/libzip.so
7fc816110000-7fc816111000 rw-p 0001a000 08:03 4870864                    /usr/lib/jvm/java-8-oracle/jre/lib/amd64/libzip.so
7fc816111000-7fc81611b000 r-xp 00000000 08:03 4070135                    /lib/x86_64-linux-gnu/libnss_files-2.19.so
7fc81611b000-7fc81631a000 ---p 0000a000 08:03 4070135                    /lib/x86_64-linux-gnu/libnss_files-2.19.so
7fc81631a000-7fc81631b000 r--p 00009000 08:03 4070135                    /lib/x86_64-linux-gnu/libnss_files-2.19.so
7fc81631b000-7fc81631c000 rw-p 0000a000 08:03 4070135                    /lib/x86_64-linux-gnu/libnss_files-2.19.so
7fc81631c000-7fc816327000 r-xp 00000000 08:03 4070127                    /lib/x86_64-linux-gnu/libnss_nis-2.19.so
7fc816327000-7fc816526000 ---p 0000b000 08:03 4070127                    /lib/x86_64-linux-gnu/libnss_nis-2.19.so
7fc816526000-7fc816527000 r--p 0000a000 08:03 4070127                    /lib/x86_64-linux-gnu/libnss_nis-2.19.so
7fc816527000-7fc816528000 rw-p 0000b000 08:03 4070127                    /lib/x86_64-linux-gnu/libnss_nis-2.19.so
7fc816528000-7fc81653f000 r-xp 00000000 08:03 4070123                    /lib/x86_64-linux-gnu/libnsl-2.19.so
7fc81653f000-7fc81673e000 ---p 00017000 08:03 4070123                    /lib/x86_64-linux-gnu/libnsl-2.19.so
7fc81673e000-7fc81673f000 r--p 00016000 08:03 4070123                    /lib/x86_64-linux-gnu/libnsl-2.19.so
7fc81673f000-7fc816740000 rw-p 00017000 08:03 4070123                    /lib/x86_64-linux-gnu/libnsl-2.19.so
7fc816740000-7fc816742000 rw-p 00000000 00:00 0 
7fc816742000-7fc81674b000 r-xp 00000000 08:03 4070122                    /lib/x86_64-linux-gnu/libnss_compat-2.19.so
7fc81674b000-7fc81694a000 ---p 00009000 08:03 4070122                    /lib/x86_64-linux-gnu/libnss_compat-2.19.so
7fc81694a000-7fc81694b000 r--p 00008000 08:03 4070122                    /lib/x86_64-linux-gnu/libnss_compat-2.19.so
7fc81694b000-7fc81694c000 rw-p 00009000 08:03 4070122                    /lib/x86_64-linux-gnu/libnss_compat-2.19.so
7fc81694c000-7fc816977000 r-xp 00000000 08:03 4870782                    /usr/lib/jvm/java-8-oracle/jre/lib/amd64/libjava.so
7fc816977000-7fc816b76000 ---p 0002b000 08:03 4870782                    /usr/lib/jvm/java-8-oracle/jre/lib/amd64/libjava.so
7fc816b76000-7fc816b78000 rw-p 0002a000 08:03 4870782                    /usr/lib/jvm/java-8-oracle/jre/lib/amd64/libjava.so
7fc816b78000-7fc816b85000 r-xp 00000000 08:03 4870821                    /usr/lib/jvm/java-8-oracle/jre/lib/amd64/libverify.so
7fc816b85000-7fc816d84000 ---p 0000d000 08:03 4870821                    /usr/lib/jvm/java-8-oracle/jre/lib/amd64/libverify.so
7fc816d84000-7fc816d86000 rw-p 0000c000 08:03 4870821                    /usr/lib/jvm/java-8-oracle/jre/lib/amd64/libverify.so
7fc816d86000-7fc816d8d000 r-xp 00000000 08:03 4070131                    /lib/x86_64-linux-gnu/librt-2.19.so
7fc816d8d000-7fc816f8c000 ---p 00007000 08:03 4070131                    /lib/x86_64-linux-gnu/librt-2.19.so
7fc816f8c000-7fc816f8d000 r--p 00006000 08:03 4070131                    /lib/x86_64-linux-gnu/librt-2.19.so
7fc816f8d000-7fc816f8e000 rw-p 00007000 08:03 4070131                    /lib/x86_64-linux-gnu/librt-2.19.so
7fc816f8e000-7fc817093000 r-xp 00000000 08:03 4070117                    /lib/x86_64-linux-gnu/libm-2.19.so
7fc817093000-7fc817292000 ---p 00105000 08:03 4070117                    /lib/x86_64-linux-gnu/libm-2.19.so
7fc817292000-7fc817293000 r--p 00104000 08:03 4070117                    /lib/x86_64-linux-gnu/libm-2.19.so
7fc817293000-7fc817294000 rw-p 00105000 08:03 4070117                    /lib/x86_64-linux-gnu/libm-2.19.so
7fc817294000-7fc817f62000 r-xp 00000000 08:03 5260205                    /usr/lib/jvm/java-8-oracle/jre/lib/amd64/server/libjvm.so
7fc817f62000-7fc818162000 ---p 00cce000 08:03 5260205                    /usr/lib/jvm/java-8-oracle/jre/lib/amd64/server/libjvm.so
7fc818162000-7fc81823b000 rw-p 00cce000 08:03 5260205                    /usr/lib/jvm/java-8-oracle/jre/lib/amd64/server/libjvm.so
7fc81823b000-7fc818286000 rw-p 00000000 00:00 0 
7fc818286000-7fc818440000 r-xp 00000000 08:03 4070132                    /lib/x86_64-linux-gnu/libc-2.19.so
7fc818440000-7fc818640000 ---p 001ba000 08:03 4070132                    /lib/x86_64-linux-gnu/libc-2.19.so
7fc818640000-7fc818644000 r--p 001ba000 08:03 4070132                    /lib/x86_64-linux-gnu/libc-2.19.so
7fc818644000-7fc818646000 rw-p 001be000 08:03 4070132                    /lib/x86_64-linux-gnu/libc-2.19.so
7fc818646000-7fc81864b000 rw-p 00000000 00:00 0 
7fc81864b000-7fc81864e000 r-xp 00000000 08:03 4070119                    /lib/x86_64-linux-gnu/libdl-2.19.so
7fc81864e000-7fc81884d000 ---p 00003000 08:03 4070119                    /lib/x86_64-linux-gnu/libdl-2.19.so
7fc81884d000-7fc81884e000 r--p 00002000 08:03 4070119                    /lib/x86_64-linux-gnu/libdl-2.19.so
7fc81884e000-7fc81884f000 rw-p 00003000 08:03 4070119                    /lib/x86_64-linux-gnu/libdl-2.19.so
7fc81884f000-7fc818864000 r-xp 00000000 08:03 3555343                    /usr/lib/jvm/java-8-oracle/lib/amd64/jli/libjli.so
7fc818864000-7fc818a64000 ---p 00015000 08:03 3555343                    /usr/lib/jvm/java-8-oracle/lib/amd64/jli/libjli.so
7fc818a64000-7fc818a65000 rw-p 00015000 08:03 3555343                    /usr/lib/jvm/java-8-oracle/lib/amd64/jli/libjli.so
7fc818a65000-7fc818a7e000 r-xp 00000000 08:03 4070124                    /lib/x86_64-linux-gnu/libpthread-2.19.so
7fc818a7e000-7fc818c7d000 ---p 00019000 08:03 4070124                    /lib/x86_64-linux-gnu/libpthread-2.19.so
7fc818c7d000-7fc818c7e000 r--p 00018000 08:03 4070124                    /lib/x86_64-linux-gnu/libpthread-2.19.so
7fc818c7e000-7fc818c7f000 rw-p 00019000 08:03 4070124                    /lib/x86_64-linux-gnu/libpthread-2.19.so
7fc818c7f000-7fc818c83000 rw-p 00000000 00:00 0 
7fc818c83000-7fc818ca6000 r-xp 00000000 08:03 4070125                    /lib/x86_64-linux-gnu/ld-2.19.so
7fc818ca6000-7fc818ca7000 r--s 00000000 08:03 5923890                    /home/sharmila/.gradle/caches/modules-2/files-2.1/org.springframework.boot/spring-boot-starter-aop/1.4.3.RELEASE/30b11b6455bed446d3b4a1a49fab529b2cfac454/spring-boot-starter-aop-1.4.3.RELEASE.jar
7fc818ca7000-7fc818ca9000 r--s 0000f000 08:03 5916917                    /home/sharmila/.gradle/caches/modules-2/files-2.1/org.jboss.logging/jboss-logging/3.3.0.Final/3616bb87707910296e2c195dc016287080bba5af/jboss-logging-3.3.0.Final.jar
7fc818ca9000-7fc818caa000 r--s 00000000 08:03 5923568                    /home/sharmila/.gradle/caches/modules-2/files-2.1/org.springframework.boot/spring-boot-starter-tomcat/1.4.3.RELEASE/61c48035a7a3b06b42fdd07b7109e562077b3792/spring-boot-starter-tomcat-1.4.3.RELEASE.jar
7fc818caa000-7fc818d7c000 rw-p 00000000 00:00 0 
7fc818d7c000-7fc818d7f000 ---p 00000000 00:00 0 
7fc818d7f000-7fc818e81000 rw-p 00000000 00:00 0                          [stack:5659]
7fc818e81000-7fc818e82000 r--s 00000000 08:03 5923567                    /home/sharmila/.gradle/caches/modules-2/files-2.1/org.springframework.boot/spring-boot-starter/1.4.3.RELEASE/c99bad104719e947b3f9aa2b7569583805e4c5d5/spring-boot-starter-1.4.3.RELEASE.jar
7fc818e82000-7fc818e83000 r--s 00000000 08:03 5923566                    /home/sharmila/.gradle/caches/modules-2/files-2.1/org.springframework.boot/spring-boot-starter-test/1.4.3.RELEASE/6e9f1dbd3f68299c0183630ef07ca430de160050/spring-boot-starter-test-1.4.3.RELEASE.jar
7fc818e83000-7fc818e84000 r--s 00000000 08:03 5923889                    /home/sharmila/.gradle/caches/modules-2/files-2.1/org.springframework.boot/spring-boot-starter-data-jpa/1.4.3.RELEASE/ffda06c2144d10239014407333c223a237b73ad7/spring-boot-starter-data-jpa-1.4.3.RELEASE.jar
7fc818e84000-7fc818e85000 r--s 00003000 08:03 5923431                    /home/sharmila/.gradle/caches/modules-2/files-2.1/org.hibernate/hibernate-gradle-plugin/5.2.3.Final/db2ad8695e48a03a566b74fb5fc07c1732c1f5e5/hibernate-gradle-plugin-5.2.3.Final.jar
7fc818e85000-7fc818e86000 r--s 00000000 08:03 5923565                    /home/sharmila/.gradle/caches/modules-2/files-2.1/org.springframework.boot/spring-boot-starter-web/1.4.3.RELEASE/a0dcc919eda8e8ecb6f13f52a30e6afbb8266103/spring-boot-starter-web-1.4.3.RELEASE.jar
7fc818e86000-7fc818e99000 rw-p 00000000 00:00 0 
7fc818e99000-7fc818ea1000 rw-s 00000000 08:03 5923986                    /tmp/hsperfdata_sharmila/5654
7fc818ea1000-7fc818ea2000 rw-p 00000000 00:00 0 
7fc818ea2000-7fc818ea3000 r--p 00000000 00:00 0 
7fc818ea3000-7fc818ea5000 rw-p 00000000 00:00 0 
7fc818ea5000-7fc818ea6000 r--p 00022000 08:03 4070125                    /lib/x86_64-linux-gnu/ld-2.19.so
7fc818ea6000-7fc818ea7000 rw-p 00023000 08:03 4070125                    /lib/x86_64-linux-gnu/ld-2.19.so
7fc818ea7000-7fc818ea8000 rw-p 00000000 00:00 0 
7fffbe554000-7fffbe578000 rw-p 00000000 00:00 0                          [stack]
7fffbe5f2000-7fffbe5f4000 r-xp 00000000 00:00 0                          [vdso]
ffffffffff600000-ffffffffff601000 r-xp 00000000 00:00 0                  [vsyscall]

VM Arguments:
jvm_args: -ea -Dfile.encoding=UTF-8 
java_command: org.testng.remote.RemoteTestNG -serport 33772 -protocol json -d /home/sharmila/Documents/work-office/TestNG_Project/test-output /tmp/testng-eclipse--521655031/testng-customsuite.xml
java_class_path (initial): /home/sharmila/Downloads/sts 3.6.4/sts-bundle/sts-3.6.4.RELEASE/plugins/org.testng.eclipse_6.10.0.201612030230/lib/testng-remote.jar:/home/sharmila/Documents/work-office/TestNG_Project/bin:/home/sharmila/.gradle/caches/modules-2/files-2.1/org.springframework.boot/spring-boot-starter-web/1.4.3.RELEASE/a0dcc919eda8e8ecb6f13f52a30e6afbb8266103/spring-boot-starter-web-1.4.3.RELEASE.jar:/home/sharmila/.gradle/caches/modules-2/files-2.1/org.apache.tomcat.embed/tomcat-embed-jasper/9.0.0.M11/e2cd5a7038094195c3163532e01daf051d9265fe/tomcat-embed-jasper-9.0.0.M11.jar:/home/sharmila/.gradle/caches/modules-2/files-2.1/org.xerial/sqlite-jdbc/3.7.2/7a3d67f00508d3881650579f7f228c61bfc1b196/sqlite-jdbc-3.7.2.jar:/home/sharmila/.gradle/caches/modules-2/files-2.1/org.hibernate/hibernate-gradle-plugin/5.2.3.Final/db2ad8695e48a03a566b74fb5fc07c1732c1f5e5/hibernate-gradle-plugin-5.2.3.Final.jar:/home/sharmila/.gradle/caches/modules-2/files-2.1/org.springframework.boot/spring-boot-starter-data-jpa/1.4.3.RELEASE/ffda06c2144d10239014407333c223a237b73ad7/spring-boot-starter-data-jpa-1.4.3.RELEASE.jar:/home/sharmila/.gradle/caches/modules-2/files-2.1/org.testng/testng/6.5.2/5069d2e72356ed87645c5fc3622b0bbb5e0667c9/testng-6.5.2.jar:/home/sharmila/.gradle/caches/modules-2/files-2.1/org.springframework.boot/spring-boot-starter-test/1.4.3.RELEASE/6e9f1dbd3f68299c0183630ef07ca430de160050/spring-boot-starter-test-1.4.3.RELEASE.jar:/home/sharmila/.gradle/caches/modules-2/files-2.1/org.springframework.boot/spring-boot-starter/1.4.3.RELEASE/c99bad104719e947b3f9aa2b7569583805e4c5d5/spring-boot-starter-1.4.3.RELEASE.jar:/home/sharmila/.gradle/caches/modules-2/files-2.1/org.springframework.boot/spring-boot-starter-tomcat/1.4.3.RELEASE/61c48035a7a3b06b42fdd07b7109e562077b3792/spring-boot-starter-tomcat-1.4.3.RELEASE.jar:/home/sharmila/.gradle/caches/modules-2/files-2.1/org.hibernate/hibernate-validator/5.2.4.Final/fb18766b576aa6632bcfe9a20a023cbd52bf9769/hibernate-validator-5
Launcher Type: SUN_STANDARD

Environment Variables:
JAVA_HOME=/usr/lib/jvm/java-8-oracle
PATH=/usr/local/sbin:/usr/local/bin:/usr/sbin:/usr/bin:/sbin:/bin:/usr/games:/usr/local/games:/usr/lib/jvm/java-8-oracle/bin:/usr/lib/jvm/java-8-oracle/db/bin:/usr/lib/jvm/java-8-oracle/jre/bin
SHELL=/bin/bash
DISPLAY=:0.0

Signal Handlers:
SIGSEGV: [libjvm.so+0xac78c0], sa_mask[0]=11111111011111111101111111111110, sa_flags=SA_RESTART|SA_SIGINFO
SIGBUS: [libjvm.so+0xac78c0], sa_mask[0]=11111111011111111101111111111110, sa_flags=SA_RESTART|SA_SIGINFO
SIGFPE: [libjvm.so+0x920ac0], sa_mask[0]=11111111011111111101111111111110, sa_flags=SA_RESTART|SA_SIGINFO
SIGPIPE: [libjvm.so+0x920ac0], sa_mask[0]=11111111011111111101111111111110, sa_flags=SA_RESTART|SA_SIGINFO
SIGXFSZ: [libjvm.so+0x920ac0], sa_mask[0]=11111111011111111101111111111110, sa_flags=SA_RESTART|SA_SIGINFO
SIGILL: [libjvm.so+0x920ac0], sa_mask[0]=11111111011111111101111111111110, sa_flags=SA_RESTART|SA_SIGINFO
SIGUSR1: SIG_DFL, sa_mask[0]=00000000000000000000000000000000, sa_flags=none
SIGUSR2: [libjvm.so+0x922300], sa_mask[0]=00100000000000000000000000000000, sa_flags=SA_RESTART|SA_SIGINFO
SIGHUP: [libjvm.so+0x923700], sa_mask[0]=11111111011111111101111111111110, sa_flags=SA_RESTART|SA_SIGINFO
SIGINT: [libjvm.so+0x923700], sa_mask[0]=11111111011111111101111111111110, sa_flags=SA_RESTART|SA_SIGINFO
SIGTERM: [libjvm.so+0x923700], sa_mask[0]=11111111011111111101111111111110, sa_flags=SA_RESTART|SA_SIGINFO
SIGQUIT: [libjvm.so+0x923700], sa_mask[0]=11111111011111111101111111111110, sa_flags=SA_RESTART|SA_SIGINFO


---------------  S Y S T E M  ---------------

OS:DISTRIB_ID=Ubuntu
DISTRIB_RELEASE=14.04
DISTRIB_CODENAME=trusty
DISTRIB_DESCRIPTION="Ubuntu 14.04.5 LTS"

uname:Linux 3.13.0-107-generic #154-Ubuntu SMP Tue Dec 20 09:57:27 UTC 2016 x86_64
libc:glibc 2.19 NPTL 2.19 
rlimit: STACK 8192k, CORE 0k, NPROC 30712, NOFILE 4096, AS infinity
load average:9.62 4.96 2.13

/proc/meminfo:
MemTotal:        3953548 kB
MemFree:          153056 kB
Buffers:            8980 kB
Cached:           648328 kB
SwapCached:        15456 kB
Active:          2425812 kB
Inactive:        1135796 kB
Active(anon):    2265496 kB
Inactive(anon):  1018588 kB
Active(file):     160316 kB
Inactive(file):   117208 kB
Unevictable:         208 kB
Mlocked:             208 kB
SwapTotal:       7999484 kB
SwapFree:        7980968 kB
Dirty:             45036 kB
Writeback:             0 kB
AnonPages:       2888836 kB
Mapped:           375300 kB
Shmem:            379924 kB
Slab:             112292 kB
SReclaimable:      74072 kB
SUnreclaim:        38220 kB
KernelStack:        5552 kB
PageTables:        48552 kB
NFS_Unstable:          0 kB
Bounce:                0 kB
WritebackTmp:          0 kB
CommitLimit:     9976256 kB
Committed_AS:    8004716 kB
VmallocTotal:   34359738367 kB
VmallocUsed:      400992 kB
VmallocChunk:   34359328052 kB
HardwareCorrupted:     0 kB
AnonHugePages:   1349632 kB
HugePages_Total:       0
HugePages_Free:        0
HugePages_Rsvd:        0
HugePages_Surp:        0
Hugepagesize:       2048 kB
DirectMap4k:       94380 kB
DirectMap2M:     2957312 kB
DirectMap1G:     1048576 kB


CPU:total 4 (2 cores per cpu, 2 threads per core) family 6 model 69 stepping 1, cmov, cx8, fxsr, mmx, sse, sse2, sse3, ssse3, sse4.1, sse4.2, popcnt, avx, avx2, aes, clmul, erms, lzcnt, ht, tsc, tscinvbit, bmi1, bmi2

/proc/cpuinfo:
processor	: 0
vendor_id	: GenuineIntel
cpu family	: 6
model		: 69
model name	: Intel(R) Core(TM) i5-4200U CPU @ 1.60GHz
stepping	: 1
microcode	: 0x17
cpu MHz		: 1600.000
cache size	: 3072 KB
physical id	: 0
siblings	: 4
core id		: 0
cpu cores	: 2
apicid		: 0
initial apicid	: 0
fpu		: yes
fpu_exception	: yes
cpuid level	: 13
wp		: yes
flags		: fpu vme de pse tsc msr pae mce cx8 apic sep mtrr pge mca cmov pat pse36 clflush dts acpi mmx fxsr sse sse2 ss ht tm pbe syscall nx pdpe1gb rdtscp lm constant_tsc arch_perfmon pebs bts rep_good nopl xtopology nonstop_tsc aperfmperf eagerfpu pni pclmulqdq dtes64 monitor ds_cpl vmx est tm2 ssse3 fma cx16 xtpr pdcm pcid sse4_1 sse4_2 movbe popcnt tsc_deadline_timer aes xsave avx f16c rdrand lahf_lm abm ida arat epb xsaveopt pln pts dtherm tpr_shadow vnmi flexpriority ept vpid fsgsbase tsc_adjust bmi1 avx2 smep bmi2 erms invpcid
bogomips	: 4589.54
clflush size	: 64
cache_alignment	: 64
address sizes	: 39 bits physical, 48 bits virtual
power management:

processor	: 1
vendor_id	: GenuineIntel
cpu family	: 6
model		: 69
model name	: Intel(R) Core(TM) i5-4200U CPU @ 1.60GHz
stepping	: 1
microcode	: 0x17
cpu MHz		: 1600.000
cache size	: 3072 KB
physical id	: 0
siblings	: 4
core id		: 0
cpu cores	: 2
apicid		: 1
initial apicid	: 1
fpu		: yes
fpu_exception	: yes
cpuid level	: 13
wp		: yes
flags		: fpu vme de pse tsc msr pae mce cx8 apic sep mtrr pge mca cmov pat pse36 clflush dts acpi mmx fxsr sse sse2 ss ht tm pbe syscall nx pdpe1gb rdtscp lm constant_tsc arch_perfmon pebs bts rep_good nopl xtopology nonstop_tsc aperfmperf eagerfpu pni pclmulqdq dtes64 monitor ds_cpl vmx est tm2 ssse3 fma cx16 xtpr pdcm pcid sse4_1 sse4_2 movbe popcnt tsc_deadline_timer aes xsave avx f16c rdrand lahf_lm abm ida arat epb xsaveopt pln pts dtherm tpr_shadow vnmi flexpriority ept vpid fsgsbase tsc_adjust bmi1 avx2 smep bmi2 erms invpcid
bogomips	: 4589.54
clflush size	: 64
cache_alignment	: 64
address sizes	: 39 bits physical, 48 bits virtual
power management:

processor	: 2
vendor_id	: GenuineIntel
cpu family	: 6
model		: 69
model name	: Intel(R) Core(TM) i5-4200U CPU @ 1.60GHz
stepping	: 1
microcode	: 0x17
cpu MHz		: 1600.000
cache size	: 3072 KB
physical id	: 0
siblings	: 4
core id		: 1
cpu cores	: 2
apicid		: 2
initial apicid	: 2
fpu		: yes
fpu_exception	: yes
cpuid level	: 13
wp		: yes
flags		: fpu vme de pse tsc msr pae mce cx8 apic sep mtrr pge mca cmov pat pse36 clflush dts acpi mmx fxsr sse sse2 ss ht tm pbe syscall nx pdpe1gb rdtscp lm constant_tsc arch_perfmon pebs bts rep_good nopl xtopology nonstop_tsc aperfmperf eagerfpu pni pclmulqdq dtes64 monitor ds_cpl vmx est tm2 ssse3 fma cx16 xtpr pdcm pcid sse4_1 sse4_2 movbe popcnt tsc_deadline_timer aes xsave avx f16c rdrand lahf_lm abm ida arat epb xsaveopt pln pts dtherm tpr_shadow vnmi flexpriority ept vpid fsgsbase tsc_adjust bmi1 avx2 smep bmi2 erms invpcid
bogomips	: 4589.54
clflush size	: 64
cache_alignment	: 64
address sizes	: 39 bits physical, 48 bits virtual
power management:

processor	: 3
vendor_id	: GenuineIntel
cpu family	: 6
model		: 69
model name	: Intel(R) Core(TM) i5-4200U CPU @ 1.60GHz
stepping	: 1
microcode	: 0x17
cpu MHz		: 1600.000
cache size	: 3072 KB
physical id	: 0
siblings	: 4
core id		: 1
cpu cores	: 2
apicid		: 3
initial apicid	: 3
fpu		: yes
fpu_exception	: yes
cpuid level	: 13
wp		: yes
flags		: fpu vme de pse tsc msr pae mce cx8 apic sep mtrr pge mca cmov pat pse36 clflush dts acpi mmx fxsr sse sse2 ss ht tm pbe syscall nx pdpe1gb rdtscp lm constant_tsc arch_perfmon pebs bts rep_good nopl xtopology nonstop_tsc aperfmperf eagerfpu pni pclmulqdq dtes64 monitor ds_cpl vmx est tm2 ssse3 fma cx16 xtpr pdcm pcid sse4_1 sse4_2 movbe popcnt tsc_deadline_timer aes xsave avx f16c rdrand lahf_lm abm ida arat epb xsaveopt pln pts dtherm tpr_shadow vnmi flexpriority ept vpid fsgsbase tsc_adjust bmi1 avx2 smep bmi2 erms invpcid
bogomips	: 4589.54
clflush size	: 64
cache_alignment	: 64
address sizes	: 39 bits physical, 48 bits virtual
power management:



Memory: 4k page, physical 3953548k(153056k free), swap 7999484k(7980968k free)

vm_info: Java HotSpot(TM) 64-Bit Server VM (25.121-b13) for linux-amd64 JRE (1.8.0_121-b13), built on Dec 12 2016 16:36:53 by "java_re" with gcc 4.3.0 20080428 (Red Hat 4.3.0-8)

time: Mon Jan 23 15:49:51 2017
elapsed time: 18 seconds (0d 0h 0m 18s)

