#
# A fatal error has been detected by the Java Runtime Environment:
#
#  SIGSEGV (0xb) at pc=0x00007f1bb42c8118, pid=3727, tid=0x00007f1bb57cf700
#
# JRE version: Java(TM) SE Runtime Environment (8.0_121-b13) (build 1.8.0_121-b13)
# Java VM: Java HotSpot(TM) 64-Bit Server VM (25.121-b13 mixed mode linux-amd64 compressed oops)
# Problematic frame:
# V  [libjvm.so+0x6e2118]  jni_GetStringUTFChars+0xb8
#
# Failed to write core dump. Core dumps have been disabled. To enable core dumping, try "ulimit -c unlimited" before starting Java again
#
# If you would like to submit a bug report, please visit:
#   http://bugreport.java.com/bugreport/crash.jsp
#

---------------  T H R E A D  ---------------

Current thread (0x00007f1bac010000):  JavaThread "main" [_thread_in_vm, id=3729, stack(0x00007f1bb56cf000,0x00007f1bb57d0000)]

siginfo: si_signo: 11 (SIGSEGV), si_code: 1 (SEGV_MAPERR), si_addr: 0x0000000000000000

Registers:
RAX=0x00007f1bb4b9d550, RBX=0x0000000000000000, RCX=0x000000076ab8bb70, RDX=0x00007f1bb4bab9e0
RSP=0x00007f1bb57c9a60, RBP=0x00007f1bb57c9b00, RSI=0x00007f1bac010000, RDI=0x00007f1bb57c9aa0
R8 =0x00007f1b9d012c80, R9 =0x000000076ab8bb70, R10=0x00000000000001c4, R11=0x00007f1bb4bab9e8
R12=0x00007f1bac010000, R13=0x0000000000000000, R14=0x00007f1bb57c9bd8, R15=0x00007f1bb57c9aa0
RIP=0x00007f1bb42c8118, EFLAGS=0x0000000000010246, CSGSFS=0x0000000000000033, ERR=0x0000000000000004
  TRAPNO=0x000000000000000e

Top of Stack: (sp=0x00007f1bb57c9a60)
0x00007f1bb57c9a60:   00007f1bb57c9b28 0000000000000000
0x00007f1bb57c9a70:   00007f1b9d10b340 00007f1bb4bad800
0x00007f1bb57c9a80:   00007f1bb57ca0f8 00007f1b9d012c80
0x00007f1bb57c9a90:   000000077657a538 0000000050200030
0x00007f1bb57c9aa0:   00007f1bac010000 0000000000000000
0x00007f1bb57c9ab0:   00007f1bb032d480 00007f1b9d0082bd
0x00007f1bb57c9ac0:   00007f1bac010000 000000077657a538
0x00007f1bb57c9ad0:   00007f1bb57c9b70 00007f1b8494e1d0
0x00007f1bb57c9ae0:   00007f1bace09cd8 0000000000000000
0x00007f1bb57c9af0:   00007f1bb57c9bd8 00007f1bac010000
0x00007f1bb57c9b00:   00007f1bac0101f8 00007f1b846bd2b0
0x00007f1bb57c9b10:   00007f1bb57c9b70 00007f1b9d0082bd
0x00007f1bb57c9b20:   00007f1b8494e1d0 00007f1bb57c9bb0
0x00007f1bb57c9b30:   0000000000000000 00007f1b8494e1c8
0x00007f1bb57c9b40:   00007f1bb57c9bd8 00007f1b9d0184cf
0x00007f1bb57c9b50:   0000000000000000 00007f1b8495dae0
0x00007f1bb57c9b60:   0000000000000000 000000076ab8bb70
0x00007f1bb57c9b70:   00007f1bb57c9b60 0000000000000000
0x00007f1bb57c9b80:   00007f1bb57c9bd8 00007f1b84954ad8
0x00007f1bb57c9b90:   0000000000000000 00007f1b8494e1d0
0x00007f1bb57c9ba0:   0000000000000000 00007f1bb57c9bd0
0x00007f1bb57c9bb0:   00007f1bb57c9c38 00007f1b9d007dd0
0x00007f1bb57c9bc0:   0000000000000000 00007f1b9d011537
0x00007f1bb57c9bd0:   0000000000000000 000000076ab8bb70
0x00007f1bb57c9be0:   000000077657a4d8 000000077657a538
0x00007f1bb57c9bf0:   000000076ab8bb70 00007f1bb57c9be8
0x00007f1bb57c9c00:   00007f1b84951a95 00007f1bb57c9c50
0x00007f1bb57c9c10:   00007f1b84954328 0000000000000000
0x00007f1bb57c9c20:   00007f1b84951ae0 00007f1bb57c9bd0
0x00007f1bb57c9c30:   00007f1bb57c9c48 00007f1bb57c9c98
0x00007f1bb57c9c40:   00007f1b9d0082bd 000000077657a4d8
0x00007f1bb57c9c50:   000000076ab8bb70 00007f1bb57c9c58 

Instructions: (pc=0x00007f1bb42c8118)
0x00007f1bb42c80f8:   84 24 70 02 00 00 06 00 00 00 4c 89 e6 4c 89 65
0x00007f1bb42c8108:   c0 4c 89 ff e8 1f 01 01 00 48 8b 05 18 d0 88 00
0x00007f1bb42c8118:   4c 8b 2b 8b 10 48 8b 05 44 fc 88 00 80 38 00 0f
0x00007f1bb42c8128:   84 2b 01 00 00 48 63 c2 41 8b 54 05 00 85 d2 0f 

Register to memory mapping:

RAX=0x00007f1bb4b9d550: <offset 0xfb7550> in /usr/lib/jvm/java-8-oracle/jre/lib/amd64/server/libjvm.so at 0x00007f1bb3be6000
RBX=0x0000000000000000 is an unknown value
RCX=0x000000076ab8bb70 is an oop
org.sqlite.NativeDB 
 - klass: 'org/sqlite/NativeDB'
RDX=0x00007f1bb4bab9e0: <offset 0xfc59e0> in /usr/lib/jvm/java-8-oracle/jre/lib/amd64/server/libjvm.so at 0x00007f1bb3be6000
RSP=0x00007f1bb57c9a60 is pointing into the stack for thread: 0x00007f1bac010000
RBP=0x00007f1bb57c9b00 is pointing into the stack for thread: 0x00007f1bac010000
RSI=0x00007f1bac010000 is a thread
RDI=0x00007f1bb57c9aa0 is pointing into the stack for thread: 0x00007f1bac010000
R8 =0x00007f1b9d012c80 is at code_begin+0 in an Interpreter codelet
method entry point (kind = zerolocals)  [0x00007f1b9d012c80, 0x00007f1b9d013100]  1152 bytes
R9 =0x000000076ab8bb70 is an oop
org.sqlite.NativeDB 
 - klass: 'org/sqlite/NativeDB'
R10=0x00000000000001c4 is an unknown value
R11=0x00007f1bb4bab9e8: <offset 0xfc59e8> in /usr/lib/jvm/java-8-oracle/jre/lib/amd64/server/libjvm.so at 0x00007f1bb3be6000
R12=0x00007f1bac010000 is a thread
R13=0x0000000000000000 is an unknown value
R14=0x00007f1bb57c9bd8 is pointing into the stack for thread: 0x00007f1bac010000
R15=0x00007f1bb57c9aa0 is pointing into the stack for thread: 0x00007f1bac010000


Stack: [0x00007f1bb56cf000,0x00007f1bb57d0000],  sp=0x00007f1bb57c9a60,  free space=1002k
Native frames: (J=compiled Java code, j=interpreted, Vv=VM code, C=native code)
V  [libjvm.so+0x6e2118]  jni_GetStringUTFChars+0xb8
C  [sqlite-3.7.2-libsqlitejdbc.so+0xd2b0]  Java_org_sqlite_NativeDB_prepare+0x2f

Java frames: (J=compiled Java code, j=interpreted, Vv=VM code)
j  org.sqlite.NativeDB.prepare(Ljava/lang/String;)J+0
j  org.sqlite.DB.prepare(Lorg/sqlite/Stmt;)V+21
j  org.sqlite.PrepStmt.<init>(Lorg/sqlite/Conn;Ljava/lang/String;)V+15
j  org.sqlite.Conn.prepareStatement(Ljava/lang/String;III)Ljava/sql/PreparedStatement;+14
j  org.sqlite.Conn.prepareStatement(Ljava/lang/String;II)Ljava/sql/PreparedStatement;+5
j  org.sqlite.Conn.prepareStatement(Ljava/lang/String;)Ljava/sql/PreparedStatement;+8
v  ~StubRoutines::call_stub
J 1242  sun.reflect.NativeMethodAccessorImpl.invoke0(Ljava/lang/reflect/Method;Ljava/lang/Object;[Ljava/lang/Object;)Ljava/lang/Object; (0 bytes) @ 0x00007f1b9d446ff7 [0x00007f1b9d446f80+0x77]
J 1241 C1 sun.reflect.NativeMethodAccessorImpl.invoke(Ljava/lang/Object;[Ljava/lang/Object;)Ljava/lang/Object; (104 bytes) @ 0x00007f1b9d44ac14 [0x00007f1b9d449a40+0x11d4]
J 1252 C1 sun.reflect.DelegatingMethodAccessorImpl.invoke(Ljava/lang/Object;[Ljava/lang/Object;)Ljava/lang/Object; (10 bytes) @ 0x00007f1b9d4475cc [0x00007f1b9d4474c0+0x10c]
J 1232 C1 java.lang.reflect.Method.invoke(Ljava/lang/Object;[Ljava/lang/Object;)Ljava/lang/Object; (62 bytes) @ 0x00007f1b9d441a1c [0x00007f1b9d441620+0x3fc]
j  org.apache.tomcat.jdbc.pool.ProxyConnection.invoke(Ljava/lang/Object;Ljava/lang/reflect/Method;[Ljava/lang/Object;)Ljava/lang/Object;+237
j  org.apache.tomcat.jdbc.pool.JdbcInterceptor.invoke(Ljava/lang/Object;Ljava/lang/reflect/Method;[Ljava/lang/Object;)Ljava/lang/Object;+14
j  org.apache.tomcat.jdbc.pool.DisposableConnectionFacade.invoke(Ljava/lang/Object;Ljava/lang/reflect/Method;[Ljava/lang/Object;)Ljava/lang/Object;+93
j  com.sun.proxy.$Proxy83.prepareStatement(Ljava/lang/String;)Ljava/sql/PreparedStatement;+16
j  org.hibernate.engine.jdbc.internal.StatementPreparerImpl$1.doPrepare()Ljava/sql/PreparedStatement;+37
j  org.hibernate.engine.jdbc.internal.StatementPreparerImpl$StatementPreparationTemplate.prepareStatement()Ljava/sql/PreparedStatement;+45
j  org.hibernate.engine.jdbc.internal.StatementPreparerImpl.prepareStatement(Ljava/lang/String;)Ljava/sql/PreparedStatement;+6
j  org.hibernate.id.SequenceGenerator.generateHolder(Lorg/hibernate/engine/spi/SessionImplementor;)Lorg/hibernate/id/IntegralDataTypeHolder;+15
j  org.hibernate.id.SequenceHiLoGenerator$1.getNextValue()Lorg/hibernate/id/IntegralDataTypeHolder;+8
j  org.hibernate.id.enhanced.LegacyHiLoAlgorithmOptimizer.generate(Lorg/hibernate/id/enhanced/AccessCallback;)Ljava/io/Serializable;+25
j  org.hibernate.id.SequenceHiLoGenerator.generate(Lorg/hibernate/engine/spi/SessionImplementor;Ljava/lang/Object;)Ljava/io/Serializable;+53
j  org.hibernate.event.internal.AbstractSaveEventListener.saveWithGeneratedId(Ljava/lang/Object;Ljava/lang/String;Ljava/lang/Object;Lorg/hibernate/event/spi/EventSource;Z)Ljava/io/Serializable;+21
j  org.hibernate.jpa.event.internal.core.JpaPersistEventListener.saveWithGeneratedId(Ljava/lang/Object;Ljava/lang/String;Ljava/lang/Object;Lorg/hibernate/event/spi/EventSource;Z)Ljava/io/Serializable;+18
j  org.hibernate.event.internal.DefaultPersistEventListener.entityIsTransient(Lorg/hibernate/event/spi/PersistEvent;Ljava/util/Map;)V+55
j  org.hibernate.event.internal.DefaultPersistEventListener.onPersist(Lorg/hibernate/event/spi/PersistEvent;Ljava/util/Map;)V+324
j  org.hibernate.event.internal.DefaultPersistEventListener.onPersist(Lorg/hibernate/event/spi/PersistEvent;)V+11
j  org.hibernate.internal.SessionImpl.firePersist(Lorg/hibernate/event/spi/PersistEvent;)V+46
j  org.hibernate.internal.SessionImpl.persist(Ljava/lang/String;Ljava/lang/Object;)V+11
j  org.hibernate.internal.SessionImpl.persist(Ljava/lang/Object;)V+3
j  org.hibernate.jpa.spi.AbstractEntityManagerImpl.persist(Ljava/lang/Object;)V+9
v  ~StubRoutines::call_stub
J 1242  sun.reflect.NativeMethodAccessorImpl.invoke0(Ljava/lang/reflect/Method;Ljava/lang/Object;[Ljava/lang/Object;)Ljava/lang/Object; (0 bytes) @ 0x00007f1b9d446ff7 [0x00007f1b9d446f80+0x77]
J 1241 C1 sun.reflect.NativeMethodAccessorImpl.invoke(Ljava/lang/Object;[Ljava/lang/Object;)Ljava/lang/Object; (104 bytes) @ 0x00007f1b9d44ac14 [0x00007f1b9d449a40+0x11d4]
J 1252 C1 sun.reflect.DelegatingMethodAccessorImpl.invoke(Ljava/lang/Object;[Ljava/lang/Object;)Ljava/lang/Object; (10 bytes) @ 0x00007f1b9d4475cc [0x00007f1b9d4474c0+0x10c]
J 1232 C1 java.lang.reflect.Method.invoke(Ljava/lang/Object;[Ljava/lang/Object;)Ljava/lang/Object; (62 bytes) @ 0x00007f1b9d441a1c [0x00007f1b9d441620+0x3fc]
j  org.springframework.orm.jpa.SharedEntityManagerCreator$SharedEntityManagerInvocationHandler.invoke(Ljava/lang/Object;Ljava/lang/reflect/Method;[Ljava/lang/Object;)Ljava/lang/Object;+495
j  com.sun.proxy.$Proxy92.persist(Ljava/lang/Object;)V+16
j  org.springframework.data.jpa.repository.support.SimpleJpaRepository.save(Ljava/lang/Object;)Ljava/lang/Object;+18
v  ~StubRoutines::call_stub
J 1242  sun.reflect.NativeMethodAccessorImpl.invoke0(Ljava/lang/reflect/Method;Ljava/lang/Object;[Ljava/lang/Object;)Ljava/lang/Object; (0 bytes) @ 0x00007f1b9d446ff7 [0x00007f1b9d446f80+0x77]
J 1241 C1 sun.reflect.NativeMethodAccessorImpl.invoke(Ljava/lang/Object;[Ljava/lang/Object;)Ljava/lang/Object; (104 bytes) @ 0x00007f1b9d44ac14 [0x00007f1b9d449a40+0x11d4]
J 1252 C1 sun.reflect.DelegatingMethodAccessorImpl.invoke(Ljava/lang/Object;[Ljava/lang/Object;)Ljava/lang/Object; (10 bytes) @ 0x00007f1b9d4475cc [0x00007f1b9d4474c0+0x10c]
J 1232 C1 java.lang.reflect.Method.invoke(Ljava/lang/Object;[Ljava/lang/Object;)Ljava/lang/Object; (62 bytes) @ 0x00007f1b9d441a1c [0x00007f1b9d441620+0x3fc]
j  org.springframework.data.repository.core.support.RepositoryFactorySupport$QueryExecutorMethodInterceptor.executeMethodOn(Ljava/lang/Object;Ljava/lang/reflect/Method;[Ljava/lang/Object;)Ljava/lang/Object;+3
j  org.springframework.data.repository.core.support.RepositoryFactorySupport$QueryExecutorMethodInterceptor.doInvoke(Lorg/aopalliance/intercept/MethodInvocation;)Ljava/lang/Object;+94
j  org.springframework.data.repository.core.support.RepositoryFactorySupport$QueryExecutorMethodInterceptor.invoke(Lorg/aopalliance/intercept/MethodInvocation;)Ljava/lang/Object;+2
j  org.springframework.aop.framework.ReflectiveMethodInvocation.proceed()Ljava/lang/Object;+101
j  org.springframework.data.projection.DefaultMethodInvokingMethodInterceptor.invoke(Lorg/aopalliance/intercept/MethodInvocation;)Ljava/lang/Object;+15
j  org.springframework.aop.framework.ReflectiveMethodInvocation.proceed()Ljava/lang/Object;+101
j  org.springframework.transaction.interceptor.TransactionInterceptor$1.proceedWithInvocation()Ljava/lang/Object;+4
j  org.springframework.transaction.interceptor.TransactionAspectSupport.invokeWithinTransaction(Ljava/lang/reflect/Method;Ljava/lang/Class;Lorg/springframework/transaction/interceptor/TransactionAspectSupport$InvocationCallback;)Ljava/lang/Object;+60
j  org.springframework.transaction.interceptor.TransactionInterceptor.invoke(Lorg/aopalliance/intercept/MethodInvocation;)Ljava/lang/Object;+40
j  org.springframework.aop.framework.ReflectiveMethodInvocation.proceed()Ljava/lang/Object;+101
j  org.springframework.dao.support.PersistenceExceptionTranslationInterceptor.invoke(Lorg/aopalliance/intercept/MethodInvocation;)Ljava/lang/Object;+1
j  org.springframework.aop.framework.ReflectiveMethodInvocation.proceed()Ljava/lang/Object;+101
j  org.springframework.data.jpa.repository.support.CrudMethodMetadataPostProcessor$CrudMethodMetadataPopulatingMethodInterceptor.invoke(Lorg/aopalliance/intercept/MethodInvocation;)Ljava/lang/Object;+89
j  org.springframework.aop.framework.ReflectiveMethodInvocation.proceed()Ljava/lang/Object;+101
j  org.springframework.aop.interceptor.ExposeInvocationInterceptor.invoke(Lorg/aopalliance/intercept/MethodInvocation;)Ljava/lang/Object;+18
j  org.springframework.aop.framework.ReflectiveMethodInvocation.proceed()Ljava/lang/Object;+101
j  org.springframework.aop.framework.JdkDynamicAopProxy.invoke(Ljava/lang/Object;Ljava/lang/reflect/Method;[Ljava/lang/Object;)Ljava/lang/Object;+385
j  com.sun.proxy.$Proxy94.save(Ljava/lang/Object;)Ljava/lang/Object;+16
j  com.example.api.service.BookService.save(Lcom/example/entity/Book;)Lcom/example/entity/Book;+5
j  com.example.crudtest.CRUDTest.insertOperation()V+19
v  ~StubRoutines::call_stub
J 1242  sun.reflect.NativeMethodAccessorImpl.invoke0(Ljava/lang/reflect/Method;Ljava/lang/Object;[Ljava/lang/Object;)Ljava/lang/Object; (0 bytes) @ 0x00007f1b9d446ff7 [0x00007f1b9d446f80+0x77]
J 1241 C1 sun.reflect.NativeMethodAccessorImpl.invoke(Ljava/lang/Object;[Ljava/lang/Object;)Ljava/lang/Object; (104 bytes) @ 0x00007f1b9d44ac14 [0x00007f1b9d449a40+0x11d4]
J 1252 C1 sun.reflect.DelegatingMethodAccessorImpl.invoke(Ljava/lang/Object;[Ljava/lang/Object;)Ljava/lang/Object; (10 bytes) @ 0x00007f1b9d4475cc [0x00007f1b9d4474c0+0x10c]
J 1232 C1 java.lang.reflect.Method.invoke(Ljava/lang/Object;[Ljava/lang/Object;)Ljava/lang/Object; (62 bytes) @ 0x00007f1b9d441a1c [0x00007f1b9d441620+0x3fc]
j  org.testng.internal.MethodInvocationHelper.invokeMethod(Ljava/lang/reflect/Method;Ljava/lang/Object;[Ljava/lang/Object;)Ljava/lang/Object;+242
j  org.testng.internal.MethodInvocationHelper$1.runTestMethod(Lorg/testng/ITestResult;)V+12
j  org.springframework.test.context.testng.AbstractTestNGSpringContextTests.run(Lorg/testng/IHookCallBack;Lorg/testng/ITestResult;)V+2
v  ~StubRoutines::call_stub
J 1242  sun.reflect.NativeMethodAccessorImpl.invoke0(Ljava/lang/reflect/Method;Ljava/lang/Object;[Ljava/lang/Object;)Ljava/lang/Object; (0 bytes) @ 0x00007f1b9d446ff7 [0x00007f1b9d446f80+0x77]
J 1241 C1 sun.reflect.NativeMethodAccessorImpl.invoke(Ljava/lang/Object;[Ljava/lang/Object;)Ljava/lang/Object; (104 bytes) @ 0x00007f1b9d44ac14 [0x00007f1b9d449a40+0x11d4]
J 1252 C1 sun.reflect.DelegatingMethodAccessorImpl.invoke(Ljava/lang/Object;[Ljava/lang/Object;)Ljava/lang/Object; (10 bytes) @ 0x00007f1b9d4475cc [0x00007f1b9d4474c0+0x10c]
J 1232 C1 java.lang.reflect.Method.invoke(Ljava/lang/Object;[Ljava/lang/Object;)Ljava/lang/Object; (62 bytes) @ 0x00007f1b9d441a1c [0x00007f1b9d441620+0x3fc]
j  org.testng.internal.MethodInvocationHelper.invokeHookable(Ljava/lang/Object;[Ljava/lang/Object;Ljava/lang/Object;Ljava/lang/reflect/Method;Lorg/testng/internal/TestResult;)V+64
j  org.testng.internal.Invoker.invokeMethod([Ljava/lang/Object;ILorg/testng/ITestNGMethod;[Ljava/lang/Object;ILorg/testng/xml/XmlSuite;Ljava/util/Map;Lorg/testng/ITestClass;[Lorg/testng/ITestNGMethod;[Lorg/testng/ITestNGMethod;Lorg/testng/internal/ConfigurationGroupMethods;)Lorg/testng/ITestResult;+280
j  org.testng.internal.Invoker.invokeTestMethod([Ljava/lang/Object;Lorg/testng/ITestNGMethod;[Ljava/lang/Object;ILorg/testng/xml/XmlSuite;Ljava/util/Map;Lorg/testng/ITestClass;[Lorg/testng/ITestNGMethod;[Lorg/testng/ITestNGMethod;Lorg/testng/internal/ConfigurationGroupMethods;)Ljava/util/List;+46
j  org.testng.internal.Invoker.invokeTestMethods(Lorg/testng/ITestNGMethod;[Lorg/testng/ITestNGMethod;ILorg/testng/xml/XmlSuite;Ljava/util/Map;Lorg/testng/internal/ConfigurationGroupMethods;[Ljava/lang/Object;Lorg/testng/ITestContext;)Ljava/util/List;+705
j  org.testng.internal.TestMethodWorker.invokeTestMethods(Lorg/testng/ITestNGMethod;[Ljava/lang/Object;Lorg/testng/ITestContext;)V+32
j  org.testng.internal.TestMethodWorker.run()V+60
j  org.testng.TestRunner.privateRun(Lorg/testng/xml/XmlTest;)V+349
j  org.testng.TestRunner.run()V+26
j  org.testng.SuiteRunner.runTest(Lorg/testng/TestRunner;)V+1
j  org.testng.SuiteRunner.runSequentially()V+31
j  org.testng.SuiteRunner.privateRun()V+281
j  org.testng.SuiteRunner.run()V+6
j  org.testng.SuiteRunnerWorker.runSuite(Lorg/testng/internal/SuiteRunnerMap;Lorg/testng/xml/XmlSuite;)V+96
j  org.testng.SuiteRunnerWorker.run()V+12
j  org.testng.TestNG.runSuitesSequentially(Lorg/testng/xml/XmlSuite;Lorg/testng/internal/SuiteRunnerMap;ILjava/lang/String;)V+66
j  org.testng.TestNG.runSuitesLocally()Ljava/util/List;+117
j  org.testng.TestNG.run()V+77
j  org.testng.remote.AbstractRemoteTestNG.run()V+163
j  org.testng.remote.RemoteTestNG.initAndRun(Lorg/testng/remote/IRemoteTestNG;[Ljava/lang/String;Lorg/testng/CommandLineArgs;Lorg/testng/remote/RemoteArgs;)V+184
j  org.testng.remote.RemoteTestNG.main([Ljava/lang/String;)V+218
v  ~StubRoutines::call_stub

---------------  P R O C E S S  ---------------

Java Threads: ( => current thread )
  0x00007f1badd23800 JavaThread "http-nio-auto-1-35071-AsyncTimeout" daemon [_thread_blocked, id=3759, stack(0x00007f1b438fb000,0x00007f1b439fc000)]
  0x00007f1badd21800 JavaThread "http-nio-auto-1-Acceptor-0" daemon [_thread_in_native, id=3758, stack(0x00007f1b439fc000,0x00007f1b43afd000)]
  0x00007f1badd1f000 JavaThread "http-nio-auto-1-ClientPoller-1" daemon [_thread_in_native, id=3757, stack(0x00007f1b43afd000,0x00007f1b43bfe000)]
  0x00007f1badd11000 JavaThread "http-nio-auto-1-ClientPoller-0" daemon [_thread_in_native, id=3756, stack(0x00007f1b43bfe000,0x00007f1b43cff000)]
  0x00007f1badd00800 JavaThread "NioBlockingSelector.BlockPoller-1" daemon [_thread_in_native, id=3755, stack(0x00007f1b43cff000,0x00007f1b43e00000)]
  0x00007f1bacdc7800 JavaThread "Tomcat JDBC Pool Cleaner[865113938:1485330103110]" daemon [_thread_blocked, id=3754, stack(0x00007f1b84b38000,0x00007f1b84c39000)]
  0x00007f1bacf66800 JavaThread "container-0" [_thread_blocked, id=3753, stack(0x00007f1b84e39000,0x00007f1b84f3a000)]
  0x00007f1bacf63000 JavaThread "ContainerBackgroundProcessor[StandardEngine[Tomcat]]" daemon [_thread_blocked, id=3752, stack(0x00007f1b84f3a000,0x00007f1b8503b000)]
  0x00007f1b58221000 JavaThread "localhost-startStop-1" daemon [_thread_blocked, id=3751, stack(0x00007f1b8523b000,0x00007f1b8533c000)]
  0x00007f1bad11e000 JavaThread "Tomcat-startStop-1" daemon [_thread_blocked, id=3750, stack(0x00007f1b8622c000,0x00007f1b8632d000)]
  0x00007f1bac510000 JavaThread "ReaderThread" [_thread_in_native, id=3748, stack(0x00007f1b86b3a000,0x00007f1b86c3b000)]
  0x00007f1bac0e1000 JavaThread "Service Thread" daemon [_thread_blocked, id=3745, stack(0x00007f1b87115000,0x00007f1b87216000)]
  0x00007f1bac0c4000 JavaThread "C1 CompilerThread2" daemon [_thread_blocked, id=3744, stack(0x00007f1b87216000,0x00007f1b87317000)]
  0x00007f1bac0c2000 JavaThread "C2 CompilerThread1" daemon [_thread_in_native, id=3743, stack(0x00007f1b87317000,0x00007f1b87418000)]
  0x00007f1bac0bf000 JavaThread "C2 CompilerThread0" daemon [_thread_in_native, id=3742, stack(0x00007f1b87418000,0x00007f1b87519000)]
  0x00007f1bac0be000 JavaThread "Signal Dispatcher" daemon [_thread_blocked, id=3741, stack(0x00007f1b87519000,0x00007f1b8761a000)]
  0x00007f1bac08a000 JavaThread "Finalizer" daemon [_thread_blocked, id=3740, stack(0x00007f1b87cfd000,0x00007f1b87dfe000)]
  0x00007f1bac085800 JavaThread "Reference Handler" daemon [_thread_blocked, id=3739, stack(0x00007f1b87dfe000,0x00007f1b87eff000)]
=>0x00007f1bac010000 JavaThread "main" [_thread_in_vm, id=3729, stack(0x00007f1bb56cf000,0x00007f1bb57d0000)]

Other Threads:
  0x00007f1bac07e000 VMThread [stack: 0x00007f1b87eff000,0x00007f1b88000000] [id=3738]
  0x00007f1bac0e4000 WatcherThread [stack: 0x00007f1b87014000,0x00007f1b87115000] [id=3746]

VM state:not at safepoint (normal execution)

VM Mutex/Monitor currently owned by a thread: None

Heap:
 PSYoungGen      total 507392K, used 204938K [0x000000076ab00000, 0x000000078e200000, 0x00000007c0000000)
  eden space 493568K, 41% used [0x000000076ab00000,0x0000000777322ad8,0x0000000788d00000)
  from space 13824K, 0% used [0x0000000789100000,0x0000000789100000,0x0000000789e80000)
  to   space 43520K, 0% used [0x000000078b780000,0x000000078b780000,0x000000078e200000)
 ParOldGen       total 701952K, used 23067K [0x00000006c0000000, 0x00000006ead80000, 0x000000076ab00000)
  object space 701952K, 3% used [0x00000006c0000000,0x00000006c1686c90,0x00000006ead80000)
 Metaspace       used 45065K, capacity 45420K, committed 45824K, reserved 1089536K
  class space    used 5899K, capacity 6029K, committed 6144K, reserved 1048576K

Card table byte_map: [0x00007f1bb1c87000,0x00007f1bb2488000] byte_map_base: 0x00007f1bae687000

Marking Bits: (ParMarkBitMap*) 0x00007f1bb4baac80
 Begin Bits: [0x00007f1b95000000, 0x00007f1b99000000)
 End Bits:   [0x00007f1b99000000, 0x00007f1b9d000000)

Polling page: 0x00007f1bb57f4000

CodeCache: size=245760Kb used=12487Kb max_used=12487Kb free=233272Kb
 bounds [0x00007f1b9d000000, 0x00007f1b9dc40000, 0x00007f1bac000000]
 total_blobs=3905 nmethods=3434 adapters=384
 compilation: enabled

Compilation events (10 events):
Event: 8.537 Thread 0x00007f1bac0c4000 3949       2       java.io.BufferedWriter::ensureOpen (18 bytes)
Event: 8.537 Thread 0x00007f1bac0c4000 nmethod 3949 0x00007f1b9dc3a810 code [0x00007f1b9dc3a980, 0x00007f1b9dc3ab88]
Event: 8.552 Thread 0x00007f1bac0c4000 3950       2       org.hibernate.service.internal.ConcurrentServiceBinding::hashKey (5 bytes)
Event: 8.552 Thread 0x00007f1bac0c4000 nmethod 3950 0x00007f1b9dc3ac50 code [0x00007f1b9dc3adc0, 0x00007f1b9dc3af28]
Event: 8.552 Thread 0x00007f1bac0c4000 3951       2       sun.reflect.NativeMethodAccessorImpl::<init> (10 bytes)
Event: 8.553 Thread 0x00007f1bac0c4000 nmethod 3951 0x00007f1b9dc3afd0 code [0x00007f1b9dc3b120, 0x00007f1b9dc3b290]
Event: 8.553 Thread 0x00007f1bac0c4000 3952       2       sun.reflect.DelegatingMethodAccessorImpl::<init> (10 bytes)
Event: 8.553 Thread 0x00007f1bac0c4000 nmethod 3952 0x00007f1b9dc3b310 code [0x00007f1b9dc3b460, 0x00007f1b9dc3b5d0]
Event: 8.553 Thread 0x00007f1bac0c4000 3953       2       sun.reflect.NativeMethodAccessorImpl::setParent (6 bytes)
Event: 8.553 Thread 0x00007f1bac0c4000 nmethod 3953 0x00007f1b9dc3b650 code [0x00007f1b9dc3b7a0, 0x00007f1b9dc3b910]

GC Heap History (10 events):
Event: 2.373 GC heap before
{Heap before GC invocations=1 (full 0):
 PSYoungGen      total 305664K, used 167919K [0x000000076ab00000, 0x0000000780000000, 0x00000007c0000000)
  eden space 262144K, 64% used [0x000000076ab00000,0x0000000774efbd10,0x000000077ab00000)
  from space 43520K, 0% used [0x000000077d580000,0x000000077d580000,0x0000000780000000)
  to   space 43520K, 0% used [0x000000077ab00000,0x000000077ab00000,0x000000077d580000)
 ParOldGen       total 699392K, used 0K [0x00000006c0000000, 0x00000006eab00000, 0x000000076ab00000)
  object space 699392K, 0% used [0x00000006c0000000,0x00000006c0000000,0x00000006eab00000)
 Metaspace       used 21008K, capacity 21194K, committed 21296K, reserved 1069056K
  class space    used 2589K, capacity 2642K, committed 2688K, reserved 1048576K
Event: 2.407 GC heap after
Heap after GC invocations=1 (full 0):
 PSYoungGen      total 305664K, used 20933K [0x000000076ab00000, 0x0000000790000000, 0x00000007c0000000)
  eden space 262144K, 0% used [0x000000076ab00000,0x000000076ab00000,0x000000077ab00000)
  from space 43520K, 48% used [0x000000077ab00000,0x000000077bf715b0,0x000000077d580000)
  to   space 43520K, 0% used [0x000000078d580000,0x000000078d580000,0x0000000790000000)
 ParOldGen       total 699392K, used 80K [0x00000006c0000000, 0x00000006eab00000, 0x000000076ab00000)
  object space 699392K, 0% used [0x00000006c0000000,0x00000006c0014010,0x00000006eab00000)
 Metaspace       used 21008K, capacity 21194K, committed 21296K, reserved 1069056K
  class space    used 2589K, capacity 2642K, committed 2688K, reserved 1048576K
}
Event: 2.407 GC heap before
{Heap before GC invocations=2 (full 1):
 PSYoungGen      total 305664K, used 20933K [0x000000076ab00000, 0x0000000790000000, 0x00000007c0000000)
  eden space 262144K, 0% used [0x000000076ab00000,0x000000076ab00000,0x000000077ab00000)
  from space 43520K, 48% used [0x000000077ab00000,0x000000077bf715b0,0x000000077d580000)
  to   space 43520K, 0% used [0x000000078d580000,0x000000078d580000,0x0000000790000000)
 ParOldGen       total 699392K, used 80K [0x00000006c0000000, 0x00000006eab00000, 0x000000076ab00000)
  object space 699392K, 0% used [0x00000006c0000000,0x00000006c0014010,0x00000006eab00000)
 Metaspace       used 21008K, capacity 21194K, committed 21296K, reserved 1069056K
  class space    used 2589K, capacity 2642K, committed 2688K, reserved 1048576K
Event: 2.464 GC heap after
Heap after GC invocations=2 (full 1):
 PSYoungGen      total 305664K, used 0K [0x000000076ab00000, 0x0000000790000000, 0x00000007c0000000)
  eden space 262144K, 0% used [0x000000076ab00000,0x000000076ab00000,0x000000077ab00000)
  from space 43520K, 0% used [0x000000077ab00000,0x000000077ab00000,0x000000077d580000)
  to   space 43520K, 0% used [0x000000078d580000,0x000000078d580000,0x0000000790000000)
 ParOldGen       total 699392K, used 20141K [0x00000006c0000000, 0x00000006eab00000, 0x000000076ab00000)
  object space 699392K, 2% used [0x00000006c0000000,0x00000006c13ab608,0x00000006eab00000)
 Metaspace       used 21008K, capacity 21194K, committed 21296K, reserved 1069056K
  class space    used 2589K, capacity 2642K, committed 2688K, reserved 1048576K
}
Event: 5.151 GC heap before
{Heap before GC invocations=3 (full 1):
 PSYoungGen      total 305664K, used 262141K [0x000000076ab00000, 0x0000000790000000, 0x00000007c0000000)
  eden space 262144K, 99% used [0x000000076ab00000,0x000000077aaff648,0x000000077ab00000)
  from space 43520K, 0% used [0x000000077ab00000,0x000000077ab00000,0x000000077d580000)
  to   space 43520K, 0% used [0x000000078d580000,0x000000078d580000,0x0000000790000000)
 ParOldGen       total 699392K, used 20141K [0x00000006c0000000, 0x00000006eab00000, 0x000000076ab00000)
  object space 699392K, 2% used [0x00000006c0000000,0x00000006c13ab608,0x00000006eab00000)
 Metaspace       used 30223K, capacity 30486K, committed 30720K, reserved 1077248K
  class space    used 3751K, capacity 3828K, committed 3840K, reserved 1048576K
Event: 5.180 GC heap after
Heap after GC invocations=3 (full 1):
 PSYoungGen      total 369152K, used 16849K [0x000000076ab00000, 0x000000078e600000, 0x00000007c0000000)
  eden space 352256K, 0% used [0x000000076ab00000,0x000000076ab00000,0x0000000780300000)
  from space 16896K, 99% used [0x000000078d580000,0x000000078e5f45d0,0x000000078e600000)
  to   space 43520K, 0% used [0x0000000789100000,0x0000000789100000,0x000000078bb80000)
 ParOldGen       total 699392K, used 20149K [0x00000006c0000000, 0x00000006eab00000, 0x000000076ab00000)
  object space 699392K, 2% used [0x00000006c0000000,0x00000006c13ad608,0x00000006eab00000)
 Metaspace       used 30223K, capacity 30486K, committed 30720K, reserved 1077248K
  class space    used 3751K, capacity 3828K, committed 3840K, reserved 1048576K
}
Event: 6.267 GC heap before
{Heap before GC invocations=4 (full 1):
 PSYoungGen      total 369152K, used 148474K [0x000000076ab00000, 0x000000078e600000, 0x00000007c0000000)
  eden space 352256K, 37% used [0x000000076ab00000,0x0000000772b8a5a8,0x0000000780300000)
  from space 16896K, 99% used [0x000000078d580000,0x000000078e5f45d0,0x000000078e600000)
  to   space 43520K, 0% used [0x0000000789100000,0x0000000789100000,0x000000078bb80000)
 ParOldGen       total 699392K, used 20149K [0x00000006c0000000, 0x00000006eab00000, 0x000000076ab00000)
  object space 699392K, 2% used [0x00000006c0000000,0x00000006c13ad608,0x00000006eab00000)
 Metaspace       used 35022K, capacity 35350K, committed 35496K, reserved 1081344K
  class space    used 4503K, capacity 4580K, committed 4608K, reserved 1048576K
Event: 6.293 GC heap after
Heap after GC invocations=4 (full 1):
 PSYoungGen      total 507392K, used 13819K [0x000000076ab00000, 0x000000078e200000, 0x00000007c0000000)
  eden space 493568K, 0% used [0x000000076ab00000,0x000000076ab00000,0x0000000788d00000)
  from space 13824K, 99% used [0x0000000789100000,0x0000000789e7ed60,0x0000000789e80000)
  to   space 43520K, 0% used [0x000000078b780000,0x000000078b780000,0x000000078e200000)
 ParOldGen       total 699392K, used 20157K [0x00000006c0000000, 0x00000006eab00000, 0x000000076ab00000)
  object space 699392K, 2% used [0x00000006c0000000,0x00000006c13af608,0x00000006eab00000)
 Metaspace       used 35022K, capacity 35350K, committed 35496K, reserved 1081344K
  class space    used 4503K, capacity 4580K, committed 4608K, reserved 1048576K
}
Event: 6.293 GC heap before
{Heap before GC invocations=5 (full 2):
 PSYoungGen      total 507392K, used 13819K [0x000000076ab00000, 0x000000078e200000, 0x00000007c0000000)
  eden space 493568K, 0% used [0x000000076ab00000,0x000000076ab00000,0x0000000788d00000)
  from space 13824K, 99% used [0x0000000789100000,0x0000000789e7ed60,0x0000000789e80000)
  to   space 43520K, 0% used [0x000000078b780000,0x000000078b780000,0x000000078e200000)
 ParOldGen       total 699392K, used 20157K [0x00000006c0000000, 0x00000006eab00000, 0x000000076ab00000)
  object space 699392K, 2% used [0x00000006c0000000,0x00000006c13af608,0x00000006eab00000)
 Metaspace       used 35022K, capacity 35350K, committed 35496K, reserved 1081344K
  class space    used 4503K, capacity 4580K, committed 4608K, reserved 1048576K
Event: 6.378 GC heap after
Heap after GC invocations=5 (full 2):
 PSYoungGen      total 507392K, used 0K [0x000000076ab00000, 0x000000078e200000, 0x00000007c0000000)
  eden space 493568K, 0% used [0x000000076ab00000,0x000000076ab00000,0x0000000788d00000)
  from space 13824K, 0% used [0x0000000789100000,0x0000000789100000,0x0000000789e80000)
  to   space 43520K, 0% used [0x000000078b780000,0x000000078b780000,0x000000078e200000)
 ParOldGen       total 701952K, used 23067K [0x00000006c0000000, 0x00000006ead80000, 0x000000076ab00000)
  object space 701952K, 3% used [0x00000006c0000000,0x00000006c1686c90,0x00000006ead80000)
 Metaspace       used 35022K, capacity 35350K, committed 35496K, reserved 1081344K
  class space    used 4503K, capacity 4580K, committed 4608K, reserved 1048576K
}

Deoptimization events (10 events):
Event: 6.920 Thread 0x00007f1bac010000 Uncommon trap: reason=unstable_if action=reinterpret pc=0x00007f1b9d426840 method=java.util.HashMap.putVal(ILjava/lang/Object;Ljava/lang/Object;ZZ)Ljava/lang/Object; @ 162
Event: 6.921 Thread 0x00007f1bac010000 Uncommon trap: reason=unstable_if action=reinterpret pc=0x00007f1b9d30d884 method=java.util.HashMap.resize()[Ljava/util/HashMap$Node; @ 206
Event: 6.921 Thread 0x00007f1bac010000 Uncommon trap: reason=unstable_if action=reinterpret pc=0x00007f1b9d3e7924 method=java.util.HashMap.getNode(ILjava/lang/Object;)Ljava/util/HashMap$Node; @ 84
Event: 6.921 Thread 0x00007f1bac010000 Uncommon trap: reason=unstable_if action=reinterpret pc=0x00007f1b9d227fbc method=java.util.HashMap.getNode(ILjava/lang/Object;)Ljava/util/HashMap$Node; @ 84
Event: 7.311 Thread 0x00007f1bac010000 Uncommon trap: reason=unstable_if action=reinterpret pc=0x00007f1b9d2034c0 method=java.util.concurrent.ConcurrentHashMap.putVal(Ljava/lang/Object;Ljava/lang/Object;Z)Ljava/lang/Object; @ 331
Event: 7.496 Thread 0x00007f1bac010000 Uncommon trap: reason=null_check action=make_not_entrant pc=0x00007f1b9d7804f8 method=org.springframework.util.ClassUtils.isAssignable(Ljava/lang/Class;Ljava/lang/Class;)Z @ 14
Event: 7.725 Thread 0x00007f1bac010000 Uncommon trap: reason=class_check action=maybe_recompile pc=0x00007f1b9d77c704 method=java.util.regex.Pattern$Curly.match(Ljava/util/regex/Matcher;ILjava/lang/CharSequence;)Z @ 19
Event: 7.764 Thread 0x00007f1bac010000 Uncommon trap: reason=unstable_if action=reinterpret pc=0x00007f1b9d2e3e34 method=java.util.concurrent.ConcurrentHashMap.transfer([Ljava/util/concurrent/ConcurrentHashMap$Node;[Ljava/util/concurrent/ConcurrentHashMap$Node;)V @ 356
Event: 8.423 Thread 0x00007f1bac010000 Uncommon trap: reason=unstable_if action=reinterpret pc=0x00007f1b9d9f9374 method=org.springframework.util.ConcurrentReferenceHashMap$Segment.clear()V @ 4
Event: 8.524 Thread 0x00007f1bac010000 Uncommon trap: reason=unstable_if action=reinterpret pc=0x00007f1b9d3474fc method=org.testng.internal.annotations.JDK15AnnotationFinder.findAnnotation(Ljava/lang/Class;Ljava/lang/annotation/Annotation;Ljava/lang/Class;Ljava/lang/Class;Ljava/lang/reflect/C

Internal exceptions (10 events):
Event: 8.324 Thread 0x00007f1bac010000 Exception <a 'java/lang/ClassNotFoundException': org/springframework/boot/autoconfigure/web/WebClientAutoConfigurationCustomizer> (0x000000077539fb20) thrown at [/HUDSON3/workspace/8-2-build-linux-amd64/jdk8u121/8372/hotspot/src/share/vm/classfile/systemD
Event: 8.325 Thread 0x00007f1bac010000 Exception <a 'java/lang/ClassNotFoundException': org/springframework/boot/autoconfigure/web/WebClientAutoConfiguration$$EnhancerBySpringCGLIB$$52d5929eCustomizer> (0x00000007753c3418) thrown at [/HUDSON3/workspace/8-2-build-linux-amd64/jdk8u121/8372/hotsp
Event: 8.325 Thread 0x00007f1bac010000 Exception <a 'java/lang/ClassNotFoundException': org/springframework/context/annotation/ConfigurationClassEnhancer$EnhancedConfigurationCustomizer> (0x00000007753e7750) thrown at [/HUDSON3/workspace/8-2-build-linux-amd64/jdk8u121/8372/hotspot/src/share/vm
Event: 8.518 Thread 0x00007f1bac010000 Exception <a 'java/lang/ClassNotFoundException': java/lang/ObjectCustomizer> (0x0000000776320af8) thrown at [/HUDSON3/workspace/8-2-build-linux-amd64/jdk8u121/8372/hotspot/src/share/vm/classfile/systemDictionary.cpp, line 210]
Event: 8.519 Thread 0x00007f1bac010000 Exception <a 'java/lang/ClassNotFoundException': org/springframework/test/context/testng/AbstractTestNGSpringContextTestsCustomizer> (0x000000077633e840) thrown at [/HUDSON3/workspace/8-2-build-linux-amd64/jdk8u121/8372/hotspot/src/share/vm/classfile/syst
Event: 8.519 Thread 0x00007f1bac010000 Exception <a 'java/lang/ClassNotFoundException': com/example/crudtest/CRUDTestCustomizer> (0x0000000776351408) thrown at [/HUDSON3/workspace/8-2-build-linux-amd64/jdk8u121/8372/hotspot/src/share/vm/classfile/systemDictionary.cpp, line 210]
Event: 8.520 Thread 0x00007f1bac010000 Exception <a 'java/lang/ClassNotFoundException': org/testng/IHookableCustomizer> (0x0000000776361e30) thrown at [/HUDSON3/workspace/8-2-build-linux-amd64/jdk8u121/8372/hotspot/src/share/vm/classfile/systemDictionary.cpp, line 210]
Event: 8.521 Thread 0x00007f1bac010000 Exception <a 'java/lang/ClassNotFoundException': org/springframework/context/ApplicationContextAwareCustomizer> (0x0000000776377fd0) thrown at [/HUDSON3/workspace/8-2-build-linux-amd64/jdk8u121/8372/hotspot/src/share/vm/classfile/systemDictionary.cpp, lin
Event: 8.554 Thread 0x00007f1bac010000 Exception <a 'java/lang/ClassNotFoundException': java/lang/ObjectCustomizer> (0x0000000776501620) thrown at [/HUDSON3/workspace/8-2-build-linux-amd64/jdk8u121/8372/hotspot/src/share/vm/classfile/systemDictionary.cpp, line 210]
Event: 8.555 Thread 0x00007f1bac010000 Exception <a 'java/lang/ClassNotFoundException': com/example/entity/BookCustomizer> (0x0000000776513fb0) thrown at [/HUDSON3/workspace/8-2-build-linux-amd64/jdk8u121/8372/hotspot/src/share/vm/classfile/systemDictionary.cpp, line 210]

Events (10 events):
Event: 8.559 loading class org/hibernate/engine/jdbc/internal/FormatStyle
Event: 8.559 loading class org/hibernate/engine/jdbc/internal/FormatStyle done
Event: 8.560 loading class org/hibernate/engine/jdbc/internal/Formatter
Event: 8.560 loading class org/hibernate/engine/jdbc/internal/Formatter done
Event: 8.560 loading class org/hibernate/engine/jdbc/internal/BasicFormatterImpl
Event: 8.560 loading class org/hibernate/engine/jdbc/internal/BasicFormatterImpl done
Event: 8.560 loading class org/hibernate/engine/jdbc/internal/DDLFormatterImpl
Event: 8.561 loading class org/hibernate/engine/jdbc/internal/DDLFormatterImpl done
Event: 8.561 loading class org/hibernate/engine/jdbc/internal/FormatStyle$NoFormatImpl
Event: 8.561 loading class org/hibernate/engine/jdbc/internal/FormatStyle$NoFormatImpl done


Dynamic libraries:
00400000-00401000 r-xp 00000000 08:03 3421216                            /usr/lib/jvm/java-8-oracle/bin/java
00600000-00601000 rw-p 00000000 08:03 3421216                            /usr/lib/jvm/java-8-oracle/bin/java
021a3000-021c4000 rw-p 00000000 00:00 0                                  [heap]
6c0000000-6ead80000 rw-p 00000000 00:00 0 
6ead80000-76ab00000 ---p 00000000 00:00 0 
76ab00000-78e200000 rw-p 00000000 00:00 0 
78e200000-7c0000000 ---p 00000000 00:00 0 
7c0000000-7c0600000 rw-p 00000000 00:00 0 
7c0600000-800000000 ---p 00000000 00:00 0 
7f1b2c000000-7f1b2c021000 rw-p 00000000 00:00 0 
7f1b2c021000-7f1b30000000 ---p 00000000 00:00 0 
7f1b30000000-7f1b30021000 rw-p 00000000 00:00 0 
7f1b30021000-7f1b34000000 ---p 00000000 00:00 0 
7f1b34000000-7f1b34021000 rw-p 00000000 00:00 0 
7f1b34021000-7f1b38000000 ---p 00000000 00:00 0 
7f1b38000000-7f1b38021000 rw-p 00000000 00:00 0 
7f1b38021000-7f1b3c000000 ---p 00000000 00:00 0 
7f1b3c000000-7f1b3c021000 rw-p 00000000 00:00 0 
7f1b3c021000-7f1b40000000 ---p 00000000 00:00 0 
7f1b438fb000-7f1b438fe000 ---p 00000000 00:00 0 
7f1b438fe000-7f1b439fc000 rw-p 00000000 00:00 0                          [stack:3759]
7f1b439fc000-7f1b439ff000 ---p 00000000 00:00 0 
7f1b439ff000-7f1b43afd000 rw-p 00000000 00:00 0                          [stack:3758]
7f1b43afd000-7f1b43b00000 ---p 00000000 00:00 0 
7f1b43b00000-7f1b43bfe000 rw-p 00000000 00:00 0                          [stack:3757]
7f1b43bfe000-7f1b43c01000 ---p 00000000 00:00 0 
7f1b43c01000-7f1b43cff000 rw-p 00000000 00:00 0                          [stack:3756]
7f1b43cff000-7f1b43d02000 ---p 00000000 00:00 0 
7f1b43d02000-7f1b43ec0000 rw-p 00000000 00:00 0                          [stack:3755]
7f1b43ec0000-7f1b44000000 ---p 00000000 00:00 0 
7f1b44000000-7f1b44021000 rw-p 00000000 00:00 0 
7f1b44021000-7f1b48000000 ---p 00000000 00:00 0 
7f1b48000000-7f1b48021000 rw-p 00000000 00:00 0 
7f1b48021000-7f1b4c000000 ---p 00000000 00:00 0 
7f1b4c000000-7f1b4c0cb000 rw-p 00000000 00:00 0 
7f1b4c0cb000-7f1b50000000 ---p 00000000 00:00 0 
7f1b50000000-7f1b50021000 rw-p 00000000 00:00 0 
7f1b50021000-7f1b54000000 ---p 00000000 00:00 0 
7f1b54000000-7f1b54021000 rw-p 00000000 00:00 0 
7f1b54021000-7f1b58000000 ---p 00000000 00:00 0 
7f1b58000000-7f1b58223000 rw-p 00000000 00:00 0 
7f1b58223000-7f1b5c000000 ---p 00000000 00:00 0 
7f1b5c000000-7f1b5c021000 rw-p 00000000 00:00 0 
7f1b5c021000-7f1b60000000 ---p 00000000 00:00 0 
7f1b60000000-7f1b60021000 rw-p 00000000 00:00 0 
7f1b60021000-7f1b64000000 ---p 00000000 00:00 0 
7f1b64000000-7f1b65b63000 rw-p 00000000 00:00 0 
7f1b65b63000-7f1b68000000 ---p 00000000 00:00 0 
7f1b68000000-7f1b690c0000 rw-p 00000000 00:00 0 
7f1b690c0000-7f1b6c000000 ---p 00000000 00:00 0 
7f1b6c000000-7f1b6c021000 rw-p 00000000 00:00 0 
7f1b6c021000-7f1b70000000 ---p 00000000 00:00 0 
7f1b70000000-7f1b718ee000 rw-p 00000000 00:00 0 
7f1b718ee000-7f1b74000000 ---p 00000000 00:00 0 
7f1b74000000-7f1b74021000 rw-p 00000000 00:00 0 
7f1b74021000-7f1b78000000 ---p 00000000 00:00 0 
7f1b78000000-7f1b78021000 rw-p 00000000 00:00 0 
7f1b78021000-7f1b7c000000 ---p 00000000 00:00 0 
7f1b7c000000-7f1b7c021000 rw-p 00000000 00:00 0 
7f1b7c021000-7f1b80000000 ---p 00000000 00:00 0 
7f1b80000000-7f1b80021000 rw-p 00000000 00:00 0 
7f1b80021000-7f1b84000000 ---p 00000000 00:00 0 
7f1b840b0000-7f1b842b0000 rw-p 00000000 00:00 0 
7f1b842b0000-7f1b844b0000 rw-p 00000000 00:00 0 
7f1b844b0000-7f1b846b0000 rw-p 00000000 00:00 0 
7f1b846b0000-7f1b84734000 r-xp 00000000 08:03 5913412                    /tmp/sqlite-3.7.2-libsqlitejdbc.so
7f1b84734000-7f1b84934000 ---p 00084000 08:03 5913412                    /tmp/sqlite-3.7.2-libsqlitejdbc.so
7f1b84934000-7f1b84935000 r--p 00084000 08:03 5913412                    /tmp/sqlite-3.7.2-libsqlitejdbc.so
7f1b84935000-7f1b84938000 rw-p 00085000 08:03 5913412                    /tmp/sqlite-3.7.2-libsqlitejdbc.so
7f1b84938000-7f1b84b38000 rw-p 00000000 00:00 0 
7f1b84b38000-7f1b84b3b000 ---p 00000000 00:00 0 
7f1b84b3b000-7f1b84e39000 rw-p 00000000 00:00 0                          [stack:3754]
7f1b84e39000-7f1b84e3c000 ---p 00000000 00:00 0 
7f1b84e3c000-7f1b84f3a000 rw-p 00000000 00:00 0                          [stack:3753]
7f1b84f3a000-7f1b84f3d000 ---p 00000000 00:00 0 
7f1b84f3d000-7f1b8523b000 rw-p 00000000 00:00 0                          [stack:3752]
7f1b8523b000-7f1b8523e000 ---p 00000000 00:00 0 
7f1b8523e000-7f1b8553c000 rw-p 00000000 00:00 0                          [stack:3751]
7f1b8556d000-7f1b8576e000 rw-p 00000000 00:00 0 
7f1b8576e000-7f1b85781000 r--s 00345000 08:03 3429982                    /usr/lib/jvm/java-8-oracle/jre/lib/resources.jar
7f1b85781000-7f1b85981000 rw-p 00000000 00:00 0 
7f1b85981000-7f1b85a16000 r--s 01109000 08:03 3429792                    /usr/lib/jvm/java-8-oracle/jre/lib/ext/jfxrt.jar
7f1b85a16000-7f1b85c16000 rw-p 00000000 00:00 0 
7f1b85c16000-7f1b85c27000 r-xp 00000000 08:03 3429946                    /usr/lib/jvm/java-8-oracle/jre/lib/amd64/libnio.so
7f1b85c27000-7f1b85e26000 ---p 00011000 08:03 3429946                    /usr/lib/jvm/java-8-oracle/jre/lib/amd64/libnio.so
7f1b85e26000-7f1b85e27000 rw-p 00010000 08:03 3429946                    /usr/lib/jvm/java-8-oracle/jre/lib/amd64/libnio.so
7f1b85e27000-7f1b86027000 rw-p 00000000 00:00 0 
7f1b86027000-7f1b8602c000 r--s 002f9000 08:03 3429739                    /usr/lib/jvm/java-8-oracle/jre/lib/charsets.jar
7f1b8602c000-7f1b8622c000 rw-p 00000000 00:00 0 
7f1b8622c000-7f1b8622f000 ---p 00000000 00:00 0 
7f1b8622f000-7f1b8632d000 rw-p 00000000 00:00 0                          [stack:3750]
7f1b8632d000-7f1b86336000 r-xp 00000000 08:03 3429930                    /usr/lib/jvm/java-8-oracle/jre/lib/amd64/libmanagement.so
7f1b86336000-7f1b86535000 ---p 00009000 08:03 3429930                    /usr/lib/jvm/java-8-oracle/jre/lib/amd64/libmanagement.so
7f1b86535000-7f1b86536000 rw-p 00008000 08:03 3429930                    /usr/lib/jvm/java-8-oracle/jre/lib/amd64/libmanagement.so
7f1b86536000-7f1b86736000 rw-p 00000000 00:00 0 
7f1b86736000-7f1b86936000 rw-p 00000000 00:00 0 
7f1b86936000-7f1b86b36000 rw-p 00000000 00:00 0 
7f1b86b36000-7f1b86b3a000 r--s 0009a000 08:03 3429799                    /usr/lib/jvm/java-8-oracle/jre/lib/jsse.jar
7f1b86b3a000-7f1b86b3d000 ---p 00000000 00:00 0 
7f1b86b3d000-7f1b86c3b000 rw-p 00000000 00:00 0                          [stack:3748]
7f1b86c3b000-7f1b86c51000 r-xp 00000000 08:03 3429958                    /usr/lib/jvm/java-8-oracle/jre/lib/amd64/libnet.so
7f1b86c51000-7f1b86e51000 ---p 00016000 08:03 3429958                    /usr/lib/jvm/java-8-oracle/jre/lib/amd64/libnet.so
7f1b86e51000-7f1b86e52000 rw-p 00016000 08:03 3429958                    /usr/lib/jvm/java-8-oracle/jre/lib/amd64/libnet.so
7f1b86e52000-7f1b86e53000 r--s 0000c000 08:03 5916924                    /home/sharmila/.gradle/caches/modules-2/files-2.1/org.ow2.asm/asm/5.0.3/dcc2193db20e19e1feca8b1240dbbc4e190824fa/asm-5.0.3.jar
7f1b86e53000-7f1b86e5d000 r--s 00069000 08:03 5923589                    /home/sharmila/.gradle/caches/modules-2/files-2.1/ch.qos.logback/logback-core/1.1.8/b4d1c3dea91727faf8b3d19cf4b9b972d6c0b89/logback-core-1.1.8.jar
7f1b86e5d000-7f1b86e5f000 r--s 00012000 08:03 5916922                    /home/sharmila/.gradle/caches/modules-2/files-2.1/net.minidev/accessors-smart/1.1/a527213f2fea112a04c9bdf0ec0264e34104cd08/accessors-smart-1.1.jar
7f1b86e5f000-7f1b86e61000 r--s 00009000 08:03 5923902                    /home/sharmila/.gradle/caches/modules-2/files-2.1/org.apache.tomcat/tomcat-juli/8.5.6/83d2d1e3362ecca504f3bf8ed1bc4cc451754d24/tomcat-juli-8.5.6.jar
7f1b86e61000-7f1b86e6a000 r--s 0002d000 08:03 5923903                    /home/sharmila/.gradle/caches/modules-2/files-2.1/xml-apis/xml-apis/1.4.01/3789d9fada2d3d458c4ba2de349d48780f381ee3/xml-apis-1.4.01.jar
7f1b86e6a000-7f1b86e6c000 r--s 00004000 08:03 5923588                    /home/sharmila/.gradle/caches/modules-2/files-2.1/org.slf4j/log4j-over-slf4j/1.7.22/a527c37e9ca6c3d19ba298edd4aa344ca751a203/log4j-over-slf4j-1.7.22.jar
7f1b86e6c000-7f1b86e6e000 r--s 00000000 08:03 5923587                    /home/sharmila/.gradle/caches/modules-2/files-2.1/org.slf4j/jul-to-slf4j/1.7.22/b0429e950b3d2bc2c39c1bacafac753edbe3781c/jul-to-slf4j-1.7.22.jar
7f1b86e6e000-7f1b86e74000 r--s 00045000 08:03 5923585                    /home/sharmila/.gradle/caches/modules-2/files-2.1/ch.qos.logback/logback-classic/1.1.8/e54f49a227611976642f81cf2106b81c1ece8bf5/logback-classic-1.1.8.jar
7f1b86e74000-7f1b86e75000 r--s 0000f000 08:03 5916909                    /home/sharmila/.gradle/caches/modules-2/files-2.1/org.json/json/20140107/d1ffca6e2482b002702c6a576166fd685e3370e3/json-20140107.jar
7f1b86e75000-7f1b86e77000 r--s 00009000 08:03 5916921                    /home/sharmila/.gradle/caches/modules-2/files-2.1/org.objenesis/objenesis/2.1/87c0ea803b69252868d09308b4618f766f135a96/objenesis-2.1.jar
7f1b86e77000-7f1b86e7a000 r--s 0001b000 08:03 5916920                    /home/sharmila/.gradle/caches/modules-2/files-2.1/net.minidev/json-smart/2.2.1/5b9e5df7a62d1279b70dc882b041d249c4f0b002/json-smart-2.2.1.jar
7f1b86e7a000-7f1b86e7c000 r--s 00003000 08:03 5923586                    /home/sharmila/.gradle/caches/modules-2/files-2.1/org.slf4j/jcl-over-slf4j/1.7.22/86ceac14535af5a42c8fb0d06d79b925dd3cb263/jcl-over-slf4j-1.7.22.jar
7f1b86e7c000-7f1b86e7e000 r--s 00009000 08:03 5923584                    /home/sharmila/.gradle/caches/modules-2/files-2.1/org.slf4j/slf4j-api/1.7.22/a1c83373863cec7ae8d89dc1c5722d8cb6ec0309/slf4j-api-1.7.22.jar
7f1b86e7e000-7f1b86e86000 r--s 0003a000 08:03 5923901                    /home/sharmila/.gradle/caches/modules-2/files-2.1/org.springframework/spring-tx/4.3.5.RELEASE/296d8ae21fadc0f115dae7d1e8d5c4f8c7de2c3e/spring-tx-4.3.5.RELEASE.jar
7f1b86e86000-7f1b86e90000 r--s 0006b000 08:03 5923900                    /home/sharmila/.gradle/caches/modules-2/files-2.1/org.springframework/spring-orm/4.3.5.RELEASE/64c29d310b69bcc6e1fd5a738fa3629bdedb2d3f/spring-orm-4.3.5.RELEASE.jar
7f1b86e90000-7f1b86ea0000 r--s 0009a000 08:03 5923899                    /home/sharmila/.gradle/caches/modules-2/files-2.1/org.springframework.data/spring-data-commons/1.12.6.RELEASE/b6403dcfce33e89613f364d80d653d7540279c47/spring-data-commons-1.12.6.RELEASE.jar
7f1b86ea0000-7f1b86eaa000 r--s 0005f000 08:03 5923898                    /home/sharmila/.gradle/caches/modules-2/files-2.1/org.springframework/spring-jdbc/4.3.5.RELEASE/7c09e38b6f6e0b178973dea06bb8fdc6d19aa596/spring-jdbc-4.3.5.RELEASE.jar
7f1b86eaa000-7f1b86ead000 r--s 00020000 08:03 5923897                    /home/sharmila/.gradle/caches/modules-2/files-2.1/org.apache.tomcat/tomcat-jdbc/8.5.6/feb10a9e22f70565c7556f327b0481dba8587bbc/tomcat-jdbc-8.5.6.jar
7f1b86ead000-7f1b86ec6000 r--s 001af000 08:03 5923896                    /home/sharmila/.gradle/caches/modules-2/files-2.1/org.aspectj/aspectjweaver/1.8.9/db28774f477f07220eac18d5ec9c4e01f48589d7/aspectjweaver-1.8.9.jar
7f1b86ec6000-7f1b86ec9000 r--s 00010000 08:03 5923833                    /home/sharmila/.gradle/caches/modules-2/files-2.1/org.hibernate.common/hibernate-commons-annotations/5.0.1.Final/71e1cff3fcb20d3b3af4f3363c3ddb24d33c6879/hibernate-commons-annotations-5.0.1.Final.jar
7f1b86ec9000-7f1b86ece000 r--s 00048000 08:03 5923832                    /home/sharmila/.gradle/caches/modules-2/files-2.1/dom4j/dom4j/1.6.1/5d3ccc056b6f056dbf0dddfdf43894b9065a8f94/dom4j-1.6.1.jar
7f1b86ece000-7f1b86ed1000 r--s 0002b000 08:03 5923433                    /home/sharmila/.gradle/caches/modules-2/files-2.1/org.jboss/jandex/2.0.0.Final/3e899258936f94649c777193e1be846387ed54b3/jandex-2.0.0.Final.jar
7f1b86ed1000-7f1b86ed2000 r--s 00003000 08:03 5923830                    /home/sharmila/.gradle/caches/modules-2/files-2.1/org.apache.geronimo.specs/geronimo-jta_1.1_spec/1.1.1/aabab3165b8ea936b9360abbf448459c0d04a5a4/geronimo-jta_1.1_spec-1.1.1.jar
7f1b86ed2000-7f1b86ed7000 r--s 00068000 08:03 5923829                    /home/sharmila/.gradle/caches/modules-2/files-2.1/antlr/antlr/2.7.7/83cd2cd674a217ade95a4bb83a8a14f351f48bd0/antlr-2.7.7.jar
7f1b86ed7000-7f1b86edc000 r--s 0003c000 08:03 5923583                    /home/sharmila/.gradle/caches/modules-2/files-2.1/org.springframework/spring-expression/4.3.5.RELEASE/3689dc6c5b942ecde4122eac889ed87977d6f287/spring-expression-4.3.5.RELEASE.jar
7f1b86edc000-7f1b86ef6000 r--s 000fc000 08:03 5923582                    /home/sharmila/.gradle/caches/modules-2/files-2.1/org.springframework/spring-context/4.3.5.RELEASE/ca3391c0e17d0138335ba51b51371661d20d56a8/spring-context-4.3.5.RELEASE.jar
7f1b86ef6000-7f1b86f03000 r--s 000ad000 08:03 5923581                    /home/sharmila/.gradle/caches/modules-2/files-2.1/org.springframework/spring-beans/4.3.5.RELEASE/e12bbc3277da28e2e2608a187f83091dc6c300bf/spring-beans-4.3.5.RELEASE.jar
7f1b86f03000-7f1b86f0c000 r--s 00054000 08:03 5923580                    /home/sharmila/.gradle/caches/modules-2/files-2.1/org.springframework/spring-aop/4.3.5.RELEASE/4f113218af716bd8d174c411f19b26418b5a70f6/spring-aop-4.3.5.RELEASE.jar
7f1b86f0c000-7f1b86f10000 r--s 00041000 08:03 5923579                    /home/sharmila/.gradle/caches/modules-2/files-2.1/com.fasterxml.jackson.core/jackson-core/2.8.5/60d059f5d2930ccd1ef03535b713fd9f933d1ba7/jackson-core-2.8.5.jar
7f1b86f10000-7f1b86f13000 r--s 0000b000 08:03 5923578                    /home/sharmila/.gradle/caches/modules-2/files-2.1/com.fasterxml.jackson.core/jackson-annotations/2.8.5/9d82ff47bc2c2d3b5b6a6618fe636782bbcd5b07/jackson-annotations-2.8.5.jar
7f1b86f13000-7f1b86f15000 r--s 0000e000 08:03 5917543                    /home/sharmila/.gradle/caches/modules-2/files-2.1/com.fasterxml/classmate/1.3.3/864c8e370a691e343210cc7c532fc198cee460d8/classmate-1.3.3.jar
7f1b86f15000-7f1b86f19000 r--s 0000c000 08:03 5916766                    /home/sharmila/.gradle/caches/modules-2/files-2.1/javax.validation/validation-api/1.1.0.Final/8613ae82954779d518631e05daa73a6a954817d5/validation-api-1.1.0.Final.jar
7f1b86f19000-7f1b86f1e000 r--s 00036000 08:03 5917542                    /home/sharmila/.gradle/caches/modules-2/files-2.1/org.apache.tomcat.embed/tomcat-embed-websocket/8.5.6/6f6940a216b380ea8506530c374fcfeef820ba54/tomcat-embed-websocket-8.5.6.jar
7f1b86f1e000-7f1b86f1f000 r--s 00000000 08:03 5923577                    /home/sharmila/.gradle/caches/modules-2/files-2.1/org.springframework.boot/spring-boot-starter-logging/1.4.3.RELEASE/1c58783c0694abf695babfd39829922d2d501ec2/spring-boot-starter-logging-1.4.3.RELEASE.jar
7f1b86f1f000-7f1b86f3d000 r--s 000d0000 08:03 5923576                    /home/sharmila/.gradle/caches/modules-2/files-2.1/org.springframework.boot/spring-boot-autoconfigure/1.4.3.RELEASE/41df1bfbdd4ae4e8499ebe1a4bc613bda316d6e1/spring-boot-autoconfigure-1.4.3.RELEASE.jar
7f1b86f3d000-7f1b86f4d000 r--s 00092000 08:03 5923575                    /home/sharmila/.gradle/caches/modules-2/files-2.1/org.springframework.boot/spring-boot/1.4.3.RELEASE/17f94def4460075afdfba6bf8f897cd1fc95bf77/spring-boot-1.4.3.RELEASE.jar
7f1b86f4d000-7f1b86f5c000 r--s 00084000 08:03 5923574                    /home/sharmila/.gradle/caches/modules-2/files-2.1/org.springframework/spring-test/4.3.5.RELEASE/a1965127e07b469d8e5bb3d2b0ff850423b66be4/spring-test-4.3.5.RELEASE.jar
7f1b86f5c000-7f1b86f72000 r--s 000fa000 08:03 5923530                    /home/sharmila/.gradle/caches/modules-2/files-2.1/org.springframework/spring-core/4.3.5.RELEASE/80299e3f80e8c6d5c076db2ba6adf44a4b52f578/spring-core-4.3.5.RELEASE.jar
7f1b86f72000-7f1b86f8e000 r--s 00103000 08:03 5916914                    /home/sharmila/.gradle/caches/modules-2/files-2.1/org.mockito/mockito-core/1.10.19/e8546f5bef4e061d8dd73895b4e8f40e3fe6effe/mockito-core-1.10.19.jar
7f1b86f8e000-7f1b86fa1000 r--s 000d2000 08:03 5916913                    /home/sharmila/.gradle/caches/modules-2/files-2.1/org.assertj/assertj-core/2.5.0/fcd21db4c5f33e5dcac69bf1816415fe0647582f/assertj-core-2.5.0.jar
7f1b86fa1000-7f1b86fa6000 r--s 0002e000 08:03 5916911                    /home/sharmila/.gradle/caches/modules-2/files-2.1/com.jayway.jsonpath/json-path/2.2.0/22290d17944bd239fabf5ac69005a60a7ecbbbcb/json-path-2.2.0.jar
7f1b86fa6000-7f1b86fab000 r--s 00017000 08:03 5923573                    /home/sharmila/.gradle/caches/modules-2/files-2.1/org.springframework.boot/spring-boot-test-autoconfigure/1.4.3.RELEASE/1a7587605e981a58104a501ab1896e2eb7a76686/spring-boot-test-autoconfigure-1.4.3.RELEASE.jar
7f1b86fab000-7f1b87014000 r--s 004f3000 08:03 5923432                    /home/sharmila/.gradle/caches/modules-2/files-2.1/org.hibernate/hibernate-core/5.0.11.Final/c2487fb72a2217a7cec9ab478d4c21a36fc09977/hibernate-core-5.0.11.Final.jar
7f1b87014000-7f1b87015000 ---p 00000000 00:00 0 
7f1b87015000-7f1b87115000 rw-p 00000000 00:00 0                          [stack:3746]
7f1b87115000-7f1b87118000 ---p 00000000 00:00 0 
7f1b87118000-7f1b87216000 rw-p 00000000 00:00 0                          [stack:3745]
7f1b87216000-7f1b87219000 ---p 00000000 00:00 0 
7f1b87219000-7f1b87317000 rw-p 00000000 00:00 0                          [stack:3744]
7f1b87317000-7f1b8731a000 ---p 00000000 00:00 0 
7f1b8731a000-7f1b87418000 rw-p 00000000 00:00 0                          [stack:3743]
7f1b87418000-7f1b8741b000 ---p 00000000 00:00 0 
7f1b8741b000-7f1b87519000 rw-p 00000000 00:00 0                          [stack:3742]
7f1b87519000-7f1b8751c000 ---p 00000000 00:00 0 
7f1b8751c000-7f1b8761a000 rw-p 00000000 00:00 0                          [stack:3741]
7f1b8761a000-7f1b87cfd000 r--p 00000000 08:03 3152909                    /usr/lib/locale/locale-archive
7f1b87cfd000-7f1b87d00000 ---p 00000000 00:00 0 
7f1b87d00000-7f1b87dfe000 rw-p 00000000 00:00 0                          [stack:3740]
7f1b87dfe000-7f1b87e01000 ---p 00000000 00:00 0 
7f1b87e01000-7f1b87eff000 rw-p 00000000 00:00 0                          [stack:3739]
7f1b87eff000-7f1b87f00000 ---p 00000000 00:00 0 
7f1b87f00000-7f1b88000000 rw-p 00000000 00:00 0                          [stack:3738]
7f1b88000000-7f1b88021000 rw-p 00000000 00:00 0 
7f1b88021000-7f1b8c000000 ---p 00000000 00:00 0 
7f1b8c000000-7f1b8c021000 rw-p 00000000 00:00 0 
7f1b8c021000-7f1b90000000 ---p 00000000 00:00 0 
7f1b90000000-7f1b90021000 rw-p 00000000 00:00 0 
7f1b90021000-7f1b94000000 ---p 00000000 00:00 0 
7f1b94000000-7f1b94001000 r--s 00006000 08:03 5916915                    /home/sharmila/.gradle/caches/modules-2/files-2.1/org.skyscreamer/jsonassert/1.3.0/d5c250eb122496866de36dc84f98e2945845ecdd/jsonassert-1.3.0.jar
7f1b94001000-7f1b94003000 r--s 00009000 08:03 5913472                    /home/sharmila/.gradle/caches/modules-2/files-2.1/org.hamcrest/hamcrest-core/1.3/42a25dc3219429f0e5d060061f71acb49bf010a0/hamcrest-core-1.3.jar
7f1b94003000-7f1b94008000 r--s 00021000 08:03 5923572                    /home/sharmila/.gradle/caches/modules-2/files-2.1/org.springframework.boot/spring-boot-test/1.4.3.RELEASE/2d76638f0f13b33859bf3b927c232ff0f8a4ffbf/spring-boot-test-1.4.3.RELEASE.jar
7f1b94008000-7f1b9400e000 r--s 0003d000 08:03 5916762                    /home/sharmila/.gradle/caches/modules-2/files-2.1/org.yaml/snakeyaml/1.17/7a27ea250c5130b2922b86dea63cbb1cc10a660c/snakeyaml-1.17.jar
7f1b9400e000-7f1b94010000 r--s 00006000 08:03 5923638                    /home/sharmila/.gradle/caches/modules-2/files-2.1/com.beust/jcommander/1.12/7409692b48022f9eca7445861defbcdb9ee3c2a8/jcommander-1.12.jar
7f1b94010000-7f1b94015000 r--s 00040000 08:03 5923637                    /home/sharmila/.gradle/caches/modules-2/files-2.1/org.beanshell/bsh/2.0b4/a05f0a0feefa8d8467ac80e16e7de071489f0d9c/bsh-2.0b4.jar
7f1b94015000-7f1b9401d000 r--s 00045000 08:03 5913471                    /home/sharmila/.gradle/caches/modules-2/files-2.1/junit/junit/4.12/2973d150c0dc1fefe998f834810d68f278ea58ec/junit-4.12.jar
7f1b9401d000-7f1b94020000 r--s 0000c000 08:03 5923895                    /home/sharmila/.gradle/caches/modules-2/files-2.1/org.springframework/spring-aspects/4.3.5.RELEASE/8c00c15865a1da0a1ba143a50622a8436a56e097/spring-aspects-4.3.5.RELEASE.jar
7f1b94020000-7f1b94026000 r--s 0003f000 08:03 5923894                    /home/sharmila/.gradle/caches/modules-2/files-2.1/org.springframework.data/spring-data-jpa/1.10.6.RELEASE/5d478860b24a493845248c1c336c33a657567bd3/spring-data-jpa-1.10.6.RELEASE.jar
7f1b94026000-7f1b94028000 r--s 00006000 08:03 5923893                    /home/sharmila/.gradle/caches/modules-2/files-2.1/javax.transaction/javax.transaction-api/1.2/d81aff979d603edd90dcd8db2abc1f4ce6479e3e/javax.transaction-api-1.2.jar
7f1b94028000-7f1b94035000 r--s 00089000 08:03 5923892                    /home/sharmila/.gradle/caches/modules-2/files-2.1/org.hibernate/hibernate-entitymanager/5.0.11.Final/549565caed4e0bcb816843693e66ff7b04ce025f/hibernate-entitymanager-5.0.11.Final.jar
7f1b94035000-7f1b9403f000 r--s 000ae000 08:03 5916958                    /home/sharmila/.gradle/caches/modules-2/files-2.1/org.javassist/javassist/3.20.0-GA/a9cbcdfb7e9f86fbc74d3afae65f2248bfbf82a0/javassist-3.20.0-GA.jar
7f1b9403f000-7f1b94044000 r--s 00017000 08:03 5923828                    /home/sharmila/.gradle/caches/modules-2/files-2.1/org.hibernate.javax.persistence/hibernate-jpa-2.1-api/1.0.0.Final/5e731d961297e5a07290bfaf3db1fbc8bbbf405a/hibernate-jpa-2.1-api-1.0.0.Final.jar
7f1b94044000-7f1b94057000 r--s 00236000 08:03 5916949                    /home/sharmila/.gradle/caches/modules-2/files-2.1/org.eclipse.jdt.core.compiler/ecj/4.5.1/bee1367ac12fb6a20b422ff8711ebeb4f0a42316/ecj-4.5.1.jar
7f1b94057000-7f1b94080000 r--s 002b2000 08:03 5917540                    /home/sharmila/.gradle/caches/modules-2/files-2.1/org.apache.tomcat.embed/tomcat-embed-core/8.5.6/960834b5abc6b2135250487abf6c060a0fa5a22e/tomcat-embed-core-8.5.6.jar
7f1b94080000-7f1b94091000 r--s 000cf000 08:03 5923571                    /home/sharmila/.gradle/caches/modules-2/files-2.1/org.springframework/spring-webmvc/4.3.5.RELEASE/c624659217edab07d8279fb0f90462136f089220/spring-webmvc-4.3.5.RELEASE.jar
7f1b94091000-7f1b940a3000 r--s 000b6000 08:03 5923570                    /home/sharmila/.gradle/caches/modules-2/files-2.1/org.springframework/spring-web/4.3.5.RELEASE/6641daccf2fddafc8358144f3a4f999130fdf144/spring-web-4.3.5.RELEASE.jar
7f1b940a3000-7f1b940b4000 r--s 0011d000 08:03 5923569                    /home/sharmila/.gradle/caches/modules-2/files-2.1/com.fasterxml.jackson.core/jackson-databind/2.8.5/b3035f37e674c04dafe36a660c3815cc59f764e2/jackson-databind-2.8.5.jar
7f1b940b4000-7f1b940c4000 r--s 0009c000 08:03 5916756                    /home/sharmila/.gradle/caches/modules-2/files-2.1/org.hibernate/hibernate-validator/5.2.4.Final/fb18766b576aa6632bcfe9a20a023cbd52bf9769/hibernate-validator-5.2.4.Final.jar
7f1b940c4000-7f1b940d0000 r--s 000a4000 08:03 5923636                    /home/sharmila/.gradle/caches/modules-2/files-2.1/org.testng/testng/6.5.2/5069d2e72356ed87645c5fc3622b0bbb5e0667c9/testng-6.5.2.jar
7f1b940d0000-7f1b9d000000 rw-p 00000000 00:00 0 
7f1b9d000000-7f1b9dc40000 rwxp 00000000 00:00 0 
7f1b9dc40000-7f1bac000000 ---p 00000000 00:00 0 
7f1bac000000-7f1badfcc000 rw-p 00000000 00:00 0 
7f1badfcc000-7f1bb0000000 ---p 00000000 00:00 0 
7f1bb0000000-7f1bb0001000 r--s 0000c000 08:03 5916912                    /home/sharmila/.gradle/caches/modules-2/files-2.1/org.hamcrest/hamcrest-library/1.3/4785a3c21320980282f9f33d0d1264a69040538f/hamcrest-library-1.3.jar
7f1bb0001000-7f1bb0002000 r--s 00000000 08:03 5923891                    /home/sharmila/.gradle/caches/modules-2/files-2.1/org.springframework.boot/spring-boot-starter-jdbc/1.4.3.RELEASE/7ce66cf27ea731189248be7af2ab84ba189e1151/spring-boot-starter-jdbc-1.4.3.RELEASE.jar
7f1bb0002000-7f1bb0003000 r--s 00000000 08:03 5923890                    /home/sharmila/.gradle/caches/modules-2/files-2.1/org.springframework.boot/spring-boot-starter-aop/1.4.3.RELEASE/30b11b6455bed446d3b4a1a49fab529b2cfac454/spring-boot-starter-aop-1.4.3.RELEASE.jar
7f1bb0003000-7f1bb0005000 r--s 0000f000 08:03 5916917                    /home/sharmila/.gradle/caches/modules-2/files-2.1/org.jboss.logging/jboss-logging/3.3.0.Final/3616bb87707910296e2c195dc016287080bba5af/jboss-logging-3.3.0.Final.jar
7f1bb0005000-7f1bb000a000 r--s 00036000 08:03 5917541                    /home/sharmila/.gradle/caches/modules-2/files-2.1/org.apache.tomcat.embed/tomcat-embed-el/8.5.6/a102298d8dc72f4065533d5962953d753b172602/tomcat-embed-el-8.5.6.jar
7f1bb000a000-7f1bb000b000 r--s 00000000 08:03 5923568                    /home/sharmila/.gradle/caches/modules-2/files-2.1/org.springframework.boot/spring-boot-starter-tomcat/1.4.3.RELEASE/61c48035a7a3b06b42fdd07b7109e562077b3792/spring-boot-starter-tomcat-1.4.3.RELEASE.jar
7f1bb000b000-7f1bb00de000 rw-p 00000000 00:00 0 
7f1bb00de000-7f1bb02b7000 r--s 03d3e000 08:03 3429804                    /usr/lib/jvm/java-8-oracle/jre/lib/rt.jar
7f1bb02b7000-7f1bb132d000 rw-p 00000000 00:00 0 
7f1bb132d000-7f1bb132e000 ---p 00000000 00:00 0 
7f1bb132e000-7f1bb142e000 rw-p 00000000 00:00 0                          [stack:3737]
7f1bb142e000-7f1bb142f000 ---p 00000000 00:00 0 
7f1bb142f000-7f1bb152f000 rw-p 00000000 00:00 0                          [stack:3736]
7f1bb152f000-7f1bb1530000 ---p 00000000 00:00 0 
7f1bb1530000-7f1bb1630000 rw-p 00000000 00:00 0                          [stack:3735]
7f1bb1630000-7f1bb1631000 ---p 00000000 00:00 0 
7f1bb1631000-7f1bb1888000 rw-p 00000000 00:00 0                          [stack:3734]
7f1bb1888000-7f1bb1c87000 ---p 00000000 00:00 0 
7f1bb1c87000-7f1bb1dde000 rw-p 00000000 00:00 0 
7f1bb1dde000-7f1bb21dc000 ---p 00000000 00:00 0 
7f1bb21dc000-7f1bb22f8000 rw-p 00000000 00:00 0 
7f1bb22f8000-7f1bb2487000 ---p 00000000 00:00 0 
7f1bb2487000-7f1bb24b9000 rw-p 00000000 00:00 0 
7f1bb24b9000-7f1bb2848000 ---p 00000000 00:00 0 
7f1bb2848000-7f1bb2862000 r-xp 00000000 08:03 3429944                    /usr/lib/jvm/java-8-oracle/jre/lib/amd64/libzip.so
7f1bb2862000-7f1bb2a62000 ---p 0001a000 08:03 3429944                    /usr/lib/jvm/java-8-oracle/jre/lib/amd64/libzip.so
7f1bb2a62000-7f1bb2a63000 rw-p 0001a000 08:03 3429944                    /usr/lib/jvm/java-8-oracle/jre/lib/amd64/libzip.so
7f1bb2a63000-7f1bb2a6d000 r-xp 00000000 08:03 4070135                    /lib/x86_64-linux-gnu/libnss_files-2.19.so
7f1bb2a6d000-7f1bb2c6c000 ---p 0000a000 08:03 4070135                    /lib/x86_64-linux-gnu/libnss_files-2.19.so
7f1bb2c6c000-7f1bb2c6d000 r--p 00009000 08:03 4070135                    /lib/x86_64-linux-gnu/libnss_files-2.19.so
7f1bb2c6d000-7f1bb2c6e000 rw-p 0000a000 08:03 4070135                    /lib/x86_64-linux-gnu/libnss_files-2.19.so
7f1bb2c6e000-7f1bb2c79000 r-xp 00000000 08:03 4070127                    /lib/x86_64-linux-gnu/libnss_nis-2.19.so
7f1bb2c79000-7f1bb2e78000 ---p 0000b000 08:03 4070127                    /lib/x86_64-linux-gnu/libnss_nis-2.19.so
7f1bb2e78000-7f1bb2e79000 r--p 0000a000 08:03 4070127                    /lib/x86_64-linux-gnu/libnss_nis-2.19.so
7f1bb2e79000-7f1bb2e7a000 rw-p 0000b000 08:03 4070127                    /lib/x86_64-linux-gnu/libnss_nis-2.19.so
7f1bb2e7a000-7f1bb2e91000 r-xp 00000000 08:03 4070123                    /lib/x86_64-linux-gnu/libnsl-2.19.so
7f1bb2e91000-7f1bb3090000 ---p 00017000 08:03 4070123                    /lib/x86_64-linux-gnu/libnsl-2.19.so
7f1bb3090000-7f1bb3091000 r--p 00016000 08:03 4070123                    /lib/x86_64-linux-gnu/libnsl-2.19.so
7f1bb3091000-7f1bb3092000 rw-p 00017000 08:03 4070123                    /lib/x86_64-linux-gnu/libnsl-2.19.so
7f1bb3092000-7f1bb3094000 rw-p 00000000 00:00 0 
7f1bb3094000-7f1bb309d000 r-xp 00000000 08:03 4070122                    /lib/x86_64-linux-gnu/libnss_compat-2.19.so
7f1bb309d000-7f1bb329c000 ---p 00009000 08:03 4070122                    /lib/x86_64-linux-gnu/libnss_compat-2.19.so
7f1bb329c000-7f1bb329d000 r--p 00008000 08:03 4070122                    /lib/x86_64-linux-gnu/libnss_compat-2.19.so
7f1bb329d000-7f1bb329e000 rw-p 00009000 08:03 4070122                    /lib/x86_64-linux-gnu/libnss_compat-2.19.so
7f1bb329e000-7f1bb32c9000 r-xp 00000000 08:03 3429907                    /usr/lib/jvm/java-8-oracle/jre/lib/amd64/libjava.so
7f1bb32c9000-7f1bb34c8000 ---p 0002b000 08:03 3429907                    /usr/lib/jvm/java-8-oracle/jre/lib/amd64/libjava.so
7f1bb34c8000-7f1bb34ca000 rw-p 0002a000 08:03 3429907                    /usr/lib/jvm/java-8-oracle/jre/lib/amd64/libjava.so
7f1bb34ca000-7f1bb34d7000 r-xp 00000000 08:03 3429925                    /usr/lib/jvm/java-8-oracle/jre/lib/amd64/libverify.so
7f1bb34d7000-7f1bb36d6000 ---p 0000d000 08:03 3429925                    /usr/lib/jvm/java-8-oracle/jre/lib/amd64/libverify.so
7f1bb36d6000-7f1bb36d8000 rw-p 0000c000 08:03 3429925                    /usr/lib/jvm/java-8-oracle/jre/lib/amd64/libverify.so
7f1bb36d8000-7f1bb36df000 r-xp 00000000 08:03 4070131                    /lib/x86_64-linux-gnu/librt-2.19.so
7f1bb36df000-7f1bb38de000 ---p 00007000 08:03 4070131                    /lib/x86_64-linux-gnu/librt-2.19.so
7f1bb38de000-7f1bb38df000 r--p 00006000 08:03 4070131                    /lib/x86_64-linux-gnu/librt-2.19.so
7f1bb38df000-7f1bb38e0000 rw-p 00007000 08:03 4070131                    /lib/x86_64-linux-gnu/librt-2.19.so
7f1bb38e0000-7f1bb39e5000 r-xp 00000000 08:03 4070117                    /lib/x86_64-linux-gnu/libm-2.19.so
7f1bb39e5000-7f1bb3be4000 ---p 00105000 08:03 4070117                    /lib/x86_64-linux-gnu/libm-2.19.so
7f1bb3be4000-7f1bb3be5000 r--p 00104000 08:03 4070117                    /lib/x86_64-linux-gnu/libm-2.19.so
7f1bb3be5000-7f1bb3be6000 rw-p 00105000 08:03 4070117                    /lib/x86_64-linux-gnu/libm-2.19.so
7f1bb3be6000-7f1bb48b4000 r-xp 00000000 08:03 3429966                    /usr/lib/jvm/java-8-oracle/jre/lib/amd64/server/libjvm.so
7f1bb48b4000-7f1bb4ab4000 ---p 00cce000 08:03 3429966                    /usr/lib/jvm/java-8-oracle/jre/lib/amd64/server/libjvm.so
7f1bb4ab4000-7f1bb4b8d000 rw-p 00cce000 08:03 3429966                    /usr/lib/jvm/java-8-oracle/jre/lib/amd64/server/libjvm.so
7f1bb4b8d000-7f1bb4bd8000 rw-p 00000000 00:00 0 
7f1bb4bd8000-7f1bb4d92000 r-xp 00000000 08:03 4070132                    /lib/x86_64-linux-gnu/libc-2.19.so
7f1bb4d92000-7f1bb4f92000 ---p 001ba000 08:03 4070132                    /lib/x86_64-linux-gnu/libc-2.19.so
7f1bb4f92000-7f1bb4f96000 r--p 001ba000 08:03 4070132                    /lib/x86_64-linux-gnu/libc-2.19.so
7f1bb4f96000-7f1bb4f98000 rw-p 001be000 08:03 4070132                    /lib/x86_64-linux-gnu/libc-2.19.so
7f1bb4f98000-7f1bb4f9d000 rw-p 00000000 00:00 0 
7f1bb4f9d000-7f1bb4fa0000 r-xp 00000000 08:03 4070119                    /lib/x86_64-linux-gnu/libdl-2.19.so
7f1bb4fa0000-7f1bb519f000 ---p 00003000 08:03 4070119                    /lib/x86_64-linux-gnu/libdl-2.19.so
7f1bb519f000-7f1bb51a0000 r--p 00002000 08:03 4070119                    /lib/x86_64-linux-gnu/libdl-2.19.so
7f1bb51a0000-7f1bb51a1000 rw-p 00003000 08:03 4070119                    /lib/x86_64-linux-gnu/libdl-2.19.so
7f1bb51a1000-7f1bb51b6000 r-xp 00000000 08:03 3428628                    /usr/lib/jvm/java-8-oracle/lib/amd64/jli/libjli.so
7f1bb51b6000-7f1bb53b6000 ---p 00015000 08:03 3428628                    /usr/lib/jvm/java-8-oracle/lib/amd64/jli/libjli.so
7f1bb53b6000-7f1bb53b7000 rw-p 00015000 08:03 3428628                    /usr/lib/jvm/java-8-oracle/lib/amd64/jli/libjli.so
7f1bb53b7000-7f1bb53d0000 r-xp 00000000 08:03 4070124                    /lib/x86_64-linux-gnu/libpthread-2.19.so
7f1bb53d0000-7f1bb55cf000 ---p 00019000 08:03 4070124                    /lib/x86_64-linux-gnu/libpthread-2.19.so
7f1bb55cf000-7f1bb55d0000 r--p 00018000 08:03 4070124                    /lib/x86_64-linux-gnu/libpthread-2.19.so
7f1bb55d0000-7f1bb55d1000 rw-p 00019000 08:03 4070124                    /lib/x86_64-linux-gnu/libpthread-2.19.so
7f1bb55d1000-7f1bb55d5000 rw-p 00000000 00:00 0 
7f1bb55d5000-7f1bb55f8000 r-xp 00000000 08:03 4070125                    /lib/x86_64-linux-gnu/ld-2.19.so
7f1bb55f8000-7f1bb55f9000 r--s 00000000 08:03 5923567                    /home/sharmila/.gradle/caches/modules-2/files-2.1/org.springframework.boot/spring-boot-starter/1.4.3.RELEASE/c99bad104719e947b3f9aa2b7569583805e4c5d5/spring-boot-starter-1.4.3.RELEASE.jar
7f1bb55f9000-7f1bb55fa000 r--s 00000000 08:03 5923566                    /home/sharmila/.gradle/caches/modules-2/files-2.1/org.springframework.boot/spring-boot-starter-test/1.4.3.RELEASE/6e9f1dbd3f68299c0183630ef07ca430de160050/spring-boot-starter-test-1.4.3.RELEASE.jar
7f1bb55fa000-7f1bb55fb000 r--s 00000000 08:03 5923889                    /home/sharmila/.gradle/caches/modules-2/files-2.1/org.springframework.boot/spring-boot-starter-data-jpa/1.4.3.RELEASE/ffda06c2144d10239014407333c223a237b73ad7/spring-boot-starter-data-jpa-1.4.3.RELEASE.jar
7f1bb55fb000-7f1bb55fc000 r--s 00003000 08:03 5923431                    /home/sharmila/.gradle/caches/modules-2/files-2.1/org.hibernate/hibernate-gradle-plugin/5.2.3.Final/db2ad8695e48a03a566b74fb5fc07c1732c1f5e5/hibernate-gradle-plugin-5.2.3.Final.jar
7f1bb55fc000-7f1bb56cf000 rw-p 00000000 00:00 0 
7f1bb56cf000-7f1bb56d2000 ---p 00000000 00:00 0 
7f1bb56d2000-7f1bb57d4000 rw-p 00000000 00:00 0                          [stack:3729]
7f1bb57d4000-7f1bb57d9000 r--s 00309000 08:03 5923826                    /home/sharmila/.gradle/caches/modules-2/files-2.1/org.xerial/sqlite-jdbc/3.7.2/7a3d67f00508d3881650579f7f228c61bfc1b196/sqlite-jdbc-3.7.2.jar
7f1bb57d9000-7f1bb57e2000 r--s 00095000 08:03 5913393                    /home/sharmila/.gradle/caches/modules-2/files-2.1/org.apache.tomcat.embed/tomcat-embed-jasper/9.0.0.M11/e2cd5a7038094195c3163532e01daf051d9265fe/tomcat-embed-jasper-9.0.0.M11.jar
7f1bb57e2000-7f1bb57e3000 r--s 00000000 08:03 5923565                    /home/sharmila/.gradle/caches/modules-2/files-2.1/org.springframework.boot/spring-boot-starter-web/1.4.3.RELEASE/a0dcc919eda8e8ecb6f13f52a30e6afbb8266103/spring-boot-starter-web-1.4.3.RELEASE.jar
7f1bb57e3000-7f1bb57eb000 r--s 00046000 08:03 3828792                    /home/sharmila/Downloads/IDE/sts 3.6.4/sts-bundle/sts-3.6.4.RELEASE/plugins/org.testng.eclipse_6.10.0.201612030230/lib/testng-remote.jar
7f1bb57eb000-7f1bb57f3000 rw-s 00000000 08:03 919444                     /tmp/hsperfdata_sharmila/3727
7f1bb57f3000-7f1bb57f4000 rw-p 00000000 00:00 0 
7f1bb57f4000-7f1bb57f5000 r--p 00000000 00:00 0 
7f1bb57f5000-7f1bb57f7000 rw-p 00000000 00:00 0 
7f1bb57f7000-7f1bb57f8000 r--p 00022000 08:03 4070125                    /lib/x86_64-linux-gnu/ld-2.19.so
7f1bb57f8000-7f1bb57f9000 rw-p 00023000 08:03 4070125                    /lib/x86_64-linux-gnu/ld-2.19.so
7f1bb57f9000-7f1bb57fa000 rw-p 00000000 00:00 0 
7ffd97f32000-7ffd97f56000 rw-p 00000000 00:00 0                          [stack]
7ffd97f71000-7ffd97f73000 r-xp 00000000 00:00 0                          [vdso]
ffffffffff600000-ffffffffff601000 r-xp 00000000 00:00 0                  [vsyscall]

VM Arguments:
jvm_args: -ea -Xms1024m -Xmx4096m -Dfile.encoding=UTF-8 
java_command: org.testng.remote.RemoteTestNG -serport 33407 -protocol json -d /home/sharmila/Documents/work-office/TestNG_Project/test-output /tmp/testng-eclipse--925825691/testng-customsuite.xml
java_class_path (initial): /home/sharmila/Downloads/IDE/sts 3.6.4/sts-bundle/sts-3.6.4.RELEASE/plugins/org.testng.eclipse_6.10.0.201612030230/lib/testng-remote.jar:/home/sharmila/Documents/work-office/TestNG_Project/bin:/home/sharmila/.gradle/caches/modules-2/files-2.1/org.springframework.boot/spring-boot-starter-web/1.4.3.RELEASE/a0dcc919eda8e8ecb6f13f52a30e6afbb8266103/spring-boot-starter-web-1.4.3.RELEASE.jar:/home/sharmila/.gradle/caches/modules-2/files-2.1/org.apache.tomcat.embed/tomcat-embed-jasper/9.0.0.M11/e2cd5a7038094195c3163532e01daf051d9265fe/tomcat-embed-jasper-9.0.0.M11.jar:/home/sharmila/.gradle/caches/modules-2/files-2.1/org.xerial/sqlite-jdbc/3.7.2/7a3d67f00508d3881650579f7f228c61bfc1b196/sqlite-jdbc-3.7.2.jar:/home/sharmila/.gradle/caches/modules-2/files-2.1/org.hibernate/hibernate-gradle-plugin/5.2.3.Final/db2ad8695e48a03a566b74fb5fc07c1732c1f5e5/hibernate-gradle-plugin-5.2.3.Final.jar:/home/sharmila/.gradle/caches/modules-2/files-2.1/org.springframework.boot/spring-boot-starter-data-jpa/1.4.3.RELEASE/ffda06c2144d10239014407333c223a237b73ad7/spring-boot-starter-data-jpa-1.4.3.RELEASE.jar:/home/sharmila/.gradle/caches/modules-2/files-2.1/org.testng/testng/6.5.2/5069d2e72356ed87645c5fc3622b0bbb5e0667c9/testng-6.5.2.jar:/home/sharmila/.gradle/caches/modules-2/files-2.1/org.springframework.boot/spring-boot-starter-test/1.4.3.RELEASE/6e9f1dbd3f68299c0183630ef07ca430de160050/spring-boot-starter-test-1.4.3.RELEASE.jar:/home/sharmila/.gradle/caches/modules-2/files-2.1/org.springframework.boot/spring-boot-starter/1.4.3.RELEASE/c99bad104719e947b3f9aa2b7569583805e4c5d5/spring-boot-starter-1.4.3.RELEASE.jar:/home/sharmila/.gradle/caches/modules-2/files-2.1/org.springframework.boot/spring-boot-starter-tomcat/1.4.3.RELEASE/61c48035a7a3b06b42fdd07b7109e562077b3792/spring-boot-starter-tomcat-1.4.3.RELEASE.jar:/home/sharmila/.gradle/caches/modules-2/files-2.1/org.hibernate/hibernate-validator/5.2.4.Final/fb18766b576aa6632bcfe9a20a023cbd52bf9769/hibernate-validat
Launcher Type: SUN_STANDARD

Environment Variables:
JAVA_HOME=/usr/lib/jvm/java-8-oracle
PATH=/usr/local/sbin:/usr/local/bin:/usr/sbin:/usr/bin:/sbin:/bin:/usr/games:/usr/local/games:/usr/lib/jvm/java-8-oracle/bin:/usr/lib/jvm/java-8-oracle/db/bin:/usr/lib/jvm/java-8-oracle/jre/bin
SHELL=/bin/bash
DISPLAY=:0.0

Signal Handlers:
SIGSEGV: [libjvm.so+0xac78c0], sa_mask[0]=11111111011111111101111111111110, sa_flags=SA_RESTART|SA_SIGINFO
SIGBUS: [libjvm.so+0xac78c0], sa_mask[0]=11111111011111111101111111111110, sa_flags=SA_RESTART|SA_SIGINFO
SIGFPE: [libjvm.so+0x920ac0], sa_mask[0]=11111111011111111101111111111110, sa_flags=SA_RESTART|SA_SIGINFO
SIGPIPE: [libjvm.so+0x920ac0], sa_mask[0]=11111111011111111101111111111110, sa_flags=SA_RESTART|SA_SIGINFO
SIGXFSZ: [libjvm.so+0x920ac0], sa_mask[0]=11111111011111111101111111111110, sa_flags=SA_RESTART|SA_SIGINFO
SIGILL: [libjvm.so+0x920ac0], sa_mask[0]=11111111011111111101111111111110, sa_flags=SA_RESTART|SA_SIGINFO
SIGUSR1: SIG_DFL, sa_mask[0]=00000000000000000000000000000000, sa_flags=none
SIGUSR2: [libjvm.so+0x922300], sa_mask[0]=00100000000000000000000000000000, sa_flags=SA_RESTART|SA_SIGINFO
SIGHUP: [libjvm.so+0x923700], sa_mask[0]=11111111011111111101111111111110, sa_flags=SA_RESTART|SA_SIGINFO
SIGINT: [libjvm.so+0x923700], sa_mask[0]=11111111011111111101111111111110, sa_flags=SA_RESTART|SA_SIGINFO
SIGTERM: [libjvm.so+0x923700], sa_mask[0]=11111111011111111101111111111110, sa_flags=SA_RESTART|SA_SIGINFO
SIGQUIT: [libjvm.so+0x923700], sa_mask[0]=11111111011111111101111111111110, sa_flags=SA_RESTART|SA_SIGINFO


---------------  S Y S T E M  ---------------

OS:DISTRIB_ID=Ubuntu
DISTRIB_RELEASE=14.04
DISTRIB_CODENAME=trusty
DISTRIB_DESCRIPTION="Ubuntu 14.04.5 LTS"

uname:Linux 3.13.0-107-generic #154-Ubuntu SMP Tue Dec 20 09:57:27 UTC 2016 x86_64
libc:glibc 2.19 NPTL 2.19 
rlimit: STACK 8192k, CORE 0k, NPROC 30712, NOFILE 4096, AS infinity
load average:1.23 1.17 0.69

/proc/meminfo:
MemTotal:        3953548 kB
MemFree:          238860 kB
Buffers:          159048 kB
Cached:          1297328 kB
SwapCached:            0 kB
Active:          2441260 kB
Inactive:        1050284 kB
Active(anon):    2037444 kB
Inactive(anon):   274152 kB
Active(file):     403816 kB
Inactive(file):   776132 kB
Unevictable:         208 kB
Mlocked:             208 kB
SwapTotal:       7999484 kB
SwapFree:        7999484 kB
Dirty:              6544 kB
Writeback:             0 kB
AnonPages:       2035468 kB
Mapped:           351592 kB
Shmem:            276408 kB
Slab:             108076 kB
SReclaimable:      72272 kB
SUnreclaim:        35804 kB
KernelStack:        5120 kB
PageTables:        42708 kB
NFS_Unstable:          0 kB
Bounce:                0 kB
WritebackTmp:          0 kB
CommitLimit:     9976256 kB
Committed_AS:    7305960 kB
VmallocTotal:   34359738367 kB
VmallocUsed:      401024 kB
VmallocChunk:   34359327228 kB
HardwareCorrupted:     0 kB
AnonHugePages:    878592 kB
HugePages_Total:       0
HugePages_Free:        0
HugePages_Rsvd:        0
HugePages_Surp:        0
Hugepagesize:       2048 kB
DirectMap4k:      100524 kB
DirectMap2M:     3999744 kB
DirectMap1G:           0 kB


CPU:total 4 (2 cores per cpu, 2 threads per core) family 6 model 69 stepping 1, cmov, cx8, fxsr, mmx, sse, sse2, sse3, ssse3, sse4.1, sse4.2, popcnt, avx, avx2, aes, clmul, erms, lzcnt, ht, tsc, tscinvbit, bmi1, bmi2

/proc/cpuinfo:
processor	: 0
vendor_id	: GenuineIntel
cpu family	: 6
model		: 69
model name	: Intel(R) Core(TM) i5-4200U CPU @ 1.60GHz
stepping	: 1
microcode	: 0x17
cpu MHz		: 1600.000
cache size	: 3072 KB
physical id	: 0
siblings	: 4
core id		: 0
cpu cores	: 2
apicid		: 0
initial apicid	: 0
fpu		: yes
fpu_exception	: yes
cpuid level	: 13
wp		: yes
flags		: fpu vme de pse tsc msr pae mce cx8 apic sep mtrr pge mca cmov pat pse36 clflush dts acpi mmx fxsr sse sse2 ss ht tm pbe syscall nx pdpe1gb rdtscp lm constant_tsc arch_perfmon pebs bts rep_good nopl xtopology nonstop_tsc aperfmperf eagerfpu pni pclmulqdq dtes64 monitor ds_cpl vmx est tm2 ssse3 fma cx16 xtpr pdcm pcid sse4_1 sse4_2 movbe popcnt tsc_deadline_timer aes xsave avx f16c rdrand lahf_lm abm ida arat epb xsaveopt pln pts dtherm tpr_shadow vnmi flexpriority ept vpid fsgsbase tsc_adjust bmi1 avx2 smep bmi2 erms invpcid
bogomips	: 4589.29
clflush size	: 64
cache_alignment	: 64
address sizes	: 39 bits physical, 48 bits virtual
power management:

processor	: 1
vendor_id	: GenuineIntel
cpu family	: 6
model		: 69
model name	: Intel(R) Core(TM) i5-4200U CPU @ 1.60GHz
stepping	: 1
microcode	: 0x17
cpu MHz		: 1600.000
cache size	: 3072 KB
physical id	: 0
siblings	: 4
core id		: 0
cpu cores	: 2
apicid		: 1
initial apicid	: 1
fpu		: yes
fpu_exception	: yes
cpuid level	: 13
wp		: yes
flags		: fpu vme de pse tsc msr pae mce cx8 apic sep mtrr pge mca cmov pat pse36 clflush dts acpi mmx fxsr sse sse2 ss ht tm pbe syscall nx pdpe1gb rdtscp lm constant_tsc arch_perfmon pebs bts rep_good nopl xtopology nonstop_tsc aperfmperf eagerfpu pni pclmulqdq dtes64 monitor ds_cpl vmx est tm2 ssse3 fma cx16 xtpr pdcm pcid sse4_1 sse4_2 movbe popcnt tsc_deadline_timer aes xsave avx f16c rdrand lahf_lm abm ida arat epb xsaveopt pln pts dtherm tpr_shadow vnmi flexpriority ept vpid fsgsbase tsc_adjust bmi1 avx2 smep bmi2 erms invpcid
bogomips	: 4589.29
clflush size	: 64
cache_alignment	: 64
address sizes	: 39 bits physical, 48 bits virtual
power management:

processor	: 2
vendor_id	: GenuineIntel
cpu family	: 6
model		: 69
model name	: Intel(R) Core(TM) i5-4200U CPU @ 1.60GHz
stepping	: 1
microcode	: 0x17
cpu MHz		: 1600.000
cache size	: 3072 KB
physical id	: 0
siblings	: 4
core id		: 1
cpu cores	: 2
apicid		: 2
initial apicid	: 2
fpu		: yes
fpu_exception	: yes
cpuid level	: 13
wp		: yes
flags		: fpu vme de pse tsc msr pae mce cx8 apic sep mtrr pge mca cmov pat pse36 clflush dts acpi mmx fxsr sse sse2 ss ht tm pbe syscall nx pdpe1gb rdtscp lm constant_tsc arch_perfmon pebs bts rep_good nopl xtopology nonstop_tsc aperfmperf eagerfpu pni pclmulqdq dtes64 monitor ds_cpl vmx est tm2 ssse3 fma cx16 xtpr pdcm pcid sse4_1 sse4_2 movbe popcnt tsc_deadline_timer aes xsave avx f16c rdrand lahf_lm abm ida arat epb xsaveopt pln pts dtherm tpr_shadow vnmi flexpriority ept vpid fsgsbase tsc_adjust bmi1 avx2 smep bmi2 erms invpcid
bogomips	: 4589.29
clflush size	: 64
cache_alignment	: 64
address sizes	: 39 bits physical, 48 bits virtual
power management:

processor	: 3
vendor_id	: GenuineIntel
cpu family	: 6
model		: 69
model name	: Intel(R) Core(TM) i5-4200U CPU @ 1.60GHz
stepping	: 1
microcode	: 0x17
cpu MHz		: 1600.000
cache size	: 3072 KB
physical id	: 0
siblings	: 4
core id		: 1
cpu cores	: 2
apicid		: 3
initial apicid	: 3
fpu		: yes
fpu_exception	: yes
cpuid level	: 13
wp		: yes
flags		: fpu vme de pse tsc msr pae mce cx8 apic sep mtrr pge mca cmov pat pse36 clflush dts acpi mmx fxsr sse sse2 ss ht tm pbe syscall nx pdpe1gb rdtscp lm constant_tsc arch_perfmon pebs bts rep_good nopl xtopology nonstop_tsc aperfmperf eagerfpu pni pclmulqdq dtes64 monitor ds_cpl vmx est tm2 ssse3 fma cx16 xtpr pdcm pcid sse4_1 sse4_2 movbe popcnt tsc_deadline_timer aes xsave avx f16c rdrand lahf_lm abm ida arat epb xsaveopt pln pts dtherm tpr_shadow vnmi flexpriority ept vpid fsgsbase tsc_adjust bmi1 avx2 smep bmi2 erms invpcid
bogomips	: 4589.29
clflush size	: 64
cache_alignment	: 64
address sizes	: 39 bits physical, 48 bits virtual
power management:



Memory: 4k page, physical 3953548k(238860k free), swap 7999484k(7999484k free)

vm_info: Java HotSpot(TM) 64-Bit Server VM (25.121-b13) for linux-amd64 JRE (1.8.0_121-b13), built on Dec 12 2016 16:36:53 by "java_re" with gcc 4.3.0 20080428 (Red Hat 4.3.0-8)

time: Wed Jan 25 13:26:45 2017
elapsed time: 8 seconds (0d 0h 0m 8s)

