#
# A fatal error has been detected by the Java Runtime Environment:
#
#  SIGSEGV (0xb) at pc=0x00007fa5bb6a3118, pid=5283, tid=0x00007fa5bcba9700
#
# JRE version: Java(TM) SE Runtime Environment (8.0_121-b13) (build 1.8.0_121-b13)
# Java VM: Java HotSpot(TM) 64-Bit Server VM (25.121-b13 mixed mode linux-amd64 compressed oops)
# Problematic frame:
# V  [libjvm.so+0x6e2118]  jni_GetStringUTFChars+0xb8
#
# Failed to write core dump. Core dumps have been disabled. To enable core dumping, try "ulimit -c unlimited" before starting Java again
#
# If you would like to submit a bug report, please visit:
#   http://bugreport.java.com/bugreport/crash.jsp
#

---------------  T H R E A D  ---------------

Current thread (0x00007fa5b4010000):  JavaThread "main" [_thread_in_vm, id=5285, stack(0x00007fa5bcaa9000,0x00007fa5bcbaa000)]

siginfo: si_signo: 11 (SIGSEGV), si_code: 1 (SEGV_MAPERR), si_addr: 0x0000000000000000

Registers:
RAX=0x00007fa5bbf78550, RBX=0x0000000000000000, RCX=0x00000000f922b658, RDX=0x00007fa5bbf869e0
RSP=0x00007fa5bcba3a60, RBP=0x00007fa5bcba3b00, RSI=0x00007fa5b4010000, RDI=0x00007fa5bcba3aa0
R8 =0x00007fa5a5012c80, R9 =0x00000000f922b658, R10=0x00000000000001da, R11=0x00007fa5bbf869e8
R12=0x00007fa5b4010000, R13=0x0000000000000000, R14=0x00007fa5bcba3bd8, R15=0x00007fa5bcba3aa0
RIP=0x00007fa5bb6a3118, EFLAGS=0x0000000000010246, CSGSFS=0x0000000000000033, ERR=0x0000000000000004
  TRAPNO=0x000000000000000e

Top of Stack: (sp=0x00007fa5bcba3a60)
0x00007fa5bcba3a60:   00007fa5bcba3b28 0000000000000000
0x00007fa5bcba3a70:   00007fa5a510f5c0 00007fa5bbf88800
0x00007fa5bcba3a80:   00007fa5bcba40f8 00007fa5a5012c80
0x00007fa5bcba3a90:   00000000edf97a88 0000000050200030
0x00007fa5bcba3aa0:   00007fa5b4010000 0000000000000000
0x00007fa5bcba3ab0:   00007fa5b8756480 00007fa5a50082bd
0x00007fa5bcba3ac0:   00007fa5b4010000 00000000edf97a88
0x00007fa5bcba3ad0:   00007fa5bcba3b70 00007fa59aeb1738
0x00007fa5bcba3ae0:   00007fa5b4c96f38 0000000000000000
0x00007fa5bcba3af0:   00007fa5bcba3bd8 00007fa5b4010000
0x00007fa5bcba3b00:   00007fa5b40101f8 00007fa59ac1b2b0
0x00007fa5bcba3b10:   00007fa5bcba3b70 00007fa5a50082bd
0x00007fa5bcba3b20:   00007fa59aeb1738 00007fa5bcba3bb0
0x00007fa5bcba3b30:   0000000000000000 00007fa59aeb1730
0x00007fa5bcba3b40:   00007fa5bcba3bd8 00007fa5a50184cf
0x00007fa5bcba3b50:   0000000000000000 00007fa59aec0fb0
0x00007fa5bcba3b60:   0000000000000000 00000000f922b658
0x00007fa5bcba3b70:   00007fa5bcba3b60 0000000000000000
0x00007fa5bcba3b80:   00007fa5bcba3bd8 00007fa59aeb8090
0x00007fa5bcba3b90:   0000000000000000 00007fa59aeb1738
0x00007fa5bcba3ba0:   0000000000000000 00007fa5bcba3bd0
0x00007fa5bcba3bb0:   00007fa5bcba3c38 00007fa5a5007dd0
0x00007fa5bcba3bc0:   0000000000000000 00007fa5a5011537
0x00007fa5bcba3bd0:   0000000000000000 00000000f922b658
0x00007fa5bcba3be0:   00000000edf97a28 00000000edf97a88
0x00007fa5bcba3bf0:   00000000f922b658 00007fa5bcba3be8
0x00007fa5bcba3c00:   00007fa59aeb4ffd 00007fa5bcba3c50
0x00007fa5bcba3c10:   00007fa59aeb78e0 0000000000000000
0x00007fa5bcba3c20:   00007fa59aeb5048 00007fa5bcba3bd0
0x00007fa5bcba3c30:   00007fa5bcba3c48 00007fa5bcba3c98
0x00007fa5bcba3c40:   00007fa5a50082bd 00000000edf97a28
0x00007fa5bcba3c50:   00000000f922b658 00007fa5bcba3c58 

Instructions: (pc=0x00007fa5bb6a3118)
0x00007fa5bb6a30f8:   84 24 70 02 00 00 06 00 00 00 4c 89 e6 4c 89 65
0x00007fa5bb6a3108:   c0 4c 89 ff e8 1f 01 01 00 48 8b 05 18 d0 88 00
0x00007fa5bb6a3118:   4c 8b 2b 8b 10 48 8b 05 44 fc 88 00 80 38 00 0f
0x00007fa5bb6a3128:   84 2b 01 00 00 48 63 c2 41 8b 54 05 00 85 d2 0f 

Register to memory mapping:

RAX=0x00007fa5bbf78550: <offset 0xfb7550> in /usr/lib/jvm/java-8-oracle/jre/lib/amd64/server/libjvm.so at 0x00007fa5bafc1000
RBX=0x0000000000000000 is an unknown value
RCX=0x00000000f922b658 is an oop
org.sqlite.NativeDB 
 - klass: 'org/sqlite/NativeDB'
RDX=0x00007fa5bbf869e0: <offset 0xfc59e0> in /usr/lib/jvm/java-8-oracle/jre/lib/amd64/server/libjvm.so at 0x00007fa5bafc1000
RSP=0x00007fa5bcba3a60 is pointing into the stack for thread: 0x00007fa5b4010000
RBP=0x00007fa5bcba3b00 is pointing into the stack for thread: 0x00007fa5b4010000
RSI=0x00007fa5b4010000 is a thread
RDI=0x00007fa5bcba3aa0 is pointing into the stack for thread: 0x00007fa5b4010000
R8 =0x00007fa5a5012c80 is at code_begin+0 in an Interpreter codelet
method entry point (kind = zerolocals)  [0x00007fa5a5012c80, 0x00007fa5a5013100]  1152 bytes
R9 =0x00000000f922b658 is an oop
org.sqlite.NativeDB 
 - klass: 'org/sqlite/NativeDB'
R10=0x00000000000001da is an unknown value
R11=0x00007fa5bbf869e8: <offset 0xfc59e8> in /usr/lib/jvm/java-8-oracle/jre/lib/amd64/server/libjvm.so at 0x00007fa5bafc1000
R12=0x00007fa5b4010000 is a thread
R13=0x0000000000000000 is an unknown value
R14=0x00007fa5bcba3bd8 is pointing into the stack for thread: 0x00007fa5b4010000
R15=0x00007fa5bcba3aa0 is pointing into the stack for thread: 0x00007fa5b4010000


Stack: [0x00007fa5bcaa9000,0x00007fa5bcbaa000],  sp=0x00007fa5bcba3a60,  free space=1002k
Native frames: (J=compiled Java code, j=interpreted, Vv=VM code, C=native code)
V  [libjvm.so+0x6e2118]  jni_GetStringUTFChars+0xb8
C  [sqlite-3.7.2-libsqlitejdbc.so+0xd2b0]  Java_org_sqlite_NativeDB_prepare+0x2f

Java frames: (J=compiled Java code, j=interpreted, Vv=VM code)
j  org.sqlite.NativeDB.prepare(Ljava/lang/String;)J+0
j  org.sqlite.DB.prepare(Lorg/sqlite/Stmt;)V+21
j  org.sqlite.PrepStmt.<init>(Lorg/sqlite/Conn;Ljava/lang/String;)V+15
j  org.sqlite.Conn.prepareStatement(Ljava/lang/String;III)Ljava/sql/PreparedStatement;+14
j  org.sqlite.Conn.prepareStatement(Ljava/lang/String;II)Ljava/sql/PreparedStatement;+5
j  org.sqlite.Conn.prepareStatement(Ljava/lang/String;)Ljava/sql/PreparedStatement;+8
v  ~StubRoutines::call_stub
J 1217  sun.reflect.NativeMethodAccessorImpl.invoke0(Ljava/lang/reflect/Method;Ljava/lang/Object;[Ljava/lang/Object;)Ljava/lang/Object; (0 bytes) @ 0x00007fa5a5435477 [0x00007fa5a5435400+0x77]
J 1216 C1 sun.reflect.NativeMethodAccessorImpl.invoke(Ljava/lang/Object;[Ljava/lang/Object;)Ljava/lang/Object; (104 bytes) @ 0x00007fa5a543814c [0x00007fa5a5436fc0+0x118c]
J 1223 C1 sun.reflect.DelegatingMethodAccessorImpl.invoke(Ljava/lang/Object;[Ljava/lang/Object;)Ljava/lang/Object; (10 bytes) @ 0x00007fa5a544c104 [0x00007fa5a544c000+0x104]
J 3520 C1 java.lang.reflect.Method.invoke(Ljava/lang/Object;[Ljava/lang/Object;)Ljava/lang/Object; (62 bytes) @ 0x00007fa5a53ba2bc [0x00007fa5a53ba1a0+0x11c]
j  org.apache.tomcat.jdbc.pool.ProxyConnection.invoke(Ljava/lang/Object;Ljava/lang/reflect/Method;[Ljava/lang/Object;)Ljava/lang/Object;+237
j  org.apache.tomcat.jdbc.pool.JdbcInterceptor.invoke(Ljava/lang/Object;Ljava/lang/reflect/Method;[Ljava/lang/Object;)Ljava/lang/Object;+14
j  org.apache.tomcat.jdbc.pool.DisposableConnectionFacade.invoke(Ljava/lang/Object;Ljava/lang/reflect/Method;[Ljava/lang/Object;)Ljava/lang/Object;+93
j  com.sun.proxy.$Proxy83.prepareStatement(Ljava/lang/String;)Ljava/sql/PreparedStatement;+16
j  org.hibernate.engine.jdbc.internal.StatementPreparerImpl$1.doPrepare()Ljava/sql/PreparedStatement;+37
j  org.hibernate.engine.jdbc.internal.StatementPreparerImpl$StatementPreparationTemplate.prepareStatement()Ljava/sql/PreparedStatement;+45
j  org.hibernate.engine.jdbc.internal.StatementPreparerImpl.prepareStatement(Ljava/lang/String;)Ljava/sql/PreparedStatement;+6
j  org.hibernate.id.SequenceGenerator.generateHolder(Lorg/hibernate/engine/spi/SessionImplementor;)Lorg/hibernate/id/IntegralDataTypeHolder;+15
j  org.hibernate.id.SequenceHiLoGenerator$1.getNextValue()Lorg/hibernate/id/IntegralDataTypeHolder;+8
j  org.hibernate.id.enhanced.LegacyHiLoAlgorithmOptimizer.generate(Lorg/hibernate/id/enhanced/AccessCallback;)Ljava/io/Serializable;+25
j  org.hibernate.id.SequenceHiLoGenerator.generate(Lorg/hibernate/engine/spi/SessionImplementor;Ljava/lang/Object;)Ljava/io/Serializable;+53
j  org.hibernate.event.internal.AbstractSaveEventListener.saveWithGeneratedId(Ljava/lang/Object;Ljava/lang/String;Ljava/lang/Object;Lorg/hibernate/event/spi/EventSource;Z)Ljava/io/Serializable;+21
j  org.hibernate.jpa.event.internal.core.JpaPersistEventListener.saveWithGeneratedId(Ljava/lang/Object;Ljava/lang/String;Ljava/lang/Object;Lorg/hibernate/event/spi/EventSource;Z)Ljava/io/Serializable;+18
j  org.hibernate.event.internal.DefaultPersistEventListener.entityIsTransient(Lorg/hibernate/event/spi/PersistEvent;Ljava/util/Map;)V+55
j  org.hibernate.event.internal.DefaultPersistEventListener.onPersist(Lorg/hibernate/event/spi/PersistEvent;Ljava/util/Map;)V+324
j  org.hibernate.event.internal.DefaultPersistEventListener.onPersist(Lorg/hibernate/event/spi/PersistEvent;)V+11
j  org.hibernate.internal.SessionImpl.firePersist(Lorg/hibernate/event/spi/PersistEvent;)V+46
j  org.hibernate.internal.SessionImpl.persist(Ljava/lang/String;Ljava/lang/Object;)V+11
j  org.hibernate.internal.SessionImpl.persist(Ljava/lang/Object;)V+3
j  org.hibernate.jpa.spi.AbstractEntityManagerImpl.persist(Ljava/lang/Object;)V+9
v  ~StubRoutines::call_stub
J 1217  sun.reflect.NativeMethodAccessorImpl.invoke0(Ljava/lang/reflect/Method;Ljava/lang/Object;[Ljava/lang/Object;)Ljava/lang/Object; (0 bytes) @ 0x00007fa5a5435477 [0x00007fa5a5435400+0x77]
J 1216 C1 sun.reflect.NativeMethodAccessorImpl.invoke(Ljava/lang/Object;[Ljava/lang/Object;)Ljava/lang/Object; (104 bytes) @ 0x00007fa5a543814c [0x00007fa5a5436fc0+0x118c]
J 1223 C1 sun.reflect.DelegatingMethodAccessorImpl.invoke(Ljava/lang/Object;[Ljava/lang/Object;)Ljava/lang/Object; (10 bytes) @ 0x00007fa5a544c104 [0x00007fa5a544c000+0x104]
J 3520 C1 java.lang.reflect.Method.invoke(Ljava/lang/Object;[Ljava/lang/Object;)Ljava/lang/Object; (62 bytes) @ 0x00007fa5a53ba2bc [0x00007fa5a53ba1a0+0x11c]
j  org.springframework.orm.jpa.SharedEntityManagerCreator$SharedEntityManagerInvocationHandler.invoke(Ljava/lang/Object;Ljava/lang/reflect/Method;[Ljava/lang/Object;)Ljava/lang/Object;+495
j  com.sun.proxy.$Proxy92.persist(Ljava/lang/Object;)V+16
j  org.springframework.data.jpa.repository.support.SimpleJpaRepository.save(Ljava/lang/Object;)Ljava/lang/Object;+18
v  ~StubRoutines::call_stub
J 1217  sun.reflect.NativeMethodAccessorImpl.invoke0(Ljava/lang/reflect/Method;Ljava/lang/Object;[Ljava/lang/Object;)Ljava/lang/Object; (0 bytes) @ 0x00007fa5a5435477 [0x00007fa5a5435400+0x77]
J 1216 C1 sun.reflect.NativeMethodAccessorImpl.invoke(Ljava/lang/Object;[Ljava/lang/Object;)Ljava/lang/Object; (104 bytes) @ 0x00007fa5a543814c [0x00007fa5a5436fc0+0x118c]
J 1223 C1 sun.reflect.DelegatingMethodAccessorImpl.invoke(Ljava/lang/Object;[Ljava/lang/Object;)Ljava/lang/Object; (10 bytes) @ 0x00007fa5a544c104 [0x00007fa5a544c000+0x104]
J 3520 C1 java.lang.reflect.Method.invoke(Ljava/lang/Object;[Ljava/lang/Object;)Ljava/lang/Object; (62 bytes) @ 0x00007fa5a53ba2bc [0x00007fa5a53ba1a0+0x11c]
j  org.springframework.data.repository.core.support.RepositoryFactorySupport$QueryExecutorMethodInterceptor.executeMethodOn(Ljava/lang/Object;Ljava/lang/reflect/Method;[Ljava/lang/Object;)Ljava/lang/Object;+3
j  org.springframework.data.repository.core.support.RepositoryFactorySupport$QueryExecutorMethodInterceptor.doInvoke(Lorg/aopalliance/intercept/MethodInvocation;)Ljava/lang/Object;+94
j  org.springframework.data.repository.core.support.RepositoryFactorySupport$QueryExecutorMethodInterceptor.invoke(Lorg/aopalliance/intercept/MethodInvocation;)Ljava/lang/Object;+2
j  org.springframework.aop.framework.ReflectiveMethodInvocation.proceed()Ljava/lang/Object;+101
j  org.springframework.data.projection.DefaultMethodInvokingMethodInterceptor.invoke(Lorg/aopalliance/intercept/MethodInvocation;)Ljava/lang/Object;+15
j  org.springframework.aop.framework.ReflectiveMethodInvocation.proceed()Ljava/lang/Object;+101
j  org.springframework.transaction.interceptor.TransactionInterceptor$1.proceedWithInvocation()Ljava/lang/Object;+4
j  org.springframework.transaction.interceptor.TransactionAspectSupport.invokeWithinTransaction(Ljava/lang/reflect/Method;Ljava/lang/Class;Lorg/springframework/transaction/interceptor/TransactionAspectSupport$InvocationCallback;)Ljava/lang/Object;+60
j  org.springframework.transaction.interceptor.TransactionInterceptor.invoke(Lorg/aopalliance/intercept/MethodInvocation;)Ljava/lang/Object;+40
j  org.springframework.aop.framework.ReflectiveMethodInvocation.proceed()Ljava/lang/Object;+101
j  org.springframework.dao.support.PersistenceExceptionTranslationInterceptor.invoke(Lorg/aopalliance/intercept/MethodInvocation;)Ljava/lang/Object;+1
j  org.springframework.aop.framework.ReflectiveMethodInvocation.proceed()Ljava/lang/Object;+101
j  org.springframework.data.jpa.repository.support.CrudMethodMetadataPostProcessor$CrudMethodMetadataPopulatingMethodInterceptor.invoke(Lorg/aopalliance/intercept/MethodInvocation;)Ljava/lang/Object;+89
j  org.springframework.aop.framework.ReflectiveMethodInvocation.proceed()Ljava/lang/Object;+101
j  org.springframework.aop.interceptor.ExposeInvocationInterceptor.invoke(Lorg/aopalliance/intercept/MethodInvocation;)Ljava/lang/Object;+18
j  org.springframework.aop.framework.ReflectiveMethodInvocation.proceed()Ljava/lang/Object;+101
j  org.springframework.aop.framework.JdkDynamicAopProxy.invoke(Ljava/lang/Object;Ljava/lang/reflect/Method;[Ljava/lang/Object;)Ljava/lang/Object;+385
j  com.sun.proxy.$Proxy94.save(Ljava/lang/Object;)Ljava/lang/Object;+16
j  com.example.api.service.BookService.save(Lcom/example/entity/Book;)Lcom/example/entity/Book;+5
j  com.example.crudtest.CRUDTest.insertOperation()V+19
v  ~StubRoutines::call_stub
J 1217  sun.reflect.NativeMethodAccessorImpl.invoke0(Ljava/lang/reflect/Method;Ljava/lang/Object;[Ljava/lang/Object;)Ljava/lang/Object; (0 bytes) @ 0x00007fa5a5435477 [0x00007fa5a5435400+0x77]
J 1216 C1 sun.reflect.NativeMethodAccessorImpl.invoke(Ljava/lang/Object;[Ljava/lang/Object;)Ljava/lang/Object; (104 bytes) @ 0x00007fa5a543814c [0x00007fa5a5436fc0+0x118c]
J 1223 C1 sun.reflect.DelegatingMethodAccessorImpl.invoke(Ljava/lang/Object;[Ljava/lang/Object;)Ljava/lang/Object; (10 bytes) @ 0x00007fa5a544c104 [0x00007fa5a544c000+0x104]
J 3520 C1 java.lang.reflect.Method.invoke(Ljava/lang/Object;[Ljava/lang/Object;)Ljava/lang/Object; (62 bytes) @ 0x00007fa5a53ba2bc [0x00007fa5a53ba1a0+0x11c]
j  org.testng.internal.MethodInvocationHelper.invokeMethod(Ljava/lang/reflect/Method;Ljava/lang/Object;[Ljava/lang/Object;)Ljava/lang/Object;+242
j  org.testng.internal.MethodInvocationHelper$1.runTestMethod(Lorg/testng/ITestResult;)V+12
j  org.springframework.test.context.testng.AbstractTestNGSpringContextTests.run(Lorg/testng/IHookCallBack;Lorg/testng/ITestResult;)V+2
v  ~StubRoutines::call_stub
J 1217  sun.reflect.NativeMethodAccessorImpl.invoke0(Ljava/lang/reflect/Method;Ljava/lang/Object;[Ljava/lang/Object;)Ljava/lang/Object; (0 bytes) @ 0x00007fa5a5435477 [0x00007fa5a5435400+0x77]
J 1216 C1 sun.reflect.NativeMethodAccessorImpl.invoke(Ljava/lang/Object;[Ljava/lang/Object;)Ljava/lang/Object; (104 bytes) @ 0x00007fa5a543814c [0x00007fa5a5436fc0+0x118c]
J 1223 C1 sun.reflect.DelegatingMethodAccessorImpl.invoke(Ljava/lang/Object;[Ljava/lang/Object;)Ljava/lang/Object; (10 bytes) @ 0x00007fa5a544c104 [0x00007fa5a544c000+0x104]
J 3520 C1 java.lang.reflect.Method.invoke(Ljava/lang/Object;[Ljava/lang/Object;)Ljava/lang/Object; (62 bytes) @ 0x00007fa5a53ba2bc [0x00007fa5a53ba1a0+0x11c]
j  org.testng.internal.MethodInvocationHelper.invokeHookable(Ljava/lang/Object;[Ljava/lang/Object;Ljava/lang/Object;Ljava/lang/reflect/Method;Lorg/testng/internal/TestResult;)V+64
j  org.testng.internal.Invoker.invokeMethod([Ljava/lang/Object;ILorg/testng/ITestNGMethod;[Ljava/lang/Object;ILorg/testng/xml/XmlSuite;Ljava/util/Map;Lorg/testng/ITestClass;[Lorg/testng/ITestNGMethod;[Lorg/testng/ITestNGMethod;Lorg/testng/internal/ConfigurationGroupMethods;)Lorg/testng/ITestResult;+280
j  org.testng.internal.Invoker.invokeTestMethod([Ljava/lang/Object;Lorg/testng/ITestNGMethod;[Ljava/lang/Object;ILorg/testng/xml/XmlSuite;Ljava/util/Map;Lorg/testng/ITestClass;[Lorg/testng/ITestNGMethod;[Lorg/testng/ITestNGMethod;Lorg/testng/internal/ConfigurationGroupMethods;)Ljava/util/List;+46
j  org.testng.internal.Invoker.invokeTestMethods(Lorg/testng/ITestNGMethod;[Lorg/testng/ITestNGMethod;ILorg/testng/xml/XmlSuite;Ljava/util/Map;Lorg/testng/internal/ConfigurationGroupMethods;[Ljava/lang/Object;Lorg/testng/ITestContext;)Ljava/util/List;+705
j  org.testng.internal.TestMethodWorker.invokeTestMethods(Lorg/testng/ITestNGMethod;[Ljava/lang/Object;Lorg/testng/ITestContext;)V+32
j  org.testng.internal.TestMethodWorker.run()V+60
j  org.testng.TestRunner.privateRun(Lorg/testng/xml/XmlTest;)V+349
j  org.testng.TestRunner.run()V+26
j  org.testng.SuiteRunner.runTest(Lorg/testng/TestRunner;)V+1
j  org.testng.SuiteRunner.runSequentially()V+31
j  org.testng.SuiteRunner.privateRun()V+281
j  org.testng.SuiteRunner.run()V+6
j  org.testng.SuiteRunnerWorker.runSuite(Lorg/testng/internal/SuiteRunnerMap;Lorg/testng/xml/XmlSuite;)V+96
j  org.testng.SuiteRunnerWorker.run()V+12
j  org.testng.TestNG.runSuitesSequentially(Lorg/testng/xml/XmlSuite;Lorg/testng/internal/SuiteRunnerMap;ILjava/lang/String;)V+66
j  org.testng.TestNG.runSuitesLocally()Ljava/util/List;+117
j  org.testng.TestNG.run()V+77
j  org.testng.remote.AbstractRemoteTestNG.run()V+163
j  org.testng.remote.RemoteTestNG.initAndRun(Lorg/testng/remote/IRemoteTestNG;[Ljava/lang/String;Lorg/testng/CommandLineArgs;Lorg/testng/remote/RemoteArgs;)V+184
j  org.testng.remote.RemoteTestNG.main([Ljava/lang/String;)V+218
v  ~StubRoutines::call_stub

---------------  P R O C E S S  ---------------

Java Threads: ( => current thread )
  0x00007fa5b5ac6800 JavaThread "http-nio-auto-1-57150-AsyncTimeout" daemon [_thread_blocked, id=5315, stack(0x00007fa599f09000,0x00007fa59a00a000)]
  0x00007fa5b5ac5000 JavaThread "http-nio-auto-1-Acceptor-0" daemon [_thread_in_native, id=5314, stack(0x00007fa59a00a000,0x00007fa59a10b000)]
  0x00007fa5b5ac2800 JavaThread "http-nio-auto-1-ClientPoller-1" daemon [_thread_in_native, id=5313, stack(0x00007fa59a10b000,0x00007fa59a20c000)]
  0x00007fa5b5ab4800 JavaThread "http-nio-auto-1-ClientPoller-0" daemon [_thread_in_native, id=5312, stack(0x00007fa59a20c000,0x00007fa59a30d000)]
  0x00007fa5b5aa4000 JavaThread "NioBlockingSelector.BlockPoller-1" daemon [_thread_in_native, id=5311, stack(0x00007fa59a30d000,0x00007fa59a40e000)]
  0x00007fa5b4b0f800 JavaThread "Tomcat JDBC Pool Cleaner[865113938:1485172028197]" daemon [_thread_blocked, id=5310, stack(0x00007fa59b096000,0x00007fa59b197000)]
  0x00007fa5b4a3a800 JavaThread "container-0" [_thread_blocked, id=5309, stack(0x00007fa59b397000,0x00007fa59b498000)]
  0x00007fa5b4c13000 JavaThread "ContainerBackgroundProcessor[StandardEngine[Tomcat]]" daemon [_thread_blocked, id=5308, stack(0x00007fa59b969000,0x00007fa59ba6a000)]
  0x00007fa55c23e000 JavaThread "localhost-startStop-1" daemon [_thread_blocked, id=5307, stack(0x00007fa59ba6a000,0x00007fa59bb6b000)]
  0x00007fa5b4a56000 JavaThread "Tomcat-startStop-1" daemon [_thread_blocked, id=5306, stack(0x00007fa5a0862000,0x00007fa5a0963000)]
  0x00007fa5b44b4800 JavaThread "ReaderThread" [_thread_in_native, id=5303, stack(0x00007fa5a1170000,0x00007fa5a1271000)]
  0x00007fa5b40c7000 JavaThread "Service Thread" daemon [_thread_blocked, id=5300, stack(0x00007fa5a1836000,0x00007fa5a1937000)]
  0x00007fa5b40c4000 JavaThread "C1 CompilerThread2" daemon [_thread_blocked, id=5299, stack(0x00007fa5a1937000,0x00007fa5a1a38000)]
  0x00007fa5b40c2000 JavaThread "C2 CompilerThread1" daemon [_thread_in_native, id=5298, stack(0x00007fa5a1a38000,0x00007fa5a1b39000)]
  0x00007fa5b40bf000 JavaThread "C2 CompilerThread0" daemon [_thread_in_native, id=5297, stack(0x00007fa5a1b39000,0x00007fa5a1c3a000)]
  0x00007fa5b40be000 JavaThread "Signal Dispatcher" daemon [_thread_blocked, id=5296, stack(0x00007fa5a1c3a000,0x00007fa5a1d3b000)]
  0x00007fa5b408a000 JavaThread "Finalizer" daemon [_thread_blocked, id=5295, stack(0x00007fa5a241e000,0x00007fa5a251f000)]
  0x00007fa5b4085800 JavaThread "Reference Handler" daemon [_thread_blocked, id=5294, stack(0x00007fa5a251f000,0x00007fa5a2620000)]
=>0x00007fa5b4010000 JavaThread "main" [_thread_in_vm, id=5285, stack(0x00007fa5bcaa9000,0x00007fa5bcbaa000)]

Other Threads:
  0x00007fa5b407e000 VMThread [stack: 0x00007fa5a2620000,0x00007fa5a2721000] [id=5293]
  0x00007fa5b40ca000 WatcherThread [stack: 0x00007fa5a1735000,0x00007fa5a1836000] [id=5301]

VM state:not at safepoint (normal execution)

VM Mutex/Monitor currently owned by a thread: None

Heap:
 PSYoungGen      total 204288K, used 49579K [0x00000000ebe00000, 0x00000000f9e80000, 0x0000000100000000)
  eden space 190464K, 18% used [0x00000000ebe00000,0x00000000ee109a60,0x00000000f7800000)
  from space 13824K, 99% used [0x00000000f9100000,0x00000000f9e614e0,0x00000000f9e80000)
  to   space 17408K, 0% used [0x00000000f7c80000,0x00000000f7c80000,0x00000000f8d80000)
 ParOldGen       total 65536K, used 22484K [0x00000000c3a00000, 0x00000000c7a00000, 0x00000000ebe00000)
  object space 65536K, 34% used [0x00000000c3a00000,0x00000000c4ff5188,0x00000000c7a00000)
 Metaspace       used 45057K, capacity 45396K, committed 45696K, reserved 1089536K
  class space    used 5899K, capacity 5997K, committed 6016K, reserved 1048576K

Card table byte_map: [0x00007fa5b967f000,0x00007fa5b9863000] byte_map_base: 0x00007fa5b9062000

Marking Bits: (ParMarkBitMap*) 0x00007fa5bbf85c80
 Begin Bits: [0x00007fa5a31d0000, 0x00007fa5a40e8000)
 End Bits:   [0x00007fa5a40e8000, 0x00007fa5a5000000)

Polling page: 0x00007fa5bcbcf000

CodeCache: size=245760Kb used=12535Kb max_used=12535Kb free=233224Kb
 bounds [0x00007fa5a5000000, 0x00007fa5a5c50000, 0x00007fa5b4000000]
 total_blobs=3928 nmethods=3456 adapters=384
 compilation: enabled

Compilation events (10 events):
Event: 8.481 Thread 0x00007fa5b40c4000 4002       2       sun.reflect.ClassFileAssembler::opc_athrow (12 bytes)
Event: 8.481 Thread 0x00007fa5b40c4000 nmethod 4002 0x00007fa5a5c46590 code [0x00007fa5a5c46700, 0x00007fa5a5c468e8]
Event: 8.482 Thread 0x00007fa5b40c4000 4003       2       java.util.Collections$EmptyList::iterator (4 bytes)
Event: 8.482 Thread 0x00007fa5b40c4000 nmethod 4003 0x00007fa5a5c46a10 code [0x00007fa5a5c46b60, 0x00007fa5a5c46cb0]
Event: 8.483 Thread 0x00007fa5b40c4000 4004       1       org.testng.shaded.com.google.gson.reflect.TypeToken::hashCode (5 bytes)
Event: 8.483 Thread 0x00007fa5b40c4000 nmethod 4004 0x00007fa5a5c46d10 code [0x00007fa5a5c46e60, 0x00007fa5a5c46f70]
Event: 8.484 Thread 0x00007fa5b40c4000 4005       2       java.io.BufferedWriter::ensureOpen (18 bytes)
Event: 8.485 Thread 0x00007fa5b40c4000 nmethod 4005 0x00007fa5a5c46fd0 code [0x00007fa5a5c47140, 0x00007fa5a5c47348]
Event: 8.503 Thread 0x00007fa5b40c4000 4006       2       org.hibernate.service.internal.ConcurrentServiceBinding::hashKey (5 bytes)
Event: 8.503 Thread 0x00007fa5b40c4000 nmethod 4006 0x00007fa5a5c47410 code [0x00007fa5a5c47580, 0x00007fa5a5c476e8]

GC Heap History (10 events):
Event: 4.289 GC heap before
{Heap before GC invocations=8 (full 1):
 PSYoungGen      total 100864K, used 100568K [0x00000000ebe00000, 0x00000000f4980000, 0x0000000100000000)
  eden space 97792K, 100% used [0x00000000ebe00000,0x00000000f1d80000,0x00000000f1d80000)
  from space 3072K, 90% used [0x00000000f4680000,0x00000000f4936360,0x00000000f4980000)
  to   space 12288K, 0% used [0x00000000f3180000,0x00000000f3180000,0x00000000f3d80000)
 ParOldGen       total 45568K, used 12486K [0x00000000c3a00000, 0x00000000c6680000, 0x00000000ebe00000)
  object space 45568K, 27% used [0x00000000c3a00000,0x00000000c4631828,0x00000000c6680000)
 Metaspace       used 25874K, capacity 26170K, committed 26368K, reserved 1073152K
  class space    used 3198K, capacity 3310K, committed 3328K, reserved 1048576K
Event: 4.304 GC heap after
Heap after GC invocations=8 (full 1):
 PSYoungGen      total 130560K, used 8638K [0x00000000ebe00000, 0x00000000f6980000, 0x0000000100000000)
  eden space 118272K, 0% used [0x00000000ebe00000,0x00000000ebe00000,0x00000000f3180000)
  from space 12288K, 70% used [0x00000000f3180000,0x00000000f39ef810,0x00000000f3d80000)
  to   space 12800K, 0% used [0x00000000f5d00000,0x00000000f5d00000,0x00000000f6980000)
 ParOldGen       total 45568K, used 12494K [0x00000000c3a00000, 0x00000000c6680000, 0x00000000ebe00000)
  object space 45568K, 27% used [0x00000000c3a00000,0x00000000c4633828,0x00000000c6680000)
 Metaspace       used 25874K, capacity 26170K, committed 26368K, reserved 1073152K
  class space    used 3198K, capacity 3310K, committed 3328K, reserved 1048576K
}
Event: 5.341 GC heap before
{Heap before GC invocations=9 (full 1):
 PSYoungGen      total 130560K, used 126862K [0x00000000ebe00000, 0x00000000f6980000, 0x0000000100000000)
  eden space 118272K, 99% used [0x00000000ebe00000,0x00000000f3174208,0x00000000f3180000)
  from space 12288K, 70% used [0x00000000f3180000,0x00000000f39ef810,0x00000000f3d80000)
  to   space 12800K, 0% used [0x00000000f5d00000,0x00000000f5d00000,0x00000000f6980000)
 ParOldGen       total 45568K, used 12494K [0x00000000c3a00000, 0x00000000c6680000, 0x00000000ebe00000)
  object space 45568K, 27% used [0x00000000c3a00000,0x00000000c4633828,0x00000000c6680000)
 Metaspace       used 30379K, capacity 30654K, committed 30848K, reserved 1077248K
  class space    used 3767K, capacity 3860K, committed 3968K, reserved 1048576K
Event: 5.364 GC heap after
Heap after GC invocations=9 (full 1):
 PSYoungGen      total 161792K, used 10144K [0x00000000ebe00000, 0x00000000f8c00000, 0x0000000100000000)
  eden space 148992K, 0% used [0x00000000ebe00000,0x00000000ebe00000,0x00000000f4f80000)
  from space 12800K, 79% used [0x00000000f5d00000,0x00000000f66e80b0,0x00000000f6980000)
  to   space 13824K, 0% used [0x00000000f4f80000,0x00000000f4f80000,0x00000000f5d00000)
 ParOldGen       total 45568K, used 12494K [0x00000000c3a00000, 0x00000000c6680000, 0x00000000ebe00000)
  object space 45568K, 27% used [0x00000000c3a00000,0x00000000c4633828,0x00000000c6680000)
 Metaspace       used 30379K, capacity 30654K, committed 30848K, reserved 1077248K
  class space    used 3767K, capacity 3860K, committed 3968K, reserved 1048576K
}
Event: 6.327 GC heap before
{Heap before GC invocations=10 (full 1):
 PSYoungGen      total 161792K, used 104737K [0x00000000ebe00000, 0x00000000f8c00000, 0x0000000100000000)
  eden space 148992K, 63% used [0x00000000ebe00000,0x00000000f1a604d8,0x00000000f4f80000)
  from space 12800K, 79% used [0x00000000f5d00000,0x00000000f66e80b0,0x00000000f6980000)
  to   space 13824K, 0% used [0x00000000f4f80000,0x00000000f4f80000,0x00000000f5d00000)
 ParOldGen       total 45568K, used 12494K [0x00000000c3a00000, 0x00000000c6680000, 0x00000000ebe00000)
  object space 45568K, 27% used [0x00000000c3a00000,0x00000000c4633828,0x00000000c6680000)
 Metaspace       used 35067K, capacity 35358K, committed 35496K, reserved 1081344K
  class space    used 4504K, capacity 4580K, committed 4608K, reserved 1048576K
Event: 6.353 GC heap after
Heap after GC invocations=10 (full 1):
 PSYoungGen      total 162816K, used 12433K [0x00000000ebe00000, 0x00000000fa080000, 0x0000000100000000)
  eden space 148992K, 0% used [0x00000000ebe00000,0x00000000ebe00000,0x00000000f4f80000)
  from space 13824K, 89% used [0x00000000f4f80000,0x00000000f5ba4528,0x00000000f5d00000)
  to   space 15872K, 0% used [0x00000000f9100000,0x00000000f9100000,0x00000000fa080000)
 ParOldGen       total 45568K, used 13708K [0x00000000c3a00000, 0x00000000c6680000, 0x00000000ebe00000)
  object space 45568K, 30% used [0x00000000c3a00000,0x00000000c4763370,0x00000000c6680000)
 Metaspace       used 35067K, capacity 35358K, committed 35496K, reserved 1081344K
  class space    used 4504K, capacity 4580K, committed 4608K, reserved 1048576K
}
Event: 6.353 GC heap before
{Heap before GC invocations=11 (full 2):
 PSYoungGen      total 162816K, used 12433K [0x00000000ebe00000, 0x00000000fa080000, 0x0000000100000000)
  eden space 148992K, 0% used [0x00000000ebe00000,0x00000000ebe00000,0x00000000f4f80000)
  from space 13824K, 89% used [0x00000000f4f80000,0x00000000f5ba4528,0x00000000f5d00000)
  to   space 15872K, 0% used [0x00000000f9100000,0x00000000f9100000,0x00000000fa080000)
 ParOldGen       total 45568K, used 13708K [0x00000000c3a00000, 0x00000000c6680000, 0x00000000ebe00000)
  object space 45568K, 30% used [0x00000000c3a00000,0x00000000c4763370,0x00000000c6680000)
 Metaspace       used 35067K, capacity 35358K, committed 35496K, reserved 1081344K
  class space    used 4504K, capacity 4580K, committed 4608K, reserved 1048576K
Event: 6.445 GC heap after
Heap after GC invocations=11 (full 2):
 PSYoungGen      total 162816K, used 0K [0x00000000ebe00000, 0x00000000fa080000, 0x0000000100000000)
  eden space 148992K, 0% used [0x00000000ebe00000,0x00000000ebe00000,0x00000000f4f80000)
  from space 13824K, 0% used [0x00000000f4f80000,0x00000000f4f80000,0x00000000f5d00000)
  to   space 15872K, 0% used [0x00000000f9100000,0x00000000f9100000,0x00000000fa080000)
 ParOldGen       total 65536K, used 22476K [0x00000000c3a00000, 0x00000000c7a00000, 0x00000000ebe00000)
  object space 65536K, 34% used [0x00000000c3a00000,0x00000000c4ff3188,0x00000000c7a00000)
 Metaspace       used 35067K, capacity 35358K, committed 35496K, reserved 1081344K
  class space    used 4504K, capacity 4580K, committed 4608K, reserved 1048576K
}
Event: 8.150 GC heap before
{Heap before GC invocations=12 (full 2):
 PSYoungGen      total 162816K, used 148992K [0x00000000ebe00000, 0x00000000fa080000, 0x0000000100000000)
  eden space 148992K, 100% used [0x00000000ebe00000,0x00000000f4f80000,0x00000000f4f80000)
  from space 13824K, 0% used [0x00000000f4f80000,0x00000000f4f80000,0x00000000f5d00000)
  to   space 15872K, 0% used [0x00000000f9100000,0x00000000f9100000,0x00000000fa080000)
 ParOldGen       total 65536K, used 22476K [0x00000000c3a00000, 0x00000000c7a00000, 0x00000000ebe00000)
  object space 65536K, 34% used [0x00000000c3a00000,0x00000000c4ff3188,0x00000000c7a00000)
 Metaspace       used 44152K, capacity 44514K, committed 44928K, reserved 1087488K
  class space    used 5785K, capacity 5898K, committed 6016K, reserved 1048576K
Event: 8.170 GC heap after
Heap after GC invocations=12 (full 2):
 PSYoungGen      total 204288K, used 13701K [0x00000000ebe00000, 0x00000000f9e80000, 0x0000000100000000)
  eden space 190464K, 0% used [0x00000000ebe00000,0x00000000ebe00000,0x00000000f7800000)
  from space 13824K, 99% used [0x00000000f9100000,0x00000000f9e614e0,0x00000000f9e80000)
  to   space 17408K, 0% used [0x00000000f7c80000,0x00000000f7c80000,0x00000000f8d80000)
 ParOldGen       total 65536K, used 22484K [0x00000000c3a00000, 0x00000000c7a00000, 0x00000000ebe00000)
  object space 65536K, 34% used [0x00000000c3a00000,0x00000000c4ff5188,0x00000000c7a00000)
 Metaspace       used 44152K, capacity 44514K, committed 44928K, reserved 1087488K
  class space    used 5785K, capacity 5898K, committed 6016K, reserved 1048576K
}

Deoptimization events (10 events):
Event: 7.355 Thread 0x00007fa5b4010000 Uncommon trap: reason=unstable_if action=reinterpret pc=0x00007fa5a523cc80 method=java.util.concurrent.ConcurrentHashMap.putVal(Ljava/lang/Object;Ljava/lang/Object;Z)Ljava/lang/Object; @ 331
Event: 7.356 Thread 0x00007fa5b4010000 Uncommon trap: reason=unstable_if action=reinterpret pc=0x00007fa5a59fa354 method=java.util.concurrent.ConcurrentHashMap.get(Ljava/lang/Object;)Ljava/lang/Object; @ 86
Event: 7.443 Thread 0x00007fa5b4010000 Uncommon trap: reason=null_check action=make_not_entrant pc=0x00007fa5a52757a8 method=org.springframework.util.ClassUtils.isAssignable(Ljava/lang/Class;Ljava/lang/Class;)Z @ 14
Event: 7.470 Thread 0x00007fa5b4010000 Uncommon trap: reason=unstable_if action=reinterpret pc=0x00007fa5a513d878 method=java.lang.reflect.Proxy.isProxyClass(Ljava/lang/Class;)Z @ 16
Event: 7.651 Thread 0x00007fa5b4010000 Uncommon trap: reason=class_check action=maybe_recompile pc=0x00007fa5a577fd6c method=java.util.regex.Pattern$Curly.match(Ljava/util/regex/Matcher;ILjava/lang/CharSequence;)Z @ 19
Event: 8.384 Thread 0x00007fa5b4010000 Uncommon trap: reason=unstable_if action=reinterpret pc=0x00007fa5a5767cb4 method=org.springframework.util.ConcurrentReferenceHashMap$Segment.clear()V @ 4
Event: 8.450 Thread 0x00007fa5b4010000 Uncommon trap: reason=bimorphic action=maybe_recompile pc=0x00007fa5a5aaafb4 method=java.util.Hashtable.get(Ljava/lang/Object;)Ljava/lang/Object; @ 6
Event: 8.450 Thread 0x00007fa5b4010000 Uncommon trap: reason=bimorphic action=maybe_recompile pc=0x00007fa5a5aaafb4 method=java.util.Hashtable.get(Ljava/lang/Object;)Ljava/lang/Object; @ 6
Event: 8.472 Thread 0x00007fa5b4010000 Uncommon trap: reason=unstable_if action=reinterpret pc=0x00007fa5a5364fe8 method=org.testng.internal.annotations.JDK15AnnotationFinder.findAnnotation(Ljava/lang/Class;Ljava/lang/annotation/Annotation;Ljava/lang/Class;Ljava/lang/Class;Ljava/lang/reflect/C
Event: 8.472 Thread 0x00007fa5b4010000 Uncommon trap: reason=unstable_if action=reinterpret pc=0x00007fa5a5357678 method=org.testng.internal.annotations.JDK15AnnotationFinder.findAnnotation(Ljava/lang/Class;Ljava/lang/annotation/Annotation;Ljava/lang/Class;Ljava/lang/Class;Ljava/lang/reflect/C

Internal exceptions (10 events):
Event: 8.283 Thread 0x00007fa5b4010000 Exception <a 'java/lang/ClassNotFoundException': org/springframework/boot/autoconfigure/web/WebClientAutoConfigurationCustomizer> (0x00000000ecb16ed0) thrown at [/HUDSON3/workspace/8-2-build-linux-amd64/jdk8u121/8372/hotspot/src/share/vm/classfile/systemD
Event: 8.283 Thread 0x00007fa5b4010000 Exception <a 'java/lang/ClassNotFoundException': org/springframework/boot/autoconfigure/web/WebClientAutoConfiguration$$EnhancerBySpringCGLIB$$52d5929eCustomizer> (0x00000000ecb3a7c8) thrown at [/HUDSON3/workspace/8-2-build-linux-amd64/jdk8u121/8372/hotsp
Event: 8.284 Thread 0x00007fa5b4010000 Exception <a 'java/lang/ClassNotFoundException': org/springframework/context/annotation/ConfigurationClassEnhancer$EnhancedConfigurationCustomizer> (0x00000000ecb5eb00) thrown at [/HUDSON3/workspace/8-2-build-linux-amd64/jdk8u121/8372/hotspot/src/share/vm
Event: 8.459 Thread 0x00007fa5b4010000 Exception <a 'java/lang/ClassNotFoundException': java/lang/ObjectCustomizer> (0x00000000eda98298) thrown at [/HUDSON3/workspace/8-2-build-linux-amd64/jdk8u121/8372/hotspot/src/share/vm/classfile/systemDictionary.cpp, line 210]
Event: 8.459 Thread 0x00007fa5b4010000 Exception <a 'java/lang/ClassNotFoundException': org/springframework/test/context/testng/AbstractTestNGSpringContextTestsCustomizer> (0x00000000edab5fe0) thrown at [/HUDSON3/workspace/8-2-build-linux-amd64/jdk8u121/8372/hotspot/src/share/vm/classfile/syst
Event: 8.460 Thread 0x00007fa5b4010000 Exception <a 'java/lang/ClassNotFoundException': com/example/crudtest/CRUDTestCustomizer> (0x00000000edac8ba8) thrown at [/HUDSON3/workspace/8-2-build-linux-amd64/jdk8u121/8372/hotspot/src/share/vm/classfile/systemDictionary.cpp, line 210]
Event: 8.461 Thread 0x00007fa5b4010000 Exception <a 'java/lang/ClassNotFoundException': org/testng/IHookableCustomizer> (0x00000000edad95d0) thrown at [/HUDSON3/workspace/8-2-build-linux-amd64/jdk8u121/8372/hotspot/src/share/vm/classfile/systemDictionary.cpp, line 210]
Event: 8.461 Thread 0x00007fa5b4010000 Exception <a 'java/lang/ClassNotFoundException': org/springframework/context/ApplicationContextAwareCustomizer> (0x00000000edaef770) thrown at [/HUDSON3/workspace/8-2-build-linux-amd64/jdk8u121/8372/hotspot/src/share/vm/classfile/systemDictionary.cpp, lin
Event: 8.506 Thread 0x00007fa5b4010000 Exception <a 'java/lang/ClassNotFoundException': java/lang/ObjectCustomizer> (0x00000000edf1e528) thrown at [/HUDSON3/workspace/8-2-build-linux-amd64/jdk8u121/8372/hotspot/src/share/vm/classfile/systemDictionary.cpp, line 210]
Event: 8.507 Thread 0x00007fa5b4010000 Exception <a 'java/lang/ClassNotFoundException': com/example/entity/BookCustomizer> (0x00000000edf30eb8) thrown at [/HUDSON3/workspace/8-2-build-linux-amd64/jdk8u121/8372/hotspot/src/share/vm/classfile/systemDictionary.cpp, line 210]

Events (10 events):
Event: 8.515 loading class org/hibernate/engine/jdbc/internal/FormatStyle
Event: 8.515 loading class org/hibernate/engine/jdbc/internal/FormatStyle done
Event: 8.516 loading class org/hibernate/engine/jdbc/internal/Formatter
Event: 8.516 loading class org/hibernate/engine/jdbc/internal/Formatter done
Event: 8.516 loading class org/hibernate/engine/jdbc/internal/BasicFormatterImpl
Event: 8.516 loading class org/hibernate/engine/jdbc/internal/BasicFormatterImpl done
Event: 8.516 loading class org/hibernate/engine/jdbc/internal/DDLFormatterImpl
Event: 8.516 loading class org/hibernate/engine/jdbc/internal/DDLFormatterImpl done
Event: 8.517 loading class org/hibernate/engine/jdbc/internal/FormatStyle$NoFormatImpl
Event: 8.517 loading class org/hibernate/engine/jdbc/internal/FormatStyle$NoFormatImpl done


Dynamic libraries:
00400000-00401000 r-xp 00000000 08:03 3554757                            /usr/lib/jvm/java-8-oracle/bin/java
00600000-00601000 rw-p 00000000 08:03 3554757                            /usr/lib/jvm/java-8-oracle/bin/java
02554000-02575000 rw-p 00000000 00:00 0                                  [heap]
c3a00000-c7a00000 rw-p 00000000 00:00 0 
c7a00000-ebe00000 ---p 00000000 00:00 0 
ebe00000-f9e80000 rw-p 00000000 00:00 0 
f9e80000-100000000 ---p 00000000 00:00 0 
100000000-1005e0000 rw-p 00000000 00:00 0 
1005e0000-140000000 ---p 00000000 00:00 0 
7fa53c000000-7fa53c021000 rw-p 00000000 00:00 0 
7fa53c021000-7fa540000000 ---p 00000000 00:00 0 
7fa540000000-7fa540021000 rw-p 00000000 00:00 0 
7fa540021000-7fa544000000 ---p 00000000 00:00 0 
7fa544000000-7fa544021000 rw-p 00000000 00:00 0 
7fa544021000-7fa548000000 ---p 00000000 00:00 0 
7fa548000000-7fa548021000 rw-p 00000000 00:00 0 
7fa548021000-7fa54c000000 ---p 00000000 00:00 0 
7fa54c000000-7fa54c021000 rw-p 00000000 00:00 0 
7fa54c021000-7fa550000000 ---p 00000000 00:00 0 
7fa550000000-7fa550021000 rw-p 00000000 00:00 0 
7fa550021000-7fa554000000 ---p 00000000 00:00 0 
7fa554000000-7fa554021000 rw-p 00000000 00:00 0 
7fa554021000-7fa558000000 ---p 00000000 00:00 0 
7fa558000000-7fa558021000 rw-p 00000000 00:00 0 
7fa558021000-7fa55c000000 ---p 00000000 00:00 0 
7fa55c000000-7fa55c24a000 rw-p 00000000 00:00 0 
7fa55c24a000-7fa560000000 ---p 00000000 00:00 0 
7fa560000000-7fa56006d000 rw-p 00000000 00:00 0 
7fa56006d000-7fa564000000 ---p 00000000 00:00 0 
7fa564000000-7fa564021000 rw-p 00000000 00:00 0 
7fa564021000-7fa568000000 ---p 00000000 00:00 0 
7fa568000000-7fa568021000 rw-p 00000000 00:00 0 
7fa568021000-7fa56c000000 ---p 00000000 00:00 0 
7fa56c000000-7fa56d088000 rw-p 00000000 00:00 0 
7fa56d088000-7fa570000000 ---p 00000000 00:00 0 
7fa570000000-7fa570021000 rw-p 00000000 00:00 0 
7fa570021000-7fa574000000 ---p 00000000 00:00 0 
7fa574000000-7fa575919000 rw-p 00000000 00:00 0 
7fa575919000-7fa578000000 ---p 00000000 00:00 0 
7fa578000000-7fa579a70000 rw-p 00000000 00:00 0 
7fa579a70000-7fa57c000000 ---p 00000000 00:00 0 
7fa57c000000-7fa57c021000 rw-p 00000000 00:00 0 
7fa57c021000-7fa580000000 ---p 00000000 00:00 0 
7fa580000000-7fa580021000 rw-p 00000000 00:00 0 
7fa580021000-7fa584000000 ---p 00000000 00:00 0 
7fa584000000-7fa584073000 rw-p 00000000 00:00 0 
7fa584073000-7fa588000000 ---p 00000000 00:00 0 
7fa588000000-7fa588021000 rw-p 00000000 00:00 0 
7fa588021000-7fa58c000000 ---p 00000000 00:00 0 
7fa58c000000-7fa58c021000 rw-p 00000000 00:00 0 
7fa58c021000-7fa590000000 ---p 00000000 00:00 0 
7fa590000000-7fa590021000 rw-p 00000000 00:00 0 
7fa590021000-7fa594000000 ---p 00000000 00:00 0 
7fa594000000-7fa594021000 rw-p 00000000 00:00 0 
7fa594021000-7fa598000000 ---p 00000000 00:00 0 
7fa599f09000-7fa599f0c000 ---p 00000000 00:00 0 
7fa599f0c000-7fa59a00a000 rw-p 00000000 00:00 0                          [stack:5315]
7fa59a00a000-7fa59a00d000 ---p 00000000 00:00 0 
7fa59a00d000-7fa59a10b000 rw-p 00000000 00:00 0                          [stack:5314]
7fa59a10b000-7fa59a10e000 ---p 00000000 00:00 0 
7fa59a10e000-7fa59a20c000 rw-p 00000000 00:00 0                          [stack:5313]
7fa59a20c000-7fa59a20f000 ---p 00000000 00:00 0 
7fa59a20f000-7fa59a30d000 rw-p 00000000 00:00 0                          [stack:5312]
7fa59a30d000-7fa59a310000 ---p 00000000 00:00 0 
7fa59a310000-7fa59a4ce000 rw-p 00000000 00:00 0                          [stack:5311]
7fa59a4ce000-7fa59a60e000 ---p 00000000 00:00 0 
7fa59a60e000-7fa59a80e000 rw-p 00000000 00:00 0 
7fa59a80e000-7fa59aa0e000 rw-p 00000000 00:00 0 
7fa59aa0e000-7fa59ac0e000 rw-p 00000000 00:00 0 
7fa59ac0e000-7fa59ac92000 r-xp 00000000 08:03 5917606                    /tmp/sqlite-3.7.2-libsqlitejdbc.so
7fa59ac92000-7fa59ae92000 ---p 00084000 08:03 5917606                    /tmp/sqlite-3.7.2-libsqlitejdbc.so
7fa59ae92000-7fa59ae93000 r--p 00084000 08:03 5917606                    /tmp/sqlite-3.7.2-libsqlitejdbc.so
7fa59ae93000-7fa59ae96000 rw-p 00085000 08:03 5917606                    /tmp/sqlite-3.7.2-libsqlitejdbc.so
7fa59ae96000-7fa59b096000 rw-p 00000000 00:00 0 
7fa59b096000-7fa59b099000 ---p 00000000 00:00 0 
7fa59b099000-7fa59b397000 rw-p 00000000 00:00 0                          [stack:5310]
7fa59b397000-7fa59b39a000 ---p 00000000 00:00 0 
7fa59b39a000-7fa59b698000 rw-p 00000000 00:00 0                          [stack:5309]
7fa59b698000-7fa59b898000 rw-p 00000000 00:00 0 
7fa59b969000-7fa59b96c000 ---p 00000000 00:00 0 
7fa59b96c000-7fa59ba6a000 rw-p 00000000 00:00 0                          [stack:5308]
7fa59ba6a000-7fa59ba6d000 ---p 00000000 00:00 0 
7fa59ba6d000-7fa59bd6b000 rw-p 00000000 00:00 0                          [stack:5307]
7fa59bd6b000-7fa59bf6b000 rw-p 00000000 00:00 0 
7fa59bf6b000-7fa59c000000 r--s 01109000 08:03 3569596                    /usr/lib/jvm/java-8-oracle/jre/lib/ext/jfxrt.jar
7fa59c000000-7fa59c021000 rw-p 00000000 00:00 0 
7fa59c021000-7fa5a0000000 ---p 00000000 00:00 0 
7fa5a0038000-7fa5a0039000 rw-p 00000000 00:00 0 
7fa5a0039000-7fa5a004c000 r--s 00345000 08:03 3569668                    /usr/lib/jvm/java-8-oracle/jre/lib/resources.jar
7fa5a004c000-7fa5a024c000 rw-p 00000000 00:00 0 
7fa5a024c000-7fa5a025d000 r-xp 00000000 08:03 4870868                    /usr/lib/jvm/java-8-oracle/jre/lib/amd64/libnio.so
7fa5a025d000-7fa5a045c000 ---p 00011000 08:03 4870868                    /usr/lib/jvm/java-8-oracle/jre/lib/amd64/libnio.so
7fa5a045c000-7fa5a045d000 rw-p 00010000 08:03 4870868                    /usr/lib/jvm/java-8-oracle/jre/lib/amd64/libnio.so
7fa5a045d000-7fa5a065d000 rw-p 00000000 00:00 0 
7fa5a065d000-7fa5a0662000 r--s 002f9000 08:03 3569547                    /usr/lib/jvm/java-8-oracle/jre/lib/charsets.jar
7fa5a0662000-7fa5a0862000 rw-p 00000000 00:00 0 
7fa5a0862000-7fa5a0865000 ---p 00000000 00:00 0 
7fa5a0865000-7fa5a0963000 rw-p 00000000 00:00 0                          [stack:5306]
7fa5a0963000-7fa5a096c000 r-xp 00000000 08:03 4870832                    /usr/lib/jvm/java-8-oracle/jre/lib/amd64/libmanagement.so
7fa5a096c000-7fa5a0b6b000 ---p 00009000 08:03 4870832                    /usr/lib/jvm/java-8-oracle/jre/lib/amd64/libmanagement.so
7fa5a0b6b000-7fa5a0b6c000 rw-p 00008000 08:03 4870832                    /usr/lib/jvm/java-8-oracle/jre/lib/amd64/libmanagement.so
7fa5a0b6c000-7fa5a0d6c000 rw-p 00000000 00:00 0 
7fa5a0d6c000-7fa5a0f6c000 rw-p 00000000 00:00 0 
7fa5a0f6c000-7fa5a116c000 rw-p 00000000 00:00 0 
7fa5a116c000-7fa5a1170000 r--s 0009a000 08:03 3569602                    /usr/lib/jvm/java-8-oracle/jre/lib/jsse.jar
7fa5a1170000-7fa5a1173000 ---p 00000000 00:00 0 
7fa5a1173000-7fa5a1271000 rw-p 00000000 00:00 0                          [stack:5303]
7fa5a1271000-7fa5a1287000 r-xp 00000000 08:03 4870893                    /usr/lib/jvm/java-8-oracle/jre/lib/amd64/libnet.so
7fa5a1287000-7fa5a1487000 ---p 00016000 08:03 4870893                    /usr/lib/jvm/java-8-oracle/jre/lib/amd64/libnet.so
7fa5a1487000-7fa5a1488000 rw-p 00016000 08:03 4870893                    /usr/lib/jvm/java-8-oracle/jre/lib/amd64/libnet.so
7fa5a1488000-7fa5a1489000 r--s 0000c000 08:03 5916924                    /home/sharmila/.gradle/caches/modules-2/files-2.1/org.ow2.asm/asm/5.0.3/dcc2193db20e19e1feca8b1240dbbc4e190824fa/asm-5.0.3.jar
7fa5a1489000-7fa5a1493000 r--s 00069000 08:03 5923589                    /home/sharmila/.gradle/caches/modules-2/files-2.1/ch.qos.logback/logback-core/1.1.8/b4d1c3dea91727faf8b3d19cf4b9b972d6c0b89/logback-core-1.1.8.jar
7fa5a1493000-7fa5a1495000 r--s 00012000 08:03 5916922                    /home/sharmila/.gradle/caches/modules-2/files-2.1/net.minidev/accessors-smart/1.1/a527213f2fea112a04c9bdf0ec0264e34104cd08/accessors-smart-1.1.jar
7fa5a1495000-7fa5a1497000 r--s 00009000 08:03 5923902                    /home/sharmila/.gradle/caches/modules-2/files-2.1/org.apache.tomcat/tomcat-juli/8.5.6/83d2d1e3362ecca504f3bf8ed1bc4cc451754d24/tomcat-juli-8.5.6.jar
7fa5a1497000-7fa5a14a0000 r--s 0002d000 08:03 5923903                    /home/sharmila/.gradle/caches/modules-2/files-2.1/xml-apis/xml-apis/1.4.01/3789d9fada2d3d458c4ba2de349d48780f381ee3/xml-apis-1.4.01.jar
7fa5a14a0000-7fa5a14a2000 r--s 00004000 08:03 5923588                    /home/sharmila/.gradle/caches/modules-2/files-2.1/org.slf4j/log4j-over-slf4j/1.7.22/a527c37e9ca6c3d19ba298edd4aa344ca751a203/log4j-over-slf4j-1.7.22.jar
7fa5a14a2000-7fa5a14a4000 r--s 00000000 08:03 5923587                    /home/sharmila/.gradle/caches/modules-2/files-2.1/org.slf4j/jul-to-slf4j/1.7.22/b0429e950b3d2bc2c39c1bacafac753edbe3781c/jul-to-slf4j-1.7.22.jar
7fa5a14a4000-7fa5a14aa000 r--s 00045000 08:03 5923585                    /home/sharmila/.gradle/caches/modules-2/files-2.1/ch.qos.logback/logback-classic/1.1.8/e54f49a227611976642f81cf2106b81c1ece8bf5/logback-classic-1.1.8.jar
7fa5a14aa000-7fa5a14ab000 r--s 0000f000 08:03 5916909                    /home/sharmila/.gradle/caches/modules-2/files-2.1/org.json/json/20140107/d1ffca6e2482b002702c6a576166fd685e3370e3/json-20140107.jar
7fa5a14ab000-7fa5a14ad000 r--s 00009000 08:03 5916921                    /home/sharmila/.gradle/caches/modules-2/files-2.1/org.objenesis/objenesis/2.1/87c0ea803b69252868d09308b4618f766f135a96/objenesis-2.1.jar
7fa5a14ad000-7fa5a14b0000 r--s 0001b000 08:03 5916920                    /home/sharmila/.gradle/caches/modules-2/files-2.1/net.minidev/json-smart/2.2.1/5b9e5df7a62d1279b70dc882b041d249c4f0b002/json-smart-2.2.1.jar
7fa5a14b0000-7fa5a14b2000 r--s 00003000 08:03 5923586                    /home/sharmila/.gradle/caches/modules-2/files-2.1/org.slf4j/jcl-over-slf4j/1.7.22/86ceac14535af5a42c8fb0d06d79b925dd3cb263/jcl-over-slf4j-1.7.22.jar
7fa5a14b2000-7fa5a14b4000 r--s 00009000 08:03 5923584                    /home/sharmila/.gradle/caches/modules-2/files-2.1/org.slf4j/slf4j-api/1.7.22/a1c83373863cec7ae8d89dc1c5722d8cb6ec0309/slf4j-api-1.7.22.jar
7fa5a14b4000-7fa5a14bc000 r--s 0003a000 08:03 5923901                    /home/sharmila/.gradle/caches/modules-2/files-2.1/org.springframework/spring-tx/4.3.5.RELEASE/296d8ae21fadc0f115dae7d1e8d5c4f8c7de2c3e/spring-tx-4.3.5.RELEASE.jar
7fa5a14bc000-7fa5a14c6000 r--s 0006b000 08:03 5923900                    /home/sharmila/.gradle/caches/modules-2/files-2.1/org.springframework/spring-orm/4.3.5.RELEASE/64c29d310b69bcc6e1fd5a738fa3629bdedb2d3f/spring-orm-4.3.5.RELEASE.jar
7fa5a14c6000-7fa5a14d6000 r--s 0009a000 08:03 5923899                    /home/sharmila/.gradle/caches/modules-2/files-2.1/org.springframework.data/spring-data-commons/1.12.6.RELEASE/b6403dcfce33e89613f364d80d653d7540279c47/spring-data-commons-1.12.6.RELEASE.jar
7fa5a14d6000-7fa5a14e0000 r--s 0005f000 08:03 5923898                    /home/sharmila/.gradle/caches/modules-2/files-2.1/org.springframework/spring-jdbc/4.3.5.RELEASE/7c09e38b6f6e0b178973dea06bb8fdc6d19aa596/spring-jdbc-4.3.5.RELEASE.jar
7fa5a14e0000-7fa5a14e3000 r--s 00020000 08:03 5923897                    /home/sharmila/.gradle/caches/modules-2/files-2.1/org.apache.tomcat/tomcat-jdbc/8.5.6/feb10a9e22f70565c7556f327b0481dba8587bbc/tomcat-jdbc-8.5.6.jar
7fa5a14e3000-7fa5a14fc000 r--s 001af000 08:03 5923896                    /home/sharmila/.gradle/caches/modules-2/files-2.1/org.aspectj/aspectjweaver/1.8.9/db28774f477f07220eac18d5ec9c4e01f48589d7/aspectjweaver-1.8.9.jar
7fa5a14fc000-7fa5a14ff000 r--s 00010000 08:03 5923833                    /home/sharmila/.gradle/caches/modules-2/files-2.1/org.hibernate.common/hibernate-commons-annotations/5.0.1.Final/71e1cff3fcb20d3b3af4f3363c3ddb24d33c6879/hibernate-commons-annotations-5.0.1.Final.jar
7fa5a14ff000-7fa5a1504000 r--s 00048000 08:03 5923832                    /home/sharmila/.gradle/caches/modules-2/files-2.1/dom4j/dom4j/1.6.1/5d3ccc056b6f056dbf0dddfdf43894b9065a8f94/dom4j-1.6.1.jar
7fa5a1504000-7fa5a1507000 r--s 0002b000 08:03 5923433                    /home/sharmila/.gradle/caches/modules-2/files-2.1/org.jboss/jandex/2.0.0.Final/3e899258936f94649c777193e1be846387ed54b3/jandex-2.0.0.Final.jar
7fa5a1507000-7fa5a1508000 r--s 00003000 08:03 5923830                    /home/sharmila/.gradle/caches/modules-2/files-2.1/org.apache.geronimo.specs/geronimo-jta_1.1_spec/1.1.1/aabab3165b8ea936b9360abbf448459c0d04a5a4/geronimo-jta_1.1_spec-1.1.1.jar
7fa5a1508000-7fa5a150d000 r--s 00068000 08:03 5923829                    /home/sharmila/.gradle/caches/modules-2/files-2.1/antlr/antlr/2.7.7/83cd2cd674a217ade95a4bb83a8a14f351f48bd0/antlr-2.7.7.jar
7fa5a150d000-7fa5a1512000 r--s 0003c000 08:03 5923583                    /home/sharmila/.gradle/caches/modules-2/files-2.1/org.springframework/spring-expression/4.3.5.RELEASE/3689dc6c5b942ecde4122eac889ed87977d6f287/spring-expression-4.3.5.RELEASE.jar
7fa5a1512000-7fa5a152c000 r--s 000fc000 08:03 5923582                    /home/sharmila/.gradle/caches/modules-2/files-2.1/org.springframework/spring-context/4.3.5.RELEASE/ca3391c0e17d0138335ba51b51371661d20d56a8/spring-context-4.3.5.RELEASE.jar
7fa5a152c000-7fa5a1539000 r--s 000ad000 08:03 5923581                    /home/sharmila/.gradle/caches/modules-2/files-2.1/org.springframework/spring-beans/4.3.5.RELEASE/e12bbc3277da28e2e2608a187f83091dc6c300bf/spring-beans-4.3.5.RELEASE.jar
7fa5a1539000-7fa5a1542000 r--s 00054000 08:03 5923580                    /home/sharmila/.gradle/caches/modules-2/files-2.1/org.springframework/spring-aop/4.3.5.RELEASE/4f113218af716bd8d174c411f19b26418b5a70f6/spring-aop-4.3.5.RELEASE.jar
7fa5a1542000-7fa5a1546000 r--s 00041000 08:03 5923579                    /home/sharmila/.gradle/caches/modules-2/files-2.1/com.fasterxml.jackson.core/jackson-core/2.8.5/60d059f5d2930ccd1ef03535b713fd9f933d1ba7/jackson-core-2.8.5.jar
7fa5a1546000-7fa5a1549000 r--s 0000b000 08:03 5923578                    /home/sharmila/.gradle/caches/modules-2/files-2.1/com.fasterxml.jackson.core/jackson-annotations/2.8.5/9d82ff47bc2c2d3b5b6a6618fe636782bbcd5b07/jackson-annotations-2.8.5.jar
7fa5a1549000-7fa5a154b000 r--s 0000e000 08:03 5917543                    /home/sharmila/.gradle/caches/modules-2/files-2.1/com.fasterxml/classmate/1.3.3/864c8e370a691e343210cc7c532fc198cee460d8/classmate-1.3.3.jar
7fa5a154b000-7fa5a154f000 r--s 0000c000 08:03 5916766                    /home/sharmila/.gradle/caches/modules-2/files-2.1/javax.validation/validation-api/1.1.0.Final/8613ae82954779d518631e05daa73a6a954817d5/validation-api-1.1.0.Final.jar
7fa5a154f000-7fa5a1554000 r--s 00036000 08:03 5917542                    /home/sharmila/.gradle/caches/modules-2/files-2.1/org.apache.tomcat.embed/tomcat-embed-websocket/8.5.6/6f6940a216b380ea8506530c374fcfeef820ba54/tomcat-embed-websocket-8.5.6.jar
7fa5a1554000-7fa5a1555000 r--s 00000000 08:03 5923577                    /home/sharmila/.gradle/caches/modules-2/files-2.1/org.springframework.boot/spring-boot-starter-logging/1.4.3.RELEASE/1c58783c0694abf695babfd39829922d2d501ec2/spring-boot-starter-logging-1.4.3.RELEASE.jar
7fa5a1555000-7fa5a1573000 r--s 000d0000 08:03 5923576                    /home/sharmila/.gradle/caches/modules-2/files-2.1/org.springframework.boot/spring-boot-autoconfigure/1.4.3.RELEASE/41df1bfbdd4ae4e8499ebe1a4bc613bda316d6e1/spring-boot-autoconfigure-1.4.3.RELEASE.jar
7fa5a1573000-7fa5a1583000 r--s 00092000 08:03 5923575                    /home/sharmila/.gradle/caches/modules-2/files-2.1/org.springframework.boot/spring-boot/1.4.3.RELEASE/17f94def4460075afdfba6bf8f897cd1fc95bf77/spring-boot-1.4.3.RELEASE.jar
7fa5a1583000-7fa5a1592000 r--s 00084000 08:03 5923574                    /home/sharmila/.gradle/caches/modules-2/files-2.1/org.springframework/spring-test/4.3.5.RELEASE/a1965127e07b469d8e5bb3d2b0ff850423b66be4/spring-test-4.3.5.RELEASE.jar
7fa5a1592000-7fa5a15a8000 r--s 000fa000 08:03 5923530                    /home/sharmila/.gradle/caches/modules-2/files-2.1/org.springframework/spring-core/4.3.5.RELEASE/80299e3f80e8c6d5c076db2ba6adf44a4b52f578/spring-core-4.3.5.RELEASE.jar
7fa5a15a8000-7fa5a15a9000 r--s 00006000 08:03 5916915                    /home/sharmila/.gradle/caches/modules-2/files-2.1/org.skyscreamer/jsonassert/1.3.0/d5c250eb122496866de36dc84f98e2945845ecdd/jsonassert-1.3.0.jar
7fa5a15a9000-7fa5a15ab000 r--s 00009000 08:03 5913472                    /home/sharmila/.gradle/caches/modules-2/files-2.1/org.hamcrest/hamcrest-core/1.3/42a25dc3219429f0e5d060061f71acb49bf010a0/hamcrest-core-1.3.jar
7fa5a15ab000-7fa5a15c7000 r--s 00103000 08:03 5916914                    /home/sharmila/.gradle/caches/modules-2/files-2.1/org.mockito/mockito-core/1.10.19/e8546f5bef4e061d8dd73895b4e8f40e3fe6effe/mockito-core-1.10.19.jar
7fa5a15c7000-7fa5a15da000 r--s 000d2000 08:03 5916913                    /home/sharmila/.gradle/caches/modules-2/files-2.1/org.assertj/assertj-core/2.5.0/fcd21db4c5f33e5dcac69bf1816415fe0647582f/assertj-core-2.5.0.jar
7fa5a15da000-7fa5a15df000 r--s 0002e000 08:03 5916911                    /home/sharmila/.gradle/caches/modules-2/files-2.1/com.jayway.jsonpath/json-path/2.2.0/22290d17944bd239fabf5ac69005a60a7ecbbbcb/json-path-2.2.0.jar
7fa5a15df000-7fa5a15e4000 r--s 00017000 08:03 5923573                    /home/sharmila/.gradle/caches/modules-2/files-2.1/org.springframework.boot/spring-boot-test-autoconfigure/1.4.3.RELEASE/1a7587605e981a58104a501ab1896e2eb7a76686/spring-boot-test-autoconfigure-1.4.3.RELEASE.jar
7fa5a15e4000-7fa5a15e9000 r--s 00021000 08:03 5923572                    /home/sharmila/.gradle/caches/modules-2/files-2.1/org.springframework.boot/spring-boot-test/1.4.3.RELEASE/2d76638f0f13b33859bf3b927c232ff0f8a4ffbf/spring-boot-test-1.4.3.RELEASE.jar
7fa5a15e9000-7fa5a15ef000 r--s 0003d000 08:03 5916762                    /home/sharmila/.gradle/caches/modules-2/files-2.1/org.yaml/snakeyaml/1.17/7a27ea250c5130b2922b86dea63cbb1cc10a660c/snakeyaml-1.17.jar
7fa5a15ef000-7fa5a15f1000 r--s 00006000 08:03 5923638                    /home/sharmila/.gradle/caches/modules-2/files-2.1/com.beust/jcommander/1.12/7409692b48022f9eca7445861defbcdb9ee3c2a8/jcommander-1.12.jar
7fa5a15f1000-7fa5a15f6000 r--s 00040000 08:03 5923637                    /home/sharmila/.gradle/caches/modules-2/files-2.1/org.beanshell/bsh/2.0b4/a05f0a0feefa8d8467ac80e16e7de071489f0d9c/bsh-2.0b4.jar
7fa5a15f6000-7fa5a15fe000 r--s 00045000 08:03 5913471                    /home/sharmila/.gradle/caches/modules-2/files-2.1/junit/junit/4.12/2973d150c0dc1fefe998f834810d68f278ea58ec/junit-4.12.jar
7fa5a15fe000-7fa5a1601000 r--s 0000c000 08:03 5923895                    /home/sharmila/.gradle/caches/modules-2/files-2.1/org.springframework/spring-aspects/4.3.5.RELEASE/8c00c15865a1da0a1ba143a50622a8436a56e097/spring-aspects-4.3.5.RELEASE.jar
7fa5a1601000-7fa5a1607000 r--s 0003f000 08:03 5923894                    /home/sharmila/.gradle/caches/modules-2/files-2.1/org.springframework.data/spring-data-jpa/1.10.6.RELEASE/5d478860b24a493845248c1c336c33a657567bd3/spring-data-jpa-1.10.6.RELEASE.jar
7fa5a1607000-7fa5a1609000 r--s 00006000 08:03 5923893                    /home/sharmila/.gradle/caches/modules-2/files-2.1/javax.transaction/javax.transaction-api/1.2/d81aff979d603edd90dcd8db2abc1f4ce6479e3e/javax.transaction-api-1.2.jar
7fa5a1609000-7fa5a1616000 r--s 00089000 08:03 5923892                    /home/sharmila/.gradle/caches/modules-2/files-2.1/org.hibernate/hibernate-entitymanager/5.0.11.Final/549565caed4e0bcb816843693e66ff7b04ce025f/hibernate-entitymanager-5.0.11.Final.jar
7fa5a1616000-7fa5a1620000 r--s 000ae000 08:03 5916958                    /home/sharmila/.gradle/caches/modules-2/files-2.1/org.javassist/javassist/3.20.0-GA/a9cbcdfb7e9f86fbc74d3afae65f2248bfbf82a0/javassist-3.20.0-GA.jar
7fa5a1620000-7fa5a1625000 r--s 00017000 08:03 5923828                    /home/sharmila/.gradle/caches/modules-2/files-2.1/org.hibernate.javax.persistence/hibernate-jpa-2.1-api/1.0.0.Final/5e731d961297e5a07290bfaf3db1fbc8bbbf405a/hibernate-jpa-2.1-api-1.0.0.Final.jar
7fa5a1625000-7fa5a168e000 r--s 004f3000 08:03 5923432                    /home/sharmila/.gradle/caches/modules-2/files-2.1/org.hibernate/hibernate-core/5.0.11.Final/c2487fb72a2217a7cec9ab478d4c21a36fc09977/hibernate-core-5.0.11.Final.jar
7fa5a168e000-7fa5a16a1000 r--s 00236000 08:03 5916949                    /home/sharmila/.gradle/caches/modules-2/files-2.1/org.eclipse.jdt.core.compiler/ecj/4.5.1/bee1367ac12fb6a20b422ff8711ebeb4f0a42316/ecj-4.5.1.jar
7fa5a16a1000-7fa5a16a6000 r--s 00036000 08:03 5917541                    /home/sharmila/.gradle/caches/modules-2/files-2.1/org.apache.tomcat.embed/tomcat-embed-el/8.5.6/a102298d8dc72f4065533d5962953d753b172602/tomcat-embed-el-8.5.6.jar
7fa5a16a6000-7fa5a16cf000 r--s 002b2000 08:03 5917540                    /home/sharmila/.gradle/caches/modules-2/files-2.1/org.apache.tomcat.embed/tomcat-embed-core/8.5.6/960834b5abc6b2135250487abf6c060a0fa5a22e/tomcat-embed-core-8.5.6.jar
7fa5a16cf000-7fa5a16e0000 r--s 000cf000 08:03 5923571                    /home/sharmila/.gradle/caches/modules-2/files-2.1/org.springframework/spring-webmvc/4.3.5.RELEASE/c624659217edab07d8279fb0f90462136f089220/spring-webmvc-4.3.5.RELEASE.jar
7fa5a16e0000-7fa5a16f2000 r--s 000b6000 08:03 5923570                    /home/sharmila/.gradle/caches/modules-2/files-2.1/org.springframework/spring-web/4.3.5.RELEASE/6641daccf2fddafc8358144f3a4f999130fdf144/spring-web-4.3.5.RELEASE.jar
7fa5a16f2000-7fa5a1703000 r--s 0011d000 08:03 5923569                    /home/sharmila/.gradle/caches/modules-2/files-2.1/com.fasterxml.jackson.core/jackson-databind/2.8.5/b3035f37e674c04dafe36a660c3815cc59f764e2/jackson-databind-2.8.5.jar
7fa5a1703000-7fa5a1713000 r--s 0009c000 08:03 5916756                    /home/sharmila/.gradle/caches/modules-2/files-2.1/org.hibernate/hibernate-validator/5.2.4.Final/fb18766b576aa6632bcfe9a20a023cbd52bf9769/hibernate-validator-5.2.4.Final.jar
7fa5a1713000-7fa5a171f000 r--s 000a4000 08:03 5923636                    /home/sharmila/.gradle/caches/modules-2/files-2.1/org.testng/testng/6.5.2/5069d2e72356ed87645c5fc3622b0bbb5e0667c9/testng-6.5.2.jar
7fa5a171f000-7fa5a1724000 r--s 00309000 08:03 5923826                    /home/sharmila/.gradle/caches/modules-2/files-2.1/org.xerial/sqlite-jdbc/3.7.2/7a3d67f00508d3881650579f7f228c61bfc1b196/sqlite-jdbc-3.7.2.jar
7fa5a1724000-7fa5a172d000 r--s 00095000 08:03 5913393                    /home/sharmila/.gradle/caches/modules-2/files-2.1/org.apache.tomcat.embed/tomcat-embed-jasper/9.0.0.M11/e2cd5a7038094195c3163532e01daf051d9265fe/tomcat-embed-jasper-9.0.0.M11.jar
7fa5a172d000-7fa5a1735000 r--s 00046000 08:03 2759763                    /home/sharmila/Downloads/sts 3.6.4/sts-bundle/sts-3.6.4.RELEASE/plugins/org.testng.eclipse_6.10.0.201612030230/lib/testng-remote.jar
7fa5a1735000-7fa5a1736000 ---p 00000000 00:00 0 
7fa5a1736000-7fa5a1836000 rw-p 00000000 00:00 0                          [stack:5301]
7fa5a1836000-7fa5a1839000 ---p 00000000 00:00 0 
7fa5a1839000-7fa5a1937000 rw-p 00000000 00:00 0                          [stack:5300]
7fa5a1937000-7fa5a193a000 ---p 00000000 00:00 0 
7fa5a193a000-7fa5a1a38000 rw-p 00000000 00:00 0                          [stack:5299]
7fa5a1a38000-7fa5a1a3b000 ---p 00000000 00:00 0 
7fa5a1a3b000-7fa5a1b39000 rw-p 00000000 00:00 0                          [stack:5298]
7fa5a1b39000-7fa5a1b3c000 ---p 00000000 00:00 0 
7fa5a1b3c000-7fa5a1c3a000 rw-p 00000000 00:00 0                          [stack:5297]
7fa5a1c3a000-7fa5a1c3d000 ---p 00000000 00:00 0 
7fa5a1c3d000-7fa5a1d3b000 rw-p 00000000 00:00 0                          [stack:5296]
7fa5a1d3b000-7fa5a241e000 r--p 00000000 08:03 3152909                    /usr/lib/locale/locale-archive
7fa5a241e000-7fa5a2421000 ---p 00000000 00:00 0 
7fa5a2421000-7fa5a251f000 rw-p 00000000 00:00 0                          [stack:5295]
7fa5a251f000-7fa5a2522000 ---p 00000000 00:00 0 
7fa5a2522000-7fa5a2620000 rw-p 00000000 00:00 0                          [stack:5294]
7fa5a2620000-7fa5a2621000 ---p 00000000 00:00 0 
7fa5a2621000-7fa5a5000000 rw-p 00000000 00:00 0                          [stack:5293]
7fa5a5000000-7fa5a5c50000 rwxp 00000000 00:00 0 
7fa5a5c50000-7fa5b4000000 ---p 00000000 00:00 0 
7fa5b4000000-7fa5b5d6d000 rw-p 00000000 00:00 0 
7fa5b5d6d000-7fa5b8000000 ---p 00000000 00:00 0 
7fa5b8000000-7fa5b8001000 r--s 0000c000 08:03 5916912                    /home/sharmila/.gradle/caches/modules-2/files-2.1/org.hamcrest/hamcrest-library/1.3/4785a3c21320980282f9f33d0d1264a69040538f/hamcrest-library-1.3.jar
7fa5b8001000-7fa5b8002000 r--s 00000000 08:03 5923891                    /home/sharmila/.gradle/caches/modules-2/files-2.1/org.springframework.boot/spring-boot-starter-jdbc/1.4.3.RELEASE/7ce66cf27ea731189248be7af2ab84ba189e1151/spring-boot-starter-jdbc-1.4.3.RELEASE.jar
7fa5b8002000-7fa5b8507000 rw-p 00000000 00:00 0 
7fa5b8507000-7fa5b86e0000 r--s 03d3e000 08:03 3569606                    /usr/lib/jvm/java-8-oracle/jre/lib/rt.jar
7fa5b86e0000-7fa5b9139000 rw-p 00000000 00:00 0 
7fa5b9139000-7fa5b913a000 ---p 00000000 00:00 0 
7fa5b913a000-7fa5b923a000 rw-p 00000000 00:00 0                          [stack:5292]
7fa5b923a000-7fa5b923b000 ---p 00000000 00:00 0 
7fa5b923b000-7fa5b933b000 rw-p 00000000 00:00 0                          [stack:5291]
7fa5b933b000-7fa5b933c000 ---p 00000000 00:00 0 
7fa5b933c000-7fa5b943c000 rw-p 00000000 00:00 0                          [stack:5290]
7fa5b943c000-7fa5b943d000 ---p 00000000 00:00 0 
7fa5b943d000-7fa5b955d000 rw-p 00000000 00:00 0                          [stack:5289]
7fa5b955d000-7fa5b967f000 ---p 00000000 00:00 0 
7fa5b967f000-7fa5b969f000 rw-p 00000000 00:00 0 
7fa5b969f000-7fa5b97c1000 ---p 00000000 00:00 0 
7fa5b97c1000-7fa5b9832000 rw-p 00000000 00:00 0 
7fa5b9832000-7fa5b9862000 ---p 00000000 00:00 0 
7fa5b9862000-7fa5b9895000 rw-p 00000000 00:00 0 
7fa5b9895000-7fa5b9c23000 ---p 00000000 00:00 0 
7fa5b9c23000-7fa5b9c3d000 r-xp 00000000 08:03 4870864                    /usr/lib/jvm/java-8-oracle/jre/lib/amd64/libzip.so
7fa5b9c3d000-7fa5b9e3d000 ---p 0001a000 08:03 4870864                    /usr/lib/jvm/java-8-oracle/jre/lib/amd64/libzip.so
7fa5b9e3d000-7fa5b9e3e000 rw-p 0001a000 08:03 4870864                    /usr/lib/jvm/java-8-oracle/jre/lib/amd64/libzip.so
7fa5b9e3e000-7fa5b9e48000 r-xp 00000000 08:03 4070135                    /lib/x86_64-linux-gnu/libnss_files-2.19.so
7fa5b9e48000-7fa5ba047000 ---p 0000a000 08:03 4070135                    /lib/x86_64-linux-gnu/libnss_files-2.19.so
7fa5ba047000-7fa5ba048000 r--p 00009000 08:03 4070135                    /lib/x86_64-linux-gnu/libnss_files-2.19.so
7fa5ba048000-7fa5ba049000 rw-p 0000a000 08:03 4070135                    /lib/x86_64-linux-gnu/libnss_files-2.19.so
7fa5ba049000-7fa5ba054000 r-xp 00000000 08:03 4070127                    /lib/x86_64-linux-gnu/libnss_nis-2.19.so
7fa5ba054000-7fa5ba253000 ---p 0000b000 08:03 4070127                    /lib/x86_64-linux-gnu/libnss_nis-2.19.so
7fa5ba253000-7fa5ba254000 r--p 0000a000 08:03 4070127                    /lib/x86_64-linux-gnu/libnss_nis-2.19.so
7fa5ba254000-7fa5ba255000 rw-p 0000b000 08:03 4070127                    /lib/x86_64-linux-gnu/libnss_nis-2.19.so
7fa5ba255000-7fa5ba26c000 r-xp 00000000 08:03 4070123                    /lib/x86_64-linux-gnu/libnsl-2.19.so
7fa5ba26c000-7fa5ba46b000 ---p 00017000 08:03 4070123                    /lib/x86_64-linux-gnu/libnsl-2.19.so
7fa5ba46b000-7fa5ba46c000 r--p 00016000 08:03 4070123                    /lib/x86_64-linux-gnu/libnsl-2.19.so
7fa5ba46c000-7fa5ba46d000 rw-p 00017000 08:03 4070123                    /lib/x86_64-linux-gnu/libnsl-2.19.so
7fa5ba46d000-7fa5ba46f000 rw-p 00000000 00:00 0 
7fa5ba46f000-7fa5ba478000 r-xp 00000000 08:03 4070122                    /lib/x86_64-linux-gnu/libnss_compat-2.19.so
7fa5ba478000-7fa5ba677000 ---p 00009000 08:03 4070122                    /lib/x86_64-linux-gnu/libnss_compat-2.19.so
7fa5ba677000-7fa5ba678000 r--p 00008000 08:03 4070122                    /lib/x86_64-linux-gnu/libnss_compat-2.19.so
7fa5ba678000-7fa5ba679000 rw-p 00009000 08:03 4070122                    /lib/x86_64-linux-gnu/libnss_compat-2.19.so
7fa5ba679000-7fa5ba6a4000 r-xp 00000000 08:03 4870782                    /usr/lib/jvm/java-8-oracle/jre/lib/amd64/libjava.so
7fa5ba6a4000-7fa5ba8a3000 ---p 0002b000 08:03 4870782                    /usr/lib/jvm/java-8-oracle/jre/lib/amd64/libjava.so
7fa5ba8a3000-7fa5ba8a5000 rw-p 0002a000 08:03 4870782                    /usr/lib/jvm/java-8-oracle/jre/lib/amd64/libjava.so
7fa5ba8a5000-7fa5ba8b2000 r-xp 00000000 08:03 4870821                    /usr/lib/jvm/java-8-oracle/jre/lib/amd64/libverify.so
7fa5ba8b2000-7fa5baab1000 ---p 0000d000 08:03 4870821                    /usr/lib/jvm/java-8-oracle/jre/lib/amd64/libverify.so
7fa5baab1000-7fa5baab3000 rw-p 0000c000 08:03 4870821                    /usr/lib/jvm/java-8-oracle/jre/lib/amd64/libverify.so
7fa5baab3000-7fa5baaba000 r-xp 00000000 08:03 4070131                    /lib/x86_64-linux-gnu/librt-2.19.so
7fa5baaba000-7fa5bacb9000 ---p 00007000 08:03 4070131                    /lib/x86_64-linux-gnu/librt-2.19.so
7fa5bacb9000-7fa5bacba000 r--p 00006000 08:03 4070131                    /lib/x86_64-linux-gnu/librt-2.19.so
7fa5bacba000-7fa5bacbb000 rw-p 00007000 08:03 4070131                    /lib/x86_64-linux-gnu/librt-2.19.so
7fa5bacbb000-7fa5badc0000 r-xp 00000000 08:03 4070117                    /lib/x86_64-linux-gnu/libm-2.19.so
7fa5badc0000-7fa5bafbf000 ---p 00105000 08:03 4070117                    /lib/x86_64-linux-gnu/libm-2.19.so
7fa5bafbf000-7fa5bafc0000 r--p 00104000 08:03 4070117                    /lib/x86_64-linux-gnu/libm-2.19.so
7fa5bafc0000-7fa5bafc1000 rw-p 00105000 08:03 4070117                    /lib/x86_64-linux-gnu/libm-2.19.so
7fa5bafc1000-7fa5bbc8f000 r-xp 00000000 08:03 5260205                    /usr/lib/jvm/java-8-oracle/jre/lib/amd64/server/libjvm.so
7fa5bbc8f000-7fa5bbe8f000 ---p 00cce000 08:03 5260205                    /usr/lib/jvm/java-8-oracle/jre/lib/amd64/server/libjvm.so
7fa5bbe8f000-7fa5bbf68000 rw-p 00cce000 08:03 5260205                    /usr/lib/jvm/java-8-oracle/jre/lib/amd64/server/libjvm.so
7fa5bbf68000-7fa5bbfb3000 rw-p 00000000 00:00 0 
7fa5bbfb3000-7fa5bc16d000 r-xp 00000000 08:03 4070132                    /lib/x86_64-linux-gnu/libc-2.19.so
7fa5bc16d000-7fa5bc36d000 ---p 001ba000 08:03 4070132                    /lib/x86_64-linux-gnu/libc-2.19.so
7fa5bc36d000-7fa5bc371000 r--p 001ba000 08:03 4070132                    /lib/x86_64-linux-gnu/libc-2.19.so
7fa5bc371000-7fa5bc373000 rw-p 001be000 08:03 4070132                    /lib/x86_64-linux-gnu/libc-2.19.so
7fa5bc373000-7fa5bc378000 rw-p 00000000 00:00 0 
7fa5bc378000-7fa5bc37b000 r-xp 00000000 08:03 4070119                    /lib/x86_64-linux-gnu/libdl-2.19.so
7fa5bc37b000-7fa5bc57a000 ---p 00003000 08:03 4070119                    /lib/x86_64-linux-gnu/libdl-2.19.so
7fa5bc57a000-7fa5bc57b000 r--p 00002000 08:03 4070119                    /lib/x86_64-linux-gnu/libdl-2.19.so
7fa5bc57b000-7fa5bc57c000 rw-p 00003000 08:03 4070119                    /lib/x86_64-linux-gnu/libdl-2.19.so
7fa5bc57c000-7fa5bc591000 r-xp 00000000 08:03 3555343                    /usr/lib/jvm/java-8-oracle/lib/amd64/jli/libjli.so
7fa5bc591000-7fa5bc791000 ---p 00015000 08:03 3555343                    /usr/lib/jvm/java-8-oracle/lib/amd64/jli/libjli.so
7fa5bc791000-7fa5bc792000 rw-p 00015000 08:03 3555343                    /usr/lib/jvm/java-8-oracle/lib/amd64/jli/libjli.so
7fa5bc792000-7fa5bc7ab000 r-xp 00000000 08:03 4070124                    /lib/x86_64-linux-gnu/libpthread-2.19.so
7fa5bc7ab000-7fa5bc9aa000 ---p 00019000 08:03 4070124                    /lib/x86_64-linux-gnu/libpthread-2.19.so
7fa5bc9aa000-7fa5bc9ab000 r--p 00018000 08:03 4070124                    /lib/x86_64-linux-gnu/libpthread-2.19.so
7fa5bc9ab000-7fa5bc9ac000 rw-p 00019000 08:03 4070124                    /lib/x86_64-linux-gnu/libpthread-2.19.so
7fa5bc9ac000-7fa5bc9b0000 rw-p 00000000 00:00 0 
7fa5bc9b0000-7fa5bc9d3000 r-xp 00000000 08:03 4070125                    /lib/x86_64-linux-gnu/ld-2.19.so
7fa5bc9d3000-7fa5bc9d4000 r--s 00000000 08:03 5923890                    /home/sharmila/.gradle/caches/modules-2/files-2.1/org.springframework.boot/spring-boot-starter-aop/1.4.3.RELEASE/30b11b6455bed446d3b4a1a49fab529b2cfac454/spring-boot-starter-aop-1.4.3.RELEASE.jar
7fa5bc9d4000-7fa5bc9d6000 r--s 0000f000 08:03 5916917                    /home/sharmila/.gradle/caches/modules-2/files-2.1/org.jboss.logging/jboss-logging/3.3.0.Final/3616bb87707910296e2c195dc016287080bba5af/jboss-logging-3.3.0.Final.jar
7fa5bc9d6000-7fa5bc9d7000 r--s 00000000 08:03 5923568                    /home/sharmila/.gradle/caches/modules-2/files-2.1/org.springframework.boot/spring-boot-starter-tomcat/1.4.3.RELEASE/61c48035a7a3b06b42fdd07b7109e562077b3792/spring-boot-starter-tomcat-1.4.3.RELEASE.jar
7fa5bc9d7000-7fa5bcaa9000 rw-p 00000000 00:00 0 
7fa5bcaa9000-7fa5bcaac000 ---p 00000000 00:00 0 
7fa5bcaac000-7fa5bcbae000 rw-p 00000000 00:00 0                          [stack:5285]
7fa5bcbae000-7fa5bcbaf000 r--s 00000000 08:03 5923567                    /home/sharmila/.gradle/caches/modules-2/files-2.1/org.springframework.boot/spring-boot-starter/1.4.3.RELEASE/c99bad104719e947b3f9aa2b7569583805e4c5d5/spring-boot-starter-1.4.3.RELEASE.jar
7fa5bcbaf000-7fa5bcbb0000 r--s 00000000 08:03 5923566                    /home/sharmila/.gradle/caches/modules-2/files-2.1/org.springframework.boot/spring-boot-starter-test/1.4.3.RELEASE/6e9f1dbd3f68299c0183630ef07ca430de160050/spring-boot-starter-test-1.4.3.RELEASE.jar
7fa5bcbb0000-7fa5bcbb1000 r--s 00000000 08:03 5923889                    /home/sharmila/.gradle/caches/modules-2/files-2.1/org.springframework.boot/spring-boot-starter-data-jpa/1.4.3.RELEASE/ffda06c2144d10239014407333c223a237b73ad7/spring-boot-starter-data-jpa-1.4.3.RELEASE.jar
7fa5bcbb1000-7fa5bcbb2000 r--s 00003000 08:03 5923431                    /home/sharmila/.gradle/caches/modules-2/files-2.1/org.hibernate/hibernate-gradle-plugin/5.2.3.Final/db2ad8695e48a03a566b74fb5fc07c1732c1f5e5/hibernate-gradle-plugin-5.2.3.Final.jar
7fa5bcbb2000-7fa5bcbb3000 r--s 00000000 08:03 5923565                    /home/sharmila/.gradle/caches/modules-2/files-2.1/org.springframework.boot/spring-boot-starter-web/1.4.3.RELEASE/a0dcc919eda8e8ecb6f13f52a30e6afbb8266103/spring-boot-starter-web-1.4.3.RELEASE.jar
7fa5bcbb3000-7fa5bcbc6000 rw-p 00000000 00:00 0 
7fa5bcbc6000-7fa5bcbce000 rw-s 00000000 08:03 5917624                    /tmp/hsperfdata_sharmila/5283
7fa5bcbce000-7fa5bcbcf000 rw-p 00000000 00:00 0 
7fa5bcbcf000-7fa5bcbd0000 r--p 00000000 00:00 0 
7fa5bcbd0000-7fa5bcbd2000 rw-p 00000000 00:00 0 
7fa5bcbd2000-7fa5bcbd3000 r--p 00022000 08:03 4070125                    /lib/x86_64-linux-gnu/ld-2.19.so
7fa5bcbd3000-7fa5bcbd4000 rw-p 00023000 08:03 4070125                    /lib/x86_64-linux-gnu/ld-2.19.so
7fa5bcbd4000-7fa5bcbd5000 rw-p 00000000 00:00 0 
7fffe1a08000-7fffe1a2c000 rw-p 00000000 00:00 0                          [stack]
7fffe1b26000-7fffe1b28000 r-xp 00000000 00:00 0                          [vdso]
ffffffffff600000-ffffffffff601000 r-xp 00000000 00:00 0                  [vsyscall]

VM Arguments:
jvm_args: -ea -Dfile.encoding=UTF-8 
java_command: org.testng.remote.RemoteTestNG -serport 41268 -protocol json -d /home/sharmila/Documents/work-office/TestNG_Project/test-output /tmp/testng-eclipse-1778475403/testng-customsuite.xml
java_class_path (initial): /home/sharmila/Downloads/sts 3.6.4/sts-bundle/sts-3.6.4.RELEASE/plugins/org.testng.eclipse_6.10.0.201612030230/lib/testng-remote.jar:/home/sharmila/Documents/work-office/TestNG_Project/bin:/home/sharmila/.gradle/caches/modules-2/files-2.1/org.springframework.boot/spring-boot-starter-web/1.4.3.RELEASE/a0dcc919eda8e8ecb6f13f52a30e6afbb8266103/spring-boot-starter-web-1.4.3.RELEASE.jar:/home/sharmila/.gradle/caches/modules-2/files-2.1/org.apache.tomcat.embed/tomcat-embed-jasper/9.0.0.M11/e2cd5a7038094195c3163532e01daf051d9265fe/tomcat-embed-jasper-9.0.0.M11.jar:/home/sharmila/.gradle/caches/modules-2/files-2.1/org.xerial/sqlite-jdbc/3.7.2/7a3d67f00508d3881650579f7f228c61bfc1b196/sqlite-jdbc-3.7.2.jar:/home/sharmila/.gradle/caches/modules-2/files-2.1/org.hibernate/hibernate-gradle-plugin/5.2.3.Final/db2ad8695e48a03a566b74fb5fc07c1732c1f5e5/hibernate-gradle-plugin-5.2.3.Final.jar:/home/sharmila/.gradle/caches/modules-2/files-2.1/org.springframework.boot/spring-boot-starter-data-jpa/1.4.3.RELEASE/ffda06c2144d10239014407333c223a237b73ad7/spring-boot-starter-data-jpa-1.4.3.RELEASE.jar:/home/sharmila/.gradle/caches/modules-2/files-2.1/org.testng/testng/6.5.2/5069d2e72356ed87645c5fc3622b0bbb5e0667c9/testng-6.5.2.jar:/home/sharmila/.gradle/caches/modules-2/files-2.1/org.springframework.boot/spring-boot-starter-test/1.4.3.RELEASE/6e9f1dbd3f68299c0183630ef07ca430de160050/spring-boot-starter-test-1.4.3.RELEASE.jar:/home/sharmila/.gradle/caches/modules-2/files-2.1/org.springframework.boot/spring-boot-starter/1.4.3.RELEASE/c99bad104719e947b3f9aa2b7569583805e4c5d5/spring-boot-starter-1.4.3.RELEASE.jar:/home/sharmila/.gradle/caches/modules-2/files-2.1/org.springframework.boot/spring-boot-starter-tomcat/1.4.3.RELEASE/61c48035a7a3b06b42fdd07b7109e562077b3792/spring-boot-starter-tomcat-1.4.3.RELEASE.jar:/home/sharmila/.gradle/caches/modules-2/files-2.1/org.hibernate/hibernate-validator/5.2.4.Final/fb18766b576aa6632bcfe9a20a023cbd52bf9769/hibernate-validator-5
Launcher Type: SUN_STANDARD

Environment Variables:
JAVA_HOME=/usr/lib/jvm/java-8-oracle
PATH=/usr/local/sbin:/usr/local/bin:/usr/sbin:/usr/bin:/sbin:/bin:/usr/games:/usr/local/games:/usr/lib/jvm/java-8-oracle/bin:/usr/lib/jvm/java-8-oracle/db/bin:/usr/lib/jvm/java-8-oracle/jre/bin
SHELL=/bin/bash
DISPLAY=:0.0

Signal Handlers:
SIGSEGV: [libjvm.so+0xac78c0], sa_mask[0]=11111111011111111101111111111110, sa_flags=SA_RESTART|SA_SIGINFO
SIGBUS: [libjvm.so+0xac78c0], sa_mask[0]=11111111011111111101111111111110, sa_flags=SA_RESTART|SA_SIGINFO
SIGFPE: [libjvm.so+0x920ac0], sa_mask[0]=11111111011111111101111111111110, sa_flags=SA_RESTART|SA_SIGINFO
SIGPIPE: [libjvm.so+0x920ac0], sa_mask[0]=11111111011111111101111111111110, sa_flags=SA_RESTART|SA_SIGINFO
SIGXFSZ: [libjvm.so+0x920ac0], sa_mask[0]=11111111011111111101111111111110, sa_flags=SA_RESTART|SA_SIGINFO
SIGILL: [libjvm.so+0x920ac0], sa_mask[0]=11111111011111111101111111111110, sa_flags=SA_RESTART|SA_SIGINFO
SIGUSR1: SIG_DFL, sa_mask[0]=00000000000000000000000000000000, sa_flags=none
SIGUSR2: [libjvm.so+0x922300], sa_mask[0]=00100000000000000000000000000000, sa_flags=SA_RESTART|SA_SIGINFO
SIGHUP: [libjvm.so+0x923700], sa_mask[0]=11111111011111111101111111111110, sa_flags=SA_RESTART|SA_SIGINFO
SIGINT: [libjvm.so+0x923700], sa_mask[0]=11111111011111111101111111111110, sa_flags=SA_RESTART|SA_SIGINFO
SIGTERM: [libjvm.so+0x923700], sa_mask[0]=11111111011111111101111111111110, sa_flags=SA_RESTART|SA_SIGINFO
SIGQUIT: [libjvm.so+0x923700], sa_mask[0]=11111111011111111101111111111110, sa_flags=SA_RESTART|SA_SIGINFO


---------------  S Y S T E M  ---------------

OS:DISTRIB_ID=Ubuntu
DISTRIB_RELEASE=14.04
DISTRIB_CODENAME=trusty
DISTRIB_DESCRIPTION="Ubuntu 14.04.5 LTS"

uname:Linux 3.13.0-107-generic #154-Ubuntu SMP Tue Dec 20 09:57:27 UTC 2016 x86_64
libc:glibc 2.19 NPTL 2.19 
rlimit: STACK 8192k, CORE 0k, NPROC 30712, NOFILE 4096, AS infinity
load average:1.14 0.82 0.73

/proc/meminfo:
MemTotal:        3953548 kB
MemFree:          208284 kB
Buffers:           77000 kB
Cached:          1222096 kB
SwapCached:            0 kB
Active:          2402416 kB
Inactive:        1101456 kB
Active(anon):    1852288 kB
Inactive(anon):   709132 kB
Active(file):     550128 kB
Inactive(file):   392324 kB
Unevictable:         208 kB
Mlocked:             208 kB
SwapTotal:       7999484 kB
SwapFree:        7999188 kB
Dirty:              2096 kB
Writeback:             0 kB
AnonPages:       2204976 kB
Mapped:           362832 kB
Shmem:            356652 kB
Slab:             118184 kB
SReclaimable:      79428 kB
SUnreclaim:        38756 kB
KernelStack:        5408 kB
PageTables:        47864 kB
NFS_Unstable:          0 kB
Bounce:                0 kB
WritebackTmp:          0 kB
CommitLimit:     9976256 kB
Committed_AS:    7367676 kB
VmallocTotal:   34359738367 kB
VmallocUsed:      400992 kB
VmallocChunk:   34359328252 kB
HardwareCorrupted:     0 kB
AnonHugePages:    806912 kB
HugePages_Total:       0
HugePages_Free:        0
HugePages_Rsvd:        0
HugePages_Surp:        0
Hugepagesize:       2048 kB
DirectMap4k:       86188 kB
DirectMap2M:     2965504 kB
DirectMap1G:     1048576 kB


CPU:total 4 (2 cores per cpu, 2 threads per core) family 6 model 69 stepping 1, cmov, cx8, fxsr, mmx, sse, sse2, sse3, ssse3, sse4.1, sse4.2, popcnt, avx, avx2, aes, clmul, erms, lzcnt, ht, tsc, tscinvbit, bmi1, bmi2

/proc/cpuinfo:
processor	: 0
vendor_id	: GenuineIntel
cpu family	: 6
model		: 69
model name	: Intel(R) Core(TM) i5-4200U CPU @ 1.60GHz
stepping	: 1
microcode	: 0x17
cpu MHz		: 1600.000
cache size	: 3072 KB
physical id	: 0
siblings	: 4
core id		: 0
cpu cores	: 2
apicid		: 0
initial apicid	: 0
fpu		: yes
fpu_exception	: yes
cpuid level	: 13
wp		: yes
flags		: fpu vme de pse tsc msr pae mce cx8 apic sep mtrr pge mca cmov pat pse36 clflush dts acpi mmx fxsr sse sse2 ss ht tm pbe syscall nx pdpe1gb rdtscp lm constant_tsc arch_perfmon pebs bts rep_good nopl xtopology nonstop_tsc aperfmperf eagerfpu pni pclmulqdq dtes64 monitor ds_cpl vmx est tm2 ssse3 fma cx16 xtpr pdcm pcid sse4_1 sse4_2 movbe popcnt tsc_deadline_timer aes xsave avx f16c rdrand lahf_lm abm ida arat epb xsaveopt pln pts dtherm tpr_shadow vnmi flexpriority ept vpid fsgsbase tsc_adjust bmi1 avx2 smep bmi2 erms invpcid
bogomips	: 4589.35
clflush size	: 64
cache_alignment	: 64
address sizes	: 39 bits physical, 48 bits virtual
power management:

processor	: 1
vendor_id	: GenuineIntel
cpu family	: 6
model		: 69
model name	: Intel(R) Core(TM) i5-4200U CPU @ 1.60GHz
stepping	: 1
microcode	: 0x17
cpu MHz		: 1500.000
cache size	: 3072 KB
physical id	: 0
siblings	: 4
core id		: 0
cpu cores	: 2
apicid		: 1
initial apicid	: 1
fpu		: yes
fpu_exception	: yes
cpuid level	: 13
wp		: yes
flags		: fpu vme de pse tsc msr pae mce cx8 apic sep mtrr pge mca cmov pat pse36 clflush dts acpi mmx fxsr sse sse2 ss ht tm pbe syscall nx pdpe1gb rdtscp lm constant_tsc arch_perfmon pebs bts rep_good nopl xtopology nonstop_tsc aperfmperf eagerfpu pni pclmulqdq dtes64 monitor ds_cpl vmx est tm2 ssse3 fma cx16 xtpr pdcm pcid sse4_1 sse4_2 movbe popcnt tsc_deadline_timer aes xsave avx f16c rdrand lahf_lm abm ida arat epb xsaveopt pln pts dtherm tpr_shadow vnmi flexpriority ept vpid fsgsbase tsc_adjust bmi1 avx2 smep bmi2 erms invpcid
bogomips	: 4589.35
clflush size	: 64
cache_alignment	: 64
address sizes	: 39 bits physical, 48 bits virtual
power management:

processor	: 2
vendor_id	: GenuineIntel
cpu family	: 6
model		: 69
model name	: Intel(R) Core(TM) i5-4200U CPU @ 1.60GHz
stepping	: 1
microcode	: 0x17
cpu MHz		: 1600.000
cache size	: 3072 KB
physical id	: 0
siblings	: 4
core id		: 1
cpu cores	: 2
apicid		: 2
initial apicid	: 2
fpu		: yes
fpu_exception	: yes
cpuid level	: 13
wp		: yes
flags		: fpu vme de pse tsc msr pae mce cx8 apic sep mtrr pge mca cmov pat pse36 clflush dts acpi mmx fxsr sse sse2 ss ht tm pbe syscall nx pdpe1gb rdtscp lm constant_tsc arch_perfmon pebs bts rep_good nopl xtopology nonstop_tsc aperfmperf eagerfpu pni pclmulqdq dtes64 monitor ds_cpl vmx est tm2 ssse3 fma cx16 xtpr pdcm pcid sse4_1 sse4_2 movbe popcnt tsc_deadline_timer aes xsave avx f16c rdrand lahf_lm abm ida arat epb xsaveopt pln pts dtherm tpr_shadow vnmi flexpriority ept vpid fsgsbase tsc_adjust bmi1 avx2 smep bmi2 erms invpcid
bogomips	: 4589.35
clflush size	: 64
cache_alignment	: 64
address sizes	: 39 bits physical, 48 bits virtual
power management:

processor	: 3
vendor_id	: GenuineIntel
cpu family	: 6
model		: 69
model name	: Intel(R) Core(TM) i5-4200U CPU @ 1.60GHz
stepping	: 1
microcode	: 0x17
cpu MHz		: 1600.000
cache size	: 3072 KB
physical id	: 0
siblings	: 4
core id		: 1
cpu cores	: 2
apicid		: 3
initial apicid	: 3
fpu		: yes
fpu_exception	: yes
cpuid level	: 13
wp		: yes
flags		: fpu vme de pse tsc msr pae mce cx8 apic sep mtrr pge mca cmov pat pse36 clflush dts acpi mmx fxsr sse sse2 ss ht tm pbe syscall nx pdpe1gb rdtscp lm constant_tsc arch_perfmon pebs bts rep_good nopl xtopology nonstop_tsc aperfmperf eagerfpu pni pclmulqdq dtes64 monitor ds_cpl vmx est tm2 ssse3 fma cx16 xtpr pdcm pcid sse4_1 sse4_2 movbe popcnt tsc_deadline_timer aes xsave avx f16c rdrand lahf_lm abm ida arat epb xsaveopt pln pts dtherm tpr_shadow vnmi flexpriority ept vpid fsgsbase tsc_adjust bmi1 avx2 smep bmi2 erms invpcid
bogomips	: 4589.35
clflush size	: 64
cache_alignment	: 64
address sizes	: 39 bits physical, 48 bits virtual
power management:



Memory: 4k page, physical 3953548k(208284k free), swap 7999484k(7999188k free)

vm_info: Java HotSpot(TM) 64-Bit Server VM (25.121-b13) for linux-amd64 JRE (1.8.0_121-b13), built on Dec 12 2016 16:36:53 by "java_re" with gcc 4.3.0 20080428 (Red Hat 4.3.0-8)

time: Mon Jan 23 17:32:10 2017
elapsed time: 8 seconds (0d 0h 0m 8s)

