#
# A fatal error has been detected by the Java Runtime Environment:
#
#  SIGSEGV (0xb) at pc=0x00007f07fb841118, pid=3691, tid=0x00007f07fcd47700
#
# JRE version: Java(TM) SE Runtime Environment (8.0_121-b13) (build 1.8.0_121-b13)
# Java VM: Java HotSpot(TM) 64-Bit Server VM (25.121-b13 mixed mode linux-amd64 compressed oops)
# Problematic frame:
# V  [libjvm.so+0x6e2118]  jni_GetStringUTFChars+0xb8
#
# Failed to write core dump. Core dumps have been disabled. To enable core dumping, try "ulimit -c unlimited" before starting Java again
#
# If you would like to submit a bug report, please visit:
#   http://bugreport.java.com/bugreport/crash.jsp
#

---------------  T H R E A D  ---------------

Current thread (0x00007f07f4010000):  JavaThread "main" [_thread_in_vm, id=3696, stack(0x00007f07fcc47000,0x00007f07fcd48000)]

siginfo: si_signo: 11 (SIGSEGV), si_code: 1 (SEGV_MAPERR), si_addr: 0x0000000000000000

Registers:
RAX=0x00007f07fc116550, RBX=0x0000000000000000, RCX=0x000000076abec008, RDX=0x00007f07fc1249e0
RSP=0x00007f07fcd41a60, RBP=0x00007f07fcd41b00, RSI=0x00007f07f4010000, RDI=0x00007f07fcd41aa0
R8 =0x00007f07e5012c80, R9 =0x000000076abec008, R10=0x0000000000000288, R11=0x00007f07fc1249e8
R12=0x00007f07f4010000, R13=0x0000000000000000, R14=0x00007f07fcd41bd8, R15=0x00007f07fcd41aa0
RIP=0x00007f07fb841118, EFLAGS=0x0000000000010246, CSGSFS=0x0000000000000033, ERR=0x0000000000000004
  TRAPNO=0x000000000000000e

Top of Stack: (sp=0x00007f07fcd41a60)
0x00007f07fcd41a60:   00007f07fcd41b28 0000000000000000
0x00007f07fcd41a70:   00007f07e510f6c0 00007f07fc126800
0x00007f07fcd41a80:   00007f07fcd420f8 00007f07e5012c80
0x00007f07fcd41a90:   000000077655df68 0000000050200030
0x00007f07fcd41aa0:   00007f07f4010000 0000000000000000
0x00007f07fcd41ab0:   00007f07e4800480 00007f07e50082bd
0x00007f07fcd41ac0:   00007f07f4010000 000000077655df68
0x00007f07fcd41ad0:   00007f07fcd41b70 00007f07d7e31918
0x00007f07fcd41ae0:   00007f07f4fbf998 0000000000000000
0x00007f07fcd41af0:   00007f07fcd41bd8 00007f07f4010000
0x00007f07fcd41b00:   00007f07f40101f8 00007f07d7b852b0
0x00007f07fcd41b10:   00007f07fcd41b70 00007f07e50082bd
0x00007f07fcd41b20:   00007f07d7e31918 00007f07fcd41bb0
0x00007f07fcd41b30:   0000000000000000 00007f07d7e31910
0x00007f07fcd41b40:   00007f07fcd41bd8 00007f07e50184cf
0x00007f07fcd41b50:   0000000000000000 00007f07d7e53600
0x00007f07fcd41b60:   0000000000000000 000000076abec008
0x00007f07fcd41b70:   00007f07fcd41b60 0000000000000000
0x00007f07fcd41b80:   00007f07fcd41bd8 00007f07d7e38220
0x00007f07fcd41b90:   0000000000000000 00007f07d7e31918
0x00007f07fcd41ba0:   0000000000000000 00007f07fcd41bd0
0x00007f07fcd41bb0:   00007f07fcd41c38 00007f07e5007dd0
0x00007f07fcd41bc0:   0000000000000000 00007f07e5011537
0x00007f07fcd41bd0:   0000000000000000 000000076abec008
0x00007f07fcd41be0:   000000077655df08 000000077655df68
0x00007f07fcd41bf0:   000000076abec008 00007f07fcd41be8
0x00007f07fcd41c00:   00007f07d7e351dd 00007f07fcd41c50
0x00007f07fcd41c10:   00007f07d7e37a70 0000000000000000
0x00007f07fcd41c20:   00007f07d7e35228 00007f07fcd41bd0
0x00007f07fcd41c30:   00007f07fcd41c48 00007f07fcd41c98
0x00007f07fcd41c40:   00007f07e50082bd 000000077655df08
0x00007f07fcd41c50:   000000076abec008 00007f07fcd41c58 

Instructions: (pc=0x00007f07fb841118)
0x00007f07fb8410f8:   84 24 70 02 00 00 06 00 00 00 4c 89 e6 4c 89 65
0x00007f07fb841108:   c0 4c 89 ff e8 1f 01 01 00 48 8b 05 18 d0 88 00
0x00007f07fb841118:   4c 8b 2b 8b 10 48 8b 05 44 fc 88 00 80 38 00 0f
0x00007f07fb841128:   84 2b 01 00 00 48 63 c2 41 8b 54 05 00 85 d2 0f 

Register to memory mapping:

RAX=0x00007f07fc116550: <offset 0xfb7550> in /usr/lib/jvm/java-8-oracle/jre/lib/amd64/server/libjvm.so at 0x00007f07fb15f000
RBX=0x0000000000000000 is an unknown value
RCX=0x000000076abec008 is an oop
org.sqlite.NativeDB 
 - klass: 'org/sqlite/NativeDB'
RDX=0x00007f07fc1249e0: <offset 0xfc59e0> in /usr/lib/jvm/java-8-oracle/jre/lib/amd64/server/libjvm.so at 0x00007f07fb15f000
RSP=0x00007f07fcd41a60 is pointing into the stack for thread: 0x00007f07f4010000
RBP=0x00007f07fcd41b00 is pointing into the stack for thread: 0x00007f07f4010000
RSI=0x00007f07f4010000 is a thread
RDI=0x00007f07fcd41aa0 is pointing into the stack for thread: 0x00007f07f4010000
R8 =0x00007f07e5012c80 is at code_begin+0 in an Interpreter codelet
method entry point (kind = zerolocals)  [0x00007f07e5012c80, 0x00007f07e5013100]  1152 bytes
R9 =0x000000076abec008 is an oop
org.sqlite.NativeDB 
 - klass: 'org/sqlite/NativeDB'
R10=0x0000000000000288 is an unknown value
R11=0x00007f07fc1249e8: <offset 0xfc59e8> in /usr/lib/jvm/java-8-oracle/jre/lib/amd64/server/libjvm.so at 0x00007f07fb15f000
R12=0x00007f07f4010000 is a thread
R13=0x0000000000000000 is an unknown value
R14=0x00007f07fcd41bd8 is pointing into the stack for thread: 0x00007f07f4010000
R15=0x00007f07fcd41aa0 is pointing into the stack for thread: 0x00007f07f4010000


Stack: [0x00007f07fcc47000,0x00007f07fcd48000],  sp=0x00007f07fcd41a60,  free space=1002k
Native frames: (J=compiled Java code, j=interpreted, Vv=VM code, C=native code)
V  [libjvm.so+0x6e2118]  jni_GetStringUTFChars+0xb8
C  [sqlite-3.7.2-libsqlitejdbc.so+0xd2b0]  Java_org_sqlite_NativeDB_prepare+0x2f

Java frames: (J=compiled Java code, j=interpreted, Vv=VM code)
j  org.sqlite.NativeDB.prepare(Ljava/lang/String;)J+0
j  org.sqlite.DB.prepare(Lorg/sqlite/Stmt;)V+21
j  org.sqlite.PrepStmt.<init>(Lorg/sqlite/Conn;Ljava/lang/String;)V+15
j  org.sqlite.Conn.prepareStatement(Ljava/lang/String;III)Ljava/sql/PreparedStatement;+14
j  org.sqlite.Conn.prepareStatement(Ljava/lang/String;II)Ljava/sql/PreparedStatement;+5
j  org.sqlite.Conn.prepareStatement(Ljava/lang/String;)Ljava/sql/PreparedStatement;+8
v  ~StubRoutines::call_stub
J 1254  sun.reflect.NativeMethodAccessorImpl.invoke0(Ljava/lang/reflect/Method;Ljava/lang/Object;[Ljava/lang/Object;)Ljava/lang/Object; (0 bytes) @ 0x00007f07e545e737 [0x00007f07e545e6c0+0x77]
J 1253 C1 sun.reflect.NativeMethodAccessorImpl.invoke(Ljava/lang/Object;[Ljava/lang/Object;)Ljava/lang/Object; (104 bytes) @ 0x00007f07e5462994 [0x00007f07e54617c0+0x11d4]
J 1262 C1 sun.reflect.DelegatingMethodAccessorImpl.invoke(Ljava/lang/Object;[Ljava/lang/Object;)Ljava/lang/Object; (10 bytes) @ 0x00007f07e5468e4c [0x00007f07e5468d40+0x10c]
J 1244 C1 java.lang.reflect.Method.invoke(Ljava/lang/Object;[Ljava/lang/Object;)Ljava/lang/Object; (62 bytes) @ 0x00007f07e545c5dc [0x00007f07e545c1e0+0x3fc]
j  org.apache.tomcat.jdbc.pool.ProxyConnection.invoke(Ljava/lang/Object;Ljava/lang/reflect/Method;[Ljava/lang/Object;)Ljava/lang/Object;+237
j  org.apache.tomcat.jdbc.pool.JdbcInterceptor.invoke(Ljava/lang/Object;Ljava/lang/reflect/Method;[Ljava/lang/Object;)Ljava/lang/Object;+14
j  org.apache.tomcat.jdbc.pool.DisposableConnectionFacade.invoke(Ljava/lang/Object;Ljava/lang/reflect/Method;[Ljava/lang/Object;)Ljava/lang/Object;+93
j  com.sun.proxy.$Proxy83.prepareStatement(Ljava/lang/String;)Ljava/sql/PreparedStatement;+16
j  org.hibernate.engine.jdbc.internal.StatementPreparerImpl$1.doPrepare()Ljava/sql/PreparedStatement;+37
j  org.hibernate.engine.jdbc.internal.StatementPreparerImpl$StatementPreparationTemplate.prepareStatement()Ljava/sql/PreparedStatement;+45
j  org.hibernate.engine.jdbc.internal.StatementPreparerImpl.prepareStatement(Ljava/lang/String;)Ljava/sql/PreparedStatement;+6
j  org.hibernate.id.SequenceGenerator.generateHolder(Lorg/hibernate/engine/spi/SessionImplementor;)Lorg/hibernate/id/IntegralDataTypeHolder;+15
j  org.hibernate.id.SequenceHiLoGenerator$1.getNextValue()Lorg/hibernate/id/IntegralDataTypeHolder;+8
j  org.hibernate.id.enhanced.LegacyHiLoAlgorithmOptimizer.generate(Lorg/hibernate/id/enhanced/AccessCallback;)Ljava/io/Serializable;+25
j  org.hibernate.id.SequenceHiLoGenerator.generate(Lorg/hibernate/engine/spi/SessionImplementor;Ljava/lang/Object;)Ljava/io/Serializable;+53
j  org.hibernate.event.internal.AbstractSaveEventListener.saveWithGeneratedId(Ljava/lang/Object;Ljava/lang/String;Ljava/lang/Object;Lorg/hibernate/event/spi/EventSource;Z)Ljava/io/Serializable;+21
j  org.hibernate.jpa.event.internal.core.JpaPersistEventListener.saveWithGeneratedId(Ljava/lang/Object;Ljava/lang/String;Ljava/lang/Object;Lorg/hibernate/event/spi/EventSource;Z)Ljava/io/Serializable;+18
j  org.hibernate.event.internal.DefaultPersistEventListener.entityIsTransient(Lorg/hibernate/event/spi/PersistEvent;Ljava/util/Map;)V+55
j  org.hibernate.event.internal.DefaultPersistEventListener.onPersist(Lorg/hibernate/event/spi/PersistEvent;Ljava/util/Map;)V+324
j  org.hibernate.event.internal.DefaultPersistEventListener.onPersist(Lorg/hibernate/event/spi/PersistEvent;)V+11
j  org.hibernate.internal.SessionImpl.firePersist(Lorg/hibernate/event/spi/PersistEvent;)V+46
j  org.hibernate.internal.SessionImpl.persist(Ljava/lang/String;Ljava/lang/Object;)V+11
j  org.hibernate.internal.SessionImpl.persist(Ljava/lang/Object;)V+3
j  org.hibernate.jpa.spi.AbstractEntityManagerImpl.persist(Ljava/lang/Object;)V+9
v  ~StubRoutines::call_stub
J 1254  sun.reflect.NativeMethodAccessorImpl.invoke0(Ljava/lang/reflect/Method;Ljava/lang/Object;[Ljava/lang/Object;)Ljava/lang/Object; (0 bytes) @ 0x00007f07e545e737 [0x00007f07e545e6c0+0x77]
J 1253 C1 sun.reflect.NativeMethodAccessorImpl.invoke(Ljava/lang/Object;[Ljava/lang/Object;)Ljava/lang/Object; (104 bytes) @ 0x00007f07e5462994 [0x00007f07e54617c0+0x11d4]
J 1262 C1 sun.reflect.DelegatingMethodAccessorImpl.invoke(Ljava/lang/Object;[Ljava/lang/Object;)Ljava/lang/Object; (10 bytes) @ 0x00007f07e5468e4c [0x00007f07e5468d40+0x10c]
J 1244 C1 java.lang.reflect.Method.invoke(Ljava/lang/Object;[Ljava/lang/Object;)Ljava/lang/Object; (62 bytes) @ 0x00007f07e545c5dc [0x00007f07e545c1e0+0x3fc]
j  org.springframework.orm.jpa.SharedEntityManagerCreator$SharedEntityManagerInvocationHandler.invoke(Ljava/lang/Object;Ljava/lang/reflect/Method;[Ljava/lang/Object;)Ljava/lang/Object;+495
j  com.sun.proxy.$Proxy92.persist(Ljava/lang/Object;)V+16
j  org.springframework.data.jpa.repository.support.SimpleJpaRepository.save(Ljava/lang/Object;)Ljava/lang/Object;+18
v  ~StubRoutines::call_stub
J 1254  sun.reflect.NativeMethodAccessorImpl.invoke0(Ljava/lang/reflect/Method;Ljava/lang/Object;[Ljava/lang/Object;)Ljava/lang/Object; (0 bytes) @ 0x00007f07e545e737 [0x00007f07e545e6c0+0x77]
J 1253 C1 sun.reflect.NativeMethodAccessorImpl.invoke(Ljava/lang/Object;[Ljava/lang/Object;)Ljava/lang/Object; (104 bytes) @ 0x00007f07e5462994 [0x00007f07e54617c0+0x11d4]
J 1262 C1 sun.reflect.DelegatingMethodAccessorImpl.invoke(Ljava/lang/Object;[Ljava/lang/Object;)Ljava/lang/Object; (10 bytes) @ 0x00007f07e5468e4c [0x00007f07e5468d40+0x10c]
J 1244 C1 java.lang.reflect.Method.invoke(Ljava/lang/Object;[Ljava/lang/Object;)Ljava/lang/Object; (62 bytes) @ 0x00007f07e545c5dc [0x00007f07e545c1e0+0x3fc]
j  org.springframework.data.repository.core.support.RepositoryFactorySupport$QueryExecutorMethodInterceptor.executeMethodOn(Ljava/lang/Object;Ljava/lang/reflect/Method;[Ljava/lang/Object;)Ljava/lang/Object;+3
j  org.springframework.data.repository.core.support.RepositoryFactorySupport$QueryExecutorMethodInterceptor.doInvoke(Lorg/aopalliance/intercept/MethodInvocation;)Ljava/lang/Object;+94
j  org.springframework.data.repository.core.support.RepositoryFactorySupport$QueryExecutorMethodInterceptor.invoke(Lorg/aopalliance/intercept/MethodInvocation;)Ljava/lang/Object;+2
j  org.springframework.aop.framework.ReflectiveMethodInvocation.proceed()Ljava/lang/Object;+101
j  org.springframework.data.projection.DefaultMethodInvokingMethodInterceptor.invoke(Lorg/aopalliance/intercept/MethodInvocation;)Ljava/lang/Object;+15
j  org.springframework.aop.framework.ReflectiveMethodInvocation.proceed()Ljava/lang/Object;+101
j  org.springframework.transaction.interceptor.TransactionInterceptor$1.proceedWithInvocation()Ljava/lang/Object;+4
j  org.springframework.transaction.interceptor.TransactionAspectSupport.invokeWithinTransaction(Ljava/lang/reflect/Method;Ljava/lang/Class;Lorg/springframework/transaction/interceptor/TransactionAspectSupport$InvocationCallback;)Ljava/lang/Object;+60
j  org.springframework.transaction.interceptor.TransactionInterceptor.invoke(Lorg/aopalliance/intercept/MethodInvocation;)Ljava/lang/Object;+40
j  org.springframework.aop.framework.ReflectiveMethodInvocation.proceed()Ljava/lang/Object;+101
j  org.springframework.dao.support.PersistenceExceptionTranslationInterceptor.invoke(Lorg/aopalliance/intercept/MethodInvocation;)Ljava/lang/Object;+1
j  org.springframework.aop.framework.ReflectiveMethodInvocation.proceed()Ljava/lang/Object;+101
j  org.springframework.data.jpa.repository.support.CrudMethodMetadataPostProcessor$CrudMethodMetadataPopulatingMethodInterceptor.invoke(Lorg/aopalliance/intercept/MethodInvocation;)Ljava/lang/Object;+89
j  org.springframework.aop.framework.ReflectiveMethodInvocation.proceed()Ljava/lang/Object;+101
j  org.springframework.aop.interceptor.ExposeInvocationInterceptor.invoke(Lorg/aopalliance/intercept/MethodInvocation;)Ljava/lang/Object;+18
j  org.springframework.aop.framework.ReflectiveMethodInvocation.proceed()Ljava/lang/Object;+101
j  org.springframework.aop.framework.JdkDynamicAopProxy.invoke(Ljava/lang/Object;Ljava/lang/reflect/Method;[Ljava/lang/Object;)Ljava/lang/Object;+385
j  com.sun.proxy.$Proxy94.save(Ljava/lang/Object;)Ljava/lang/Object;+16
j  com.example.api.service.BookService.save(Lcom/example/entity/Book;)Lcom/example/entity/Book;+5
j  com.example.crudtest.CRUDTest.insertOperation()V+19
v  ~StubRoutines::call_stub
J 1254  sun.reflect.NativeMethodAccessorImpl.invoke0(Ljava/lang/reflect/Method;Ljava/lang/Object;[Ljava/lang/Object;)Ljava/lang/Object; (0 bytes) @ 0x00007f07e545e737 [0x00007f07e545e6c0+0x77]
J 1253 C1 sun.reflect.NativeMethodAccessorImpl.invoke(Ljava/lang/Object;[Ljava/lang/Object;)Ljava/lang/Object; (104 bytes) @ 0x00007f07e5462994 [0x00007f07e54617c0+0x11d4]
J 1262 C1 sun.reflect.DelegatingMethodAccessorImpl.invoke(Ljava/lang/Object;[Ljava/lang/Object;)Ljava/lang/Object; (10 bytes) @ 0x00007f07e5468e4c [0x00007f07e5468d40+0x10c]
J 1244 C1 java.lang.reflect.Method.invoke(Ljava/lang/Object;[Ljava/lang/Object;)Ljava/lang/Object; (62 bytes) @ 0x00007f07e545c5dc [0x00007f07e545c1e0+0x3fc]
j  org.testng.internal.MethodInvocationHelper.invokeMethod(Ljava/lang/reflect/Method;Ljava/lang/Object;[Ljava/lang/Object;)Ljava/lang/Object;+242
j  org.testng.internal.MethodInvocationHelper$1.runTestMethod(Lorg/testng/ITestResult;)V+12
j  org.springframework.test.context.testng.AbstractTestNGSpringContextTests.run(Lorg/testng/IHookCallBack;Lorg/testng/ITestResult;)V+2
v  ~StubRoutines::call_stub
J 1254  sun.reflect.NativeMethodAccessorImpl.invoke0(Ljava/lang/reflect/Method;Ljava/lang/Object;[Ljava/lang/Object;)Ljava/lang/Object; (0 bytes) @ 0x00007f07e545e737 [0x00007f07e545e6c0+0x77]
J 1253 C1 sun.reflect.NativeMethodAccessorImpl.invoke(Ljava/lang/Object;[Ljava/lang/Object;)Ljava/lang/Object; (104 bytes) @ 0x00007f07e5462994 [0x00007f07e54617c0+0x11d4]
J 1262 C1 sun.reflect.DelegatingMethodAccessorImpl.invoke(Ljava/lang/Object;[Ljava/lang/Object;)Ljava/lang/Object; (10 bytes) @ 0x00007f07e5468e4c [0x00007f07e5468d40+0x10c]
J 1244 C1 java.lang.reflect.Method.invoke(Ljava/lang/Object;[Ljava/lang/Object;)Ljava/lang/Object; (62 bytes) @ 0x00007f07e545c5dc [0x00007f07e545c1e0+0x3fc]
j  org.testng.internal.MethodInvocationHelper.invokeHookable(Ljava/lang/Object;[Ljava/lang/Object;Ljava/lang/Object;Ljava/lang/reflect/Method;Lorg/testng/internal/TestResult;)V+64
j  org.testng.internal.Invoker.invokeMethod([Ljava/lang/Object;ILorg/testng/ITestNGMethod;[Ljava/lang/Object;ILorg/testng/xml/XmlSuite;Ljava/util/Map;Lorg/testng/ITestClass;[Lorg/testng/ITestNGMethod;[Lorg/testng/ITestNGMethod;Lorg/testng/internal/ConfigurationGroupMethods;)Lorg/testng/ITestResult;+280
j  org.testng.internal.Invoker.invokeTestMethod([Ljava/lang/Object;Lorg/testng/ITestNGMethod;[Ljava/lang/Object;ILorg/testng/xml/XmlSuite;Ljava/util/Map;Lorg/testng/ITestClass;[Lorg/testng/ITestNGMethod;[Lorg/testng/ITestNGMethod;Lorg/testng/internal/ConfigurationGroupMethods;)Ljava/util/List;+46
j  org.testng.internal.Invoker.invokeTestMethods(Lorg/testng/ITestNGMethod;[Lorg/testng/ITestNGMethod;ILorg/testng/xml/XmlSuite;Ljava/util/Map;Lorg/testng/internal/ConfigurationGroupMethods;[Ljava/lang/Object;Lorg/testng/ITestContext;)Ljava/util/List;+705
j  org.testng.internal.TestMethodWorker.invokeTestMethods(Lorg/testng/ITestNGMethod;[Ljava/lang/Object;Lorg/testng/ITestContext;)V+32
j  org.testng.internal.TestMethodWorker.run()V+60
j  org.testng.TestRunner.privateRun(Lorg/testng/xml/XmlTest;)V+349
j  org.testng.TestRunner.run()V+26
j  org.testng.SuiteRunner.runTest(Lorg/testng/TestRunner;)V+1
j  org.testng.SuiteRunner.runSequentially()V+31
j  org.testng.SuiteRunner.privateRun()V+281
j  org.testng.SuiteRunner.run()V+6
j  org.testng.SuiteRunnerWorker.runSuite(Lorg/testng/internal/SuiteRunnerMap;Lorg/testng/xml/XmlSuite;)V+96
j  org.testng.SuiteRunnerWorker.run()V+12
j  org.testng.TestNG.runSuitesSequentially(Lorg/testng/xml/XmlSuite;Lorg/testng/internal/SuiteRunnerMap;ILjava/lang/String;)V+66
j  org.testng.TestNG.runSuitesLocally()Ljava/util/List;+117
j  org.testng.TestNG.run()V+77
j  org.testng.remote.AbstractRemoteTestNG.run()V+163
j  org.testng.remote.RemoteTestNG.initAndRun(Lorg/testng/remote/IRemoteTestNG;[Ljava/lang/String;Lorg/testng/CommandLineArgs;Lorg/testng/remote/RemoteArgs;)V+184
j  org.testng.remote.RemoteTestNG.main([Ljava/lang/String;)V+218
v  ~StubRoutines::call_stub

---------------  P R O C E S S  ---------------

Java Threads: ( => current thread )
  0x00007f07f5348000 JavaThread "http-nio-auto-1-51265-AsyncTimeout" daemon [_thread_blocked, id=3726, stack(0x00007f07d6e73000,0x00007f07d6f74000)]
  0x00007f07f5346800 JavaThread "http-nio-auto-1-Acceptor-0" daemon [_thread_in_native, id=3725, stack(0x00007f07d6f74000,0x00007f07d7075000)]
  0x00007f07f5344000 JavaThread "http-nio-auto-1-ClientPoller-1" daemon [_thread_in_native, id=3724, stack(0x00007f07d7075000,0x00007f07d7176000)]
  0x00007f07f5335000 JavaThread "http-nio-auto-1-ClientPoller-0" daemon [_thread_in_native, id=3723, stack(0x00007f07d7176000,0x00007f07d7277000)]
  0x00007f07f5314000 JavaThread "NioBlockingSelector.BlockPoller-1" daemon [_thread_in_native, id=3722, stack(0x00007f07d7277000,0x00007f07d7378000)]
  0x00007f07f441b800 JavaThread "process reaper" daemon [_thread_blocked, id=3721, stack(0x00007f07dc074000,0x00007f07dc0ad000)]
  0x00007f07f4f99000 JavaThread "Tomcat JDBC Pool Cleaner[865113938:1485175311702]" daemon [_thread_blocked, id=3719, stack(0x00007f07dc0ad000,0x00007f07dc1ae000)]
  0x00007f07f4a5b000 JavaThread "container-0" [_thread_blocked, id=3718, stack(0x00007f07dc3ae000,0x00007f07dc4af000)]
  0x00007f07f4a58800 JavaThread "ContainerBackgroundProcessor[StandardEngine[Tomcat]]" daemon [_thread_blocked, id=3717, stack(0x00007f07dc4af000,0x00007f07dc5b0000)]
  0x00007f079c07b800 JavaThread "localhost-startStop-1" daemon [_thread_blocked, id=3716, stack(0x00007f07dc7b0000,0x00007f07dc8b1000)]
  0x00007f07f4a52800 JavaThread "Tomcat-startStop-1" daemon [_thread_blocked, id=3715, stack(0x00007f07dd7a5000,0x00007f07dd8a6000)]
  0x00007f07f44b8000 JavaThread "ReaderThread" [_thread_in_native, id=3712, stack(0x00007f07de0b3000,0x00007f07de1b4000)]
  0x00007f07f40d1000 JavaThread "Service Thread" daemon [_thread_blocked, id=3708, stack(0x00007f07de70b000,0x00007f07de80c000)]
  0x00007f07f40c4000 JavaThread "C1 CompilerThread2" daemon [_thread_blocked, id=3707, stack(0x00007f07de80c000,0x00007f07de90d000)]
  0x00007f07f40c2000 JavaThread "C2 CompilerThread1" daemon [_thread_in_native, id=3706, stack(0x00007f07de90d000,0x00007f07dea0e000)]
  0x00007f07f40bf000 JavaThread "C2 CompilerThread0" daemon [_thread_in_native, id=3705, stack(0x00007f07dea0e000,0x00007f07deb0f000)]
  0x00007f07f40be000 JavaThread "Signal Dispatcher" daemon [_thread_blocked, id=3704, stack(0x00007f07deb0f000,0x00007f07dec10000)]
  0x00007f07f408a000 JavaThread "Finalizer" daemon [_thread_blocked, id=3703, stack(0x00007f07df2f3000,0x00007f07df3f4000)]
  0x00007f07f4085800 JavaThread "Reference Handler" daemon [_thread_blocked, id=3702, stack(0x00007f07df3f4000,0x00007f07df4f5000)]
=>0x00007f07f4010000 JavaThread "main" [_thread_in_vm, id=3696, stack(0x00007f07fcc47000,0x00007f07fcd48000)]

Other Threads:
  0x00007f07f407e000 VMThread [stack: 0x00007f07df4f5000,0x00007f07df5f6000] [id=3701]
  0x00007f07f40d4000 WatcherThread [stack: 0x00007f07de60a000,0x00007f07de70b000] [id=3709]

VM state:not at safepoint (normal execution)

VM Mutex/Monitor currently owned by a thread: None

Heap:
 PSYoungGen      total 305664K, used 195153K [0x000000076ab00000, 0x0000000788300000, 0x00000007c0000000)
  eden space 262144K, 74% used [0x000000076ab00000,0x0000000776994460,0x000000077ab00000)
  from space 43520K, 0% used [0x000000077ab00000,0x000000077ab00000,0x000000077d580000)
  to   space 43520K, 0% used [0x0000000785880000,0x0000000785880000,0x0000000788300000)
 ParOldGen       total 711680K, used 22684K [0x00000006c0000000, 0x00000006eb700000, 0x000000076ab00000)
  object space 711680K, 3% used [0x00000006c0000000,0x00000006c16271e8,0x00000006eb700000)
 Metaspace       used 45175K, capacity 45528K, committed 45824K, reserved 1089536K
  class space    used 5915K, capacity 6041K, committed 6144K, reserved 1048576K

Card table byte_map: [0x00007f07f9200000,0x00007f07f9a01000] byte_map_base: 0x00007f07f5c00000

Marking Bits: (ParMarkBitMap*) 0x00007f07fc123c80
 Begin Bits: [0x00007f07c0000000, 0x00007f07c4000000)
 End Bits:   [0x00007f07c4000000, 0x00007f07c8000000)

Polling page: 0x00007f07fcd6d000

CodeCache: size=245760Kb used=12447Kb max_used=12447Kb free=233313Kb
 bounds [0x00007f07e5000000, 0x00007f07e5c40000, 0x00007f07f4000000]
 total_blobs=4165 nmethods=3693 adapters=385
 compilation: enabled

Compilation events (10 events):
Event: 14.732 Thread 0x00007f07f40c4000 4173       3       java.util.Collections$EmptyList::iterator (4 bytes)
Event: 14.732 Thread 0x00007f07f40c4000 nmethod 4173 0x00007f07e5912e90 code [0x00007f07e5913000, 0x00007f07e59131b0]
Event: 14.732 Thread 0x00007f07f40c4000 4172       1       java.util.Collections$SingletonList::size (2 bytes)
Event: 14.732 Thread 0x00007f07f40c4000 nmethod 4172 0x00007f07e5912bd0 code [0x00007f07e5912d20, 0x00007f07e5912e30]
Event: 14.733 Thread 0x00007f07f40c4000 4174       1       org.testng.shaded.com.google.gson.reflect.TypeToken::hashCode (5 bytes)
Event: 14.733 Thread 0x00007f07f40c4000 nmethod 4174 0x00007f07e5912910 code [0x00007f07e5912a60, 0x00007f07e5912b70]
Event: 14.734 Thread 0x00007f07f40c4000 4175       3       java.io.BufferedWriter::ensureOpen (18 bytes)
Event: 14.734 Thread 0x00007f07f40c4000 nmethod 4175 0x00007f07e5912490 code [0x00007f07e5912600, 0x00007f07e5912848]
Event: 14.748 Thread 0x00007f07f40c4000 4177       3       org.hibernate.service.internal.ConcurrentServiceBinding::hashKey (5 bytes)
Event: 14.749 Thread 0x00007f07f40c4000 nmethod 4177 0x00007f07e5912110 code [0x00007f07e5912280, 0x00007f07e5912408]

GC Heap History (10 events):
Event: 7.753 GC heap before
{Heap before GC invocations=1 (full 0):
 PSYoungGen      total 305664K, used 183647K [0x000000076ab00000, 0x0000000780000000, 0x00000007c0000000)
  eden space 262144K, 70% used [0x000000076ab00000,0x0000000775e57cc0,0x000000077ab00000)
  from space 43520K, 0% used [0x000000077d580000,0x000000077d580000,0x0000000780000000)
  to   space 43520K, 0% used [0x000000077ab00000,0x000000077ab00000,0x000000077d580000)
 ParOldGen       total 699392K, used 0K [0x00000006c0000000, 0x00000006eab00000, 0x000000076ab00000)
  object space 699392K, 0% used [0x00000006c0000000,0x00000006c0000000,0x00000006eab00000)
 Metaspace       used 21026K, capacity 21184K, committed 21296K, reserved 1069056K
  class space    used 2581K, capacity 2640K, committed 2688K, reserved 1048576K
Event: 7.783 GC heap after
Heap after GC invocations=1 (full 0):
 PSYoungGen      total 305664K, used 20914K [0x000000076ab00000, 0x0000000780000000, 0x00000007c0000000)
  eden space 262144K, 0% used [0x000000076ab00000,0x000000076ab00000,0x000000077ab00000)
  from space 43520K, 48% used [0x000000077ab00000,0x000000077bf6cb40,0x000000077d580000)
  to   space 43520K, 0% used [0x000000077d580000,0x000000077d580000,0x0000000780000000)
 ParOldGen       total 699392K, used 80K [0x00000006c0000000, 0x00000006eab00000, 0x000000076ab00000)
  object space 699392K, 0% used [0x00000006c0000000,0x00000006c0014010,0x00000006eab00000)
 Metaspace       used 21026K, capacity 21184K, committed 21296K, reserved 1069056K
  class space    used 2581K, capacity 2640K, committed 2688K, reserved 1048576K
}
Event: 7.783 GC heap before
{Heap before GC invocations=2 (full 1):
 PSYoungGen      total 305664K, used 20914K [0x000000076ab00000, 0x0000000780000000, 0x00000007c0000000)
  eden space 262144K, 0% used [0x000000076ab00000,0x000000076ab00000,0x000000077ab00000)
  from space 43520K, 48% used [0x000000077ab00000,0x000000077bf6cb40,0x000000077d580000)
  to   space 43520K, 0% used [0x000000077d580000,0x000000077d580000,0x0000000780000000)
 ParOldGen       total 699392K, used 80K [0x00000006c0000000, 0x00000006eab00000, 0x000000076ab00000)
  object space 699392K, 0% used [0x00000006c0000000,0x00000006c0014010,0x00000006eab00000)
 Metaspace       used 21026K, capacity 21184K, committed 21296K, reserved 1069056K
  class space    used 2581K, capacity 2640K, committed 2688K, reserved 1048576K
Event: 7.838 GC heap after
Heap after GC invocations=2 (full 1):
 PSYoungGen      total 305664K, used 0K [0x000000076ab00000, 0x0000000780000000, 0x00000007c0000000)
  eden space 262144K, 0% used [0x000000076ab00000,0x000000076ab00000,0x000000077ab00000)
  from space 43520K, 0% used [0x000000077ab00000,0x000000077ab00000,0x000000077d580000)
  to   space 43520K, 0% used [0x000000077d580000,0x000000077d580000,0x0000000780000000)
 ParOldGen       total 699392K, used 20067K [0x00000006c0000000, 0x00000006eab00000, 0x000000076ab00000)
  object space 699392K, 2% used [0x00000006c0000000,0x00000006c1398d18,0x00000006eab00000)
 Metaspace       used 21026K, capacity 21184K, committed 21296K, reserved 1069056K
  class space    used 2581K, capacity 2640K, committed 2688K, reserved 1048576K
}
Event: 10.827 GC heap before
{Heap before GC invocations=3 (full 1):
 PSYoungGen      total 305664K, used 262144K [0x000000076ab00000, 0x0000000780000000, 0x00000007c0000000)
  eden space 262144K, 100% used [0x000000076ab00000,0x000000077ab00000,0x000000077ab00000)
  from space 43520K, 0% used [0x000000077ab00000,0x000000077ab00000,0x000000077d580000)
  to   space 43520K, 0% used [0x000000077d580000,0x000000077d580000,0x0000000780000000)
 ParOldGen       total 699392K, used 20067K [0x00000006c0000000, 0x00000006eab00000, 0x000000076ab00000)
  object space 699392K, 2% used [0x00000006c0000000,0x00000006c1398d18,0x00000006eab00000)
 Metaspace       used 30384K, capacity 30710K, committed 31104K, reserved 1077248K
  class space    used 3766K, capacity 3860K, committed 3968K, reserved 1048576K
Event: 10.845 GC heap after
Heap after GC invocations=3 (full 1):
 PSYoungGen      total 305664K, used 17318K [0x000000076ab00000, 0x0000000786a00000, 0x00000007c0000000)
  eden space 262144K, 0% used [0x000000076ab00000,0x000000076ab00000,0x000000077ab00000)
  from space 43520K, 39% used [0x000000077d580000,0x000000077e669b58,0x0000000780000000)
  to   space 43520K, 0% used [0x000000077ab00000,0x000000077ab00000,0x000000077d580000)
 ParOldGen       total 699392K, used 20075K [0x00000006c0000000, 0x00000006eab00000, 0x000000076ab00000)
  object space 699392K, 2% used [0x00000006c0000000,0x00000006c139ad18,0x00000006eab00000)
 Metaspace       used 30384K, capacity 30710K, committed 31104K, reserved 1077248K
  class space    used 3766K, capacity 3860K, committed 3968K, reserved 1048576K
}
Event: 12.387 GC heap before
{Heap before GC invocations=4 (full 1):
 PSYoungGen      total 305664K, used 122088K [0x000000076ab00000, 0x0000000786a00000, 0x00000007c0000000)
  eden space 262144K, 39% used [0x000000076ab00000,0x0000000771150818,0x000000077ab00000)
  from space 43520K, 39% used [0x000000077d580000,0x000000077e669b58,0x0000000780000000)
  to   space 43520K, 0% used [0x000000077ab00000,0x000000077ab00000,0x000000077d580000)
 ParOldGen       total 699392K, used 20075K [0x00000006c0000000, 0x00000006eab00000, 0x000000076ab00000)
  object space 699392K, 2% used [0x00000006c0000000,0x00000006c139ad18,0x00000006eab00000)
 Metaspace       used 35043K, capacity 35350K, committed 35496K, reserved 1081344K
  class space    used 4496K, capacity 4580K, committed 4608K, reserved 1048576K
Event: 12.407 GC heap after
Heap after GC invocations=4 (full 1):
 PSYoungGen      total 305664K, used 13590K [0x000000076ab00000, 0x0000000788300000, 0x00000007c0000000)
  eden space 262144K, 0% used [0x000000076ab00000,0x000000076ab00000,0x000000077ab00000)
  from space 43520K, 31% used [0x000000077ab00000,0x000000077b845928,0x000000077d580000)
  to   space 43520K, 0% used [0x0000000785880000,0x0000000785880000,0x0000000788300000)
 ParOldGen       total 699392K, used 20083K [0x00000006c0000000, 0x00000006eab00000, 0x000000076ab00000)
  object space 699392K, 2% used [0x00000006c0000000,0x00000006c139cd18,0x00000006eab00000)
 Metaspace       used 35043K, capacity 35350K, committed 35496K, reserved 1081344K
  class space    used 4496K, capacity 4580K, committed 4608K, reserved 1048576K
}
Event: 12.407 GC heap before
{Heap before GC invocations=5 (full 2):
 PSYoungGen      total 305664K, used 13590K [0x000000076ab00000, 0x0000000788300000, 0x00000007c0000000)
  eden space 262144K, 0% used [0x000000076ab00000,0x000000076ab00000,0x000000077ab00000)
  from space 43520K, 31% used [0x000000077ab00000,0x000000077b845928,0x000000077d580000)
  to   space 43520K, 0% used [0x0000000785880000,0x0000000785880000,0x0000000788300000)
 ParOldGen       total 699392K, used 20083K [0x00000006c0000000, 0x00000006eab00000, 0x000000076ab00000)
  object space 699392K, 2% used [0x00000006c0000000,0x00000006c139cd18,0x00000006eab00000)
 Metaspace       used 35043K, capacity 35350K, committed 35496K, reserved 1081344K
  class space    used 4496K, capacity 4580K, committed 4608K, reserved 1048576K
Event: 12.472 GC heap after
Heap after GC invocations=5 (full 2):
 PSYoungGen      total 305664K, used 0K [0x000000076ab00000, 0x0000000788300000, 0x00000007c0000000)
  eden space 262144K, 0% used [0x000000076ab00000,0x000000076ab00000,0x000000077ab00000)
  from space 43520K, 0% used [0x000000077ab00000,0x000000077ab00000,0x000000077d580000)
  to   space 43520K, 0% used [0x0000000785880000,0x0000000785880000,0x0000000788300000)
 ParOldGen       total 711680K, used 22684K [0x00000006c0000000, 0x00000006eb700000, 0x000000076ab00000)
  object space 711680K, 3% used [0x00000006c0000000,0x00000006c16271e8,0x00000006eb700000)
 Metaspace       used 35043K, capacity 35350K, committed 35496K, reserved 1081344K
  class space    used 4496K, capacity 4580K, committed 4608K, reserved 1048576K
}

Deoptimization events (10 events):
Event: 13.597 Thread 0x00007f07f4010000 Uncommon trap: reason=null_check action=make_not_entrant pc=0x00007f07e5a8b4f0 method=org.springframework.util.ClassUtils.isAssignable(Ljava/lang/Class;Ljava/lang/Class;)Z @ 14
Event: 13.619 Thread 0x00007f07f4010000 Uncommon trap: reason=bimorphic action=maybe_recompile pc=0x00007f07e5ac9944 method=java.util.concurrent.ConcurrentHashMap.putVal(Ljava/lang/Object;Ljava/lang/Object;Z)Ljava/lang/Object; @ 192
Event: 13.619 Thread 0x00007f07f4010000 Uncommon trap: reason=bimorphic action=maybe_recompile pc=0x00007f07e5ac9944 method=java.util.concurrent.ConcurrentHashMap.putVal(Ljava/lang/Object;Ljava/lang/Object;Z)Ljava/lang/Object; @ 192
Event: 13.619 Thread 0x00007f07f4010000 Uncommon trap: reason=bimorphic action=maybe_recompile pc=0x00007f07e5ac9944 method=java.util.concurrent.ConcurrentHashMap.putVal(Ljava/lang/Object;Ljava/lang/Object;Z)Ljava/lang/Object; @ 192
Event: 13.619 Thread 0x00007f07f4010000 Uncommon trap: reason=bimorphic action=maybe_recompile pc=0x00007f07e5ac9944 method=java.util.concurrent.ConcurrentHashMap.putVal(Ljava/lang/Object;Ljava/lang/Object;Z)Ljava/lang/Object; @ 192
Event: 13.848 Thread 0x00007f07f4010000 Uncommon trap: reason=bimorphic action=maybe_recompile pc=0x00007f07e571c590 method=java.util.regex.Pattern$Curly.match(Ljava/util/regex/Matcher;ILjava/lang/CharSequence;)Z @ 19
Event: 13.876 Thread 0x00007f07f4010000 Uncommon trap: reason=unstable_if action=reinterpret pc=0x00007f07e59d3760 method=java.util.concurrent.ConcurrentHashMap.transfer([Ljava/util/concurrent/ConcurrentHashMap$Node;[Ljava/util/concurrent/ConcurrentHashMap$Node;)V @ 356
Event: 13.876 Thread 0x00007f07f4010000 Uncommon trap: reason=unstable_if action=reinterpret pc=0x00007f07e59ceaec method=java.util.concurrent.ConcurrentHashMap.transfer([Ljava/util/concurrent/ConcurrentHashMap$Node;[Ljava/util/concurrent/ConcurrentHashMap$Node;)V @ 356
Event: 14.538 Thread 0x00007f07f4010000 Uncommon trap: reason=unstable_if action=reinterpret pc=0x00007f07e5abf8b4 method=org.springframework.util.ConcurrentReferenceHashMap$Segment.clear()V @ 4
Event: 14.707 Thread 0x00007f07f4010000 Uncommon trap: reason=unstable_if action=reinterpret pc=0x00007f07e590c7fc method=java.lang.Class.getGenericSuperclass()Ljava/lang/reflect/Type; @ 18

Internal exceptions (10 events):
Event: 14.443 Thread 0x00007f07f4010000 Exception <a 'java/lang/ClassNotFoundException': org/springframework/boot/autoconfigure/web/WebClientAutoConfigurationCustomizer> (0x00000007750dbff8) thrown at [/HUDSON3/workspace/8-2-build-linux-amd64/jdk8u121/8372/hotspot/src/share/vm/classfile/systemD
Event: 14.443 Thread 0x00007f07f4010000 Exception <a 'java/lang/ClassNotFoundException': org/springframework/boot/autoconfigure/web/WebClientAutoConfiguration$$EnhancerBySpringCGLIB$$52d5929eCustomizer> (0x0000000775100010) thrown at [/HUDSON3/workspace/8-2-build-linux-amd64/jdk8u121/8372/hotsp
Event: 14.444 Thread 0x00007f07f4010000 Exception <a 'java/lang/ClassNotFoundException': org/springframework/context/annotation/ConfigurationClassEnhancer$EnhancedConfigurationCustomizer> (0x0000000775124a68) thrown at [/HUDSON3/workspace/8-2-build-linux-amd64/jdk8u121/8372/hotspot/src/share/vm
Event: 14.717 Thread 0x00007f07f4010000 Exception <a 'java/lang/ClassNotFoundException': java/lang/ObjectCustomizer> (0x00000007762fa340) thrown at [/HUDSON3/workspace/8-2-build-linux-amd64/jdk8u121/8372/hotspot/src/share/vm/classfile/systemDictionary.cpp, line 210]
Event: 14.718 Thread 0x00007f07f4010000 Exception <a 'java/lang/ClassNotFoundException': org/springframework/test/context/testng/AbstractTestNGSpringContextTestsCustomizer> (0x00000007763187a8) thrown at [/HUDSON3/workspace/8-2-build-linux-amd64/jdk8u121/8372/hotspot/src/share/vm/classfile/syst
Event: 14.718 Thread 0x00007f07f4010000 Exception <a 'java/lang/ClassNotFoundException': com/example/crudtest/CRUDTestCustomizer> (0x000000077632b6e0) thrown at [/HUDSON3/workspace/8-2-build-linux-amd64/jdk8u121/8372/hotspot/src/share/vm/classfile/systemDictionary.cpp, line 210]
Event: 14.719 Thread 0x00007f07f4010000 Exception <a 'java/lang/ClassNotFoundException': org/testng/IHookableCustomizer> (0x000000077633c478) thrown at [/HUDSON3/workspace/8-2-build-linux-amd64/jdk8u121/8372/hotspot/src/share/vm/classfile/systemDictionary.cpp, line 210]
Event: 14.719 Thread 0x00007f07f4010000 Exception <a 'java/lang/ClassNotFoundException': org/springframework/context/ApplicationContextAwareCustomizer> (0x0000000776352d38) thrown at [/HUDSON3/workspace/8-2-build-linux-amd64/jdk8u121/8372/hotspot/src/share/vm/classfile/systemDictionary.cpp, lin
Event: 14.752 Thread 0x00007f07f4010000 Exception <a 'java/lang/ClassNotFoundException': java/lang/ObjectCustomizer> (0x00000007764e20a8) thrown at [/HUDSON3/workspace/8-2-build-linux-amd64/jdk8u121/8372/hotspot/src/share/vm/classfile/systemDictionary.cpp, line 210]
Event: 14.752 Thread 0x00007f07f4010000 Exception <a 'java/lang/ClassNotFoundException': com/example/entity/BookCustomizer> (0x00000007764f4da8) thrown at [/HUDSON3/workspace/8-2-build-linux-amd64/jdk8u121/8372/hotspot/src/share/vm/classfile/systemDictionary.cpp, line 210]

Events (10 events):
Event: 14.758 loading class org/hibernate/engine/jdbc/internal/FormatStyle
Event: 14.758 loading class org/hibernate/engine/jdbc/internal/FormatStyle done
Event: 14.759 loading class org/hibernate/engine/jdbc/internal/Formatter
Event: 14.759 loading class org/hibernate/engine/jdbc/internal/Formatter done
Event: 14.759 loading class org/hibernate/engine/jdbc/internal/BasicFormatterImpl
Event: 14.759 loading class org/hibernate/engine/jdbc/internal/BasicFormatterImpl done
Event: 14.759 loading class org/hibernate/engine/jdbc/internal/DDLFormatterImpl
Event: 14.759 loading class org/hibernate/engine/jdbc/internal/DDLFormatterImpl done
Event: 14.760 loading class org/hibernate/engine/jdbc/internal/FormatStyle$NoFormatImpl
Event: 14.760 loading class org/hibernate/engine/jdbc/internal/FormatStyle$NoFormatImpl done


Dynamic libraries:
00400000-00401000 r-xp 00000000 08:03 3554757                            /usr/lib/jvm/java-8-oracle/bin/java
00600000-00601000 rw-p 00000000 08:03 3554757                            /usr/lib/jvm/java-8-oracle/bin/java
0155f000-01580000 rw-p 00000000 00:00 0                                  [heap]
6c0000000-6eb700000 rw-p 00000000 00:00 0 
6eb700000-76ab00000 ---p 00000000 00:00 0 
76ab00000-788300000 rw-p 00000000 00:00 0 
788300000-7c0000000 ---p 00000000 00:00 0 
7c0000000-7c0600000 rw-p 00000000 00:00 0 
7c0600000-800000000 ---p 00000000 00:00 0 
7f0770000000-7f0770021000 rw-p 00000000 00:00 0 
7f0770021000-7f0774000000 ---p 00000000 00:00 0 
7f0774000000-7f0774021000 rw-p 00000000 00:00 0 
7f0774021000-7f0778000000 ---p 00000000 00:00 0 
7f0778000000-7f0778021000 rw-p 00000000 00:00 0 
7f0778021000-7f077c000000 ---p 00000000 00:00 0 
7f077c000000-7f077c021000 rw-p 00000000 00:00 0 
7f077c021000-7f0780000000 ---p 00000000 00:00 0 
7f0780000000-7f0780021000 rw-p 00000000 00:00 0 
7f0780021000-7f0784000000 ---p 00000000 00:00 0 
7f0784000000-7f0784021000 rw-p 00000000 00:00 0 
7f0784021000-7f0788000000 ---p 00000000 00:00 0 
7f0788000000-7f0788021000 rw-p 00000000 00:00 0 
7f0788021000-7f078c000000 ---p 00000000 00:00 0 
7f078c000000-7f078c021000 rw-p 00000000 00:00 0 
7f078c021000-7f0790000000 ---p 00000000 00:00 0 
7f0790000000-7f07902b3000 rw-p 00000000 00:00 0 
7f07902b3000-7f0794000000 ---p 00000000 00:00 0 
7f0794000000-7f0794021000 rw-p 00000000 00:00 0 
7f0794021000-7f0798000000 ---p 00000000 00:00 0 
7f0798000000-7f0798021000 rw-p 00000000 00:00 0 
7f0798021000-7f079c000000 ---p 00000000 00:00 0 
7f079c000000-7f079c23a000 rw-p 00000000 00:00 0 
7f079c23a000-7f07a0000000 ---p 00000000 00:00 0 
7f07a0000000-7f07a0021000 rw-p 00000000 00:00 0 
7f07a0021000-7f07a4000000 ---p 00000000 00:00 0 
7f07a4000000-7f07a4021000 rw-p 00000000 00:00 0 
7f07a4021000-7f07a8000000 ---p 00000000 00:00 0 
7f07a8000000-7f07a9d87000 rw-p 00000000 00:00 0 
7f07a9d87000-7f07ac000000 ---p 00000000 00:00 0 
7f07ac000000-7f07accc3000 rw-p 00000000 00:00 0 
7f07accc3000-7f07b0000000 ---p 00000000 00:00 0 
7f07b0000000-7f07b0021000 rw-p 00000000 00:00 0 
7f07b0021000-7f07b4000000 ---p 00000000 00:00 0 
7f07b4000000-7f07b6420000 rw-p 00000000 00:00 0 
7f07b6420000-7f07b8000000 ---p 00000000 00:00 0 
7f07b8000000-7f07b8021000 rw-p 00000000 00:00 0 
7f07b8021000-7f07bc000000 ---p 00000000 00:00 0 
7f07bc000000-7f07bc021000 rw-p 00000000 00:00 0 
7f07bc021000-7f07c0000000 ---p 00000000 00:00 0 
7f07c0000000-7f07c8000000 rw-p 00000000 00:00 0 
7f07c8000000-7f07c8021000 rw-p 00000000 00:00 0 
7f07c8021000-7f07cc000000 ---p 00000000 00:00 0 
7f07cc000000-7f07cc1d3000 rw-p 00000000 00:00 0 
7f07cc1d3000-7f07d0000000 ---p 00000000 00:00 0 
7f07d0000000-7f07d0021000 rw-p 00000000 00:00 0 
7f07d0021000-7f07d4000000 ---p 00000000 00:00 0 
7f07d6e73000-7f07d6e76000 ---p 00000000 00:00 0 
7f07d6e76000-7f07d6f74000 rw-p 00000000 00:00 0                          [stack:3726]
7f07d6f74000-7f07d6f77000 ---p 00000000 00:00 0 
7f07d6f77000-7f07d7075000 rw-p 00000000 00:00 0                          [stack:3725]
7f07d7075000-7f07d7078000 ---p 00000000 00:00 0 
7f07d7078000-7f07d7176000 rw-p 00000000 00:00 0                          [stack:3724]
7f07d7176000-7f07d7179000 ---p 00000000 00:00 0 
7f07d7179000-7f07d7277000 rw-p 00000000 00:00 0                          [stack:3723]
7f07d7277000-7f07d727a000 ---p 00000000 00:00 0 
7f07d727a000-7f07d7438000 rw-p 00000000 00:00 0                          [stack:3722]
7f07d7438000-7f07d7578000 ---p 00000000 00:00 0 
7f07d7578000-7f07d7778000 rw-p 00000000 00:00 0 
7f07d7778000-7f07d7978000 rw-p 00000000 00:00 0 
7f07d7978000-7f07d7b78000 rw-p 00000000 00:00 0 
7f07d7b78000-7f07d7bfc000 r-xp 00000000 08:03 5917606                    /tmp/sqlite-3.7.2-libsqlitejdbc.so
7f07d7bfc000-7f07d7dfc000 ---p 00084000 08:03 5917606                    /tmp/sqlite-3.7.2-libsqlitejdbc.so
7f07d7dfc000-7f07d7dfd000 r--p 00084000 08:03 5917606                    /tmp/sqlite-3.7.2-libsqlitejdbc.so
7f07d7dfd000-7f07d7e00000 rw-p 00085000 08:03 5917606                    /tmp/sqlite-3.7.2-libsqlitejdbc.so
7f07d7e00000-7f07d8000000 rw-p 00000000 00:00 0 
7f07d8000000-7f07d8021000 rw-p 00000000 00:00 0 
7f07d8021000-7f07dc000000 ---p 00000000 00:00 0 
7f07dc074000-7f07dc077000 ---p 00000000 00:00 0 
7f07dc077000-7f07dc0ad000 rw-p 00000000 00:00 0                          [stack:3721]
7f07dc0ad000-7f07dc0b0000 ---p 00000000 00:00 0 
7f07dc0b0000-7f07dc3ae000 rw-p 00000000 00:00 0                          [stack:3719]
7f07dc3ae000-7f07dc3b1000 ---p 00000000 00:00 0 
7f07dc3b1000-7f07dc4af000 rw-p 00000000 00:00 0                          [stack:3718]
7f07dc4af000-7f07dc4b2000 ---p 00000000 00:00 0 
7f07dc4b2000-7f07dc7b0000 rw-p 00000000 00:00 0                          [stack:3717]
7f07dc7b0000-7f07dc7b3000 ---p 00000000 00:00 0 
7f07dc7b3000-7f07dcab1000 rw-p 00000000 00:00 0                          [stack:3716]
7f07dcae6000-7f07dcce7000 rw-p 00000000 00:00 0 
7f07dcce7000-7f07dccfa000 r--s 00345000 08:03 3569668                    /usr/lib/jvm/java-8-oracle/jre/lib/resources.jar
7f07dccfa000-7f07dcefa000 rw-p 00000000 00:00 0 
7f07dcefa000-7f07dcf8f000 r--s 01109000 08:03 3569596                    /usr/lib/jvm/java-8-oracle/jre/lib/ext/jfxrt.jar
7f07dcf8f000-7f07dd18f000 rw-p 00000000 00:00 0 
7f07dd18f000-7f07dd1a0000 r-xp 00000000 08:03 4870868                    /usr/lib/jvm/java-8-oracle/jre/lib/amd64/libnio.so
7f07dd1a0000-7f07dd39f000 ---p 00011000 08:03 4870868                    /usr/lib/jvm/java-8-oracle/jre/lib/amd64/libnio.so
7f07dd39f000-7f07dd3a0000 rw-p 00010000 08:03 4870868                    /usr/lib/jvm/java-8-oracle/jre/lib/amd64/libnio.so
7f07dd3a0000-7f07dd5a0000 rw-p 00000000 00:00 0 
7f07dd5a0000-7f07dd5a5000 r--s 002f9000 08:03 3569547                    /usr/lib/jvm/java-8-oracle/jre/lib/charsets.jar
7f07dd5a5000-7f07dd7a5000 rw-p 00000000 00:00 0 
7f07dd7a5000-7f07dd7a8000 ---p 00000000 00:00 0 
7f07dd7a8000-7f07dd8a6000 rw-p 00000000 00:00 0                          [stack:3715]
7f07dd8a6000-7f07dd8af000 r-xp 00000000 08:03 4870832                    /usr/lib/jvm/java-8-oracle/jre/lib/amd64/libmanagement.so
7f07dd8af000-7f07ddaae000 ---p 00009000 08:03 4870832                    /usr/lib/jvm/java-8-oracle/jre/lib/amd64/libmanagement.so
7f07ddaae000-7f07ddaaf000 rw-p 00008000 08:03 4870832                    /usr/lib/jvm/java-8-oracle/jre/lib/amd64/libmanagement.so
7f07ddaaf000-7f07ddcaf000 rw-p 00000000 00:00 0 
7f07ddcaf000-7f07ddeaf000 rw-p 00000000 00:00 0 
7f07ddeaf000-7f07de0af000 rw-p 00000000 00:00 0 
7f07de0af000-7f07de0b3000 r--s 0009a000 08:03 3569602                    /usr/lib/jvm/java-8-oracle/jre/lib/jsse.jar
7f07de0b3000-7f07de0b6000 ---p 00000000 00:00 0 
7f07de0b6000-7f07de1b4000 rw-p 00000000 00:00 0                          [stack:3712]
7f07de1b4000-7f07de1ca000 r-xp 00000000 08:03 4870893                    /usr/lib/jvm/java-8-oracle/jre/lib/amd64/libnet.so
7f07de1ca000-7f07de3ca000 ---p 00016000 08:03 4870893                    /usr/lib/jvm/java-8-oracle/jre/lib/amd64/libnet.so
7f07de3ca000-7f07de3cb000 rw-p 00016000 08:03 4870893                    /usr/lib/jvm/java-8-oracle/jre/lib/amd64/libnet.so
7f07de3cb000-7f07de3cc000 r--s 0000c000 08:03 5916924                    /home/sharmila/.gradle/caches/modules-2/files-2.1/org.ow2.asm/asm/5.0.3/dcc2193db20e19e1feca8b1240dbbc4e190824fa/asm-5.0.3.jar
7f07de3cc000-7f07de3d6000 r--s 00069000 08:03 5923589                    /home/sharmila/.gradle/caches/modules-2/files-2.1/ch.qos.logback/logback-core/1.1.8/b4d1c3dea91727faf8b3d19cf4b9b972d6c0b89/logback-core-1.1.8.jar
7f07de3d6000-7f07de3d8000 r--s 00012000 08:03 5916922                    /home/sharmila/.gradle/caches/modules-2/files-2.1/net.minidev/accessors-smart/1.1/a527213f2fea112a04c9bdf0ec0264e34104cd08/accessors-smart-1.1.jar
7f07de3d8000-7f07de3da000 r--s 00009000 08:03 5923902                    /home/sharmila/.gradle/caches/modules-2/files-2.1/org.apache.tomcat/tomcat-juli/8.5.6/83d2d1e3362ecca504f3bf8ed1bc4cc451754d24/tomcat-juli-8.5.6.jar
7f07de3da000-7f07de3e3000 r--s 0002d000 08:03 5923903                    /home/sharmila/.gradle/caches/modules-2/files-2.1/xml-apis/xml-apis/1.4.01/3789d9fada2d3d458c4ba2de349d48780f381ee3/xml-apis-1.4.01.jar
7f07de3e3000-7f07de3e5000 r--s 00004000 08:03 5923588                    /home/sharmila/.gradle/caches/modules-2/files-2.1/org.slf4j/log4j-over-slf4j/1.7.22/a527c37e9ca6c3d19ba298edd4aa344ca751a203/log4j-over-slf4j-1.7.22.jar
7f07de3e5000-7f07de3e7000 r--s 00000000 08:03 5923587                    /home/sharmila/.gradle/caches/modules-2/files-2.1/org.slf4j/jul-to-slf4j/1.7.22/b0429e950b3d2bc2c39c1bacafac753edbe3781c/jul-to-slf4j-1.7.22.jar
7f07de3e7000-7f07de3ed000 r--s 00045000 08:03 5923585                    /home/sharmila/.gradle/caches/modules-2/files-2.1/ch.qos.logback/logback-classic/1.1.8/e54f49a227611976642f81cf2106b81c1ece8bf5/logback-classic-1.1.8.jar
7f07de3ed000-7f07de3ee000 r--s 0000f000 08:03 5916909                    /home/sharmila/.gradle/caches/modules-2/files-2.1/org.json/json/20140107/d1ffca6e2482b002702c6a576166fd685e3370e3/json-20140107.jar
7f07de3ee000-7f07de3f0000 r--s 00009000 08:03 5916921                    /home/sharmila/.gradle/caches/modules-2/files-2.1/org.objenesis/objenesis/2.1/87c0ea803b69252868d09308b4618f766f135a96/objenesis-2.1.jar
7f07de3f0000-7f07de3f3000 r--s 0001b000 08:03 5916920                    /home/sharmila/.gradle/caches/modules-2/files-2.1/net.minidev/json-smart/2.2.1/5b9e5df7a62d1279b70dc882b041d249c4f0b002/json-smart-2.2.1.jar
7f07de3f3000-7f07de3f5000 r--s 00003000 08:03 5923586                    /home/sharmila/.gradle/caches/modules-2/files-2.1/org.slf4j/jcl-over-slf4j/1.7.22/86ceac14535af5a42c8fb0d06d79b925dd3cb263/jcl-over-slf4j-1.7.22.jar
7f07de3f5000-7f07de3f7000 r--s 00009000 08:03 5923584                    /home/sharmila/.gradle/caches/modules-2/files-2.1/org.slf4j/slf4j-api/1.7.22/a1c83373863cec7ae8d89dc1c5722d8cb6ec0309/slf4j-api-1.7.22.jar
7f07de3f7000-7f07de3ff000 r--s 0003a000 08:03 5923901                    /home/sharmila/.gradle/caches/modules-2/files-2.1/org.springframework/spring-tx/4.3.5.RELEASE/296d8ae21fadc0f115dae7d1e8d5c4f8c7de2c3e/spring-tx-4.3.5.RELEASE.jar
7f07de3ff000-7f07de409000 r--s 0006b000 08:03 5923900                    /home/sharmila/.gradle/caches/modules-2/files-2.1/org.springframework/spring-orm/4.3.5.RELEASE/64c29d310b69bcc6e1fd5a738fa3629bdedb2d3f/spring-orm-4.3.5.RELEASE.jar
7f07de409000-7f07de419000 r--s 0009a000 08:03 5923899                    /home/sharmila/.gradle/caches/modules-2/files-2.1/org.springframework.data/spring-data-commons/1.12.6.RELEASE/b6403dcfce33e89613f364d80d653d7540279c47/spring-data-commons-1.12.6.RELEASE.jar
7f07de419000-7f07de423000 r--s 0005f000 08:03 5923898                    /home/sharmila/.gradle/caches/modules-2/files-2.1/org.springframework/spring-jdbc/4.3.5.RELEASE/7c09e38b6f6e0b178973dea06bb8fdc6d19aa596/spring-jdbc-4.3.5.RELEASE.jar
7f07de423000-7f07de426000 r--s 00020000 08:03 5923897                    /home/sharmila/.gradle/caches/modules-2/files-2.1/org.apache.tomcat/tomcat-jdbc/8.5.6/feb10a9e22f70565c7556f327b0481dba8587bbc/tomcat-jdbc-8.5.6.jar
7f07de426000-7f07de43f000 r--s 001af000 08:03 5923896                    /home/sharmila/.gradle/caches/modules-2/files-2.1/org.aspectj/aspectjweaver/1.8.9/db28774f477f07220eac18d5ec9c4e01f48589d7/aspectjweaver-1.8.9.jar
7f07de43f000-7f07de442000 r--s 00010000 08:03 5923833                    /home/sharmila/.gradle/caches/modules-2/files-2.1/org.hibernate.common/hibernate-commons-annotations/5.0.1.Final/71e1cff3fcb20d3b3af4f3363c3ddb24d33c6879/hibernate-commons-annotations-5.0.1.Final.jar
7f07de442000-7f07de447000 r--s 00048000 08:03 5923832                    /home/sharmila/.gradle/caches/modules-2/files-2.1/dom4j/dom4j/1.6.1/5d3ccc056b6f056dbf0dddfdf43894b9065a8f94/dom4j-1.6.1.jar
7f07de447000-7f07de44a000 r--s 0002b000 08:03 5923433                    /home/sharmila/.gradle/caches/modules-2/files-2.1/org.jboss/jandex/2.0.0.Final/3e899258936f94649c777193e1be846387ed54b3/jandex-2.0.0.Final.jar
7f07de44a000-7f07de44b000 r--s 00003000 08:03 5923830                    /home/sharmila/.gradle/caches/modules-2/files-2.1/org.apache.geronimo.specs/geronimo-jta_1.1_spec/1.1.1/aabab3165b8ea936b9360abbf448459c0d04a5a4/geronimo-jta_1.1_spec-1.1.1.jar
7f07de44b000-7f07de450000 r--s 00068000 08:03 5923829                    /home/sharmila/.gradle/caches/modules-2/files-2.1/antlr/antlr/2.7.7/83cd2cd674a217ade95a4bb83a8a14f351f48bd0/antlr-2.7.7.jar
7f07de450000-7f07de455000 r--s 0003c000 08:03 5923583                    /home/sharmila/.gradle/caches/modules-2/files-2.1/org.springframework/spring-expression/4.3.5.RELEASE/3689dc6c5b942ecde4122eac889ed87977d6f287/spring-expression-4.3.5.RELEASE.jar
7f07de455000-7f07de46f000 r--s 000fc000 08:03 5923582                    /home/sharmila/.gradle/caches/modules-2/files-2.1/org.springframework/spring-context/4.3.5.RELEASE/ca3391c0e17d0138335ba51b51371661d20d56a8/spring-context-4.3.5.RELEASE.jar
7f07de46f000-7f07de47c000 r--s 000ad000 08:03 5923581                    /home/sharmila/.gradle/caches/modules-2/files-2.1/org.springframework/spring-beans/4.3.5.RELEASE/e12bbc3277da28e2e2608a187f83091dc6c300bf/spring-beans-4.3.5.RELEASE.jar
7f07de47c000-7f07de485000 r--s 00054000 08:03 5923580                    /home/sharmila/.gradle/caches/modules-2/files-2.1/org.springframework/spring-aop/4.3.5.RELEASE/4f113218af716bd8d174c411f19b26418b5a70f6/spring-aop-4.3.5.RELEASE.jar
7f07de485000-7f07de489000 r--s 00041000 08:03 5923579                    /home/sharmila/.gradle/caches/modules-2/files-2.1/com.fasterxml.jackson.core/jackson-core/2.8.5/60d059f5d2930ccd1ef03535b713fd9f933d1ba7/jackson-core-2.8.5.jar
7f07de489000-7f07de48c000 r--s 0000b000 08:03 5923578                    /home/sharmila/.gradle/caches/modules-2/files-2.1/com.fasterxml.jackson.core/jackson-annotations/2.8.5/9d82ff47bc2c2d3b5b6a6618fe636782bbcd5b07/jackson-annotations-2.8.5.jar
7f07de48c000-7f07de48e000 r--s 0000e000 08:03 5917543                    /home/sharmila/.gradle/caches/modules-2/files-2.1/com.fasterxml/classmate/1.3.3/864c8e370a691e343210cc7c532fc198cee460d8/classmate-1.3.3.jar
7f07de48e000-7f07de492000 r--s 0000c000 08:03 5916766                    /home/sharmila/.gradle/caches/modules-2/files-2.1/javax.validation/validation-api/1.1.0.Final/8613ae82954779d518631e05daa73a6a954817d5/validation-api-1.1.0.Final.jar
7f07de492000-7f07de497000 r--s 00036000 08:03 5917542                    /home/sharmila/.gradle/caches/modules-2/files-2.1/org.apache.tomcat.embed/tomcat-embed-websocket/8.5.6/6f6940a216b380ea8506530c374fcfeef820ba54/tomcat-embed-websocket-8.5.6.jar
7f07de497000-7f07de498000 r--s 00000000 08:03 5923577                    /home/sharmila/.gradle/caches/modules-2/files-2.1/org.springframework.boot/spring-boot-starter-logging/1.4.3.RELEASE/1c58783c0694abf695babfd39829922d2d501ec2/spring-boot-starter-logging-1.4.3.RELEASE.jar
7f07de498000-7f07de4b6000 r--s 000d0000 08:03 5923576                    /home/sharmila/.gradle/caches/modules-2/files-2.1/org.springframework.boot/spring-boot-autoconfigure/1.4.3.RELEASE/41df1bfbdd4ae4e8499ebe1a4bc613bda316d6e1/spring-boot-autoconfigure-1.4.3.RELEASE.jar
7f07de4b6000-7f07de4c6000 r--s 00092000 08:03 5923575                    /home/sharmila/.gradle/caches/modules-2/files-2.1/org.springframework.boot/spring-boot/1.4.3.RELEASE/17f94def4460075afdfba6bf8f897cd1fc95bf77/spring-boot-1.4.3.RELEASE.jar
7f07de4c6000-7f07de4d5000 r--s 00084000 08:03 5923574                    /home/sharmila/.gradle/caches/modules-2/files-2.1/org.springframework/spring-test/4.3.5.RELEASE/a1965127e07b469d8e5bb3d2b0ff850423b66be4/spring-test-4.3.5.RELEASE.jar
7f07de4d5000-7f07de4eb000 r--s 000fa000 08:03 5923530                    /home/sharmila/.gradle/caches/modules-2/files-2.1/org.springframework/spring-core/4.3.5.RELEASE/80299e3f80e8c6d5c076db2ba6adf44a4b52f578/spring-core-4.3.5.RELEASE.jar
7f07de4eb000-7f07de4ec000 r--s 00006000 08:03 5916915                    /home/sharmila/.gradle/caches/modules-2/files-2.1/org.skyscreamer/jsonassert/1.3.0/d5c250eb122496866de36dc84f98e2945845ecdd/jsonassert-1.3.0.jar
7f07de4ec000-7f07de4ed000 r--s 0000c000 08:03 5916912                    /home/sharmila/.gradle/caches/modules-2/files-2.1/org.hamcrest/hamcrest-library/1.3/4785a3c21320980282f9f33d0d1264a69040538f/hamcrest-library-1.3.jar
7f07de4ed000-7f07de4ef000 r--s 00009000 08:03 5913472                    /home/sharmila/.gradle/caches/modules-2/files-2.1/org.hamcrest/hamcrest-core/1.3/42a25dc3219429f0e5d060061f71acb49bf010a0/hamcrest-core-1.3.jar
7f07de4ef000-7f07de50b000 r--s 00103000 08:03 5916914                    /home/sharmila/.gradle/caches/modules-2/files-2.1/org.mockito/mockito-core/1.10.19/e8546f5bef4e061d8dd73895b4e8f40e3fe6effe/mockito-core-1.10.19.jar
7f07de50b000-7f07de51e000 r--s 000d2000 08:03 5916913                    /home/sharmila/.gradle/caches/modules-2/files-2.1/org.assertj/assertj-core/2.5.0/fcd21db4c5f33e5dcac69bf1816415fe0647582f/assertj-core-2.5.0.jar
7f07de51e000-7f07de523000 r--s 0002e000 08:03 5916911                    /home/sharmila/.gradle/caches/modules-2/files-2.1/com.jayway.jsonpath/json-path/2.2.0/22290d17944bd239fabf5ac69005a60a7ecbbbcb/json-path-2.2.0.jar
7f07de523000-7f07de528000 r--s 00017000 08:03 5923573                    /home/sharmila/.gradle/caches/modules-2/files-2.1/org.springframework.boot/spring-boot-test-autoconfigure/1.4.3.RELEASE/1a7587605e981a58104a501ab1896e2eb7a76686/spring-boot-test-autoconfigure-1.4.3.RELEASE.jar
7f07de528000-7f07de52d000 r--s 00021000 08:03 5923572                    /home/sharmila/.gradle/caches/modules-2/files-2.1/org.springframework.boot/spring-boot-test/1.4.3.RELEASE/2d76638f0f13b33859bf3b927c232ff0f8a4ffbf/spring-boot-test-1.4.3.RELEASE.jar
7f07de52d000-7f07de533000 r--s 0003d000 08:03 5916762                    /home/sharmila/.gradle/caches/modules-2/files-2.1/org.yaml/snakeyaml/1.17/7a27ea250c5130b2922b86dea63cbb1cc10a660c/snakeyaml-1.17.jar
7f07de533000-7f07de535000 r--s 00006000 08:03 5923638                    /home/sharmila/.gradle/caches/modules-2/files-2.1/com.beust/jcommander/1.12/7409692b48022f9eca7445861defbcdb9ee3c2a8/jcommander-1.12.jar
7f07de535000-7f07de53a000 r--s 00040000 08:03 5923637                    /home/sharmila/.gradle/caches/modules-2/files-2.1/org.beanshell/bsh/2.0b4/a05f0a0feefa8d8467ac80e16e7de071489f0d9c/bsh-2.0b4.jar
7f07de53a000-7f07de542000 r--s 00045000 08:03 5913471                    /home/sharmila/.gradle/caches/modules-2/files-2.1/junit/junit/4.12/2973d150c0dc1fefe998f834810d68f278ea58ec/junit-4.12.jar
7f07de542000-7f07de545000 r--s 0000c000 08:03 5923895                    /home/sharmila/.gradle/caches/modules-2/files-2.1/org.springframework/spring-aspects/4.3.5.RELEASE/8c00c15865a1da0a1ba143a50622a8436a56e097/spring-aspects-4.3.5.RELEASE.jar
7f07de545000-7f07de54b000 r--s 0003f000 08:03 5923894                    /home/sharmila/.gradle/caches/modules-2/files-2.1/org.springframework.data/spring-data-jpa/1.10.6.RELEASE/5d478860b24a493845248c1c336c33a657567bd3/spring-data-jpa-1.10.6.RELEASE.jar
7f07de54b000-7f07de54d000 r--s 00006000 08:03 5923893                    /home/sharmila/.gradle/caches/modules-2/files-2.1/javax.transaction/javax.transaction-api/1.2/d81aff979d603edd90dcd8db2abc1f4ce6479e3e/javax.transaction-api-1.2.jar
7f07de54d000-7f07de55a000 r--s 00089000 08:03 5923892                    /home/sharmila/.gradle/caches/modules-2/files-2.1/org.hibernate/hibernate-entitymanager/5.0.11.Final/549565caed4e0bcb816843693e66ff7b04ce025f/hibernate-entitymanager-5.0.11.Final.jar
7f07de55a000-7f07de55b000 r--s 00000000 08:03 5923891                    /home/sharmila/.gradle/caches/modules-2/files-2.1/org.springframework.boot/spring-boot-starter-jdbc/1.4.3.RELEASE/7ce66cf27ea731189248be7af2ab84ba189e1151/spring-boot-starter-jdbc-1.4.3.RELEASE.jar
7f07de55b000-7f07de565000 r--s 000ae000 08:03 5916958                    /home/sharmila/.gradle/caches/modules-2/files-2.1/org.javassist/javassist/3.20.0-GA/a9cbcdfb7e9f86fbc74d3afae65f2248bfbf82a0/javassist-3.20.0-GA.jar
7f07de565000-7f07de5ce000 r--s 004f3000 08:03 5923432                    /home/sharmila/.gradle/caches/modules-2/files-2.1/org.hibernate/hibernate-core/5.0.11.Final/c2487fb72a2217a7cec9ab478d4c21a36fc09977/hibernate-core-5.0.11.Final.jar
7f07de5ce000-7f07de5e1000 r--s 00236000 08:03 5916949                    /home/sharmila/.gradle/caches/modules-2/files-2.1/org.eclipse.jdt.core.compiler/ecj/4.5.1/bee1367ac12fb6a20b422ff8711ebeb4f0a42316/ecj-4.5.1.jar
7f07de5e1000-7f07de60a000 r--s 002b2000 08:03 5917540                    /home/sharmila/.gradle/caches/modules-2/files-2.1/org.apache.tomcat.embed/tomcat-embed-core/8.5.6/960834b5abc6b2135250487abf6c060a0fa5a22e/tomcat-embed-core-8.5.6.jar
7f07de60a000-7f07de60b000 ---p 00000000 00:00 0 
7f07de60b000-7f07de70b000 rw-p 00000000 00:00 0                          [stack:3709]
7f07de70b000-7f07de70e000 ---p 00000000 00:00 0 
7f07de70e000-7f07de80c000 rw-p 00000000 00:00 0                          [stack:3708]
7f07de80c000-7f07de80f000 ---p 00000000 00:00 0 
7f07de80f000-7f07de90d000 rw-p 00000000 00:00 0                          [stack:3707]
7f07de90d000-7f07de910000 ---p 00000000 00:00 0 
7f07de910000-7f07dea0e000 rw-p 00000000 00:00 0                          [stack:3706]
7f07dea0e000-7f07dea11000 ---p 00000000 00:00 0 
7f07dea11000-7f07deb0f000 rw-p 00000000 00:00 0                          [stack:3705]
7f07deb0f000-7f07deb12000 ---p 00000000 00:00 0 
7f07deb12000-7f07dec10000 rw-p 00000000 00:00 0                          [stack:3704]
7f07dec10000-7f07df2f3000 r--p 00000000 08:03 3152909                    /usr/lib/locale/locale-archive
7f07df2f3000-7f07df2f6000 ---p 00000000 00:00 0 
7f07df2f6000-7f07df3f4000 rw-p 00000000 00:00 0                          [stack:3703]
7f07df3f4000-7f07df3f7000 ---p 00000000 00:00 0 
7f07df3f7000-7f07df4f5000 rw-p 00000000 00:00 0                          [stack:3702]
7f07df4f5000-7f07df4f6000 ---p 00000000 00:00 0 
7f07df4f6000-7f07e0000000 rw-p 00000000 00:00 0                          [stack:3701]
7f07e0000000-7f07e0021000 rw-p 00000000 00:00 0 
7f07e0021000-7f07e4000000 ---p 00000000 00:00 0 
7f07e4000000-7f07e4001000 r--s 00000000 08:03 5923890                    /home/sharmila/.gradle/caches/modules-2/files-2.1/org.springframework.boot/spring-boot-starter-aop/1.4.3.RELEASE/30b11b6455bed446d3b4a1a49fab529b2cfac454/spring-boot-starter-aop-1.4.3.RELEASE.jar
7f07e4001000-7f07e4006000 r--s 00017000 08:03 5923828                    /home/sharmila/.gradle/caches/modules-2/files-2.1/org.hibernate.javax.persistence/hibernate-jpa-2.1-api/1.0.0.Final/5e731d961297e5a07290bfaf3db1fbc8bbbf405a/hibernate-jpa-2.1-api-1.0.0.Final.jar
7f07e4006000-7f07e400b000 r--s 00036000 08:03 5917541                    /home/sharmila/.gradle/caches/modules-2/files-2.1/org.apache.tomcat.embed/tomcat-embed-el/8.5.6/a102298d8dc72f4065533d5962953d753b172602/tomcat-embed-el-8.5.6.jar
7f07e400b000-7f07e401c000 r--s 000cf000 08:03 5923571                    /home/sharmila/.gradle/caches/modules-2/files-2.1/org.springframework/spring-webmvc/4.3.5.RELEASE/c624659217edab07d8279fb0f90462136f089220/spring-webmvc-4.3.5.RELEASE.jar
7f07e401c000-7f07e402e000 r--s 000b6000 08:03 5923570                    /home/sharmila/.gradle/caches/modules-2/files-2.1/org.springframework/spring-web/4.3.5.RELEASE/6641daccf2fddafc8358144f3a4f999130fdf144/spring-web-4.3.5.RELEASE.jar
7f07e402e000-7f07e403f000 r--s 0011d000 08:03 5923569                    /home/sharmila/.gradle/caches/modules-2/files-2.1/com.fasterxml.jackson.core/jackson-databind/2.8.5/b3035f37e674c04dafe36a660c3815cc59f764e2/jackson-databind-2.8.5.jar
7f07e403f000-7f07e404f000 r--s 0009c000 08:03 5916756                    /home/sharmila/.gradle/caches/modules-2/files-2.1/org.hibernate/hibernate-validator/5.2.4.Final/fb18766b576aa6632bcfe9a20a023cbd52bf9769/hibernate-validator-5.2.4.Final.jar
7f07e404f000-7f07e4627000 rw-p 00000000 00:00 0 
7f07e4627000-7f07e4800000 r--s 03d3e000 08:03 3569606                    /usr/lib/jvm/java-8-oracle/jre/lib/rt.jar
7f07e4800000-7f07e5000000 rw-p 00000000 00:00 0 
7f07e5000000-7f07e5c40000 rwxp 00000000 00:00 0 
7f07e5c40000-7f07f4000000 ---p 00000000 00:00 0 
7f07f4000000-7f07f55f0000 rw-p 00000000 00:00 0 
7f07f55f0000-7f07f8000000 ---p 00000000 00:00 0 
7f07f8000000-7f07f8002000 r--s 0000f000 08:03 5916917                    /home/sharmila/.gradle/caches/modules-2/files-2.1/org.jboss.logging/jboss-logging/3.3.0.Final/3616bb87707910296e2c195dc016287080bba5af/jboss-logging-3.3.0.Final.jar
7f07f8002000-7f07f8003000 r--s 00000000 08:03 5923568                    /home/sharmila/.gradle/caches/modules-2/files-2.1/org.springframework.boot/spring-boot-starter-tomcat/1.4.3.RELEASE/61c48035a7a3b06b42fdd07b7109e562077b3792/spring-boot-starter-tomcat-1.4.3.RELEASE.jar
7f07f8003000-7f07f800f000 r--s 000a4000 08:03 5923636                    /home/sharmila/.gradle/caches/modules-2/files-2.1/org.testng/testng/6.5.2/5069d2e72356ed87645c5fc3622b0bbb5e0667c9/testng-6.5.2.jar
7f07f800f000-7f07f88a6000 rw-p 00000000 00:00 0 
7f07f88a6000-7f07f88a7000 ---p 00000000 00:00 0 
7f07f88a7000-7f07f89a7000 rw-p 00000000 00:00 0                          [stack:3700]
7f07f89a7000-7f07f89a8000 ---p 00000000 00:00 0 
7f07f89a8000-7f07f8aa8000 rw-p 00000000 00:00 0                          [stack:3699]
7f07f8aa8000-7f07f8aa9000 ---p 00000000 00:00 0 
7f07f8aa9000-7f07f8ba9000 rw-p 00000000 00:00 0                          [stack:3698]
7f07f8ba9000-7f07f8baa000 ---p 00000000 00:00 0 
7f07f8baa000-7f07f8e06000 rw-p 00000000 00:00 0                          [stack:3697]
7f07f8e06000-7f07f9200000 ---p 00000000 00:00 0 
7f07f9200000-7f07f935c000 rw-p 00000000 00:00 0 
7f07f935c000-7f07f9755000 ---p 00000000 00:00 0 
7f07f9755000-7f07f9842000 rw-p 00000000 00:00 0 
7f07f9842000-7f07f9a00000 ---p 00000000 00:00 0 
7f07f9a00000-7f07f9a32000 rw-p 00000000 00:00 0 
7f07f9a32000-7f07f9dc1000 ---p 00000000 00:00 0 
7f07f9dc1000-7f07f9ddb000 r-xp 00000000 08:03 4870864                    /usr/lib/jvm/java-8-oracle/jre/lib/amd64/libzip.so
7f07f9ddb000-7f07f9fdb000 ---p 0001a000 08:03 4870864                    /usr/lib/jvm/java-8-oracle/jre/lib/amd64/libzip.so
7f07f9fdb000-7f07f9fdc000 rw-p 0001a000 08:03 4870864                    /usr/lib/jvm/java-8-oracle/jre/lib/amd64/libzip.so
7f07f9fdc000-7f07f9fe6000 r-xp 00000000 08:03 4070135                    /lib/x86_64-linux-gnu/libnss_files-2.19.so
7f07f9fe6000-7f07fa1e5000 ---p 0000a000 08:03 4070135                    /lib/x86_64-linux-gnu/libnss_files-2.19.so
7f07fa1e5000-7f07fa1e6000 r--p 00009000 08:03 4070135                    /lib/x86_64-linux-gnu/libnss_files-2.19.so
7f07fa1e6000-7f07fa1e7000 rw-p 0000a000 08:03 4070135                    /lib/x86_64-linux-gnu/libnss_files-2.19.so
7f07fa1e7000-7f07fa1f2000 r-xp 00000000 08:03 4070127                    /lib/x86_64-linux-gnu/libnss_nis-2.19.so
7f07fa1f2000-7f07fa3f1000 ---p 0000b000 08:03 4070127                    /lib/x86_64-linux-gnu/libnss_nis-2.19.so
7f07fa3f1000-7f07fa3f2000 r--p 0000a000 08:03 4070127                    /lib/x86_64-linux-gnu/libnss_nis-2.19.so
7f07fa3f2000-7f07fa3f3000 rw-p 0000b000 08:03 4070127                    /lib/x86_64-linux-gnu/libnss_nis-2.19.so
7f07fa3f3000-7f07fa40a000 r-xp 00000000 08:03 4070123                    /lib/x86_64-linux-gnu/libnsl-2.19.so
7f07fa40a000-7f07fa609000 ---p 00017000 08:03 4070123                    /lib/x86_64-linux-gnu/libnsl-2.19.so
7f07fa609000-7f07fa60a000 r--p 00016000 08:03 4070123                    /lib/x86_64-linux-gnu/libnsl-2.19.so
7f07fa60a000-7f07fa60b000 rw-p 00017000 08:03 4070123                    /lib/x86_64-linux-gnu/libnsl-2.19.so
7f07fa60b000-7f07fa60d000 rw-p 00000000 00:00 0 
7f07fa60d000-7f07fa616000 r-xp 00000000 08:03 4070122                    /lib/x86_64-linux-gnu/libnss_compat-2.19.so
7f07fa616000-7f07fa815000 ---p 00009000 08:03 4070122                    /lib/x86_64-linux-gnu/libnss_compat-2.19.so
7f07fa815000-7f07fa816000 r--p 00008000 08:03 4070122                    /lib/x86_64-linux-gnu/libnss_compat-2.19.so
7f07fa816000-7f07fa817000 rw-p 00009000 08:03 4070122                    /lib/x86_64-linux-gnu/libnss_compat-2.19.so
7f07fa817000-7f07fa842000 r-xp 00000000 08:03 4870782                    /usr/lib/jvm/java-8-oracle/jre/lib/amd64/libjava.so
7f07fa842000-7f07faa41000 ---p 0002b000 08:03 4870782                    /usr/lib/jvm/java-8-oracle/jre/lib/amd64/libjava.so
7f07faa41000-7f07faa43000 rw-p 0002a000 08:03 4870782                    /usr/lib/jvm/java-8-oracle/jre/lib/amd64/libjava.so
7f07faa43000-7f07faa50000 r-xp 00000000 08:03 4870821                    /usr/lib/jvm/java-8-oracle/jre/lib/amd64/libverify.so
7f07faa50000-7f07fac4f000 ---p 0000d000 08:03 4870821                    /usr/lib/jvm/java-8-oracle/jre/lib/amd64/libverify.so
7f07fac4f000-7f07fac51000 rw-p 0000c000 08:03 4870821                    /usr/lib/jvm/java-8-oracle/jre/lib/amd64/libverify.so
7f07fac51000-7f07fac58000 r-xp 00000000 08:03 4070131                    /lib/x86_64-linux-gnu/librt-2.19.so
7f07fac58000-7f07fae57000 ---p 00007000 08:03 4070131                    /lib/x86_64-linux-gnu/librt-2.19.so
7f07fae57000-7f07fae58000 r--p 00006000 08:03 4070131                    /lib/x86_64-linux-gnu/librt-2.19.so
7f07fae58000-7f07fae59000 rw-p 00007000 08:03 4070131                    /lib/x86_64-linux-gnu/librt-2.19.so
7f07fae59000-7f07faf5e000 r-xp 00000000 08:03 4070117                    /lib/x86_64-linux-gnu/libm-2.19.so
7f07faf5e000-7f07fb15d000 ---p 00105000 08:03 4070117                    /lib/x86_64-linux-gnu/libm-2.19.so
7f07fb15d000-7f07fb15e000 r--p 00104000 08:03 4070117                    /lib/x86_64-linux-gnu/libm-2.19.so
7f07fb15e000-7f07fb15f000 rw-p 00105000 08:03 4070117                    /lib/x86_64-linux-gnu/libm-2.19.so
7f07fb15f000-7f07fbe2d000 r-xp 00000000 08:03 5260205                    /usr/lib/jvm/java-8-oracle/jre/lib/amd64/server/libjvm.so
7f07fbe2d000-7f07fc02d000 ---p 00cce000 08:03 5260205                    /usr/lib/jvm/java-8-oracle/jre/lib/amd64/server/libjvm.so
7f07fc02d000-7f07fc106000 rw-p 00cce000 08:03 5260205                    /usr/lib/jvm/java-8-oracle/jre/lib/amd64/server/libjvm.so
7f07fc106000-7f07fc151000 rw-p 00000000 00:00 0 
7f07fc151000-7f07fc30b000 r-xp 00000000 08:03 4070132                    /lib/x86_64-linux-gnu/libc-2.19.so
7f07fc30b000-7f07fc50b000 ---p 001ba000 08:03 4070132                    /lib/x86_64-linux-gnu/libc-2.19.so
7f07fc50b000-7f07fc50f000 r--p 001ba000 08:03 4070132                    /lib/x86_64-linux-gnu/libc-2.19.so
7f07fc50f000-7f07fc511000 rw-p 001be000 08:03 4070132                    /lib/x86_64-linux-gnu/libc-2.19.so
7f07fc511000-7f07fc516000 rw-p 00000000 00:00 0 
7f07fc516000-7f07fc519000 r-xp 00000000 08:03 4070119                    /lib/x86_64-linux-gnu/libdl-2.19.so
7f07fc519000-7f07fc718000 ---p 00003000 08:03 4070119                    /lib/x86_64-linux-gnu/libdl-2.19.so
7f07fc718000-7f07fc719000 r--p 00002000 08:03 4070119                    /lib/x86_64-linux-gnu/libdl-2.19.so
7f07fc719000-7f07fc71a000 rw-p 00003000 08:03 4070119                    /lib/x86_64-linux-gnu/libdl-2.19.so
7f07fc71a000-7f07fc72f000 r-xp 00000000 08:03 3555343                    /usr/lib/jvm/java-8-oracle/lib/amd64/jli/libjli.so
7f07fc72f000-7f07fc92f000 ---p 00015000 08:03 3555343                    /usr/lib/jvm/java-8-oracle/lib/amd64/jli/libjli.so
7f07fc92f000-7f07fc930000 rw-p 00015000 08:03 3555343                    /usr/lib/jvm/java-8-oracle/lib/amd64/jli/libjli.so
7f07fc930000-7f07fc949000 r-xp 00000000 08:03 4070124                    /lib/x86_64-linux-gnu/libpthread-2.19.so
7f07fc949000-7f07fcb48000 ---p 00019000 08:03 4070124                    /lib/x86_64-linux-gnu/libpthread-2.19.so
7f07fcb48000-7f07fcb49000 r--p 00018000 08:03 4070124                    /lib/x86_64-linux-gnu/libpthread-2.19.so
7f07fcb49000-7f07fcb4a000 rw-p 00019000 08:03 4070124                    /lib/x86_64-linux-gnu/libpthread-2.19.so
7f07fcb4a000-7f07fcb4e000 rw-p 00000000 00:00 0 
7f07fcb4e000-7f07fcb71000 r-xp 00000000 08:03 4070125                    /lib/x86_64-linux-gnu/ld-2.19.so
7f07fcb71000-7f07fcb72000 r--s 00000000 08:03 5923567                    /home/sharmila/.gradle/caches/modules-2/files-2.1/org.springframework.boot/spring-boot-starter/1.4.3.RELEASE/c99bad104719e947b3f9aa2b7569583805e4c5d5/spring-boot-starter-1.4.3.RELEASE.jar
7f07fcb72000-7f07fcb73000 r--s 00000000 08:03 5923566                    /home/sharmila/.gradle/caches/modules-2/files-2.1/org.springframework.boot/spring-boot-starter-test/1.4.3.RELEASE/6e9f1dbd3f68299c0183630ef07ca430de160050/spring-boot-starter-test-1.4.3.RELEASE.jar
7f07fcb73000-7f07fcb74000 r--s 00000000 08:03 5923889                    /home/sharmila/.gradle/caches/modules-2/files-2.1/org.springframework.boot/spring-boot-starter-data-jpa/1.4.3.RELEASE/ffda06c2144d10239014407333c223a237b73ad7/spring-boot-starter-data-jpa-1.4.3.RELEASE.jar
7f07fcb74000-7f07fcc47000 rw-p 00000000 00:00 0 
7f07fcc47000-7f07fcc4a000 ---p 00000000 00:00 0 
7f07fcc4a000-7f07fcd4c000 rw-p 00000000 00:00 0                          [stack:3696]
7f07fcd4c000-7f07fcd4d000 r--s 00003000 08:03 5923431                    /home/sharmila/.gradle/caches/modules-2/files-2.1/org.hibernate/hibernate-gradle-plugin/5.2.3.Final/db2ad8695e48a03a566b74fb5fc07c1732c1f5e5/hibernate-gradle-plugin-5.2.3.Final.jar
7f07fcd4d000-7f07fcd52000 r--s 00309000 08:03 5923826                    /home/sharmila/.gradle/caches/modules-2/files-2.1/org.xerial/sqlite-jdbc/3.7.2/7a3d67f00508d3881650579f7f228c61bfc1b196/sqlite-jdbc-3.7.2.jar
7f07fcd52000-7f07fcd5b000 r--s 00095000 08:03 5913393                    /home/sharmila/.gradle/caches/modules-2/files-2.1/org.apache.tomcat.embed/tomcat-embed-jasper/9.0.0.M11/e2cd5a7038094195c3163532e01daf051d9265fe/tomcat-embed-jasper-9.0.0.M11.jar
7f07fcd5b000-7f07fcd5c000 r--s 00000000 08:03 5923565                    /home/sharmila/.gradle/caches/modules-2/files-2.1/org.springframework.boot/spring-boot-starter-web/1.4.3.RELEASE/a0dcc919eda8e8ecb6f13f52a30e6afbb8266103/spring-boot-starter-web-1.4.3.RELEASE.jar
7f07fcd5c000-7f07fcd64000 r--s 00046000 08:03 2759763                    /home/sharmila/Downloads/sts 3.6.4/sts-bundle/sts-3.6.4.RELEASE/plugins/org.testng.eclipse_6.10.0.201612030230/lib/testng-remote.jar
7f07fcd64000-7f07fcd6c000 rw-s 00000000 08:03 5914075                    /tmp/hsperfdata_sharmila/3691
7f07fcd6c000-7f07fcd6d000 rw-p 00000000 00:00 0 
7f07fcd6d000-7f07fcd6e000 r--p 00000000 00:00 0 
7f07fcd6e000-7f07fcd70000 rw-p 00000000 00:00 0 
7f07fcd70000-7f07fcd71000 r--p 00022000 08:03 4070125                    /lib/x86_64-linux-gnu/ld-2.19.so
7f07fcd71000-7f07fcd72000 rw-p 00023000 08:03 4070125                    /lib/x86_64-linux-gnu/ld-2.19.so
7f07fcd72000-7f07fcd73000 rw-p 00000000 00:00 0 
7ffec83a9000-7ffec83cd000 rw-p 00000000 00:00 0                          [stack]
7ffec83e5000-7ffec83e7000 r-xp 00000000 00:00 0                          [vdso]
ffffffffff600000-ffffffffff601000 r-xp 00000000 00:00 0                  [vsyscall]

VM Arguments:
jvm_args: -ea -Xms1024m -Xmx4096m -Dfile.encoding=UTF-8 
java_command: org.testng.remote.RemoteTestNG -serport 53134 -protocol json -d /home/sharmila/Documents/work-office/TestNG_Project/test-output /tmp/testng-eclipse-1001720448/testng-customsuite.xml
java_class_path (initial): /home/sharmila/Downloads/sts 3.6.4/sts-bundle/sts-3.6.4.RELEASE/plugins/org.testng.eclipse_6.10.0.201612030230/lib/testng-remote.jar:/home/sharmila/Documents/work-office/TestNG_Project/bin:/home/sharmila/.gradle/caches/modules-2/files-2.1/org.springframework.boot/spring-boot-starter-web/1.4.3.RELEASE/a0dcc919eda8e8ecb6f13f52a30e6afbb8266103/spring-boot-starter-web-1.4.3.RELEASE.jar:/home/sharmila/.gradle/caches/modules-2/files-2.1/org.apache.tomcat.embed/tomcat-embed-jasper/9.0.0.M11/e2cd5a7038094195c3163532e01daf051d9265fe/tomcat-embed-jasper-9.0.0.M11.jar:/home/sharmila/.gradle/caches/modules-2/files-2.1/org.xerial/sqlite-jdbc/3.7.2/7a3d67f00508d3881650579f7f228c61bfc1b196/sqlite-jdbc-3.7.2.jar:/home/sharmila/.gradle/caches/modules-2/files-2.1/org.hibernate/hibernate-gradle-plugin/5.2.3.Final/db2ad8695e48a03a566b74fb5fc07c1732c1f5e5/hibernate-gradle-plugin-5.2.3.Final.jar:/home/sharmila/.gradle/caches/modules-2/files-2.1/org.springframework.boot/spring-boot-starter-data-jpa/1.4.3.RELEASE/ffda06c2144d10239014407333c223a237b73ad7/spring-boot-starter-data-jpa-1.4.3.RELEASE.jar:/home/sharmila/.gradle/caches/modules-2/files-2.1/org.testng/testng/6.5.2/5069d2e72356ed87645c5fc3622b0bbb5e0667c9/testng-6.5.2.jar:/home/sharmila/.gradle/caches/modules-2/files-2.1/org.springframework.boot/spring-boot-starter-test/1.4.3.RELEASE/6e9f1dbd3f68299c0183630ef07ca430de160050/spring-boot-starter-test-1.4.3.RELEASE.jar:/home/sharmila/.gradle/caches/modules-2/files-2.1/org.springframework.boot/spring-boot-starter/1.4.3.RELEASE/c99bad104719e947b3f9aa2b7569583805e4c5d5/spring-boot-starter-1.4.3.RELEASE.jar:/home/sharmila/.gradle/caches/modules-2/files-2.1/org.springframework.boot/spring-boot-starter-tomcat/1.4.3.RELEASE/61c48035a7a3b06b42fdd07b7109e562077b3792/spring-boot-starter-tomcat-1.4.3.RELEASE.jar:/home/sharmila/.gradle/caches/modules-2/files-2.1/org.hibernate/hibernate-validator/5.2.4.Final/fb18766b576aa6632bcfe9a20a023cbd52bf9769/hibernate-validator-5
Launcher Type: SUN_STANDARD

Environment Variables:
JAVA_HOME=/usr/lib/jvm/java-8-oracle
PATH=/usr/local/sbin:/usr/local/bin:/usr/sbin:/usr/bin:/sbin:/bin:/usr/games:/usr/local/games:/usr/lib/jvm/java-8-oracle/bin:/usr/lib/jvm/java-8-oracle/db/bin:/usr/lib/jvm/java-8-oracle/jre/bin
SHELL=/bin/bash
DISPLAY=:0.0

Signal Handlers:
SIGSEGV: [libjvm.so+0xac78c0], sa_mask[0]=11111111011111111101111111111110, sa_flags=SA_RESTART|SA_SIGINFO
SIGBUS: [libjvm.so+0xac78c0], sa_mask[0]=11111111011111111101111111111110, sa_flags=SA_RESTART|SA_SIGINFO
SIGFPE: [libjvm.so+0x920ac0], sa_mask[0]=11111111011111111101111111111110, sa_flags=SA_RESTART|SA_SIGINFO
SIGPIPE: [libjvm.so+0x920ac0], sa_mask[0]=11111111011111111101111111111110, sa_flags=SA_RESTART|SA_SIGINFO
SIGXFSZ: [libjvm.so+0x920ac0], sa_mask[0]=11111111011111111101111111111110, sa_flags=SA_RESTART|SA_SIGINFO
SIGILL: [libjvm.so+0x920ac0], sa_mask[0]=11111111011111111101111111111110, sa_flags=SA_RESTART|SA_SIGINFO
SIGUSR1: SIG_DFL, sa_mask[0]=00000000000000000000000000000000, sa_flags=none
SIGUSR2: [libjvm.so+0x922300], sa_mask[0]=00100000000000000000000000000000, sa_flags=SA_RESTART|SA_SIGINFO
SIGHUP: [libjvm.so+0x923700], sa_mask[0]=11111111011111111101111111111110, sa_flags=SA_RESTART|SA_SIGINFO
SIGINT: [libjvm.so+0x923700], sa_mask[0]=11111111011111111101111111111110, sa_flags=SA_RESTART|SA_SIGINFO
SIGTERM: [libjvm.so+0x923700], sa_mask[0]=11111111011111111101111111111110, sa_flags=SA_RESTART|SA_SIGINFO
SIGQUIT: [libjvm.so+0x923700], sa_mask[0]=11111111011111111101111111111110, sa_flags=SA_RESTART|SA_SIGINFO


---------------  S Y S T E M  ---------------

OS:DISTRIB_ID=Ubuntu
DISTRIB_RELEASE=14.04
DISTRIB_CODENAME=trusty
DISTRIB_DESCRIPTION="Ubuntu 14.04.5 LTS"

uname:Linux 3.13.0-107-generic #154-Ubuntu SMP Tue Dec 20 09:57:27 UTC 2016 x86_64
libc:glibc 2.19 NPTL 2.19 
rlimit: STACK 8192k, CORE 0k, NPROC 30712, NOFILE 4096, AS infinity
load average:3.28 1.54 0.73

/proc/meminfo:
MemTotal:        3953548 kB
MemFree:          123108 kB
Buffers:           59524 kB
Cached:          1028004 kB
SwapCached:            0 kB
Active:          2550064 kB
Inactive:        1061524 kB
Active(anon):    2177148 kB
Inactive(anon):   564420 kB
Active(file):     372916 kB
Inactive(file):   497104 kB
Unevictable:         208 kB
Mlocked:             208 kB
SwapTotal:       7999484 kB
SwapFree:        7999484 kB
Dirty:              8068 kB
Writeback:             0 kB
AnonPages:       2524220 kB
Mapped:           297512 kB
Shmem:            217444 kB
Slab:             103916 kB
SReclaimable:      68248 kB
SUnreclaim:        35668 kB
KernelStack:        4968 kB
PageTables:        43316 kB
NFS_Unstable:          0 kB
Bounce:                0 kB
WritebackTmp:          0 kB
CommitLimit:     9976256 kB
Committed_AS:    8438104 kB
VmallocTotal:   34359738367 kB
VmallocUsed:      400928 kB
VmallocChunk:   34359326684 kB
HardwareCorrupted:     0 kB
AnonHugePages:   1329152 kB
HugePages_Total:       0
HugePages_Free:        0
HugePages_Rsvd:        0
HugePages_Surp:        0
Hugepagesize:       2048 kB
DirectMap4k:       92332 kB
DirectMap2M:     2959360 kB
DirectMap1G:     1048576 kB


CPU:total 4 (2 cores per cpu, 2 threads per core) family 6 model 69 stepping 1, cmov, cx8, fxsr, mmx, sse, sse2, sse3, ssse3, sse4.1, sse4.2, popcnt, avx, avx2, aes, clmul, erms, lzcnt, ht, tsc, tscinvbit, bmi1, bmi2

/proc/cpuinfo:
processor	: 0
vendor_id	: GenuineIntel
cpu family	: 6
model		: 69
model name	: Intel(R) Core(TM) i5-4200U CPU @ 1.60GHz
stepping	: 1
microcode	: 0x17
cpu MHz		: 1500.000
cache size	: 3072 KB
physical id	: 0
siblings	: 4
core id		: 0
cpu cores	: 2
apicid		: 0
initial apicid	: 0
fpu		: yes
fpu_exception	: yes
cpuid level	: 13
wp		: yes
flags		: fpu vme de pse tsc msr pae mce cx8 apic sep mtrr pge mca cmov pat pse36 clflush dts acpi mmx fxsr sse sse2 ss ht tm pbe syscall nx pdpe1gb rdtscp lm constant_tsc arch_perfmon pebs bts rep_good nopl xtopology nonstop_tsc aperfmperf eagerfpu pni pclmulqdq dtes64 monitor ds_cpl vmx est tm2 ssse3 fma cx16 xtpr pdcm pcid sse4_1 sse4_2 movbe popcnt tsc_deadline_timer aes xsave avx f16c rdrand lahf_lm abm ida arat epb xsaveopt pln pts dtherm tpr_shadow vnmi flexpriority ept vpid fsgsbase tsc_adjust bmi1 avx2 smep bmi2 erms invpcid
bogomips	: 4589.73
clflush size	: 64
cache_alignment	: 64
address sizes	: 39 bits physical, 48 bits virtual
power management:

processor	: 1
vendor_id	: GenuineIntel
cpu family	: 6
model		: 69
model name	: Intel(R) Core(TM) i5-4200U CPU @ 1.60GHz
stepping	: 1
microcode	: 0x17
cpu MHz		: 1600.000
cache size	: 3072 KB
physical id	: 0
siblings	: 4
core id		: 0
cpu cores	: 2
apicid		: 1
initial apicid	: 1
fpu		: yes
fpu_exception	: yes
cpuid level	: 13
wp		: yes
flags		: fpu vme de pse tsc msr pae mce cx8 apic sep mtrr pge mca cmov pat pse36 clflush dts acpi mmx fxsr sse sse2 ss ht tm pbe syscall nx pdpe1gb rdtscp lm constant_tsc arch_perfmon pebs bts rep_good nopl xtopology nonstop_tsc aperfmperf eagerfpu pni pclmulqdq dtes64 monitor ds_cpl vmx est tm2 ssse3 fma cx16 xtpr pdcm pcid sse4_1 sse4_2 movbe popcnt tsc_deadline_timer aes xsave avx f16c rdrand lahf_lm abm ida arat epb xsaveopt pln pts dtherm tpr_shadow vnmi flexpriority ept vpid fsgsbase tsc_adjust bmi1 avx2 smep bmi2 erms invpcid
bogomips	: 4589.73
clflush size	: 64
cache_alignment	: 64
address sizes	: 39 bits physical, 48 bits virtual
power management:

processor	: 2
vendor_id	: GenuineIntel
cpu family	: 6
model		: 69
model name	: Intel(R) Core(TM) i5-4200U CPU @ 1.60GHz
stepping	: 1
microcode	: 0x17
cpu MHz		: 1600.000
cache size	: 3072 KB
physical id	: 0
siblings	: 4
core id		: 1
cpu cores	: 2
apicid		: 2
initial apicid	: 2
fpu		: yes
fpu_exception	: yes
cpuid level	: 13
wp		: yes
flags		: fpu vme de pse tsc msr pae mce cx8 apic sep mtrr pge mca cmov pat pse36 clflush dts acpi mmx fxsr sse sse2 ss ht tm pbe syscall nx pdpe1gb rdtscp lm constant_tsc arch_perfmon pebs bts rep_good nopl xtopology nonstop_tsc aperfmperf eagerfpu pni pclmulqdq dtes64 monitor ds_cpl vmx est tm2 ssse3 fma cx16 xtpr pdcm pcid sse4_1 sse4_2 movbe popcnt tsc_deadline_timer aes xsave avx f16c rdrand lahf_lm abm ida arat epb xsaveopt pln pts dtherm tpr_shadow vnmi flexpriority ept vpid fsgsbase tsc_adjust bmi1 avx2 smep bmi2 erms invpcid
bogomips	: 4589.73
clflush size	: 64
cache_alignment	: 64
address sizes	: 39 bits physical, 48 bits virtual
power management:

processor	: 3
vendor_id	: GenuineIntel
cpu family	: 6
model		: 69
model name	: Intel(R) Core(TM) i5-4200U CPU @ 1.60GHz
stepping	: 1
microcode	: 0x17
cpu MHz		: 1600.000
cache size	: 3072 KB
physical id	: 0
siblings	: 4
core id		: 1
cpu cores	: 2
apicid		: 3
initial apicid	: 3
fpu		: yes
fpu_exception	: yes
cpuid level	: 13
wp		: yes
flags		: fpu vme de pse tsc msr pae mce cx8 apic sep mtrr pge mca cmov pat pse36 clflush dts acpi mmx fxsr sse sse2 ss ht tm pbe syscall nx pdpe1gb rdtscp lm constant_tsc arch_perfmon pebs bts rep_good nopl xtopology nonstop_tsc aperfmperf eagerfpu pni pclmulqdq dtes64 monitor ds_cpl vmx est tm2 ssse3 fma cx16 xtpr pdcm pcid sse4_1 sse4_2 movbe popcnt tsc_deadline_timer aes xsave avx f16c rdrand lahf_lm abm ida arat epb xsaveopt pln pts dtherm tpr_shadow vnmi flexpriority ept vpid fsgsbase tsc_adjust bmi1 avx2 smep bmi2 erms invpcid
bogomips	: 4589.73
clflush size	: 64
cache_alignment	: 64
address sizes	: 39 bits physical, 48 bits virtual
power management:



Memory: 4k page, physical 3953548k(123108k free), swap 7999484k(7999484k free)

vm_info: Java HotSpot(TM) 64-Bit Server VM (25.121-b13) for linux-amd64 JRE (1.8.0_121-b13), built on Dec 12 2016 16:36:53 by "java_re" with gcc 4.3.0 20080428 (Red Hat 4.3.0-8)

time: Mon Jan 23 18:26:54 2017
elapsed time: 14 seconds (0d 0h 0m 14s)

