#
# A fatal error has been detected by the Java Runtime Environment:
#
#  SIGSEGV (0xb) at pc=0x00007f20cd0e9118, pid=5075, tid=0x00007f20ce5ef700
#
# JRE version: Java(TM) SE Runtime Environment (8.0_121-b13) (build 1.8.0_121-b13)
# Java VM: Java HotSpot(TM) 64-Bit Server VM (25.121-b13 mixed mode linux-amd64 compressed oops)
# Problematic frame:
# V  [libjvm.so+0x6e2118]  jni_GetStringUTFChars+0xb8
#
# Failed to write core dump. Core dumps have been disabled. To enable core dumping, try "ulimit -c unlimited" before starting Java again
#
# If you would like to submit a bug report, please visit:
#   http://bugreport.java.com/bugreport/crash.jsp
#

---------------  T H R E A D  ---------------

Current thread (0x00007f20c8010000):  JavaThread "main" [_thread_in_vm, id=5076, stack(0x00007f20ce4ef000,0x00007f20ce5f0000)]

siginfo: si_signo: 11 (SIGSEGV), si_code: 1 (SEGV_MAPERR), si_addr: 0x0000000000000000

Registers:
RAX=0x00007f20cd9be550, RBX=0x0000000000000000, RCX=0x00000000f6eedd68, RDX=0x00007f20cd9cc9e0
RSP=0x00007f20ce5e9a60, RBP=0x00007f20ce5e9b00, RSI=0x00007f20c8010000, RDI=0x00007f20ce5e9aa0
R8 =0x00007f20b85bcc80, R9 =0x00000000f6eedd68, R10=0x0000000000000182, R11=0x00007f20cd9cc9e8
R12=0x00007f20c8010000, R13=0x0000000000000000, R14=0x00007f20ce5e9bd8, R15=0x00007f20ce5e9aa0
RIP=0x00007f20cd0e9118, EFLAGS=0x0000000000010246, CSGSFS=0x0000000000000033, ERR=0x0000000000000004
  TRAPNO=0x000000000000000e

Top of Stack: (sp=0x00007f20ce5e9a60)
0x00007f20ce5e9a60:   00007f20ce5e9b28 0000000000000000
0x00007f20ce5e9a70:   00007f20b86b72c0 00007f20cd9ce800
0x00007f20ce5e9a80:   00007f20ce5ea0f8 00007f20b85bcc80
0x00007f20ce5e9a90:   00000000ef4048f8 0000000050200030
0x00007f20ce5e9aa0:   00007f20c8010000 0000000000000000
0x00007f20ce5e9ab0:   00007f20b52ad480 00007f20b85b22bd
0x00007f20ce5e9ac0:   00007f20c8010000 00000000ef4048f8
0x00007f20ce5e9ad0:   00007f20ce5e9b70 00007f20aca557f8
0x00007f20ce5e9ae0:   00007f20c946a858 0000000000000000
0x00007f20ce5e9af0:   00007f20ce5e9bd8 00007f20c8010000
0x00007f20ce5e9b00:   00007f20c80101f8 00007f20ac6b12b0
0x00007f20ce5e9b10:   00007f20ce5e9b70 00007f20b85b22bd
0x00007f20ce5e9b20:   00007f20aca557f8 00007f20ce5e9bb0
0x00007f20ce5e9b30:   0000000000000000 00007f20aca557f0
0x00007f20ce5e9b40:   00007f20ce5e9bd8 00007f20b85c24cf
0x00007f20ce5e9b50:   0000000000000000 00007f20aca650a0
0x00007f20ce5e9b60:   0000000000000000 00000000f6eedd68
0x00007f20ce5e9b70:   00007f20ce5e9b60 0000000000000000
0x00007f20ce5e9b80:   00007f20ce5e9bd8 00007f20aca5c100
0x00007f20ce5e9b90:   0000000000000000 00007f20aca557f8
0x00007f20ce5e9ba0:   0000000000000000 00007f20ce5e9bd0
0x00007f20ce5e9bb0:   00007f20ce5e9c38 00007f20b85b1dd0
0x00007f20ce5e9bc0:   0000000000000000 00007f20b85bb537
0x00007f20ce5e9bd0:   0000000000000000 00000000f6eedd68
0x00007f20ce5e9be0:   00000000ef404898 00000000ef4048f8
0x00007f20ce5e9bf0:   00000000f6eedd68 00007f20ce5e9be8
0x00007f20ce5e9c00:   00007f20aca590bd 00007f20ce5e9c50
0x00007f20ce5e9c10:   00007f20aca5b950 0000000000000000
0x00007f20ce5e9c20:   00007f20aca59108 00007f20ce5e9bd0
0x00007f20ce5e9c30:   00007f20ce5e9c48 00007f20ce5e9c98
0x00007f20ce5e9c40:   00007f20b85b22bd 00000000ef404898
0x00007f20ce5e9c50:   00000000f6eedd68 00007f20ce5e9c58 

Instructions: (pc=0x00007f20cd0e9118)
0x00007f20cd0e90f8:   84 24 70 02 00 00 06 00 00 00 4c 89 e6 4c 89 65
0x00007f20cd0e9108:   c0 4c 89 ff e8 1f 01 01 00 48 8b 05 18 d0 88 00
0x00007f20cd0e9118:   4c 8b 2b 8b 10 48 8b 05 44 fc 88 00 80 38 00 0f
0x00007f20cd0e9128:   84 2b 01 00 00 48 63 c2 41 8b 54 05 00 85 d2 0f 

Register to memory mapping:

RAX=0x00007f20cd9be550: <offset 0xfb7550> in /usr/lib/jvm/java-8-oracle/jre/lib/amd64/server/libjvm.so at 0x00007f20cca07000
RBX=0x0000000000000000 is an unknown value
RCX=0x00000000f6eedd68 is an oop
org.sqlite.NativeDB 
 - klass: 'org/sqlite/NativeDB'
RDX=0x00007f20cd9cc9e0: <offset 0xfc59e0> in /usr/lib/jvm/java-8-oracle/jre/lib/amd64/server/libjvm.so at 0x00007f20cca07000
RSP=0x00007f20ce5e9a60 is pointing into the stack for thread: 0x00007f20c8010000
RBP=0x00007f20ce5e9b00 is pointing into the stack for thread: 0x00007f20c8010000
RSI=0x00007f20c8010000 is a thread
RDI=0x00007f20ce5e9aa0 is pointing into the stack for thread: 0x00007f20c8010000
R8 =0x00007f20b85bcc80 is at code_begin+0 in an Interpreter codelet
method entry point (kind = zerolocals)  [0x00007f20b85bcc80, 0x00007f20b85bd100]  1152 bytes
R9 =0x00000000f6eedd68 is an oop
org.sqlite.NativeDB 
 - klass: 'org/sqlite/NativeDB'
R10=0x0000000000000182 is an unknown value
R11=0x00007f20cd9cc9e8: <offset 0xfc59e8> in /usr/lib/jvm/java-8-oracle/jre/lib/amd64/server/libjvm.so at 0x00007f20cca07000
R12=0x00007f20c8010000 is a thread
R13=0x0000000000000000 is an unknown value
R14=0x00007f20ce5e9bd8 is pointing into the stack for thread: 0x00007f20c8010000
R15=0x00007f20ce5e9aa0 is pointing into the stack for thread: 0x00007f20c8010000


Stack: [0x00007f20ce4ef000,0x00007f20ce5f0000],  sp=0x00007f20ce5e9a60,  free space=1002k
Native frames: (J=compiled Java code, j=interpreted, Vv=VM code, C=native code)
V  [libjvm.so+0x6e2118]  jni_GetStringUTFChars+0xb8
C  [sqlite-3.7.2-libsqlitejdbc.so+0xd2b0]  Java_org_sqlite_NativeDB_prepare+0x2f

Java frames: (J=compiled Java code, j=interpreted, Vv=VM code)
j  org.sqlite.NativeDB.prepare(Ljava/lang/String;)J+0
j  org.sqlite.DB.prepare(Lorg/sqlite/Stmt;)V+21
j  org.sqlite.PrepStmt.<init>(Lorg/sqlite/Conn;Ljava/lang/String;)V+15
j  org.sqlite.Conn.prepareStatement(Ljava/lang/String;III)Ljava/sql/PreparedStatement;+14
j  org.sqlite.Conn.prepareStatement(Ljava/lang/String;II)Ljava/sql/PreparedStatement;+5
j  org.sqlite.Conn.prepareStatement(Ljava/lang/String;)Ljava/sql/PreparedStatement;+8
v  ~StubRoutines::call_stub
J 2226  sun.reflect.NativeMethodAccessorImpl.invoke0(Ljava/lang/reflect/Method;Ljava/lang/Object;[Ljava/lang/Object;)Ljava/lang/Object; (0 bytes) @ 0x00007f20b8d21f37 [0x00007f20b8d21ec0+0x77]
J 2225 C1 sun.reflect.NativeMethodAccessorImpl.invoke(Ljava/lang/Object;[Ljava/lang/Object;)Ljava/lang/Object; (104 bytes) @ 0x00007f20b8d22c3c [0x00007f20b8d228a0+0x39c]
J 1259 C1 sun.reflect.DelegatingMethodAccessorImpl.invoke(Ljava/lang/Object;[Ljava/lang/Object;)Ljava/lang/Object; (10 bytes) @ 0x00007f20b89eab84 [0x00007f20b89eaa80+0x104]
J 1238 C1 java.lang.reflect.Method.invoke(Ljava/lang/Object;[Ljava/lang/Object;)Ljava/lang/Object; (62 bytes) @ 0x00007f20b89de60c [0x00007f20b89de220+0x3ec]
j  org.apache.tomcat.jdbc.pool.ProxyConnection.invoke(Ljava/lang/Object;Ljava/lang/reflect/Method;[Ljava/lang/Object;)Ljava/lang/Object;+237
j  org.apache.tomcat.jdbc.pool.JdbcInterceptor.invoke(Ljava/lang/Object;Ljava/lang/reflect/Method;[Ljava/lang/Object;)Ljava/lang/Object;+14
j  org.apache.tomcat.jdbc.pool.DisposableConnectionFacade.invoke(Ljava/lang/Object;Ljava/lang/reflect/Method;[Ljava/lang/Object;)Ljava/lang/Object;+93
j  com.sun.proxy.$Proxy83.prepareStatement(Ljava/lang/String;)Ljava/sql/PreparedStatement;+16
j  org.hibernate.engine.jdbc.internal.StatementPreparerImpl$1.doPrepare()Ljava/sql/PreparedStatement;+37
j  org.hibernate.engine.jdbc.internal.StatementPreparerImpl$StatementPreparationTemplate.prepareStatement()Ljava/sql/PreparedStatement;+45
j  org.hibernate.engine.jdbc.internal.StatementPreparerImpl.prepareStatement(Ljava/lang/String;)Ljava/sql/PreparedStatement;+6
j  org.hibernate.id.SequenceGenerator.generateHolder(Lorg/hibernate/engine/spi/SessionImplementor;)Lorg/hibernate/id/IntegralDataTypeHolder;+15
j  org.hibernate.id.SequenceHiLoGenerator$1.getNextValue()Lorg/hibernate/id/IntegralDataTypeHolder;+8
j  org.hibernate.id.enhanced.LegacyHiLoAlgorithmOptimizer.generate(Lorg/hibernate/id/enhanced/AccessCallback;)Ljava/io/Serializable;+25
j  org.hibernate.id.SequenceHiLoGenerator.generate(Lorg/hibernate/engine/spi/SessionImplementor;Ljava/lang/Object;)Ljava/io/Serializable;+53
j  org.hibernate.event.internal.AbstractSaveEventListener.saveWithGeneratedId(Ljava/lang/Object;Ljava/lang/String;Ljava/lang/Object;Lorg/hibernate/event/spi/EventSource;Z)Ljava/io/Serializable;+21
j  org.hibernate.jpa.event.internal.core.JpaPersistEventListener.saveWithGeneratedId(Ljava/lang/Object;Ljava/lang/String;Ljava/lang/Object;Lorg/hibernate/event/spi/EventSource;Z)Ljava/io/Serializable;+18
j  org.hibernate.event.internal.DefaultPersistEventListener.entityIsTransient(Lorg/hibernate/event/spi/PersistEvent;Ljava/util/Map;)V+55
j  org.hibernate.event.internal.DefaultPersistEventListener.onPersist(Lorg/hibernate/event/spi/PersistEvent;Ljava/util/Map;)V+324
j  org.hibernate.event.internal.DefaultPersistEventListener.onPersist(Lorg/hibernate/event/spi/PersistEvent;)V+11
j  org.hibernate.internal.SessionImpl.firePersist(Lorg/hibernate/event/spi/PersistEvent;)V+46
j  org.hibernate.internal.SessionImpl.persist(Ljava/lang/String;Ljava/lang/Object;)V+11
j  org.hibernate.internal.SessionImpl.persist(Ljava/lang/Object;)V+3
j  org.hibernate.jpa.spi.AbstractEntityManagerImpl.persist(Ljava/lang/Object;)V+9
v  ~StubRoutines::call_stub
J 2226  sun.reflect.NativeMethodAccessorImpl.invoke0(Ljava/lang/reflect/Method;Ljava/lang/Object;[Ljava/lang/Object;)Ljava/lang/Object; (0 bytes) @ 0x00007f20b8d21f37 [0x00007f20b8d21ec0+0x77]
J 2225 C1 sun.reflect.NativeMethodAccessorImpl.invoke(Ljava/lang/Object;[Ljava/lang/Object;)Ljava/lang/Object; (104 bytes) @ 0x00007f20b8d22c3c [0x00007f20b8d228a0+0x39c]
J 1259 C1 sun.reflect.DelegatingMethodAccessorImpl.invoke(Ljava/lang/Object;[Ljava/lang/Object;)Ljava/lang/Object; (10 bytes) @ 0x00007f20b89eab84 [0x00007f20b89eaa80+0x104]
J 1238 C1 java.lang.reflect.Method.invoke(Ljava/lang/Object;[Ljava/lang/Object;)Ljava/lang/Object; (62 bytes) @ 0x00007f20b89de60c [0x00007f20b89de220+0x3ec]
j  org.springframework.orm.jpa.SharedEntityManagerCreator$SharedEntityManagerInvocationHandler.invoke(Ljava/lang/Object;Ljava/lang/reflect/Method;[Ljava/lang/Object;)Ljava/lang/Object;+495
j  com.sun.proxy.$Proxy92.persist(Ljava/lang/Object;)V+16
j  org.springframework.data.jpa.repository.support.SimpleJpaRepository.save(Ljava/lang/Object;)Ljava/lang/Object;+18
v  ~StubRoutines::call_stub
J 2226  sun.reflect.NativeMethodAccessorImpl.invoke0(Ljava/lang/reflect/Method;Ljava/lang/Object;[Ljava/lang/Object;)Ljava/lang/Object; (0 bytes) @ 0x00007f20b8d21f37 [0x00007f20b8d21ec0+0x77]
J 2225 C1 sun.reflect.NativeMethodAccessorImpl.invoke(Ljava/lang/Object;[Ljava/lang/Object;)Ljava/lang/Object; (104 bytes) @ 0x00007f20b8d22c3c [0x00007f20b8d228a0+0x39c]
J 1259 C1 sun.reflect.DelegatingMethodAccessorImpl.invoke(Ljava/lang/Object;[Ljava/lang/Object;)Ljava/lang/Object; (10 bytes) @ 0x00007f20b89eab84 [0x00007f20b89eaa80+0x104]
J 1238 C1 java.lang.reflect.Method.invoke(Ljava/lang/Object;[Ljava/lang/Object;)Ljava/lang/Object; (62 bytes) @ 0x00007f20b89de60c [0x00007f20b89de220+0x3ec]
j  org.springframework.data.repository.core.support.RepositoryFactorySupport$QueryExecutorMethodInterceptor.executeMethodOn(Ljava/lang/Object;Ljava/lang/reflect/Method;[Ljava/lang/Object;)Ljava/lang/Object;+3
j  org.springframework.data.repository.core.support.RepositoryFactorySupport$QueryExecutorMethodInterceptor.doInvoke(Lorg/aopalliance/intercept/MethodInvocation;)Ljava/lang/Object;+94
j  org.springframework.data.repository.core.support.RepositoryFactorySupport$QueryExecutorMethodInterceptor.invoke(Lorg/aopalliance/intercept/MethodInvocation;)Ljava/lang/Object;+2
j  org.springframework.aop.framework.ReflectiveMethodInvocation.proceed()Ljava/lang/Object;+101
j  org.springframework.data.projection.DefaultMethodInvokingMethodInterceptor.invoke(Lorg/aopalliance/intercept/MethodInvocation;)Ljava/lang/Object;+15
j  org.springframework.aop.framework.ReflectiveMethodInvocation.proceed()Ljava/lang/Object;+101
j  org.springframework.transaction.interceptor.TransactionInterceptor$1.proceedWithInvocation()Ljava/lang/Object;+4
j  org.springframework.transaction.interceptor.TransactionAspectSupport.invokeWithinTransaction(Ljava/lang/reflect/Method;Ljava/lang/Class;Lorg/springframework/transaction/interceptor/TransactionAspectSupport$InvocationCallback;)Ljava/lang/Object;+60
j  org.springframework.transaction.interceptor.TransactionInterceptor.invoke(Lorg/aopalliance/intercept/MethodInvocation;)Ljava/lang/Object;+40
j  org.springframework.aop.framework.ReflectiveMethodInvocation.proceed()Ljava/lang/Object;+101
j  org.springframework.dao.support.PersistenceExceptionTranslationInterceptor.invoke(Lorg/aopalliance/intercept/MethodInvocation;)Ljava/lang/Object;+1
j  org.springframework.aop.framework.ReflectiveMethodInvocation.proceed()Ljava/lang/Object;+101
j  org.springframework.data.jpa.repository.support.CrudMethodMetadataPostProcessor$CrudMethodMetadataPopulatingMethodInterceptor.invoke(Lorg/aopalliance/intercept/MethodInvocation;)Ljava/lang/Object;+89
j  org.springframework.aop.framework.ReflectiveMethodInvocation.proceed()Ljava/lang/Object;+101
j  org.springframework.aop.interceptor.ExposeInvocationInterceptor.invoke(Lorg/aopalliance/intercept/MethodInvocation;)Ljava/lang/Object;+18
j  org.springframework.aop.framework.ReflectiveMethodInvocation.proceed()Ljava/lang/Object;+101
j  org.springframework.aop.framework.JdkDynamicAopProxy.invoke(Ljava/lang/Object;Ljava/lang/reflect/Method;[Ljava/lang/Object;)Ljava/lang/Object;+385
j  com.sun.proxy.$Proxy94.save(Ljava/lang/Object;)Ljava/lang/Object;+16
j  com.example.api.service.BookService.save(Lcom/example/entity/Book;)Lcom/example/entity/Book;+5
j  com.example.crudtest.CRUDTest.insertOperation()V+19
v  ~StubRoutines::call_stub
J 2226  sun.reflect.NativeMethodAccessorImpl.invoke0(Ljava/lang/reflect/Method;Ljava/lang/Object;[Ljava/lang/Object;)Ljava/lang/Object; (0 bytes) @ 0x00007f20b8d21f37 [0x00007f20b8d21ec0+0x77]
J 2225 C1 sun.reflect.NativeMethodAccessorImpl.invoke(Ljava/lang/Object;[Ljava/lang/Object;)Ljava/lang/Object; (104 bytes) @ 0x00007f20b8d22c3c [0x00007f20b8d228a0+0x39c]
J 1259 C1 sun.reflect.DelegatingMethodAccessorImpl.invoke(Ljava/lang/Object;[Ljava/lang/Object;)Ljava/lang/Object; (10 bytes) @ 0x00007f20b89eab84 [0x00007f20b89eaa80+0x104]
J 1238 C1 java.lang.reflect.Method.invoke(Ljava/lang/Object;[Ljava/lang/Object;)Ljava/lang/Object; (62 bytes) @ 0x00007f20b89de60c [0x00007f20b89de220+0x3ec]
j  org.testng.internal.MethodInvocationHelper.invokeMethod(Ljava/lang/reflect/Method;Ljava/lang/Object;[Ljava/lang/Object;)Ljava/lang/Object;+242
j  org.testng.internal.MethodInvocationHelper$1.runTestMethod(Lorg/testng/ITestResult;)V+12
j  org.springframework.test.context.testng.AbstractTestNGSpringContextTests.run(Lorg/testng/IHookCallBack;Lorg/testng/ITestResult;)V+2
v  ~StubRoutines::call_stub
J 2226  sun.reflect.NativeMethodAccessorImpl.invoke0(Ljava/lang/reflect/Method;Ljava/lang/Object;[Ljava/lang/Object;)Ljava/lang/Object; (0 bytes) @ 0x00007f20b8d21f37 [0x00007f20b8d21ec0+0x77]
J 2225 C1 sun.reflect.NativeMethodAccessorImpl.invoke(Ljava/lang/Object;[Ljava/lang/Object;)Ljava/lang/Object; (104 bytes) @ 0x00007f20b8d22c3c [0x00007f20b8d228a0+0x39c]
J 1259 C1 sun.reflect.DelegatingMethodAccessorImpl.invoke(Ljava/lang/Object;[Ljava/lang/Object;)Ljava/lang/Object; (10 bytes) @ 0x00007f20b89eab84 [0x00007f20b89eaa80+0x104]
J 1238 C1 java.lang.reflect.Method.invoke(Ljava/lang/Object;[Ljava/lang/Object;)Ljava/lang/Object; (62 bytes) @ 0x00007f20b89de60c [0x00007f20b89de220+0x3ec]
j  org.testng.internal.MethodInvocationHelper.invokeHookable(Ljava/lang/Object;[Ljava/lang/Object;Ljava/lang/Object;Ljava/lang/reflect/Method;Lorg/testng/internal/TestResult;)V+64
j  org.testng.internal.Invoker.invokeMethod([Ljava/lang/Object;ILorg/testng/ITestNGMethod;[Ljava/lang/Object;ILorg/testng/xml/XmlSuite;Ljava/util/Map;Lorg/testng/ITestClass;[Lorg/testng/ITestNGMethod;[Lorg/testng/ITestNGMethod;Lorg/testng/internal/ConfigurationGroupMethods;)Lorg/testng/ITestResult;+280
j  org.testng.internal.Invoker.invokeTestMethod([Ljava/lang/Object;Lorg/testng/ITestNGMethod;[Ljava/lang/Object;ILorg/testng/xml/XmlSuite;Ljava/util/Map;Lorg/testng/ITestClass;[Lorg/testng/ITestNGMethod;[Lorg/testng/ITestNGMethod;Lorg/testng/internal/ConfigurationGroupMethods;)Ljava/util/List;+46
j  org.testng.internal.Invoker.invokeTestMethods(Lorg/testng/ITestNGMethod;[Lorg/testng/ITestNGMethod;ILorg/testng/xml/XmlSuite;Ljava/util/Map;Lorg/testng/internal/ConfigurationGroupMethods;[Ljava/lang/Object;Lorg/testng/ITestContext;)Ljava/util/List;+705
j  org.testng.internal.TestMethodWorker.invokeTestMethods(Lorg/testng/ITestNGMethod;[Ljava/lang/Object;Lorg/testng/ITestContext;)V+32
j  org.testng.internal.TestMethodWorker.run()V+60
j  org.testng.TestRunner.privateRun(Lorg/testng/xml/XmlTest;)V+349
j  org.testng.TestRunner.run()V+26
j  org.testng.SuiteRunner.runTest(Lorg/testng/TestRunner;)V+1
j  org.testng.SuiteRunner.runSequentially()V+31
j  org.testng.SuiteRunner.privateRun()V+281
j  org.testng.SuiteRunner.run()V+6
j  org.testng.SuiteRunnerWorker.runSuite(Lorg/testng/internal/SuiteRunnerMap;Lorg/testng/xml/XmlSuite;)V+96
j  org.testng.SuiteRunnerWorker.run()V+12
j  org.testng.TestNG.runSuitesSequentially(Lorg/testng/xml/XmlSuite;Lorg/testng/internal/SuiteRunnerMap;ILjava/lang/String;)V+66
j  org.testng.TestNG.runSuitesLocally()Ljava/util/List;+117
j  org.testng.TestNG.run()V+77
j  org.testng.remote.AbstractRemoteTestNG.run()V+163
j  org.testng.remote.RemoteTestNG.initAndRun(Lorg/testng/remote/IRemoteTestNG;[Ljava/lang/String;Lorg/testng/CommandLineArgs;Lorg/testng/remote/RemoteArgs;)V+184
j  org.testng.remote.RemoteTestNG.main([Ljava/lang/String;)V+218
v  ~StubRoutines::call_stub

---------------  P R O C E S S  ---------------

Java Threads: ( => current thread )
  0x00007f20c9cfc800 JavaThread "http-nio-auto-1-53766-AsyncTimeout" daemon [_thread_blocked, id=5106, stack(0x00007f20678fb000,0x00007f20679fc000)]
  0x00007f20c9cfb000 JavaThread "http-nio-auto-1-Acceptor-0" daemon [_thread_in_native, id=5105, stack(0x00007f20679fc000,0x00007f2067afd000)]
  0x00007f20c9cf8800 JavaThread "http-nio-auto-1-ClientPoller-1" daemon [_thread_in_native, id=5104, stack(0x00007f2067afd000,0x00007f2067bfe000)]
  0x00007f20c9cea000 JavaThread "http-nio-auto-1-ClientPoller-0" daemon [_thread_in_native, id=5103, stack(0x00007f2067bfe000,0x00007f2067cff000)]
  0x00007f20c9cd8000 JavaThread "NioBlockingSelector.BlockPoller-1" daemon [_thread_in_native, id=5102, stack(0x00007f2067cff000,0x00007f2067e00000)]
  0x00007f20c8ceb000 JavaThread "Tomcat JDBC Pool Cleaner[865113938:1485171771907]" daemon [_thread_blocked, id=5101, stack(0x00007f20ac92c000,0x00007f20aca2d000)]
  0x00007f20c92cb800 JavaThread "container-0" [_thread_blocked, id=5100, stack(0x00007f20ace2d000,0x00007f20acf2e000)]
  0x00007f20c92ca000 JavaThread "ContainerBackgroundProcessor[StandardEngine[Tomcat]]" daemon [_thread_blocked, id=5099, stack(0x00007f20ad3fb000,0x00007f20ad4fc000)]
  0x00007f2070267000 JavaThread "localhost-startStop-1" daemon [_thread_blocked, id=5098, stack(0x00007f20ad4fc000,0x00007f20ad5fd000)]
  0x00007f20c92c9000 JavaThread "Tomcat-startStop-1" daemon [_thread_blocked, id=5097, stack(0x00007f20ae2a8000,0x00007f20ae3a9000)]
  0x00007f20c84b1800 JavaThread "ReaderThread" [_thread_in_native, id=5094, stack(0x00007f20aebb6000,0x00007f20aecb7000)]
  0x00007f20c80c7000 JavaThread "Service Thread" daemon [_thread_blocked, id=5092, stack(0x00007f20af216000,0x00007f20af317000)]
  0x00007f20c80c4000 JavaThread "C1 CompilerThread2" daemon [_thread_blocked, id=5091, stack(0x00007f20af317000,0x00007f20af418000)]
  0x00007f20c80c2000 JavaThread "C2 CompilerThread1" daemon [_thread_in_native, id=5090, stack(0x00007f20af418000,0x00007f20af519000)]
  0x00007f20c80bf000 JavaThread "C2 CompilerThread0" daemon [_thread_in_native, id=5089, stack(0x00007f20af519000,0x00007f20af61a000)]
  0x00007f20c80be000 JavaThread "Signal Dispatcher" daemon [_thread_blocked, id=5088, stack(0x00007f20af61a000,0x00007f20af71b000)]
  0x00007f20c808a000 JavaThread "Finalizer" daemon [_thread_blocked, id=5087, stack(0x00007f20afdfe000,0x00007f20afeff000)]
  0x00007f20c8085800 JavaThread "Reference Handler" daemon [_thread_blocked, id=5086, stack(0x00007f20afeff000,0x00007f20b0000000)]
=>0x00007f20c8010000 JavaThread "main" [_thread_in_vm, id=5076, stack(0x00007f20ce4ef000,0x00007f20ce5f0000)]

Other Threads:
  0x00007f20c807e000 VMThread [stack: 0x00007f20b4061000,0x00007f20b4162000] [id=5085]
  0x00007f20c80ca000 WatcherThread [stack: 0x00007f20af115000,0x00007f20af216000] [id=5093]

VM state:not at safepoint (normal execution)

VM Mutex/Monitor currently owned by a thread: None

Heap:
 PSYoungGen      total 169472K, used 69339K [0x00000000ebe00000, 0x00000000f7800000, 0x0000000100000000)
  eden space 156672K, 36% used [0x00000000ebe00000,0x00000000ef585230,0x00000000f5700000)
  from space 12800K, 97% used [0x00000000f6b80000,0x00000000f77b1ab0,0x00000000f7800000)
  to   space 15360K, 0% used [0x00000000f5a00000,0x00000000f5a00000,0x00000000f6900000)
 ParOldGen       total 61952K, used 22285K [0x00000000c3a00000, 0x00000000c7680000, 0x00000000ebe00000)
  object space 61952K, 35% used [0x00000000c3a00000,0x00000000c4fc37a8,0x00000000c7680000)
 Metaspace       used 45078K, capacity 45420K, committed 45824K, reserved 1089536K
  class space    used 5900K, capacity 6029K, committed 6144K, reserved 1048576K

Card table byte_map: [0x00007f20b8006000,0x00007f20b81ea000] byte_map_base: 0x00007f20b79e9000

Marking Bits: (ParMarkBitMap*) 0x00007f20cd9cbc80
 Begin Bits: [0x00007f20b5c90000, 0x00007f20b6ba8000)
 End Bits:   [0x00007f20b6ba8000, 0x00007f20b7ac0000)

Polling page: 0x00007f20ce615000

CodeCache: size=245760Kb used=12808Kb max_used=13255Kb free=232951Kb
 bounds [0x00007f20b85aa000, 0x00007f20b92aa000, 0x00007f20c75aa000]
 total_blobs=3946 nmethods=3475 adapters=384
 compilation: enabled

Compilation events (10 events):
Event: 7.723 Thread 0x00007f20c80c4000 4058       2       org.hibernate.service.internal.ConcurrentServiceBinding::hashKey (5 bytes)
Event: 7.723 Thread 0x00007f20c80c4000 nmethod 4058 0x00007f20b8a6fb50 code [0x00007f20b8a6fcc0, 0x00007f20b8a6fe28]
Event: 7.723 Thread 0x00007f20c80c4000 4059       2       sun.reflect.NativeMethodAccessorImpl::<init> (10 bytes)
Event: 7.723 Thread 0x00007f20c80c4000 nmethod 4059 0x00007f20b8ce3b90 code [0x00007f20b8ce3ce0, 0x00007f20b8ce3e50]
Event: 7.723 Thread 0x00007f20c80c4000 4060       2       sun.reflect.DelegatingMethodAccessorImpl::<init> (10 bytes)
Event: 7.724 Thread 0x00007f20c80c4000 nmethod 4060 0x00007f20b894b7d0 code [0x00007f20b894b920, 0x00007f20b894ba90]
Event: 7.724 Thread 0x00007f20c80c4000 4061       2       sun.reflect.NativeMethodAccessorImpl::setParent (6 bytes)
Event: 7.724 Thread 0x00007f20c80c4000 nmethod 4061 0x00007f20b89eead0 code [0x00007f20b89eec20, 0x00007f20b89eed90]
Event: 7.732 Thread 0x00007f20c80bf000 nmethod 3838 0x00007f20b8ee8590 code [0x00007f20b8ee87c0, 0x00007f20b8ee9528]
Event: 7.733 Thread 0x00007f20c80bf000 3904       4       java.util.TreeMap::getEntryUsingComparator (74 bytes)

GC Heap History (10 events):
Event: 3.534 GC heap before
{Heap before GC invocations=10 (full 1):
 PSYoungGen      total 98816K, used 98402K [0x00000000ebe00000, 0x00000000f4300000, 0x0000000100000000)
  eden space 95232K, 100% used [0x00000000ebe00000,0x00000000f1b00000,0x00000000f1b00000)
  from space 3584K, 88% used [0x00000000f3f80000,0x00000000f42989c0,0x00000000f4300000)
  to   space 10752K, 0% used [0x00000000f2e00000,0x00000000f2e00000,0x00000000f3880000)
 ParOldGen       total 36864K, used 10378K [0x00000000c3a00000, 0x00000000c5e00000, 0x00000000ebe00000)
  object space 36864K, 28% used [0x00000000c3a00000,0x00000000c44228c8,0x00000000c5e00000)
 Metaspace       used 26030K, capacity 26308K, committed 26624K, reserved 1073152K
  class space    used 3212K, capacity 3313K, committed 3328K, reserved 1048576K
Event: 3.547 GC heap after
Heap after GC invocations=10 (full 1):
 PSYoungGen      total 125440K, used 8870K [0x00000000ebe00000, 0x00000000f5080000, 0x0000000100000000)
  eden space 114688K, 0% used [0x00000000ebe00000,0x00000000ebe00000,0x00000000f2e00000)
  from space 10752K, 82% used [0x00000000f2e00000,0x00000000f36a9a90,0x00000000f3880000)
  to   space 11776K, 0% used [0x00000000f4500000,0x00000000f4500000,0x00000000f5080000)
 ParOldGen       total 36864K, used 10386K [0x00000000c3a00000, 0x00000000c5e00000, 0x00000000ebe00000)
  object space 36864K, 28% used [0x00000000c3a00000,0x00000000c44248c8,0x00000000c5e00000)
 Metaspace       used 26030K, capacity 26308K, committed 26624K, reserved 1073152K
  class space    used 3212K, capacity 3313K, committed 3328K, reserved 1048576K
}
Event: 4.415 GC heap before
{Heap before GC invocations=11 (full 1):
 PSYoungGen      total 125440K, used 123558K [0x00000000ebe00000, 0x00000000f5080000, 0x0000000100000000)
  eden space 114688K, 100% used [0x00000000ebe00000,0x00000000f2e00000,0x00000000f2e00000)
  from space 10752K, 82% used [0x00000000f2e00000,0x00000000f36a9a90,0x00000000f3880000)
  to   space 11776K, 0% used [0x00000000f4500000,0x00000000f4500000,0x00000000f5080000)
 ParOldGen       total 36864K, used 10386K [0x00000000c3a00000, 0x00000000c5e00000, 0x00000000ebe00000)
  object space 36864K, 28% used [0x00000000c3a00000,0x00000000c44248c8,0x00000000c5e00000)
 Metaspace       used 30389K, capacity 30710K, committed 31104K, reserved 1077248K
  class space    used 3768K, capacity 3860K, committed 3968K, reserved 1048576K
Event: 4.429 GC heap after
Heap after GC invocations=11 (full 1):
 PSYoungGen      total 137728K, used 8971K [0x00000000ebe00000, 0x00000000f6900000, 0x0000000100000000)
  eden space 125952K, 0% used [0x00000000ebe00000,0x00000000ebe00000,0x00000000f3900000)
  from space 11776K, 76% used [0x00000000f4500000,0x00000000f4dc2f10,0x00000000f5080000)
  to   space 12288K, 0% used [0x00000000f3900000,0x00000000f3900000,0x00000000f4500000)
 ParOldGen       total 36864K, used 11665K [0x00000000c3a00000, 0x00000000c5e00000, 0x00000000ebe00000)
  object space 36864K, 31% used [0x00000000c3a00000,0x00000000c4564410,0x00000000c5e00000)
 Metaspace       used 30389K, capacity 30710K, committed 31104K, reserved 1077248K
  class space    used 3768K, capacity 3860K, committed 3968K, reserved 1048576K
}
Event: 5.472 GC heap before
{Heap before GC invocations=12 (full 1):
 PSYoungGen      total 137728K, used 99037K [0x00000000ebe00000, 0x00000000f6900000, 0x0000000100000000)
  eden space 125952K, 71% used [0x00000000ebe00000,0x00000000f15f4810,0x00000000f3900000)
  from space 11776K, 76% used [0x00000000f4500000,0x00000000f4dc2f10,0x00000000f5080000)
  to   space 12288K, 0% used [0x00000000f3900000,0x00000000f3900000,0x00000000f4500000)
 ParOldGen       total 36864K, used 11665K [0x00000000c3a00000, 0x00000000c5e00000, 0x00000000ebe00000)
  object space 36864K, 31% used [0x00000000c3a00000,0x00000000c4564410,0x00000000c5e00000)
 Metaspace       used 35061K, capacity 35350K, committed 35496K, reserved 1081344K
  class space    used 4504K, capacity 4580K, committed 4608K, reserved 1048576K
Event: 5.488 GC heap after
Heap after GC invocations=12 (full 1):
 PSYoungGen      total 138240K, used 10675K [0x00000000ebe00000, 0x00000000f7880000, 0x0000000100000000)
  eden space 125952K, 0% used [0x00000000ebe00000,0x00000000ebe00000,0x00000000f3900000)
  from space 12288K, 86% used [0x00000000f3900000,0x00000000f436ce20,0x00000000f4500000)
  to   space 13312K, 0% used [0x00000000f6b80000,0x00000000f6b80000,0x00000000f7880000)
 ParOldGen       total 36864K, used 13285K [0x00000000c3a00000, 0x00000000c5e00000, 0x00000000ebe00000)
  object space 36864K, 36% used [0x00000000c3a00000,0x00000000c46f9440,0x00000000c5e00000)
 Metaspace       used 35061K, capacity 35350K, committed 35496K, reserved 1081344K
  class space    used 4504K, capacity 4580K, committed 4608K, reserved 1048576K
}
Event: 5.488 GC heap before
{Heap before GC invocations=13 (full 2):
 PSYoungGen      total 138240K, used 10675K [0x00000000ebe00000, 0x00000000f7880000, 0x0000000100000000)
  eden space 125952K, 0% used [0x00000000ebe00000,0x00000000ebe00000,0x00000000f3900000)
  from space 12288K, 86% used [0x00000000f3900000,0x00000000f436ce20,0x00000000f4500000)
  to   space 13312K, 0% used [0x00000000f6b80000,0x00000000f6b80000,0x00000000f7880000)
 ParOldGen       total 36864K, used 13285K [0x00000000c3a00000, 0x00000000c5e00000, 0x00000000ebe00000)
  object space 36864K, 36% used [0x00000000c3a00000,0x00000000c46f9440,0x00000000c5e00000)
 Metaspace       used 35061K, capacity 35350K, committed 35496K, reserved 1081344K
  class space    used 4504K, capacity 4580K, committed 4608K, reserved 1048576K
Event: 5.596 GC heap after
Heap after GC invocations=13 (full 2):
 PSYoungGen      total 138240K, used 0K [0x00000000ebe00000, 0x00000000f7880000, 0x0000000100000000)
  eden space 125952K, 0% used [0x00000000ebe00000,0x00000000ebe00000,0x00000000f3900000)
  from space 12288K, 0% used [0x00000000f3900000,0x00000000f3900000,0x00000000f4500000)
  to   space 13312K, 0% used [0x00000000f6b80000,0x00000000f6b80000,0x00000000f7880000)
 ParOldGen       total 61952K, used 22277K [0x00000000c3a00000, 0x00000000c7680000, 0x00000000ebe00000)
  object space 61952K, 35% used [0x00000000c3a00000,0x00000000c4fc17a8,0x00000000c7680000)
 Metaspace       used 35061K, capacity 35350K, committed 35496K, reserved 1081344K
  class space    used 4504K, capacity 4580K, committed 4608K, reserved 1048576K
}
Event: 7.238 GC heap before
{Heap before GC invocations=14 (full 2):
 PSYoungGen      total 138240K, used 125952K [0x00000000ebe00000, 0x00000000f7880000, 0x0000000100000000)
  eden space 125952K, 100% used [0x00000000ebe00000,0x00000000f3900000,0x00000000f3900000)
  from space 12288K, 0% used [0x00000000f3900000,0x00000000f3900000,0x00000000f4500000)
  to   space 13312K, 0% used [0x00000000f6b80000,0x00000000f6b80000,0x00000000f7880000)
 ParOldGen       total 61952K, used 22277K [0x00000000c3a00000, 0x00000000c7680000, 0x00000000ebe00000)
  object space 61952K, 35% used [0x00000000c3a00000,0x00000000c4fc17a8,0x00000000c7680000)
 Metaspace       used 43787K, capacity 44110K, committed 44288K, reserved 1087488K
  class space    used 5735K, capacity 5832K, committed 5888K, reserved 1048576K
Event: 7.260 GC heap after
Heap after GC invocations=14 (full 2):
 PSYoungGen      total 169472K, used 12486K [0x00000000ebe00000, 0x00000000f7800000, 0x0000000100000000)
  eden space 156672K, 0% used [0x00000000ebe00000,0x00000000ebe00000,0x00000000f5700000)
  from space 12800K, 97% used [0x00000000f6b80000,0x00000000f77b1ab0,0x00000000f7800000)
  to   space 15360K, 0% used [0x00000000f5a00000,0x00000000f5a00000,0x00000000f6900000)
 ParOldGen       total 61952K, used 22285K [0x00000000c3a00000, 0x00000000c7680000, 0x00000000ebe00000)
  object space 61952K, 35% used [0x00000000c3a00000,0x00000000c4fc37a8,0x00000000c7680000)
 Metaspace       used 43787K, capacity 44110K, committed 44288K, reserved 1087488K
  class space    used 5735K, capacity 5832K, committed 5888K, reserved 1048576K
}

Deoptimization events (10 events):
Event: 6.284 Thread 0x00007f20c8010000 Uncommon trap: reason=unstable_if action=reinterpret pc=0x00007f20b87f292c method=java.util.HashMap.getNode(ILjava/lang/Object;)Ljava/util/HashMap$Node; @ 84
Event: 6.284 Thread 0x00007f20c8010000 Uncommon trap: reason=unstable_if action=reinterpret pc=0x00007f20b8af3b50 method=java.util.HashMap.putVal(ILjava/lang/Object;Ljava/lang/Object;ZZ)Ljava/lang/Object; @ 109
Event: 6.414 Thread 0x00007f20c8010000 Uncommon trap: reason=unstable_if action=reinterpret pc=0x00007f20b8ae92fc method=org.springframework.beans.factory.support.AbstractBeanFactory.isTypeMatch(Ljava/lang/String;Lorg/springframework/core/ResolvableType;)Z @ 322
Event: 6.602 Thread 0x00007f20c8010000 Uncommon trap: reason=unstable_if action=reinterpret pc=0x00007f20b8f0dfc4 method=java.util.concurrent.ConcurrentHashMap.putVal(Ljava/lang/Object;Ljava/lang/Object;Z)Ljava/lang/Object; @ 331
Event: 6.602 Thread 0x00007f20c8010000 Uncommon trap: reason=unstable_if action=reinterpret pc=0x00007f20b9032a30 method=java.util.concurrent.ConcurrentHashMap.get(Ljava/lang/Object;)Ljava/lang/Object; @ 86
Event: 6.897 Thread 0x00007f20c8010000 Uncommon trap: reason=class_check action=maybe_recompile pc=0x00007f20b8ddecf0 method=java.util.regex.Pattern$Curly.match(Ljava/util/regex/Matcher;ILjava/lang/CharSequence;)Z @ 19
Event: 6.924 Thread 0x00007f20c8010000 Uncommon trap: reason=unstable_if action=reinterpret pc=0x00007f20b89b34c8 method=java.util.concurrent.ConcurrentHashMap.transfer([Ljava/util/concurrent/ConcurrentHashMap$Node;[Ljava/util/concurrent/ConcurrentHashMap$Node;)V @ 356
Event: 7.618 Thread 0x00007f20c8010000 Uncommon trap: reason=unstable_if action=reinterpret pc=0x00007f20b8d839b4 method=org.springframework.util.ConcurrentReferenceHashMap$Segment.clear()V @ 4
Event: 7.671 Thread 0x00007f20c8010000 Uncommon trap: reason=bimorphic action=maybe_recompile pc=0x00007f20b8febe30 method=java.util.Hashtable.get(Ljava/lang/Object;)Ljava/lang/Object; @ 6
Event: 7.671 Thread 0x00007f20c8010000 Uncommon trap: reason=bimorphic action=maybe_recompile pc=0x00007f20b8febe30 method=java.util.Hashtable.get(Ljava/lang/Object;)Ljava/lang/Object; @ 6

Internal exceptions (10 events):
Event: 7.534 Thread 0x00007f20c8010000 Exception <a 'java/lang/ClassNotFoundException': org/springframework/boot/autoconfigure/web/WebClientAutoConfigurationCustomizer> (0x00000000edff8830) thrown at [/HUDSON3/workspace/8-2-build-linux-amd64/jdk8u121/8372/hotspot/src/share/vm/classfile/systemD
Event: 7.534 Thread 0x00007f20c8010000 Exception <a 'java/lang/ClassNotFoundException': org/springframework/boot/autoconfigure/web/WebClientAutoConfiguration$$EnhancerBySpringCGLIB$$52d5929eCustomizer> (0x00000000ee01c128) thrown at [/HUDSON3/workspace/8-2-build-linux-amd64/jdk8u121/8372/hotsp
Event: 7.535 Thread 0x00007f20c8010000 Exception <a 'java/lang/ClassNotFoundException': org/springframework/context/annotation/ConfigurationClassEnhancer$EnhancedConfigurationCustomizer> (0x00000000ee040460) thrown at [/HUDSON3/workspace/8-2-build-linux-amd64/jdk8u121/8372/hotspot/src/share/vm
Event: 7.688 Thread 0x00007f20c8010000 Exception <a 'java/lang/ClassNotFoundException': java/lang/ObjectCustomizer> (0x00000000ef105010) thrown at [/HUDSON3/workspace/8-2-build-linux-amd64/jdk8u121/8372/hotspot/src/share/vm/classfile/systemDictionary.cpp, line 210]
Event: 7.689 Thread 0x00007f20c8010000 Exception <a 'java/lang/ClassNotFoundException': org/springframework/test/context/testng/AbstractTestNGSpringContextTestsCustomizer> (0x00000000ef122d58) thrown at [/HUDSON3/workspace/8-2-build-linux-amd64/jdk8u121/8372/hotspot/src/share/vm/classfile/syst
Event: 7.689 Thread 0x00007f20c8010000 Exception <a 'java/lang/ClassNotFoundException': com/example/crudtest/CRUDTestCustomizer> (0x00000000ef135920) thrown at [/HUDSON3/workspace/8-2-build-linux-amd64/jdk8u121/8372/hotspot/src/share/vm/classfile/systemDictionary.cpp, line 210]
Event: 7.690 Thread 0x00007f20c8010000 Exception <a 'java/lang/ClassNotFoundException': org/testng/IHookableCustomizer> (0x00000000ef146348) thrown at [/HUDSON3/workspace/8-2-build-linux-amd64/jdk8u121/8372/hotspot/src/share/vm/classfile/systemDictionary.cpp, line 210]
Event: 7.690 Thread 0x00007f20c8010000 Exception <a 'java/lang/ClassNotFoundException': org/springframework/context/ApplicationContextAwareCustomizer> (0x00000000ef15c4e8) thrown at [/HUDSON3/workspace/8-2-build-linux-amd64/jdk8u121/8372/hotspot/src/share/vm/classfile/systemDictionary.cpp, lin
Event: 7.727 Thread 0x00007f20c8010000 Exception <a 'java/lang/ClassNotFoundException': java/lang/ObjectCustomizer> (0x00000000ef38b398) thrown at [/HUDSON3/workspace/8-2-build-linux-amd64/jdk8u121/8372/hotspot/src/share/vm/classfile/systemDictionary.cpp, line 210]
Event: 7.727 Thread 0x00007f20c8010000 Exception <a 'java/lang/ClassNotFoundException': com/example/entity/BookCustomizer> (0x00000000ef39dd28) thrown at [/HUDSON3/workspace/8-2-build-linux-amd64/jdk8u121/8372/hotspot/src/share/vm/classfile/systemDictionary.cpp, line 210]

Events (10 events):
Event: 7.733 loading class org/hibernate/engine/jdbc/internal/FormatStyle
Event: 7.733 loading class org/hibernate/engine/jdbc/internal/FormatStyle done
Event: 7.734 loading class org/hibernate/engine/jdbc/internal/Formatter
Event: 7.734 loading class org/hibernate/engine/jdbc/internal/Formatter done
Event: 7.734 loading class org/hibernate/engine/jdbc/internal/BasicFormatterImpl
Event: 7.734 loading class org/hibernate/engine/jdbc/internal/BasicFormatterImpl done
Event: 7.735 loading class org/hibernate/engine/jdbc/internal/DDLFormatterImpl
Event: 7.735 loading class org/hibernate/engine/jdbc/internal/DDLFormatterImpl done
Event: 7.735 loading class org/hibernate/engine/jdbc/internal/FormatStyle$NoFormatImpl
Event: 7.735 loading class org/hibernate/engine/jdbc/internal/FormatStyle$NoFormatImpl done


Dynamic libraries:
00400000-00401000 r-xp 00000000 08:03 3554757                            /usr/lib/jvm/java-8-oracle/bin/java
00600000-00601000 rw-p 00000000 08:03 3554757                            /usr/lib/jvm/java-8-oracle/bin/java
024d5000-024f6000 rw-p 00000000 00:00 0                                  [heap]
c3a00000-c7680000 rw-p 00000000 00:00 0 
c7680000-ebe00000 ---p 00000000 00:00 0 
ebe00000-f7800000 rw-p 00000000 00:00 0 
f7800000-100000000 ---p 00000000 00:00 0 
100000000-100600000 rw-p 00000000 00:00 0 
100600000-140000000 ---p 00000000 00:00 0 
7f204c000000-7f204c021000 rw-p 00000000 00:00 0 
7f204c021000-7f2050000000 ---p 00000000 00:00 0 
7f2050000000-7f2050021000 rw-p 00000000 00:00 0 
7f2050021000-7f2054000000 ---p 00000000 00:00 0 
7f2054000000-7f2054021000 rw-p 00000000 00:00 0 
7f2054021000-7f2058000000 ---p 00000000 00:00 0 
7f2058000000-7f2058021000 rw-p 00000000 00:00 0 
7f2058021000-7f205c000000 ---p 00000000 00:00 0 
7f205c000000-7f205c021000 rw-p 00000000 00:00 0 
7f205c021000-7f2060000000 ---p 00000000 00:00 0 
7f2060000000-7f2060021000 rw-p 00000000 00:00 0 
7f2060021000-7f2064000000 ---p 00000000 00:00 0 
7f20678fb000-7f20678fe000 ---p 00000000 00:00 0 
7f20678fe000-7f20679fc000 rw-p 00000000 00:00 0                          [stack:5106]
7f20679fc000-7f20679ff000 ---p 00000000 00:00 0 
7f20679ff000-7f2067afd000 rw-p 00000000 00:00 0                          [stack:5105]
7f2067afd000-7f2067b00000 ---p 00000000 00:00 0 
7f2067b00000-7f2067bfe000 rw-p 00000000 00:00 0                          [stack:5104]
7f2067bfe000-7f2067c01000 ---p 00000000 00:00 0 
7f2067c01000-7f2067cff000 rw-p 00000000 00:00 0                          [stack:5103]
7f2067cff000-7f2067d02000 ---p 00000000 00:00 0 
7f2067d02000-7f2067ec0000 rw-p 00000000 00:00 0                          [stack:5102]
7f2067ec0000-7f2068000000 ---p 00000000 00:00 0 
7f2068000000-7f2068021000 rw-p 00000000 00:00 0 
7f2068021000-7f206c000000 ---p 00000000 00:00 0 
7f206c000000-7f206c021000 rw-p 00000000 00:00 0 
7f206c021000-7f2070000000 ---p 00000000 00:00 0 
7f2070000000-7f2070271000 rw-p 00000000 00:00 0 
7f2070271000-7f2074000000 ---p 00000000 00:00 0 
7f2074000000-7f2074071000 rw-p 00000000 00:00 0 
7f2074071000-7f2078000000 ---p 00000000 00:00 0 
7f2078000000-7f2078021000 rw-p 00000000 00:00 0 
7f2078021000-7f207c000000 ---p 00000000 00:00 0 
7f207c000000-7f207c021000 rw-p 00000000 00:00 0 
7f207c021000-7f2080000000 ---p 00000000 00:00 0 
7f2080000000-7f208102f000 rw-p 00000000 00:00 0 
7f208102f000-7f2084000000 ---p 00000000 00:00 0 
7f2084000000-7f2084021000 rw-p 00000000 00:00 0 
7f2084021000-7f2088000000 ---p 00000000 00:00 0 
7f2088000000-7f2089801000 rw-p 00000000 00:00 0 
7f2089801000-7f208c000000 ---p 00000000 00:00 0 
7f208c000000-7f208dd26000 rw-p 00000000 00:00 0 
7f208dd26000-7f2090000000 ---p 00000000 00:00 0 
7f2090000000-7f2090021000 rw-p 00000000 00:00 0 
7f2090021000-7f2094000000 ---p 00000000 00:00 0 
7f2094000000-7f2094021000 rw-p 00000000 00:00 0 
7f2094021000-7f2098000000 ---p 00000000 00:00 0 
7f2098000000-7f20980ab000 rw-p 00000000 00:00 0 
7f20980ab000-7f209c000000 ---p 00000000 00:00 0 
7f209c000000-7f209c021000 rw-p 00000000 00:00 0 
7f209c021000-7f20a0000000 ---p 00000000 00:00 0 
7f20a0000000-7f20a0021000 rw-p 00000000 00:00 0 
7f20a0021000-7f20a4000000 ---p 00000000 00:00 0 
7f20a4000000-7f20a4021000 rw-p 00000000 00:00 0 
7f20a4021000-7f20a8000000 ---p 00000000 00:00 0 
7f20a8000000-7f20a8025000 rw-p 00000000 00:00 0 
7f20a8025000-7f20ac000000 ---p 00000000 00:00 0 
7f20ac0a4000-7f20ac2a4000 rw-p 00000000 00:00 0 
7f20ac2a4000-7f20ac4a4000 rw-p 00000000 00:00 0 
7f20ac4a4000-7f20ac6a4000 rw-p 00000000 00:00 0 
7f20ac6a4000-7f20ac728000 r-xp 00000000 08:03 5917606                    /tmp/sqlite-3.7.2-libsqlitejdbc.so
7f20ac728000-7f20ac928000 ---p 00084000 08:03 5917606                    /tmp/sqlite-3.7.2-libsqlitejdbc.so
7f20ac928000-7f20ac929000 r--p 00084000 08:03 5917606                    /tmp/sqlite-3.7.2-libsqlitejdbc.so
7f20ac929000-7f20ac92c000 rw-p 00085000 08:03 5917606                    /tmp/sqlite-3.7.2-libsqlitejdbc.so
7f20ac92c000-7f20ac92f000 ---p 00000000 00:00 0 
7f20ac92f000-7f20acc2d000 rw-p 00000000 00:00 0                          [stack:5101]
7f20acc2d000-7f20ace2d000 rw-p 00000000 00:00 0 
7f20ace2d000-7f20ace30000 ---p 00000000 00:00 0 
7f20ace30000-7f20ad12e000 rw-p 00000000 00:00 0                          [stack:5100]
7f20ad12e000-7f20ad32e000 rw-p 00000000 00:00 0 
7f20ad32e000-7f20ad341000 r--s 00345000 08:03 3569668                    /usr/lib/jvm/java-8-oracle/jre/lib/resources.jar
7f20ad3fa000-7f20ad3fb000 rw-p 00000000 00:00 0 
7f20ad3fb000-7f20ad3fe000 ---p 00000000 00:00 0 
7f20ad3fe000-7f20ad4fc000 rw-p 00000000 00:00 0                          [stack:5099]
7f20ad4fc000-7f20ad4ff000 ---p 00000000 00:00 0 
7f20ad4ff000-7f20ad7fd000 rw-p 00000000 00:00 0                          [stack:5098]
7f20ad7fd000-7f20ad9fd000 rw-p 00000000 00:00 0 
7f20ad9fd000-7f20ada92000 r--s 01109000 08:03 3569596                    /usr/lib/jvm/java-8-oracle/jre/lib/ext/jfxrt.jar
7f20ada92000-7f20adc92000 rw-p 00000000 00:00 0 
7f20adc92000-7f20adca3000 r-xp 00000000 08:03 4870868                    /usr/lib/jvm/java-8-oracle/jre/lib/amd64/libnio.so
7f20adca3000-7f20adea2000 ---p 00011000 08:03 4870868                    /usr/lib/jvm/java-8-oracle/jre/lib/amd64/libnio.so
7f20adea2000-7f20adea3000 rw-p 00010000 08:03 4870868                    /usr/lib/jvm/java-8-oracle/jre/lib/amd64/libnio.so
7f20adea3000-7f20ae0a3000 rw-p 00000000 00:00 0 
7f20ae0a3000-7f20ae0a8000 r--s 002f9000 08:03 3569547                    /usr/lib/jvm/java-8-oracle/jre/lib/charsets.jar
7f20ae0a8000-7f20ae2a8000 rw-p 00000000 00:00 0 
7f20ae2a8000-7f20ae2ab000 ---p 00000000 00:00 0 
7f20ae2ab000-7f20ae3a9000 rw-p 00000000 00:00 0                          [stack:5097]
7f20ae3a9000-7f20ae3b2000 r-xp 00000000 08:03 4870832                    /usr/lib/jvm/java-8-oracle/jre/lib/amd64/libmanagement.so
7f20ae3b2000-7f20ae5b1000 ---p 00009000 08:03 4870832                    /usr/lib/jvm/java-8-oracle/jre/lib/amd64/libmanagement.so
7f20ae5b1000-7f20ae5b2000 rw-p 00008000 08:03 4870832                    /usr/lib/jvm/java-8-oracle/jre/lib/amd64/libmanagement.so
7f20ae5b2000-7f20ae7b2000 rw-p 00000000 00:00 0 
7f20ae7b2000-7f20ae9b2000 rw-p 00000000 00:00 0 
7f20ae9b2000-7f20aebb2000 rw-p 00000000 00:00 0 
7f20aebb2000-7f20aebb6000 r--s 0009a000 08:03 3569602                    /usr/lib/jvm/java-8-oracle/jre/lib/jsse.jar
7f20aebb6000-7f20aebb9000 ---p 00000000 00:00 0 
7f20aebb9000-7f20aecb7000 rw-p 00000000 00:00 0                          [stack:5094]
7f20aecb7000-7f20aeccd000 r-xp 00000000 08:03 4870893                    /usr/lib/jvm/java-8-oracle/jre/lib/amd64/libnet.so
7f20aeccd000-7f20aeecd000 ---p 00016000 08:03 4870893                    /usr/lib/jvm/java-8-oracle/jre/lib/amd64/libnet.so
7f20aeecd000-7f20aeece000 rw-p 00016000 08:03 4870893                    /usr/lib/jvm/java-8-oracle/jre/lib/amd64/libnet.so
7f20aeece000-7f20aeecf000 r--s 0000c000 08:03 5916924                    /home/sharmila/.gradle/caches/modules-2/files-2.1/org.ow2.asm/asm/5.0.3/dcc2193db20e19e1feca8b1240dbbc4e190824fa/asm-5.0.3.jar
7f20aeecf000-7f20aeed9000 r--s 00069000 08:03 5923589                    /home/sharmila/.gradle/caches/modules-2/files-2.1/ch.qos.logback/logback-core/1.1.8/b4d1c3dea91727faf8b3d19cf4b9b972d6c0b89/logback-core-1.1.8.jar
7f20aeed9000-7f20aeedb000 r--s 00012000 08:03 5916922                    /home/sharmila/.gradle/caches/modules-2/files-2.1/net.minidev/accessors-smart/1.1/a527213f2fea112a04c9bdf0ec0264e34104cd08/accessors-smart-1.1.jar
7f20aeedb000-7f20aeedd000 r--s 00009000 08:03 5923902                    /home/sharmila/.gradle/caches/modules-2/files-2.1/org.apache.tomcat/tomcat-juli/8.5.6/83d2d1e3362ecca504f3bf8ed1bc4cc451754d24/tomcat-juli-8.5.6.jar
7f20aeedd000-7f20aeee6000 r--s 0002d000 08:03 5923903                    /home/sharmila/.gradle/caches/modules-2/files-2.1/xml-apis/xml-apis/1.4.01/3789d9fada2d3d458c4ba2de349d48780f381ee3/xml-apis-1.4.01.jar
7f20aeee6000-7f20aeee8000 r--s 00004000 08:03 5923588                    /home/sharmila/.gradle/caches/modules-2/files-2.1/org.slf4j/log4j-over-slf4j/1.7.22/a527c37e9ca6c3d19ba298edd4aa344ca751a203/log4j-over-slf4j-1.7.22.jar
7f20aeee8000-7f20aeeea000 r--s 00000000 08:03 5923587                    /home/sharmila/.gradle/caches/modules-2/files-2.1/org.slf4j/jul-to-slf4j/1.7.22/b0429e950b3d2bc2c39c1bacafac753edbe3781c/jul-to-slf4j-1.7.22.jar
7f20aeeea000-7f20aeef0000 r--s 00045000 08:03 5923585                    /home/sharmila/.gradle/caches/modules-2/files-2.1/ch.qos.logback/logback-classic/1.1.8/e54f49a227611976642f81cf2106b81c1ece8bf5/logback-classic-1.1.8.jar
7f20aeef0000-7f20aeef1000 r--s 0000f000 08:03 5916909                    /home/sharmila/.gradle/caches/modules-2/files-2.1/org.json/json/20140107/d1ffca6e2482b002702c6a576166fd685e3370e3/json-20140107.jar
7f20aeef1000-7f20aeef3000 r--s 00009000 08:03 5916921                    /home/sharmila/.gradle/caches/modules-2/files-2.1/org.objenesis/objenesis/2.1/87c0ea803b69252868d09308b4618f766f135a96/objenesis-2.1.jar
7f20aeef3000-7f20aeef6000 r--s 0001b000 08:03 5916920                    /home/sharmila/.gradle/caches/modules-2/files-2.1/net.minidev/json-smart/2.2.1/5b9e5df7a62d1279b70dc882b041d249c4f0b002/json-smart-2.2.1.jar
7f20aeef6000-7f20aeef8000 r--s 00003000 08:03 5923586                    /home/sharmila/.gradle/caches/modules-2/files-2.1/org.slf4j/jcl-over-slf4j/1.7.22/86ceac14535af5a42c8fb0d06d79b925dd3cb263/jcl-over-slf4j-1.7.22.jar
7f20aeef8000-7f20aeefa000 r--s 00009000 08:03 5923584                    /home/sharmila/.gradle/caches/modules-2/files-2.1/org.slf4j/slf4j-api/1.7.22/a1c83373863cec7ae8d89dc1c5722d8cb6ec0309/slf4j-api-1.7.22.jar
7f20aeefa000-7f20aef02000 r--s 0003a000 08:03 5923901                    /home/sharmila/.gradle/caches/modules-2/files-2.1/org.springframework/spring-tx/4.3.5.RELEASE/296d8ae21fadc0f115dae7d1e8d5c4f8c7de2c3e/spring-tx-4.3.5.RELEASE.jar
7f20aef02000-7f20aef0c000 r--s 0006b000 08:03 5923900                    /home/sharmila/.gradle/caches/modules-2/files-2.1/org.springframework/spring-orm/4.3.5.RELEASE/64c29d310b69bcc6e1fd5a738fa3629bdedb2d3f/spring-orm-4.3.5.RELEASE.jar
7f20aef0c000-7f20aef1c000 r--s 0009a000 08:03 5923899                    /home/sharmila/.gradle/caches/modules-2/files-2.1/org.springframework.data/spring-data-commons/1.12.6.RELEASE/b6403dcfce33e89613f364d80d653d7540279c47/spring-data-commons-1.12.6.RELEASE.jar
7f20aef1c000-7f20aef26000 r--s 0005f000 08:03 5923898                    /home/sharmila/.gradle/caches/modules-2/files-2.1/org.springframework/spring-jdbc/4.3.5.RELEASE/7c09e38b6f6e0b178973dea06bb8fdc6d19aa596/spring-jdbc-4.3.5.RELEASE.jar
7f20aef26000-7f20aef29000 r--s 00020000 08:03 5923897                    /home/sharmila/.gradle/caches/modules-2/files-2.1/org.apache.tomcat/tomcat-jdbc/8.5.6/feb10a9e22f70565c7556f327b0481dba8587bbc/tomcat-jdbc-8.5.6.jar
7f20aef29000-7f20aef42000 r--s 001af000 08:03 5923896                    /home/sharmila/.gradle/caches/modules-2/files-2.1/org.aspectj/aspectjweaver/1.8.9/db28774f477f07220eac18d5ec9c4e01f48589d7/aspectjweaver-1.8.9.jar
7f20aef42000-7f20aef45000 r--s 00010000 08:03 5923833                    /home/sharmila/.gradle/caches/modules-2/files-2.1/org.hibernate.common/hibernate-commons-annotations/5.0.1.Final/71e1cff3fcb20d3b3af4f3363c3ddb24d33c6879/hibernate-commons-annotations-5.0.1.Final.jar
7f20aef45000-7f20aef4a000 r--s 00048000 08:03 5923832                    /home/sharmila/.gradle/caches/modules-2/files-2.1/dom4j/dom4j/1.6.1/5d3ccc056b6f056dbf0dddfdf43894b9065a8f94/dom4j-1.6.1.jar
7f20aef4a000-7f20aef4d000 r--s 0002b000 08:03 5923433                    /home/sharmila/.gradle/caches/modules-2/files-2.1/org.jboss/jandex/2.0.0.Final/3e899258936f94649c777193e1be846387ed54b3/jandex-2.0.0.Final.jar
7f20aef4d000-7f20aef4e000 r--s 00003000 08:03 5923830                    /home/sharmila/.gradle/caches/modules-2/files-2.1/org.apache.geronimo.specs/geronimo-jta_1.1_spec/1.1.1/aabab3165b8ea936b9360abbf448459c0d04a5a4/geronimo-jta_1.1_spec-1.1.1.jar
7f20aef4e000-7f20aef53000 r--s 00068000 08:03 5923829                    /home/sharmila/.gradle/caches/modules-2/files-2.1/antlr/antlr/2.7.7/83cd2cd674a217ade95a4bb83a8a14f351f48bd0/antlr-2.7.7.jar
7f20aef53000-7f20aef58000 r--s 0003c000 08:03 5923583                    /home/sharmila/.gradle/caches/modules-2/files-2.1/org.springframework/spring-expression/4.3.5.RELEASE/3689dc6c5b942ecde4122eac889ed87977d6f287/spring-expression-4.3.5.RELEASE.jar
7f20aef58000-7f20aef72000 r--s 000fc000 08:03 5923582                    /home/sharmila/.gradle/caches/modules-2/files-2.1/org.springframework/spring-context/4.3.5.RELEASE/ca3391c0e17d0138335ba51b51371661d20d56a8/spring-context-4.3.5.RELEASE.jar
7f20aef72000-7f20aef7f000 r--s 000ad000 08:03 5923581                    /home/sharmila/.gradle/caches/modules-2/files-2.1/org.springframework/spring-beans/4.3.5.RELEASE/e12bbc3277da28e2e2608a187f83091dc6c300bf/spring-beans-4.3.5.RELEASE.jar
7f20aef7f000-7f20aef88000 r--s 00054000 08:03 5923580                    /home/sharmila/.gradle/caches/modules-2/files-2.1/org.springframework/spring-aop/4.3.5.RELEASE/4f113218af716bd8d174c411f19b26418b5a70f6/spring-aop-4.3.5.RELEASE.jar
7f20aef88000-7f20aef8c000 r--s 00041000 08:03 5923579                    /home/sharmila/.gradle/caches/modules-2/files-2.1/com.fasterxml.jackson.core/jackson-core/2.8.5/60d059f5d2930ccd1ef03535b713fd9f933d1ba7/jackson-core-2.8.5.jar
7f20aef8c000-7f20aef8f000 r--s 0000b000 08:03 5923578                    /home/sharmila/.gradle/caches/modules-2/files-2.1/com.fasterxml.jackson.core/jackson-annotations/2.8.5/9d82ff47bc2c2d3b5b6a6618fe636782bbcd5b07/jackson-annotations-2.8.5.jar
7f20aef8f000-7f20aef91000 r--s 0000e000 08:03 5917543                    /home/sharmila/.gradle/caches/modules-2/files-2.1/com.fasterxml/classmate/1.3.3/864c8e370a691e343210cc7c532fc198cee460d8/classmate-1.3.3.jar
7f20aef91000-7f20aef95000 r--s 0000c000 08:03 5916766                    /home/sharmila/.gradle/caches/modules-2/files-2.1/javax.validation/validation-api/1.1.0.Final/8613ae82954779d518631e05daa73a6a954817d5/validation-api-1.1.0.Final.jar
7f20aef95000-7f20aef9a000 r--s 00036000 08:03 5917542                    /home/sharmila/.gradle/caches/modules-2/files-2.1/org.apache.tomcat.embed/tomcat-embed-websocket/8.5.6/6f6940a216b380ea8506530c374fcfeef820ba54/tomcat-embed-websocket-8.5.6.jar
7f20aef9a000-7f20aef9b000 r--s 00000000 08:03 5923577                    /home/sharmila/.gradle/caches/modules-2/files-2.1/org.springframework.boot/spring-boot-starter-logging/1.4.3.RELEASE/1c58783c0694abf695babfd39829922d2d501ec2/spring-boot-starter-logging-1.4.3.RELEASE.jar
7f20aef9b000-7f20aefb9000 r--s 000d0000 08:03 5923576                    /home/sharmila/.gradle/caches/modules-2/files-2.1/org.springframework.boot/spring-boot-autoconfigure/1.4.3.RELEASE/41df1bfbdd4ae4e8499ebe1a4bc613bda316d6e1/spring-boot-autoconfigure-1.4.3.RELEASE.jar
7f20aefb9000-7f20aefc9000 r--s 00092000 08:03 5923575                    /home/sharmila/.gradle/caches/modules-2/files-2.1/org.springframework.boot/spring-boot/1.4.3.RELEASE/17f94def4460075afdfba6bf8f897cd1fc95bf77/spring-boot-1.4.3.RELEASE.jar
7f20aefc9000-7f20aefd8000 r--s 00084000 08:03 5923574                    /home/sharmila/.gradle/caches/modules-2/files-2.1/org.springframework/spring-test/4.3.5.RELEASE/a1965127e07b469d8e5bb3d2b0ff850423b66be4/spring-test-4.3.5.RELEASE.jar
7f20aefd8000-7f20aefee000 r--s 000fa000 08:03 5923530                    /home/sharmila/.gradle/caches/modules-2/files-2.1/org.springframework/spring-core/4.3.5.RELEASE/80299e3f80e8c6d5c076db2ba6adf44a4b52f578/spring-core-4.3.5.RELEASE.jar
7f20aefee000-7f20aefef000 r--s 00006000 08:03 5916915                    /home/sharmila/.gradle/caches/modules-2/files-2.1/org.skyscreamer/jsonassert/1.3.0/d5c250eb122496866de36dc84f98e2945845ecdd/jsonassert-1.3.0.jar
7f20aefef000-7f20aeff1000 r--s 00009000 08:03 5913472                    /home/sharmila/.gradle/caches/modules-2/files-2.1/org.hamcrest/hamcrest-core/1.3/42a25dc3219429f0e5d060061f71acb49bf010a0/hamcrest-core-1.3.jar
7f20aeff1000-7f20af00d000 r--s 00103000 08:03 5916914                    /home/sharmila/.gradle/caches/modules-2/files-2.1/org.mockito/mockito-core/1.10.19/e8546f5bef4e061d8dd73895b4e8f40e3fe6effe/mockito-core-1.10.19.jar
7f20af00d000-7f20af020000 r--s 000d2000 08:03 5916913                    /home/sharmila/.gradle/caches/modules-2/files-2.1/org.assertj/assertj-core/2.5.0/fcd21db4c5f33e5dcac69bf1816415fe0647582f/assertj-core-2.5.0.jar
7f20af020000-7f20af025000 r--s 0002e000 08:03 5916911                    /home/sharmila/.gradle/caches/modules-2/files-2.1/com.jayway.jsonpath/json-path/2.2.0/22290d17944bd239fabf5ac69005a60a7ecbbbcb/json-path-2.2.0.jar
7f20af025000-7f20af02a000 r--s 00017000 08:03 5923573                    /home/sharmila/.gradle/caches/modules-2/files-2.1/org.springframework.boot/spring-boot-test-autoconfigure/1.4.3.RELEASE/1a7587605e981a58104a501ab1896e2eb7a76686/spring-boot-test-autoconfigure-1.4.3.RELEASE.jar
7f20af02a000-7f20af02f000 r--s 00021000 08:03 5923572                    /home/sharmila/.gradle/caches/modules-2/files-2.1/org.springframework.boot/spring-boot-test/1.4.3.RELEASE/2d76638f0f13b33859bf3b927c232ff0f8a4ffbf/spring-boot-test-1.4.3.RELEASE.jar
7f20af02f000-7f20af035000 r--s 0003d000 08:03 5916762                    /home/sharmila/.gradle/caches/modules-2/files-2.1/org.yaml/snakeyaml/1.17/7a27ea250c5130b2922b86dea63cbb1cc10a660c/snakeyaml-1.17.jar
7f20af035000-7f20af037000 r--s 00006000 08:03 5923638                    /home/sharmila/.gradle/caches/modules-2/files-2.1/com.beust/jcommander/1.12/7409692b48022f9eca7445861defbcdb9ee3c2a8/jcommander-1.12.jar
7f20af037000-7f20af03c000 r--s 00040000 08:03 5923637                    /home/sharmila/.gradle/caches/modules-2/files-2.1/org.beanshell/bsh/2.0b4/a05f0a0feefa8d8467ac80e16e7de071489f0d9c/bsh-2.0b4.jar
7f20af03c000-7f20af044000 r--s 00045000 08:03 5913471                    /home/sharmila/.gradle/caches/modules-2/files-2.1/junit/junit/4.12/2973d150c0dc1fefe998f834810d68f278ea58ec/junit-4.12.jar
7f20af044000-7f20af047000 r--s 0000c000 08:03 5923895                    /home/sharmila/.gradle/caches/modules-2/files-2.1/org.springframework/spring-aspects/4.3.5.RELEASE/8c00c15865a1da0a1ba143a50622a8436a56e097/spring-aspects-4.3.5.RELEASE.jar
7f20af047000-7f20af04d000 r--s 0003f000 08:03 5923894                    /home/sharmila/.gradle/caches/modules-2/files-2.1/org.springframework.data/spring-data-jpa/1.10.6.RELEASE/5d478860b24a493845248c1c336c33a657567bd3/spring-data-jpa-1.10.6.RELEASE.jar
7f20af04d000-7f20af04f000 r--s 00006000 08:03 5923893                    /home/sharmila/.gradle/caches/modules-2/files-2.1/javax.transaction/javax.transaction-api/1.2/d81aff979d603edd90dcd8db2abc1f4ce6479e3e/javax.transaction-api-1.2.jar
7f20af04f000-7f20af05c000 r--s 00089000 08:03 5923892                    /home/sharmila/.gradle/caches/modules-2/files-2.1/org.hibernate/hibernate-entitymanager/5.0.11.Final/549565caed4e0bcb816843693e66ff7b04ce025f/hibernate-entitymanager-5.0.11.Final.jar
7f20af05c000-7f20af066000 r--s 000ae000 08:03 5916958                    /home/sharmila/.gradle/caches/modules-2/files-2.1/org.javassist/javassist/3.20.0-GA/a9cbcdfb7e9f86fbc74d3afae65f2248bfbf82a0/javassist-3.20.0-GA.jar
7f20af066000-7f20af06b000 r--s 00017000 08:03 5923828                    /home/sharmila/.gradle/caches/modules-2/files-2.1/org.hibernate.javax.persistence/hibernate-jpa-2.1-api/1.0.0.Final/5e731d961297e5a07290bfaf3db1fbc8bbbf405a/hibernate-jpa-2.1-api-1.0.0.Final.jar
7f20af06b000-7f20af0d4000 r--s 004f3000 08:03 5923432                    /home/sharmila/.gradle/caches/modules-2/files-2.1/org.hibernate/hibernate-core/5.0.11.Final/c2487fb72a2217a7cec9ab478d4c21a36fc09977/hibernate-core-5.0.11.Final.jar
7f20af0d4000-7f20af0e7000 r--s 00236000 08:03 5916949                    /home/sharmila/.gradle/caches/modules-2/files-2.1/org.eclipse.jdt.core.compiler/ecj/4.5.1/bee1367ac12fb6a20b422ff8711ebeb4f0a42316/ecj-4.5.1.jar
7f20af0e7000-7f20af0ec000 r--s 00036000 08:03 5917541                    /home/sharmila/.gradle/caches/modules-2/files-2.1/org.apache.tomcat.embed/tomcat-embed-el/8.5.6/a102298d8dc72f4065533d5962953d753b172602/tomcat-embed-el-8.5.6.jar
7f20af0ec000-7f20af115000 r--s 002b2000 08:03 5917540                    /home/sharmila/.gradle/caches/modules-2/files-2.1/org.apache.tomcat.embed/tomcat-embed-core/8.5.6/960834b5abc6b2135250487abf6c060a0fa5a22e/tomcat-embed-core-8.5.6.jar
7f20af115000-7f20af116000 ---p 00000000 00:00 0 
7f20af116000-7f20af216000 rw-p 00000000 00:00 0                          [stack:5093]
7f20af216000-7f20af219000 ---p 00000000 00:00 0 
7f20af219000-7f20af317000 rw-p 00000000 00:00 0                          [stack:5092]
7f20af317000-7f20af31a000 ---p 00000000 00:00 0 
7f20af31a000-7f20af418000 rw-p 00000000 00:00 0                          [stack:5091]
7f20af418000-7f20af41b000 ---p 00000000 00:00 0 
7f20af41b000-7f20af519000 rw-p 00000000 00:00 0                          [stack:5090]
7f20af519000-7f20af51c000 ---p 00000000 00:00 0 
7f20af51c000-7f20af61a000 rw-p 00000000 00:00 0                          [stack:5089]
7f20af61a000-7f20af61d000 ---p 00000000 00:00 0 
7f20af61d000-7f20af71b000 rw-p 00000000 00:00 0                          [stack:5088]
7f20af71b000-7f20afdfe000 r--p 00000000 08:03 3152909                    /usr/lib/locale/locale-archive
7f20afdfe000-7f20afe01000 ---p 00000000 00:00 0 
7f20afe01000-7f20afeff000 rw-p 00000000 00:00 0                          [stack:5087]
7f20afeff000-7f20aff02000 ---p 00000000 00:00 0 
7f20aff02000-7f20b0000000 rw-p 00000000 00:00 0                          [stack:5086]
7f20b0000000-7f20b0021000 rw-p 00000000 00:00 0 
7f20b0021000-7f20b4000000 ---p 00000000 00:00 0 
7f20b4000000-7f20b4011000 r--s 000cf000 08:03 5923571                    /home/sharmila/.gradle/caches/modules-2/files-2.1/org.springframework/spring-webmvc/4.3.5.RELEASE/c624659217edab07d8279fb0f90462136f089220/spring-webmvc-4.3.5.RELEASE.jar
7f20b4011000-7f20b4023000 r--s 000b6000 08:03 5923570                    /home/sharmila/.gradle/caches/modules-2/files-2.1/org.springframework/spring-web/4.3.5.RELEASE/6641daccf2fddafc8358144f3a4f999130fdf144/spring-web-4.3.5.RELEASE.jar
7f20b4023000-7f20b4034000 r--s 0011d000 08:03 5923569                    /home/sharmila/.gradle/caches/modules-2/files-2.1/com.fasterxml.jackson.core/jackson-databind/2.8.5/b3035f37e674c04dafe36a660c3815cc59f764e2/jackson-databind-2.8.5.jar
7f20b4034000-7f20b4044000 r--s 0009c000 08:03 5916756                    /home/sharmila/.gradle/caches/modules-2/files-2.1/org.hibernate/hibernate-validator/5.2.4.Final/fb18766b576aa6632bcfe9a20a023cbd52bf9769/hibernate-validator-5.2.4.Final.jar
7f20b4044000-7f20b4050000 r--s 000a4000 08:03 5923636                    /home/sharmila/.gradle/caches/modules-2/files-2.1/org.testng/testng/6.5.2/5069d2e72356ed87645c5fc3622b0bbb5e0667c9/testng-6.5.2.jar
7f20b4050000-7f20b4059000 r--s 00095000 08:03 5913393                    /home/sharmila/.gradle/caches/modules-2/files-2.1/org.apache.tomcat.embed/tomcat-embed-jasper/9.0.0.M11/e2cd5a7038094195c3163532e01daf051d9265fe/tomcat-embed-jasper-9.0.0.M11.jar
7f20b4059000-7f20b4061000 r--s 00046000 08:03 2759763                    /home/sharmila/Downloads/sts 3.6.4/sts-bundle/sts-3.6.4.RELEASE/plugins/org.testng.eclipse_6.10.0.201612030230/lib/testng-remote.jar
7f20b4061000-7f20b4062000 ---p 00000000 00:00 0 
7f20b4062000-7f20b50d4000 rw-p 00000000 00:00 0                          [stack:5085]
7f20b50d4000-7f20b52ad000 r--s 03d3e000 08:03 3569606                    /usr/lib/jvm/java-8-oracle/jre/lib/rt.jar
7f20b52ad000-7f20b7ac0000 rw-p 00000000 00:00 0 
7f20b7ac0000-7f20b7ac1000 ---p 00000000 00:00 0 
7f20b7ac1000-7f20b7bc1000 rw-p 00000000 00:00 0                          [stack:5084]
7f20b7bc1000-7f20b7bc2000 ---p 00000000 00:00 0 
7f20b7bc2000-7f20b7cc2000 rw-p 00000000 00:00 0                          [stack:5083]
7f20b7cc2000-7f20b7cc3000 ---p 00000000 00:00 0 
7f20b7cc3000-7f20b7dc3000 rw-p 00000000 00:00 0                          [stack:5082]
7f20b7dc3000-7f20b7dc4000 ---p 00000000 00:00 0 
7f20b7dc4000-7f20b7ee3000 rw-p 00000000 00:00 0                          [stack:5081]
7f20b7ee3000-7f20b8006000 ---p 00000000 00:00 0 
7f20b8006000-7f20b8025000 rw-p 00000000 00:00 0 
7f20b8025000-7f20b8148000 ---p 00000000 00:00 0 
7f20b8148000-7f20b81a5000 rw-p 00000000 00:00 0 
7f20b81a5000-7f20b81e9000 ---p 00000000 00:00 0 
7f20b81e9000-7f20b821e000 rw-p 00000000 00:00 0 
7f20b821e000-7f20b85aa000 ---p 00000000 00:00 0 
7f20b85aa000-7f20b92aa000 rwxp 00000000 00:00 0 
7f20b92aa000-7f20c75aa000 ---p 00000000 00:00 0 
7f20c75aa000-7f20c75c4000 r-xp 00000000 08:03 4870864                    /usr/lib/jvm/java-8-oracle/jre/lib/amd64/libzip.so
7f20c75c4000-7f20c77c4000 ---p 0001a000 08:03 4870864                    /usr/lib/jvm/java-8-oracle/jre/lib/amd64/libzip.so
7f20c77c4000-7f20c77c5000 rw-p 0001a000 08:03 4870864                    /usr/lib/jvm/java-8-oracle/jre/lib/amd64/libzip.so
7f20c77c5000-7f20c77cf000 r-xp 00000000 08:03 4070135                    /lib/x86_64-linux-gnu/libnss_files-2.19.so
7f20c77cf000-7f20c79ce000 ---p 0000a000 08:03 4070135                    /lib/x86_64-linux-gnu/libnss_files-2.19.so
7f20c79ce000-7f20c79cf000 r--p 00009000 08:03 4070135                    /lib/x86_64-linux-gnu/libnss_files-2.19.so
7f20c79cf000-7f20c79d0000 rw-p 0000a000 08:03 4070135                    /lib/x86_64-linux-gnu/libnss_files-2.19.so
7f20c79d0000-7f20c79db000 r-xp 00000000 08:03 4070127                    /lib/x86_64-linux-gnu/libnss_nis-2.19.so
7f20c79db000-7f20c7bda000 ---p 0000b000 08:03 4070127                    /lib/x86_64-linux-gnu/libnss_nis-2.19.so
7f20c7bda000-7f20c7bdb000 r--p 0000a000 08:03 4070127                    /lib/x86_64-linux-gnu/libnss_nis-2.19.so
7f20c7bdb000-7f20c7bdc000 rw-p 0000b000 08:03 4070127                    /lib/x86_64-linux-gnu/libnss_nis-2.19.so
7f20c7bdc000-7f20c7bf3000 r-xp 00000000 08:03 4070123                    /lib/x86_64-linux-gnu/libnsl-2.19.so
7f20c7bf3000-7f20c7df2000 ---p 00017000 08:03 4070123                    /lib/x86_64-linux-gnu/libnsl-2.19.so
7f20c7df2000-7f20c7df3000 r--p 00016000 08:03 4070123                    /lib/x86_64-linux-gnu/libnsl-2.19.so
7f20c7df3000-7f20c7df4000 rw-p 00017000 08:03 4070123                    /lib/x86_64-linux-gnu/libnsl-2.19.so
7f20c7df4000-7f20c7df6000 rw-p 00000000 00:00 0 
7f20c7df6000-7f20c7dff000 r-xp 00000000 08:03 4070122                    /lib/x86_64-linux-gnu/libnss_compat-2.19.so
7f20c7dff000-7f20c7ffe000 ---p 00009000 08:03 4070122                    /lib/x86_64-linux-gnu/libnss_compat-2.19.so
7f20c7ffe000-7f20c7fff000 r--p 00008000 08:03 4070122                    /lib/x86_64-linux-gnu/libnss_compat-2.19.so
7f20c7fff000-7f20c8000000 rw-p 00009000 08:03 4070122                    /lib/x86_64-linux-gnu/libnss_compat-2.19.so
7f20c8000000-7f20c9fa3000 rw-p 00000000 00:00 0 
7f20c9fa3000-7f20cc000000 ---p 00000000 00:00 0 
7f20cc000000-7f20cc001000 r--s 0000c000 08:03 5916912                    /home/sharmila/.gradle/caches/modules-2/files-2.1/org.hamcrest/hamcrest-library/1.3/4785a3c21320980282f9f33d0d1264a69040538f/hamcrest-library-1.3.jar
7f20cc001000-7f20cc002000 r--s 00000000 08:03 5923891                    /home/sharmila/.gradle/caches/modules-2/files-2.1/org.springframework.boot/spring-boot-starter-jdbc/1.4.3.RELEASE/7ce66cf27ea731189248be7af2ab84ba189e1151/spring-boot-starter-jdbc-1.4.3.RELEASE.jar
7f20cc002000-7f20cc007000 r--s 00309000 08:03 5923826                    /home/sharmila/.gradle/caches/modules-2/files-2.1/org.xerial/sqlite-jdbc/3.7.2/7a3d67f00508d3881650579f7f228c61bfc1b196/sqlite-jdbc-3.7.2.jar
7f20cc007000-7f20cc0bf000 rw-p 00000000 00:00 0 
7f20cc0bf000-7f20cc0ea000 r-xp 00000000 08:03 4870782                    /usr/lib/jvm/java-8-oracle/jre/lib/amd64/libjava.so
7f20cc0ea000-7f20cc2e9000 ---p 0002b000 08:03 4870782                    /usr/lib/jvm/java-8-oracle/jre/lib/amd64/libjava.so
7f20cc2e9000-7f20cc2eb000 rw-p 0002a000 08:03 4870782                    /usr/lib/jvm/java-8-oracle/jre/lib/amd64/libjava.so
7f20cc2eb000-7f20cc2f8000 r-xp 00000000 08:03 4870821                    /usr/lib/jvm/java-8-oracle/jre/lib/amd64/libverify.so
7f20cc2f8000-7f20cc4f7000 ---p 0000d000 08:03 4870821                    /usr/lib/jvm/java-8-oracle/jre/lib/amd64/libverify.so
7f20cc4f7000-7f20cc4f9000 rw-p 0000c000 08:03 4870821                    /usr/lib/jvm/java-8-oracle/jre/lib/amd64/libverify.so
7f20cc4f9000-7f20cc500000 r-xp 00000000 08:03 4070131                    /lib/x86_64-linux-gnu/librt-2.19.so
7f20cc500000-7f20cc6ff000 ---p 00007000 08:03 4070131                    /lib/x86_64-linux-gnu/librt-2.19.so
7f20cc6ff000-7f20cc700000 r--p 00006000 08:03 4070131                    /lib/x86_64-linux-gnu/librt-2.19.so
7f20cc700000-7f20cc701000 rw-p 00007000 08:03 4070131                    /lib/x86_64-linux-gnu/librt-2.19.so
7f20cc701000-7f20cc806000 r-xp 00000000 08:03 4070117                    /lib/x86_64-linux-gnu/libm-2.19.so
7f20cc806000-7f20cca05000 ---p 00105000 08:03 4070117                    /lib/x86_64-linux-gnu/libm-2.19.so
7f20cca05000-7f20cca06000 r--p 00104000 08:03 4070117                    /lib/x86_64-linux-gnu/libm-2.19.so
7f20cca06000-7f20cca07000 rw-p 00105000 08:03 4070117                    /lib/x86_64-linux-gnu/libm-2.19.so
7f20cca07000-7f20cd6d5000 r-xp 00000000 08:03 5260205                    /usr/lib/jvm/java-8-oracle/jre/lib/amd64/server/libjvm.so
7f20cd6d5000-7f20cd8d5000 ---p 00cce000 08:03 5260205                    /usr/lib/jvm/java-8-oracle/jre/lib/amd64/server/libjvm.so
7f20cd8d5000-7f20cd9ae000 rw-p 00cce000 08:03 5260205                    /usr/lib/jvm/java-8-oracle/jre/lib/amd64/server/libjvm.so
7f20cd9ae000-7f20cd9f9000 rw-p 00000000 00:00 0 
7f20cd9f9000-7f20cdbb3000 r-xp 00000000 08:03 4070132                    /lib/x86_64-linux-gnu/libc-2.19.so
7f20cdbb3000-7f20cddb3000 ---p 001ba000 08:03 4070132                    /lib/x86_64-linux-gnu/libc-2.19.so
7f20cddb3000-7f20cddb7000 r--p 001ba000 08:03 4070132                    /lib/x86_64-linux-gnu/libc-2.19.so
7f20cddb7000-7f20cddb9000 rw-p 001be000 08:03 4070132                    /lib/x86_64-linux-gnu/libc-2.19.so
7f20cddb9000-7f20cddbe000 rw-p 00000000 00:00 0 
7f20cddbe000-7f20cddc1000 r-xp 00000000 08:03 4070119                    /lib/x86_64-linux-gnu/libdl-2.19.so
7f20cddc1000-7f20cdfc0000 ---p 00003000 08:03 4070119                    /lib/x86_64-linux-gnu/libdl-2.19.so
7f20cdfc0000-7f20cdfc1000 r--p 00002000 08:03 4070119                    /lib/x86_64-linux-gnu/libdl-2.19.so
7f20cdfc1000-7f20cdfc2000 rw-p 00003000 08:03 4070119                    /lib/x86_64-linux-gnu/libdl-2.19.so
7f20cdfc2000-7f20cdfd7000 r-xp 00000000 08:03 3555343                    /usr/lib/jvm/java-8-oracle/lib/amd64/jli/libjli.so
7f20cdfd7000-7f20ce1d7000 ---p 00015000 08:03 3555343                    /usr/lib/jvm/java-8-oracle/lib/amd64/jli/libjli.so
7f20ce1d7000-7f20ce1d8000 rw-p 00015000 08:03 3555343                    /usr/lib/jvm/java-8-oracle/lib/amd64/jli/libjli.so
7f20ce1d8000-7f20ce1f1000 r-xp 00000000 08:03 4070124                    /lib/x86_64-linux-gnu/libpthread-2.19.so
7f20ce1f1000-7f20ce3f0000 ---p 00019000 08:03 4070124                    /lib/x86_64-linux-gnu/libpthread-2.19.so
7f20ce3f0000-7f20ce3f1000 r--p 00018000 08:03 4070124                    /lib/x86_64-linux-gnu/libpthread-2.19.so
7f20ce3f1000-7f20ce3f2000 rw-p 00019000 08:03 4070124                    /lib/x86_64-linux-gnu/libpthread-2.19.so
7f20ce3f2000-7f20ce3f6000 rw-p 00000000 00:00 0 
7f20ce3f6000-7f20ce419000 r-xp 00000000 08:03 4070125                    /lib/x86_64-linux-gnu/ld-2.19.so
7f20ce419000-7f20ce41a000 r--s 00000000 08:03 5923890                    /home/sharmila/.gradle/caches/modules-2/files-2.1/org.springframework.boot/spring-boot-starter-aop/1.4.3.RELEASE/30b11b6455bed446d3b4a1a49fab529b2cfac454/spring-boot-starter-aop-1.4.3.RELEASE.jar
7f20ce41a000-7f20ce41c000 r--s 0000f000 08:03 5916917                    /home/sharmila/.gradle/caches/modules-2/files-2.1/org.jboss.logging/jboss-logging/3.3.0.Final/3616bb87707910296e2c195dc016287080bba5af/jboss-logging-3.3.0.Final.jar
7f20ce41c000-7f20ce41d000 r--s 00000000 08:03 5923568                    /home/sharmila/.gradle/caches/modules-2/files-2.1/org.springframework.boot/spring-boot-starter-tomcat/1.4.3.RELEASE/61c48035a7a3b06b42fdd07b7109e562077b3792/spring-boot-starter-tomcat-1.4.3.RELEASE.jar
7f20ce41d000-7f20ce4ef000 rw-p 00000000 00:00 0 
7f20ce4ef000-7f20ce4f2000 ---p 00000000 00:00 0 
7f20ce4f2000-7f20ce5f4000 rw-p 00000000 00:00 0                          [stack:5076]
7f20ce5f4000-7f20ce5f5000 r--s 00000000 08:03 5923567                    /home/sharmila/.gradle/caches/modules-2/files-2.1/org.springframework.boot/spring-boot-starter/1.4.3.RELEASE/c99bad104719e947b3f9aa2b7569583805e4c5d5/spring-boot-starter-1.4.3.RELEASE.jar
7f20ce5f5000-7f20ce5f6000 r--s 00000000 08:03 5923566                    /home/sharmila/.gradle/caches/modules-2/files-2.1/org.springframework.boot/spring-boot-starter-test/1.4.3.RELEASE/6e9f1dbd3f68299c0183630ef07ca430de160050/spring-boot-starter-test-1.4.3.RELEASE.jar
7f20ce5f6000-7f20ce5f7000 r--s 00000000 08:03 5923889                    /home/sharmila/.gradle/caches/modules-2/files-2.1/org.springframework.boot/spring-boot-starter-data-jpa/1.4.3.RELEASE/ffda06c2144d10239014407333c223a237b73ad7/spring-boot-starter-data-jpa-1.4.3.RELEASE.jar
7f20ce5f7000-7f20ce5f8000 r--s 00003000 08:03 5923431                    /home/sharmila/.gradle/caches/modules-2/files-2.1/org.hibernate/hibernate-gradle-plugin/5.2.3.Final/db2ad8695e48a03a566b74fb5fc07c1732c1f5e5/hibernate-gradle-plugin-5.2.3.Final.jar
7f20ce5f8000-7f20ce5f9000 r--s 00000000 08:03 5923565                    /home/sharmila/.gradle/caches/modules-2/files-2.1/org.springframework.boot/spring-boot-starter-web/1.4.3.RELEASE/a0dcc919eda8e8ecb6f13f52a30e6afbb8266103/spring-boot-starter-web-1.4.3.RELEASE.jar
7f20ce5f9000-7f20ce60c000 rw-p 00000000 00:00 0 
7f20ce60c000-7f20ce614000 rw-s 00000000 08:03 5917605                    /tmp/hsperfdata_sharmila/5075
7f20ce614000-7f20ce615000 rw-p 00000000 00:00 0 
7f20ce615000-7f20ce616000 r--p 00000000 00:00 0 
7f20ce616000-7f20ce618000 rw-p 00000000 00:00 0 
7f20ce618000-7f20ce619000 r--p 00022000 08:03 4070125                    /lib/x86_64-linux-gnu/ld-2.19.so
7f20ce619000-7f20ce61a000 rw-p 00023000 08:03 4070125                    /lib/x86_64-linux-gnu/ld-2.19.so
7f20ce61a000-7f20ce61b000 rw-p 00000000 00:00 0 
7ffea917f000-7ffea91a3000 rw-p 00000000 00:00 0                          [stack]
7ffea91b7000-7ffea91b9000 r-xp 00000000 00:00 0                          [vdso]
ffffffffff600000-ffffffffff601000 r-xp 00000000 00:00 0                  [vsyscall]

VM Arguments:
jvm_args: -ea -Dfile.encoding=UTF-8 
java_command: org.testng.remote.RemoteTestNG -serport 48172 -protocol json -d /home/sharmila/Documents/work-office/TestNG_Project/test-output /tmp/testng-eclipse--190637175/testng-customsuite.xml
java_class_path (initial): /home/sharmila/Downloads/sts 3.6.4/sts-bundle/sts-3.6.4.RELEASE/plugins/org.testng.eclipse_6.10.0.201612030230/lib/testng-remote.jar:/home/sharmila/Documents/work-office/TestNG_Project/bin:/home/sharmila/.gradle/caches/modules-2/files-2.1/org.springframework.boot/spring-boot-starter-web/1.4.3.RELEASE/a0dcc919eda8e8ecb6f13f52a30e6afbb8266103/spring-boot-starter-web-1.4.3.RELEASE.jar:/home/sharmila/.gradle/caches/modules-2/files-2.1/org.apache.tomcat.embed/tomcat-embed-jasper/9.0.0.M11/e2cd5a7038094195c3163532e01daf051d9265fe/tomcat-embed-jasper-9.0.0.M11.jar:/home/sharmila/.gradle/caches/modules-2/files-2.1/org.xerial/sqlite-jdbc/3.7.2/7a3d67f00508d3881650579f7f228c61bfc1b196/sqlite-jdbc-3.7.2.jar:/home/sharmila/.gradle/caches/modules-2/files-2.1/org.hibernate/hibernate-gradle-plugin/5.2.3.Final/db2ad8695e48a03a566b74fb5fc07c1732c1f5e5/hibernate-gradle-plugin-5.2.3.Final.jar:/home/sharmila/.gradle/caches/modules-2/files-2.1/org.springframework.boot/spring-boot-starter-data-jpa/1.4.3.RELEASE/ffda06c2144d10239014407333c223a237b73ad7/spring-boot-starter-data-jpa-1.4.3.RELEASE.jar:/home/sharmila/.gradle/caches/modules-2/files-2.1/org.testng/testng/6.5.2/5069d2e72356ed87645c5fc3622b0bbb5e0667c9/testng-6.5.2.jar:/home/sharmila/.gradle/caches/modules-2/files-2.1/org.springframework.boot/spring-boot-starter-test/1.4.3.RELEASE/6e9f1dbd3f68299c0183630ef07ca430de160050/spring-boot-starter-test-1.4.3.RELEASE.jar:/home/sharmila/.gradle/caches/modules-2/files-2.1/org.springframework.boot/spring-boot-starter/1.4.3.RELEASE/c99bad104719e947b3f9aa2b7569583805e4c5d5/spring-boot-starter-1.4.3.RELEASE.jar:/home/sharmila/.gradle/caches/modules-2/files-2.1/org.springframework.boot/spring-boot-starter-tomcat/1.4.3.RELEASE/61c48035a7a3b06b42fdd07b7109e562077b3792/spring-boot-starter-tomcat-1.4.3.RELEASE.jar:/home/sharmila/.gradle/caches/modules-2/files-2.1/org.hibernate/hibernate-validator/5.2.4.Final/fb18766b576aa6632bcfe9a20a023cbd52bf9769/hibernate-validator-5
Launcher Type: SUN_STANDARD

Environment Variables:
JAVA_HOME=/usr/lib/jvm/java-8-oracle
PATH=/usr/local/sbin:/usr/local/bin:/usr/sbin:/usr/bin:/sbin:/bin:/usr/games:/usr/local/games:/usr/lib/jvm/java-8-oracle/bin:/usr/lib/jvm/java-8-oracle/db/bin:/usr/lib/jvm/java-8-oracle/jre/bin
SHELL=/bin/bash
DISPLAY=:0.0

Signal Handlers:
SIGSEGV: [libjvm.so+0xac78c0], sa_mask[0]=11111111011111111101111111111110, sa_flags=SA_RESTART|SA_SIGINFO
SIGBUS: [libjvm.so+0xac78c0], sa_mask[0]=11111111011111111101111111111110, sa_flags=SA_RESTART|SA_SIGINFO
SIGFPE: [libjvm.so+0x920ac0], sa_mask[0]=11111111011111111101111111111110, sa_flags=SA_RESTART|SA_SIGINFO
SIGPIPE: [libjvm.so+0x920ac0], sa_mask[0]=11111111011111111101111111111110, sa_flags=SA_RESTART|SA_SIGINFO
SIGXFSZ: [libjvm.so+0x920ac0], sa_mask[0]=11111111011111111101111111111110, sa_flags=SA_RESTART|SA_SIGINFO
SIGILL: [libjvm.so+0x920ac0], sa_mask[0]=11111111011111111101111111111110, sa_flags=SA_RESTART|SA_SIGINFO
SIGUSR1: SIG_DFL, sa_mask[0]=00000000000000000000000000000000, sa_flags=none
SIGUSR2: [libjvm.so+0x922300], sa_mask[0]=00100000000000000000000000000000, sa_flags=SA_RESTART|SA_SIGINFO
SIGHUP: [libjvm.so+0x923700], sa_mask[0]=11111111011111111101111111111110, sa_flags=SA_RESTART|SA_SIGINFO
SIGINT: [libjvm.so+0x923700], sa_mask[0]=11111111011111111101111111111110, sa_flags=SA_RESTART|SA_SIGINFO
SIGTERM: [libjvm.so+0x923700], sa_mask[0]=11111111011111111101111111111110, sa_flags=SA_RESTART|SA_SIGINFO
SIGQUIT: [libjvm.so+0x923700], sa_mask[0]=11111111011111111101111111111110, sa_flags=SA_RESTART|SA_SIGINFO


---------------  S Y S T E M  ---------------

OS:DISTRIB_ID=Ubuntu
DISTRIB_RELEASE=14.04
DISTRIB_CODENAME=trusty
DISTRIB_DESCRIPTION="Ubuntu 14.04.5 LTS"

uname:Linux 3.13.0-107-generic #154-Ubuntu SMP Tue Dec 20 09:57:27 UTC 2016 x86_64
libc:glibc 2.19 NPTL 2.19 
rlimit: STACK 8192k, CORE 0k, NPROC 30712, NOFILE 4096, AS infinity
load average:1.41 1.06 0.77

/proc/meminfo:
MemTotal:        3953548 kB
MemFree:          243816 kB
Buffers:           76088 kB
Cached:          1204876 kB
SwapCached:            0 kB
Active:          2379204 kB
Inactive:        1090152 kB
Active(anon):    1835788 kB
Inactive(anon):   695640 kB
Active(file):     543416 kB
Inactive(file):   394512 kB
Unevictable:         208 kB
Mlocked:             208 kB
SwapTotal:       7999484 kB
SwapFree:        7999188 kB
Dirty:               344 kB
Writeback:             0 kB
AnonPages:       2188624 kB
Mapped:           360052 kB
Shmem:            343044 kB
Slab:             117924 kB
SReclaimable:      79344 kB
SUnreclaim:        38580 kB
KernelStack:        5376 kB
PageTables:        47980 kB
NFS_Unstable:          0 kB
Bounce:                0 kB
WritebackTmp:          0 kB
CommitLimit:     9976256 kB
Committed_AS:    7372216 kB
VmallocTotal:   34359738367 kB
VmallocUsed:      400960 kB
VmallocChunk:   34359328252 kB
HardwareCorrupted:     0 kB
AnonHugePages:    745472 kB
HugePages_Total:       0
HugePages_Free:        0
HugePages_Rsvd:        0
HugePages_Surp:        0
Hugepagesize:       2048 kB
DirectMap4k:       86188 kB
DirectMap2M:     2965504 kB
DirectMap1G:     1048576 kB


CPU:total 4 (2 cores per cpu, 2 threads per core) family 6 model 69 stepping 1, cmov, cx8, fxsr, mmx, sse, sse2, sse3, ssse3, sse4.1, sse4.2, popcnt, avx, avx2, aes, clmul, erms, lzcnt, ht, tsc, tscinvbit, bmi1, bmi2

/proc/cpuinfo:
processor	: 0
vendor_id	: GenuineIntel
cpu family	: 6
model		: 69
model name	: Intel(R) Core(TM) i5-4200U CPU @ 1.60GHz
stepping	: 1
microcode	: 0x17
cpu MHz		: 1600.000
cache size	: 3072 KB
physical id	: 0
siblings	: 4
core id		: 0
cpu cores	: 2
apicid		: 0
initial apicid	: 0
fpu		: yes
fpu_exception	: yes
cpuid level	: 13
wp		: yes
flags		: fpu vme de pse tsc msr pae mce cx8 apic sep mtrr pge mca cmov pat pse36 clflush dts acpi mmx fxsr sse sse2 ss ht tm pbe syscall nx pdpe1gb rdtscp lm constant_tsc arch_perfmon pebs bts rep_good nopl xtopology nonstop_tsc aperfmperf eagerfpu pni pclmulqdq dtes64 monitor ds_cpl vmx est tm2 ssse3 fma cx16 xtpr pdcm pcid sse4_1 sse4_2 movbe popcnt tsc_deadline_timer aes xsave avx f16c rdrand lahf_lm abm ida arat epb xsaveopt pln pts dtherm tpr_shadow vnmi flexpriority ept vpid fsgsbase tsc_adjust bmi1 avx2 smep bmi2 erms invpcid
bogomips	: 4589.35
clflush size	: 64
cache_alignment	: 64
address sizes	: 39 bits physical, 48 bits virtual
power management:

processor	: 1
vendor_id	: GenuineIntel
cpu family	: 6
model		: 69
model name	: Intel(R) Core(TM) i5-4200U CPU @ 1.60GHz
stepping	: 1
microcode	: 0x17
cpu MHz		: 1600.000
cache size	: 3072 KB
physical id	: 0
siblings	: 4
core id		: 0
cpu cores	: 2
apicid		: 1
initial apicid	: 1
fpu		: yes
fpu_exception	: yes
cpuid level	: 13
wp		: yes
flags		: fpu vme de pse tsc msr pae mce cx8 apic sep mtrr pge mca cmov pat pse36 clflush dts acpi mmx fxsr sse sse2 ss ht tm pbe syscall nx pdpe1gb rdtscp lm constant_tsc arch_perfmon pebs bts rep_good nopl xtopology nonstop_tsc aperfmperf eagerfpu pni pclmulqdq dtes64 monitor ds_cpl vmx est tm2 ssse3 fma cx16 xtpr pdcm pcid sse4_1 sse4_2 movbe popcnt tsc_deadline_timer aes xsave avx f16c rdrand lahf_lm abm ida arat epb xsaveopt pln pts dtherm tpr_shadow vnmi flexpriority ept vpid fsgsbase tsc_adjust bmi1 avx2 smep bmi2 erms invpcid
bogomips	: 4589.35
clflush size	: 64
cache_alignment	: 64
address sizes	: 39 bits physical, 48 bits virtual
power management:

processor	: 2
vendor_id	: GenuineIntel
cpu family	: 6
model		: 69
model name	: Intel(R) Core(TM) i5-4200U CPU @ 1.60GHz
stepping	: 1
microcode	: 0x17
cpu MHz		: 1600.000
cache size	: 3072 KB
physical id	: 0
siblings	: 4
core id		: 1
cpu cores	: 2
apicid		: 2
initial apicid	: 2
fpu		: yes
fpu_exception	: yes
cpuid level	: 13
wp		: yes
flags		: fpu vme de pse tsc msr pae mce cx8 apic sep mtrr pge mca cmov pat pse36 clflush dts acpi mmx fxsr sse sse2 ss ht tm pbe syscall nx pdpe1gb rdtscp lm constant_tsc arch_perfmon pebs bts rep_good nopl xtopology nonstop_tsc aperfmperf eagerfpu pni pclmulqdq dtes64 monitor ds_cpl vmx est tm2 ssse3 fma cx16 xtpr pdcm pcid sse4_1 sse4_2 movbe popcnt tsc_deadline_timer aes xsave avx f16c rdrand lahf_lm abm ida arat epb xsaveopt pln pts dtherm tpr_shadow vnmi flexpriority ept vpid fsgsbase tsc_adjust bmi1 avx2 smep bmi2 erms invpcid
bogomips	: 4589.35
clflush size	: 64
cache_alignment	: 64
address sizes	: 39 bits physical, 48 bits virtual
power management:

processor	: 3
vendor_id	: GenuineIntel
cpu family	: 6
model		: 69
model name	: Intel(R) Core(TM) i5-4200U CPU @ 1.60GHz
stepping	: 1
microcode	: 0x17
cpu MHz		: 1600.000
cache size	: 3072 KB
physical id	: 0
siblings	: 4
core id		: 1
cpu cores	: 2
apicid		: 3
initial apicid	: 3
fpu		: yes
fpu_exception	: yes
cpuid level	: 13
wp		: yes
flags		: fpu vme de pse tsc msr pae mce cx8 apic sep mtrr pge mca cmov pat pse36 clflush dts acpi mmx fxsr sse sse2 ss ht tm pbe syscall nx pdpe1gb rdtscp lm constant_tsc arch_perfmon pebs bts rep_good nopl xtopology nonstop_tsc aperfmperf eagerfpu pni pclmulqdq dtes64 monitor ds_cpl vmx est tm2 ssse3 fma cx16 xtpr pdcm pcid sse4_1 sse4_2 movbe popcnt tsc_deadline_timer aes xsave avx f16c rdrand lahf_lm abm ida arat epb xsaveopt pln pts dtherm tpr_shadow vnmi flexpriority ept vpid fsgsbase tsc_adjust bmi1 avx2 smep bmi2 erms invpcid
bogomips	: 4589.35
clflush size	: 64
cache_alignment	: 64
address sizes	: 39 bits physical, 48 bits virtual
power management:



Memory: 4k page, physical 3953548k(243816k free), swap 7999484k(7999188k free)

vm_info: Java HotSpot(TM) 64-Bit Server VM (25.121-b13) for linux-amd64 JRE (1.8.0_121-b13), built on Dec 12 2016 16:36:53 by "java_re" with gcc 4.3.0 20080428 (Red Hat 4.3.0-8)

time: Mon Jan 23 17:27:54 2017
elapsed time: 7 seconds (0d 0h 0m 7s)

