#
# A fatal error has been detected by the Java Runtime Environment:
#
#  SIGSEGV (0xb) at pc=0x00007fd2a63ab118, pid=5246, tid=0x00007fd2a78b1700
#
# JRE version: Java(TM) SE Runtime Environment (8.0_121-b13) (build 1.8.0_121-b13)
# Java VM: Java HotSpot(TM) 64-Bit Server VM (25.121-b13 mixed mode linux-amd64 compressed oops)
# Problematic frame:
# V  [libjvm.so+0x6e2118]  jni_GetStringUTFChars+0xb8
#
# Failed to write core dump. Core dumps have been disabled. To enable core dumping, try "ulimit -c unlimited" before starting Java again
#
# If you would like to submit a bug report, please visit:
#   http://bugreport.java.com/bugreport/crash.jsp
#

---------------  T H R E A D  ---------------

Current thread (0x00007fd2a0010000):  JavaThread "main" [_thread_in_vm, id=5247, stack(0x00007fd2a77b1000,0x00007fd2a78b2000)]

siginfo: si_signo: 11 (SIGSEGV), si_code: 1 (SEGV_MAPERR), si_addr: 0x0000000000000000

Registers:
RAX=0x00007fd2a6c80550, RBX=0x0000000000000000, RCX=0x00000000ebeb8578, RDX=0x00007fd2a6c8e9e0
RSP=0x00007fd2a78abb00, RBP=0x00007fd2a78abba0, RSI=0x00007fd2a0010000, RDI=0x00007fd2a78abb40
R8 =0x00007fd291012c80, R9 =0x00000000ebeb8578, R10=0x0000000000000180, R11=0x00007fd2a6c8e9e8
R12=0x00007fd2a0010000, R13=0x0000000000000000, R14=0x00007fd2a78abc78, R15=0x00007fd2a78abb40
RIP=0x00007fd2a63ab118, EFLAGS=0x0000000000010246, CSGSFS=0x0000000000000033, ERR=0x0000000000000004
  TRAPNO=0x000000000000000e

Top of Stack: (sp=0x00007fd2a78abb00)
0x00007fd2a78abb00:   00007fd2a78abbc8 0000000000000000
0x00007fd2a78abb10:   00007fd29111a680 00007fd2a6c90800
0x00007fd2a78abb20:   00007fd2a78ac198 00007fd291012c80
0x00007fd2a78abb30:   00000000f6b43df0 0000000050200030
0x00007fd2a78abb40:   00007fd2a0010000 0000000000000000
0x00007fd2a78abb50:   00007fd28841b480 00007fd2910082bd
0x00007fd2a78abb60:   00007fd2a0010000 00000000f6b43df0
0x00007fd2a78abb70:   00007fd2a78abc10 00007fd281d01dd8
0x00007fd2a78abb80:   00007fd2a11d3af8 0000000000000000
0x00007fd2a78abb90:   00007fd2a78abc78 00007fd2a0010000
0x00007fd2a78abba0:   00007fd2a00101f8 00007fd2819532b0
0x00007fd2a78abbb0:   00007fd2a78abc10 00007fd2910082bd
0x00007fd2a78abbc0:   00007fd281d01dd8 00007fd2a78abc50
0x00007fd2a78abbd0:   0000000000000000 00007fd281d01dd0
0x00007fd2a78abbe0:   00007fd2a78abc78 00007fd2910184cf
0x00007fd2a78abbf0:   0000000000000000 00007fd281d11640
0x00007fd2a78abc00:   0000000000000000 00000000ebeb8578
0x00007fd2a78abc10:   00007fd2a78abc00 0000000000000000
0x00007fd2a78abc20:   00007fd2a78abc78 00007fd281d086e0
0x00007fd2a78abc30:   0000000000000000 00007fd281d01dd8
0x00007fd2a78abc40:   0000000000000000 00007fd2a78abc70
0x00007fd2a78abc50:   00007fd2a78abcd8 00007fd291007dd0
0x00007fd2a78abc60:   0000000000000000 00007fd291011537
0x00007fd2a78abc70:   0000000000000000 00000000ebeb8578
0x00007fd2a78abc80:   00000000f6b43d90 00000000f6b43df0
0x00007fd2a78abc90:   00000000ebeb8578 00007fd2a78abc88
0x00007fd2a78abca0:   00007fd281d0569d 00007fd2a78abcf0
0x00007fd2a78abcb0:   00007fd281d07f30 0000000000000000
0x00007fd2a78abcc0:   00007fd281d056e8 00007fd2a78abc70
0x00007fd2a78abcd0:   00007fd2a78abce8 00007fd2a78abd38
0x00007fd2a78abce0:   00007fd2910082bd 00000000f6b43d90
0x00007fd2a78abcf0:   00000000ebeb8578 00007fd2a78abcf8 

Instructions: (pc=0x00007fd2a63ab118)
0x00007fd2a63ab0f8:   84 24 70 02 00 00 06 00 00 00 4c 89 e6 4c 89 65
0x00007fd2a63ab108:   c0 4c 89 ff e8 1f 01 01 00 48 8b 05 18 d0 88 00
0x00007fd2a63ab118:   4c 8b 2b 8b 10 48 8b 05 44 fc 88 00 80 38 00 0f
0x00007fd2a63ab128:   84 2b 01 00 00 48 63 c2 41 8b 54 05 00 85 d2 0f 

Register to memory mapping:

RAX=0x00007fd2a6c80550: <offset 0xfb7550> in /usr/lib/jvm/java-8-oracle/jre/lib/amd64/server/libjvm.so at 0x00007fd2a5cc9000
RBX=0x0000000000000000 is an unknown value
RCX=0x00000000ebeb8578 is an oop
org.sqlite.NativeDB 
 - klass: 'org/sqlite/NativeDB'
RDX=0x00007fd2a6c8e9e0: <offset 0xfc59e0> in /usr/lib/jvm/java-8-oracle/jre/lib/amd64/server/libjvm.so at 0x00007fd2a5cc9000
RSP=0x00007fd2a78abb00 is pointing into the stack for thread: 0x00007fd2a0010000
RBP=0x00007fd2a78abba0 is pointing into the stack for thread: 0x00007fd2a0010000
RSI=0x00007fd2a0010000 is a thread
RDI=0x00007fd2a78abb40 is pointing into the stack for thread: 0x00007fd2a0010000
R8 =0x00007fd291012c80 is at code_begin+0 in an Interpreter codelet
method entry point (kind = zerolocals)  [0x00007fd291012c80, 0x00007fd291013100]  1152 bytes
R9 =0x00000000ebeb8578 is an oop
org.sqlite.NativeDB 
 - klass: 'org/sqlite/NativeDB'
R10=0x0000000000000180 is an unknown value
R11=0x00007fd2a6c8e9e8: <offset 0xfc59e8> in /usr/lib/jvm/java-8-oracle/jre/lib/amd64/server/libjvm.so at 0x00007fd2a5cc9000
R12=0x00007fd2a0010000 is a thread
R13=0x0000000000000000 is an unknown value
R14=0x00007fd2a78abc78 is pointing into the stack for thread: 0x00007fd2a0010000
R15=0x00007fd2a78abb40 is pointing into the stack for thread: 0x00007fd2a0010000


Stack: [0x00007fd2a77b1000,0x00007fd2a78b2000],  sp=0x00007fd2a78abb00,  free space=1002k
Native frames: (J=compiled Java code, j=interpreted, Vv=VM code, C=native code)
V  [libjvm.so+0x6e2118]  jni_GetStringUTFChars+0xb8
C  [sqlite-3.7.2-libsqlitejdbc.so+0xd2b0]  Java_org_sqlite_NativeDB_prepare+0x2f

Java frames: (J=compiled Java code, j=interpreted, Vv=VM code)
j  org.sqlite.NativeDB.prepare(Ljava/lang/String;)J+0
j  org.sqlite.DB.prepare(Lorg/sqlite/Stmt;)V+21
j  org.sqlite.PrepStmt.<init>(Lorg/sqlite/Conn;Ljava/lang/String;)V+15
j  org.sqlite.Conn.prepareStatement(Ljava/lang/String;III)Ljava/sql/PreparedStatement;+14
j  org.sqlite.Conn.prepareStatement(Ljava/lang/String;II)Ljava/sql/PreparedStatement;+5
j  org.sqlite.Conn.prepareStatement(Ljava/lang/String;)Ljava/sql/PreparedStatement;+8
v  ~StubRoutines::call_stub
J 1345  sun.reflect.NativeMethodAccessorImpl.invoke0(Ljava/lang/reflect/Method;Ljava/lang/Object;[Ljava/lang/Object;)Ljava/lang/Object; (0 bytes) @ 0x00007fd2914afd37 [0x00007fd2914afcc0+0x77]
J 1344 C1 sun.reflect.NativeMethodAccessorImpl.invoke(Ljava/lang/Object;[Ljava/lang/Object;)Ljava/lang/Object; (104 bytes) @ 0x00007fd29150162c [0x00007fd2915004c0+0x116c]
J 3585 C2 sun.reflect.DelegatingMethodAccessorImpl.invoke(Ljava/lang/Object;[Ljava/lang/Object;)Ljava/lang/Object; (10 bytes) @ 0x00007fd291185da4 [0x00007fd291185d60+0x44]
J 1231 C1 java.lang.reflect.Method.invoke(Ljava/lang/Object;[Ljava/lang/Object;)Ljava/lang/Object; (62 bytes) @ 0x00007fd29142cd8c [0x00007fd29142c9a0+0x3ec]
j  org.apache.tomcat.jdbc.pool.ProxyConnection.invoke(Ljava/lang/Object;Ljava/lang/reflect/Method;[Ljava/lang/Object;)Ljava/lang/Object;+237
j  org.apache.tomcat.jdbc.pool.JdbcInterceptor.invoke(Ljava/lang/Object;Ljava/lang/reflect/Method;[Ljava/lang/Object;)Ljava/lang/Object;+14
j  org.apache.tomcat.jdbc.pool.DisposableConnectionFacade.invoke(Ljava/lang/Object;Ljava/lang/reflect/Method;[Ljava/lang/Object;)Ljava/lang/Object;+93
j  com.sun.proxy.$Proxy83.prepareStatement(Ljava/lang/String;)Ljava/sql/PreparedStatement;+16
j  org.hibernate.engine.jdbc.internal.StatementPreparerImpl$1.doPrepare()Ljava/sql/PreparedStatement;+37
j  org.hibernate.engine.jdbc.internal.StatementPreparerImpl$StatementPreparationTemplate.prepareStatement()Ljava/sql/PreparedStatement;+45
j  org.hibernate.engine.jdbc.internal.StatementPreparerImpl.prepareStatement(Ljava/lang/String;)Ljava/sql/PreparedStatement;+6
j  org.hibernate.id.SequenceGenerator.generateHolder(Lorg/hibernate/engine/spi/SessionImplementor;)Lorg/hibernate/id/IntegralDataTypeHolder;+15
j  org.hibernate.id.SequenceHiLoGenerator$1.getNextValue()Lorg/hibernate/id/IntegralDataTypeHolder;+8
j  org.hibernate.id.enhanced.LegacyHiLoAlgorithmOptimizer.generate(Lorg/hibernate/id/enhanced/AccessCallback;)Ljava/io/Serializable;+25
j  org.hibernate.id.SequenceHiLoGenerator.generate(Lorg/hibernate/engine/spi/SessionImplementor;Ljava/lang/Object;)Ljava/io/Serializable;+53
j  org.hibernate.event.internal.AbstractSaveEventListener.saveWithGeneratedId(Ljava/lang/Object;Ljava/lang/String;Ljava/lang/Object;Lorg/hibernate/event/spi/EventSource;Z)Ljava/io/Serializable;+21
j  org.hibernate.jpa.event.internal.core.JpaPersistEventListener.saveWithGeneratedId(Ljava/lang/Object;Ljava/lang/String;Ljava/lang/Object;Lorg/hibernate/event/spi/EventSource;Z)Ljava/io/Serializable;+18
j  org.hibernate.event.internal.DefaultPersistEventListener.entityIsTransient(Lorg/hibernate/event/spi/PersistEvent;Ljava/util/Map;)V+55
j  org.hibernate.event.internal.DefaultPersistEventListener.onPersist(Lorg/hibernate/event/spi/PersistEvent;Ljava/util/Map;)V+324
j  org.hibernate.event.internal.DefaultPersistEventListener.onPersist(Lorg/hibernate/event/spi/PersistEvent;)V+11
j  org.hibernate.internal.SessionImpl.firePersist(Lorg/hibernate/event/spi/PersistEvent;)V+46
j  org.hibernate.internal.SessionImpl.persist(Ljava/lang/String;Ljava/lang/Object;)V+11
j  org.hibernate.internal.SessionImpl.persist(Ljava/lang/Object;)V+3
j  org.hibernate.jpa.spi.AbstractEntityManagerImpl.persist(Ljava/lang/Object;)V+9
v  ~StubRoutines::call_stub
J 1345  sun.reflect.NativeMethodAccessorImpl.invoke0(Ljava/lang/reflect/Method;Ljava/lang/Object;[Ljava/lang/Object;)Ljava/lang/Object; (0 bytes) @ 0x00007fd2914afd37 [0x00007fd2914afcc0+0x77]
J 1344 C1 sun.reflect.NativeMethodAccessorImpl.invoke(Ljava/lang/Object;[Ljava/lang/Object;)Ljava/lang/Object; (104 bytes) @ 0x00007fd29150162c [0x00007fd2915004c0+0x116c]
J 3585 C2 sun.reflect.DelegatingMethodAccessorImpl.invoke(Ljava/lang/Object;[Ljava/lang/Object;)Ljava/lang/Object; (10 bytes) @ 0x00007fd291185da4 [0x00007fd291185d60+0x44]
J 1231 C1 java.lang.reflect.Method.invoke(Ljava/lang/Object;[Ljava/lang/Object;)Ljava/lang/Object; (62 bytes) @ 0x00007fd29142cd8c [0x00007fd29142c9a0+0x3ec]
j  org.springframework.orm.jpa.SharedEntityManagerCreator$SharedEntityManagerInvocationHandler.invoke(Ljava/lang/Object;Ljava/lang/reflect/Method;[Ljava/lang/Object;)Ljava/lang/Object;+495
j  com.sun.proxy.$Proxy92.persist(Ljava/lang/Object;)V+16
j  org.springframework.data.jpa.repository.support.SimpleJpaRepository.save(Ljava/lang/Object;)Ljava/lang/Object;+18
v  ~StubRoutines::call_stub
J 1345  sun.reflect.NativeMethodAccessorImpl.invoke0(Ljava/lang/reflect/Method;Ljava/lang/Object;[Ljava/lang/Object;)Ljava/lang/Object; (0 bytes) @ 0x00007fd2914afd37 [0x00007fd2914afcc0+0x77]
J 1344 C1 sun.reflect.NativeMethodAccessorImpl.invoke(Ljava/lang/Object;[Ljava/lang/Object;)Ljava/lang/Object; (104 bytes) @ 0x00007fd29150162c [0x00007fd2915004c0+0x116c]
J 3585 C2 sun.reflect.DelegatingMethodAccessorImpl.invoke(Ljava/lang/Object;[Ljava/lang/Object;)Ljava/lang/Object; (10 bytes) @ 0x00007fd291185da4 [0x00007fd291185d60+0x44]
J 1231 C1 java.lang.reflect.Method.invoke(Ljava/lang/Object;[Ljava/lang/Object;)Ljava/lang/Object; (62 bytes) @ 0x00007fd29142cd8c [0x00007fd29142c9a0+0x3ec]
j  org.springframework.data.repository.core.support.RepositoryFactorySupport$QueryExecutorMethodInterceptor.executeMethodOn(Ljava/lang/Object;Ljava/lang/reflect/Method;[Ljava/lang/Object;)Ljava/lang/Object;+3
j  org.springframework.data.repository.core.support.RepositoryFactorySupport$QueryExecutorMethodInterceptor.doInvoke(Lorg/aopalliance/intercept/MethodInvocation;)Ljava/lang/Object;+94
j  org.springframework.data.repository.core.support.RepositoryFactorySupport$QueryExecutorMethodInterceptor.invoke(Lorg/aopalliance/intercept/MethodInvocation;)Ljava/lang/Object;+2
j  org.springframework.aop.framework.ReflectiveMethodInvocation.proceed()Ljava/lang/Object;+101
j  org.springframework.data.projection.DefaultMethodInvokingMethodInterceptor.invoke(Lorg/aopalliance/intercept/MethodInvocation;)Ljava/lang/Object;+15
j  org.springframework.aop.framework.ReflectiveMethodInvocation.proceed()Ljava/lang/Object;+101
j  org.springframework.transaction.interceptor.TransactionInterceptor$1.proceedWithInvocation()Ljava/lang/Object;+4
j  org.springframework.transaction.interceptor.TransactionAspectSupport.invokeWithinTransaction(Ljava/lang/reflect/Method;Ljava/lang/Class;Lorg/springframework/transaction/interceptor/TransactionAspectSupport$InvocationCallback;)Ljava/lang/Object;+60
j  org.springframework.transaction.interceptor.TransactionInterceptor.invoke(Lorg/aopalliance/intercept/MethodInvocation;)Ljava/lang/Object;+40
j  org.springframework.aop.framework.ReflectiveMethodInvocation.proceed()Ljava/lang/Object;+101
j  org.springframework.dao.support.PersistenceExceptionTranslationInterceptor.invoke(Lorg/aopalliance/intercept/MethodInvocation;)Ljava/lang/Object;+1
j  org.springframework.aop.framework.ReflectiveMethodInvocation.proceed()Ljava/lang/Object;+101
j  org.springframework.data.jpa.repository.support.CrudMethodMetadataPostProcessor$CrudMethodMetadataPopulatingMethodInterceptor.invoke(Lorg/aopalliance/intercept/MethodInvocation;)Ljava/lang/Object;+89
j  org.springframework.aop.framework.ReflectiveMethodInvocation.proceed()Ljava/lang/Object;+101
j  org.springframework.aop.interceptor.ExposeInvocationInterceptor.invoke(Lorg/aopalliance/intercept/MethodInvocation;)Ljava/lang/Object;+18
j  org.springframework.aop.framework.ReflectiveMethodInvocation.proceed()Ljava/lang/Object;+101
j  org.springframework.aop.framework.JdkDynamicAopProxy.invoke(Ljava/lang/Object;Ljava/lang/reflect/Method;[Ljava/lang/Object;)Ljava/lang/Object;+385
j  com.sun.proxy.$Proxy94.save(Ljava/lang/Object;)Ljava/lang/Object;+16
j  com.example.api.service.BookService.save(Lcom/example/entity/Book;)Lcom/example/entity/Book;+5
j  com.example.crudtest.CRUDTest.insertOperation()V+19
v  ~StubRoutines::call_stub
J 1345  sun.reflect.NativeMethodAccessorImpl.invoke0(Ljava/lang/reflect/Method;Ljava/lang/Object;[Ljava/lang/Object;)Ljava/lang/Object; (0 bytes) @ 0x00007fd2914afd37 [0x00007fd2914afcc0+0x77]
J 1344 C1 sun.reflect.NativeMethodAccessorImpl.invoke(Ljava/lang/Object;[Ljava/lang/Object;)Ljava/lang/Object; (104 bytes) @ 0x00007fd29150162c [0x00007fd2915004c0+0x116c]
J 3585 C2 sun.reflect.DelegatingMethodAccessorImpl.invoke(Ljava/lang/Object;[Ljava/lang/Object;)Ljava/lang/Object; (10 bytes) @ 0x00007fd291185da4 [0x00007fd291185d60+0x44]
J 1231 C1 java.lang.reflect.Method.invoke(Ljava/lang/Object;[Ljava/lang/Object;)Ljava/lang/Object; (62 bytes) @ 0x00007fd29142cd8c [0x00007fd29142c9a0+0x3ec]
j  org.testng.internal.MethodInvocationHelper.invokeMethod(Ljava/lang/reflect/Method;Ljava/lang/Object;[Ljava/lang/Object;)Ljava/lang/Object;+242
j  org.testng.internal.MethodInvocationHelper$1.runTestMethod(Lorg/testng/ITestResult;)V+12
j  org.springframework.test.context.testng.AbstractTestNGSpringContextTests.run(Lorg/testng/IHookCallBack;Lorg/testng/ITestResult;)V+2
v  ~StubRoutines::call_stub
J 1345  sun.reflect.NativeMethodAccessorImpl.invoke0(Ljava/lang/reflect/Method;Ljava/lang/Object;[Ljava/lang/Object;)Ljava/lang/Object; (0 bytes) @ 0x00007fd2914afd37 [0x00007fd2914afcc0+0x77]
J 1344 C1 sun.reflect.NativeMethodAccessorImpl.invoke(Ljava/lang/Object;[Ljava/lang/Object;)Ljava/lang/Object; (104 bytes) @ 0x00007fd29150162c [0x00007fd2915004c0+0x116c]
J 3585 C2 sun.reflect.DelegatingMethodAccessorImpl.invoke(Ljava/lang/Object;[Ljava/lang/Object;)Ljava/lang/Object; (10 bytes) @ 0x00007fd291185da4 [0x00007fd291185d60+0x44]
J 1231 C1 java.lang.reflect.Method.invoke(Ljava/lang/Object;[Ljava/lang/Object;)Ljava/lang/Object; (62 bytes) @ 0x00007fd29142cd8c [0x00007fd29142c9a0+0x3ec]
j  org.testng.internal.MethodInvocationHelper.invokeHookable(Ljava/lang/Object;[Ljava/lang/Object;Ljava/lang/Object;Ljava/lang/reflect/Method;Lorg/testng/internal/TestResult;)V+64
j  org.testng.internal.Invoker.invokeMethod([Ljava/lang/Object;ILorg/testng/ITestNGMethod;[Ljava/lang/Object;ILorg/testng/xml/XmlSuite;Ljava/util/Map;Lorg/testng/ITestClass;[Lorg/testng/ITestNGMethod;[Lorg/testng/ITestNGMethod;Lorg/testng/internal/ConfigurationGroupMethods;)Lorg/testng/ITestResult;+280
j  org.testng.internal.Invoker.invokeTestMethod([Ljava/lang/Object;Lorg/testng/ITestNGMethod;[Ljava/lang/Object;ILorg/testng/xml/XmlSuite;Ljava/util/Map;Lorg/testng/ITestClass;[Lorg/testng/ITestNGMethod;[Lorg/testng/ITestNGMethod;Lorg/testng/internal/ConfigurationGroupMethods;)Ljava/util/List;+46
j  org.testng.internal.Invoker.invokeTestMethods(Lorg/testng/ITestNGMethod;[Lorg/testng/ITestNGMethod;ILorg/testng/xml/XmlSuite;Ljava/util/Map;Lorg/testng/internal/ConfigurationGroupMethods;[Ljava/lang/Object;Lorg/testng/ITestContext;)Ljava/util/List;+705
j  org.testng.internal.TestMethodWorker.invokeTestMethods(Lorg/testng/ITestNGMethod;[Ljava/lang/Object;Lorg/testng/ITestContext;)V+32
j  org.testng.internal.TestMethodWorker.run()V+60
j  org.testng.TestRunner.privateRun(Lorg/testng/xml/XmlTest;)V+349
j  org.testng.TestRunner.run()V+26
j  org.testng.SuiteRunner.runTest(Lorg/testng/TestRunner;)V+1
j  org.testng.SuiteRunner.runSequentially()V+31
j  org.testng.SuiteRunner.privateRun()V+281
j  org.testng.SuiteRunner.run()V+6
j  org.testng.SuiteRunnerWorker.runSuite(Lorg/testng/internal/SuiteRunnerMap;Lorg/testng/xml/XmlSuite;)V+96
j  org.testng.SuiteRunnerWorker.run()V+12
j  org.testng.TestNG.runSuitesSequentially(Lorg/testng/xml/XmlSuite;Lorg/testng/internal/SuiteRunnerMap;ILjava/lang/String;)V+66
j  org.testng.TestNG.runSuitesLocally()Ljava/util/List;+117
j  org.testng.TestNG.run()V+77
j  org.testng.remote.AbstractRemoteTestNG.run()V+163
j  org.testng.remote.RemoteTestNG.initAndRun(Lorg/testng/remote/IRemoteTestNG;[Ljava/lang/String;Lorg/testng/CommandLineArgs;Lorg/testng/remote/RemoteArgs;)V+184
j  org.testng.remote.RemoteTestNG.main([Ljava/lang/String;)V+218
v  ~StubRoutines::call_stub

---------------  P R O C E S S  ---------------

Java Threads: ( => current thread )
  0x00007fd2a1866000 JavaThread "http-nio-auto-1-38854-AsyncTimeout" daemon [_thread_blocked, id=5278, stack(0x00007fd280c41000,0x00007fd280d42000)]
  0x00007fd2a1864800 JavaThread "http-nio-auto-1-Acceptor-0" daemon [_thread_in_native, id=5277, stack(0x00007fd280d42000,0x00007fd280e43000)]
  0x00007fd2a1862000 JavaThread "http-nio-auto-1-ClientPoller-1" daemon [_thread_in_native, id=5276, stack(0x00007fd280e43000,0x00007fd280f44000)]
  0x00007fd2a1853800 JavaThread "http-nio-auto-1-ClientPoller-0" daemon [_thread_in_native, id=5275, stack(0x00007fd280f44000,0x00007fd281045000)]
  0x00007fd2a1841800 JavaThread "NioBlockingSelector.BlockPoller-1" daemon [_thread_in_native, id=5274, stack(0x00007fd281045000,0x00007fd281146000)]
  0x00007fd2a0165000 JavaThread "Tomcat JDBC Pool Cleaner[865113938:1485172007331]" daemon [_thread_blocked, id=5273, stack(0x00007fd281bce000,0x00007fd281ccf000)]
  0x00007fd2a12ce800 JavaThread "container-0" [_thread_blocked, id=5272, stack(0x00007fd2820cf000,0x00007fd2821d0000)]
  0x00007fd2a12cb800 JavaThread "ContainerBackgroundProcessor[StandardEngine[Tomcat]]" daemon [_thread_blocked, id=5271, stack(0x00007fd288e0d000,0x00007fd288f0e000)]
  0x00007fd244215800 JavaThread "localhost-startStop-1" daemon [_thread_blocked, id=5270, stack(0x00007fd2880cb000,0x00007fd2881cc000)]
  0x00007fd2a1260000 JavaThread "Tomcat-startStop-1" daemon [_thread_blocked, id=5269, stack(0x00007fd289fcc000,0x00007fd28a0cd000)]
  0x00007fd2a04c6800 JavaThread "ReaderThread" [_thread_in_native, id=5267, stack(0x00007fd28a8da000,0x00007fd28a9db000)]
  0x00007fd2a00c7000 JavaThread "Service Thread" daemon [_thread_blocked, id=5264, stack(0x00007fd28af13000,0x00007fd28b014000)]
  0x00007fd2a00c4000 JavaThread "C1 CompilerThread2" daemon [_thread_blocked, id=5263, stack(0x00007fd28b014000,0x00007fd28b115000)]
  0x00007fd2a00c2000 JavaThread "C2 CompilerThread1" daemon [_thread_in_native, id=5262, stack(0x00007fd28b115000,0x00007fd28b216000)]
  0x00007fd2a00bf000 JavaThread "C2 CompilerThread0" daemon [_thread_in_native, id=5261, stack(0x00007fd28b216000,0x00007fd28b317000)]
  0x00007fd2a00be000 JavaThread "Signal Dispatcher" daemon [_thread_blocked, id=5260, stack(0x00007fd28b317000,0x00007fd28b418000)]
  0x00007fd2a008a000 JavaThread "Finalizer" daemon [_thread_blocked, id=5259, stack(0x00007fd28bafb000,0x00007fd28bbfc000)]
  0x00007fd2a0085800 JavaThread "Reference Handler" daemon [_thread_blocked, id=5258, stack(0x00007fd28bbfc000,0x00007fd28bcfd000)]
=>0x00007fd2a0010000 JavaThread "main" [_thread_in_vm, id=5247, stack(0x00007fd2a77b1000,0x00007fd2a78b2000)]

Other Threads:
  0x00007fd2a007e000 VMThread [stack: 0x00007fd28bcfd000,0x00007fd28bdfe000] [id=5257]
  0x00007fd2a00ca800 WatcherThread [stack: 0x00007fd28ae12000,0x00007fd28af13000] [id=5265]

VM state:not at safepoint (normal execution)

VM Mutex/Monitor currently owned by a thread: None

Heap:
 PSYoungGen      total 244224K, used 179317K [0x00000000ebe00000, 0x0000000100000000, 0x0000000100000000)
  eden space 229888K, 78% used [0x00000000ebe00000,0x00000000f6d1d580,0x00000000f9e80000)
  from space 14336K, 0% used [0x00000000f9e80000,0x00000000f9e80000,0x00000000fac80000)
  to   space 16384K, 0% used [0x00000000ff000000,0x00000000ff000000,0x0000000100000000)
 ParOldGen       total 53760K, used 22544K [0x00000000c3a00000, 0x00000000c6e80000, 0x00000000ebe00000)
  object space 53760K, 41% used [0x00000000c3a00000,0x00000000c50040b8,0x00000000c6e80000)
 Metaspace       used 45081K, capacity 45428K, committed 45824K, reserved 1089536K
  class space    used 5899K, capacity 6029K, committed 6144K, reserved 1048576K

Card table byte_map: [0x00007fd2a4387000,0x00007fd2a456b000] byte_map_base: 0x00007fd2a3d6a000

Marking Bits: (ParMarkBitMap*) 0x00007fd2a6c8dc80
 Begin Bits: [0x00007fd2821d0000, 0x00007fd2830e8000)
 End Bits:   [0x00007fd2830e8000, 0x00007fd284000000)

Polling page: 0x00007fd2a78d7000

CodeCache: size=245760Kb used=12551Kb max_used=12952Kb free=233208Kb
 bounds [0x00007fd291000000, 0x00007fd291cc0000, 0x00007fd2a0000000]
 total_blobs=4025 nmethods=3554 adapters=384
 compilation: enabled

Compilation events (10 events):
Event: 7.510 Thread 0x00007fd2a00c4000 4070       1       java.util.Collections$SingletonList::size (2 bytes)
Event: 7.510 Thread 0x00007fd2a00c4000 nmethod 4070 0x00007fd2913b55d0 code [0x00007fd2913b5720, 0x00007fd2913b5830]
Event: 7.510 Thread 0x00007fd2a00c4000 4072       1       org.testng.shaded.com.google.gson.reflect.TypeToken::hashCode (5 bytes)
Event: 7.510 Thread 0x00007fd2a00c4000 nmethod 4072 0x00007fd291861090 code [0x00007fd2918611e0, 0x00007fd2918612f0]
Event: 7.511 Thread 0x00007fd2a00c4000 4074       2       java.io.BufferedWriter::ensureOpen (18 bytes)
Event: 7.511 Thread 0x00007fd2a00c4000 nmethod 4074 0x00007fd2916abcd0 code [0x00007fd2916abe40, 0x00007fd2916ac048]
Event: 7.512 Thread 0x00007fd2a00c4000 4073       2       java.lang.reflect.Modifier::isSynthetic (14 bytes)
Event: 7.512 Thread 0x00007fd2a00c4000 nmethod 4073 0x00007fd2917289d0 code [0x00007fd291728b20, 0x00007fd291728c70]
Event: 7.526 Thread 0x00007fd2a00c4000 4075       2       org.hibernate.service.internal.ConcurrentServiceBinding::hashKey (5 bytes)
Event: 7.526 Thread 0x00007fd2a00c4000 nmethod 4075 0x00007fd29178b850 code [0x00007fd29178b9c0, 0x00007fd29178bb28]

GC Heap History (10 events):
Event: 2.076 GC heap before
{Heap before GC invocations=7 (full 1):
 PSYoungGen      total 138752K, used 2654K [0x00000000ebe00000, 0x00000000f5200000, 0x0000000100000000)
  eden space 126976K, 0% used [0x00000000ebe00000,0x00000000ebe00000,0x00000000f3a00000)
  from space 11776K, 22% used [0x00000000f4680000,0x00000000f4917978,0x00000000f5200000)
  to   space 12288K, 0% used [0x00000000f3a00000,0x00000000f3a00000,0x00000000f4600000)
 ParOldGen       total 42496K, used 16619K [0x00000000c3a00000, 0x00000000c6380000, 0x00000000ebe00000)
  object space 42496K, 39% used [0x00000000c3a00000,0x00000000c4a3af08,0x00000000c6380000)
 Metaspace       used 21059K, capacity 21202K, committed 21296K, reserved 1069056K
  class space    used 2593K, capacity 2642K, committed 2688K, reserved 1048576K
Event: 2.132 GC heap after
Heap after GC invocations=7 (full 1):
 PSYoungGen      total 138752K, used 0K [0x00000000ebe00000, 0x00000000f5200000, 0x0000000100000000)
  eden space 126976K, 0% used [0x00000000ebe00000,0x00000000ebe00000,0x00000000f3a00000)
  from space 11776K, 0% used [0x00000000f4680000,0x00000000f4680000,0x00000000f5200000)
  to   space 12288K, 0% used [0x00000000f3a00000,0x00000000f3a00000,0x00000000f4600000)
 ParOldGen       total 39936K, used 12485K [0x00000000c3a00000, 0x00000000c6100000, 0x00000000ebe00000)
  object space 39936K, 31% used [0x00000000c3a00000,0x00000000c46315b0,0x00000000c6100000)
 Metaspace       used 21059K, capacity 21202K, committed 21296K, reserved 1069056K
  class space    used 2593K, capacity 2642K, committed 2688K, reserved 1048576K
}
Event: 3.021 GC heap before
{Heap before GC invocations=8 (full 1):
 PSYoungGen      total 138752K, used 126976K [0x00000000ebe00000, 0x00000000f5200000, 0x0000000100000000)
  eden space 126976K, 100% used [0x00000000ebe00000,0x00000000f3a00000,0x00000000f3a00000)
  from space 11776K, 0% used [0x00000000f4680000,0x00000000f4680000,0x00000000f5200000)
  to   space 12288K, 0% used [0x00000000f3a00000,0x00000000f3a00000,0x00000000f4600000)
 ParOldGen       total 39936K, used 12485K [0x00000000c3a00000, 0x00000000c6100000, 0x00000000ebe00000)
  object space 39936K, 31% used [0x00000000c3a00000,0x00000000c46315b0,0x00000000c6100000)
 Metaspace       used 24496K, capacity 24808K, committed 24960K, reserved 1071104K
  class space    used 3028K, capacity 3115K, committed 3200K, reserved 1048576K
Event: 3.034 GC heap after
Heap after GC invocations=8 (full 1):
 PSYoungGen      total 139264K, used 7855K [0x00000000ebe00000, 0x00000000fbc00000, 0x0000000100000000)
  eden space 126976K, 0% used [0x00000000ebe00000,0x00000000ebe00000,0x00000000f3a00000)
  from space 12288K, 63% used [0x00000000f3a00000,0x00000000f41abcc0,0x00000000f4600000)
  to   space 12800K, 0% used [0x00000000faf80000,0x00000000faf80000,0x00000000fbc00000)
 ParOldGen       total 39936K, used 12493K [0x00000000c3a00000, 0x00000000c6100000, 0x00000000ebe00000)
  object space 39936K, 31% used [0x00000000c3a00000,0x00000000c46335b0,0x00000000c6100000)
 Metaspace       used 24496K, capacity 24808K, committed 24960K, reserved 1071104K
  class space    used 3028K, capacity 3115K, committed 3200K, reserved 1048576K
}
Event: 4.448 GC heap before
{Heap before GC invocations=9 (full 1):
 PSYoungGen      total 139264K, used 134803K [0x00000000ebe00000, 0x00000000fbc00000, 0x0000000100000000)
  eden space 126976K, 99% used [0x00000000ebe00000,0x00000000f39f9250,0x00000000f3a00000)
  from space 12288K, 63% used [0x00000000f3a00000,0x00000000f41abcc0,0x00000000f4600000)
  to   space 12800K, 0% used [0x00000000faf80000,0x00000000faf80000,0x00000000fbc00000)
 ParOldGen       total 39936K, used 12493K [0x00000000c3a00000, 0x00000000c6100000, 0x00000000ebe00000)
  object space 39936K, 31% used [0x00000000c3a00000,0x00000000c46335b0,0x00000000c6100000)
 Metaspace       used 30251K, capacity 30558K, committed 30720K, reserved 1077248K
  class space    used 3751K, capacity 3828K, committed 3840K, reserved 1048576K
Event: 4.470 GC heap after
Heap after GC invocations=9 (full 1):
 PSYoungGen      total 241152K, used 11013K [0x00000000ebe00000, 0x00000000fba80000, 0x0000000100000000)
  eden space 229888K, 0% used [0x00000000ebe00000,0x00000000ebe00000,0x00000000f9e80000)
  from space 11264K, 97% used [0x00000000faf80000,0x00000000fba415f8,0x00000000fba80000)
  to   space 14336K, 0% used [0x00000000f9e80000,0x00000000f9e80000,0x00000000fac80000)
 ParOldGen       total 39936K, used 12501K [0x00000000c3a00000, 0x00000000c6100000, 0x00000000ebe00000)
  object space 39936K, 31% used [0x00000000c3a00000,0x00000000c46355b0,0x00000000c6100000)
 Metaspace       used 30251K, capacity 30558K, committed 30720K, reserved 1077248K
  class space    used 3751K, capacity 3828K, committed 3840K, reserved 1048576K
}
Event: 5.529 GC heap before
{Heap before GC invocations=10 (full 1):
 PSYoungGen      total 241152K, used 128547K [0x00000000ebe00000, 0x00000000fba80000, 0x0000000100000000)
  eden space 229888K, 51% used [0x00000000ebe00000,0x00000000f30c7850,0x00000000f9e80000)
  from space 11264K, 97% used [0x00000000faf80000,0x00000000fba415f8,0x00000000fba80000)
  to   space 14336K, 0% used [0x00000000f9e80000,0x00000000f9e80000,0x00000000fac80000)
 ParOldGen       total 39936K, used 12501K [0x00000000c3a00000, 0x00000000c6100000, 0x00000000ebe00000)
  object space 39936K, 31% used [0x00000000c3a00000,0x00000000c46355b0,0x00000000c6100000)
 Metaspace       used 35062K, capacity 35358K, committed 35496K, reserved 1081344K
  class space    used 4498K, capacity 4580K, committed 4608K, reserved 1048576K
Event: 5.552 GC heap after
Heap after GC invocations=10 (full 1):
 PSYoungGen      total 244224K, used 13725K [0x00000000ebe00000, 0x0000000100000000, 0x0000000100000000)
  eden space 229888K, 0% used [0x00000000ebe00000,0x00000000ebe00000,0x00000000f9e80000)
  from space 14336K, 95% used [0x00000000f9e80000,0x00000000fabe7430,0x00000000fac80000)
  to   space 16384K, 0% used [0x00000000ff000000,0x00000000ff000000,0x0000000100000000)
 ParOldGen       total 39936K, used 12509K [0x00000000c3a00000, 0x00000000c6100000, 0x00000000ebe00000)
  object space 39936K, 31% used [0x00000000c3a00000,0x00000000c46375b0,0x00000000c6100000)
 Metaspace       used 35062K, capacity 35358K, committed 35496K, reserved 1081344K
  class space    used 4498K, capacity 4580K, committed 4608K, reserved 1048576K
}
Event: 5.552 GC heap before
{Heap before GC invocations=11 (full 2):
 PSYoungGen      total 244224K, used 13725K [0x00000000ebe00000, 0x0000000100000000, 0x0000000100000000)
  eden space 229888K, 0% used [0x00000000ebe00000,0x00000000ebe00000,0x00000000f9e80000)
  from space 14336K, 95% used [0x00000000f9e80000,0x00000000fabe7430,0x00000000fac80000)
  to   space 16384K, 0% used [0x00000000ff000000,0x00000000ff000000,0x0000000100000000)
 ParOldGen       total 39936K, used 12509K [0x00000000c3a00000, 0x00000000c6100000, 0x00000000ebe00000)
  object space 39936K, 31% used [0x00000000c3a00000,0x00000000c46375b0,0x00000000c6100000)
 Metaspace       used 35062K, capacity 35358K, committed 35496K, reserved 1081344K
  class space    used 4498K, capacity 4580K, committed 4608K, reserved 1048576K
Event: 5.661 GC heap after
Heap after GC invocations=11 (full 2):
 PSYoungGen      total 244224K, used 0K [0x00000000ebe00000, 0x0000000100000000, 0x0000000100000000)
  eden space 229888K, 0% used [0x00000000ebe00000,0x00000000ebe00000,0x00000000f9e80000)
  from space 14336K, 0% used [0x00000000f9e80000,0x00000000f9e80000,0x00000000fac80000)
  to   space 16384K, 0% used [0x00000000ff000000,0x00000000ff000000,0x0000000100000000)
 ParOldGen       total 53760K, used 22544K [0x00000000c3a00000, 0x00000000c6e80000, 0x00000000ebe00000)
  object space 53760K, 41% used [0x00000000c3a00000,0x00000000c50040b8,0x00000000c6e80000)
 Metaspace       used 35062K, capacity 35358K, committed 35496K, reserved 1081344K
  class space    used 4498K, capacity 4580K, committed 4608K, reserved 1048576K
}

Deoptimization events (10 events):
Event: 6.107 Thread 0x00007fd2a0010000 Uncommon trap: reason=unstable_if action=reinterpret pc=0x00007fd29124536c method=java.util.HashMap.getNode(ILjava/lang/Object;)Ljava/util/HashMap$Node; @ 84
Event: 6.445 Thread 0x00007fd2a0010000 Uncommon trap: reason=unstable_if action=reinterpret pc=0x00007fd29124a31c method=java.util.concurrent.ConcurrentHashMap.putVal(Ljava/lang/Object;Ljava/lang/Object;Z)Ljava/lang/Object; @ 331
Event: 6.446 Thread 0x00007fd2a0010000 Uncommon trap: reason=unstable_if action=reinterpret pc=0x00007fd291136014 method=java.util.concurrent.ConcurrentHashMap.get(Ljava/lang/Object;)Ljava/lang/Object; @ 86
Event: 6.547 Thread 0x00007fd2a0010000 Uncommon trap: reason=null_check action=make_not_entrant pc=0x00007fd291403120 method=org.springframework.util.ClassUtils.isAssignable(Ljava/lang/Class;Ljava/lang/Class;)Z @ 14
Event: 6.757 Thread 0x00007fd2a0010000 Uncommon trap: reason=class_check action=maybe_recompile pc=0x00007fd2917c5c1c method=java.util.regex.Pattern$Curly.match(Ljava/util/regex/Matcher;ILjava/lang/CharSequence;)Z @ 19
Event: 6.783 Thread 0x00007fd2a0010000 Uncommon trap: reason=unstable_if action=reinterpret pc=0x00007fd2911601d0 method=java.util.concurrent.ConcurrentHashMap.transfer([Ljava/util/concurrent/ConcurrentHashMap$Node;[Ljava/util/concurrent/ConcurrentHashMap$Node;)V @ 356
Event: 6.783 Thread 0x00007fd2a0010000 Uncommon trap: reason=unstable_if action=reinterpret pc=0x00007fd291786010 method=java.util.concurrent.ConcurrentHashMap.transfer([Ljava/util/concurrent/ConcurrentHashMap$Node;[Ljava/util/concurrent/ConcurrentHashMap$Node;)V @ 356
Event: 6.881 Thread 0x00007fd2a0010000 Uncommon trap: reason=unstable_if action=reinterpret pc=0x00007fd291b4384c method=sun.reflect.generics.reflectiveObjects.WildcardTypeImpl.getLowerBounds()[Ljava/lang/reflect/Type; @ 23
Event: 7.339 Thread 0x00007fd2a0010000 Uncommon trap: reason=unstable_if action=reinterpret pc=0x00007fd291bb545c method=java.lang.reflect.Modifier.toString(I)Ljava/lang/String; @ 123
Event: 7.438 Thread 0x00007fd2a0010000 Uncommon trap: reason=unstable_if action=reinterpret pc=0x00007fd2914c15b4 method=org.springframework.util.ConcurrentReferenceHashMap$Segment.clear()V @ 4

Internal exceptions (10 events):
Event: 7.374 Thread 0x00007fd2a0010000 Exception <a 'java/lang/ClassNotFoundException': org/springframework/boot/autoconfigure/web/WebClientAutoConfigurationCustomizer> (0x00000000f5726dd0) thrown at [/HUDSON3/workspace/8-2-build-linux-amd64/jdk8u121/8372/hotspot/src/share/vm/classfile/systemD
Event: 7.374 Thread 0x00007fd2a0010000 Exception <a 'java/lang/ClassNotFoundException': org/springframework/boot/autoconfigure/web/WebClientAutoConfiguration$$EnhancerBySpringCGLIB$$52d5929eCustomizer> (0x00000000f574a6c8) thrown at [/HUDSON3/workspace/8-2-build-linux-amd64/jdk8u121/8372/hotsp
Event: 7.375 Thread 0x00007fd2a0010000 Exception <a 'java/lang/ClassNotFoundException': org/springframework/context/annotation/ConfigurationClassEnhancer$EnhancedConfigurationCustomizer> (0x00000000f576ea00) thrown at [/HUDSON3/workspace/8-2-build-linux-amd64/jdk8u121/8372/hotspot/src/share/vm
Event: 7.499 Thread 0x00007fd2a0010000 Exception <a 'java/lang/ClassNotFoundException': java/lang/ObjectCustomizer> (0x00000000f66ab7b0) thrown at [/HUDSON3/workspace/8-2-build-linux-amd64/jdk8u121/8372/hotspot/src/share/vm/classfile/systemDictionary.cpp, line 210]
Event: 7.499 Thread 0x00007fd2a0010000 Exception <a 'java/lang/ClassNotFoundException': org/springframework/test/context/testng/AbstractTestNGSpringContextTestsCustomizer> (0x00000000f66c94f8) thrown at [/HUDSON3/workspace/8-2-build-linux-amd64/jdk8u121/8372/hotspot/src/share/vm/classfile/syst
Event: 7.499 Thread 0x00007fd2a0010000 Exception <a 'java/lang/ClassNotFoundException': com/example/crudtest/CRUDTestCustomizer> (0x00000000f66dc0c0) thrown at [/HUDSON3/workspace/8-2-build-linux-amd64/jdk8u121/8372/hotspot/src/share/vm/classfile/systemDictionary.cpp, line 210]
Event: 7.500 Thread 0x00007fd2a0010000 Exception <a 'java/lang/ClassNotFoundException': org/testng/IHookableCustomizer> (0x00000000f66ecae8) thrown at [/HUDSON3/workspace/8-2-build-linux-amd64/jdk8u121/8372/hotspot/src/share/vm/classfile/systemDictionary.cpp, line 210]
Event: 7.500 Thread 0x00007fd2a0010000 Exception <a 'java/lang/ClassNotFoundException': org/springframework/context/ApplicationContextAwareCustomizer> (0x00000000f6702c88) thrown at [/HUDSON3/workspace/8-2-build-linux-amd64/jdk8u121/8372/hotspot/src/share/vm/classfile/systemDictionary.cpp, lin
Event: 7.531 Thread 0x00007fd2a0010000 Exception <a 'java/lang/ClassNotFoundException': java/lang/ObjectCustomizer> (0x00000000f6acaed8) thrown at [/HUDSON3/workspace/8-2-build-linux-amd64/jdk8u121/8372/hotspot/src/share/vm/classfile/systemDictionary.cpp, line 210]
Event: 7.532 Thread 0x00007fd2a0010000 Exception <a 'java/lang/ClassNotFoundException': com/example/entity/BookCustomizer> (0x00000000f6add868) thrown at [/HUDSON3/workspace/8-2-build-linux-amd64/jdk8u121/8372/hotspot/src/share/vm/classfile/systemDictionary.cpp, line 210]

Events (10 events):
Event: 7.538 loading class org/hibernate/engine/jdbc/internal/FormatStyle
Event: 7.538 loading class org/hibernate/engine/jdbc/internal/FormatStyle done
Event: 7.538 loading class org/hibernate/engine/jdbc/internal/Formatter
Event: 7.538 loading class org/hibernate/engine/jdbc/internal/Formatter done
Event: 7.538 loading class org/hibernate/engine/jdbc/internal/BasicFormatterImpl
Event: 7.538 loading class org/hibernate/engine/jdbc/internal/BasicFormatterImpl done
Event: 7.539 loading class org/hibernate/engine/jdbc/internal/DDLFormatterImpl
Event: 7.539 loading class org/hibernate/engine/jdbc/internal/DDLFormatterImpl done
Event: 7.539 loading class org/hibernate/engine/jdbc/internal/FormatStyle$NoFormatImpl
Event: 7.539 loading class org/hibernate/engine/jdbc/internal/FormatStyle$NoFormatImpl done


Dynamic libraries:
00400000-00401000 r-xp 00000000 08:03 3554757                            /usr/lib/jvm/java-8-oracle/bin/java
00600000-00601000 rw-p 00000000 08:03 3554757                            /usr/lib/jvm/java-8-oracle/bin/java
0102f000-01050000 rw-p 00000000 00:00 0                                  [heap]
c3a00000-c6e80000 rw-p 00000000 00:00 0 
c6e80000-ebe00000 ---p 00000000 00:00 0 
ebe00000-100000000 rw-p 00000000 00:00 0 
100000000-100600000 rw-p 00000000 00:00 0 
100600000-140000000 ---p 00000000 00:00 0 
7fd224000000-7fd224021000 rw-p 00000000 00:00 0 
7fd224021000-7fd228000000 ---p 00000000 00:00 0 
7fd228000000-7fd228021000 rw-p 00000000 00:00 0 
7fd228021000-7fd22c000000 ---p 00000000 00:00 0 
7fd22c000000-7fd22c021000 rw-p 00000000 00:00 0 
7fd22c021000-7fd230000000 ---p 00000000 00:00 0 
7fd230000000-7fd230021000 rw-p 00000000 00:00 0 
7fd230021000-7fd234000000 ---p 00000000 00:00 0 
7fd234000000-7fd234021000 rw-p 00000000 00:00 0 
7fd234021000-7fd238000000 ---p 00000000 00:00 0 
7fd238000000-7fd238021000 rw-p 00000000 00:00 0 
7fd238021000-7fd23c000000 ---p 00000000 00:00 0 
7fd23c000000-7fd23c021000 rw-p 00000000 00:00 0 
7fd23c021000-7fd240000000 ---p 00000000 00:00 0 
7fd240000000-7fd240021000 rw-p 00000000 00:00 0 
7fd240021000-7fd244000000 ---p 00000000 00:00 0 
7fd244000000-7fd244218000 rw-p 00000000 00:00 0 
7fd244218000-7fd248000000 ---p 00000000 00:00 0 
7fd248000000-7fd2482cc000 rw-p 00000000 00:00 0 
7fd2482cc000-7fd24c000000 ---p 00000000 00:00 0 
7fd24c000000-7fd24c021000 rw-p 00000000 00:00 0 
7fd24c021000-7fd250000000 ---p 00000000 00:00 0 
7fd250000000-7fd250021000 rw-p 00000000 00:00 0 
7fd250021000-7fd254000000 ---p 00000000 00:00 0 
7fd254000000-7fd255073000 rw-p 00000000 00:00 0 
7fd255073000-7fd258000000 ---p 00000000 00:00 0 
7fd258000000-7fd258021000 rw-p 00000000 00:00 0 
7fd258021000-7fd25c000000 ---p 00000000 00:00 0 
7fd25c000000-7fd25d4a4000 rw-p 00000000 00:00 0 
7fd25d4a4000-7fd260000000 ---p 00000000 00:00 0 
7fd260000000-7fd261735000 rw-p 00000000 00:00 0 
7fd261735000-7fd264000000 ---p 00000000 00:00 0 
7fd264000000-7fd264021000 rw-p 00000000 00:00 0 
7fd264021000-7fd268000000 ---p 00000000 00:00 0 
7fd268000000-7fd268021000 rw-p 00000000 00:00 0 
7fd268021000-7fd26c000000 ---p 00000000 00:00 0 
7fd26c000000-7fd26c022000 rw-p 00000000 00:00 0 
7fd26c022000-7fd270000000 ---p 00000000 00:00 0 
7fd270000000-7fd270021000 rw-p 00000000 00:00 0 
7fd270021000-7fd274000000 ---p 00000000 00:00 0 
7fd274000000-7fd274021000 rw-p 00000000 00:00 0 
7fd274021000-7fd278000000 ---p 00000000 00:00 0 
7fd27c000000-7fd27c021000 rw-p 00000000 00:00 0 
7fd27c021000-7fd280000000 ---p 00000000 00:00 0 
7fd280c41000-7fd280c44000 ---p 00000000 00:00 0 
7fd280c44000-7fd280d42000 rw-p 00000000 00:00 0                          [stack:5278]
7fd280d42000-7fd280d45000 ---p 00000000 00:00 0 
7fd280d45000-7fd280e43000 rw-p 00000000 00:00 0                          [stack:5277]
7fd280e43000-7fd280e46000 ---p 00000000 00:00 0 
7fd280e46000-7fd280f44000 rw-p 00000000 00:00 0                          [stack:5276]
7fd280f44000-7fd280f47000 ---p 00000000 00:00 0 
7fd280f47000-7fd281045000 rw-p 00000000 00:00 0                          [stack:5275]
7fd281045000-7fd281048000 ---p 00000000 00:00 0 
7fd281048000-7fd281206000 rw-p 00000000 00:00 0                          [stack:5274]
7fd281206000-7fd281346000 ---p 00000000 00:00 0 
7fd281346000-7fd281546000 rw-p 00000000 00:00 0 
7fd281546000-7fd281746000 rw-p 00000000 00:00 0 
7fd281746000-7fd281946000 rw-p 00000000 00:00 0 
7fd281946000-7fd2819ca000 r-xp 00000000 08:03 5917606                    /tmp/sqlite-3.7.2-libsqlitejdbc.so
7fd2819ca000-7fd281bca000 ---p 00084000 08:03 5917606                    /tmp/sqlite-3.7.2-libsqlitejdbc.so
7fd281bca000-7fd281bcb000 r--p 00084000 08:03 5917606                    /tmp/sqlite-3.7.2-libsqlitejdbc.so
7fd281bcb000-7fd281bce000 rw-p 00085000 08:03 5917606                    /tmp/sqlite-3.7.2-libsqlitejdbc.so
7fd281bce000-7fd281bd1000 ---p 00000000 00:00 0 
7fd281bd1000-7fd281ecf000 rw-p 00000000 00:00 0                          [stack:5273]
7fd281ecf000-7fd2820cf000 rw-p 00000000 00:00 0 
7fd2820cf000-7fd2820d2000 ---p 00000000 00:00 0 
7fd2820d2000-7fd284000000 rw-p 00000000 00:00 0                          [stack:5272]
7fd284000000-7fd284021000 rw-p 00000000 00:00 0 
7fd284021000-7fd288000000 ---p 00000000 00:00 0 
7fd2880cb000-7fd2880ce000 ---p 00000000 00:00 0 
7fd2880ce000-7fd2881cc000 rw-p 00000000 00:00 0                          [stack:5270]
7fd2881cc000-7fd2883a5000 r--s 03d3e000 08:03 3569606                    /usr/lib/jvm/java-8-oracle/jre/lib/rt.jar
7fd2883a5000-7fd288dfe000 rw-p 00000000 00:00 0 
7fd288e0c000-7fd288e0d000 rw-p 00000000 00:00 0 
7fd288e0d000-7fd288e10000 ---p 00000000 00:00 0 
7fd288e10000-7fd28910e000 rw-p 00000000 00:00 0                          [stack:5271]
7fd28910e000-7fd28930e000 rw-p 00000000 00:00 0 
7fd28930e000-7fd289321000 r--s 00345000 08:03 3569668                    /usr/lib/jvm/java-8-oracle/jre/lib/resources.jar
7fd289321000-7fd289521000 rw-p 00000000 00:00 0 
7fd289521000-7fd289721000 rw-p 00000000 00:00 0 
7fd289721000-7fd2897b6000 r--s 01109000 08:03 3569596                    /usr/lib/jvm/java-8-oracle/jre/lib/ext/jfxrt.jar
7fd2897b6000-7fd2899b6000 rw-p 00000000 00:00 0 
7fd2899b6000-7fd2899c7000 r-xp 00000000 08:03 4870868                    /usr/lib/jvm/java-8-oracle/jre/lib/amd64/libnio.so
7fd2899c7000-7fd289bc6000 ---p 00011000 08:03 4870868                    /usr/lib/jvm/java-8-oracle/jre/lib/amd64/libnio.so
7fd289bc6000-7fd289bc7000 rw-p 00010000 08:03 4870868                    /usr/lib/jvm/java-8-oracle/jre/lib/amd64/libnio.so
7fd289bc7000-7fd289dc7000 rw-p 00000000 00:00 0 
7fd289dc7000-7fd289dcc000 r--s 002f9000 08:03 3569547                    /usr/lib/jvm/java-8-oracle/jre/lib/charsets.jar
7fd289dcc000-7fd289fcc000 rw-p 00000000 00:00 0 
7fd289fcc000-7fd289fcf000 ---p 00000000 00:00 0 
7fd289fcf000-7fd28a0cd000 rw-p 00000000 00:00 0                          [stack:5269]
7fd28a0cd000-7fd28a0d6000 r-xp 00000000 08:03 4870832                    /usr/lib/jvm/java-8-oracle/jre/lib/amd64/libmanagement.so
7fd28a0d6000-7fd28a2d5000 ---p 00009000 08:03 4870832                    /usr/lib/jvm/java-8-oracle/jre/lib/amd64/libmanagement.so
7fd28a2d5000-7fd28a2d6000 rw-p 00008000 08:03 4870832                    /usr/lib/jvm/java-8-oracle/jre/lib/amd64/libmanagement.so
7fd28a2d6000-7fd28a4d6000 rw-p 00000000 00:00 0 
7fd28a4d6000-7fd28a6d6000 rw-p 00000000 00:00 0 
7fd28a6d6000-7fd28a8d6000 rw-p 00000000 00:00 0 
7fd28a8d6000-7fd28a8da000 r--s 0009a000 08:03 3569602                    /usr/lib/jvm/java-8-oracle/jre/lib/jsse.jar
7fd28a8da000-7fd28a8dd000 ---p 00000000 00:00 0 
7fd28a8dd000-7fd28a9db000 rw-p 00000000 00:00 0                          [stack:5267]
7fd28a9db000-7fd28a9f1000 r-xp 00000000 08:03 4870893                    /usr/lib/jvm/java-8-oracle/jre/lib/amd64/libnet.so
7fd28a9f1000-7fd28abf1000 ---p 00016000 08:03 4870893                    /usr/lib/jvm/java-8-oracle/jre/lib/amd64/libnet.so
7fd28abf1000-7fd28abf2000 rw-p 00016000 08:03 4870893                    /usr/lib/jvm/java-8-oracle/jre/lib/amd64/libnet.so
7fd28abf2000-7fd28abf3000 r--s 0000c000 08:03 5916924                    /home/sharmila/.gradle/caches/modules-2/files-2.1/org.ow2.asm/asm/5.0.3/dcc2193db20e19e1feca8b1240dbbc4e190824fa/asm-5.0.3.jar
7fd28abf3000-7fd28abfd000 r--s 00069000 08:03 5923589                    /home/sharmila/.gradle/caches/modules-2/files-2.1/ch.qos.logback/logback-core/1.1.8/b4d1c3dea91727faf8b3d19cf4b9b972d6c0b89/logback-core-1.1.8.jar
7fd28abfd000-7fd28abff000 r--s 00012000 08:03 5916922                    /home/sharmila/.gradle/caches/modules-2/files-2.1/net.minidev/accessors-smart/1.1/a527213f2fea112a04c9bdf0ec0264e34104cd08/accessors-smart-1.1.jar
7fd28abff000-7fd28ac01000 r--s 00009000 08:03 5923902                    /home/sharmila/.gradle/caches/modules-2/files-2.1/org.apache.tomcat/tomcat-juli/8.5.6/83d2d1e3362ecca504f3bf8ed1bc4cc451754d24/tomcat-juli-8.5.6.jar
7fd28ac01000-7fd28ac0a000 r--s 0002d000 08:03 5923903                    /home/sharmila/.gradle/caches/modules-2/files-2.1/xml-apis/xml-apis/1.4.01/3789d9fada2d3d458c4ba2de349d48780f381ee3/xml-apis-1.4.01.jar
7fd28ac0a000-7fd28ac0c000 r--s 00004000 08:03 5923588                    /home/sharmila/.gradle/caches/modules-2/files-2.1/org.slf4j/log4j-over-slf4j/1.7.22/a527c37e9ca6c3d19ba298edd4aa344ca751a203/log4j-over-slf4j-1.7.22.jar
7fd28ac0c000-7fd28ac0e000 r--s 00000000 08:03 5923587                    /home/sharmila/.gradle/caches/modules-2/files-2.1/org.slf4j/jul-to-slf4j/1.7.22/b0429e950b3d2bc2c39c1bacafac753edbe3781c/jul-to-slf4j-1.7.22.jar
7fd28ac0e000-7fd28ac14000 r--s 00045000 08:03 5923585                    /home/sharmila/.gradle/caches/modules-2/files-2.1/ch.qos.logback/logback-classic/1.1.8/e54f49a227611976642f81cf2106b81c1ece8bf5/logback-classic-1.1.8.jar
7fd28ac14000-7fd28ac15000 r--s 0000f000 08:03 5916909                    /home/sharmila/.gradle/caches/modules-2/files-2.1/org.json/json/20140107/d1ffca6e2482b002702c6a576166fd685e3370e3/json-20140107.jar
7fd28ac15000-7fd28ac17000 r--s 00009000 08:03 5916921                    /home/sharmila/.gradle/caches/modules-2/files-2.1/org.objenesis/objenesis/2.1/87c0ea803b69252868d09308b4618f766f135a96/objenesis-2.1.jar
7fd28ac17000-7fd28ac1a000 r--s 0001b000 08:03 5916920                    /home/sharmila/.gradle/caches/modules-2/files-2.1/net.minidev/json-smart/2.2.1/5b9e5df7a62d1279b70dc882b041d249c4f0b002/json-smart-2.2.1.jar
7fd28ac1a000-7fd28ac1c000 r--s 00003000 08:03 5923586                    /home/sharmila/.gradle/caches/modules-2/files-2.1/org.slf4j/jcl-over-slf4j/1.7.22/86ceac14535af5a42c8fb0d06d79b925dd3cb263/jcl-over-slf4j-1.7.22.jar
7fd28ac1c000-7fd28ac1e000 r--s 00009000 08:03 5923584                    /home/sharmila/.gradle/caches/modules-2/files-2.1/org.slf4j/slf4j-api/1.7.22/a1c83373863cec7ae8d89dc1c5722d8cb6ec0309/slf4j-api-1.7.22.jar
7fd28ac1e000-7fd28ac26000 r--s 0003a000 08:03 5923901                    /home/sharmila/.gradle/caches/modules-2/files-2.1/org.springframework/spring-tx/4.3.5.RELEASE/296d8ae21fadc0f115dae7d1e8d5c4f8c7de2c3e/spring-tx-4.3.5.RELEASE.jar
7fd28ac26000-7fd28ac30000 r--s 0006b000 08:03 5923900                    /home/sharmila/.gradle/caches/modules-2/files-2.1/org.springframework/spring-orm/4.3.5.RELEASE/64c29d310b69bcc6e1fd5a738fa3629bdedb2d3f/spring-orm-4.3.5.RELEASE.jar
7fd28ac30000-7fd28ac40000 r--s 0009a000 08:03 5923899                    /home/sharmila/.gradle/caches/modules-2/files-2.1/org.springframework.data/spring-data-commons/1.12.6.RELEASE/b6403dcfce33e89613f364d80d653d7540279c47/spring-data-commons-1.12.6.RELEASE.jar
7fd28ac40000-7fd28ac4a000 r--s 0005f000 08:03 5923898                    /home/sharmila/.gradle/caches/modules-2/files-2.1/org.springframework/spring-jdbc/4.3.5.RELEASE/7c09e38b6f6e0b178973dea06bb8fdc6d19aa596/spring-jdbc-4.3.5.RELEASE.jar
7fd28ac4a000-7fd28ac4d000 r--s 00020000 08:03 5923897                    /home/sharmila/.gradle/caches/modules-2/files-2.1/org.apache.tomcat/tomcat-jdbc/8.5.6/feb10a9e22f70565c7556f327b0481dba8587bbc/tomcat-jdbc-8.5.6.jar
7fd28ac4d000-7fd28ac66000 r--s 001af000 08:03 5923896                    /home/sharmila/.gradle/caches/modules-2/files-2.1/org.aspectj/aspectjweaver/1.8.9/db28774f477f07220eac18d5ec9c4e01f48589d7/aspectjweaver-1.8.9.jar
7fd28ac66000-7fd28ac69000 r--s 00010000 08:03 5923833                    /home/sharmila/.gradle/caches/modules-2/files-2.1/org.hibernate.common/hibernate-commons-annotations/5.0.1.Final/71e1cff3fcb20d3b3af4f3363c3ddb24d33c6879/hibernate-commons-annotations-5.0.1.Final.jar
7fd28ac69000-7fd28ac6e000 r--s 00048000 08:03 5923832                    /home/sharmila/.gradle/caches/modules-2/files-2.1/dom4j/dom4j/1.6.1/5d3ccc056b6f056dbf0dddfdf43894b9065a8f94/dom4j-1.6.1.jar
7fd28ac6e000-7fd28ac71000 r--s 0002b000 08:03 5923433                    /home/sharmila/.gradle/caches/modules-2/files-2.1/org.jboss/jandex/2.0.0.Final/3e899258936f94649c777193e1be846387ed54b3/jandex-2.0.0.Final.jar
7fd28ac71000-7fd28ac72000 r--s 00003000 08:03 5923830                    /home/sharmila/.gradle/caches/modules-2/files-2.1/org.apache.geronimo.specs/geronimo-jta_1.1_spec/1.1.1/aabab3165b8ea936b9360abbf448459c0d04a5a4/geronimo-jta_1.1_spec-1.1.1.jar
7fd28ac72000-7fd28ac77000 r--s 00068000 08:03 5923829                    /home/sharmila/.gradle/caches/modules-2/files-2.1/antlr/antlr/2.7.7/83cd2cd674a217ade95a4bb83a8a14f351f48bd0/antlr-2.7.7.jar
7fd28ac77000-7fd28ac7c000 r--s 0003c000 08:03 5923583                    /home/sharmila/.gradle/caches/modules-2/files-2.1/org.springframework/spring-expression/4.3.5.RELEASE/3689dc6c5b942ecde4122eac889ed87977d6f287/spring-expression-4.3.5.RELEASE.jar
7fd28ac7c000-7fd28ac96000 r--s 000fc000 08:03 5923582                    /home/sharmila/.gradle/caches/modules-2/files-2.1/org.springframework/spring-context/4.3.5.RELEASE/ca3391c0e17d0138335ba51b51371661d20d56a8/spring-context-4.3.5.RELEASE.jar
7fd28ac96000-7fd28aca3000 r--s 000ad000 08:03 5923581                    /home/sharmila/.gradle/caches/modules-2/files-2.1/org.springframework/spring-beans/4.3.5.RELEASE/e12bbc3277da28e2e2608a187f83091dc6c300bf/spring-beans-4.3.5.RELEASE.jar
7fd28aca3000-7fd28acac000 r--s 00054000 08:03 5923580                    /home/sharmila/.gradle/caches/modules-2/files-2.1/org.springframework/spring-aop/4.3.5.RELEASE/4f113218af716bd8d174c411f19b26418b5a70f6/spring-aop-4.3.5.RELEASE.jar
7fd28acac000-7fd28acb0000 r--s 00041000 08:03 5923579                    /home/sharmila/.gradle/caches/modules-2/files-2.1/com.fasterxml.jackson.core/jackson-core/2.8.5/60d059f5d2930ccd1ef03535b713fd9f933d1ba7/jackson-core-2.8.5.jar
7fd28acb0000-7fd28acb3000 r--s 0000b000 08:03 5923578                    /home/sharmila/.gradle/caches/modules-2/files-2.1/com.fasterxml.jackson.core/jackson-annotations/2.8.5/9d82ff47bc2c2d3b5b6a6618fe636782bbcd5b07/jackson-annotations-2.8.5.jar
7fd28acb3000-7fd28acb5000 r--s 0000e000 08:03 5917543                    /home/sharmila/.gradle/caches/modules-2/files-2.1/com.fasterxml/classmate/1.3.3/864c8e370a691e343210cc7c532fc198cee460d8/classmate-1.3.3.jar
7fd28acb5000-7fd28acb9000 r--s 0000c000 08:03 5916766                    /home/sharmila/.gradle/caches/modules-2/files-2.1/javax.validation/validation-api/1.1.0.Final/8613ae82954779d518631e05daa73a6a954817d5/validation-api-1.1.0.Final.jar
7fd28acb9000-7fd28acbe000 r--s 00036000 08:03 5917542                    /home/sharmila/.gradle/caches/modules-2/files-2.1/org.apache.tomcat.embed/tomcat-embed-websocket/8.5.6/6f6940a216b380ea8506530c374fcfeef820ba54/tomcat-embed-websocket-8.5.6.jar
7fd28acbe000-7fd28acbf000 r--s 00000000 08:03 5923577                    /home/sharmila/.gradle/caches/modules-2/files-2.1/org.springframework.boot/spring-boot-starter-logging/1.4.3.RELEASE/1c58783c0694abf695babfd39829922d2d501ec2/spring-boot-starter-logging-1.4.3.RELEASE.jar
7fd28acbf000-7fd28acdd000 r--s 000d0000 08:03 5923576                    /home/sharmila/.gradle/caches/modules-2/files-2.1/org.springframework.boot/spring-boot-autoconfigure/1.4.3.RELEASE/41df1bfbdd4ae4e8499ebe1a4bc613bda316d6e1/spring-boot-autoconfigure-1.4.3.RELEASE.jar
7fd28acdd000-7fd28aced000 r--s 00092000 08:03 5923575                    /home/sharmila/.gradle/caches/modules-2/files-2.1/org.springframework.boot/spring-boot/1.4.3.RELEASE/17f94def4460075afdfba6bf8f897cd1fc95bf77/spring-boot-1.4.3.RELEASE.jar
7fd28aced000-7fd28acfc000 r--s 00084000 08:03 5923574                    /home/sharmila/.gradle/caches/modules-2/files-2.1/org.springframework/spring-test/4.3.5.RELEASE/a1965127e07b469d8e5bb3d2b0ff850423b66be4/spring-test-4.3.5.RELEASE.jar
7fd28acfc000-7fd28ad12000 r--s 000fa000 08:03 5923530                    /home/sharmila/.gradle/caches/modules-2/files-2.1/org.springframework/spring-core/4.3.5.RELEASE/80299e3f80e8c6d5c076db2ba6adf44a4b52f578/spring-core-4.3.5.RELEASE.jar
7fd28ad12000-7fd28ad13000 r--s 00006000 08:03 5916915                    /home/sharmila/.gradle/caches/modules-2/files-2.1/org.skyscreamer/jsonassert/1.3.0/d5c250eb122496866de36dc84f98e2945845ecdd/jsonassert-1.3.0.jar
7fd28ad13000-7fd28ad15000 r--s 00009000 08:03 5913472                    /home/sharmila/.gradle/caches/modules-2/files-2.1/org.hamcrest/hamcrest-core/1.3/42a25dc3219429f0e5d060061f71acb49bf010a0/hamcrest-core-1.3.jar
7fd28ad15000-7fd28ad31000 r--s 00103000 08:03 5916914                    /home/sharmila/.gradle/caches/modules-2/files-2.1/org.mockito/mockito-core/1.10.19/e8546f5bef4e061d8dd73895b4e8f40e3fe6effe/mockito-core-1.10.19.jar
7fd28ad31000-7fd28ad44000 r--s 000d2000 08:03 5916913                    /home/sharmila/.gradle/caches/modules-2/files-2.1/org.assertj/assertj-core/2.5.0/fcd21db4c5f33e5dcac69bf1816415fe0647582f/assertj-core-2.5.0.jar
7fd28ad44000-7fd28ad49000 r--s 0002e000 08:03 5916911                    /home/sharmila/.gradle/caches/modules-2/files-2.1/com.jayway.jsonpath/json-path/2.2.0/22290d17944bd239fabf5ac69005a60a7ecbbbcb/json-path-2.2.0.jar
7fd28ad49000-7fd28ad4e000 r--s 00017000 08:03 5923573                    /home/sharmila/.gradle/caches/modules-2/files-2.1/org.springframework.boot/spring-boot-test-autoconfigure/1.4.3.RELEASE/1a7587605e981a58104a501ab1896e2eb7a76686/spring-boot-test-autoconfigure-1.4.3.RELEASE.jar
7fd28ad4e000-7fd28ad53000 r--s 00021000 08:03 5923572                    /home/sharmila/.gradle/caches/modules-2/files-2.1/org.springframework.boot/spring-boot-test/1.4.3.RELEASE/2d76638f0f13b33859bf3b927c232ff0f8a4ffbf/spring-boot-test-1.4.3.RELEASE.jar
7fd28ad53000-7fd28ad59000 r--s 0003d000 08:03 5916762                    /home/sharmila/.gradle/caches/modules-2/files-2.1/org.yaml/snakeyaml/1.17/7a27ea250c5130b2922b86dea63cbb1cc10a660c/snakeyaml-1.17.jar
7fd28ad59000-7fd28ad5b000 r--s 00006000 08:03 5923638                    /home/sharmila/.gradle/caches/modules-2/files-2.1/com.beust/jcommander/1.12/7409692b48022f9eca7445861defbcdb9ee3c2a8/jcommander-1.12.jar
7fd28ad5b000-7fd28ad60000 r--s 00040000 08:03 5923637                    /home/sharmila/.gradle/caches/modules-2/files-2.1/org.beanshell/bsh/2.0b4/a05f0a0feefa8d8467ac80e16e7de071489f0d9c/bsh-2.0b4.jar
7fd28ad60000-7fd28ad68000 r--s 00045000 08:03 5913471                    /home/sharmila/.gradle/caches/modules-2/files-2.1/junit/junit/4.12/2973d150c0dc1fefe998f834810d68f278ea58ec/junit-4.12.jar
7fd28ad68000-7fd28ad6b000 r--s 0000c000 08:03 5923895                    /home/sharmila/.gradle/caches/modules-2/files-2.1/org.springframework/spring-aspects/4.3.5.RELEASE/8c00c15865a1da0a1ba143a50622a8436a56e097/spring-aspects-4.3.5.RELEASE.jar
7fd28ad6b000-7fd28ad71000 r--s 0003f000 08:03 5923894                    /home/sharmila/.gradle/caches/modules-2/files-2.1/org.springframework.data/spring-data-jpa/1.10.6.RELEASE/5d478860b24a493845248c1c336c33a657567bd3/spring-data-jpa-1.10.6.RELEASE.jar
7fd28ad71000-7fd28ad73000 r--s 00006000 08:03 5923893                    /home/sharmila/.gradle/caches/modules-2/files-2.1/javax.transaction/javax.transaction-api/1.2/d81aff979d603edd90dcd8db2abc1f4ce6479e3e/javax.transaction-api-1.2.jar
7fd28ad73000-7fd28ad80000 r--s 00089000 08:03 5923892                    /home/sharmila/.gradle/caches/modules-2/files-2.1/org.hibernate/hibernate-entitymanager/5.0.11.Final/549565caed4e0bcb816843693e66ff7b04ce025f/hibernate-entitymanager-5.0.11.Final.jar
7fd28ad80000-7fd28ade9000 r--s 004f3000 08:03 5923432                    /home/sharmila/.gradle/caches/modules-2/files-2.1/org.hibernate/hibernate-core/5.0.11.Final/c2487fb72a2217a7cec9ab478d4c21a36fc09977/hibernate-core-5.0.11.Final.jar
7fd28ade9000-7fd28ae12000 r--s 002b2000 08:03 5917540                    /home/sharmila/.gradle/caches/modules-2/files-2.1/org.apache.tomcat.embed/tomcat-embed-core/8.5.6/960834b5abc6b2135250487abf6c060a0fa5a22e/tomcat-embed-core-8.5.6.jar
7fd28ae12000-7fd28ae13000 ---p 00000000 00:00 0 
7fd28ae13000-7fd28af13000 rw-p 00000000 00:00 0                          [stack:5265]
7fd28af13000-7fd28af16000 ---p 00000000 00:00 0 
7fd28af16000-7fd28b014000 rw-p 00000000 00:00 0                          [stack:5264]
7fd28b014000-7fd28b017000 ---p 00000000 00:00 0 
7fd28b017000-7fd28b115000 rw-p 00000000 00:00 0                          [stack:5263]
7fd28b115000-7fd28b118000 ---p 00000000 00:00 0 
7fd28b118000-7fd28b216000 rw-p 00000000 00:00 0                          [stack:5262]
7fd28b216000-7fd28b219000 ---p 00000000 00:00 0 
7fd28b219000-7fd28b317000 rw-p 00000000 00:00 0                          [stack:5261]
7fd28b317000-7fd28b31a000 ---p 00000000 00:00 0 
7fd28b31a000-7fd28b418000 rw-p 00000000 00:00 0                          [stack:5260]
7fd28b418000-7fd28bafb000 r--p 00000000 08:03 3152909                    /usr/lib/locale/locale-archive
7fd28bafb000-7fd28bafe000 ---p 00000000 00:00 0 
7fd28bafe000-7fd28bbfc000 rw-p 00000000 00:00 0                          [stack:5259]
7fd28bbfc000-7fd28bbff000 ---p 00000000 00:00 0 
7fd28bbff000-7fd28bcfd000 rw-p 00000000 00:00 0                          [stack:5258]
7fd28bcfd000-7fd28bcfe000 ---p 00000000 00:00 0 
7fd28bcfe000-7fd28c000000 rw-p 00000000 00:00 0                          [stack:5257]
7fd28c000000-7fd28c021000 rw-p 00000000 00:00 0 
7fd28c021000-7fd290000000 ---p 00000000 00:00 0 
7fd290000000-7fd290001000 r--s 0000c000 08:03 5916912                    /home/sharmila/.gradle/caches/modules-2/files-2.1/org.hamcrest/hamcrest-library/1.3/4785a3c21320980282f9f33d0d1264a69040538f/hamcrest-library-1.3.jar
7fd290001000-7fd29000b000 r--s 000ae000 08:03 5916958                    /home/sharmila/.gradle/caches/modules-2/files-2.1/org.javassist/javassist/3.20.0-GA/a9cbcdfb7e9f86fbc74d3afae65f2248bfbf82a0/javassist-3.20.0-GA.jar
7fd29000b000-7fd290010000 r--s 00017000 08:03 5923828                    /home/sharmila/.gradle/caches/modules-2/files-2.1/org.hibernate.javax.persistence/hibernate-jpa-2.1-api/1.0.0.Final/5e731d961297e5a07290bfaf3db1fbc8bbbf405a/hibernate-jpa-2.1-api-1.0.0.Final.jar
7fd290010000-7fd290023000 r--s 00236000 08:03 5916949                    /home/sharmila/.gradle/caches/modules-2/files-2.1/org.eclipse.jdt.core.compiler/ecj/4.5.1/bee1367ac12fb6a20b422ff8711ebeb4f0a42316/ecj-4.5.1.jar
7fd290023000-7fd290028000 r--s 00036000 08:03 5917541                    /home/sharmila/.gradle/caches/modules-2/files-2.1/org.apache.tomcat.embed/tomcat-embed-el/8.5.6/a102298d8dc72f4065533d5962953d753b172602/tomcat-embed-el-8.5.6.jar
7fd290028000-7fd290039000 r--s 000cf000 08:03 5923571                    /home/sharmila/.gradle/caches/modules-2/files-2.1/org.springframework/spring-webmvc/4.3.5.RELEASE/c624659217edab07d8279fb0f90462136f089220/spring-webmvc-4.3.5.RELEASE.jar
7fd290039000-7fd29004b000 r--s 000b6000 08:03 5923570                    /home/sharmila/.gradle/caches/modules-2/files-2.1/org.springframework/spring-web/4.3.5.RELEASE/6641daccf2fddafc8358144f3a4f999130fdf144/spring-web-4.3.5.RELEASE.jar
7fd29004b000-7fd29005c000 r--s 0011d000 08:03 5923569                    /home/sharmila/.gradle/caches/modules-2/files-2.1/com.fasterxml.jackson.core/jackson-databind/2.8.5/b3035f37e674c04dafe36a660c3815cc59f764e2/jackson-databind-2.8.5.jar
7fd29005c000-7fd29006c000 r--s 0009c000 08:03 5916756                    /home/sharmila/.gradle/caches/modules-2/files-2.1/org.hibernate/hibernate-validator/5.2.4.Final/fb18766b576aa6632bcfe9a20a023cbd52bf9769/hibernate-validator-5.2.4.Final.jar
7fd29006c000-7fd290078000 r--s 000a4000 08:03 5923636                    /home/sharmila/.gradle/caches/modules-2/files-2.1/org.testng/testng/6.5.2/5069d2e72356ed87645c5fc3622b0bbb5e0667c9/testng-6.5.2.jar
7fd290078000-7fd29007d000 r--s 00309000 08:03 5923826                    /home/sharmila/.gradle/caches/modules-2/files-2.1/org.xerial/sqlite-jdbc/3.7.2/7a3d67f00508d3881650579f7f228c61bfc1b196/sqlite-jdbc-3.7.2.jar
7fd29007d000-7fd290086000 r--s 00095000 08:03 5913393                    /home/sharmila/.gradle/caches/modules-2/files-2.1/org.apache.tomcat.embed/tomcat-embed-jasper/9.0.0.M11/e2cd5a7038094195c3163532e01daf051d9265fe/tomcat-embed-jasper-9.0.0.M11.jar
7fd290086000-7fd29008e000 r--s 00046000 08:03 2759763                    /home/sharmila/Downloads/sts 3.6.4/sts-bundle/sts-3.6.4.RELEASE/plugins/org.testng.eclipse_6.10.0.201612030230/lib/testng-remote.jar
7fd29008e000-7fd290dfe000 rw-p 00000000 00:00 0 
7fd290dfe000-7fd290dff000 ---p 00000000 00:00 0 
7fd290dff000-7fd290eff000 rw-p 00000000 00:00 0                          [stack:5256]
7fd290eff000-7fd290f00000 ---p 00000000 00:00 0 
7fd290f00000-7fd291000000 rw-p 00000000 00:00 0                          [stack:5255]
7fd291000000-7fd291cc0000 rwxp 00000000 00:00 0 
7fd291cc0000-7fd2a0000000 ---p 00000000 00:00 0 
7fd2a0000000-7fd2a1b0e000 rw-p 00000000 00:00 0 
7fd2a1b0e000-7fd2a4000000 ---p 00000000 00:00 0 
7fd2a4000000-7fd2a4001000 r--s 00000000 08:03 5923891                    /home/sharmila/.gradle/caches/modules-2/files-2.1/org.springframework.boot/spring-boot-starter-jdbc/1.4.3.RELEASE/7ce66cf27ea731189248be7af2ab84ba189e1151/spring-boot-starter-jdbc-1.4.3.RELEASE.jar
7fd2a4001000-7fd2a4043000 rw-p 00000000 00:00 0 
7fd2a4043000-7fd2a4044000 ---p 00000000 00:00 0 
7fd2a4044000-7fd2a4144000 rw-p 00000000 00:00 0                          [stack:5254]
7fd2a4144000-7fd2a4145000 ---p 00000000 00:00 0 
7fd2a4145000-7fd2a4260000 rw-p 00000000 00:00 0                          [stack:5253]
7fd2a4260000-7fd2a4387000 ---p 00000000 00:00 0 
7fd2a4387000-7fd2a43a2000 rw-p 00000000 00:00 0 
7fd2a43a2000-7fd2a44c9000 ---p 00000000 00:00 0 
7fd2a44c9000-7fd2a456a000 rw-p 00000000 00:00 0 
7fd2a456a000-7fd2a459e000 rw-p 00000000 00:00 0 
7fd2a459e000-7fd2a492b000 ---p 00000000 00:00 0 
7fd2a492b000-7fd2a4945000 r-xp 00000000 08:03 4870864                    /usr/lib/jvm/java-8-oracle/jre/lib/amd64/libzip.so
7fd2a4945000-7fd2a4b45000 ---p 0001a000 08:03 4870864                    /usr/lib/jvm/java-8-oracle/jre/lib/amd64/libzip.so
7fd2a4b45000-7fd2a4b46000 rw-p 0001a000 08:03 4870864                    /usr/lib/jvm/java-8-oracle/jre/lib/amd64/libzip.so
7fd2a4b46000-7fd2a4b50000 r-xp 00000000 08:03 4070135                    /lib/x86_64-linux-gnu/libnss_files-2.19.so
7fd2a4b50000-7fd2a4d4f000 ---p 0000a000 08:03 4070135                    /lib/x86_64-linux-gnu/libnss_files-2.19.so
7fd2a4d4f000-7fd2a4d50000 r--p 00009000 08:03 4070135                    /lib/x86_64-linux-gnu/libnss_files-2.19.so
7fd2a4d50000-7fd2a4d51000 rw-p 0000a000 08:03 4070135                    /lib/x86_64-linux-gnu/libnss_files-2.19.so
7fd2a4d51000-7fd2a4d5c000 r-xp 00000000 08:03 4070127                    /lib/x86_64-linux-gnu/libnss_nis-2.19.so
7fd2a4d5c000-7fd2a4f5b000 ---p 0000b000 08:03 4070127                    /lib/x86_64-linux-gnu/libnss_nis-2.19.so
7fd2a4f5b000-7fd2a4f5c000 r--p 0000a000 08:03 4070127                    /lib/x86_64-linux-gnu/libnss_nis-2.19.so
7fd2a4f5c000-7fd2a4f5d000 rw-p 0000b000 08:03 4070127                    /lib/x86_64-linux-gnu/libnss_nis-2.19.so
7fd2a4f5d000-7fd2a4f74000 r-xp 00000000 08:03 4070123                    /lib/x86_64-linux-gnu/libnsl-2.19.so
7fd2a4f74000-7fd2a5173000 ---p 00017000 08:03 4070123                    /lib/x86_64-linux-gnu/libnsl-2.19.so
7fd2a5173000-7fd2a5174000 r--p 00016000 08:03 4070123                    /lib/x86_64-linux-gnu/libnsl-2.19.so
7fd2a5174000-7fd2a5175000 rw-p 00017000 08:03 4070123                    /lib/x86_64-linux-gnu/libnsl-2.19.so
7fd2a5175000-7fd2a5177000 rw-p 00000000 00:00 0 
7fd2a5177000-7fd2a5180000 r-xp 00000000 08:03 4070122                    /lib/x86_64-linux-gnu/libnss_compat-2.19.so
7fd2a5180000-7fd2a537f000 ---p 00009000 08:03 4070122                    /lib/x86_64-linux-gnu/libnss_compat-2.19.so
7fd2a537f000-7fd2a5380000 r--p 00008000 08:03 4070122                    /lib/x86_64-linux-gnu/libnss_compat-2.19.so
7fd2a5380000-7fd2a5381000 rw-p 00009000 08:03 4070122                    /lib/x86_64-linux-gnu/libnss_compat-2.19.so
7fd2a5381000-7fd2a53ac000 r-xp 00000000 08:03 4870782                    /usr/lib/jvm/java-8-oracle/jre/lib/amd64/libjava.so
7fd2a53ac000-7fd2a55ab000 ---p 0002b000 08:03 4870782                    /usr/lib/jvm/java-8-oracle/jre/lib/amd64/libjava.so
7fd2a55ab000-7fd2a55ad000 rw-p 0002a000 08:03 4870782                    /usr/lib/jvm/java-8-oracle/jre/lib/amd64/libjava.so
7fd2a55ad000-7fd2a55ba000 r-xp 00000000 08:03 4870821                    /usr/lib/jvm/java-8-oracle/jre/lib/amd64/libverify.so
7fd2a55ba000-7fd2a57b9000 ---p 0000d000 08:03 4870821                    /usr/lib/jvm/java-8-oracle/jre/lib/amd64/libverify.so
7fd2a57b9000-7fd2a57bb000 rw-p 0000c000 08:03 4870821                    /usr/lib/jvm/java-8-oracle/jre/lib/amd64/libverify.so
7fd2a57bb000-7fd2a57c2000 r-xp 00000000 08:03 4070131                    /lib/x86_64-linux-gnu/librt-2.19.so
7fd2a57c2000-7fd2a59c1000 ---p 00007000 08:03 4070131                    /lib/x86_64-linux-gnu/librt-2.19.so
7fd2a59c1000-7fd2a59c2000 r--p 00006000 08:03 4070131                    /lib/x86_64-linux-gnu/librt-2.19.so
7fd2a59c2000-7fd2a59c3000 rw-p 00007000 08:03 4070131                    /lib/x86_64-linux-gnu/librt-2.19.so
7fd2a59c3000-7fd2a5ac8000 r-xp 00000000 08:03 4070117                    /lib/x86_64-linux-gnu/libm-2.19.so
7fd2a5ac8000-7fd2a5cc7000 ---p 00105000 08:03 4070117                    /lib/x86_64-linux-gnu/libm-2.19.so
7fd2a5cc7000-7fd2a5cc8000 r--p 00104000 08:03 4070117                    /lib/x86_64-linux-gnu/libm-2.19.so
7fd2a5cc8000-7fd2a5cc9000 rw-p 00105000 08:03 4070117                    /lib/x86_64-linux-gnu/libm-2.19.so
7fd2a5cc9000-7fd2a6997000 r-xp 00000000 08:03 5260205                    /usr/lib/jvm/java-8-oracle/jre/lib/amd64/server/libjvm.so
7fd2a6997000-7fd2a6b97000 ---p 00cce000 08:03 5260205                    /usr/lib/jvm/java-8-oracle/jre/lib/amd64/server/libjvm.so
7fd2a6b97000-7fd2a6c70000 rw-p 00cce000 08:03 5260205                    /usr/lib/jvm/java-8-oracle/jre/lib/amd64/server/libjvm.so
7fd2a6c70000-7fd2a6cbb000 rw-p 00000000 00:00 0 
7fd2a6cbb000-7fd2a6e75000 r-xp 00000000 08:03 4070132                    /lib/x86_64-linux-gnu/libc-2.19.so
7fd2a6e75000-7fd2a7075000 ---p 001ba000 08:03 4070132                    /lib/x86_64-linux-gnu/libc-2.19.so
7fd2a7075000-7fd2a7079000 r--p 001ba000 08:03 4070132                    /lib/x86_64-linux-gnu/libc-2.19.so
7fd2a7079000-7fd2a707b000 rw-p 001be000 08:03 4070132                    /lib/x86_64-linux-gnu/libc-2.19.so
7fd2a707b000-7fd2a7080000 rw-p 00000000 00:00 0 
7fd2a7080000-7fd2a7083000 r-xp 00000000 08:03 4070119                    /lib/x86_64-linux-gnu/libdl-2.19.so
7fd2a7083000-7fd2a7282000 ---p 00003000 08:03 4070119                    /lib/x86_64-linux-gnu/libdl-2.19.so
7fd2a7282000-7fd2a7283000 r--p 00002000 08:03 4070119                    /lib/x86_64-linux-gnu/libdl-2.19.so
7fd2a7283000-7fd2a7284000 rw-p 00003000 08:03 4070119                    /lib/x86_64-linux-gnu/libdl-2.19.so
7fd2a7284000-7fd2a7299000 r-xp 00000000 08:03 3555343                    /usr/lib/jvm/java-8-oracle/lib/amd64/jli/libjli.so
7fd2a7299000-7fd2a7499000 ---p 00015000 08:03 3555343                    /usr/lib/jvm/java-8-oracle/lib/amd64/jli/libjli.so
7fd2a7499000-7fd2a749a000 rw-p 00015000 08:03 3555343                    /usr/lib/jvm/java-8-oracle/lib/amd64/jli/libjli.so
7fd2a749a000-7fd2a74b3000 r-xp 00000000 08:03 4070124                    /lib/x86_64-linux-gnu/libpthread-2.19.so
7fd2a74b3000-7fd2a76b2000 ---p 00019000 08:03 4070124                    /lib/x86_64-linux-gnu/libpthread-2.19.so
7fd2a76b2000-7fd2a76b3000 r--p 00018000 08:03 4070124                    /lib/x86_64-linux-gnu/libpthread-2.19.so
7fd2a76b3000-7fd2a76b4000 rw-p 00019000 08:03 4070124                    /lib/x86_64-linux-gnu/libpthread-2.19.so
7fd2a76b4000-7fd2a76b8000 rw-p 00000000 00:00 0 
7fd2a76b8000-7fd2a76db000 r-xp 00000000 08:03 4070125                    /lib/x86_64-linux-gnu/ld-2.19.so
7fd2a76db000-7fd2a76dc000 r--s 00000000 08:03 5923890                    /home/sharmila/.gradle/caches/modules-2/files-2.1/org.springframework.boot/spring-boot-starter-aop/1.4.3.RELEASE/30b11b6455bed446d3b4a1a49fab529b2cfac454/spring-boot-starter-aop-1.4.3.RELEASE.jar
7fd2a76dc000-7fd2a76de000 r--s 0000f000 08:03 5916917                    /home/sharmila/.gradle/caches/modules-2/files-2.1/org.jboss.logging/jboss-logging/3.3.0.Final/3616bb87707910296e2c195dc016287080bba5af/jboss-logging-3.3.0.Final.jar
7fd2a76de000-7fd2a76df000 r--s 00000000 08:03 5923568                    /home/sharmila/.gradle/caches/modules-2/files-2.1/org.springframework.boot/spring-boot-starter-tomcat/1.4.3.RELEASE/61c48035a7a3b06b42fdd07b7109e562077b3792/spring-boot-starter-tomcat-1.4.3.RELEASE.jar
7fd2a76df000-7fd2a77b1000 rw-p 00000000 00:00 0 
7fd2a77b1000-7fd2a77b4000 ---p 00000000 00:00 0 
7fd2a77b4000-7fd2a78b6000 rw-p 00000000 00:00 0                          [stack:5247]
7fd2a78b6000-7fd2a78b7000 r--s 00000000 08:03 5923567                    /home/sharmila/.gradle/caches/modules-2/files-2.1/org.springframework.boot/spring-boot-starter/1.4.3.RELEASE/c99bad104719e947b3f9aa2b7569583805e4c5d5/spring-boot-starter-1.4.3.RELEASE.jar
7fd2a78b7000-7fd2a78b8000 r--s 00000000 08:03 5923566                    /home/sharmila/.gradle/caches/modules-2/files-2.1/org.springframework.boot/spring-boot-starter-test/1.4.3.RELEASE/6e9f1dbd3f68299c0183630ef07ca430de160050/spring-boot-starter-test-1.4.3.RELEASE.jar
7fd2a78b8000-7fd2a78b9000 r--s 00000000 08:03 5923889                    /home/sharmila/.gradle/caches/modules-2/files-2.1/org.springframework.boot/spring-boot-starter-data-jpa/1.4.3.RELEASE/ffda06c2144d10239014407333c223a237b73ad7/spring-boot-starter-data-jpa-1.4.3.RELEASE.jar
7fd2a78b9000-7fd2a78ba000 r--s 00003000 08:03 5923431                    /home/sharmila/.gradle/caches/modules-2/files-2.1/org.hibernate/hibernate-gradle-plugin/5.2.3.Final/db2ad8695e48a03a566b74fb5fc07c1732c1f5e5/hibernate-gradle-plugin-5.2.3.Final.jar
7fd2a78ba000-7fd2a78bb000 r--s 00000000 08:03 5923565                    /home/sharmila/.gradle/caches/modules-2/files-2.1/org.springframework.boot/spring-boot-starter-web/1.4.3.RELEASE/a0dcc919eda8e8ecb6f13f52a30e6afbb8266103/spring-boot-starter-web-1.4.3.RELEASE.jar
7fd2a78bb000-7fd2a78ce000 rw-p 00000000 00:00 0 
7fd2a78ce000-7fd2a78d6000 rw-s 00000000 08:03 5917624                    /tmp/hsperfdata_sharmila/5246
7fd2a78d6000-7fd2a78d7000 rw-p 00000000 00:00 0 
7fd2a78d7000-7fd2a78d8000 r--p 00000000 00:00 0 
7fd2a78d8000-7fd2a78da000 rw-p 00000000 00:00 0 
7fd2a78da000-7fd2a78db000 r--p 00022000 08:03 4070125                    /lib/x86_64-linux-gnu/ld-2.19.so
7fd2a78db000-7fd2a78dc000 rw-p 00023000 08:03 4070125                    /lib/x86_64-linux-gnu/ld-2.19.so
7fd2a78dc000-7fd2a78dd000 rw-p 00000000 00:00 0 
7ffc3c11a000-7ffc3c13e000 rw-p 00000000 00:00 0                          [stack]
7ffc3c1a2000-7ffc3c1a4000 r-xp 00000000 00:00 0                          [vdso]
ffffffffff600000-ffffffffff601000 r-xp 00000000 00:00 0                  [vsyscall]

VM Arguments:
jvm_args: -ea -Dfile.encoding=UTF-8 
java_command: org.testng.remote.RemoteTestNG -serport 47590 -protocol json -d /home/sharmila/Documents/work-office/TestNG_Project/test-output /tmp/testng-eclipse-2052401296/testng-customsuite.xml
java_class_path (initial): /home/sharmila/Downloads/sts 3.6.4/sts-bundle/sts-3.6.4.RELEASE/plugins/org.testng.eclipse_6.10.0.201612030230/lib/testng-remote.jar:/home/sharmila/Documents/work-office/TestNG_Project/bin:/home/sharmila/.gradle/caches/modules-2/files-2.1/org.springframework.boot/spring-boot-starter-web/1.4.3.RELEASE/a0dcc919eda8e8ecb6f13f52a30e6afbb8266103/spring-boot-starter-web-1.4.3.RELEASE.jar:/home/sharmila/.gradle/caches/modules-2/files-2.1/org.apache.tomcat.embed/tomcat-embed-jasper/9.0.0.M11/e2cd5a7038094195c3163532e01daf051d9265fe/tomcat-embed-jasper-9.0.0.M11.jar:/home/sharmila/.gradle/caches/modules-2/files-2.1/org.xerial/sqlite-jdbc/3.7.2/7a3d67f00508d3881650579f7f228c61bfc1b196/sqlite-jdbc-3.7.2.jar:/home/sharmila/.gradle/caches/modules-2/files-2.1/org.hibernate/hibernate-gradle-plugin/5.2.3.Final/db2ad8695e48a03a566b74fb5fc07c1732c1f5e5/hibernate-gradle-plugin-5.2.3.Final.jar:/home/sharmila/.gradle/caches/modules-2/files-2.1/org.springframework.boot/spring-boot-starter-data-jpa/1.4.3.RELEASE/ffda06c2144d10239014407333c223a237b73ad7/spring-boot-starter-data-jpa-1.4.3.RELEASE.jar:/home/sharmila/.gradle/caches/modules-2/files-2.1/org.testng/testng/6.5.2/5069d2e72356ed87645c5fc3622b0bbb5e0667c9/testng-6.5.2.jar:/home/sharmila/.gradle/caches/modules-2/files-2.1/org.springframework.boot/spring-boot-starter-test/1.4.3.RELEASE/6e9f1dbd3f68299c0183630ef07ca430de160050/spring-boot-starter-test-1.4.3.RELEASE.jar:/home/sharmila/.gradle/caches/modules-2/files-2.1/org.springframework.boot/spring-boot-starter/1.4.3.RELEASE/c99bad104719e947b3f9aa2b7569583805e4c5d5/spring-boot-starter-1.4.3.RELEASE.jar:/home/sharmila/.gradle/caches/modules-2/files-2.1/org.springframework.boot/spring-boot-starter-tomcat/1.4.3.RELEASE/61c48035a7a3b06b42fdd07b7109e562077b3792/spring-boot-starter-tomcat-1.4.3.RELEASE.jar:/home/sharmila/.gradle/caches/modules-2/files-2.1/org.hibernate/hibernate-validator/5.2.4.Final/fb18766b576aa6632bcfe9a20a023cbd52bf9769/hibernate-validator-5
Launcher Type: SUN_STANDARD

Environment Variables:
JAVA_HOME=/usr/lib/jvm/java-8-oracle
PATH=/usr/local/sbin:/usr/local/bin:/usr/sbin:/usr/bin:/sbin:/bin:/usr/games:/usr/local/games:/usr/lib/jvm/java-8-oracle/bin:/usr/lib/jvm/java-8-oracle/db/bin:/usr/lib/jvm/java-8-oracle/jre/bin
SHELL=/bin/bash
DISPLAY=:0.0

Signal Handlers:
SIGSEGV: [libjvm.so+0xac78c0], sa_mask[0]=11111111011111111101111111111110, sa_flags=SA_RESTART|SA_SIGINFO
SIGBUS: [libjvm.so+0xac78c0], sa_mask[0]=11111111011111111101111111111110, sa_flags=SA_RESTART|SA_SIGINFO
SIGFPE: [libjvm.so+0x920ac0], sa_mask[0]=11111111011111111101111111111110, sa_flags=SA_RESTART|SA_SIGINFO
SIGPIPE: [libjvm.so+0x920ac0], sa_mask[0]=11111111011111111101111111111110, sa_flags=SA_RESTART|SA_SIGINFO
SIGXFSZ: [libjvm.so+0x920ac0], sa_mask[0]=11111111011111111101111111111110, sa_flags=SA_RESTART|SA_SIGINFO
SIGILL: [libjvm.so+0x920ac0], sa_mask[0]=11111111011111111101111111111110, sa_flags=SA_RESTART|SA_SIGINFO
SIGUSR1: SIG_DFL, sa_mask[0]=00000000000000000000000000000000, sa_flags=none
SIGUSR2: [libjvm.so+0x922300], sa_mask[0]=00100000000000000000000000000000, sa_flags=SA_RESTART|SA_SIGINFO
SIGHUP: [libjvm.so+0x923700], sa_mask[0]=11111111011111111101111111111110, sa_flags=SA_RESTART|SA_SIGINFO
SIGINT: [libjvm.so+0x923700], sa_mask[0]=11111111011111111101111111111110, sa_flags=SA_RESTART|SA_SIGINFO
SIGTERM: [libjvm.so+0x923700], sa_mask[0]=11111111011111111101111111111110, sa_flags=SA_RESTART|SA_SIGINFO
SIGQUIT: [libjvm.so+0x923700], sa_mask[0]=11111111011111111101111111111110, sa_flags=SA_RESTART|SA_SIGINFO


---------------  S Y S T E M  ---------------

OS:DISTRIB_ID=Ubuntu
DISTRIB_RELEASE=14.04
DISTRIB_CODENAME=trusty
DISTRIB_DESCRIPTION="Ubuntu 14.04.5 LTS"

uname:Linux 3.13.0-107-generic #154-Ubuntu SMP Tue Dec 20 09:57:27 UTC 2016 x86_64
libc:glibc 2.19 NPTL 2.19 
rlimit: STACK 8192k, CORE 0k, NPROC 30712, NOFILE 4096, AS infinity
load average:0.45 0.69 0.68

/proc/meminfo:
MemTotal:        3953548 kB
MemFree:          230916 kB
Buffers:           76936 kB
Cached:          1214556 kB
SwapCached:            0 kB
Active:          2385368 kB
Inactive:        1094812 kB
Active(anon):    1836180 kB
Inactive(anon):   703112 kB
Active(file):     549188 kB
Inactive(file):   391700 kB
Unevictable:         208 kB
Mlocked:             208 kB
SwapTotal:       7999484 kB
SwapFree:        7999188 kB
Dirty:               180 kB
Writeback:             0 kB
AnonPages:       2190956 kB
Mapped:           362212 kB
Shmem:            350612 kB
Slab:             118168 kB
SReclaimable:      79348 kB
SUnreclaim:        38820 kB
KernelStack:        5400 kB
PageTables:        47832 kB
NFS_Unstable:          0 kB
Bounce:                0 kB
WritebackTmp:          0 kB
CommitLimit:     9976256 kB
Committed_AS:    7423628 kB
VmallocTotal:   34359738367 kB
VmallocUsed:      400992 kB
VmallocChunk:   34359328252 kB
HardwareCorrupted:     0 kB
AnonHugePages:    815104 kB
HugePages_Total:       0
HugePages_Free:        0
HugePages_Rsvd:        0
HugePages_Surp:        0
Hugepagesize:       2048 kB
DirectMap4k:       86188 kB
DirectMap2M:     2965504 kB
DirectMap1G:     1048576 kB


CPU:total 4 (2 cores per cpu, 2 threads per core) family 6 model 69 stepping 1, cmov, cx8, fxsr, mmx, sse, sse2, sse3, ssse3, sse4.1, sse4.2, popcnt, avx, avx2, aes, clmul, erms, lzcnt, ht, tsc, tscinvbit, bmi1, bmi2

/proc/cpuinfo:
processor	: 0
vendor_id	: GenuineIntel
cpu family	: 6
model		: 69
model name	: Intel(R) Core(TM) i5-4200U CPU @ 1.60GHz
stepping	: 1
microcode	: 0x17
cpu MHz		: 1600.000
cache size	: 3072 KB
physical id	: 0
siblings	: 4
core id		: 0
cpu cores	: 2
apicid		: 0
initial apicid	: 0
fpu		: yes
fpu_exception	: yes
cpuid level	: 13
wp		: yes
flags		: fpu vme de pse tsc msr pae mce cx8 apic sep mtrr pge mca cmov pat pse36 clflush dts acpi mmx fxsr sse sse2 ss ht tm pbe syscall nx pdpe1gb rdtscp lm constant_tsc arch_perfmon pebs bts rep_good nopl xtopology nonstop_tsc aperfmperf eagerfpu pni pclmulqdq dtes64 monitor ds_cpl vmx est tm2 ssse3 fma cx16 xtpr pdcm pcid sse4_1 sse4_2 movbe popcnt tsc_deadline_timer aes xsave avx f16c rdrand lahf_lm abm ida arat epb xsaveopt pln pts dtherm tpr_shadow vnmi flexpriority ept vpid fsgsbase tsc_adjust bmi1 avx2 smep bmi2 erms invpcid
bogomips	: 4589.35
clflush size	: 64
cache_alignment	: 64
address sizes	: 39 bits physical, 48 bits virtual
power management:

processor	: 1
vendor_id	: GenuineIntel
cpu family	: 6
model		: 69
model name	: Intel(R) Core(TM) i5-4200U CPU @ 1.60GHz
stepping	: 1
microcode	: 0x17
cpu MHz		: 1600.000
cache size	: 3072 KB
physical id	: 0
siblings	: 4
core id		: 0
cpu cores	: 2
apicid		: 1
initial apicid	: 1
fpu		: yes
fpu_exception	: yes
cpuid level	: 13
wp		: yes
flags		: fpu vme de pse tsc msr pae mce cx8 apic sep mtrr pge mca cmov pat pse36 clflush dts acpi mmx fxsr sse sse2 ss ht tm pbe syscall nx pdpe1gb rdtscp lm constant_tsc arch_perfmon pebs bts rep_good nopl xtopology nonstop_tsc aperfmperf eagerfpu pni pclmulqdq dtes64 monitor ds_cpl vmx est tm2 ssse3 fma cx16 xtpr pdcm pcid sse4_1 sse4_2 movbe popcnt tsc_deadline_timer aes xsave avx f16c rdrand lahf_lm abm ida arat epb xsaveopt pln pts dtherm tpr_shadow vnmi flexpriority ept vpid fsgsbase tsc_adjust bmi1 avx2 smep bmi2 erms invpcid
bogomips	: 4589.35
clflush size	: 64
cache_alignment	: 64
address sizes	: 39 bits physical, 48 bits virtual
power management:

processor	: 2
vendor_id	: GenuineIntel
cpu family	: 6
model		: 69
model name	: Intel(R) Core(TM) i5-4200U CPU @ 1.60GHz
stepping	: 1
microcode	: 0x17
cpu MHz		: 1600.000
cache size	: 3072 KB
physical id	: 0
siblings	: 4
core id		: 1
cpu cores	: 2
apicid		: 2
initial apicid	: 2
fpu		: yes
fpu_exception	: yes
cpuid level	: 13
wp		: yes
flags		: fpu vme de pse tsc msr pae mce cx8 apic sep mtrr pge mca cmov pat pse36 clflush dts acpi mmx fxsr sse sse2 ss ht tm pbe syscall nx pdpe1gb rdtscp lm constant_tsc arch_perfmon pebs bts rep_good nopl xtopology nonstop_tsc aperfmperf eagerfpu pni pclmulqdq dtes64 monitor ds_cpl vmx est tm2 ssse3 fma cx16 xtpr pdcm pcid sse4_1 sse4_2 movbe popcnt tsc_deadline_timer aes xsave avx f16c rdrand lahf_lm abm ida arat epb xsaveopt pln pts dtherm tpr_shadow vnmi flexpriority ept vpid fsgsbase tsc_adjust bmi1 avx2 smep bmi2 erms invpcid
bogomips	: 4589.35
clflush size	: 64
cache_alignment	: 64
address sizes	: 39 bits physical, 48 bits virtual
power management:

processor	: 3
vendor_id	: GenuineIntel
cpu family	: 6
model		: 69
model name	: Intel(R) Core(TM) i5-4200U CPU @ 1.60GHz
stepping	: 1
microcode	: 0x17
cpu MHz		: 1600.000
cache size	: 3072 KB
physical id	: 0
siblings	: 4
core id		: 1
cpu cores	: 2
apicid		: 3
initial apicid	: 3
fpu		: yes
fpu_exception	: yes
cpuid level	: 13
wp		: yes
flags		: fpu vme de pse tsc msr pae mce cx8 apic sep mtrr pge mca cmov pat pse36 clflush dts acpi mmx fxsr sse sse2 ss ht tm pbe syscall nx pdpe1gb rdtscp lm constant_tsc arch_perfmon pebs bts rep_good nopl xtopology nonstop_tsc aperfmperf eagerfpu pni pclmulqdq dtes64 monitor ds_cpl vmx est tm2 ssse3 fma cx16 xtpr pdcm pcid sse4_1 sse4_2 movbe popcnt tsc_deadline_timer aes xsave avx f16c rdrand lahf_lm abm ida arat epb xsaveopt pln pts dtherm tpr_shadow vnmi flexpriority ept vpid fsgsbase tsc_adjust bmi1 avx2 smep bmi2 erms invpcid
bogomips	: 4589.35
clflush size	: 64
cache_alignment	: 64
address sizes	: 39 bits physical, 48 bits virtual
power management:



Memory: 4k page, physical 3953548k(230916k free), swap 7999484k(7999188k free)

vm_info: Java HotSpot(TM) 64-Bit Server VM (25.121-b13) for linux-amd64 JRE (1.8.0_121-b13), built on Dec 12 2016 16:36:53 by "java_re" with gcc 4.3.0 20080428 (Red Hat 4.3.0-8)

time: Mon Jan 23 17:31:49 2017
elapsed time: 7 seconds (0d 0h 0m 7s)

