#
# A fatal error has been detected by the Java Runtime Environment:
#
#  SIGSEGV (0xb) at pc=0x00007ff8e0043118, pid=3449, tid=0x00007ff8e1549700
#
# JRE version: Java(TM) SE Runtime Environment (8.0_121-b13) (build 1.8.0_121-b13)
# Java VM: Java HotSpot(TM) 64-Bit Server VM (25.121-b13 mixed mode linux-amd64 compressed oops)
# Problematic frame:
# V  [libjvm.so+0x6e2118]  jni_GetStringUTFChars+0xb8
#
# Failed to write core dump. Core dumps have been disabled. To enable core dumping, try "ulimit -c unlimited" before starting Java again
#
# If you would like to submit a bug report, please visit:
#   http://bugreport.java.com/bugreport/crash.jsp
#

---------------  T H R E A D  ---------------

Current thread (0x00007ff8d8010000):  JavaThread "main" [_thread_in_vm, id=3455, stack(0x00007ff8e1449000,0x00007ff8e154a000)]

siginfo: si_signo: 11 (SIGSEGV), si_code: 1 (SEGV_MAPERR), si_addr: 0x0000000000000000

Registers:
RAX=0x00007ff8e0918550, RBX=0x0000000000000000, RCX=0x000000076abafa28, RDX=0x00007ff8e09269e0
RSP=0x00007ff8e1543d80, RBP=0x00007ff8e1543e20, RSI=0x00007ff8d8010000, RDI=0x00007ff8e1543dc0
R8 =0x00007ff8c9012c80, R9 =0x000000076abafa28, R10=0x0000000000000280, R11=0x00007ff8e09269e8
R12=0x00007ff8d8010000, R13=0x0000000000000000, R14=0x00007ff8e1543ef8, R15=0x00007ff8e1543dc0
RIP=0x00007ff8e0043118, EFLAGS=0x0000000000010246, CSGSFS=0x0000000000000033, ERR=0x0000000000000004
  TRAPNO=0x000000000000000e

Top of Stack: (sp=0x00007ff8e1543d80)
0x00007ff8e1543d80:   00007ff8e1543e48 0000000000000000
0x00007ff8e1543d90:   00007ff8c9124240 00007ff8e0928800
0x00007ff8e1543da0:   00007ff8e1544418 00007ff8c9012c80
0x00007ff8e1543db0:   0000000776392930 0000000050200030
0x00007ff8e1543dc0:   00007ff8d8010000 0000000000000000
0x00007ff8e1543dd0:   00007ff8dc0a8480 00007ff8c90082bd
0x00007ff8e1543de0:   00007ff8d8010000 0000000776392930
0x00007ff8e1543df0:   00007ff8e1543e90 00007ff8b88067d0
0x00007ff8e1543e00:   00007ff8d8fe48a8 0000000000000000
0x00007ff8e1543e10:   00007ff8e1543ef8 00007ff8d8010000
0x00007ff8e1543e20:   00007ff8d80101f8 00007ff8b84312b0
0x00007ff8e1543e30:   00007ff8e1543e90 00007ff8c90082bd
0x00007ff8e1543e40:   00007ff8b88067d0 00007ff8e1543ed0
0x00007ff8e1543e50:   0000000000000000 00007ff8b88067c8
0x00007ff8e1543e60:   00007ff8e1543ef8 00007ff8c90184cf
0x00007ff8e1543e70:   0000000000000000 00007ff8b8815c48
0x00007ff8e1543e80:   0000000000000000 000000076abafa28
0x00007ff8e1543e90:   00007ff8e1543e80 0000000000000000
0x00007ff8e1543ea0:   00007ff8e1543ef8 00007ff8b880d0d8
0x00007ff8e1543eb0:   0000000000000000 00007ff8b88067d0
0x00007ff8e1543ec0:   0000000000000000 00007ff8e1543ef0
0x00007ff8e1543ed0:   00007ff8e1543f58 00007ff8c9007dd0
0x00007ff8e1543ee0:   0000000000000000 00007ff8c9011537
0x00007ff8e1543ef0:   0000000000000000 000000076abafa28
0x00007ff8e1543f00:   00000007763928d0 0000000776392930
0x00007ff8e1543f10:   000000076abafa28 00007ff8e1543f08
0x00007ff8e1543f20:   00007ff8b880a095 00007ff8e1543f70
0x00007ff8e1543f30:   00007ff8b880c928 0000000000000000
0x00007ff8e1543f40:   00007ff8b880a0e0 00007ff8e1543ef0
0x00007ff8e1543f50:   00007ff8e1543f68 00007ff8e1543fb8
0x00007ff8e1543f60:   00007ff8c90082bd 00000007763928d0
0x00007ff8e1543f70:   000000076abafa28 00007ff8e1543f78 

Instructions: (pc=0x00007ff8e0043118)
0x00007ff8e00430f8:   84 24 70 02 00 00 06 00 00 00 4c 89 e6 4c 89 65
0x00007ff8e0043108:   c0 4c 89 ff e8 1f 01 01 00 48 8b 05 18 d0 88 00
0x00007ff8e0043118:   4c 8b 2b 8b 10 48 8b 05 44 fc 88 00 80 38 00 0f
0x00007ff8e0043128:   84 2b 01 00 00 48 63 c2 41 8b 54 05 00 85 d2 0f 

Register to memory mapping:

RAX=0x00007ff8e0918550: <offset 0xfb7550> in /usr/lib/jvm/java-8-oracle/jre/lib/amd64/server/libjvm.so at 0x00007ff8df961000
RBX=0x0000000000000000 is an unknown value
RCX=0x000000076abafa28 is an oop
org.sqlite.NativeDB 
 - klass: 'org/sqlite/NativeDB'
RDX=0x00007ff8e09269e0: <offset 0xfc59e0> in /usr/lib/jvm/java-8-oracle/jre/lib/amd64/server/libjvm.so at 0x00007ff8df961000
RSP=0x00007ff8e1543d80 is pointing into the stack for thread: 0x00007ff8d8010000
RBP=0x00007ff8e1543e20 is pointing into the stack for thread: 0x00007ff8d8010000
RSI=0x00007ff8d8010000 is a thread
RDI=0x00007ff8e1543dc0 is pointing into the stack for thread: 0x00007ff8d8010000
R8 =0x00007ff8c9012c80 is at code_begin+0 in an Interpreter codelet
method entry point (kind = zerolocals)  [0x00007ff8c9012c80, 0x00007ff8c9013100]  1152 bytes
R9 =0x000000076abafa28 is an oop
org.sqlite.NativeDB 
 - klass: 'org/sqlite/NativeDB'
R10=0x0000000000000280 is an unknown value
R11=0x00007ff8e09269e8: <offset 0xfc59e8> in /usr/lib/jvm/java-8-oracle/jre/lib/amd64/server/libjvm.so at 0x00007ff8df961000
R12=0x00007ff8d8010000 is a thread
R13=0x0000000000000000 is an unknown value
R14=0x00007ff8e1543ef8 is pointing into the stack for thread: 0x00007ff8d8010000
R15=0x00007ff8e1543dc0 is pointing into the stack for thread: 0x00007ff8d8010000


Stack: [0x00007ff8e1449000,0x00007ff8e154a000],  sp=0x00007ff8e1543d80,  free space=1003k
Native frames: (J=compiled Java code, j=interpreted, Vv=VM code, C=native code)
V  [libjvm.so+0x6e2118]  jni_GetStringUTFChars+0xb8
C  [sqlite-3.7.2-libsqlitejdbc.so+0xd2b0]  Java_org_sqlite_NativeDB_prepare+0x2f

Java frames: (J=compiled Java code, j=interpreted, Vv=VM code)
j  org.sqlite.NativeDB.prepare(Ljava/lang/String;)J+0
j  org.sqlite.DB.prepare(Lorg/sqlite/Stmt;)V+21
j  org.sqlite.PrepStmt.<init>(Lorg/sqlite/Conn;Ljava/lang/String;)V+15
j  org.sqlite.Conn.prepareStatement(Ljava/lang/String;III)Ljava/sql/PreparedStatement;+14
j  org.sqlite.Conn.prepareStatement(Ljava/lang/String;II)Ljava/sql/PreparedStatement;+5
j  org.sqlite.Conn.prepareStatement(Ljava/lang/String;)Ljava/sql/PreparedStatement;+8
v  ~StubRoutines::call_stub
J 2289  sun.reflect.NativeMethodAccessorImpl.invoke0(Ljava/lang/reflect/Method;Ljava/lang/Object;[Ljava/lang/Object;)Ljava/lang/Object; (0 bytes) @ 0x00007ff8c97f2477 [0x00007ff8c97f2400+0x77]
J 2288 C1 sun.reflect.NativeMethodAccessorImpl.invoke(Ljava/lang/Object;[Ljava/lang/Object;)Ljava/lang/Object; (104 bytes) @ 0x00007ff8c97f31bc [0x00007ff8c97f2de0+0x3dc]
J 3429 C2 java.lang.reflect.Method.invoke(Ljava/lang/Object;[Ljava/lang/Object;)Ljava/lang/Object; (62 bytes) @ 0x00007ff8c9ac54d4 [0x00007ff8c9ac5420+0xb4]
j  org.apache.tomcat.jdbc.pool.ProxyConnection.invoke(Ljava/lang/Object;Ljava/lang/reflect/Method;[Ljava/lang/Object;)Ljava/lang/Object;+237
j  org.apache.tomcat.jdbc.pool.JdbcInterceptor.invoke(Ljava/lang/Object;Ljava/lang/reflect/Method;[Ljava/lang/Object;)Ljava/lang/Object;+14
j  org.apache.tomcat.jdbc.pool.DisposableConnectionFacade.invoke(Ljava/lang/Object;Ljava/lang/reflect/Method;[Ljava/lang/Object;)Ljava/lang/Object;+93
j  com.sun.proxy.$Proxy83.prepareStatement(Ljava/lang/String;)Ljava/sql/PreparedStatement;+16
j  org.hibernate.engine.jdbc.internal.StatementPreparerImpl$1.doPrepare()Ljava/sql/PreparedStatement;+37
j  org.hibernate.engine.jdbc.internal.StatementPreparerImpl$StatementPreparationTemplate.prepareStatement()Ljava/sql/PreparedStatement;+45
j  org.hibernate.engine.jdbc.internal.StatementPreparerImpl.prepareStatement(Ljava/lang/String;)Ljava/sql/PreparedStatement;+6
j  org.hibernate.id.SequenceGenerator.generateHolder(Lorg/hibernate/engine/spi/SessionImplementor;)Lorg/hibernate/id/IntegralDataTypeHolder;+15
j  org.hibernate.id.SequenceHiLoGenerator$1.getNextValue()Lorg/hibernate/id/IntegralDataTypeHolder;+8
j  org.hibernate.id.enhanced.LegacyHiLoAlgorithmOptimizer.generate(Lorg/hibernate/id/enhanced/AccessCallback;)Ljava/io/Serializable;+25
j  org.hibernate.id.SequenceHiLoGenerator.generate(Lorg/hibernate/engine/spi/SessionImplementor;Ljava/lang/Object;)Ljava/io/Serializable;+53
j  org.hibernate.event.internal.AbstractSaveEventListener.saveWithGeneratedId(Ljava/lang/Object;Ljava/lang/String;Ljava/lang/Object;Lorg/hibernate/event/spi/EventSource;Z)Ljava/io/Serializable;+21
j  org.hibernate.jpa.event.internal.core.JpaPersistEventListener.saveWithGeneratedId(Ljava/lang/Object;Ljava/lang/String;Ljava/lang/Object;Lorg/hibernate/event/spi/EventSource;Z)Ljava/io/Serializable;+18
j  org.hibernate.event.internal.DefaultPersistEventListener.entityIsTransient(Lorg/hibernate/event/spi/PersistEvent;Ljava/util/Map;)V+55
j  org.hibernate.event.internal.DefaultPersistEventListener.onPersist(Lorg/hibernate/event/spi/PersistEvent;Ljava/util/Map;)V+324
j  org.hibernate.event.internal.DefaultPersistEventListener.onPersist(Lorg/hibernate/event/spi/PersistEvent;)V+11
j  org.hibernate.internal.SessionImpl.firePersist(Lorg/hibernate/event/spi/PersistEvent;)V+46
j  org.hibernate.internal.SessionImpl.persist(Ljava/lang/String;Ljava/lang/Object;)V+11
j  org.hibernate.internal.SessionImpl.persist(Ljava/lang/Object;)V+3
j  org.hibernate.jpa.spi.AbstractEntityManagerImpl.persist(Ljava/lang/Object;)V+9
v  ~StubRoutines::call_stub
J 2289  sun.reflect.NativeMethodAccessorImpl.invoke0(Ljava/lang/reflect/Method;Ljava/lang/Object;[Ljava/lang/Object;)Ljava/lang/Object; (0 bytes) @ 0x00007ff8c97f2477 [0x00007ff8c97f2400+0x77]
J 2288 C1 sun.reflect.NativeMethodAccessorImpl.invoke(Ljava/lang/Object;[Ljava/lang/Object;)Ljava/lang/Object; (104 bytes) @ 0x00007ff8c97f31bc [0x00007ff8c97f2de0+0x3dc]
J 3429 C2 java.lang.reflect.Method.invoke(Ljava/lang/Object;[Ljava/lang/Object;)Ljava/lang/Object; (62 bytes) @ 0x00007ff8c9ac54d4 [0x00007ff8c9ac5420+0xb4]
j  org.springframework.orm.jpa.SharedEntityManagerCreator$SharedEntityManagerInvocationHandler.invoke(Ljava/lang/Object;Ljava/lang/reflect/Method;[Ljava/lang/Object;)Ljava/lang/Object;+495
j  com.sun.proxy.$Proxy92.persist(Ljava/lang/Object;)V+16
j  org.springframework.data.jpa.repository.support.SimpleJpaRepository.save(Ljava/lang/Object;)Ljava/lang/Object;+18
v  ~StubRoutines::call_stub
J 2289  sun.reflect.NativeMethodAccessorImpl.invoke0(Ljava/lang/reflect/Method;Ljava/lang/Object;[Ljava/lang/Object;)Ljava/lang/Object; (0 bytes) @ 0x00007ff8c97f2477 [0x00007ff8c97f2400+0x77]
J 2288 C1 sun.reflect.NativeMethodAccessorImpl.invoke(Ljava/lang/Object;[Ljava/lang/Object;)Ljava/lang/Object; (104 bytes) @ 0x00007ff8c97f31bc [0x00007ff8c97f2de0+0x3dc]
J 3429 C2 java.lang.reflect.Method.invoke(Ljava/lang/Object;[Ljava/lang/Object;)Ljava/lang/Object; (62 bytes) @ 0x00007ff8c9ac54d4 [0x00007ff8c9ac5420+0xb4]
j  org.springframework.data.repository.core.support.RepositoryFactorySupport$QueryExecutorMethodInterceptor.executeMethodOn(Ljava/lang/Object;Ljava/lang/reflect/Method;[Ljava/lang/Object;)Ljava/lang/Object;+3
j  org.springframework.data.repository.core.support.RepositoryFactorySupport$QueryExecutorMethodInterceptor.doInvoke(Lorg/aopalliance/intercept/MethodInvocation;)Ljava/lang/Object;+94
j  org.springframework.data.repository.core.support.RepositoryFactorySupport$QueryExecutorMethodInterceptor.invoke(Lorg/aopalliance/intercept/MethodInvocation;)Ljava/lang/Object;+2
j  org.springframework.aop.framework.ReflectiveMethodInvocation.proceed()Ljava/lang/Object;+101
j  org.springframework.data.projection.DefaultMethodInvokingMethodInterceptor.invoke(Lorg/aopalliance/intercept/MethodInvocation;)Ljava/lang/Object;+15
j  org.springframework.aop.framework.ReflectiveMethodInvocation.proceed()Ljava/lang/Object;+101
j  org.springframework.transaction.interceptor.TransactionInterceptor$1.proceedWithInvocation()Ljava/lang/Object;+4
j  org.springframework.transaction.interceptor.TransactionAspectSupport.invokeWithinTransaction(Ljava/lang/reflect/Method;Ljava/lang/Class;Lorg/springframework/transaction/interceptor/TransactionAspectSupport$InvocationCallback;)Ljava/lang/Object;+60
j  org.springframework.transaction.interceptor.TransactionInterceptor.invoke(Lorg/aopalliance/intercept/MethodInvocation;)Ljava/lang/Object;+40
j  org.springframework.aop.framework.ReflectiveMethodInvocation.proceed()Ljava/lang/Object;+101
j  org.springframework.dao.support.PersistenceExceptionTranslationInterceptor.invoke(Lorg/aopalliance/intercept/MethodInvocation;)Ljava/lang/Object;+1
j  org.springframework.aop.framework.ReflectiveMethodInvocation.proceed()Ljava/lang/Object;+101
j  org.springframework.data.jpa.repository.support.CrudMethodMetadataPostProcessor$CrudMethodMetadataPopulatingMethodInterceptor.invoke(Lorg/aopalliance/intercept/MethodInvocation;)Ljava/lang/Object;+89
j  org.springframework.aop.framework.ReflectiveMethodInvocation.proceed()Ljava/lang/Object;+101
j  org.springframework.aop.interceptor.ExposeInvocationInterceptor.invoke(Lorg/aopalliance/intercept/MethodInvocation;)Ljava/lang/Object;+18
j  org.springframework.aop.framework.ReflectiveMethodInvocation.proceed()Ljava/lang/Object;+101
j  org.springframework.aop.framework.JdkDynamicAopProxy.invoke(Ljava/lang/Object;Ljava/lang/reflect/Method;[Ljava/lang/Object;)Ljava/lang/Object;+385
j  com.sun.proxy.$Proxy94.save(Ljava/lang/Object;)Ljava/lang/Object;+16
j  com.example.api.service.BookService.save(Lcom/example/entity/Book;)Lcom/example/entity/Book;+5
j  com.example.crudtest.CRUDTest.insertOperation()V+19
v  ~StubRoutines::call_stub
J 2289  sun.reflect.NativeMethodAccessorImpl.invoke0(Ljava/lang/reflect/Method;Ljava/lang/Object;[Ljava/lang/Object;)Ljava/lang/Object; (0 bytes) @ 0x00007ff8c97f2477 [0x00007ff8c97f2400+0x77]
J 2288 C1 sun.reflect.NativeMethodAccessorImpl.invoke(Ljava/lang/Object;[Ljava/lang/Object;)Ljava/lang/Object; (104 bytes) @ 0x00007ff8c97f31bc [0x00007ff8c97f2de0+0x3dc]
J 3429 C2 java.lang.reflect.Method.invoke(Ljava/lang/Object;[Ljava/lang/Object;)Ljava/lang/Object; (62 bytes) @ 0x00007ff8c9ac54d4 [0x00007ff8c9ac5420+0xb4]
j  org.testng.internal.MethodInvocationHelper.invokeMethod(Ljava/lang/reflect/Method;Ljava/lang/Object;[Ljava/lang/Object;)Ljava/lang/Object;+242
j  org.testng.internal.MethodInvocationHelper$1.runTestMethod(Lorg/testng/ITestResult;)V+12
j  org.springframework.test.context.testng.AbstractTestNGSpringContextTests.run(Lorg/testng/IHookCallBack;Lorg/testng/ITestResult;)V+2
v  ~StubRoutines::call_stub
J 2289  sun.reflect.NativeMethodAccessorImpl.invoke0(Ljava/lang/reflect/Method;Ljava/lang/Object;[Ljava/lang/Object;)Ljava/lang/Object; (0 bytes) @ 0x00007ff8c97f2477 [0x00007ff8c97f2400+0x77]
J 2288 C1 sun.reflect.NativeMethodAccessorImpl.invoke(Ljava/lang/Object;[Ljava/lang/Object;)Ljava/lang/Object; (104 bytes) @ 0x00007ff8c97f31bc [0x00007ff8c97f2de0+0x3dc]
J 3429 C2 java.lang.reflect.Method.invoke(Ljava/lang/Object;[Ljava/lang/Object;)Ljava/lang/Object; (62 bytes) @ 0x00007ff8c9ac54d4 [0x00007ff8c9ac5420+0xb4]
j  org.testng.internal.MethodInvocationHelper.invokeHookable(Ljava/lang/Object;[Ljava/lang/Object;Ljava/lang/Object;Ljava/lang/reflect/Method;Lorg/testng/internal/TestResult;)V+64
j  org.testng.internal.Invoker.invokeMethod([Ljava/lang/Object;ILorg/testng/ITestNGMethod;[Ljava/lang/Object;ILorg/testng/xml/XmlSuite;Ljava/util/Map;Lorg/testng/ITestClass;[Lorg/testng/ITestNGMethod;[Lorg/testng/ITestNGMethod;Lorg/testng/internal/ConfigurationGroupMethods;)Lorg/testng/ITestResult;+280
j  org.testng.internal.Invoker.invokeTestMethod([Ljava/lang/Object;Lorg/testng/ITestNGMethod;[Ljava/lang/Object;ILorg/testng/xml/XmlSuite;Ljava/util/Map;Lorg/testng/ITestClass;[Lorg/testng/ITestNGMethod;[Lorg/testng/ITestNGMethod;Lorg/testng/internal/ConfigurationGroupMethods;)Ljava/util/List;+46
j  org.testng.internal.Invoker.invokeTestMethods(Lorg/testng/ITestNGMethod;[Lorg/testng/ITestNGMethod;ILorg/testng/xml/XmlSuite;Ljava/util/Map;Lorg/testng/internal/ConfigurationGroupMethods;[Ljava/lang/Object;Lorg/testng/ITestContext;)Ljava/util/List;+705
j  org.testng.internal.TestMethodWorker.invokeTestMethods(Lorg/testng/ITestNGMethod;[Ljava/lang/Object;Lorg/testng/ITestContext;)V+32
j  org.testng.internal.TestMethodWorker.run()V+60
j  org.testng.TestRunner.privateRun(Lorg/testng/xml/XmlTest;)V+349
j  org.testng.TestRunner.run()V+26
j  org.testng.SuiteRunner.runTest(Lorg/testng/TestRunner;)V+1
j  org.testng.SuiteRunner.runSequentially()V+31
j  org.testng.SuiteRunner.privateRun()V+281
j  org.testng.SuiteRunner.run()V+6
j  org.testng.SuiteRunnerWorker.runSuite(Lorg/testng/internal/SuiteRunnerMap;Lorg/testng/xml/XmlSuite;)V+96
j  org.testng.SuiteRunnerWorker.run()V+12
j  org.testng.TestNG.runSuitesSequentially(Lorg/testng/xml/XmlSuite;Lorg/testng/internal/SuiteRunnerMap;ILjava/lang/String;)V+66
j  org.testng.TestNG.runSuitesLocally()Ljava/util/List;+117
j  org.testng.TestNG.run()V+77
j  org.testng.remote.AbstractRemoteTestNG.run()V+163
j  org.testng.remote.RemoteTestNG.initAndRun(Lorg/testng/remote/IRemoteTestNG;[Ljava/lang/String;Lorg/testng/CommandLineArgs;Lorg/testng/remote/RemoteArgs;)V+184
j  org.testng.remote.RemoteTestNG.main([Ljava/lang/String;)V+218
v  ~StubRoutines::call_stub

---------------  P R O C E S S  ---------------

Java Threads: ( => current thread )
  0x00007ff8d936d800 JavaThread "http-nio-auto-1-44978-AsyncTimeout" daemon [_thread_blocked, id=3483, stack(0x00007ff86b6fb000,0x00007ff86b7fc000)]
  0x00007ff8d936b800 JavaThread "http-nio-auto-1-Acceptor-0" daemon [_thread_in_native, id=3482, stack(0x00007ff86b7fc000,0x00007ff86b8fd000)]
  0x00007ff8d9369000 JavaThread "http-nio-auto-1-ClientPoller-1" daemon [_thread_in_native, id=3481, stack(0x00007ff86b8fd000,0x00007ff86b9fe000)]
  0x00007ff8d935b000 JavaThread "http-nio-auto-1-ClientPoller-0" daemon [_thread_in_native, id=3480, stack(0x00007ff86b9fe000,0x00007ff86baff000)]
  0x00007ff8d934a800 JavaThread "NioBlockingSelector.BlockPoller-1" daemon [_thread_in_native, id=3479, stack(0x00007ff86baff000,0x00007ff86bc00000)]
  0x00007ff8d8fc8000 JavaThread "process reaper" daemon [_thread_blocked, id=3478, stack(0x00007ff8b86ac000,0x00007ff8b86e5000)]
  0x00007ff8d8fc0000 JavaThread "Tomcat JDBC Pool Cleaner[865113938:1485174299451]" daemon [_thread_blocked, id=3476, stack(0x00007ff8b86e5000,0x00007ff8b87e6000)]
  0x00007ff8d8b05800 JavaThread "container-0" [_thread_blocked, id=3475, stack(0x00007ff8b8be6000,0x00007ff8b8ce7000)]
  0x00007ff8d8b02000 JavaThread "ContainerBackgroundProcessor[StandardEngine[Tomcat]]" daemon [_thread_blocked, id=3474, stack(0x00007ff8b8ce7000,0x00007ff8b8de8000)]
  0x00007ff87c257800 JavaThread "localhost-startStop-1" daemon [_thread_blocked, id=3473, stack(0x00007ff8b8fe8000,0x00007ff8b90e9000)]
  0x00007ff8d8afe800 JavaThread "Tomcat-startStop-1" daemon [_thread_blocked, id=3472, stack(0x00007ff8b9fa7000,0x00007ff8ba0a8000)]
  0x00007ff8d84c7000 JavaThread "ReaderThread" [_thread_in_native, id=3469, stack(0x00007ff8ba8b5000,0x00007ff8ba9b6000)]
  0x00007ff8d80e1000 JavaThread "Service Thread" daemon [_thread_blocked, id=3467, stack(0x00007ff8baf13000,0x00007ff8bb014000)]
  0x00007ff8d80c4000 JavaThread "C1 CompilerThread2" daemon [_thread_blocked, id=3466, stack(0x00007ff8bb014000,0x00007ff8bb115000)]
  0x00007ff8d80c2000 JavaThread "C2 CompilerThread1" daemon [_thread_in_native, id=3465, stack(0x00007ff8bb115000,0x00007ff8bb216000)]
  0x00007ff8d80bf000 JavaThread "C2 CompilerThread0" daemon [_thread_in_native, id=3464, stack(0x00007ff8bb216000,0x00007ff8bb317000)]
  0x00007ff8d80be000 JavaThread "Signal Dispatcher" daemon [_thread_blocked, id=3463, stack(0x00007ff8bb317000,0x00007ff8bb418000)]
  0x00007ff8d808a000 JavaThread "Finalizer" daemon [_thread_blocked, id=3462, stack(0x00007ff8bbafb000,0x00007ff8bbbfc000)]
  0x00007ff8d8085800 JavaThread "Reference Handler" daemon [_thread_blocked, id=3461, stack(0x00007ff8bbbfc000,0x00007ff8bbcfd000)]
=>0x00007ff8d8010000 JavaThread "main" [_thread_in_vm, id=3455, stack(0x00007ff8e1449000,0x00007ff8e154a000)]

Other Threads:
  0x00007ff8d807e000 VMThread [stack: 0x00007ff8bbcfd000,0x00007ff8bbdfe000] [id=3460]
  0x00007ff8d80e4800 WatcherThread [stack: 0x00007ff8bae12000,0x00007ff8baf13000] [id=3468]

VM state:not at safepoint (normal execution)

VM Mutex/Monitor currently owned by a thread: None

Heap:
 PSYoungGen      total 305664K, used 193729K [0x000000076ab00000, 0x0000000788f00000, 0x00000007c0000000)
  eden space 262144K, 73% used [0x000000076ab00000,0x00000007768305d8,0x000000077ab00000)
  from space 43520K, 0% used [0x000000077ab00000,0x000000077ab00000,0x000000077d580000)
  to   space 43520K, 0% used [0x0000000786480000,0x0000000786480000,0x0000000788f00000)
 ParOldGen       total 699392K, used 22820K [0x00000006c0000000, 0x00000006eab00000, 0x000000076ab00000)
  object space 699392K, 3% used [0x00000006c0000000,0x00000006c1649068,0x00000006eab00000)
 Metaspace       used 45167K, capacity 45544K, committed 45824K, reserved 1089536K
  class space    used 5915K, capacity 6041K, committed 6144K, reserved 1048576K

Card table byte_map: [0x00007ff8dda02000,0x00007ff8de203000] byte_map_base: 0x00007ff8da402000

Marking Bits: (ParMarkBitMap*) 0x00007ff8e0925c80
 Begin Bits: [0x00007ff8c1000000, 0x00007ff8c5000000)
 End Bits:   [0x00007ff8c5000000, 0x00007ff8c9000000)

Polling page: 0x00007ff8e156f000

CodeCache: size=245760Kb used=13383Kb max_used=13390Kb free=232377Kb
 bounds [0x00007ff8c9000000, 0x00007ff8c9d30000, 0x00007ff8d8000000]
 total_blobs=4021 nmethods=3548 adapters=385
 compilation: enabled

Compilation events (10 events):
Event: 14.393 Thread 0x00007ff8d80bf000 nmethod 4016 0x00007ff8c9d0a7d0 code [0x00007ff8c9d0a920, 0x00007ff8c9d0a9f8]
Event: 14.393 Thread 0x00007ff8d80bf000 4008   !   4       org.springframework.core.annotation.AnnotatedElementUtils::searchWithFindSemantics (720 bytes)
Event: 14.408 Thread 0x00007ff8d80c4000 4052       2       sun.reflect.NativeMethodAccessorImpl::<init> (10 bytes)
Event: 14.408 Thread 0x00007ff8d80c4000 nmethod 4052 0x00007ff8c9d0a490 code [0x00007ff8c9d0a5e0, 0x00007ff8c9d0a750]
Event: 14.408 Thread 0x00007ff8d80c4000 4053       2       sun.reflect.DelegatingMethodAccessorImpl::<init> (10 bytes)
Event: 14.408 Thread 0x00007ff8d80c4000 nmethod 4053 0x00007ff8c9d0a150 code [0x00007ff8c9d0a2a0, 0x00007ff8c9d0a410]
Event: 14.409 Thread 0x00007ff8d80c4000 4054       2       sun.reflect.NativeMethodAccessorImpl::setParent (6 bytes)
Event: 14.409 Thread 0x00007ff8d80c4000 nmethod 4054 0x00007ff8c9d0c0d0 code [0x00007ff8c9d0c220, 0x00007ff8c9d0c390]
Event: 14.410 Thread 0x00007ff8d80c4000 4055       2       org.hibernate.service.internal.ConcurrentServiceBinding::hashKey (5 bytes)
Event: 14.410 Thread 0x00007ff8d80c4000 nmethod 4055 0x00007ff8c9d0bd50 code [0x00007ff8c9d0bec0, 0x00007ff8c9d0c028]

GC Heap History (10 events):
Event: 7.530 GC heap before
{Heap before GC invocations=1 (full 0):
 PSYoungGen      total 305664K, used 183654K [0x000000076ab00000, 0x0000000780000000, 0x00000007c0000000)
  eden space 262144K, 70% used [0x000000076ab00000,0x0000000775e59b78,0x000000077ab00000)
  from space 43520K, 0% used [0x000000077d580000,0x000000077d580000,0x0000000780000000)
  to   space 43520K, 0% used [0x000000077ab00000,0x000000077ab00000,0x000000077d580000)
 ParOldGen       total 699392K, used 0K [0x00000006c0000000, 0x00000006eab00000, 0x000000076ab00000)
  object space 699392K, 0% used [0x00000006c0000000,0x00000006c0000000,0x00000006eab00000)
 Metaspace       used 21032K, capacity 21168K, committed 21296K, reserved 1069056K
  class space    used 2578K, capacity 2608K, committed 2688K, reserved 1048576K
Event: 7.552 GC heap after
Heap after GC invocations=1 (full 0):
 PSYoungGen      total 305664K, used 20898K [0x000000076ab00000, 0x0000000780000000, 0x00000007c0000000)
  eden space 262144K, 0% used [0x000000076ab00000,0x000000076ab00000,0x000000077ab00000)
  from space 43520K, 48% used [0x000000077ab00000,0x000000077bf68b50,0x000000077d580000)
  to   space 43520K, 0% used [0x000000077d580000,0x000000077d580000,0x0000000780000000)
 ParOldGen       total 699392K, used 80K [0x00000006c0000000, 0x00000006eab00000, 0x000000076ab00000)
  object space 699392K, 0% used [0x00000006c0000000,0x00000006c0014010,0x00000006eab00000)
 Metaspace       used 21032K, capacity 21168K, committed 21296K, reserved 1069056K
  class space    used 2578K, capacity 2608K, committed 2688K, reserved 1048576K
}
Event: 7.552 GC heap before
{Heap before GC invocations=2 (full 1):
 PSYoungGen      total 305664K, used 20898K [0x000000076ab00000, 0x0000000780000000, 0x00000007c0000000)
  eden space 262144K, 0% used [0x000000076ab00000,0x000000076ab00000,0x000000077ab00000)
  from space 43520K, 48% used [0x000000077ab00000,0x000000077bf68b50,0x000000077d580000)
  to   space 43520K, 0% used [0x000000077d580000,0x000000077d580000,0x0000000780000000)
 ParOldGen       total 699392K, used 80K [0x00000006c0000000, 0x00000006eab00000, 0x000000076ab00000)
  object space 699392K, 0% used [0x00000006c0000000,0x00000006c0014010,0x00000006eab00000)
 Metaspace       used 21032K, capacity 21168K, committed 21296K, reserved 1069056K
  class space    used 2578K, capacity 2608K, committed 2688K, reserved 1048576K
Event: 7.600 GC heap after
Heap after GC invocations=2 (full 1):
 PSYoungGen      total 305664K, used 0K [0x000000076ab00000, 0x0000000780000000, 0x00000007c0000000)
  eden space 262144K, 0% used [0x000000076ab00000,0x000000076ab00000,0x000000077ab00000)
  from space 43520K, 0% used [0x000000077ab00000,0x000000077ab00000,0x000000077d580000)
  to   space 43520K, 0% used [0x000000077d580000,0x000000077d580000,0x0000000780000000)
 ParOldGen       total 699392K, used 20197K [0x00000006c0000000, 0x00000006eab00000, 0x000000076ab00000)
  object space 699392K, 2% used [0x00000006c0000000,0x00000006c13b96d0,0x00000006eab00000)
 Metaspace       used 21032K, capacity 21168K, committed 21296K, reserved 1069056K
  class space    used 2578K, capacity 2608K, committed 2688K, reserved 1048576K
}
Event: 10.593 GC heap before
{Heap before GC invocations=3 (full 1):
 PSYoungGen      total 305664K, used 262144K [0x000000076ab00000, 0x0000000780000000, 0x00000007c0000000)
  eden space 262144K, 100% used [0x000000076ab00000,0x000000077ab00000,0x000000077ab00000)
  from space 43520K, 0% used [0x000000077ab00000,0x000000077ab00000,0x000000077d580000)
  to   space 43520K, 0% used [0x000000077d580000,0x000000077d580000,0x0000000780000000)
 ParOldGen       total 699392K, used 20197K [0x00000006c0000000, 0x00000006eab00000, 0x000000076ab00000)
  object space 699392K, 2% used [0x00000006c0000000,0x00000006c13b96d0,0x00000006eab00000)
 Metaspace       used 30367K, capacity 30662K, committed 30848K, reserved 1077248K
  class space    used 3765K, capacity 3860K, committed 3968K, reserved 1048576K
Event: 10.627 GC heap after
Heap after GC invocations=3 (full 1):
 PSYoungGen      total 305664K, used 17314K [0x000000076ab00000, 0x0000000788580000, 0x00000007c0000000)
  eden space 262144K, 0% used [0x000000076ab00000,0x000000076ab00000,0x000000077ab00000)
  from space 43520K, 39% used [0x000000077d580000,0x000000077e668b40,0x0000000780000000)
  to   space 43520K, 0% used [0x000000077ab00000,0x000000077ab00000,0x000000077d580000)
 ParOldGen       total 699392K, used 20205K [0x00000006c0000000, 0x00000006eab00000, 0x000000076ab00000)
  object space 699392K, 2% used [0x00000006c0000000,0x00000006c13bb6d0,0x00000006eab00000)
 Metaspace       used 30367K, capacity 30662K, committed 30848K, reserved 1077248K
  class space    used 3765K, capacity 3860K, committed 3968K, reserved 1048576K
}
Event: 12.054 GC heap before
{Heap before GC invocations=4 (full 1):
 PSYoungGen      total 305664K, used 122411K [0x000000076ab00000, 0x0000000788580000, 0x00000007c0000000)
  eden space 262144K, 40% used [0x000000076ab00000,0x00000007711a23a0,0x000000077ab00000)
  from space 43520K, 39% used [0x000000077d580000,0x000000077e668b40,0x0000000780000000)
  to   space 43520K, 0% used [0x000000077ab00000,0x000000077ab00000,0x000000077d580000)
 ParOldGen       total 699392K, used 20205K [0x00000006c0000000, 0x00000006eab00000, 0x000000076ab00000)
  object space 699392K, 2% used [0x00000006c0000000,0x00000006c13bb6d0,0x00000006eab00000)
 Metaspace       used 35089K, capacity 35366K, committed 35496K, reserved 1081344K
  class space    used 4503K, capacity 4580K, committed 4608K, reserved 1048576K
Event: 12.069 GC heap after
Heap after GC invocations=4 (full 1):
 PSYoungGen      total 305664K, used 13589K [0x000000076ab00000, 0x0000000788f00000, 0x00000007c0000000)
  eden space 262144K, 0% used [0x000000076ab00000,0x000000076ab00000,0x000000077ab00000)
  from space 43520K, 31% used [0x000000077ab00000,0x000000077b845518,0x000000077d580000)
  to   space 43520K, 0% used [0x0000000786480000,0x0000000786480000,0x0000000788f00000)
 ParOldGen       total 699392K, used 20213K [0x00000006c0000000, 0x00000006eab00000, 0x000000076ab00000)
  object space 699392K, 2% used [0x00000006c0000000,0x00000006c13bd6d0,0x00000006eab00000)
 Metaspace       used 35089K, capacity 35366K, committed 35496K, reserved 1081344K
  class space    used 4503K, capacity 4580K, committed 4608K, reserved 1048576K
}
Event: 12.069 GC heap before
{Heap before GC invocations=5 (full 2):
 PSYoungGen      total 305664K, used 13589K [0x000000076ab00000, 0x0000000788f00000, 0x00000007c0000000)
  eden space 262144K, 0% used [0x000000076ab00000,0x000000076ab00000,0x000000077ab00000)
  from space 43520K, 31% used [0x000000077ab00000,0x000000077b845518,0x000000077d580000)
  to   space 43520K, 0% used [0x0000000786480000,0x0000000786480000,0x0000000788f00000)
 ParOldGen       total 699392K, used 20213K [0x00000006c0000000, 0x00000006eab00000, 0x000000076ab00000)
  object space 699392K, 2% used [0x00000006c0000000,0x00000006c13bd6d0,0x00000006eab00000)
 Metaspace       used 35089K, capacity 35366K, committed 35496K, reserved 1081344K
  class space    used 4503K, capacity 4580K, committed 4608K, reserved 1048576K
Event: 12.135 GC heap after
Heap after GC invocations=5 (full 2):
 PSYoungGen      total 305664K, used 0K [0x000000076ab00000, 0x0000000788f00000, 0x00000007c0000000)
  eden space 262144K, 0% used [0x000000076ab00000,0x000000076ab00000,0x000000077ab00000)
  from space 43520K, 0% used [0x000000077ab00000,0x000000077ab00000,0x000000077d580000)
  to   space 43520K, 0% used [0x0000000786480000,0x0000000786480000,0x0000000788f00000)
 ParOldGen       total 699392K, used 22820K [0x00000006c0000000, 0x00000006eab00000, 0x000000076ab00000)
  object space 699392K, 3% used [0x00000006c0000000,0x00000006c1649068,0x00000006eab00000)
 Metaspace       used 35089K, capacity 35366K, committed 35496K, reserved 1081344K
  class space    used 4503K, capacity 4580K, committed 4608K, reserved 1048576K
}

Deoptimization events (10 events):
Event: 12.693 Thread 0x00007ff8d8010000 Uncommon trap: reason=unstable_if action=reinterpret pc=0x00007ff8c93ed064 method=java.util.HashMap.getNode(ILjava/lang/Object;)Ljava/util/HashMap$Node; @ 84
Event: 12.693 Thread 0x00007ff8d8010000 Uncommon trap: reason=unstable_if action=reinterpret pc=0x00007ff8c939b18c method=java.util.HashMap.getNode(ILjava/lang/Object;)Ljava/util/HashMap$Node; @ 84
Event: 12.984 Thread 0x00007ff8d8010000 Uncommon trap: reason=unstable_if action=reinterpret pc=0x00007ff8c99f1d88 method=java.util.concurrent.ConcurrentHashMap.putVal(Ljava/lang/Object;Ljava/lang/Object;Z)Ljava/lang/Object; @ 331
Event: 12.984 Thread 0x00007ff8d8010000 Uncommon trap: reason=unstable_if action=reinterpret pc=0x00007ff8c9b2234c method=java.util.concurrent.ConcurrentHashMap.get(Ljava/lang/Object;)Ljava/lang/Object; @ 86
Event: 12.999 Thread 0x00007ff8d8010000 Uncommon trap: reason=unstable_if action=reinterpret pc=0x00007ff8c980afd0 method=java.util.WeakHashMap.put(Ljava/lang/Object;Ljava/lang/Object;)Ljava/lang/Object; @ 47
Event: 13.137 Thread 0x00007ff8d8010000 Uncommon trap: reason=null_check action=make_not_entrant pc=0x00007ff8c9bad238 method=org.springframework.util.ClassUtils.isAssignable(Ljava/lang/Class;Ljava/lang/Class;)Z @ 14
Event: 13.309 Thread 0x00007ff8d8010000 Uncommon trap: reason=class_check action=maybe_recompile pc=0x00007ff8c921b144 method=java.util.regex.Pattern$Curly.match(Ljava/util/regex/Matcher;ILjava/lang/CharSequence;)Z @ 19
Event: 13.334 Thread 0x00007ff8d8010000 Uncommon trap: reason=unstable_if action=reinterpret pc=0x00007ff8c9814050 method=java.util.concurrent.ConcurrentHashMap.transfer([Ljava/util/concurrent/ConcurrentHashMap$Node;[Ljava/util/concurrent/ConcurrentHashMap$Node;)V @ 356
Event: 13.334 Thread 0x00007ff8d8010000 Uncommon trap: reason=unstable_if action=reinterpret pc=0x00007ff8c9678920 method=java.util.concurrent.ConcurrentHashMap.transfer([Ljava/util/concurrent/ConcurrentHashMap$Node;[Ljava/util/concurrent/ConcurrentHashMap$Node;)V @ 356
Event: 14.079 Thread 0x00007ff8d8010000 Uncommon trap: reason=unstable_if action=reinterpret pc=0x00007ff8c9bace74 method=org.springframework.util.ConcurrentReferenceHashMap$Segment.clear()V @ 4

Internal exceptions (10 events):
Event: 14.012 Thread 0x00007ff8d8010000 Exception <a 'java/lang/ClassNotFoundException': org/springframework/boot/autoconfigure/web/WebClientAutoConfigurationCustomizer> (0x0000000774f2c8e8) thrown at [/HUDSON3/workspace/8-2-build-linux-amd64/jdk8u121/8372/hotspot/src/share/vm/classfile/systemD
Event: 14.013 Thread 0x00007ff8d8010000 Exception <a 'java/lang/ClassNotFoundException': org/springframework/boot/autoconfigure/web/WebClientAutoConfiguration$$EnhancerBySpringCGLIB$$52d5929eCustomizer> (0x0000000774f501e0) thrown at [/HUDSON3/workspace/8-2-build-linux-amd64/jdk8u121/8372/hotsp
Event: 14.013 Thread 0x00007ff8d8010000 Exception <a 'java/lang/ClassNotFoundException': org/springframework/context/annotation/ConfigurationClassEnhancer$EnhancedConfigurationCustomizer> (0x0000000774f74518) thrown at [/HUDSON3/workspace/8-2-build-linux-amd64/jdk8u121/8372/hotspot/src/share/vm
Event: 14.379 Thread 0x00007ff8d8010000 Exception <a 'java/lang/ClassNotFoundException': java/lang/ObjectCustomizer> (0x0000000775ea98f0) thrown at [/HUDSON3/workspace/8-2-build-linux-amd64/jdk8u121/8372/hotspot/src/share/vm/classfile/systemDictionary.cpp, line 210]
Event: 14.379 Thread 0x00007ff8d8010000 Exception <a 'java/lang/ClassNotFoundException': org/springframework/test/context/testng/AbstractTestNGSpringContextTestsCustomizer> (0x0000000776156cb0) thrown at [/HUDSON3/workspace/8-2-build-linux-amd64/jdk8u121/8372/hotspot/src/share/vm/classfile/syst
Event: 14.380 Thread 0x00007ff8d8010000 Exception <a 'java/lang/ClassNotFoundException': com/example/crudtest/CRUDTestCustomizer> (0x0000000776169878) thrown at [/HUDSON3/workspace/8-2-build-linux-amd64/jdk8u121/8372/hotspot/src/share/vm/classfile/systemDictionary.cpp, line 210]
Event: 14.380 Thread 0x00007ff8d8010000 Exception <a 'java/lang/ClassNotFoundException': org/testng/IHookableCustomizer> (0x000000077617a2a0) thrown at [/HUDSON3/workspace/8-2-build-linux-amd64/jdk8u121/8372/hotspot/src/share/vm/classfile/systemDictionary.cpp, line 210]
Event: 14.381 Thread 0x00007ff8d8010000 Exception <a 'java/lang/ClassNotFoundException': org/springframework/context/ApplicationContextAwareCustomizer> (0x0000000776190440) thrown at [/HUDSON3/workspace/8-2-build-linux-amd64/jdk8u121/8372/hotspot/src/share/vm/classfile/systemDictionary.cpp, lin
Event: 14.413 Thread 0x00007ff8d8010000 Exception <a 'java/lang/ClassNotFoundException': java/lang/ObjectCustomizer> (0x0000000776319a18) thrown at [/HUDSON3/workspace/8-2-build-linux-amd64/jdk8u121/8372/hotspot/src/share/vm/classfile/systemDictionary.cpp, line 210]
Event: 14.414 Thread 0x00007ff8d8010000 Exception <a 'java/lang/ClassNotFoundException': com/example/entity/BookCustomizer> (0x000000077632c3a8) thrown at [/HUDSON3/workspace/8-2-build-linux-amd64/jdk8u121/8372/hotspot/src/share/vm/classfile/systemDictionary.cpp, line 210]

Events (10 events):
Event: 14.421 loading class org/hibernate/engine/jdbc/internal/FormatStyle
Event: 14.421 loading class org/hibernate/engine/jdbc/internal/FormatStyle done
Event: 14.421 loading class org/hibernate/engine/jdbc/internal/Formatter
Event: 14.421 loading class org/hibernate/engine/jdbc/internal/Formatter done
Event: 14.421 loading class org/hibernate/engine/jdbc/internal/BasicFormatterImpl
Event: 14.421 loading class org/hibernate/engine/jdbc/internal/BasicFormatterImpl done
Event: 14.422 loading class org/hibernate/engine/jdbc/internal/DDLFormatterImpl
Event: 14.422 loading class org/hibernate/engine/jdbc/internal/DDLFormatterImpl done
Event: 14.422 loading class org/hibernate/engine/jdbc/internal/FormatStyle$NoFormatImpl
Event: 14.422 loading class org/hibernate/engine/jdbc/internal/FormatStyle$NoFormatImpl done


Dynamic libraries:
00400000-00401000 r-xp 00000000 08:03 3554757                            /usr/lib/jvm/java-8-oracle/bin/java
00600000-00601000 rw-p 00000000 08:03 3554757                            /usr/lib/jvm/java-8-oracle/bin/java
00a54000-00a75000 rw-p 00000000 00:00 0                                  [heap]
6c0000000-6eab00000 rw-p 00000000 00:00 0 
6eab00000-76ab00000 ---p 00000000 00:00 0 
76ab00000-788f00000 rw-p 00000000 00:00 0 
788f00000-7c0000000 ---p 00000000 00:00 0 
7c0000000-7c0600000 rw-p 00000000 00:00 0 
7c0600000-800000000 ---p 00000000 00:00 0 
7ff854000000-7ff854021000 rw-p 00000000 00:00 0 
7ff854021000-7ff858000000 ---p 00000000 00:00 0 
7ff858000000-7ff858021000 rw-p 00000000 00:00 0 
7ff858021000-7ff85c000000 ---p 00000000 00:00 0 
7ff85c000000-7ff85c021000 rw-p 00000000 00:00 0 
7ff85c021000-7ff860000000 ---p 00000000 00:00 0 
7ff860000000-7ff860021000 rw-p 00000000 00:00 0 
7ff860021000-7ff864000000 ---p 00000000 00:00 0 
7ff864000000-7ff864021000 rw-p 00000000 00:00 0 
7ff864021000-7ff868000000 ---p 00000000 00:00 0 
7ff86b6fb000-7ff86b6fe000 ---p 00000000 00:00 0 
7ff86b6fe000-7ff86b7fc000 rw-p 00000000 00:00 0                          [stack:3483]
7ff86b7fc000-7ff86b7ff000 ---p 00000000 00:00 0 
7ff86b7ff000-7ff86b8fd000 rw-p 00000000 00:00 0                          [stack:3482]
7ff86b8fd000-7ff86b900000 ---p 00000000 00:00 0 
7ff86b900000-7ff86b9fe000 rw-p 00000000 00:00 0                          [stack:3481]
7ff86b9fe000-7ff86ba01000 ---p 00000000 00:00 0 
7ff86ba01000-7ff86baff000 rw-p 00000000 00:00 0                          [stack:3480]
7ff86baff000-7ff86bb02000 ---p 00000000 00:00 0 
7ff86bb02000-7ff86bcc0000 rw-p 00000000 00:00 0                          [stack:3479]
7ff86bcc0000-7ff86be00000 ---p 00000000 00:00 0 
7ff86be00000-7ff86c000000 rw-p 00000000 00:00 0 
7ff86c000000-7ff86c021000 rw-p 00000000 00:00 0 
7ff86c021000-7ff870000000 ---p 00000000 00:00 0 
7ff870000000-7ff870021000 rw-p 00000000 00:00 0 
7ff870021000-7ff874000000 ---p 00000000 00:00 0 
7ff874000000-7ff874021000 rw-p 00000000 00:00 0 
7ff874021000-7ff878000000 ---p 00000000 00:00 0 
7ff878000000-7ff878021000 rw-p 00000000 00:00 0 
7ff878021000-7ff87c000000 ---p 00000000 00:00 0 
7ff87c000000-7ff87c260000 rw-p 00000000 00:00 0 
7ff87c260000-7ff880000000 ---p 00000000 00:00 0 
7ff880000000-7ff880375000 rw-p 00000000 00:00 0 
7ff880375000-7ff884000000 ---p 00000000 00:00 0 
7ff884000000-7ff884021000 rw-p 00000000 00:00 0 
7ff884021000-7ff888000000 ---p 00000000 00:00 0 
7ff888000000-7ff888021000 rw-p 00000000 00:00 0 
7ff888021000-7ff88c000000 ---p 00000000 00:00 0 
7ff88c000000-7ff88d352000 rw-p 00000000 00:00 0 
7ff88d352000-7ff890000000 ---p 00000000 00:00 0 
7ff890000000-7ff890021000 rw-p 00000000 00:00 0 
7ff890021000-7ff894000000 ---p 00000000 00:00 0 
7ff894000000-7ff895f11000 rw-p 00000000 00:00 0 
7ff895f11000-7ff898000000 ---p 00000000 00:00 0 
7ff898000000-7ff8999ba000 rw-p 00000000 00:00 0 
7ff8999ba000-7ff89c000000 ---p 00000000 00:00 0 
7ff89c000000-7ff89c021000 rw-p 00000000 00:00 0 
7ff89c021000-7ff8a0000000 ---p 00000000 00:00 0 
7ff8a0000000-7ff8a0021000 rw-p 00000000 00:00 0 
7ff8a0021000-7ff8a4000000 ---p 00000000 00:00 0 
7ff8a4000000-7ff8a4113000 rw-p 00000000 00:00 0 
7ff8a4113000-7ff8a8000000 ---p 00000000 00:00 0 
7ff8a8000000-7ff8a8021000 rw-p 00000000 00:00 0 
7ff8a8021000-7ff8ac000000 ---p 00000000 00:00 0 
7ff8ac000000-7ff8ac021000 rw-p 00000000 00:00 0 
7ff8ac021000-7ff8b0000000 ---p 00000000 00:00 0 
7ff8b0000000-7ff8b0021000 rw-p 00000000 00:00 0 
7ff8b0021000-7ff8b4000000 ---p 00000000 00:00 0 
7ff8b4000000-7ff8b4021000 rw-p 00000000 00:00 0 
7ff8b4021000-7ff8b8000000 ---p 00000000 00:00 0 
7ff8b8023000-7ff8b8224000 rw-p 00000000 00:00 0 
7ff8b8224000-7ff8b8424000 rw-p 00000000 00:00 0 
7ff8b8424000-7ff8b84a8000 r-xp 00000000 08:03 5917622                    /tmp/sqlite-3.7.2-libsqlitejdbc.so
7ff8b84a8000-7ff8b86a8000 ---p 00084000 08:03 5917622                    /tmp/sqlite-3.7.2-libsqlitejdbc.so
7ff8b86a8000-7ff8b86a9000 r--p 00084000 08:03 5917622                    /tmp/sqlite-3.7.2-libsqlitejdbc.so
7ff8b86a9000-7ff8b86ac000 rw-p 00085000 08:03 5917622                    /tmp/sqlite-3.7.2-libsqlitejdbc.so
7ff8b86ac000-7ff8b86af000 ---p 00000000 00:00 0 
7ff8b86af000-7ff8b86e5000 rw-p 00000000 00:00 0                          [stack:3478]
7ff8b86e5000-7ff8b86e8000 ---p 00000000 00:00 0 
7ff8b86e8000-7ff8b89e6000 rw-p 00000000 00:00 0                          [stack:3476]
7ff8b89e6000-7ff8b8be6000 rw-p 00000000 00:00 0 
7ff8b8be6000-7ff8b8be9000 ---p 00000000 00:00 0 
7ff8b8be9000-7ff8b8ce7000 rw-p 00000000 00:00 0                          [stack:3475]
7ff8b8ce7000-7ff8b8cea000 ---p 00000000 00:00 0 
7ff8b8cea000-7ff8b8fe8000 rw-p 00000000 00:00 0                          [stack:3474]
7ff8b8fe8000-7ff8b8feb000 ---p 00000000 00:00 0 
7ff8b8feb000-7ff8b92e9000 rw-p 00000000 00:00 0                          [stack:3473]
7ff8b92e9000-7ff8b92fc000 r--s 00345000 08:03 3569668                    /usr/lib/jvm/java-8-oracle/jre/lib/resources.jar
7ff8b92fc000-7ff8b94fc000 rw-p 00000000 00:00 0 
7ff8b94fc000-7ff8b96fc000 rw-p 00000000 00:00 0 
7ff8b96fc000-7ff8b9791000 r--s 01109000 08:03 3569596                    /usr/lib/jvm/java-8-oracle/jre/lib/ext/jfxrt.jar
7ff8b9791000-7ff8b9991000 rw-p 00000000 00:00 0 
7ff8b9991000-7ff8b99a2000 r-xp 00000000 08:03 4870868                    /usr/lib/jvm/java-8-oracle/jre/lib/amd64/libnio.so
7ff8b99a2000-7ff8b9ba1000 ---p 00011000 08:03 4870868                    /usr/lib/jvm/java-8-oracle/jre/lib/amd64/libnio.so
7ff8b9ba1000-7ff8b9ba2000 rw-p 00010000 08:03 4870868                    /usr/lib/jvm/java-8-oracle/jre/lib/amd64/libnio.so
7ff8b9ba2000-7ff8b9da2000 rw-p 00000000 00:00 0 
7ff8b9da2000-7ff8b9da7000 r--s 002f9000 08:03 3569547                    /usr/lib/jvm/java-8-oracle/jre/lib/charsets.jar
7ff8b9da7000-7ff8b9fa7000 rw-p 00000000 00:00 0 
7ff8b9fa7000-7ff8b9faa000 ---p 00000000 00:00 0 
7ff8b9faa000-7ff8ba0a8000 rw-p 00000000 00:00 0                          [stack:3472]
7ff8ba0a8000-7ff8ba0b1000 r-xp 00000000 08:03 4870832                    /usr/lib/jvm/java-8-oracle/jre/lib/amd64/libmanagement.so
7ff8ba0b1000-7ff8ba2b0000 ---p 00009000 08:03 4870832                    /usr/lib/jvm/java-8-oracle/jre/lib/amd64/libmanagement.so
7ff8ba2b0000-7ff8ba2b1000 rw-p 00008000 08:03 4870832                    /usr/lib/jvm/java-8-oracle/jre/lib/amd64/libmanagement.so
7ff8ba2b1000-7ff8ba4b1000 rw-p 00000000 00:00 0 
7ff8ba4b1000-7ff8ba6b1000 rw-p 00000000 00:00 0 
7ff8ba6b1000-7ff8ba8b1000 rw-p 00000000 00:00 0 
7ff8ba8b1000-7ff8ba8b5000 r--s 0009a000 08:03 3569602                    /usr/lib/jvm/java-8-oracle/jre/lib/jsse.jar
7ff8ba8b5000-7ff8ba8b8000 ---p 00000000 00:00 0 
7ff8ba8b8000-7ff8ba9b6000 rw-p 00000000 00:00 0                          [stack:3469]
7ff8ba9b6000-7ff8ba9cc000 r-xp 00000000 08:03 4870893                    /usr/lib/jvm/java-8-oracle/jre/lib/amd64/libnet.so
7ff8ba9cc000-7ff8babcc000 ---p 00016000 08:03 4870893                    /usr/lib/jvm/java-8-oracle/jre/lib/amd64/libnet.so
7ff8babcc000-7ff8babcd000 rw-p 00016000 08:03 4870893                    /usr/lib/jvm/java-8-oracle/jre/lib/amd64/libnet.so
7ff8babcd000-7ff8babce000 r--s 0000c000 08:03 5916924                    /home/sharmila/.gradle/caches/modules-2/files-2.1/org.ow2.asm/asm/5.0.3/dcc2193db20e19e1feca8b1240dbbc4e190824fa/asm-5.0.3.jar
7ff8babce000-7ff8babd8000 r--s 00069000 08:03 5923589                    /home/sharmila/.gradle/caches/modules-2/files-2.1/ch.qos.logback/logback-core/1.1.8/b4d1c3dea91727faf8b3d19cf4b9b972d6c0b89/logback-core-1.1.8.jar
7ff8babd8000-7ff8babda000 r--s 00012000 08:03 5916922                    /home/sharmila/.gradle/caches/modules-2/files-2.1/net.minidev/accessors-smart/1.1/a527213f2fea112a04c9bdf0ec0264e34104cd08/accessors-smart-1.1.jar
7ff8babda000-7ff8babdc000 r--s 00009000 08:03 5923902                    /home/sharmila/.gradle/caches/modules-2/files-2.1/org.apache.tomcat/tomcat-juli/8.5.6/83d2d1e3362ecca504f3bf8ed1bc4cc451754d24/tomcat-juli-8.5.6.jar
7ff8babdc000-7ff8babe5000 r--s 0002d000 08:03 5923903                    /home/sharmila/.gradle/caches/modules-2/files-2.1/xml-apis/xml-apis/1.4.01/3789d9fada2d3d458c4ba2de349d48780f381ee3/xml-apis-1.4.01.jar
7ff8babe5000-7ff8babe7000 r--s 00004000 08:03 5923588                    /home/sharmila/.gradle/caches/modules-2/files-2.1/org.slf4j/log4j-over-slf4j/1.7.22/a527c37e9ca6c3d19ba298edd4aa344ca751a203/log4j-over-slf4j-1.7.22.jar
7ff8babe7000-7ff8babe9000 r--s 00000000 08:03 5923587                    /home/sharmila/.gradle/caches/modules-2/files-2.1/org.slf4j/jul-to-slf4j/1.7.22/b0429e950b3d2bc2c39c1bacafac753edbe3781c/jul-to-slf4j-1.7.22.jar
7ff8babe9000-7ff8babef000 r--s 00045000 08:03 5923585                    /home/sharmila/.gradle/caches/modules-2/files-2.1/ch.qos.logback/logback-classic/1.1.8/e54f49a227611976642f81cf2106b81c1ece8bf5/logback-classic-1.1.8.jar
7ff8babef000-7ff8babf0000 r--s 0000f000 08:03 5916909                    /home/sharmila/.gradle/caches/modules-2/files-2.1/org.json/json/20140107/d1ffca6e2482b002702c6a576166fd685e3370e3/json-20140107.jar
7ff8babf0000-7ff8babf2000 r--s 00009000 08:03 5916921                    /home/sharmila/.gradle/caches/modules-2/files-2.1/org.objenesis/objenesis/2.1/87c0ea803b69252868d09308b4618f766f135a96/objenesis-2.1.jar
7ff8babf2000-7ff8babf5000 r--s 0001b000 08:03 5916920                    /home/sharmila/.gradle/caches/modules-2/files-2.1/net.minidev/json-smart/2.2.1/5b9e5df7a62d1279b70dc882b041d249c4f0b002/json-smart-2.2.1.jar
7ff8babf5000-7ff8babf7000 r--s 00003000 08:03 5923586                    /home/sharmila/.gradle/caches/modules-2/files-2.1/org.slf4j/jcl-over-slf4j/1.7.22/86ceac14535af5a42c8fb0d06d79b925dd3cb263/jcl-over-slf4j-1.7.22.jar
7ff8babf7000-7ff8babf9000 r--s 00009000 08:03 5923584                    /home/sharmila/.gradle/caches/modules-2/files-2.1/org.slf4j/slf4j-api/1.7.22/a1c83373863cec7ae8d89dc1c5722d8cb6ec0309/slf4j-api-1.7.22.jar
7ff8babf9000-7ff8bac01000 r--s 0003a000 08:03 5923901                    /home/sharmila/.gradle/caches/modules-2/files-2.1/org.springframework/spring-tx/4.3.5.RELEASE/296d8ae21fadc0f115dae7d1e8d5c4f8c7de2c3e/spring-tx-4.3.5.RELEASE.jar
7ff8bac01000-7ff8bac0b000 r--s 0006b000 08:03 5923900                    /home/sharmila/.gradle/caches/modules-2/files-2.1/org.springframework/spring-orm/4.3.5.RELEASE/64c29d310b69bcc6e1fd5a738fa3629bdedb2d3f/spring-orm-4.3.5.RELEASE.jar
7ff8bac0b000-7ff8bac1b000 r--s 0009a000 08:03 5923899                    /home/sharmila/.gradle/caches/modules-2/files-2.1/org.springframework.data/spring-data-commons/1.12.6.RELEASE/b6403dcfce33e89613f364d80d653d7540279c47/spring-data-commons-1.12.6.RELEASE.jar
7ff8bac1b000-7ff8bac25000 r--s 0005f000 08:03 5923898                    /home/sharmila/.gradle/caches/modules-2/files-2.1/org.springframework/spring-jdbc/4.3.5.RELEASE/7c09e38b6f6e0b178973dea06bb8fdc6d19aa596/spring-jdbc-4.3.5.RELEASE.jar
7ff8bac25000-7ff8bac28000 r--s 00020000 08:03 5923897                    /home/sharmila/.gradle/caches/modules-2/files-2.1/org.apache.tomcat/tomcat-jdbc/8.5.6/feb10a9e22f70565c7556f327b0481dba8587bbc/tomcat-jdbc-8.5.6.jar
7ff8bac28000-7ff8bac41000 r--s 001af000 08:03 5923896                    /home/sharmila/.gradle/caches/modules-2/files-2.1/org.aspectj/aspectjweaver/1.8.9/db28774f477f07220eac18d5ec9c4e01f48589d7/aspectjweaver-1.8.9.jar
7ff8bac41000-7ff8bac44000 r--s 00010000 08:03 5923833                    /home/sharmila/.gradle/caches/modules-2/files-2.1/org.hibernate.common/hibernate-commons-annotations/5.0.1.Final/71e1cff3fcb20d3b3af4f3363c3ddb24d33c6879/hibernate-commons-annotations-5.0.1.Final.jar
7ff8bac44000-7ff8bac49000 r--s 00048000 08:03 5923832                    /home/sharmila/.gradle/caches/modules-2/files-2.1/dom4j/dom4j/1.6.1/5d3ccc056b6f056dbf0dddfdf43894b9065a8f94/dom4j-1.6.1.jar
7ff8bac49000-7ff8bac4c000 r--s 0002b000 08:03 5923433                    /home/sharmila/.gradle/caches/modules-2/files-2.1/org.jboss/jandex/2.0.0.Final/3e899258936f94649c777193e1be846387ed54b3/jandex-2.0.0.Final.jar
7ff8bac4c000-7ff8bac4d000 r--s 00003000 08:03 5923830                    /home/sharmila/.gradle/caches/modules-2/files-2.1/org.apache.geronimo.specs/geronimo-jta_1.1_spec/1.1.1/aabab3165b8ea936b9360abbf448459c0d04a5a4/geronimo-jta_1.1_spec-1.1.1.jar
7ff8bac4d000-7ff8bac52000 r--s 00068000 08:03 5923829                    /home/sharmila/.gradle/caches/modules-2/files-2.1/antlr/antlr/2.7.7/83cd2cd674a217ade95a4bb83a8a14f351f48bd0/antlr-2.7.7.jar
7ff8bac52000-7ff8bac57000 r--s 0003c000 08:03 5923583                    /home/sharmila/.gradle/caches/modules-2/files-2.1/org.springframework/spring-expression/4.3.5.RELEASE/3689dc6c5b942ecde4122eac889ed87977d6f287/spring-expression-4.3.5.RELEASE.jar
7ff8bac57000-7ff8bac71000 r--s 000fc000 08:03 5923582                    /home/sharmila/.gradle/caches/modules-2/files-2.1/org.springframework/spring-context/4.3.5.RELEASE/ca3391c0e17d0138335ba51b51371661d20d56a8/spring-context-4.3.5.RELEASE.jar
7ff8bac71000-7ff8bac7e000 r--s 000ad000 08:03 5923581                    /home/sharmila/.gradle/caches/modules-2/files-2.1/org.springframework/spring-beans/4.3.5.RELEASE/e12bbc3277da28e2e2608a187f83091dc6c300bf/spring-beans-4.3.5.RELEASE.jar
7ff8bac7e000-7ff8bac87000 r--s 00054000 08:03 5923580                    /home/sharmila/.gradle/caches/modules-2/files-2.1/org.springframework/spring-aop/4.3.5.RELEASE/4f113218af716bd8d174c411f19b26418b5a70f6/spring-aop-4.3.5.RELEASE.jar
7ff8bac87000-7ff8bac8b000 r--s 00041000 08:03 5923579                    /home/sharmila/.gradle/caches/modules-2/files-2.1/com.fasterxml.jackson.core/jackson-core/2.8.5/60d059f5d2930ccd1ef03535b713fd9f933d1ba7/jackson-core-2.8.5.jar
7ff8bac8b000-7ff8bac8e000 r--s 0000b000 08:03 5923578                    /home/sharmila/.gradle/caches/modules-2/files-2.1/com.fasterxml.jackson.core/jackson-annotations/2.8.5/9d82ff47bc2c2d3b5b6a6618fe636782bbcd5b07/jackson-annotations-2.8.5.jar
7ff8bac8e000-7ff8bac90000 r--s 0000e000 08:03 5917543                    /home/sharmila/.gradle/caches/modules-2/files-2.1/com.fasterxml/classmate/1.3.3/864c8e370a691e343210cc7c532fc198cee460d8/classmate-1.3.3.jar
7ff8bac90000-7ff8bac94000 r--s 0000c000 08:03 5916766                    /home/sharmila/.gradle/caches/modules-2/files-2.1/javax.validation/validation-api/1.1.0.Final/8613ae82954779d518631e05daa73a6a954817d5/validation-api-1.1.0.Final.jar
7ff8bac94000-7ff8bac99000 r--s 00036000 08:03 5917542                    /home/sharmila/.gradle/caches/modules-2/files-2.1/org.apache.tomcat.embed/tomcat-embed-websocket/8.5.6/6f6940a216b380ea8506530c374fcfeef820ba54/tomcat-embed-websocket-8.5.6.jar
7ff8bac99000-7ff8bac9a000 r--s 00000000 08:03 5923577                    /home/sharmila/.gradle/caches/modules-2/files-2.1/org.springframework.boot/spring-boot-starter-logging/1.4.3.RELEASE/1c58783c0694abf695babfd39829922d2d501ec2/spring-boot-starter-logging-1.4.3.RELEASE.jar
7ff8bac9a000-7ff8bacb8000 r--s 000d0000 08:03 5923576                    /home/sharmila/.gradle/caches/modules-2/files-2.1/org.springframework.boot/spring-boot-autoconfigure/1.4.3.RELEASE/41df1bfbdd4ae4e8499ebe1a4bc613bda316d6e1/spring-boot-autoconfigure-1.4.3.RELEASE.jar
7ff8bacb8000-7ff8bacc8000 r--s 00092000 08:03 5923575                    /home/sharmila/.gradle/caches/modules-2/files-2.1/org.springframework.boot/spring-boot/1.4.3.RELEASE/17f94def4460075afdfba6bf8f897cd1fc95bf77/spring-boot-1.4.3.RELEASE.jar
7ff8bacc8000-7ff8bacd7000 r--s 00084000 08:03 5923574                    /home/sharmila/.gradle/caches/modules-2/files-2.1/org.springframework/spring-test/4.3.5.RELEASE/a1965127e07b469d8e5bb3d2b0ff850423b66be4/spring-test-4.3.5.RELEASE.jar
7ff8bacd7000-7ff8baced000 r--s 000fa000 08:03 5923530                    /home/sharmila/.gradle/caches/modules-2/files-2.1/org.springframework/spring-core/4.3.5.RELEASE/80299e3f80e8c6d5c076db2ba6adf44a4b52f578/spring-core-4.3.5.RELEASE.jar
7ff8baced000-7ff8bacee000 r--s 00006000 08:03 5916915                    /home/sharmila/.gradle/caches/modules-2/files-2.1/org.skyscreamer/jsonassert/1.3.0/d5c250eb122496866de36dc84f98e2945845ecdd/jsonassert-1.3.0.jar
7ff8bacee000-7ff8bacf0000 r--s 00009000 08:03 5913472                    /home/sharmila/.gradle/caches/modules-2/files-2.1/org.hamcrest/hamcrest-core/1.3/42a25dc3219429f0e5d060061f71acb49bf010a0/hamcrest-core-1.3.jar
7ff8bacf0000-7ff8bad0c000 r--s 00103000 08:03 5916914                    /home/sharmila/.gradle/caches/modules-2/files-2.1/org.mockito/mockito-core/1.10.19/e8546f5bef4e061d8dd73895b4e8f40e3fe6effe/mockito-core-1.10.19.jar
7ff8bad0c000-7ff8bad1f000 r--s 000d2000 08:03 5916913                    /home/sharmila/.gradle/caches/modules-2/files-2.1/org.assertj/assertj-core/2.5.0/fcd21db4c5f33e5dcac69bf1816415fe0647582f/assertj-core-2.5.0.jar
7ff8bad1f000-7ff8bad24000 r--s 0002e000 08:03 5916911                    /home/sharmila/.gradle/caches/modules-2/files-2.1/com.jayway.jsonpath/json-path/2.2.0/22290d17944bd239fabf5ac69005a60a7ecbbbcb/json-path-2.2.0.jar
7ff8bad24000-7ff8bad29000 r--s 00017000 08:03 5923573                    /home/sharmila/.gradle/caches/modules-2/files-2.1/org.springframework.boot/spring-boot-test-autoconfigure/1.4.3.RELEASE/1a7587605e981a58104a501ab1896e2eb7a76686/spring-boot-test-autoconfigure-1.4.3.RELEASE.jar
7ff8bad29000-7ff8bad2e000 r--s 00021000 08:03 5923572                    /home/sharmila/.gradle/caches/modules-2/files-2.1/org.springframework.boot/spring-boot-test/1.4.3.RELEASE/2d76638f0f13b33859bf3b927c232ff0f8a4ffbf/spring-boot-test-1.4.3.RELEASE.jar
7ff8bad2e000-7ff8bad34000 r--s 0003d000 08:03 5916762                    /home/sharmila/.gradle/caches/modules-2/files-2.1/org.yaml/snakeyaml/1.17/7a27ea250c5130b2922b86dea63cbb1cc10a660c/snakeyaml-1.17.jar
7ff8bad34000-7ff8bad36000 r--s 00006000 08:03 5923638                    /home/sharmila/.gradle/caches/modules-2/files-2.1/com.beust/jcommander/1.12/7409692b48022f9eca7445861defbcdb9ee3c2a8/jcommander-1.12.jar
7ff8bad36000-7ff8bad3b000 r--s 00040000 08:03 5923637                    /home/sharmila/.gradle/caches/modules-2/files-2.1/org.beanshell/bsh/2.0b4/a05f0a0feefa8d8467ac80e16e7de071489f0d9c/bsh-2.0b4.jar
7ff8bad3b000-7ff8bad43000 r--s 00045000 08:03 5913471                    /home/sharmila/.gradle/caches/modules-2/files-2.1/junit/junit/4.12/2973d150c0dc1fefe998f834810d68f278ea58ec/junit-4.12.jar
7ff8bad43000-7ff8bad46000 r--s 0000c000 08:03 5923895                    /home/sharmila/.gradle/caches/modules-2/files-2.1/org.springframework/spring-aspects/4.3.5.RELEASE/8c00c15865a1da0a1ba143a50622a8436a56e097/spring-aspects-4.3.5.RELEASE.jar
7ff8bad46000-7ff8bad4c000 r--s 0003f000 08:03 5923894                    /home/sharmila/.gradle/caches/modules-2/files-2.1/org.springframework.data/spring-data-jpa/1.10.6.RELEASE/5d478860b24a493845248c1c336c33a657567bd3/spring-data-jpa-1.10.6.RELEASE.jar
7ff8bad4c000-7ff8bad59000 r--s 00089000 08:03 5923892                    /home/sharmila/.gradle/caches/modules-2/files-2.1/org.hibernate/hibernate-entitymanager/5.0.11.Final/549565caed4e0bcb816843693e66ff7b04ce025f/hibernate-entitymanager-5.0.11.Final.jar
7ff8bad59000-7ff8bad63000 r--s 000ae000 08:03 5916958                    /home/sharmila/.gradle/caches/modules-2/files-2.1/org.javassist/javassist/3.20.0-GA/a9cbcdfb7e9f86fbc74d3afae65f2248bfbf82a0/javassist-3.20.0-GA.jar
7ff8bad63000-7ff8bad68000 r--s 00017000 08:03 5923828                    /home/sharmila/.gradle/caches/modules-2/files-2.1/org.hibernate.javax.persistence/hibernate-jpa-2.1-api/1.0.0.Final/5e731d961297e5a07290bfaf3db1fbc8bbbf405a/hibernate-jpa-2.1-api-1.0.0.Final.jar
7ff8bad68000-7ff8badd1000 r--s 004f3000 08:03 5923432                    /home/sharmila/.gradle/caches/modules-2/files-2.1/org.hibernate/hibernate-core/5.0.11.Final/c2487fb72a2217a7cec9ab478d4c21a36fc09977/hibernate-core-5.0.11.Final.jar
7ff8badd1000-7ff8bade4000 r--s 00236000 08:03 5916949                    /home/sharmila/.gradle/caches/modules-2/files-2.1/org.eclipse.jdt.core.compiler/ecj/4.5.1/bee1367ac12fb6a20b422ff8711ebeb4f0a42316/ecj-4.5.1.jar
7ff8bade4000-7ff8bade9000 r--s 00036000 08:03 5917541                    /home/sharmila/.gradle/caches/modules-2/files-2.1/org.apache.tomcat.embed/tomcat-embed-el/8.5.6/a102298d8dc72f4065533d5962953d753b172602/tomcat-embed-el-8.5.6.jar
7ff8bade9000-7ff8bae12000 r--s 002b2000 08:03 5917540                    /home/sharmila/.gradle/caches/modules-2/files-2.1/org.apache.tomcat.embed/tomcat-embed-core/8.5.6/960834b5abc6b2135250487abf6c060a0fa5a22e/tomcat-embed-core-8.5.6.jar
7ff8bae12000-7ff8bae13000 ---p 00000000 00:00 0 
7ff8bae13000-7ff8baf13000 rw-p 00000000 00:00 0                          [stack:3468]
7ff8baf13000-7ff8baf16000 ---p 00000000 00:00 0 
7ff8baf16000-7ff8bb014000 rw-p 00000000 00:00 0                          [stack:3467]
7ff8bb014000-7ff8bb017000 ---p 00000000 00:00 0 
7ff8bb017000-7ff8bb115000 rw-p 00000000 00:00 0                          [stack:3466]
7ff8bb115000-7ff8bb118000 ---p 00000000 00:00 0 
7ff8bb118000-7ff8bb216000 rw-p 00000000 00:00 0                          [stack:3465]
7ff8bb216000-7ff8bb219000 ---p 00000000 00:00 0 
7ff8bb219000-7ff8bb317000 rw-p 00000000 00:00 0                          [stack:3464]
7ff8bb317000-7ff8bb31a000 ---p 00000000 00:00 0 
7ff8bb31a000-7ff8bb418000 rw-p 00000000 00:00 0                          [stack:3463]
7ff8bb418000-7ff8bbafb000 r--p 00000000 08:03 3152909                    /usr/lib/locale/locale-archive
7ff8bbafb000-7ff8bbafe000 ---p 00000000 00:00 0 
7ff8bbafe000-7ff8bbbfc000 rw-p 00000000 00:00 0                          [stack:3462]
7ff8bbbfc000-7ff8bbbff000 ---p 00000000 00:00 0 
7ff8bbbff000-7ff8bbcfd000 rw-p 00000000 00:00 0                          [stack:3461]
7ff8bbcfd000-7ff8bbcfe000 ---p 00000000 00:00 0 
7ff8bbcfe000-7ff8bc000000 rw-p 00000000 00:00 0                          [stack:3460]
7ff8bc000000-7ff8bc021000 rw-p 00000000 00:00 0 
7ff8bc021000-7ff8c0000000 ---p 00000000 00:00 0 
7ff8c0000000-7ff8c0001000 r--s 0000c000 08:03 5916912                    /home/sharmila/.gradle/caches/modules-2/files-2.1/org.hamcrest/hamcrest-library/1.3/4785a3c21320980282f9f33d0d1264a69040538f/hamcrest-library-1.3.jar
7ff8c0001000-7ff8c0003000 r--s 00006000 08:03 5923893                    /home/sharmila/.gradle/caches/modules-2/files-2.1/javax.transaction/javax.transaction-api/1.2/d81aff979d603edd90dcd8db2abc1f4ce6479e3e/javax.transaction-api-1.2.jar
7ff8c0003000-7ff8c0014000 r--s 000cf000 08:03 5923571                    /home/sharmila/.gradle/caches/modules-2/files-2.1/org.springframework/spring-webmvc/4.3.5.RELEASE/c624659217edab07d8279fb0f90462136f089220/spring-webmvc-4.3.5.RELEASE.jar
7ff8c0014000-7ff8c0026000 r--s 000b6000 08:03 5923570                    /home/sharmila/.gradle/caches/modules-2/files-2.1/org.springframework/spring-web/4.3.5.RELEASE/6641daccf2fddafc8358144f3a4f999130fdf144/spring-web-4.3.5.RELEASE.jar
7ff8c0026000-7ff8c0037000 r--s 0011d000 08:03 5923569                    /home/sharmila/.gradle/caches/modules-2/files-2.1/com.fasterxml.jackson.core/jackson-databind/2.8.5/b3035f37e674c04dafe36a660c3815cc59f764e2/jackson-databind-2.8.5.jar
7ff8c0037000-7ff8c0047000 r--s 0009c000 08:03 5916756                    /home/sharmila/.gradle/caches/modules-2/files-2.1/org.hibernate/hibernate-validator/5.2.4.Final/fb18766b576aa6632bcfe9a20a023cbd52bf9769/hibernate-validator-5.2.4.Final.jar
7ff8c0047000-7ff8c0e27000 rw-p 00000000 00:00 0 
7ff8c0e27000-7ff8c1000000 r--s 03d3e000 08:03 3569606                    /usr/lib/jvm/java-8-oracle/jre/lib/rt.jar
7ff8c1000000-7ff8c9000000 rw-p 00000000 00:00 0 
7ff8c9000000-7ff8c9d30000 rwxp 00000000 00:00 0 
7ff8c9d30000-7ff8d8000000 ---p 00000000 00:00 0 
7ff8d8000000-7ff8d9615000 rw-p 00000000 00:00 0 
7ff8d9615000-7ff8dc000000 ---p 00000000 00:00 0 
7ff8dc000000-7ff8dc001000 r--s 00000000 08:03 5923891                    /home/sharmila/.gradle/caches/modules-2/files-2.1/org.springframework.boot/spring-boot-starter-jdbc/1.4.3.RELEASE/7ce66cf27ea731189248be7af2ab84ba189e1151/spring-boot-starter-jdbc-1.4.3.RELEASE.jar
7ff8dc001000-7ff8dc002000 r--s 00000000 08:03 5923890                    /home/sharmila/.gradle/caches/modules-2/files-2.1/org.springframework.boot/spring-boot-starter-aop/1.4.3.RELEASE/30b11b6455bed446d3b4a1a49fab529b2cfac454/spring-boot-starter-aop-1.4.3.RELEASE.jar
7ff8dc002000-7ff8dc004000 r--s 0000f000 08:03 5916917                    /home/sharmila/.gradle/caches/modules-2/files-2.1/org.jboss.logging/jboss-logging/3.3.0.Final/3616bb87707910296e2c195dc016287080bba5af/jboss-logging-3.3.0.Final.jar
7ff8dc004000-7ff8dc005000 r--s 00000000 08:03 5923568                    /home/sharmila/.gradle/caches/modules-2/files-2.1/org.springframework.boot/spring-boot-starter-tomcat/1.4.3.RELEASE/61c48035a7a3b06b42fdd07b7109e562077b3792/spring-boot-starter-tomcat-1.4.3.RELEASE.jar
7ff8dc005000-7ff8dc011000 r--s 000a4000 08:03 5923636                    /home/sharmila/.gradle/caches/modules-2/files-2.1/org.testng/testng/6.5.2/5069d2e72356ed87645c5fc3622b0bbb5e0667c9/testng-6.5.2.jar
7ff8dc011000-7ff8dd0a8000 rw-p 00000000 00:00 0 
7ff8dd0a8000-7ff8dd0a9000 ---p 00000000 00:00 0 
7ff8dd0a9000-7ff8dd1a9000 rw-p 00000000 00:00 0                          [stack:3459]
7ff8dd1a9000-7ff8dd1aa000 ---p 00000000 00:00 0 
7ff8dd1aa000-7ff8dd2aa000 rw-p 00000000 00:00 0                          [stack:3458]
7ff8dd2aa000-7ff8dd2ab000 ---p 00000000 00:00 0 
7ff8dd2ab000-7ff8dd3ab000 rw-p 00000000 00:00 0                          [stack:3457]
7ff8dd3ab000-7ff8dd3ac000 ---p 00000000 00:00 0 
7ff8dd3ac000-7ff8dd602000 rw-p 00000000 00:00 0                          [stack:3456]
7ff8dd602000-7ff8dda02000 ---p 00000000 00:00 0 
7ff8dda02000-7ff8ddb58000 rw-p 00000000 00:00 0 
7ff8ddb58000-7ff8ddf57000 ---p 00000000 00:00 0 
7ff8ddf57000-7ff8de04a000 rw-p 00000000 00:00 0 
7ff8de04a000-7ff8de202000 ---p 00000000 00:00 0 
7ff8de202000-7ff8de238000 rw-p 00000000 00:00 0 
7ff8de238000-7ff8de5c3000 ---p 00000000 00:00 0 
7ff8de5c3000-7ff8de5dd000 r-xp 00000000 08:03 4870864                    /usr/lib/jvm/java-8-oracle/jre/lib/amd64/libzip.so
7ff8de5dd000-7ff8de7dd000 ---p 0001a000 08:03 4870864                    /usr/lib/jvm/java-8-oracle/jre/lib/amd64/libzip.so
7ff8de7dd000-7ff8de7de000 rw-p 0001a000 08:03 4870864                    /usr/lib/jvm/java-8-oracle/jre/lib/amd64/libzip.so
7ff8de7de000-7ff8de7e8000 r-xp 00000000 08:03 4070135                    /lib/x86_64-linux-gnu/libnss_files-2.19.so
7ff8de7e8000-7ff8de9e7000 ---p 0000a000 08:03 4070135                    /lib/x86_64-linux-gnu/libnss_files-2.19.so
7ff8de9e7000-7ff8de9e8000 r--p 00009000 08:03 4070135                    /lib/x86_64-linux-gnu/libnss_files-2.19.so
7ff8de9e8000-7ff8de9e9000 rw-p 0000a000 08:03 4070135                    /lib/x86_64-linux-gnu/libnss_files-2.19.so
7ff8de9e9000-7ff8de9f4000 r-xp 00000000 08:03 4070127                    /lib/x86_64-linux-gnu/libnss_nis-2.19.so
7ff8de9f4000-7ff8debf3000 ---p 0000b000 08:03 4070127                    /lib/x86_64-linux-gnu/libnss_nis-2.19.so
7ff8debf3000-7ff8debf4000 r--p 0000a000 08:03 4070127                    /lib/x86_64-linux-gnu/libnss_nis-2.19.so
7ff8debf4000-7ff8debf5000 rw-p 0000b000 08:03 4070127                    /lib/x86_64-linux-gnu/libnss_nis-2.19.so
7ff8debf5000-7ff8dec0c000 r-xp 00000000 08:03 4070123                    /lib/x86_64-linux-gnu/libnsl-2.19.so
7ff8dec0c000-7ff8dee0b000 ---p 00017000 08:03 4070123                    /lib/x86_64-linux-gnu/libnsl-2.19.so
7ff8dee0b000-7ff8dee0c000 r--p 00016000 08:03 4070123                    /lib/x86_64-linux-gnu/libnsl-2.19.so
7ff8dee0c000-7ff8dee0d000 rw-p 00017000 08:03 4070123                    /lib/x86_64-linux-gnu/libnsl-2.19.so
7ff8dee0d000-7ff8dee0f000 rw-p 00000000 00:00 0 
7ff8dee0f000-7ff8dee18000 r-xp 00000000 08:03 4070122                    /lib/x86_64-linux-gnu/libnss_compat-2.19.so
7ff8dee18000-7ff8df017000 ---p 00009000 08:03 4070122                    /lib/x86_64-linux-gnu/libnss_compat-2.19.so
7ff8df017000-7ff8df018000 r--p 00008000 08:03 4070122                    /lib/x86_64-linux-gnu/libnss_compat-2.19.so
7ff8df018000-7ff8df019000 rw-p 00009000 08:03 4070122                    /lib/x86_64-linux-gnu/libnss_compat-2.19.so
7ff8df019000-7ff8df044000 r-xp 00000000 08:03 4870782                    /usr/lib/jvm/java-8-oracle/jre/lib/amd64/libjava.so
7ff8df044000-7ff8df243000 ---p 0002b000 08:03 4870782                    /usr/lib/jvm/java-8-oracle/jre/lib/amd64/libjava.so
7ff8df243000-7ff8df245000 rw-p 0002a000 08:03 4870782                    /usr/lib/jvm/java-8-oracle/jre/lib/amd64/libjava.so
7ff8df245000-7ff8df252000 r-xp 00000000 08:03 4870821                    /usr/lib/jvm/java-8-oracle/jre/lib/amd64/libverify.so
7ff8df252000-7ff8df451000 ---p 0000d000 08:03 4870821                    /usr/lib/jvm/java-8-oracle/jre/lib/amd64/libverify.so
7ff8df451000-7ff8df453000 rw-p 0000c000 08:03 4870821                    /usr/lib/jvm/java-8-oracle/jre/lib/amd64/libverify.so
7ff8df453000-7ff8df45a000 r-xp 00000000 08:03 4070131                    /lib/x86_64-linux-gnu/librt-2.19.so
7ff8df45a000-7ff8df659000 ---p 00007000 08:03 4070131                    /lib/x86_64-linux-gnu/librt-2.19.so
7ff8df659000-7ff8df65a000 r--p 00006000 08:03 4070131                    /lib/x86_64-linux-gnu/librt-2.19.so
7ff8df65a000-7ff8df65b000 rw-p 00007000 08:03 4070131                    /lib/x86_64-linux-gnu/librt-2.19.so
7ff8df65b000-7ff8df760000 r-xp 00000000 08:03 4070117                    /lib/x86_64-linux-gnu/libm-2.19.so
7ff8df760000-7ff8df95f000 ---p 00105000 08:03 4070117                    /lib/x86_64-linux-gnu/libm-2.19.so
7ff8df95f000-7ff8df960000 r--p 00104000 08:03 4070117                    /lib/x86_64-linux-gnu/libm-2.19.so
7ff8df960000-7ff8df961000 rw-p 00105000 08:03 4070117                    /lib/x86_64-linux-gnu/libm-2.19.so
7ff8df961000-7ff8e062f000 r-xp 00000000 08:03 5260205                    /usr/lib/jvm/java-8-oracle/jre/lib/amd64/server/libjvm.so
7ff8e062f000-7ff8e082f000 ---p 00cce000 08:03 5260205                    /usr/lib/jvm/java-8-oracle/jre/lib/amd64/server/libjvm.so
7ff8e082f000-7ff8e0908000 rw-p 00cce000 08:03 5260205                    /usr/lib/jvm/java-8-oracle/jre/lib/amd64/server/libjvm.so
7ff8e0908000-7ff8e0953000 rw-p 00000000 00:00 0 
7ff8e0953000-7ff8e0b0d000 r-xp 00000000 08:03 4070132                    /lib/x86_64-linux-gnu/libc-2.19.so
7ff8e0b0d000-7ff8e0d0d000 ---p 001ba000 08:03 4070132                    /lib/x86_64-linux-gnu/libc-2.19.so
7ff8e0d0d000-7ff8e0d11000 r--p 001ba000 08:03 4070132                    /lib/x86_64-linux-gnu/libc-2.19.so
7ff8e0d11000-7ff8e0d13000 rw-p 001be000 08:03 4070132                    /lib/x86_64-linux-gnu/libc-2.19.so
7ff8e0d13000-7ff8e0d18000 rw-p 00000000 00:00 0 
7ff8e0d18000-7ff8e0d1b000 r-xp 00000000 08:03 4070119                    /lib/x86_64-linux-gnu/libdl-2.19.so
7ff8e0d1b000-7ff8e0f1a000 ---p 00003000 08:03 4070119                    /lib/x86_64-linux-gnu/libdl-2.19.so
7ff8e0f1a000-7ff8e0f1b000 r--p 00002000 08:03 4070119                    /lib/x86_64-linux-gnu/libdl-2.19.so
7ff8e0f1b000-7ff8e0f1c000 rw-p 00003000 08:03 4070119                    /lib/x86_64-linux-gnu/libdl-2.19.so
7ff8e0f1c000-7ff8e0f31000 r-xp 00000000 08:03 3555343                    /usr/lib/jvm/java-8-oracle/lib/amd64/jli/libjli.so
7ff8e0f31000-7ff8e1131000 ---p 00015000 08:03 3555343                    /usr/lib/jvm/java-8-oracle/lib/amd64/jli/libjli.so
7ff8e1131000-7ff8e1132000 rw-p 00015000 08:03 3555343                    /usr/lib/jvm/java-8-oracle/lib/amd64/jli/libjli.so
7ff8e1132000-7ff8e114b000 r-xp 00000000 08:03 4070124                    /lib/x86_64-linux-gnu/libpthread-2.19.so
7ff8e114b000-7ff8e134a000 ---p 00019000 08:03 4070124                    /lib/x86_64-linux-gnu/libpthread-2.19.so
7ff8e134a000-7ff8e134b000 r--p 00018000 08:03 4070124                    /lib/x86_64-linux-gnu/libpthread-2.19.so
7ff8e134b000-7ff8e134c000 rw-p 00019000 08:03 4070124                    /lib/x86_64-linux-gnu/libpthread-2.19.so
7ff8e134c000-7ff8e1350000 rw-p 00000000 00:00 0 
7ff8e1350000-7ff8e1373000 r-xp 00000000 08:03 4070125                    /lib/x86_64-linux-gnu/ld-2.19.so
7ff8e1373000-7ff8e1374000 r--s 00000000 08:03 5923567                    /home/sharmila/.gradle/caches/modules-2/files-2.1/org.springframework.boot/spring-boot-starter/1.4.3.RELEASE/c99bad104719e947b3f9aa2b7569583805e4c5d5/spring-boot-starter-1.4.3.RELEASE.jar
7ff8e1374000-7ff8e1375000 r--s 00000000 08:03 5923566                    /home/sharmila/.gradle/caches/modules-2/files-2.1/org.springframework.boot/spring-boot-starter-test/1.4.3.RELEASE/6e9f1dbd3f68299c0183630ef07ca430de160050/spring-boot-starter-test-1.4.3.RELEASE.jar
7ff8e1375000-7ff8e1376000 r--s 00000000 08:03 5923889                    /home/sharmila/.gradle/caches/modules-2/files-2.1/org.springframework.boot/spring-boot-starter-data-jpa/1.4.3.RELEASE/ffda06c2144d10239014407333c223a237b73ad7/spring-boot-starter-data-jpa-1.4.3.RELEASE.jar
7ff8e1376000-7ff8e1449000 rw-p 00000000 00:00 0 
7ff8e1449000-7ff8e144c000 ---p 00000000 00:00 0 
7ff8e144c000-7ff8e154e000 rw-p 00000000 00:00 0                          [stack:3455]
7ff8e154e000-7ff8e154f000 r--s 00003000 08:03 5923431                    /home/sharmila/.gradle/caches/modules-2/files-2.1/org.hibernate/hibernate-gradle-plugin/5.2.3.Final/db2ad8695e48a03a566b74fb5fc07c1732c1f5e5/hibernate-gradle-plugin-5.2.3.Final.jar
7ff8e154f000-7ff8e1554000 r--s 00309000 08:03 5923826                    /home/sharmila/.gradle/caches/modules-2/files-2.1/org.xerial/sqlite-jdbc/3.7.2/7a3d67f00508d3881650579f7f228c61bfc1b196/sqlite-jdbc-3.7.2.jar
7ff8e1554000-7ff8e155d000 r--s 00095000 08:03 5913393                    /home/sharmila/.gradle/caches/modules-2/files-2.1/org.apache.tomcat.embed/tomcat-embed-jasper/9.0.0.M11/e2cd5a7038094195c3163532e01daf051d9265fe/tomcat-embed-jasper-9.0.0.M11.jar
7ff8e155d000-7ff8e155e000 r--s 00000000 08:03 5923565                    /home/sharmila/.gradle/caches/modules-2/files-2.1/org.springframework.boot/spring-boot-starter-web/1.4.3.RELEASE/a0dcc919eda8e8ecb6f13f52a30e6afbb8266103/spring-boot-starter-web-1.4.3.RELEASE.jar
7ff8e155e000-7ff8e1566000 r--s 00046000 08:03 2759763                    /home/sharmila/Downloads/sts 3.6.4/sts-bundle/sts-3.6.4.RELEASE/plugins/org.testng.eclipse_6.10.0.201612030230/lib/testng-remote.jar
7ff8e1566000-7ff8e156e000 rw-s 00000000 08:03 5917621                    /tmp/hsperfdata_sharmila/3449
7ff8e156e000-7ff8e156f000 rw-p 00000000 00:00 0 
7ff8e156f000-7ff8e1570000 r--p 00000000 00:00 0 
7ff8e1570000-7ff8e1572000 rw-p 00000000 00:00 0 
7ff8e1572000-7ff8e1573000 r--p 00022000 08:03 4070125                    /lib/x86_64-linux-gnu/ld-2.19.so
7ff8e1573000-7ff8e1574000 rw-p 00023000 08:03 4070125                    /lib/x86_64-linux-gnu/ld-2.19.so
7ff8e1574000-7ff8e1575000 rw-p 00000000 00:00 0 
7ffcd00e9000-7ffcd010d000 rw-p 00000000 00:00 0                          [stack]
7ffcd011c000-7ffcd011e000 r-xp 00000000 00:00 0                          [vdso]
ffffffffff600000-ffffffffff601000 r-xp 00000000 00:00 0                  [vsyscall]

VM Arguments:
jvm_args: -ea -Xms1024m -Xmx4096m -Dfile.encoding=UTF-8 
java_command: org.testng.remote.RemoteTestNG -serport 42750 -protocol json -d /home/sharmila/Documents/work-office/TestNG_Project/test-output /tmp/testng-eclipse-272400166/testng-customsuite.xml
java_class_path (initial): /home/sharmila/Downloads/sts 3.6.4/sts-bundle/sts-3.6.4.RELEASE/plugins/org.testng.eclipse_6.10.0.201612030230/lib/testng-remote.jar:/home/sharmila/Documents/work-office/TestNG_Project/bin:/home/sharmila/.gradle/caches/modules-2/files-2.1/org.springframework.boot/spring-boot-starter-web/1.4.3.RELEASE/a0dcc919eda8e8ecb6f13f52a30e6afbb8266103/spring-boot-starter-web-1.4.3.RELEASE.jar:/home/sharmila/.gradle/caches/modules-2/files-2.1/org.apache.tomcat.embed/tomcat-embed-jasper/9.0.0.M11/e2cd5a7038094195c3163532e01daf051d9265fe/tomcat-embed-jasper-9.0.0.M11.jar:/home/sharmila/.gradle/caches/modules-2/files-2.1/org.xerial/sqlite-jdbc/3.7.2/7a3d67f00508d3881650579f7f228c61bfc1b196/sqlite-jdbc-3.7.2.jar:/home/sharmila/.gradle/caches/modules-2/files-2.1/org.hibernate/hibernate-gradle-plugin/5.2.3.Final/db2ad8695e48a03a566b74fb5fc07c1732c1f5e5/hibernate-gradle-plugin-5.2.3.Final.jar:/home/sharmila/.gradle/caches/modules-2/files-2.1/org.springframework.boot/spring-boot-starter-data-jpa/1.4.3.RELEASE/ffda06c2144d10239014407333c223a237b73ad7/spring-boot-starter-data-jpa-1.4.3.RELEASE.jar:/home/sharmila/.gradle/caches/modules-2/files-2.1/org.testng/testng/6.5.2/5069d2e72356ed87645c5fc3622b0bbb5e0667c9/testng-6.5.2.jar:/home/sharmila/.gradle/caches/modules-2/files-2.1/org.springframework.boot/spring-boot-starter-test/1.4.3.RELEASE/6e9f1dbd3f68299c0183630ef07ca430de160050/spring-boot-starter-test-1.4.3.RELEASE.jar:/home/sharmila/.gradle/caches/modules-2/files-2.1/org.springframework.boot/spring-boot-starter/1.4.3.RELEASE/c99bad104719e947b3f9aa2b7569583805e4c5d5/spring-boot-starter-1.4.3.RELEASE.jar:/home/sharmila/.gradle/caches/modules-2/files-2.1/org.springframework.boot/spring-boot-starter-tomcat/1.4.3.RELEASE/61c48035a7a3b06b42fdd07b7109e562077b3792/spring-boot-starter-tomcat-1.4.3.RELEASE.jar:/home/sharmila/.gradle/caches/modules-2/files-2.1/org.hibernate/hibernate-validator/5.2.4.Final/fb18766b576aa6632bcfe9a20a023cbd52bf9769/hibernate-validator-5
Launcher Type: SUN_STANDARD

Environment Variables:
JAVA_HOME=/usr/lib/jvm/java-8-oracle
PATH=/usr/local/sbin:/usr/local/bin:/usr/sbin:/usr/bin:/sbin:/bin:/usr/games:/usr/local/games:/usr/lib/jvm/java-8-oracle/bin:/usr/lib/jvm/java-8-oracle/db/bin:/usr/lib/jvm/java-8-oracle/jre/bin
SHELL=/bin/bash
DISPLAY=:0.0

Signal Handlers:
SIGSEGV: [libjvm.so+0xac78c0], sa_mask[0]=11111111011111111101111111111110, sa_flags=SA_RESTART|SA_SIGINFO
SIGBUS: [libjvm.so+0xac78c0], sa_mask[0]=11111111011111111101111111111110, sa_flags=SA_RESTART|SA_SIGINFO
SIGFPE: [libjvm.so+0x920ac0], sa_mask[0]=11111111011111111101111111111110, sa_flags=SA_RESTART|SA_SIGINFO
SIGPIPE: [libjvm.so+0x920ac0], sa_mask[0]=11111111011111111101111111111110, sa_flags=SA_RESTART|SA_SIGINFO
SIGXFSZ: [libjvm.so+0x920ac0], sa_mask[0]=11111111011111111101111111111110, sa_flags=SA_RESTART|SA_SIGINFO
SIGILL: [libjvm.so+0x920ac0], sa_mask[0]=11111111011111111101111111111110, sa_flags=SA_RESTART|SA_SIGINFO
SIGUSR1: SIG_DFL, sa_mask[0]=00000000000000000000000000000000, sa_flags=none
SIGUSR2: [libjvm.so+0x922300], sa_mask[0]=00100000000000000000000000000000, sa_flags=SA_RESTART|SA_SIGINFO
SIGHUP: [libjvm.so+0x923700], sa_mask[0]=11111111011111111101111111111110, sa_flags=SA_RESTART|SA_SIGINFO
SIGINT: [libjvm.so+0x923700], sa_mask[0]=11111111011111111101111111111110, sa_flags=SA_RESTART|SA_SIGINFO
SIGTERM: [libjvm.so+0x923700], sa_mask[0]=11111111011111111101111111111110, sa_flags=SA_RESTART|SA_SIGINFO
SIGQUIT: [libjvm.so+0x923700], sa_mask[0]=11111111011111111101111111111110, sa_flags=SA_RESTART|SA_SIGINFO


---------------  S Y S T E M  ---------------

OS:DISTRIB_ID=Ubuntu
DISTRIB_RELEASE=14.04
DISTRIB_CODENAME=trusty
DISTRIB_DESCRIPTION="Ubuntu 14.04.5 LTS"

uname:Linux 3.13.0-107-generic #154-Ubuntu SMP Tue Dec 20 09:57:27 UTC 2016 x86_64
libc:glibc 2.19 NPTL 2.19 
rlimit: STACK 8192k, CORE 0k, NPROC 30712, NOFILE 4096, AS infinity
load average:1.35 0.93 0.50

/proc/meminfo:
MemTotal:        3953548 kB
MemFree:          121032 kB
Buffers:           55960 kB
Cached:           978180 kB
SwapCached:            0 kB
Active:          2704640 kB
Inactive:         905336 kB
Active(anon):    2328252 kB
Inactive(anon):   451200 kB
Active(file):     376388 kB
Inactive(file):   454136 kB
Unevictable:         208 kB
Mlocked:             208 kB
SwapTotal:       7999484 kB
SwapFree:        7999484 kB
Dirty:              2116 kB
Writeback:             0 kB
AnonPages:       2576472 kB
Mapped:           277956 kB
Shmem:            203396 kB
Slab:             106796 kB
SReclaimable:      72404 kB
SUnreclaim:        34392 kB
KernelStack:        4848 kB
PageTables:        42864 kB
NFS_Unstable:          0 kB
Bounce:                0 kB
WritebackTmp:          0 kB
CommitLimit:     9976256 kB
Committed_AS:    8275120 kB
VmallocTotal:   34359738367 kB
VmallocUsed:      400928 kB
VmallocChunk:   34359328764 kB
HardwareCorrupted:     0 kB
AnonHugePages:   1394688 kB
HugePages_Total:       0
HugePages_Free:        0
HugePages_Rsvd:        0
HugePages_Surp:        0
Hugepagesize:       2048 kB
DirectMap4k:       90284 kB
DirectMap2M:     2961408 kB
DirectMap1G:     1048576 kB


CPU:total 4 (2 cores per cpu, 2 threads per core) family 6 model 69 stepping 1, cmov, cx8, fxsr, mmx, sse, sse2, sse3, ssse3, sse4.1, sse4.2, popcnt, avx, avx2, aes, clmul, erms, lzcnt, ht, tsc, tscinvbit, bmi1, bmi2

/proc/cpuinfo:
processor	: 0
vendor_id	: GenuineIntel
cpu family	: 6
model		: 69
model name	: Intel(R) Core(TM) i5-4200U CPU @ 1.60GHz
stepping	: 1
microcode	: 0x17
cpu MHz		: 1600.000
cache size	: 3072 KB
physical id	: 0
siblings	: 4
core id		: 0
cpu cores	: 2
apicid		: 0
initial apicid	: 0
fpu		: yes
fpu_exception	: yes
cpuid level	: 13
wp		: yes
flags		: fpu vme de pse tsc msr pae mce cx8 apic sep mtrr pge mca cmov pat pse36 clflush dts acpi mmx fxsr sse sse2 ss ht tm pbe syscall nx pdpe1gb rdtscp lm constant_tsc arch_perfmon pebs bts rep_good nopl xtopology nonstop_tsc aperfmperf eagerfpu pni pclmulqdq dtes64 monitor ds_cpl vmx est tm2 ssse3 fma cx16 xtpr pdcm pcid sse4_1 sse4_2 movbe popcnt tsc_deadline_timer aes xsave avx f16c rdrand lahf_lm abm ida arat epb xsaveopt pln pts dtherm tpr_shadow vnmi flexpriority ept vpid fsgsbase tsc_adjust bmi1 avx2 smep bmi2 erms invpcid
bogomips	: 4589.67
clflush size	: 64
cache_alignment	: 64
address sizes	: 39 bits physical, 48 bits virtual
power management:

processor	: 1
vendor_id	: GenuineIntel
cpu family	: 6
model		: 69
model name	: Intel(R) Core(TM) i5-4200U CPU @ 1.60GHz
stepping	: 1
microcode	: 0x17
cpu MHz		: 1600.000
cache size	: 3072 KB
physical id	: 0
siblings	: 4
core id		: 0
cpu cores	: 2
apicid		: 1
initial apicid	: 1
fpu		: yes
fpu_exception	: yes
cpuid level	: 13
wp		: yes
flags		: fpu vme de pse tsc msr pae mce cx8 apic sep mtrr pge mca cmov pat pse36 clflush dts acpi mmx fxsr sse sse2 ss ht tm pbe syscall nx pdpe1gb rdtscp lm constant_tsc arch_perfmon pebs bts rep_good nopl xtopology nonstop_tsc aperfmperf eagerfpu pni pclmulqdq dtes64 monitor ds_cpl vmx est tm2 ssse3 fma cx16 xtpr pdcm pcid sse4_1 sse4_2 movbe popcnt tsc_deadline_timer aes xsave avx f16c rdrand lahf_lm abm ida arat epb xsaveopt pln pts dtherm tpr_shadow vnmi flexpriority ept vpid fsgsbase tsc_adjust bmi1 avx2 smep bmi2 erms invpcid
bogomips	: 4589.67
clflush size	: 64
cache_alignment	: 64
address sizes	: 39 bits physical, 48 bits virtual
power management:

processor	: 2
vendor_id	: GenuineIntel
cpu family	: 6
model		: 69
model name	: Intel(R) Core(TM) i5-4200U CPU @ 1.60GHz
stepping	: 1
microcode	: 0x17
cpu MHz		: 1600.000
cache size	: 3072 KB
physical id	: 0
siblings	: 4
core id		: 1
cpu cores	: 2
apicid		: 2
initial apicid	: 2
fpu		: yes
fpu_exception	: yes
cpuid level	: 13
wp		: yes
flags		: fpu vme de pse tsc msr pae mce cx8 apic sep mtrr pge mca cmov pat pse36 clflush dts acpi mmx fxsr sse sse2 ss ht tm pbe syscall nx pdpe1gb rdtscp lm constant_tsc arch_perfmon pebs bts rep_good nopl xtopology nonstop_tsc aperfmperf eagerfpu pni pclmulqdq dtes64 monitor ds_cpl vmx est tm2 ssse3 fma cx16 xtpr pdcm pcid sse4_1 sse4_2 movbe popcnt tsc_deadline_timer aes xsave avx f16c rdrand lahf_lm abm ida arat epb xsaveopt pln pts dtherm tpr_shadow vnmi flexpriority ept vpid fsgsbase tsc_adjust bmi1 avx2 smep bmi2 erms invpcid
bogomips	: 4589.67
clflush size	: 64
cache_alignment	: 64
address sizes	: 39 bits physical, 48 bits virtual
power management:

processor	: 3
vendor_id	: GenuineIntel
cpu family	: 6
model		: 69
model name	: Intel(R) Core(TM) i5-4200U CPU @ 1.60GHz
stepping	: 1
microcode	: 0x17
cpu MHz		: 1600.000
cache size	: 3072 KB
physical id	: 0
siblings	: 4
core id		: 1
cpu cores	: 2
apicid		: 3
initial apicid	: 3
fpu		: yes
fpu_exception	: yes
cpuid level	: 13
wp		: yes
flags		: fpu vme de pse tsc msr pae mce cx8 apic sep mtrr pge mca cmov pat pse36 clflush dts acpi mmx fxsr sse sse2 ss ht tm pbe syscall nx pdpe1gb rdtscp lm constant_tsc arch_perfmon pebs bts rep_good nopl xtopology nonstop_tsc aperfmperf eagerfpu pni pclmulqdq dtes64 monitor ds_cpl vmx est tm2 ssse3 fma cx16 xtpr pdcm pcid sse4_1 sse4_2 movbe popcnt tsc_deadline_timer aes xsave avx f16c rdrand lahf_lm abm ida arat epb xsaveopt pln pts dtherm tpr_shadow vnmi flexpriority ept vpid fsgsbase tsc_adjust bmi1 avx2 smep bmi2 erms invpcid
bogomips	: 4589.67
clflush size	: 64
cache_alignment	: 64
address sizes	: 39 bits physical, 48 bits virtual
power management:



Memory: 4k page, physical 3953548k(121032k free), swap 7999484k(7999484k free)

vm_info: Java HotSpot(TM) 64-Bit Server VM (25.121-b13) for linux-amd64 JRE (1.8.0_121-b13), built on Dec 12 2016 16:36:53 by "java_re" with gcc 4.3.0 20080428 (Red Hat 4.3.0-8)

time: Mon Jan 23 18:10:01 2017
elapsed time: 14 seconds (0d 0h 0m 14s)

