#
# A fatal error has been detected by the Java Runtime Environment:
#
#  SIGSEGV (0xb) at pc=0x00007f6dc2a80118, pid=7008, tid=0x00007f6dc3f86700
#
# JRE version: Java(TM) SE Runtime Environment (8.0_121-b13) (build 1.8.0_121-b13)
# Java VM: Java HotSpot(TM) 64-Bit Server VM (25.121-b13 mixed mode linux-amd64 compressed oops)
# Problematic frame:
# V  [libjvm.so+0x6e2118]  jni_GetStringUTFChars+0xb8
#
# Failed to write core dump. Core dumps have been disabled. To enable core dumping, try "ulimit -c unlimited" before starting Java again
#
# If you would like to submit a bug report, please visit:
#   http://bugreport.java.com/bugreport/crash.jsp
#

---------------  T H R E A D  ---------------

Current thread (0x00007f6dbc010000):  JavaThread "main" [_thread_in_vm, id=7014, stack(0x00007f6dc3e86000,0x00007f6dc3f87000)]

siginfo: si_signo: 11 (SIGSEGV), si_code: 1 (SEGV_MAPERR), si_addr: 0x0000000000000000

Registers:
RAX=0x00007f6dc3355550, RBX=0x0000000000000000, RCX=0x000000076ab8fac0, RDX=0x00007f6dc33639e0
RSP=0x00007f6dc3f80b00, RBP=0x00007f6dc3f80ba0, RSI=0x00007f6dbc010000, RDI=0x00007f6dc3f80b40
R8 =0x00007f6dad012c80, R9 =0x000000076ab8fac0, R10=0x0000000000000178, R11=0x00007f6dc33639e8
R12=0x00007f6dbc010000, R13=0x0000000000000000, R14=0x00007f6dc3f80c78, R15=0x00007f6dc3f80b40
RIP=0x00007f6dc2a80118, EFLAGS=0x0000000000010246, CSGSFS=0x0000000000000033, ERR=0x0000000000000004
  TRAPNO=0x000000000000000e

Top of Stack: (sp=0x00007f6dc3f80b00)
0x00007f6dc3f80b00:   00007f6dc3f80bc8 0000000000000000
0x00007f6dc3f80b10:   00007f6dad10b280 00007f6dc3365800
0x00007f6dc3f80b20:   00007f6dc3f81198 00007f6dad012c80
0x00007f6dc3f80b30:   00000007764a8348 0000000050200030
0x00007f6dc3f80b40:   00007f6dbc010000 0000000000000000
0x00007f6dc3f80b50:   00007f6da3aaa480 00007f6dad0082bd
0x00007f6dc3f80b60:   00007f6dbc010000 00000007764a8348
0x00007f6dc3f80b70:   00007f6dc3f80c10 00007f6d63140260
0x00007f6dc3f80b80:   00007f6dbcfb3938 0000000000000000
0x00007f6dc3f80b90:   00007f6dc3f80c78 00007f6dbc010000
0x00007f6dc3f80ba0:   00007f6dbc0101f8 00007f6d62d972b0
0x00007f6dc3f80bb0:   00007f6dc3f80c10 00007f6dad0082bd
0x00007f6dc3f80bc0:   00007f6d63140260 00007f6dc3f80c50
0x00007f6dc3f80bd0:   0000000000000000 00007f6d63140258
0x00007f6dc3f80be0:   00007f6dc3f80c78 00007f6dad0184cf
0x00007f6dc3f80bf0:   0000000000000000 00007f6d6314fc08
0x00007f6dc3f80c00:   0000000000000000 000000076ab8fac0
0x00007f6dc3f80c10:   00007f6dc3f80c00 0000000000000000
0x00007f6dc3f80c20:   00007f6dc3f80c78 00007f6d63146ce8
0x00007f6dc3f80c30:   0000000000000000 00007f6d63140260
0x00007f6dc3f80c40:   0000000000000000 00007f6dc3f80c70
0x00007f6dc3f80c50:   00007f6dc3f80cd8 00007f6dad007dd0
0x00007f6dc3f80c60:   0000000000000000 00007f6dad011537
0x00007f6dc3f80c70:   0000000000000000 000000076ab8fac0
0x00007f6dc3f80c80:   00000007764a82e8 00000007764a8348
0x00007f6dc3f80c90:   000000076ab8fac0 00007f6dc3f80c88
0x00007f6dc3f80ca0:   00007f6d63143ca5 00007f6dc3f80cf0
0x00007f6dc3f80cb0:   00007f6d63146538 0000000000000000
0x00007f6dc3f80cc0:   00007f6d63143cf0 00007f6dc3f80c70
0x00007f6dc3f80cd0:   00007f6dc3f80ce8 00007f6dc3f80d38
0x00007f6dc3f80ce0:   00007f6dad0082bd 00000007764a82e8
0x00007f6dc3f80cf0:   000000076ab8fac0 00007f6dc3f80cf8 

Instructions: (pc=0x00007f6dc2a80118)
0x00007f6dc2a800f8:   84 24 70 02 00 00 06 00 00 00 4c 89 e6 4c 89 65
0x00007f6dc2a80108:   c0 4c 89 ff e8 1f 01 01 00 48 8b 05 18 d0 88 00
0x00007f6dc2a80118:   4c 8b 2b 8b 10 48 8b 05 44 fc 88 00 80 38 00 0f
0x00007f6dc2a80128:   84 2b 01 00 00 48 63 c2 41 8b 54 05 00 85 d2 0f 

Register to memory mapping:

RAX=0x00007f6dc3355550: <offset 0xfb7550> in /usr/lib/jvm/java-8-oracle/jre/lib/amd64/server/libjvm.so at 0x00007f6dc239e000
RBX=0x0000000000000000 is an unknown value
RCX=0x000000076ab8fac0 is an oop
org.sqlite.NativeDB 
 - klass: 'org/sqlite/NativeDB'
RDX=0x00007f6dc33639e0: <offset 0xfc59e0> in /usr/lib/jvm/java-8-oracle/jre/lib/amd64/server/libjvm.so at 0x00007f6dc239e000
RSP=0x00007f6dc3f80b00 is pointing into the stack for thread: 0x00007f6dbc010000
RBP=0x00007f6dc3f80ba0 is pointing into the stack for thread: 0x00007f6dbc010000
RSI=0x00007f6dbc010000 is a thread
RDI=0x00007f6dc3f80b40 is pointing into the stack for thread: 0x00007f6dbc010000
R8 =0x00007f6dad012c80 is at code_begin+0 in an Interpreter codelet
method entry point (kind = zerolocals)  [0x00007f6dad012c80, 0x00007f6dad013100]  1152 bytes
R9 =0x000000076ab8fac0 is an oop
org.sqlite.NativeDB 
 - klass: 'org/sqlite/NativeDB'
R10=0x0000000000000178 is an unknown value
R11=0x00007f6dc33639e8: <offset 0xfc59e8> in /usr/lib/jvm/java-8-oracle/jre/lib/amd64/server/libjvm.so at 0x00007f6dc239e000
R12=0x00007f6dbc010000 is a thread
R13=0x0000000000000000 is an unknown value
R14=0x00007f6dc3f80c78 is pointing into the stack for thread: 0x00007f6dbc010000
R15=0x00007f6dc3f80b40 is pointing into the stack for thread: 0x00007f6dbc010000


Stack: [0x00007f6dc3e86000,0x00007f6dc3f87000],  sp=0x00007f6dc3f80b00,  free space=1002k
Native frames: (J=compiled Java code, j=interpreted, Vv=VM code, C=native code)
V  [libjvm.so+0x6e2118]  jni_GetStringUTFChars+0xb8
C  [sqlite-3.7.2-libsqlitejdbc.so+0xd2b0]  Java_org_sqlite_NativeDB_prepare+0x2f

Java frames: (J=compiled Java code, j=interpreted, Vv=VM code)
j  org.sqlite.NativeDB.prepare(Ljava/lang/String;)J+0
j  org.sqlite.DB.prepare(Lorg/sqlite/Stmt;)V+21
j  org.sqlite.PrepStmt.<init>(Lorg/sqlite/Conn;Ljava/lang/String;)V+15
j  org.sqlite.Conn.prepareStatement(Ljava/lang/String;III)Ljava/sql/PreparedStatement;+14
j  org.sqlite.Conn.prepareStatement(Ljava/lang/String;II)Ljava/sql/PreparedStatement;+5
j  org.sqlite.Conn.prepareStatement(Ljava/lang/String;)Ljava/sql/PreparedStatement;+8
v  ~StubRoutines::call_stub
J 2209  sun.reflect.NativeMethodAccessorImpl.invoke0(Ljava/lang/reflect/Method;Ljava/lang/Object;[Ljava/lang/Object;)Ljava/lang/Object; (0 bytes) @ 0x00007f6dad72c9b7 [0x00007f6dad72c940+0x77]
J 2208 C1 sun.reflect.NativeMethodAccessorImpl.invoke(Ljava/lang/Object;[Ljava/lang/Object;)Ljava/lang/Object; (104 bytes) @ 0x00007f6dad72d13c [0x00007f6dad72cd60+0x3dc]
J 3669 C2 sun.reflect.DelegatingMethodAccessorImpl.invoke(Ljava/lang/Object;[Ljava/lang/Object;)Ljava/lang/Object; (10 bytes) @ 0x00007f6dad4db628 [0x00007f6dad4db5e0+0x48]
J 3692 C1 java.lang.reflect.Method.invoke(Ljava/lang/Object;[Ljava/lang/Object;)Ljava/lang/Object; (62 bytes) @ 0x00007f6dadaa5a9c [0x00007f6dadaa56a0+0x3fc]
j  org.apache.tomcat.jdbc.pool.ProxyConnection.invoke(Ljava/lang/Object;Ljava/lang/reflect/Method;[Ljava/lang/Object;)Ljava/lang/Object;+237
j  org.apache.tomcat.jdbc.pool.JdbcInterceptor.invoke(Ljava/lang/Object;Ljava/lang/reflect/Method;[Ljava/lang/Object;)Ljava/lang/Object;+14
j  org.apache.tomcat.jdbc.pool.DisposableConnectionFacade.invoke(Ljava/lang/Object;Ljava/lang/reflect/Method;[Ljava/lang/Object;)Ljava/lang/Object;+93
j  com.sun.proxy.$Proxy83.prepareStatement(Ljava/lang/String;)Ljava/sql/PreparedStatement;+16
j  org.hibernate.engine.jdbc.internal.StatementPreparerImpl$1.doPrepare()Ljava/sql/PreparedStatement;+37
j  org.hibernate.engine.jdbc.internal.StatementPreparerImpl$StatementPreparationTemplate.prepareStatement()Ljava/sql/PreparedStatement;+45
j  org.hibernate.engine.jdbc.internal.StatementPreparerImpl.prepareStatement(Ljava/lang/String;)Ljava/sql/PreparedStatement;+6
j  org.hibernate.id.SequenceGenerator.generateHolder(Lorg/hibernate/engine/spi/SessionImplementor;)Lorg/hibernate/id/IntegralDataTypeHolder;+15
j  org.hibernate.id.SequenceHiLoGenerator$1.getNextValue()Lorg/hibernate/id/IntegralDataTypeHolder;+8
j  org.hibernate.id.enhanced.LegacyHiLoAlgorithmOptimizer.generate(Lorg/hibernate/id/enhanced/AccessCallback;)Ljava/io/Serializable;+25
j  org.hibernate.id.SequenceHiLoGenerator.generate(Lorg/hibernate/engine/spi/SessionImplementor;Ljava/lang/Object;)Ljava/io/Serializable;+53
j  org.hibernate.event.internal.AbstractSaveEventListener.saveWithGeneratedId(Ljava/lang/Object;Ljava/lang/String;Ljava/lang/Object;Lorg/hibernate/event/spi/EventSource;Z)Ljava/io/Serializable;+21
j  org.hibernate.jpa.event.internal.core.JpaPersistEventListener.saveWithGeneratedId(Ljava/lang/Object;Ljava/lang/String;Ljava/lang/Object;Lorg/hibernate/event/spi/EventSource;Z)Ljava/io/Serializable;+18
j  org.hibernate.event.internal.DefaultPersistEventListener.entityIsTransient(Lorg/hibernate/event/spi/PersistEvent;Ljava/util/Map;)V+55
j  org.hibernate.event.internal.DefaultPersistEventListener.onPersist(Lorg/hibernate/event/spi/PersistEvent;Ljava/util/Map;)V+324
j  org.hibernate.event.internal.DefaultPersistEventListener.onPersist(Lorg/hibernate/event/spi/PersistEvent;)V+11
j  org.hibernate.internal.SessionImpl.firePersist(Lorg/hibernate/event/spi/PersistEvent;)V+46
j  org.hibernate.internal.SessionImpl.persist(Ljava/lang/String;Ljava/lang/Object;)V+11
j  org.hibernate.internal.SessionImpl.persist(Ljava/lang/Object;)V+3
j  org.hibernate.jpa.spi.AbstractEntityManagerImpl.persist(Ljava/lang/Object;)V+9
v  ~StubRoutines::call_stub
J 2209  sun.reflect.NativeMethodAccessorImpl.invoke0(Ljava/lang/reflect/Method;Ljava/lang/Object;[Ljava/lang/Object;)Ljava/lang/Object; (0 bytes) @ 0x00007f6dad72c9b7 [0x00007f6dad72c940+0x77]
J 2208 C1 sun.reflect.NativeMethodAccessorImpl.invoke(Ljava/lang/Object;[Ljava/lang/Object;)Ljava/lang/Object; (104 bytes) @ 0x00007f6dad72d13c [0x00007f6dad72cd60+0x3dc]
J 3669 C2 sun.reflect.DelegatingMethodAccessorImpl.invoke(Ljava/lang/Object;[Ljava/lang/Object;)Ljava/lang/Object; (10 bytes) @ 0x00007f6dad4db628 [0x00007f6dad4db5e0+0x48]
J 3692 C1 java.lang.reflect.Method.invoke(Ljava/lang/Object;[Ljava/lang/Object;)Ljava/lang/Object; (62 bytes) @ 0x00007f6dadaa5a9c [0x00007f6dadaa56a0+0x3fc]
j  org.springframework.orm.jpa.SharedEntityManagerCreator$SharedEntityManagerInvocationHandler.invoke(Ljava/lang/Object;Ljava/lang/reflect/Method;[Ljava/lang/Object;)Ljava/lang/Object;+495
j  com.sun.proxy.$Proxy92.persist(Ljava/lang/Object;)V+16
j  org.springframework.data.jpa.repository.support.SimpleJpaRepository.save(Ljava/lang/Object;)Ljava/lang/Object;+18
v  ~StubRoutines::call_stub
J 2209  sun.reflect.NativeMethodAccessorImpl.invoke0(Ljava/lang/reflect/Method;Ljava/lang/Object;[Ljava/lang/Object;)Ljava/lang/Object; (0 bytes) @ 0x00007f6dad72c9b7 [0x00007f6dad72c940+0x77]
J 2208 C1 sun.reflect.NativeMethodAccessorImpl.invoke(Ljava/lang/Object;[Ljava/lang/Object;)Ljava/lang/Object; (104 bytes) @ 0x00007f6dad72d13c [0x00007f6dad72cd60+0x3dc]
J 3669 C2 sun.reflect.DelegatingMethodAccessorImpl.invoke(Ljava/lang/Object;[Ljava/lang/Object;)Ljava/lang/Object; (10 bytes) @ 0x00007f6dad4db628 [0x00007f6dad4db5e0+0x48]
J 3692 C1 java.lang.reflect.Method.invoke(Ljava/lang/Object;[Ljava/lang/Object;)Ljava/lang/Object; (62 bytes) @ 0x00007f6dadaa5a9c [0x00007f6dadaa56a0+0x3fc]
j  org.springframework.data.repository.core.support.RepositoryFactorySupport$QueryExecutorMethodInterceptor.executeMethodOn(Ljava/lang/Object;Ljava/lang/reflect/Method;[Ljava/lang/Object;)Ljava/lang/Object;+3
j  org.springframework.data.repository.core.support.RepositoryFactorySupport$QueryExecutorMethodInterceptor.doInvoke(Lorg/aopalliance/intercept/MethodInvocation;)Ljava/lang/Object;+94
j  org.springframework.data.repository.core.support.RepositoryFactorySupport$QueryExecutorMethodInterceptor.invoke(Lorg/aopalliance/intercept/MethodInvocation;)Ljava/lang/Object;+2
j  org.springframework.aop.framework.ReflectiveMethodInvocation.proceed()Ljava/lang/Object;+101
j  org.springframework.data.projection.DefaultMethodInvokingMethodInterceptor.invoke(Lorg/aopalliance/intercept/MethodInvocation;)Ljava/lang/Object;+15
j  org.springframework.aop.framework.ReflectiveMethodInvocation.proceed()Ljava/lang/Object;+101
j  org.springframework.transaction.interceptor.TransactionInterceptor$1.proceedWithInvocation()Ljava/lang/Object;+4
j  org.springframework.transaction.interceptor.TransactionAspectSupport.invokeWithinTransaction(Ljava/lang/reflect/Method;Ljava/lang/Class;Lorg/springframework/transaction/interceptor/TransactionAspectSupport$InvocationCallback;)Ljava/lang/Object;+60
j  org.springframework.transaction.interceptor.TransactionInterceptor.invoke(Lorg/aopalliance/intercept/MethodInvocation;)Ljava/lang/Object;+40
j  org.springframework.aop.framework.ReflectiveMethodInvocation.proceed()Ljava/lang/Object;+101
j  org.springframework.dao.support.PersistenceExceptionTranslationInterceptor.invoke(Lorg/aopalliance/intercept/MethodInvocation;)Ljava/lang/Object;+1
j  org.springframework.aop.framework.ReflectiveMethodInvocation.proceed()Ljava/lang/Object;+101
j  org.springframework.data.jpa.repository.support.CrudMethodMetadataPostProcessor$CrudMethodMetadataPopulatingMethodInterceptor.invoke(Lorg/aopalliance/intercept/MethodInvocation;)Ljava/lang/Object;+89
j  org.springframework.aop.framework.ReflectiveMethodInvocation.proceed()Ljava/lang/Object;+101
j  org.springframework.aop.interceptor.ExposeInvocationInterceptor.invoke(Lorg/aopalliance/intercept/MethodInvocation;)Ljava/lang/Object;+18
j  org.springframework.aop.framework.ReflectiveMethodInvocation.proceed()Ljava/lang/Object;+101
j  org.springframework.aop.framework.JdkDynamicAopProxy.invoke(Ljava/lang/Object;Ljava/lang/reflect/Method;[Ljava/lang/Object;)Ljava/lang/Object;+385
j  com.sun.proxy.$Proxy94.save(Ljava/lang/Object;)Ljava/lang/Object;+16
j  com.example.api.service.BookService.save(Lcom/example/entity/Book;)Lcom/example/entity/Book;+5
j  com.example.crudtest.CRUDTest.insertOperation()V+19
v  ~StubRoutines::call_stub
J 2209  sun.reflect.NativeMethodAccessorImpl.invoke0(Ljava/lang/reflect/Method;Ljava/lang/Object;[Ljava/lang/Object;)Ljava/lang/Object; (0 bytes) @ 0x00007f6dad72c9b7 [0x00007f6dad72c940+0x77]
J 2208 C1 sun.reflect.NativeMethodAccessorImpl.invoke(Ljava/lang/Object;[Ljava/lang/Object;)Ljava/lang/Object; (104 bytes) @ 0x00007f6dad72d13c [0x00007f6dad72cd60+0x3dc]
J 3669 C2 sun.reflect.DelegatingMethodAccessorImpl.invoke(Ljava/lang/Object;[Ljava/lang/Object;)Ljava/lang/Object; (10 bytes) @ 0x00007f6dad4db628 [0x00007f6dad4db5e0+0x48]
J 3692 C1 java.lang.reflect.Method.invoke(Ljava/lang/Object;[Ljava/lang/Object;)Ljava/lang/Object; (62 bytes) @ 0x00007f6dadaa5a9c [0x00007f6dadaa56a0+0x3fc]
j  org.testng.internal.MethodInvocationHelper.invokeMethod(Ljava/lang/reflect/Method;Ljava/lang/Object;[Ljava/lang/Object;)Ljava/lang/Object;+242
j  org.testng.internal.MethodInvocationHelper$1.runTestMethod(Lorg/testng/ITestResult;)V+12
j  org.springframework.test.context.testng.AbstractTestNGSpringContextTests.run(Lorg/testng/IHookCallBack;Lorg/testng/ITestResult;)V+2
v  ~StubRoutines::call_stub
J 2209  sun.reflect.NativeMethodAccessorImpl.invoke0(Ljava/lang/reflect/Method;Ljava/lang/Object;[Ljava/lang/Object;)Ljava/lang/Object; (0 bytes) @ 0x00007f6dad72c9b7 [0x00007f6dad72c940+0x77]
J 2208 C1 sun.reflect.NativeMethodAccessorImpl.invoke(Ljava/lang/Object;[Ljava/lang/Object;)Ljava/lang/Object; (104 bytes) @ 0x00007f6dad72d13c [0x00007f6dad72cd60+0x3dc]
J 3669 C2 sun.reflect.DelegatingMethodAccessorImpl.invoke(Ljava/lang/Object;[Ljava/lang/Object;)Ljava/lang/Object; (10 bytes) @ 0x00007f6dad4db628 [0x00007f6dad4db5e0+0x48]
J 3692 C1 java.lang.reflect.Method.invoke(Ljava/lang/Object;[Ljava/lang/Object;)Ljava/lang/Object; (62 bytes) @ 0x00007f6dadaa5a9c [0x00007f6dadaa56a0+0x3fc]
j  org.testng.internal.MethodInvocationHelper.invokeHookable(Ljava/lang/Object;[Ljava/lang/Object;Ljava/lang/Object;Ljava/lang/reflect/Method;Lorg/testng/internal/TestResult;)V+64
j  org.testng.internal.Invoker.invokeMethod([Ljava/lang/Object;ILorg/testng/ITestNGMethod;[Ljava/lang/Object;ILorg/testng/xml/XmlSuite;Ljava/util/Map;Lorg/testng/ITestClass;[Lorg/testng/ITestNGMethod;[Lorg/testng/ITestNGMethod;Lorg/testng/internal/ConfigurationGroupMethods;)Lorg/testng/ITestResult;+280
j  org.testng.internal.Invoker.invokeTestMethod([Ljava/lang/Object;Lorg/testng/ITestNGMethod;[Ljava/lang/Object;ILorg/testng/xml/XmlSuite;Ljava/util/Map;Lorg/testng/ITestClass;[Lorg/testng/ITestNGMethod;[Lorg/testng/ITestNGMethod;Lorg/testng/internal/ConfigurationGroupMethods;)Ljava/util/List;+46
j  org.testng.internal.Invoker.invokeTestMethods(Lorg/testng/ITestNGMethod;[Lorg/testng/ITestNGMethod;ILorg/testng/xml/XmlSuite;Ljava/util/Map;Lorg/testng/internal/ConfigurationGroupMethods;[Ljava/lang/Object;Lorg/testng/ITestContext;)Ljava/util/List;+705
j  org.testng.internal.TestMethodWorker.invokeTestMethods(Lorg/testng/ITestNGMethod;[Ljava/lang/Object;Lorg/testng/ITestContext;)V+32
j  org.testng.internal.TestMethodWorker.run()V+60
j  org.testng.TestRunner.privateRun(Lorg/testng/xml/XmlTest;)V+349
j  org.testng.TestRunner.run()V+26
j  org.testng.SuiteRunner.runTest(Lorg/testng/TestRunner;)V+1
j  org.testng.SuiteRunner.runSequentially()V+31
j  org.testng.SuiteRunner.privateRun()V+281
j  org.testng.SuiteRunner.run()V+6
j  org.testng.SuiteRunnerWorker.runSuite(Lorg/testng/internal/SuiteRunnerMap;Lorg/testng/xml/XmlSuite;)V+96
j  org.testng.SuiteRunnerWorker.run()V+12
j  org.testng.TestNG.runSuitesSequentially(Lorg/testng/xml/XmlSuite;Lorg/testng/internal/SuiteRunnerMap;ILjava/lang/String;)V+66
j  org.testng.TestNG.runSuitesLocally()Ljava/util/List;+117
j  org.testng.TestNG.run()V+77
j  org.testng.remote.AbstractRemoteTestNG.run()V+163
j  org.testng.remote.RemoteTestNG.initAndRun(Lorg/testng/remote/IRemoteTestNG;[Ljava/lang/String;Lorg/testng/CommandLineArgs;Lorg/testng/remote/RemoteArgs;)V+184
j  org.testng.remote.RemoteTestNG.main([Ljava/lang/String;)V+218
v  ~StubRoutines::call_stub

---------------  P R O C E S S  ---------------

Java Threads: ( => current thread )
  0x00007f6dbd1e9800 JavaThread "http-nio-auto-1-48382-AsyncTimeout" daemon [_thread_blocked, id=7040, stack(0x00007f6d62085000,0x00007f6d62186000)]
  0x00007f6dbd1e7800 JavaThread "http-nio-auto-1-Acceptor-0" daemon [_thread_in_native, id=7039, stack(0x00007f6d62186000,0x00007f6d62287000)]
  0x00007f6dbd03d800 JavaThread "http-nio-auto-1-ClientPoller-1" daemon [_thread_in_native, id=7038, stack(0x00007f6d62287000,0x00007f6d62388000)]
  0x00007f6dbd03c000 JavaThread "http-nio-auto-1-ClientPoller-0" daemon [_thread_in_native, id=7037, stack(0x00007f6d62388000,0x00007f6d62489000)]
  0x00007f6dbd034800 JavaThread "NioBlockingSelector.BlockPoller-1" daemon [_thread_in_native, id=7036, stack(0x00007f6d62489000,0x00007f6d6258a000)]
  0x00007f6dbcc41000 JavaThread "Tomcat JDBC Pool Cleaner[865113938:1485186151004]" daemon [_thread_blocked, id=7035, stack(0x00007f6d63012000,0x00007f6d63113000)]
  0x00007f6dbcca5000 JavaThread "container-0" [_thread_blocked, id=7034, stack(0x00007f6d63513000,0x00007f6d63614000)]
  0x00007f6dbcca1800 JavaThread "ContainerBackgroundProcessor[StandardEngine[Tomcat]]" daemon [_thread_blocked, id=7033, stack(0x00007f6d63614000,0x00007f6d63715000)]
  0x00007f6d681fb800 JavaThread "localhost-startStop-1" daemon [_thread_blocked, id=7032, stack(0x00007f6da0025000,0x00007f6da0126000)]
  0x00007f6dbd32e000 JavaThread "Tomcat-startStop-1" daemon [_thread_blocked, id=7031, stack(0x00007f6da09e4000,0x00007f6da0ae5000)]
  0x00007f6dbc4cd800 JavaThread "ReaderThread" [_thread_in_native, id=7029, stack(0x00007f6da12f2000,0x00007f6da13f3000)]
  0x00007f6dbc0c7000 JavaThread "Service Thread" daemon [_thread_blocked, id=7026, stack(0x00007f6da198e000,0x00007f6da1a8f000)]
  0x00007f6dbc0c4000 JavaThread "C1 CompilerThread2" daemon [_thread_blocked, id=7025, stack(0x00007f6da1a8f000,0x00007f6da1b90000)]
  0x00007f6dbc0c2000 JavaThread "C2 CompilerThread1" daemon [_thread_in_native, id=7024, stack(0x00007f6da1b90000,0x00007f6da1c91000)]
  0x00007f6dbc0bf000 JavaThread "C2 CompilerThread0" daemon [_thread_in_native, id=7023, stack(0x00007f6da1c91000,0x00007f6da1d92000)]
  0x00007f6dbc0be000 JavaThread "Signal Dispatcher" daemon [_thread_blocked, id=7022, stack(0x00007f6da1d92000,0x00007f6da1e93000)]
  0x00007f6dbc08a000 JavaThread "Finalizer" daemon [_thread_blocked, id=7021, stack(0x00007f6da2576000,0x00007f6da2677000)]
  0x00007f6dbc085800 JavaThread "Reference Handler" daemon [_thread_blocked, id=7020, stack(0x00007f6da2677000,0x00007f6da2778000)]
=>0x00007f6dbc010000 JavaThread "main" [_thread_in_vm, id=7014, stack(0x00007f6dc3e86000,0x00007f6dc3f87000)]

Other Threads:
  0x00007f6dbc07e000 VMThread [stack: 0x00007f6da2778000,0x00007f6da2879000] [id=7019]
  0x00007f6dbc0ca000 WatcherThread [stack: 0x00007f6da188d000,0x00007f6da198e000] [id=7027]

VM state:not at safepoint (normal execution)

VM Mutex/Monitor currently owned by a thread: None

Heap:
 PSYoungGen      total 405504K, used 195341K [0x000000076ab00000, 0x000000078d600000, 0x00000007c0000000)
  eden space 391168K, 49% used [0x000000076ab00000,0x00000007769c3590,0x0000000782900000)
  from space 14336K, 0% used [0x0000000789180000,0x0000000789180000,0x0000000789f80000)
  to   space 43520K, 0% used [0x000000078ab80000,0x000000078ab80000,0x000000078d600000)
 ParOldGen       total 790016K, used 22983K [0x00000006c0000000, 0x00000006f0380000, 0x000000076ab00000)
  object space 790016K, 2% used [0x00000006c0000000,0x00000006c1671c48,0x00000006f0380000)
 Metaspace       used 45089K, capacity 45420K, committed 45824K, reserved 1089536K
  class space    used 5899K, capacity 6029K, committed 6144K, reserved 1048576K

Card table byte_map: [0x00007f6dc043f000,0x00007f6dc0c40000] byte_map_base: 0x00007f6dbce3f000

Marking Bits: (ParMarkBitMap*) 0x00007f6dc3362c80
 Begin Bits: [0x00007f6da4aaa000, 0x00007f6da8aaa000)
 End Bits:   [0x00007f6da8aaa000, 0x00007f6dacaaa000)

Polling page: 0x00007f6dc3fac000

CodeCache: size=245760Kb used=12996Kb max_used=12996Kb free=232763Kb
 bounds [0x00007f6dad000000, 0x00007f6dadcd0000, 0x00007f6dbc000000]
 total_blobs=4164 nmethods=3693 adapters=384
 compilation: enabled

Compilation events (10 events):
Event: 16.048 Thread 0x00007f6dbc0c4000 4259       1       org.testng.shaded.com.google.gson.reflect.TypeToken::hashCode (5 bytes)
Event: 16.048 Thread 0x00007f6dbc0c4000 nmethod 4259 0x00007f6dad6f5cd0 code [0x00007f6dad6f5e20, 0x00007f6dad6f5f30]
Event: 16.048 Thread 0x00007f6dbc0c4000 4260       3       java.lang.reflect.Field::getGenericType (20 bytes)
Event: 16.050 Thread 0x00007f6dbc0c4000 nmethod 4260 0x00007f6dad22b910 code [0x00007f6dad22bb60, 0x00007f6dad22c908]
Event: 16.073 Thread 0x00007f6dbc0c4000 4261       3       java.io.BufferedWriter::ensureOpen (18 bytes)
Event: 16.073 Thread 0x00007f6dbc0c4000 nmethod 4261 0x00007f6dad6f5790 code [0x00007f6dad6f5900, 0x00007f6dad6f5b48]
Event: 16.132 Thread 0x00007f6dbc0c4000 4262       3       org.hibernate.service.internal.ConcurrentServiceBinding::hashKey (5 bytes)
Event: 16.132 Thread 0x00007f6dbc0c4000 nmethod 4262 0x00007f6dad22b590 code [0x00007f6dad22b700, 0x00007f6dad22b888]
Event: 16.132 Thread 0x00007f6dbc0c4000 4263       3       sun.reflect.NativeMethodAccessorImpl::setParent (6 bytes)
Event: 16.132 Thread 0x00007f6dbc0c4000 nmethod 4263 0x00007f6dad618b50 code [0x00007f6dad618ca0, 0x00007f6dad618e10]

GC Heap History (10 events):
Event: 1.891 GC heap before
{Heap before GC invocations=1 (full 0):
 PSYoungGen      total 305664K, used 167950K [0x000000076ab00000, 0x0000000780000000, 0x00000007c0000000)
  eden space 262144K, 64% used [0x000000076ab00000,0x0000000774f039d0,0x000000077ab00000)
  from space 43520K, 0% used [0x000000077d580000,0x000000077d580000,0x0000000780000000)
  to   space 43520K, 0% used [0x000000077ab00000,0x000000077ab00000,0x000000077d580000)
 ParOldGen       total 699392K, used 0K [0x00000006c0000000, 0x00000006eab00000, 0x000000076ab00000)
  object space 699392K, 0% used [0x00000006c0000000,0x00000006c0000000,0x00000006eab00000)
 Metaspace       used 21064K, capacity 21194K, committed 21296K, reserved 1069056K
  class space    used 2602K, capacity 2642K, committed 2688K, reserved 1048576K
Event: 1.920 GC heap after
Heap after GC invocations=1 (full 0):
 PSYoungGen      total 305664K, used 20765K [0x000000076ab00000, 0x0000000790000000, 0x00000007c0000000)
  eden space 262144K, 0% used [0x000000076ab00000,0x000000076ab00000,0x000000077ab00000)
  from space 43520K, 47% used [0x000000077ab00000,0x000000077bf47678,0x000000077d580000)
  to   space 43520K, 0% used [0x000000078d580000,0x000000078d580000,0x0000000790000000)
 ParOldGen       total 699392K, used 80K [0x00000006c0000000, 0x00000006eab00000, 0x000000076ab00000)
  object space 699392K, 0% used [0x00000006c0000000,0x00000006c0014010,0x00000006eab00000)
 Metaspace       used 21064K, capacity 21194K, committed 21296K, reserved 1069056K
  class space    used 2602K, capacity 2642K, committed 2688K, reserved 1048576K
}
Event: 1.920 GC heap before
{Heap before GC invocations=2 (full 1):
 PSYoungGen      total 305664K, used 20765K [0x000000076ab00000, 0x0000000790000000, 0x00000007c0000000)
  eden space 262144K, 0% used [0x000000076ab00000,0x000000076ab00000,0x000000077ab00000)
  from space 43520K, 47% used [0x000000077ab00000,0x000000077bf47678,0x000000077d580000)
  to   space 43520K, 0% used [0x000000078d580000,0x000000078d580000,0x0000000790000000)
 ParOldGen       total 699392K, used 80K [0x00000006c0000000, 0x00000006eab00000, 0x000000076ab00000)
  object space 699392K, 0% used [0x00000006c0000000,0x00000006c0014010,0x00000006eab00000)
 Metaspace       used 21064K, capacity 21194K, committed 21296K, reserved 1069056K
  class space    used 2602K, capacity 2642K, committed 2688K, reserved 1048576K
Event: 1.992 GC heap after
Heap after GC invocations=2 (full 1):
 PSYoungGen      total 305664K, used 0K [0x000000076ab00000, 0x0000000790000000, 0x00000007c0000000)
  eden space 262144K, 0% used [0x000000076ab00000,0x000000076ab00000,0x000000077ab00000)
  from space 43520K, 0% used [0x000000077ab00000,0x000000077ab00000,0x000000077d580000)
  to   space 43520K, 0% used [0x000000078d580000,0x000000078d580000,0x0000000790000000)
 ParOldGen       total 699392K, used 19972K [0x00000006c0000000, 0x00000006eab00000, 0x000000076ab00000)
  object space 699392K, 2% used [0x00000006c0000000,0x00000006c1381120,0x00000006eab00000)
 Metaspace       used 21064K, capacity 21194K, committed 21296K, reserved 1069056K
  class space    used 2602K, capacity 2642K, committed 2688K, reserved 1048576K
}
Event: 5.107 GC heap before
{Heap before GC invocations=3 (full 1):
 PSYoungGen      total 305664K, used 262144K [0x000000076ab00000, 0x0000000790000000, 0x00000007c0000000)
  eden space 262144K, 100% used [0x000000076ab00000,0x000000077ab00000,0x000000077ab00000)
  from space 43520K, 0% used [0x000000077ab00000,0x000000077ab00000,0x000000077d580000)
  to   space 43520K, 0% used [0x000000078d580000,0x000000078d580000,0x0000000790000000)
 ParOldGen       total 699392K, used 19972K [0x00000006c0000000, 0x00000006eab00000, 0x000000076ab00000)
  object space 699392K, 2% used [0x00000006c0000000,0x00000006c1381120,0x00000006eab00000)
 Metaspace       used 30242K, capacity 30486K, committed 30720K, reserved 1077248K
  class space    used 3754K, capacity 3828K, committed 3840K, reserved 1048576K
Event: 5.135 GC heap after
Heap after GC invocations=3 (full 1):
 PSYoungGen      total 344064K, used 17109K [0x000000076ab00000, 0x000000078e680000, 0x00000007c0000000)
  eden space 326656K, 0% used [0x000000076ab00000,0x000000076ab00000,0x000000077ea00000)
  from space 17408K, 98% used [0x000000078d580000,0x000000078e6355f8,0x000000078e680000)
  to   space 43520K, 0% used [0x0000000789180000,0x0000000789180000,0x000000078bc00000)
 ParOldGen       total 699392K, used 19980K [0x00000006c0000000, 0x00000006eab00000, 0x000000076ab00000)
  object space 699392K, 2% used [0x00000006c0000000,0x00000006c1383120,0x00000006eab00000)
 Metaspace       used 30242K, capacity 30486K, committed 30720K, reserved 1077248K
  class space    used 3754K, capacity 3828K, committed 3840K, reserved 1048576K
}
Event: 11.542 GC heap before
{Heap before GC invocations=4 (full 1):
 PSYoungGen      total 344064K, used 154190K [0x000000076ab00000, 0x000000078e680000, 0x00000007c0000000)
  eden space 326656K, 41% used [0x000000076ab00000,0x00000007730de400,0x000000077ea00000)
  from space 17408K, 98% used [0x000000078d580000,0x000000078e6355f8,0x000000078e680000)
  to   space 43520K, 0% used [0x0000000789180000,0x0000000789180000,0x000000078bc00000)
 ParOldGen       total 699392K, used 19980K [0x00000006c0000000, 0x00000006eab00000, 0x000000076ab00000)
  object space 699392K, 2% used [0x00000006c0000000,0x00000006c1383120,0x00000006eab00000)
 Metaspace       used 35054K, capacity 35350K, committed 35496K, reserved 1081344K
  class space    used 4500K, capacity 4580K, committed 4608K, reserved 1048576K
Event: 11.563 GC heap after
Heap after GC invocations=4 (full 1):
 PSYoungGen      total 405504K, used 13981K [0x000000076ab00000, 0x000000078d600000, 0x00000007c0000000)
  eden space 391168K, 0% used [0x000000076ab00000,0x000000076ab00000,0x0000000782900000)
  from space 14336K, 97% used [0x0000000789180000,0x0000000789f27640,0x0000000789f80000)
  to   space 43520K, 0% used [0x000000078ab80000,0x000000078ab80000,0x000000078d600000)
 ParOldGen       total 699392K, used 19988K [0x00000006c0000000, 0x00000006eab00000, 0x000000076ab00000)
  object space 699392K, 2% used [0x00000006c0000000,0x00000006c1385120,0x00000006eab00000)
 Metaspace       used 35054K, capacity 35350K, committed 35496K, reserved 1081344K
  class space    used 4500K, capacity 4580K, committed 4608K, reserved 1048576K
}
Event: 11.563 GC heap before
{Heap before GC invocations=5 (full 2):
 PSYoungGen      total 405504K, used 13981K [0x000000076ab00000, 0x000000078d600000, 0x00000007c0000000)
  eden space 391168K, 0% used [0x000000076ab00000,0x000000076ab00000,0x0000000782900000)
  from space 14336K, 97% used [0x0000000789180000,0x0000000789f27640,0x0000000789f80000)
  to   space 43520K, 0% used [0x000000078ab80000,0x000000078ab80000,0x000000078d600000)
 ParOldGen       total 699392K, used 19988K [0x00000006c0000000, 0x00000006eab00000, 0x000000076ab00000)
  object space 699392K, 2% used [0x00000006c0000000,0x00000006c1385120,0x00000006eab00000)
 Metaspace       used 35054K, capacity 35350K, committed 35496K, reserved 1081344K
  class space    used 4500K, capacity 4580K, committed 4608K, reserved 1048576K
Event: 11.630 GC heap after
Heap after GC invocations=5 (full 2):
 PSYoungGen      total 405504K, used 0K [0x000000076ab00000, 0x000000078d600000, 0x00000007c0000000)
  eden space 391168K, 0% used [0x000000076ab00000,0x000000076ab00000,0x0000000782900000)
  from space 14336K, 0% used [0x0000000789180000,0x0000000789180000,0x0000000789f80000)
  to   space 43520K, 0% used [0x000000078ab80000,0x000000078ab80000,0x000000078d600000)
 ParOldGen       total 790016K, used 22983K [0x00000006c0000000, 0x00000006f0380000, 0x000000076ab00000)
  object space 790016K, 2% used [0x00000006c0000000,0x00000006c1671c48,0x00000006f0380000)
 Metaspace       used 35054K, capacity 35350K, committed 35496K, reserved 1081344K
  class space    used 4500K, capacity 4580K, committed 4608K, reserved 1048576K
}

Deoptimization events (10 events):
Event: 14.799 Thread 0x00007f6dbc010000 Uncommon trap: reason=class_check action=maybe_recompile pc=0x00007f6dad7e7d88 method=java.util.regex.Pattern$Curly.match(Ljava/util/regex/Matcher;ILjava/lang/CharSequence;)Z @ 19
Event: 14.844 Thread 0x00007f6dbc010000 Uncommon trap: reason=unstable_if action=reinterpret pc=0x00007f6dad4f05e4 method=java.util.concurrent.ConcurrentHashMap.transfer([Ljava/util/concurrent/ConcurrentHashMap$Node;[Ljava/util/concurrent/ConcurrentHashMap$Node;)V @ 356
Event: 14.844 Thread 0x00007f6dbc010000 Uncommon trap: reason=unstable_if action=reinterpret pc=0x00007f6dad1b046c method=java.util.concurrent.ConcurrentHashMap.transfer([Ljava/util/concurrent/ConcurrentHashMap$Node;[Ljava/util/concurrent/ConcurrentHashMap$Node;)V @ 356
Event: 14.983 Thread 0x00007f6dbc010000 Uncommon trap: reason=unstable_if action=reinterpret pc=0x00007f6dadb8c1b0 method=sun.reflect.generics.reflectiveObjects.WildcardTypeImpl.getLowerBounds()[Ljava/lang/reflect/Type; @ 23
Event: 15.524 Thread 0x00007f6dbc010000 Uncommon trap: reason=unstable_if action=reinterpret pc=0x00007f6dadbd4724 method=java.lang.reflect.Modifier.toString(I)Ljava/lang/String; @ 123
Event: 15.524 Thread 0x00007f6dbc010000 Uncommon trap: reason=unstable_if action=reinterpret pc=0x00007f6dadbff0d0 method=java.lang.reflect.Modifier.toString(I)Ljava/lang/String; @ 123
Event: 15.668 Thread 0x00007f6dbc010000 Uncommon trap: reason=unstable_if action=reinterpret pc=0x00007f6dad13bf74 method=org.springframework.util.ConcurrentReferenceHashMap$Segment.clear()V @ 4
Event: 15.921 Thread 0x00007f6dbc010000 Uncommon trap: reason=predicate action=maybe_recompile pc=0x00007f6dadc4666c method=java.util.TreeMap.getEntry(Ljava/lang/Object;)Ljava/util/TreeMap$Entry; @ 39
Event: 15.980 Thread 0x00007f6dbc010000 Uncommon trap: reason=bimorphic action=maybe_recompile pc=0x00007f6dad10ebd4 method=java.util.Hashtable.get(Ljava/lang/Object;)Ljava/lang/Object; @ 6
Event: 15.980 Thread 0x00007f6dbc010000 Uncommon trap: reason=bimorphic action=maybe_recompile pc=0x00007f6dad10ebd4 method=java.util.Hashtable.get(Ljava/lang/Object;)Ljava/lang/Object; @ 6

Internal exceptions (10 events):
Event: 15.560 Thread 0x00007f6dbc010000 Exception <a 'java/lang/ClassNotFoundException': org/springframework/boot/autoconfigure/web/WebClientAutoConfigurationCustomizer> (0x0000000774bf07f0) thrown at [/HUDSON3/workspace/8-2-build-linux-amd64/jdk8u121/8372/hotspot/src/share/vm/classfile/systemD
Event: 15.560 Thread 0x00007f6dbc010000 Exception <a 'java/lang/ClassNotFoundException': org/springframework/boot/autoconfigure/web/WebClientAutoConfiguration$$EnhancerBySpringCGLIB$$52d5929eCustomizer> (0x0000000774c140e8) thrown at [/HUDSON3/workspace/8-2-build-linux-amd64/jdk8u121/8372/hotsp
Event: 15.561 Thread 0x00007f6dbc010000 Exception <a 'java/lang/ClassNotFoundException': org/springframework/context/annotation/ConfigurationClassEnhancer$EnhancedConfigurationCustomizer> (0x0000000774c38420) thrown at [/HUDSON3/workspace/8-2-build-linux-amd64/jdk8u121/8372/hotspot/src/share/vm
Event: 16.005 Thread 0x00007f6dbc010000 Exception <a 'java/lang/ClassNotFoundException': java/lang/ObjectCustomizer> (0x0000000775b6e0b8) thrown at [/HUDSON3/workspace/8-2-build-linux-amd64/jdk8u121/8372/hotspot/src/share/vm/classfile/systemDictionary.cpp, line 210]
Event: 16.006 Thread 0x00007f6dbc010000 Exception <a 'java/lang/ClassNotFoundException': org/springframework/test/context/testng/AbstractTestNGSpringContextTestsCustomizer> (0x0000000775b8be00) thrown at [/HUDSON3/workspace/8-2-build-linux-amd64/jdk8u121/8372/hotspot/src/share/vm/classfile/syst
Event: 16.006 Thread 0x00007f6dbc010000 Exception <a 'java/lang/ClassNotFoundException': com/example/crudtest/CRUDTestCustomizer> (0x0000000775b9e9c8) thrown at [/HUDSON3/workspace/8-2-build-linux-amd64/jdk8u121/8372/hotspot/src/share/vm/classfile/systemDictionary.cpp, line 210]
Event: 16.007 Thread 0x00007f6dbc010000 Exception <a 'java/lang/ClassNotFoundException': org/testng/IHookableCustomizer> (0x0000000775baf3f0) thrown at [/HUDSON3/workspace/8-2-build-linux-amd64/jdk8u121/8372/hotspot/src/share/vm/classfile/systemDictionary.cpp, line 210]
Event: 16.007 Thread 0x00007f6dbc010000 Exception <a 'java/lang/ClassNotFoundException': org/springframework/context/ApplicationContextAwareCustomizer> (0x0000000775bc5590) thrown at [/HUDSON3/workspace/8-2-build-linux-amd64/jdk8u121/8372/hotspot/src/share/vm/classfile/systemDictionary.cpp, lin
Event: 16.135 Thread 0x00007f6dbc010000 Exception <a 'java/lang/ClassNotFoundException': java/lang/ObjectCustomizer> (0x000000077642f430) thrown at [/HUDSON3/workspace/8-2-build-linux-amd64/jdk8u121/8372/hotspot/src/share/vm/classfile/systemDictionary.cpp, line 210]
Event: 16.136 Thread 0x00007f6dbc010000 Exception <a 'java/lang/ClassNotFoundException': com/example/entity/BookCustomizer> (0x0000000776441dc0) thrown at [/HUDSON3/workspace/8-2-build-linux-amd64/jdk8u121/8372/hotspot/src/share/vm/classfile/systemDictionary.cpp, line 210]

Events (10 events):
Event: 16.142 loading class org/hibernate/engine/jdbc/internal/FormatStyle
Event: 16.142 loading class org/hibernate/engine/jdbc/internal/FormatStyle done
Event: 16.142 loading class org/hibernate/engine/jdbc/internal/Formatter
Event: 16.142 loading class org/hibernate/engine/jdbc/internal/Formatter done
Event: 16.143 loading class org/hibernate/engine/jdbc/internal/BasicFormatterImpl
Event: 16.143 loading class org/hibernate/engine/jdbc/internal/BasicFormatterImpl done
Event: 16.143 loading class org/hibernate/engine/jdbc/internal/DDLFormatterImpl
Event: 16.143 loading class org/hibernate/engine/jdbc/internal/DDLFormatterImpl done
Event: 16.144 loading class org/hibernate/engine/jdbc/internal/FormatStyle$NoFormatImpl
Event: 16.144 loading class org/hibernate/engine/jdbc/internal/FormatStyle$NoFormatImpl done


Dynamic libraries:
00400000-00401000 r-xp 00000000 08:03 3554757                            /usr/lib/jvm/java-8-oracle/bin/java
00600000-00601000 rw-p 00000000 08:03 3554757                            /usr/lib/jvm/java-8-oracle/bin/java
018c6000-018e7000 rw-p 00000000 00:00 0                                  [heap]
6c0000000-6f0380000 rw-p 00000000 00:00 0 
6f0380000-76ab00000 ---p 00000000 00:00 0 
76ab00000-78d600000 rw-p 00000000 00:00 0 
78d600000-7c0000000 ---p 00000000 00:00 0 
7c0000000-7c0600000 rw-p 00000000 00:00 0 
7c0600000-800000000 ---p 00000000 00:00 0 
7f6d3c000000-7f6d3c021000 rw-p 00000000 00:00 0 
7f6d3c021000-7f6d40000000 ---p 00000000 00:00 0 
7f6d40000000-7f6d40021000 rw-p 00000000 00:00 0 
7f6d40021000-7f6d44000000 ---p 00000000 00:00 0 
7f6d44000000-7f6d44021000 rw-p 00000000 00:00 0 
7f6d44021000-7f6d48000000 ---p 00000000 00:00 0 
7f6d48000000-7f6d48021000 rw-p 00000000 00:00 0 
7f6d48021000-7f6d4c000000 ---p 00000000 00:00 0 
7f6d4c000000-7f6d4c021000 rw-p 00000000 00:00 0 
7f6d4c021000-7f6d50000000 ---p 00000000 00:00 0 
7f6d50000000-7f6d50021000 rw-p 00000000 00:00 0 
7f6d50021000-7f6d54000000 ---p 00000000 00:00 0 
7f6d54000000-7f6d54021000 rw-p 00000000 00:00 0 
7f6d54021000-7f6d58000000 ---p 00000000 00:00 0 
7f6d58000000-7f6d58021000 rw-p 00000000 00:00 0 
7f6d58021000-7f6d5c000000 ---p 00000000 00:00 0 
7f6d5c000000-7f6d5c2ca000 rw-p 00000000 00:00 0 
7f6d5c2ca000-7f6d60000000 ---p 00000000 00:00 0 
7f6d62085000-7f6d62088000 ---p 00000000 00:00 0 
7f6d62088000-7f6d62186000 rw-p 00000000 00:00 0                          [stack:7040]
7f6d62186000-7f6d62189000 ---p 00000000 00:00 0 
7f6d62189000-7f6d62287000 rw-p 00000000 00:00 0                          [stack:7039]
7f6d62287000-7f6d6228a000 ---p 00000000 00:00 0 
7f6d6228a000-7f6d62388000 rw-p 00000000 00:00 0                          [stack:7038]
7f6d62388000-7f6d6238b000 ---p 00000000 00:00 0 
7f6d6238b000-7f6d62489000 rw-p 00000000 00:00 0                          [stack:7037]
7f6d62489000-7f6d6248c000 ---p 00000000 00:00 0 
7f6d6248c000-7f6d6264a000 rw-p 00000000 00:00 0                          [stack:7036]
7f6d6264a000-7f6d6278a000 ---p 00000000 00:00 0 
7f6d6278a000-7f6d6298a000 rw-p 00000000 00:00 0 
7f6d6298a000-7f6d62b8a000 rw-p 00000000 00:00 0 
7f6d62b8a000-7f6d62d8a000 rw-p 00000000 00:00 0 
7f6d62d8a000-7f6d62e0e000 r-xp 00000000 08:03 5917606                    /tmp/sqlite-3.7.2-libsqlitejdbc.so
7f6d62e0e000-7f6d6300e000 ---p 00084000 08:03 5917606                    /tmp/sqlite-3.7.2-libsqlitejdbc.so
7f6d6300e000-7f6d6300f000 r--p 00084000 08:03 5917606                    /tmp/sqlite-3.7.2-libsqlitejdbc.so
7f6d6300f000-7f6d63012000 rw-p 00085000 08:03 5917606                    /tmp/sqlite-3.7.2-libsqlitejdbc.so
7f6d63012000-7f6d63015000 ---p 00000000 00:00 0 
7f6d63015000-7f6d63313000 rw-p 00000000 00:00 0                          [stack:7035]
7f6d63313000-7f6d63513000 rw-p 00000000 00:00 0 
7f6d63513000-7f6d63516000 ---p 00000000 00:00 0 
7f6d63516000-7f6d63614000 rw-p 00000000 00:00 0                          [stack:7034]
7f6d63614000-7f6d63617000 ---p 00000000 00:00 0 
7f6d63617000-7f6d63915000 rw-p 00000000 00:00 0                          [stack:7033]
7f6d63a00000-7f6d63c00000 rw-p 00000000 00:00 0 
7f6d63c00000-7f6d63e00000 rw-p 00000000 00:00 0 
7f6d63e00000-7f6d64000000 rw-p 00000000 00:00 0 
7f6d64000000-7f6d64021000 rw-p 00000000 00:00 0 
7f6d64021000-7f6d68000000 ---p 00000000 00:00 0 
7f6d68000000-7f6d681fe000 rw-p 00000000 00:00 0 
7f6d681fe000-7f6d6c000000 ---p 00000000 00:00 0 
7f6d6c000000-7f6d6c021000 rw-p 00000000 00:00 0 
7f6d6c021000-7f6d70000000 ---p 00000000 00:00 0 
7f6d70000000-7f6d70021000 rw-p 00000000 00:00 0 
7f6d70021000-7f6d74000000 ---p 00000000 00:00 0 
7f6d74000000-7f6d7578e000 rw-p 00000000 00:00 0 
7f6d7578e000-7f6d78000000 ---p 00000000 00:00 0 
7f6d78000000-7f6d78ff6000 rw-p 00000000 00:00 0 
7f6d78ff6000-7f6d7c000000 ---p 00000000 00:00 0 
7f6d7c000000-7f6d7c021000 rw-p 00000000 00:00 0 
7f6d7c021000-7f6d80000000 ---p 00000000 00:00 0 
7f6d80000000-7f6d81b4d000 rw-p 00000000 00:00 0 
7f6d81b4d000-7f6d84000000 ---p 00000000 00:00 0 
7f6d84000000-7f6d84021000 rw-p 00000000 00:00 0 
7f6d84021000-7f6d88000000 ---p 00000000 00:00 0 
7f6d88000000-7f6d88021000 rw-p 00000000 00:00 0 
7f6d88021000-7f6d8c000000 ---p 00000000 00:00 0 
7f6d8c000000-7f6d8c021000 rw-p 00000000 00:00 0 
7f6d8c021000-7f6d90000000 ---p 00000000 00:00 0 
7f6d90000000-7f6d90021000 rw-p 00000000 00:00 0 
7f6d90021000-7f6d94000000 ---p 00000000 00:00 0 
7f6d94000000-7f6d94021000 rw-p 00000000 00:00 0 
7f6d94021000-7f6d98000000 ---p 00000000 00:00 0 
7f6d98000000-7f6d98021000 rw-p 00000000 00:00 0 
7f6d98021000-7f6d9c000000 ---p 00000000 00:00 0 
7f6d9c000000-7f6d9c021000 rw-p 00000000 00:00 0 
7f6d9c021000-7f6da0000000 ---p 00000000 00:00 0 
7f6da0024000-7f6da0025000 rw-p 00000000 00:00 0 
7f6da0025000-7f6da0028000 ---p 00000000 00:00 0 
7f6da0028000-7f6da0126000 rw-p 00000000 00:00 0                          [stack:7032]
7f6da0126000-7f6da0139000 r--s 00345000 08:03 3569668                    /usr/lib/jvm/java-8-oracle/jre/lib/resources.jar
7f6da0139000-7f6da01ce000 r--s 01109000 08:03 3569596                    /usr/lib/jvm/java-8-oracle/jre/lib/ext/jfxrt.jar
7f6da01ce000-7f6da03ce000 rw-p 00000000 00:00 0 
7f6da03ce000-7f6da03df000 r-xp 00000000 08:03 4870868                    /usr/lib/jvm/java-8-oracle/jre/lib/amd64/libnio.so
7f6da03df000-7f6da05de000 ---p 00011000 08:03 4870868                    /usr/lib/jvm/java-8-oracle/jre/lib/amd64/libnio.so
7f6da05de000-7f6da05df000 rw-p 00010000 08:03 4870868                    /usr/lib/jvm/java-8-oracle/jre/lib/amd64/libnio.so
7f6da05df000-7f6da07df000 rw-p 00000000 00:00 0 
7f6da07df000-7f6da07e4000 r--s 002f9000 08:03 3569547                    /usr/lib/jvm/java-8-oracle/jre/lib/charsets.jar
7f6da07e4000-7f6da09e4000 rw-p 00000000 00:00 0 
7f6da09e4000-7f6da09e7000 ---p 00000000 00:00 0 
7f6da09e7000-7f6da0ae5000 rw-p 00000000 00:00 0                          [stack:7031]
7f6da0ae5000-7f6da0aee000 r-xp 00000000 08:03 4870832                    /usr/lib/jvm/java-8-oracle/jre/lib/amd64/libmanagement.so
7f6da0aee000-7f6da0ced000 ---p 00009000 08:03 4870832                    /usr/lib/jvm/java-8-oracle/jre/lib/amd64/libmanagement.so
7f6da0ced000-7f6da0cee000 rw-p 00008000 08:03 4870832                    /usr/lib/jvm/java-8-oracle/jre/lib/amd64/libmanagement.so
7f6da0cee000-7f6da0eee000 rw-p 00000000 00:00 0 
7f6da0eee000-7f6da10ee000 rw-p 00000000 00:00 0 
7f6da10ee000-7f6da12ee000 rw-p 00000000 00:00 0 
7f6da12ee000-7f6da12f2000 r--s 0009a000 08:03 3569602                    /usr/lib/jvm/java-8-oracle/jre/lib/jsse.jar
7f6da12f2000-7f6da12f5000 ---p 00000000 00:00 0 
7f6da12f5000-7f6da13f3000 rw-p 00000000 00:00 0                          [stack:7029]
7f6da13f3000-7f6da1409000 r-xp 00000000 08:03 4870893                    /usr/lib/jvm/java-8-oracle/jre/lib/amd64/libnet.so
7f6da1409000-7f6da1609000 ---p 00016000 08:03 4870893                    /usr/lib/jvm/java-8-oracle/jre/lib/amd64/libnet.so
7f6da1609000-7f6da160a000 rw-p 00016000 08:03 4870893                    /usr/lib/jvm/java-8-oracle/jre/lib/amd64/libnet.so
7f6da160a000-7f6da160b000 r--s 0000c000 08:03 5916924                    /home/sharmila/.gradle/caches/modules-2/files-2.1/org.ow2.asm/asm/5.0.3/dcc2193db20e19e1feca8b1240dbbc4e190824fa/asm-5.0.3.jar
7f6da160b000-7f6da1615000 r--s 00069000 08:03 5923589                    /home/sharmila/.gradle/caches/modules-2/files-2.1/ch.qos.logback/logback-core/1.1.8/b4d1c3dea91727faf8b3d19cf4b9b972d6c0b89/logback-core-1.1.8.jar
7f6da1615000-7f6da1617000 r--s 00012000 08:03 5916922                    /home/sharmila/.gradle/caches/modules-2/files-2.1/net.minidev/accessors-smart/1.1/a527213f2fea112a04c9bdf0ec0264e34104cd08/accessors-smart-1.1.jar
7f6da1617000-7f6da1619000 r--s 00009000 08:03 5923902                    /home/sharmila/.gradle/caches/modules-2/files-2.1/org.apache.tomcat/tomcat-juli/8.5.6/83d2d1e3362ecca504f3bf8ed1bc4cc451754d24/tomcat-juli-8.5.6.jar
7f6da1619000-7f6da1622000 r--s 0002d000 08:03 5923903                    /home/sharmila/.gradle/caches/modules-2/files-2.1/xml-apis/xml-apis/1.4.01/3789d9fada2d3d458c4ba2de349d48780f381ee3/xml-apis-1.4.01.jar
7f6da1622000-7f6da1624000 r--s 00004000 08:03 5923588                    /home/sharmila/.gradle/caches/modules-2/files-2.1/org.slf4j/log4j-over-slf4j/1.7.22/a527c37e9ca6c3d19ba298edd4aa344ca751a203/log4j-over-slf4j-1.7.22.jar
7f6da1624000-7f6da1626000 r--s 00000000 08:03 5923587                    /home/sharmila/.gradle/caches/modules-2/files-2.1/org.slf4j/jul-to-slf4j/1.7.22/b0429e950b3d2bc2c39c1bacafac753edbe3781c/jul-to-slf4j-1.7.22.jar
7f6da1626000-7f6da162c000 r--s 00045000 08:03 5923585                    /home/sharmila/.gradle/caches/modules-2/files-2.1/ch.qos.logback/logback-classic/1.1.8/e54f49a227611976642f81cf2106b81c1ece8bf5/logback-classic-1.1.8.jar
7f6da162c000-7f6da162d000 r--s 0000f000 08:03 5916909                    /home/sharmila/.gradle/caches/modules-2/files-2.1/org.json/json/20140107/d1ffca6e2482b002702c6a576166fd685e3370e3/json-20140107.jar
7f6da162d000-7f6da162f000 r--s 00009000 08:03 5916921                    /home/sharmila/.gradle/caches/modules-2/files-2.1/org.objenesis/objenesis/2.1/87c0ea803b69252868d09308b4618f766f135a96/objenesis-2.1.jar
7f6da162f000-7f6da1632000 r--s 0001b000 08:03 5916920                    /home/sharmila/.gradle/caches/modules-2/files-2.1/net.minidev/json-smart/2.2.1/5b9e5df7a62d1279b70dc882b041d249c4f0b002/json-smart-2.2.1.jar
7f6da1632000-7f6da1634000 r--s 00003000 08:03 5923586                    /home/sharmila/.gradle/caches/modules-2/files-2.1/org.slf4j/jcl-over-slf4j/1.7.22/86ceac14535af5a42c8fb0d06d79b925dd3cb263/jcl-over-slf4j-1.7.22.jar
7f6da1634000-7f6da1636000 r--s 00009000 08:03 5923584                    /home/sharmila/.gradle/caches/modules-2/files-2.1/org.slf4j/slf4j-api/1.7.22/a1c83373863cec7ae8d89dc1c5722d8cb6ec0309/slf4j-api-1.7.22.jar
7f6da1636000-7f6da163e000 r--s 0003a000 08:03 5923901                    /home/sharmila/.gradle/caches/modules-2/files-2.1/org.springframework/spring-tx/4.3.5.RELEASE/296d8ae21fadc0f115dae7d1e8d5c4f8c7de2c3e/spring-tx-4.3.5.RELEASE.jar
7f6da163e000-7f6da1648000 r--s 0006b000 08:03 5923900                    /home/sharmila/.gradle/caches/modules-2/files-2.1/org.springframework/spring-orm/4.3.5.RELEASE/64c29d310b69bcc6e1fd5a738fa3629bdedb2d3f/spring-orm-4.3.5.RELEASE.jar
7f6da1648000-7f6da1658000 r--s 0009a000 08:03 5923899                    /home/sharmila/.gradle/caches/modules-2/files-2.1/org.springframework.data/spring-data-commons/1.12.6.RELEASE/b6403dcfce33e89613f364d80d653d7540279c47/spring-data-commons-1.12.6.RELEASE.jar
7f6da1658000-7f6da1662000 r--s 0005f000 08:03 5923898                    /home/sharmila/.gradle/caches/modules-2/files-2.1/org.springframework/spring-jdbc/4.3.5.RELEASE/7c09e38b6f6e0b178973dea06bb8fdc6d19aa596/spring-jdbc-4.3.5.RELEASE.jar
7f6da1662000-7f6da1665000 r--s 00020000 08:03 5923897                    /home/sharmila/.gradle/caches/modules-2/files-2.1/org.apache.tomcat/tomcat-jdbc/8.5.6/feb10a9e22f70565c7556f327b0481dba8587bbc/tomcat-jdbc-8.5.6.jar
7f6da1665000-7f6da167e000 r--s 001af000 08:03 5923896                    /home/sharmila/.gradle/caches/modules-2/files-2.1/org.aspectj/aspectjweaver/1.8.9/db28774f477f07220eac18d5ec9c4e01f48589d7/aspectjweaver-1.8.9.jar
7f6da167e000-7f6da1681000 r--s 00010000 08:03 5923833                    /home/sharmila/.gradle/caches/modules-2/files-2.1/org.hibernate.common/hibernate-commons-annotations/5.0.1.Final/71e1cff3fcb20d3b3af4f3363c3ddb24d33c6879/hibernate-commons-annotations-5.0.1.Final.jar
7f6da1681000-7f6da1686000 r--s 00048000 08:03 5923832                    /home/sharmila/.gradle/caches/modules-2/files-2.1/dom4j/dom4j/1.6.1/5d3ccc056b6f056dbf0dddfdf43894b9065a8f94/dom4j-1.6.1.jar
7f6da1686000-7f6da1689000 r--s 0002b000 08:03 5923433                    /home/sharmila/.gradle/caches/modules-2/files-2.1/org.jboss/jandex/2.0.0.Final/3e899258936f94649c777193e1be846387ed54b3/jandex-2.0.0.Final.jar
7f6da1689000-7f6da168a000 r--s 00003000 08:03 5923830                    /home/sharmila/.gradle/caches/modules-2/files-2.1/org.apache.geronimo.specs/geronimo-jta_1.1_spec/1.1.1/aabab3165b8ea936b9360abbf448459c0d04a5a4/geronimo-jta_1.1_spec-1.1.1.jar
7f6da168a000-7f6da168f000 r--s 00068000 08:03 5923829                    /home/sharmila/.gradle/caches/modules-2/files-2.1/antlr/antlr/2.7.7/83cd2cd674a217ade95a4bb83a8a14f351f48bd0/antlr-2.7.7.jar
7f6da168f000-7f6da1694000 r--s 0003c000 08:03 5923583                    /home/sharmila/.gradle/caches/modules-2/files-2.1/org.springframework/spring-expression/4.3.5.RELEASE/3689dc6c5b942ecde4122eac889ed87977d6f287/spring-expression-4.3.5.RELEASE.jar
7f6da1694000-7f6da16ae000 r--s 000fc000 08:03 5923582                    /home/sharmila/.gradle/caches/modules-2/files-2.1/org.springframework/spring-context/4.3.5.RELEASE/ca3391c0e17d0138335ba51b51371661d20d56a8/spring-context-4.3.5.RELEASE.jar
7f6da16ae000-7f6da16bb000 r--s 000ad000 08:03 5923581                    /home/sharmila/.gradle/caches/modules-2/files-2.1/org.springframework/spring-beans/4.3.5.RELEASE/e12bbc3277da28e2e2608a187f83091dc6c300bf/spring-beans-4.3.5.RELEASE.jar
7f6da16bb000-7f6da16c4000 r--s 00054000 08:03 5923580                    /home/sharmila/.gradle/caches/modules-2/files-2.1/org.springframework/spring-aop/4.3.5.RELEASE/4f113218af716bd8d174c411f19b26418b5a70f6/spring-aop-4.3.5.RELEASE.jar
7f6da16c4000-7f6da16c8000 r--s 00041000 08:03 5923579                    /home/sharmila/.gradle/caches/modules-2/files-2.1/com.fasterxml.jackson.core/jackson-core/2.8.5/60d059f5d2930ccd1ef03535b713fd9f933d1ba7/jackson-core-2.8.5.jar
7f6da16c8000-7f6da16cb000 r--s 0000b000 08:03 5923578                    /home/sharmila/.gradle/caches/modules-2/files-2.1/com.fasterxml.jackson.core/jackson-annotations/2.8.5/9d82ff47bc2c2d3b5b6a6618fe636782bbcd5b07/jackson-annotations-2.8.5.jar
7f6da16cb000-7f6da16cd000 r--s 0000e000 08:03 5917543                    /home/sharmila/.gradle/caches/modules-2/files-2.1/com.fasterxml/classmate/1.3.3/864c8e370a691e343210cc7c532fc198cee460d8/classmate-1.3.3.jar
7f6da16cd000-7f6da16d1000 r--s 0000c000 08:03 5916766                    /home/sharmila/.gradle/caches/modules-2/files-2.1/javax.validation/validation-api/1.1.0.Final/8613ae82954779d518631e05daa73a6a954817d5/validation-api-1.1.0.Final.jar
7f6da16d1000-7f6da16d6000 r--s 00036000 08:03 5917542                    /home/sharmila/.gradle/caches/modules-2/files-2.1/org.apache.tomcat.embed/tomcat-embed-websocket/8.5.6/6f6940a216b380ea8506530c374fcfeef820ba54/tomcat-embed-websocket-8.5.6.jar
7f6da16d6000-7f6da16d7000 r--s 00000000 08:03 5923577                    /home/sharmila/.gradle/caches/modules-2/files-2.1/org.springframework.boot/spring-boot-starter-logging/1.4.3.RELEASE/1c58783c0694abf695babfd39829922d2d501ec2/spring-boot-starter-logging-1.4.3.RELEASE.jar
7f6da16d7000-7f6da16f5000 r--s 000d0000 08:03 5923576                    /home/sharmila/.gradle/caches/modules-2/files-2.1/org.springframework.boot/spring-boot-autoconfigure/1.4.3.RELEASE/41df1bfbdd4ae4e8499ebe1a4bc613bda316d6e1/spring-boot-autoconfigure-1.4.3.RELEASE.jar
7f6da16f5000-7f6da1705000 r--s 00092000 08:03 5923575                    /home/sharmila/.gradle/caches/modules-2/files-2.1/org.springframework.boot/spring-boot/1.4.3.RELEASE/17f94def4460075afdfba6bf8f897cd1fc95bf77/spring-boot-1.4.3.RELEASE.jar
7f6da1705000-7f6da1714000 r--s 00084000 08:03 5923574                    /home/sharmila/.gradle/caches/modules-2/files-2.1/org.springframework/spring-test/4.3.5.RELEASE/a1965127e07b469d8e5bb3d2b0ff850423b66be4/spring-test-4.3.5.RELEASE.jar
7f6da1714000-7f6da172a000 r--s 000fa000 08:03 5923530                    /home/sharmila/.gradle/caches/modules-2/files-2.1/org.springframework/spring-core/4.3.5.RELEASE/80299e3f80e8c6d5c076db2ba6adf44a4b52f578/spring-core-4.3.5.RELEASE.jar
7f6da172a000-7f6da172b000 r--s 00006000 08:03 5916915                    /home/sharmila/.gradle/caches/modules-2/files-2.1/org.skyscreamer/jsonassert/1.3.0/d5c250eb122496866de36dc84f98e2945845ecdd/jsonassert-1.3.0.jar
7f6da172b000-7f6da172c000 r--s 0000c000 08:03 5916912                    /home/sharmila/.gradle/caches/modules-2/files-2.1/org.hamcrest/hamcrest-library/1.3/4785a3c21320980282f9f33d0d1264a69040538f/hamcrest-library-1.3.jar
7f6da172c000-7f6da172e000 r--s 00009000 08:03 5913472                    /home/sharmila/.gradle/caches/modules-2/files-2.1/org.hamcrest/hamcrest-core/1.3/42a25dc3219429f0e5d060061f71acb49bf010a0/hamcrest-core-1.3.jar
7f6da172e000-7f6da174a000 r--s 00103000 08:03 5916914                    /home/sharmila/.gradle/caches/modules-2/files-2.1/org.mockito/mockito-core/1.10.19/e8546f5bef4e061d8dd73895b4e8f40e3fe6effe/mockito-core-1.10.19.jar
7f6da174a000-7f6da175d000 r--s 000d2000 08:03 5916913                    /home/sharmila/.gradle/caches/modules-2/files-2.1/org.assertj/assertj-core/2.5.0/fcd21db4c5f33e5dcac69bf1816415fe0647582f/assertj-core-2.5.0.jar
7f6da175d000-7f6da1762000 r--s 0002e000 08:03 5916911                    /home/sharmila/.gradle/caches/modules-2/files-2.1/com.jayway.jsonpath/json-path/2.2.0/22290d17944bd239fabf5ac69005a60a7ecbbbcb/json-path-2.2.0.jar
7f6da1762000-7f6da1767000 r--s 00017000 08:03 5923573                    /home/sharmila/.gradle/caches/modules-2/files-2.1/org.springframework.boot/spring-boot-test-autoconfigure/1.4.3.RELEASE/1a7587605e981a58104a501ab1896e2eb7a76686/spring-boot-test-autoconfigure-1.4.3.RELEASE.jar
7f6da1767000-7f6da176c000 r--s 00021000 08:03 5923572                    /home/sharmila/.gradle/caches/modules-2/files-2.1/org.springframework.boot/spring-boot-test/1.4.3.RELEASE/2d76638f0f13b33859bf3b927c232ff0f8a4ffbf/spring-boot-test-1.4.3.RELEASE.jar
7f6da176c000-7f6da1772000 r--s 0003d000 08:03 5916762                    /home/sharmila/.gradle/caches/modules-2/files-2.1/org.yaml/snakeyaml/1.17/7a27ea250c5130b2922b86dea63cbb1cc10a660c/snakeyaml-1.17.jar
7f6da1772000-7f6da1774000 r--s 00006000 08:03 5923638                    /home/sharmila/.gradle/caches/modules-2/files-2.1/com.beust/jcommander/1.12/7409692b48022f9eca7445861defbcdb9ee3c2a8/jcommander-1.12.jar
7f6da1774000-7f6da1779000 r--s 00040000 08:03 5923637                    /home/sharmila/.gradle/caches/modules-2/files-2.1/org.beanshell/bsh/2.0b4/a05f0a0feefa8d8467ac80e16e7de071489f0d9c/bsh-2.0b4.jar
7f6da1779000-7f6da1781000 r--s 00045000 08:03 5913471                    /home/sharmila/.gradle/caches/modules-2/files-2.1/junit/junit/4.12/2973d150c0dc1fefe998f834810d68f278ea58ec/junit-4.12.jar
7f6da1781000-7f6da1784000 r--s 0000c000 08:03 5923895                    /home/sharmila/.gradle/caches/modules-2/files-2.1/org.springframework/spring-aspects/4.3.5.RELEASE/8c00c15865a1da0a1ba143a50622a8436a56e097/spring-aspects-4.3.5.RELEASE.jar
7f6da1784000-7f6da178a000 r--s 0003f000 08:03 5923894                    /home/sharmila/.gradle/caches/modules-2/files-2.1/org.springframework.data/spring-data-jpa/1.10.6.RELEASE/5d478860b24a493845248c1c336c33a657567bd3/spring-data-jpa-1.10.6.RELEASE.jar
7f6da178a000-7f6da178c000 r--s 00006000 08:03 5923893                    /home/sharmila/.gradle/caches/modules-2/files-2.1/javax.transaction/javax.transaction-api/1.2/d81aff979d603edd90dcd8db2abc1f4ce6479e3e/javax.transaction-api-1.2.jar
7f6da178c000-7f6da1799000 r--s 00089000 08:03 5923892                    /home/sharmila/.gradle/caches/modules-2/files-2.1/org.hibernate/hibernate-entitymanager/5.0.11.Final/549565caed4e0bcb816843693e66ff7b04ce025f/hibernate-entitymanager-5.0.11.Final.jar
7f6da1799000-7f6da179a000 r--s 00000000 08:03 5923891                    /home/sharmila/.gradle/caches/modules-2/files-2.1/org.springframework.boot/spring-boot-starter-jdbc/1.4.3.RELEASE/7ce66cf27ea731189248be7af2ab84ba189e1151/spring-boot-starter-jdbc-1.4.3.RELEASE.jar
7f6da179a000-7f6da17a4000 r--s 000ae000 08:03 5916958                    /home/sharmila/.gradle/caches/modules-2/files-2.1/org.javassist/javassist/3.20.0-GA/a9cbcdfb7e9f86fbc74d3afae65f2248bfbf82a0/javassist-3.20.0-GA.jar
7f6da17a4000-7f6da180d000 r--s 004f3000 08:03 5923432                    /home/sharmila/.gradle/caches/modules-2/files-2.1/org.hibernate/hibernate-core/5.0.11.Final/c2487fb72a2217a7cec9ab478d4c21a36fc09977/hibernate-core-5.0.11.Final.jar
7f6da180d000-7f6da1820000 r--s 00236000 08:03 5916949                    /home/sharmila/.gradle/caches/modules-2/files-2.1/org.eclipse.jdt.core.compiler/ecj/4.5.1/bee1367ac12fb6a20b422ff8711ebeb4f0a42316/ecj-4.5.1.jar
7f6da1820000-7f6da1849000 r--s 002b2000 08:03 5917540                    /home/sharmila/.gradle/caches/modules-2/files-2.1/org.apache.tomcat.embed/tomcat-embed-core/8.5.6/960834b5abc6b2135250487abf6c060a0fa5a22e/tomcat-embed-core-8.5.6.jar
7f6da1849000-7f6da185a000 r--s 000cf000 08:03 5923571                    /home/sharmila/.gradle/caches/modules-2/files-2.1/org.springframework/spring-webmvc/4.3.5.RELEASE/c624659217edab07d8279fb0f90462136f089220/spring-webmvc-4.3.5.RELEASE.jar
7f6da185a000-7f6da186c000 r--s 000b6000 08:03 5923570                    /home/sharmila/.gradle/caches/modules-2/files-2.1/org.springframework/spring-web/4.3.5.RELEASE/6641daccf2fddafc8358144f3a4f999130fdf144/spring-web-4.3.5.RELEASE.jar
7f6da186c000-7f6da187d000 r--s 0011d000 08:03 5923569                    /home/sharmila/.gradle/caches/modules-2/files-2.1/com.fasterxml.jackson.core/jackson-databind/2.8.5/b3035f37e674c04dafe36a660c3815cc59f764e2/jackson-databind-2.8.5.jar
7f6da187d000-7f6da188d000 r--s 0009c000 08:03 5916756                    /home/sharmila/.gradle/caches/modules-2/files-2.1/org.hibernate/hibernate-validator/5.2.4.Final/fb18766b576aa6632bcfe9a20a023cbd52bf9769/hibernate-validator-5.2.4.Final.jar
7f6da188d000-7f6da188e000 ---p 00000000 00:00 0 
7f6da188e000-7f6da198e000 rw-p 00000000 00:00 0                          [stack:7027]
7f6da198e000-7f6da1991000 ---p 00000000 00:00 0 
7f6da1991000-7f6da1a8f000 rw-p 00000000 00:00 0                          [stack:7026]
7f6da1a8f000-7f6da1a92000 ---p 00000000 00:00 0 
7f6da1a92000-7f6da1b90000 rw-p 00000000 00:00 0                          [stack:7025]
7f6da1b90000-7f6da1b93000 ---p 00000000 00:00 0 
7f6da1b93000-7f6da1c91000 rw-p 00000000 00:00 0                          [stack:7024]
7f6da1c91000-7f6da1c94000 ---p 00000000 00:00 0 
7f6da1c94000-7f6da1d92000 rw-p 00000000 00:00 0                          [stack:7023]
7f6da1d92000-7f6da1d95000 ---p 00000000 00:00 0 
7f6da1d95000-7f6da1e93000 rw-p 00000000 00:00 0                          [stack:7022]
7f6da1e93000-7f6da2576000 r--p 00000000 08:03 3152909                    /usr/lib/locale/locale-archive
7f6da2576000-7f6da2579000 ---p 00000000 00:00 0 
7f6da2579000-7f6da2677000 rw-p 00000000 00:00 0                          [stack:7021]
7f6da2677000-7f6da267a000 ---p 00000000 00:00 0 
7f6da267a000-7f6da2778000 rw-p 00000000 00:00 0                          [stack:7020]
7f6da2778000-7f6da2779000 ---p 00000000 00:00 0 
7f6da2779000-7f6da385b000 rw-p 00000000 00:00 0                          [stack:7019]
7f6da385b000-7f6da3a34000 r--s 03d3e000 08:03 3569606                    /usr/lib/jvm/java-8-oracle/jre/lib/rt.jar
7f6da3a34000-7f6da42aa000 rw-p 00000000 00:00 0 
7f6da42aa000-7f6dacc2c000 rw-p 00000000 00:00 0 
7f6dacc2c000-7f6dad000000 ---p 00000000 00:00 0 
7f6dad000000-7f6dadcd0000 rwxp 00000000 00:00 0 
7f6dadcd0000-7f6dbc000000 ---p 00000000 00:00 0 
7f6dbc000000-7f6dbd621000 rw-p 00000000 00:00 0 
7f6dbd621000-7f6dc0000000 ---p 00000000 00:00 0 
7f6dc0000000-7f6dc0001000 r--s 00000000 08:03 5923890                    /home/sharmila/.gradle/caches/modules-2/files-2.1/org.springframework.boot/spring-boot-starter-aop/1.4.3.RELEASE/30b11b6455bed446d3b4a1a49fab529b2cfac454/spring-boot-starter-aop-1.4.3.RELEASE.jar
7f6dc0001000-7f6dc0006000 r--s 00017000 08:03 5923828                    /home/sharmila/.gradle/caches/modules-2/files-2.1/org.hibernate.javax.persistence/hibernate-jpa-2.1-api/1.0.0.Final/5e731d961297e5a07290bfaf3db1fbc8bbbf405a/hibernate-jpa-2.1-api-1.0.0.Final.jar
7f6dc0006000-7f6dc0008000 r--s 0000f000 08:03 5916917                    /home/sharmila/.gradle/caches/modules-2/files-2.1/org.jboss.logging/jboss-logging/3.3.0.Final/3616bb87707910296e2c195dc016287080bba5af/jboss-logging-3.3.0.Final.jar
7f6dc0008000-7f6dc000d000 r--s 00036000 08:03 5917541                    /home/sharmila/.gradle/caches/modules-2/files-2.1/org.apache.tomcat.embed/tomcat-embed-el/8.5.6/a102298d8dc72f4065533d5962953d753b172602/tomcat-embed-el-8.5.6.jar
7f6dc000d000-7f6dc000e000 r--s 00000000 08:03 5923568                    /home/sharmila/.gradle/caches/modules-2/files-2.1/org.springframework.boot/spring-boot-starter-tomcat/1.4.3.RELEASE/61c48035a7a3b06b42fdd07b7109e562077b3792/spring-boot-starter-tomcat-1.4.3.RELEASE.jar
7f6dc000e000-7f6dc001a000 r--s 000a4000 08:03 5923636                    /home/sharmila/.gradle/caches/modules-2/files-2.1/org.testng/testng/6.5.2/5069d2e72356ed87645c5fc3622b0bbb5e0667c9/testng-6.5.2.jar
7f6dc001a000-7f6dc003b000 rw-p 00000000 00:00 0 
7f6dc003b000-7f6dc003c000 ---p 00000000 00:00 0 
7f6dc003c000-7f6dc013c000 rw-p 00000000 00:00 0                          [stack:7018]
7f6dc013c000-7f6dc013d000 ---p 00000000 00:00 0 
7f6dc013d000-7f6dc023d000 rw-p 00000000 00:00 0                          [stack:7017]
7f6dc023d000-7f6dc023e000 ---p 00000000 00:00 0 
7f6dc023e000-7f6dc033e000 rw-p 00000000 00:00 0                          [stack:7016]
7f6dc033e000-7f6dc033f000 ---p 00000000 00:00 0 
7f6dc033f000-7f6dc05c1000 rw-p 00000000 00:00 0                          [stack:7015]
7f6dc05c1000-7f6dc0994000 ---p 00000000 00:00 0 
7f6dc0994000-7f6dc0aaa000 rw-p 00000000 00:00 0 
7f6dc0aaa000-7f6dc0c3f000 ---p 00000000 00:00 0 
7f6dc0c3f000-7f6dc0c74000 rw-p 00000000 00:00 0 
7f6dc0c74000-7f6dc1000000 ---p 00000000 00:00 0 
7f6dc1000000-7f6dc101a000 r-xp 00000000 08:03 4870864                    /usr/lib/jvm/java-8-oracle/jre/lib/amd64/libzip.so
7f6dc101a000-7f6dc121a000 ---p 0001a000 08:03 4870864                    /usr/lib/jvm/java-8-oracle/jre/lib/amd64/libzip.so
7f6dc121a000-7f6dc121b000 rw-p 0001a000 08:03 4870864                    /usr/lib/jvm/java-8-oracle/jre/lib/amd64/libzip.so
7f6dc121b000-7f6dc1225000 r-xp 00000000 08:03 4070135                    /lib/x86_64-linux-gnu/libnss_files-2.19.so
7f6dc1225000-7f6dc1424000 ---p 0000a000 08:03 4070135                    /lib/x86_64-linux-gnu/libnss_files-2.19.so
7f6dc1424000-7f6dc1425000 r--p 00009000 08:03 4070135                    /lib/x86_64-linux-gnu/libnss_files-2.19.so
7f6dc1425000-7f6dc1426000 rw-p 0000a000 08:03 4070135                    /lib/x86_64-linux-gnu/libnss_files-2.19.so
7f6dc1426000-7f6dc1431000 r-xp 00000000 08:03 4070127                    /lib/x86_64-linux-gnu/libnss_nis-2.19.so
7f6dc1431000-7f6dc1630000 ---p 0000b000 08:03 4070127                    /lib/x86_64-linux-gnu/libnss_nis-2.19.so
7f6dc1630000-7f6dc1631000 r--p 0000a000 08:03 4070127                    /lib/x86_64-linux-gnu/libnss_nis-2.19.so
7f6dc1631000-7f6dc1632000 rw-p 0000b000 08:03 4070127                    /lib/x86_64-linux-gnu/libnss_nis-2.19.so
7f6dc1632000-7f6dc1649000 r-xp 00000000 08:03 4070123                    /lib/x86_64-linux-gnu/libnsl-2.19.so
7f6dc1649000-7f6dc1848000 ---p 00017000 08:03 4070123                    /lib/x86_64-linux-gnu/libnsl-2.19.so
7f6dc1848000-7f6dc1849000 r--p 00016000 08:03 4070123                    /lib/x86_64-linux-gnu/libnsl-2.19.so
7f6dc1849000-7f6dc184a000 rw-p 00017000 08:03 4070123                    /lib/x86_64-linux-gnu/libnsl-2.19.so
7f6dc184a000-7f6dc184c000 rw-p 00000000 00:00 0 
7f6dc184c000-7f6dc1855000 r-xp 00000000 08:03 4070122                    /lib/x86_64-linux-gnu/libnss_compat-2.19.so
7f6dc1855000-7f6dc1a54000 ---p 00009000 08:03 4070122                    /lib/x86_64-linux-gnu/libnss_compat-2.19.so
7f6dc1a54000-7f6dc1a55000 r--p 00008000 08:03 4070122                    /lib/x86_64-linux-gnu/libnss_compat-2.19.so
7f6dc1a55000-7f6dc1a56000 rw-p 00009000 08:03 4070122                    /lib/x86_64-linux-gnu/libnss_compat-2.19.so
7f6dc1a56000-7f6dc1a81000 r-xp 00000000 08:03 4870782                    /usr/lib/jvm/java-8-oracle/jre/lib/amd64/libjava.so
7f6dc1a81000-7f6dc1c80000 ---p 0002b000 08:03 4870782                    /usr/lib/jvm/java-8-oracle/jre/lib/amd64/libjava.so
7f6dc1c80000-7f6dc1c82000 rw-p 0002a000 08:03 4870782                    /usr/lib/jvm/java-8-oracle/jre/lib/amd64/libjava.so
7f6dc1c82000-7f6dc1c8f000 r-xp 00000000 08:03 4870821                    /usr/lib/jvm/java-8-oracle/jre/lib/amd64/libverify.so
7f6dc1c8f000-7f6dc1e8e000 ---p 0000d000 08:03 4870821                    /usr/lib/jvm/java-8-oracle/jre/lib/amd64/libverify.so
7f6dc1e8e000-7f6dc1e90000 rw-p 0000c000 08:03 4870821                    /usr/lib/jvm/java-8-oracle/jre/lib/amd64/libverify.so
7f6dc1e90000-7f6dc1e97000 r-xp 00000000 08:03 4070131                    /lib/x86_64-linux-gnu/librt-2.19.so
7f6dc1e97000-7f6dc2096000 ---p 00007000 08:03 4070131                    /lib/x86_64-linux-gnu/librt-2.19.so
7f6dc2096000-7f6dc2097000 r--p 00006000 08:03 4070131                    /lib/x86_64-linux-gnu/librt-2.19.so
7f6dc2097000-7f6dc2098000 rw-p 00007000 08:03 4070131                    /lib/x86_64-linux-gnu/librt-2.19.so
7f6dc2098000-7f6dc219d000 r-xp 00000000 08:03 4070117                    /lib/x86_64-linux-gnu/libm-2.19.so
7f6dc219d000-7f6dc239c000 ---p 00105000 08:03 4070117                    /lib/x86_64-linux-gnu/libm-2.19.so
7f6dc239c000-7f6dc239d000 r--p 00104000 08:03 4070117                    /lib/x86_64-linux-gnu/libm-2.19.so
7f6dc239d000-7f6dc239e000 rw-p 00105000 08:03 4070117                    /lib/x86_64-linux-gnu/libm-2.19.so
7f6dc239e000-7f6dc306c000 r-xp 00000000 08:03 5260205                    /usr/lib/jvm/java-8-oracle/jre/lib/amd64/server/libjvm.so
7f6dc306c000-7f6dc326c000 ---p 00cce000 08:03 5260205                    /usr/lib/jvm/java-8-oracle/jre/lib/amd64/server/libjvm.so
7f6dc326c000-7f6dc3345000 rw-p 00cce000 08:03 5260205                    /usr/lib/jvm/java-8-oracle/jre/lib/amd64/server/libjvm.so
7f6dc3345000-7f6dc3390000 rw-p 00000000 00:00 0 
7f6dc3390000-7f6dc354a000 r-xp 00000000 08:03 4070132                    /lib/x86_64-linux-gnu/libc-2.19.so
7f6dc354a000-7f6dc374a000 ---p 001ba000 08:03 4070132                    /lib/x86_64-linux-gnu/libc-2.19.so
7f6dc374a000-7f6dc374e000 r--p 001ba000 08:03 4070132                    /lib/x86_64-linux-gnu/libc-2.19.so
7f6dc374e000-7f6dc3750000 rw-p 001be000 08:03 4070132                    /lib/x86_64-linux-gnu/libc-2.19.so
7f6dc3750000-7f6dc3755000 rw-p 00000000 00:00 0 
7f6dc3755000-7f6dc3758000 r-xp 00000000 08:03 4070119                    /lib/x86_64-linux-gnu/libdl-2.19.so
7f6dc3758000-7f6dc3957000 ---p 00003000 08:03 4070119                    /lib/x86_64-linux-gnu/libdl-2.19.so
7f6dc3957000-7f6dc3958000 r--p 00002000 08:03 4070119                    /lib/x86_64-linux-gnu/libdl-2.19.so
7f6dc3958000-7f6dc3959000 rw-p 00003000 08:03 4070119                    /lib/x86_64-linux-gnu/libdl-2.19.so
7f6dc3959000-7f6dc396e000 r-xp 00000000 08:03 3555343                    /usr/lib/jvm/java-8-oracle/lib/amd64/jli/libjli.so
7f6dc396e000-7f6dc3b6e000 ---p 00015000 08:03 3555343                    /usr/lib/jvm/java-8-oracle/lib/amd64/jli/libjli.so
7f6dc3b6e000-7f6dc3b6f000 rw-p 00015000 08:03 3555343                    /usr/lib/jvm/java-8-oracle/lib/amd64/jli/libjli.so
7f6dc3b6f000-7f6dc3b88000 r-xp 00000000 08:03 4070124                    /lib/x86_64-linux-gnu/libpthread-2.19.so
7f6dc3b88000-7f6dc3d87000 ---p 00019000 08:03 4070124                    /lib/x86_64-linux-gnu/libpthread-2.19.so
7f6dc3d87000-7f6dc3d88000 r--p 00018000 08:03 4070124                    /lib/x86_64-linux-gnu/libpthread-2.19.so
7f6dc3d88000-7f6dc3d89000 rw-p 00019000 08:03 4070124                    /lib/x86_64-linux-gnu/libpthread-2.19.so
7f6dc3d89000-7f6dc3d8d000 rw-p 00000000 00:00 0 
7f6dc3d8d000-7f6dc3db0000 r-xp 00000000 08:03 4070125                    /lib/x86_64-linux-gnu/ld-2.19.so
7f6dc3db0000-7f6dc3db1000 r--s 00000000 08:03 5923567                    /home/sharmila/.gradle/caches/modules-2/files-2.1/org.springframework.boot/spring-boot-starter/1.4.3.RELEASE/c99bad104719e947b3f9aa2b7569583805e4c5d5/spring-boot-starter-1.4.3.RELEASE.jar
7f6dc3db1000-7f6dc3db2000 r--s 00000000 08:03 5923566                    /home/sharmila/.gradle/caches/modules-2/files-2.1/org.springframework.boot/spring-boot-starter-test/1.4.3.RELEASE/6e9f1dbd3f68299c0183630ef07ca430de160050/spring-boot-starter-test-1.4.3.RELEASE.jar
7f6dc3db2000-7f6dc3db3000 r--s 00000000 08:03 5923889                    /home/sharmila/.gradle/caches/modules-2/files-2.1/org.springframework.boot/spring-boot-starter-data-jpa/1.4.3.RELEASE/ffda06c2144d10239014407333c223a237b73ad7/spring-boot-starter-data-jpa-1.4.3.RELEASE.jar
7f6dc3db3000-7f6dc3e86000 rw-p 00000000 00:00 0 
7f6dc3e86000-7f6dc3e89000 ---p 00000000 00:00 0 
7f6dc3e89000-7f6dc3f8b000 rw-p 00000000 00:00 0                          [stack:7014]
7f6dc3f8b000-7f6dc3f8c000 r--s 00003000 08:03 5923431                    /home/sharmila/.gradle/caches/modules-2/files-2.1/org.hibernate/hibernate-gradle-plugin/5.2.3.Final/db2ad8695e48a03a566b74fb5fc07c1732c1f5e5/hibernate-gradle-plugin-5.2.3.Final.jar
7f6dc3f8c000-7f6dc3f91000 r--s 00309000 08:03 5923826                    /home/sharmila/.gradle/caches/modules-2/files-2.1/org.xerial/sqlite-jdbc/3.7.2/7a3d67f00508d3881650579f7f228c61bfc1b196/sqlite-jdbc-3.7.2.jar
7f6dc3f91000-7f6dc3f9a000 r--s 00095000 08:03 5913393                    /home/sharmila/.gradle/caches/modules-2/files-2.1/org.apache.tomcat.embed/tomcat-embed-jasper/9.0.0.M11/e2cd5a7038094195c3163532e01daf051d9265fe/tomcat-embed-jasper-9.0.0.M11.jar
7f6dc3f9a000-7f6dc3f9b000 r--s 00000000 08:03 5923565                    /home/sharmila/.gradle/caches/modules-2/files-2.1/org.springframework.boot/spring-boot-starter-web/1.4.3.RELEASE/a0dcc919eda8e8ecb6f13f52a30e6afbb8266103/spring-boot-starter-web-1.4.3.RELEASE.jar
7f6dc3f9b000-7f6dc3fa3000 r--s 00046000 08:03 3828792                    /home/sharmila/Downloads/IDE/sts 3.6.4/sts-bundle/sts-3.6.4.RELEASE/plugins/org.testng.eclipse_6.10.0.201612030230/lib/testng-remote.jar
7f6dc3fa3000-7f6dc3fab000 rw-s 00000000 08:03 5923617                    /tmp/hsperfdata_sharmila/7008
7f6dc3fab000-7f6dc3fac000 rw-p 00000000 00:00 0 
7f6dc3fac000-7f6dc3fad000 r--p 00000000 00:00 0 
7f6dc3fad000-7f6dc3faf000 rw-p 00000000 00:00 0 
7f6dc3faf000-7f6dc3fb0000 r--p 00022000 08:03 4070125                    /lib/x86_64-linux-gnu/ld-2.19.so
7f6dc3fb0000-7f6dc3fb1000 rw-p 00023000 08:03 4070125                    /lib/x86_64-linux-gnu/ld-2.19.so
7f6dc3fb1000-7f6dc3fb2000 rw-p 00000000 00:00 0 
7ffccc598000-7ffccc5bc000 rw-p 00000000 00:00 0                          [stack]
7ffccc5fb000-7ffccc5fd000 r-xp 00000000 00:00 0                          [vdso]
ffffffffff600000-ffffffffff601000 r-xp 00000000 00:00 0                  [vsyscall]

VM Arguments:
jvm_args: -ea -Xms1024m -Xmx4096m -Dfile.encoding=UTF-8 
java_command: org.testng.remote.RemoteTestNG -serport 38975 -protocol json -d /home/sharmila/Documents/work-office/TestNG_Project/test-output /tmp/testng-eclipse--1916308350/testng-customsuite.xml
java_class_path (initial): /home/sharmila/Downloads/IDE/sts 3.6.4/sts-bundle/sts-3.6.4.RELEASE/plugins/org.testng.eclipse_6.10.0.201612030230/lib/testng-remote.jar:/home/sharmila/Documents/work-office/TestNG_Project/bin:/home/sharmila/.gradle/caches/modules-2/files-2.1/org.springframework.boot/spring-boot-starter-web/1.4.3.RELEASE/a0dcc919eda8e8ecb6f13f52a30e6afbb8266103/spring-boot-starter-web-1.4.3.RELEASE.jar:/home/sharmila/.gradle/caches/modules-2/files-2.1/org.apache.tomcat.embed/tomcat-embed-jasper/9.0.0.M11/e2cd5a7038094195c3163532e01daf051d9265fe/tomcat-embed-jasper-9.0.0.M11.jar:/home/sharmila/.gradle/caches/modules-2/files-2.1/org.xerial/sqlite-jdbc/3.7.2/7a3d67f00508d3881650579f7f228c61bfc1b196/sqlite-jdbc-3.7.2.jar:/home/sharmila/.gradle/caches/modules-2/files-2.1/org.hibernate/hibernate-gradle-plugin/5.2.3.Final/db2ad8695e48a03a566b74fb5fc07c1732c1f5e5/hibernate-gradle-plugin-5.2.3.Final.jar:/home/sharmila/.gradle/caches/modules-2/files-2.1/org.springframework.boot/spring-boot-starter-data-jpa/1.4.3.RELEASE/ffda06c2144d10239014407333c223a237b73ad7/spring-boot-starter-data-jpa-1.4.3.RELEASE.jar:/home/sharmila/.gradle/caches/modules-2/files-2.1/org.testng/testng/6.5.2/5069d2e72356ed87645c5fc3622b0bbb5e0667c9/testng-6.5.2.jar:/home/sharmila/.gradle/caches/modules-2/files-2.1/org.springframework.boot/spring-boot-starter-test/1.4.3.RELEASE/6e9f1dbd3f68299c0183630ef07ca430de160050/spring-boot-starter-test-1.4.3.RELEASE.jar:/home/sharmila/.gradle/caches/modules-2/files-2.1/org.springframework.boot/spring-boot-starter/1.4.3.RELEASE/c99bad104719e947b3f9aa2b7569583805e4c5d5/spring-boot-starter-1.4.3.RELEASE.jar:/home/sharmila/.gradle/caches/modules-2/files-2.1/org.springframework.boot/spring-boot-starter-tomcat/1.4.3.RELEASE/61c48035a7a3b06b42fdd07b7109e562077b3792/spring-boot-starter-tomcat-1.4.3.RELEASE.jar:/home/sharmila/.gradle/caches/modules-2/files-2.1/org.hibernate/hibernate-validator/5.2.4.Final/fb18766b576aa6632bcfe9a20a023cbd52bf9769/hibernate-validat
Launcher Type: SUN_STANDARD

Environment Variables:
JAVA_HOME=/usr/lib/jvm/java-8-oracle
PATH=/usr/local/sbin:/usr/local/bin:/usr/sbin:/usr/bin:/sbin:/bin:/usr/games:/usr/local/games:/usr/lib/jvm/java-8-oracle/bin:/usr/lib/jvm/java-8-oracle/db/bin:/usr/lib/jvm/java-8-oracle/jre/bin
SHELL=/bin/bash
DISPLAY=:0.0

Signal Handlers:
SIGSEGV: [libjvm.so+0xac78c0], sa_mask[0]=11111111011111111101111111111110, sa_flags=SA_RESTART|SA_SIGINFO
SIGBUS: [libjvm.so+0xac78c0], sa_mask[0]=11111111011111111101111111111110, sa_flags=SA_RESTART|SA_SIGINFO
SIGFPE: [libjvm.so+0x920ac0], sa_mask[0]=11111111011111111101111111111110, sa_flags=SA_RESTART|SA_SIGINFO
SIGPIPE: [libjvm.so+0x920ac0], sa_mask[0]=11111111011111111101111111111110, sa_flags=SA_RESTART|SA_SIGINFO
SIGXFSZ: [libjvm.so+0x920ac0], sa_mask[0]=11111111011111111101111111111110, sa_flags=SA_RESTART|SA_SIGINFO
SIGILL: [libjvm.so+0x920ac0], sa_mask[0]=11111111011111111101111111111110, sa_flags=SA_RESTART|SA_SIGINFO
SIGUSR1: SIG_DFL, sa_mask[0]=00000000000000000000000000000000, sa_flags=none
SIGUSR2: [libjvm.so+0x922300], sa_mask[0]=00100000000000000000000000000000, sa_flags=SA_RESTART|SA_SIGINFO
SIGHUP: [libjvm.so+0x923700], sa_mask[0]=11111111011111111101111111111110, sa_flags=SA_RESTART|SA_SIGINFO
SIGINT: [libjvm.so+0x923700], sa_mask[0]=11111111011111111101111111111110, sa_flags=SA_RESTART|SA_SIGINFO
SIGTERM: [libjvm.so+0x923700], sa_mask[0]=11111111011111111101111111111110, sa_flags=SA_RESTART|SA_SIGINFO
SIGQUIT: [libjvm.so+0x923700], sa_mask[0]=11111111011111111101111111111110, sa_flags=SA_RESTART|SA_SIGINFO


---------------  S Y S T E M  ---------------

OS:DISTRIB_ID=Ubuntu
DISTRIB_RELEASE=14.04
DISTRIB_CODENAME=trusty
DISTRIB_DESCRIPTION="Ubuntu 14.04.5 LTS"

uname:Linux 3.13.0-107-generic #154-Ubuntu SMP Tue Dec 20 09:57:27 UTC 2016 x86_64
libc:glibc 2.19 NPTL 2.19 
rlimit: STACK 8192k, CORE 0k, NPROC 30712, NOFILE 4096, AS infinity
load average:2.48 1.67 1.07

/proc/meminfo:
MemTotal:        3953548 kB
MemFree:          112084 kB
Buffers:            2060 kB
Cached:           397284 kB
SwapCached:        77628 kB
Active:          2584308 kB
Inactive:        1035424 kB
Active(anon):    2547412 kB
Inactive(anon):   986448 kB
Active(file):      36896 kB
Inactive(file):    48976 kB
Unevictable:         208 kB
Mlocked:             208 kB
SwapTotal:       7999484 kB
SwapFree:        7495248 kB
Dirty:               228 kB
Writeback:             0 kB
AnonPages:       3187564 kB
Mapped:           181212 kB
Shmem:            313200 kB
Slab:              93288 kB
SReclaimable:      53548 kB
SUnreclaim:        39740 kB
KernelStack:        6080 kB
PageTables:        52768 kB
NFS_Unstable:          0 kB
Bounce:                0 kB
WritebackTmp:          0 kB
CommitLimit:     9976256 kB
Committed_AS:    9953388 kB
VmallocTotal:   34359738367 kB
VmallocUsed:      401000 kB
VmallocChunk:   34359326684 kB
HardwareCorrupted:     0 kB
AnonHugePages:   1433600 kB
HugePages_Total:       0
HugePages_Free:        0
HugePages_Rsvd:        0
HugePages_Surp:        0
Hugepagesize:       2048 kB
DirectMap4k:       92332 kB
DirectMap2M:     2959360 kB
DirectMap1G:     1048576 kB


CPU:total 4 (2 cores per cpu, 2 threads per core) family 6 model 69 stepping 1, cmov, cx8, fxsr, mmx, sse, sse2, sse3, ssse3, sse4.1, sse4.2, popcnt, avx, avx2, aes, clmul, erms, lzcnt, ht, tsc, tscinvbit, bmi1, bmi2

/proc/cpuinfo:
processor	: 0
vendor_id	: GenuineIntel
cpu family	: 6
model		: 69
model name	: Intel(R) Core(TM) i5-4200U CPU @ 1.60GHz
stepping	: 1
microcode	: 0x17
cpu MHz		: 1600.000
cache size	: 3072 KB
physical id	: 0
siblings	: 4
core id		: 0
cpu cores	: 2
apicid		: 0
initial apicid	: 0
fpu		: yes
fpu_exception	: yes
cpuid level	: 13
wp		: yes
flags		: fpu vme de pse tsc msr pae mce cx8 apic sep mtrr pge mca cmov pat pse36 clflush dts acpi mmx fxsr sse sse2 ss ht tm pbe syscall nx pdpe1gb rdtscp lm constant_tsc arch_perfmon pebs bts rep_good nopl xtopology nonstop_tsc aperfmperf eagerfpu pni pclmulqdq dtes64 monitor ds_cpl vmx est tm2 ssse3 fma cx16 xtpr pdcm pcid sse4_1 sse4_2 movbe popcnt tsc_deadline_timer aes xsave avx f16c rdrand lahf_lm abm ida arat epb xsaveopt pln pts dtherm tpr_shadow vnmi flexpriority ept vpid fsgsbase tsc_adjust bmi1 avx2 smep bmi2 erms invpcid
bogomips	: 4589.73
clflush size	: 64
cache_alignment	: 64
address sizes	: 39 bits physical, 48 bits virtual
power management:

processor	: 1
vendor_id	: GenuineIntel
cpu family	: 6
model		: 69
model name	: Intel(R) Core(TM) i5-4200U CPU @ 1.60GHz
stepping	: 1
microcode	: 0x17
cpu MHz		: 1600.000
cache size	: 3072 KB
physical id	: 0
siblings	: 4
core id		: 0
cpu cores	: 2
apicid		: 1
initial apicid	: 1
fpu		: yes
fpu_exception	: yes
cpuid level	: 13
wp		: yes
flags		: fpu vme de pse tsc msr pae mce cx8 apic sep mtrr pge mca cmov pat pse36 clflush dts acpi mmx fxsr sse sse2 ss ht tm pbe syscall nx pdpe1gb rdtscp lm constant_tsc arch_perfmon pebs bts rep_good nopl xtopology nonstop_tsc aperfmperf eagerfpu pni pclmulqdq dtes64 monitor ds_cpl vmx est tm2 ssse3 fma cx16 xtpr pdcm pcid sse4_1 sse4_2 movbe popcnt tsc_deadline_timer aes xsave avx f16c rdrand lahf_lm abm ida arat epb xsaveopt pln pts dtherm tpr_shadow vnmi flexpriority ept vpid fsgsbase tsc_adjust bmi1 avx2 smep bmi2 erms invpcid
bogomips	: 4589.73
clflush size	: 64
cache_alignment	: 64
address sizes	: 39 bits physical, 48 bits virtual
power management:

processor	: 2
vendor_id	: GenuineIntel
cpu family	: 6
model		: 69
model name	: Intel(R) Core(TM) i5-4200U CPU @ 1.60GHz
stepping	: 1
microcode	: 0x17
cpu MHz		: 1600.000
cache size	: 3072 KB
physical id	: 0
siblings	: 4
core id		: 1
cpu cores	: 2
apicid		: 2
initial apicid	: 2
fpu		: yes
fpu_exception	: yes
cpuid level	: 13
wp		: yes
flags		: fpu vme de pse tsc msr pae mce cx8 apic sep mtrr pge mca cmov pat pse36 clflush dts acpi mmx fxsr sse sse2 ss ht tm pbe syscall nx pdpe1gb rdtscp lm constant_tsc arch_perfmon pebs bts rep_good nopl xtopology nonstop_tsc aperfmperf eagerfpu pni pclmulqdq dtes64 monitor ds_cpl vmx est tm2 ssse3 fma cx16 xtpr pdcm pcid sse4_1 sse4_2 movbe popcnt tsc_deadline_timer aes xsave avx f16c rdrand lahf_lm abm ida arat epb xsaveopt pln pts dtherm tpr_shadow vnmi flexpriority ept vpid fsgsbase tsc_adjust bmi1 avx2 smep bmi2 erms invpcid
bogomips	: 4589.73
clflush size	: 64
cache_alignment	: 64
address sizes	: 39 bits physical, 48 bits virtual
power management:

processor	: 3
vendor_id	: GenuineIntel
cpu family	: 6
model		: 69
model name	: Intel(R) Core(TM) i5-4200U CPU @ 1.60GHz
stepping	: 1
microcode	: 0x17
cpu MHz		: 1600.000
cache size	: 3072 KB
physical id	: 0
siblings	: 4
core id		: 1
cpu cores	: 2
apicid		: 3
initial apicid	: 3
fpu		: yes
fpu_exception	: yes
cpuid level	: 13
wp		: yes
flags		: fpu vme de pse tsc msr pae mce cx8 apic sep mtrr pge mca cmov pat pse36 clflush dts acpi mmx fxsr sse sse2 ss ht tm pbe syscall nx pdpe1gb rdtscp lm constant_tsc arch_perfmon pebs bts rep_good nopl xtopology nonstop_tsc aperfmperf eagerfpu pni pclmulqdq dtes64 monitor ds_cpl vmx est tm2 ssse3 fma cx16 xtpr pdcm pcid sse4_1 sse4_2 movbe popcnt tsc_deadline_timer aes xsave avx f16c rdrand lahf_lm abm ida arat epb xsaveopt pln pts dtherm tpr_shadow vnmi flexpriority ept vpid fsgsbase tsc_adjust bmi1 avx2 smep bmi2 erms invpcid
bogomips	: 4589.73
clflush size	: 64
cache_alignment	: 64
address sizes	: 39 bits physical, 48 bits virtual
power management:



Memory: 4k page, physical 3953548k(112084k free), swap 7999484k(7495248k free)

vm_info: Java HotSpot(TM) 64-Bit Server VM (25.121-b13) for linux-amd64 JRE (1.8.0_121-b13), built on Dec 12 2016 16:36:53 by "java_re" with gcc 4.3.0 20080428 (Red Hat 4.3.0-8)

time: Mon Jan 23 21:27:35 2017
elapsed time: 16 seconds (0d 0h 0m 16s)

