#
# A fatal error has been detected by the Java Runtime Environment:
#
#  SIGSEGV (0xb) at pc=0x00007fa380508118, pid=11289, tid=0x00007fa381a0e700
#
# JRE version: Java(TM) SE Runtime Environment (8.0_121-b13) (build 1.8.0_121-b13)
# Java VM: Java HotSpot(TM) 64-Bit Server VM (25.121-b13 mixed mode linux-amd64 compressed oops)
# Problematic frame:
# V  [libjvm.so+0x6e2118]  jni_GetStringUTFChars+0xb8
#
# Failed to write core dump. Core dumps have been disabled. To enable core dumping, try "ulimit -c unlimited" before starting Java again
#
# If you would like to submit a bug report, please visit:
#   http://bugreport.java.com/bugreport/crash.jsp
#

---------------  T H R E A D  ---------------

Current thread (0x00007fa378010000):  JavaThread "main" [_thread_in_vm, id=11295, stack(0x00007fa38190e000,0x00007fa381a0f000)]

siginfo: si_signo: 11 (SIGSEGV), si_code: 1 (SEGV_MAPERR), si_addr: 0x0000000000000000

Registers:
RAX=0x00007fa380ddd550, RBX=0x0000000000000000, RCX=0x000000076ab91fd8, RDX=0x00007fa380deb9e0
RSP=0x00007fa381a08a60, RBP=0x00007fa381a08b00, RSI=0x00007fa378010000, RDI=0x00007fa381a08aa0
R8 =0x00007fa369012c80, R9 =0x000000076ab91fd8, R10=0x00000000000001fa, R11=0x00007fa380deb9e8
R12=0x00007fa378010000, R13=0x0000000000000000, R14=0x00007fa381a08bd8, R15=0x00007fa381a08aa0
RIP=0x00007fa380508118, EFLAGS=0x0000000000010246, CSGSFS=0x0000000000000033, ERR=0x0000000000000004
  TRAPNO=0x000000000000000e

Top of Stack: (sp=0x00007fa381a08a60)
0x00007fa381a08a60:   00007fa381a08b28 0000000000000000
0x00007fa381a08a70:   00007fa36910afc0 00007fa380ded800
0x00007fa381a08a80:   00007fa381a090f8 00007fa369012c80
0x00007fa381a08a90:   0000000775f45660 0000000050200030
0x00007fa381a08aa0:   00007fa378010000 0000000000000000
0x00007fa381a08ab0:   00007fa37c56d480 00007fa3690082bd
0x00007fa381a08ac0:   00007fa378010000 0000000775f45660
0x00007fa381a08ad0:   00007fa381a08b70 00007fa360b3fb68
0x00007fa381a08ae0:   00007fa3785f9ef8 0000000000000000
0x00007fa381a08af0:   00007fa381a08bd8 00007fa378010000
0x00007fa381a08b00:   00007fa3780101f8 00007fa3608992b0
0x00007fa381a08b10:   00007fa381a08b70 00007fa3690082bd
0x00007fa381a08b20:   00007fa360b3fb68 00007fa381a08bb0
0x00007fa381a08b30:   0000000000000000 00007fa360b3fb60
0x00007fa381a08b40:   00007fa381a08bd8 00007fa3690184cf
0x00007fa381a08b50:   0000000000000000 00007fa360b4f3f8
0x00007fa381a08b60:   0000000000000000 000000076ab91fd8
0x00007fa381a08b70:   00007fa381a08b60 0000000000000000
0x00007fa381a08b80:   00007fa381a08bd8 00007fa360b464d8
0x00007fa381a08b90:   0000000000000000 00007fa360b3fb68
0x00007fa381a08ba0:   0000000000000000 00007fa381a08bd0
0x00007fa381a08bb0:   00007fa381a08c38 00007fa369007dd0
0x00007fa381a08bc0:   0000000000000000 00007fa369011537
0x00007fa381a08bd0:   0000000000000000 000000076ab91fd8
0x00007fa381a08be0:   0000000775f45600 0000000775f45660
0x00007fa381a08bf0:   000000076ab91fd8 00007fa381a08be8
0x00007fa381a08c00:   00007fa360b4342d 00007fa381a08c50
0x00007fa381a08c10:   00007fa360b45d28 0000000000000000
0x00007fa381a08c20:   00007fa360b43478 00007fa381a08bd0
0x00007fa381a08c30:   00007fa381a08c48 00007fa381a08c98
0x00007fa381a08c40:   00007fa3690082bd 0000000775f45600
0x00007fa381a08c50:   000000076ab91fd8 00007fa381a08c58 

Instructions: (pc=0x00007fa380508118)
0x00007fa3805080f8:   84 24 70 02 00 00 06 00 00 00 4c 89 e6 4c 89 65
0x00007fa380508108:   c0 4c 89 ff e8 1f 01 01 00 48 8b 05 18 d0 88 00
0x00007fa380508118:   4c 8b 2b 8b 10 48 8b 05 44 fc 88 00 80 38 00 0f
0x00007fa380508128:   84 2b 01 00 00 48 63 c2 41 8b 54 05 00 85 d2 0f 

Register to memory mapping:

RAX=0x00007fa380ddd550: <offset 0xfb7550> in /usr/lib/jvm/java-8-oracle/jre/lib/amd64/server/libjvm.so at 0x00007fa37fe26000
RBX=0x0000000000000000 is an unknown value
RCX=0x000000076ab91fd8 is an oop
org.sqlite.NativeDB 
 - klass: 'org/sqlite/NativeDB'
RDX=0x00007fa380deb9e0: <offset 0xfc59e0> in /usr/lib/jvm/java-8-oracle/jre/lib/amd64/server/libjvm.so at 0x00007fa37fe26000
RSP=0x00007fa381a08a60 is pointing into the stack for thread: 0x00007fa378010000
RBP=0x00007fa381a08b00 is pointing into the stack for thread: 0x00007fa378010000
RSI=0x00007fa378010000 is a thread
RDI=0x00007fa381a08aa0 is pointing into the stack for thread: 0x00007fa378010000
R8 =0x00007fa369012c80 is at code_begin+0 in an Interpreter codelet
method entry point (kind = zerolocals)  [0x00007fa369012c80, 0x00007fa369013100]  1152 bytes
R9 =0x000000076ab91fd8 is an oop
org.sqlite.NativeDB 
 - klass: 'org/sqlite/NativeDB'
R10=0x00000000000001fa is an unknown value
R11=0x00007fa380deb9e8: <offset 0xfc59e8> in /usr/lib/jvm/java-8-oracle/jre/lib/amd64/server/libjvm.so at 0x00007fa37fe26000
R12=0x00007fa378010000 is a thread
R13=0x0000000000000000 is an unknown value
R14=0x00007fa381a08bd8 is pointing into the stack for thread: 0x00007fa378010000
R15=0x00007fa381a08aa0 is pointing into the stack for thread: 0x00007fa378010000


Stack: [0x00007fa38190e000,0x00007fa381a0f000],  sp=0x00007fa381a08a60,  free space=1002k
Native frames: (J=compiled Java code, j=interpreted, Vv=VM code, C=native code)
V  [libjvm.so+0x6e2118]  jni_GetStringUTFChars+0xb8
C  [sqlite-3.7.2-libsqlitejdbc.so+0xd2b0]  Java_org_sqlite_NativeDB_prepare+0x2f

Java frames: (J=compiled Java code, j=interpreted, Vv=VM code)
j  org.sqlite.NativeDB.prepare(Ljava/lang/String;)J+0
j  org.sqlite.DB.prepare(Lorg/sqlite/Stmt;)V+21
j  org.sqlite.PrepStmt.<init>(Lorg/sqlite/Conn;Ljava/lang/String;)V+15
j  org.sqlite.Conn.prepareStatement(Ljava/lang/String;III)Ljava/sql/PreparedStatement;+14
j  org.sqlite.Conn.prepareStatement(Ljava/lang/String;II)Ljava/sql/PreparedStatement;+5
j  org.sqlite.Conn.prepareStatement(Ljava/lang/String;)Ljava/sql/PreparedStatement;+8
v  ~StubRoutines::call_stub
J 2266  sun.reflect.NativeMethodAccessorImpl.invoke0(Ljava/lang/reflect/Method;Ljava/lang/Object;[Ljava/lang/Object;)Ljava/lang/Object; (0 bytes) @ 0x00007fa36978b8f7 [0x00007fa36978b880+0x77]
J 2265 C1 sun.reflect.NativeMethodAccessorImpl.invoke(Ljava/lang/Object;[Ljava/lang/Object;)Ljava/lang/Object; (104 bytes) @ 0x00007fa36978d66c [0x00007fa36978c4c0+0x11ac]
J 1169 C1 sun.reflect.DelegatingMethodAccessorImpl.invoke(Ljava/lang/Object;[Ljava/lang/Object;)Ljava/lang/Object; (10 bytes) @ 0x00007fa3694213cc [0x00007fa3694212c0+0x10c]
J 3634 C1 java.lang.reflect.Method.invoke(Ljava/lang/Object;[Ljava/lang/Object;)Ljava/lang/Object; (62 bytes) @ 0x00007fa3692c345c [0x00007fa3692c3060+0x3fc]
j  org.apache.tomcat.jdbc.pool.ProxyConnection.invoke(Ljava/lang/Object;Ljava/lang/reflect/Method;[Ljava/lang/Object;)Ljava/lang/Object;+237
j  org.apache.tomcat.jdbc.pool.JdbcInterceptor.invoke(Ljava/lang/Object;Ljava/lang/reflect/Method;[Ljava/lang/Object;)Ljava/lang/Object;+14
j  org.apache.tomcat.jdbc.pool.DisposableConnectionFacade.invoke(Ljava/lang/Object;Ljava/lang/reflect/Method;[Ljava/lang/Object;)Ljava/lang/Object;+93
j  com.sun.proxy.$Proxy83.prepareStatement(Ljava/lang/String;)Ljava/sql/PreparedStatement;+16
j  org.hibernate.engine.jdbc.internal.StatementPreparerImpl$1.doPrepare()Ljava/sql/PreparedStatement;+37
j  org.hibernate.engine.jdbc.internal.StatementPreparerImpl$StatementPreparationTemplate.prepareStatement()Ljava/sql/PreparedStatement;+45
j  org.hibernate.engine.jdbc.internal.StatementPreparerImpl.prepareStatement(Ljava/lang/String;)Ljava/sql/PreparedStatement;+6
j  org.hibernate.id.SequenceGenerator.generateHolder(Lorg/hibernate/engine/spi/SessionImplementor;)Lorg/hibernate/id/IntegralDataTypeHolder;+15
j  org.hibernate.id.SequenceHiLoGenerator$1.getNextValue()Lorg/hibernate/id/IntegralDataTypeHolder;+8
j  org.hibernate.id.enhanced.LegacyHiLoAlgorithmOptimizer.generate(Lorg/hibernate/id/enhanced/AccessCallback;)Ljava/io/Serializable;+25
j  org.hibernate.id.SequenceHiLoGenerator.generate(Lorg/hibernate/engine/spi/SessionImplementor;Ljava/lang/Object;)Ljava/io/Serializable;+53
j  org.hibernate.event.internal.AbstractSaveEventListener.saveWithGeneratedId(Ljava/lang/Object;Ljava/lang/String;Ljava/lang/Object;Lorg/hibernate/event/spi/EventSource;Z)Ljava/io/Serializable;+21
j  org.hibernate.jpa.event.internal.core.JpaPersistEventListener.saveWithGeneratedId(Ljava/lang/Object;Ljava/lang/String;Ljava/lang/Object;Lorg/hibernate/event/spi/EventSource;Z)Ljava/io/Serializable;+18
j  org.hibernate.event.internal.DefaultPersistEventListener.entityIsTransient(Lorg/hibernate/event/spi/PersistEvent;Ljava/util/Map;)V+55
j  org.hibernate.event.internal.DefaultPersistEventListener.onPersist(Lorg/hibernate/event/spi/PersistEvent;Ljava/util/Map;)V+324
j  org.hibernate.event.internal.DefaultPersistEventListener.onPersist(Lorg/hibernate/event/spi/PersistEvent;)V+11
j  org.hibernate.internal.SessionImpl.firePersist(Lorg/hibernate/event/spi/PersistEvent;)V+46
j  org.hibernate.internal.SessionImpl.persist(Ljava/lang/String;Ljava/lang/Object;)V+11
j  org.hibernate.internal.SessionImpl.persist(Ljava/lang/Object;)V+3
j  org.hibernate.jpa.spi.AbstractEntityManagerImpl.persist(Ljava/lang/Object;)V+9
v  ~StubRoutines::call_stub
J 2266  sun.reflect.NativeMethodAccessorImpl.invoke0(Ljava/lang/reflect/Method;Ljava/lang/Object;[Ljava/lang/Object;)Ljava/lang/Object; (0 bytes) @ 0x00007fa36978b8f7 [0x00007fa36978b880+0x77]
J 2265 C1 sun.reflect.NativeMethodAccessorImpl.invoke(Ljava/lang/Object;[Ljava/lang/Object;)Ljava/lang/Object; (104 bytes) @ 0x00007fa36978d66c [0x00007fa36978c4c0+0x11ac]
J 1169 C1 sun.reflect.DelegatingMethodAccessorImpl.invoke(Ljava/lang/Object;[Ljava/lang/Object;)Ljava/lang/Object; (10 bytes) @ 0x00007fa3694213cc [0x00007fa3694212c0+0x10c]
J 3634 C1 java.lang.reflect.Method.invoke(Ljava/lang/Object;[Ljava/lang/Object;)Ljava/lang/Object; (62 bytes) @ 0x00007fa3692c345c [0x00007fa3692c3060+0x3fc]
j  org.springframework.orm.jpa.SharedEntityManagerCreator$SharedEntityManagerInvocationHandler.invoke(Ljava/lang/Object;Ljava/lang/reflect/Method;[Ljava/lang/Object;)Ljava/lang/Object;+495
j  com.sun.proxy.$Proxy92.persist(Ljava/lang/Object;)V+16
j  org.springframework.data.jpa.repository.support.SimpleJpaRepository.save(Ljava/lang/Object;)Ljava/lang/Object;+18
v  ~StubRoutines::call_stub
J 2266  sun.reflect.NativeMethodAccessorImpl.invoke0(Ljava/lang/reflect/Method;Ljava/lang/Object;[Ljava/lang/Object;)Ljava/lang/Object; (0 bytes) @ 0x00007fa36978b8f7 [0x00007fa36978b880+0x77]
J 2265 C1 sun.reflect.NativeMethodAccessorImpl.invoke(Ljava/lang/Object;[Ljava/lang/Object;)Ljava/lang/Object; (104 bytes) @ 0x00007fa36978d66c [0x00007fa36978c4c0+0x11ac]
J 1169 C1 sun.reflect.DelegatingMethodAccessorImpl.invoke(Ljava/lang/Object;[Ljava/lang/Object;)Ljava/lang/Object; (10 bytes) @ 0x00007fa3694213cc [0x00007fa3694212c0+0x10c]
J 3634 C1 java.lang.reflect.Method.invoke(Ljava/lang/Object;[Ljava/lang/Object;)Ljava/lang/Object; (62 bytes) @ 0x00007fa3692c345c [0x00007fa3692c3060+0x3fc]
j  org.springframework.data.repository.core.support.RepositoryFactorySupport$QueryExecutorMethodInterceptor.executeMethodOn(Ljava/lang/Object;Ljava/lang/reflect/Method;[Ljava/lang/Object;)Ljava/lang/Object;+3
j  org.springframework.data.repository.core.support.RepositoryFactorySupport$QueryExecutorMethodInterceptor.doInvoke(Lorg/aopalliance/intercept/MethodInvocation;)Ljava/lang/Object;+94
j  org.springframework.data.repository.core.support.RepositoryFactorySupport$QueryExecutorMethodInterceptor.invoke(Lorg/aopalliance/intercept/MethodInvocation;)Ljava/lang/Object;+2
j  org.springframework.aop.framework.ReflectiveMethodInvocation.proceed()Ljava/lang/Object;+101
j  org.springframework.data.projection.DefaultMethodInvokingMethodInterceptor.invoke(Lorg/aopalliance/intercept/MethodInvocation;)Ljava/lang/Object;+15
j  org.springframework.aop.framework.ReflectiveMethodInvocation.proceed()Ljava/lang/Object;+101
j  org.springframework.transaction.interceptor.TransactionInterceptor$1.proceedWithInvocation()Ljava/lang/Object;+4
j  org.springframework.transaction.interceptor.TransactionAspectSupport.invokeWithinTransaction(Ljava/lang/reflect/Method;Ljava/lang/Class;Lorg/springframework/transaction/interceptor/TransactionAspectSupport$InvocationCallback;)Ljava/lang/Object;+60
j  org.springframework.transaction.interceptor.TransactionInterceptor.invoke(Lorg/aopalliance/intercept/MethodInvocation;)Ljava/lang/Object;+40
j  org.springframework.aop.framework.ReflectiveMethodInvocation.proceed()Ljava/lang/Object;+101
j  org.springframework.dao.support.PersistenceExceptionTranslationInterceptor.invoke(Lorg/aopalliance/intercept/MethodInvocation;)Ljava/lang/Object;+1
j  org.springframework.aop.framework.ReflectiveMethodInvocation.proceed()Ljava/lang/Object;+101
j  org.springframework.data.jpa.repository.support.CrudMethodMetadataPostProcessor$CrudMethodMetadataPopulatingMethodInterceptor.invoke(Lorg/aopalliance/intercept/MethodInvocation;)Ljava/lang/Object;+89
j  org.springframework.aop.framework.ReflectiveMethodInvocation.proceed()Ljava/lang/Object;+101
j  org.springframework.aop.interceptor.ExposeInvocationInterceptor.invoke(Lorg/aopalliance/intercept/MethodInvocation;)Ljava/lang/Object;+18
j  org.springframework.aop.framework.ReflectiveMethodInvocation.proceed()Ljava/lang/Object;+101
j  org.springframework.aop.framework.JdkDynamicAopProxy.invoke(Ljava/lang/Object;Ljava/lang/reflect/Method;[Ljava/lang/Object;)Ljava/lang/Object;+385
j  com.sun.proxy.$Proxy94.save(Ljava/lang/Object;)Ljava/lang/Object;+16
j  com.example.api.service.BookService.save(Lcom/example/entity/Book;)Lcom/example/entity/Book;+5
j  com.example.crudtest.CRUDTest.insertOperation()V+19
v  ~StubRoutines::call_stub
J 2266  sun.reflect.NativeMethodAccessorImpl.invoke0(Ljava/lang/reflect/Method;Ljava/lang/Object;[Ljava/lang/Object;)Ljava/lang/Object; (0 bytes) @ 0x00007fa36978b8f7 [0x00007fa36978b880+0x77]
J 2265 C1 sun.reflect.NativeMethodAccessorImpl.invoke(Ljava/lang/Object;[Ljava/lang/Object;)Ljava/lang/Object; (104 bytes) @ 0x00007fa36978d66c [0x00007fa36978c4c0+0x11ac]
J 1169 C1 sun.reflect.DelegatingMethodAccessorImpl.invoke(Ljava/lang/Object;[Ljava/lang/Object;)Ljava/lang/Object; (10 bytes) @ 0x00007fa3694213cc [0x00007fa3694212c0+0x10c]
J 3634 C1 java.lang.reflect.Method.invoke(Ljava/lang/Object;[Ljava/lang/Object;)Ljava/lang/Object; (62 bytes) @ 0x00007fa3692c345c [0x00007fa3692c3060+0x3fc]
j  org.testng.internal.MethodInvocationHelper.invokeMethod(Ljava/lang/reflect/Method;Ljava/lang/Object;[Ljava/lang/Object;)Ljava/lang/Object;+242
j  org.testng.internal.MethodInvocationHelper$1.runTestMethod(Lorg/testng/ITestResult;)V+12
j  org.springframework.test.context.testng.AbstractTestNGSpringContextTests.run(Lorg/testng/IHookCallBack;Lorg/testng/ITestResult;)V+2
v  ~StubRoutines::call_stub
J 2266  sun.reflect.NativeMethodAccessorImpl.invoke0(Ljava/lang/reflect/Method;Ljava/lang/Object;[Ljava/lang/Object;)Ljava/lang/Object; (0 bytes) @ 0x00007fa36978b8f7 [0x00007fa36978b880+0x77]
J 2265 C1 sun.reflect.NativeMethodAccessorImpl.invoke(Ljava/lang/Object;[Ljava/lang/Object;)Ljava/lang/Object; (104 bytes) @ 0x00007fa36978d66c [0x00007fa36978c4c0+0x11ac]
J 1169 C1 sun.reflect.DelegatingMethodAccessorImpl.invoke(Ljava/lang/Object;[Ljava/lang/Object;)Ljava/lang/Object; (10 bytes) @ 0x00007fa3694213cc [0x00007fa3694212c0+0x10c]
J 3634 C1 java.lang.reflect.Method.invoke(Ljava/lang/Object;[Ljava/lang/Object;)Ljava/lang/Object; (62 bytes) @ 0x00007fa3692c345c [0x00007fa3692c3060+0x3fc]
j  org.testng.internal.MethodInvocationHelper.invokeHookable(Ljava/lang/Object;[Ljava/lang/Object;Ljava/lang/Object;Ljava/lang/reflect/Method;Lorg/testng/internal/TestResult;)V+64
j  org.testng.internal.Invoker.invokeMethod([Ljava/lang/Object;ILorg/testng/ITestNGMethod;[Ljava/lang/Object;ILorg/testng/xml/XmlSuite;Ljava/util/Map;Lorg/testng/ITestClass;[Lorg/testng/ITestNGMethod;[Lorg/testng/ITestNGMethod;Lorg/testng/internal/ConfigurationGroupMethods;)Lorg/testng/ITestResult;+280
j  org.testng.internal.Invoker.invokeTestMethod([Ljava/lang/Object;Lorg/testng/ITestNGMethod;[Ljava/lang/Object;ILorg/testng/xml/XmlSuite;Ljava/util/Map;Lorg/testng/ITestClass;[Lorg/testng/ITestNGMethod;[Lorg/testng/ITestNGMethod;Lorg/testng/internal/ConfigurationGroupMethods;)Ljava/util/List;+46
j  org.testng.internal.Invoker.invokeTestMethods(Lorg/testng/ITestNGMethod;[Lorg/testng/ITestNGMethod;ILorg/testng/xml/XmlSuite;Ljava/util/Map;Lorg/testng/internal/ConfigurationGroupMethods;[Ljava/lang/Object;Lorg/testng/ITestContext;)Ljava/util/List;+705
j  org.testng.internal.TestMethodWorker.invokeTestMethods(Lorg/testng/ITestNGMethod;[Ljava/lang/Object;Lorg/testng/ITestContext;)V+32
j  org.testng.internal.TestMethodWorker.run()V+60
j  org.testng.TestRunner.privateRun(Lorg/testng/xml/XmlTest;)V+349
j  org.testng.TestRunner.run()V+26
j  org.testng.SuiteRunner.runTest(Lorg/testng/TestRunner;)V+1
j  org.testng.SuiteRunner.runSequentially()V+31
j  org.testng.SuiteRunner.privateRun()V+281
j  org.testng.SuiteRunner.run()V+6
j  org.testng.SuiteRunnerWorker.runSuite(Lorg/testng/internal/SuiteRunnerMap;Lorg/testng/xml/XmlSuite;)V+96
j  org.testng.SuiteRunnerWorker.run()V+12
j  org.testng.TestNG.runSuitesSequentially(Lorg/testng/xml/XmlSuite;Lorg/testng/internal/SuiteRunnerMap;ILjava/lang/String;)V+66
j  org.testng.TestNG.runSuitesLocally()Ljava/util/List;+117
j  org.testng.TestNG.run()V+77
j  org.testng.remote.AbstractRemoteTestNG.run()V+163
j  org.testng.remote.RemoteTestNG.initAndRun(Lorg/testng/remote/IRemoteTestNG;[Ljava/lang/String;Lorg/testng/CommandLineArgs;Lorg/testng/remote/RemoteArgs;)V+184
j  org.testng.remote.RemoteTestNG.main([Ljava/lang/String;)V+218
v  ~StubRoutines::call_stub

---------------  P R O C E S S  ---------------

Java Threads: ( => current thread )
  0x00007fa379382800 JavaThread "http-nio-auto-1-48641-AsyncTimeout" daemon [_thread_blocked, id=11321, stack(0x00007fa313afb000,0x00007fa313bfc000)]
  0x00007fa379381000 JavaThread "http-nio-auto-1-Acceptor-0" daemon [_thread_in_native, id=11320, stack(0x00007fa313bfc000,0x00007fa313cfd000)]
  0x00007fa37937e800 JavaThread "http-nio-auto-1-ClientPoller-1" daemon [_thread_in_native, id=11319, stack(0x00007fa313cfd000,0x00007fa313dfe000)]
  0x00007fa379370000 JavaThread "http-nio-auto-1-ClientPoller-0" daemon [_thread_in_native, id=11318, stack(0x00007fa313dfe000,0x00007fa313eff000)]
  0x00007fa37935e000 JavaThread "NioBlockingSelector.BlockPoller-1" daemon [_thread_in_native, id=11317, stack(0x00007fa313eff000,0x00007fa314000000)]
  0x00007fa379156800 JavaThread "Tomcat JDBC Pool Cleaner[865113938:1485261979078]" daemon [_thread_blocked, id=11316, stack(0x00007fa360d14000,0x00007fa360e15000)]
  0x00007fa379036800 JavaThread "container-0" [_thread_blocked, id=11315, stack(0x00007fa361015000,0x00007fa361116000)]
  0x00007fa379033800 JavaThread "ContainerBackgroundProcessor[StandardEngine[Tomcat]]" daemon [_thread_blocked, id=11314, stack(0x00007fa361116000,0x00007fa361217000)]
  0x00007fa31c231800 JavaThread "localhost-startStop-1" daemon [_thread_blocked, id=11313, stack(0x00007fa361417000,0x00007fa361518000)]
  0x00007fa378fa8800 JavaThread "Tomcat-startStop-1" daemon [_thread_blocked, id=11312, stack(0x00007fa36246c000,0x00007fa36256d000)]
  0x00007fa3784c9800 JavaThread "ReaderThread" [_thread_in_native, id=11310, stack(0x00007fa362d7a000,0x00007fa362e7b000)]
  0x00007fa3780c7000 JavaThread "Service Thread" daemon [_thread_blocked, id=11307, stack(0x00007fa363317000,0x00007fa363418000)]
  0x00007fa3780c4000 JavaThread "C1 CompilerThread2" daemon [_thread_blocked, id=11306, stack(0x00007fa363418000,0x00007fa363519000)]
  0x00007fa3780c2000 JavaThread "C2 CompilerThread1" daemon [_thread_in_native, id=11305, stack(0x00007fa363519000,0x00007fa36361a000)]
  0x00007fa3780bf000 JavaThread "C2 CompilerThread0" daemon [_thread_in_native, id=11304, stack(0x00007fa36361a000,0x00007fa36371b000)]
  0x00007fa3780be000 JavaThread "Signal Dispatcher" daemon [_thread_blocked, id=11303, stack(0x00007fa36371b000,0x00007fa36381c000)]
  0x00007fa37808a000 JavaThread "Finalizer" daemon [_thread_blocked, id=11302, stack(0x00007fa363eff000,0x00007fa364000000)]
  0x00007fa378085800 JavaThread "Reference Handler" daemon [_thread_blocked, id=11301, stack(0x00007fa3680f1000,0x00007fa3681f2000)]
=>0x00007fa378010000 JavaThread "main" [_thread_in_vm, id=11295, stack(0x00007fa38190e000,0x00007fa381a0f000)]

Other Threads:
  0x00007fa37807e000 VMThread [stack: 0x00007fa3681f2000,0x00007fa3682f3000] [id=11300]
  0x00007fa3780ca000 WatcherThread [stack: 0x00007fa363216000,0x00007fa363317000] [id=11308]

VM state:not at safepoint (normal execution)

VM Mutex/Monitor currently owned by a thread: None

Heap:
 PSYoungGen      total 464896K, used 194007K [0x000000076ab00000, 0x000000078d600000, 0x00000007c0000000)
  eden space 451072K, 43% used [0x000000076ab00000,0x0000000776875f20,0x0000000786380000)
  from space 13824K, 0% used [0x0000000789100000,0x0000000789100000,0x0000000789e80000)
  to   space 43520K, 0% used [0x000000078ab80000,0x000000078ab80000,0x000000078d600000)
 ParOldGen       total 737792K, used 23034K [0x00000006c0000000, 0x00000006ed080000, 0x000000076ab00000)
  object space 737792K, 3% used [0x00000006c0000000,0x00000006c167eb28,0x00000006ed080000)
 Metaspace       used 45087K, capacity 45484K, committed 45824K, reserved 1089536K
  class space    used 5900K, capacity 6029K, committed 6144K, reserved 1048576K

Card table byte_map: [0x00007fa37dec7000,0x00007fa37e6c8000] byte_map_base: 0x00007fa37a8c7000

Marking Bits: (ParMarkBitMap*) 0x00007fa380deac80
 Begin Bits: [0x00007fa34c000000, 0x00007fa350000000)
 End Bits:   [0x00007fa350000000, 0x00007fa354000000)

Polling page: 0x00007fa381a34000

CodeCache: size=245760Kb used=13756Kb max_used=13814Kb free=232003Kb
 bounds [0x00007fa369000000, 0x00007fa369d90000, 0x00007fa378000000]
 total_blobs=3988 nmethods=3517 adapters=384
 compilation: enabled

Compilation events (10 events):
Event: 13.225 Thread 0x00007fa3780c4000 4102       2       java.io.BufferedWriter::ensureOpen (18 bytes)
Event: 13.226 Thread 0x00007fa3780c4000 nmethod 4102 0x00007fa369736f50 code [0x00007fa3697370c0, 0x00007fa3697372c8]
Event: 13.237 Thread 0x00007fa3780c4000 4103       2       org.hibernate.service.internal.ConcurrentServiceBinding::hashKey (5 bytes)
Event: 13.237 Thread 0x00007fa3780c4000 nmethod 4103 0x00007fa369845990 code [0x00007fa369845b00, 0x00007fa369845c68]
Event: 13.238 Thread 0x00007fa3780c4000 4104       2       sun.reflect.NativeMethodAccessorImpl::<init> (10 bytes)
Event: 13.238 Thread 0x00007fa3780c4000 nmethod 4104 0x00007fa369736c10 code [0x00007fa369736d60, 0x00007fa369736ed0]
Event: 13.239 Thread 0x00007fa3780c4000 4105       2       sun.reflect.DelegatingMethodAccessorImpl::<init> (10 bytes)
Event: 13.239 Thread 0x00007fa3780c4000 nmethod 4105 0x00007fa3697d1650 code [0x00007fa3697d17a0, 0x00007fa3697d1910]
Event: 13.240 Thread 0x00007fa3780c4000 4106       2       sun.reflect.NativeMethodAccessorImpl::setParent (6 bytes)
Event: 13.240 Thread 0x00007fa3780c4000 nmethod 4106 0x00007fa3697d1310 code [0x00007fa3697d1460, 0x00007fa3697d15d0]

GC Heap History (10 events):
Event: 2.562 GC heap before
{Heap before GC invocations=1 (full 0):
 PSYoungGen      total 305664K, used 178404K [0x000000076ab00000, 0x0000000780000000, 0x00000007c0000000)
  eden space 262144K, 68% used [0x000000076ab00000,0x00000007759393b0,0x000000077ab00000)
  from space 43520K, 0% used [0x000000077d580000,0x000000077d580000,0x0000000780000000)
  to   space 43520K, 0% used [0x000000077ab00000,0x000000077ab00000,0x000000077d580000)
 ParOldGen       total 699392K, used 0K [0x00000006c0000000, 0x00000006eab00000, 0x000000076ab00000)
  object space 699392K, 0% used [0x00000006c0000000,0x00000006c0000000,0x00000006eab00000)
 Metaspace       used 21014K, capacity 21190K, committed 21296K, reserved 1069056K
  class space    used 2583K, capacity 2642K, committed 2688K, reserved 1048576K
Event: 2.591 GC heap after
Heap after GC invocations=1 (full 0):
 PSYoungGen      total 305664K, used 20827K [0x000000076ab00000, 0x0000000790000000, 0x00000007c0000000)
  eden space 262144K, 0% used [0x000000076ab00000,0x000000076ab00000,0x000000077ab00000)
  from space 43520K, 47% used [0x000000077ab00000,0x000000077bf56ce8,0x000000077d580000)
  to   space 43520K, 0% used [0x000000078d580000,0x000000078d580000,0x0000000790000000)
 ParOldGen       total 699392K, used 80K [0x00000006c0000000, 0x00000006eab00000, 0x000000076ab00000)
  object space 699392K, 0% used [0x00000006c0000000,0x00000006c0014010,0x00000006eab00000)
 Metaspace       used 21014K, capacity 21190K, committed 21296K, reserved 1069056K
  class space    used 2583K, capacity 2642K, committed 2688K, reserved 1048576K
}
Event: 2.591 GC heap before
{Heap before GC invocations=2 (full 1):
 PSYoungGen      total 305664K, used 20827K [0x000000076ab00000, 0x0000000790000000, 0x00000007c0000000)
  eden space 262144K, 0% used [0x000000076ab00000,0x000000076ab00000,0x000000077ab00000)
  from space 43520K, 47% used [0x000000077ab00000,0x000000077bf56ce8,0x000000077d580000)
  to   space 43520K, 0% used [0x000000078d580000,0x000000078d580000,0x0000000790000000)
 ParOldGen       total 699392K, used 80K [0x00000006c0000000, 0x00000006eab00000, 0x000000076ab00000)
  object space 699392K, 0% used [0x00000006c0000000,0x00000006c0014010,0x00000006eab00000)
 Metaspace       used 21014K, capacity 21190K, committed 21296K, reserved 1069056K
  class space    used 2583K, capacity 2642K, committed 2688K, reserved 1048576K
Event: 2.654 GC heap after
Heap after GC invocations=2 (full 1):
 PSYoungGen      total 305664K, used 0K [0x000000076ab00000, 0x0000000790000000, 0x00000007c0000000)
  eden space 262144K, 0% used [0x000000076ab00000,0x000000076ab00000,0x000000077ab00000)
  from space 43520K, 0% used [0x000000077ab00000,0x000000077ab00000,0x000000077d580000)
  to   space 43520K, 0% used [0x000000078d580000,0x000000078d580000,0x0000000790000000)
 ParOldGen       total 699392K, used 20117K [0x00000006c0000000, 0x00000006eab00000, 0x000000076ab00000)
  object space 699392K, 2% used [0x00000006c0000000,0x00000006c13a56b0,0x00000006eab00000)
 Metaspace       used 21014K, capacity 21190K, committed 21296K, reserved 1069056K
  class space    used 2583K, capacity 2642K, committed 2688K, reserved 1048576K
}
Event: 7.404 GC heap before
{Heap before GC invocations=3 (full 1):
 PSYoungGen      total 305664K, used 262144K [0x000000076ab00000, 0x0000000790000000, 0x00000007c0000000)
  eden space 262144K, 100% used [0x000000076ab00000,0x000000077ab00000,0x000000077ab00000)
  from space 43520K, 0% used [0x000000077ab00000,0x000000077ab00000,0x000000077d580000)
  to   space 43520K, 0% used [0x000000078d580000,0x000000078d580000,0x0000000790000000)
 ParOldGen       total 699392K, used 20117K [0x00000006c0000000, 0x00000006eab00000, 0x000000076ab00000)
  object space 699392K, 2% used [0x00000006c0000000,0x00000006c13a56b0,0x00000006eab00000)
 Metaspace       used 30274K, capacity 30550K, committed 30720K, reserved 1077248K
  class space    used 3754K, capacity 3828K, committed 3840K, reserved 1048576K
Event: 7.462 GC heap after
Heap after GC invocations=3 (full 1):
 PSYoungGen      total 364544K, used 16826K [0x000000076ab00000, 0x000000078e600000, 0x00000007c0000000)
  eden space 347648K, 0% used [0x000000076ab00000,0x000000076ab00000,0x000000077fe80000)
  from space 16896K, 99% used [0x000000078d580000,0x000000078e5ee8e8,0x000000078e600000)
  to   space 43520K, 0% used [0x0000000789100000,0x0000000789100000,0x000000078bb80000)
 ParOldGen       total 699392K, used 20125K [0x00000006c0000000, 0x00000006eab00000, 0x000000076ab00000)
  object space 699392K, 2% used [0x00000006c0000000,0x00000006c13a76b0,0x00000006eab00000)
 Metaspace       used 30274K, capacity 30550K, committed 30720K, reserved 1077248K
  class space    used 3754K, capacity 3828K, committed 3840K, reserved 1048576K
}
Event: 9.959 GC heap before
{Heap before GC invocations=4 (full 1):
 PSYoungGen      total 364544K, used 132421K [0x000000076ab00000, 0x000000078e600000, 0x00000007c0000000)
  eden space 347648K, 33% used [0x000000076ab00000,0x0000000771be2b60,0x000000077fe80000)
  from space 16896K, 99% used [0x000000078d580000,0x000000078e5ee8e8,0x000000078e600000)
  to   space 43520K, 0% used [0x0000000789100000,0x0000000789100000,0x000000078bb80000)
 ParOldGen       total 699392K, used 20125K [0x00000006c0000000, 0x00000006eab00000, 0x000000076ab00000)
  object space 699392K, 2% used [0x00000006c0000000,0x00000006c13a76b0,0x00000006eab00000)
 Metaspace       used 35049K, capacity 35350K, committed 35496K, reserved 1081344K
  class space    used 4502K, capacity 4580K, committed 4608K, reserved 1048576K
Event: 9.978 GC heap after
Heap after GC invocations=4 (full 1):
 PSYoungGen      total 464896K, used 13777K [0x000000076ab00000, 0x000000078d600000, 0x00000007c0000000)
  eden space 451072K, 0% used [0x000000076ab00000,0x000000076ab00000,0x0000000786380000)
  from space 13824K, 99% used [0x0000000789100000,0x0000000789e74510,0x0000000789e80000)
  to   space 43520K, 0% used [0x000000078ab80000,0x000000078ab80000,0x000000078d600000)
 ParOldGen       total 699392K, used 20133K [0x00000006c0000000, 0x00000006eab00000, 0x000000076ab00000)
  object space 699392K, 2% used [0x00000006c0000000,0x00000006c13a96b0,0x00000006eab00000)
 Metaspace       used 35049K, capacity 35350K, committed 35496K, reserved 1081344K
  class space    used 4502K, capacity 4580K, committed 4608K, reserved 1048576K
}
Event: 9.978 GC heap before
{Heap before GC invocations=5 (full 2):
 PSYoungGen      total 464896K, used 13777K [0x000000076ab00000, 0x000000078d600000, 0x00000007c0000000)
  eden space 451072K, 0% used [0x000000076ab00000,0x000000076ab00000,0x0000000786380000)
  from space 13824K, 99% used [0x0000000789100000,0x0000000789e74510,0x0000000789e80000)
  to   space 43520K, 0% used [0x000000078ab80000,0x000000078ab80000,0x000000078d600000)
 ParOldGen       total 699392K, used 20133K [0x00000006c0000000, 0x00000006eab00000, 0x000000076ab00000)
  object space 699392K, 2% used [0x00000006c0000000,0x00000006c13a96b0,0x00000006eab00000)
 Metaspace       used 35049K, capacity 35350K, committed 35496K, reserved 1081344K
  class space    used 4502K, capacity 4580K, committed 4608K, reserved 1048576K
Event: 10.043 GC heap after
Heap after GC invocations=5 (full 2):
 PSYoungGen      total 464896K, used 0K [0x000000076ab00000, 0x000000078d600000, 0x00000007c0000000)
  eden space 451072K, 0% used [0x000000076ab00000,0x000000076ab00000,0x0000000786380000)
  from space 13824K, 0% used [0x0000000789100000,0x0000000789100000,0x0000000789e80000)
  to   space 43520K, 0% used [0x000000078ab80000,0x000000078ab80000,0x000000078d600000)
 ParOldGen       total 737792K, used 23034K [0x00000006c0000000, 0x00000006ed080000, 0x000000076ab00000)
  object space 737792K, 3% used [0x00000006c0000000,0x00000006c167eb28,0x00000006ed080000)
 Metaspace       used 35049K, capacity 35350K, committed 35496K, reserved 1081344K
  class space    used 4502K, capacity 4580K, committed 4608K, reserved 1048576K
}

Deoptimization events (10 events):
Event: 11.488 Thread 0x00007fa378010000 Uncommon trap: reason=unstable_if action=reinterpret pc=0x00007fa36913ed30 method=java.util.concurrent.ConcurrentHashMap.get(Ljava/lang/Object;)Ljava/lang/Object; @ 86
Event: 11.696 Thread 0x00007fa378010000 Uncommon trap: reason=unstable_if action=reinterpret pc=0x00007fa369477a30 method=sun.reflect.misc.ReflectUtil.isNonPublicProxyClass(Ljava/lang/Class;)Z @ 33
Event: 12.050 Thread 0x00007fa378010000 Uncommon trap: reason=class_check action=maybe_recompile pc=0x00007fa3697b927c method=java.util.regex.Pattern$Curly.match(Ljava/util/regex/Matcher;ILjava/lang/CharSequence;)Z @ 19
Event: 12.079 Thread 0x00007fa378010000 Uncommon trap: reason=unstable_if action=reinterpret pc=0x00007fa369692878 method=java.util.concurrent.ConcurrentHashMap.transfer([Ljava/util/concurrent/ConcurrentHashMap$Node;[Ljava/util/concurrent/ConcurrentHashMap$Node;)V @ 356
Event: 12.079 Thread 0x00007fa378010000 Uncommon trap: reason=unstable_if action=reinterpret pc=0x00007fa36975513c method=java.util.concurrent.ConcurrentHashMap.transfer([Ljava/util/concurrent/ConcurrentHashMap$Node;[Ljava/util/concurrent/ConcurrentHashMap$Node;)V @ 356
Event: 12.767 Thread 0x00007fa378010000 Uncommon trap: reason=predicate action=maybe_recompile pc=0x00007fa369cef61c method=org.springframework.core.annotation.AnnotatedElementUtils.searchWithGetSemanticsInAnnotations(Ljava/lang/reflect/AnnotatedElement;Ljava/util/List;Ljava/lang/Class;Ljava/la
Event: 12.826 Thread 0x00007fa378010000 Uncommon trap: reason=unstable_if action=reinterpret pc=0x00007fa369c6b960 method=java.lang.reflect.Modifier.toString(I)Ljava/lang/String; @ 123
Event: 12.953 Thread 0x00007fa378010000 Uncommon trap: reason=unstable_if action=reinterpret pc=0x00007fa369144a34 method=org.springframework.util.ConcurrentReferenceHashMap$Segment.clear()V @ 4
Event: 13.166 Thread 0x00007fa378010000 Uncommon trap: reason=bimorphic action=maybe_recompile pc=0x00007fa369ba7510 method=java.util.Hashtable.get(Ljava/lang/Object;)Ljava/lang/Object; @ 6
Event: 13.166 Thread 0x00007fa378010000 Uncommon trap: reason=bimorphic action=maybe_recompile pc=0x00007fa369ba7510 method=java.util.Hashtable.get(Ljava/lang/Object;)Ljava/lang/Object; @ 6

Internal exceptions (10 events):
Event: 12.878 Thread 0x00007fa378010000 Exception <a 'java/lang/ClassNotFoundException': org/springframework/boot/autoconfigure/web/WebClientAutoConfigurationCustomizer> (0x0000000774d6db58) thrown at [/HUDSON3/workspace/8-2-build-linux-amd64/jdk8u121/8372/hotspot/src/share/vm/classfile/systemD
Event: 12.878 Thread 0x00007fa378010000 Exception <a 'java/lang/ClassNotFoundException': org/springframework/boot/autoconfigure/web/WebClientAutoConfiguration$$EnhancerBySpringCGLIB$$52d5929eCustomizer> (0x0000000774d91450) thrown at [/HUDSON3/workspace/8-2-build-linux-amd64/jdk8u121/8372/hotsp
Event: 12.878 Thread 0x00007fa378010000 Exception <a 'java/lang/ClassNotFoundException': org/springframework/context/annotation/ConfigurationClassEnhancer$EnhancedConfigurationCustomizer> (0x0000000774db5788) thrown at [/HUDSON3/workspace/8-2-build-linux-amd64/jdk8u121/8372/hotspot/src/share/vm
Event: 13.187 Thread 0x00007fa378010000 Exception <a 'java/lang/ClassNotFoundException': java/lang/ObjectCustomizer> (0x0000000775cebc40) thrown at [/HUDSON3/workspace/8-2-build-linux-amd64/jdk8u121/8372/hotspot/src/share/vm/classfile/systemDictionary.cpp, line 210]
Event: 13.187 Thread 0x00007fa378010000 Exception <a 'java/lang/ClassNotFoundException': org/springframework/test/context/testng/AbstractTestNGSpringContextTestsCustomizer> (0x0000000775d09988) thrown at [/HUDSON3/workspace/8-2-build-linux-amd64/jdk8u121/8372/hotspot/src/share/vm/classfile/syst
Event: 13.188 Thread 0x00007fa378010000 Exception <a 'java/lang/ClassNotFoundException': com/example/crudtest/CRUDTestCustomizer> (0x0000000775d1c550) thrown at [/HUDSON3/workspace/8-2-build-linux-amd64/jdk8u121/8372/hotspot/src/share/vm/classfile/systemDictionary.cpp, line 210]
Event: 13.188 Thread 0x00007fa378010000 Exception <a 'java/lang/ClassNotFoundException': org/testng/IHookableCustomizer> (0x0000000775d2cf78) thrown at [/HUDSON3/workspace/8-2-build-linux-amd64/jdk8u121/8372/hotspot/src/share/vm/classfile/systemDictionary.cpp, line 210]
Event: 13.188 Thread 0x00007fa378010000 Exception <a 'java/lang/ClassNotFoundException': org/springframework/context/ApplicationContextAwareCustomizer> (0x0000000775d43118) thrown at [/HUDSON3/workspace/8-2-build-linux-amd64/jdk8u121/8372/hotspot/src/share/vm/classfile/systemDictionary.cpp, lin
Event: 13.241 Thread 0x00007fa378010000 Exception <a 'java/lang/ClassNotFoundException': java/lang/ObjectCustomizer> (0x0000000775ecc748) thrown at [/HUDSON3/workspace/8-2-build-linux-amd64/jdk8u121/8372/hotspot/src/share/vm/classfile/systemDictionary.cpp, line 210]
Event: 13.241 Thread 0x00007fa378010000 Exception <a 'java/lang/ClassNotFoundException': com/example/entity/BookCustomizer> (0x0000000775edf0d8) thrown at [/HUDSON3/workspace/8-2-build-linux-amd64/jdk8u121/8372/hotspot/src/share/vm/classfile/systemDictionary.cpp, line 210]

Events (10 events):
Event: 13.245 loading class org/hibernate/engine/jdbc/internal/FormatStyle
Event: 13.245 loading class org/hibernate/engine/jdbc/internal/FormatStyle done
Event: 13.245 loading class org/hibernate/engine/jdbc/internal/Formatter
Event: 13.245 loading class org/hibernate/engine/jdbc/internal/Formatter done
Event: 13.245 loading class org/hibernate/engine/jdbc/internal/BasicFormatterImpl
Event: 13.245 loading class org/hibernate/engine/jdbc/internal/BasicFormatterImpl done
Event: 13.246 loading class org/hibernate/engine/jdbc/internal/DDLFormatterImpl
Event: 13.246 loading class org/hibernate/engine/jdbc/internal/DDLFormatterImpl done
Event: 13.246 loading class org/hibernate/engine/jdbc/internal/FormatStyle$NoFormatImpl
Event: 13.246 loading class org/hibernate/engine/jdbc/internal/FormatStyle$NoFormatImpl done


Dynamic libraries:
00400000-00401000 r-xp 00000000 08:03 5260258                            /usr/lib/jvm/java-8-oracle/bin/java
00600000-00601000 rw-p 00000000 08:03 5260258                            /usr/lib/jvm/java-8-oracle/bin/java
00d8f000-00db0000 rw-p 00000000 00:00 0                                  [heap]
6c0000000-6ed080000 rw-p 00000000 00:00 0 
6ed080000-76ab00000 ---p 00000000 00:00 0 
76ab00000-78d600000 rw-p 00000000 00:00 0 
78d600000-7c0000000 ---p 00000000 00:00 0 
7c0000000-7c0600000 rw-p 00000000 00:00 0 
7c0600000-800000000 ---p 00000000 00:00 0 
7fa2f8000000-7fa2f8021000 rw-p 00000000 00:00 0 
7fa2f8021000-7fa2fc000000 ---p 00000000 00:00 0 
7fa2fc000000-7fa2fc021000 rw-p 00000000 00:00 0 
7fa2fc021000-7fa300000000 ---p 00000000 00:00 0 
7fa300000000-7fa300021000 rw-p 00000000 00:00 0 
7fa300021000-7fa304000000 ---p 00000000 00:00 0 
7fa304000000-7fa304021000 rw-p 00000000 00:00 0 
7fa304021000-7fa308000000 ---p 00000000 00:00 0 
7fa308000000-7fa308021000 rw-p 00000000 00:00 0 
7fa308021000-7fa30c000000 ---p 00000000 00:00 0 
7fa30c000000-7fa30c021000 rw-p 00000000 00:00 0 
7fa30c021000-7fa310000000 ---p 00000000 00:00 0 
7fa313afb000-7fa313afe000 ---p 00000000 00:00 0 
7fa313afe000-7fa313bfc000 rw-p 00000000 00:00 0                          [stack:11321]
7fa313bfc000-7fa313bff000 ---p 00000000 00:00 0 
7fa313bff000-7fa313cfd000 rw-p 00000000 00:00 0                          [stack:11320]
7fa313cfd000-7fa313d00000 ---p 00000000 00:00 0 
7fa313d00000-7fa313dfe000 rw-p 00000000 00:00 0                          [stack:11319]
7fa313dfe000-7fa313e01000 ---p 00000000 00:00 0 
7fa313e01000-7fa313eff000 rw-p 00000000 00:00 0                          [stack:11318]
7fa313eff000-7fa313f02000 ---p 00000000 00:00 0 
7fa313f02000-7fa314000000 rw-p 00000000 00:00 0                          [stack:11317]
7fa314000000-7fa314021000 rw-p 00000000 00:00 0 
7fa314021000-7fa318000000 ---p 00000000 00:00 0 
7fa318000000-7fa318021000 rw-p 00000000 00:00 0 
7fa318021000-7fa31c000000 ---p 00000000 00:00 0 
7fa31c000000-7fa31c240000 rw-p 00000000 00:00 0 
7fa31c240000-7fa320000000 ---p 00000000 00:00 0 
7fa320000000-7fa3200ec000 rw-p 00000000 00:00 0 
7fa3200ec000-7fa324000000 ---p 00000000 00:00 0 
7fa324000000-7fa324021000 rw-p 00000000 00:00 0 
7fa324021000-7fa328000000 ---p 00000000 00:00 0 
7fa328000000-7fa328021000 rw-p 00000000 00:00 0 
7fa328021000-7fa32c000000 ---p 00000000 00:00 0 
7fa32c000000-7fa32d19a000 rw-p 00000000 00:00 0 
7fa32d19a000-7fa330000000 ---p 00000000 00:00 0 
7fa330000000-7fa330021000 rw-p 00000000 00:00 0 
7fa330021000-7fa334000000 ---p 00000000 00:00 0 
7fa334000000-7fa33583e000 rw-p 00000000 00:00 0 
7fa33583e000-7fa338000000 ---p 00000000 00:00 0 
7fa338000000-7fa33a3ac000 rw-p 00000000 00:00 0 
7fa33a3ac000-7fa33c000000 ---p 00000000 00:00 0 
7fa33c000000-7fa33c021000 rw-p 00000000 00:00 0 
7fa33c021000-7fa340000000 ---p 00000000 00:00 0 
7fa340000000-7fa340021000 rw-p 00000000 00:00 0 
7fa340021000-7fa344000000 ---p 00000000 00:00 0 
7fa344000000-7fa344021000 rw-p 00000000 00:00 0 
7fa344021000-7fa348000000 ---p 00000000 00:00 0 
7fa348000000-7fa348021000 rw-p 00000000 00:00 0 
7fa348021000-7fa34c000000 ---p 00000000 00:00 0 
7fa34c000000-7fa354000000 rw-p 00000000 00:00 0 
7fa354000000-7fa354021000 rw-p 00000000 00:00 0 
7fa354021000-7fa358000000 ---p 00000000 00:00 0 
7fa358000000-7fa358021000 rw-p 00000000 00:00 0 
7fa358021000-7fa35c000000 ---p 00000000 00:00 0 
7fa35c000000-7fa35c021000 rw-p 00000000 00:00 0 
7fa35c021000-7fa360000000 ---p 00000000 00:00 0 
7fa36008c000-7fa36014c000 rw-p 00000000 00:00 0 
7fa36014c000-7fa36028c000 ---p 00000000 00:00 0 
7fa36028c000-7fa36048c000 rw-p 00000000 00:00 0 
7fa36048c000-7fa36068c000 rw-p 00000000 00:00 0 
7fa36068c000-7fa36088c000 rw-p 00000000 00:00 0 
7fa36088c000-7fa360910000 r-xp 00000000 08:03 5917603                    /tmp/sqlite-3.7.2-libsqlitejdbc.so
7fa360910000-7fa360b10000 ---p 00084000 08:03 5917603                    /tmp/sqlite-3.7.2-libsqlitejdbc.so
7fa360b10000-7fa360b11000 r--p 00084000 08:03 5917603                    /tmp/sqlite-3.7.2-libsqlitejdbc.so
7fa360b11000-7fa360b14000 rw-p 00085000 08:03 5917603                    /tmp/sqlite-3.7.2-libsqlitejdbc.so
7fa360b14000-7fa360d14000 rw-p 00000000 00:00 0 
7fa360d14000-7fa360d17000 ---p 00000000 00:00 0 
7fa360d17000-7fa361015000 rw-p 00000000 00:00 0                          [stack:11316]
7fa361015000-7fa361018000 ---p 00000000 00:00 0 
7fa361018000-7fa361116000 rw-p 00000000 00:00 0                          [stack:11315]
7fa361116000-7fa361119000 ---p 00000000 00:00 0 
7fa361119000-7fa361417000 rw-p 00000000 00:00 0                          [stack:11314]
7fa361417000-7fa36141a000 ---p 00000000 00:00 0 
7fa36141a000-7fa361718000 rw-p 00000000 00:00 0                          [stack:11313]
7fa3617ad000-7fa3619ae000 rw-p 00000000 00:00 0 
7fa3619ae000-7fa3619c1000 r--s 00345000 08:03 1192818                    /usr/lib/jvm/java-8-oracle/jre/lib/resources.jar
7fa3619c1000-7fa361bc1000 rw-p 00000000 00:00 0 
7fa361bc1000-7fa361c56000 r--s 01109000 08:03 5004536                    /usr/lib/jvm/java-8-oracle/jre/lib/ext/jfxrt.jar
7fa361c56000-7fa361e56000 rw-p 00000000 00:00 0 
7fa361e56000-7fa361e67000 r-xp 00000000 08:03 1192784                    /usr/lib/jvm/java-8-oracle/jre/lib/amd64/libnio.so
7fa361e67000-7fa362066000 ---p 00011000 08:03 1192784                    /usr/lib/jvm/java-8-oracle/jre/lib/amd64/libnio.so
7fa362066000-7fa362067000 rw-p 00010000 08:03 1192784                    /usr/lib/jvm/java-8-oracle/jre/lib/amd64/libnio.so
7fa362067000-7fa362267000 rw-p 00000000 00:00 0 
7fa362267000-7fa36226c000 r--s 002f9000 08:03 1192722                    /usr/lib/jvm/java-8-oracle/jre/lib/charsets.jar
7fa36226c000-7fa36246c000 rw-p 00000000 00:00 0 
7fa36246c000-7fa36246f000 ---p 00000000 00:00 0 
7fa36246f000-7fa36256d000 rw-p 00000000 00:00 0                          [stack:11312]
7fa36256d000-7fa362576000 r-xp 00000000 08:03 1192768                    /usr/lib/jvm/java-8-oracle/jre/lib/amd64/libmanagement.so
7fa362576000-7fa362775000 ---p 00009000 08:03 1192768                    /usr/lib/jvm/java-8-oracle/jre/lib/amd64/libmanagement.so
7fa362775000-7fa362776000 rw-p 00008000 08:03 1192768                    /usr/lib/jvm/java-8-oracle/jre/lib/amd64/libmanagement.so
7fa362776000-7fa362976000 rw-p 00000000 00:00 0 
7fa362976000-7fa362b76000 rw-p 00000000 00:00 0 
7fa362b76000-7fa362d76000 rw-p 00000000 00:00 0 
7fa362d76000-7fa362d7a000 r--s 0009a000 08:03 1192726                    /usr/lib/jvm/java-8-oracle/jre/lib/jsse.jar
7fa362d7a000-7fa362d7d000 ---p 00000000 00:00 0 
7fa362d7d000-7fa362e7b000 rw-p 00000000 00:00 0                          [stack:11310]
7fa362e7b000-7fa362e91000 r-xp 00000000 08:03 1192796                    /usr/lib/jvm/java-8-oracle/jre/lib/amd64/libnet.so
7fa362e91000-7fa363091000 ---p 00016000 08:03 1192796                    /usr/lib/jvm/java-8-oracle/jre/lib/amd64/libnet.so
7fa363091000-7fa363092000 rw-p 00016000 08:03 1192796                    /usr/lib/jvm/java-8-oracle/jre/lib/amd64/libnet.so
7fa363092000-7fa363093000 r--s 0000c000 08:03 5916924                    /home/sharmila/.gradle/caches/modules-2/files-2.1/org.ow2.asm/asm/5.0.3/dcc2193db20e19e1feca8b1240dbbc4e190824fa/asm-5.0.3.jar
7fa363093000-7fa36309d000 r--s 00069000 08:03 5923589                    /home/sharmila/.gradle/caches/modules-2/files-2.1/ch.qos.logback/logback-core/1.1.8/b4d1c3dea91727faf8b3d19cf4b9b972d6c0b89/logback-core-1.1.8.jar
7fa36309d000-7fa36309f000 r--s 00012000 08:03 5916922                    /home/sharmila/.gradle/caches/modules-2/files-2.1/net.minidev/accessors-smart/1.1/a527213f2fea112a04c9bdf0ec0264e34104cd08/accessors-smart-1.1.jar
7fa36309f000-7fa3630a1000 r--s 00009000 08:03 5923902                    /home/sharmila/.gradle/caches/modules-2/files-2.1/org.apache.tomcat/tomcat-juli/8.5.6/83d2d1e3362ecca504f3bf8ed1bc4cc451754d24/tomcat-juli-8.5.6.jar
7fa3630a1000-7fa3630aa000 r--s 0002d000 08:03 5923903                    /home/sharmila/.gradle/caches/modules-2/files-2.1/xml-apis/xml-apis/1.4.01/3789d9fada2d3d458c4ba2de349d48780f381ee3/xml-apis-1.4.01.jar
7fa3630aa000-7fa3630ac000 r--s 00004000 08:03 5923588                    /home/sharmila/.gradle/caches/modules-2/files-2.1/org.slf4j/log4j-over-slf4j/1.7.22/a527c37e9ca6c3d19ba298edd4aa344ca751a203/log4j-over-slf4j-1.7.22.jar
7fa3630ac000-7fa3630ae000 r--s 00000000 08:03 5923587                    /home/sharmila/.gradle/caches/modules-2/files-2.1/org.slf4j/jul-to-slf4j/1.7.22/b0429e950b3d2bc2c39c1bacafac753edbe3781c/jul-to-slf4j-1.7.22.jar
7fa3630ae000-7fa3630b4000 r--s 00045000 08:03 5923585                    /home/sharmila/.gradle/caches/modules-2/files-2.1/ch.qos.logback/logback-classic/1.1.8/e54f49a227611976642f81cf2106b81c1ece8bf5/logback-classic-1.1.8.jar
7fa3630b4000-7fa3630b5000 r--s 0000f000 08:03 5916909                    /home/sharmila/.gradle/caches/modules-2/files-2.1/org.json/json/20140107/d1ffca6e2482b002702c6a576166fd685e3370e3/json-20140107.jar
7fa3630b5000-7fa3630b7000 r--s 00009000 08:03 5916921                    /home/sharmila/.gradle/caches/modules-2/files-2.1/org.objenesis/objenesis/2.1/87c0ea803b69252868d09308b4618f766f135a96/objenesis-2.1.jar
7fa3630b7000-7fa3630ba000 r--s 0001b000 08:03 5916920                    /home/sharmila/.gradle/caches/modules-2/files-2.1/net.minidev/json-smart/2.2.1/5b9e5df7a62d1279b70dc882b041d249c4f0b002/json-smart-2.2.1.jar
7fa3630ba000-7fa3630bc000 r--s 00003000 08:03 5923586                    /home/sharmila/.gradle/caches/modules-2/files-2.1/org.slf4j/jcl-over-slf4j/1.7.22/86ceac14535af5a42c8fb0d06d79b925dd3cb263/jcl-over-slf4j-1.7.22.jar
7fa3630bc000-7fa3630be000 r--s 00009000 08:03 5923584                    /home/sharmila/.gradle/caches/modules-2/files-2.1/org.slf4j/slf4j-api/1.7.22/a1c83373863cec7ae8d89dc1c5722d8cb6ec0309/slf4j-api-1.7.22.jar
7fa3630be000-7fa3630c6000 r--s 0003a000 08:03 5923901                    /home/sharmila/.gradle/caches/modules-2/files-2.1/org.springframework/spring-tx/4.3.5.RELEASE/296d8ae21fadc0f115dae7d1e8d5c4f8c7de2c3e/spring-tx-4.3.5.RELEASE.jar
7fa3630c6000-7fa3630d0000 r--s 0006b000 08:03 5923900                    /home/sharmila/.gradle/caches/modules-2/files-2.1/org.springframework/spring-orm/4.3.5.RELEASE/64c29d310b69bcc6e1fd5a738fa3629bdedb2d3f/spring-orm-4.3.5.RELEASE.jar
7fa3630d0000-7fa3630e0000 r--s 0009a000 08:03 5923899                    /home/sharmila/.gradle/caches/modules-2/files-2.1/org.springframework.data/spring-data-commons/1.12.6.RELEASE/b6403dcfce33e89613f364d80d653d7540279c47/spring-data-commons-1.12.6.RELEASE.jar
7fa3630e0000-7fa3630ea000 r--s 0005f000 08:03 5923898                    /home/sharmila/.gradle/caches/modules-2/files-2.1/org.springframework/spring-jdbc/4.3.5.RELEASE/7c09e38b6f6e0b178973dea06bb8fdc6d19aa596/spring-jdbc-4.3.5.RELEASE.jar
7fa3630ea000-7fa3630ed000 r--s 00020000 08:03 5923897                    /home/sharmila/.gradle/caches/modules-2/files-2.1/org.apache.tomcat/tomcat-jdbc/8.5.6/feb10a9e22f70565c7556f327b0481dba8587bbc/tomcat-jdbc-8.5.6.jar
7fa3630ed000-7fa363106000 r--s 001af000 08:03 5923896                    /home/sharmila/.gradle/caches/modules-2/files-2.1/org.aspectj/aspectjweaver/1.8.9/db28774f477f07220eac18d5ec9c4e01f48589d7/aspectjweaver-1.8.9.jar
7fa363106000-7fa363109000 r--s 00010000 08:03 5923833                    /home/sharmila/.gradle/caches/modules-2/files-2.1/org.hibernate.common/hibernate-commons-annotations/5.0.1.Final/71e1cff3fcb20d3b3af4f3363c3ddb24d33c6879/hibernate-commons-annotations-5.0.1.Final.jar
7fa363109000-7fa36310e000 r--s 00048000 08:03 5923832                    /home/sharmila/.gradle/caches/modules-2/files-2.1/dom4j/dom4j/1.6.1/5d3ccc056b6f056dbf0dddfdf43894b9065a8f94/dom4j-1.6.1.jar
7fa36310e000-7fa363111000 r--s 0002b000 08:03 5923433                    /home/sharmila/.gradle/caches/modules-2/files-2.1/org.jboss/jandex/2.0.0.Final/3e899258936f94649c777193e1be846387ed54b3/jandex-2.0.0.Final.jar
7fa363111000-7fa363112000 r--s 00003000 08:03 5923830                    /home/sharmila/.gradle/caches/modules-2/files-2.1/org.apache.geronimo.specs/geronimo-jta_1.1_spec/1.1.1/aabab3165b8ea936b9360abbf448459c0d04a5a4/geronimo-jta_1.1_spec-1.1.1.jar
7fa363112000-7fa363117000 r--s 00068000 08:03 5923829                    /home/sharmila/.gradle/caches/modules-2/files-2.1/antlr/antlr/2.7.7/83cd2cd674a217ade95a4bb83a8a14f351f48bd0/antlr-2.7.7.jar
7fa363117000-7fa36311c000 r--s 0003c000 08:03 5923583                    /home/sharmila/.gradle/caches/modules-2/files-2.1/org.springframework/spring-expression/4.3.5.RELEASE/3689dc6c5b942ecde4122eac889ed87977d6f287/spring-expression-4.3.5.RELEASE.jar
7fa36311c000-7fa363136000 r--s 000fc000 08:03 5923582                    /home/sharmila/.gradle/caches/modules-2/files-2.1/org.springframework/spring-context/4.3.5.RELEASE/ca3391c0e17d0138335ba51b51371661d20d56a8/spring-context-4.3.5.RELEASE.jar
7fa363136000-7fa363143000 r--s 000ad000 08:03 5923581                    /home/sharmila/.gradle/caches/modules-2/files-2.1/org.springframework/spring-beans/4.3.5.RELEASE/e12bbc3277da28e2e2608a187f83091dc6c300bf/spring-beans-4.3.5.RELEASE.jar
7fa363143000-7fa36314c000 r--s 00054000 08:03 5923580                    /home/sharmila/.gradle/caches/modules-2/files-2.1/org.springframework/spring-aop/4.3.5.RELEASE/4f113218af716bd8d174c411f19b26418b5a70f6/spring-aop-4.3.5.RELEASE.jar
7fa36314c000-7fa363150000 r--s 00041000 08:03 5923579                    /home/sharmila/.gradle/caches/modules-2/files-2.1/com.fasterxml.jackson.core/jackson-core/2.8.5/60d059f5d2930ccd1ef03535b713fd9f933d1ba7/jackson-core-2.8.5.jar
7fa363150000-7fa363153000 r--s 0000b000 08:03 5923578                    /home/sharmila/.gradle/caches/modules-2/files-2.1/com.fasterxml.jackson.core/jackson-annotations/2.8.5/9d82ff47bc2c2d3b5b6a6618fe636782bbcd5b07/jackson-annotations-2.8.5.jar
7fa363153000-7fa363155000 r--s 0000e000 08:03 5917543                    /home/sharmila/.gradle/caches/modules-2/files-2.1/com.fasterxml/classmate/1.3.3/864c8e370a691e343210cc7c532fc198cee460d8/classmate-1.3.3.jar
7fa363155000-7fa363159000 r--s 0000c000 08:03 5916766                    /home/sharmila/.gradle/caches/modules-2/files-2.1/javax.validation/validation-api/1.1.0.Final/8613ae82954779d518631e05daa73a6a954817d5/validation-api-1.1.0.Final.jar
7fa363159000-7fa36315e000 r--s 00036000 08:03 5917542                    /home/sharmila/.gradle/caches/modules-2/files-2.1/org.apache.tomcat.embed/tomcat-embed-websocket/8.5.6/6f6940a216b380ea8506530c374fcfeef820ba54/tomcat-embed-websocket-8.5.6.jar
7fa36315e000-7fa36315f000 r--s 00000000 08:03 5923577                    /home/sharmila/.gradle/caches/modules-2/files-2.1/org.springframework.boot/spring-boot-starter-logging/1.4.3.RELEASE/1c58783c0694abf695babfd39829922d2d501ec2/spring-boot-starter-logging-1.4.3.RELEASE.jar
7fa36315f000-7fa36317d000 r--s 000d0000 08:03 5923576                    /home/sharmila/.gradle/caches/modules-2/files-2.1/org.springframework.boot/spring-boot-autoconfigure/1.4.3.RELEASE/41df1bfbdd4ae4e8499ebe1a4bc613bda316d6e1/spring-boot-autoconfigure-1.4.3.RELEASE.jar
7fa36317d000-7fa36318d000 r--s 00092000 08:03 5923575                    /home/sharmila/.gradle/caches/modules-2/files-2.1/org.springframework.boot/spring-boot/1.4.3.RELEASE/17f94def4460075afdfba6bf8f897cd1fc95bf77/spring-boot-1.4.3.RELEASE.jar
7fa36318d000-7fa36319c000 r--s 00084000 08:03 5923574                    /home/sharmila/.gradle/caches/modules-2/files-2.1/org.springframework/spring-test/4.3.5.RELEASE/a1965127e07b469d8e5bb3d2b0ff850423b66be4/spring-test-4.3.5.RELEASE.jar
7fa36319c000-7fa3631b2000 r--s 000fa000 08:03 5923530                    /home/sharmila/.gradle/caches/modules-2/files-2.1/org.springframework/spring-core/4.3.5.RELEASE/80299e3f80e8c6d5c076db2ba6adf44a4b52f578/spring-core-4.3.5.RELEASE.jar
7fa3631b2000-7fa3631b3000 r--s 00006000 08:03 5916915                    /home/sharmila/.gradle/caches/modules-2/files-2.1/org.skyscreamer/jsonassert/1.3.0/d5c250eb122496866de36dc84f98e2945845ecdd/jsonassert-1.3.0.jar
7fa3631b3000-7fa3631b4000 r--s 0000c000 08:03 5916912                    /home/sharmila/.gradle/caches/modules-2/files-2.1/org.hamcrest/hamcrest-library/1.3/4785a3c21320980282f9f33d0d1264a69040538f/hamcrest-library-1.3.jar
7fa3631b4000-7fa3631b6000 r--s 00009000 08:03 5913472                    /home/sharmila/.gradle/caches/modules-2/files-2.1/org.hamcrest/hamcrest-core/1.3/42a25dc3219429f0e5d060061f71acb49bf010a0/hamcrest-core-1.3.jar
7fa3631b6000-7fa3631d2000 r--s 00103000 08:03 5916914                    /home/sharmila/.gradle/caches/modules-2/files-2.1/org.mockito/mockito-core/1.10.19/e8546f5bef4e061d8dd73895b4e8f40e3fe6effe/mockito-core-1.10.19.jar
7fa3631d2000-7fa3631e5000 r--s 000d2000 08:03 5916913                    /home/sharmila/.gradle/caches/modules-2/files-2.1/org.assertj/assertj-core/2.5.0/fcd21db4c5f33e5dcac69bf1816415fe0647582f/assertj-core-2.5.0.jar
7fa3631e5000-7fa3631ea000 r--s 0002e000 08:03 5916911                    /home/sharmila/.gradle/caches/modules-2/files-2.1/com.jayway.jsonpath/json-path/2.2.0/22290d17944bd239fabf5ac69005a60a7ecbbbcb/json-path-2.2.0.jar
7fa3631ea000-7fa3631ef000 r--s 00017000 08:03 5923573                    /home/sharmila/.gradle/caches/modules-2/files-2.1/org.springframework.boot/spring-boot-test-autoconfigure/1.4.3.RELEASE/1a7587605e981a58104a501ab1896e2eb7a76686/spring-boot-test-autoconfigure-1.4.3.RELEASE.jar
7fa3631ef000-7fa3631f4000 r--s 00021000 08:03 5923572                    /home/sharmila/.gradle/caches/modules-2/files-2.1/org.springframework.boot/spring-boot-test/1.4.3.RELEASE/2d76638f0f13b33859bf3b927c232ff0f8a4ffbf/spring-boot-test-1.4.3.RELEASE.jar
7fa3631f4000-7fa3631fa000 r--s 0003d000 08:03 5916762                    /home/sharmila/.gradle/caches/modules-2/files-2.1/org.yaml/snakeyaml/1.17/7a27ea250c5130b2922b86dea63cbb1cc10a660c/snakeyaml-1.17.jar
7fa3631fa000-7fa3631fc000 r--s 00006000 08:03 5923638                    /home/sharmila/.gradle/caches/modules-2/files-2.1/com.beust/jcommander/1.12/7409692b48022f9eca7445861defbcdb9ee3c2a8/jcommander-1.12.jar
7fa3631fc000-7fa363201000 r--s 00040000 08:03 5923637                    /home/sharmila/.gradle/caches/modules-2/files-2.1/org.beanshell/bsh/2.0b4/a05f0a0feefa8d8467ac80e16e7de071489f0d9c/bsh-2.0b4.jar
7fa363201000-7fa363209000 r--s 00045000 08:03 5913471                    /home/sharmila/.gradle/caches/modules-2/files-2.1/junit/junit/4.12/2973d150c0dc1fefe998f834810d68f278ea58ec/junit-4.12.jar
7fa363209000-7fa363216000 r--s 00089000 08:03 5923892                    /home/sharmila/.gradle/caches/modules-2/files-2.1/org.hibernate/hibernate-entitymanager/5.0.11.Final/549565caed4e0bcb816843693e66ff7b04ce025f/hibernate-entitymanager-5.0.11.Final.jar
7fa363216000-7fa363217000 ---p 00000000 00:00 0 
7fa363217000-7fa363317000 rw-p 00000000 00:00 0                          [stack:11308]
7fa363317000-7fa36331a000 ---p 00000000 00:00 0 
7fa36331a000-7fa363418000 rw-p 00000000 00:00 0                          [stack:11307]
7fa363418000-7fa36341b000 ---p 00000000 00:00 0 
7fa36341b000-7fa363519000 rw-p 00000000 00:00 0                          [stack:11306]
7fa363519000-7fa36351c000 ---p 00000000 00:00 0 
7fa36351c000-7fa36361a000 rw-p 00000000 00:00 0                          [stack:11305]
7fa36361a000-7fa36361d000 ---p 00000000 00:00 0 
7fa36361d000-7fa36371b000 rw-p 00000000 00:00 0                          [stack:11304]
7fa36371b000-7fa36371e000 ---p 00000000 00:00 0 
7fa36371e000-7fa36381c000 rw-p 00000000 00:00 0                          [stack:11303]
7fa36381c000-7fa363eff000 r--p 00000000 08:03 3152909                    /usr/lib/locale/locale-archive
7fa363eff000-7fa363f02000 ---p 00000000 00:00 0 
7fa363f02000-7fa364000000 rw-p 00000000 00:00 0                          [stack:11302]
7fa364000000-7fa364021000 rw-p 00000000 00:00 0 
7fa364021000-7fa368000000 ---p 00000000 00:00 0 
7fa368000000-7fa368003000 r--s 0000c000 08:03 5923895                    /home/sharmila/.gradle/caches/modules-2/files-2.1/org.springframework/spring-aspects/4.3.5.RELEASE/8c00c15865a1da0a1ba143a50622a8436a56e097/spring-aspects-4.3.5.RELEASE.jar
7fa368003000-7fa368009000 r--s 0003f000 08:03 5923894                    /home/sharmila/.gradle/caches/modules-2/files-2.1/org.springframework.data/spring-data-jpa/1.10.6.RELEASE/5d478860b24a493845248c1c336c33a657567bd3/spring-data-jpa-1.10.6.RELEASE.jar
7fa368009000-7fa368013000 r--s 000ae000 08:03 5916958                    /home/sharmila/.gradle/caches/modules-2/files-2.1/org.javassist/javassist/3.20.0-GA/a9cbcdfb7e9f86fbc74d3afae65f2248bfbf82a0/javassist-3.20.0-GA.jar
7fa368013000-7fa368018000 r--s 00017000 08:03 5923828                    /home/sharmila/.gradle/caches/modules-2/files-2.1/org.hibernate.javax.persistence/hibernate-jpa-2.1-api/1.0.0.Final/5e731d961297e5a07290bfaf3db1fbc8bbbf405a/hibernate-jpa-2.1-api-1.0.0.Final.jar
7fa368018000-7fa368081000 r--s 004f3000 08:03 5923432                    /home/sharmila/.gradle/caches/modules-2/files-2.1/org.hibernate/hibernate-core/5.0.11.Final/c2487fb72a2217a7cec9ab478d4c21a36fc09977/hibernate-core-5.0.11.Final.jar
7fa368081000-7fa368094000 r--s 00236000 08:03 5916949                    /home/sharmila/.gradle/caches/modules-2/files-2.1/org.eclipse.jdt.core.compiler/ecj/4.5.1/bee1367ac12fb6a20b422ff8711ebeb4f0a42316/ecj-4.5.1.jar
7fa368094000-7fa3680bd000 r--s 002b2000 08:03 5917540                    /home/sharmila/.gradle/caches/modules-2/files-2.1/org.apache.tomcat.embed/tomcat-embed-core/8.5.6/960834b5abc6b2135250487abf6c060a0fa5a22e/tomcat-embed-core-8.5.6.jar
7fa3680bd000-7fa3680ce000 r--s 000cf000 08:03 5923571                    /home/sharmila/.gradle/caches/modules-2/files-2.1/org.springframework/spring-webmvc/4.3.5.RELEASE/c624659217edab07d8279fb0f90462136f089220/spring-webmvc-4.3.5.RELEASE.jar
7fa3680ce000-7fa3680e0000 r--s 000b6000 08:03 5923570                    /home/sharmila/.gradle/caches/modules-2/files-2.1/org.springframework/spring-web/4.3.5.RELEASE/6641daccf2fddafc8358144f3a4f999130fdf144/spring-web-4.3.5.RELEASE.jar
7fa3680e0000-7fa3680f1000 r--s 0011d000 08:03 5923569                    /home/sharmila/.gradle/caches/modules-2/files-2.1/com.fasterxml.jackson.core/jackson-databind/2.8.5/b3035f37e674c04dafe36a660c3815cc59f764e2/jackson-databind-2.8.5.jar
7fa3680f1000-7fa3680f4000 ---p 00000000 00:00 0 
7fa3680f4000-7fa3681f2000 rw-p 00000000 00:00 0                          [stack:11301]
7fa3681f2000-7fa3681f3000 ---p 00000000 00:00 0 
7fa3681f3000-7fa369000000 rw-p 00000000 00:00 0                          [stack:11300]
7fa369000000-7fa369d90000 rwxp 00000000 00:00 0 
7fa369d90000-7fa378000000 ---p 00000000 00:00 0 
7fa378000000-7fa37962b000 rw-p 00000000 00:00 0 
7fa37962b000-7fa37c000000 ---p 00000000 00:00 0 
7fa37c000000-7fa37c002000 r--s 00006000 08:03 5923893                    /home/sharmila/.gradle/caches/modules-2/files-2.1/javax.transaction/javax.transaction-api/1.2/d81aff979d603edd90dcd8db2abc1f4ce6479e3e/javax.transaction-api-1.2.jar
7fa37c002000-7fa37c003000 r--s 00000000 08:03 5923891                    /home/sharmila/.gradle/caches/modules-2/files-2.1/org.springframework.boot/spring-boot-starter-jdbc/1.4.3.RELEASE/7ce66cf27ea731189248be7af2ab84ba189e1151/spring-boot-starter-jdbc-1.4.3.RELEASE.jar
7fa37c003000-7fa37c004000 r--s 00000000 08:03 5923890                    /home/sharmila/.gradle/caches/modules-2/files-2.1/org.springframework.boot/spring-boot-starter-aop/1.4.3.RELEASE/30b11b6455bed446d3b4a1a49fab529b2cfac454/spring-boot-starter-aop-1.4.3.RELEASE.jar
7fa37c004000-7fa37c006000 r--s 0000f000 08:03 5916917                    /home/sharmila/.gradle/caches/modules-2/files-2.1/org.jboss.logging/jboss-logging/3.3.0.Final/3616bb87707910296e2c195dc016287080bba5af/jboss-logging-3.3.0.Final.jar
7fa37c006000-7fa37c00b000 r--s 00036000 08:03 5917541                    /home/sharmila/.gradle/caches/modules-2/files-2.1/org.apache.tomcat.embed/tomcat-embed-el/8.5.6/a102298d8dc72f4065533d5962953d753b172602/tomcat-embed-el-8.5.6.jar
7fa37c00b000-7fa37c01b000 r--s 0009c000 08:03 5916756                    /home/sharmila/.gradle/caches/modules-2/files-2.1/org.hibernate/hibernate-validator/5.2.4.Final/fb18766b576aa6632bcfe9a20a023cbd52bf9769/hibernate-validator-5.2.4.Final.jar
7fa37c01b000-7fa37c01c000 r--s 00000000 08:03 5923568                    /home/sharmila/.gradle/caches/modules-2/files-2.1/org.springframework.boot/spring-boot-starter-tomcat/1.4.3.RELEASE/61c48035a7a3b06b42fdd07b7109e562077b3792/spring-boot-starter-tomcat-1.4.3.RELEASE.jar
7fa37c01c000-7fa37c028000 r--s 000a4000 08:03 5923636                    /home/sharmila/.gradle/caches/modules-2/files-2.1/org.testng/testng/6.5.2/5069d2e72356ed87645c5fc3622b0bbb5e0667c9/testng-6.5.2.jar
7fa37c028000-7fa37c31e000 rw-p 00000000 00:00 0 
7fa37c31e000-7fa37c4f7000 r--s 03d3e000 08:03 1192730                    /usr/lib/jvm/java-8-oracle/jre/lib/rt.jar
7fa37c4f7000-7fa37d56d000 rw-p 00000000 00:00 0 
7fa37d56d000-7fa37d56e000 ---p 00000000 00:00 0 
7fa37d56e000-7fa37d66e000 rw-p 00000000 00:00 0                          [stack:11299]
7fa37d66e000-7fa37d66f000 ---p 00000000 00:00 0 
7fa37d66f000-7fa37d76f000 rw-p 00000000 00:00 0                          [stack:11298]
7fa37d76f000-7fa37d770000 ---p 00000000 00:00 0 
7fa37d770000-7fa37d870000 rw-p 00000000 00:00 0                          [stack:11297]
7fa37d870000-7fa37d871000 ---p 00000000 00:00 0 
7fa37d871000-7fa37dada000 rw-p 00000000 00:00 0                          [stack:11296]
7fa37dada000-7fa37dec7000 ---p 00000000 00:00 0 
7fa37dec7000-7fa37e030000 rw-p 00000000 00:00 0 
7fa37e030000-7fa37e41c000 ---p 00000000 00:00 0 
7fa37e41c000-7fa37e532000 rw-p 00000000 00:00 0 
7fa37e532000-7fa37e6c7000 ---p 00000000 00:00 0 
7fa37e6c7000-7fa37e6ff000 rw-p 00000000 00:00 0 
7fa37e6ff000-7fa37ea88000 ---p 00000000 00:00 0 
7fa37ea88000-7fa37eaa2000 r-xp 00000000 08:03 1192782                    /usr/lib/jvm/java-8-oracle/jre/lib/amd64/libzip.so
7fa37eaa2000-7fa37eca2000 ---p 0001a000 08:03 1192782                    /usr/lib/jvm/java-8-oracle/jre/lib/amd64/libzip.so
7fa37eca2000-7fa37eca3000 rw-p 0001a000 08:03 1192782                    /usr/lib/jvm/java-8-oracle/jre/lib/amd64/libzip.so
7fa37eca3000-7fa37ecad000 r-xp 00000000 08:03 4070135                    /lib/x86_64-linux-gnu/libnss_files-2.19.so
7fa37ecad000-7fa37eeac000 ---p 0000a000 08:03 4070135                    /lib/x86_64-linux-gnu/libnss_files-2.19.so
7fa37eeac000-7fa37eead000 r--p 00009000 08:03 4070135                    /lib/x86_64-linux-gnu/libnss_files-2.19.so
7fa37eead000-7fa37eeae000 rw-p 0000a000 08:03 4070135                    /lib/x86_64-linux-gnu/libnss_files-2.19.so
7fa37eeae000-7fa37eeb9000 r-xp 00000000 08:03 4070127                    /lib/x86_64-linux-gnu/libnss_nis-2.19.so
7fa37eeb9000-7fa37f0b8000 ---p 0000b000 08:03 4070127                    /lib/x86_64-linux-gnu/libnss_nis-2.19.so
7fa37f0b8000-7fa37f0b9000 r--p 0000a000 08:03 4070127                    /lib/x86_64-linux-gnu/libnss_nis-2.19.so
7fa37f0b9000-7fa37f0ba000 rw-p 0000b000 08:03 4070127                    /lib/x86_64-linux-gnu/libnss_nis-2.19.so
7fa37f0ba000-7fa37f0d1000 r-xp 00000000 08:03 4070123                    /lib/x86_64-linux-gnu/libnsl-2.19.so
7fa37f0d1000-7fa37f2d0000 ---p 00017000 08:03 4070123                    /lib/x86_64-linux-gnu/libnsl-2.19.so
7fa37f2d0000-7fa37f2d1000 r--p 00016000 08:03 4070123                    /lib/x86_64-linux-gnu/libnsl-2.19.so
7fa37f2d1000-7fa37f2d2000 rw-p 00017000 08:03 4070123                    /lib/x86_64-linux-gnu/libnsl-2.19.so
7fa37f2d2000-7fa37f2d4000 rw-p 00000000 00:00 0 
7fa37f2d4000-7fa37f2dd000 r-xp 00000000 08:03 4070122                    /lib/x86_64-linux-gnu/libnss_compat-2.19.so
7fa37f2dd000-7fa37f4dc000 ---p 00009000 08:03 4070122                    /lib/x86_64-linux-gnu/libnss_compat-2.19.so
7fa37f4dc000-7fa37f4dd000 r--p 00008000 08:03 4070122                    /lib/x86_64-linux-gnu/libnss_compat-2.19.so
7fa37f4dd000-7fa37f4de000 rw-p 00009000 08:03 4070122                    /lib/x86_64-linux-gnu/libnss_compat-2.19.so
7fa37f4de000-7fa37f509000 r-xp 00000000 08:03 1192746                    /usr/lib/jvm/java-8-oracle/jre/lib/amd64/libjava.so
7fa37f509000-7fa37f708000 ---p 0002b000 08:03 1192746                    /usr/lib/jvm/java-8-oracle/jre/lib/amd64/libjava.so
7fa37f708000-7fa37f70a000 rw-p 0002a000 08:03 1192746                    /usr/lib/jvm/java-8-oracle/jre/lib/amd64/libjava.so
7fa37f70a000-7fa37f717000 r-xp 00000000 08:03 1192763                    /usr/lib/jvm/java-8-oracle/jre/lib/amd64/libverify.so
7fa37f717000-7fa37f916000 ---p 0000d000 08:03 1192763                    /usr/lib/jvm/java-8-oracle/jre/lib/amd64/libverify.so
7fa37f916000-7fa37f918000 rw-p 0000c000 08:03 1192763                    /usr/lib/jvm/java-8-oracle/jre/lib/amd64/libverify.so
7fa37f918000-7fa37f91f000 r-xp 00000000 08:03 4070131                    /lib/x86_64-linux-gnu/librt-2.19.so
7fa37f91f000-7fa37fb1e000 ---p 00007000 08:03 4070131                    /lib/x86_64-linux-gnu/librt-2.19.so
7fa37fb1e000-7fa37fb1f000 r--p 00006000 08:03 4070131                    /lib/x86_64-linux-gnu/librt-2.19.so
7fa37fb1f000-7fa37fb20000 rw-p 00007000 08:03 4070131                    /lib/x86_64-linux-gnu/librt-2.19.so
7fa37fb20000-7fa37fc25000 r-xp 00000000 08:03 4070117                    /lib/x86_64-linux-gnu/libm-2.19.so
7fa37fc25000-7fa37fe24000 ---p 00105000 08:03 4070117                    /lib/x86_64-linux-gnu/libm-2.19.so
7fa37fe24000-7fa37fe25000 r--p 00104000 08:03 4070117                    /lib/x86_64-linux-gnu/libm-2.19.so
7fa37fe25000-7fa37fe26000 rw-p 00105000 08:03 4070117                    /lib/x86_64-linux-gnu/libm-2.19.so
7fa37fe26000-7fa380af4000 r-xp 00000000 08:03 1192803                    /usr/lib/jvm/java-8-oracle/jre/lib/amd64/server/libjvm.so
7fa380af4000-7fa380cf4000 ---p 00cce000 08:03 1192803                    /usr/lib/jvm/java-8-oracle/jre/lib/amd64/server/libjvm.so
7fa380cf4000-7fa380dcd000 rw-p 00cce000 08:03 1192803                    /usr/lib/jvm/java-8-oracle/jre/lib/amd64/server/libjvm.so
7fa380dcd000-7fa380e18000 rw-p 00000000 00:00 0 
7fa380e18000-7fa380fd2000 r-xp 00000000 08:03 4070132                    /lib/x86_64-linux-gnu/libc-2.19.so
7fa380fd2000-7fa3811d2000 ---p 001ba000 08:03 4070132                    /lib/x86_64-linux-gnu/libc-2.19.so
7fa3811d2000-7fa3811d6000 r--p 001ba000 08:03 4070132                    /lib/x86_64-linux-gnu/libc-2.19.so
7fa3811d6000-7fa3811d8000 rw-p 001be000 08:03 4070132                    /lib/x86_64-linux-gnu/libc-2.19.so
7fa3811d8000-7fa3811dd000 rw-p 00000000 00:00 0 
7fa3811dd000-7fa3811e0000 r-xp 00000000 08:03 4070119                    /lib/x86_64-linux-gnu/libdl-2.19.so
7fa3811e0000-7fa3813df000 ---p 00003000 08:03 4070119                    /lib/x86_64-linux-gnu/libdl-2.19.so
7fa3813df000-7fa3813e0000 r--p 00002000 08:03 4070119                    /lib/x86_64-linux-gnu/libdl-2.19.so
7fa3813e0000-7fa3813e1000 rw-p 00003000 08:03 4070119                    /lib/x86_64-linux-gnu/libdl-2.19.so
7fa3813e1000-7fa3813f6000 r-xp 00000000 08:03 1610979                    /usr/lib/jvm/java-8-oracle/lib/amd64/jli/libjli.so
7fa3813f6000-7fa3815f6000 ---p 00015000 08:03 1610979                    /usr/lib/jvm/java-8-oracle/lib/amd64/jli/libjli.so
7fa3815f6000-7fa3815f7000 rw-p 00015000 08:03 1610979                    /usr/lib/jvm/java-8-oracle/lib/amd64/jli/libjli.so
7fa3815f7000-7fa381610000 r-xp 00000000 08:03 4070124                    /lib/x86_64-linux-gnu/libpthread-2.19.so
7fa381610000-7fa38180f000 ---p 00019000 08:03 4070124                    /lib/x86_64-linux-gnu/libpthread-2.19.so
7fa38180f000-7fa381810000 r--p 00018000 08:03 4070124                    /lib/x86_64-linux-gnu/libpthread-2.19.so
7fa381810000-7fa381811000 rw-p 00019000 08:03 4070124                    /lib/x86_64-linux-gnu/libpthread-2.19.so
7fa381811000-7fa381815000 rw-p 00000000 00:00 0 
7fa381815000-7fa381838000 r-xp 00000000 08:03 4070125                    /lib/x86_64-linux-gnu/ld-2.19.so
7fa381838000-7fa381839000 r--s 00000000 08:03 5923567                    /home/sharmila/.gradle/caches/modules-2/files-2.1/org.springframework.boot/spring-boot-starter/1.4.3.RELEASE/c99bad104719e947b3f9aa2b7569583805e4c5d5/spring-boot-starter-1.4.3.RELEASE.jar
7fa381839000-7fa38183a000 r--s 00000000 08:03 5923566                    /home/sharmila/.gradle/caches/modules-2/files-2.1/org.springframework.boot/spring-boot-starter-test/1.4.3.RELEASE/6e9f1dbd3f68299c0183630ef07ca430de160050/spring-boot-starter-test-1.4.3.RELEASE.jar
7fa38183a000-7fa38183b000 r--s 00000000 08:03 5923889                    /home/sharmila/.gradle/caches/modules-2/files-2.1/org.springframework.boot/spring-boot-starter-data-jpa/1.4.3.RELEASE/ffda06c2144d10239014407333c223a237b73ad7/spring-boot-starter-data-jpa-1.4.3.RELEASE.jar
7fa38183b000-7fa38190e000 rw-p 00000000 00:00 0 
7fa38190e000-7fa381911000 ---p 00000000 00:00 0 
7fa381911000-7fa381a13000 rw-p 00000000 00:00 0                          [stack:11295]
7fa381a13000-7fa381a14000 r--s 00003000 08:03 5923431                    /home/sharmila/.gradle/caches/modules-2/files-2.1/org.hibernate/hibernate-gradle-plugin/5.2.3.Final/db2ad8695e48a03a566b74fb5fc07c1732c1f5e5/hibernate-gradle-plugin-5.2.3.Final.jar
7fa381a14000-7fa381a19000 r--s 00309000 08:03 5923826                    /home/sharmila/.gradle/caches/modules-2/files-2.1/org.xerial/sqlite-jdbc/3.7.2/7a3d67f00508d3881650579f7f228c61bfc1b196/sqlite-jdbc-3.7.2.jar
7fa381a19000-7fa381a22000 r--s 00095000 08:03 5913393                    /home/sharmila/.gradle/caches/modules-2/files-2.1/org.apache.tomcat.embed/tomcat-embed-jasper/9.0.0.M11/e2cd5a7038094195c3163532e01daf051d9265fe/tomcat-embed-jasper-9.0.0.M11.jar
7fa381a22000-7fa381a23000 r--s 00000000 08:03 5923565                    /home/sharmila/.gradle/caches/modules-2/files-2.1/org.springframework.boot/spring-boot-starter-web/1.4.3.RELEASE/a0dcc919eda8e8ecb6f13f52a30e6afbb8266103/spring-boot-starter-web-1.4.3.RELEASE.jar
7fa381a23000-7fa381a2b000 r--s 00046000 08:03 3828792                    /home/sharmila/Downloads/IDE/sts 3.6.4/sts-bundle/sts-3.6.4.RELEASE/plugins/org.testng.eclipse_6.10.0.201612030230/lib/testng-remote.jar
7fa381a2b000-7fa381a33000 rw-s 00000000 08:03 5917289                    /tmp/hsperfdata_sharmila/11289
7fa381a33000-7fa381a34000 rw-p 00000000 00:00 0 
7fa381a34000-7fa381a35000 r--p 00000000 00:00 0 
7fa381a35000-7fa381a37000 rw-p 00000000 00:00 0 
7fa381a37000-7fa381a38000 r--p 00022000 08:03 4070125                    /lib/x86_64-linux-gnu/ld-2.19.so
7fa381a38000-7fa381a39000 rw-p 00023000 08:03 4070125                    /lib/x86_64-linux-gnu/ld-2.19.so
7fa381a39000-7fa381a3a000 rw-p 00000000 00:00 0 
7fffe47d0000-7fffe47f4000 rw-p 00000000 00:00 0                          [stack]
7fffe47fe000-7fffe4800000 r-xp 00000000 00:00 0                          [vdso]
ffffffffff600000-ffffffffff601000 r-xp 00000000 00:00 0                  [vsyscall]

VM Arguments:
jvm_args: -ea -Xms1024m -Xmx4096m -Dfile.encoding=UTF-8 
java_command: org.testng.remote.RemoteTestNG -serport 54175 -protocol json -d /home/sharmila/Documents/work-office/TestNG_Project/test-output /tmp/testng-eclipse-1586174228/testng-customsuite.xml
java_class_path (initial): /home/sharmila/Downloads/IDE/sts 3.6.4/sts-bundle/sts-3.6.4.RELEASE/plugins/org.testng.eclipse_6.10.0.201612030230/lib/testng-remote.jar:/home/sharmila/Documents/work-office/TestNG_Project/bin:/home/sharmila/.gradle/caches/modules-2/files-2.1/org.springframework.boot/spring-boot-starter-web/1.4.3.RELEASE/a0dcc919eda8e8ecb6f13f52a30e6afbb8266103/spring-boot-starter-web-1.4.3.RELEASE.jar:/home/sharmila/.gradle/caches/modules-2/files-2.1/org.apache.tomcat.embed/tomcat-embed-jasper/9.0.0.M11/e2cd5a7038094195c3163532e01daf051d9265fe/tomcat-embed-jasper-9.0.0.M11.jar:/home/sharmila/.gradle/caches/modules-2/files-2.1/org.xerial/sqlite-jdbc/3.7.2/7a3d67f00508d3881650579f7f228c61bfc1b196/sqlite-jdbc-3.7.2.jar:/home/sharmila/.gradle/caches/modules-2/files-2.1/org.hibernate/hibernate-gradle-plugin/5.2.3.Final/db2ad8695e48a03a566b74fb5fc07c1732c1f5e5/hibernate-gradle-plugin-5.2.3.Final.jar:/home/sharmila/.gradle/caches/modules-2/files-2.1/org.springframework.boot/spring-boot-starter-data-jpa/1.4.3.RELEASE/ffda06c2144d10239014407333c223a237b73ad7/spring-boot-starter-data-jpa-1.4.3.RELEASE.jar:/home/sharmila/.gradle/caches/modules-2/files-2.1/org.testng/testng/6.5.2/5069d2e72356ed87645c5fc3622b0bbb5e0667c9/testng-6.5.2.jar:/home/sharmila/.gradle/caches/modules-2/files-2.1/org.springframework.boot/spring-boot-starter-test/1.4.3.RELEASE/6e9f1dbd3f68299c0183630ef07ca430de160050/spring-boot-starter-test-1.4.3.RELEASE.jar:/home/sharmila/.gradle/caches/modules-2/files-2.1/org.springframework.boot/spring-boot-starter/1.4.3.RELEASE/c99bad104719e947b3f9aa2b7569583805e4c5d5/spring-boot-starter-1.4.3.RELEASE.jar:/home/sharmila/.gradle/caches/modules-2/files-2.1/org.springframework.boot/spring-boot-starter-tomcat/1.4.3.RELEASE/61c48035a7a3b06b42fdd07b7109e562077b3792/spring-boot-starter-tomcat-1.4.3.RELEASE.jar:/home/sharmila/.gradle/caches/modules-2/files-2.1/org.hibernate/hibernate-validator/5.2.4.Final/fb18766b576aa6632bcfe9a20a023cbd52bf9769/hibernate-validat
Launcher Type: SUN_STANDARD

Environment Variables:
JAVA_HOME=/usr/lib/jvm/java-8-oracle
PATH=/usr/local/sbin:/usr/local/bin:/usr/sbin:/usr/bin:/sbin:/bin:/usr/games:/usr/local/games:/usr/lib/jvm/java-8-oracle/bin:/usr/lib/jvm/java-8-oracle/db/bin:/usr/lib/jvm/java-8-oracle/jre/bin
SHELL=/bin/bash
DISPLAY=:0.0

Signal Handlers:
SIGSEGV: [libjvm.so+0xac78c0], sa_mask[0]=11111111011111111101111111111110, sa_flags=SA_RESTART|SA_SIGINFO
SIGBUS: [libjvm.so+0xac78c0], sa_mask[0]=11111111011111111101111111111110, sa_flags=SA_RESTART|SA_SIGINFO
SIGFPE: [libjvm.so+0x920ac0], sa_mask[0]=11111111011111111101111111111110, sa_flags=SA_RESTART|SA_SIGINFO
SIGPIPE: [libjvm.so+0x920ac0], sa_mask[0]=11111111011111111101111111111110, sa_flags=SA_RESTART|SA_SIGINFO
SIGXFSZ: [libjvm.so+0x920ac0], sa_mask[0]=11111111011111111101111111111110, sa_flags=SA_RESTART|SA_SIGINFO
SIGILL: [libjvm.so+0x920ac0], sa_mask[0]=11111111011111111101111111111110, sa_flags=SA_RESTART|SA_SIGINFO
SIGUSR1: SIG_DFL, sa_mask[0]=00000000000000000000000000000000, sa_flags=none
SIGUSR2: [libjvm.so+0x922300], sa_mask[0]=00100000000000000000000000000000, sa_flags=SA_RESTART|SA_SIGINFO
SIGHUP: [libjvm.so+0x923700], sa_mask[0]=11111111011111111101111111111110, sa_flags=SA_RESTART|SA_SIGINFO
SIGINT: [libjvm.so+0x923700], sa_mask[0]=11111111011111111101111111111110, sa_flags=SA_RESTART|SA_SIGINFO
SIGTERM: [libjvm.so+0x923700], sa_mask[0]=11111111011111111101111111111110, sa_flags=SA_RESTART|SA_SIGINFO
SIGQUIT: [libjvm.so+0x923700], sa_mask[0]=11111111011111111101111111111110, sa_flags=SA_RESTART|SA_SIGINFO


---------------  S Y S T E M  ---------------

OS:DISTRIB_ID=Ubuntu
DISTRIB_RELEASE=14.04
DISTRIB_CODENAME=trusty
DISTRIB_DESCRIPTION="Ubuntu 14.04.5 LTS"

uname:Linux 3.13.0-107-generic #154-Ubuntu SMP Tue Dec 20 09:57:27 UTC 2016 x86_64
libc:glibc 2.19 NPTL 2.19 
rlimit: STACK 8192k, CORE 0k, NPROC 30712, NOFILE 4096, AS infinity
load average:1.71 1.08 0.59

/proc/meminfo:
MemTotal:        3953548 kB
MemFree:          104936 kB
Buffers:            9176 kB
Cached:           547512 kB
SwapCached:        78900 kB
Active:          2523956 kB
Inactive:        1077988 kB
Active(anon):    2424400 kB
Inactive(anon):   978644 kB
Active(file):      99556 kB
Inactive(file):    99344 kB
Unevictable:         224 kB
Mlocked:             224 kB
SwapTotal:       7999484 kB
SwapFree:        7457228 kB
Dirty:              1324 kB
Writeback:             0 kB
AnonPages:       3013080 kB
Mapped:           273544 kB
Shmem:            357656 kB
Slab:             116348 kB
SReclaimable:      74924 kB
SUnreclaim:        41424 kB
KernelStack:        5952 kB
PageTables:        54204 kB
NFS_Unstable:          0 kB
Bounce:                0 kB
WritebackTmp:          0 kB
CommitLimit:     9976256 kB
Committed_AS:   10234168 kB
VmallocTotal:   34359738367 kB
VmallocUsed:      401000 kB
VmallocChunk:   34359326172 kB
HardwareCorrupted:     0 kB
AnonHugePages:    987136 kB
HugePages_Total:       0
HugePages_Free:        0
HugePages_Rsvd:        0
HugePages_Surp:        0
Hugepagesize:       2048 kB
DirectMap4k:      104620 kB
DirectMap2M:     3995648 kB
DirectMap1G:           0 kB


CPU:total 4 (2 cores per cpu, 2 threads per core) family 6 model 69 stepping 1, cmov, cx8, fxsr, mmx, sse, sse2, sse3, ssse3, sse4.1, sse4.2, popcnt, avx, avx2, aes, clmul, erms, lzcnt, ht, tsc, tscinvbit, bmi1, bmi2

/proc/cpuinfo:
processor	: 0
vendor_id	: GenuineIntel
cpu family	: 6
model		: 69
model name	: Intel(R) Core(TM) i5-4200U CPU @ 1.60GHz
stepping	: 1
microcode	: 0x17
cpu MHz		: 1000.000
cache size	: 3072 KB
physical id	: 0
siblings	: 4
core id		: 0
cpu cores	: 2
apicid		: 0
initial apicid	: 0
fpu		: yes
fpu_exception	: yes
cpuid level	: 13
wp		: yes
flags		: fpu vme de pse tsc msr pae mce cx8 apic sep mtrr pge mca cmov pat pse36 clflush dts acpi mmx fxsr sse sse2 ss ht tm pbe syscall nx pdpe1gb rdtscp lm constant_tsc arch_perfmon pebs bts rep_good nopl xtopology nonstop_tsc aperfmperf eagerfpu pni pclmulqdq dtes64 monitor ds_cpl vmx est tm2 ssse3 fma cx16 xtpr pdcm pcid sse4_1 sse4_2 movbe popcnt tsc_deadline_timer aes xsave avx f16c rdrand lahf_lm abm ida arat epb xsaveopt pln pts dtherm tpr_shadow vnmi flexpriority ept vpid fsgsbase tsc_adjust bmi1 avx2 smep bmi2 erms invpcid
bogomips	: 4589.41
clflush size	: 64
cache_alignment	: 64
address sizes	: 39 bits physical, 48 bits virtual
power management:

processor	: 1
vendor_id	: GenuineIntel
cpu family	: 6
model		: 69
model name	: Intel(R) Core(TM) i5-4200U CPU @ 1.60GHz
stepping	: 1
microcode	: 0x17
cpu MHz		: 1600.000
cache size	: 3072 KB
physical id	: 0
siblings	: 4
core id		: 0
cpu cores	: 2
apicid		: 1
initial apicid	: 1
fpu		: yes
fpu_exception	: yes
cpuid level	: 13
wp		: yes
flags		: fpu vme de pse tsc msr pae mce cx8 apic sep mtrr pge mca cmov pat pse36 clflush dts acpi mmx fxsr sse sse2 ss ht tm pbe syscall nx pdpe1gb rdtscp lm constant_tsc arch_perfmon pebs bts rep_good nopl xtopology nonstop_tsc aperfmperf eagerfpu pni pclmulqdq dtes64 monitor ds_cpl vmx est tm2 ssse3 fma cx16 xtpr pdcm pcid sse4_1 sse4_2 movbe popcnt tsc_deadline_timer aes xsave avx f16c rdrand lahf_lm abm ida arat epb xsaveopt pln pts dtherm tpr_shadow vnmi flexpriority ept vpid fsgsbase tsc_adjust bmi1 avx2 smep bmi2 erms invpcid
bogomips	: 4589.41
clflush size	: 64
cache_alignment	: 64
address sizes	: 39 bits physical, 48 bits virtual
power management:

processor	: 2
vendor_id	: GenuineIntel
cpu family	: 6
model		: 69
model name	: Intel(R) Core(TM) i5-4200U CPU @ 1.60GHz
stepping	: 1
microcode	: 0x17
cpu MHz		: 1600.000
cache size	: 3072 KB
physical id	: 0
siblings	: 4
core id		: 1
cpu cores	: 2
apicid		: 2
initial apicid	: 2
fpu		: yes
fpu_exception	: yes
cpuid level	: 13
wp		: yes
flags		: fpu vme de pse tsc msr pae mce cx8 apic sep mtrr pge mca cmov pat pse36 clflush dts acpi mmx fxsr sse sse2 ss ht tm pbe syscall nx pdpe1gb rdtscp lm constant_tsc arch_perfmon pebs bts rep_good nopl xtopology nonstop_tsc aperfmperf eagerfpu pni pclmulqdq dtes64 monitor ds_cpl vmx est tm2 ssse3 fma cx16 xtpr pdcm pcid sse4_1 sse4_2 movbe popcnt tsc_deadline_timer aes xsave avx f16c rdrand lahf_lm abm ida arat epb xsaveopt pln pts dtherm tpr_shadow vnmi flexpriority ept vpid fsgsbase tsc_adjust bmi1 avx2 smep bmi2 erms invpcid
bogomips	: 4589.41
clflush size	: 64
cache_alignment	: 64
address sizes	: 39 bits physical, 48 bits virtual
power management:

processor	: 3
vendor_id	: GenuineIntel
cpu family	: 6
model		: 69
model name	: Intel(R) Core(TM) i5-4200U CPU @ 1.60GHz
stepping	: 1
microcode	: 0x17
cpu MHz		: 1600.000
cache size	: 3072 KB
physical id	: 0
siblings	: 4
core id		: 1
cpu cores	: 2
apicid		: 3
initial apicid	: 3
fpu		: yes
fpu_exception	: yes
cpuid level	: 13
wp		: yes
flags		: fpu vme de pse tsc msr pae mce cx8 apic sep mtrr pge mca cmov pat pse36 clflush dts acpi mmx fxsr sse sse2 ss ht tm pbe syscall nx pdpe1gb rdtscp lm constant_tsc arch_perfmon pebs bts rep_good nopl xtopology nonstop_tsc aperfmperf eagerfpu pni pclmulqdq dtes64 monitor ds_cpl vmx est tm2 ssse3 fma cx16 xtpr pdcm pcid sse4_1 sse4_2 movbe popcnt tsc_deadline_timer aes xsave avx f16c rdrand lahf_lm abm ida arat epb xsaveopt pln pts dtherm tpr_shadow vnmi flexpriority ept vpid fsgsbase tsc_adjust bmi1 avx2 smep bmi2 erms invpcid
bogomips	: 4589.41
clflush size	: 64
cache_alignment	: 64
address sizes	: 39 bits physical, 48 bits virtual
power management:



Memory: 4k page, physical 3953548k(104936k free), swap 7999484k(7457228k free)

vm_info: Java HotSpot(TM) 64-Bit Server VM (25.121-b13) for linux-amd64 JRE (1.8.0_121-b13), built on Dec 12 2016 16:36:53 by "java_re" with gcc 4.3.0 20080428 (Red Hat 4.3.0-8)

time: Tue Jan 24 18:31:22 2017
elapsed time: 13 seconds (0d 0h 0m 13s)

