#
# A fatal error has been detected by the Java Runtime Environment:
#
#  SIGSEGV (0xb) at pc=0x00007fa3aae3a118, pid=5852, tid=0x00007fa3ac341700
#
# JRE version: Java(TM) SE Runtime Environment (8.0_121-b13) (build 1.8.0_121-b13)
# Java VM: Java HotSpot(TM) 64-Bit Server VM (25.121-b13 mixed mode linux-amd64 compressed oops)
# Problematic frame:
# V  [libjvm.so+0x6e2118]  jni_GetStringUTFChars+0xb8
#
# Failed to write core dump. Core dumps have been disabled. To enable core dumping, try "ulimit -c unlimited" before starting Java again
#
# If you would like to submit a bug report, please visit:
#   http://bugreport.java.com/bugreport/crash.jsp
#

---------------  T H R E A D  ---------------

Current thread (0x00007fa3a4010000):  JavaThread "main" [_thread_in_vm, id=5856, stack(0x00007fa3ac241000,0x00007fa3ac342000)]

siginfo: si_signo: 11 (SIGSEGV), si_code: 1 (SEGV_MAPERR), si_addr: 0x0000000000000000

Registers:
RAX=0x00007fa3ab70f550, RBX=0x0000000000000000, RCX=0x000000076abb6080, RDX=0x00007fa3ab71d9e0
RSP=0x00007fa3ac33bb00, RBP=0x00007fa3ac33bba0, RSI=0x00007fa3a4010000, RDI=0x00007fa3ac33bb40
R8 =0x00007fa395012c80, R9 =0x000000076abb6080, R10=0x0000000000000206, R11=0x00007fa3ab71d9e8
R12=0x00007fa3a4010000, R13=0x0000000000000000, R14=0x00007fa3ac33bc78, R15=0x00007fa3ac33bb40
RIP=0x00007fa3aae3a118, EFLAGS=0x0000000000010246, CSGSFS=0x0000000000000033, ERR=0x0000000000000004
  TRAPNO=0x000000000000000e

Top of Stack: (sp=0x00007fa3ac33bb00)
0x00007fa3ac33bb00:   00007fa3ac33bbc8 0000000000000000
0x00007fa3ac33bb10:   00007fa395108140 00007fa3ab71f800
0x00007fa3ac33bb20:   00007fa3ac33c198 00007fa395012c80
0x00007fa3ac33bb30:   0000000776b5aee8 0000000050200030
0x00007fa3ac33bb40:   00007fa3a4010000 0000000000000000
0x00007fa3ac33bb50:   00007fa38f800480 00007fa3950082bd
0x00007fa3ac33bb60:   00007fa3a4010000 0000000776b5aee8
0x00007fa3ac33bb70:   00007fa3ac33bc10 00007fa38752abe0
0x00007fa3ac33bb80:   00007fa3a4b6d0e8 0000000000000000
0x00007fa3ac33bb90:   00007fa3ac33bc78 00007fa3a4010000
0x00007fa3ac33bba0:   00007fa3a40101f8 00007fa3871812b0
0x00007fa3ac33bbb0:   00007fa3ac33bc10 00007fa3950082bd
0x00007fa3ac33bbc0:   00007fa38752abe0 00007fa3ac33bc50
0x00007fa3ac33bbd0:   0000000000000000 00007fa38752abd8
0x00007fa3ac33bbe0:   00007fa3ac33bc78 00007fa3950184cf
0x00007fa3ac33bbf0:   0000000000000000 00007fa38753aae0
0x00007fa3ac33bc00:   0000000000000000 000000076abb6080
0x00007fa3ac33bc10:   00007fa3ac33bc00 0000000000000000
0x00007fa3ac33bc20:   00007fa3ac33bc78 00007fa387531bc0
0x00007fa3ac33bc30:   0000000000000000 00007fa38752abe0
0x00007fa3ac33bc40:   0000000000000000 00007fa3ac33bc70
0x00007fa3ac33bc50:   00007fa3ac33bcd8 00007fa395007dd0
0x00007fa3ac33bc60:   0000000000000000 00007fa395011537
0x00007fa3ac33bc70:   0000000000000000 000000076abb6080
0x00007fa3ac33bc80:   0000000776b5ae88 0000000776b5aee8
0x00007fa3ac33bc90:   000000076abb6080 00007fa3ac33bc88
0x00007fa3ac33bca0:   00007fa38752eb7d 00007fa3ac33bcf0
0x00007fa3ac33bcb0:   00007fa387531410 0000000000000000
0x00007fa3ac33bcc0:   00007fa38752ebc8 00007fa3ac33bc70
0x00007fa3ac33bcd0:   00007fa3ac33bce8 00007fa3ac33bd38
0x00007fa3ac33bce0:   00007fa3950082bd 0000000776b5ae88
0x00007fa3ac33bcf0:   000000076abb6080 00007fa3ac33bcf8 

Instructions: (pc=0x00007fa3aae3a118)
0x00007fa3aae3a0f8:   84 24 70 02 00 00 06 00 00 00 4c 89 e6 4c 89 65
0x00007fa3aae3a108:   c0 4c 89 ff e8 1f 01 01 00 48 8b 05 18 d0 88 00
0x00007fa3aae3a118:   4c 8b 2b 8b 10 48 8b 05 44 fc 88 00 80 38 00 0f
0x00007fa3aae3a128:   84 2b 01 00 00 48 63 c2 41 8b 54 05 00 85 d2 0f 

Register to memory mapping:

RAX=0x00007fa3ab70f550: <offset 0xfb7550> in /usr/lib/jvm/java-8-oracle/jre/lib/amd64/server/libjvm.so at 0x00007fa3aa758000
RBX=0x0000000000000000 is an unknown value
RCX=0x000000076abb6080 is an oop
org.sqlite.NativeDB 
 - klass: 'org/sqlite/NativeDB'
RDX=0x00007fa3ab71d9e0: <offset 0xfc59e0> in /usr/lib/jvm/java-8-oracle/jre/lib/amd64/server/libjvm.so at 0x00007fa3aa758000
RSP=0x00007fa3ac33bb00 is pointing into the stack for thread: 0x00007fa3a4010000
RBP=0x00007fa3ac33bba0 is pointing into the stack for thread: 0x00007fa3a4010000
RSI=0x00007fa3a4010000 is a thread
RDI=0x00007fa3ac33bb40 is pointing into the stack for thread: 0x00007fa3a4010000
R8 =0x00007fa395012c80 is at code_begin+0 in an Interpreter codelet
method entry point (kind = zerolocals)  [0x00007fa395012c80, 0x00007fa395013100]  1152 bytes
R9 =0x000000076abb6080 is an oop
org.sqlite.NativeDB 
 - klass: 'org/sqlite/NativeDB'
R10=0x0000000000000206 is an unknown value
R11=0x00007fa3ab71d9e8: <offset 0xfc59e8> in /usr/lib/jvm/java-8-oracle/jre/lib/amd64/server/libjvm.so at 0x00007fa3aa758000
R12=0x00007fa3a4010000 is a thread
R13=0x0000000000000000 is an unknown value
R14=0x00007fa3ac33bc78 is pointing into the stack for thread: 0x00007fa3a4010000
R15=0x00007fa3ac33bb40 is pointing into the stack for thread: 0x00007fa3a4010000


Stack: [0x00007fa3ac241000,0x00007fa3ac342000],  sp=0x00007fa3ac33bb00,  free space=1002k
Native frames: (J=compiled Java code, j=interpreted, Vv=VM code, C=native code)
V  [libjvm.so+0x6e2118]  jni_GetStringUTFChars+0xb8
C  [sqlite-3.7.2-libsqlitejdbc.so+0xd2b0]  Java_org_sqlite_NativeDB_prepare+0x2f

Java frames: (J=compiled Java code, j=interpreted, Vv=VM code)
j  org.sqlite.NativeDB.prepare(Ljava/lang/String;)J+0
j  org.sqlite.DB.prepare(Lorg/sqlite/Stmt;)V+21
j  org.sqlite.PrepStmt.<init>(Lorg/sqlite/Conn;Ljava/lang/String;)V+15
j  org.sqlite.Conn.prepareStatement(Ljava/lang/String;III)Ljava/sql/PreparedStatement;+14
j  org.sqlite.Conn.prepareStatement(Ljava/lang/String;II)Ljava/sql/PreparedStatement;+5
j  org.sqlite.Conn.prepareStatement(Ljava/lang/String;)Ljava/sql/PreparedStatement;+8
v  ~StubRoutines::call_stub
J 2276  sun.reflect.NativeMethodAccessorImpl.invoke0(Ljava/lang/reflect/Method;Ljava/lang/Object;[Ljava/lang/Object;)Ljava/lang/Object; (0 bytes) @ 0x00007fa3958296f7 [0x00007fa395829680+0x77]
J 2275 C1 sun.reflect.NativeMethodAccessorImpl.invoke(Ljava/lang/Object;[Ljava/lang/Object;)Ljava/lang/Object; (104 bytes) @ 0x00007fa39582a4bc [0x00007fa39582a0e0+0x3dc]
J 3665 C2 sun.reflect.DelegatingMethodAccessorImpl.invoke(Ljava/lang/Object;[Ljava/lang/Object;)Ljava/lang/Object; (10 bytes) @ 0x00007fa395c20e68 [0x00007fa395c20e20+0x48]
J 3641 C1 java.lang.reflect.Method.invoke(Ljava/lang/Object;[Ljava/lang/Object;)Ljava/lang/Object; (62 bytes) @ 0x00007fa39518ec1c [0x00007fa39518e820+0x3fc]
j  org.apache.tomcat.jdbc.pool.ProxyConnection.invoke(Ljava/lang/Object;Ljava/lang/reflect/Method;[Ljava/lang/Object;)Ljava/lang/Object;+237
j  org.apache.tomcat.jdbc.pool.JdbcInterceptor.invoke(Ljava/lang/Object;Ljava/lang/reflect/Method;[Ljava/lang/Object;)Ljava/lang/Object;+14
j  org.apache.tomcat.jdbc.pool.DisposableConnectionFacade.invoke(Ljava/lang/Object;Ljava/lang/reflect/Method;[Ljava/lang/Object;)Ljava/lang/Object;+93
j  com.sun.proxy.$Proxy83.prepareStatement(Ljava/lang/String;)Ljava/sql/PreparedStatement;+16
j  org.hibernate.engine.jdbc.internal.StatementPreparerImpl$1.doPrepare()Ljava/sql/PreparedStatement;+37
j  org.hibernate.engine.jdbc.internal.StatementPreparerImpl$StatementPreparationTemplate.prepareStatement()Ljava/sql/PreparedStatement;+45
j  org.hibernate.engine.jdbc.internal.StatementPreparerImpl.prepareStatement(Ljava/lang/String;)Ljava/sql/PreparedStatement;+6
j  org.hibernate.id.SequenceGenerator.generateHolder(Lorg/hibernate/engine/spi/SessionImplementor;)Lorg/hibernate/id/IntegralDataTypeHolder;+15
j  org.hibernate.id.SequenceHiLoGenerator$1.getNextValue()Lorg/hibernate/id/IntegralDataTypeHolder;+8
j  org.hibernate.id.enhanced.LegacyHiLoAlgorithmOptimizer.generate(Lorg/hibernate/id/enhanced/AccessCallback;)Ljava/io/Serializable;+25
j  org.hibernate.id.SequenceHiLoGenerator.generate(Lorg/hibernate/engine/spi/SessionImplementor;Ljava/lang/Object;)Ljava/io/Serializable;+53
j  org.hibernate.event.internal.AbstractSaveEventListener.saveWithGeneratedId(Ljava/lang/Object;Ljava/lang/String;Ljava/lang/Object;Lorg/hibernate/event/spi/EventSource;Z)Ljava/io/Serializable;+21
j  org.hibernate.jpa.event.internal.core.JpaPersistEventListener.saveWithGeneratedId(Ljava/lang/Object;Ljava/lang/String;Ljava/lang/Object;Lorg/hibernate/event/spi/EventSource;Z)Ljava/io/Serializable;+18
j  org.hibernate.event.internal.DefaultPersistEventListener.entityIsTransient(Lorg/hibernate/event/spi/PersistEvent;Ljava/util/Map;)V+55
j  org.hibernate.event.internal.DefaultPersistEventListener.onPersist(Lorg/hibernate/event/spi/PersistEvent;Ljava/util/Map;)V+324
j  org.hibernate.event.internal.DefaultPersistEventListener.onPersist(Lorg/hibernate/event/spi/PersistEvent;)V+11
j  org.hibernate.internal.SessionImpl.firePersist(Lorg/hibernate/event/spi/PersistEvent;)V+46
j  org.hibernate.internal.SessionImpl.persist(Ljava/lang/String;Ljava/lang/Object;)V+11
j  org.hibernate.internal.SessionImpl.persist(Ljava/lang/Object;)V+3
j  org.hibernate.jpa.spi.AbstractEntityManagerImpl.persist(Ljava/lang/Object;)V+9
v  ~StubRoutines::call_stub
J 2276  sun.reflect.NativeMethodAccessorImpl.invoke0(Ljava/lang/reflect/Method;Ljava/lang/Object;[Ljava/lang/Object;)Ljava/lang/Object; (0 bytes) @ 0x00007fa3958296f7 [0x00007fa395829680+0x77]
J 2275 C1 sun.reflect.NativeMethodAccessorImpl.invoke(Ljava/lang/Object;[Ljava/lang/Object;)Ljava/lang/Object; (104 bytes) @ 0x00007fa39582a4bc [0x00007fa39582a0e0+0x3dc]
J 3665 C2 sun.reflect.DelegatingMethodAccessorImpl.invoke(Ljava/lang/Object;[Ljava/lang/Object;)Ljava/lang/Object; (10 bytes) @ 0x00007fa395c20e68 [0x00007fa395c20e20+0x48]
J 3641 C1 java.lang.reflect.Method.invoke(Ljava/lang/Object;[Ljava/lang/Object;)Ljava/lang/Object; (62 bytes) @ 0x00007fa39518ec1c [0x00007fa39518e820+0x3fc]
j  org.springframework.orm.jpa.SharedEntityManagerCreator$SharedEntityManagerInvocationHandler.invoke(Ljava/lang/Object;Ljava/lang/reflect/Method;[Ljava/lang/Object;)Ljava/lang/Object;+495
j  com.sun.proxy.$Proxy92.persist(Ljava/lang/Object;)V+16
j  org.springframework.data.jpa.repository.support.SimpleJpaRepository.save(Ljava/lang/Object;)Ljava/lang/Object;+18
v  ~StubRoutines::call_stub
J 2276  sun.reflect.NativeMethodAccessorImpl.invoke0(Ljava/lang/reflect/Method;Ljava/lang/Object;[Ljava/lang/Object;)Ljava/lang/Object; (0 bytes) @ 0x00007fa3958296f7 [0x00007fa395829680+0x77]
J 2275 C1 sun.reflect.NativeMethodAccessorImpl.invoke(Ljava/lang/Object;[Ljava/lang/Object;)Ljava/lang/Object; (104 bytes) @ 0x00007fa39582a4bc [0x00007fa39582a0e0+0x3dc]
J 3665 C2 sun.reflect.DelegatingMethodAccessorImpl.invoke(Ljava/lang/Object;[Ljava/lang/Object;)Ljava/lang/Object; (10 bytes) @ 0x00007fa395c20e68 [0x00007fa395c20e20+0x48]
J 3641 C1 java.lang.reflect.Method.invoke(Ljava/lang/Object;[Ljava/lang/Object;)Ljava/lang/Object; (62 bytes) @ 0x00007fa39518ec1c [0x00007fa39518e820+0x3fc]
j  org.springframework.data.repository.core.support.RepositoryFactorySupport$QueryExecutorMethodInterceptor.executeMethodOn(Ljava/lang/Object;Ljava/lang/reflect/Method;[Ljava/lang/Object;)Ljava/lang/Object;+3
j  org.springframework.data.repository.core.support.RepositoryFactorySupport$QueryExecutorMethodInterceptor.doInvoke(Lorg/aopalliance/intercept/MethodInvocation;)Ljava/lang/Object;+94
j  org.springframework.data.repository.core.support.RepositoryFactorySupport$QueryExecutorMethodInterceptor.invoke(Lorg/aopalliance/intercept/MethodInvocation;)Ljava/lang/Object;+2
j  org.springframework.aop.framework.ReflectiveMethodInvocation.proceed()Ljava/lang/Object;+101
j  org.springframework.data.projection.DefaultMethodInvokingMethodInterceptor.invoke(Lorg/aopalliance/intercept/MethodInvocation;)Ljava/lang/Object;+15
j  org.springframework.aop.framework.ReflectiveMethodInvocation.proceed()Ljava/lang/Object;+101
j  org.springframework.transaction.interceptor.TransactionInterceptor$1.proceedWithInvocation()Ljava/lang/Object;+4
j  org.springframework.transaction.interceptor.TransactionAspectSupport.invokeWithinTransaction(Ljava/lang/reflect/Method;Ljava/lang/Class;Lorg/springframework/transaction/interceptor/TransactionAspectSupport$InvocationCallback;)Ljava/lang/Object;+60
j  org.springframework.transaction.interceptor.TransactionInterceptor.invoke(Lorg/aopalliance/intercept/MethodInvocation;)Ljava/lang/Object;+40
j  org.springframework.aop.framework.ReflectiveMethodInvocation.proceed()Ljava/lang/Object;+101
j  org.springframework.dao.support.PersistenceExceptionTranslationInterceptor.invoke(Lorg/aopalliance/intercept/MethodInvocation;)Ljava/lang/Object;+1
j  org.springframework.aop.framework.ReflectiveMethodInvocation.proceed()Ljava/lang/Object;+101
j  org.springframework.data.jpa.repository.support.CrudMethodMetadataPostProcessor$CrudMethodMetadataPopulatingMethodInterceptor.invoke(Lorg/aopalliance/intercept/MethodInvocation;)Ljava/lang/Object;+89
j  org.springframework.aop.framework.ReflectiveMethodInvocation.proceed()Ljava/lang/Object;+101
j  org.springframework.aop.interceptor.ExposeInvocationInterceptor.invoke(Lorg/aopalliance/intercept/MethodInvocation;)Ljava/lang/Object;+18
j  org.springframework.aop.framework.ReflectiveMethodInvocation.proceed()Ljava/lang/Object;+101
j  org.springframework.aop.framework.JdkDynamicAopProxy.invoke(Ljava/lang/Object;Ljava/lang/reflect/Method;[Ljava/lang/Object;)Ljava/lang/Object;+385
j  com.sun.proxy.$Proxy94.save(Ljava/lang/Object;)Ljava/lang/Object;+16
j  com.example.api.service.BookService.save(Lcom/example/entity/Book;)Lcom/example/entity/Book;+5
j  com.example.crudtest.CRUDTest.insertOperation()V+19
v  ~StubRoutines::call_stub
J 2276  sun.reflect.NativeMethodAccessorImpl.invoke0(Ljava/lang/reflect/Method;Ljava/lang/Object;[Ljava/lang/Object;)Ljava/lang/Object; (0 bytes) @ 0x00007fa3958296f7 [0x00007fa395829680+0x77]
J 2275 C1 sun.reflect.NativeMethodAccessorImpl.invoke(Ljava/lang/Object;[Ljava/lang/Object;)Ljava/lang/Object; (104 bytes) @ 0x00007fa39582a4bc [0x00007fa39582a0e0+0x3dc]
J 3665 C2 sun.reflect.DelegatingMethodAccessorImpl.invoke(Ljava/lang/Object;[Ljava/lang/Object;)Ljava/lang/Object; (10 bytes) @ 0x00007fa395c20e68 [0x00007fa395c20e20+0x48]
J 3641 C1 java.lang.reflect.Method.invoke(Ljava/lang/Object;[Ljava/lang/Object;)Ljava/lang/Object; (62 bytes) @ 0x00007fa39518ec1c [0x00007fa39518e820+0x3fc]
j  org.testng.internal.MethodInvocationHelper.invokeMethod(Ljava/lang/reflect/Method;Ljava/lang/Object;[Ljava/lang/Object;)Ljava/lang/Object;+242
j  org.testng.internal.MethodInvocationHelper$1.runTestMethod(Lorg/testng/ITestResult;)V+12
j  org.springframework.test.context.testng.AbstractTestNGSpringContextTests.run(Lorg/testng/IHookCallBack;Lorg/testng/ITestResult;)V+2
v  ~StubRoutines::call_stub
J 2276  sun.reflect.NativeMethodAccessorImpl.invoke0(Ljava/lang/reflect/Method;Ljava/lang/Object;[Ljava/lang/Object;)Ljava/lang/Object; (0 bytes) @ 0x00007fa3958296f7 [0x00007fa395829680+0x77]
J 2275 C1 sun.reflect.NativeMethodAccessorImpl.invoke(Ljava/lang/Object;[Ljava/lang/Object;)Ljava/lang/Object; (104 bytes) @ 0x00007fa39582a4bc [0x00007fa39582a0e0+0x3dc]
J 3665 C2 sun.reflect.DelegatingMethodAccessorImpl.invoke(Ljava/lang/Object;[Ljava/lang/Object;)Ljava/lang/Object; (10 bytes) @ 0x00007fa395c20e68 [0x00007fa395c20e20+0x48]
J 3641 C1 java.lang.reflect.Method.invoke(Ljava/lang/Object;[Ljava/lang/Object;)Ljava/lang/Object; (62 bytes) @ 0x00007fa39518ec1c [0x00007fa39518e820+0x3fc]
j  org.testng.internal.MethodInvocationHelper.invokeHookable(Ljava/lang/Object;[Ljava/lang/Object;Ljava/lang/Object;Ljava/lang/reflect/Method;Lorg/testng/internal/TestResult;)V+64
j  org.testng.internal.Invoker.invokeMethod([Ljava/lang/Object;ILorg/testng/ITestNGMethod;[Ljava/lang/Object;ILorg/testng/xml/XmlSuite;Ljava/util/Map;Lorg/testng/ITestClass;[Lorg/testng/ITestNGMethod;[Lorg/testng/ITestNGMethod;Lorg/testng/internal/ConfigurationGroupMethods;)Lorg/testng/ITestResult;+280
j  org.testng.internal.Invoker.invokeTestMethod([Ljava/lang/Object;Lorg/testng/ITestNGMethod;[Ljava/lang/Object;ILorg/testng/xml/XmlSuite;Ljava/util/Map;Lorg/testng/ITestClass;[Lorg/testng/ITestNGMethod;[Lorg/testng/ITestNGMethod;Lorg/testng/internal/ConfigurationGroupMethods;)Ljava/util/List;+46
j  org.testng.internal.Invoker.invokeTestMethods(Lorg/testng/ITestNGMethod;[Lorg/testng/ITestNGMethod;ILorg/testng/xml/XmlSuite;Ljava/util/Map;Lorg/testng/internal/ConfigurationGroupMethods;[Ljava/lang/Object;Lorg/testng/ITestContext;)Ljava/util/List;+705
j  org.testng.internal.TestMethodWorker.invokeTestMethods(Lorg/testng/ITestNGMethod;[Ljava/lang/Object;Lorg/testng/ITestContext;)V+32
j  org.testng.internal.TestMethodWorker.run()V+60
j  org.testng.TestRunner.privateRun(Lorg/testng/xml/XmlTest;)V+349
j  org.testng.TestRunner.run()V+26
j  org.testng.SuiteRunner.runTest(Lorg/testng/TestRunner;)V+1
j  org.testng.SuiteRunner.runSequentially()V+31
j  org.testng.SuiteRunner.privateRun()V+281
j  org.testng.SuiteRunner.run()V+6
j  org.testng.SuiteRunnerWorker.runSuite(Lorg/testng/internal/SuiteRunnerMap;Lorg/testng/xml/XmlSuite;)V+96
j  org.testng.SuiteRunnerWorker.run()V+12
j  org.testng.TestNG.runSuitesSequentially(Lorg/testng/xml/XmlSuite;Lorg/testng/internal/SuiteRunnerMap;ILjava/lang/String;)V+66
j  org.testng.TestNG.runSuitesLocally()Ljava/util/List;+117
j  org.testng.TestNG.run()V+77
j  org.testng.remote.AbstractRemoteTestNG.run()V+163
j  org.testng.remote.RemoteTestNG.initAndRun(Lorg/testng/remote/IRemoteTestNG;[Ljava/lang/String;Lorg/testng/CommandLineArgs;Lorg/testng/remote/RemoteArgs;)V+184
j  org.testng.remote.RemoteTestNG.main([Ljava/lang/String;)V+218
v  ~StubRoutines::call_stub

---------------  P R O C E S S  ---------------

Java Threads: ( => current thread )
  0x00007fa3a52ff000 JavaThread "http-nio-auto-1-59999-AsyncTimeout" daemon [_thread_blocked, id=5894, stack(0x00007fa38646f000,0x00007fa386570000)]
  0x00007fa3a52fb800 JavaThread "http-nio-auto-1-Acceptor-0" daemon [_thread_in_native, id=5893, stack(0x00007fa386570000,0x00007fa386671000)]
  0x00007fa3a52f9000 JavaThread "http-nio-auto-1-ClientPoller-1" daemon [_thread_in_native, id=5892, stack(0x00007fa386671000,0x00007fa386772000)]
  0x00007fa3a52ea800 JavaThread "http-nio-auto-1-ClientPoller-0" daemon [_thread_in_native, id=5891, stack(0x00007fa386772000,0x00007fa386873000)]
  0x00007fa3a52d8800 JavaThread "NioBlockingSelector.BlockPoller-1" daemon [_thread_in_native, id=5890, stack(0x00007fa386873000,0x00007fa386974000)]
  0x00007fa3a4bb1800 JavaThread "Tomcat JDBC Pool Cleaner[865113938:1485334812037]" daemon [_thread_blocked, id=5889, stack(0x00007fa3873fc000,0x00007fa3874fd000)]
  0x00007fa3a4c0b000 JavaThread "container-0" [_thread_blocked, id=5888, stack(0x00007fa3878fd000,0x00007fa3879fe000)]
  0x00007fa3a4c08000 JavaThread "ContainerBackgroundProcessor[StandardEngine[Tomcat]]" daemon [_thread_blocked, id=5887, stack(0x00007fa3879fe000,0x00007fa387aff000)]
  0x00007fa34c20e800 JavaThread "localhost-startStop-1" daemon [_thread_blocked, id=5886, stack(0x00007fa387cff000,0x00007fa387e00000)]
  0x00007fa3a4f8b000 JavaThread "Tomcat-startStop-1" daemon [_thread_blocked, id=5885, stack(0x00007fa38cd9e000,0x00007fa38ce9f000)]
  0x00007fa3a44d3000 JavaThread "ReaderThread" [_thread_in_native, id=5875, stack(0x00007fa38d6ac000,0x00007fa38d7ad000)]
  0x00007fa3a40c7000 JavaThread "Service Thread" daemon [_thread_blocked, id=5872, stack(0x00007fa38dd09000,0x00007fa38de0a000)]
  0x00007fa3a40c4000 JavaThread "C1 CompilerThread2" daemon [_thread_blocked, id=5871, stack(0x00007fa38de0a000,0x00007fa38df0b000)]
  0x00007fa3a40c2000 JavaThread "C2 CompilerThread1" daemon [_thread_in_native, id=5870, stack(0x00007fa38df0b000,0x00007fa38e00c000)]
  0x00007fa3a40bf000 JavaThread "C2 CompilerThread0" daemon [_thread_in_native, id=5869, stack(0x00007fa38e00c000,0x00007fa38e10d000)]
  0x00007fa3a40be000 JavaThread "Signal Dispatcher" daemon [_thread_blocked, id=5868, stack(0x00007fa38e10d000,0x00007fa38e20e000)]
  0x00007fa3a408a000 JavaThread "Finalizer" daemon [_thread_blocked, id=5867, stack(0x00007fa38e8f1000,0x00007fa38e9f2000)]
  0x00007fa3a4085800 JavaThread "Reference Handler" daemon [_thread_blocked, id=5866, stack(0x00007fa38e9f2000,0x00007fa38eaf3000)]
=>0x00007fa3a4010000 JavaThread "main" [_thread_in_vm, id=5856, stack(0x00007fa3ac241000,0x00007fa3ac342000)]

Other Threads:
  0x00007fa3a407e000 VMThread [stack: 0x00007fa38eaf3000,0x00007fa38ebf4000] [id=5865]
  0x00007fa3a40ca000 WatcherThread [stack: 0x00007fa38dc08000,0x00007fa38dd09000] [id=5873]

VM state:not at safepoint (normal execution)

VM Mutex/Monitor currently owned by a thread: None

Heap:
 PSYoungGen      total 435712K, used 205019K [0x000000076ab00000, 0x000000078d600000, 0x00000007c0000000)
  eden space 421888K, 48% used [0x000000076ab00000,0x0000000777336d10,0x0000000784700000)
  from space 13824K, 0% used [0x0000000789100000,0x0000000789100000,0x0000000789e80000)
  to   space 43520K, 0% used [0x000000078ab80000,0x000000078ab80000,0x000000078d600000)
 ParOldGen       total 745472K, used 23031K [0x00000006c0000000, 0x00000006ed800000, 0x000000076ab00000)
  object space 745472K, 3% used [0x00000006c0000000,0x00000006c167de50,0x00000006ed800000)
 Metaspace       used 45093K, capacity 45484K, committed 45824K, reserved 1089536K
  class space    used 5900K, capacity 6029K, committed 6144K, reserved 1048576K

Card table byte_map: [0x00007fa3a87f9000,0x00007fa3a8ffa000] byte_map_base: 0x00007fa3a51f9000

Marking Bits: (ParMarkBitMap*) 0x00007fa3ab71cc80
 Begin Bits: [0x00007fa370000000, 0x00007fa374000000)
 End Bits:   [0x00007fa374000000, 0x00007fa378000000)

Polling page: 0x00007fa3ac366000

CodeCache: size=245760Kb used=13833Kb max_used=14084Kb free=231926Kb
 bounds [0x00007fa395000000, 0x00007fa395dd0000, 0x00007fa3a4000000]
 total_blobs=3906 nmethods=3435 adapters=384
 compilation: enabled

Compilation events (10 events):
Event: 13.950 Thread 0x00007fa3a40c4000 4108       3       java.util.Collections$EmptyList::iterator (4 bytes)
Event: 13.950 Thread 0x00007fa3a40c4000 nmethod 4108 0x00007fa39538f390 code [0x00007fa39538f500, 0x00007fa39538f6b0]
Event: 13.952 Thread 0x00007fa3a40c4000 4109       1       org.testng.shaded.com.google.gson.reflect.TypeToken::hashCode (5 bytes)
Event: 13.952 Thread 0x00007fa3a40c4000 nmethod 4109 0x00007fa3952f48d0 code [0x00007fa3952f4a20, 0x00007fa3952f4b30]
Event: 13.969 Thread 0x00007fa3a40c4000 4110       3       java.io.BufferedWriter::ensureOpen (18 bytes)
Event: 13.970 Thread 0x00007fa3a40c4000 nmethod 4110 0x00007fa39576ac90 code [0x00007fa39576ae00, 0x00007fa39576b048]
Event: 13.984 Thread 0x00007fa3a40c4000 4111       3       org.hibernate.service.internal.ConcurrentServiceBinding::hashKey (5 bytes)
Event: 13.984 Thread 0x00007fa3a40c4000 nmethod 4111 0x00007fa39580da10 code [0x00007fa39580db80, 0x00007fa39580dd08]
Event: 13.987 Thread 0x00007fa3a40c4000 4112       3       org.springframework.beans.TypeConverterDelegate::<init> (15 bytes)
Event: 13.987 Thread 0x00007fa3a40c4000 nmethod 4112 0x00007fa3958e9e90 code [0x00007fa3958ea000, 0x00007fa3958ea1f0]

GC Heap History (10 events):
Event: 3.901 GC heap before
{Heap before GC invocations=1 (full 0):
 PSYoungGen      total 305664K, used 167925K [0x000000076ab00000, 0x0000000780000000, 0x00000007c0000000)
  eden space 262144K, 64% used [0x000000076ab00000,0x0000000774efd648,0x000000077ab00000)
  from space 43520K, 0% used [0x000000077d580000,0x000000077d580000,0x0000000780000000)
  to   space 43520K, 0% used [0x000000077ab00000,0x000000077ab00000,0x000000077d580000)
 ParOldGen       total 699392K, used 0K [0x00000006c0000000, 0x00000006eab00000, 0x000000076ab00000)
  object space 699392K, 0% used [0x00000006c0000000,0x00000006c0000000,0x00000006eab00000)
 Metaspace       used 21021K, capacity 21194K, committed 21296K, reserved 1069056K
  class space    used 2586K, capacity 2642K, committed 2688K, reserved 1048576K
Event: 3.955 GC heap after
Heap after GC invocations=1 (full 0):
 PSYoungGen      total 305664K, used 20871K [0x000000076ab00000, 0x0000000790000000, 0x00000007c0000000)
  eden space 262144K, 0% used [0x000000076ab00000,0x000000076ab00000,0x000000077ab00000)
  from space 43520K, 47% used [0x000000077ab00000,0x000000077bf61cf0,0x000000077d580000)
  to   space 43520K, 0% used [0x000000078d580000,0x000000078d580000,0x0000000790000000)
 ParOldGen       total 699392K, used 80K [0x00000006c0000000, 0x00000006eab00000, 0x000000076ab00000)
  object space 699392K, 0% used [0x00000006c0000000,0x00000006c0014010,0x00000006eab00000)
 Metaspace       used 21021K, capacity 21194K, committed 21296K, reserved 1069056K
  class space    used 2586K, capacity 2642K, committed 2688K, reserved 1048576K
}
Event: 3.956 GC heap before
{Heap before GC invocations=2 (full 1):
 PSYoungGen      total 305664K, used 20871K [0x000000076ab00000, 0x0000000790000000, 0x00000007c0000000)
  eden space 262144K, 0% used [0x000000076ab00000,0x000000076ab00000,0x000000077ab00000)
  from space 43520K, 47% used [0x000000077ab00000,0x000000077bf61cf0,0x000000077d580000)
  to   space 43520K, 0% used [0x000000078d580000,0x000000078d580000,0x0000000790000000)
 ParOldGen       total 699392K, used 80K [0x00000006c0000000, 0x00000006eab00000, 0x000000076ab00000)
  object space 699392K, 0% used [0x00000006c0000000,0x00000006c0014010,0x00000006eab00000)
 Metaspace       used 21021K, capacity 21194K, committed 21296K, reserved 1069056K
  class space    used 2586K, capacity 2642K, committed 2688K, reserved 1048576K
Event: 4.064 GC heap after
Heap after GC invocations=2 (full 1):
 PSYoungGen      total 305664K, used 0K [0x000000076ab00000, 0x0000000790000000, 0x00000007c0000000)
  eden space 262144K, 0% used [0x000000076ab00000,0x000000076ab00000,0x000000077ab00000)
  from space 43520K, 0% used [0x000000077ab00000,0x000000077ab00000,0x000000077d580000)
  to   space 43520K, 0% used [0x000000078d580000,0x000000078d580000,0x0000000790000000)
 ParOldGen       total 699392K, used 20131K [0x00000006c0000000, 0x00000006eab00000, 0x000000076ab00000)
  object space 699392K, 2% used [0x00000006c0000000,0x00000006c13a8e88,0x00000006eab00000)
 Metaspace       used 21021K, capacity 21194K, committed 21296K, reserved 1069056K
  class space    used 2586K, capacity 2642K, committed 2688K, reserved 1048576K
}
Event: 9.874 GC heap before
{Heap before GC invocations=3 (full 1):
 PSYoungGen      total 305664K, used 262138K [0x000000076ab00000, 0x0000000790000000, 0x00000007c0000000)
  eden space 262144K, 99% used [0x000000076ab00000,0x000000077aafeab8,0x000000077ab00000)
  from space 43520K, 0% used [0x000000077ab00000,0x000000077ab00000,0x000000077d580000)
  to   space 43520K, 0% used [0x000000078d580000,0x000000078d580000,0x0000000790000000)
 ParOldGen       total 699392K, used 20131K [0x00000006c0000000, 0x00000006eab00000, 0x000000076ab00000)
  object space 699392K, 2% used [0x00000006c0000000,0x00000006c13a8e88,0x00000006eab00000)
 Metaspace       used 30280K, capacity 30550K, committed 30720K, reserved 1077248K
  class space    used 3753K, capacity 3828K, committed 3840K, reserved 1048576K
Event: 9.913 GC heap after
Heap after GC invocations=3 (full 1):
 PSYoungGen      total 348160K, used 16887K [0x000000076ab00000, 0x000000078e600000, 0x00000007c0000000)
  eden space 331264K, 0% used [0x000000076ab00000,0x000000076ab00000,0x000000077ee80000)
  from space 16896K, 99% used [0x000000078d580000,0x000000078e5fde78,0x000000078e600000)
  to   space 43520K, 0% used [0x0000000789100000,0x0000000789100000,0x000000078bb80000)
 ParOldGen       total 699392K, used 20139K [0x00000006c0000000, 0x00000006eab00000, 0x000000076ab00000)
  object space 699392K, 2% used [0x00000006c0000000,0x00000006c13aae88,0x00000006eab00000)
 Metaspace       used 30280K, capacity 30550K, committed 30720K, reserved 1077248K
  class space    used 3753K, capacity 3828K, committed 3840K, reserved 1048576K
}
Event: 11.404 GC heap before
{Heap before GC invocations=4 (full 1):
 PSYoungGen      total 348160K, used 155264K [0x000000076ab00000, 0x000000078e600000, 0x00000007c0000000)
  eden space 331264K, 41% used [0x000000076ab00000,0x0000000773222288,0x000000077ee80000)
  from space 16896K, 99% used [0x000000078d580000,0x000000078e5fde78,0x000000078e600000)
  to   space 43520K, 0% used [0x0000000789100000,0x0000000789100000,0x000000078bb80000)
 ParOldGen       total 699392K, used 20139K [0x00000006c0000000, 0x00000006eab00000, 0x000000076ab00000)
  object space 699392K, 2% used [0x00000006c0000000,0x00000006c13aae88,0x00000006eab00000)
 Metaspace       used 35037K, capacity 35350K, committed 35496K, reserved 1081344K
  class space    used 4499K, capacity 4580K, committed 4608K, reserved 1048576K
Event: 11.422 GC heap after
Heap after GC invocations=4 (full 1):
 PSYoungGen      total 435712K, used 13811K [0x000000076ab00000, 0x000000078d600000, 0x00000007c0000000)
  eden space 421888K, 0% used [0x000000076ab00000,0x000000076ab00000,0x0000000784700000)
  from space 13824K, 99% used [0x0000000789100000,0x0000000789e7cf40,0x0000000789e80000)
  to   space 43520K, 0% used [0x000000078ab80000,0x000000078ab80000,0x000000078d600000)
 ParOldGen       total 699392K, used 20147K [0x00000006c0000000, 0x00000006eab00000, 0x000000076ab00000)
  object space 699392K, 2% used [0x00000006c0000000,0x00000006c13ace88,0x00000006eab00000)
 Metaspace       used 35037K, capacity 35350K, committed 35496K, reserved 1081344K
  class space    used 4499K, capacity 4580K, committed 4608K, reserved 1048576K
}
Event: 11.422 GC heap before
{Heap before GC invocations=5 (full 2):
 PSYoungGen      total 435712K, used 13811K [0x000000076ab00000, 0x000000078d600000, 0x00000007c0000000)
  eden space 421888K, 0% used [0x000000076ab00000,0x000000076ab00000,0x0000000784700000)
  from space 13824K, 99% used [0x0000000789100000,0x0000000789e7cf40,0x0000000789e80000)
  to   space 43520K, 0% used [0x000000078ab80000,0x000000078ab80000,0x000000078d600000)
 ParOldGen       total 699392K, used 20147K [0x00000006c0000000, 0x00000006eab00000, 0x000000076ab00000)
  object space 699392K, 2% used [0x00000006c0000000,0x00000006c13ace88,0x00000006eab00000)
 Metaspace       used 35037K, capacity 35350K, committed 35496K, reserved 1081344K
  class space    used 4499K, capacity 4580K, committed 4608K, reserved 1048576K
Event: 11.487 GC heap after
Heap after GC invocations=5 (full 2):
 PSYoungGen      total 435712K, used 0K [0x000000076ab00000, 0x000000078d600000, 0x00000007c0000000)
  eden space 421888K, 0% used [0x000000076ab00000,0x000000076ab00000,0x0000000784700000)
  from space 13824K, 0% used [0x0000000789100000,0x0000000789100000,0x0000000789e80000)
  to   space 43520K, 0% used [0x000000078ab80000,0x000000078ab80000,0x000000078d600000)
 ParOldGen       total 745472K, used 23031K [0x00000006c0000000, 0x00000006ed800000, 0x000000076ab00000)
  object space 745472K, 3% used [0x00000006c0000000,0x00000006c167de50,0x00000006ed800000)
 Metaspace       used 35037K, capacity 35350K, committed 35496K, reserved 1081344K
  class space    used 4499K, capacity 4580K, committed 4608K, reserved 1048576K
}

Deoptimization events (10 events):
Event: 12.638 Thread 0x00007fa3a4010000 Uncommon trap: reason=unstable_if action=reinterpret pc=0x00007fa3952ad544 method=java.lang.reflect.Proxy.isProxyClass(Ljava/lang/Class;)Z @ 16
Event: 12.640 Thread 0x00007fa3a4010000 Uncommon trap: reason=unstable_if action=reinterpret pc=0x00007fa3955136e4 method=sun.reflect.misc.ReflectUtil.isNonPublicProxyClass(Ljava/lang/Class;)Z @ 33
Event: 12.920 Thread 0x00007fa3a4010000 Uncommon trap: reason=bimorphic action=maybe_recompile pc=0x00007fa39587bdc4 method=java.util.regex.Pattern$Curly.match(Ljava/util/regex/Matcher;ILjava/lang/CharSequence;)Z @ 19
Event: 12.948 Thread 0x00007fa3a4010000 Uncommon trap: reason=unstable_if action=reinterpret pc=0x00007fa395572520 method=java.util.concurrent.ConcurrentHashMap.transfer([Ljava/util/concurrent/ConcurrentHashMap$Node;[Ljava/util/concurrent/ConcurrentHashMap$Node;)V @ 356
Event: 12.948 Thread 0x00007fa3a4010000 Uncommon trap: reason=unstable_if action=reinterpret pc=0x00007fa395573cf0 method=java.util.concurrent.ConcurrentHashMap.transfer([Ljava/util/concurrent/ConcurrentHashMap$Node;[Ljava/util/concurrent/ConcurrentHashMap$Node;)V @ 356
Event: 13.042 Thread 0x00007fa3a4010000 Uncommon trap: reason=unstable_if action=reinterpret pc=0x00007fa395cce360 method=sun.reflect.generics.reflectiveObjects.WildcardTypeImpl.getLowerBounds()[Ljava/lang/reflect/Type; @ 23
Event: 13.646 Thread 0x00007fa3a4010000 Uncommon trap: reason=unstable_if action=reinterpret pc=0x00007fa395cfa9f8 method=java.lang.reflect.Modifier.toString(I)Ljava/lang/String; @ 123
Event: 13.788 Thread 0x00007fa3a4010000 Uncommon trap: reason=unstable_if action=reinterpret pc=0x00007fa3957d9ab4 method=org.springframework.util.ConcurrentReferenceHashMap$Segment.clear()V @ 4
Event: 13.919 Thread 0x00007fa3a4010000 Uncommon trap: reason=bimorphic action=maybe_recompile pc=0x00007fa39554bfa8 method=java.util.Hashtable.get(Ljava/lang/Object;)Ljava/lang/Object; @ 6
Event: 13.922 Thread 0x00007fa3a4010000 Uncommon trap: reason=bimorphic action=maybe_recompile pc=0x00007fa39554bfa8 method=java.util.Hashtable.get(Ljava/lang/Object;)Ljava/lang/Object; @ 6

Internal exceptions (10 events):
Event: 13.685 Thread 0x00007fa3a4010000 Exception <a 'java/lang/ClassNotFoundException': org/springframework/boot/autoconfigure/web/WebClientAutoConfigurationCustomizer> (0x0000000775632188) thrown at [/HUDSON3/workspace/8-2-build-linux-amd64/jdk8u121/8372/hotspot/src/share/vm/classfile/systemD
Event: 13.686 Thread 0x00007fa3a4010000 Exception <a 'java/lang/ClassNotFoundException': org/springframework/boot/autoconfigure/web/WebClientAutoConfiguration$$EnhancerBySpringCGLIB$$52d5929eCustomizer> (0x0000000775655ae0) thrown at [/HUDSON3/workspace/8-2-build-linux-amd64/jdk8u121/8372/hotsp
Event: 13.687 Thread 0x00007fa3a4010000 Exception <a 'java/lang/ClassNotFoundException': org/springframework/context/annotation/ConfigurationClassEnhancer$EnhancedConfigurationCustomizer> (0x0000000775679e78) thrown at [/HUDSON3/workspace/8-2-build-linux-amd64/jdk8u121/8372/hotspot/src/share/vm
Event: 13.934 Thread 0x00007fa3a4010000 Exception <a 'java/lang/ClassNotFoundException': java/lang/ObjectCustomizer> (0x00000007769009c8) thrown at [/HUDSON3/workspace/8-2-build-linux-amd64/jdk8u121/8372/hotspot/src/share/vm/classfile/systemDictionary.cpp, line 210]
Event: 13.935 Thread 0x00007fa3a4010000 Exception <a 'java/lang/ClassNotFoundException': org/springframework/test/context/testng/AbstractTestNGSpringContextTestsCustomizer> (0x000000077691e770) thrown at [/HUDSON3/workspace/8-2-build-linux-amd64/jdk8u121/8372/hotspot/src/share/vm/classfile/syst
Event: 13.936 Thread 0x00007fa3a4010000 Exception <a 'java/lang/ClassNotFoundException': com/example/crudtest/CRUDTestCustomizer> (0x0000000776931398) thrown at [/HUDSON3/workspace/8-2-build-linux-amd64/jdk8u121/8372/hotspot/src/share/vm/classfile/systemDictionary.cpp, line 210]
Event: 13.936 Thread 0x00007fa3a4010000 Exception <a 'java/lang/ClassNotFoundException': org/testng/IHookableCustomizer> (0x0000000776941e20) thrown at [/HUDSON3/workspace/8-2-build-linux-amd64/jdk8u121/8372/hotspot/src/share/vm/classfile/systemDictionary.cpp, line 210]
Event: 13.937 Thread 0x00007fa3a4010000 Exception <a 'java/lang/ClassNotFoundException': org/springframework/context/ApplicationContextAwareCustomizer> (0x0000000776958020) thrown at [/HUDSON3/workspace/8-2-build-linux-amd64/jdk8u121/8372/hotspot/src/share/vm/classfile/systemDictionary.cpp, lin
Event: 13.987 Thread 0x00007fa3a4010000 Exception <a 'java/lang/ClassNotFoundException': java/lang/ObjectCustomizer> (0x0000000776ae1ca0) thrown at [/HUDSON3/workspace/8-2-build-linux-amd64/jdk8u121/8372/hotspot/src/share/vm/classfile/systemDictionary.cpp, line 210]
Event: 13.988 Thread 0x00007fa3a4010000 Exception <a 'java/lang/ClassNotFoundException': com/example/entity/BookCustomizer> (0x0000000776af4690) thrown at [/HUDSON3/workspace/8-2-build-linux-amd64/jdk8u121/8372/hotspot/src/share/vm/classfile/systemDictionary.cpp, line 210]

Events (10 events):
Event: 13.994 loading class org/hibernate/engine/jdbc/internal/FormatStyle
Event: 13.994 loading class org/hibernate/engine/jdbc/internal/FormatStyle done
Event: 13.994 loading class org/hibernate/engine/jdbc/internal/Formatter
Event: 13.994 loading class org/hibernate/engine/jdbc/internal/Formatter done
Event: 13.994 loading class org/hibernate/engine/jdbc/internal/BasicFormatterImpl
Event: 13.994 loading class org/hibernate/engine/jdbc/internal/BasicFormatterImpl done
Event: 13.995 loading class org/hibernate/engine/jdbc/internal/DDLFormatterImpl
Event: 13.995 loading class org/hibernate/engine/jdbc/internal/DDLFormatterImpl done
Event: 13.996 loading class org/hibernate/engine/jdbc/internal/FormatStyle$NoFormatImpl
Event: 13.996 loading class org/hibernate/engine/jdbc/internal/FormatStyle$NoFormatImpl done


Dynamic libraries:
00400000-00401000 r-xp 00000000 08:03 3421216                            /usr/lib/jvm/java-8-oracle/bin/java
00600000-00601000 rw-p 00000000 08:03 3421216                            /usr/lib/jvm/java-8-oracle/bin/java
016c0000-016e1000 rw-p 00000000 00:00 0                                  [heap]
6c0000000-6ed800000 rw-p 00000000 00:00 0 
6ed800000-76ab00000 ---p 00000000 00:00 0 
76ab00000-78d600000 rw-p 00000000 00:00 0 
78d600000-7c0000000 ---p 00000000 00:00 0 
7c0000000-7c0600000 rw-p 00000000 00:00 0 
7c0600000-800000000 ---p 00000000 00:00 0 
7fa320000000-7fa320021000 rw-p 00000000 00:00 0 
7fa320021000-7fa324000000 ---p 00000000 00:00 0 
7fa328000000-7fa328021000 rw-p 00000000 00:00 0 
7fa328021000-7fa32c000000 ---p 00000000 00:00 0 
7fa32c000000-7fa32c021000 rw-p 00000000 00:00 0 
7fa32c021000-7fa330000000 ---p 00000000 00:00 0 
7fa330000000-7fa330021000 rw-p 00000000 00:00 0 
7fa330021000-7fa334000000 ---p 00000000 00:00 0 
7fa334000000-7fa334021000 rw-p 00000000 00:00 0 
7fa334021000-7fa338000000 ---p 00000000 00:00 0 
7fa338000000-7fa338021000 rw-p 00000000 00:00 0 
7fa338021000-7fa33c000000 ---p 00000000 00:00 0 
7fa33c000000-7fa33c021000 rw-p 00000000 00:00 0 
7fa33c021000-7fa340000000 ---p 00000000 00:00 0 
7fa340000000-7fa340124000 rw-p 00000000 00:00 0 
7fa340124000-7fa344000000 ---p 00000000 00:00 0 
7fa344000000-7fa344021000 rw-p 00000000 00:00 0 
7fa344021000-7fa348000000 ---p 00000000 00:00 0 
7fa348000000-7fa348021000 rw-p 00000000 00:00 0 
7fa348021000-7fa34c000000 ---p 00000000 00:00 0 
7fa34c000000-7fa34c238000 rw-p 00000000 00:00 0 
7fa34c238000-7fa350000000 ---p 00000000 00:00 0 
7fa350000000-7fa350021000 rw-p 00000000 00:00 0 
7fa350021000-7fa354000000 ---p 00000000 00:00 0 
7fa354000000-7fa354021000 rw-p 00000000 00:00 0 
7fa354021000-7fa358000000 ---p 00000000 00:00 0 
7fa358000000-7fa359604000 rw-p 00000000 00:00 0 
7fa359604000-7fa35c000000 ---p 00000000 00:00 0 
7fa35c000000-7fa35cc67000 rw-p 00000000 00:00 0 
7fa35cc67000-7fa360000000 ---p 00000000 00:00 0 
7fa360000000-7fa360021000 rw-p 00000000 00:00 0 
7fa360021000-7fa364000000 ---p 00000000 00:00 0 
7fa364000000-7fa365f78000 rw-p 00000000 00:00 0 
7fa365f78000-7fa368000000 ---p 00000000 00:00 0 
7fa368000000-7fa368021000 rw-p 00000000 00:00 0 
7fa368021000-7fa36c000000 ---p 00000000 00:00 0 
7fa36c000000-7fa36c021000 rw-p 00000000 00:00 0 
7fa36c021000-7fa370000000 ---p 00000000 00:00 0 
7fa370000000-7fa378000000 rw-p 00000000 00:00 0 
7fa378000000-7fa378021000 rw-p 00000000 00:00 0 
7fa378021000-7fa37c000000 ---p 00000000 00:00 0 
7fa37c000000-7fa37c083000 rw-p 00000000 00:00 0 
7fa37c083000-7fa380000000 ---p 00000000 00:00 0 
7fa380000000-7fa380021000 rw-p 00000000 00:00 0 
7fa380021000-7fa384000000 ---p 00000000 00:00 0 
7fa38646f000-7fa386472000 ---p 00000000 00:00 0 
7fa386472000-7fa386570000 rw-p 00000000 00:00 0                          [stack:5894]
7fa386570000-7fa386573000 ---p 00000000 00:00 0 
7fa386573000-7fa386671000 rw-p 00000000 00:00 0                          [stack:5893]
7fa386671000-7fa386674000 ---p 00000000 00:00 0 
7fa386674000-7fa386772000 rw-p 00000000 00:00 0                          [stack:5892]
7fa386772000-7fa386775000 ---p 00000000 00:00 0 
7fa386775000-7fa386873000 rw-p 00000000 00:00 0                          [stack:5891]
7fa386873000-7fa386876000 ---p 00000000 00:00 0 
7fa386876000-7fa386a34000 rw-p 00000000 00:00 0                          [stack:5890]
7fa386a34000-7fa386b74000 ---p 00000000 00:00 0 
7fa386b74000-7fa386d74000 rw-p 00000000 00:00 0 
7fa386d74000-7fa386f74000 rw-p 00000000 00:00 0 
7fa386f74000-7fa387174000 rw-p 00000000 00:00 0 
7fa387174000-7fa3871f8000 r-xp 00000000 08:03 5913412                    /tmp/sqlite-3.7.2-libsqlitejdbc.so
7fa3871f8000-7fa3873f8000 ---p 00084000 08:03 5913412                    /tmp/sqlite-3.7.2-libsqlitejdbc.so
7fa3873f8000-7fa3873f9000 r--p 00084000 08:03 5913412                    /tmp/sqlite-3.7.2-libsqlitejdbc.so
7fa3873f9000-7fa3873fc000 rw-p 00085000 08:03 5913412                    /tmp/sqlite-3.7.2-libsqlitejdbc.so
7fa3873fc000-7fa3873ff000 ---p 00000000 00:00 0 
7fa3873ff000-7fa3876fd000 rw-p 00000000 00:00 0                          [stack:5889]
7fa3876fd000-7fa3878fd000 rw-p 00000000 00:00 0 
7fa3878fd000-7fa387900000 ---p 00000000 00:00 0 
7fa387900000-7fa3879fe000 rw-p 00000000 00:00 0                          [stack:5888]
7fa3879fe000-7fa387a01000 ---p 00000000 00:00 0 
7fa387a01000-7fa387cff000 rw-p 00000000 00:00 0                          [stack:5887]
7fa387cff000-7fa387d02000 ---p 00000000 00:00 0 
7fa387d02000-7fa388000000 rw-p 00000000 00:00 0                          [stack:5886]
7fa388000000-7fa388021000 rw-p 00000000 00:00 0 
7fa388021000-7fa38c000000 ---p 00000000 00:00 0 
7fa38c0df000-7fa38c0e0000 rw-p 00000000 00:00 0 
7fa38c0e0000-7fa38c0f3000 r--s 00345000 08:03 3429982                    /usr/lib/jvm/java-8-oracle/jre/lib/resources.jar
7fa38c0f3000-7fa38c2f3000 rw-p 00000000 00:00 0 
7fa38c2f3000-7fa38c4f3000 rw-p 00000000 00:00 0 
7fa38c4f3000-7fa38c588000 r--s 01109000 08:03 3429792                    /usr/lib/jvm/java-8-oracle/jre/lib/ext/jfxrt.jar
7fa38c588000-7fa38c788000 rw-p 00000000 00:00 0 
7fa38c788000-7fa38c799000 r-xp 00000000 08:03 3429946                    /usr/lib/jvm/java-8-oracle/jre/lib/amd64/libnio.so
7fa38c799000-7fa38c998000 ---p 00011000 08:03 3429946                    /usr/lib/jvm/java-8-oracle/jre/lib/amd64/libnio.so
7fa38c998000-7fa38c999000 rw-p 00010000 08:03 3429946                    /usr/lib/jvm/java-8-oracle/jre/lib/amd64/libnio.so
7fa38c999000-7fa38cb99000 rw-p 00000000 00:00 0 
7fa38cb99000-7fa38cb9e000 r--s 002f9000 08:03 3429739                    /usr/lib/jvm/java-8-oracle/jre/lib/charsets.jar
7fa38cb9e000-7fa38cd9e000 rw-p 00000000 00:00 0 
7fa38cd9e000-7fa38cda1000 ---p 00000000 00:00 0 
7fa38cda1000-7fa38ce9f000 rw-p 00000000 00:00 0                          [stack:5885]
7fa38ce9f000-7fa38cea8000 r-xp 00000000 08:03 3429930                    /usr/lib/jvm/java-8-oracle/jre/lib/amd64/libmanagement.so
7fa38cea8000-7fa38d0a7000 ---p 00009000 08:03 3429930                    /usr/lib/jvm/java-8-oracle/jre/lib/amd64/libmanagement.so
7fa38d0a7000-7fa38d0a8000 rw-p 00008000 08:03 3429930                    /usr/lib/jvm/java-8-oracle/jre/lib/amd64/libmanagement.so
7fa38d0a8000-7fa38d2a8000 rw-p 00000000 00:00 0 
7fa38d2a8000-7fa38d4a8000 rw-p 00000000 00:00 0 
7fa38d4a8000-7fa38d6a8000 rw-p 00000000 00:00 0 
7fa38d6a8000-7fa38d6ac000 r--s 0009a000 08:03 3429799                    /usr/lib/jvm/java-8-oracle/jre/lib/jsse.jar
7fa38d6ac000-7fa38d6af000 ---p 00000000 00:00 0 
7fa38d6af000-7fa38d7ad000 rw-p 00000000 00:00 0                          [stack:5875]
7fa38d7ad000-7fa38d7c3000 r-xp 00000000 08:03 3429958                    /usr/lib/jvm/java-8-oracle/jre/lib/amd64/libnet.so
7fa38d7c3000-7fa38d9c3000 ---p 00016000 08:03 3429958                    /usr/lib/jvm/java-8-oracle/jre/lib/amd64/libnet.so
7fa38d9c3000-7fa38d9c4000 rw-p 00016000 08:03 3429958                    /usr/lib/jvm/java-8-oracle/jre/lib/amd64/libnet.so
7fa38d9c4000-7fa38d9c5000 r--s 0000c000 08:03 5916924                    /home/sharmila/.gradle/caches/modules-2/files-2.1/org.ow2.asm/asm/5.0.3/dcc2193db20e19e1feca8b1240dbbc4e190824fa/asm-5.0.3.jar
7fa38d9c5000-7fa38d9cf000 r--s 00069000 08:03 5923589                    /home/sharmila/.gradle/caches/modules-2/files-2.1/ch.qos.logback/logback-core/1.1.8/b4d1c3dea91727faf8b3d19cf4b9b972d6c0b89/logback-core-1.1.8.jar
7fa38d9cf000-7fa38d9d1000 r--s 00012000 08:03 5916922                    /home/sharmila/.gradle/caches/modules-2/files-2.1/net.minidev/accessors-smart/1.1/a527213f2fea112a04c9bdf0ec0264e34104cd08/accessors-smart-1.1.jar
7fa38d9d1000-7fa38d9d3000 r--s 00009000 08:03 5923902                    /home/sharmila/.gradle/caches/modules-2/files-2.1/org.apache.tomcat/tomcat-juli/8.5.6/83d2d1e3362ecca504f3bf8ed1bc4cc451754d24/tomcat-juli-8.5.6.jar
7fa38d9d3000-7fa38d9dc000 r--s 0002d000 08:03 5923903                    /home/sharmila/.gradle/caches/modules-2/files-2.1/xml-apis/xml-apis/1.4.01/3789d9fada2d3d458c4ba2de349d48780f381ee3/xml-apis-1.4.01.jar
7fa38d9dc000-7fa38d9de000 r--s 00004000 08:03 5923588                    /home/sharmila/.gradle/caches/modules-2/files-2.1/org.slf4j/log4j-over-slf4j/1.7.22/a527c37e9ca6c3d19ba298edd4aa344ca751a203/log4j-over-slf4j-1.7.22.jar
7fa38d9de000-7fa38d9e0000 r--s 00000000 08:03 5923587                    /home/sharmila/.gradle/caches/modules-2/files-2.1/org.slf4j/jul-to-slf4j/1.7.22/b0429e950b3d2bc2c39c1bacafac753edbe3781c/jul-to-slf4j-1.7.22.jar
7fa38d9e0000-7fa38d9e6000 r--s 00045000 08:03 5923585                    /home/sharmila/.gradle/caches/modules-2/files-2.1/ch.qos.logback/logback-classic/1.1.8/e54f49a227611976642f81cf2106b81c1ece8bf5/logback-classic-1.1.8.jar
7fa38d9e6000-7fa38d9e7000 r--s 0000f000 08:03 5916909                    /home/sharmila/.gradle/caches/modules-2/files-2.1/org.json/json/20140107/d1ffca6e2482b002702c6a576166fd685e3370e3/json-20140107.jar
7fa38d9e7000-7fa38d9e9000 r--s 00009000 08:03 5916921                    /home/sharmila/.gradle/caches/modules-2/files-2.1/org.objenesis/objenesis/2.1/87c0ea803b69252868d09308b4618f766f135a96/objenesis-2.1.jar
7fa38d9e9000-7fa38d9ec000 r--s 0001b000 08:03 5916920                    /home/sharmila/.gradle/caches/modules-2/files-2.1/net.minidev/json-smart/2.2.1/5b9e5df7a62d1279b70dc882b041d249c4f0b002/json-smart-2.2.1.jar
7fa38d9ec000-7fa38d9ee000 r--s 00003000 08:03 5923586                    /home/sharmila/.gradle/caches/modules-2/files-2.1/org.slf4j/jcl-over-slf4j/1.7.22/86ceac14535af5a42c8fb0d06d79b925dd3cb263/jcl-over-slf4j-1.7.22.jar
7fa38d9ee000-7fa38d9f0000 r--s 00009000 08:03 5923584                    /home/sharmila/.gradle/caches/modules-2/files-2.1/org.slf4j/slf4j-api/1.7.22/a1c83373863cec7ae8d89dc1c5722d8cb6ec0309/slf4j-api-1.7.22.jar
7fa38d9f0000-7fa38d9f8000 r--s 0003a000 08:03 5923901                    /home/sharmila/.gradle/caches/modules-2/files-2.1/org.springframework/spring-tx/4.3.5.RELEASE/296d8ae21fadc0f115dae7d1e8d5c4f8c7de2c3e/spring-tx-4.3.5.RELEASE.jar
7fa38d9f8000-7fa38da02000 r--s 0006b000 08:03 5923900                    /home/sharmila/.gradle/caches/modules-2/files-2.1/org.springframework/spring-orm/4.3.5.RELEASE/64c29d310b69bcc6e1fd5a738fa3629bdedb2d3f/spring-orm-4.3.5.RELEASE.jar
7fa38da02000-7fa38da12000 r--s 0009a000 08:03 5923899                    /home/sharmila/.gradle/caches/modules-2/files-2.1/org.springframework.data/spring-data-commons/1.12.6.RELEASE/b6403dcfce33e89613f364d80d653d7540279c47/spring-data-commons-1.12.6.RELEASE.jar
7fa38da12000-7fa38da1c000 r--s 0005f000 08:03 5923898                    /home/sharmila/.gradle/caches/modules-2/files-2.1/org.springframework/spring-jdbc/4.3.5.RELEASE/7c09e38b6f6e0b178973dea06bb8fdc6d19aa596/spring-jdbc-4.3.5.RELEASE.jar
7fa38da1c000-7fa38da1f000 r--s 00020000 08:03 5923897                    /home/sharmila/.gradle/caches/modules-2/files-2.1/org.apache.tomcat/tomcat-jdbc/8.5.6/feb10a9e22f70565c7556f327b0481dba8587bbc/tomcat-jdbc-8.5.6.jar
7fa38da1f000-7fa38da38000 r--s 001af000 08:03 5923896                    /home/sharmila/.gradle/caches/modules-2/files-2.1/org.aspectj/aspectjweaver/1.8.9/db28774f477f07220eac18d5ec9c4e01f48589d7/aspectjweaver-1.8.9.jar
7fa38da38000-7fa38da3b000 r--s 00010000 08:03 5923833                    /home/sharmila/.gradle/caches/modules-2/files-2.1/org.hibernate.common/hibernate-commons-annotations/5.0.1.Final/71e1cff3fcb20d3b3af4f3363c3ddb24d33c6879/hibernate-commons-annotations-5.0.1.Final.jar
7fa38da3b000-7fa38da40000 r--s 00048000 08:03 5923832                    /home/sharmila/.gradle/caches/modules-2/files-2.1/dom4j/dom4j/1.6.1/5d3ccc056b6f056dbf0dddfdf43894b9065a8f94/dom4j-1.6.1.jar
7fa38da40000-7fa38da43000 r--s 0002b000 08:03 5923433                    /home/sharmila/.gradle/caches/modules-2/files-2.1/org.jboss/jandex/2.0.0.Final/3e899258936f94649c777193e1be846387ed54b3/jandex-2.0.0.Final.jar
7fa38da43000-7fa38da44000 r--s 00003000 08:03 5923830                    /home/sharmila/.gradle/caches/modules-2/files-2.1/org.apache.geronimo.specs/geronimo-jta_1.1_spec/1.1.1/aabab3165b8ea936b9360abbf448459c0d04a5a4/geronimo-jta_1.1_spec-1.1.1.jar
7fa38da44000-7fa38da49000 r--s 00068000 08:03 5923829                    /home/sharmila/.gradle/caches/modules-2/files-2.1/antlr/antlr/2.7.7/83cd2cd674a217ade95a4bb83a8a14f351f48bd0/antlr-2.7.7.jar
7fa38da49000-7fa38da4e000 r--s 0003c000 08:03 5923583                    /home/sharmila/.gradle/caches/modules-2/files-2.1/org.springframework/spring-expression/4.3.5.RELEASE/3689dc6c5b942ecde4122eac889ed87977d6f287/spring-expression-4.3.5.RELEASE.jar
7fa38da4e000-7fa38da68000 r--s 000fc000 08:03 5923582                    /home/sharmila/.gradle/caches/modules-2/files-2.1/org.springframework/spring-context/4.3.5.RELEASE/ca3391c0e17d0138335ba51b51371661d20d56a8/spring-context-4.3.5.RELEASE.jar
7fa38da68000-7fa38da75000 r--s 000ad000 08:03 5923581                    /home/sharmila/.gradle/caches/modules-2/files-2.1/org.springframework/spring-beans/4.3.5.RELEASE/e12bbc3277da28e2e2608a187f83091dc6c300bf/spring-beans-4.3.5.RELEASE.jar
7fa38da75000-7fa38da7e000 r--s 00054000 08:03 5923580                    /home/sharmila/.gradle/caches/modules-2/files-2.1/org.springframework/spring-aop/4.3.5.RELEASE/4f113218af716bd8d174c411f19b26418b5a70f6/spring-aop-4.3.5.RELEASE.jar
7fa38da7e000-7fa38da82000 r--s 00041000 08:03 5923579                    /home/sharmila/.gradle/caches/modules-2/files-2.1/com.fasterxml.jackson.core/jackson-core/2.8.5/60d059f5d2930ccd1ef03535b713fd9f933d1ba7/jackson-core-2.8.5.jar
7fa38da82000-7fa38da85000 r--s 0000b000 08:03 5923578                    /home/sharmila/.gradle/caches/modules-2/files-2.1/com.fasterxml.jackson.core/jackson-annotations/2.8.5/9d82ff47bc2c2d3b5b6a6618fe636782bbcd5b07/jackson-annotations-2.8.5.jar
7fa38da85000-7fa38da87000 r--s 0000e000 08:03 5917543                    /home/sharmila/.gradle/caches/modules-2/files-2.1/com.fasterxml/classmate/1.3.3/864c8e370a691e343210cc7c532fc198cee460d8/classmate-1.3.3.jar
7fa38da87000-7fa38da8b000 r--s 0000c000 08:03 5916766                    /home/sharmila/.gradle/caches/modules-2/files-2.1/javax.validation/validation-api/1.1.0.Final/8613ae82954779d518631e05daa73a6a954817d5/validation-api-1.1.0.Final.jar
7fa38da8b000-7fa38da90000 r--s 00036000 08:03 5917542                    /home/sharmila/.gradle/caches/modules-2/files-2.1/org.apache.tomcat.embed/tomcat-embed-websocket/8.5.6/6f6940a216b380ea8506530c374fcfeef820ba54/tomcat-embed-websocket-8.5.6.jar
7fa38da90000-7fa38da91000 r--s 00000000 08:03 5923577                    /home/sharmila/.gradle/caches/modules-2/files-2.1/org.springframework.boot/spring-boot-starter-logging/1.4.3.RELEASE/1c58783c0694abf695babfd39829922d2d501ec2/spring-boot-starter-logging-1.4.3.RELEASE.jar
7fa38da91000-7fa38daaf000 r--s 000d0000 08:03 5923576                    /home/sharmila/.gradle/caches/modules-2/files-2.1/org.springframework.boot/spring-boot-autoconfigure/1.4.3.RELEASE/41df1bfbdd4ae4e8499ebe1a4bc613bda316d6e1/spring-boot-autoconfigure-1.4.3.RELEASE.jar
7fa38daaf000-7fa38dabf000 r--s 00092000 08:03 5923575                    /home/sharmila/.gradle/caches/modules-2/files-2.1/org.springframework.boot/spring-boot/1.4.3.RELEASE/17f94def4460075afdfba6bf8f897cd1fc95bf77/spring-boot-1.4.3.RELEASE.jar
7fa38dabf000-7fa38dace000 r--s 00084000 08:03 5923574                    /home/sharmila/.gradle/caches/modules-2/files-2.1/org.springframework/spring-test/4.3.5.RELEASE/a1965127e07b469d8e5bb3d2b0ff850423b66be4/spring-test-4.3.5.RELEASE.jar
7fa38dace000-7fa38dae4000 r--s 000fa000 08:03 5923530                    /home/sharmila/.gradle/caches/modules-2/files-2.1/org.springframework/spring-core/4.3.5.RELEASE/80299e3f80e8c6d5c076db2ba6adf44a4b52f578/spring-core-4.3.5.RELEASE.jar
7fa38dae4000-7fa38dae5000 r--s 00006000 08:03 5916915                    /home/sharmila/.gradle/caches/modules-2/files-2.1/org.skyscreamer/jsonassert/1.3.0/d5c250eb122496866de36dc84f98e2945845ecdd/jsonassert-1.3.0.jar
7fa38dae5000-7fa38dae7000 r--s 00009000 08:03 5913472                    /home/sharmila/.gradle/caches/modules-2/files-2.1/org.hamcrest/hamcrest-core/1.3/42a25dc3219429f0e5d060061f71acb49bf010a0/hamcrest-core-1.3.jar
7fa38dae7000-7fa38db03000 r--s 00103000 08:03 5916914                    /home/sharmila/.gradle/caches/modules-2/files-2.1/org.mockito/mockito-core/1.10.19/e8546f5bef4e061d8dd73895b4e8f40e3fe6effe/mockito-core-1.10.19.jar
7fa38db03000-7fa38db16000 r--s 000d2000 08:03 5916913                    /home/sharmila/.gradle/caches/modules-2/files-2.1/org.assertj/assertj-core/2.5.0/fcd21db4c5f33e5dcac69bf1816415fe0647582f/assertj-core-2.5.0.jar
7fa38db16000-7fa38db1b000 r--s 0002e000 08:03 5916911                    /home/sharmila/.gradle/caches/modules-2/files-2.1/com.jayway.jsonpath/json-path/2.2.0/22290d17944bd239fabf5ac69005a60a7ecbbbcb/json-path-2.2.0.jar
7fa38db1b000-7fa38db20000 r--s 00017000 08:03 5923573                    /home/sharmila/.gradle/caches/modules-2/files-2.1/org.springframework.boot/spring-boot-test-autoconfigure/1.4.3.RELEASE/1a7587605e981a58104a501ab1896e2eb7a76686/spring-boot-test-autoconfigure-1.4.3.RELEASE.jar
7fa38db20000-7fa38db25000 r--s 00021000 08:03 5923572                    /home/sharmila/.gradle/caches/modules-2/files-2.1/org.springframework.boot/spring-boot-test/1.4.3.RELEASE/2d76638f0f13b33859bf3b927c232ff0f8a4ffbf/spring-boot-test-1.4.3.RELEASE.jar
7fa38db25000-7fa38db2b000 r--s 0003d000 08:03 5916762                    /home/sharmila/.gradle/caches/modules-2/files-2.1/org.yaml/snakeyaml/1.17/7a27ea250c5130b2922b86dea63cbb1cc10a660c/snakeyaml-1.17.jar
7fa38db2b000-7fa38db2d000 r--s 00006000 08:03 5923638                    /home/sharmila/.gradle/caches/modules-2/files-2.1/com.beust/jcommander/1.12/7409692b48022f9eca7445861defbcdb9ee3c2a8/jcommander-1.12.jar
7fa38db2d000-7fa38db32000 r--s 00040000 08:03 5923637                    /home/sharmila/.gradle/caches/modules-2/files-2.1/org.beanshell/bsh/2.0b4/a05f0a0feefa8d8467ac80e16e7de071489f0d9c/bsh-2.0b4.jar
7fa38db32000-7fa38db3a000 r--s 00045000 08:03 5913471                    /home/sharmila/.gradle/caches/modules-2/files-2.1/junit/junit/4.12/2973d150c0dc1fefe998f834810d68f278ea58ec/junit-4.12.jar
7fa38db3a000-7fa38db3d000 r--s 0000c000 08:03 5923895                    /home/sharmila/.gradle/caches/modules-2/files-2.1/org.springframework/spring-aspects/4.3.5.RELEASE/8c00c15865a1da0a1ba143a50622a8436a56e097/spring-aspects-4.3.5.RELEASE.jar
7fa38db3d000-7fa38db43000 r--s 0003f000 08:03 5923894                    /home/sharmila/.gradle/caches/modules-2/files-2.1/org.springframework.data/spring-data-jpa/1.10.6.RELEASE/5d478860b24a493845248c1c336c33a657567bd3/spring-data-jpa-1.10.6.RELEASE.jar
7fa38db43000-7fa38db45000 r--s 00006000 08:03 5923893                    /home/sharmila/.gradle/caches/modules-2/files-2.1/javax.transaction/javax.transaction-api/1.2/d81aff979d603edd90dcd8db2abc1f4ce6479e3e/javax.transaction-api-1.2.jar
7fa38db45000-7fa38db52000 r--s 00089000 08:03 5923892                    /home/sharmila/.gradle/caches/modules-2/files-2.1/org.hibernate/hibernate-entitymanager/5.0.11.Final/549565caed4e0bcb816843693e66ff7b04ce025f/hibernate-entitymanager-5.0.11.Final.jar
7fa38db52000-7fa38dbbb000 r--s 004f3000 08:03 5923432                    /home/sharmila/.gradle/caches/modules-2/files-2.1/org.hibernate/hibernate-core/5.0.11.Final/c2487fb72a2217a7cec9ab478d4c21a36fc09977/hibernate-core-5.0.11.Final.jar
7fa38dbbb000-7fa38dbce000 r--s 00236000 08:03 5916949                    /home/sharmila/.gradle/caches/modules-2/files-2.1/org.eclipse.jdt.core.compiler/ecj/4.5.1/bee1367ac12fb6a20b422ff8711ebeb4f0a42316/ecj-4.5.1.jar
7fa38dbce000-7fa38dbf7000 r--s 002b2000 08:03 5917540                    /home/sharmila/.gradle/caches/modules-2/files-2.1/org.apache.tomcat.embed/tomcat-embed-core/8.5.6/960834b5abc6b2135250487abf6c060a0fa5a22e/tomcat-embed-core-8.5.6.jar
7fa38dbf7000-7fa38dc08000 r--s 000cf000 08:03 5923571                    /home/sharmila/.gradle/caches/modules-2/files-2.1/org.springframework/spring-webmvc/4.3.5.RELEASE/c624659217edab07d8279fb0f90462136f089220/spring-webmvc-4.3.5.RELEASE.jar
7fa38dc08000-7fa38dc09000 ---p 00000000 00:00 0 
7fa38dc09000-7fa38dd09000 rw-p 00000000 00:00 0                          [stack:5873]
7fa38dd09000-7fa38dd0c000 ---p 00000000 00:00 0 
7fa38dd0c000-7fa38de0a000 rw-p 00000000 00:00 0                          [stack:5872]
7fa38de0a000-7fa38de0d000 ---p 00000000 00:00 0 
7fa38de0d000-7fa38df0b000 rw-p 00000000 00:00 0                          [stack:5871]
7fa38df0b000-7fa38df0e000 ---p 00000000 00:00 0 
7fa38df0e000-7fa38e00c000 rw-p 00000000 00:00 0                          [stack:5870]
7fa38e00c000-7fa38e00f000 ---p 00000000 00:00 0 
7fa38e00f000-7fa38e10d000 rw-p 00000000 00:00 0                          [stack:5869]
7fa38e10d000-7fa38e110000 ---p 00000000 00:00 0 
7fa38e110000-7fa38e20e000 rw-p 00000000 00:00 0                          [stack:5868]
7fa38e20e000-7fa38e8f1000 r--p 00000000 08:03 3152909                    /usr/lib/locale/locale-archive
7fa38e8f1000-7fa38e8f4000 ---p 00000000 00:00 0 
7fa38e8f4000-7fa38e9f2000 rw-p 00000000 00:00 0                          [stack:5867]
7fa38e9f2000-7fa38e9f5000 ---p 00000000 00:00 0 
7fa38e9f5000-7fa38eaf3000 rw-p 00000000 00:00 0                          [stack:5866]
7fa38eaf3000-7fa38eaf4000 ---p 00000000 00:00 0 
7fa38eaf4000-7fa390000000 rw-p 00000000 00:00 0                          [stack:5865]
7fa390000000-7fa390021000 rw-p 00000000 00:00 0 
7fa390021000-7fa394000000 ---p 00000000 00:00 0 
7fa394000000-7fa394001000 r--s 0000c000 08:03 5916912                    /home/sharmila/.gradle/caches/modules-2/files-2.1/org.hamcrest/hamcrest-library/1.3/4785a3c21320980282f9f33d0d1264a69040538f/hamcrest-library-1.3.jar
7fa394001000-7fa39400b000 r--s 000ae000 08:03 5916958                    /home/sharmila/.gradle/caches/modules-2/files-2.1/org.javassist/javassist/3.20.0-GA/a9cbcdfb7e9f86fbc74d3afae65f2248bfbf82a0/javassist-3.20.0-GA.jar
7fa39400b000-7fa394010000 r--s 00017000 08:03 5923828                    /home/sharmila/.gradle/caches/modules-2/files-2.1/org.hibernate.javax.persistence/hibernate-jpa-2.1-api/1.0.0.Final/5e731d961297e5a07290bfaf3db1fbc8bbbf405a/hibernate-jpa-2.1-api-1.0.0.Final.jar
7fa394010000-7fa394022000 r--s 000b6000 08:03 5923570                    /home/sharmila/.gradle/caches/modules-2/files-2.1/org.springframework/spring-web/4.3.5.RELEASE/6641daccf2fddafc8358144f3a4f999130fdf144/spring-web-4.3.5.RELEASE.jar
7fa394022000-7fa394033000 r--s 0011d000 08:03 5923569                    /home/sharmila/.gradle/caches/modules-2/files-2.1/com.fasterxml.jackson.core/jackson-databind/2.8.5/b3035f37e674c04dafe36a660c3815cc59f764e2/jackson-databind-2.8.5.jar
7fa394033000-7fa394043000 r--s 0009c000 08:03 5916756                    /home/sharmila/.gradle/caches/modules-2/files-2.1/org.hibernate/hibernate-validator/5.2.4.Final/fb18766b576aa6632bcfe9a20a023cbd52bf9769/hibernate-validator-5.2.4.Final.jar
7fa394043000-7fa39404f000 r--s 000a4000 08:03 5923636                    /home/sharmila/.gradle/caches/modules-2/files-2.1/org.testng/testng/6.5.2/5069d2e72356ed87645c5fc3622b0bbb5e0667c9/testng-6.5.2.jar
7fa39404f000-7fa394425000 rw-p 00000000 00:00 0 
7fa394425000-7fa3945fe000 r--s 03d3e000 08:03 3429804                    /usr/lib/jvm/java-8-oracle/jre/lib/rt.jar
7fa3945fe000-7fa394dfe000 rw-p 00000000 00:00 0 
7fa394dfe000-7fa394dff000 ---p 00000000 00:00 0 
7fa394dff000-7fa394eff000 rw-p 00000000 00:00 0                          [stack:5863]
7fa394eff000-7fa394f00000 ---p 00000000 00:00 0 
7fa394f00000-7fa395000000 rw-p 00000000 00:00 0                          [stack:5862]
7fa395000000-7fa395dd0000 rwxp 00000000 00:00 0 
7fa395dd0000-7fa3a4000000 ---p 00000000 00:00 0 
7fa3a4000000-7fa3a55a5000 rw-p 00000000 00:00 0 
7fa3a55a5000-7fa3a8000000 ---p 00000000 00:00 0 
7fa3a8000000-7fa3a8001000 r--s 00000000 08:03 5923891                    /home/sharmila/.gradle/caches/modules-2/files-2.1/org.springframework.boot/spring-boot-starter-jdbc/1.4.3.RELEASE/7ce66cf27ea731189248be7af2ab84ba189e1151/spring-boot-starter-jdbc-1.4.3.RELEASE.jar
7fa3a8001000-7fa3a8002000 r--s 00000000 08:03 5923890                    /home/sharmila/.gradle/caches/modules-2/files-2.1/org.springframework.boot/spring-boot-starter-aop/1.4.3.RELEASE/30b11b6455bed446d3b4a1a49fab529b2cfac454/spring-boot-starter-aop-1.4.3.RELEASE.jar
7fa3a8002000-7fa3a8004000 r--s 0000f000 08:03 5916917                    /home/sharmila/.gradle/caches/modules-2/files-2.1/org.jboss.logging/jboss-logging/3.3.0.Final/3616bb87707910296e2c195dc016287080bba5af/jboss-logging-3.3.0.Final.jar
7fa3a8004000-7fa3a8009000 r--s 00036000 08:03 5917541                    /home/sharmila/.gradle/caches/modules-2/files-2.1/org.apache.tomcat.embed/tomcat-embed-el/8.5.6/a102298d8dc72f4065533d5962953d753b172602/tomcat-embed-el-8.5.6.jar
7fa3a8009000-7fa3a800a000 r--s 00000000 08:03 5923568                    /home/sharmila/.gradle/caches/modules-2/files-2.1/org.springframework.boot/spring-boot-starter-tomcat/1.4.3.RELEASE/61c48035a7a3b06b42fdd07b7109e562077b3792/spring-boot-starter-tomcat-1.4.3.RELEASE.jar
7fa3a800a000-7fa3a80a1000 rw-p 00000000 00:00 0 
7fa3a80a1000-7fa3a80a2000 ---p 00000000 00:00 0 
7fa3a80a2000-7fa3a81a2000 rw-p 00000000 00:00 0                          [stack:5860]
7fa3a81a2000-7fa3a81a3000 ---p 00000000 00:00 0 
7fa3a81a3000-7fa3a840f000 rw-p 00000000 00:00 0                          [stack:5858]
7fa3a840f000-7fa3a87f9000 ---p 00000000 00:00 0 
7fa3a87f9000-7fa3a8965000 rw-p 00000000 00:00 0 
7fa3a8965000-7fa3a8d4e000 ---p 00000000 00:00 0 
7fa3a8d4e000-7fa3a8e64000 rw-p 00000000 00:00 0 
7fa3a8e64000-7fa3a8ff9000 ---p 00000000 00:00 0 
7fa3a8ff9000-7fa3a9032000 rw-p 00000000 00:00 0 
7fa3a9032000-7fa3a93ba000 ---p 00000000 00:00 0 
7fa3a93ba000-7fa3a93d4000 r-xp 00000000 08:03 3429944                    /usr/lib/jvm/java-8-oracle/jre/lib/amd64/libzip.so
7fa3a93d4000-7fa3a95d4000 ---p 0001a000 08:03 3429944                    /usr/lib/jvm/java-8-oracle/jre/lib/amd64/libzip.so
7fa3a95d4000-7fa3a95d5000 rw-p 0001a000 08:03 3429944                    /usr/lib/jvm/java-8-oracle/jre/lib/amd64/libzip.so
7fa3a95d5000-7fa3a95df000 r-xp 00000000 08:03 4070135                    /lib/x86_64-linux-gnu/libnss_files-2.19.so
7fa3a95df000-7fa3a97de000 ---p 0000a000 08:03 4070135                    /lib/x86_64-linux-gnu/libnss_files-2.19.so
7fa3a97de000-7fa3a97df000 r--p 00009000 08:03 4070135                    /lib/x86_64-linux-gnu/libnss_files-2.19.so
7fa3a97df000-7fa3a97e0000 rw-p 0000a000 08:03 4070135                    /lib/x86_64-linux-gnu/libnss_files-2.19.so
7fa3a97e0000-7fa3a97eb000 r-xp 00000000 08:03 4070127                    /lib/x86_64-linux-gnu/libnss_nis-2.19.so
7fa3a97eb000-7fa3a99ea000 ---p 0000b000 08:03 4070127                    /lib/x86_64-linux-gnu/libnss_nis-2.19.so
7fa3a99ea000-7fa3a99eb000 r--p 0000a000 08:03 4070127                    /lib/x86_64-linux-gnu/libnss_nis-2.19.so
7fa3a99eb000-7fa3a99ec000 rw-p 0000b000 08:03 4070127                    /lib/x86_64-linux-gnu/libnss_nis-2.19.so
7fa3a99ec000-7fa3a9a03000 r-xp 00000000 08:03 4070123                    /lib/x86_64-linux-gnu/libnsl-2.19.so
7fa3a9a03000-7fa3a9c02000 ---p 00017000 08:03 4070123                    /lib/x86_64-linux-gnu/libnsl-2.19.so
7fa3a9c02000-7fa3a9c03000 r--p 00016000 08:03 4070123                    /lib/x86_64-linux-gnu/libnsl-2.19.so
7fa3a9c03000-7fa3a9c04000 rw-p 00017000 08:03 4070123                    /lib/x86_64-linux-gnu/libnsl-2.19.so
7fa3a9c04000-7fa3a9c06000 rw-p 00000000 00:00 0 
7fa3a9c06000-7fa3a9c0f000 r-xp 00000000 08:03 4070122                    /lib/x86_64-linux-gnu/libnss_compat-2.19.so
7fa3a9c0f000-7fa3a9e0e000 ---p 00009000 08:03 4070122                    /lib/x86_64-linux-gnu/libnss_compat-2.19.so
7fa3a9e0e000-7fa3a9e0f000 r--p 00008000 08:03 4070122                    /lib/x86_64-linux-gnu/libnss_compat-2.19.so
7fa3a9e0f000-7fa3a9e10000 rw-p 00009000 08:03 4070122                    /lib/x86_64-linux-gnu/libnss_compat-2.19.so
7fa3a9e10000-7fa3a9e3b000 r-xp 00000000 08:03 3429907                    /usr/lib/jvm/java-8-oracle/jre/lib/amd64/libjava.so
7fa3a9e3b000-7fa3aa03a000 ---p 0002b000 08:03 3429907                    /usr/lib/jvm/java-8-oracle/jre/lib/amd64/libjava.so
7fa3aa03a000-7fa3aa03c000 rw-p 0002a000 08:03 3429907                    /usr/lib/jvm/java-8-oracle/jre/lib/amd64/libjava.so
7fa3aa03c000-7fa3aa049000 r-xp 00000000 08:03 3429925                    /usr/lib/jvm/java-8-oracle/jre/lib/amd64/libverify.so
7fa3aa049000-7fa3aa248000 ---p 0000d000 08:03 3429925                    /usr/lib/jvm/java-8-oracle/jre/lib/amd64/libverify.so
7fa3aa248000-7fa3aa24a000 rw-p 0000c000 08:03 3429925                    /usr/lib/jvm/java-8-oracle/jre/lib/amd64/libverify.so
7fa3aa24a000-7fa3aa251000 r-xp 00000000 08:03 4070131                    /lib/x86_64-linux-gnu/librt-2.19.so
7fa3aa251000-7fa3aa450000 ---p 00007000 08:03 4070131                    /lib/x86_64-linux-gnu/librt-2.19.so
7fa3aa450000-7fa3aa451000 r--p 00006000 08:03 4070131                    /lib/x86_64-linux-gnu/librt-2.19.so
7fa3aa451000-7fa3aa452000 rw-p 00007000 08:03 4070131                    /lib/x86_64-linux-gnu/librt-2.19.so
7fa3aa452000-7fa3aa557000 r-xp 00000000 08:03 4070117                    /lib/x86_64-linux-gnu/libm-2.19.so
7fa3aa557000-7fa3aa756000 ---p 00105000 08:03 4070117                    /lib/x86_64-linux-gnu/libm-2.19.so
7fa3aa756000-7fa3aa757000 r--p 00104000 08:03 4070117                    /lib/x86_64-linux-gnu/libm-2.19.so
7fa3aa757000-7fa3aa758000 rw-p 00105000 08:03 4070117                    /lib/x86_64-linux-gnu/libm-2.19.so
7fa3aa758000-7fa3ab426000 r-xp 00000000 08:03 3429966                    /usr/lib/jvm/java-8-oracle/jre/lib/amd64/server/libjvm.so
7fa3ab426000-7fa3ab626000 ---p 00cce000 08:03 3429966                    /usr/lib/jvm/java-8-oracle/jre/lib/amd64/server/libjvm.so
7fa3ab626000-7fa3ab6ff000 rw-p 00cce000 08:03 3429966                    /usr/lib/jvm/java-8-oracle/jre/lib/amd64/server/libjvm.so
7fa3ab6ff000-7fa3ab74a000 rw-p 00000000 00:00 0 
7fa3ab74a000-7fa3ab904000 r-xp 00000000 08:03 4070132                    /lib/x86_64-linux-gnu/libc-2.19.so
7fa3ab904000-7fa3abb04000 ---p 001ba000 08:03 4070132                    /lib/x86_64-linux-gnu/libc-2.19.so
7fa3abb04000-7fa3abb08000 r--p 001ba000 08:03 4070132                    /lib/x86_64-linux-gnu/libc-2.19.so
7fa3abb08000-7fa3abb0a000 rw-p 001be000 08:03 4070132                    /lib/x86_64-linux-gnu/libc-2.19.so
7fa3abb0a000-7fa3abb0f000 rw-p 00000000 00:00 0 
7fa3abb0f000-7fa3abb12000 r-xp 00000000 08:03 4070119                    /lib/x86_64-linux-gnu/libdl-2.19.so
7fa3abb12000-7fa3abd11000 ---p 00003000 08:03 4070119                    /lib/x86_64-linux-gnu/libdl-2.19.so
7fa3abd11000-7fa3abd12000 r--p 00002000 08:03 4070119                    /lib/x86_64-linux-gnu/libdl-2.19.so
7fa3abd12000-7fa3abd13000 rw-p 00003000 08:03 4070119                    /lib/x86_64-linux-gnu/libdl-2.19.so
7fa3abd13000-7fa3abd28000 r-xp 00000000 08:03 3428628                    /usr/lib/jvm/java-8-oracle/lib/amd64/jli/libjli.so
7fa3abd28000-7fa3abf28000 ---p 00015000 08:03 3428628                    /usr/lib/jvm/java-8-oracle/lib/amd64/jli/libjli.so
7fa3abf28000-7fa3abf29000 rw-p 00015000 08:03 3428628                    /usr/lib/jvm/java-8-oracle/lib/amd64/jli/libjli.so
7fa3abf29000-7fa3abf42000 r-xp 00000000 08:03 4070124                    /lib/x86_64-linux-gnu/libpthread-2.19.so
7fa3abf42000-7fa3ac141000 ---p 00019000 08:03 4070124                    /lib/x86_64-linux-gnu/libpthread-2.19.so
7fa3ac141000-7fa3ac142000 r--p 00018000 08:03 4070124                    /lib/x86_64-linux-gnu/libpthread-2.19.so
7fa3ac142000-7fa3ac143000 rw-p 00019000 08:03 4070124                    /lib/x86_64-linux-gnu/libpthread-2.19.so
7fa3ac143000-7fa3ac147000 rw-p 00000000 00:00 0 
7fa3ac147000-7fa3ac16a000 r-xp 00000000 08:03 4070125                    /lib/x86_64-linux-gnu/ld-2.19.so
7fa3ac16a000-7fa3ac16b000 r--s 00000000 08:03 5923567                    /home/sharmila/.gradle/caches/modules-2/files-2.1/org.springframework.boot/spring-boot-starter/1.4.3.RELEASE/c99bad104719e947b3f9aa2b7569583805e4c5d5/spring-boot-starter-1.4.3.RELEASE.jar
7fa3ac16b000-7fa3ac16c000 r--s 00000000 08:03 5923566                    /home/sharmila/.gradle/caches/modules-2/files-2.1/org.springframework.boot/spring-boot-starter-test/1.4.3.RELEASE/6e9f1dbd3f68299c0183630ef07ca430de160050/spring-boot-starter-test-1.4.3.RELEASE.jar
7fa3ac16c000-7fa3ac16d000 r--s 00000000 08:03 5923889                    /home/sharmila/.gradle/caches/modules-2/files-2.1/org.springframework.boot/spring-boot-starter-data-jpa/1.4.3.RELEASE/ffda06c2144d10239014407333c223a237b73ad7/spring-boot-starter-data-jpa-1.4.3.RELEASE.jar
7fa3ac16d000-7fa3ac16e000 r--s 00003000 08:03 5923431                    /home/sharmila/.gradle/caches/modules-2/files-2.1/org.hibernate/hibernate-gradle-plugin/5.2.3.Final/db2ad8695e48a03a566b74fb5fc07c1732c1f5e5/hibernate-gradle-plugin-5.2.3.Final.jar
7fa3ac16e000-7fa3ac241000 rw-p 00000000 00:00 0 
7fa3ac241000-7fa3ac244000 ---p 00000000 00:00 0 
7fa3ac244000-7fa3ac346000 rw-p 00000000 00:00 0                          [stack:5856]
7fa3ac346000-7fa3ac34b000 r--s 00309000 08:03 5923826                    /home/sharmila/.gradle/caches/modules-2/files-2.1/org.xerial/sqlite-jdbc/3.7.2/7a3d67f00508d3881650579f7f228c61bfc1b196/sqlite-jdbc-3.7.2.jar
7fa3ac34b000-7fa3ac354000 r--s 00095000 08:03 5913393                    /home/sharmila/.gradle/caches/modules-2/files-2.1/org.apache.tomcat.embed/tomcat-embed-jasper/9.0.0.M11/e2cd5a7038094195c3163532e01daf051d9265fe/tomcat-embed-jasper-9.0.0.M11.jar
7fa3ac354000-7fa3ac355000 r--s 00000000 08:03 5923565                    /home/sharmila/.gradle/caches/modules-2/files-2.1/org.springframework.boot/spring-boot-starter-web/1.4.3.RELEASE/a0dcc919eda8e8ecb6f13f52a30e6afbb8266103/spring-boot-starter-web-1.4.3.RELEASE.jar
7fa3ac355000-7fa3ac35d000 r--s 00046000 08:03 3828792                    /home/sharmila/Downloads/IDE/sts 3.6.4/sts-bundle/sts-3.6.4.RELEASE/plugins/org.testng.eclipse_6.10.0.201612030230/lib/testng-remote.jar
7fa3ac35d000-7fa3ac365000 rw-s 00000000 08:03 917690                     /tmp/hsperfdata_sharmila/5852
7fa3ac365000-7fa3ac366000 rw-p 00000000 00:00 0 
7fa3ac366000-7fa3ac367000 r--p 00000000 00:00 0 
7fa3ac367000-7fa3ac369000 rw-p 00000000 00:00 0 
7fa3ac369000-7fa3ac36a000 r--p 00022000 08:03 4070125                    /lib/x86_64-linux-gnu/ld-2.19.so
7fa3ac36a000-7fa3ac36b000 rw-p 00023000 08:03 4070125                    /lib/x86_64-linux-gnu/ld-2.19.so
7fa3ac36b000-7fa3ac36c000 rw-p 00000000 00:00 0 
7ffde226e000-7ffde2292000 rw-p 00000000 00:00 0                          [stack]
7ffde23b3000-7ffde23b5000 r-xp 00000000 00:00 0                          [vdso]
ffffffffff600000-ffffffffff601000 r-xp 00000000 00:00 0                  [vsyscall]

VM Arguments:
jvm_args: -ea -Xms1024m -Xmx4096m -Dfile.encoding=UTF-8 
java_command: org.testng.remote.RemoteTestNG -serport 59156 -protocol json -d /home/sharmila/Documents/work-office/TestNG_Project/test-output /tmp/testng-eclipse--925145447/testng-customsuite.xml
java_class_path (initial): /home/sharmila/Downloads/IDE/sts 3.6.4/sts-bundle/sts-3.6.4.RELEASE/plugins/org.testng.eclipse_6.10.0.201612030230/lib/testng-remote.jar:/home/sharmila/Documents/work-office/TestNG_Project/bin:/home/sharmila/.gradle/caches/modules-2/files-2.1/org.springframework.boot/spring-boot-starter-web/1.4.3.RELEASE/a0dcc919eda8e8ecb6f13f52a30e6afbb8266103/spring-boot-starter-web-1.4.3.RELEASE.jar:/home/sharmila/.gradle/caches/modules-2/files-2.1/org.apache.tomcat.embed/tomcat-embed-jasper/9.0.0.M11/e2cd5a7038094195c3163532e01daf051d9265fe/tomcat-embed-jasper-9.0.0.M11.jar:/home/sharmila/.gradle/caches/modules-2/files-2.1/org.xerial/sqlite-jdbc/3.7.2/7a3d67f00508d3881650579f7f228c61bfc1b196/sqlite-jdbc-3.7.2.jar:/home/sharmila/.gradle/caches/modules-2/files-2.1/org.hibernate/hibernate-gradle-plugin/5.2.3.Final/db2ad8695e48a03a566b74fb5fc07c1732c1f5e5/hibernate-gradle-plugin-5.2.3.Final.jar:/home/sharmila/.gradle/caches/modules-2/files-2.1/org.springframework.boot/spring-boot-starter-data-jpa/1.4.3.RELEASE/ffda06c2144d10239014407333c223a237b73ad7/spring-boot-starter-data-jpa-1.4.3.RELEASE.jar:/home/sharmila/.gradle/caches/modules-2/files-2.1/org.testng/testng/6.5.2/5069d2e72356ed87645c5fc3622b0bbb5e0667c9/testng-6.5.2.jar:/home/sharmila/.gradle/caches/modules-2/files-2.1/org.springframework.boot/spring-boot-starter-test/1.4.3.RELEASE/6e9f1dbd3f68299c0183630ef07ca430de160050/spring-boot-starter-test-1.4.3.RELEASE.jar:/home/sharmila/.gradle/caches/modules-2/files-2.1/org.springframework.boot/spring-boot-starter/1.4.3.RELEASE/c99bad104719e947b3f9aa2b7569583805e4c5d5/spring-boot-starter-1.4.3.RELEASE.jar:/home/sharmila/.gradle/caches/modules-2/files-2.1/org.springframework.boot/spring-boot-starter-tomcat/1.4.3.RELEASE/61c48035a7a3b06b42fdd07b7109e562077b3792/spring-boot-starter-tomcat-1.4.3.RELEASE.jar:/home/sharmila/.gradle/caches/modules-2/files-2.1/org.hibernate/hibernate-validator/5.2.4.Final/fb18766b576aa6632bcfe9a20a023cbd52bf9769/hibernate-validat
Launcher Type: SUN_STANDARD

Environment Variables:
JAVA_HOME=/usr/lib/jvm/java-8-oracle
PATH=/usr/local/sbin:/usr/local/bin:/usr/sbin:/usr/bin:/sbin:/bin:/usr/games:/usr/local/games:/usr/lib/jvm/java-8-oracle/bin:/usr/lib/jvm/java-8-oracle/db/bin:/usr/lib/jvm/java-8-oracle/jre/bin
SHELL=/bin/bash
DISPLAY=:0.0

Signal Handlers:
SIGSEGV: [libjvm.so+0xac78c0], sa_mask[0]=11111111011111111101111111111110, sa_flags=SA_RESTART|SA_SIGINFO
SIGBUS: [libjvm.so+0xac78c0], sa_mask[0]=11111111011111111101111111111110, sa_flags=SA_RESTART|SA_SIGINFO
SIGFPE: [libjvm.so+0x920ac0], sa_mask[0]=11111111011111111101111111111110, sa_flags=SA_RESTART|SA_SIGINFO
SIGPIPE: [libjvm.so+0x920ac0], sa_mask[0]=11111111011111111101111111111110, sa_flags=SA_RESTART|SA_SIGINFO
SIGXFSZ: [libjvm.so+0x920ac0], sa_mask[0]=11111111011111111101111111111110, sa_flags=SA_RESTART|SA_SIGINFO
SIGILL: [libjvm.so+0x920ac0], sa_mask[0]=11111111011111111101111111111110, sa_flags=SA_RESTART|SA_SIGINFO
SIGUSR1: SIG_DFL, sa_mask[0]=00000000000000000000000000000000, sa_flags=none
SIGUSR2: [libjvm.so+0x922300], sa_mask[0]=00100000000000000000000000000000, sa_flags=SA_RESTART|SA_SIGINFO
SIGHUP: [libjvm.so+0x923700], sa_mask[0]=11111111011111111101111111111110, sa_flags=SA_RESTART|SA_SIGINFO
SIGINT: [libjvm.so+0x923700], sa_mask[0]=11111111011111111101111111111110, sa_flags=SA_RESTART|SA_SIGINFO
SIGTERM: [libjvm.so+0x923700], sa_mask[0]=11111111011111111101111111111110, sa_flags=SA_RESTART|SA_SIGINFO
SIGQUIT: [libjvm.so+0x923700], sa_mask[0]=11111111011111111101111111111110, sa_flags=SA_RESTART|SA_SIGINFO


---------------  S Y S T E M  ---------------

OS:DISTRIB_ID=Ubuntu
DISTRIB_RELEASE=14.04
DISTRIB_CODENAME=trusty
DISTRIB_DESCRIPTION="Ubuntu 14.04.5 LTS"

uname:Linux 3.13.0-107-generic #154-Ubuntu SMP Tue Dec 20 09:57:27 UTC 2016 x86_64
libc:glibc 2.19 NPTL 2.19 
rlimit: STACK 8192k, CORE 0k, NPROC 30712, NOFILE 4096, AS infinity
load average:1.78 0.54 0.28

/proc/meminfo:
MemTotal:        3953548 kB
MemFree:          157820 kB
Buffers:          182312 kB
Cached:           601304 kB
SwapCached:        18620 kB
Active:          2226976 kB
Inactive:        1210376 kB
Active(anon):    1946576 kB
Inactive(anon):   978960 kB
Active(file):     280400 kB
Inactive(file):   231416 kB
Unevictable:         208 kB
Mlocked:             208 kB
SwapTotal:       7999484 kB
SwapFree:        7853868 kB
Dirty:              1596 kB
Writeback:             0 kB
AnonPages:       2635936 kB
Mapped:           245496 kB
Shmem:            271464 kB
Slab:             238728 kB
SReclaimable:     199992 kB
SUnreclaim:        38736 kB
KernelStack:        5896 kB
PageTables:        47048 kB
NFS_Unstable:          0 kB
Bounce:                0 kB
WritebackTmp:          0 kB
CommitLimit:     9976256 kB
Committed_AS:    8743564 kB
VmallocTotal:   34359738367 kB
VmallocUsed:      401032 kB
VmallocChunk:   34359327228 kB
HardwareCorrupted:     0 kB
AnonHugePages:    706560 kB
HugePages_Total:       0
HugePages_Free:        0
HugePages_Rsvd:        0
HugePages_Surp:        0
Hugepagesize:       2048 kB
DirectMap4k:      100524 kB
DirectMap2M:     3999744 kB
DirectMap1G:           0 kB


CPU:total 4 (2 cores per cpu, 2 threads per core) family 6 model 69 stepping 1, cmov, cx8, fxsr, mmx, sse, sse2, sse3, ssse3, sse4.1, sse4.2, popcnt, avx, avx2, aes, clmul, erms, lzcnt, ht, tsc, tscinvbit, bmi1, bmi2

/proc/cpuinfo:
processor	: 0
vendor_id	: GenuineIntel
cpu family	: 6
model		: 69
model name	: Intel(R) Core(TM) i5-4200U CPU @ 1.60GHz
stepping	: 1
microcode	: 0x17
cpu MHz		: 1400.000
cache size	: 3072 KB
physical id	: 0
siblings	: 4
core id		: 0
cpu cores	: 2
apicid		: 0
initial apicid	: 0
fpu		: yes
fpu_exception	: yes
cpuid level	: 13
wp		: yes
flags		: fpu vme de pse tsc msr pae mce cx8 apic sep mtrr pge mca cmov pat pse36 clflush dts acpi mmx fxsr sse sse2 ss ht tm pbe syscall nx pdpe1gb rdtscp lm constant_tsc arch_perfmon pebs bts rep_good nopl xtopology nonstop_tsc aperfmperf eagerfpu pni pclmulqdq dtes64 monitor ds_cpl vmx est tm2 ssse3 fma cx16 xtpr pdcm pcid sse4_1 sse4_2 movbe popcnt tsc_deadline_timer aes xsave avx f16c rdrand lahf_lm abm ida arat epb xsaveopt pln pts dtherm tpr_shadow vnmi flexpriority ept vpid fsgsbase tsc_adjust bmi1 avx2 smep bmi2 erms invpcid
bogomips	: 4589.29
clflush size	: 64
cache_alignment	: 64
address sizes	: 39 bits physical, 48 bits virtual
power management:

processor	: 1
vendor_id	: GenuineIntel
cpu family	: 6
model		: 69
model name	: Intel(R) Core(TM) i5-4200U CPU @ 1.60GHz
stepping	: 1
microcode	: 0x17
cpu MHz		: 1600.000
cache size	: 3072 KB
physical id	: 0
siblings	: 4
core id		: 0
cpu cores	: 2
apicid		: 1
initial apicid	: 1
fpu		: yes
fpu_exception	: yes
cpuid level	: 13
wp		: yes
flags		: fpu vme de pse tsc msr pae mce cx8 apic sep mtrr pge mca cmov pat pse36 clflush dts acpi mmx fxsr sse sse2 ss ht tm pbe syscall nx pdpe1gb rdtscp lm constant_tsc arch_perfmon pebs bts rep_good nopl xtopology nonstop_tsc aperfmperf eagerfpu pni pclmulqdq dtes64 monitor ds_cpl vmx est tm2 ssse3 fma cx16 xtpr pdcm pcid sse4_1 sse4_2 movbe popcnt tsc_deadline_timer aes xsave avx f16c rdrand lahf_lm abm ida arat epb xsaveopt pln pts dtherm tpr_shadow vnmi flexpriority ept vpid fsgsbase tsc_adjust bmi1 avx2 smep bmi2 erms invpcid
bogomips	: 4589.29
clflush size	: 64
cache_alignment	: 64
address sizes	: 39 bits physical, 48 bits virtual
power management:

processor	: 2
vendor_id	: GenuineIntel
cpu family	: 6
model		: 69
model name	: Intel(R) Core(TM) i5-4200U CPU @ 1.60GHz
stepping	: 1
microcode	: 0x17
cpu MHz		: 1600.000
cache size	: 3072 KB
physical id	: 0
siblings	: 4
core id		: 1
cpu cores	: 2
apicid		: 2
initial apicid	: 2
fpu		: yes
fpu_exception	: yes
cpuid level	: 13
wp		: yes
flags		: fpu vme de pse tsc msr pae mce cx8 apic sep mtrr pge mca cmov pat pse36 clflush dts acpi mmx fxsr sse sse2 ss ht tm pbe syscall nx pdpe1gb rdtscp lm constant_tsc arch_perfmon pebs bts rep_good nopl xtopology nonstop_tsc aperfmperf eagerfpu pni pclmulqdq dtes64 monitor ds_cpl vmx est tm2 ssse3 fma cx16 xtpr pdcm pcid sse4_1 sse4_2 movbe popcnt tsc_deadline_timer aes xsave avx f16c rdrand lahf_lm abm ida arat epb xsaveopt pln pts dtherm tpr_shadow vnmi flexpriority ept vpid fsgsbase tsc_adjust bmi1 avx2 smep bmi2 erms invpcid
bogomips	: 4589.29
clflush size	: 64
cache_alignment	: 64
address sizes	: 39 bits physical, 48 bits virtual
power management:

processor	: 3
vendor_id	: GenuineIntel
cpu family	: 6
model		: 69
model name	: Intel(R) Core(TM) i5-4200U CPU @ 1.60GHz
stepping	: 1
microcode	: 0x17
cpu MHz		: 1600.000
cache size	: 3072 KB
physical id	: 0
siblings	: 4
core id		: 1
cpu cores	: 2
apicid		: 3
initial apicid	: 3
fpu		: yes
fpu_exception	: yes
cpuid level	: 13
wp		: yes
flags		: fpu vme de pse tsc msr pae mce cx8 apic sep mtrr pge mca cmov pat pse36 clflush dts acpi mmx fxsr sse sse2 ss ht tm pbe syscall nx pdpe1gb rdtscp lm constant_tsc arch_perfmon pebs bts rep_good nopl xtopology nonstop_tsc aperfmperf eagerfpu pni pclmulqdq dtes64 monitor ds_cpl vmx est tm2 ssse3 fma cx16 xtpr pdcm pcid sse4_1 sse4_2 movbe popcnt tsc_deadline_timer aes xsave avx f16c rdrand lahf_lm abm ida arat epb xsaveopt pln pts dtherm tpr_shadow vnmi flexpriority ept vpid fsgsbase tsc_adjust bmi1 avx2 smep bmi2 erms invpcid
bogomips	: 4589.29
clflush size	: 64
cache_alignment	: 64
address sizes	: 39 bits physical, 48 bits virtual
power management:



Memory: 4k page, physical 3953548k(157820k free), swap 7999484k(7853868k free)

vm_info: Java HotSpot(TM) 64-Bit Server VM (25.121-b13) for linux-amd64 JRE (1.8.0_121-b13), built on Dec 12 2016 16:36:53 by "java_re" with gcc 4.3.0 20080428 (Red Hat 4.3.0-8)

time: Wed Jan 25 14:45:15 2017
elapsed time: 14 seconds (0d 0h 0m 14s)

